2025-12-19 15:01:36,601 - INFO - baseline.py:44 - #######################################################################
2025-12-19 15:01:41,613 - INFO - baseline.py:59 - Dask dashboard is available at: http://127.0.0.1:54542/status
2025-12-19 15:01:42,335 - INFO - baseline.py:67 - Computing baseline M and SD for NDVI
2025-12-19 15:01:42,335 - INFO - baseline.py:69 - Create directories and naming conversions
2025-12-19 15:01:42,349 - INFO - baseline.py:80 - Dataset location: //nas-rs.topo.auth.gr/Latomeia/DROUGHT/baseline/x09/y12/20200101_20230331
2025-12-19 15:01:42,351 - INFO - baseline.py:82 - Lazy loading time series
2025-12-19 15:02:00,820 - INFO - baseline.py:92 - Lazy applying nodata mask
2025-12-19 15:02:01,990 - INFO - baseline.py:99 - Computing Mean (M)
2025-12-19 15:02:04,234 - INFO - baseline.py:101 - Computing Standard Deviation (SD)
2025-12-19 15:02:05,560 - INFO - baseline.py:104 - Assigning names to xr.DataArrays
2025-12-19 15:02:05,560 - INFO - baseline.py:108 - Merge into xr.Dataset
2025-12-19 15:02:05,561 - INFO - baseline.py:111 - Scale and nodata -32768
2025-12-19 15:02:05,561 - INFO - baseline.py:112 - Configure metadata of baseline dataset
2025-12-19 15:02:05,785 - INFO - baseline.py:122 - Append baseline dataset of NDVI in list
2025-12-19 15:02:05,785 - INFO - baseline.py:67 - Computing baseline M and SD for EVI
2025-12-19 15:02:05,785 - INFO - baseline.py:69 - Create directories and naming conversions
2025-12-19 15:02:05,795 - INFO - baseline.py:80 - Dataset location: //nas-rs.topo.auth.gr/Latomeia/DROUGHT/baseline/x09/y12/20200101_20230331
2025-12-19 15:02:05,795 - INFO - baseline.py:82 - Lazy loading time series
2025-12-19 15:02:23,630 - INFO - baseline.py:92 - Lazy applying nodata mask
2025-12-19 15:02:24,906 - INFO - baseline.py:99 - Computing Mean (M)
2025-12-19 15:02:27,151 - INFO - baseline.py:101 - Computing Standard Deviation (SD)
2025-12-19 15:02:27,728 - INFO - baseline.py:104 - Assigning names to xr.DataArrays
2025-12-19 15:02:27,728 - INFO - baseline.py:108 - Merge into xr.Dataset
2025-12-19 15:02:27,729 - INFO - baseline.py:111 - Scale and nodata -32768
2025-12-19 15:02:27,729 - INFO - baseline.py:112 - Configure metadata of baseline dataset
2025-12-19 15:02:27,939 - INFO - baseline.py:122 - Append baseline dataset of EVI in list
2025-12-19 15:02:27,939 - INFO - baseline.py:67 - Computing baseline M and SD for PSRI2
2025-12-19 15:02:27,939 - INFO - baseline.py:69 - Create directories and naming conversions
2025-12-19 15:02:27,951 - INFO - baseline.py:80 - Dataset location: //nas-rs.topo.auth.gr/Latomeia/DROUGHT/baseline/x09/y12/20200101_20230331
2025-12-19 15:02:27,951 - INFO - baseline.py:82 - Lazy loading time series
2025-12-19 15:02:45,698 - INFO - baseline.py:92 - Lazy applying nodata mask
2025-12-19 15:02:46,858 - INFO - baseline.py:99 - Computing Mean (M)
2025-12-19 15:02:49,161 - INFO - baseline.py:101 - Computing Standard Deviation (SD)
2025-12-19 15:02:49,750 - INFO - baseline.py:104 - Assigning names to xr.DataArrays
2025-12-19 15:02:49,750 - INFO - baseline.py:108 - Merge into xr.Dataset
2025-12-19 15:02:49,751 - INFO - baseline.py:111 - Scale and nodata -32768
2025-12-19 15:02:49,751 - INFO - baseline.py:112 - Configure metadata of baseline dataset
2025-12-19 15:02:49,961 - INFO - baseline.py:122 - Append baseline dataset of PSRI2 in list
2025-12-19 15:02:49,961 - INFO - baseline.py:126 - Done with computing baseline of all spectral indices
2025-12-19 15:02:49,961 - INFO - baseline.py:127 - Now creating the overall baseline dataset
2025-12-19 15:02:49,963 - INFO - baseline.py:129 - Overall baseline dataset constructed
2025-12-19 15:02:49,963 - INFO - baseline.py:131 - Assign time range and tile ID in metadata
2025-12-19 15:02:49,963 - INFO - baseline.py:136 - Writing GTiff (COG) to disk
2025-12-19 15:02:54,172 - INFO - baseline.py:152 - Write NDVI_MEAN -> //nas-rs.topo.auth.gr/Latomeia/DROUGHT/baseline/x09/y12/20200101_20230331/S2L2A_baseline_x09y12_20200101_20230331_NDVI_mean.tif
2025-12-19 15:02:58,259 - INFO - baseline.py:152 - Write NDVI_STD -> //nas-rs.topo.auth.gr/Latomeia/DROUGHT/baseline/x09/y12/20200101_20230331/S2L2A_baseline_x09y12_20200101_20230331_NDVI_std.tif
2025-12-19 15:03:02,430 - INFO - baseline.py:152 - Write EVI_MEAN -> //nas-rs.topo.auth.gr/Latomeia/DROUGHT/baseline/x09/y12/20200101_20230331/S2L2A_baseline_x09y12_20200101_20230331_EVI_mean.tif
2025-12-19 15:03:06,494 - INFO - baseline.py:152 - Write EVI_STD -> //nas-rs.topo.auth.gr/Latomeia/DROUGHT/baseline/x09/y12/20200101_20230331/S2L2A_baseline_x09y12_20200101_20230331_EVI_std.tif
2025-12-19 15:03:10,580 - INFO - baseline.py:152 - Write PSRI2_MEAN -> //nas-rs.topo.auth.gr/Latomeia/DROUGHT/baseline/x09/y12/20200101_20230331/S2L2A_baseline_x09y12_20200101_20230331_PSRI2_mean.tif
2025-12-19 15:03:14,695 - INFO - baseline.py:152 - Write PSRI2_STD -> //nas-rs.topo.auth.gr/Latomeia/DROUGHT/baseline/x09/y12/20200101_20230331/S2L2A_baseline_x09y12_20200101_20230331_PSRI2_std.tif
2025-12-19 15:03:14,695 - INFO - baseline.py:155 - Prepare metadata YAML document
2025-12-19 15:03:14,804 - INFO - baseline.py:174 - Write metadata YAML document to disk
2025-12-19 15:03:14,828 - INFO - baseline.py:179 - Create datacube.model.Dataset from eo3 metadata
2025-12-19 15:03:14,840 - INFO - baseline.py:192 - Index to datacube
2025-12-19 15:03:14,841 - INFO - _datasets.py:191 - Indexing 9016ed0d-724c-443a-b9d5-0f1e70255422
2025-12-19 15:03:14,848 - INFO - baseline.py:195 - 
2025-12-19 15:03:14,849 - INFO - baseline.py:196 - ✔✔✔ COMPLETED: Tile x09_y12 | In 0.78 minutes
2025-12-19 15:03:14,849 - INFO - baseline.py:197 - 
2025-12-19 15:03:14,849 - INFO - baseline.py:205 - Closing Dask client
2025-12-19 15:03:14,851 - INFO - baseline.py:209 - Closing Dask cluster
2025-12-19 15:03:14,851 - INFO - baseline.py:210 - #######################################################################
