2025-12-19 14:37:27,956 - INFO - baseline.py:44 - #######################################################################
2025-12-19 14:37:33,009 - INFO - baseline.py:59 - Dask dashboard is available at: http://127.0.0.1:63973/status
2025-12-19 14:37:33,698 - INFO - baseline.py:67 - Computing baseline M and SD for NDVI
2025-12-19 14:37:33,699 - INFO - baseline.py:69 - Create directories and naming conversions
2025-12-19 14:37:33,714 - INFO - baseline.py:80 - Dataset location: //nas-rs.topo.auth.gr/Latomeia/DROUGHT/baseline/x10/y09/20200101_20230331
2025-12-19 14:37:33,715 - INFO - baseline.py:82 - Lazy loading time series
2025-12-19 14:37:51,745 - INFO - baseline.py:92 - Lazy applying nodata mask
2025-12-19 14:37:52,991 - INFO - baseline.py:99 - Computing Mean (M)
2025-12-19 14:37:55,267 - INFO - baseline.py:101 - Computing Standard Deviation (SD)
2025-12-19 14:37:56,678 - INFO - baseline.py:104 - Assigning names to xr.DataArrays
2025-12-19 14:37:56,678 - INFO - baseline.py:108 - Merge into xr.Dataset
2025-12-19 14:37:56,679 - INFO - baseline.py:111 - Scale and nodata -32768
2025-12-19 14:37:56,679 - INFO - baseline.py:112 - Configure metadata of baseline dataset
2025-12-19 14:37:56,903 - INFO - baseline.py:122 - Append baseline dataset of NDVI in list
2025-12-19 14:37:56,911 - INFO - baseline.py:67 - Computing baseline M and SD for EVI
2025-12-19 14:37:56,911 - INFO - baseline.py:69 - Create directories and naming conversions
2025-12-19 14:37:56,921 - INFO - baseline.py:80 - Dataset location: //nas-rs.topo.auth.gr/Latomeia/DROUGHT/baseline/x10/y09/20200101_20230331
2025-12-19 14:37:56,921 - INFO - baseline.py:82 - Lazy loading time series
2025-12-19 14:38:14,829 - INFO - baseline.py:92 - Lazy applying nodata mask
2025-12-19 14:38:15,989 - INFO - baseline.py:99 - Computing Mean (M)
2025-12-19 14:38:18,280 - INFO - baseline.py:101 - Computing Standard Deviation (SD)
2025-12-19 14:38:18,942 - INFO - baseline.py:104 - Assigning names to xr.DataArrays
2025-12-19 14:38:18,942 - INFO - baseline.py:108 - Merge into xr.Dataset
2025-12-19 14:38:18,942 - INFO - baseline.py:111 - Scale and nodata -32768
2025-12-19 14:38:18,942 - INFO - baseline.py:112 - Configure metadata of baseline dataset
2025-12-19 14:38:19,155 - INFO - baseline.py:122 - Append baseline dataset of EVI in list
2025-12-19 14:38:19,155 - INFO - baseline.py:67 - Computing baseline M and SD for PSRI2
2025-12-19 14:38:19,155 - INFO - baseline.py:69 - Create directories and naming conversions
2025-12-19 14:38:19,166 - INFO - baseline.py:80 - Dataset location: //nas-rs.topo.auth.gr/Latomeia/DROUGHT/baseline/x10/y09/20200101_20230331
2025-12-19 14:38:19,166 - INFO - baseline.py:82 - Lazy loading time series
2025-12-19 14:38:35,897 - INFO - baseline.py:92 - Lazy applying nodata mask
2025-12-19 14:38:37,084 - INFO - baseline.py:99 - Computing Mean (M)
2025-12-19 14:38:39,342 - INFO - baseline.py:101 - Computing Standard Deviation (SD)
2025-12-19 14:38:39,966 - INFO - baseline.py:104 - Assigning names to xr.DataArrays
2025-12-19 14:38:39,966 - INFO - baseline.py:108 - Merge into xr.Dataset
2025-12-19 14:38:39,967 - INFO - baseline.py:111 - Scale and nodata -32768
2025-12-19 14:38:39,967 - INFO - baseline.py:112 - Configure metadata of baseline dataset
2025-12-19 14:38:40,183 - INFO - baseline.py:122 - Append baseline dataset of PSRI2 in list
2025-12-19 14:38:40,183 - INFO - baseline.py:126 - Done with computing baseline of all spectral indices
2025-12-19 14:38:40,183 - INFO - baseline.py:127 - Now creating the overall baseline dataset
2025-12-19 14:38:40,185 - INFO - baseline.py:129 - Overall baseline dataset constructed
2025-12-19 14:38:40,185 - INFO - baseline.py:131 - Assign time range and tile ID in metadata
2025-12-19 14:38:40,185 - INFO - baseline.py:136 - Writing GTiff (COG) to disk
2025-12-19 14:38:44,520 - INFO - baseline.py:152 - Write NDVI_MEAN -> //nas-rs.topo.auth.gr/Latomeia/DROUGHT/baseline/x10/y09/20200101_20230331/S2L2A_baseline_x10y09_20200101_20230331_NDVI_mean.tif
2025-12-19 14:38:48,545 - INFO - baseline.py:152 - Write NDVI_STD -> //nas-rs.topo.auth.gr/Latomeia/DROUGHT/baseline/x10/y09/20200101_20230331/S2L2A_baseline_x10y09_20200101_20230331_NDVI_std.tif
2025-12-19 14:38:53,070 - INFO - baseline.py:152 - Write EVI_MEAN -> //nas-rs.topo.auth.gr/Latomeia/DROUGHT/baseline/x10/y09/20200101_20230331/S2L2A_baseline_x10y09_20200101_20230331_EVI_mean.tif
2025-12-19 14:38:57,187 - INFO - baseline.py:152 - Write EVI_STD -> //nas-rs.topo.auth.gr/Latomeia/DROUGHT/baseline/x10/y09/20200101_20230331/S2L2A_baseline_x10y09_20200101_20230331_EVI_std.tif
2025-12-19 14:39:01,369 - INFO - baseline.py:152 - Write PSRI2_MEAN -> //nas-rs.topo.auth.gr/Latomeia/DROUGHT/baseline/x10/y09/20200101_20230331/S2L2A_baseline_x10y09_20200101_20230331_PSRI2_mean.tif
2025-12-19 14:39:05,546 - INFO - baseline.py:152 - Write PSRI2_STD -> //nas-rs.topo.auth.gr/Latomeia/DROUGHT/baseline/x10/y09/20200101_20230331/S2L2A_baseline_x10y09_20200101_20230331_PSRI2_std.tif
2025-12-19 14:39:05,548 - INFO - baseline.py:155 - Prepare metadata YAML document
2025-12-19 14:39:05,661 - INFO - baseline.py:174 - Write metadata YAML document to disk
2025-12-19 14:39:05,686 - INFO - baseline.py:179 - Create datacube.model.Dataset from eo3 metadata
2025-12-19 14:39:05,697 - INFO - baseline.py:192 - Index to datacube
2025-12-19 14:39:05,698 - INFO - _datasets.py:191 - Indexing 0224f691-6a38-44f9-9781-6ef045fa7e22
2025-12-19 14:39:05,706 - INFO - baseline.py:195 - 
2025-12-19 14:39:05,706 - INFO - baseline.py:196 - ✔✔✔ COMPLETED: Tile x10_y09 | In 0.78 minutes
2025-12-19 14:39:05,706 - INFO - baseline.py:197 - 
2025-12-19 14:39:05,706 - INFO - baseline.py:205 - Closing Dask client
2025-12-19 14:39:05,714 - INFO - baseline.py:209 - Closing Dask cluster
2025-12-19 14:39:05,714 - INFO - baseline.py:210 - #######################################################################
