2025-12-19 14:30:38,979 - INFO - baseline.py:44 - #######################################################################
2025-12-19 14:30:44,125 - INFO - baseline.py:59 - Dask dashboard is available at: http://127.0.0.1:64881/status
2025-12-19 14:30:44,797 - INFO - baseline.py:67 - Computing baseline M and SD for NDVI
2025-12-19 14:30:44,797 - INFO - baseline.py:69 - Create directories and naming conversions
2025-12-19 14:30:44,809 - INFO - baseline.py:80 - Dataset location: //nas-rs.topo.auth.gr/Latomeia/DROUGHT/baseline/x09/y08/20200101_20230331
2025-12-19 14:30:44,811 - INFO - baseline.py:82 - Lazy loading time series
2025-12-19 14:31:02,573 - INFO - baseline.py:92 - Lazy applying nodata mask
2025-12-19 14:31:03,833 - INFO - baseline.py:99 - Computing Mean (M)
2025-12-19 14:31:06,405 - INFO - baseline.py:101 - Computing Standard Deviation (SD)
2025-12-19 14:31:07,759 - INFO - baseline.py:104 - Assigning names to xr.DataArrays
2025-12-19 14:31:07,759 - INFO - baseline.py:108 - Merge into xr.Dataset
2025-12-19 14:31:07,761 - INFO - baseline.py:111 - Scale and nodata -32768
2025-12-19 14:31:07,761 - INFO - baseline.py:112 - Configure metadata of baseline dataset
2025-12-19 14:31:08,010 - INFO - baseline.py:122 - Append baseline dataset of NDVI in list
2025-12-19 14:31:08,010 - INFO - baseline.py:67 - Computing baseline M and SD for EVI
2025-12-19 14:31:08,010 - INFO - baseline.py:69 - Create directories and naming conversions
2025-12-19 14:31:08,031 - INFO - baseline.py:80 - Dataset location: //nas-rs.topo.auth.gr/Latomeia/DROUGHT/baseline/x09/y08/20200101_20230331
2025-12-19 14:31:08,031 - INFO - baseline.py:82 - Lazy loading time series
2025-12-19 14:31:26,108 - INFO - baseline.py:92 - Lazy applying nodata mask
2025-12-19 14:31:27,260 - INFO - baseline.py:99 - Computing Mean (M)
2025-12-19 14:31:29,478 - INFO - baseline.py:101 - Computing Standard Deviation (SD)
2025-12-19 14:31:30,057 - INFO - baseline.py:104 - Assigning names to xr.DataArrays
2025-12-19 14:31:30,057 - INFO - baseline.py:108 - Merge into xr.Dataset
2025-12-19 14:31:30,058 - INFO - baseline.py:111 - Scale and nodata -32768
2025-12-19 14:31:30,058 - INFO - baseline.py:112 - Configure metadata of baseline dataset
2025-12-19 14:31:30,262 - INFO - baseline.py:122 - Append baseline dataset of EVI in list
2025-12-19 14:31:30,263 - INFO - baseline.py:67 - Computing baseline M and SD for PSRI2
2025-12-19 14:31:30,263 - INFO - baseline.py:69 - Create directories and naming conversions
2025-12-19 14:31:30,275 - INFO - baseline.py:80 - Dataset location: //nas-rs.topo.auth.gr/Latomeia/DROUGHT/baseline/x09/y08/20200101_20230331
2025-12-19 14:31:30,275 - INFO - baseline.py:82 - Lazy loading time series
2025-12-19 14:31:48,226 - INFO - baseline.py:92 - Lazy applying nodata mask
2025-12-19 14:31:49,388 - INFO - baseline.py:99 - Computing Mean (M)
2025-12-19 14:31:51,605 - INFO - baseline.py:101 - Computing Standard Deviation (SD)
2025-12-19 14:31:52,181 - INFO - baseline.py:104 - Assigning names to xr.DataArrays
2025-12-19 14:31:52,181 - INFO - baseline.py:108 - Merge into xr.Dataset
2025-12-19 14:31:52,182 - INFO - baseline.py:111 - Scale and nodata -32768
2025-12-19 14:31:52,182 - INFO - baseline.py:112 - Configure metadata of baseline dataset
2025-12-19 14:31:52,389 - INFO - baseline.py:122 - Append baseline dataset of PSRI2 in list
2025-12-19 14:31:52,389 - INFO - baseline.py:126 - Done with computing baseline of all spectral indices
2025-12-19 14:31:52,389 - INFO - baseline.py:127 - Now creating the overall baseline dataset
2025-12-19 14:31:52,391 - INFO - baseline.py:129 - Overall baseline dataset constructed
2025-12-19 14:31:52,392 - INFO - baseline.py:131 - Assign time range and tile ID in metadata
2025-12-19 14:31:52,392 - INFO - baseline.py:136 - Writing GTiff (COG) to disk
2025-12-19 14:31:56,838 - INFO - baseline.py:152 - Write NDVI_MEAN -> //nas-rs.topo.auth.gr/Latomeia/DROUGHT/baseline/x09/y08/20200101_20230331/S2L2A_baseline_x09y08_20200101_20230331_NDVI_mean.tif
2025-12-19 14:32:01,232 - INFO - baseline.py:152 - Write NDVI_STD -> //nas-rs.topo.auth.gr/Latomeia/DROUGHT/baseline/x09/y08/20200101_20230331/S2L2A_baseline_x09y08_20200101_20230331_NDVI_std.tif
2025-12-19 14:32:05,602 - INFO - baseline.py:152 - Write EVI_MEAN -> //nas-rs.topo.auth.gr/Latomeia/DROUGHT/baseline/x09/y08/20200101_20230331/S2L2A_baseline_x09y08_20200101_20230331_EVI_mean.tif
2025-12-19 14:32:09,810 - INFO - baseline.py:152 - Write EVI_STD -> //nas-rs.topo.auth.gr/Latomeia/DROUGHT/baseline/x09/y08/20200101_20230331/S2L2A_baseline_x09y08_20200101_20230331_EVI_std.tif
2025-12-19 14:32:14,283 - INFO - baseline.py:152 - Write PSRI2_MEAN -> //nas-rs.topo.auth.gr/Latomeia/DROUGHT/baseline/x09/y08/20200101_20230331/S2L2A_baseline_x09y08_20200101_20230331_PSRI2_mean.tif
2025-12-19 14:32:18,710 - INFO - baseline.py:152 - Write PSRI2_STD -> //nas-rs.topo.auth.gr/Latomeia/DROUGHT/baseline/x09/y08/20200101_20230331/S2L2A_baseline_x09y08_20200101_20230331_PSRI2_std.tif
2025-12-19 14:32:18,732 - INFO - baseline.py:155 - Prepare metadata YAML document
2025-12-19 14:32:18,819 - INFO - baseline.py:174 - Write metadata YAML document to disk
2025-12-19 14:32:18,840 - INFO - baseline.py:179 - Create datacube.model.Dataset from eo3 metadata
2025-12-19 14:32:18,852 - INFO - baseline.py:192 - Index to datacube
2025-12-19 14:32:18,852 - INFO - _datasets.py:191 - Indexing 797ba538-9055-414b-b4ed-d7bca348f645
2025-12-19 14:32:18,861 - INFO - baseline.py:195 - 
2025-12-19 14:32:18,861 - INFO - baseline.py:196 - ✔✔✔ COMPLETED: Tile x09_y08 | In 0.81 minutes
2025-12-19 14:32:18,861 - INFO - baseline.py:197 - 
2025-12-19 14:32:18,861 - INFO - baseline.py:205 - Closing Dask client
2025-12-19 14:32:18,863 - INFO - baseline.py:209 - Closing Dask cluster
2025-12-19 14:32:18,863 - INFO - baseline.py:210 - #######################################################################
