2025-12-19 14:32:23,223 - INFO - baseline.py:44 - #######################################################################
2025-12-19 14:32:28,915 - INFO - baseline.py:59 - Dask dashboard is available at: http://127.0.0.1:54240/status
2025-12-19 14:32:29,790 - INFO - baseline.py:67 - Computing baseline M and SD for NDVI
2025-12-19 14:32:29,790 - INFO - baseline.py:69 - Create directories and naming conversions
2025-12-19 14:32:29,803 - INFO - baseline.py:80 - Dataset location: //nas-rs.topo.auth.gr/Latomeia/DROUGHT/baseline/x10/y08/20200101_20230331
2025-12-19 14:32:29,804 - INFO - baseline.py:82 - Lazy loading time series
2025-12-19 14:32:48,763 - INFO - baseline.py:92 - Lazy applying nodata mask
2025-12-19 14:32:49,969 - INFO - baseline.py:99 - Computing Mean (M)
2025-12-19 14:32:52,268 - INFO - baseline.py:101 - Computing Standard Deviation (SD)
2025-12-19 14:32:53,629 - INFO - baseline.py:104 - Assigning names to xr.DataArrays
2025-12-19 14:32:53,630 - INFO - baseline.py:108 - Merge into xr.Dataset
2025-12-19 14:32:53,630 - INFO - baseline.py:111 - Scale and nodata -32768
2025-12-19 14:32:53,630 - INFO - baseline.py:112 - Configure metadata of baseline dataset
2025-12-19 14:32:53,833 - INFO - baseline.py:122 - Append baseline dataset of NDVI in list
2025-12-19 14:32:53,833 - INFO - baseline.py:67 - Computing baseline M and SD for EVI
2025-12-19 14:32:53,833 - INFO - baseline.py:69 - Create directories and naming conversions
2025-12-19 14:32:53,841 - INFO - baseline.py:80 - Dataset location: //nas-rs.topo.auth.gr/Latomeia/DROUGHT/baseline/x10/y08/20200101_20230331
2025-12-19 14:32:53,841 - INFO - baseline.py:82 - Lazy loading time series
2025-12-19 14:33:11,021 - INFO - baseline.py:92 - Lazy applying nodata mask
2025-12-19 14:33:12,287 - INFO - baseline.py:99 - Computing Mean (M)
2025-12-19 14:33:14,643 - INFO - baseline.py:101 - Computing Standard Deviation (SD)
2025-12-19 14:33:15,226 - INFO - baseline.py:104 - Assigning names to xr.DataArrays
2025-12-19 14:33:15,226 - INFO - baseline.py:108 - Merge into xr.Dataset
2025-12-19 14:33:15,227 - INFO - baseline.py:111 - Scale and nodata -32768
2025-12-19 14:33:15,227 - INFO - baseline.py:112 - Configure metadata of baseline dataset
2025-12-19 14:33:15,445 - INFO - baseline.py:122 - Append baseline dataset of EVI in list
2025-12-19 14:33:15,445 - INFO - baseline.py:67 - Computing baseline M and SD for PSRI2
2025-12-19 14:33:15,445 - INFO - baseline.py:69 - Create directories and naming conversions
2025-12-19 14:33:15,454 - INFO - baseline.py:80 - Dataset location: //nas-rs.topo.auth.gr/Latomeia/DROUGHT/baseline/x10/y08/20200101_20230331
2025-12-19 14:33:15,454 - INFO - baseline.py:82 - Lazy loading time series
2025-12-19 14:33:32,839 - INFO - baseline.py:92 - Lazy applying nodata mask
2025-12-19 14:33:33,988 - INFO - baseline.py:99 - Computing Mean (M)
2025-12-19 14:33:36,200 - INFO - baseline.py:101 - Computing Standard Deviation (SD)
2025-12-19 14:33:36,773 - INFO - baseline.py:104 - Assigning names to xr.DataArrays
2025-12-19 14:33:36,773 - INFO - baseline.py:108 - Merge into xr.Dataset
2025-12-19 14:33:36,775 - INFO - baseline.py:111 - Scale and nodata -32768
2025-12-19 14:33:36,775 - INFO - baseline.py:112 - Configure metadata of baseline dataset
2025-12-19 14:33:37,000 - INFO - baseline.py:122 - Append baseline dataset of PSRI2 in list
2025-12-19 14:33:37,000 - INFO - baseline.py:126 - Done with computing baseline of all spectral indices
2025-12-19 14:33:37,000 - INFO - baseline.py:127 - Now creating the overall baseline dataset
2025-12-19 14:33:37,002 - INFO - baseline.py:129 - Overall baseline dataset constructed
2025-12-19 14:33:37,002 - INFO - baseline.py:131 - Assign time range and tile ID in metadata
2025-12-19 14:33:37,002 - INFO - baseline.py:136 - Writing GTiff (COG) to disk
2025-12-19 14:33:41,201 - INFO - baseline.py:152 - Write NDVI_MEAN -> //nas-rs.topo.auth.gr/Latomeia/DROUGHT/baseline/x10/y08/20200101_20230331/S2L2A_baseline_x10y08_20200101_20230331_NDVI_mean.tif
2025-12-19 14:33:45,440 - INFO - baseline.py:152 - Write NDVI_STD -> //nas-rs.topo.auth.gr/Latomeia/DROUGHT/baseline/x10/y08/20200101_20230331/S2L2A_baseline_x10y08_20200101_20230331_NDVI_std.tif
2025-12-19 14:33:50,214 - INFO - baseline.py:152 - Write EVI_MEAN -> //nas-rs.topo.auth.gr/Latomeia/DROUGHT/baseline/x10/y08/20200101_20230331/S2L2A_baseline_x10y08_20200101_20230331_EVI_mean.tif
2025-12-19 14:33:54,325 - INFO - baseline.py:152 - Write EVI_STD -> //nas-rs.topo.auth.gr/Latomeia/DROUGHT/baseline/x10/y08/20200101_20230331/S2L2A_baseline_x10y08_20200101_20230331_EVI_std.tif
2025-12-19 14:33:58,406 - INFO - baseline.py:152 - Write PSRI2_MEAN -> //nas-rs.topo.auth.gr/Latomeia/DROUGHT/baseline/x10/y08/20200101_20230331/S2L2A_baseline_x10y08_20200101_20230331_PSRI2_mean.tif
2025-12-19 14:34:02,589 - INFO - baseline.py:152 - Write PSRI2_STD -> //nas-rs.topo.auth.gr/Latomeia/DROUGHT/baseline/x10/y08/20200101_20230331/S2L2A_baseline_x10y08_20200101_20230331_PSRI2_std.tif
2025-12-19 14:34:02,606 - INFO - baseline.py:155 - Prepare metadata YAML document
2025-12-19 14:34:02,715 - INFO - baseline.py:174 - Write metadata YAML document to disk
2025-12-19 14:34:02,744 - INFO - baseline.py:179 - Create datacube.model.Dataset from eo3 metadata
2025-12-19 14:34:02,759 - INFO - baseline.py:192 - Index to datacube
2025-12-19 14:34:02,759 - INFO - _datasets.py:191 - Indexing fa6165ef-173d-45d7-b12b-87e122b94444
2025-12-19 14:34:02,769 - INFO - baseline.py:195 - 
2025-12-19 14:34:02,770 - INFO - baseline.py:196 - ✔✔✔ COMPLETED: Tile x10_y08 | In 0.79 minutes
2025-12-19 14:34:02,770 - INFO - baseline.py:197 - 
2025-12-19 14:34:02,770 - INFO - baseline.py:205 - Closing Dask client
2025-12-19 14:34:02,772 - INFO - baseline.py:209 - Closing Dask cluster
2025-12-19 14:34:02,772 - INFO - baseline.py:210 - #######################################################################
