2025-12-19 15:03:19,298 - INFO - baseline.py:44 - #######################################################################
2025-12-19 15:03:24,477 - INFO - baseline.py:59 - Dask dashboard is available at: http://127.0.0.1:61916/status
2025-12-19 15:03:25,356 - INFO - baseline.py:67 - Computing baseline M and SD for NDVI
2025-12-19 15:03:25,356 - INFO - baseline.py:69 - Create directories and naming conversions
2025-12-19 15:03:25,372 - INFO - baseline.py:80 - Dataset location: //nas-rs.topo.auth.gr/Latomeia/DROUGHT/baseline/x11/y12/20200101_20230331
2025-12-19 15:03:25,374 - INFO - baseline.py:82 - Lazy loading time series
2025-12-19 15:03:39,357 - INFO - baseline.py:92 - Lazy applying nodata mask
2025-12-19 15:03:40,556 - INFO - baseline.py:99 - Computing Mean (M)
2025-12-19 15:03:42,891 - INFO - baseline.py:101 - Computing Standard Deviation (SD)
2025-12-19 15:03:44,309 - INFO - baseline.py:104 - Assigning names to xr.DataArrays
2025-12-19 15:03:44,309 - INFO - baseline.py:108 - Merge into xr.Dataset
2025-12-19 15:03:44,310 - INFO - baseline.py:111 - Scale and nodata -32768
2025-12-19 15:03:44,310 - INFO - baseline.py:112 - Configure metadata of baseline dataset
2025-12-19 15:03:44,527 - INFO - baseline.py:122 - Append baseline dataset of NDVI in list
2025-12-19 15:03:44,528 - INFO - baseline.py:67 - Computing baseline M and SD for EVI
2025-12-19 15:03:44,528 - INFO - baseline.py:69 - Create directories and naming conversions
2025-12-19 15:03:44,537 - INFO - baseline.py:80 - Dataset location: //nas-rs.topo.auth.gr/Latomeia/DROUGHT/baseline/x11/y12/20200101_20230331
2025-12-19 15:03:44,537 - INFO - baseline.py:82 - Lazy loading time series
2025-12-19 15:04:03,357 - INFO - baseline.py:92 - Lazy applying nodata mask
2025-12-19 15:04:04,527 - INFO - baseline.py:99 - Computing Mean (M)
2025-12-19 15:04:06,843 - INFO - baseline.py:101 - Computing Standard Deviation (SD)
2025-12-19 15:04:07,476 - INFO - baseline.py:104 - Assigning names to xr.DataArrays
2025-12-19 15:04:07,476 - INFO - baseline.py:108 - Merge into xr.Dataset
2025-12-19 15:04:07,476 - INFO - baseline.py:111 - Scale and nodata -32768
2025-12-19 15:04:07,476 - INFO - baseline.py:112 - Configure metadata of baseline dataset
2025-12-19 15:04:07,681 - INFO - baseline.py:122 - Append baseline dataset of EVI in list
2025-12-19 15:04:07,681 - INFO - baseline.py:67 - Computing baseline M and SD for PSRI2
2025-12-19 15:04:07,681 - INFO - baseline.py:69 - Create directories and naming conversions
2025-12-19 15:04:07,691 - INFO - baseline.py:80 - Dataset location: //nas-rs.topo.auth.gr/Latomeia/DROUGHT/baseline/x11/y12/20200101_20230331
2025-12-19 15:04:07,691 - INFO - baseline.py:82 - Lazy loading time series
2025-12-19 15:04:23,109 - INFO - baseline.py:92 - Lazy applying nodata mask
2025-12-19 15:04:24,276 - INFO - baseline.py:99 - Computing Mean (M)
2025-12-19 15:04:26,597 - INFO - baseline.py:101 - Computing Standard Deviation (SD)
2025-12-19 15:04:27,253 - INFO - baseline.py:104 - Assigning names to xr.DataArrays
2025-12-19 15:04:27,253 - INFO - baseline.py:108 - Merge into xr.Dataset
2025-12-19 15:04:27,254 - INFO - baseline.py:111 - Scale and nodata -32768
2025-12-19 15:04:27,255 - INFO - baseline.py:112 - Configure metadata of baseline dataset
2025-12-19 15:04:27,479 - INFO - baseline.py:122 - Append baseline dataset of PSRI2 in list
2025-12-19 15:04:27,479 - INFO - baseline.py:126 - Done with computing baseline of all spectral indices
2025-12-19 15:04:27,479 - INFO - baseline.py:127 - Now creating the overall baseline dataset
2025-12-19 15:04:27,482 - INFO - baseline.py:129 - Overall baseline dataset constructed
2025-12-19 15:04:27,482 - INFO - baseline.py:131 - Assign time range and tile ID in metadata
2025-12-19 15:04:27,482 - INFO - baseline.py:136 - Writing GTiff (COG) to disk
2025-12-19 15:04:32,105 - INFO - baseline.py:152 - Write NDVI_MEAN -> //nas-rs.topo.auth.gr/Latomeia/DROUGHT/baseline/x11/y12/20200101_20230331/S2L2A_baseline_x11y12_20200101_20230331_NDVI_mean.tif
2025-12-19 15:04:36,741 - INFO - baseline.py:152 - Write NDVI_STD -> //nas-rs.topo.auth.gr/Latomeia/DROUGHT/baseline/x11/y12/20200101_20230331/S2L2A_baseline_x11y12_20200101_20230331_NDVI_std.tif
2025-12-19 15:04:41,128 - INFO - baseline.py:152 - Write EVI_MEAN -> //nas-rs.topo.auth.gr/Latomeia/DROUGHT/baseline/x11/y12/20200101_20230331/S2L2A_baseline_x11y12_20200101_20230331_EVI_mean.tif
2025-12-19 15:04:45,588 - INFO - baseline.py:152 - Write EVI_STD -> //nas-rs.topo.auth.gr/Latomeia/DROUGHT/baseline/x11/y12/20200101_20230331/S2L2A_baseline_x11y12_20200101_20230331_EVI_std.tif
2025-12-19 15:04:50,529 - INFO - baseline.py:152 - Write PSRI2_MEAN -> //nas-rs.topo.auth.gr/Latomeia/DROUGHT/baseline/x11/y12/20200101_20230331/S2L2A_baseline_x11y12_20200101_20230331_PSRI2_mean.tif
2025-12-19 15:04:54,984 - INFO - baseline.py:152 - Write PSRI2_STD -> //nas-rs.topo.auth.gr/Latomeia/DROUGHT/baseline/x11/y12/20200101_20230331/S2L2A_baseline_x11y12_20200101_20230331_PSRI2_std.tif
2025-12-19 15:04:55,005 - INFO - baseline.py:155 - Prepare metadata YAML document
2025-12-19 15:04:55,096 - INFO - baseline.py:174 - Write metadata YAML document to disk
2025-12-19 15:04:55,117 - INFO - baseline.py:179 - Create datacube.model.Dataset from eo3 metadata
2025-12-19 15:04:55,129 - INFO - baseline.py:192 - Index to datacube
2025-12-19 15:04:55,129 - INFO - _datasets.py:191 - Indexing f5d6712d-6360-4342-914b-86e68297a9d4
2025-12-19 15:04:55,137 - INFO - baseline.py:195 - 
2025-12-19 15:04:55,137 - INFO - baseline.py:196 - ✔✔✔ COMPLETED: Tile x11_y12 | In 0.79 minutes
2025-12-19 15:04:55,137 - INFO - baseline.py:197 - 
2025-12-19 15:04:55,137 - INFO - baseline.py:205 - Closing Dask client
2025-12-19 15:04:55,140 - INFO - baseline.py:209 - Closing Dask cluster
2025-12-19 15:04:55,140 - INFO - baseline.py:210 - #######################################################################
