2025-12-26 12:53:15,233 - INFO - z_normalization.py:42 - #######################################################################
2025-12-26 12:53:15,780 - INFO - z_normalization.py:56 - Starting Z-Normalization for x10_y08 | 2024-01
2025-12-26 12:53:15,780 - INFO - z_normalization.py:58 - Create directories and naming conversions
2025-12-26 12:53:15,798 - INFO - z_normalization.py:69 - Dataset location: //nas-rs.topo.auth.gr/Latomeia/DROUGHT/z_normalized/x10/y08/2024/1/01
2025-12-26 12:53:15,799 - INFO - z_normalization.py:74 - Z-Normalization | NDVI
2025-12-26 12:53:16,174 - INFO - z_normalization.py:83 - Loaded baseline
2025-12-26 12:53:16,174 - INFO - z_normalization.py:86 - Set up values | NDVI_mean
2025-12-26 12:53:16,202 - INFO - z_normalization.py:86 - Set up values | NDVI_std
2025-12-26 12:53:16,380 - INFO - z_normalization.py:101 - Loaded composite
2025-12-26 12:53:16,380 - INFO - z_normalization.py:103 - Set up values | NDVI
2025-12-26 12:53:16,419 - INFO - z_normalization.py:110 - Setting up normalization ... 
2025-12-26 12:53:16,419 - INFO - z_normalization.py:114 - Setting up normalization ... done
2025-12-26 12:53:16,419 - INFO - z_normalization.py:116 - Normalizing ... 
2025-12-26 12:53:16,508 - INFO - z_normalization.py:121 - Normalizing ... done
2025-12-26 12:53:16,570 - INFO - z_normalization.py:74 - Z-Normalization | EVI
2025-12-26 12:53:16,809 - INFO - z_normalization.py:83 - Loaded baseline
2025-12-26 12:53:16,809 - INFO - z_normalization.py:86 - Set up values | EVI_mean
2025-12-26 12:53:16,837 - INFO - z_normalization.py:86 - Set up values | EVI_std
2025-12-26 12:53:17,017 - INFO - z_normalization.py:101 - Loaded composite
2025-12-26 12:53:17,017 - INFO - z_normalization.py:103 - Set up values | EVI
2025-12-26 12:53:17,046 - INFO - z_normalization.py:110 - Setting up normalization ... 
2025-12-26 12:53:17,046 - INFO - z_normalization.py:114 - Setting up normalization ... done
2025-12-26 12:53:17,046 - INFO - z_normalization.py:116 - Normalizing ... 
2025-12-26 12:53:17,123 - INFO - z_normalization.py:121 - Normalizing ... done
2025-12-26 12:53:17,177 - INFO - z_normalization.py:74 - Z-Normalization | PSRI2
2025-12-26 12:53:17,387 - INFO - z_normalization.py:83 - Loaded baseline
2025-12-26 12:53:17,387 - INFO - z_normalization.py:86 - Set up values | PSRI2_mean
2025-12-26 12:53:17,417 - INFO - z_normalization.py:86 - Set up values | PSRI2_std
2025-12-26 12:53:17,575 - INFO - z_normalization.py:101 - Loaded composite
2025-12-26 12:53:17,575 - INFO - z_normalization.py:103 - Set up values | PSRI2
2025-12-26 12:53:17,605 - INFO - z_normalization.py:110 - Setting up normalization ... 
2025-12-26 12:53:17,605 - INFO - z_normalization.py:114 - Setting up normalization ... done
2025-12-26 12:53:17,605 - INFO - z_normalization.py:116 - Normalizing ... 
2025-12-26 12:53:17,680 - INFO - z_normalization.py:121 - Normalizing ... done
2025-12-26 12:53:17,731 - INFO - z_normalization.py:127 - Merging into one dataset
2025-12-26 12:53:17,733 - INFO - z_normalization.py:133 - Scale and Define data types & nodata per band
2025-12-26 12:53:17,735 - INFO - z_normalization.py:145 - Assign time range and tile ID in metadata
2025-12-26 12:53:17,735 - INFO - z_normalization.py:151 - Write bands to raster COG files
2025-12-26 12:53:21,378 - INFO - z_normalization.py:164 - Write NDVI_Z -> //nas-rs.topo.auth.gr/Latomeia/DROUGHT/z_normalized/x10/y08/2024/1/01/S2L2A_znorm_x10y08_20241_NDVI_z.tif
2025-12-26 12:53:25,029 - INFO - z_normalization.py:164 - Write EVI_Z -> //nas-rs.topo.auth.gr/Latomeia/DROUGHT/z_normalized/x10/y08/2024/1/01/S2L2A_znorm_x10y08_20241_EVI_z.tif
2025-12-26 12:53:28,598 - INFO - z_normalization.py:164 - Write PSRI2_Z -> //nas-rs.topo.auth.gr/Latomeia/DROUGHT/z_normalized/x10/y08/2024/1/01/S2L2A_znorm_x10y08_20241_PSRI2_z.tif
2025-12-26 12:53:28,598 - INFO - z_normalization.py:166 - Assert relative paths and product measurements are matched
2025-12-26 12:53:28,643 - INFO - z_normalization.py:172 - Prepare metadata YAML document
2025-12-26 12:53:28,750 - INFO - z_normalization.py:192 - Write metadata YAML document to disk
2025-12-26 12:53:28,776 - INFO - z_normalization.py:197 - Create datacube.model.Dataset from eo3 metadata
2025-12-26 12:53:28,781 - INFO - z_normalization.py:210 - Index to datacube
2025-12-26 12:53:28,781 - INFO - _datasets.py:191 - Indexing b2b9c050-3f71-4df0-bad7-a8fb62af7288
2025-12-26 12:53:28,792 - INFO - z_normalization.py:213 - 
2025-12-26 12:53:28,792 - INFO - z_normalization.py:214 -              ✔✔✔ COMPLETED: Tile x10_y08 | Time: 2024-01 | In 0.22 minutes
2025-12-26 12:53:28,792 - INFO - z_normalization.py:215 - 
2025-12-26 12:53:28,792 - INFO - z_normalization.py:230 - #######################################################################
