2025-12-26 14:56:17,787 - INFO - z_normalization.py:42 - #######################################################################
2025-12-26 14:56:18,332 - INFO - z_normalization.py:56 - Starting Z-Normalization for x09_y07 | 2025-08
2025-12-26 14:56:18,332 - INFO - z_normalization.py:58 - Create directories and naming conversions
2025-12-26 14:56:18,346 - INFO - z_normalization.py:69 - Dataset location: //nas-rs.topo.auth.gr/Latomeia/DROUGHT/z_normalized/x09/y07/2025/8/01
2025-12-26 14:56:18,346 - INFO - z_normalization.py:74 - Z-Normalization | NDVI
2025-12-26 14:56:18,653 - INFO - z_normalization.py:83 - Loaded baseline
2025-12-26 14:56:18,653 - INFO - z_normalization.py:86 - Set up values | NDVI_mean
2025-12-26 14:56:18,683 - INFO - z_normalization.py:86 - Set up values | NDVI_std
2025-12-26 14:56:18,833 - INFO - z_normalization.py:101 - Loaded composite
2025-12-26 14:56:18,833 - INFO - z_normalization.py:103 - Set up values | NDVI
2025-12-26 14:56:18,862 - INFO - z_normalization.py:110 - Setting up normalization ... 
2025-12-26 14:56:18,862 - INFO - z_normalization.py:114 - Setting up normalization ... done
2025-12-26 14:56:18,862 - INFO - z_normalization.py:116 - Normalizing ... 
2025-12-26 14:56:18,951 - INFO - z_normalization.py:121 - Normalizing ... done
2025-12-26 14:56:19,004 - INFO - z_normalization.py:74 - Z-Normalization | EVI
2025-12-26 14:56:19,230 - INFO - z_normalization.py:83 - Loaded baseline
2025-12-26 14:56:19,231 - INFO - z_normalization.py:86 - Set up values | EVI_mean
2025-12-26 14:56:19,259 - INFO - z_normalization.py:86 - Set up values | EVI_std
2025-12-26 14:56:19,421 - INFO - z_normalization.py:101 - Loaded composite
2025-12-26 14:56:19,421 - INFO - z_normalization.py:103 - Set up values | EVI
2025-12-26 14:56:19,456 - INFO - z_normalization.py:110 - Setting up normalization ... 
2025-12-26 14:56:19,457 - INFO - z_normalization.py:114 - Setting up normalization ... done
2025-12-26 14:56:19,457 - INFO - z_normalization.py:116 - Normalizing ... 
2025-12-26 14:56:19,554 - INFO - z_normalization.py:121 - Normalizing ... done
2025-12-26 14:56:19,604 - INFO - z_normalization.py:74 - Z-Normalization | PSRI2
2025-12-26 14:56:19,846 - INFO - z_normalization.py:83 - Loaded baseline
2025-12-26 14:56:19,847 - INFO - z_normalization.py:86 - Set up values | PSRI2_mean
2025-12-26 14:56:19,876 - INFO - z_normalization.py:86 - Set up values | PSRI2_std
2025-12-26 14:56:20,044 - INFO - z_normalization.py:101 - Loaded composite
2025-12-26 14:56:20,044 - INFO - z_normalization.py:103 - Set up values | PSRI2
2025-12-26 14:56:20,075 - INFO - z_normalization.py:110 - Setting up normalization ... 
2025-12-26 14:56:20,075 - INFO - z_normalization.py:114 - Setting up normalization ... done
2025-12-26 14:56:20,075 - INFO - z_normalization.py:116 - Normalizing ... 
2025-12-26 14:56:20,157 - INFO - z_normalization.py:121 - Normalizing ... done
2025-12-26 14:56:20,209 - INFO - z_normalization.py:127 - Merging into one dataset
2025-12-26 14:56:20,210 - INFO - z_normalization.py:133 - Scale and Define data types & nodata per band
2025-12-26 14:56:20,211 - INFO - z_normalization.py:145 - Assign time range and tile ID in metadata
2025-12-26 14:56:20,211 - INFO - z_normalization.py:151 - Write bands to raster COG files
2025-12-26 14:56:23,761 - INFO - z_normalization.py:164 - Write NDVI_Z -> //nas-rs.topo.auth.gr/Latomeia/DROUGHT/z_normalized/x09/y07/2025/8/01/S2L2A_znorm_x09y07_20258_NDVI_z.tif
2025-12-26 14:56:27,413 - INFO - z_normalization.py:164 - Write EVI_Z -> //nas-rs.topo.auth.gr/Latomeia/DROUGHT/z_normalized/x09/y07/2025/8/01/S2L2A_znorm_x09y07_20258_EVI_z.tif
2025-12-26 14:56:31,056 - INFO - z_normalization.py:164 - Write PSRI2_Z -> //nas-rs.topo.auth.gr/Latomeia/DROUGHT/z_normalized/x09/y07/2025/8/01/S2L2A_znorm_x09y07_20258_PSRI2_z.tif
2025-12-26 14:56:31,056 - INFO - z_normalization.py:166 - Assert relative paths and product measurements are matched
2025-12-26 14:56:31,094 - INFO - z_normalization.py:172 - Prepare metadata YAML document
2025-12-26 14:56:31,192 - INFO - z_normalization.py:192 - Write metadata YAML document to disk
2025-12-26 14:56:31,213 - INFO - z_normalization.py:197 - Create datacube.model.Dataset from eo3 metadata
2025-12-26 14:56:31,216 - INFO - z_normalization.py:210 - Index to datacube
2025-12-26 14:56:31,217 - INFO - _datasets.py:191 - Indexing 1caef9e0-4f12-45cf-8892-4a213b275aa3
2025-12-26 14:56:31,225 - INFO - z_normalization.py:213 - 
2025-12-26 14:56:31,225 - INFO - z_normalization.py:214 -              ✔✔✔ COMPLETED: Tile x09_y07 | Time: 2025-08 | In 0.21 minutes
2025-12-26 14:56:31,225 - INFO - z_normalization.py:215 - 
2025-12-26 14:56:31,225 - INFO - z_normalization.py:230 - #######################################################################
