2025-12-26 01:54:26,460 - INFO - z_normalization.py:42 - #######################################################################
2025-12-26 01:54:27,093 - INFO - z_normalization.py:56 - Starting Z-Normalization for x12_y11 | 2023-08
2025-12-26 01:54:27,093 - INFO - z_normalization.py:58 - Create directories and naming conversions
2025-12-26 01:54:27,107 - INFO - z_normalization.py:69 - Dataset location: //nas-rs.topo.auth.gr/Latomeia/DROUGHT/z_normalized/x12/y11/2023/8/01
2025-12-26 01:54:27,107 - INFO - z_normalization.py:74 - Z-Normalization | NDVI
2025-12-26 01:54:27,506 - INFO - z_normalization.py:83 - Loaded baseline
2025-12-26 01:54:27,506 - INFO - z_normalization.py:86 - Set up values | NDVI_mean
2025-12-26 01:54:27,538 - INFO - z_normalization.py:86 - Set up values | NDVI_std
2025-12-26 01:54:27,702 - INFO - z_normalization.py:101 - Loaded composite
2025-12-26 01:54:27,703 - INFO - z_normalization.py:103 - Set up values | NDVI
2025-12-26 01:54:27,731 - INFO - z_normalization.py:110 - Setting up normalization ... 
2025-12-26 01:54:27,732 - INFO - z_normalization.py:114 - Setting up normalization ... done
2025-12-26 01:54:27,732 - INFO - z_normalization.py:116 - Normalizing ... 
2025-12-26 01:54:27,811 - INFO - z_normalization.py:121 - Normalizing ... done
2025-12-26 01:54:27,860 - INFO - z_normalization.py:74 - Z-Normalization | EVI
2025-12-26 01:54:28,074 - INFO - z_normalization.py:83 - Loaded baseline
2025-12-26 01:54:28,074 - INFO - z_normalization.py:86 - Set up values | EVI_mean
2025-12-26 01:54:28,102 - INFO - z_normalization.py:86 - Set up values | EVI_std
2025-12-26 01:54:28,291 - INFO - z_normalization.py:101 - Loaded composite
2025-12-26 01:54:28,292 - INFO - z_normalization.py:103 - Set up values | EVI
2025-12-26 01:54:28,320 - INFO - z_normalization.py:110 - Setting up normalization ... 
2025-12-26 01:54:28,321 - INFO - z_normalization.py:114 - Setting up normalization ... done
2025-12-26 01:54:28,321 - INFO - z_normalization.py:116 - Normalizing ... 
2025-12-26 01:54:28,403 - INFO - z_normalization.py:121 - Normalizing ... done
2025-12-26 01:54:28,451 - INFO - z_normalization.py:74 - Z-Normalization | PSRI2
2025-12-26 01:54:28,689 - INFO - z_normalization.py:83 - Loaded baseline
2025-12-26 01:54:28,689 - INFO - z_normalization.py:86 - Set up values | PSRI2_mean
2025-12-26 01:54:28,717 - INFO - z_normalization.py:86 - Set up values | PSRI2_std
2025-12-26 01:54:28,882 - INFO - z_normalization.py:101 - Loaded composite
2025-12-26 01:54:28,882 - INFO - z_normalization.py:103 - Set up values | PSRI2
2025-12-26 01:54:28,911 - INFO - z_normalization.py:110 - Setting up normalization ... 
2025-12-26 01:54:28,911 - INFO - z_normalization.py:114 - Setting up normalization ... done
2025-12-26 01:54:28,911 - INFO - z_normalization.py:116 - Normalizing ... 
2025-12-26 01:54:28,994 - INFO - z_normalization.py:121 - Normalizing ... done
2025-12-26 01:54:29,045 - INFO - z_normalization.py:127 - Merging into one dataset
2025-12-26 01:54:29,047 - INFO - z_normalization.py:133 - Scale and Define data types & nodata per band
2025-12-26 01:54:29,048 - INFO - z_normalization.py:145 - Assign time range and tile ID in metadata
2025-12-26 01:54:29,048 - INFO - z_normalization.py:151 - Write bands to raster COG files
2025-12-26 01:54:32,658 - INFO - z_normalization.py:164 - Write NDVI_Z -> //nas-rs.topo.auth.gr/Latomeia/DROUGHT/z_normalized/x12/y11/2023/8/01/S2L2A_znorm_x12y11_20238_NDVI_z.tif
2025-12-26 01:54:36,419 - INFO - z_normalization.py:164 - Write EVI_Z -> //nas-rs.topo.auth.gr/Latomeia/DROUGHT/z_normalized/x12/y11/2023/8/01/S2L2A_znorm_x12y11_20238_EVI_z.tif
2025-12-26 01:54:40,173 - INFO - z_normalization.py:164 - Write PSRI2_Z -> //nas-rs.topo.auth.gr/Latomeia/DROUGHT/z_normalized/x12/y11/2023/8/01/S2L2A_znorm_x12y11_20238_PSRI2_z.tif
2025-12-26 01:54:40,173 - INFO - z_normalization.py:166 - Prepare metadata YAML document
2025-12-26 01:54:40,262 - INFO - z_normalization.py:187 - Write metadata YAML document to disk
2025-12-26 01:54:40,282 - INFO - z_normalization.py:192 - Create datacube.model.Dataset from eo3 metadata
2025-12-26 01:54:40,285 - INFO - z_normalization.py:205 - Index to datacube
2025-12-26 01:54:40,286 - INFO - _datasets.py:191 - Indexing 22d37a86-d1f3-4c5e-b8cd-a368aafe0729
2025-12-26 01:54:40,294 - INFO - z_normalization.py:208 - 
2025-12-26 01:54:40,295 - INFO - z_normalization.py:209 -              ✔✔✔ COMPLETED: Tile x12_y11 | Time: 2023-08 | In 0.22 minutes
2025-12-26 01:54:40,295 - INFO - z_normalization.py:210 - 
