2025-12-26 03:37:53,518 - INFO - z_normalization.py:42 - #######################################################################
2025-12-26 03:37:54,098 - INFO - z_normalization.py:56 - Starting Z-Normalization for x11_y12 | 2025-01
2025-12-26 03:37:54,098 - INFO - z_normalization.py:58 - Create directories and naming conversions
2025-12-26 03:37:54,116 - INFO - z_normalization.py:69 - Dataset location: //nas-rs.topo.auth.gr/Latomeia/DROUGHT/z_normalized/x11/y12/2025/1/01
2025-12-26 03:37:54,116 - INFO - z_normalization.py:74 - Z-Normalization | NDVI
2025-12-26 03:37:54,496 - INFO - z_normalization.py:83 - Loaded baseline
2025-12-26 03:37:54,496 - INFO - z_normalization.py:86 - Set up values | NDVI_mean
2025-12-26 03:37:54,524 - INFO - z_normalization.py:86 - Set up values | NDVI_std
2025-12-26 03:37:54,686 - INFO - z_normalization.py:101 - Loaded composite
2025-12-26 03:37:54,686 - INFO - z_normalization.py:103 - Set up values | NDVI
2025-12-26 03:37:54,716 - INFO - z_normalization.py:110 - Setting up normalization ... 
2025-12-26 03:37:54,716 - INFO - z_normalization.py:114 - Setting up normalization ... done
2025-12-26 03:37:54,717 - INFO - z_normalization.py:116 - Normalizing ... 
2025-12-26 03:37:54,816 - INFO - z_normalization.py:121 - Normalizing ... done
2025-12-26 03:37:54,870 - INFO - z_normalization.py:74 - Z-Normalization | EVI
2025-12-26 03:37:55,103 - INFO - z_normalization.py:83 - Loaded baseline
2025-12-26 03:37:55,103 - INFO - z_normalization.py:86 - Set up values | EVI_mean
2025-12-26 03:37:55,135 - INFO - z_normalization.py:86 - Set up values | EVI_std
2025-12-26 03:37:55,322 - INFO - z_normalization.py:101 - Loaded composite
2025-12-26 03:37:55,322 - INFO - z_normalization.py:103 - Set up values | EVI
2025-12-26 03:37:55,353 - INFO - z_normalization.py:110 - Setting up normalization ... 
2025-12-26 03:37:55,353 - INFO - z_normalization.py:114 - Setting up normalization ... done
2025-12-26 03:37:55,353 - INFO - z_normalization.py:116 - Normalizing ... 
2025-12-26 03:37:55,438 - INFO - z_normalization.py:121 - Normalizing ... done
2025-12-26 03:37:55,496 - INFO - z_normalization.py:74 - Z-Normalization | PSRI2
2025-12-26 03:37:55,758 - INFO - z_normalization.py:83 - Loaded baseline
2025-12-26 03:37:55,758 - INFO - z_normalization.py:86 - Set up values | PSRI2_mean
2025-12-26 03:37:55,789 - INFO - z_normalization.py:86 - Set up values | PSRI2_std
2025-12-26 03:37:55,926 - INFO - z_normalization.py:101 - Loaded composite
2025-12-26 03:37:55,926 - INFO - z_normalization.py:103 - Set up values | PSRI2
2025-12-26 03:37:55,957 - INFO - z_normalization.py:110 - Setting up normalization ... 
2025-12-26 03:37:55,957 - INFO - z_normalization.py:114 - Setting up normalization ... done
2025-12-26 03:37:55,958 - INFO - z_normalization.py:116 - Normalizing ... 
2025-12-26 03:37:56,039 - INFO - z_normalization.py:121 - Normalizing ... done
2025-12-26 03:37:56,099 - INFO - z_normalization.py:127 - Merging into one dataset
2025-12-26 03:37:56,101 - INFO - z_normalization.py:133 - Scale and Define data types & nodata per band
2025-12-26 03:37:56,103 - INFO - z_normalization.py:145 - Assign time range and tile ID in metadata
2025-12-26 03:37:56,103 - INFO - z_normalization.py:151 - Write bands to raster COG files
2025-12-26 03:38:00,141 - INFO - z_normalization.py:164 - Write NDVI_Z -> //nas-rs.topo.auth.gr/Latomeia/DROUGHT/z_normalized/x11/y12/2025/1/01/S2L2A_znorm_x11y12_20251_NDVI_z.tif
2025-12-26 03:38:03,614 - INFO - z_normalization.py:164 - Write EVI_Z -> //nas-rs.topo.auth.gr/Latomeia/DROUGHT/z_normalized/x11/y12/2025/1/01/S2L2A_znorm_x11y12_20251_EVI_z.tif
2025-12-26 03:38:06,887 - INFO - z_normalization.py:164 - Write PSRI2_Z -> //nas-rs.topo.auth.gr/Latomeia/DROUGHT/z_normalized/x11/y12/2025/1/01/S2L2A_znorm_x11y12_20251_PSRI2_z.tif
2025-12-26 03:38:06,887 - INFO - z_normalization.py:166 - Prepare metadata YAML document
2025-12-26 03:38:06,973 - INFO - z_normalization.py:187 - Write metadata YAML document to disk
2025-12-26 03:38:06,996 - INFO - z_normalization.py:192 - Create datacube.model.Dataset from eo3 metadata
2025-12-26 03:38:06,999 - INFO - z_normalization.py:205 - Index to datacube
2025-12-26 03:38:06,999 - INFO - _datasets.py:191 - Indexing 5e1cfcf8-3d38-4a00-9434-2cc747338836
2025-12-26 03:38:07,009 - INFO - z_normalization.py:208 - 
2025-12-26 03:38:07,009 - INFO - z_normalization.py:209 -              ✔✔✔ COMPLETED: Tile x11_y12 | Time: 2025-01 | In 0.22 minutes
2025-12-26 03:38:07,009 - INFO - z_normalization.py:210 - 
