2025-12-26 04:20:55,127 - INFO - z_normalization.py:42 - #######################################################################
2025-12-26 04:20:55,688 - INFO - z_normalization.py:56 - Starting Z-Normalization for x10_y10 | 2025-08
2025-12-26 04:20:55,688 - INFO - z_normalization.py:58 - Create directories and naming conversions
2025-12-26 04:20:55,703 - INFO - z_normalization.py:69 - Dataset location: //nas-rs.topo.auth.gr/Latomeia/DROUGHT/z_normalized/x10/y10/2025/8/01
2025-12-26 04:20:55,703 - INFO - z_normalization.py:74 - Z-Normalization | NDVI
2025-12-26 04:20:56,101 - INFO - z_normalization.py:83 - Loaded baseline
2025-12-26 04:20:56,101 - INFO - z_normalization.py:86 - Set up values | NDVI_mean
2025-12-26 04:20:56,131 - INFO - z_normalization.py:86 - Set up values | NDVI_std
2025-12-26 04:20:56,297 - INFO - z_normalization.py:101 - Loaded composite
2025-12-26 04:20:56,297 - INFO - z_normalization.py:103 - Set up values | NDVI
2025-12-26 04:20:56,327 - INFO - z_normalization.py:110 - Setting up normalization ... 
2025-12-26 04:20:56,327 - INFO - z_normalization.py:114 - Setting up normalization ... done
2025-12-26 04:20:56,327 - INFO - z_normalization.py:116 - Normalizing ... 
2025-12-26 04:20:56,406 - INFO - z_normalization.py:121 - Normalizing ... done
2025-12-26 04:20:56,454 - INFO - z_normalization.py:74 - Z-Normalization | EVI
2025-12-26 04:20:56,656 - INFO - z_normalization.py:83 - Loaded baseline
2025-12-26 04:20:56,656 - INFO - z_normalization.py:86 - Set up values | EVI_mean
2025-12-26 04:20:56,684 - INFO - z_normalization.py:86 - Set up values | EVI_std
2025-12-26 04:20:56,852 - INFO - z_normalization.py:101 - Loaded composite
2025-12-26 04:20:56,852 - INFO - z_normalization.py:103 - Set up values | EVI
2025-12-26 04:20:56,883 - INFO - z_normalization.py:110 - Setting up normalization ... 
2025-12-26 04:20:56,883 - INFO - z_normalization.py:114 - Setting up normalization ... done
2025-12-26 04:20:56,883 - INFO - z_normalization.py:116 - Normalizing ... 
2025-12-26 04:20:56,964 - INFO - z_normalization.py:121 - Normalizing ... done
2025-12-26 04:20:57,017 - INFO - z_normalization.py:74 - Z-Normalization | PSRI2
2025-12-26 04:20:57,252 - INFO - z_normalization.py:83 - Loaded baseline
2025-12-26 04:20:57,252 - INFO - z_normalization.py:86 - Set up values | PSRI2_mean
2025-12-26 04:20:57,287 - INFO - z_normalization.py:86 - Set up values | PSRI2_std
2025-12-26 04:20:57,467 - INFO - z_normalization.py:101 - Loaded composite
2025-12-26 04:20:57,467 - INFO - z_normalization.py:103 - Set up values | PSRI2
2025-12-26 04:20:57,495 - INFO - z_normalization.py:110 - Setting up normalization ... 
2025-12-26 04:20:57,496 - INFO - z_normalization.py:114 - Setting up normalization ... done
2025-12-26 04:20:57,496 - INFO - z_normalization.py:116 - Normalizing ... 
2025-12-26 04:20:57,573 - INFO - z_normalization.py:121 - Normalizing ... done
2025-12-26 04:20:57,626 - INFO - z_normalization.py:127 - Merging into one dataset
2025-12-26 04:20:57,628 - INFO - z_normalization.py:133 - Scale and Define data types & nodata per band
2025-12-26 04:20:57,629 - INFO - z_normalization.py:145 - Assign time range and tile ID in metadata
2025-12-26 04:20:57,629 - INFO - z_normalization.py:151 - Write bands to raster COG files
2025-12-26 04:21:01,261 - INFO - z_normalization.py:164 - Write NDVI_Z -> //nas-rs.topo.auth.gr/Latomeia/DROUGHT/z_normalized/x10/y10/2025/8/01/S2L2A_znorm_x10y10_20258_NDVI_z.tif
2025-12-26 04:21:04,885 - INFO - z_normalization.py:164 - Write EVI_Z -> //nas-rs.topo.auth.gr/Latomeia/DROUGHT/z_normalized/x10/y10/2025/8/01/S2L2A_znorm_x10y10_20258_EVI_z.tif
2025-12-26 04:21:08,518 - INFO - z_normalization.py:164 - Write PSRI2_Z -> //nas-rs.topo.auth.gr/Latomeia/DROUGHT/z_normalized/x10/y10/2025/8/01/S2L2A_znorm_x10y10_20258_PSRI2_z.tif
2025-12-26 04:21:08,518 - INFO - z_normalization.py:166 - Prepare metadata YAML document
2025-12-26 04:21:08,622 - INFO - z_normalization.py:187 - Write metadata YAML document to disk
2025-12-26 04:21:08,642 - INFO - z_normalization.py:192 - Create datacube.model.Dataset from eo3 metadata
2025-12-26 04:21:08,645 - INFO - z_normalization.py:205 - Index to datacube
2025-12-26 04:21:08,645 - INFO - _datasets.py:191 - Indexing 8dee750a-0b1a-495a-ba48-43f6421471ed
2025-12-26 04:21:08,653 - INFO - z_normalization.py:208 - 
2025-12-26 04:21:08,653 - INFO - z_normalization.py:209 -              ✔✔✔ COMPLETED: Tile x10_y10 | Time: 2025-08 | In 0.22 minutes
2025-12-26 04:21:08,653 - INFO - z_normalization.py:210 - 
