2025-12-26 02:35:23,362 - INFO - z_normalization.py:42 - #######################################################################
2025-12-26 02:35:23,911 - INFO - z_normalization.py:56 - Starting Z-Normalization for x10_y10 | 2024-03
2025-12-26 02:35:23,911 - INFO - z_normalization.py:58 - Create directories and naming conversions
2025-12-26 02:35:23,927 - INFO - z_normalization.py:69 - Dataset location: //nas-rs.topo.auth.gr/Latomeia/DROUGHT/z_normalized/x10/y10/2024/3/01
2025-12-26 02:35:23,927 - INFO - z_normalization.py:74 - Z-Normalization | NDVI
2025-12-26 02:35:24,314 - INFO - z_normalization.py:83 - Loaded baseline
2025-12-26 02:35:24,315 - INFO - z_normalization.py:86 - Set up values | NDVI_mean
2025-12-26 02:35:24,346 - INFO - z_normalization.py:86 - Set up values | NDVI_std
2025-12-26 02:35:24,518 - INFO - z_normalization.py:101 - Loaded composite
2025-12-26 02:35:24,518 - INFO - z_normalization.py:103 - Set up values | NDVI
2025-12-26 02:35:24,548 - INFO - z_normalization.py:110 - Setting up normalization ... 
2025-12-26 02:35:24,548 - INFO - z_normalization.py:114 - Setting up normalization ... done
2025-12-26 02:35:24,548 - INFO - z_normalization.py:116 - Normalizing ... 
2025-12-26 02:35:24,633 - INFO - z_normalization.py:121 - Normalizing ... done
2025-12-26 02:35:24,682 - INFO - z_normalization.py:74 - Z-Normalization | EVI
2025-12-26 02:35:24,910 - INFO - z_normalization.py:83 - Loaded baseline
2025-12-26 02:35:24,910 - INFO - z_normalization.py:86 - Set up values | EVI_mean
2025-12-26 02:35:24,939 - INFO - z_normalization.py:86 - Set up values | EVI_std
2025-12-26 02:35:25,117 - INFO - z_normalization.py:101 - Loaded composite
2025-12-26 02:35:25,117 - INFO - z_normalization.py:103 - Set up values | EVI
2025-12-26 02:35:25,148 - INFO - z_normalization.py:110 - Setting up normalization ... 
2025-12-26 02:35:25,148 - INFO - z_normalization.py:114 - Setting up normalization ... done
2025-12-26 02:35:25,148 - INFO - z_normalization.py:116 - Normalizing ... 
2025-12-26 02:35:25,225 - INFO - z_normalization.py:121 - Normalizing ... done
2025-12-26 02:35:25,274 - INFO - z_normalization.py:74 - Z-Normalization | PSRI2
2025-12-26 02:35:25,501 - INFO - z_normalization.py:83 - Loaded baseline
2025-12-26 02:35:25,501 - INFO - z_normalization.py:86 - Set up values | PSRI2_mean
2025-12-26 02:35:25,530 - INFO - z_normalization.py:86 - Set up values | PSRI2_std
2025-12-26 02:35:25,702 - INFO - z_normalization.py:101 - Loaded composite
2025-12-26 02:35:25,702 - INFO - z_normalization.py:103 - Set up values | PSRI2
2025-12-26 02:35:25,733 - INFO - z_normalization.py:110 - Setting up normalization ... 
2025-12-26 02:35:25,733 - INFO - z_normalization.py:114 - Setting up normalization ... done
2025-12-26 02:35:25,733 - INFO - z_normalization.py:116 - Normalizing ... 
2025-12-26 02:35:25,809 - INFO - z_normalization.py:121 - Normalizing ... done
2025-12-26 02:35:25,872 - INFO - z_normalization.py:127 - Merging into one dataset
2025-12-26 02:35:25,874 - INFO - z_normalization.py:133 - Scale and Define data types & nodata per band
2025-12-26 02:35:25,875 - INFO - z_normalization.py:145 - Assign time range and tile ID in metadata
2025-12-26 02:35:25,875 - INFO - z_normalization.py:151 - Write bands to raster COG files
2025-12-26 02:35:29,509 - INFO - z_normalization.py:164 - Write NDVI_Z -> //nas-rs.topo.auth.gr/Latomeia/DROUGHT/z_normalized/x10/y10/2024/3/01/S2L2A_znorm_x10y10_20243_NDVI_z.tif
2025-12-26 02:35:33,046 - INFO - z_normalization.py:164 - Write EVI_Z -> //nas-rs.topo.auth.gr/Latomeia/DROUGHT/z_normalized/x10/y10/2024/3/01/S2L2A_znorm_x10y10_20243_EVI_z.tif
2025-12-26 02:35:36,724 - INFO - z_normalization.py:164 - Write PSRI2_Z -> //nas-rs.topo.auth.gr/Latomeia/DROUGHT/z_normalized/x10/y10/2024/3/01/S2L2A_znorm_x10y10_20243_PSRI2_z.tif
2025-12-26 02:35:36,724 - INFO - z_normalization.py:166 - Prepare metadata YAML document
2025-12-26 02:35:36,812 - INFO - z_normalization.py:187 - Write metadata YAML document to disk
2025-12-26 02:35:36,833 - INFO - z_normalization.py:192 - Create datacube.model.Dataset from eo3 metadata
2025-12-26 02:35:36,836 - INFO - z_normalization.py:205 - Index to datacube
2025-12-26 02:35:36,836 - INFO - _datasets.py:191 - Indexing 835b0b9c-5bd0-4517-a2b7-8417c799c5fa
2025-12-26 02:35:36,843 - INFO - z_normalization.py:208 - 
2025-12-26 02:35:36,843 - INFO - z_normalization.py:209 -              ✔✔✔ COMPLETED: Tile x10_y10 | Time: 2024-03 | In 0.22 minutes
2025-12-26 02:35:36,843 - INFO - z_normalization.py:210 - 
