2025-12-26 14:44:08,820 - INFO - z_normalization.py:42 - #######################################################################
2025-12-26 14:44:09,395 - INFO - z_normalization.py:56 - Starting Z-Normalization for x09_y10 | 2025-06
2025-12-26 14:44:09,395 - INFO - z_normalization.py:58 - Create directories and naming conversions
2025-12-26 14:44:09,408 - INFO - z_normalization.py:69 - Dataset location: //nas-rs.topo.auth.gr/Latomeia/DROUGHT/z_normalized/x09/y10/2025/6/01
2025-12-26 14:44:09,408 - INFO - z_normalization.py:74 - Z-Normalization | NDVI
2025-12-26 14:44:09,770 - INFO - z_normalization.py:83 - Loaded baseline
2025-12-26 14:44:09,770 - INFO - z_normalization.py:86 - Set up values | NDVI_mean
2025-12-26 14:44:09,799 - INFO - z_normalization.py:86 - Set up values | NDVI_std
2025-12-26 14:44:09,994 - INFO - z_normalization.py:101 - Loaded composite
2025-12-26 14:44:09,994 - INFO - z_normalization.py:103 - Set up values | NDVI
2025-12-26 14:44:10,028 - INFO - z_normalization.py:110 - Setting up normalization ... 
2025-12-26 14:44:10,029 - INFO - z_normalization.py:114 - Setting up normalization ... done
2025-12-26 14:44:10,029 - INFO - z_normalization.py:116 - Normalizing ... 
2025-12-26 14:44:10,117 - INFO - z_normalization.py:121 - Normalizing ... done
2025-12-26 14:44:10,167 - INFO - z_normalization.py:74 - Z-Normalization | EVI
2025-12-26 14:44:10,408 - INFO - z_normalization.py:83 - Loaded baseline
2025-12-26 14:44:10,408 - INFO - z_normalization.py:86 - Set up values | EVI_mean
2025-12-26 14:44:10,444 - INFO - z_normalization.py:86 - Set up values | EVI_std
2025-12-26 14:44:10,622 - INFO - z_normalization.py:101 - Loaded composite
2025-12-26 14:44:10,622 - INFO - z_normalization.py:103 - Set up values | EVI
2025-12-26 14:44:10,657 - INFO - z_normalization.py:110 - Setting up normalization ... 
2025-12-26 14:44:10,657 - INFO - z_normalization.py:114 - Setting up normalization ... done
2025-12-26 14:44:10,657 - INFO - z_normalization.py:116 - Normalizing ... 
2025-12-26 14:44:10,748 - INFO - z_normalization.py:121 - Normalizing ... done
2025-12-26 14:44:10,797 - INFO - z_normalization.py:74 - Z-Normalization | PSRI2
2025-12-26 14:44:11,030 - INFO - z_normalization.py:83 - Loaded baseline
2025-12-26 14:44:11,030 - INFO - z_normalization.py:86 - Set up values | PSRI2_mean
2025-12-26 14:44:11,064 - INFO - z_normalization.py:86 - Set up values | PSRI2_std
2025-12-26 14:44:11,227 - INFO - z_normalization.py:101 - Loaded composite
2025-12-26 14:44:11,227 - INFO - z_normalization.py:103 - Set up values | PSRI2
2025-12-26 14:44:11,259 - INFO - z_normalization.py:110 - Setting up normalization ... 
2025-12-26 14:44:11,259 - INFO - z_normalization.py:114 - Setting up normalization ... done
2025-12-26 14:44:11,259 - INFO - z_normalization.py:116 - Normalizing ... 
2025-12-26 14:44:11,335 - INFO - z_normalization.py:121 - Normalizing ... done
2025-12-26 14:44:11,387 - INFO - z_normalization.py:127 - Merging into one dataset
2025-12-26 14:44:11,388 - INFO - z_normalization.py:133 - Scale and Define data types & nodata per band
2025-12-26 14:44:11,389 - INFO - z_normalization.py:145 - Assign time range and tile ID in metadata
2025-12-26 14:44:11,389 - INFO - z_normalization.py:151 - Write bands to raster COG files
2025-12-26 14:44:15,075 - INFO - z_normalization.py:164 - Write NDVI_Z -> //nas-rs.topo.auth.gr/Latomeia/DROUGHT/z_normalized/x09/y10/2025/6/01/S2L2A_znorm_x09y10_20256_NDVI_z.tif
2025-12-26 14:44:18,639 - INFO - z_normalization.py:164 - Write EVI_Z -> //nas-rs.topo.auth.gr/Latomeia/DROUGHT/z_normalized/x09/y10/2025/6/01/S2L2A_znorm_x09y10_20256_EVI_z.tif
2025-12-26 14:44:22,247 - INFO - z_normalization.py:164 - Write PSRI2_Z -> //nas-rs.topo.auth.gr/Latomeia/DROUGHT/z_normalized/x09/y10/2025/6/01/S2L2A_znorm_x09y10_20256_PSRI2_z.tif
2025-12-26 14:44:22,248 - INFO - z_normalization.py:166 - Assert relative paths and product measurements are matched
2025-12-26 14:44:22,286 - INFO - z_normalization.py:172 - Prepare metadata YAML document
2025-12-26 14:44:22,377 - INFO - z_normalization.py:192 - Write metadata YAML document to disk
2025-12-26 14:44:22,397 - INFO - z_normalization.py:197 - Create datacube.model.Dataset from eo3 metadata
2025-12-26 14:44:22,400 - INFO - z_normalization.py:210 - Index to datacube
2025-12-26 14:44:22,401 - INFO - _datasets.py:191 - Indexing 37db3f16-0223-46ce-a4de-d8f825821dbe
2025-12-26 14:44:22,408 - INFO - z_normalization.py:213 - 
2025-12-26 14:44:22,408 - INFO - z_normalization.py:214 -              ✔✔✔ COMPLETED: Tile x09_y10 | Time: 2025-06 | In 0.22 minutes
2025-12-26 14:44:22,408 - INFO - z_normalization.py:215 - 
2025-12-26 14:44:22,408 - INFO - z_normalization.py:230 - #######################################################################
