2025-12-26 12:50:09,556 - INFO - z_normalization.py:42 - #######################################################################
2025-12-26 12:50:10,174 - INFO - z_normalization.py:56 - Starting Z-Normalization for x07_y12 | 2024-01
2025-12-26 12:50:10,174 - INFO - z_normalization.py:58 - Create directories and naming conversions
2025-12-26 12:50:10,192 - INFO - z_normalization.py:69 - Dataset location: //nas-rs.topo.auth.gr/Latomeia/DROUGHT/z_normalized/x07/y12/2024/1/01
2025-12-26 12:50:10,192 - INFO - z_normalization.py:74 - Z-Normalization | NDVI
2025-12-26 12:50:10,625 - INFO - z_normalization.py:83 - Loaded baseline
2025-12-26 12:50:10,625 - INFO - z_normalization.py:86 - Set up values | NDVI_mean
2025-12-26 12:50:10,659 - INFO - z_normalization.py:86 - Set up values | NDVI_std
2025-12-26 12:50:10,837 - INFO - z_normalization.py:101 - Loaded composite
2025-12-26 12:50:10,838 - INFO - z_normalization.py:103 - Set up values | NDVI
2025-12-26 12:50:10,868 - INFO - z_normalization.py:110 - Setting up normalization ... 
2025-12-26 12:50:10,868 - INFO - z_normalization.py:114 - Setting up normalization ... done
2025-12-26 12:50:10,868 - INFO - z_normalization.py:116 - Normalizing ... 
2025-12-26 12:50:10,955 - INFO - z_normalization.py:121 - Normalizing ... done
2025-12-26 12:50:11,011 - INFO - z_normalization.py:74 - Z-Normalization | EVI
2025-12-26 12:50:11,257 - INFO - z_normalization.py:83 - Loaded baseline
2025-12-26 12:50:11,258 - INFO - z_normalization.py:86 - Set up values | EVI_mean
2025-12-26 12:50:11,289 - INFO - z_normalization.py:86 - Set up values | EVI_std
2025-12-26 12:50:11,467 - INFO - z_normalization.py:101 - Loaded composite
2025-12-26 12:50:11,467 - INFO - z_normalization.py:103 - Set up values | EVI
2025-12-26 12:50:11,495 - INFO - z_normalization.py:110 - Setting up normalization ... 
2025-12-26 12:50:11,495 - INFO - z_normalization.py:114 - Setting up normalization ... done
2025-12-26 12:50:11,495 - INFO - z_normalization.py:116 - Normalizing ... 
2025-12-26 12:50:11,575 - INFO - z_normalization.py:121 - Normalizing ... done
2025-12-26 12:50:11,629 - INFO - z_normalization.py:74 - Z-Normalization | PSRI2
2025-12-26 12:50:11,867 - INFO - z_normalization.py:83 - Loaded baseline
2025-12-26 12:50:11,867 - INFO - z_normalization.py:86 - Set up values | PSRI2_mean
2025-12-26 12:50:11,895 - INFO - z_normalization.py:86 - Set up values | PSRI2_std
2025-12-26 12:50:12,070 - INFO - z_normalization.py:101 - Loaded composite
2025-12-26 12:50:12,070 - INFO - z_normalization.py:103 - Set up values | PSRI2
2025-12-26 12:50:12,098 - INFO - z_normalization.py:110 - Setting up normalization ... 
2025-12-26 12:50:12,098 - INFO - z_normalization.py:114 - Setting up normalization ... done
2025-12-26 12:50:12,098 - INFO - z_normalization.py:116 - Normalizing ... 
2025-12-26 12:50:12,177 - INFO - z_normalization.py:121 - Normalizing ... done
2025-12-26 12:50:12,226 - INFO - z_normalization.py:127 - Merging into one dataset
2025-12-26 12:50:12,228 - INFO - z_normalization.py:133 - Scale and Define data types & nodata per band
2025-12-26 12:50:12,229 - INFO - z_normalization.py:145 - Assign time range and tile ID in metadata
2025-12-26 12:50:12,229 - INFO - z_normalization.py:151 - Write bands to raster COG files
2025-12-26 12:50:15,972 - INFO - z_normalization.py:164 - Write NDVI_Z -> //nas-rs.topo.auth.gr/Latomeia/DROUGHT/z_normalized/x07/y12/2024/1/01/S2L2A_znorm_x07y12_20241_NDVI_z.tif
2025-12-26 12:50:19,657 - INFO - z_normalization.py:164 - Write EVI_Z -> //nas-rs.topo.auth.gr/Latomeia/DROUGHT/z_normalized/x07/y12/2024/1/01/S2L2A_znorm_x07y12_20241_EVI_z.tif
2025-12-26 12:50:23,272 - INFO - z_normalization.py:164 - Write PSRI2_Z -> //nas-rs.topo.auth.gr/Latomeia/DROUGHT/z_normalized/x07/y12/2024/1/01/S2L2A_znorm_x07y12_20241_PSRI2_z.tif
2025-12-26 12:50:23,272 - INFO - z_normalization.py:166 - Assert relative paths and product measurements are matched
2025-12-26 12:50:23,317 - INFO - z_normalization.py:172 - Prepare metadata YAML document
2025-12-26 12:50:23,432 - INFO - z_normalization.py:192 - Write metadata YAML document to disk
2025-12-26 12:50:23,451 - INFO - z_normalization.py:197 - Create datacube.model.Dataset from eo3 metadata
2025-12-26 12:50:23,455 - INFO - z_normalization.py:210 - Index to datacube
2025-12-26 12:50:23,455 - INFO - _datasets.py:191 - Indexing 8d718e16-3f9b-4aa6-a287-b9ced52129d4
2025-12-26 12:50:23,462 - INFO - z_normalization.py:213 - 
2025-12-26 12:50:23,462 - INFO - z_normalization.py:214 -              ✔✔✔ COMPLETED: Tile x07_y12 | Time: 2024-01 | In 0.22 minutes
2025-12-26 12:50:23,462 - INFO - z_normalization.py:215 - 
2025-12-26 12:50:23,462 - INFO - z_normalization.py:230 - #######################################################################
