2025-12-26 11:51:09,007 - INFO - z_normalization.py:42 - #######################################################################
2025-12-26 11:51:09,618 - INFO - z_normalization.py:56 - Starting Z-Normalization for x08_y11 | 2023-04
2025-12-26 11:51:09,618 - INFO - z_normalization.py:58 - Create directories and naming conversions
2025-12-26 11:51:09,641 - INFO - z_normalization.py:69 - Dataset location: //nas-rs.topo.auth.gr/Latomeia/DROUGHT/z_normalized/x08/y11/2023/4/01
2025-12-26 11:51:09,641 - INFO - z_normalization.py:74 - Z-Normalization | NDVI
2025-12-26 11:51:10,036 - INFO - z_normalization.py:83 - Loaded baseline
2025-12-26 11:51:10,036 - INFO - z_normalization.py:86 - Set up values | NDVI_mean
2025-12-26 11:51:10,069 - INFO - z_normalization.py:86 - Set up values | NDVI_std
2025-12-26 11:51:10,267 - INFO - z_normalization.py:101 - Loaded composite
2025-12-26 11:51:10,267 - INFO - z_normalization.py:103 - Set up values | NDVI
2025-12-26 11:51:10,304 - INFO - z_normalization.py:110 - Setting up normalization ... 
2025-12-26 11:51:10,305 - INFO - z_normalization.py:114 - Setting up normalization ... done
2025-12-26 11:51:10,305 - INFO - z_normalization.py:116 - Normalizing ... 
2025-12-26 11:51:10,397 - INFO - z_normalization.py:121 - Normalizing ... done
2025-12-26 11:51:10,452 - INFO - z_normalization.py:74 - Z-Normalization | EVI
2025-12-26 11:51:10,706 - INFO - z_normalization.py:83 - Loaded baseline
2025-12-26 11:51:10,706 - INFO - z_normalization.py:86 - Set up values | EVI_mean
2025-12-26 11:51:10,734 - INFO - z_normalization.py:86 - Set up values | EVI_std
2025-12-26 11:51:10,912 - INFO - z_normalization.py:101 - Loaded composite
2025-12-26 11:51:10,912 - INFO - z_normalization.py:103 - Set up values | EVI
2025-12-26 11:51:10,947 - INFO - z_normalization.py:110 - Setting up normalization ... 
2025-12-26 11:51:10,947 - INFO - z_normalization.py:114 - Setting up normalization ... done
2025-12-26 11:51:10,947 - INFO - z_normalization.py:116 - Normalizing ... 
2025-12-26 11:51:11,031 - INFO - z_normalization.py:121 - Normalizing ... done
2025-12-26 11:51:11,090 - INFO - z_normalization.py:74 - Z-Normalization | PSRI2
2025-12-26 11:51:11,366 - INFO - z_normalization.py:83 - Loaded baseline
2025-12-26 11:51:11,366 - INFO - z_normalization.py:86 - Set up values | PSRI2_mean
2025-12-26 11:51:11,401 - INFO - z_normalization.py:86 - Set up values | PSRI2_std
2025-12-26 11:51:11,563 - INFO - z_normalization.py:101 - Loaded composite
2025-12-26 11:51:11,563 - INFO - z_normalization.py:103 - Set up values | PSRI2
2025-12-26 11:51:11,592 - INFO - z_normalization.py:110 - Setting up normalization ... 
2025-12-26 11:51:11,593 - INFO - z_normalization.py:114 - Setting up normalization ... done
2025-12-26 11:51:11,593 - INFO - z_normalization.py:116 - Normalizing ... 
2025-12-26 11:51:11,675 - INFO - z_normalization.py:121 - Normalizing ... done
2025-12-26 11:51:11,725 - INFO - z_normalization.py:127 - Merging into one dataset
2025-12-26 11:51:11,727 - INFO - z_normalization.py:133 - Scale and Define data types & nodata per band
2025-12-26 11:51:11,727 - INFO - z_normalization.py:145 - Assign time range and tile ID in metadata
2025-12-26 11:51:11,727 - INFO - z_normalization.py:151 - Write bands to raster COG files
2025-12-26 11:51:15,787 - INFO - z_normalization.py:164 - Write NDVI_Z -> //nas-rs.topo.auth.gr/Latomeia/DROUGHT/z_normalized/x08/y11/2023/4/01/S2L2A_znorm_x08y11_20234_NDVI_z.tif
2025-12-26 11:51:19,671 - INFO - z_normalization.py:164 - Write EVI_Z -> //nas-rs.topo.auth.gr/Latomeia/DROUGHT/z_normalized/x08/y11/2023/4/01/S2L2A_znorm_x08y11_20234_EVI_z.tif
2025-12-26 11:51:23,581 - INFO - z_normalization.py:164 - Write PSRI2_Z -> //nas-rs.topo.auth.gr/Latomeia/DROUGHT/z_normalized/x08/y11/2023/4/01/S2L2A_znorm_x08y11_20234_PSRI2_z.tif
2025-12-26 11:51:23,581 - INFO - z_normalization.py:166 - Assert relative paths and product measurements are matched
2025-12-26 11:51:23,623 - INFO - z_normalization.py:172 - Prepare metadata YAML document
2025-12-26 11:51:23,722 - INFO - z_normalization.py:192 - Write metadata YAML document to disk
2025-12-26 11:51:23,743 - INFO - z_normalization.py:197 - Create datacube.model.Dataset from eo3 metadata
2025-12-26 11:51:23,749 - INFO - z_normalization.py:210 - Index to datacube
2025-12-26 11:51:23,749 - INFO - _datasets.py:191 - Indexing 0a26b576-0707-4f9a-9089-07cf97daac30
2025-12-26 11:51:23,758 - INFO - z_normalization.py:213 - 
2025-12-26 11:51:23,758 - INFO - z_normalization.py:214 -              ✔✔✔ COMPLETED: Tile x08_y11 | Time: 2023-04 | In 0.24 minutes
2025-12-26 11:51:23,758 - INFO - z_normalization.py:215 - 
