2025-12-26 04:25:23,055 - INFO - z_normalization.py:42 - #######################################################################
2025-12-26 04:25:23,597 - INFO - z_normalization.py:56 - Starting Z-Normalization for x09_y09 | 2025-09
2025-12-26 04:25:23,598 - INFO - z_normalization.py:58 - Create directories and naming conversions
2025-12-26 04:25:23,611 - INFO - z_normalization.py:69 - Dataset location: //nas-rs.topo.auth.gr/Latomeia/DROUGHT/z_normalized/x09/y09/2025/9/01
2025-12-26 04:25:23,611 - INFO - z_normalization.py:74 - Z-Normalization | NDVI
2025-12-26 04:25:24,009 - INFO - z_normalization.py:83 - Loaded baseline
2025-12-26 04:25:24,009 - INFO - z_normalization.py:86 - Set up values | NDVI_mean
2025-12-26 04:25:24,038 - INFO - z_normalization.py:86 - Set up values | NDVI_std
2025-12-26 04:25:24,229 - INFO - z_normalization.py:101 - Loaded composite
2025-12-26 04:25:24,229 - INFO - z_normalization.py:103 - Set up values | NDVI
2025-12-26 04:25:24,258 - INFO - z_normalization.py:110 - Setting up normalization ... 
2025-12-26 04:25:24,258 - INFO - z_normalization.py:114 - Setting up normalization ... done
2025-12-26 04:25:24,258 - INFO - z_normalization.py:116 - Normalizing ... 
2025-12-26 04:25:24,334 - INFO - z_normalization.py:121 - Normalizing ... done
2025-12-26 04:25:24,385 - INFO - z_normalization.py:74 - Z-Normalization | EVI
2025-12-26 04:25:24,611 - INFO - z_normalization.py:83 - Loaded baseline
2025-12-26 04:25:24,611 - INFO - z_normalization.py:86 - Set up values | EVI_mean
2025-12-26 04:25:24,641 - INFO - z_normalization.py:86 - Set up values | EVI_std
2025-12-26 04:25:24,811 - INFO - z_normalization.py:101 - Loaded composite
2025-12-26 04:25:24,811 - INFO - z_normalization.py:103 - Set up values | EVI
2025-12-26 04:25:24,839 - INFO - z_normalization.py:110 - Setting up normalization ... 
2025-12-26 04:25:24,839 - INFO - z_normalization.py:114 - Setting up normalization ... done
2025-12-26 04:25:24,839 - INFO - z_normalization.py:116 - Normalizing ... 
2025-12-26 04:25:24,918 - INFO - z_normalization.py:121 - Normalizing ... done
2025-12-26 04:25:24,968 - INFO - z_normalization.py:74 - Z-Normalization | PSRI2
2025-12-26 04:25:25,192 - INFO - z_normalization.py:83 - Loaded baseline
2025-12-26 04:25:25,193 - INFO - z_normalization.py:86 - Set up values | PSRI2_mean
2025-12-26 04:25:25,222 - INFO - z_normalization.py:86 - Set up values | PSRI2_std
2025-12-26 04:25:25,382 - INFO - z_normalization.py:101 - Loaded composite
2025-12-26 04:25:25,382 - INFO - z_normalization.py:103 - Set up values | PSRI2
2025-12-26 04:25:25,410 - INFO - z_normalization.py:110 - Setting up normalization ... 
2025-12-26 04:25:25,412 - INFO - z_normalization.py:114 - Setting up normalization ... done
2025-12-26 04:25:25,412 - INFO - z_normalization.py:116 - Normalizing ... 
2025-12-26 04:25:25,490 - INFO - z_normalization.py:121 - Normalizing ... done
2025-12-26 04:25:25,539 - INFO - z_normalization.py:127 - Merging into one dataset
2025-12-26 04:25:25,540 - INFO - z_normalization.py:133 - Scale and Define data types & nodata per band
2025-12-26 04:25:25,543 - INFO - z_normalization.py:145 - Assign time range and tile ID in metadata
2025-12-26 04:25:25,543 - INFO - z_normalization.py:151 - Write bands to raster COG files
2025-12-26 04:25:29,204 - INFO - z_normalization.py:164 - Write NDVI_Z -> //nas-rs.topo.auth.gr/Latomeia/DROUGHT/z_normalized/x09/y09/2025/9/01/S2L2A_znorm_x09y09_20259_NDVI_z.tif
2025-12-26 04:25:32,799 - INFO - z_normalization.py:164 - Write EVI_Z -> //nas-rs.topo.auth.gr/Latomeia/DROUGHT/z_normalized/x09/y09/2025/9/01/S2L2A_znorm_x09y09_20259_EVI_z.tif
2025-12-26 04:25:36,396 - INFO - z_normalization.py:164 - Write PSRI2_Z -> //nas-rs.topo.auth.gr/Latomeia/DROUGHT/z_normalized/x09/y09/2025/9/01/S2L2A_znorm_x09y09_20259_PSRI2_z.tif
2025-12-26 04:25:36,396 - INFO - z_normalization.py:166 - Prepare metadata YAML document
2025-12-26 04:25:36,486 - INFO - z_normalization.py:187 - Write metadata YAML document to disk
2025-12-26 04:25:36,507 - INFO - z_normalization.py:192 - Create datacube.model.Dataset from eo3 metadata
2025-12-26 04:25:36,511 - INFO - z_normalization.py:205 - Index to datacube
2025-12-26 04:25:36,511 - INFO - _datasets.py:191 - Indexing cd90ee5a-8b3f-435a-81a2-aad11f5b28c9
2025-12-26 04:25:36,518 - INFO - z_normalization.py:208 - 
2025-12-26 04:25:36,518 - INFO - z_normalization.py:209 -              ✔✔✔ COMPLETED: Tile x09_y09 | Time: 2025-09 | In 0.22 minutes
2025-12-26 04:25:36,518 - INFO - z_normalization.py:210 - 
