2025-12-26 02:56:01,631 - INFO - z_normalization.py:42 - #######################################################################
2025-12-26 02:56:02,180 - INFO - z_normalization.py:56 - Starting Z-Normalization for x06_y10 | 2024-07
2025-12-26 02:56:02,180 - INFO - z_normalization.py:58 - Create directories and naming conversions
2025-12-26 02:56:02,194 - INFO - z_normalization.py:69 - Dataset location: //nas-rs.topo.auth.gr/Latomeia/DROUGHT/z_normalized/x06/y10/2024/7/01
2025-12-26 02:56:02,194 - INFO - z_normalization.py:74 - Z-Normalization | NDVI
2025-12-26 02:56:02,554 - INFO - z_normalization.py:83 - Loaded baseline
2025-12-26 02:56:02,554 - INFO - z_normalization.py:86 - Set up values | NDVI_mean
2025-12-26 02:56:02,587 - INFO - z_normalization.py:86 - Set up values | NDVI_std
2025-12-26 02:56:02,769 - INFO - z_normalization.py:101 - Loaded composite
2025-12-26 02:56:02,769 - INFO - z_normalization.py:103 - Set up values | NDVI
2025-12-26 02:56:02,799 - INFO - z_normalization.py:110 - Setting up normalization ... 
2025-12-26 02:56:02,799 - INFO - z_normalization.py:114 - Setting up normalization ... done
2025-12-26 02:56:02,799 - INFO - z_normalization.py:116 - Normalizing ... 
2025-12-26 02:56:02,880 - INFO - z_normalization.py:121 - Normalizing ... done
2025-12-26 02:56:02,928 - INFO - z_normalization.py:74 - Z-Normalization | EVI
2025-12-26 02:56:03,144 - INFO - z_normalization.py:83 - Loaded baseline
2025-12-26 02:56:03,144 - INFO - z_normalization.py:86 - Set up values | EVI_mean
2025-12-26 02:56:03,171 - INFO - z_normalization.py:86 - Set up values | EVI_std
2025-12-26 02:56:03,348 - INFO - z_normalization.py:101 - Loaded composite
2025-12-26 02:56:03,349 - INFO - z_normalization.py:103 - Set up values | EVI
2025-12-26 02:56:03,376 - INFO - z_normalization.py:110 - Setting up normalization ... 
2025-12-26 02:56:03,377 - INFO - z_normalization.py:114 - Setting up normalization ... done
2025-12-26 02:56:03,377 - INFO - z_normalization.py:116 - Normalizing ... 
2025-12-26 02:56:03,453 - INFO - z_normalization.py:121 - Normalizing ... done
2025-12-26 02:56:03,503 - INFO - z_normalization.py:74 - Z-Normalization | PSRI2
2025-12-26 02:56:03,758 - INFO - z_normalization.py:83 - Loaded baseline
2025-12-26 02:56:03,758 - INFO - z_normalization.py:86 - Set up values | PSRI2_mean
2025-12-26 02:56:03,784 - INFO - z_normalization.py:86 - Set up values | PSRI2_std
2025-12-26 02:56:03,953 - INFO - z_normalization.py:101 - Loaded composite
2025-12-26 02:56:03,954 - INFO - z_normalization.py:103 - Set up values | PSRI2
2025-12-26 02:56:03,986 - INFO - z_normalization.py:110 - Setting up normalization ... 
2025-12-26 02:56:03,986 - INFO - z_normalization.py:114 - Setting up normalization ... done
2025-12-26 02:56:03,986 - INFO - z_normalization.py:116 - Normalizing ... 
2025-12-26 02:56:04,068 - INFO - z_normalization.py:121 - Normalizing ... done
2025-12-26 02:56:04,118 - INFO - z_normalization.py:127 - Merging into one dataset
2025-12-26 02:56:04,119 - INFO - z_normalization.py:133 - Scale and Define data types & nodata per band
2025-12-26 02:56:04,120 - INFO - z_normalization.py:145 - Assign time range and tile ID in metadata
2025-12-26 02:56:04,120 - INFO - z_normalization.py:151 - Write bands to raster COG files
2025-12-26 02:56:07,794 - INFO - z_normalization.py:164 - Write NDVI_Z -> //nas-rs.topo.auth.gr/Latomeia/DROUGHT/z_normalized/x06/y10/2024/7/01/S2L2A_znorm_x06y10_20247_NDVI_z.tif
2025-12-26 02:56:11,400 - INFO - z_normalization.py:164 - Write EVI_Z -> //nas-rs.topo.auth.gr/Latomeia/DROUGHT/z_normalized/x06/y10/2024/7/01/S2L2A_znorm_x06y10_20247_EVI_z.tif
2025-12-26 02:56:15,035 - INFO - z_normalization.py:164 - Write PSRI2_Z -> //nas-rs.topo.auth.gr/Latomeia/DROUGHT/z_normalized/x06/y10/2024/7/01/S2L2A_znorm_x06y10_20247_PSRI2_z.tif
2025-12-26 02:56:15,035 - INFO - z_normalization.py:166 - Prepare metadata YAML document
2025-12-26 02:56:15,121 - INFO - z_normalization.py:187 - Write metadata YAML document to disk
2025-12-26 02:56:15,142 - INFO - z_normalization.py:192 - Create datacube.model.Dataset from eo3 metadata
2025-12-26 02:56:15,149 - INFO - z_normalization.py:205 - Index to datacube
2025-12-26 02:56:15,149 - INFO - _datasets.py:191 - Indexing f6db6fe0-5277-4d7c-ad6c-6f7614a58ccb
2025-12-26 02:56:15,157 - INFO - z_normalization.py:208 - 
2025-12-26 02:56:15,158 - INFO - z_normalization.py:209 -              ✔✔✔ COMPLETED: Tile x06_y10 | Time: 2024-07 | In 0.22 minutes
2025-12-26 02:56:15,158 - INFO - z_normalization.py:210 - 
