2025-12-26 03:09:24,645 - INFO - z_normalization.py:42 - #######################################################################
2025-12-26 03:09:25,189 - INFO - z_normalization.py:56 - Starting Z-Normalization for x08_y11 | 2024-09
2025-12-26 03:09:25,189 - INFO - z_normalization.py:58 - Create directories and naming conversions
2025-12-26 03:09:25,201 - INFO - z_normalization.py:69 - Dataset location: //nas-rs.topo.auth.gr/Latomeia/DROUGHT/z_normalized/x08/y11/2024/9/01
2025-12-26 03:09:25,201 - INFO - z_normalization.py:74 - Z-Normalization | NDVI
2025-12-26 03:09:25,633 - INFO - z_normalization.py:83 - Loaded baseline
2025-12-26 03:09:25,633 - INFO - z_normalization.py:86 - Set up values | NDVI_mean
2025-12-26 03:09:25,666 - INFO - z_normalization.py:86 - Set up values | NDVI_std
2025-12-26 03:09:25,854 - INFO - z_normalization.py:101 - Loaded composite
2025-12-26 03:09:25,854 - INFO - z_normalization.py:103 - Set up values | NDVI
2025-12-26 03:09:25,884 - INFO - z_normalization.py:110 - Setting up normalization ... 
2025-12-26 03:09:25,884 - INFO - z_normalization.py:114 - Setting up normalization ... done
2025-12-26 03:09:25,884 - INFO - z_normalization.py:116 - Normalizing ... 
2025-12-26 03:09:25,962 - INFO - z_normalization.py:121 - Normalizing ... done
2025-12-26 03:09:26,016 - INFO - z_normalization.py:74 - Z-Normalization | EVI
2025-12-26 03:09:26,254 - INFO - z_normalization.py:83 - Loaded baseline
2025-12-26 03:09:26,254 - INFO - z_normalization.py:86 - Set up values | EVI_mean
2025-12-26 03:09:26,282 - INFO - z_normalization.py:86 - Set up values | EVI_std
2025-12-26 03:09:26,440 - INFO - z_normalization.py:101 - Loaded composite
2025-12-26 03:09:26,441 - INFO - z_normalization.py:103 - Set up values | EVI
2025-12-26 03:09:26,469 - INFO - z_normalization.py:110 - Setting up normalization ... 
2025-12-26 03:09:26,469 - INFO - z_normalization.py:114 - Setting up normalization ... done
2025-12-26 03:09:26,469 - INFO - z_normalization.py:116 - Normalizing ... 
2025-12-26 03:09:26,548 - INFO - z_normalization.py:121 - Normalizing ... done
2025-12-26 03:09:26,597 - INFO - z_normalization.py:74 - Z-Normalization | PSRI2
2025-12-26 03:09:26,839 - INFO - z_normalization.py:83 - Loaded baseline
2025-12-26 03:09:26,840 - INFO - z_normalization.py:86 - Set up values | PSRI2_mean
2025-12-26 03:09:26,869 - INFO - z_normalization.py:86 - Set up values | PSRI2_std
2025-12-26 03:09:27,020 - INFO - z_normalization.py:101 - Loaded composite
2025-12-26 03:09:27,021 - INFO - z_normalization.py:103 - Set up values | PSRI2
2025-12-26 03:09:27,047 - INFO - z_normalization.py:110 - Setting up normalization ... 
2025-12-26 03:09:27,047 - INFO - z_normalization.py:114 - Setting up normalization ... done
2025-12-26 03:09:27,047 - INFO - z_normalization.py:116 - Normalizing ... 
2025-12-26 03:09:27,125 - INFO - z_normalization.py:121 - Normalizing ... done
2025-12-26 03:09:27,174 - INFO - z_normalization.py:127 - Merging into one dataset
2025-12-26 03:09:27,176 - INFO - z_normalization.py:133 - Scale and Define data types & nodata per band
2025-12-26 03:09:27,178 - INFO - z_normalization.py:145 - Assign time range and tile ID in metadata
2025-12-26 03:09:27,178 - INFO - z_normalization.py:151 - Write bands to raster COG files
2025-12-26 03:09:30,760 - INFO - z_normalization.py:164 - Write NDVI_Z -> //nas-rs.topo.auth.gr/Latomeia/DROUGHT/z_normalized/x08/y11/2024/9/01/S2L2A_znorm_x08y11_20249_NDVI_z.tif
2025-12-26 03:09:34,502 - INFO - z_normalization.py:164 - Write EVI_Z -> //nas-rs.topo.auth.gr/Latomeia/DROUGHT/z_normalized/x08/y11/2024/9/01/S2L2A_znorm_x08y11_20249_EVI_z.tif
2025-12-26 03:09:38,101 - INFO - z_normalization.py:164 - Write PSRI2_Z -> //nas-rs.topo.auth.gr/Latomeia/DROUGHT/z_normalized/x08/y11/2024/9/01/S2L2A_znorm_x08y11_20249_PSRI2_z.tif
2025-12-26 03:09:38,101 - INFO - z_normalization.py:166 - Prepare metadata YAML document
2025-12-26 03:09:38,188 - INFO - z_normalization.py:187 - Write metadata YAML document to disk
2025-12-26 03:09:38,208 - INFO - z_normalization.py:192 - Create datacube.model.Dataset from eo3 metadata
2025-12-26 03:09:38,213 - INFO - z_normalization.py:205 - Index to datacube
2025-12-26 03:09:38,213 - INFO - _datasets.py:191 - Indexing 402543b5-ce35-41e5-8d7f-dc8bee9fb72d
2025-12-26 03:09:38,221 - INFO - z_normalization.py:208 - 
2025-12-26 03:09:38,221 - INFO - z_normalization.py:209 -              ✔✔✔ COMPLETED: Tile x08_y11 | Time: 2024-09 | In 0.22 minutes
2025-12-26 03:09:38,221 - INFO - z_normalization.py:210 - 
