2025-12-26 11:54:59,925 - INFO - z_normalization.py:42 - #######################################################################
2025-12-26 11:55:00,663 - INFO - z_normalization.py:56 - Starting Z-Normalization for x11_y08 | 2023-04
2025-12-26 11:55:00,663 - INFO - z_normalization.py:58 - Create directories and naming conversions
2025-12-26 11:55:00,692 - INFO - z_normalization.py:69 - Dataset location: //nas-rs.topo.auth.gr/Latomeia/DROUGHT/z_normalized/x11/y08/2023/4/01
2025-12-26 11:55:00,693 - INFO - z_normalization.py:74 - Z-Normalization | NDVI
2025-12-26 11:55:01,017 - INFO - z_normalization.py:83 - Loaded baseline
2025-12-26 11:55:01,017 - INFO - z_normalization.py:86 - Set up values | NDVI_mean
2025-12-26 11:55:01,053 - INFO - z_normalization.py:86 - Set up values | NDVI_std
2025-12-26 11:55:01,211 - INFO - z_normalization.py:101 - Loaded composite
2025-12-26 11:55:01,211 - INFO - z_normalization.py:103 - Set up values | NDVI
2025-12-26 11:55:01,250 - INFO - z_normalization.py:110 - Setting up normalization ... 
2025-12-26 11:55:01,250 - INFO - z_normalization.py:114 - Setting up normalization ... done
2025-12-26 11:55:01,250 - INFO - z_normalization.py:116 - Normalizing ... 
2025-12-26 11:55:01,341 - INFO - z_normalization.py:121 - Normalizing ... done
2025-12-26 11:55:01,407 - INFO - z_normalization.py:74 - Z-Normalization | EVI
2025-12-26 11:55:01,662 - INFO - z_normalization.py:83 - Loaded baseline
2025-12-26 11:55:01,662 - INFO - z_normalization.py:86 - Set up values | EVI_mean
2025-12-26 11:55:01,693 - INFO - z_normalization.py:86 - Set up values | EVI_std
2025-12-26 11:55:01,870 - INFO - z_normalization.py:101 - Loaded composite
2025-12-26 11:55:01,870 - INFO - z_normalization.py:103 - Set up values | EVI
2025-12-26 11:55:01,910 - INFO - z_normalization.py:110 - Setting up normalization ... 
2025-12-26 11:55:01,911 - INFO - z_normalization.py:114 - Setting up normalization ... done
2025-12-26 11:55:01,911 - INFO - z_normalization.py:116 - Normalizing ... 
2025-12-26 11:55:01,998 - INFO - z_normalization.py:121 - Normalizing ... done
2025-12-26 11:55:02,064 - INFO - z_normalization.py:74 - Z-Normalization | PSRI2
2025-12-26 11:55:02,318 - INFO - z_normalization.py:83 - Loaded baseline
2025-12-26 11:55:02,318 - INFO - z_normalization.py:86 - Set up values | PSRI2_mean
2025-12-26 11:55:02,352 - INFO - z_normalization.py:86 - Set up values | PSRI2_std
2025-12-26 11:55:02,545 - INFO - z_normalization.py:101 - Loaded composite
2025-12-26 11:55:02,546 - INFO - z_normalization.py:103 - Set up values | PSRI2
2025-12-26 11:55:02,585 - INFO - z_normalization.py:110 - Setting up normalization ... 
2025-12-26 11:55:02,585 - INFO - z_normalization.py:114 - Setting up normalization ... done
2025-12-26 11:55:02,585 - INFO - z_normalization.py:116 - Normalizing ... 
2025-12-26 11:55:02,676 - INFO - z_normalization.py:121 - Normalizing ... done
2025-12-26 11:55:02,732 - INFO - z_normalization.py:127 - Merging into one dataset
2025-12-26 11:55:02,733 - INFO - z_normalization.py:133 - Scale and Define data types & nodata per band
2025-12-26 11:55:02,734 - INFO - z_normalization.py:145 - Assign time range and tile ID in metadata
2025-12-26 11:55:02,734 - INFO - z_normalization.py:151 - Write bands to raster COG files
2025-12-26 11:55:06,560 - INFO - z_normalization.py:164 - Write NDVI_Z -> //nas-rs.topo.auth.gr/Latomeia/DROUGHT/z_normalized/x11/y08/2023/4/01/S2L2A_znorm_x11y08_20234_NDVI_z.tif
2025-12-26 11:55:10,376 - INFO - z_normalization.py:164 - Write EVI_Z -> //nas-rs.topo.auth.gr/Latomeia/DROUGHT/z_normalized/x11/y08/2023/4/01/S2L2A_znorm_x11y08_20234_EVI_z.tif
2025-12-26 11:55:14,204 - INFO - z_normalization.py:164 - Write PSRI2_Z -> //nas-rs.topo.auth.gr/Latomeia/DROUGHT/z_normalized/x11/y08/2023/4/01/S2L2A_znorm_x11y08_20234_PSRI2_z.tif
2025-12-26 11:55:14,204 - INFO - z_normalization.py:166 - Assert relative paths and product measurements are matched
2025-12-26 11:55:14,245 - INFO - z_normalization.py:172 - Prepare metadata YAML document
2025-12-26 11:55:14,341 - INFO - z_normalization.py:192 - Write metadata YAML document to disk
2025-12-26 11:55:14,364 - INFO - z_normalization.py:197 - Create datacube.model.Dataset from eo3 metadata
2025-12-26 11:55:14,367 - INFO - z_normalization.py:210 - Index to datacube
2025-12-26 11:55:14,367 - INFO - _datasets.py:191 - Indexing 0c510d34-f331-4ae4-8e96-b0cbb43e09d8
2025-12-26 11:55:14,375 - INFO - z_normalization.py:213 - 
2025-12-26 11:55:14,375 - INFO - z_normalization.py:214 -              ✔✔✔ COMPLETED: Tile x11_y08 | Time: 2023-04 | In 0.23 minutes
2025-12-26 11:55:14,375 - INFO - z_normalization.py:215 - 
2025-12-26 11:55:14,375 - INFO - z_normalization.py:230 - #######################################################################
