2025-12-26 03:28:48,003 - INFO - z_normalization.py:42 - #######################################################################
2025-12-26 03:28:48,589 - INFO - z_normalization.py:56 - Starting Z-Normalization for x09_y10 | 2024-12
2025-12-26 03:28:48,589 - INFO - z_normalization.py:58 - Create directories and naming conversions
2025-12-26 03:28:48,602 - INFO - z_normalization.py:69 - Dataset location: //nas-rs.topo.auth.gr/Latomeia/DROUGHT/z_normalized/x09/y10/2024/12/01
2025-12-26 03:28:48,602 - INFO - z_normalization.py:74 - Z-Normalization | NDVI
2025-12-26 03:28:49,023 - INFO - z_normalization.py:83 - Loaded baseline
2025-12-26 03:28:49,023 - INFO - z_normalization.py:86 - Set up values | NDVI_mean
2025-12-26 03:28:49,052 - INFO - z_normalization.py:86 - Set up values | NDVI_std
2025-12-26 03:28:49,225 - INFO - z_normalization.py:101 - Loaded composite
2025-12-26 03:28:49,225 - INFO - z_normalization.py:103 - Set up values | NDVI
2025-12-26 03:28:49,254 - INFO - z_normalization.py:110 - Setting up normalization ... 
2025-12-26 03:28:49,254 - INFO - z_normalization.py:114 - Setting up normalization ... done
2025-12-26 03:28:49,254 - INFO - z_normalization.py:116 - Normalizing ... 
2025-12-26 03:28:49,334 - INFO - z_normalization.py:121 - Normalizing ... done
2025-12-26 03:28:49,384 - INFO - z_normalization.py:74 - Z-Normalization | EVI
2025-12-26 03:28:49,611 - INFO - z_normalization.py:83 - Loaded baseline
2025-12-26 03:28:49,611 - INFO - z_normalization.py:86 - Set up values | EVI_mean
2025-12-26 03:28:49,640 - INFO - z_normalization.py:86 - Set up values | EVI_std
2025-12-26 03:28:49,818 - INFO - z_normalization.py:101 - Loaded composite
2025-12-26 03:28:49,818 - INFO - z_normalization.py:103 - Set up values | EVI
2025-12-26 03:28:49,847 - INFO - z_normalization.py:110 - Setting up normalization ... 
2025-12-26 03:28:49,847 - INFO - z_normalization.py:114 - Setting up normalization ... done
2025-12-26 03:28:49,847 - INFO - z_normalization.py:116 - Normalizing ... 
2025-12-26 03:28:49,923 - INFO - z_normalization.py:121 - Normalizing ... done
2025-12-26 03:28:49,973 - INFO - z_normalization.py:74 - Z-Normalization | PSRI2
2025-12-26 03:28:50,216 - INFO - z_normalization.py:83 - Loaded baseline
2025-12-26 03:28:50,216 - INFO - z_normalization.py:86 - Set up values | PSRI2_mean
2025-12-26 03:28:50,243 - INFO - z_normalization.py:86 - Set up values | PSRI2_std
2025-12-26 03:28:50,399 - INFO - z_normalization.py:101 - Loaded composite
2025-12-26 03:28:50,399 - INFO - z_normalization.py:103 - Set up values | PSRI2
2025-12-26 03:28:50,427 - INFO - z_normalization.py:110 - Setting up normalization ... 
2025-12-26 03:28:50,427 - INFO - z_normalization.py:114 - Setting up normalization ... done
2025-12-26 03:28:50,427 - INFO - z_normalization.py:116 - Normalizing ... 
2025-12-26 03:28:50,517 - INFO - z_normalization.py:121 - Normalizing ... done
2025-12-26 03:28:50,580 - INFO - z_normalization.py:127 - Merging into one dataset
2025-12-26 03:28:50,582 - INFO - z_normalization.py:133 - Scale and Define data types & nodata per band
2025-12-26 03:28:50,583 - INFO - z_normalization.py:145 - Assign time range and tile ID in metadata
2025-12-26 03:28:50,583 - INFO - z_normalization.py:151 - Write bands to raster COG files
2025-12-26 03:28:54,265 - INFO - z_normalization.py:164 - Write NDVI_Z -> //nas-rs.topo.auth.gr/Latomeia/DROUGHT/z_normalized/x09/y10/2024/12/01/S2L2A_znorm_x09y10_202412_NDVI_z.tif
2025-12-26 03:28:57,902 - INFO - z_normalization.py:164 - Write EVI_Z -> //nas-rs.topo.auth.gr/Latomeia/DROUGHT/z_normalized/x09/y10/2024/12/01/S2L2A_znorm_x09y10_202412_EVI_z.tif
2025-12-26 03:29:01,674 - INFO - z_normalization.py:164 - Write PSRI2_Z -> //nas-rs.topo.auth.gr/Latomeia/DROUGHT/z_normalized/x09/y10/2024/12/01/S2L2A_znorm_x09y10_202412_PSRI2_z.tif
2025-12-26 03:29:01,674 - INFO - z_normalization.py:166 - Prepare metadata YAML document
2025-12-26 03:29:01,767 - INFO - z_normalization.py:187 - Write metadata YAML document to disk
2025-12-26 03:29:01,790 - INFO - z_normalization.py:192 - Create datacube.model.Dataset from eo3 metadata
2025-12-26 03:29:01,796 - INFO - z_normalization.py:205 - Index to datacube
2025-12-26 03:29:01,796 - INFO - _datasets.py:191 - Indexing 75a11701-a588-4996-b927-dd34a1ad9be7
2025-12-26 03:29:01,802 - INFO - z_normalization.py:208 - 
2025-12-26 03:29:01,802 - INFO - z_normalization.py:209 -              ✔✔✔ COMPLETED: Tile x09_y10 | Time: 2024-12 | In 0.22 minutes
2025-12-26 03:29:01,802 - INFO - z_normalization.py:210 - 
