2025-12-26 13:40:44,892 - INFO - z_normalization.py:42 - #######################################################################
2025-12-26 13:40:45,480 - INFO - z_normalization.py:56 - Starting Z-Normalization for x12_y11 | 2024-08
2025-12-26 13:40:45,480 - INFO - z_normalization.py:58 - Create directories and naming conversions
2025-12-26 13:40:45,495 - INFO - z_normalization.py:69 - Dataset location: //nas-rs.topo.auth.gr/Latomeia/DROUGHT/z_normalized/x12/y11/2024/8/01
2025-12-26 13:40:45,495 - INFO - z_normalization.py:74 - Z-Normalization | NDVI
2025-12-26 13:40:45,884 - INFO - z_normalization.py:83 - Loaded baseline
2025-12-26 13:40:45,884 - INFO - z_normalization.py:86 - Set up values | NDVI_mean
2025-12-26 13:40:45,914 - INFO - z_normalization.py:86 - Set up values | NDVI_std
2025-12-26 13:40:46,080 - INFO - z_normalization.py:101 - Loaded composite
2025-12-26 13:40:46,080 - INFO - z_normalization.py:103 - Set up values | NDVI
2025-12-26 13:40:46,109 - INFO - z_normalization.py:110 - Setting up normalization ... 
2025-12-26 13:40:46,109 - INFO - z_normalization.py:114 - Setting up normalization ... done
2025-12-26 13:40:46,109 - INFO - z_normalization.py:116 - Normalizing ... 
2025-12-26 13:40:46,189 - INFO - z_normalization.py:121 - Normalizing ... done
2025-12-26 13:40:46,238 - INFO - z_normalization.py:74 - Z-Normalization | EVI
2025-12-26 13:40:46,486 - INFO - z_normalization.py:83 - Loaded baseline
2025-12-26 13:40:46,486 - INFO - z_normalization.py:86 - Set up values | EVI_mean
2025-12-26 13:40:46,520 - INFO - z_normalization.py:86 - Set up values | EVI_std
2025-12-26 13:40:46,694 - INFO - z_normalization.py:101 - Loaded composite
2025-12-26 13:40:46,694 - INFO - z_normalization.py:103 - Set up values | EVI
2025-12-26 13:40:46,722 - INFO - z_normalization.py:110 - Setting up normalization ... 
2025-12-26 13:40:46,722 - INFO - z_normalization.py:114 - Setting up normalization ... done
2025-12-26 13:40:46,722 - INFO - z_normalization.py:116 - Normalizing ... 
2025-12-26 13:40:46,799 - INFO - z_normalization.py:121 - Normalizing ... done
2025-12-26 13:40:46,861 - INFO - z_normalization.py:74 - Z-Normalization | PSRI2
2025-12-26 13:40:47,078 - INFO - z_normalization.py:83 - Loaded baseline
2025-12-26 13:40:47,078 - INFO - z_normalization.py:86 - Set up values | PSRI2_mean
2025-12-26 13:40:47,105 - INFO - z_normalization.py:86 - Set up values | PSRI2_std
2025-12-26 13:40:47,302 - INFO - z_normalization.py:101 - Loaded composite
2025-12-26 13:40:47,303 - INFO - z_normalization.py:103 - Set up values | PSRI2
2025-12-26 13:40:47,333 - INFO - z_normalization.py:110 - Setting up normalization ... 
2025-12-26 13:40:47,333 - INFO - z_normalization.py:114 - Setting up normalization ... done
2025-12-26 13:40:47,333 - INFO - z_normalization.py:116 - Normalizing ... 
2025-12-26 13:40:47,416 - INFO - z_normalization.py:121 - Normalizing ... done
2025-12-26 13:40:47,465 - INFO - z_normalization.py:127 - Merging into one dataset
2025-12-26 13:40:47,467 - INFO - z_normalization.py:133 - Scale and Define data types & nodata per band
2025-12-26 13:40:47,467 - INFO - z_normalization.py:145 - Assign time range and tile ID in metadata
2025-12-26 13:40:47,468 - INFO - z_normalization.py:151 - Write bands to raster COG files
2025-12-26 13:40:51,089 - INFO - z_normalization.py:164 - Write NDVI_Z -> //nas-rs.topo.auth.gr/Latomeia/DROUGHT/z_normalized/x12/y11/2024/8/01/S2L2A_znorm_x12y11_20248_NDVI_z.tif
2025-12-26 13:40:54,713 - INFO - z_normalization.py:164 - Write EVI_Z -> //nas-rs.topo.auth.gr/Latomeia/DROUGHT/z_normalized/x12/y11/2024/8/01/S2L2A_znorm_x12y11_20248_EVI_z.tif
2025-12-26 13:40:58,333 - INFO - z_normalization.py:164 - Write PSRI2_Z -> //nas-rs.topo.auth.gr/Latomeia/DROUGHT/z_normalized/x12/y11/2024/8/01/S2L2A_znorm_x12y11_20248_PSRI2_z.tif
2025-12-26 13:40:58,334 - INFO - z_normalization.py:166 - Assert relative paths and product measurements are matched
2025-12-26 13:40:58,377 - INFO - z_normalization.py:172 - Prepare metadata YAML document
2025-12-26 13:40:58,468 - INFO - z_normalization.py:192 - Write metadata YAML document to disk
2025-12-26 13:40:58,489 - INFO - z_normalization.py:197 - Create datacube.model.Dataset from eo3 metadata
2025-12-26 13:40:58,493 - INFO - z_normalization.py:210 - Index to datacube
2025-12-26 13:40:58,493 - INFO - _datasets.py:191 - Indexing 3a44d120-ad1c-4270-a93d-1ef5090678f2
2025-12-26 13:40:58,502 - INFO - z_normalization.py:213 - 
2025-12-26 13:40:58,502 - INFO - z_normalization.py:214 -              ✔✔✔ COMPLETED: Tile x12_y11 | Time: 2024-08 | In 0.22 minutes
2025-12-26 13:40:58,502 - INFO - z_normalization.py:215 - 
2025-12-26 13:40:58,502 - INFO - z_normalization.py:230 - #######################################################################
