2025-12-26 13:53:17,042 - INFO - z_normalization.py:42 - #######################################################################
2025-12-26 13:53:17,773 - INFO - z_normalization.py:56 - Starting Z-Normalization for x11_y10 | 2024-10
2025-12-26 13:53:17,774 - INFO - z_normalization.py:58 - Create directories and naming conversions
2025-12-26 13:53:17,786 - INFO - z_normalization.py:69 - Dataset location: //nas-rs.topo.auth.gr/Latomeia/DROUGHT/z_normalized/x11/y10/2024/10/01
2025-12-26 13:53:17,787 - INFO - z_normalization.py:74 - Z-Normalization | NDVI
2025-12-26 13:53:18,156 - INFO - z_normalization.py:83 - Loaded baseline
2025-12-26 13:53:18,157 - INFO - z_normalization.py:86 - Set up values | NDVI_mean
2025-12-26 13:53:18,185 - INFO - z_normalization.py:86 - Set up values | NDVI_std
2025-12-26 13:53:18,353 - INFO - z_normalization.py:101 - Loaded composite
2025-12-26 13:53:18,353 - INFO - z_normalization.py:103 - Set up values | NDVI
2025-12-26 13:53:18,384 - INFO - z_normalization.py:110 - Setting up normalization ... 
2025-12-26 13:53:18,385 - INFO - z_normalization.py:114 - Setting up normalization ... done
2025-12-26 13:53:18,385 - INFO - z_normalization.py:116 - Normalizing ... 
2025-12-26 13:53:18,470 - INFO - z_normalization.py:121 - Normalizing ... done
2025-12-26 13:53:18,520 - INFO - z_normalization.py:74 - Z-Normalization | EVI
2025-12-26 13:53:18,769 - INFO - z_normalization.py:83 - Loaded baseline
2025-12-26 13:53:18,769 - INFO - z_normalization.py:86 - Set up values | EVI_mean
2025-12-26 13:53:18,800 - INFO - z_normalization.py:86 - Set up values | EVI_std
2025-12-26 13:53:18,998 - INFO - z_normalization.py:101 - Loaded composite
2025-12-26 13:53:18,998 - INFO - z_normalization.py:103 - Set up values | EVI
2025-12-26 13:53:19,033 - INFO - z_normalization.py:110 - Setting up normalization ... 
2025-12-26 13:53:19,033 - INFO - z_normalization.py:114 - Setting up normalization ... done
2025-12-26 13:53:19,033 - INFO - z_normalization.py:116 - Normalizing ... 
2025-12-26 13:53:19,115 - INFO - z_normalization.py:121 - Normalizing ... done
2025-12-26 13:53:19,167 - INFO - z_normalization.py:74 - Z-Normalization | PSRI2
2025-12-26 13:53:19,407 - INFO - z_normalization.py:83 - Loaded baseline
2025-12-26 13:53:19,407 - INFO - z_normalization.py:86 - Set up values | PSRI2_mean
2025-12-26 13:53:19,439 - INFO - z_normalization.py:86 - Set up values | PSRI2_std
2025-12-26 13:53:19,629 - INFO - z_normalization.py:101 - Loaded composite
2025-12-26 13:53:19,629 - INFO - z_normalization.py:103 - Set up values | PSRI2
2025-12-26 13:53:19,662 - INFO - z_normalization.py:110 - Setting up normalization ... 
2025-12-26 13:53:19,662 - INFO - z_normalization.py:114 - Setting up normalization ... done
2025-12-26 13:53:19,662 - INFO - z_normalization.py:116 - Normalizing ... 
2025-12-26 13:53:19,754 - INFO - z_normalization.py:121 - Normalizing ... done
2025-12-26 13:53:19,821 - INFO - z_normalization.py:127 - Merging into one dataset
2025-12-26 13:53:19,824 - INFO - z_normalization.py:133 - Scale and Define data types & nodata per band
2025-12-26 13:53:19,825 - INFO - z_normalization.py:145 - Assign time range and tile ID in metadata
2025-12-26 13:53:19,825 - INFO - z_normalization.py:151 - Write bands to raster COG files
2025-12-26 13:53:23,905 - INFO - z_normalization.py:164 - Write NDVI_Z -> //nas-rs.topo.auth.gr/Latomeia/DROUGHT/z_normalized/x11/y10/2024/10/01/S2L2A_znorm_x11y10_202410_NDVI_z.tif
2025-12-26 13:53:27,753 - INFO - z_normalization.py:164 - Write EVI_Z -> //nas-rs.topo.auth.gr/Latomeia/DROUGHT/z_normalized/x11/y10/2024/10/01/S2L2A_znorm_x11y10_202410_EVI_z.tif
2025-12-26 13:53:31,816 - INFO - z_normalization.py:164 - Write PSRI2_Z -> //nas-rs.topo.auth.gr/Latomeia/DROUGHT/z_normalized/x11/y10/2024/10/01/S2L2A_znorm_x11y10_202410_PSRI2_z.tif
2025-12-26 13:53:31,816 - INFO - z_normalization.py:166 - Assert relative paths and product measurements are matched
2025-12-26 13:53:31,859 - INFO - z_normalization.py:172 - Prepare metadata YAML document
2025-12-26 13:53:31,952 - INFO - z_normalization.py:192 - Write metadata YAML document to disk
2025-12-26 13:53:31,973 - INFO - z_normalization.py:197 - Create datacube.model.Dataset from eo3 metadata
2025-12-26 13:53:31,977 - INFO - z_normalization.py:210 - Index to datacube
2025-12-26 13:53:31,978 - INFO - _datasets.py:191 - Indexing 7802d4b4-4020-4fc2-ab30-bbe3281b5fc4
2025-12-26 13:53:31,984 - INFO - z_normalization.py:213 - 
2025-12-26 13:53:31,984 - INFO - z_normalization.py:214 -              ✔✔✔ COMPLETED: Tile x11_y10 | Time: 2024-10 | In 0.24 minutes
2025-12-26 13:53:31,984 - INFO - z_normalization.py:215 - 
2025-12-26 13:53:31,984 - INFO - z_normalization.py:230 - #######################################################################
