2025-12-26 12:51:01,044 - INFO - z_normalization.py:42 - #######################################################################
2025-12-26 12:51:01,636 - INFO - z_normalization.py:56 - Starting Z-Normalization for x08_y12 | 2024-01
2025-12-26 12:51:01,636 - INFO - z_normalization.py:58 - Create directories and naming conversions
2025-12-26 12:51:01,655 - INFO - z_normalization.py:69 - Dataset location: //nas-rs.topo.auth.gr/Latomeia/DROUGHT/z_normalized/x08/y12/2024/1/01
2025-12-26 12:51:01,655 - INFO - z_normalization.py:74 - Z-Normalization | NDVI
2025-12-26 12:51:02,027 - INFO - z_normalization.py:83 - Loaded baseline
2025-12-26 12:51:02,027 - INFO - z_normalization.py:86 - Set up values | NDVI_mean
2025-12-26 12:51:02,054 - INFO - z_normalization.py:86 - Set up values | NDVI_std
2025-12-26 12:51:02,235 - INFO - z_normalization.py:101 - Loaded composite
2025-12-26 12:51:02,235 - INFO - z_normalization.py:103 - Set up values | NDVI
2025-12-26 12:51:02,264 - INFO - z_normalization.py:110 - Setting up normalization ... 
2025-12-26 12:51:02,264 - INFO - z_normalization.py:114 - Setting up normalization ... done
2025-12-26 12:51:02,264 - INFO - z_normalization.py:116 - Normalizing ... 
2025-12-26 12:51:02,348 - INFO - z_normalization.py:121 - Normalizing ... done
2025-12-26 12:51:02,403 - INFO - z_normalization.py:74 - Z-Normalization | EVI
2025-12-26 12:51:02,648 - INFO - z_normalization.py:83 - Loaded baseline
2025-12-26 12:51:02,648 - INFO - z_normalization.py:86 - Set up values | EVI_mean
2025-12-26 12:51:02,676 - INFO - z_normalization.py:86 - Set up values | EVI_std
2025-12-26 12:51:02,852 - INFO - z_normalization.py:101 - Loaded composite
2025-12-26 12:51:02,852 - INFO - z_normalization.py:103 - Set up values | EVI
2025-12-26 12:51:02,880 - INFO - z_normalization.py:110 - Setting up normalization ... 
2025-12-26 12:51:02,880 - INFO - z_normalization.py:114 - Setting up normalization ... done
2025-12-26 12:51:02,880 - INFO - z_normalization.py:116 - Normalizing ... 
2025-12-26 12:51:02,965 - INFO - z_normalization.py:121 - Normalizing ... done
2025-12-26 12:51:03,026 - INFO - z_normalization.py:74 - Z-Normalization | PSRI2
2025-12-26 12:51:03,253 - INFO - z_normalization.py:83 - Loaded baseline
2025-12-26 12:51:03,253 - INFO - z_normalization.py:86 - Set up values | PSRI2_mean
2025-12-26 12:51:03,282 - INFO - z_normalization.py:86 - Set up values | PSRI2_std
2025-12-26 12:51:03,454 - INFO - z_normalization.py:101 - Loaded composite
2025-12-26 12:51:03,454 - INFO - z_normalization.py:103 - Set up values | PSRI2
2025-12-26 12:51:03,481 - INFO - z_normalization.py:110 - Setting up normalization ... 
2025-12-26 12:51:03,483 - INFO - z_normalization.py:114 - Setting up normalization ... done
2025-12-26 12:51:03,483 - INFO - z_normalization.py:116 - Normalizing ... 
2025-12-26 12:51:03,566 - INFO - z_normalization.py:121 - Normalizing ... done
2025-12-26 12:51:03,616 - INFO - z_normalization.py:127 - Merging into one dataset
2025-12-26 12:51:03,618 - INFO - z_normalization.py:133 - Scale and Define data types & nodata per band
2025-12-26 12:51:03,619 - INFO - z_normalization.py:145 - Assign time range and tile ID in metadata
2025-12-26 12:51:03,619 - INFO - z_normalization.py:151 - Write bands to raster COG files
2025-12-26 12:51:07,222 - INFO - z_normalization.py:164 - Write NDVI_Z -> //nas-rs.topo.auth.gr/Latomeia/DROUGHT/z_normalized/x08/y12/2024/1/01/S2L2A_znorm_x08y12_20241_NDVI_z.tif
2025-12-26 12:51:10,841 - INFO - z_normalization.py:164 - Write EVI_Z -> //nas-rs.topo.auth.gr/Latomeia/DROUGHT/z_normalized/x08/y12/2024/1/01/S2L2A_znorm_x08y12_20241_EVI_z.tif
2025-12-26 12:51:14,543 - INFO - z_normalization.py:164 - Write PSRI2_Z -> //nas-rs.topo.auth.gr/Latomeia/DROUGHT/z_normalized/x08/y12/2024/1/01/S2L2A_znorm_x08y12_20241_PSRI2_z.tif
2025-12-26 12:51:14,543 - INFO - z_normalization.py:166 - Assert relative paths and product measurements are matched
2025-12-26 12:51:14,589 - INFO - z_normalization.py:172 - Prepare metadata YAML document
2025-12-26 12:51:14,691 - INFO - z_normalization.py:192 - Write metadata YAML document to disk
2025-12-26 12:51:14,715 - INFO - z_normalization.py:197 - Create datacube.model.Dataset from eo3 metadata
2025-12-26 12:51:14,722 - INFO - z_normalization.py:210 - Index to datacube
2025-12-26 12:51:14,722 - INFO - _datasets.py:191 - Indexing d8738279-85a1-446f-b9c9-480e02300ca9
2025-12-26 12:51:14,733 - INFO - z_normalization.py:213 - 
2025-12-26 12:51:14,733 - INFO - z_normalization.py:214 -              ✔✔✔ COMPLETED: Tile x08_y12 | Time: 2024-01 | In 0.22 minutes
2025-12-26 12:51:14,734 - INFO - z_normalization.py:215 - 
2025-12-26 12:51:14,734 - INFO - z_normalization.py:230 - #######################################################################
