2025-12-26 11:52:39,071 - INFO - z_normalization.py:42 - #######################################################################
2025-12-26 11:52:39,679 - INFO - z_normalization.py:56 - Starting Z-Normalization for x09_y10 | 2023-04
2025-12-26 11:52:39,679 - INFO - z_normalization.py:58 - Create directories and naming conversions
2025-12-26 11:52:39,701 - INFO - z_normalization.py:69 - Dataset location: //nas-rs.topo.auth.gr/Latomeia/DROUGHT/z_normalized/x09/y10/2023/4/01
2025-12-26 11:52:39,702 - INFO - z_normalization.py:74 - Z-Normalization | NDVI
2025-12-26 11:52:40,097 - INFO - z_normalization.py:83 - Loaded baseline
2025-12-26 11:52:40,097 - INFO - z_normalization.py:86 - Set up values | NDVI_mean
2025-12-26 11:52:40,133 - INFO - z_normalization.py:86 - Set up values | NDVI_std
2025-12-26 11:52:40,323 - INFO - z_normalization.py:101 - Loaded composite
2025-12-26 11:52:40,323 - INFO - z_normalization.py:103 - Set up values | NDVI
2025-12-26 11:52:40,353 - INFO - z_normalization.py:110 - Setting up normalization ... 
2025-12-26 11:52:40,353 - INFO - z_normalization.py:114 - Setting up normalization ... done
2025-12-26 11:52:40,353 - INFO - z_normalization.py:116 - Normalizing ... 
2025-12-26 11:52:40,446 - INFO - z_normalization.py:121 - Normalizing ... done
2025-12-26 11:52:40,497 - INFO - z_normalization.py:74 - Z-Normalization | EVI
2025-12-26 11:52:40,737 - INFO - z_normalization.py:83 - Loaded baseline
2025-12-26 11:52:40,737 - INFO - z_normalization.py:86 - Set up values | EVI_mean
2025-12-26 11:52:40,765 - INFO - z_normalization.py:86 - Set up values | EVI_std
2025-12-26 11:52:40,939 - INFO - z_normalization.py:101 - Loaded composite
2025-12-26 11:52:40,939 - INFO - z_normalization.py:103 - Set up values | EVI
2025-12-26 11:52:40,969 - INFO - z_normalization.py:110 - Setting up normalization ... 
2025-12-26 11:52:40,969 - INFO - z_normalization.py:114 - Setting up normalization ... done
2025-12-26 11:52:40,969 - INFO - z_normalization.py:116 - Normalizing ... 
2025-12-26 11:52:41,049 - INFO - z_normalization.py:121 - Normalizing ... done
2025-12-26 11:52:41,104 - INFO - z_normalization.py:74 - Z-Normalization | PSRI2
2025-12-26 11:52:41,335 - INFO - z_normalization.py:83 - Loaded baseline
2025-12-26 11:52:41,335 - INFO - z_normalization.py:86 - Set up values | PSRI2_mean
2025-12-26 11:52:41,370 - INFO - z_normalization.py:86 - Set up values | PSRI2_std
2025-12-26 11:52:41,536 - INFO - z_normalization.py:101 - Loaded composite
2025-12-26 11:52:41,536 - INFO - z_normalization.py:103 - Set up values | PSRI2
2025-12-26 11:52:41,564 - INFO - z_normalization.py:110 - Setting up normalization ... 
2025-12-26 11:52:41,564 - INFO - z_normalization.py:114 - Setting up normalization ... done
2025-12-26 11:52:41,564 - INFO - z_normalization.py:116 - Normalizing ... 
2025-12-26 11:52:41,646 - INFO - z_normalization.py:121 - Normalizing ... done
2025-12-26 11:52:41,696 - INFO - z_normalization.py:127 - Merging into one dataset
2025-12-26 11:52:41,698 - INFO - z_normalization.py:133 - Scale and Define data types & nodata per band
2025-12-26 11:52:41,700 - INFO - z_normalization.py:145 - Assign time range and tile ID in metadata
2025-12-26 11:52:41,700 - INFO - z_normalization.py:151 - Write bands to raster COG files
2025-12-26 11:52:45,429 - INFO - z_normalization.py:164 - Write NDVI_Z -> //nas-rs.topo.auth.gr/Latomeia/DROUGHT/z_normalized/x09/y10/2023/4/01/S2L2A_znorm_x09y10_20234_NDVI_z.tif
2025-12-26 11:52:49,705 - INFO - z_normalization.py:164 - Write EVI_Z -> //nas-rs.topo.auth.gr/Latomeia/DROUGHT/z_normalized/x09/y10/2023/4/01/S2L2A_znorm_x09y10_20234_EVI_z.tif
2025-12-26 11:52:53,739 - INFO - z_normalization.py:164 - Write PSRI2_Z -> //nas-rs.topo.auth.gr/Latomeia/DROUGHT/z_normalized/x09/y10/2023/4/01/S2L2A_znorm_x09y10_20234_PSRI2_z.tif
2025-12-26 11:52:53,739 - INFO - z_normalization.py:166 - Assert relative paths and product measurements are matched
2025-12-26 11:52:53,781 - INFO - z_normalization.py:172 - Prepare metadata YAML document
2025-12-26 11:52:53,879 - INFO - z_normalization.py:192 - Write metadata YAML document to disk
2025-12-26 11:52:53,899 - INFO - z_normalization.py:197 - Create datacube.model.Dataset from eo3 metadata
2025-12-26 11:52:53,903 - INFO - z_normalization.py:210 - Index to datacube
2025-12-26 11:52:53,904 - INFO - _datasets.py:191 - Indexing 2808e1fc-cf0e-4df2-8131-ae5f3bcd1ecd
2025-12-26 11:52:53,913 - INFO - z_normalization.py:213 - 
2025-12-26 11:52:53,913 - INFO - z_normalization.py:214 -              ✔✔✔ COMPLETED: Tile x09_y10 | Time: 2023-04 | In 0.24 minutes
2025-12-26 11:52:53,914 - INFO - z_normalization.py:215 - 
2025-12-26 11:52:53,914 - INFO - z_normalization.py:230 - #######################################################################
