2025-12-26 12:40:55,116 - INFO - z_normalization.py:42 - #######################################################################
2025-12-26 12:40:55,656 - INFO - z_normalization.py:56 - Starting Z-Normalization for x10_y11 | 2023-11
2025-12-26 12:40:55,656 - INFO - z_normalization.py:58 - Create directories and naming conversions
2025-12-26 12:40:55,668 - INFO - z_normalization.py:69 - Dataset location: //nas-rs.topo.auth.gr/Latomeia/DROUGHT/z_normalized/x10/y11/2023/11/01
2025-12-26 12:40:55,668 - INFO - z_normalization.py:74 - Z-Normalization | NDVI
2025-12-26 12:40:56,051 - INFO - z_normalization.py:83 - Loaded baseline
2025-12-26 12:40:56,051 - INFO - z_normalization.py:86 - Set up values | NDVI_mean
2025-12-26 12:40:56,082 - INFO - z_normalization.py:86 - Set up values | NDVI_std
2025-12-26 12:40:56,284 - INFO - z_normalization.py:101 - Loaded composite
2025-12-26 12:40:56,284 - INFO - z_normalization.py:103 - Set up values | NDVI
2025-12-26 12:40:56,315 - INFO - z_normalization.py:110 - Setting up normalization ... 
2025-12-26 12:40:56,315 - INFO - z_normalization.py:114 - Setting up normalization ... done
2025-12-26 12:40:56,315 - INFO - z_normalization.py:116 - Normalizing ... 
2025-12-26 12:40:56,394 - INFO - z_normalization.py:121 - Normalizing ... done
2025-12-26 12:40:56,443 - INFO - z_normalization.py:74 - Z-Normalization | EVI
2025-12-26 12:40:56,688 - INFO - z_normalization.py:83 - Loaded baseline
2025-12-26 12:40:56,688 - INFO - z_normalization.py:86 - Set up values | EVI_mean
2025-12-26 12:40:56,716 - INFO - z_normalization.py:86 - Set up values | EVI_std
2025-12-26 12:40:56,897 - INFO - z_normalization.py:101 - Loaded composite
2025-12-26 12:40:56,897 - INFO - z_normalization.py:103 - Set up values | EVI
2025-12-26 12:40:56,925 - INFO - z_normalization.py:110 - Setting up normalization ... 
2025-12-26 12:40:56,926 - INFO - z_normalization.py:114 - Setting up normalization ... done
2025-12-26 12:40:56,926 - INFO - z_normalization.py:116 - Normalizing ... 
2025-12-26 12:40:57,004 - INFO - z_normalization.py:121 - Normalizing ... done
2025-12-26 12:40:57,055 - INFO - z_normalization.py:74 - Z-Normalization | PSRI2
2025-12-26 12:40:57,302 - INFO - z_normalization.py:83 - Loaded baseline
2025-12-26 12:40:57,302 - INFO - z_normalization.py:86 - Set up values | PSRI2_mean
2025-12-26 12:40:57,335 - INFO - z_normalization.py:86 - Set up values | PSRI2_std
2025-12-26 12:40:57,518 - INFO - z_normalization.py:101 - Loaded composite
2025-12-26 12:40:57,518 - INFO - z_normalization.py:103 - Set up values | PSRI2
2025-12-26 12:40:57,550 - INFO - z_normalization.py:110 - Setting up normalization ... 
2025-12-26 12:40:57,550 - INFO - z_normalization.py:114 - Setting up normalization ... done
2025-12-26 12:40:57,550 - INFO - z_normalization.py:116 - Normalizing ... 
2025-12-26 12:40:57,628 - INFO - z_normalization.py:121 - Normalizing ... done
2025-12-26 12:40:57,679 - INFO - z_normalization.py:127 - Merging into one dataset
2025-12-26 12:40:57,679 - INFO - z_normalization.py:133 - Scale and Define data types & nodata per band
2025-12-26 12:40:57,682 - INFO - z_normalization.py:145 - Assign time range and tile ID in metadata
2025-12-26 12:40:57,682 - INFO - z_normalization.py:151 - Write bands to raster COG files
2025-12-26 12:41:01,454 - INFO - z_normalization.py:164 - Write NDVI_Z -> //nas-rs.topo.auth.gr/Latomeia/DROUGHT/z_normalized/x10/y11/2023/11/01/S2L2A_znorm_x10y11_202311_NDVI_z.tif
2025-12-26 12:41:05,121 - INFO - z_normalization.py:164 - Write EVI_Z -> //nas-rs.topo.auth.gr/Latomeia/DROUGHT/z_normalized/x10/y11/2023/11/01/S2L2A_znorm_x10y11_202311_EVI_z.tif
2025-12-26 12:41:08,787 - INFO - z_normalization.py:164 - Write PSRI2_Z -> //nas-rs.topo.auth.gr/Latomeia/DROUGHT/z_normalized/x10/y11/2023/11/01/S2L2A_znorm_x10y11_202311_PSRI2_z.tif
2025-12-26 12:41:08,787 - INFO - z_normalization.py:166 - Assert relative paths and product measurements are matched
2025-12-26 12:41:08,831 - INFO - z_normalization.py:172 - Prepare metadata YAML document
2025-12-26 12:41:08,920 - INFO - z_normalization.py:192 - Write metadata YAML document to disk
2025-12-26 12:41:08,943 - INFO - z_normalization.py:197 - Create datacube.model.Dataset from eo3 metadata
2025-12-26 12:41:08,946 - INFO - z_normalization.py:210 - Index to datacube
2025-12-26 12:41:08,947 - INFO - _datasets.py:191 - Indexing 0bc9c085-70d3-4d7b-9ba3-d7f7ad052b6c
2025-12-26 12:41:08,954 - INFO - z_normalization.py:213 - 
2025-12-26 12:41:08,954 - INFO - z_normalization.py:214 -              ✔✔✔ COMPLETED: Tile x10_y11 | Time: 2023-11 | In 0.22 minutes
2025-12-26 12:41:08,954 - INFO - z_normalization.py:215 - 
2025-12-26 12:41:08,954 - INFO - z_normalization.py:230 - #######################################################################
