2025-12-26 02:13:04,504 - INFO - z_normalization.py:42 - #######################################################################
2025-12-26 02:13:05,068 - INFO - z_normalization.py:56 - Starting Z-Normalization for x12_y12 | 2023-11
2025-12-26 02:13:05,068 - INFO - z_normalization.py:58 - Create directories and naming conversions
2025-12-26 02:13:05,082 - INFO - z_normalization.py:69 - Dataset location: //nas-rs.topo.auth.gr/Latomeia/DROUGHT/z_normalized/x12/y12/2023/11/01
2025-12-26 02:13:05,082 - INFO - z_normalization.py:74 - Z-Normalization | NDVI
2025-12-26 02:13:05,483 - INFO - z_normalization.py:83 - Loaded baseline
2025-12-26 02:13:05,483 - INFO - z_normalization.py:86 - Set up values | NDVI_mean
2025-12-26 02:13:05,513 - INFO - z_normalization.py:86 - Set up values | NDVI_std
2025-12-26 02:13:05,674 - INFO - z_normalization.py:101 - Loaded composite
2025-12-26 02:13:05,674 - INFO - z_normalization.py:103 - Set up values | NDVI
2025-12-26 02:13:05,704 - INFO - z_normalization.py:110 - Setting up normalization ... 
2025-12-26 02:13:05,704 - INFO - z_normalization.py:114 - Setting up normalization ... done
2025-12-26 02:13:05,704 - INFO - z_normalization.py:116 - Normalizing ... 
2025-12-26 02:13:05,818 - INFO - z_normalization.py:121 - Normalizing ... done
2025-12-26 02:13:05,877 - INFO - z_normalization.py:74 - Z-Normalization | EVI
2025-12-26 02:13:06,089 - INFO - z_normalization.py:83 - Loaded baseline
2025-12-26 02:13:06,090 - INFO - z_normalization.py:86 - Set up values | EVI_mean
2025-12-26 02:13:06,118 - INFO - z_normalization.py:86 - Set up values | EVI_std
2025-12-26 02:13:06,287 - INFO - z_normalization.py:101 - Loaded composite
2025-12-26 02:13:06,287 - INFO - z_normalization.py:103 - Set up values | EVI
2025-12-26 02:13:06,327 - INFO - z_normalization.py:110 - Setting up normalization ... 
2025-12-26 02:13:06,328 - INFO - z_normalization.py:114 - Setting up normalization ... done
2025-12-26 02:13:06,328 - INFO - z_normalization.py:116 - Normalizing ... 
2025-12-26 02:13:06,406 - INFO - z_normalization.py:121 - Normalizing ... done
2025-12-26 02:13:06,457 - INFO - z_normalization.py:74 - Z-Normalization | PSRI2
2025-12-26 02:13:06,696 - INFO - z_normalization.py:83 - Loaded baseline
2025-12-26 02:13:06,696 - INFO - z_normalization.py:86 - Set up values | PSRI2_mean
2025-12-26 02:13:06,725 - INFO - z_normalization.py:86 - Set up values | PSRI2_std
2025-12-26 02:13:06,893 - INFO - z_normalization.py:101 - Loaded composite
2025-12-26 02:13:06,893 - INFO - z_normalization.py:103 - Set up values | PSRI2
2025-12-26 02:13:06,922 - INFO - z_normalization.py:110 - Setting up normalization ... 
2025-12-26 02:13:06,922 - INFO - z_normalization.py:114 - Setting up normalization ... done
2025-12-26 02:13:06,923 - INFO - z_normalization.py:116 - Normalizing ... 
2025-12-26 02:13:07,001 - INFO - z_normalization.py:121 - Normalizing ... done
2025-12-26 02:13:07,053 - INFO - z_normalization.py:127 - Merging into one dataset
2025-12-26 02:13:07,054 - INFO - z_normalization.py:133 - Scale and Define data types & nodata per band
2025-12-26 02:13:07,056 - INFO - z_normalization.py:145 - Assign time range and tile ID in metadata
2025-12-26 02:13:07,056 - INFO - z_normalization.py:151 - Write bands to raster COG files
2025-12-26 02:13:10,971 - INFO - z_normalization.py:164 - Write NDVI_Z -> //nas-rs.topo.auth.gr/Latomeia/DROUGHT/z_normalized/x12/y12/2023/11/01/S2L2A_znorm_x12y12_202311_NDVI_z.tif
2025-12-26 02:13:15,076 - INFO - z_normalization.py:164 - Write EVI_Z -> //nas-rs.topo.auth.gr/Latomeia/DROUGHT/z_normalized/x12/y12/2023/11/01/S2L2A_znorm_x12y12_202311_EVI_z.tif
2025-12-26 02:13:18,742 - INFO - z_normalization.py:164 - Write PSRI2_Z -> //nas-rs.topo.auth.gr/Latomeia/DROUGHT/z_normalized/x12/y12/2023/11/01/S2L2A_znorm_x12y12_202311_PSRI2_z.tif
2025-12-26 02:13:18,742 - INFO - z_normalization.py:166 - Prepare metadata YAML document
2025-12-26 02:13:18,834 - INFO - z_normalization.py:187 - Write metadata YAML document to disk
2025-12-26 02:13:18,854 - INFO - z_normalization.py:192 - Create datacube.model.Dataset from eo3 metadata
2025-12-26 02:13:18,858 - INFO - z_normalization.py:205 - Index to datacube
2025-12-26 02:13:18,858 - INFO - _datasets.py:191 - Indexing 51d22908-58fb-485f-b286-209349a31319
2025-12-26 02:13:18,866 - INFO - z_normalization.py:208 - 
2025-12-26 02:13:18,866 - INFO - z_normalization.py:209 -              ✔✔✔ COMPLETED: Tile x12_y12 | Time: 2023-11 | In 0.23 minutes
2025-12-26 02:13:18,866 - INFO - z_normalization.py:210 - 
