2025-12-26 11:53:32,595 - INFO - z_normalization.py:42 - #######################################################################
2025-12-26 11:53:33,144 - INFO - z_normalization.py:56 - Starting Z-Normalization for x10_y07 | 2023-04
2025-12-26 11:53:33,144 - INFO - z_normalization.py:58 - Create directories and naming conversions
2025-12-26 11:53:33,171 - INFO - z_normalization.py:69 - Dataset location: //nas-rs.topo.auth.gr/Latomeia/DROUGHT/z_normalized/x10/y07/2023/4/01
2025-12-26 11:53:33,171 - INFO - z_normalization.py:74 - Z-Normalization | NDVI
2025-12-26 11:53:33,526 - INFO - z_normalization.py:83 - Loaded baseline
2025-12-26 11:53:33,527 - INFO - z_normalization.py:86 - Set up values | NDVI_mean
2025-12-26 11:53:33,558 - INFO - z_normalization.py:86 - Set up values | NDVI_std
2025-12-26 11:53:33,724 - INFO - z_normalization.py:101 - Loaded composite
2025-12-26 11:53:33,725 - INFO - z_normalization.py:103 - Set up values | NDVI
2025-12-26 11:53:33,755 - INFO - z_normalization.py:110 - Setting up normalization ... 
2025-12-26 11:53:33,756 - INFO - z_normalization.py:114 - Setting up normalization ... done
2025-12-26 11:53:33,756 - INFO - z_normalization.py:116 - Normalizing ... 
2025-12-26 11:53:33,842 - INFO - z_normalization.py:121 - Normalizing ... done
2025-12-26 11:53:33,893 - INFO - z_normalization.py:74 - Z-Normalization | EVI
2025-12-26 11:53:34,140 - INFO - z_normalization.py:83 - Loaded baseline
2025-12-26 11:53:34,141 - INFO - z_normalization.py:86 - Set up values | EVI_mean
2025-12-26 11:53:34,173 - INFO - z_normalization.py:86 - Set up values | EVI_std
2025-12-26 11:53:34,370 - INFO - z_normalization.py:101 - Loaded composite
2025-12-26 11:53:34,370 - INFO - z_normalization.py:103 - Set up values | EVI
2025-12-26 11:53:34,406 - INFO - z_normalization.py:110 - Setting up normalization ... 
2025-12-26 11:53:34,406 - INFO - z_normalization.py:114 - Setting up normalization ... done
2025-12-26 11:53:34,406 - INFO - z_normalization.py:116 - Normalizing ... 
2025-12-26 11:53:34,482 - INFO - z_normalization.py:121 - Normalizing ... done
2025-12-26 11:53:34,536 - INFO - z_normalization.py:74 - Z-Normalization | PSRI2
2025-12-26 11:53:34,759 - INFO - z_normalization.py:83 - Loaded baseline
2025-12-26 11:53:34,760 - INFO - z_normalization.py:86 - Set up values | PSRI2_mean
2025-12-26 11:53:34,789 - INFO - z_normalization.py:86 - Set up values | PSRI2_std
2025-12-26 11:53:34,960 - INFO - z_normalization.py:101 - Loaded composite
2025-12-26 11:53:34,960 - INFO - z_normalization.py:103 - Set up values | PSRI2
2025-12-26 11:53:34,989 - INFO - z_normalization.py:110 - Setting up normalization ... 
2025-12-26 11:53:34,990 - INFO - z_normalization.py:114 - Setting up normalization ... done
2025-12-26 11:53:34,990 - INFO - z_normalization.py:116 - Normalizing ... 
2025-12-26 11:53:35,072 - INFO - z_normalization.py:121 - Normalizing ... done
2025-12-26 11:53:35,123 - INFO - z_normalization.py:127 - Merging into one dataset
2025-12-26 11:53:35,125 - INFO - z_normalization.py:133 - Scale and Define data types & nodata per band
2025-12-26 11:53:35,127 - INFO - z_normalization.py:145 - Assign time range and tile ID in metadata
2025-12-26 11:53:35,127 - INFO - z_normalization.py:151 - Write bands to raster COG files
2025-12-26 11:53:38,814 - INFO - z_normalization.py:164 - Write NDVI_Z -> //nas-rs.topo.auth.gr/Latomeia/DROUGHT/z_normalized/x10/y07/2023/4/01/S2L2A_znorm_x10y07_20234_NDVI_z.tif
2025-12-26 11:53:42,583 - INFO - z_normalization.py:164 - Write EVI_Z -> //nas-rs.topo.auth.gr/Latomeia/DROUGHT/z_normalized/x10/y07/2023/4/01/S2L2A_znorm_x10y07_20234_EVI_z.tif
2025-12-26 11:53:46,249 - INFO - z_normalization.py:164 - Write PSRI2_Z -> //nas-rs.topo.auth.gr/Latomeia/DROUGHT/z_normalized/x10/y07/2023/4/01/S2L2A_znorm_x10y07_20234_PSRI2_z.tif
2025-12-26 11:53:46,249 - INFO - z_normalization.py:166 - Assert relative paths and product measurements are matched
2025-12-26 11:53:46,287 - INFO - z_normalization.py:172 - Prepare metadata YAML document
2025-12-26 11:53:46,395 - INFO - z_normalization.py:192 - Write metadata YAML document to disk
2025-12-26 11:53:46,415 - INFO - z_normalization.py:197 - Create datacube.model.Dataset from eo3 metadata
2025-12-26 11:53:46,421 - INFO - z_normalization.py:210 - Index to datacube
2025-12-26 11:53:46,421 - INFO - _datasets.py:191 - Indexing c27c1aca-765d-45d9-bc1f-b85ef70fdd19
2025-12-26 11:53:46,428 - INFO - z_normalization.py:213 - 
2025-12-26 11:53:46,428 - INFO - z_normalization.py:214 -              ✔✔✔ COMPLETED: Tile x10_y07 | Time: 2023-04 | In 0.22 minutes
2025-12-26 11:53:46,428 - INFO - z_normalization.py:215 - 
2025-12-26 11:53:46,428 - INFO - z_normalization.py:230 - #######################################################################
