2025-12-26 02:33:59,845 - INFO - z_normalization.py:42 - #######################################################################
2025-12-26 02:34:00,403 - INFO - z_normalization.py:56 - Starting Z-Normalization for x09_y11 | 2024-03
2025-12-26 02:34:00,404 - INFO - z_normalization.py:58 - Create directories and naming conversions
2025-12-26 02:34:00,438 - INFO - z_normalization.py:69 - Dataset location: //nas-rs.topo.auth.gr/Latomeia/DROUGHT/z_normalized/x09/y11/2024/3/01
2025-12-26 02:34:00,438 - INFO - z_normalization.py:74 - Z-Normalization | NDVI
2025-12-26 02:34:00,842 - INFO - z_normalization.py:83 - Loaded baseline
2025-12-26 02:34:00,842 - INFO - z_normalization.py:86 - Set up values | NDVI_mean
2025-12-26 02:34:00,873 - INFO - z_normalization.py:86 - Set up values | NDVI_std
2025-12-26 02:34:01,053 - INFO - z_normalization.py:101 - Loaded composite
2025-12-26 02:34:01,053 - INFO - z_normalization.py:103 - Set up values | NDVI
2025-12-26 02:34:01,084 - INFO - z_normalization.py:110 - Setting up normalization ... 
2025-12-26 02:34:01,084 - INFO - z_normalization.py:114 - Setting up normalization ... done
2025-12-26 02:34:01,084 - INFO - z_normalization.py:116 - Normalizing ... 
2025-12-26 02:34:01,164 - INFO - z_normalization.py:121 - Normalizing ... done
2025-12-26 02:34:01,213 - INFO - z_normalization.py:74 - Z-Normalization | EVI
2025-12-26 02:34:01,438 - INFO - z_normalization.py:83 - Loaded baseline
2025-12-26 02:34:01,438 - INFO - z_normalization.py:86 - Set up values | EVI_mean
2025-12-26 02:34:01,470 - INFO - z_normalization.py:86 - Set up values | EVI_std
2025-12-26 02:34:01,650 - INFO - z_normalization.py:101 - Loaded composite
2025-12-26 02:34:01,650 - INFO - z_normalization.py:103 - Set up values | EVI
2025-12-26 02:34:01,678 - INFO - z_normalization.py:110 - Setting up normalization ... 
2025-12-26 02:34:01,679 - INFO - z_normalization.py:114 - Setting up normalization ... done
2025-12-26 02:34:01,679 - INFO - z_normalization.py:116 - Normalizing ... 
2025-12-26 02:34:01,756 - INFO - z_normalization.py:121 - Normalizing ... done
2025-12-26 02:34:01,825 - INFO - z_normalization.py:74 - Z-Normalization | PSRI2
2025-12-26 02:34:02,115 - INFO - z_normalization.py:83 - Loaded baseline
2025-12-26 02:34:02,115 - INFO - z_normalization.py:86 - Set up values | PSRI2_mean
2025-12-26 02:34:02,152 - INFO - z_normalization.py:86 - Set up values | PSRI2_std
2025-12-26 02:34:02,342 - INFO - z_normalization.py:101 - Loaded composite
2025-12-26 02:34:02,342 - INFO - z_normalization.py:103 - Set up values | PSRI2
2025-12-26 02:34:02,374 - INFO - z_normalization.py:110 - Setting up normalization ... 
2025-12-26 02:34:02,375 - INFO - z_normalization.py:114 - Setting up normalization ... done
2025-12-26 02:34:02,375 - INFO - z_normalization.py:116 - Normalizing ... 
2025-12-26 02:34:02,464 - INFO - z_normalization.py:121 - Normalizing ... done
2025-12-26 02:34:02,522 - INFO - z_normalization.py:127 - Merging into one dataset
2025-12-26 02:34:02,524 - INFO - z_normalization.py:133 - Scale and Define data types & nodata per band
2025-12-26 02:34:02,525 - INFO - z_normalization.py:145 - Assign time range and tile ID in metadata
2025-12-26 02:34:02,525 - INFO - z_normalization.py:151 - Write bands to raster COG files
2025-12-26 02:34:06,339 - INFO - z_normalization.py:164 - Write NDVI_Z -> //nas-rs.topo.auth.gr/Latomeia/DROUGHT/z_normalized/x09/y11/2024/3/01/S2L2A_znorm_x09y11_20243_NDVI_z.tif
2025-12-26 02:34:09,922 - INFO - z_normalization.py:164 - Write EVI_Z -> //nas-rs.topo.auth.gr/Latomeia/DROUGHT/z_normalized/x09/y11/2024/3/01/S2L2A_znorm_x09y11_20243_EVI_z.tif
2025-12-26 02:34:13,462 - INFO - z_normalization.py:164 - Write PSRI2_Z -> //nas-rs.topo.auth.gr/Latomeia/DROUGHT/z_normalized/x09/y11/2024/3/01/S2L2A_znorm_x09y11_20243_PSRI2_z.tif
2025-12-26 02:34:13,462 - INFO - z_normalization.py:166 - Prepare metadata YAML document
2025-12-26 02:34:13,592 - INFO - z_normalization.py:187 - Write metadata YAML document to disk
2025-12-26 02:34:13,610 - INFO - z_normalization.py:192 - Create datacube.model.Dataset from eo3 metadata
2025-12-26 02:34:13,617 - INFO - z_normalization.py:205 - Index to datacube
2025-12-26 02:34:13,617 - INFO - _datasets.py:191 - Indexing eedb0c57-ff9e-4cf2-b262-65a9462675fa
2025-12-26 02:34:13,625 - INFO - z_normalization.py:208 - 
2025-12-26 02:34:13,625 - INFO - z_normalization.py:209 -              ✔✔✔ COMPLETED: Tile x09_y11 | Time: 2024-03 | In 0.22 minutes
2025-12-26 02:34:13,625 - INFO - z_normalization.py:210 - 
