2025-12-26 02:49:37,252 - INFO - z_normalization.py:42 - #######################################################################
2025-12-26 02:49:37,802 - INFO - z_normalization.py:56 - Starting Z-Normalization for x12_y12 | 2024-05
2025-12-26 02:49:37,802 - INFO - z_normalization.py:58 - Create directories and naming conversions
2025-12-26 02:49:37,815 - INFO - z_normalization.py:69 - Dataset location: //nas-rs.topo.auth.gr/Latomeia/DROUGHT/z_normalized/x12/y12/2024/5/01
2025-12-26 02:49:37,815 - INFO - z_normalization.py:74 - Z-Normalization | NDVI
2025-12-26 02:49:38,161 - INFO - z_normalization.py:83 - Loaded baseline
2025-12-26 02:49:38,161 - INFO - z_normalization.py:86 - Set up values | NDVI_mean
2025-12-26 02:49:38,190 - INFO - z_normalization.py:86 - Set up values | NDVI_std
2025-12-26 02:49:38,344 - INFO - z_normalization.py:101 - Loaded composite
2025-12-26 02:49:38,344 - INFO - z_normalization.py:103 - Set up values | NDVI
2025-12-26 02:49:38,376 - INFO - z_normalization.py:110 - Setting up normalization ... 
2025-12-26 02:49:38,376 - INFO - z_normalization.py:114 - Setting up normalization ... done
2025-12-26 02:49:38,376 - INFO - z_normalization.py:116 - Normalizing ... 
2025-12-26 02:49:38,461 - INFO - z_normalization.py:121 - Normalizing ... done
2025-12-26 02:49:38,514 - INFO - z_normalization.py:74 - Z-Normalization | EVI
2025-12-26 02:49:38,727 - INFO - z_normalization.py:83 - Loaded baseline
2025-12-26 02:49:38,727 - INFO - z_normalization.py:86 - Set up values | EVI_mean
2025-12-26 02:49:38,760 - INFO - z_normalization.py:86 - Set up values | EVI_std
2025-12-26 02:49:38,925 - INFO - z_normalization.py:101 - Loaded composite
2025-12-26 02:49:38,925 - INFO - z_normalization.py:103 - Set up values | EVI
2025-12-26 02:49:38,954 - INFO - z_normalization.py:110 - Setting up normalization ... 
2025-12-26 02:49:38,954 - INFO - z_normalization.py:114 - Setting up normalization ... done
2025-12-26 02:49:38,954 - INFO - z_normalization.py:116 - Normalizing ... 
2025-12-26 02:49:39,033 - INFO - z_normalization.py:121 - Normalizing ... done
2025-12-26 02:49:39,081 - INFO - z_normalization.py:74 - Z-Normalization | PSRI2
2025-12-26 02:49:39,313 - INFO - z_normalization.py:83 - Loaded baseline
2025-12-26 02:49:39,313 - INFO - z_normalization.py:86 - Set up values | PSRI2_mean
2025-12-26 02:49:39,342 - INFO - z_normalization.py:86 - Set up values | PSRI2_std
2025-12-26 02:49:39,516 - INFO - z_normalization.py:101 - Loaded composite
2025-12-26 02:49:39,516 - INFO - z_normalization.py:103 - Set up values | PSRI2
2025-12-26 02:49:39,544 - INFO - z_normalization.py:110 - Setting up normalization ... 
2025-12-26 02:49:39,545 - INFO - z_normalization.py:114 - Setting up normalization ... done
2025-12-26 02:49:39,545 - INFO - z_normalization.py:116 - Normalizing ... 
2025-12-26 02:49:39,622 - INFO - z_normalization.py:121 - Normalizing ... done
2025-12-26 02:49:39,685 - INFO - z_normalization.py:127 - Merging into one dataset
2025-12-26 02:49:39,687 - INFO - z_normalization.py:133 - Scale and Define data types & nodata per band
2025-12-26 02:49:39,688 - INFO - z_normalization.py:145 - Assign time range and tile ID in metadata
2025-12-26 02:49:39,688 - INFO - z_normalization.py:151 - Write bands to raster COG files
2025-12-26 02:49:43,251 - INFO - z_normalization.py:164 - Write NDVI_Z -> //nas-rs.topo.auth.gr/Latomeia/DROUGHT/z_normalized/x12/y12/2024/5/01/S2L2A_znorm_x12y12_20245_NDVI_z.tif
2025-12-26 02:49:46,917 - INFO - z_normalization.py:164 - Write EVI_Z -> //nas-rs.topo.auth.gr/Latomeia/DROUGHT/z_normalized/x12/y12/2024/5/01/S2L2A_znorm_x12y12_20245_EVI_z.tif
2025-12-26 02:49:50,487 - INFO - z_normalization.py:164 - Write PSRI2_Z -> //nas-rs.topo.auth.gr/Latomeia/DROUGHT/z_normalized/x12/y12/2024/5/01/S2L2A_znorm_x12y12_20245_PSRI2_z.tif
2025-12-26 02:49:50,487 - INFO - z_normalization.py:166 - Prepare metadata YAML document
2025-12-26 02:49:50,575 - INFO - z_normalization.py:187 - Write metadata YAML document to disk
2025-12-26 02:49:50,594 - INFO - z_normalization.py:192 - Create datacube.model.Dataset from eo3 metadata
2025-12-26 02:49:50,598 - INFO - z_normalization.py:205 - Index to datacube
2025-12-26 02:49:50,599 - INFO - _datasets.py:191 - Indexing 3c37b9dd-210f-4cab-914d-65d4e895ea9f
2025-12-26 02:49:50,607 - INFO - z_normalization.py:208 - 
2025-12-26 02:49:50,607 - INFO - z_normalization.py:209 -              ✔✔✔ COMPLETED: Tile x12_y12 | Time: 2024-05 | In 0.21 minutes
2025-12-26 02:49:50,607 - INFO - z_normalization.py:210 - 
