2025-12-26 03:06:19,984 - INFO - z_normalization.py:42 - #######################################################################
2025-12-26 03:06:20,511 - INFO - z_normalization.py:56 - Starting Z-Normalization for x10_y11 | 2024-08
2025-12-26 03:06:20,511 - INFO - z_normalization.py:58 - Create directories and naming conversions
2025-12-26 03:06:20,527 - INFO - z_normalization.py:69 - Dataset location: //nas-rs.topo.auth.gr/Latomeia/DROUGHT/z_normalized/x10/y11/2024/8/01
2025-12-26 03:06:20,527 - INFO - z_normalization.py:74 - Z-Normalization | NDVI
2025-12-26 03:06:20,951 - INFO - z_normalization.py:83 - Loaded baseline
2025-12-26 03:06:20,951 - INFO - z_normalization.py:86 - Set up values | NDVI_mean
2025-12-26 03:06:20,983 - INFO - z_normalization.py:86 - Set up values | NDVI_std
2025-12-26 03:06:21,174 - INFO - z_normalization.py:101 - Loaded composite
2025-12-26 03:06:21,174 - INFO - z_normalization.py:103 - Set up values | NDVI
2025-12-26 03:06:21,206 - INFO - z_normalization.py:110 - Setting up normalization ... 
2025-12-26 03:06:21,207 - INFO - z_normalization.py:114 - Setting up normalization ... done
2025-12-26 03:06:21,207 - INFO - z_normalization.py:116 - Normalizing ... 
2025-12-26 03:06:21,285 - INFO - z_normalization.py:121 - Normalizing ... done
2025-12-26 03:06:21,337 - INFO - z_normalization.py:74 - Z-Normalization | EVI
2025-12-26 03:06:21,570 - INFO - z_normalization.py:83 - Loaded baseline
2025-12-26 03:06:21,570 - INFO - z_normalization.py:86 - Set up values | EVI_mean
2025-12-26 03:06:21,603 - INFO - z_normalization.py:86 - Set up values | EVI_std
2025-12-26 03:06:21,788 - INFO - z_normalization.py:101 - Loaded composite
2025-12-26 03:06:21,788 - INFO - z_normalization.py:103 - Set up values | EVI
2025-12-26 03:06:21,816 - INFO - z_normalization.py:110 - Setting up normalization ... 
2025-12-26 03:06:21,816 - INFO - z_normalization.py:114 - Setting up normalization ... done
2025-12-26 03:06:21,816 - INFO - z_normalization.py:116 - Normalizing ... 
2025-12-26 03:06:21,913 - INFO - z_normalization.py:121 - Normalizing ... done
2025-12-26 03:06:21,967 - INFO - z_normalization.py:74 - Z-Normalization | PSRI2
2025-12-26 03:06:22,213 - INFO - z_normalization.py:83 - Loaded baseline
2025-12-26 03:06:22,214 - INFO - z_normalization.py:86 - Set up values | PSRI2_mean
2025-12-26 03:06:22,243 - INFO - z_normalization.py:86 - Set up values | PSRI2_std
2025-12-26 03:06:22,404 - INFO - z_normalization.py:101 - Loaded composite
2025-12-26 03:06:22,404 - INFO - z_normalization.py:103 - Set up values | PSRI2
2025-12-26 03:06:22,432 - INFO - z_normalization.py:110 - Setting up normalization ... 
2025-12-26 03:06:22,432 - INFO - z_normalization.py:114 - Setting up normalization ... done
2025-12-26 03:06:22,432 - INFO - z_normalization.py:116 - Normalizing ... 
2025-12-26 03:06:22,512 - INFO - z_normalization.py:121 - Normalizing ... done
2025-12-26 03:06:22,562 - INFO - z_normalization.py:127 - Merging into one dataset
2025-12-26 03:06:22,564 - INFO - z_normalization.py:133 - Scale and Define data types & nodata per band
2025-12-26 03:06:22,565 - INFO - z_normalization.py:145 - Assign time range and tile ID in metadata
2025-12-26 03:06:22,565 - INFO - z_normalization.py:151 - Write bands to raster COG files
2025-12-26 03:06:26,470 - INFO - z_normalization.py:164 - Write NDVI_Z -> //nas-rs.topo.auth.gr/Latomeia/DROUGHT/z_normalized/x10/y11/2024/8/01/S2L2A_znorm_x10y11_20248_NDVI_z.tif
2025-12-26 03:06:31,333 - INFO - z_normalization.py:164 - Write EVI_Z -> //nas-rs.topo.auth.gr/Latomeia/DROUGHT/z_normalized/x10/y11/2024/8/01/S2L2A_znorm_x10y11_20248_EVI_z.tif
2025-12-26 03:06:35,573 - INFO - z_normalization.py:164 - Write PSRI2_Z -> //nas-rs.topo.auth.gr/Latomeia/DROUGHT/z_normalized/x10/y11/2024/8/01/S2L2A_znorm_x10y11_20248_PSRI2_z.tif
2025-12-26 03:06:35,573 - INFO - z_normalization.py:166 - Prepare metadata YAML document
2025-12-26 03:06:35,664 - INFO - z_normalization.py:187 - Write metadata YAML document to disk
2025-12-26 03:06:35,685 - INFO - z_normalization.py:192 - Create datacube.model.Dataset from eo3 metadata
2025-12-26 03:06:35,692 - INFO - z_normalization.py:205 - Index to datacube
2025-12-26 03:06:35,693 - INFO - _datasets.py:191 - Indexing 003e180c-79bb-439f-9152-985b8ad1ad93
2025-12-26 03:06:35,707 - INFO - z_normalization.py:208 - 
2025-12-26 03:06:35,708 - INFO - z_normalization.py:209 -              ✔✔✔ COMPLETED: Tile x10_y11 | Time: 2024-08 | In 0.25 minutes
2025-12-26 03:06:35,708 - INFO - z_normalization.py:210 - 
