2025-12-26 02:40:53,373 - INFO - z_normalization.py:42 - #######################################################################
2025-12-26 02:40:53,958 - INFO - z_normalization.py:56 - Starting Z-Normalization for x10_y08 | 2024-04
2025-12-26 02:40:53,958 - INFO - z_normalization.py:58 - Create directories and naming conversions
2025-12-26 02:40:53,971 - INFO - z_normalization.py:69 - Dataset location: //nas-rs.topo.auth.gr/Latomeia/DROUGHT/z_normalized/x10/y08/2024/4/01
2025-12-26 02:40:53,971 - INFO - z_normalization.py:74 - Z-Normalization | NDVI
2025-12-26 02:40:54,337 - INFO - z_normalization.py:83 - Loaded baseline
2025-12-26 02:40:54,337 - INFO - z_normalization.py:86 - Set up values | NDVI_mean
2025-12-26 02:40:54,365 - INFO - z_normalization.py:86 - Set up values | NDVI_std
2025-12-26 02:40:54,545 - INFO - z_normalization.py:101 - Loaded composite
2025-12-26 02:40:54,545 - INFO - z_normalization.py:103 - Set up values | NDVI
2025-12-26 02:40:54,573 - INFO - z_normalization.py:110 - Setting up normalization ... 
2025-12-26 02:40:54,573 - INFO - z_normalization.py:114 - Setting up normalization ... done
2025-12-26 02:40:54,573 - INFO - z_normalization.py:116 - Normalizing ... 
2025-12-26 02:40:54,649 - INFO - z_normalization.py:121 - Normalizing ... done
2025-12-26 02:40:54,700 - INFO - z_normalization.py:74 - Z-Normalization | EVI
2025-12-26 02:40:54,919 - INFO - z_normalization.py:83 - Loaded baseline
2025-12-26 02:40:54,919 - INFO - z_normalization.py:86 - Set up values | EVI_mean
2025-12-26 02:40:54,947 - INFO - z_normalization.py:86 - Set up values | EVI_std
2025-12-26 02:40:55,124 - INFO - z_normalization.py:101 - Loaded composite
2025-12-26 02:40:55,124 - INFO - z_normalization.py:103 - Set up values | EVI
2025-12-26 02:40:55,151 - INFO - z_normalization.py:110 - Setting up normalization ... 
2025-12-26 02:40:55,151 - INFO - z_normalization.py:114 - Setting up normalization ... done
2025-12-26 02:40:55,151 - INFO - z_normalization.py:116 - Normalizing ... 
2025-12-26 02:40:55,229 - INFO - z_normalization.py:121 - Normalizing ... done
2025-12-26 02:40:55,279 - INFO - z_normalization.py:74 - Z-Normalization | PSRI2
2025-12-26 02:40:55,508 - INFO - z_normalization.py:83 - Loaded baseline
2025-12-26 02:40:55,508 - INFO - z_normalization.py:86 - Set up values | PSRI2_mean
2025-12-26 02:40:55,536 - INFO - z_normalization.py:86 - Set up values | PSRI2_std
2025-12-26 02:40:55,687 - INFO - z_normalization.py:101 - Loaded composite
2025-12-26 02:40:55,687 - INFO - z_normalization.py:103 - Set up values | PSRI2
2025-12-26 02:40:55,716 - INFO - z_normalization.py:110 - Setting up normalization ... 
2025-12-26 02:40:55,716 - INFO - z_normalization.py:114 - Setting up normalization ... done
2025-12-26 02:40:55,716 - INFO - z_normalization.py:116 - Normalizing ... 
2025-12-26 02:40:55,794 - INFO - z_normalization.py:121 - Normalizing ... done
2025-12-26 02:40:55,851 - INFO - z_normalization.py:127 - Merging into one dataset
2025-12-26 02:40:55,853 - INFO - z_normalization.py:133 - Scale and Define data types & nodata per band
2025-12-26 02:40:55,855 - INFO - z_normalization.py:145 - Assign time range and tile ID in metadata
2025-12-26 02:40:55,855 - INFO - z_normalization.py:151 - Write bands to raster COG files
2025-12-26 02:40:59,516 - INFO - z_normalization.py:164 - Write NDVI_Z -> //nas-rs.topo.auth.gr/Latomeia/DROUGHT/z_normalized/x10/y08/2024/4/01/S2L2A_znorm_x10y08_20244_NDVI_z.tif
2025-12-26 02:41:03,069 - INFO - z_normalization.py:164 - Write EVI_Z -> //nas-rs.topo.auth.gr/Latomeia/DROUGHT/z_normalized/x10/y08/2024/4/01/S2L2A_znorm_x10y08_20244_EVI_z.tif
2025-12-26 02:41:06,681 - INFO - z_normalization.py:164 - Write PSRI2_Z -> //nas-rs.topo.auth.gr/Latomeia/DROUGHT/z_normalized/x10/y08/2024/4/01/S2L2A_znorm_x10y08_20244_PSRI2_z.tif
2025-12-26 02:41:06,681 - INFO - z_normalization.py:166 - Prepare metadata YAML document
2025-12-26 02:41:06,769 - INFO - z_normalization.py:187 - Write metadata YAML document to disk
2025-12-26 02:41:06,790 - INFO - z_normalization.py:192 - Create datacube.model.Dataset from eo3 metadata
2025-12-26 02:41:06,795 - INFO - z_normalization.py:205 - Index to datacube
2025-12-26 02:41:06,795 - INFO - _datasets.py:191 - Indexing fa02cf97-7676-470b-85ff-a61a9ae7dd01
2025-12-26 02:41:06,801 - INFO - z_normalization.py:208 - 
2025-12-26 02:41:06,801 - INFO - z_normalization.py:209 -              ✔✔✔ COMPLETED: Tile x10_y08 | Time: 2024-04 | In 0.21 minutes
2025-12-26 02:41:06,801 - INFO - z_normalization.py:210 - 
