2025-12-26 02:06:25,270 - INFO - z_normalization.py:42 - #######################################################################
2025-12-26 02:06:25,817 - INFO - z_normalization.py:56 - Starting Z-Normalization for x11_y12 | 2023-10
2025-12-26 02:06:25,817 - INFO - z_normalization.py:58 - Create directories and naming conversions
2025-12-26 02:06:25,830 - INFO - z_normalization.py:69 - Dataset location: //nas-rs.topo.auth.gr/Latomeia/DROUGHT/z_normalized/x11/y12/2023/10/01
2025-12-26 02:06:25,830 - INFO - z_normalization.py:74 - Z-Normalization | NDVI
2025-12-26 02:06:26,195 - INFO - z_normalization.py:83 - Loaded baseline
2025-12-26 02:06:26,195 - INFO - z_normalization.py:86 - Set up values | NDVI_mean
2025-12-26 02:06:26,229 - INFO - z_normalization.py:86 - Set up values | NDVI_std
2025-12-26 02:06:26,394 - INFO - z_normalization.py:101 - Loaded composite
2025-12-26 02:06:26,394 - INFO - z_normalization.py:103 - Set up values | NDVI
2025-12-26 02:06:26,422 - INFO - z_normalization.py:110 - Setting up normalization ... 
2025-12-26 02:06:26,422 - INFO - z_normalization.py:114 - Setting up normalization ... done
2025-12-26 02:06:26,422 - INFO - z_normalization.py:116 - Normalizing ... 
2025-12-26 02:06:26,501 - INFO - z_normalization.py:121 - Normalizing ... done
2025-12-26 02:06:26,552 - INFO - z_normalization.py:74 - Z-Normalization | EVI
2025-12-26 02:06:26,766 - INFO - z_normalization.py:83 - Loaded baseline
2025-12-26 02:06:26,766 - INFO - z_normalization.py:86 - Set up values | EVI_mean
2025-12-26 02:06:26,796 - INFO - z_normalization.py:86 - Set up values | EVI_std
2025-12-26 02:06:26,971 - INFO - z_normalization.py:101 - Loaded composite
2025-12-26 02:06:26,971 - INFO - z_normalization.py:103 - Set up values | EVI
2025-12-26 02:06:27,000 - INFO - z_normalization.py:110 - Setting up normalization ... 
2025-12-26 02:06:27,000 - INFO - z_normalization.py:114 - Setting up normalization ... done
2025-12-26 02:06:27,000 - INFO - z_normalization.py:116 - Normalizing ... 
2025-12-26 02:06:27,076 - INFO - z_normalization.py:121 - Normalizing ... done
2025-12-26 02:06:27,126 - INFO - z_normalization.py:74 - Z-Normalization | PSRI2
2025-12-26 02:06:27,361 - INFO - z_normalization.py:83 - Loaded baseline
2025-12-26 02:06:27,362 - INFO - z_normalization.py:86 - Set up values | PSRI2_mean
2025-12-26 02:06:27,389 - INFO - z_normalization.py:86 - Set up values | PSRI2_std
2025-12-26 02:06:27,556 - INFO - z_normalization.py:101 - Loaded composite
2025-12-26 02:06:27,556 - INFO - z_normalization.py:103 - Set up values | PSRI2
2025-12-26 02:06:27,591 - INFO - z_normalization.py:110 - Setting up normalization ... 
2025-12-26 02:06:27,591 - INFO - z_normalization.py:114 - Setting up normalization ... done
2025-12-26 02:06:27,593 - INFO - z_normalization.py:116 - Normalizing ... 
2025-12-26 02:06:27,680 - INFO - z_normalization.py:121 - Normalizing ... done
2025-12-26 02:06:27,730 - INFO - z_normalization.py:127 - Merging into one dataset
2025-12-26 02:06:27,732 - INFO - z_normalization.py:133 - Scale and Define data types & nodata per band
2025-12-26 02:06:27,734 - INFO - z_normalization.py:145 - Assign time range and tile ID in metadata
2025-12-26 02:06:27,734 - INFO - z_normalization.py:151 - Write bands to raster COG files
2025-12-26 02:06:31,298 - INFO - z_normalization.py:164 - Write NDVI_Z -> //nas-rs.topo.auth.gr/Latomeia/DROUGHT/z_normalized/x11/y12/2023/10/01/S2L2A_znorm_x11y12_202310_NDVI_z.tif
2025-12-26 02:06:34,941 - INFO - z_normalization.py:164 - Write EVI_Z -> //nas-rs.topo.auth.gr/Latomeia/DROUGHT/z_normalized/x11/y12/2023/10/01/S2L2A_znorm_x11y12_202310_EVI_z.tif
2025-12-26 02:06:38,577 - INFO - z_normalization.py:164 - Write PSRI2_Z -> //nas-rs.topo.auth.gr/Latomeia/DROUGHT/z_normalized/x11/y12/2023/10/01/S2L2A_znorm_x11y12_202310_PSRI2_z.tif
2025-12-26 02:06:38,577 - INFO - z_normalization.py:166 - Prepare metadata YAML document
2025-12-26 02:06:38,681 - INFO - z_normalization.py:187 - Write metadata YAML document to disk
2025-12-26 02:06:38,703 - INFO - z_normalization.py:192 - Create datacube.model.Dataset from eo3 metadata
2025-12-26 02:06:38,710 - INFO - z_normalization.py:205 - Index to datacube
2025-12-26 02:06:38,710 - INFO - _datasets.py:191 - Indexing 0d39e375-f17d-4025-880d-d43ab9a57470
2025-12-26 02:06:38,720 - INFO - z_normalization.py:208 - 
2025-12-26 02:06:38,720 - INFO - z_normalization.py:209 -              ✔✔✔ COMPLETED: Tile x11_y12 | Time: 2023-10 | In 0.22 minutes
2025-12-26 02:06:38,720 - INFO - z_normalization.py:210 - 
