2025-12-26 03:18:18,134 - INFO - z_normalization.py:42 - #######################################################################
2025-12-26 03:18:18,726 - INFO - z_normalization.py:56 - Starting Z-Normalization for x10_y10 | 2024-10
2025-12-26 03:18:18,726 - INFO - z_normalization.py:58 - Create directories and naming conversions
2025-12-26 03:18:18,741 - INFO - z_normalization.py:69 - Dataset location: //nas-rs.topo.auth.gr/Latomeia/DROUGHT/z_normalized/x10/y10/2024/10/01
2025-12-26 03:18:18,741 - INFO - z_normalization.py:74 - Z-Normalization | NDVI
2025-12-26 03:18:19,154 - INFO - z_normalization.py:83 - Loaded baseline
2025-12-26 03:18:19,154 - INFO - z_normalization.py:86 - Set up values | NDVI_mean
2025-12-26 03:18:19,184 - INFO - z_normalization.py:86 - Set up values | NDVI_std
2025-12-26 03:18:19,348 - INFO - z_normalization.py:101 - Loaded composite
2025-12-26 03:18:19,348 - INFO - z_normalization.py:103 - Set up values | NDVI
2025-12-26 03:18:19,379 - INFO - z_normalization.py:110 - Setting up normalization ... 
2025-12-26 03:18:19,379 - INFO - z_normalization.py:114 - Setting up normalization ... done
2025-12-26 03:18:19,379 - INFO - z_normalization.py:116 - Normalizing ... 
2025-12-26 03:18:19,479 - INFO - z_normalization.py:121 - Normalizing ... done
2025-12-26 03:18:19,553 - INFO - z_normalization.py:74 - Z-Normalization | EVI
2025-12-26 03:18:19,773 - INFO - z_normalization.py:83 - Loaded baseline
2025-12-26 03:18:19,773 - INFO - z_normalization.py:86 - Set up values | EVI_mean
2025-12-26 03:18:19,801 - INFO - z_normalization.py:86 - Set up values | EVI_std
2025-12-26 03:18:19,970 - INFO - z_normalization.py:101 - Loaded composite
2025-12-26 03:18:19,970 - INFO - z_normalization.py:103 - Set up values | EVI
2025-12-26 03:18:19,999 - INFO - z_normalization.py:110 - Setting up normalization ... 
2025-12-26 03:18:19,999 - INFO - z_normalization.py:114 - Setting up normalization ... done
2025-12-26 03:18:19,999 - INFO - z_normalization.py:116 - Normalizing ... 
2025-12-26 03:18:20,079 - INFO - z_normalization.py:121 - Normalizing ... done
2025-12-26 03:18:20,136 - INFO - z_normalization.py:74 - Z-Normalization | PSRI2
2025-12-26 03:18:20,371 - INFO - z_normalization.py:83 - Loaded baseline
2025-12-26 03:18:20,371 - INFO - z_normalization.py:86 - Set up values | PSRI2_mean
2025-12-26 03:18:20,398 - INFO - z_normalization.py:86 - Set up values | PSRI2_std
2025-12-26 03:18:20,569 - INFO - z_normalization.py:101 - Loaded composite
2025-12-26 03:18:20,569 - INFO - z_normalization.py:103 - Set up values | PSRI2
2025-12-26 03:18:20,597 - INFO - z_normalization.py:110 - Setting up normalization ... 
2025-12-26 03:18:20,597 - INFO - z_normalization.py:114 - Setting up normalization ... done
2025-12-26 03:18:20,597 - INFO - z_normalization.py:116 - Normalizing ... 
2025-12-26 03:18:20,675 - INFO - z_normalization.py:121 - Normalizing ... done
2025-12-26 03:18:20,724 - INFO - z_normalization.py:127 - Merging into one dataset
2025-12-26 03:18:20,725 - INFO - z_normalization.py:133 - Scale and Define data types & nodata per band
2025-12-26 03:18:20,726 - INFO - z_normalization.py:145 - Assign time range and tile ID in metadata
2025-12-26 03:18:20,726 - INFO - z_normalization.py:151 - Write bands to raster COG files
2025-12-26 03:18:24,741 - INFO - z_normalization.py:164 - Write NDVI_Z -> //nas-rs.topo.auth.gr/Latomeia/DROUGHT/z_normalized/x10/y10/2024/10/01/S2L2A_znorm_x10y10_202410_NDVI_z.tif
2025-12-26 03:18:28,852 - INFO - z_normalization.py:164 - Write EVI_Z -> //nas-rs.topo.auth.gr/Latomeia/DROUGHT/z_normalized/x10/y10/2024/10/01/S2L2A_znorm_x10y10_202410_EVI_z.tif
2025-12-26 03:18:32,420 - INFO - z_normalization.py:164 - Write PSRI2_Z -> //nas-rs.topo.auth.gr/Latomeia/DROUGHT/z_normalized/x10/y10/2024/10/01/S2L2A_znorm_x10y10_202410_PSRI2_z.tif
2025-12-26 03:18:32,420 - INFO - z_normalization.py:166 - Prepare metadata YAML document
2025-12-26 03:18:32,507 - INFO - z_normalization.py:187 - Write metadata YAML document to disk
2025-12-26 03:18:32,532 - INFO - z_normalization.py:192 - Create datacube.model.Dataset from eo3 metadata
2025-12-26 03:18:32,536 - INFO - z_normalization.py:205 - Index to datacube
2025-12-26 03:18:32,536 - INFO - _datasets.py:191 - Indexing 8beff0ff-6be9-4b7d-a38a-c71546418f39
2025-12-26 03:18:32,544 - INFO - z_normalization.py:208 - 
2025-12-26 03:18:32,544 - INFO - z_normalization.py:209 -              ✔✔✔ COMPLETED: Tile x10_y10 | Time: 2024-10 | In 0.23 minutes
2025-12-26 03:18:32,544 - INFO - z_normalization.py:210 - 
