2025-12-26 14:38:29,551 - INFO - z_normalization.py:42 - #######################################################################
2025-12-26 14:38:30,255 - INFO - z_normalization.py:56 - Starting Z-Normalization for x10_y07 | 2025-05
2025-12-26 14:38:30,255 - INFO - z_normalization.py:58 - Create directories and naming conversions
2025-12-26 14:38:30,268 - INFO - z_normalization.py:69 - Dataset location: //nas-rs.topo.auth.gr/Latomeia/DROUGHT/z_normalized/x10/y07/2025/5/01
2025-12-26 14:38:30,268 - INFO - z_normalization.py:74 - Z-Normalization | NDVI
2025-12-26 14:38:30,651 - INFO - z_normalization.py:83 - Loaded baseline
2025-12-26 14:38:30,651 - INFO - z_normalization.py:86 - Set up values | NDVI_mean
2025-12-26 14:38:30,685 - INFO - z_normalization.py:86 - Set up values | NDVI_std
2025-12-26 14:38:30,915 - INFO - z_normalization.py:101 - Loaded composite
2025-12-26 14:38:30,915 - INFO - z_normalization.py:103 - Set up values | NDVI
2025-12-26 14:38:30,946 - INFO - z_normalization.py:110 - Setting up normalization ... 
2025-12-26 14:38:30,946 - INFO - z_normalization.py:114 - Setting up normalization ... done
2025-12-26 14:38:30,946 - INFO - z_normalization.py:116 - Normalizing ... 
2025-12-26 14:38:31,041 - INFO - z_normalization.py:121 - Normalizing ... done
2025-12-26 14:38:31,097 - INFO - z_normalization.py:74 - Z-Normalization | EVI
2025-12-26 14:38:31,384 - INFO - z_normalization.py:83 - Loaded baseline
2025-12-26 14:38:31,384 - INFO - z_normalization.py:86 - Set up values | EVI_mean
2025-12-26 14:38:31,420 - INFO - z_normalization.py:86 - Set up values | EVI_std
2025-12-26 14:38:31,597 - INFO - z_normalization.py:101 - Loaded composite
2025-12-26 14:38:31,598 - INFO - z_normalization.py:103 - Set up values | EVI
2025-12-26 14:38:31,631 - INFO - z_normalization.py:110 - Setting up normalization ... 
2025-12-26 14:38:31,632 - INFO - z_normalization.py:114 - Setting up normalization ... done
2025-12-26 14:38:31,632 - INFO - z_normalization.py:116 - Normalizing ... 
2025-12-26 14:38:31,710 - INFO - z_normalization.py:121 - Normalizing ... done
2025-12-26 14:38:31,764 - INFO - z_normalization.py:74 - Z-Normalization | PSRI2
2025-12-26 14:38:31,995 - INFO - z_normalization.py:83 - Loaded baseline
2025-12-26 14:38:31,995 - INFO - z_normalization.py:86 - Set up values | PSRI2_mean
2025-12-26 14:38:32,030 - INFO - z_normalization.py:86 - Set up values | PSRI2_std
2025-12-26 14:38:32,199 - INFO - z_normalization.py:101 - Loaded composite
2025-12-26 14:38:32,199 - INFO - z_normalization.py:103 - Set up values | PSRI2
2025-12-26 14:38:32,229 - INFO - z_normalization.py:110 - Setting up normalization ... 
2025-12-26 14:38:32,229 - INFO - z_normalization.py:114 - Setting up normalization ... done
2025-12-26 14:38:32,229 - INFO - z_normalization.py:116 - Normalizing ... 
2025-12-26 14:38:32,307 - INFO - z_normalization.py:121 - Normalizing ... done
2025-12-26 14:38:32,357 - INFO - z_normalization.py:127 - Merging into one dataset
2025-12-26 14:38:32,358 - INFO - z_normalization.py:133 - Scale and Define data types & nodata per band
2025-12-26 14:38:32,360 - INFO - z_normalization.py:145 - Assign time range and tile ID in metadata
2025-12-26 14:38:32,360 - INFO - z_normalization.py:151 - Write bands to raster COG files
2025-12-26 14:38:35,983 - INFO - z_normalization.py:164 - Write NDVI_Z -> //nas-rs.topo.auth.gr/Latomeia/DROUGHT/z_normalized/x10/y07/2025/5/01/S2L2A_znorm_x10y07_20255_NDVI_z.tif
2025-12-26 14:38:39,654 - INFO - z_normalization.py:164 - Write EVI_Z -> //nas-rs.topo.auth.gr/Latomeia/DROUGHT/z_normalized/x10/y07/2025/5/01/S2L2A_znorm_x10y07_20255_EVI_z.tif
2025-12-26 14:38:43,327 - INFO - z_normalization.py:164 - Write PSRI2_Z -> //nas-rs.topo.auth.gr/Latomeia/DROUGHT/z_normalized/x10/y07/2025/5/01/S2L2A_znorm_x10y07_20255_PSRI2_z.tif
2025-12-26 14:38:43,327 - INFO - z_normalization.py:166 - Assert relative paths and product measurements are matched
2025-12-26 14:38:43,371 - INFO - z_normalization.py:172 - Prepare metadata YAML document
2025-12-26 14:38:43,479 - INFO - z_normalization.py:192 - Write metadata YAML document to disk
2025-12-26 14:38:43,500 - INFO - z_normalization.py:197 - Create datacube.model.Dataset from eo3 metadata
2025-12-26 14:38:43,505 - INFO - z_normalization.py:210 - Index to datacube
2025-12-26 14:38:43,505 - INFO - _datasets.py:191 - Indexing 0aff0e5d-3ed8-4194-ac47-bd35e06f0592
2025-12-26 14:38:43,514 - INFO - z_normalization.py:213 - 
2025-12-26 14:38:43,514 - INFO - z_normalization.py:214 -              ✔✔✔ COMPLETED: Tile x10_y07 | Time: 2025-05 | In 0.22 minutes
2025-12-26 14:38:43,514 - INFO - z_normalization.py:215 - 
2025-12-26 14:38:43,514 - INFO - z_normalization.py:230 - #######################################################################
