2025-12-26 12:25:08,317 - INFO - z_normalization.py:42 - #######################################################################
2025-12-26 12:25:08,871 - INFO - z_normalization.py:56 - Starting Z-Normalization for x09_y07 | 2023-09
2025-12-26 12:25:08,871 - INFO - z_normalization.py:58 - Create directories and naming conversions
2025-12-26 12:25:08,885 - INFO - z_normalization.py:69 - Dataset location: //nas-rs.topo.auth.gr/Latomeia/DROUGHT/z_normalized/x09/y07/2023/9/01
2025-12-26 12:25:08,886 - INFO - z_normalization.py:74 - Z-Normalization | NDVI
2025-12-26 12:25:09,201 - INFO - z_normalization.py:83 - Loaded baseline
2025-12-26 12:25:09,201 - INFO - z_normalization.py:86 - Set up values | NDVI_mean
2025-12-26 12:25:09,231 - INFO - z_normalization.py:86 - Set up values | NDVI_std
2025-12-26 12:25:09,380 - INFO - z_normalization.py:101 - Loaded composite
2025-12-26 12:25:09,380 - INFO - z_normalization.py:103 - Set up values | NDVI
2025-12-26 12:25:09,411 - INFO - z_normalization.py:110 - Setting up normalization ... 
2025-12-26 12:25:09,411 - INFO - z_normalization.py:114 - Setting up normalization ... done
2025-12-26 12:25:09,411 - INFO - z_normalization.py:116 - Normalizing ... 
2025-12-26 12:25:09,505 - INFO - z_normalization.py:121 - Normalizing ... done
2025-12-26 12:25:09,565 - INFO - z_normalization.py:74 - Z-Normalization | EVI
2025-12-26 12:25:09,804 - INFO - z_normalization.py:83 - Loaded baseline
2025-12-26 12:25:09,805 - INFO - z_normalization.py:86 - Set up values | EVI_mean
2025-12-26 12:25:09,834 - INFO - z_normalization.py:86 - Set up values | EVI_std
2025-12-26 12:25:10,006 - INFO - z_normalization.py:101 - Loaded composite
2025-12-26 12:25:10,007 - INFO - z_normalization.py:103 - Set up values | EVI
2025-12-26 12:25:10,036 - INFO - z_normalization.py:110 - Setting up normalization ... 
2025-12-26 12:25:10,037 - INFO - z_normalization.py:114 - Setting up normalization ... done
2025-12-26 12:25:10,037 - INFO - z_normalization.py:116 - Normalizing ... 
2025-12-26 12:25:10,114 - INFO - z_normalization.py:121 - Normalizing ... done
2025-12-26 12:25:10,166 - INFO - z_normalization.py:74 - Z-Normalization | PSRI2
2025-12-26 12:25:10,406 - INFO - z_normalization.py:83 - Loaded baseline
2025-12-26 12:25:10,407 - INFO - z_normalization.py:86 - Set up values | PSRI2_mean
2025-12-26 12:25:10,435 - INFO - z_normalization.py:86 - Set up values | PSRI2_std
2025-12-26 12:25:10,612 - INFO - z_normalization.py:101 - Loaded composite
2025-12-26 12:25:10,612 - INFO - z_normalization.py:103 - Set up values | PSRI2
2025-12-26 12:25:10,647 - INFO - z_normalization.py:110 - Setting up normalization ... 
2025-12-26 12:25:10,648 - INFO - z_normalization.py:114 - Setting up normalization ... done
2025-12-26 12:25:10,648 - INFO - z_normalization.py:116 - Normalizing ... 
2025-12-26 12:25:10,733 - INFO - z_normalization.py:121 - Normalizing ... done
2025-12-26 12:25:10,794 - INFO - z_normalization.py:127 - Merging into one dataset
2025-12-26 12:25:10,796 - INFO - z_normalization.py:133 - Scale and Define data types & nodata per band
2025-12-26 12:25:10,797 - INFO - z_normalization.py:145 - Assign time range and tile ID in metadata
2025-12-26 12:25:10,797 - INFO - z_normalization.py:151 - Write bands to raster COG files
2025-12-26 12:25:14,516 - INFO - z_normalization.py:164 - Write NDVI_Z -> //nas-rs.topo.auth.gr/Latomeia/DROUGHT/z_normalized/x09/y07/2023/9/01/S2L2A_znorm_x09y07_20239_NDVI_z.tif
2025-12-26 12:25:18,186 - INFO - z_normalization.py:164 - Write EVI_Z -> //nas-rs.topo.auth.gr/Latomeia/DROUGHT/z_normalized/x09/y07/2023/9/01/S2L2A_znorm_x09y07_20239_EVI_z.tif
2025-12-26 12:25:21,860 - INFO - z_normalization.py:164 - Write PSRI2_Z -> //nas-rs.topo.auth.gr/Latomeia/DROUGHT/z_normalized/x09/y07/2023/9/01/S2L2A_znorm_x09y07_20239_PSRI2_z.tif
2025-12-26 12:25:21,861 - INFO - z_normalization.py:166 - Assert relative paths and product measurements are matched
2025-12-26 12:25:21,901 - INFO - z_normalization.py:172 - Prepare metadata YAML document
2025-12-26 12:25:21,988 - INFO - z_normalization.py:192 - Write metadata YAML document to disk
2025-12-26 12:25:22,010 - INFO - z_normalization.py:197 - Create datacube.model.Dataset from eo3 metadata
2025-12-26 12:25:22,016 - INFO - z_normalization.py:210 - Index to datacube
2025-12-26 12:25:22,016 - INFO - _datasets.py:191 - Indexing 311f8c73-2a27-4832-b20d-65b0dc0d9dd1
2025-12-26 12:25:22,025 - INFO - z_normalization.py:213 - 
2025-12-26 12:25:22,025 - INFO - z_normalization.py:214 -              ✔✔✔ COMPLETED: Tile x09_y07 | Time: 2023-09 | In 0.22 minutes
2025-12-26 12:25:22,025 - INFO - z_normalization.py:215 - 
2025-12-26 12:25:22,025 - INFO - z_normalization.py:230 - #######################################################################
