2025-12-26 12:48:42,844 - INFO - z_normalization.py:42 - #######################################################################
2025-12-26 12:48:43,482 - INFO - z_normalization.py:56 - Starting Z-Normalization for x11_y12 | 2023-12
2025-12-26 12:48:43,484 - INFO - z_normalization.py:58 - Create directories and naming conversions
2025-12-26 12:48:43,497 - INFO - z_normalization.py:69 - Dataset location: //nas-rs.topo.auth.gr/Latomeia/DROUGHT/z_normalized/x11/y12/2023/12/01
2025-12-26 12:48:43,497 - INFO - z_normalization.py:74 - Z-Normalization | NDVI
2025-12-26 12:48:43,844 - INFO - z_normalization.py:83 - Loaded baseline
2025-12-26 12:48:43,844 - INFO - z_normalization.py:86 - Set up values | NDVI_mean
2025-12-26 12:48:43,873 - INFO - z_normalization.py:86 - Set up values | NDVI_std
2025-12-26 12:48:44,036 - INFO - z_normalization.py:101 - Loaded composite
2025-12-26 12:48:44,036 - INFO - z_normalization.py:103 - Set up values | NDVI
2025-12-26 12:48:44,065 - INFO - z_normalization.py:110 - Setting up normalization ... 
2025-12-26 12:48:44,065 - INFO - z_normalization.py:114 - Setting up normalization ... done
2025-12-26 12:48:44,065 - INFO - z_normalization.py:116 - Normalizing ... 
2025-12-26 12:48:44,149 - INFO - z_normalization.py:121 - Normalizing ... done
2025-12-26 12:48:44,204 - INFO - z_normalization.py:74 - Z-Normalization | EVI
2025-12-26 12:48:44,457 - INFO - z_normalization.py:83 - Loaded baseline
2025-12-26 12:48:44,457 - INFO - z_normalization.py:86 - Set up values | EVI_mean
2025-12-26 12:48:44,485 - INFO - z_normalization.py:86 - Set up values | EVI_std
2025-12-26 12:48:44,656 - INFO - z_normalization.py:101 - Loaded composite
2025-12-26 12:48:44,656 - INFO - z_normalization.py:103 - Set up values | EVI
2025-12-26 12:48:44,686 - INFO - z_normalization.py:110 - Setting up normalization ... 
2025-12-26 12:48:44,686 - INFO - z_normalization.py:114 - Setting up normalization ... done
2025-12-26 12:48:44,686 - INFO - z_normalization.py:116 - Normalizing ... 
2025-12-26 12:48:44,767 - INFO - z_normalization.py:121 - Normalizing ... done
2025-12-26 12:48:44,826 - INFO - z_normalization.py:74 - Z-Normalization | PSRI2
2025-12-26 12:48:45,052 - INFO - z_normalization.py:83 - Loaded baseline
2025-12-26 12:48:45,052 - INFO - z_normalization.py:86 - Set up values | PSRI2_mean
2025-12-26 12:48:45,081 - INFO - z_normalization.py:86 - Set up values | PSRI2_std
2025-12-26 12:48:45,224 - INFO - z_normalization.py:101 - Loaded composite
2025-12-26 12:48:45,224 - INFO - z_normalization.py:103 - Set up values | PSRI2
2025-12-26 12:48:45,262 - INFO - z_normalization.py:110 - Setting up normalization ... 
2025-12-26 12:48:45,262 - INFO - z_normalization.py:114 - Setting up normalization ... done
2025-12-26 12:48:45,262 - INFO - z_normalization.py:116 - Normalizing ... 
2025-12-26 12:48:45,354 - INFO - z_normalization.py:121 - Normalizing ... done
2025-12-26 12:48:45,404 - INFO - z_normalization.py:127 - Merging into one dataset
2025-12-26 12:48:45,405 - INFO - z_normalization.py:133 - Scale and Define data types & nodata per band
2025-12-26 12:48:45,407 - INFO - z_normalization.py:145 - Assign time range and tile ID in metadata
2025-12-26 12:48:45,408 - INFO - z_normalization.py:151 - Write bands to raster COG files
2025-12-26 12:48:48,918 - INFO - z_normalization.py:164 - Write NDVI_Z -> //nas-rs.topo.auth.gr/Latomeia/DROUGHT/z_normalized/x11/y12/2023/12/01/S2L2A_znorm_x11y12_202312_NDVI_z.tif
2025-12-26 12:48:52,506 - INFO - z_normalization.py:164 - Write EVI_Z -> //nas-rs.topo.auth.gr/Latomeia/DROUGHT/z_normalized/x11/y12/2023/12/01/S2L2A_znorm_x11y12_202312_EVI_z.tif
2025-12-26 12:48:55,893 - INFO - z_normalization.py:164 - Write PSRI2_Z -> //nas-rs.topo.auth.gr/Latomeia/DROUGHT/z_normalized/x11/y12/2023/12/01/S2L2A_znorm_x11y12_202312_PSRI2_z.tif
2025-12-26 12:48:55,893 - INFO - z_normalization.py:166 - Assert relative paths and product measurements are matched
2025-12-26 12:48:55,934 - INFO - z_normalization.py:172 - Prepare metadata YAML document
2025-12-26 12:48:56,040 - INFO - z_normalization.py:192 - Write metadata YAML document to disk
2025-12-26 12:48:56,059 - INFO - z_normalization.py:197 - Create datacube.model.Dataset from eo3 metadata
2025-12-26 12:48:56,063 - INFO - z_normalization.py:210 - Index to datacube
2025-12-26 12:48:56,063 - INFO - _datasets.py:191 - Indexing 3598bea0-c2f3-418f-80f3-e22bae08546d
2025-12-26 12:48:56,070 - INFO - z_normalization.py:213 - 
2025-12-26 12:48:56,070 - INFO - z_normalization.py:214 -              ✔✔✔ COMPLETED: Tile x11_y12 | Time: 2023-12 | In 0.21 minutes
2025-12-26 12:48:56,070 - INFO - z_normalization.py:215 - 
2025-12-26 12:48:56,070 - INFO - z_normalization.py:230 - #######################################################################
