2025-12-26 02:17:13,981 - INFO - z_normalization.py:42 - #######################################################################
2025-12-26 02:17:14,558 - INFO - z_normalization.py:56 - Starting Z-Normalization for x10_y10 | 2023-12
2025-12-26 02:17:14,559 - INFO - z_normalization.py:58 - Create directories and naming conversions
2025-12-26 02:17:14,574 - INFO - z_normalization.py:69 - Dataset location: //nas-rs.topo.auth.gr/Latomeia/DROUGHT/z_normalized/x10/y10/2023/12/01
2025-12-26 02:17:14,574 - INFO - z_normalization.py:74 - Z-Normalization | NDVI
2025-12-26 02:17:14,940 - INFO - z_normalization.py:83 - Loaded baseline
2025-12-26 02:17:14,940 - INFO - z_normalization.py:86 - Set up values | NDVI_mean
2025-12-26 02:17:14,969 - INFO - z_normalization.py:86 - Set up values | NDVI_std
2025-12-26 02:17:15,144 - INFO - z_normalization.py:101 - Loaded composite
2025-12-26 02:17:15,144 - INFO - z_normalization.py:103 - Set up values | NDVI
2025-12-26 02:17:15,174 - INFO - z_normalization.py:110 - Setting up normalization ... 
2025-12-26 02:17:15,174 - INFO - z_normalization.py:114 - Setting up normalization ... done
2025-12-26 02:17:15,174 - INFO - z_normalization.py:116 - Normalizing ... 
2025-12-26 02:17:15,260 - INFO - z_normalization.py:121 - Normalizing ... done
2025-12-26 02:17:15,311 - INFO - z_normalization.py:74 - Z-Normalization | EVI
2025-12-26 02:17:15,524 - INFO - z_normalization.py:83 - Loaded baseline
2025-12-26 02:17:15,524 - INFO - z_normalization.py:86 - Set up values | EVI_mean
2025-12-26 02:17:15,554 - INFO - z_normalization.py:86 - Set up values | EVI_std
2025-12-26 02:17:15,730 - INFO - z_normalization.py:101 - Loaded composite
2025-12-26 02:17:15,731 - INFO - z_normalization.py:103 - Set up values | EVI
2025-12-26 02:17:15,759 - INFO - z_normalization.py:110 - Setting up normalization ... 
2025-12-26 02:17:15,759 - INFO - z_normalization.py:114 - Setting up normalization ... done
2025-12-26 02:17:15,759 - INFO - z_normalization.py:116 - Normalizing ... 
2025-12-26 02:17:15,836 - INFO - z_normalization.py:121 - Normalizing ... done
2025-12-26 02:17:15,886 - INFO - z_normalization.py:74 - Z-Normalization | PSRI2
2025-12-26 02:17:16,125 - INFO - z_normalization.py:83 - Loaded baseline
2025-12-26 02:17:16,125 - INFO - z_normalization.py:86 - Set up values | PSRI2_mean
2025-12-26 02:17:16,163 - INFO - z_normalization.py:86 - Set up values | PSRI2_std
2025-12-26 02:17:16,347 - INFO - z_normalization.py:101 - Loaded composite
2025-12-26 02:17:16,347 - INFO - z_normalization.py:103 - Set up values | PSRI2
2025-12-26 02:17:16,376 - INFO - z_normalization.py:110 - Setting up normalization ... 
2025-12-26 02:17:16,376 - INFO - z_normalization.py:114 - Setting up normalization ... done
2025-12-26 02:17:16,376 - INFO - z_normalization.py:116 - Normalizing ... 
2025-12-26 02:17:16,455 - INFO - z_normalization.py:121 - Normalizing ... done
2025-12-26 02:17:16,505 - INFO - z_normalization.py:127 - Merging into one dataset
2025-12-26 02:17:16,507 - INFO - z_normalization.py:133 - Scale and Define data types & nodata per band
2025-12-26 02:17:16,508 - INFO - z_normalization.py:145 - Assign time range and tile ID in metadata
2025-12-26 02:17:16,508 - INFO - z_normalization.py:151 - Write bands to raster COG files
2025-12-26 02:17:20,085 - INFO - z_normalization.py:164 - Write NDVI_Z -> //nas-rs.topo.auth.gr/Latomeia/DROUGHT/z_normalized/x10/y10/2023/12/01/S2L2A_znorm_x10y10_202312_NDVI_z.tif
2025-12-26 02:17:23,685 - INFO - z_normalization.py:164 - Write EVI_Z -> //nas-rs.topo.auth.gr/Latomeia/DROUGHT/z_normalized/x10/y10/2023/12/01/S2L2A_znorm_x10y10_202312_EVI_z.tif
2025-12-26 02:17:27,267 - INFO - z_normalization.py:164 - Write PSRI2_Z -> //nas-rs.topo.auth.gr/Latomeia/DROUGHT/z_normalized/x10/y10/2023/12/01/S2L2A_znorm_x10y10_202312_PSRI2_z.tif
2025-12-26 02:17:27,268 - INFO - z_normalization.py:166 - Prepare metadata YAML document
2025-12-26 02:17:27,358 - INFO - z_normalization.py:187 - Write metadata YAML document to disk
2025-12-26 02:17:27,377 - INFO - z_normalization.py:192 - Create datacube.model.Dataset from eo3 metadata
2025-12-26 02:17:27,381 - INFO - z_normalization.py:205 - Index to datacube
2025-12-26 02:17:27,381 - INFO - _datasets.py:191 - Indexing f6256b4c-1408-4eec-91ed-160b93f32a76
2025-12-26 02:17:27,388 - INFO - z_normalization.py:208 - 
2025-12-26 02:17:27,388 - INFO - z_normalization.py:209 -              ✔✔✔ COMPLETED: Tile x10_y10 | Time: 2023-12 | In 0.21 minutes
2025-12-26 02:17:27,388 - INFO - z_normalization.py:210 - 
