2025-12-26 03:27:57,968 - INFO - z_normalization.py:42 - #######################################################################
2025-12-26 03:27:58,543 - INFO - z_normalization.py:56 - Starting Z-Normalization for x08_y12 | 2024-12
2025-12-26 03:27:58,543 - INFO - z_normalization.py:58 - Create directories and naming conversions
2025-12-26 03:27:58,556 - INFO - z_normalization.py:69 - Dataset location: //nas-rs.topo.auth.gr/Latomeia/DROUGHT/z_normalized/x08/y12/2024/12/01
2025-12-26 03:27:58,556 - INFO - z_normalization.py:74 - Z-Normalization | NDVI
2025-12-26 03:27:58,985 - INFO - z_normalization.py:83 - Loaded baseline
2025-12-26 03:27:58,985 - INFO - z_normalization.py:86 - Set up values | NDVI_mean
2025-12-26 03:27:59,017 - INFO - z_normalization.py:86 - Set up values | NDVI_std
2025-12-26 03:27:59,193 - INFO - z_normalization.py:101 - Loaded composite
2025-12-26 03:27:59,193 - INFO - z_normalization.py:103 - Set up values | NDVI
2025-12-26 03:27:59,222 - INFO - z_normalization.py:110 - Setting up normalization ... 
2025-12-26 03:27:59,222 - INFO - z_normalization.py:114 - Setting up normalization ... done
2025-12-26 03:27:59,222 - INFO - z_normalization.py:116 - Normalizing ... 
2025-12-26 03:27:59,302 - INFO - z_normalization.py:121 - Normalizing ... done
2025-12-26 03:27:59,351 - INFO - z_normalization.py:74 - Z-Normalization | EVI
2025-12-26 03:27:59,583 - INFO - z_normalization.py:83 - Loaded baseline
2025-12-26 03:27:59,584 - INFO - z_normalization.py:86 - Set up values | EVI_mean
2025-12-26 03:27:59,612 - INFO - z_normalization.py:86 - Set up values | EVI_std
2025-12-26 03:27:59,782 - INFO - z_normalization.py:101 - Loaded composite
2025-12-26 03:27:59,782 - INFO - z_normalization.py:103 - Set up values | EVI
2025-12-26 03:27:59,810 - INFO - z_normalization.py:110 - Setting up normalization ... 
2025-12-26 03:27:59,811 - INFO - z_normalization.py:114 - Setting up normalization ... done
2025-12-26 03:27:59,811 - INFO - z_normalization.py:116 - Normalizing ... 
2025-12-26 03:27:59,888 - INFO - z_normalization.py:121 - Normalizing ... done
2025-12-26 03:27:59,940 - INFO - z_normalization.py:74 - Z-Normalization | PSRI2
2025-12-26 03:28:00,173 - INFO - z_normalization.py:83 - Loaded baseline
2025-12-26 03:28:00,173 - INFO - z_normalization.py:86 - Set up values | PSRI2_mean
2025-12-26 03:28:00,211 - INFO - z_normalization.py:86 - Set up values | PSRI2_std
2025-12-26 03:28:00,391 - INFO - z_normalization.py:101 - Loaded composite
2025-12-26 03:28:00,391 - INFO - z_normalization.py:103 - Set up values | PSRI2
2025-12-26 03:28:00,420 - INFO - z_normalization.py:110 - Setting up normalization ... 
2025-12-26 03:28:00,420 - INFO - z_normalization.py:114 - Setting up normalization ... done
2025-12-26 03:28:00,420 - INFO - z_normalization.py:116 - Normalizing ... 
2025-12-26 03:28:00,501 - INFO - z_normalization.py:121 - Normalizing ... done
2025-12-26 03:28:00,551 - INFO - z_normalization.py:127 - Merging into one dataset
2025-12-26 03:28:00,553 - INFO - z_normalization.py:133 - Scale and Define data types & nodata per band
2025-12-26 03:28:00,554 - INFO - z_normalization.py:145 - Assign time range and tile ID in metadata
2025-12-26 03:28:00,554 - INFO - z_normalization.py:151 - Write bands to raster COG files
2025-12-26 03:28:04,041 - INFO - z_normalization.py:164 - Write NDVI_Z -> //nas-rs.topo.auth.gr/Latomeia/DROUGHT/z_normalized/x08/y12/2024/12/01/S2L2A_znorm_x08y12_202412_NDVI_z.tif
2025-12-26 03:28:07,600 - INFO - z_normalization.py:164 - Write EVI_Z -> //nas-rs.topo.auth.gr/Latomeia/DROUGHT/z_normalized/x08/y12/2024/12/01/S2L2A_znorm_x08y12_202412_EVI_z.tif
2025-12-26 03:28:11,591 - INFO - z_normalization.py:164 - Write PSRI2_Z -> //nas-rs.topo.auth.gr/Latomeia/DROUGHT/z_normalized/x08/y12/2024/12/01/S2L2A_znorm_x08y12_202412_PSRI2_z.tif
2025-12-26 03:28:11,591 - INFO - z_normalization.py:166 - Prepare metadata YAML document
2025-12-26 03:28:11,692 - INFO - z_normalization.py:187 - Write metadata YAML document to disk
2025-12-26 03:28:11,714 - INFO - z_normalization.py:192 - Create datacube.model.Dataset from eo3 metadata
2025-12-26 03:28:11,722 - INFO - z_normalization.py:205 - Index to datacube
2025-12-26 03:28:11,722 - INFO - _datasets.py:191 - Indexing b4603aa1-853a-4144-b6d3-12dbe2a13a36
2025-12-26 03:28:11,734 - INFO - z_normalization.py:208 - 
2025-12-26 03:28:11,734 - INFO - z_normalization.py:209 -              ✔✔✔ COMPLETED: Tile x08_y12 | Time: 2024-12 | In 0.22 minutes
2025-12-26 03:28:11,734 - INFO - z_normalization.py:210 - 
