2025-12-26 12:36:24,060 - INFO - z_normalization.py:42 - #######################################################################
2025-12-26 12:36:24,617 - INFO - z_normalization.py:56 - Starting Z-Normalization for x06_y10 | 2023-11
2025-12-26 12:36:24,617 - INFO - z_normalization.py:58 - Create directories and naming conversions
2025-12-26 12:36:24,631 - INFO - z_normalization.py:69 - Dataset location: //nas-rs.topo.auth.gr/Latomeia/DROUGHT/z_normalized/x06/y10/2023/11/01
2025-12-26 12:36:24,631 - INFO - z_normalization.py:74 - Z-Normalization | NDVI
2025-12-26 12:36:25,021 - INFO - z_normalization.py:83 - Loaded baseline
2025-12-26 12:36:25,021 - INFO - z_normalization.py:86 - Set up values | NDVI_mean
2025-12-26 12:36:25,051 - INFO - z_normalization.py:86 - Set up values | NDVI_std
2025-12-26 12:36:25,210 - INFO - z_normalization.py:101 - Loaded composite
2025-12-26 12:36:25,210 - INFO - z_normalization.py:103 - Set up values | NDVI
2025-12-26 12:36:25,246 - INFO - z_normalization.py:110 - Setting up normalization ... 
2025-12-26 12:36:25,246 - INFO - z_normalization.py:114 - Setting up normalization ... done
2025-12-26 12:36:25,246 - INFO - z_normalization.py:116 - Normalizing ... 
2025-12-26 12:36:25,340 - INFO - z_normalization.py:121 - Normalizing ... done
2025-12-26 12:36:25,404 - INFO - z_normalization.py:74 - Z-Normalization | EVI
2025-12-26 12:36:25,665 - INFO - z_normalization.py:83 - Loaded baseline
2025-12-26 12:36:25,665 - INFO - z_normalization.py:86 - Set up values | EVI_mean
2025-12-26 12:36:25,695 - INFO - z_normalization.py:86 - Set up values | EVI_std
2025-12-26 12:36:25,893 - INFO - z_normalization.py:101 - Loaded composite
2025-12-26 12:36:25,893 - INFO - z_normalization.py:103 - Set up values | EVI
2025-12-26 12:36:25,924 - INFO - z_normalization.py:110 - Setting up normalization ... 
2025-12-26 12:36:25,924 - INFO - z_normalization.py:114 - Setting up normalization ... done
2025-12-26 12:36:25,924 - INFO - z_normalization.py:116 - Normalizing ... 
2025-12-26 12:36:26,006 - INFO - z_normalization.py:121 - Normalizing ... done
2025-12-26 12:36:26,085 - INFO - z_normalization.py:74 - Z-Normalization | PSRI2
2025-12-26 12:36:26,334 - INFO - z_normalization.py:83 - Loaded baseline
2025-12-26 12:36:26,334 - INFO - z_normalization.py:86 - Set up values | PSRI2_mean
2025-12-26 12:36:26,368 - INFO - z_normalization.py:86 - Set up values | PSRI2_std
2025-12-26 12:36:26,557 - INFO - z_normalization.py:101 - Loaded composite
2025-12-26 12:36:26,557 - INFO - z_normalization.py:103 - Set up values | PSRI2
2025-12-26 12:36:26,589 - INFO - z_normalization.py:110 - Setting up normalization ... 
2025-12-26 12:36:26,590 - INFO - z_normalization.py:114 - Setting up normalization ... done
2025-12-26 12:36:26,590 - INFO - z_normalization.py:116 - Normalizing ... 
2025-12-26 12:36:26,683 - INFO - z_normalization.py:121 - Normalizing ... done
2025-12-26 12:36:26,744 - INFO - z_normalization.py:127 - Merging into one dataset
2025-12-26 12:36:26,747 - INFO - z_normalization.py:133 - Scale and Define data types & nodata per band
2025-12-26 12:36:26,748 - INFO - z_normalization.py:145 - Assign time range and tile ID in metadata
2025-12-26 12:36:26,748 - INFO - z_normalization.py:151 - Write bands to raster COG files
2025-12-26 12:36:30,847 - INFO - z_normalization.py:164 - Write NDVI_Z -> //nas-rs.topo.auth.gr/Latomeia/DROUGHT/z_normalized/x06/y10/2023/11/01/S2L2A_znorm_x06y10_202311_NDVI_z.tif
2025-12-26 12:36:34,483 - INFO - z_normalization.py:164 - Write EVI_Z -> //nas-rs.topo.auth.gr/Latomeia/DROUGHT/z_normalized/x06/y10/2023/11/01/S2L2A_znorm_x06y10_202311_EVI_z.tif
2025-12-26 12:36:38,178 - INFO - z_normalization.py:164 - Write PSRI2_Z -> //nas-rs.topo.auth.gr/Latomeia/DROUGHT/z_normalized/x06/y10/2023/11/01/S2L2A_znorm_x06y10_202311_PSRI2_z.tif
2025-12-26 12:36:38,178 - INFO - z_normalization.py:166 - Assert relative paths and product measurements are matched
2025-12-26 12:36:38,220 - INFO - z_normalization.py:172 - Prepare metadata YAML document
2025-12-26 12:36:38,320 - INFO - z_normalization.py:192 - Write metadata YAML document to disk
2025-12-26 12:36:38,341 - INFO - z_normalization.py:197 - Create datacube.model.Dataset from eo3 metadata
2025-12-26 12:36:38,346 - INFO - z_normalization.py:210 - Index to datacube
2025-12-26 12:36:38,346 - INFO - _datasets.py:191 - Indexing 25c2f9fb-6a74-4012-a7ee-499b5c777672
2025-12-26 12:36:38,355 - INFO - z_normalization.py:213 - 
2025-12-26 12:36:38,355 - INFO - z_normalization.py:214 -              ✔✔✔ COMPLETED: Tile x06_y10 | Time: 2023-11 | In 0.23 minutes
2025-12-26 12:36:38,355 - INFO - z_normalization.py:215 - 
2025-12-26 12:36:38,355 - INFO - z_normalization.py:230 - #######################################################################
