2025-12-26 15:19:08,723 - INFO - z_normalization.py:42 - #######################################################################
2025-12-26 15:19:09,299 - INFO - z_normalization.py:56 - Starting Z-Normalization for x10_y11 | 2025-11
2025-12-26 15:19:09,299 - INFO - z_normalization.py:58 - Create directories and naming conversions
2025-12-26 15:19:09,311 - INFO - z_normalization.py:69 - Dataset location: //nas-rs.topo.auth.gr/Latomeia/DROUGHT/z_normalized/x10/y11/2025/11/01
2025-12-26 15:19:09,311 - INFO - z_normalization.py:74 - Z-Normalization | NDVI
2025-12-26 15:19:09,705 - INFO - z_normalization.py:83 - Loaded baseline
2025-12-26 15:19:09,705 - INFO - z_normalization.py:86 - Set up values | NDVI_mean
2025-12-26 15:19:09,734 - INFO - z_normalization.py:86 - Set up values | NDVI_std
2025-12-26 15:19:09,916 - INFO - z_normalization.py:101 - Loaded composite
2025-12-26 15:19:09,916 - INFO - z_normalization.py:103 - Set up values | NDVI
2025-12-26 15:19:09,951 - INFO - z_normalization.py:110 - Setting up normalization ... 
2025-12-26 15:19:09,951 - INFO - z_normalization.py:114 - Setting up normalization ... done
2025-12-26 15:19:09,951 - INFO - z_normalization.py:116 - Normalizing ... 
2025-12-26 15:19:10,037 - INFO - z_normalization.py:121 - Normalizing ... done
2025-12-26 15:19:10,100 - INFO - z_normalization.py:74 - Z-Normalization | EVI
2025-12-26 15:19:10,353 - INFO - z_normalization.py:83 - Loaded baseline
2025-12-26 15:19:10,353 - INFO - z_normalization.py:86 - Set up values | EVI_mean
2025-12-26 15:19:10,383 - INFO - z_normalization.py:86 - Set up values | EVI_std
2025-12-26 15:19:10,558 - INFO - z_normalization.py:101 - Loaded composite
2025-12-26 15:19:10,558 - INFO - z_normalization.py:103 - Set up values | EVI
2025-12-26 15:19:10,589 - INFO - z_normalization.py:110 - Setting up normalization ... 
2025-12-26 15:19:10,589 - INFO - z_normalization.py:114 - Setting up normalization ... done
2025-12-26 15:19:10,589 - INFO - z_normalization.py:116 - Normalizing ... 
2025-12-26 15:19:10,671 - INFO - z_normalization.py:121 - Normalizing ... done
2025-12-26 15:19:10,727 - INFO - z_normalization.py:74 - Z-Normalization | PSRI2
2025-12-26 15:19:10,954 - INFO - z_normalization.py:83 - Loaded baseline
2025-12-26 15:19:10,954 - INFO - z_normalization.py:86 - Set up values | PSRI2_mean
2025-12-26 15:19:10,984 - INFO - z_normalization.py:86 - Set up values | PSRI2_std
2025-12-26 15:19:11,144 - INFO - z_normalization.py:101 - Loaded composite
2025-12-26 15:19:11,144 - INFO - z_normalization.py:103 - Set up values | PSRI2
2025-12-26 15:19:11,172 - INFO - z_normalization.py:110 - Setting up normalization ... 
2025-12-26 15:19:11,173 - INFO - z_normalization.py:114 - Setting up normalization ... done
2025-12-26 15:19:11,173 - INFO - z_normalization.py:116 - Normalizing ... 
2025-12-26 15:19:11,253 - INFO - z_normalization.py:121 - Normalizing ... done
2025-12-26 15:19:11,303 - INFO - z_normalization.py:127 - Merging into one dataset
2025-12-26 15:19:11,304 - INFO - z_normalization.py:133 - Scale and Define data types & nodata per band
2025-12-26 15:19:11,306 - INFO - z_normalization.py:145 - Assign time range and tile ID in metadata
2025-12-26 15:19:11,306 - INFO - z_normalization.py:151 - Write bands to raster COG files
2025-12-26 15:19:15,205 - INFO - z_normalization.py:164 - Write NDVI_Z -> //nas-rs.topo.auth.gr/Latomeia/DROUGHT/z_normalized/x10/y11/2025/11/01/S2L2A_znorm_x10y11_202511_NDVI_z.tif
2025-12-26 15:19:19,250 - INFO - z_normalization.py:164 - Write EVI_Z -> //nas-rs.topo.auth.gr/Latomeia/DROUGHT/z_normalized/x10/y11/2025/11/01/S2L2A_znorm_x10y11_202511_EVI_z.tif
2025-12-26 15:19:23,061 - INFO - z_normalization.py:164 - Write PSRI2_Z -> //nas-rs.topo.auth.gr/Latomeia/DROUGHT/z_normalized/x10/y11/2025/11/01/S2L2A_znorm_x10y11_202511_PSRI2_z.tif
2025-12-26 15:19:23,061 - INFO - z_normalization.py:166 - Assert relative paths and product measurements are matched
2025-12-26 15:19:23,098 - INFO - z_normalization.py:172 - Prepare metadata YAML document
2025-12-26 15:19:23,196 - INFO - z_normalization.py:192 - Write metadata YAML document to disk
2025-12-26 15:19:23,217 - INFO - z_normalization.py:197 - Create datacube.model.Dataset from eo3 metadata
2025-12-26 15:19:23,221 - INFO - z_normalization.py:210 - Index to datacube
2025-12-26 15:19:23,221 - INFO - _datasets.py:191 - Indexing b8bfa185-c6cf-4d6f-a2ff-d433e2289507
2025-12-26 15:19:23,228 - INFO - z_normalization.py:213 - 
2025-12-26 15:19:23,228 - INFO - z_normalization.py:214 -              ✔✔✔ COMPLETED: Tile x10_y11 | Time: 2025-11 | In 0.23 minutes
2025-12-26 15:19:23,229 - INFO - z_normalization.py:215 - 
2025-12-26 15:19:23,229 - INFO - z_normalization.py:230 - #######################################################################
