2025-12-26 11:56:45,528 - INFO - z_normalization.py:42 - #######################################################################
2025-12-26 11:56:46,115 - INFO - z_normalization.py:56 - Starting Z-Normalization for x06_y10 | 2023-05
2025-12-26 11:56:46,115 - INFO - z_normalization.py:58 - Create directories and naming conversions
2025-12-26 11:56:46,126 - INFO - z_normalization.py:69 - Dataset location: //nas-rs.topo.auth.gr/Latomeia/DROUGHT/z_normalized/x06/y10/2023/5/01
2025-12-26 11:56:46,126 - INFO - z_normalization.py:74 - Z-Normalization | NDVI
2025-12-26 11:56:46,524 - INFO - z_normalization.py:83 - Loaded baseline
2025-12-26 11:56:46,524 - INFO - z_normalization.py:86 - Set up values | NDVI_mean
2025-12-26 11:56:46,558 - INFO - z_normalization.py:86 - Set up values | NDVI_std
2025-12-26 11:56:46,724 - INFO - z_normalization.py:101 - Loaded composite
2025-12-26 11:56:46,724 - INFO - z_normalization.py:103 - Set up values | NDVI
2025-12-26 11:56:46,755 - INFO - z_normalization.py:110 - Setting up normalization ... 
2025-12-26 11:56:46,756 - INFO - z_normalization.py:114 - Setting up normalization ... done
2025-12-26 11:56:46,756 - INFO - z_normalization.py:116 - Normalizing ... 
2025-12-26 11:56:46,846 - INFO - z_normalization.py:121 - Normalizing ... done
2025-12-26 11:56:46,897 - INFO - z_normalization.py:74 - Z-Normalization | EVI
2025-12-26 11:56:47,171 - INFO - z_normalization.py:83 - Loaded baseline
2025-12-26 11:56:47,172 - INFO - z_normalization.py:86 - Set up values | EVI_mean
2025-12-26 11:56:47,211 - INFO - z_normalization.py:86 - Set up values | EVI_std
2025-12-26 11:56:47,410 - INFO - z_normalization.py:101 - Loaded composite
2025-12-26 11:56:47,410 - INFO - z_normalization.py:103 - Set up values | EVI
2025-12-26 11:56:47,441 - INFO - z_normalization.py:110 - Setting up normalization ... 
2025-12-26 11:56:47,441 - INFO - z_normalization.py:114 - Setting up normalization ... done
2025-12-26 11:56:47,441 - INFO - z_normalization.py:116 - Normalizing ... 
2025-12-26 11:56:47,543 - INFO - z_normalization.py:121 - Normalizing ... done
2025-12-26 11:56:47,611 - INFO - z_normalization.py:74 - Z-Normalization | PSRI2
2025-12-26 11:56:47,857 - INFO - z_normalization.py:83 - Loaded baseline
2025-12-26 11:56:47,857 - INFO - z_normalization.py:86 - Set up values | PSRI2_mean
2025-12-26 11:56:47,893 - INFO - z_normalization.py:86 - Set up values | PSRI2_std
2025-12-26 11:56:48,073 - INFO - z_normalization.py:101 - Loaded composite
2025-12-26 11:56:48,073 - INFO - z_normalization.py:103 - Set up values | PSRI2
2025-12-26 11:56:48,107 - INFO - z_normalization.py:110 - Setting up normalization ... 
2025-12-26 11:56:48,107 - INFO - z_normalization.py:114 - Setting up normalization ... done
2025-12-26 11:56:48,107 - INFO - z_normalization.py:116 - Normalizing ... 
2025-12-26 11:56:48,192 - INFO - z_normalization.py:121 - Normalizing ... done
2025-12-26 11:56:48,255 - INFO - z_normalization.py:127 - Merging into one dataset
2025-12-26 11:56:48,256 - INFO - z_normalization.py:133 - Scale and Define data types & nodata per band
2025-12-26 11:56:48,257 - INFO - z_normalization.py:145 - Assign time range and tile ID in metadata
2025-12-26 11:56:48,257 - INFO - z_normalization.py:151 - Write bands to raster COG files
2025-12-26 11:56:52,310 - INFO - z_normalization.py:164 - Write NDVI_Z -> //nas-rs.topo.auth.gr/Latomeia/DROUGHT/z_normalized/x06/y10/2023/5/01/S2L2A_znorm_x06y10_20235_NDVI_z.tif
2025-12-26 11:56:56,220 - INFO - z_normalization.py:164 - Write EVI_Z -> //nas-rs.topo.auth.gr/Latomeia/DROUGHT/z_normalized/x06/y10/2023/5/01/S2L2A_znorm_x06y10_20235_EVI_z.tif
2025-12-26 11:57:00,068 - INFO - z_normalization.py:164 - Write PSRI2_Z -> //nas-rs.topo.auth.gr/Latomeia/DROUGHT/z_normalized/x06/y10/2023/5/01/S2L2A_znorm_x06y10_20235_PSRI2_z.tif
2025-12-26 11:57:00,068 - INFO - z_normalization.py:166 - Assert relative paths and product measurements are matched
2025-12-26 11:57:00,105 - INFO - z_normalization.py:172 - Prepare metadata YAML document
2025-12-26 11:57:00,194 - INFO - z_normalization.py:192 - Write metadata YAML document to disk
2025-12-26 11:57:00,217 - INFO - z_normalization.py:197 - Create datacube.model.Dataset from eo3 metadata
2025-12-26 11:57:00,221 - INFO - z_normalization.py:210 - Index to datacube
2025-12-26 11:57:00,221 - INFO - _datasets.py:191 - Indexing 20e5f88b-ed30-4d4c-89e5-989b3b0a17fb
2025-12-26 11:57:00,230 - INFO - z_normalization.py:213 - 
2025-12-26 11:57:00,230 - INFO - z_normalization.py:214 -              ✔✔✔ COMPLETED: Tile x06_y10 | Time: 2023-05 | In 0.24 minutes
2025-12-26 11:57:00,230 - INFO - z_normalization.py:215 - 
2025-12-26 11:57:00,230 - INFO - z_normalization.py:230 - #######################################################################
