2025-12-26 14:58:32,093 - INFO - z_normalization.py:42 - #######################################################################
2025-12-26 14:58:32,649 - INFO - z_normalization.py:56 - Starting Z-Normalization for x10_y09 | 2025-08
2025-12-26 14:58:32,649 - INFO - z_normalization.py:58 - Create directories and naming conversions
2025-12-26 14:58:32,660 - INFO - z_normalization.py:69 - Dataset location: //nas-rs.topo.auth.gr/Latomeia/DROUGHT/z_normalized/x10/y09/2025/8/01
2025-12-26 14:58:32,660 - INFO - z_normalization.py:74 - Z-Normalization | NDVI
2025-12-26 14:58:33,010 - INFO - z_normalization.py:83 - Loaded baseline
2025-12-26 14:58:33,010 - INFO - z_normalization.py:86 - Set up values | NDVI_mean
2025-12-26 14:58:33,038 - INFO - z_normalization.py:86 - Set up values | NDVI_std
2025-12-26 14:58:33,218 - INFO - z_normalization.py:101 - Loaded composite
2025-12-26 14:58:33,218 - INFO - z_normalization.py:103 - Set up values | NDVI
2025-12-26 14:58:33,249 - INFO - z_normalization.py:110 - Setting up normalization ... 
2025-12-26 14:58:33,249 - INFO - z_normalization.py:114 - Setting up normalization ... done
2025-12-26 14:58:33,249 - INFO - z_normalization.py:116 - Normalizing ... 
2025-12-26 14:58:33,338 - INFO - z_normalization.py:121 - Normalizing ... done
2025-12-26 14:58:33,390 - INFO - z_normalization.py:74 - Z-Normalization | EVI
2025-12-26 14:58:33,626 - INFO - z_normalization.py:83 - Loaded baseline
2025-12-26 14:58:33,626 - INFO - z_normalization.py:86 - Set up values | EVI_mean
2025-12-26 14:58:33,657 - INFO - z_normalization.py:86 - Set up values | EVI_std
2025-12-26 14:58:33,826 - INFO - z_normalization.py:101 - Loaded composite
2025-12-26 14:58:33,828 - INFO - z_normalization.py:103 - Set up values | EVI
2025-12-26 14:58:33,855 - INFO - z_normalization.py:110 - Setting up normalization ... 
2025-12-26 14:58:33,855 - INFO - z_normalization.py:114 - Setting up normalization ... done
2025-12-26 14:58:33,856 - INFO - z_normalization.py:116 - Normalizing ... 
2025-12-26 14:58:33,932 - INFO - z_normalization.py:121 - Normalizing ... done
2025-12-26 14:58:33,981 - INFO - z_normalization.py:74 - Z-Normalization | PSRI2
2025-12-26 14:58:34,222 - INFO - z_normalization.py:83 - Loaded baseline
2025-12-26 14:58:34,222 - INFO - z_normalization.py:86 - Set up values | PSRI2_mean
2025-12-26 14:58:34,252 - INFO - z_normalization.py:86 - Set up values | PSRI2_std
2025-12-26 14:58:34,413 - INFO - z_normalization.py:101 - Loaded composite
2025-12-26 14:58:34,413 - INFO - z_normalization.py:103 - Set up values | PSRI2
2025-12-26 14:58:34,443 - INFO - z_normalization.py:110 - Setting up normalization ... 
2025-12-26 14:58:34,444 - INFO - z_normalization.py:114 - Setting up normalization ... done
2025-12-26 14:58:34,444 - INFO - z_normalization.py:116 - Normalizing ... 
2025-12-26 14:58:34,525 - INFO - z_normalization.py:121 - Normalizing ... done
2025-12-26 14:58:34,577 - INFO - z_normalization.py:127 - Merging into one dataset
2025-12-26 14:58:34,578 - INFO - z_normalization.py:133 - Scale and Define data types & nodata per band
2025-12-26 14:58:34,579 - INFO - z_normalization.py:145 - Assign time range and tile ID in metadata
2025-12-26 14:58:34,579 - INFO - z_normalization.py:151 - Write bands to raster COG files
2025-12-26 14:58:38,481 - INFO - z_normalization.py:164 - Write NDVI_Z -> //nas-rs.topo.auth.gr/Latomeia/DROUGHT/z_normalized/x10/y09/2025/8/01/S2L2A_znorm_x10y09_20258_NDVI_z.tif
2025-12-26 14:58:42,138 - INFO - z_normalization.py:164 - Write EVI_Z -> //nas-rs.topo.auth.gr/Latomeia/DROUGHT/z_normalized/x10/y09/2025/8/01/S2L2A_znorm_x10y09_20258_EVI_z.tif
2025-12-26 14:58:45,784 - INFO - z_normalization.py:164 - Write PSRI2_Z -> //nas-rs.topo.auth.gr/Latomeia/DROUGHT/z_normalized/x10/y09/2025/8/01/S2L2A_znorm_x10y09_20258_PSRI2_z.tif
2025-12-26 14:58:45,785 - INFO - z_normalization.py:166 - Assert relative paths and product measurements are matched
2025-12-26 14:58:45,827 - INFO - z_normalization.py:172 - Prepare metadata YAML document
2025-12-26 14:58:45,923 - INFO - z_normalization.py:192 - Write metadata YAML document to disk
2025-12-26 14:58:45,945 - INFO - z_normalization.py:197 - Create datacube.model.Dataset from eo3 metadata
2025-12-26 14:58:45,949 - INFO - z_normalization.py:210 - Index to datacube
2025-12-26 14:58:45,949 - INFO - _datasets.py:191 - Indexing e270cefe-2f30-4dd7-b06d-5fe534d0d961
2025-12-26 14:58:45,956 - INFO - z_normalization.py:213 - 
2025-12-26 14:58:45,956 - INFO - z_normalization.py:214 -              ✔✔✔ COMPLETED: Tile x10_y09 | Time: 2025-08 | In 0.22 minutes
2025-12-26 14:58:45,956 - INFO - z_normalization.py:215 - 
2025-12-26 14:58:45,956 - INFO - z_normalization.py:230 - #######################################################################
