2025-12-26 12:25:25,014 - INFO - z_normalization.py:42 - #######################################################################
2025-12-26 12:25:25,572 - INFO - z_normalization.py:56 - Starting Z-Normalization for x09_y08 | 2023-09
2025-12-26 12:25:25,572 - INFO - z_normalization.py:58 - Create directories and naming conversions
2025-12-26 12:25:25,587 - INFO - z_normalization.py:69 - Dataset location: //nas-rs.topo.auth.gr/Latomeia/DROUGHT/z_normalized/x09/y08/2023/9/01
2025-12-26 12:25:25,587 - INFO - z_normalization.py:74 - Z-Normalization | NDVI
2025-12-26 12:25:26,053 - INFO - z_normalization.py:83 - Loaded baseline
2025-12-26 12:25:26,053 - INFO - z_normalization.py:86 - Set up values | NDVI_mean
2025-12-26 12:25:26,084 - INFO - z_normalization.py:86 - Set up values | NDVI_std
2025-12-26 12:25:26,270 - INFO - z_normalization.py:101 - Loaded composite
2025-12-26 12:25:26,270 - INFO - z_normalization.py:103 - Set up values | NDVI
2025-12-26 12:25:26,302 - INFO - z_normalization.py:110 - Setting up normalization ... 
2025-12-26 12:25:26,302 - INFO - z_normalization.py:114 - Setting up normalization ... done
2025-12-26 12:25:26,302 - INFO - z_normalization.py:116 - Normalizing ... 
2025-12-26 12:25:26,382 - INFO - z_normalization.py:121 - Normalizing ... done
2025-12-26 12:25:26,432 - INFO - z_normalization.py:74 - Z-Normalization | EVI
2025-12-26 12:25:26,669 - INFO - z_normalization.py:83 - Loaded baseline
2025-12-26 12:25:26,669 - INFO - z_normalization.py:86 - Set up values | EVI_mean
2025-12-26 12:25:26,697 - INFO - z_normalization.py:86 - Set up values | EVI_std
2025-12-26 12:25:26,883 - INFO - z_normalization.py:101 - Loaded composite
2025-12-26 12:25:26,883 - INFO - z_normalization.py:103 - Set up values | EVI
2025-12-26 12:25:26,911 - INFO - z_normalization.py:110 - Setting up normalization ... 
2025-12-26 12:25:26,911 - INFO - z_normalization.py:114 - Setting up normalization ... done
2025-12-26 12:25:26,911 - INFO - z_normalization.py:116 - Normalizing ... 
2025-12-26 12:25:26,987 - INFO - z_normalization.py:121 - Normalizing ... done
2025-12-26 12:25:27,042 - INFO - z_normalization.py:74 - Z-Normalization | PSRI2
2025-12-26 12:25:27,252 - INFO - z_normalization.py:83 - Loaded baseline
2025-12-26 12:25:27,252 - INFO - z_normalization.py:86 - Set up values | PSRI2_mean
2025-12-26 12:25:27,279 - INFO - z_normalization.py:86 - Set up values | PSRI2_std
2025-12-26 12:25:27,450 - INFO - z_normalization.py:101 - Loaded composite
2025-12-26 12:25:27,450 - INFO - z_normalization.py:103 - Set up values | PSRI2
2025-12-26 12:25:27,479 - INFO - z_normalization.py:110 - Setting up normalization ... 
2025-12-26 12:25:27,479 - INFO - z_normalization.py:114 - Setting up normalization ... done
2025-12-26 12:25:27,479 - INFO - z_normalization.py:116 - Normalizing ... 
2025-12-26 12:25:27,556 - INFO - z_normalization.py:121 - Normalizing ... done
2025-12-26 12:25:27,608 - INFO - z_normalization.py:127 - Merging into one dataset
2025-12-26 12:25:27,609 - INFO - z_normalization.py:133 - Scale and Define data types & nodata per band
2025-12-26 12:25:27,610 - INFO - z_normalization.py:145 - Assign time range and tile ID in metadata
2025-12-26 12:25:27,610 - INFO - z_normalization.py:151 - Write bands to raster COG files
2025-12-26 12:25:31,276 - INFO - z_normalization.py:164 - Write NDVI_Z -> //nas-rs.topo.auth.gr/Latomeia/DROUGHT/z_normalized/x09/y08/2023/9/01/S2L2A_znorm_x09y08_20239_NDVI_z.tif
2025-12-26 12:25:35,069 - INFO - z_normalization.py:164 - Write EVI_Z -> //nas-rs.topo.auth.gr/Latomeia/DROUGHT/z_normalized/x09/y08/2023/9/01/S2L2A_znorm_x09y08_20239_EVI_z.tif
2025-12-26 12:25:39,216 - INFO - z_normalization.py:164 - Write PSRI2_Z -> //nas-rs.topo.auth.gr/Latomeia/DROUGHT/z_normalized/x09/y08/2023/9/01/S2L2A_znorm_x09y08_20239_PSRI2_z.tif
2025-12-26 12:25:39,216 - INFO - z_normalization.py:166 - Assert relative paths and product measurements are matched
2025-12-26 12:25:39,258 - INFO - z_normalization.py:172 - Prepare metadata YAML document
2025-12-26 12:25:39,355 - INFO - z_normalization.py:192 - Write metadata YAML document to disk
2025-12-26 12:25:39,377 - INFO - z_normalization.py:197 - Create datacube.model.Dataset from eo3 metadata
2025-12-26 12:25:39,381 - INFO - z_normalization.py:210 - Index to datacube
2025-12-26 12:25:39,381 - INFO - _datasets.py:191 - Indexing 34546e7c-c50a-49e0-96b5-e20de2af1b2e
2025-12-26 12:25:39,388 - INFO - z_normalization.py:213 - 
2025-12-26 12:25:39,388 - INFO - z_normalization.py:214 -              ✔✔✔ COMPLETED: Tile x09_y08 | Time: 2023-09 | In 0.23 minutes
2025-12-26 12:25:39,388 - INFO - z_normalization.py:215 - 
2025-12-26 12:25:39,388 - INFO - z_normalization.py:230 - #######################################################################
