2025-12-26 14:47:33,969 - INFO - z_normalization.py:42 - #######################################################################
2025-12-26 14:47:34,535 - INFO - z_normalization.py:56 - Starting Z-Normalization for x12_y11 | 2025-06
2025-12-26 14:47:34,535 - INFO - z_normalization.py:58 - Create directories and naming conversions
2025-12-26 14:47:34,548 - INFO - z_normalization.py:69 - Dataset location: //nas-rs.topo.auth.gr/Latomeia/DROUGHT/z_normalized/x12/y11/2025/6/01
2025-12-26 14:47:34,548 - INFO - z_normalization.py:74 - Z-Normalization | NDVI
2025-12-26 14:47:34,921 - INFO - z_normalization.py:83 - Loaded baseline
2025-12-26 14:47:34,921 - INFO - z_normalization.py:86 - Set up values | NDVI_mean
2025-12-26 14:47:34,950 - INFO - z_normalization.py:86 - Set up values | NDVI_std
2025-12-26 14:47:35,119 - INFO - z_normalization.py:101 - Loaded composite
2025-12-26 14:47:35,119 - INFO - z_normalization.py:103 - Set up values | NDVI
2025-12-26 14:47:35,149 - INFO - z_normalization.py:110 - Setting up normalization ... 
2025-12-26 14:47:35,150 - INFO - z_normalization.py:114 - Setting up normalization ... done
2025-12-26 14:47:35,150 - INFO - z_normalization.py:116 - Normalizing ... 
2025-12-26 14:47:35,234 - INFO - z_normalization.py:121 - Normalizing ... done
2025-12-26 14:47:35,313 - INFO - z_normalization.py:74 - Z-Normalization | EVI
2025-12-26 14:47:35,577 - INFO - z_normalization.py:83 - Loaded baseline
2025-12-26 14:47:35,578 - INFO - z_normalization.py:86 - Set up values | EVI_mean
2025-12-26 14:47:35,605 - INFO - z_normalization.py:86 - Set up values | EVI_std
2025-12-26 14:47:35,781 - INFO - z_normalization.py:101 - Loaded composite
2025-12-26 14:47:35,781 - INFO - z_normalization.py:103 - Set up values | EVI
2025-12-26 14:47:35,814 - INFO - z_normalization.py:110 - Setting up normalization ... 
2025-12-26 14:47:35,815 - INFO - z_normalization.py:114 - Setting up normalization ... done
2025-12-26 14:47:35,815 - INFO - z_normalization.py:116 - Normalizing ... 
2025-12-26 14:47:35,900 - INFO - z_normalization.py:121 - Normalizing ... done
2025-12-26 14:47:35,950 - INFO - z_normalization.py:74 - Z-Normalization | PSRI2
2025-12-26 14:47:36,186 - INFO - z_normalization.py:83 - Loaded baseline
2025-12-26 14:47:36,186 - INFO - z_normalization.py:86 - Set up values | PSRI2_mean
2025-12-26 14:47:36,214 - INFO - z_normalization.py:86 - Set up values | PSRI2_std
2025-12-26 14:47:36,387 - INFO - z_normalization.py:101 - Loaded composite
2025-12-26 14:47:36,387 - INFO - z_normalization.py:103 - Set up values | PSRI2
2025-12-26 14:47:36,416 - INFO - z_normalization.py:110 - Setting up normalization ... 
2025-12-26 14:47:36,416 - INFO - z_normalization.py:114 - Setting up normalization ... done
2025-12-26 14:47:36,416 - INFO - z_normalization.py:116 - Normalizing ... 
2025-12-26 14:47:36,492 - INFO - z_normalization.py:121 - Normalizing ... done
2025-12-26 14:47:36,541 - INFO - z_normalization.py:127 - Merging into one dataset
2025-12-26 14:47:36,543 - INFO - z_normalization.py:133 - Scale and Define data types & nodata per band
2025-12-26 14:47:36,544 - INFO - z_normalization.py:145 - Assign time range and tile ID in metadata
2025-12-26 14:47:36,544 - INFO - z_normalization.py:151 - Write bands to raster COG files
2025-12-26 14:47:40,219 - INFO - z_normalization.py:164 - Write NDVI_Z -> //nas-rs.topo.auth.gr/Latomeia/DROUGHT/z_normalized/x12/y11/2025/6/01/S2L2A_znorm_x12y11_20256_NDVI_z.tif
2025-12-26 14:47:43,834 - INFO - z_normalization.py:164 - Write EVI_Z -> //nas-rs.topo.auth.gr/Latomeia/DROUGHT/z_normalized/x12/y11/2025/6/01/S2L2A_znorm_x12y11_20256_EVI_z.tif
2025-12-26 14:47:47,399 - INFO - z_normalization.py:164 - Write PSRI2_Z -> //nas-rs.topo.auth.gr/Latomeia/DROUGHT/z_normalized/x12/y11/2025/6/01/S2L2A_znorm_x12y11_20256_PSRI2_z.tif
2025-12-26 14:47:47,399 - INFO - z_normalization.py:166 - Assert relative paths and product measurements are matched
2025-12-26 14:47:47,438 - INFO - z_normalization.py:172 - Prepare metadata YAML document
2025-12-26 14:47:47,525 - INFO - z_normalization.py:192 - Write metadata YAML document to disk
2025-12-26 14:47:47,549 - INFO - z_normalization.py:197 - Create datacube.model.Dataset from eo3 metadata
2025-12-26 14:47:47,552 - INFO - z_normalization.py:210 - Index to datacube
2025-12-26 14:47:47,552 - INFO - _datasets.py:191 - Indexing b7b5c3b6-4668-4461-a8fe-eceafabae9e8
2025-12-26 14:47:47,561 - INFO - z_normalization.py:213 - 
2025-12-26 14:47:47,561 - INFO - z_normalization.py:214 -              ✔✔✔ COMPLETED: Tile x12_y11 | Time: 2025-06 | In 0.22 minutes
2025-12-26 14:47:47,561 - INFO - z_normalization.py:215 - 
2025-12-26 14:47:47,561 - INFO - z_normalization.py:230 - #######################################################################
