2025-12-26 03:27:09,078 - INFO - z_normalization.py:42 - #######################################################################
2025-12-26 03:27:09,597 - INFO - z_normalization.py:56 - Starting Z-Normalization for x07_y12 | 2024-12
2025-12-26 03:27:09,597 - INFO - z_normalization.py:58 - Create directories and naming conversions
2025-12-26 03:27:09,612 - INFO - z_normalization.py:69 - Dataset location: //nas-rs.topo.auth.gr/Latomeia/DROUGHT/z_normalized/x07/y12/2024/12/01
2025-12-26 03:27:09,612 - INFO - z_normalization.py:74 - Z-Normalization | NDVI
2025-12-26 03:27:10,022 - INFO - z_normalization.py:83 - Loaded baseline
2025-12-26 03:27:10,022 - INFO - z_normalization.py:86 - Set up values | NDVI_mean
2025-12-26 03:27:10,051 - INFO - z_normalization.py:86 - Set up values | NDVI_std
2025-12-26 03:27:10,230 - INFO - z_normalization.py:101 - Loaded composite
2025-12-26 03:27:10,230 - INFO - z_normalization.py:103 - Set up values | NDVI
2025-12-26 03:27:10,261 - INFO - z_normalization.py:110 - Setting up normalization ... 
2025-12-26 03:27:10,261 - INFO - z_normalization.py:114 - Setting up normalization ... done
2025-12-26 03:27:10,261 - INFO - z_normalization.py:116 - Normalizing ... 
2025-12-26 03:27:10,339 - INFO - z_normalization.py:121 - Normalizing ... done
2025-12-26 03:27:10,393 - INFO - z_normalization.py:74 - Z-Normalization | EVI
2025-12-26 03:27:10,624 - INFO - z_normalization.py:83 - Loaded baseline
2025-12-26 03:27:10,624 - INFO - z_normalization.py:86 - Set up values | EVI_mean
2025-12-26 03:27:10,654 - INFO - z_normalization.py:86 - Set up values | EVI_std
2025-12-26 03:27:10,828 - INFO - z_normalization.py:101 - Loaded composite
2025-12-26 03:27:10,828 - INFO - z_normalization.py:103 - Set up values | EVI
2025-12-26 03:27:10,858 - INFO - z_normalization.py:110 - Setting up normalization ... 
2025-12-26 03:27:10,858 - INFO - z_normalization.py:114 - Setting up normalization ... done
2025-12-26 03:27:10,858 - INFO - z_normalization.py:116 - Normalizing ... 
2025-12-26 03:27:10,936 - INFO - z_normalization.py:121 - Normalizing ... done
2025-12-26 03:27:10,987 - INFO - z_normalization.py:74 - Z-Normalization | PSRI2
2025-12-26 03:27:11,230 - INFO - z_normalization.py:83 - Loaded baseline
2025-12-26 03:27:11,230 - INFO - z_normalization.py:86 - Set up values | PSRI2_mean
2025-12-26 03:27:11,259 - INFO - z_normalization.py:86 - Set up values | PSRI2_std
2025-12-26 03:27:11,424 - INFO - z_normalization.py:101 - Loaded composite
2025-12-26 03:27:11,424 - INFO - z_normalization.py:103 - Set up values | PSRI2
2025-12-26 03:27:11,452 - INFO - z_normalization.py:110 - Setting up normalization ... 
2025-12-26 03:27:11,452 - INFO - z_normalization.py:114 - Setting up normalization ... done
2025-12-26 03:27:11,452 - INFO - z_normalization.py:116 - Normalizing ... 
2025-12-26 03:27:11,535 - INFO - z_normalization.py:121 - Normalizing ... done
2025-12-26 03:27:11,585 - INFO - z_normalization.py:127 - Merging into one dataset
2025-12-26 03:27:11,587 - INFO - z_normalization.py:133 - Scale and Define data types & nodata per band
2025-12-26 03:27:11,588 - INFO - z_normalization.py:145 - Assign time range and tile ID in metadata
2025-12-26 03:27:11,588 - INFO - z_normalization.py:151 - Write bands to raster COG files
2025-12-26 03:27:15,170 - INFO - z_normalization.py:164 - Write NDVI_Z -> //nas-rs.topo.auth.gr/Latomeia/DROUGHT/z_normalized/x07/y12/2024/12/01/S2L2A_znorm_x07y12_202412_NDVI_z.tif
2025-12-26 03:27:18,779 - INFO - z_normalization.py:164 - Write EVI_Z -> //nas-rs.topo.auth.gr/Latomeia/DROUGHT/z_normalized/x07/y12/2024/12/01/S2L2A_znorm_x07y12_202412_EVI_z.tif
2025-12-26 03:27:22,358 - INFO - z_normalization.py:164 - Write PSRI2_Z -> //nas-rs.topo.auth.gr/Latomeia/DROUGHT/z_normalized/x07/y12/2024/12/01/S2L2A_znorm_x07y12_202412_PSRI2_z.tif
2025-12-26 03:27:22,358 - INFO - z_normalization.py:166 - Prepare metadata YAML document
2025-12-26 03:27:22,450 - INFO - z_normalization.py:187 - Write metadata YAML document to disk
2025-12-26 03:27:22,471 - INFO - z_normalization.py:192 - Create datacube.model.Dataset from eo3 metadata
2025-12-26 03:27:22,476 - INFO - z_normalization.py:205 - Index to datacube
2025-12-26 03:27:22,476 - INFO - _datasets.py:191 - Indexing 934d80cf-76e3-45c9-bacf-f42e54d0d9cf
2025-12-26 03:27:22,486 - INFO - z_normalization.py:208 - 
2025-12-26 03:27:22,486 - INFO - z_normalization.py:209 -              ✔✔✔ COMPLETED: Tile x07_y12 | Time: 2024-12 | In 0.21 minutes
2025-12-26 03:27:22,486 - INFO - z_normalization.py:210 - 
