2025-12-26 01:45:08,350 - INFO - z_normalization.py:42 - #######################################################################
2025-12-26 01:45:08,914 - INFO - z_normalization.py:56 - Starting Z-Normalization for x09_y11 | 2023-07
2025-12-26 01:45:08,914 - INFO - z_normalization.py:58 - Create directories and naming conversions
2025-12-26 01:45:08,926 - INFO - z_normalization.py:69 - Dataset location: //nas-rs.topo.auth.gr/Latomeia/DROUGHT/z_normalized/x09/y11/2023/7/01
2025-12-26 01:45:08,926 - INFO - z_normalization.py:74 - Z-Normalization | NDVI
2025-12-26 01:45:09,301 - INFO - z_normalization.py:83 - Loaded baseline
2025-12-26 01:45:09,302 - INFO - z_normalization.py:86 - Set up values | NDVI_mean
2025-12-26 01:45:09,333 - INFO - z_normalization.py:86 - Set up values | NDVI_std
2025-12-26 01:45:09,514 - INFO - z_normalization.py:101 - Loaded composite
2025-12-26 01:45:09,514 - INFO - z_normalization.py:103 - Set up values | NDVI
2025-12-26 01:45:09,547 - INFO - z_normalization.py:110 - Setting up normalization ... 
2025-12-26 01:45:09,547 - INFO - z_normalization.py:114 - Setting up normalization ... done
2025-12-26 01:45:09,547 - INFO - z_normalization.py:116 - Normalizing ... 
2025-12-26 01:45:09,631 - INFO - z_normalization.py:121 - Normalizing ... done
2025-12-26 01:45:09,682 - INFO - z_normalization.py:74 - Z-Normalization | EVI
2025-12-26 01:45:09,911 - INFO - z_normalization.py:83 - Loaded baseline
2025-12-26 01:45:09,911 - INFO - z_normalization.py:86 - Set up values | EVI_mean
2025-12-26 01:45:09,938 - INFO - z_normalization.py:86 - Set up values | EVI_std
2025-12-26 01:45:10,125 - INFO - z_normalization.py:101 - Loaded composite
2025-12-26 01:45:10,125 - INFO - z_normalization.py:103 - Set up values | EVI
2025-12-26 01:45:10,155 - INFO - z_normalization.py:110 - Setting up normalization ... 
2025-12-26 01:45:10,155 - INFO - z_normalization.py:114 - Setting up normalization ... done
2025-12-26 01:45:10,155 - INFO - z_normalization.py:116 - Normalizing ... 
2025-12-26 01:45:10,231 - INFO - z_normalization.py:121 - Normalizing ... done
2025-12-26 01:45:10,286 - INFO - z_normalization.py:74 - Z-Normalization | PSRI2
2025-12-26 01:45:10,531 - INFO - z_normalization.py:83 - Loaded baseline
2025-12-26 01:45:10,532 - INFO - z_normalization.py:86 - Set up values | PSRI2_mean
2025-12-26 01:45:10,567 - INFO - z_normalization.py:86 - Set up values | PSRI2_std
2025-12-26 01:45:10,738 - INFO - z_normalization.py:101 - Loaded composite
2025-12-26 01:45:10,738 - INFO - z_normalization.py:103 - Set up values | PSRI2
2025-12-26 01:45:10,766 - INFO - z_normalization.py:110 - Setting up normalization ... 
2025-12-26 01:45:10,767 - INFO - z_normalization.py:114 - Setting up normalization ... done
2025-12-26 01:45:10,767 - INFO - z_normalization.py:116 - Normalizing ... 
2025-12-26 01:45:10,843 - INFO - z_normalization.py:121 - Normalizing ... done
2025-12-26 01:45:10,895 - INFO - z_normalization.py:127 - Merging into one dataset
2025-12-26 01:45:10,896 - INFO - z_normalization.py:133 - Scale and Define data types & nodata per band
2025-12-26 01:45:10,898 - INFO - z_normalization.py:145 - Assign time range and tile ID in metadata
2025-12-26 01:45:10,898 - INFO - z_normalization.py:151 - Write bands to raster COG files
2025-12-26 01:45:14,580 - INFO - z_normalization.py:164 - Write NDVI_Z -> //nas-rs.topo.auth.gr/Latomeia/DROUGHT/z_normalized/x09/y11/2023/7/01/S2L2A_znorm_x09y11_20237_NDVI_z.tif
2025-12-26 01:45:18,215 - INFO - z_normalization.py:164 - Write EVI_Z -> //nas-rs.topo.auth.gr/Latomeia/DROUGHT/z_normalized/x09/y11/2023/7/01/S2L2A_znorm_x09y11_20237_EVI_z.tif
2025-12-26 01:45:21,882 - INFO - z_normalization.py:164 - Write PSRI2_Z -> //nas-rs.topo.auth.gr/Latomeia/DROUGHT/z_normalized/x09/y11/2023/7/01/S2L2A_znorm_x09y11_20237_PSRI2_z.tif
2025-12-26 01:45:21,882 - INFO - z_normalization.py:166 - Prepare metadata YAML document
2025-12-26 01:45:21,974 - INFO - z_normalization.py:187 - Write metadata YAML document to disk
2025-12-26 01:45:21,997 - INFO - z_normalization.py:192 - Create datacube.model.Dataset from eo3 metadata
2025-12-26 01:45:22,004 - INFO - z_normalization.py:205 - Index to datacube
2025-12-26 01:45:22,004 - INFO - _datasets.py:191 - Indexing c55470f6-eb5a-40a9-9041-9231a5188fe9
2025-12-26 01:45:22,012 - INFO - z_normalization.py:208 - 
2025-12-26 01:45:22,012 - INFO - z_normalization.py:209 -              ✔✔✔ COMPLETED: Tile x09_y11 | Time: 2023-07 | In 0.22 minutes
2025-12-26 01:45:22,012 - INFO - z_normalization.py:210 - 
