2025-12-26 12:36:07,254 - INFO - z_normalization.py:42 - #######################################################################
2025-12-26 12:36:07,840 - INFO - z_normalization.py:56 - Starting Z-Normalization for x12_y12 | 2023-10
2025-12-26 12:36:07,840 - INFO - z_normalization.py:58 - Create directories and naming conversions
2025-12-26 12:36:07,854 - INFO - z_normalization.py:69 - Dataset location: //nas-rs.topo.auth.gr/Latomeia/DROUGHT/z_normalized/x12/y12/2023/10/01
2025-12-26 12:36:07,854 - INFO - z_normalization.py:74 - Z-Normalization | NDVI
2025-12-26 12:36:08,239 - INFO - z_normalization.py:83 - Loaded baseline
2025-12-26 12:36:08,239 - INFO - z_normalization.py:86 - Set up values | NDVI_mean
2025-12-26 12:36:08,270 - INFO - z_normalization.py:86 - Set up values | NDVI_std
2025-12-26 12:36:08,426 - INFO - z_normalization.py:101 - Loaded composite
2025-12-26 12:36:08,426 - INFO - z_normalization.py:103 - Set up values | NDVI
2025-12-26 12:36:08,459 - INFO - z_normalization.py:110 - Setting up normalization ... 
2025-12-26 12:36:08,460 - INFO - z_normalization.py:114 - Setting up normalization ... done
2025-12-26 12:36:08,460 - INFO - z_normalization.py:116 - Normalizing ... 
2025-12-26 12:36:08,544 - INFO - z_normalization.py:121 - Normalizing ... done
2025-12-26 12:36:08,599 - INFO - z_normalization.py:74 - Z-Normalization | EVI
2025-12-26 12:36:08,876 - INFO - z_normalization.py:83 - Loaded baseline
2025-12-26 12:36:08,877 - INFO - z_normalization.py:86 - Set up values | EVI_mean
2025-12-26 12:36:08,908 - INFO - z_normalization.py:86 - Set up values | EVI_std
2025-12-26 12:36:09,070 - INFO - z_normalization.py:101 - Loaded composite
2025-12-26 12:36:09,071 - INFO - z_normalization.py:103 - Set up values | EVI
2025-12-26 12:36:09,099 - INFO - z_normalization.py:110 - Setting up normalization ... 
2025-12-26 12:36:09,099 - INFO - z_normalization.py:114 - Setting up normalization ... done
2025-12-26 12:36:09,099 - INFO - z_normalization.py:116 - Normalizing ... 
2025-12-26 12:36:09,176 - INFO - z_normalization.py:121 - Normalizing ... done
2025-12-26 12:36:09,227 - INFO - z_normalization.py:74 - Z-Normalization | PSRI2
2025-12-26 12:36:09,452 - INFO - z_normalization.py:83 - Loaded baseline
2025-12-26 12:36:09,452 - INFO - z_normalization.py:86 - Set up values | PSRI2_mean
2025-12-26 12:36:09,482 - INFO - z_normalization.py:86 - Set up values | PSRI2_std
2025-12-26 12:36:09,667 - INFO - z_normalization.py:101 - Loaded composite
2025-12-26 12:36:09,667 - INFO - z_normalization.py:103 - Set up values | PSRI2
2025-12-26 12:36:09,695 - INFO - z_normalization.py:110 - Setting up normalization ... 
2025-12-26 12:36:09,696 - INFO - z_normalization.py:114 - Setting up normalization ... done
2025-12-26 12:36:09,696 - INFO - z_normalization.py:116 - Normalizing ... 
2025-12-26 12:36:09,773 - INFO - z_normalization.py:121 - Normalizing ... done
2025-12-26 12:36:09,822 - INFO - z_normalization.py:127 - Merging into one dataset
2025-12-26 12:36:09,825 - INFO - z_normalization.py:133 - Scale and Define data types & nodata per band
2025-12-26 12:36:09,825 - INFO - z_normalization.py:145 - Assign time range and tile ID in metadata
2025-12-26 12:36:09,825 - INFO - z_normalization.py:151 - Write bands to raster COG files
2025-12-26 12:36:13,495 - INFO - z_normalization.py:164 - Write NDVI_Z -> //nas-rs.topo.auth.gr/Latomeia/DROUGHT/z_normalized/x12/y12/2023/10/01/S2L2A_znorm_x12y12_202310_NDVI_z.tif
2025-12-26 12:36:17,203 - INFO - z_normalization.py:164 - Write EVI_Z -> //nas-rs.topo.auth.gr/Latomeia/DROUGHT/z_normalized/x12/y12/2023/10/01/S2L2A_znorm_x12y12_202310_EVI_z.tif
2025-12-26 12:36:20,830 - INFO - z_normalization.py:164 - Write PSRI2_Z -> //nas-rs.topo.auth.gr/Latomeia/DROUGHT/z_normalized/x12/y12/2023/10/01/S2L2A_znorm_x12y12_202310_PSRI2_z.tif
2025-12-26 12:36:20,830 - INFO - z_normalization.py:166 - Assert relative paths and product measurements are matched
2025-12-26 12:36:20,876 - INFO - z_normalization.py:172 - Prepare metadata YAML document
2025-12-26 12:36:20,966 - INFO - z_normalization.py:192 - Write metadata YAML document to disk
2025-12-26 12:36:20,988 - INFO - z_normalization.py:197 - Create datacube.model.Dataset from eo3 metadata
2025-12-26 12:36:20,990 - INFO - z_normalization.py:210 - Index to datacube
2025-12-26 12:36:20,992 - INFO - _datasets.py:191 - Indexing fed234d4-aa58-4237-80c3-a5f0898beaf9
2025-12-26 12:36:20,998 - INFO - z_normalization.py:213 - 
2025-12-26 12:36:20,998 - INFO - z_normalization.py:214 -              ✔✔✔ COMPLETED: Tile x12_y12 | Time: 2023-10 | In 0.22 minutes
2025-12-26 12:36:20,998 - INFO - z_normalization.py:215 - 
2025-12-26 12:36:20,998 - INFO - z_normalization.py:230 - #######################################################################
