2025-12-26 15:04:01,061 - INFO - z_normalization.py:42 - #######################################################################
2025-12-26 15:04:01,798 - INFO - z_normalization.py:56 - Starting Z-Normalization for x09_y11 | 2025-09
2025-12-26 15:04:01,798 - INFO - z_normalization.py:58 - Create directories and naming conversions
2025-12-26 15:04:01,810 - INFO - z_normalization.py:69 - Dataset location: //nas-rs.topo.auth.gr/Latomeia/DROUGHT/z_normalized/x09/y11/2025/9/01
2025-12-26 15:04:01,810 - INFO - z_normalization.py:74 - Z-Normalization | NDVI
2025-12-26 15:04:02,258 - INFO - z_normalization.py:83 - Loaded baseline
2025-12-26 15:04:02,258 - INFO - z_normalization.py:86 - Set up values | NDVI_mean
2025-12-26 15:04:02,296 - INFO - z_normalization.py:86 - Set up values | NDVI_std
2025-12-26 15:04:02,493 - INFO - z_normalization.py:101 - Loaded composite
2025-12-26 15:04:02,493 - INFO - z_normalization.py:103 - Set up values | NDVI
2025-12-26 15:04:02,528 - INFO - z_normalization.py:110 - Setting up normalization ... 
2025-12-26 15:04:02,528 - INFO - z_normalization.py:114 - Setting up normalization ... done
2025-12-26 15:04:02,528 - INFO - z_normalization.py:116 - Normalizing ... 
2025-12-26 15:04:02,611 - INFO - z_normalization.py:121 - Normalizing ... done
2025-12-26 15:04:02,666 - INFO - z_normalization.py:74 - Z-Normalization | EVI
2025-12-26 15:04:02,929 - INFO - z_normalization.py:83 - Loaded baseline
2025-12-26 15:04:02,929 - INFO - z_normalization.py:86 - Set up values | EVI_mean
2025-12-26 15:04:02,961 - INFO - z_normalization.py:86 - Set up values | EVI_std
2025-12-26 15:04:03,165 - INFO - z_normalization.py:101 - Loaded composite
2025-12-26 15:04:03,166 - INFO - z_normalization.py:103 - Set up values | EVI
2025-12-26 15:04:03,194 - INFO - z_normalization.py:110 - Setting up normalization ... 
2025-12-26 15:04:03,194 - INFO - z_normalization.py:114 - Setting up normalization ... done
2025-12-26 15:04:03,195 - INFO - z_normalization.py:116 - Normalizing ... 
2025-12-26 15:04:03,281 - INFO - z_normalization.py:121 - Normalizing ... done
2025-12-26 15:04:03,376 - INFO - z_normalization.py:74 - Z-Normalization | PSRI2
2025-12-26 15:04:03,608 - INFO - z_normalization.py:83 - Loaded baseline
2025-12-26 15:04:03,608 - INFO - z_normalization.py:86 - Set up values | PSRI2_mean
2025-12-26 15:04:03,638 - INFO - z_normalization.py:86 - Set up values | PSRI2_std
2025-12-26 15:04:03,796 - INFO - z_normalization.py:101 - Loaded composite
2025-12-26 15:04:03,796 - INFO - z_normalization.py:103 - Set up values | PSRI2
2025-12-26 15:04:03,825 - INFO - z_normalization.py:110 - Setting up normalization ... 
2025-12-26 15:04:03,825 - INFO - z_normalization.py:114 - Setting up normalization ... done
2025-12-26 15:04:03,825 - INFO - z_normalization.py:116 - Normalizing ... 
2025-12-26 15:04:03,906 - INFO - z_normalization.py:121 - Normalizing ... done
2025-12-26 15:04:03,956 - INFO - z_normalization.py:127 - Merging into one dataset
2025-12-26 15:04:03,957 - INFO - z_normalization.py:133 - Scale and Define data types & nodata per band
2025-12-26 15:04:03,959 - INFO - z_normalization.py:145 - Assign time range and tile ID in metadata
2025-12-26 15:04:03,959 - INFO - z_normalization.py:151 - Write bands to raster COG files
2025-12-26 15:04:07,798 - INFO - z_normalization.py:164 - Write NDVI_Z -> //nas-rs.topo.auth.gr/Latomeia/DROUGHT/z_normalized/x09/y11/2025/9/01/S2L2A_znorm_x09y11_20259_NDVI_z.tif
2025-12-26 15:04:11,488 - INFO - z_normalization.py:164 - Write EVI_Z -> //nas-rs.topo.auth.gr/Latomeia/DROUGHT/z_normalized/x09/y11/2025/9/01/S2L2A_znorm_x09y11_20259_EVI_z.tif
2025-12-26 15:04:15,497 - INFO - z_normalization.py:164 - Write PSRI2_Z -> //nas-rs.topo.auth.gr/Latomeia/DROUGHT/z_normalized/x09/y11/2025/9/01/S2L2A_znorm_x09y11_20259_PSRI2_z.tif
2025-12-26 15:04:15,497 - INFO - z_normalization.py:166 - Assert relative paths and product measurements are matched
2025-12-26 15:04:15,548 - INFO - z_normalization.py:172 - Prepare metadata YAML document
2025-12-26 15:04:15,667 - INFO - z_normalization.py:192 - Write metadata YAML document to disk
2025-12-26 15:04:15,694 - INFO - z_normalization.py:197 - Create datacube.model.Dataset from eo3 metadata
2025-12-26 15:04:15,700 - INFO - z_normalization.py:210 - Index to datacube
2025-12-26 15:04:15,701 - INFO - _datasets.py:191 - Indexing a61028be-ae1c-4166-9240-0f4bbfbcb64e
2025-12-26 15:04:15,711 - INFO - z_normalization.py:213 - 
2025-12-26 15:04:15,711 - INFO - z_normalization.py:214 -              ✔✔✔ COMPLETED: Tile x09_y11 | Time: 2025-09 | In 0.23 minutes
2025-12-26 15:04:15,712 - INFO - z_normalization.py:215 - 
2025-12-26 15:04:15,712 - INFO - z_normalization.py:230 - #######################################################################
