2025-12-26 01:44:00,768 - INFO - z_normalization.py:42 - #######################################################################
2025-12-26 01:44:01,346 - INFO - z_normalization.py:56 - Starting Z-Normalization for x08_y12 | 2023-07
2025-12-26 01:44:01,346 - INFO - z_normalization.py:58 - Create directories and naming conversions
2025-12-26 01:44:01,359 - INFO - z_normalization.py:69 - Dataset location: //nas-rs.topo.auth.gr/Latomeia/DROUGHT/z_normalized/x08/y12/2023/7/01
2025-12-26 01:44:01,359 - INFO - z_normalization.py:74 - Z-Normalization | NDVI
2025-12-26 01:44:01,777 - INFO - z_normalization.py:83 - Loaded baseline
2025-12-26 01:44:01,778 - INFO - z_normalization.py:86 - Set up values | NDVI_mean
2025-12-26 01:44:01,807 - INFO - z_normalization.py:86 - Set up values | NDVI_std
2025-12-26 01:44:01,984 - INFO - z_normalization.py:101 - Loaded composite
2025-12-26 01:44:01,984 - INFO - z_normalization.py:103 - Set up values | NDVI
2025-12-26 01:44:02,014 - INFO - z_normalization.py:110 - Setting up normalization ... 
2025-12-26 01:44:02,014 - INFO - z_normalization.py:114 - Setting up normalization ... done
2025-12-26 01:44:02,014 - INFO - z_normalization.py:116 - Normalizing ... 
2025-12-26 01:44:02,092 - INFO - z_normalization.py:121 - Normalizing ... done
2025-12-26 01:44:02,141 - INFO - z_normalization.py:74 - Z-Normalization | EVI
2025-12-26 01:44:02,376 - INFO - z_normalization.py:83 - Loaded baseline
2025-12-26 01:44:02,376 - INFO - z_normalization.py:86 - Set up values | EVI_mean
2025-12-26 01:44:02,404 - INFO - z_normalization.py:86 - Set up values | EVI_std
2025-12-26 01:44:02,578 - INFO - z_normalization.py:101 - Loaded composite
2025-12-26 01:44:02,578 - INFO - z_normalization.py:103 - Set up values | EVI
2025-12-26 01:44:02,606 - INFO - z_normalization.py:110 - Setting up normalization ... 
2025-12-26 01:44:02,606 - INFO - z_normalization.py:114 - Setting up normalization ... done
2025-12-26 01:44:02,606 - INFO - z_normalization.py:116 - Normalizing ... 
2025-12-26 01:44:02,690 - INFO - z_normalization.py:121 - Normalizing ... done
2025-12-26 01:44:02,740 - INFO - z_normalization.py:74 - Z-Normalization | PSRI2
2025-12-26 01:44:02,988 - INFO - z_normalization.py:83 - Loaded baseline
2025-12-26 01:44:02,988 - INFO - z_normalization.py:86 - Set up values | PSRI2_mean
2025-12-26 01:44:03,018 - INFO - z_normalization.py:86 - Set up values | PSRI2_std
2025-12-26 01:44:03,179 - INFO - z_normalization.py:101 - Loaded composite
2025-12-26 01:44:03,179 - INFO - z_normalization.py:103 - Set up values | PSRI2
2025-12-26 01:44:03,208 - INFO - z_normalization.py:110 - Setting up normalization ... 
2025-12-26 01:44:03,209 - INFO - z_normalization.py:114 - Setting up normalization ... done
2025-12-26 01:44:03,209 - INFO - z_normalization.py:116 - Normalizing ... 
2025-12-26 01:44:03,294 - INFO - z_normalization.py:121 - Normalizing ... done
2025-12-26 01:44:03,351 - INFO - z_normalization.py:127 - Merging into one dataset
2025-12-26 01:44:03,353 - INFO - z_normalization.py:133 - Scale and Define data types & nodata per band
2025-12-26 01:44:03,354 - INFO - z_normalization.py:145 - Assign time range and tile ID in metadata
2025-12-26 01:44:03,354 - INFO - z_normalization.py:151 - Write bands to raster COG files
2025-12-26 01:44:07,032 - INFO - z_normalization.py:164 - Write NDVI_Z -> //nas-rs.topo.auth.gr/Latomeia/DROUGHT/z_normalized/x08/y12/2023/7/01/S2L2A_znorm_x08y12_20237_NDVI_z.tif
2025-12-26 01:44:10,625 - INFO - z_normalization.py:164 - Write EVI_Z -> //nas-rs.topo.auth.gr/Latomeia/DROUGHT/z_normalized/x08/y12/2023/7/01/S2L2A_znorm_x08y12_20237_EVI_z.tif
2025-12-26 01:44:14,300 - INFO - z_normalization.py:164 - Write PSRI2_Z -> //nas-rs.topo.auth.gr/Latomeia/DROUGHT/z_normalized/x08/y12/2023/7/01/S2L2A_znorm_x08y12_20237_PSRI2_z.tif
2025-12-26 01:44:14,301 - INFO - z_normalization.py:166 - Prepare metadata YAML document
2025-12-26 01:44:14,388 - INFO - z_normalization.py:187 - Write metadata YAML document to disk
2025-12-26 01:44:14,411 - INFO - z_normalization.py:192 - Create datacube.model.Dataset from eo3 metadata
2025-12-26 01:44:14,414 - INFO - z_normalization.py:205 - Index to datacube
2025-12-26 01:44:14,414 - INFO - _datasets.py:191 - Indexing 825cf259-dff1-4e55-8590-acc790f5546f
2025-12-26 01:44:14,423 - INFO - z_normalization.py:208 - 
2025-12-26 01:44:14,423 - INFO - z_normalization.py:209 -              ✔✔✔ COMPLETED: Tile x08_y12 | Time: 2023-07 | In 0.22 minutes
2025-12-26 01:44:14,423 - INFO - z_normalization.py:210 - 
