2025-12-26 03:45:15,257 - INFO - z_normalization.py:42 - #######################################################################
2025-12-26 03:45:15,781 - INFO - z_normalization.py:56 - Starting Z-Normalization for x07_y12 | 2025-03
2025-12-26 03:45:15,781 - INFO - z_normalization.py:58 - Create directories and naming conversions
2025-12-26 03:45:15,794 - INFO - z_normalization.py:69 - Dataset location: //nas-rs.topo.auth.gr/Latomeia/DROUGHT/z_normalized/x07/y12/2025/3/01
2025-12-26 03:45:15,794 - INFO - z_normalization.py:74 - Z-Normalization | NDVI
2025-12-26 03:45:16,183 - INFO - z_normalization.py:83 - Loaded baseline
2025-12-26 03:45:16,183 - INFO - z_normalization.py:86 - Set up values | NDVI_mean
2025-12-26 03:45:16,212 - INFO - z_normalization.py:86 - Set up values | NDVI_std
2025-12-26 03:45:16,384 - INFO - z_normalization.py:101 - Loaded composite
2025-12-26 03:45:16,384 - INFO - z_normalization.py:103 - Set up values | NDVI
2025-12-26 03:45:16,412 - INFO - z_normalization.py:110 - Setting up normalization ... 
2025-12-26 03:45:16,412 - INFO - z_normalization.py:114 - Setting up normalization ... done
2025-12-26 03:45:16,412 - INFO - z_normalization.py:116 - Normalizing ... 
2025-12-26 03:45:16,494 - INFO - z_normalization.py:121 - Normalizing ... done
2025-12-26 03:45:16,543 - INFO - z_normalization.py:74 - Z-Normalization | EVI
2025-12-26 03:45:16,775 - INFO - z_normalization.py:83 - Loaded baseline
2025-12-26 03:45:16,775 - INFO - z_normalization.py:86 - Set up values | EVI_mean
2025-12-26 03:45:16,803 - INFO - z_normalization.py:86 - Set up values | EVI_std
2025-12-26 03:45:16,979 - INFO - z_normalization.py:101 - Loaded composite
2025-12-26 03:45:16,979 - INFO - z_normalization.py:103 - Set up values | EVI
2025-12-26 03:45:17,009 - INFO - z_normalization.py:110 - Setting up normalization ... 
2025-12-26 03:45:17,009 - INFO - z_normalization.py:114 - Setting up normalization ... done
2025-12-26 03:45:17,009 - INFO - z_normalization.py:116 - Normalizing ... 
2025-12-26 03:45:17,088 - INFO - z_normalization.py:121 - Normalizing ... done
2025-12-26 03:45:17,137 - INFO - z_normalization.py:74 - Z-Normalization | PSRI2
2025-12-26 03:45:17,370 - INFO - z_normalization.py:83 - Loaded baseline
2025-12-26 03:45:17,370 - INFO - z_normalization.py:86 - Set up values | PSRI2_mean
2025-12-26 03:45:17,397 - INFO - z_normalization.py:86 - Set up values | PSRI2_std
2025-12-26 03:45:17,548 - INFO - z_normalization.py:101 - Loaded composite
2025-12-26 03:45:17,548 - INFO - z_normalization.py:103 - Set up values | PSRI2
2025-12-26 03:45:17,575 - INFO - z_normalization.py:110 - Setting up normalization ... 
2025-12-26 03:45:17,577 - INFO - z_normalization.py:114 - Setting up normalization ... done
2025-12-26 03:45:17,577 - INFO - z_normalization.py:116 - Normalizing ... 
2025-12-26 03:45:17,651 - INFO - z_normalization.py:121 - Normalizing ... done
2025-12-26 03:45:17,703 - INFO - z_normalization.py:127 - Merging into one dataset
2025-12-26 03:45:17,705 - INFO - z_normalization.py:133 - Scale and Define data types & nodata per band
2025-12-26 03:45:17,706 - INFO - z_normalization.py:145 - Assign time range and tile ID in metadata
2025-12-26 03:45:17,706 - INFO - z_normalization.py:151 - Write bands to raster COG files
2025-12-26 03:45:21,335 - INFO - z_normalization.py:164 - Write NDVI_Z -> //nas-rs.topo.auth.gr/Latomeia/DROUGHT/z_normalized/x07/y12/2025/3/01/S2L2A_znorm_x07y12_20253_NDVI_z.tif
2025-12-26 03:45:24,864 - INFO - z_normalization.py:164 - Write EVI_Z -> //nas-rs.topo.auth.gr/Latomeia/DROUGHT/z_normalized/x07/y12/2025/3/01/S2L2A_znorm_x07y12_20253_EVI_z.tif
2025-12-26 03:45:28,480 - INFO - z_normalization.py:164 - Write PSRI2_Z -> //nas-rs.topo.auth.gr/Latomeia/DROUGHT/z_normalized/x07/y12/2025/3/01/S2L2A_znorm_x07y12_20253_PSRI2_z.tif
2025-12-26 03:45:28,481 - INFO - z_normalization.py:166 - Prepare metadata YAML document
2025-12-26 03:45:28,568 - INFO - z_normalization.py:187 - Write metadata YAML document to disk
2025-12-26 03:45:28,589 - INFO - z_normalization.py:192 - Create datacube.model.Dataset from eo3 metadata
2025-12-26 03:45:28,592 - INFO - z_normalization.py:205 - Index to datacube
2025-12-26 03:45:28,593 - INFO - _datasets.py:191 - Indexing 6629f1c3-4ae7-4c23-ac31-f71fc3123f84
2025-12-26 03:45:28,602 - INFO - z_normalization.py:208 - 
2025-12-26 03:45:28,602 - INFO - z_normalization.py:209 -              ✔✔✔ COMPLETED: Tile x07_y12 | Time: 2025-03 | In 0.21 minutes
2025-12-26 03:45:28,602 - INFO - z_normalization.py:210 - 
