2025-12-26 03:05:29,372 - INFO - z_normalization.py:42 - #######################################################################
2025-12-26 03:05:29,952 - INFO - z_normalization.py:56 - Starting Z-Normalization for x10_y08 | 2024-08
2025-12-26 03:05:29,952 - INFO - z_normalization.py:58 - Create directories and naming conversions
2025-12-26 03:05:29,964 - INFO - z_normalization.py:69 - Dataset location: //nas-rs.topo.auth.gr/Latomeia/DROUGHT/z_normalized/x10/y08/2024/8/01
2025-12-26 03:05:29,964 - INFO - z_normalization.py:74 - Z-Normalization | NDVI
2025-12-26 03:05:30,364 - INFO - z_normalization.py:83 - Loaded baseline
2025-12-26 03:05:30,364 - INFO - z_normalization.py:86 - Set up values | NDVI_mean
2025-12-26 03:05:30,391 - INFO - z_normalization.py:86 - Set up values | NDVI_std
2025-12-26 03:05:30,569 - INFO - z_normalization.py:101 - Loaded composite
2025-12-26 03:05:30,569 - INFO - z_normalization.py:103 - Set up values | NDVI
2025-12-26 03:05:30,598 - INFO - z_normalization.py:110 - Setting up normalization ... 
2025-12-26 03:05:30,599 - INFO - z_normalization.py:114 - Setting up normalization ... done
2025-12-26 03:05:30,599 - INFO - z_normalization.py:116 - Normalizing ... 
2025-12-26 03:05:30,674 - INFO - z_normalization.py:121 - Normalizing ... done
2025-12-26 03:05:30,724 - INFO - z_normalization.py:74 - Z-Normalization | EVI
2025-12-26 03:05:30,932 - INFO - z_normalization.py:83 - Loaded baseline
2025-12-26 03:05:30,933 - INFO - z_normalization.py:86 - Set up values | EVI_mean
2025-12-26 03:05:30,961 - INFO - z_normalization.py:86 - Set up values | EVI_std
2025-12-26 03:05:31,141 - INFO - z_normalization.py:101 - Loaded composite
2025-12-26 03:05:31,141 - INFO - z_normalization.py:103 - Set up values | EVI
2025-12-26 03:05:31,170 - INFO - z_normalization.py:110 - Setting up normalization ... 
2025-12-26 03:05:31,171 - INFO - z_normalization.py:114 - Setting up normalization ... done
2025-12-26 03:05:31,171 - INFO - z_normalization.py:116 - Normalizing ... 
2025-12-26 03:05:31,247 - INFO - z_normalization.py:121 - Normalizing ... done
2025-12-26 03:05:31,297 - INFO - z_normalization.py:74 - Z-Normalization | PSRI2
2025-12-26 03:05:31,966 - INFO - z_normalization.py:83 - Loaded baseline
2025-12-26 03:05:31,966 - INFO - z_normalization.py:86 - Set up values | PSRI2_mean
2025-12-26 03:05:31,994 - INFO - z_normalization.py:86 - Set up values | PSRI2_std
2025-12-26 03:05:32,153 - INFO - z_normalization.py:101 - Loaded composite
2025-12-26 03:05:32,153 - INFO - z_normalization.py:103 - Set up values | PSRI2
2025-12-26 03:05:32,182 - INFO - z_normalization.py:110 - Setting up normalization ... 
2025-12-26 03:05:32,183 - INFO - z_normalization.py:114 - Setting up normalization ... done
2025-12-26 03:05:32,183 - INFO - z_normalization.py:116 - Normalizing ... 
2025-12-26 03:05:32,259 - INFO - z_normalization.py:121 - Normalizing ... done
2025-12-26 03:05:32,309 - INFO - z_normalization.py:127 - Merging into one dataset
2025-12-26 03:05:32,310 - INFO - z_normalization.py:133 - Scale and Define data types & nodata per band
2025-12-26 03:05:32,311 - INFO - z_normalization.py:145 - Assign time range and tile ID in metadata
2025-12-26 03:05:32,311 - INFO - z_normalization.py:151 - Write bands to raster COG files
2025-12-26 03:05:35,961 - INFO - z_normalization.py:164 - Write NDVI_Z -> //nas-rs.topo.auth.gr/Latomeia/DROUGHT/z_normalized/x10/y08/2024/8/01/S2L2A_znorm_x10y08_20248_NDVI_z.tif
2025-12-26 03:05:39,567 - INFO - z_normalization.py:164 - Write EVI_Z -> //nas-rs.topo.auth.gr/Latomeia/DROUGHT/z_normalized/x10/y08/2024/8/01/S2L2A_znorm_x10y08_20248_EVI_z.tif
2025-12-26 03:05:43,570 - INFO - z_normalization.py:164 - Write PSRI2_Z -> //nas-rs.topo.auth.gr/Latomeia/DROUGHT/z_normalized/x10/y08/2024/8/01/S2L2A_znorm_x10y08_20248_PSRI2_z.tif
2025-12-26 03:05:43,570 - INFO - z_normalization.py:166 - Prepare metadata YAML document
2025-12-26 03:05:43,657 - INFO - z_normalization.py:187 - Write metadata YAML document to disk
2025-12-26 03:05:43,679 - INFO - z_normalization.py:192 - Create datacube.model.Dataset from eo3 metadata
2025-12-26 03:05:43,683 - INFO - z_normalization.py:205 - Index to datacube
2025-12-26 03:05:43,683 - INFO - _datasets.py:191 - Indexing 01fda768-fcfd-48d4-96b5-8b374142673a
2025-12-26 03:05:43,691 - INFO - z_normalization.py:208 - 
2025-12-26 03:05:43,691 - INFO - z_normalization.py:209 -              ✔✔✔ COMPLETED: Tile x10_y08 | Time: 2024-08 | In 0.23 minutes
2025-12-26 03:05:43,691 - INFO - z_normalization.py:210 - 
