2025-12-26 13:06:43,884 - INFO - z_normalization.py:42 - #######################################################################
2025-12-26 13:06:44,417 - INFO - z_normalization.py:56 - Starting Z-Normalization for x10_y10 | 2024-03
2025-12-26 13:06:44,417 - INFO - z_normalization.py:58 - Create directories and naming conversions
2025-12-26 13:06:44,429 - INFO - z_normalization.py:69 - Dataset location: //nas-rs.topo.auth.gr/Latomeia/DROUGHT/z_normalized/x10/y10/2024/3/01
2025-12-26 13:06:44,429 - INFO - z_normalization.py:74 - Z-Normalization | NDVI
2025-12-26 13:06:44,804 - INFO - z_normalization.py:83 - Loaded baseline
2025-12-26 13:06:44,804 - INFO - z_normalization.py:86 - Set up values | NDVI_mean
2025-12-26 13:06:44,833 - INFO - z_normalization.py:86 - Set up values | NDVI_std
2025-12-26 13:06:44,997 - INFO - z_normalization.py:101 - Loaded composite
2025-12-26 13:06:44,997 - INFO - z_normalization.py:103 - Set up values | NDVI
2025-12-26 13:06:45,030 - INFO - z_normalization.py:110 - Setting up normalization ... 
2025-12-26 13:06:45,031 - INFO - z_normalization.py:114 - Setting up normalization ... done
2025-12-26 13:06:45,031 - INFO - z_normalization.py:116 - Normalizing ... 
2025-12-26 13:06:45,135 - INFO - z_normalization.py:121 - Normalizing ... done
2025-12-26 13:06:45,190 - INFO - z_normalization.py:74 - Z-Normalization | EVI
2025-12-26 13:06:45,443 - INFO - z_normalization.py:83 - Loaded baseline
2025-12-26 13:06:45,443 - INFO - z_normalization.py:86 - Set up values | EVI_mean
2025-12-26 13:06:45,472 - INFO - z_normalization.py:86 - Set up values | EVI_std
2025-12-26 13:06:45,644 - INFO - z_normalization.py:101 - Loaded composite
2025-12-26 13:06:45,644 - INFO - z_normalization.py:103 - Set up values | EVI
2025-12-26 13:06:45,671 - INFO - z_normalization.py:110 - Setting up normalization ... 
2025-12-26 13:06:45,672 - INFO - z_normalization.py:114 - Setting up normalization ... done
2025-12-26 13:06:45,672 - INFO - z_normalization.py:116 - Normalizing ... 
2025-12-26 13:06:45,759 - INFO - z_normalization.py:121 - Normalizing ... done
2025-12-26 13:06:45,819 - INFO - z_normalization.py:74 - Z-Normalization | PSRI2
2025-12-26 13:06:46,067 - INFO - z_normalization.py:83 - Loaded baseline
2025-12-26 13:06:46,067 - INFO - z_normalization.py:86 - Set up values | PSRI2_mean
2025-12-26 13:06:46,095 - INFO - z_normalization.py:86 - Set up values | PSRI2_std
2025-12-26 13:06:46,263 - INFO - z_normalization.py:101 - Loaded composite
2025-12-26 13:06:46,263 - INFO - z_normalization.py:103 - Set up values | PSRI2
2025-12-26 13:06:46,292 - INFO - z_normalization.py:110 - Setting up normalization ... 
2025-12-26 13:06:46,292 - INFO - z_normalization.py:114 - Setting up normalization ... done
2025-12-26 13:06:46,292 - INFO - z_normalization.py:116 - Normalizing ... 
2025-12-26 13:06:46,370 - INFO - z_normalization.py:121 - Normalizing ... done
2025-12-26 13:06:46,421 - INFO - z_normalization.py:127 - Merging into one dataset
2025-12-26 13:06:46,422 - INFO - z_normalization.py:133 - Scale and Define data types & nodata per band
2025-12-26 13:06:46,424 - INFO - z_normalization.py:145 - Assign time range and tile ID in metadata
2025-12-26 13:06:46,424 - INFO - z_normalization.py:151 - Write bands to raster COG files
2025-12-26 13:06:49,986 - INFO - z_normalization.py:164 - Write NDVI_Z -> //nas-rs.topo.auth.gr/Latomeia/DROUGHT/z_normalized/x10/y10/2024/3/01/S2L2A_znorm_x10y10_20243_NDVI_z.tif
2025-12-26 13:06:53,732 - INFO - z_normalization.py:164 - Write EVI_Z -> //nas-rs.topo.auth.gr/Latomeia/DROUGHT/z_normalized/x10/y10/2024/3/01/S2L2A_znorm_x10y10_20243_EVI_z.tif
2025-12-26 13:06:57,867 - INFO - z_normalization.py:164 - Write PSRI2_Z -> //nas-rs.topo.auth.gr/Latomeia/DROUGHT/z_normalized/x10/y10/2024/3/01/S2L2A_znorm_x10y10_20243_PSRI2_z.tif
2025-12-26 13:06:57,868 - INFO - z_normalization.py:166 - Assert relative paths and product measurements are matched
2025-12-26 13:06:57,903 - INFO - z_normalization.py:172 - Prepare metadata YAML document
2025-12-26 13:06:57,992 - INFO - z_normalization.py:192 - Write metadata YAML document to disk
2025-12-26 13:06:58,015 - INFO - z_normalization.py:197 - Create datacube.model.Dataset from eo3 metadata
2025-12-26 13:06:58,019 - INFO - z_normalization.py:210 - Index to datacube
2025-12-26 13:06:58,019 - INFO - _datasets.py:191 - Indexing 34ff6976-b389-4b5d-87e6-03cf85c21567
2025-12-26 13:06:58,027 - INFO - z_normalization.py:213 - 
2025-12-26 13:06:58,027 - INFO - z_normalization.py:214 -              ✔✔✔ COMPLETED: Tile x10_y10 | Time: 2024-03 | In 0.23 minutes
2025-12-26 13:06:58,027 - INFO - z_normalization.py:215 - 
2025-12-26 13:06:58,027 - INFO - z_normalization.py:230 - #######################################################################
