2025-12-26 01:38:18,828 - INFO - z_normalization.py:42 - #######################################################################
2025-12-26 01:38:19,384 - INFO - z_normalization.py:56 - Starting Z-Normalization for x09_y09 | 2023-06
2025-12-26 01:38:19,384 - INFO - z_normalization.py:58 - Create directories and naming conversions
2025-12-26 01:38:19,397 - INFO - z_normalization.py:69 - Dataset location: //nas-rs.topo.auth.gr/Latomeia/DROUGHT/z_normalized/x09/y09/2023/6/01
2025-12-26 01:38:19,397 - INFO - z_normalization.py:74 - Z-Normalization | NDVI
2025-12-26 01:38:19,785 - INFO - z_normalization.py:83 - Loaded baseline
2025-12-26 01:38:19,785 - INFO - z_normalization.py:86 - Set up values | NDVI_mean
2025-12-26 01:38:19,812 - INFO - z_normalization.py:86 - Set up values | NDVI_std
2025-12-26 01:38:19,995 - INFO - z_normalization.py:101 - Loaded composite
2025-12-26 01:38:19,995 - INFO - z_normalization.py:103 - Set up values | NDVI
2025-12-26 01:38:20,026 - INFO - z_normalization.py:110 - Setting up normalization ... 
2025-12-26 01:38:20,026 - INFO - z_normalization.py:114 - Setting up normalization ... done
2025-12-26 01:38:20,026 - INFO - z_normalization.py:116 - Normalizing ... 
2025-12-26 01:38:20,113 - INFO - z_normalization.py:121 - Normalizing ... done
2025-12-26 01:38:20,173 - INFO - z_normalization.py:74 - Z-Normalization | EVI
2025-12-26 01:38:20,395 - INFO - z_normalization.py:83 - Loaded baseline
2025-12-26 01:38:20,396 - INFO - z_normalization.py:86 - Set up values | EVI_mean
2025-12-26 01:38:20,424 - INFO - z_normalization.py:86 - Set up values | EVI_std
2025-12-26 01:38:20,607 - INFO - z_normalization.py:101 - Loaded composite
2025-12-26 01:38:20,607 - INFO - z_normalization.py:103 - Set up values | EVI
2025-12-26 01:38:20,644 - INFO - z_normalization.py:110 - Setting up normalization ... 
2025-12-26 01:38:20,644 - INFO - z_normalization.py:114 - Setting up normalization ... done
2025-12-26 01:38:20,644 - INFO - z_normalization.py:116 - Normalizing ... 
2025-12-26 01:38:20,728 - INFO - z_normalization.py:121 - Normalizing ... done
2025-12-26 01:38:20,777 - INFO - z_normalization.py:74 - Z-Normalization | PSRI2
2025-12-26 01:38:21,005 - INFO - z_normalization.py:83 - Loaded baseline
2025-12-26 01:38:21,006 - INFO - z_normalization.py:86 - Set up values | PSRI2_mean
2025-12-26 01:38:21,038 - INFO - z_normalization.py:86 - Set up values | PSRI2_std
2025-12-26 01:38:21,195 - INFO - z_normalization.py:101 - Loaded composite
2025-12-26 01:38:21,195 - INFO - z_normalization.py:103 - Set up values | PSRI2
2025-12-26 01:38:21,226 - INFO - z_normalization.py:110 - Setting up normalization ... 
2025-12-26 01:38:21,226 - INFO - z_normalization.py:114 - Setting up normalization ... done
2025-12-26 01:38:21,226 - INFO - z_normalization.py:116 - Normalizing ... 
2025-12-26 01:38:21,309 - INFO - z_normalization.py:121 - Normalizing ... done
2025-12-26 01:38:21,361 - INFO - z_normalization.py:127 - Merging into one dataset
2025-12-26 01:38:21,363 - INFO - z_normalization.py:133 - Scale and Define data types & nodata per band
2025-12-26 01:38:21,364 - INFO - z_normalization.py:145 - Assign time range and tile ID in metadata
2025-12-26 01:38:21,364 - INFO - z_normalization.py:151 - Write bands to raster COG files
2025-12-26 01:38:25,364 - INFO - z_normalization.py:164 - Write NDVI_Z -> //nas-rs.topo.auth.gr/Latomeia/DROUGHT/z_normalized/x09/y09/2023/6/01/S2L2A_znorm_x09y09_20236_NDVI_z.tif
2025-12-26 01:38:29,417 - INFO - z_normalization.py:164 - Write EVI_Z -> //nas-rs.topo.auth.gr/Latomeia/DROUGHT/z_normalized/x09/y09/2023/6/01/S2L2A_znorm_x09y09_20236_EVI_z.tif
2025-12-26 01:38:33,101 - INFO - z_normalization.py:164 - Write PSRI2_Z -> //nas-rs.topo.auth.gr/Latomeia/DROUGHT/z_normalized/x09/y09/2023/6/01/S2L2A_znorm_x09y09_20236_PSRI2_z.tif
2025-12-26 01:38:33,101 - INFO - z_normalization.py:166 - Prepare metadata YAML document
2025-12-26 01:38:33,207 - INFO - z_normalization.py:187 - Write metadata YAML document to disk
2025-12-26 01:38:33,228 - INFO - z_normalization.py:192 - Create datacube.model.Dataset from eo3 metadata
2025-12-26 01:38:33,232 - INFO - z_normalization.py:205 - Index to datacube
2025-12-26 01:38:33,232 - INFO - _datasets.py:191 - Indexing 6baf137c-7883-48a9-b97f-e8022dbe53a6
2025-12-26 01:38:33,238 - INFO - z_normalization.py:208 - 
2025-12-26 01:38:33,238 - INFO - z_normalization.py:209 -              ✔✔✔ COMPLETED: Tile x09_y09 | Time: 2023-06 | In 0.23 minutes
2025-12-26 01:38:33,238 - INFO - z_normalization.py:210 - 
