2025-12-26 04:37:36,552 - INFO - z_normalization.py:42 - #######################################################################
2025-12-26 04:37:37,110 - INFO - z_normalization.py:56 - Starting Z-Normalization for x09_y07 | 2025-11
2025-12-26 04:37:37,110 - INFO - z_normalization.py:58 - Create directories and naming conversions
2025-12-26 04:37:37,124 - INFO - z_normalization.py:69 - Dataset location: //nas-rs.topo.auth.gr/Latomeia/DROUGHT/z_normalized/x09/y07/2025/11/01
2025-12-26 04:37:37,124 - INFO - z_normalization.py:74 - Z-Normalization | NDVI
2025-12-26 04:37:37,484 - INFO - z_normalization.py:83 - Loaded baseline
2025-12-26 04:37:37,484 - INFO - z_normalization.py:86 - Set up values | NDVI_mean
2025-12-26 04:37:37,520 - INFO - z_normalization.py:86 - Set up values | NDVI_std
2025-12-26 04:37:37,674 - INFO - z_normalization.py:101 - Loaded composite
2025-12-26 04:37:37,674 - INFO - z_normalization.py:103 - Set up values | NDVI
2025-12-26 04:37:37,706 - INFO - z_normalization.py:110 - Setting up normalization ... 
2025-12-26 04:37:37,706 - INFO - z_normalization.py:114 - Setting up normalization ... done
2025-12-26 04:37:37,706 - INFO - z_normalization.py:116 - Normalizing ... 
2025-12-26 04:37:37,797 - INFO - z_normalization.py:121 - Normalizing ... done
2025-12-26 04:37:37,849 - INFO - z_normalization.py:74 - Z-Normalization | EVI
2025-12-26 04:37:38,040 - INFO - z_normalization.py:83 - Loaded baseline
2025-12-26 04:37:38,041 - INFO - z_normalization.py:86 - Set up values | EVI_mean
2025-12-26 04:37:38,069 - INFO - z_normalization.py:86 - Set up values | EVI_std
2025-12-26 04:37:38,258 - INFO - z_normalization.py:101 - Loaded composite
2025-12-26 04:37:38,258 - INFO - z_normalization.py:103 - Set up values | EVI
2025-12-26 04:37:38,287 - INFO - z_normalization.py:110 - Setting up normalization ... 
2025-12-26 04:37:38,287 - INFO - z_normalization.py:114 - Setting up normalization ... done
2025-12-26 04:37:38,287 - INFO - z_normalization.py:116 - Normalizing ... 
2025-12-26 04:37:38,363 - INFO - z_normalization.py:121 - Normalizing ... done
2025-12-26 04:37:38,411 - INFO - z_normalization.py:74 - Z-Normalization | PSRI2
2025-12-26 04:37:38,639 - INFO - z_normalization.py:83 - Loaded baseline
2025-12-26 04:37:38,639 - INFO - z_normalization.py:86 - Set up values | PSRI2_mean
2025-12-26 04:37:38,667 - INFO - z_normalization.py:86 - Set up values | PSRI2_std
2025-12-26 04:37:38,824 - INFO - z_normalization.py:101 - Loaded composite
2025-12-26 04:37:38,824 - INFO - z_normalization.py:103 - Set up values | PSRI2
2025-12-26 04:37:38,855 - INFO - z_normalization.py:110 - Setting up normalization ... 
2025-12-26 04:37:38,855 - INFO - z_normalization.py:114 - Setting up normalization ... done
2025-12-26 04:37:38,855 - INFO - z_normalization.py:116 - Normalizing ... 
2025-12-26 04:37:38,950 - INFO - z_normalization.py:121 - Normalizing ... done
2025-12-26 04:37:39,003 - INFO - z_normalization.py:127 - Merging into one dataset
2025-12-26 04:37:39,005 - INFO - z_normalization.py:133 - Scale and Define data types & nodata per band
2025-12-26 04:37:39,007 - INFO - z_normalization.py:145 - Assign time range and tile ID in metadata
2025-12-26 04:37:39,007 - INFO - z_normalization.py:151 - Write bands to raster COG files
2025-12-26 04:37:42,619 - INFO - z_normalization.py:164 - Write NDVI_Z -> //nas-rs.topo.auth.gr/Latomeia/DROUGHT/z_normalized/x09/y07/2025/11/01/S2L2A_znorm_x09y07_202511_NDVI_z.tif
2025-12-26 04:37:46,619 - INFO - z_normalization.py:164 - Write EVI_Z -> //nas-rs.topo.auth.gr/Latomeia/DROUGHT/z_normalized/x09/y07/2025/11/01/S2L2A_znorm_x09y07_202511_EVI_z.tif
2025-12-26 04:37:50,343 - INFO - z_normalization.py:164 - Write PSRI2_Z -> //nas-rs.topo.auth.gr/Latomeia/DROUGHT/z_normalized/x09/y07/2025/11/01/S2L2A_znorm_x09y07_202511_PSRI2_z.tif
2025-12-26 04:37:50,343 - INFO - z_normalization.py:166 - Prepare metadata YAML document
2025-12-26 04:37:50,434 - INFO - z_normalization.py:187 - Write metadata YAML document to disk
2025-12-26 04:37:50,455 - INFO - z_normalization.py:192 - Create datacube.model.Dataset from eo3 metadata
2025-12-26 04:37:50,460 - INFO - z_normalization.py:205 - Index to datacube
2025-12-26 04:37:50,460 - INFO - _datasets.py:191 - Indexing 972b5915-8ea2-4491-b9f0-58b7757a3874
2025-12-26 04:37:50,469 - INFO - z_normalization.py:208 - 
2025-12-26 04:37:50,469 - INFO - z_normalization.py:209 -              ✔✔✔ COMPLETED: Tile x09_y07 | Time: 2025-11 | In 0.22 minutes
2025-12-26 04:37:50,469 - INFO - z_normalization.py:210 - 
