2025-12-26 12:27:23,634 - INFO - z_normalization.py:42 - #######################################################################
2025-12-26 12:27:24,208 - INFO - z_normalization.py:56 - Starting Z-Normalization for x10_y09 | 2023-09
2025-12-26 12:27:24,208 - INFO - z_normalization.py:58 - Create directories and naming conversions
2025-12-26 12:27:24,223 - INFO - z_normalization.py:69 - Dataset location: //nas-rs.topo.auth.gr/Latomeia/DROUGHT/z_normalized/x10/y09/2023/9/01
2025-12-26 12:27:24,223 - INFO - z_normalization.py:74 - Z-Normalization | NDVI
2025-12-26 12:27:24,619 - INFO - z_normalization.py:83 - Loaded baseline
2025-12-26 12:27:24,619 - INFO - z_normalization.py:86 - Set up values | NDVI_mean
2025-12-26 12:27:24,648 - INFO - z_normalization.py:86 - Set up values | NDVI_std
2025-12-26 12:27:24,816 - INFO - z_normalization.py:101 - Loaded composite
2025-12-26 12:27:24,816 - INFO - z_normalization.py:103 - Set up values | NDVI
2025-12-26 12:27:24,846 - INFO - z_normalization.py:110 - Setting up normalization ... 
2025-12-26 12:27:24,846 - INFO - z_normalization.py:114 - Setting up normalization ... done
2025-12-26 12:27:24,846 - INFO - z_normalization.py:116 - Normalizing ... 
2025-12-26 12:27:24,931 - INFO - z_normalization.py:121 - Normalizing ... done
2025-12-26 12:27:24,994 - INFO - z_normalization.py:74 - Z-Normalization | EVI
2025-12-26 12:27:25,231 - INFO - z_normalization.py:83 - Loaded baseline
2025-12-26 12:27:25,231 - INFO - z_normalization.py:86 - Set up values | EVI_mean
2025-12-26 12:27:25,266 - INFO - z_normalization.py:86 - Set up values | EVI_std
2025-12-26 12:27:25,449 - INFO - z_normalization.py:101 - Loaded composite
2025-12-26 12:27:25,449 - INFO - z_normalization.py:103 - Set up values | EVI
2025-12-26 12:27:25,479 - INFO - z_normalization.py:110 - Setting up normalization ... 
2025-12-26 12:27:25,480 - INFO - z_normalization.py:114 - Setting up normalization ... done
2025-12-26 12:27:25,480 - INFO - z_normalization.py:116 - Normalizing ... 
2025-12-26 12:27:25,558 - INFO - z_normalization.py:121 - Normalizing ... done
2025-12-26 12:27:25,608 - INFO - z_normalization.py:74 - Z-Normalization | PSRI2
2025-12-26 12:27:25,820 - INFO - z_normalization.py:83 - Loaded baseline
2025-12-26 12:27:25,820 - INFO - z_normalization.py:86 - Set up values | PSRI2_mean
2025-12-26 12:27:25,852 - INFO - z_normalization.py:86 - Set up values | PSRI2_std
2025-12-26 12:27:26,029 - INFO - z_normalization.py:101 - Loaded composite
2025-12-26 12:27:26,029 - INFO - z_normalization.py:103 - Set up values | PSRI2
2025-12-26 12:27:26,061 - INFO - z_normalization.py:110 - Setting up normalization ... 
2025-12-26 12:27:26,061 - INFO - z_normalization.py:114 - Setting up normalization ... done
2025-12-26 12:27:26,061 - INFO - z_normalization.py:116 - Normalizing ... 
2025-12-26 12:27:26,140 - INFO - z_normalization.py:121 - Normalizing ... done
2025-12-26 12:27:26,191 - INFO - z_normalization.py:127 - Merging into one dataset
2025-12-26 12:27:26,193 - INFO - z_normalization.py:133 - Scale and Define data types & nodata per band
2025-12-26 12:27:26,195 - INFO - z_normalization.py:145 - Assign time range and tile ID in metadata
2025-12-26 12:27:26,195 - INFO - z_normalization.py:151 - Write bands to raster COG files
2025-12-26 12:27:29,776 - INFO - z_normalization.py:164 - Write NDVI_Z -> //nas-rs.topo.auth.gr/Latomeia/DROUGHT/z_normalized/x10/y09/2023/9/01/S2L2A_znorm_x10y09_20239_NDVI_z.tif
2025-12-26 12:27:33,406 - INFO - z_normalization.py:164 - Write EVI_Z -> //nas-rs.topo.auth.gr/Latomeia/DROUGHT/z_normalized/x10/y09/2023/9/01/S2L2A_znorm_x10y09_20239_EVI_z.tif
2025-12-26 12:27:37,042 - INFO - z_normalization.py:164 - Write PSRI2_Z -> //nas-rs.topo.auth.gr/Latomeia/DROUGHT/z_normalized/x10/y09/2023/9/01/S2L2A_znorm_x10y09_20239_PSRI2_z.tif
2025-12-26 12:27:37,042 - INFO - z_normalization.py:166 - Assert relative paths and product measurements are matched
2025-12-26 12:27:37,086 - INFO - z_normalization.py:172 - Prepare metadata YAML document
2025-12-26 12:27:37,181 - INFO - z_normalization.py:192 - Write metadata YAML document to disk
2025-12-26 12:27:37,204 - INFO - z_normalization.py:197 - Create datacube.model.Dataset from eo3 metadata
2025-12-26 12:27:37,207 - INFO - z_normalization.py:210 - Index to datacube
2025-12-26 12:27:37,207 - INFO - _datasets.py:191 - Indexing 43b0f98b-1741-4fb2-bf57-6db6b18ae793
2025-12-26 12:27:37,216 - INFO - z_normalization.py:213 - 
2025-12-26 12:27:37,216 - INFO - z_normalization.py:214 -              ✔✔✔ COMPLETED: Tile x10_y09 | Time: 2023-09 | In 0.22 minutes
2025-12-26 12:27:37,216 - INFO - z_normalization.py:215 - 
2025-12-26 12:27:37,216 - INFO - z_normalization.py:230 - #######################################################################
