2025-12-26 03:51:04,344 - INFO - z_normalization.py:42 - #######################################################################
2025-12-26 03:51:04,905 - INFO - z_normalization.py:56 - Starting Z-Normalization for x07_y11 | 2025-04
2025-12-26 03:51:04,905 - INFO - z_normalization.py:58 - Create directories and naming conversions
2025-12-26 03:51:04,915 - INFO - z_normalization.py:69 - Dataset location: //nas-rs.topo.auth.gr/Latomeia/DROUGHT/z_normalized/x07/y11/2025/4/01
2025-12-26 03:51:04,917 - INFO - z_normalization.py:74 - Z-Normalization | NDVI
2025-12-26 03:51:05,312 - INFO - z_normalization.py:83 - Loaded baseline
2025-12-26 03:51:05,312 - INFO - z_normalization.py:86 - Set up values | NDVI_mean
2025-12-26 03:51:05,340 - INFO - z_normalization.py:86 - Set up values | NDVI_std
2025-12-26 03:51:05,523 - INFO - z_normalization.py:101 - Loaded composite
2025-12-26 03:51:05,523 - INFO - z_normalization.py:103 - Set up values | NDVI
2025-12-26 03:51:05,550 - INFO - z_normalization.py:110 - Setting up normalization ... 
2025-12-26 03:51:05,551 - INFO - z_normalization.py:114 - Setting up normalization ... done
2025-12-26 03:51:05,551 - INFO - z_normalization.py:116 - Normalizing ... 
2025-12-26 03:51:05,627 - INFO - z_normalization.py:121 - Normalizing ... done
2025-12-26 03:51:05,684 - INFO - z_normalization.py:74 - Z-Normalization | EVI
2025-12-26 03:51:05,911 - INFO - z_normalization.py:83 - Loaded baseline
2025-12-26 03:51:05,911 - INFO - z_normalization.py:86 - Set up values | EVI_mean
2025-12-26 03:51:05,940 - INFO - z_normalization.py:86 - Set up values | EVI_std
2025-12-26 03:51:06,113 - INFO - z_normalization.py:101 - Loaded composite
2025-12-26 03:51:06,113 - INFO - z_normalization.py:103 - Set up values | EVI
2025-12-26 03:51:06,141 - INFO - z_normalization.py:110 - Setting up normalization ... 
2025-12-26 03:51:06,142 - INFO - z_normalization.py:114 - Setting up normalization ... done
2025-12-26 03:51:06,142 - INFO - z_normalization.py:116 - Normalizing ... 
2025-12-26 03:51:06,218 - INFO - z_normalization.py:121 - Normalizing ... done
2025-12-26 03:51:06,268 - INFO - z_normalization.py:74 - Z-Normalization | PSRI2
2025-12-26 03:51:06,515 - INFO - z_normalization.py:83 - Loaded baseline
2025-12-26 03:51:06,515 - INFO - z_normalization.py:86 - Set up values | PSRI2_mean
2025-12-26 03:51:06,542 - INFO - z_normalization.py:86 - Set up values | PSRI2_std
2025-12-26 03:51:06,696 - INFO - z_normalization.py:101 - Loaded composite
2025-12-26 03:51:06,696 - INFO - z_normalization.py:103 - Set up values | PSRI2
2025-12-26 03:51:06,735 - INFO - z_normalization.py:110 - Setting up normalization ... 
2025-12-26 03:51:06,735 - INFO - z_normalization.py:114 - Setting up normalization ... done
2025-12-26 03:51:06,735 - INFO - z_normalization.py:116 - Normalizing ... 
2025-12-26 03:51:06,812 - INFO - z_normalization.py:121 - Normalizing ... done
2025-12-26 03:51:06,864 - INFO - z_normalization.py:127 - Merging into one dataset
2025-12-26 03:51:06,867 - INFO - z_normalization.py:133 - Scale and Define data types & nodata per band
2025-12-26 03:51:06,868 - INFO - z_normalization.py:145 - Assign time range and tile ID in metadata
2025-12-26 03:51:06,868 - INFO - z_normalization.py:151 - Write bands to raster COG files
2025-12-26 03:51:10,545 - INFO - z_normalization.py:164 - Write NDVI_Z -> //nas-rs.topo.auth.gr/Latomeia/DROUGHT/z_normalized/x07/y11/2025/4/01/S2L2A_znorm_x07y11_20254_NDVI_z.tif
2025-12-26 03:51:14,200 - INFO - z_normalization.py:164 - Write EVI_Z -> //nas-rs.topo.auth.gr/Latomeia/DROUGHT/z_normalized/x07/y11/2025/4/01/S2L2A_znorm_x07y11_20254_EVI_z.tif
2025-12-26 03:51:17,900 - INFO - z_normalization.py:164 - Write PSRI2_Z -> //nas-rs.topo.auth.gr/Latomeia/DROUGHT/z_normalized/x07/y11/2025/4/01/S2L2A_znorm_x07y11_20254_PSRI2_z.tif
2025-12-26 03:51:17,900 - INFO - z_normalization.py:166 - Prepare metadata YAML document
2025-12-26 03:51:17,988 - INFO - z_normalization.py:187 - Write metadata YAML document to disk
2025-12-26 03:51:18,008 - INFO - z_normalization.py:192 - Create datacube.model.Dataset from eo3 metadata
2025-12-26 03:51:18,012 - INFO - z_normalization.py:205 - Index to datacube
2025-12-26 03:51:18,012 - INFO - _datasets.py:191 - Indexing 695ca8d4-9823-4d4d-bf93-288ec634fb4e
2025-12-26 03:51:18,019 - INFO - z_normalization.py:208 - 
2025-12-26 03:51:18,019 - INFO - z_normalization.py:209 -              ✔✔✔ COMPLETED: Tile x07_y11 | Time: 2025-04 | In 0.22 minutes
2025-12-26 03:51:18,019 - INFO - z_normalization.py:210 - 
