2025-12-26 04:11:39,095 - INFO - z_normalization.py:42 - #######################################################################
2025-12-26 04:11:39,837 - INFO - z_normalization.py:56 - Starting Z-Normalization for x09_y07 | 2025-07
2025-12-26 04:11:39,837 - INFO - z_normalization.py:58 - Create directories and naming conversions
2025-12-26 04:11:39,850 - INFO - z_normalization.py:69 - Dataset location: //nas-rs.topo.auth.gr/Latomeia/DROUGHT/z_normalized/x09/y07/2025/7/01
2025-12-26 04:11:39,850 - INFO - z_normalization.py:74 - Z-Normalization | NDVI
2025-12-26 04:11:40,312 - INFO - z_normalization.py:83 - Loaded baseline
2025-12-26 04:11:40,312 - INFO - z_normalization.py:86 - Set up values | NDVI_mean
2025-12-26 04:11:40,348 - INFO - z_normalization.py:86 - Set up values | NDVI_std
2025-12-26 04:11:40,531 - INFO - z_normalization.py:101 - Loaded composite
2025-12-26 04:11:40,532 - INFO - z_normalization.py:103 - Set up values | NDVI
2025-12-26 04:11:40,567 - INFO - z_normalization.py:110 - Setting up normalization ... 
2025-12-26 04:11:40,567 - INFO - z_normalization.py:114 - Setting up normalization ... done
2025-12-26 04:11:40,567 - INFO - z_normalization.py:116 - Normalizing ... 
2025-12-26 04:11:40,669 - INFO - z_normalization.py:121 - Normalizing ... done
2025-12-26 04:11:40,750 - INFO - z_normalization.py:74 - Z-Normalization | EVI
2025-12-26 04:11:40,979 - INFO - z_normalization.py:83 - Loaded baseline
2025-12-26 04:11:40,980 - INFO - z_normalization.py:86 - Set up values | EVI_mean
2025-12-26 04:11:41,018 - INFO - z_normalization.py:86 - Set up values | EVI_std
2025-12-26 04:11:41,215 - INFO - z_normalization.py:101 - Loaded composite
2025-12-26 04:11:41,216 - INFO - z_normalization.py:103 - Set up values | EVI
2025-12-26 04:11:41,249 - INFO - z_normalization.py:110 - Setting up normalization ... 
2025-12-26 04:11:41,249 - INFO - z_normalization.py:114 - Setting up normalization ... done
2025-12-26 04:11:41,249 - INFO - z_normalization.py:116 - Normalizing ... 
2025-12-26 04:11:41,351 - INFO - z_normalization.py:121 - Normalizing ... done
2025-12-26 04:11:41,435 - INFO - z_normalization.py:74 - Z-Normalization | PSRI2
2025-12-26 04:11:41,695 - INFO - z_normalization.py:83 - Loaded baseline
2025-12-26 04:11:41,695 - INFO - z_normalization.py:86 - Set up values | PSRI2_mean
2025-12-26 04:11:41,735 - INFO - z_normalization.py:86 - Set up values | PSRI2_std
2025-12-26 04:11:41,911 - INFO - z_normalization.py:101 - Loaded composite
2025-12-26 04:11:41,911 - INFO - z_normalization.py:103 - Set up values | PSRI2
2025-12-26 04:11:41,955 - INFO - z_normalization.py:110 - Setting up normalization ... 
2025-12-26 04:11:41,956 - INFO - z_normalization.py:114 - Setting up normalization ... done
2025-12-26 04:11:41,956 - INFO - z_normalization.py:116 - Normalizing ... 
2025-12-26 04:11:42,053 - INFO - z_normalization.py:121 - Normalizing ... done
2025-12-26 04:11:42,129 - INFO - z_normalization.py:127 - Merging into one dataset
2025-12-26 04:11:42,131 - INFO - z_normalization.py:133 - Scale and Define data types & nodata per band
2025-12-26 04:11:42,133 - INFO - z_normalization.py:145 - Assign time range and tile ID in metadata
2025-12-26 04:11:42,133 - INFO - z_normalization.py:151 - Write bands to raster COG files
2025-12-26 04:11:46,814 - INFO - z_normalization.py:164 - Write NDVI_Z -> //nas-rs.topo.auth.gr/Latomeia/DROUGHT/z_normalized/x09/y07/2025/7/01/S2L2A_znorm_x09y07_20257_NDVI_z.tif
2025-12-26 04:11:51,540 - INFO - z_normalization.py:164 - Write EVI_Z -> //nas-rs.topo.auth.gr/Latomeia/DROUGHT/z_normalized/x09/y07/2025/7/01/S2L2A_znorm_x09y07_20257_EVI_z.tif
2025-12-26 04:11:56,072 - INFO - z_normalization.py:164 - Write PSRI2_Z -> //nas-rs.topo.auth.gr/Latomeia/DROUGHT/z_normalized/x09/y07/2025/7/01/S2L2A_znorm_x09y07_20257_PSRI2_z.tif
2025-12-26 04:11:56,072 - INFO - z_normalization.py:166 - Prepare metadata YAML document
2025-12-26 04:11:56,195 - INFO - z_normalization.py:187 - Write metadata YAML document to disk
2025-12-26 04:11:56,215 - INFO - z_normalization.py:192 - Create datacube.model.Dataset from eo3 metadata
2025-12-26 04:11:56,219 - INFO - z_normalization.py:205 - Index to datacube
2025-12-26 04:11:56,220 - INFO - _datasets.py:191 - Indexing 39d6a92f-cd13-48da-8e8b-97038c6e1913
2025-12-26 04:11:56,228 - INFO - z_normalization.py:208 - 
2025-12-26 04:11:56,229 - INFO - z_normalization.py:209 -              ✔✔✔ COMPLETED: Tile x09_y07 | Time: 2025-07 | In 0.27 minutes
2025-12-26 04:11:56,229 - INFO - z_normalization.py:210 - 
