2025-12-26 02:27:06,579 - INFO - z_normalization.py:42 - #######################################################################
2025-12-26 02:27:07,156 - INFO - z_normalization.py:56 - Starting Z-Normalization for x09_y08 | 2024-02
2025-12-26 02:27:07,156 - INFO - z_normalization.py:58 - Create directories and naming conversions
2025-12-26 02:27:07,170 - INFO - z_normalization.py:69 - Dataset location: //nas-rs.topo.auth.gr/Latomeia/DROUGHT/z_normalized/x09/y08/2024/2/01
2025-12-26 02:27:07,170 - INFO - z_normalization.py:74 - Z-Normalization | NDVI
2025-12-26 02:27:07,570 - INFO - z_normalization.py:83 - Loaded baseline
2025-12-26 02:27:07,570 - INFO - z_normalization.py:86 - Set up values | NDVI_mean
2025-12-26 02:27:07,605 - INFO - z_normalization.py:86 - Set up values | NDVI_std
2025-12-26 02:27:07,787 - INFO - z_normalization.py:101 - Loaded composite
2025-12-26 02:27:07,787 - INFO - z_normalization.py:103 - Set up values | NDVI
2025-12-26 02:27:07,817 - INFO - z_normalization.py:110 - Setting up normalization ... 
2025-12-26 02:27:07,817 - INFO - z_normalization.py:114 - Setting up normalization ... done
2025-12-26 02:27:07,817 - INFO - z_normalization.py:116 - Normalizing ... 
2025-12-26 02:27:07,895 - INFO - z_normalization.py:121 - Normalizing ... done
2025-12-26 02:27:07,946 - INFO - z_normalization.py:74 - Z-Normalization | EVI
2025-12-26 02:27:08,173 - INFO - z_normalization.py:83 - Loaded baseline
2025-12-26 02:27:08,173 - INFO - z_normalization.py:86 - Set up values | EVI_mean
2025-12-26 02:27:08,205 - INFO - z_normalization.py:86 - Set up values | EVI_std
2025-12-26 02:27:08,390 - INFO - z_normalization.py:101 - Loaded composite
2025-12-26 02:27:08,390 - INFO - z_normalization.py:103 - Set up values | EVI
2025-12-26 02:27:08,419 - INFO - z_normalization.py:110 - Setting up normalization ... 
2025-12-26 02:27:08,419 - INFO - z_normalization.py:114 - Setting up normalization ... done
2025-12-26 02:27:08,419 - INFO - z_normalization.py:116 - Normalizing ... 
2025-12-26 02:27:08,497 - INFO - z_normalization.py:121 - Normalizing ... done
2025-12-26 02:27:08,548 - INFO - z_normalization.py:74 - Z-Normalization | PSRI2
2025-12-26 02:27:08,780 - INFO - z_normalization.py:83 - Loaded baseline
2025-12-26 02:27:08,780 - INFO - z_normalization.py:86 - Set up values | PSRI2_mean
2025-12-26 02:27:08,818 - INFO - z_normalization.py:86 - Set up values | PSRI2_std
2025-12-26 02:27:08,983 - INFO - z_normalization.py:101 - Loaded composite
2025-12-26 02:27:08,983 - INFO - z_normalization.py:103 - Set up values | PSRI2
2025-12-26 02:27:09,014 - INFO - z_normalization.py:110 - Setting up normalization ... 
2025-12-26 02:27:09,014 - INFO - z_normalization.py:114 - Setting up normalization ... done
2025-12-26 02:27:09,014 - INFO - z_normalization.py:116 - Normalizing ... 
2025-12-26 02:27:09,093 - INFO - z_normalization.py:121 - Normalizing ... done
2025-12-26 02:27:09,143 - INFO - z_normalization.py:127 - Merging into one dataset
2025-12-26 02:27:09,145 - INFO - z_normalization.py:133 - Scale and Define data types & nodata per band
2025-12-26 02:27:09,146 - INFO - z_normalization.py:145 - Assign time range and tile ID in metadata
2025-12-26 02:27:09,146 - INFO - z_normalization.py:151 - Write bands to raster COG files
2025-12-26 02:27:12,750 - INFO - z_normalization.py:164 - Write NDVI_Z -> //nas-rs.topo.auth.gr/Latomeia/DROUGHT/z_normalized/x09/y08/2024/2/01/S2L2A_znorm_x09y08_20242_NDVI_z.tif
2025-12-26 02:27:16,375 - INFO - z_normalization.py:164 - Write EVI_Z -> //nas-rs.topo.auth.gr/Latomeia/DROUGHT/z_normalized/x09/y08/2024/2/01/S2L2A_znorm_x09y08_20242_EVI_z.tif
2025-12-26 02:27:20,202 - INFO - z_normalization.py:164 - Write PSRI2_Z -> //nas-rs.topo.auth.gr/Latomeia/DROUGHT/z_normalized/x09/y08/2024/2/01/S2L2A_znorm_x09y08_20242_PSRI2_z.tif
2025-12-26 02:27:20,202 - INFO - z_normalization.py:166 - Prepare metadata YAML document
2025-12-26 02:27:20,302 - INFO - z_normalization.py:187 - Write metadata YAML document to disk
2025-12-26 02:27:20,324 - INFO - z_normalization.py:192 - Create datacube.model.Dataset from eo3 metadata
2025-12-26 02:27:20,330 - INFO - z_normalization.py:205 - Index to datacube
2025-12-26 02:27:20,331 - INFO - _datasets.py:191 - Indexing ffac5a7c-f70f-4e4c-b954-cf012dc794e9
2025-12-26 02:27:20,337 - INFO - z_normalization.py:208 - 
2025-12-26 02:27:20,337 - INFO - z_normalization.py:209 -              ✔✔✔ COMPLETED: Tile x09_y08 | Time: 2024-02 | In 0.22 minutes
2025-12-26 02:27:20,338 - INFO - z_normalization.py:210 - 
