2025-12-26 01:42:35,994 - INFO - z_normalization.py:42 - #######################################################################
2025-12-26 01:42:36,534 - INFO - z_normalization.py:56 - Starting Z-Normalization for x06_y10 | 2023-07
2025-12-26 01:42:36,535 - INFO - z_normalization.py:58 - Create directories and naming conversions
2025-12-26 01:42:36,546 - INFO - z_normalization.py:69 - Dataset location: //nas-rs.topo.auth.gr/Latomeia/DROUGHT/z_normalized/x06/y10/2023/7/01
2025-12-26 01:42:36,546 - INFO - z_normalization.py:74 - Z-Normalization | NDVI
2025-12-26 01:42:36,923 - INFO - z_normalization.py:83 - Loaded baseline
2025-12-26 01:42:36,923 - INFO - z_normalization.py:86 - Set up values | NDVI_mean
2025-12-26 01:42:36,953 - INFO - z_normalization.py:86 - Set up values | NDVI_std
2025-12-26 01:42:37,124 - INFO - z_normalization.py:101 - Loaded composite
2025-12-26 01:42:37,124 - INFO - z_normalization.py:103 - Set up values | NDVI
2025-12-26 01:42:37,153 - INFO - z_normalization.py:110 - Setting up normalization ... 
2025-12-26 01:42:37,154 - INFO - z_normalization.py:114 - Setting up normalization ... done
2025-12-26 01:42:37,154 - INFO - z_normalization.py:116 - Normalizing ... 
2025-12-26 01:42:37,237 - INFO - z_normalization.py:121 - Normalizing ... done
2025-12-26 01:42:37,286 - INFO - z_normalization.py:74 - Z-Normalization | EVI
2025-12-26 01:42:37,502 - INFO - z_normalization.py:83 - Loaded baseline
2025-12-26 01:42:37,502 - INFO - z_normalization.py:86 - Set up values | EVI_mean
2025-12-26 01:42:37,531 - INFO - z_normalization.py:86 - Set up values | EVI_std
2025-12-26 01:42:37,730 - INFO - z_normalization.py:101 - Loaded composite
2025-12-26 01:42:37,730 - INFO - z_normalization.py:103 - Set up values | EVI
2025-12-26 01:42:37,759 - INFO - z_normalization.py:110 - Setting up normalization ... 
2025-12-26 01:42:37,759 - INFO - z_normalization.py:114 - Setting up normalization ... done
2025-12-26 01:42:37,759 - INFO - z_normalization.py:116 - Normalizing ... 
2025-12-26 01:42:37,835 - INFO - z_normalization.py:121 - Normalizing ... done
2025-12-26 01:42:37,884 - INFO - z_normalization.py:74 - Z-Normalization | PSRI2
2025-12-26 01:42:38,122 - INFO - z_normalization.py:83 - Loaded baseline
2025-12-26 01:42:38,122 - INFO - z_normalization.py:86 - Set up values | PSRI2_mean
2025-12-26 01:42:38,155 - INFO - z_normalization.py:86 - Set up values | PSRI2_std
2025-12-26 01:42:38,333 - INFO - z_normalization.py:101 - Loaded composite
2025-12-26 01:42:38,333 - INFO - z_normalization.py:103 - Set up values | PSRI2
2025-12-26 01:42:38,361 - INFO - z_normalization.py:110 - Setting up normalization ... 
2025-12-26 01:42:38,361 - INFO - z_normalization.py:114 - Setting up normalization ... done
2025-12-26 01:42:38,362 - INFO - z_normalization.py:116 - Normalizing ... 
2025-12-26 01:42:38,438 - INFO - z_normalization.py:121 - Normalizing ... done
2025-12-26 01:42:38,486 - INFO - z_normalization.py:127 - Merging into one dataset
2025-12-26 01:42:38,487 - INFO - z_normalization.py:133 - Scale and Define data types & nodata per band
2025-12-26 01:42:38,489 - INFO - z_normalization.py:145 - Assign time range and tile ID in metadata
2025-12-26 01:42:38,489 - INFO - z_normalization.py:151 - Write bands to raster COG files
2025-12-26 01:42:42,110 - INFO - z_normalization.py:164 - Write NDVI_Z -> //nas-rs.topo.auth.gr/Latomeia/DROUGHT/z_normalized/x06/y10/2023/7/01/S2L2A_znorm_x06y10_20237_NDVI_z.tif
2025-12-26 01:42:45,892 - INFO - z_normalization.py:164 - Write EVI_Z -> //nas-rs.topo.auth.gr/Latomeia/DROUGHT/z_normalized/x06/y10/2023/7/01/S2L2A_znorm_x06y10_20237_EVI_z.tif
2025-12-26 01:42:49,986 - INFO - z_normalization.py:164 - Write PSRI2_Z -> //nas-rs.topo.auth.gr/Latomeia/DROUGHT/z_normalized/x06/y10/2023/7/01/S2L2A_znorm_x06y10_20237_PSRI2_z.tif
2025-12-26 01:42:49,986 - INFO - z_normalization.py:166 - Prepare metadata YAML document
2025-12-26 01:42:50,077 - INFO - z_normalization.py:187 - Write metadata YAML document to disk
2025-12-26 01:42:50,096 - INFO - z_normalization.py:192 - Create datacube.model.Dataset from eo3 metadata
2025-12-26 01:42:50,101 - INFO - z_normalization.py:205 - Index to datacube
2025-12-26 01:42:50,101 - INFO - _datasets.py:191 - Indexing 23d5035d-a1a4-4ce5-9023-fce3485c8aa6
2025-12-26 01:42:50,111 - INFO - z_normalization.py:208 - 
2025-12-26 01:42:50,111 - INFO - z_normalization.py:209 -              ✔✔✔ COMPLETED: Tile x06_y10 | Time: 2023-07 | In 0.23 minutes
2025-12-26 01:42:50,111 - INFO - z_normalization.py:210 - 
