2025-12-26 03:31:37,617 - INFO - z_normalization.py:42 - #######################################################################
2025-12-26 03:31:38,190 - INFO - z_normalization.py:56 - Starting Z-Normalization for x11_y11 | 2024-12
2025-12-26 03:31:38,190 - INFO - z_normalization.py:58 - Create directories and naming conversions
2025-12-26 03:31:38,203 - INFO - z_normalization.py:69 - Dataset location: //nas-rs.topo.auth.gr/Latomeia/DROUGHT/z_normalized/x11/y11/2024/12/01
2025-12-26 03:31:38,203 - INFO - z_normalization.py:74 - Z-Normalization | NDVI
2025-12-26 03:31:38,612 - INFO - z_normalization.py:83 - Loaded baseline
2025-12-26 03:31:38,612 - INFO - z_normalization.py:86 - Set up values | NDVI_mean
2025-12-26 03:31:38,644 - INFO - z_normalization.py:86 - Set up values | NDVI_std
2025-12-26 03:31:38,827 - INFO - z_normalization.py:101 - Loaded composite
2025-12-26 03:31:38,827 - INFO - z_normalization.py:103 - Set up values | NDVI
2025-12-26 03:31:38,861 - INFO - z_normalization.py:110 - Setting up normalization ... 
2025-12-26 03:31:38,862 - INFO - z_normalization.py:114 - Setting up normalization ... done
2025-12-26 03:31:38,862 - INFO - z_normalization.py:116 - Normalizing ... 
2025-12-26 03:31:38,949 - INFO - z_normalization.py:121 - Normalizing ... done
2025-12-26 03:31:38,999 - INFO - z_normalization.py:74 - Z-Normalization | EVI
2025-12-26 03:31:39,279 - INFO - z_normalization.py:83 - Loaded baseline
2025-12-26 03:31:39,279 - INFO - z_normalization.py:86 - Set up values | EVI_mean
2025-12-26 03:31:39,308 - INFO - z_normalization.py:86 - Set up values | EVI_std
2025-12-26 03:31:39,483 - INFO - z_normalization.py:101 - Loaded composite
2025-12-26 03:31:39,483 - INFO - z_normalization.py:103 - Set up values | EVI
2025-12-26 03:31:39,512 - INFO - z_normalization.py:110 - Setting up normalization ... 
2025-12-26 03:31:39,512 - INFO - z_normalization.py:114 - Setting up normalization ... done
2025-12-26 03:31:39,512 - INFO - z_normalization.py:116 - Normalizing ... 
2025-12-26 03:31:39,588 - INFO - z_normalization.py:121 - Normalizing ... done
2025-12-26 03:31:39,640 - INFO - z_normalization.py:74 - Z-Normalization | PSRI2
2025-12-26 03:31:39,896 - INFO - z_normalization.py:83 - Loaded baseline
2025-12-26 03:31:39,896 - INFO - z_normalization.py:86 - Set up values | PSRI2_mean
2025-12-26 03:31:39,924 - INFO - z_normalization.py:86 - Set up values | PSRI2_std
2025-12-26 03:31:40,082 - INFO - z_normalization.py:101 - Loaded composite
2025-12-26 03:31:40,082 - INFO - z_normalization.py:103 - Set up values | PSRI2
2025-12-26 03:31:40,110 - INFO - z_normalization.py:110 - Setting up normalization ... 
2025-12-26 03:31:40,110 - INFO - z_normalization.py:114 - Setting up normalization ... done
2025-12-26 03:31:40,110 - INFO - z_normalization.py:116 - Normalizing ... 
2025-12-26 03:31:40,213 - INFO - z_normalization.py:121 - Normalizing ... done
2025-12-26 03:31:40,264 - INFO - z_normalization.py:127 - Merging into one dataset
2025-12-26 03:31:40,266 - INFO - z_normalization.py:133 - Scale and Define data types & nodata per band
2025-12-26 03:31:40,267 - INFO - z_normalization.py:145 - Assign time range and tile ID in metadata
2025-12-26 03:31:40,268 - INFO - z_normalization.py:151 - Write bands to raster COG files
2025-12-26 03:31:43,861 - INFO - z_normalization.py:164 - Write NDVI_Z -> //nas-rs.topo.auth.gr/Latomeia/DROUGHT/z_normalized/x11/y11/2024/12/01/S2L2A_znorm_x11y11_202412_NDVI_z.tif
2025-12-26 03:31:47,491 - INFO - z_normalization.py:164 - Write EVI_Z -> //nas-rs.topo.auth.gr/Latomeia/DROUGHT/z_normalized/x11/y11/2024/12/01/S2L2A_znorm_x11y11_202412_EVI_z.tif
2025-12-26 03:31:51,061 - INFO - z_normalization.py:164 - Write PSRI2_Z -> //nas-rs.topo.auth.gr/Latomeia/DROUGHT/z_normalized/x11/y11/2024/12/01/S2L2A_znorm_x11y11_202412_PSRI2_z.tif
2025-12-26 03:31:51,061 - INFO - z_normalization.py:166 - Prepare metadata YAML document
2025-12-26 03:31:51,147 - INFO - z_normalization.py:187 - Write metadata YAML document to disk
2025-12-26 03:31:51,169 - INFO - z_normalization.py:192 - Create datacube.model.Dataset from eo3 metadata
2025-12-26 03:31:51,173 - INFO - z_normalization.py:205 - Index to datacube
2025-12-26 03:31:51,173 - INFO - _datasets.py:191 - Indexing 80acde0d-93d8-4d67-be95-876c9e93ec3d
2025-12-26 03:31:51,181 - INFO - z_normalization.py:208 - 
2025-12-26 03:31:51,181 - INFO - z_normalization.py:209 -              ✔✔✔ COMPLETED: Tile x11_y11 | Time: 2024-12 | In 0.22 minutes
2025-12-26 03:31:51,181 - INFO - z_normalization.py:210 - 
