2025-12-26 03:00:28,049 - INFO - z_normalization.py:42 - #######################################################################
2025-12-26 03:00:28,617 - INFO - z_normalization.py:56 - Starting Z-Normalization for x11_y08 | 2024-07
2025-12-26 03:00:28,617 - INFO - z_normalization.py:58 - Create directories and naming conversions
2025-12-26 03:00:28,631 - INFO - z_normalization.py:69 - Dataset location: //nas-rs.topo.auth.gr/Latomeia/DROUGHT/z_normalized/x11/y08/2024/7/01
2025-12-26 03:00:28,632 - INFO - z_normalization.py:74 - Z-Normalization | NDVI
2025-12-26 03:00:28,988 - INFO - z_normalization.py:83 - Loaded baseline
2025-12-26 03:00:28,989 - INFO - z_normalization.py:86 - Set up values | NDVI_mean
2025-12-26 03:00:29,019 - INFO - z_normalization.py:86 - Set up values | NDVI_std
2025-12-26 03:00:29,164 - INFO - z_normalization.py:101 - Loaded composite
2025-12-26 03:00:29,164 - INFO - z_normalization.py:103 - Set up values | NDVI
2025-12-26 03:00:29,199 - INFO - z_normalization.py:110 - Setting up normalization ... 
2025-12-26 03:00:29,199 - INFO - z_normalization.py:114 - Setting up normalization ... done
2025-12-26 03:00:29,200 - INFO - z_normalization.py:116 - Normalizing ... 
2025-12-26 03:00:29,281 - INFO - z_normalization.py:121 - Normalizing ... done
2025-12-26 03:00:29,336 - INFO - z_normalization.py:74 - Z-Normalization | EVI
2025-12-26 03:00:29,527 - INFO - z_normalization.py:83 - Loaded baseline
2025-12-26 03:00:29,527 - INFO - z_normalization.py:86 - Set up values | EVI_mean
2025-12-26 03:00:29,555 - INFO - z_normalization.py:86 - Set up values | EVI_std
2025-12-26 03:00:29,716 - INFO - z_normalization.py:101 - Loaded composite
2025-12-26 03:00:29,716 - INFO - z_normalization.py:103 - Set up values | EVI
2025-12-26 03:00:29,745 - INFO - z_normalization.py:110 - Setting up normalization ... 
2025-12-26 03:00:29,745 - INFO - z_normalization.py:114 - Setting up normalization ... done
2025-12-26 03:00:29,745 - INFO - z_normalization.py:116 - Normalizing ... 
2025-12-26 03:00:29,822 - INFO - z_normalization.py:121 - Normalizing ... done
2025-12-26 03:00:29,872 - INFO - z_normalization.py:74 - Z-Normalization | PSRI2
2025-12-26 03:00:30,117 - INFO - z_normalization.py:83 - Loaded baseline
2025-12-26 03:00:30,117 - INFO - z_normalization.py:86 - Set up values | PSRI2_mean
2025-12-26 03:00:30,144 - INFO - z_normalization.py:86 - Set up values | PSRI2_std
2025-12-26 03:00:30,309 - INFO - z_normalization.py:101 - Loaded composite
2025-12-26 03:00:30,309 - INFO - z_normalization.py:103 - Set up values | PSRI2
2025-12-26 03:00:30,342 - INFO - z_normalization.py:110 - Setting up normalization ... 
2025-12-26 03:00:30,342 - INFO - z_normalization.py:114 - Setting up normalization ... done
2025-12-26 03:00:30,342 - INFO - z_normalization.py:116 - Normalizing ... 
2025-12-26 03:00:30,444 - INFO - z_normalization.py:121 - Normalizing ... done
2025-12-26 03:00:30,496 - INFO - z_normalization.py:127 - Merging into one dataset
2025-12-26 03:00:30,497 - INFO - z_normalization.py:133 - Scale and Define data types & nodata per band
2025-12-26 03:00:30,499 - INFO - z_normalization.py:145 - Assign time range and tile ID in metadata
2025-12-26 03:00:30,499 - INFO - z_normalization.py:151 - Write bands to raster COG files
2025-12-26 03:00:34,023 - INFO - z_normalization.py:164 - Write NDVI_Z -> //nas-rs.topo.auth.gr/Latomeia/DROUGHT/z_normalized/x11/y08/2024/7/01/S2L2A_znorm_x11y08_20247_NDVI_z.tif
2025-12-26 03:00:37,675 - INFO - z_normalization.py:164 - Write EVI_Z -> //nas-rs.topo.auth.gr/Latomeia/DROUGHT/z_normalized/x11/y08/2024/7/01/S2L2A_znorm_x11y08_20247_EVI_z.tif
2025-12-26 03:00:41,290 - INFO - z_normalization.py:164 - Write PSRI2_Z -> //nas-rs.topo.auth.gr/Latomeia/DROUGHT/z_normalized/x11/y08/2024/7/01/S2L2A_znorm_x11y08_20247_PSRI2_z.tif
2025-12-26 03:00:41,290 - INFO - z_normalization.py:166 - Prepare metadata YAML document
2025-12-26 03:00:41,377 - INFO - z_normalization.py:187 - Write metadata YAML document to disk
2025-12-26 03:00:41,397 - INFO - z_normalization.py:192 - Create datacube.model.Dataset from eo3 metadata
2025-12-26 03:00:41,401 - INFO - z_normalization.py:205 - Index to datacube
2025-12-26 03:00:41,401 - INFO - _datasets.py:191 - Indexing 8f97e4d5-09db-404d-87ba-7638c53db442
2025-12-26 03:00:41,409 - INFO - z_normalization.py:208 - 
2025-12-26 03:00:41,409 - INFO - z_normalization.py:209 -              ✔✔✔ COMPLETED: Tile x11_y08 | Time: 2024-07 | In 0.21 minutes
2025-12-26 03:00:41,409 - INFO - z_normalization.py:210 - 
