2025-12-26 02:27:40,143 - INFO - z_normalization.py:42 - #######################################################################
2025-12-26 02:27:40,697 - INFO - z_normalization.py:56 - Starting Z-Normalization for x09_y10 | 2024-02
2025-12-26 02:27:40,697 - INFO - z_normalization.py:58 - Create directories and naming conversions
2025-12-26 02:27:40,708 - INFO - z_normalization.py:69 - Dataset location: //nas-rs.topo.auth.gr/Latomeia/DROUGHT/z_normalized/x09/y10/2024/2/01
2025-12-26 02:27:40,708 - INFO - z_normalization.py:74 - Z-Normalization | NDVI
2025-12-26 02:27:41,093 - INFO - z_normalization.py:83 - Loaded baseline
2025-12-26 02:27:41,093 - INFO - z_normalization.py:86 - Set up values | NDVI_mean
2025-12-26 02:27:41,122 - INFO - z_normalization.py:86 - Set up values | NDVI_std
2025-12-26 02:27:41,297 - INFO - z_normalization.py:101 - Loaded composite
2025-12-26 02:27:41,297 - INFO - z_normalization.py:103 - Set up values | NDVI
2025-12-26 02:27:41,326 - INFO - z_normalization.py:110 - Setting up normalization ... 
2025-12-26 02:27:41,326 - INFO - z_normalization.py:114 - Setting up normalization ... done
2025-12-26 02:27:41,326 - INFO - z_normalization.py:116 - Normalizing ... 
2025-12-26 02:27:41,408 - INFO - z_normalization.py:121 - Normalizing ... done
2025-12-26 02:27:41,467 - INFO - z_normalization.py:74 - Z-Normalization | EVI
2025-12-26 02:27:41,729 - INFO - z_normalization.py:83 - Loaded baseline
2025-12-26 02:27:41,729 - INFO - z_normalization.py:86 - Set up values | EVI_mean
2025-12-26 02:27:41,758 - INFO - z_normalization.py:86 - Set up values | EVI_std
2025-12-26 02:27:41,957 - INFO - z_normalization.py:101 - Loaded composite
2025-12-26 02:27:41,958 - INFO - z_normalization.py:103 - Set up values | EVI
2025-12-26 02:27:41,986 - INFO - z_normalization.py:110 - Setting up normalization ... 
2025-12-26 02:27:41,986 - INFO - z_normalization.py:114 - Setting up normalization ... done
2025-12-26 02:27:41,986 - INFO - z_normalization.py:116 - Normalizing ... 
2025-12-26 02:27:42,064 - INFO - z_normalization.py:121 - Normalizing ... done
2025-12-26 02:27:42,114 - INFO - z_normalization.py:74 - Z-Normalization | PSRI2
2025-12-26 02:27:42,396 - INFO - z_normalization.py:83 - Loaded baseline
2025-12-26 02:27:42,396 - INFO - z_normalization.py:86 - Set up values | PSRI2_mean
2025-12-26 02:27:42,426 - INFO - z_normalization.py:86 - Set up values | PSRI2_std
2025-12-26 02:27:42,592 - INFO - z_normalization.py:101 - Loaded composite
2025-12-26 02:27:42,592 - INFO - z_normalization.py:103 - Set up values | PSRI2
2025-12-26 02:27:42,621 - INFO - z_normalization.py:110 - Setting up normalization ... 
2025-12-26 02:27:42,621 - INFO - z_normalization.py:114 - Setting up normalization ... done
2025-12-26 02:27:42,621 - INFO - z_normalization.py:116 - Normalizing ... 
2025-12-26 02:27:42,698 - INFO - z_normalization.py:121 - Normalizing ... done
2025-12-26 02:27:42,749 - INFO - z_normalization.py:127 - Merging into one dataset
2025-12-26 02:27:42,751 - INFO - z_normalization.py:133 - Scale and Define data types & nodata per band
2025-12-26 02:27:42,752 - INFO - z_normalization.py:145 - Assign time range and tile ID in metadata
2025-12-26 02:27:42,752 - INFO - z_normalization.py:151 - Write bands to raster COG files
2025-12-26 02:27:46,388 - INFO - z_normalization.py:164 - Write NDVI_Z -> //nas-rs.topo.auth.gr/Latomeia/DROUGHT/z_normalized/x09/y10/2024/2/01/S2L2A_znorm_x09y10_20242_NDVI_z.tif
2025-12-26 02:27:49,950 - INFO - z_normalization.py:164 - Write EVI_Z -> //nas-rs.topo.auth.gr/Latomeia/DROUGHT/z_normalized/x09/y10/2024/2/01/S2L2A_znorm_x09y10_20242_EVI_z.tif
2025-12-26 02:27:53,519 - INFO - z_normalization.py:164 - Write PSRI2_Z -> //nas-rs.topo.auth.gr/Latomeia/DROUGHT/z_normalized/x09/y10/2024/2/01/S2L2A_znorm_x09y10_20242_PSRI2_z.tif
2025-12-26 02:27:53,520 - INFO - z_normalization.py:166 - Prepare metadata YAML document
2025-12-26 02:27:53,608 - INFO - z_normalization.py:187 - Write metadata YAML document to disk
2025-12-26 02:27:53,628 - INFO - z_normalization.py:192 - Create datacube.model.Dataset from eo3 metadata
2025-12-26 02:27:53,631 - INFO - z_normalization.py:205 - Index to datacube
2025-12-26 02:27:53,632 - INFO - _datasets.py:191 - Indexing ffa177ce-623e-4a46-aae6-f1a3799900dc
2025-12-26 02:27:53,639 - INFO - z_normalization.py:208 - 
2025-12-26 02:27:53,639 - INFO - z_normalization.py:209 -              ✔✔✔ COMPLETED: Tile x09_y10 | Time: 2024-02 | In 0.22 minutes
2025-12-26 02:27:53,639 - INFO - z_normalization.py:210 - 
