2025-12-26 03:49:57,205 - INFO - z_normalization.py:42 - #######################################################################
2025-12-26 03:49:57,861 - INFO - z_normalization.py:56 - Starting Z-Normalization for x11_y12 | 2025-03
2025-12-26 03:49:57,861 - INFO - z_normalization.py:58 - Create directories and naming conversions
2025-12-26 03:49:57,876 - INFO - z_normalization.py:69 - Dataset location: //nas-rs.topo.auth.gr/Latomeia/DROUGHT/z_normalized/x11/y12/2025/3/01
2025-12-26 03:49:57,876 - INFO - z_normalization.py:74 - Z-Normalization | NDVI
2025-12-26 03:49:58,292 - INFO - z_normalization.py:83 - Loaded baseline
2025-12-26 03:49:58,292 - INFO - z_normalization.py:86 - Set up values | NDVI_mean
2025-12-26 03:49:58,319 - INFO - z_normalization.py:86 - Set up values | NDVI_std
2025-12-26 03:49:58,480 - INFO - z_normalization.py:101 - Loaded composite
2025-12-26 03:49:58,480 - INFO - z_normalization.py:103 - Set up values | NDVI
2025-12-26 03:49:58,509 - INFO - z_normalization.py:110 - Setting up normalization ... 
2025-12-26 03:49:58,509 - INFO - z_normalization.py:114 - Setting up normalization ... done
2025-12-26 03:49:58,509 - INFO - z_normalization.py:116 - Normalizing ... 
2025-12-26 03:49:58,590 - INFO - z_normalization.py:121 - Normalizing ... done
2025-12-26 03:49:58,639 - INFO - z_normalization.py:74 - Z-Normalization | EVI
2025-12-26 03:49:58,849 - INFO - z_normalization.py:83 - Loaded baseline
2025-12-26 03:49:58,850 - INFO - z_normalization.py:86 - Set up values | EVI_mean
2025-12-26 03:49:58,876 - INFO - z_normalization.py:86 - Set up values | EVI_std
2025-12-26 03:49:59,053 - INFO - z_normalization.py:101 - Loaded composite
2025-12-26 03:49:59,054 - INFO - z_normalization.py:103 - Set up values | EVI
2025-12-26 03:49:59,082 - INFO - z_normalization.py:110 - Setting up normalization ... 
2025-12-26 03:49:59,082 - INFO - z_normalization.py:114 - Setting up normalization ... done
2025-12-26 03:49:59,082 - INFO - z_normalization.py:116 - Normalizing ... 
2025-12-26 03:49:59,160 - INFO - z_normalization.py:121 - Normalizing ... done
2025-12-26 03:49:59,214 - INFO - z_normalization.py:74 - Z-Normalization | PSRI2
2025-12-26 03:49:59,450 - INFO - z_normalization.py:83 - Loaded baseline
2025-12-26 03:49:59,451 - INFO - z_normalization.py:86 - Set up values | PSRI2_mean
2025-12-26 03:49:59,479 - INFO - z_normalization.py:86 - Set up values | PSRI2_std
2025-12-26 03:49:59,642 - INFO - z_normalization.py:101 - Loaded composite
2025-12-26 03:49:59,642 - INFO - z_normalization.py:103 - Set up values | PSRI2
2025-12-26 03:49:59,676 - INFO - z_normalization.py:110 - Setting up normalization ... 
2025-12-26 03:49:59,676 - INFO - z_normalization.py:114 - Setting up normalization ... done
2025-12-26 03:49:59,676 - INFO - z_normalization.py:116 - Normalizing ... 
2025-12-26 03:49:59,787 - INFO - z_normalization.py:121 - Normalizing ... done
2025-12-26 03:49:59,849 - INFO - z_normalization.py:127 - Merging into one dataset
2025-12-26 03:49:59,851 - INFO - z_normalization.py:133 - Scale and Define data types & nodata per band
2025-12-26 03:49:59,854 - INFO - z_normalization.py:145 - Assign time range and tile ID in metadata
2025-12-26 03:49:59,854 - INFO - z_normalization.py:151 - Write bands to raster COG files
2025-12-26 03:50:03,684 - INFO - z_normalization.py:164 - Write NDVI_Z -> //nas-rs.topo.auth.gr/Latomeia/DROUGHT/z_normalized/x11/y12/2025/3/01/S2L2A_znorm_x11y12_20253_NDVI_z.tif
2025-12-26 03:50:07,474 - INFO - z_normalization.py:164 - Write EVI_Z -> //nas-rs.topo.auth.gr/Latomeia/DROUGHT/z_normalized/x11/y12/2025/3/01/S2L2A_znorm_x11y12_20253_EVI_z.tif
2025-12-26 03:50:11,226 - INFO - z_normalization.py:164 - Write PSRI2_Z -> //nas-rs.topo.auth.gr/Latomeia/DROUGHT/z_normalized/x11/y12/2025/3/01/S2L2A_znorm_x11y12_20253_PSRI2_z.tif
2025-12-26 03:50:11,226 - INFO - z_normalization.py:166 - Prepare metadata YAML document
2025-12-26 03:50:11,325 - INFO - z_normalization.py:187 - Write metadata YAML document to disk
2025-12-26 03:50:11,345 - INFO - z_normalization.py:192 - Create datacube.model.Dataset from eo3 metadata
2025-12-26 03:50:11,349 - INFO - z_normalization.py:205 - Index to datacube
2025-12-26 03:50:11,350 - INFO - _datasets.py:191 - Indexing 397966e2-ab13-4369-8aa9-c80c7cee982a
2025-12-26 03:50:11,358 - INFO - z_normalization.py:208 - 
2025-12-26 03:50:11,358 - INFO - z_normalization.py:209 -              ✔✔✔ COMPLETED: Tile x11_y12 | Time: 2025-03 | In 0.22 minutes
2025-12-26 03:50:11,358 - INFO - z_normalization.py:210 - 
