2025-12-26 02:42:50,071 - INFO - z_normalization.py:42 - #######################################################################
2025-12-26 02:42:50,585 - INFO - z_normalization.py:56 - Starting Z-Normalization for x11_y12 | 2024-04
2025-12-26 02:42:50,585 - INFO - z_normalization.py:58 - Create directories and naming conversions
2025-12-26 02:42:50,597 - INFO - z_normalization.py:69 - Dataset location: //nas-rs.topo.auth.gr/Latomeia/DROUGHT/z_normalized/x11/y12/2024/4/01
2025-12-26 02:42:50,597 - INFO - z_normalization.py:74 - Z-Normalization | NDVI
2025-12-26 02:42:50,964 - INFO - z_normalization.py:83 - Loaded baseline
2025-12-26 02:42:50,964 - INFO - z_normalization.py:86 - Set up values | NDVI_mean
2025-12-26 02:42:50,993 - INFO - z_normalization.py:86 - Set up values | NDVI_std
2025-12-26 02:42:51,164 - INFO - z_normalization.py:101 - Loaded composite
2025-12-26 02:42:51,164 - INFO - z_normalization.py:103 - Set up values | NDVI
2025-12-26 02:42:51,204 - INFO - z_normalization.py:110 - Setting up normalization ... 
2025-12-26 02:42:51,205 - INFO - z_normalization.py:114 - Setting up normalization ... done
2025-12-26 02:42:51,205 - INFO - z_normalization.py:116 - Normalizing ... 
2025-12-26 02:42:51,295 - INFO - z_normalization.py:121 - Normalizing ... done
2025-12-26 02:42:51,348 - INFO - z_normalization.py:74 - Z-Normalization | EVI
2025-12-26 02:42:51,567 - INFO - z_normalization.py:83 - Loaded baseline
2025-12-26 02:42:51,567 - INFO - z_normalization.py:86 - Set up values | EVI_mean
2025-12-26 02:42:51,594 - INFO - z_normalization.py:86 - Set up values | EVI_std
2025-12-26 02:42:51,774 - INFO - z_normalization.py:101 - Loaded composite
2025-12-26 02:42:51,774 - INFO - z_normalization.py:103 - Set up values | EVI
2025-12-26 02:42:51,801 - INFO - z_normalization.py:110 - Setting up normalization ... 
2025-12-26 02:42:51,801 - INFO - z_normalization.py:114 - Setting up normalization ... done
2025-12-26 02:42:51,801 - INFO - z_normalization.py:116 - Normalizing ... 
2025-12-26 02:42:51,879 - INFO - z_normalization.py:121 - Normalizing ... done
2025-12-26 02:42:51,928 - INFO - z_normalization.py:74 - Z-Normalization | PSRI2
2025-12-26 02:42:52,176 - INFO - z_normalization.py:83 - Loaded baseline
2025-12-26 02:42:52,177 - INFO - z_normalization.py:86 - Set up values | PSRI2_mean
2025-12-26 02:42:52,206 - INFO - z_normalization.py:86 - Set up values | PSRI2_std
2025-12-26 02:42:52,368 - INFO - z_normalization.py:101 - Loaded composite
2025-12-26 02:42:52,369 - INFO - z_normalization.py:103 - Set up values | PSRI2
2025-12-26 02:42:52,399 - INFO - z_normalization.py:110 - Setting up normalization ... 
2025-12-26 02:42:52,399 - INFO - z_normalization.py:114 - Setting up normalization ... done
2025-12-26 02:42:52,399 - INFO - z_normalization.py:116 - Normalizing ... 
2025-12-26 02:42:52,481 - INFO - z_normalization.py:121 - Normalizing ... done
2025-12-26 02:42:52,532 - INFO - z_normalization.py:127 - Merging into one dataset
2025-12-26 02:42:52,534 - INFO - z_normalization.py:133 - Scale and Define data types & nodata per band
2025-12-26 02:42:52,535 - INFO - z_normalization.py:145 - Assign time range and tile ID in metadata
2025-12-26 02:42:52,535 - INFO - z_normalization.py:151 - Write bands to raster COG files
2025-12-26 02:42:56,180 - INFO - z_normalization.py:164 - Write NDVI_Z -> //nas-rs.topo.auth.gr/Latomeia/DROUGHT/z_normalized/x11/y12/2024/4/01/S2L2A_znorm_x11y12_20244_NDVI_z.tif
2025-12-26 02:42:59,776 - INFO - z_normalization.py:164 - Write EVI_Z -> //nas-rs.topo.auth.gr/Latomeia/DROUGHT/z_normalized/x11/y12/2024/4/01/S2L2A_znorm_x11y12_20244_EVI_z.tif
2025-12-26 02:43:03,337 - INFO - z_normalization.py:164 - Write PSRI2_Z -> //nas-rs.topo.auth.gr/Latomeia/DROUGHT/z_normalized/x11/y12/2024/4/01/S2L2A_znorm_x11y12_20244_PSRI2_z.tif
2025-12-26 02:43:03,337 - INFO - z_normalization.py:166 - Prepare metadata YAML document
2025-12-26 02:43:03,423 - INFO - z_normalization.py:187 - Write metadata YAML document to disk
2025-12-26 02:43:03,445 - INFO - z_normalization.py:192 - Create datacube.model.Dataset from eo3 metadata
2025-12-26 02:43:03,449 - INFO - z_normalization.py:205 - Index to datacube
2025-12-26 02:43:03,449 - INFO - _datasets.py:191 - Indexing ea8986db-7920-4ec5-967c-7cee0491426a
2025-12-26 02:43:03,457 - INFO - z_normalization.py:208 - 
2025-12-26 02:43:03,457 - INFO - z_normalization.py:209 -              ✔✔✔ COMPLETED: Tile x11_y12 | Time: 2024-04 | In 0.21 minutes
2025-12-26 02:43:03,458 - INFO - z_normalization.py:210 - 
