2025-12-26 13:43:32,785 - INFO - z_normalization.py:42 - #######################################################################
2025-12-26 13:43:33,449 - INFO - z_normalization.py:56 - Starting Z-Normalization for x09_y09 | 2024-09
2025-12-26 13:43:33,449 - INFO - z_normalization.py:58 - Create directories and naming conversions
2025-12-26 13:43:33,463 - INFO - z_normalization.py:69 - Dataset location: //nas-rs.topo.auth.gr/Latomeia/DROUGHT/z_normalized/x09/y09/2024/9/01
2025-12-26 13:43:33,463 - INFO - z_normalization.py:74 - Z-Normalization | NDVI
2025-12-26 13:43:33,834 - INFO - z_normalization.py:83 - Loaded baseline
2025-12-26 13:43:33,834 - INFO - z_normalization.py:86 - Set up values | NDVI_mean
2025-12-26 13:43:33,863 - INFO - z_normalization.py:86 - Set up values | NDVI_std
2025-12-26 13:43:34,048 - INFO - z_normalization.py:101 - Loaded composite
2025-12-26 13:43:34,048 - INFO - z_normalization.py:103 - Set up values | NDVI
2025-12-26 13:43:34,084 - INFO - z_normalization.py:110 - Setting up normalization ... 
2025-12-26 13:43:34,084 - INFO - z_normalization.py:114 - Setting up normalization ... done
2025-12-26 13:43:34,084 - INFO - z_normalization.py:116 - Normalizing ... 
2025-12-26 13:43:34,173 - INFO - z_normalization.py:121 - Normalizing ... done
2025-12-26 13:43:34,237 - INFO - z_normalization.py:74 - Z-Normalization | EVI
2025-12-26 13:43:34,483 - INFO - z_normalization.py:83 - Loaded baseline
2025-12-26 13:43:34,483 - INFO - z_normalization.py:86 - Set up values | EVI_mean
2025-12-26 13:43:34,511 - INFO - z_normalization.py:86 - Set up values | EVI_std
2025-12-26 13:43:34,677 - INFO - z_normalization.py:101 - Loaded composite
2025-12-26 13:43:34,677 - INFO - z_normalization.py:103 - Set up values | EVI
2025-12-26 13:43:34,709 - INFO - z_normalization.py:110 - Setting up normalization ... 
2025-12-26 13:43:34,709 - INFO - z_normalization.py:114 - Setting up normalization ... done
2025-12-26 13:43:34,709 - INFO - z_normalization.py:116 - Normalizing ... 
2025-12-26 13:43:34,793 - INFO - z_normalization.py:121 - Normalizing ... done
2025-12-26 13:43:34,843 - INFO - z_normalization.py:74 - Z-Normalization | PSRI2
2025-12-26 13:43:35,054 - INFO - z_normalization.py:83 - Loaded baseline
2025-12-26 13:43:35,054 - INFO - z_normalization.py:86 - Set up values | PSRI2_mean
2025-12-26 13:43:35,083 - INFO - z_normalization.py:86 - Set up values | PSRI2_std
2025-12-26 13:43:35,244 - INFO - z_normalization.py:101 - Loaded composite
2025-12-26 13:43:35,244 - INFO - z_normalization.py:103 - Set up values | PSRI2
2025-12-26 13:43:35,271 - INFO - z_normalization.py:110 - Setting up normalization ... 
2025-12-26 13:43:35,271 - INFO - z_normalization.py:114 - Setting up normalization ... done
2025-12-26 13:43:35,271 - INFO - z_normalization.py:116 - Normalizing ... 
2025-12-26 13:43:35,366 - INFO - z_normalization.py:121 - Normalizing ... done
2025-12-26 13:43:35,432 - INFO - z_normalization.py:127 - Merging into one dataset
2025-12-26 13:43:35,434 - INFO - z_normalization.py:133 - Scale and Define data types & nodata per band
2025-12-26 13:43:35,436 - INFO - z_normalization.py:145 - Assign time range and tile ID in metadata
2025-12-26 13:43:35,436 - INFO - z_normalization.py:151 - Write bands to raster COG files
2025-12-26 13:43:39,126 - INFO - z_normalization.py:164 - Write NDVI_Z -> //nas-rs.topo.auth.gr/Latomeia/DROUGHT/z_normalized/x09/y09/2024/9/01/S2L2A_znorm_x09y09_20249_NDVI_z.tif
2025-12-26 13:43:42,774 - INFO - z_normalization.py:164 - Write EVI_Z -> //nas-rs.topo.auth.gr/Latomeia/DROUGHT/z_normalized/x09/y09/2024/9/01/S2L2A_znorm_x09y09_20249_EVI_z.tif
2025-12-26 13:43:46,402 - INFO - z_normalization.py:164 - Write PSRI2_Z -> //nas-rs.topo.auth.gr/Latomeia/DROUGHT/z_normalized/x09/y09/2024/9/01/S2L2A_znorm_x09y09_20249_PSRI2_z.tif
2025-12-26 13:43:46,403 - INFO - z_normalization.py:166 - Assert relative paths and product measurements are matched
2025-12-26 13:43:46,439 - INFO - z_normalization.py:172 - Prepare metadata YAML document
2025-12-26 13:43:46,530 - INFO - z_normalization.py:192 - Write metadata YAML document to disk
2025-12-26 13:43:46,551 - INFO - z_normalization.py:197 - Create datacube.model.Dataset from eo3 metadata
2025-12-26 13:43:46,555 - INFO - z_normalization.py:210 - Index to datacube
2025-12-26 13:43:46,555 - INFO - _datasets.py:191 - Indexing 0f562f59-a567-491e-b8b3-ef34aa548a8a
2025-12-26 13:43:46,562 - INFO - z_normalization.py:213 - 
2025-12-26 13:43:46,563 - INFO - z_normalization.py:214 -              ✔✔✔ COMPLETED: Tile x09_y09 | Time: 2024-09 | In 0.22 minutes
2025-12-26 13:43:46,563 - INFO - z_normalization.py:215 - 
2025-12-26 13:43:46,563 - INFO - z_normalization.py:230 - #######################################################################
