2025-12-26 14:08:26,011 - INFO - z_normalization.py:42 - #######################################################################
2025-12-26 14:08:26,579 - INFO - z_normalization.py:56 - Starting Z-Normalization for x06_y10 | 2025-01
2025-12-26 14:08:26,579 - INFO - z_normalization.py:58 - Create directories and naming conversions
2025-12-26 14:08:26,598 - INFO - z_normalization.py:69 - Dataset location: //nas-rs.topo.auth.gr/Latomeia/DROUGHT/z_normalized/x06/y10/2025/1/01
2025-12-26 14:08:26,598 - INFO - z_normalization.py:74 - Z-Normalization | NDVI
2025-12-26 14:08:26,963 - INFO - z_normalization.py:83 - Loaded baseline
2025-12-26 14:08:26,963 - INFO - z_normalization.py:86 - Set up values | NDVI_mean
2025-12-26 14:08:26,994 - INFO - z_normalization.py:86 - Set up values | NDVI_std
2025-12-26 14:08:27,162 - INFO - z_normalization.py:101 - Loaded composite
2025-12-26 14:08:27,162 - INFO - z_normalization.py:103 - Set up values | NDVI
2025-12-26 14:08:27,192 - INFO - z_normalization.py:110 - Setting up normalization ... 
2025-12-26 14:08:27,192 - INFO - z_normalization.py:114 - Setting up normalization ... done
2025-12-26 14:08:27,192 - INFO - z_normalization.py:116 - Normalizing ... 
2025-12-26 14:08:27,281 - INFO - z_normalization.py:121 - Normalizing ... done
2025-12-26 14:08:27,333 - INFO - z_normalization.py:74 - Z-Normalization | EVI
2025-12-26 14:08:27,576 - INFO - z_normalization.py:83 - Loaded baseline
2025-12-26 14:08:27,576 - INFO - z_normalization.py:86 - Set up values | EVI_mean
2025-12-26 14:08:27,604 - INFO - z_normalization.py:86 - Set up values | EVI_std
2025-12-26 14:08:27,803 - INFO - z_normalization.py:101 - Loaded composite
2025-12-26 14:08:27,803 - INFO - z_normalization.py:103 - Set up values | EVI
2025-12-26 14:08:27,833 - INFO - z_normalization.py:110 - Setting up normalization ... 
2025-12-26 14:08:27,833 - INFO - z_normalization.py:114 - Setting up normalization ... done
2025-12-26 14:08:27,833 - INFO - z_normalization.py:116 - Normalizing ... 
2025-12-26 14:08:27,911 - INFO - z_normalization.py:121 - Normalizing ... done
2025-12-26 14:08:27,975 - INFO - z_normalization.py:74 - Z-Normalization | PSRI2
2025-12-26 14:08:28,254 - INFO - z_normalization.py:83 - Loaded baseline
2025-12-26 14:08:28,255 - INFO - z_normalization.py:86 - Set up values | PSRI2_mean
2025-12-26 14:08:28,284 - INFO - z_normalization.py:86 - Set up values | PSRI2_std
2025-12-26 14:08:28,456 - INFO - z_normalization.py:101 - Loaded composite
2025-12-26 14:08:28,457 - INFO - z_normalization.py:103 - Set up values | PSRI2
2025-12-26 14:08:28,487 - INFO - z_normalization.py:110 - Setting up normalization ... 
2025-12-26 14:08:28,487 - INFO - z_normalization.py:114 - Setting up normalization ... done
2025-12-26 14:08:28,487 - INFO - z_normalization.py:116 - Normalizing ... 
2025-12-26 14:08:28,573 - INFO - z_normalization.py:121 - Normalizing ... done
2025-12-26 14:08:28,626 - INFO - z_normalization.py:127 - Merging into one dataset
2025-12-26 14:08:28,627 - INFO - z_normalization.py:133 - Scale and Define data types & nodata per band
2025-12-26 14:08:28,629 - INFO - z_normalization.py:145 - Assign time range and tile ID in metadata
2025-12-26 14:08:28,629 - INFO - z_normalization.py:151 - Write bands to raster COG files
2025-12-26 14:08:32,537 - INFO - z_normalization.py:164 - Write NDVI_Z -> //nas-rs.topo.auth.gr/Latomeia/DROUGHT/z_normalized/x06/y10/2025/1/01/S2L2A_znorm_x06y10_20251_NDVI_z.tif
2025-12-26 14:08:36,602 - INFO - z_normalization.py:164 - Write EVI_Z -> //nas-rs.topo.auth.gr/Latomeia/DROUGHT/z_normalized/x06/y10/2025/1/01/S2L2A_znorm_x06y10_20251_EVI_z.tif
2025-12-26 14:08:40,202 - INFO - z_normalization.py:164 - Write PSRI2_Z -> //nas-rs.topo.auth.gr/Latomeia/DROUGHT/z_normalized/x06/y10/2025/1/01/S2L2A_znorm_x06y10_20251_PSRI2_z.tif
2025-12-26 14:08:40,203 - INFO - z_normalization.py:166 - Assert relative paths and product measurements are matched
2025-12-26 14:08:40,246 - INFO - z_normalization.py:172 - Prepare metadata YAML document
2025-12-26 14:08:40,345 - INFO - z_normalization.py:192 - Write metadata YAML document to disk
2025-12-26 14:08:40,367 - INFO - z_normalization.py:197 - Create datacube.model.Dataset from eo3 metadata
2025-12-26 14:08:40,372 - INFO - z_normalization.py:210 - Index to datacube
2025-12-26 14:08:40,372 - INFO - _datasets.py:191 - Indexing 9859979f-4371-40da-986d-70f182060368
2025-12-26 14:08:40,380 - INFO - z_normalization.py:213 - 
2025-12-26 14:08:40,380 - INFO - z_normalization.py:214 -              ✔✔✔ COMPLETED: Tile x06_y10 | Time: 2025-01 | In 0.23 minutes
2025-12-26 14:08:40,380 - INFO - z_normalization.py:215 - 
2025-12-26 14:08:40,380 - INFO - z_normalization.py:230 - #######################################################################
