2025-12-26 15:09:51,223 - INFO - z_normalization.py:42 - #######################################################################
2025-12-26 15:09:51,898 - INFO - z_normalization.py:56 - Starting Z-Normalization for x09_y08 | 2025-10
2025-12-26 15:09:51,898 - INFO - z_normalization.py:58 - Create directories and naming conversions
2025-12-26 15:09:51,911 - INFO - z_normalization.py:69 - Dataset location: //nas-rs.topo.auth.gr/Latomeia/DROUGHT/z_normalized/x09/y08/2025/10/01
2025-12-26 15:09:51,911 - INFO - z_normalization.py:74 - Z-Normalization | NDVI
2025-12-26 15:09:52,329 - INFO - z_normalization.py:83 - Loaded baseline
2025-12-26 15:09:52,329 - INFO - z_normalization.py:86 - Set up values | NDVI_mean
2025-12-26 15:09:52,359 - INFO - z_normalization.py:86 - Set up values | NDVI_std
2025-12-26 15:09:52,545 - INFO - z_normalization.py:101 - Loaded composite
2025-12-26 15:09:52,545 - INFO - z_normalization.py:103 - Set up values | NDVI
2025-12-26 15:09:52,576 - INFO - z_normalization.py:110 - Setting up normalization ... 
2025-12-26 15:09:52,576 - INFO - z_normalization.py:114 - Setting up normalization ... done
2025-12-26 15:09:52,576 - INFO - z_normalization.py:116 - Normalizing ... 
2025-12-26 15:09:52,657 - INFO - z_normalization.py:121 - Normalizing ... done
2025-12-26 15:09:52,717 - INFO - z_normalization.py:74 - Z-Normalization | EVI
2025-12-26 15:09:53,039 - INFO - z_normalization.py:83 - Loaded baseline
2025-12-26 15:09:53,039 - INFO - z_normalization.py:86 - Set up values | EVI_mean
2025-12-26 15:09:53,069 - INFO - z_normalization.py:86 - Set up values | EVI_std
2025-12-26 15:09:53,239 - INFO - z_normalization.py:101 - Loaded composite
2025-12-26 15:09:53,239 - INFO - z_normalization.py:103 - Set up values | EVI
2025-12-26 15:09:53,272 - INFO - z_normalization.py:110 - Setting up normalization ... 
2025-12-26 15:09:53,273 - INFO - z_normalization.py:114 - Setting up normalization ... done
2025-12-26 15:09:53,273 - INFO - z_normalization.py:116 - Normalizing ... 
2025-12-26 15:09:53,350 - INFO - z_normalization.py:121 - Normalizing ... done
2025-12-26 15:09:53,402 - INFO - z_normalization.py:74 - Z-Normalization | PSRI2
2025-12-26 15:09:53,634 - INFO - z_normalization.py:83 - Loaded baseline
2025-12-26 15:09:53,634 - INFO - z_normalization.py:86 - Set up values | PSRI2_mean
2025-12-26 15:09:53,665 - INFO - z_normalization.py:86 - Set up values | PSRI2_std
2025-12-26 15:09:53,826 - INFO - z_normalization.py:101 - Loaded composite
2025-12-26 15:09:53,827 - INFO - z_normalization.py:103 - Set up values | PSRI2
2025-12-26 15:09:53,854 - INFO - z_normalization.py:110 - Setting up normalization ... 
2025-12-26 15:09:53,854 - INFO - z_normalization.py:114 - Setting up normalization ... done
2025-12-26 15:09:53,856 - INFO - z_normalization.py:116 - Normalizing ... 
2025-12-26 15:09:53,935 - INFO - z_normalization.py:121 - Normalizing ... done
2025-12-26 15:09:53,989 - INFO - z_normalization.py:127 - Merging into one dataset
2025-12-26 15:09:53,990 - INFO - z_normalization.py:133 - Scale and Define data types & nodata per band
2025-12-26 15:09:53,991 - INFO - z_normalization.py:145 - Assign time range and tile ID in metadata
2025-12-26 15:09:53,992 - INFO - z_normalization.py:151 - Write bands to raster COG files
2025-12-26 15:09:57,807 - INFO - z_normalization.py:164 - Write NDVI_Z -> //nas-rs.topo.auth.gr/Latomeia/DROUGHT/z_normalized/x09/y08/2025/10/01/S2L2A_znorm_x09y08_202510_NDVI_z.tif
2025-12-26 15:10:01,778 - INFO - z_normalization.py:164 - Write EVI_Z -> //nas-rs.topo.auth.gr/Latomeia/DROUGHT/z_normalized/x09/y08/2025/10/01/S2L2A_znorm_x09y08_202510_EVI_z.tif
2025-12-26 15:10:05,533 - INFO - z_normalization.py:164 - Write PSRI2_Z -> //nas-rs.topo.auth.gr/Latomeia/DROUGHT/z_normalized/x09/y08/2025/10/01/S2L2A_znorm_x09y08_202510_PSRI2_z.tif
2025-12-26 15:10:05,534 - INFO - z_normalization.py:166 - Assert relative paths and product measurements are matched
2025-12-26 15:10:05,570 - INFO - z_normalization.py:172 - Prepare metadata YAML document
2025-12-26 15:10:05,663 - INFO - z_normalization.py:192 - Write metadata YAML document to disk
2025-12-26 15:10:05,684 - INFO - z_normalization.py:197 - Create datacube.model.Dataset from eo3 metadata
2025-12-26 15:10:05,688 - INFO - z_normalization.py:210 - Index to datacube
2025-12-26 15:10:05,688 - INFO - _datasets.py:191 - Indexing b6430892-12ce-49a8-8f91-c36512cf417c
2025-12-26 15:10:05,695 - INFO - z_normalization.py:213 - 
2025-12-26 15:10:05,695 - INFO - z_normalization.py:214 -              ✔✔✔ COMPLETED: Tile x09_y08 | Time: 2025-10 | In 0.23 minutes
2025-12-26 15:10:05,695 - INFO - z_normalization.py:215 - 
2025-12-26 15:10:05,695 - INFO - z_normalization.py:230 - #######################################################################
