2025-12-26 12:01:11,401 - INFO - z_normalization.py:42 - #######################################################################
2025-12-26 12:01:11,974 - INFO - z_normalization.py:56 - Starting Z-Normalization for x10_y10 | 2023-05
2025-12-26 12:01:11,974 - INFO - z_normalization.py:58 - Create directories and naming conversions
2025-12-26 12:01:11,985 - INFO - z_normalization.py:69 - Dataset location: //nas-rs.topo.auth.gr/Latomeia/DROUGHT/z_normalized/x10/y10/2023/5/01
2025-12-26 12:01:11,986 - INFO - z_normalization.py:74 - Z-Normalization | NDVI
2025-12-26 12:01:12,340 - INFO - z_normalization.py:83 - Loaded baseline
2025-12-26 12:01:12,340 - INFO - z_normalization.py:86 - Set up values | NDVI_mean
2025-12-26 12:01:12,372 - INFO - z_normalization.py:86 - Set up values | NDVI_std
2025-12-26 12:01:12,553 - INFO - z_normalization.py:101 - Loaded composite
2025-12-26 12:01:12,553 - INFO - z_normalization.py:103 - Set up values | NDVI
2025-12-26 12:01:12,583 - INFO - z_normalization.py:110 - Setting up normalization ... 
2025-12-26 12:01:12,584 - INFO - z_normalization.py:114 - Setting up normalization ... done
2025-12-26 12:01:12,584 - INFO - z_normalization.py:116 - Normalizing ... 
2025-12-26 12:01:12,674 - INFO - z_normalization.py:121 - Normalizing ... done
2025-12-26 12:01:12,730 - INFO - z_normalization.py:74 - Z-Normalization | EVI
2025-12-26 12:01:12,965 - INFO - z_normalization.py:83 - Loaded baseline
2025-12-26 12:01:12,965 - INFO - z_normalization.py:86 - Set up values | EVI_mean
2025-12-26 12:01:12,996 - INFO - z_normalization.py:86 - Set up values | EVI_std
2025-12-26 12:01:13,198 - INFO - z_normalization.py:101 - Loaded composite
2025-12-26 12:01:13,198 - INFO - z_normalization.py:103 - Set up values | EVI
2025-12-26 12:01:13,227 - INFO - z_normalization.py:110 - Setting up normalization ... 
2025-12-26 12:01:13,227 - INFO - z_normalization.py:114 - Setting up normalization ... done
2025-12-26 12:01:13,227 - INFO - z_normalization.py:116 - Normalizing ... 
2025-12-26 12:01:13,309 - INFO - z_normalization.py:121 - Normalizing ... done
2025-12-26 12:01:13,367 - INFO - z_normalization.py:74 - Z-Normalization | PSRI2
2025-12-26 12:01:13,634 - INFO - z_normalization.py:83 - Loaded baseline
2025-12-26 12:01:13,635 - INFO - z_normalization.py:86 - Set up values | PSRI2_mean
2025-12-26 12:01:13,666 - INFO - z_normalization.py:86 - Set up values | PSRI2_std
2025-12-26 12:01:13,846 - INFO - z_normalization.py:101 - Loaded composite
2025-12-26 12:01:13,847 - INFO - z_normalization.py:103 - Set up values | PSRI2
2025-12-26 12:01:13,876 - INFO - z_normalization.py:110 - Setting up normalization ... 
2025-12-26 12:01:13,876 - INFO - z_normalization.py:114 - Setting up normalization ... done
2025-12-26 12:01:13,876 - INFO - z_normalization.py:116 - Normalizing ... 
2025-12-26 12:01:13,960 - INFO - z_normalization.py:121 - Normalizing ... done
2025-12-26 12:01:14,026 - INFO - z_normalization.py:127 - Merging into one dataset
2025-12-26 12:01:14,027 - INFO - z_normalization.py:133 - Scale and Define data types & nodata per band
2025-12-26 12:01:14,029 - INFO - z_normalization.py:145 - Assign time range and tile ID in metadata
2025-12-26 12:01:14,029 - INFO - z_normalization.py:151 - Write bands to raster COG files
2025-12-26 12:01:17,860 - INFO - z_normalization.py:164 - Write NDVI_Z -> //nas-rs.topo.auth.gr/Latomeia/DROUGHT/z_normalized/x10/y10/2023/5/01/S2L2A_znorm_x10y10_20235_NDVI_z.tif
2025-12-26 12:01:21,624 - INFO - z_normalization.py:164 - Write EVI_Z -> //nas-rs.topo.auth.gr/Latomeia/DROUGHT/z_normalized/x10/y10/2023/5/01/S2L2A_znorm_x10y10_20235_EVI_z.tif
2025-12-26 12:01:25,472 - INFO - z_normalization.py:164 - Write PSRI2_Z -> //nas-rs.topo.auth.gr/Latomeia/DROUGHT/z_normalized/x10/y10/2023/5/01/S2L2A_znorm_x10y10_20235_PSRI2_z.tif
2025-12-26 12:01:25,472 - INFO - z_normalization.py:166 - Assert relative paths and product measurements are matched
2025-12-26 12:01:25,515 - INFO - z_normalization.py:172 - Prepare metadata YAML document
2025-12-26 12:01:25,614 - INFO - z_normalization.py:192 - Write metadata YAML document to disk
2025-12-26 12:01:25,635 - INFO - z_normalization.py:197 - Create datacube.model.Dataset from eo3 metadata
2025-12-26 12:01:25,638 - INFO - z_normalization.py:210 - Index to datacube
2025-12-26 12:01:25,638 - INFO - _datasets.py:191 - Indexing 3f314d05-c6d9-423f-8b4e-9820b3a44c3e
2025-12-26 12:01:25,647 - INFO - z_normalization.py:213 - 
2025-12-26 12:01:25,647 - INFO - z_normalization.py:214 -              ✔✔✔ COMPLETED: Tile x10_y10 | Time: 2023-05 | In 0.23 minutes
2025-12-26 12:01:25,647 - INFO - z_normalization.py:215 - 
2025-12-26 12:01:25,647 - INFO - z_normalization.py:230 - #######################################################################
