2025-12-26 02:55:45,240 - INFO - z_normalization.py:42 - #######################################################################
2025-12-26 02:55:45,782 - INFO - z_normalization.py:56 - Starting Z-Normalization for x12_y12 | 2024-06
2025-12-26 02:55:45,782 - INFO - z_normalization.py:58 - Create directories and naming conversions
2025-12-26 02:55:45,794 - INFO - z_normalization.py:69 - Dataset location: //nas-rs.topo.auth.gr/Latomeia/DROUGHT/z_normalized/x12/y12/2024/6/01
2025-12-26 02:55:45,795 - INFO - z_normalization.py:74 - Z-Normalization | NDVI
2025-12-26 02:55:46,167 - INFO - z_normalization.py:83 - Loaded baseline
2025-12-26 02:55:46,167 - INFO - z_normalization.py:86 - Set up values | NDVI_mean
2025-12-26 02:55:46,195 - INFO - z_normalization.py:86 - Set up values | NDVI_std
2025-12-26 02:55:46,347 - INFO - z_normalization.py:101 - Loaded composite
2025-12-26 02:55:46,347 - INFO - z_normalization.py:103 - Set up values | NDVI
2025-12-26 02:55:46,377 - INFO - z_normalization.py:110 - Setting up normalization ... 
2025-12-26 02:55:46,377 - INFO - z_normalization.py:114 - Setting up normalization ... done
2025-12-26 02:55:46,377 - INFO - z_normalization.py:116 - Normalizing ... 
2025-12-26 02:55:46,457 - INFO - z_normalization.py:121 - Normalizing ... done
2025-12-26 02:55:46,506 - INFO - z_normalization.py:74 - Z-Normalization | EVI
2025-12-26 02:55:46,714 - INFO - z_normalization.py:83 - Loaded baseline
2025-12-26 02:55:46,714 - INFO - z_normalization.py:86 - Set up values | EVI_mean
2025-12-26 02:55:46,742 - INFO - z_normalization.py:86 - Set up values | EVI_std
2025-12-26 02:55:46,904 - INFO - z_normalization.py:101 - Loaded composite
2025-12-26 02:55:46,904 - INFO - z_normalization.py:103 - Set up values | EVI
2025-12-26 02:55:46,937 - INFO - z_normalization.py:110 - Setting up normalization ... 
2025-12-26 02:55:46,938 - INFO - z_normalization.py:114 - Setting up normalization ... done
2025-12-26 02:55:46,938 - INFO - z_normalization.py:116 - Normalizing ... 
2025-12-26 02:55:47,020 - INFO - z_normalization.py:121 - Normalizing ... done
2025-12-26 02:55:47,075 - INFO - z_normalization.py:74 - Z-Normalization | PSRI2
2025-12-26 02:55:47,335 - INFO - z_normalization.py:83 - Loaded baseline
2025-12-26 02:55:47,335 - INFO - z_normalization.py:86 - Set up values | PSRI2_mean
2025-12-26 02:55:47,364 - INFO - z_normalization.py:86 - Set up values | PSRI2_std
2025-12-26 02:55:47,519 - INFO - z_normalization.py:101 - Loaded composite
2025-12-26 02:55:47,519 - INFO - z_normalization.py:103 - Set up values | PSRI2
2025-12-26 02:55:47,548 - INFO - z_normalization.py:110 - Setting up normalization ... 
2025-12-26 02:55:47,548 - INFO - z_normalization.py:114 - Setting up normalization ... done
2025-12-26 02:55:47,548 - INFO - z_normalization.py:116 - Normalizing ... 
2025-12-26 02:55:47,626 - INFO - z_normalization.py:121 - Normalizing ... done
2025-12-26 02:55:47,677 - INFO - z_normalization.py:127 - Merging into one dataset
2025-12-26 02:55:47,678 - INFO - z_normalization.py:133 - Scale and Define data types & nodata per band
2025-12-26 02:55:47,680 - INFO - z_normalization.py:145 - Assign time range and tile ID in metadata
2025-12-26 02:55:47,680 - INFO - z_normalization.py:151 - Write bands to raster COG files
2025-12-26 02:55:51,268 - INFO - z_normalization.py:164 - Write NDVI_Z -> //nas-rs.topo.auth.gr/Latomeia/DROUGHT/z_normalized/x12/y12/2024/6/01/S2L2A_znorm_x12y12_20246_NDVI_z.tif
2025-12-26 02:55:54,852 - INFO - z_normalization.py:164 - Write EVI_Z -> //nas-rs.topo.auth.gr/Latomeia/DROUGHT/z_normalized/x12/y12/2024/6/01/S2L2A_znorm_x12y12_20246_EVI_z.tif
2025-12-26 02:55:58,497 - INFO - z_normalization.py:164 - Write PSRI2_Z -> //nas-rs.topo.auth.gr/Latomeia/DROUGHT/z_normalized/x12/y12/2024/6/01/S2L2A_znorm_x12y12_20246_PSRI2_z.tif
2025-12-26 02:55:58,497 - INFO - z_normalization.py:166 - Prepare metadata YAML document
2025-12-26 02:55:58,589 - INFO - z_normalization.py:187 - Write metadata YAML document to disk
2025-12-26 02:55:58,608 - INFO - z_normalization.py:192 - Create datacube.model.Dataset from eo3 metadata
2025-12-26 02:55:58,612 - INFO - z_normalization.py:205 - Index to datacube
2025-12-26 02:55:58,612 - INFO - _datasets.py:191 - Indexing 76a2c8b8-47d9-44bd-bc43-b2b0517f665d
2025-12-26 02:55:58,618 - INFO - z_normalization.py:208 - 
2025-12-26 02:55:58,618 - INFO - z_normalization.py:209 -              ✔✔✔ COMPLETED: Tile x12_y12 | Time: 2024-06 | In 0.21 minutes
2025-12-26 02:55:58,618 - INFO - z_normalization.py:210 - 
