2025-12-26 14:24:54,493 - INFO - z_normalization.py:42 - #######################################################################
2025-12-26 14:24:55,023 - INFO - z_normalization.py:56 - Starting Z-Normalization for x09_y12 | 2025-03
2025-12-26 14:24:55,023 - INFO - z_normalization.py:58 - Create directories and naming conversions
2025-12-26 14:24:55,035 - INFO - z_normalization.py:69 - Dataset location: //nas-rs.topo.auth.gr/Latomeia/DROUGHT/z_normalized/x09/y12/2025/3/01
2025-12-26 14:24:55,036 - INFO - z_normalization.py:74 - Z-Normalization | NDVI
2025-12-26 14:24:55,441 - INFO - z_normalization.py:83 - Loaded baseline
2025-12-26 14:24:55,441 - INFO - z_normalization.py:86 - Set up values | NDVI_mean
2025-12-26 14:24:55,469 - INFO - z_normalization.py:86 - Set up values | NDVI_std
2025-12-26 14:24:55,641 - INFO - z_normalization.py:101 - Loaded composite
2025-12-26 14:24:55,641 - INFO - z_normalization.py:103 - Set up values | NDVI
2025-12-26 14:24:55,669 - INFO - z_normalization.py:110 - Setting up normalization ... 
2025-12-26 14:24:55,669 - INFO - z_normalization.py:114 - Setting up normalization ... done
2025-12-26 14:24:55,670 - INFO - z_normalization.py:116 - Normalizing ... 
2025-12-26 14:24:55,751 - INFO - z_normalization.py:121 - Normalizing ... done
2025-12-26 14:24:55,802 - INFO - z_normalization.py:74 - Z-Normalization | EVI
2025-12-26 14:24:56,045 - INFO - z_normalization.py:83 - Loaded baseline
2025-12-26 14:24:56,045 - INFO - z_normalization.py:86 - Set up values | EVI_mean
2025-12-26 14:24:56,071 - INFO - z_normalization.py:86 - Set up values | EVI_std
2025-12-26 14:24:56,242 - INFO - z_normalization.py:101 - Loaded composite
2025-12-26 14:24:56,242 - INFO - z_normalization.py:103 - Set up values | EVI
2025-12-26 14:24:56,270 - INFO - z_normalization.py:110 - Setting up normalization ... 
2025-12-26 14:24:56,270 - INFO - z_normalization.py:114 - Setting up normalization ... done
2025-12-26 14:24:56,270 - INFO - z_normalization.py:116 - Normalizing ... 
2025-12-26 14:24:56,365 - INFO - z_normalization.py:121 - Normalizing ... done
2025-12-26 14:24:56,424 - INFO - z_normalization.py:74 - Z-Normalization | PSRI2
2025-12-26 14:24:56,645 - INFO - z_normalization.py:83 - Loaded baseline
2025-12-26 14:24:56,645 - INFO - z_normalization.py:86 - Set up values | PSRI2_mean
2025-12-26 14:24:56,678 - INFO - z_normalization.py:86 - Set up values | PSRI2_std
2025-12-26 14:24:56,845 - INFO - z_normalization.py:101 - Loaded composite
2025-12-26 14:24:56,845 - INFO - z_normalization.py:103 - Set up values | PSRI2
2025-12-26 14:24:56,881 - INFO - z_normalization.py:110 - Setting up normalization ... 
2025-12-26 14:24:56,881 - INFO - z_normalization.py:114 - Setting up normalization ... done
2025-12-26 14:24:56,881 - INFO - z_normalization.py:116 - Normalizing ... 
2025-12-26 14:24:56,961 - INFO - z_normalization.py:121 - Normalizing ... done
2025-12-26 14:24:57,016 - INFO - z_normalization.py:127 - Merging into one dataset
2025-12-26 14:24:57,017 - INFO - z_normalization.py:133 - Scale and Define data types & nodata per band
2025-12-26 14:24:57,019 - INFO - z_normalization.py:145 - Assign time range and tile ID in metadata
2025-12-26 14:24:57,019 - INFO - z_normalization.py:151 - Write bands to raster COG files
2025-12-26 14:25:00,644 - INFO - z_normalization.py:164 - Write NDVI_Z -> //nas-rs.topo.auth.gr/Latomeia/DROUGHT/z_normalized/x09/y12/2025/3/01/S2L2A_znorm_x09y12_20253_NDVI_z.tif
2025-12-26 14:25:04,304 - INFO - z_normalization.py:164 - Write EVI_Z -> //nas-rs.topo.auth.gr/Latomeia/DROUGHT/z_normalized/x09/y12/2025/3/01/S2L2A_znorm_x09y12_20253_EVI_z.tif
2025-12-26 14:25:07,947 - INFO - z_normalization.py:164 - Write PSRI2_Z -> //nas-rs.topo.auth.gr/Latomeia/DROUGHT/z_normalized/x09/y12/2025/3/01/S2L2A_znorm_x09y12_20253_PSRI2_z.tif
2025-12-26 14:25:07,948 - INFO - z_normalization.py:166 - Assert relative paths and product measurements are matched
2025-12-26 14:25:07,984 - INFO - z_normalization.py:172 - Prepare metadata YAML document
2025-12-26 14:25:08,075 - INFO - z_normalization.py:192 - Write metadata YAML document to disk
2025-12-26 14:25:08,097 - INFO - z_normalization.py:197 - Create datacube.model.Dataset from eo3 metadata
2025-12-26 14:25:08,100 - INFO - z_normalization.py:210 - Index to datacube
2025-12-26 14:25:08,101 - INFO - _datasets.py:191 - Indexing f5767376-1ec0-469e-be37-df984d47a9e1
2025-12-26 14:25:08,107 - INFO - z_normalization.py:213 - 
2025-12-26 14:25:08,107 - INFO - z_normalization.py:214 -              ✔✔✔ COMPLETED: Tile x09_y12 | Time: 2025-03 | In 0.22 minutes
2025-12-26 14:25:08,108 - INFO - z_normalization.py:215 - 
2025-12-26 14:25:08,108 - INFO - z_normalization.py:230 - #######################################################################
