2025-12-26 12:29:55,285 - INFO - z_normalization.py:42 - #######################################################################
2025-12-26 12:29:56,012 - INFO - z_normalization.py:56 - Starting Z-Normalization for x06_y10 | 2023-10
2025-12-26 12:29:56,012 - INFO - z_normalization.py:58 - Create directories and naming conversions
2025-12-26 12:29:56,027 - INFO - z_normalization.py:69 - Dataset location: //nas-rs.topo.auth.gr/Latomeia/DROUGHT/z_normalized/x06/y10/2023/10/01
2025-12-26 12:29:56,027 - INFO - z_normalization.py:74 - Z-Normalization | NDVI
2025-12-26 12:29:56,469 - INFO - z_normalization.py:83 - Loaded baseline
2025-12-26 12:29:56,469 - INFO - z_normalization.py:86 - Set up values | NDVI_mean
2025-12-26 12:29:56,503 - INFO - z_normalization.py:86 - Set up values | NDVI_std
2025-12-26 12:29:56,677 - INFO - z_normalization.py:101 - Loaded composite
2025-12-26 12:29:56,677 - INFO - z_normalization.py:103 - Set up values | NDVI
2025-12-26 12:29:56,711 - INFO - z_normalization.py:110 - Setting up normalization ... 
2025-12-26 12:29:56,711 - INFO - z_normalization.py:114 - Setting up normalization ... done
2025-12-26 12:29:56,711 - INFO - z_normalization.py:116 - Normalizing ... 
2025-12-26 12:29:56,808 - INFO - z_normalization.py:121 - Normalizing ... done
2025-12-26 12:29:56,866 - INFO - z_normalization.py:74 - Z-Normalization | EVI
2025-12-26 12:29:57,133 - INFO - z_normalization.py:83 - Loaded baseline
2025-12-26 12:29:57,133 - INFO - z_normalization.py:86 - Set up values | EVI_mean
2025-12-26 12:29:57,172 - INFO - z_normalization.py:86 - Set up values | EVI_std
2025-12-26 12:29:57,355 - INFO - z_normalization.py:101 - Loaded composite
2025-12-26 12:29:57,356 - INFO - z_normalization.py:103 - Set up values | EVI
2025-12-26 12:29:57,387 - INFO - z_normalization.py:110 - Setting up normalization ... 
2025-12-26 12:29:57,387 - INFO - z_normalization.py:114 - Setting up normalization ... done
2025-12-26 12:29:57,387 - INFO - z_normalization.py:116 - Normalizing ... 
2025-12-26 12:29:57,489 - INFO - z_normalization.py:121 - Normalizing ... done
2025-12-26 12:29:57,547 - INFO - z_normalization.py:74 - Z-Normalization | PSRI2
2025-12-26 12:29:57,795 - INFO - z_normalization.py:83 - Loaded baseline
2025-12-26 12:29:57,795 - INFO - z_normalization.py:86 - Set up values | PSRI2_mean
2025-12-26 12:29:57,829 - INFO - z_normalization.py:86 - Set up values | PSRI2_std
2025-12-26 12:29:58,009 - INFO - z_normalization.py:101 - Loaded composite
2025-12-26 12:29:58,010 - INFO - z_normalization.py:103 - Set up values | PSRI2
2025-12-26 12:29:58,047 - INFO - z_normalization.py:110 - Setting up normalization ... 
2025-12-26 12:29:58,047 - INFO - z_normalization.py:114 - Setting up normalization ... done
2025-12-26 12:29:58,047 - INFO - z_normalization.py:116 - Normalizing ... 
2025-12-26 12:29:58,141 - INFO - z_normalization.py:121 - Normalizing ... done
2025-12-26 12:29:58,211 - INFO - z_normalization.py:127 - Merging into one dataset
2025-12-26 12:29:58,213 - INFO - z_normalization.py:133 - Scale and Define data types & nodata per band
2025-12-26 12:29:58,215 - INFO - z_normalization.py:145 - Assign time range and tile ID in metadata
2025-12-26 12:29:58,215 - INFO - z_normalization.py:151 - Write bands to raster COG files
2025-12-26 12:30:01,991 - INFO - z_normalization.py:164 - Write NDVI_Z -> //nas-rs.topo.auth.gr/Latomeia/DROUGHT/z_normalized/x06/y10/2023/10/01/S2L2A_znorm_x06y10_202310_NDVI_z.tif
2025-12-26 12:30:05,635 - INFO - z_normalization.py:164 - Write EVI_Z -> //nas-rs.topo.auth.gr/Latomeia/DROUGHT/z_normalized/x06/y10/2023/10/01/S2L2A_znorm_x06y10_202310_EVI_z.tif
2025-12-26 12:30:09,279 - INFO - z_normalization.py:164 - Write PSRI2_Z -> //nas-rs.topo.auth.gr/Latomeia/DROUGHT/z_normalized/x06/y10/2023/10/01/S2L2A_znorm_x06y10_202310_PSRI2_z.tif
2025-12-26 12:30:09,279 - INFO - z_normalization.py:166 - Assert relative paths and product measurements are matched
2025-12-26 12:30:09,325 - INFO - z_normalization.py:172 - Prepare metadata YAML document
2025-12-26 12:30:09,418 - INFO - z_normalization.py:192 - Write metadata YAML document to disk
2025-12-26 12:30:09,437 - INFO - z_normalization.py:197 - Create datacube.model.Dataset from eo3 metadata
2025-12-26 12:30:09,442 - INFO - z_normalization.py:210 - Index to datacube
2025-12-26 12:30:09,442 - INFO - _datasets.py:191 - Indexing 4a3b0c18-747b-4ba2-bdf3-dbe30e00bbc1
2025-12-26 12:30:09,449 - INFO - z_normalization.py:213 - 
2025-12-26 12:30:09,449 - INFO - z_normalization.py:214 -              ✔✔✔ COMPLETED: Tile x06_y10 | Time: 2023-10 | In 0.22 minutes
2025-12-26 12:30:09,449 - INFO - z_normalization.py:215 - 
2025-12-26 12:30:09,449 - INFO - z_normalization.py:230 - #######################################################################
