2025-12-26 02:06:58,969 - INFO - z_normalization.py:42 - #######################################################################
2025-12-26 02:06:59,505 - INFO - z_normalization.py:56 - Starting Z-Normalization for x12_y12 | 2023-10
2025-12-26 02:06:59,505 - INFO - z_normalization.py:58 - Create directories and naming conversions
2025-12-26 02:06:59,517 - INFO - z_normalization.py:69 - Dataset location: //nas-rs.topo.auth.gr/Latomeia/DROUGHT/z_normalized/x12/y12/2023/10/01
2025-12-26 02:06:59,517 - INFO - z_normalization.py:74 - Z-Normalization | NDVI
2025-12-26 02:06:59,861 - INFO - z_normalization.py:83 - Loaded baseline
2025-12-26 02:06:59,861 - INFO - z_normalization.py:86 - Set up values | NDVI_mean
2025-12-26 02:06:59,892 - INFO - z_normalization.py:86 - Set up values | NDVI_std
2025-12-26 02:07:00,052 - INFO - z_normalization.py:101 - Loaded composite
2025-12-26 02:07:00,052 - INFO - z_normalization.py:103 - Set up values | NDVI
2025-12-26 02:07:00,090 - INFO - z_normalization.py:110 - Setting up normalization ... 
2025-12-26 02:07:00,090 - INFO - z_normalization.py:114 - Setting up normalization ... done
2025-12-26 02:07:00,090 - INFO - z_normalization.py:116 - Normalizing ... 
2025-12-26 02:07:00,177 - INFO - z_normalization.py:121 - Normalizing ... done
2025-12-26 02:07:00,227 - INFO - z_normalization.py:74 - Z-Normalization | EVI
2025-12-26 02:07:00,442 - INFO - z_normalization.py:83 - Loaded baseline
2025-12-26 02:07:00,442 - INFO - z_normalization.py:86 - Set up values | EVI_mean
2025-12-26 02:07:00,470 - INFO - z_normalization.py:86 - Set up values | EVI_std
2025-12-26 02:07:00,638 - INFO - z_normalization.py:101 - Loaded composite
2025-12-26 02:07:00,638 - INFO - z_normalization.py:103 - Set up values | EVI
2025-12-26 02:07:00,668 - INFO - z_normalization.py:110 - Setting up normalization ... 
2025-12-26 02:07:00,668 - INFO - z_normalization.py:114 - Setting up normalization ... done
2025-12-26 02:07:00,668 - INFO - z_normalization.py:116 - Normalizing ... 
2025-12-26 02:07:00,744 - INFO - z_normalization.py:121 - Normalizing ... done
2025-12-26 02:07:00,794 - INFO - z_normalization.py:74 - Z-Normalization | PSRI2
2025-12-26 02:07:01,124 - INFO - z_normalization.py:83 - Loaded baseline
2025-12-26 02:07:01,124 - INFO - z_normalization.py:86 - Set up values | PSRI2_mean
2025-12-26 02:07:01,155 - INFO - z_normalization.py:86 - Set up values | PSRI2_std
2025-12-26 02:07:01,350 - INFO - z_normalization.py:101 - Loaded composite
2025-12-26 02:07:01,351 - INFO - z_normalization.py:103 - Set up values | PSRI2
2025-12-26 02:07:01,379 - INFO - z_normalization.py:110 - Setting up normalization ... 
2025-12-26 02:07:01,379 - INFO - z_normalization.py:114 - Setting up normalization ... done
2025-12-26 02:07:01,379 - INFO - z_normalization.py:116 - Normalizing ... 
2025-12-26 02:07:01,455 - INFO - z_normalization.py:121 - Normalizing ... done
2025-12-26 02:07:01,505 - INFO - z_normalization.py:127 - Merging into one dataset
2025-12-26 02:07:01,506 - INFO - z_normalization.py:133 - Scale and Define data types & nodata per band
2025-12-26 02:07:01,507 - INFO - z_normalization.py:145 - Assign time range and tile ID in metadata
2025-12-26 02:07:01,507 - INFO - z_normalization.py:151 - Write bands to raster COG files
2025-12-26 02:07:05,115 - INFO - z_normalization.py:164 - Write NDVI_Z -> //nas-rs.topo.auth.gr/Latomeia/DROUGHT/z_normalized/x12/y12/2023/10/01/S2L2A_znorm_x12y12_202310_NDVI_z.tif
2025-12-26 02:07:08,736 - INFO - z_normalization.py:164 - Write EVI_Z -> //nas-rs.topo.auth.gr/Latomeia/DROUGHT/z_normalized/x12/y12/2023/10/01/S2L2A_znorm_x12y12_202310_EVI_z.tif
2025-12-26 02:07:12,372 - INFO - z_normalization.py:164 - Write PSRI2_Z -> //nas-rs.topo.auth.gr/Latomeia/DROUGHT/z_normalized/x12/y12/2023/10/01/S2L2A_znorm_x12y12_202310_PSRI2_z.tif
2025-12-26 02:07:12,372 - INFO - z_normalization.py:166 - Prepare metadata YAML document
2025-12-26 02:07:12,466 - INFO - z_normalization.py:187 - Write metadata YAML document to disk
2025-12-26 02:07:12,488 - INFO - z_normalization.py:192 - Create datacube.model.Dataset from eo3 metadata
2025-12-26 02:07:12,491 - INFO - z_normalization.py:205 - Index to datacube
2025-12-26 02:07:12,491 - INFO - _datasets.py:191 - Indexing 5492c5dd-df13-46d9-add2-70fb8c1cd624
2025-12-26 02:07:12,500 - INFO - z_normalization.py:208 - 
2025-12-26 02:07:12,500 - INFO - z_normalization.py:209 -              ✔✔✔ COMPLETED: Tile x12_y12 | Time: 2023-10 | In 0.22 minutes
2025-12-26 02:07:12,500 - INFO - z_normalization.py:210 - 
