2025-12-26 01:22:31,180 - INFO - z_normalization.py:42 - #######################################################################
2025-12-26 01:22:31,723 - INFO - z_normalization.py:56 - Starting Z-Normalization for x09_y09 | 2023-04
2025-12-26 01:22:31,723 - INFO - z_normalization.py:58 - Create directories and naming conversions
2025-12-26 01:22:31,746 - INFO - z_normalization.py:69 - Dataset location: //nas-rs.topo.auth.gr/Latomeia/DROUGHT/z_normalized/x09/y09/2023/4/01
2025-12-26 01:22:31,746 - INFO - z_normalization.py:74 - Z-Normalization | NDVI
2025-12-26 01:22:32,142 - INFO - z_normalization.py:83 - Loaded baseline
2025-12-26 01:22:32,142 - INFO - z_normalization.py:86 - Set up values | NDVI_mean
2025-12-26 01:22:32,175 - INFO - z_normalization.py:86 - Set up values | NDVI_std
2025-12-26 01:22:32,367 - INFO - z_normalization.py:101 - Loaded composite
2025-12-26 01:22:32,367 - INFO - z_normalization.py:103 - Set up values | NDVI
2025-12-26 01:22:32,403 - INFO - z_normalization.py:110 - Setting up normalization ... 
2025-12-26 01:22:32,404 - INFO - z_normalization.py:114 - Setting up normalization ... done
2025-12-26 01:22:32,404 - INFO - z_normalization.py:116 - Normalizing ... 
2025-12-26 01:22:32,497 - INFO - z_normalization.py:121 - Normalizing ... done
2025-12-26 01:22:32,550 - INFO - z_normalization.py:74 - Z-Normalization | EVI
2025-12-26 01:22:32,780 - INFO - z_normalization.py:83 - Loaded baseline
2025-12-26 01:22:32,780 - INFO - z_normalization.py:86 - Set up values | EVI_mean
2025-12-26 01:22:32,809 - INFO - z_normalization.py:86 - Set up values | EVI_std
2025-12-26 01:22:32,989 - INFO - z_normalization.py:101 - Loaded composite
2025-12-26 01:22:32,989 - INFO - z_normalization.py:103 - Set up values | EVI
2025-12-26 01:22:33,027 - INFO - z_normalization.py:110 - Setting up normalization ... 
2025-12-26 01:22:33,027 - INFO - z_normalization.py:114 - Setting up normalization ... done
2025-12-26 01:22:33,027 - INFO - z_normalization.py:116 - Normalizing ... 
2025-12-26 01:22:33,120 - INFO - z_normalization.py:121 - Normalizing ... done
2025-12-26 01:22:33,172 - INFO - z_normalization.py:74 - Z-Normalization | PSRI2
2025-12-26 01:22:33,408 - INFO - z_normalization.py:83 - Loaded baseline
2025-12-26 01:22:33,408 - INFO - z_normalization.py:86 - Set up values | PSRI2_mean
2025-12-26 01:22:33,440 - INFO - z_normalization.py:86 - Set up values | PSRI2_std
2025-12-26 01:22:33,603 - INFO - z_normalization.py:101 - Loaded composite
2025-12-26 01:22:33,604 - INFO - z_normalization.py:103 - Set up values | PSRI2
2025-12-26 01:22:33,635 - INFO - z_normalization.py:110 - Setting up normalization ... 
2025-12-26 01:22:33,636 - INFO - z_normalization.py:114 - Setting up normalization ... done
2025-12-26 01:22:33,636 - INFO - z_normalization.py:116 - Normalizing ... 
2025-12-26 01:22:33,716 - INFO - z_normalization.py:121 - Normalizing ... done
2025-12-26 01:22:33,771 - INFO - z_normalization.py:127 - Merging into one dataset
2025-12-26 01:22:33,772 - INFO - z_normalization.py:133 - Scale and Define data types & nodata per band
2025-12-26 01:22:33,773 - INFO - z_normalization.py:145 - Assign time range and tile ID in metadata
2025-12-26 01:22:33,773 - INFO - z_normalization.py:151 - Write bands to raster COG files
2025-12-26 01:22:37,666 - INFO - z_normalization.py:164 - Write NDVI_Z -> //nas-rs.topo.auth.gr/Latomeia/DROUGHT/z_normalized/x09/y09/2023/4/01/S2L2A_znorm_x09y09_20234_NDVI_z.tif
2025-12-26 01:22:41,420 - INFO - z_normalization.py:164 - Write EVI_Z -> //nas-rs.topo.auth.gr/Latomeia/DROUGHT/z_normalized/x09/y09/2023/4/01/S2L2A_znorm_x09y09_20234_EVI_z.tif
2025-12-26 01:22:45,214 - INFO - z_normalization.py:164 - Write PSRI2_Z -> //nas-rs.topo.auth.gr/Latomeia/DROUGHT/z_normalized/x09/y09/2023/4/01/S2L2A_znorm_x09y09_20234_PSRI2_z.tif
2025-12-26 01:22:45,215 - INFO - z_normalization.py:166 - Prepare metadata YAML document
2025-12-26 01:22:45,304 - INFO - z_normalization.py:187 - Write metadata YAML document to disk
2025-12-26 01:22:45,324 - INFO - z_normalization.py:192 - Create datacube.model.Dataset from eo3 metadata
2025-12-26 01:22:45,328 - INFO - z_normalization.py:205 - Index to datacube
2025-12-26 01:22:45,329 - INFO - _datasets.py:191 - Indexing cc397123-4461-4aeb-baed-296e1d8a1d56
2025-12-26 01:22:45,337 - INFO - z_normalization.py:208 - 
2025-12-26 01:22:45,337 - INFO - z_normalization.py:209 -              ✔✔✔ COMPLETED: Tile x09_y09 | Time: 2023-04 | In 0.23 minutes
2025-12-26 01:22:45,337 - INFO - z_normalization.py:210 - 
