2025-12-26 12:41:28,756 - INFO - z_normalization.py:42 - #######################################################################
2025-12-26 12:41:29,324 - INFO - z_normalization.py:56 - Starting Z-Normalization for x11_y10 | 2023-11
2025-12-26 12:41:29,324 - INFO - z_normalization.py:58 - Create directories and naming conversions
2025-12-26 12:41:29,338 - INFO - z_normalization.py:69 - Dataset location: //nas-rs.topo.auth.gr/Latomeia/DROUGHT/z_normalized/x11/y10/2023/11/01
2025-12-26 12:41:29,338 - INFO - z_normalization.py:74 - Z-Normalization | NDVI
2025-12-26 12:41:29,706 - INFO - z_normalization.py:83 - Loaded baseline
2025-12-26 12:41:29,706 - INFO - z_normalization.py:86 - Set up values | NDVI_mean
2025-12-26 12:41:29,735 - INFO - z_normalization.py:86 - Set up values | NDVI_std
2025-12-26 12:41:29,903 - INFO - z_normalization.py:101 - Loaded composite
2025-12-26 12:41:29,903 - INFO - z_normalization.py:103 - Set up values | NDVI
2025-12-26 12:41:29,934 - INFO - z_normalization.py:110 - Setting up normalization ... 
2025-12-26 12:41:29,934 - INFO - z_normalization.py:114 - Setting up normalization ... done
2025-12-26 12:41:29,934 - INFO - z_normalization.py:116 - Normalizing ... 
2025-12-26 12:41:30,023 - INFO - z_normalization.py:121 - Normalizing ... done
2025-12-26 12:41:30,075 - INFO - z_normalization.py:74 - Z-Normalization | EVI
2025-12-26 12:41:30,328 - INFO - z_normalization.py:83 - Loaded baseline
2025-12-26 12:41:30,328 - INFO - z_normalization.py:86 - Set up values | EVI_mean
2025-12-26 12:41:30,359 - INFO - z_normalization.py:86 - Set up values | EVI_std
2025-12-26 12:41:30,629 - INFO - z_normalization.py:101 - Loaded composite
2025-12-26 12:41:30,630 - INFO - z_normalization.py:103 - Set up values | EVI
2025-12-26 12:41:30,659 - INFO - z_normalization.py:110 - Setting up normalization ... 
2025-12-26 12:41:30,659 - INFO - z_normalization.py:114 - Setting up normalization ... done
2025-12-26 12:41:30,659 - INFO - z_normalization.py:116 - Normalizing ... 
2025-12-26 12:41:30,736 - INFO - z_normalization.py:121 - Normalizing ... done
2025-12-26 12:41:30,793 - INFO - z_normalization.py:74 - Z-Normalization | PSRI2
2025-12-26 12:41:31,012 - INFO - z_normalization.py:83 - Loaded baseline
2025-12-26 12:41:31,014 - INFO - z_normalization.py:86 - Set up values | PSRI2_mean
2025-12-26 12:41:31,042 - INFO - z_normalization.py:86 - Set up values | PSRI2_std
2025-12-26 12:41:31,219 - INFO - z_normalization.py:101 - Loaded composite
2025-12-26 12:41:31,219 - INFO - z_normalization.py:103 - Set up values | PSRI2
2025-12-26 12:41:31,249 - INFO - z_normalization.py:110 - Setting up normalization ... 
2025-12-26 12:41:31,249 - INFO - z_normalization.py:114 - Setting up normalization ... done
2025-12-26 12:41:31,249 - INFO - z_normalization.py:116 - Normalizing ... 
2025-12-26 12:41:31,328 - INFO - z_normalization.py:121 - Normalizing ... done
2025-12-26 12:41:31,380 - INFO - z_normalization.py:127 - Merging into one dataset
2025-12-26 12:41:31,382 - INFO - z_normalization.py:133 - Scale and Define data types & nodata per band
2025-12-26 12:41:31,384 - INFO - z_normalization.py:145 - Assign time range and tile ID in metadata
2025-12-26 12:41:31,384 - INFO - z_normalization.py:151 - Write bands to raster COG files
2025-12-26 12:41:35,023 - INFO - z_normalization.py:164 - Write NDVI_Z -> //nas-rs.topo.auth.gr/Latomeia/DROUGHT/z_normalized/x11/y10/2023/11/01/S2L2A_znorm_x11y10_202311_NDVI_z.tif
2025-12-26 12:41:38,764 - INFO - z_normalization.py:164 - Write EVI_Z -> //nas-rs.topo.auth.gr/Latomeia/DROUGHT/z_normalized/x11/y10/2023/11/01/S2L2A_znorm_x11y10_202311_EVI_z.tif
2025-12-26 12:41:42,463 - INFO - z_normalization.py:164 - Write PSRI2_Z -> //nas-rs.topo.auth.gr/Latomeia/DROUGHT/z_normalized/x11/y10/2023/11/01/S2L2A_znorm_x11y10_202311_PSRI2_z.tif
2025-12-26 12:41:42,463 - INFO - z_normalization.py:166 - Assert relative paths and product measurements are matched
2025-12-26 12:41:42,509 - INFO - z_normalization.py:172 - Prepare metadata YAML document
2025-12-26 12:41:42,619 - INFO - z_normalization.py:192 - Write metadata YAML document to disk
2025-12-26 12:41:42,643 - INFO - z_normalization.py:197 - Create datacube.model.Dataset from eo3 metadata
2025-12-26 12:41:42,647 - INFO - z_normalization.py:210 - Index to datacube
2025-12-26 12:41:42,648 - INFO - _datasets.py:191 - Indexing efd31d44-4ec7-4c4a-969a-b285f45c371d
2025-12-26 12:41:42,657 - INFO - z_normalization.py:213 - 
2025-12-26 12:41:42,657 - INFO - z_normalization.py:214 -              ✔✔✔ COMPLETED: Tile x11_y10 | Time: 2023-11 | In 0.22 minutes
2025-12-26 12:41:42,657 - INFO - z_normalization.py:215 - 
2025-12-26 12:41:42,657 - INFO - z_normalization.py:230 - #######################################################################
