2025-12-26 03:20:47,857 - INFO - z_normalization.py:42 - #######################################################################
2025-12-26 03:20:48,465 - INFO - z_normalization.py:56 - Starting Z-Normalization for x07_y11 | 2024-11
2025-12-26 03:20:48,465 - INFO - z_normalization.py:58 - Create directories and naming conversions
2025-12-26 03:20:48,479 - INFO - z_normalization.py:69 - Dataset location: //nas-rs.topo.auth.gr/Latomeia/DROUGHT/z_normalized/x07/y11/2024/11/01
2025-12-26 03:20:48,480 - INFO - z_normalization.py:74 - Z-Normalization | NDVI
2025-12-26 03:20:48,885 - INFO - z_normalization.py:83 - Loaded baseline
2025-12-26 03:20:48,885 - INFO - z_normalization.py:86 - Set up values | NDVI_mean
2025-12-26 03:20:48,914 - INFO - z_normalization.py:86 - Set up values | NDVI_std
2025-12-26 03:20:49,095 - INFO - z_normalization.py:101 - Loaded composite
2025-12-26 03:20:49,095 - INFO - z_normalization.py:103 - Set up values | NDVI
2025-12-26 03:20:49,123 - INFO - z_normalization.py:110 - Setting up normalization ... 
2025-12-26 03:20:49,123 - INFO - z_normalization.py:114 - Setting up normalization ... done
2025-12-26 03:20:49,123 - INFO - z_normalization.py:116 - Normalizing ... 
2025-12-26 03:20:49,201 - INFO - z_normalization.py:121 - Normalizing ... done
2025-12-26 03:20:49,251 - INFO - z_normalization.py:74 - Z-Normalization | EVI
2025-12-26 03:20:49,489 - INFO - z_normalization.py:83 - Loaded baseline
2025-12-26 03:20:49,489 - INFO - z_normalization.py:86 - Set up values | EVI_mean
2025-12-26 03:20:49,516 - INFO - z_normalization.py:86 - Set up values | EVI_std
2025-12-26 03:20:49,689 - INFO - z_normalization.py:101 - Loaded composite
2025-12-26 03:20:49,689 - INFO - z_normalization.py:103 - Set up values | EVI
2025-12-26 03:20:49,719 - INFO - z_normalization.py:110 - Setting up normalization ... 
2025-12-26 03:20:49,719 - INFO - z_normalization.py:114 - Setting up normalization ... done
2025-12-26 03:20:49,719 - INFO - z_normalization.py:116 - Normalizing ... 
2025-12-26 03:20:49,797 - INFO - z_normalization.py:121 - Normalizing ... done
2025-12-26 03:20:49,845 - INFO - z_normalization.py:74 - Z-Normalization | PSRI2
2025-12-26 03:20:50,089 - INFO - z_normalization.py:83 - Loaded baseline
2025-12-26 03:20:50,089 - INFO - z_normalization.py:86 - Set up values | PSRI2_mean
2025-12-26 03:20:50,116 - INFO - z_normalization.py:86 - Set up values | PSRI2_std
2025-12-26 03:20:50,272 - INFO - z_normalization.py:101 - Loaded composite
2025-12-26 03:20:50,273 - INFO - z_normalization.py:103 - Set up values | PSRI2
2025-12-26 03:20:50,303 - INFO - z_normalization.py:110 - Setting up normalization ... 
2025-12-26 03:20:50,303 - INFO - z_normalization.py:114 - Setting up normalization ... done
2025-12-26 03:20:50,303 - INFO - z_normalization.py:116 - Normalizing ... 
2025-12-26 03:20:50,379 - INFO - z_normalization.py:121 - Normalizing ... done
2025-12-26 03:20:50,448 - INFO - z_normalization.py:127 - Merging into one dataset
2025-12-26 03:20:50,449 - INFO - z_normalization.py:133 - Scale and Define data types & nodata per band
2025-12-26 03:20:50,451 - INFO - z_normalization.py:145 - Assign time range and tile ID in metadata
2025-12-26 03:20:50,451 - INFO - z_normalization.py:151 - Write bands to raster COG files
2025-12-26 03:20:53,995 - INFO - z_normalization.py:164 - Write NDVI_Z -> //nas-rs.topo.auth.gr/Latomeia/DROUGHT/z_normalized/x07/y11/2024/11/01/S2L2A_znorm_x07y11_202411_NDVI_z.tif
2025-12-26 03:20:57,549 - INFO - z_normalization.py:164 - Write EVI_Z -> //nas-rs.topo.auth.gr/Latomeia/DROUGHT/z_normalized/x07/y11/2024/11/01/S2L2A_znorm_x07y11_202411_EVI_z.tif
2025-12-26 03:21:01,171 - INFO - z_normalization.py:164 - Write PSRI2_Z -> //nas-rs.topo.auth.gr/Latomeia/DROUGHT/z_normalized/x07/y11/2024/11/01/S2L2A_znorm_x07y11_202411_PSRI2_z.tif
2025-12-26 03:21:01,171 - INFO - z_normalization.py:166 - Prepare metadata YAML document
2025-12-26 03:21:01,259 - INFO - z_normalization.py:187 - Write metadata YAML document to disk
2025-12-26 03:21:01,279 - INFO - z_normalization.py:192 - Create datacube.model.Dataset from eo3 metadata
2025-12-26 03:21:01,283 - INFO - z_normalization.py:205 - Index to datacube
2025-12-26 03:21:01,283 - INFO - _datasets.py:191 - Indexing 55127791-25ec-4f5b-841c-f0286cac96b5
2025-12-26 03:21:01,290 - INFO - z_normalization.py:208 - 
2025-12-26 03:21:01,290 - INFO - z_normalization.py:209 -              ✔✔✔ COMPLETED: Tile x07_y11 | Time: 2024-11 | In 0.21 minutes
2025-12-26 03:21:01,290 - INFO - z_normalization.py:210 - 
