2025-12-26 12:32:11,535 - INFO - z_normalization.py:42 - #######################################################################
2025-12-26 12:32:12,107 - INFO - z_normalization.py:56 - Starting Z-Normalization for x09_y09 | 2023-10
2025-12-26 12:32:12,107 - INFO - z_normalization.py:58 - Create directories and naming conversions
2025-12-26 12:32:12,120 - INFO - z_normalization.py:69 - Dataset location: //nas-rs.topo.auth.gr/Latomeia/DROUGHT/z_normalized/x09/y09/2023/10/01
2025-12-26 12:32:12,120 - INFO - z_normalization.py:74 - Z-Normalization | NDVI
2025-12-26 12:32:12,520 - INFO - z_normalization.py:83 - Loaded baseline
2025-12-26 12:32:12,520 - INFO - z_normalization.py:86 - Set up values | NDVI_mean
2025-12-26 12:32:12,554 - INFO - z_normalization.py:86 - Set up values | NDVI_std
2025-12-26 12:32:12,730 - INFO - z_normalization.py:101 - Loaded composite
2025-12-26 12:32:12,730 - INFO - z_normalization.py:103 - Set up values | NDVI
2025-12-26 12:32:12,758 - INFO - z_normalization.py:110 - Setting up normalization ... 
2025-12-26 12:32:12,758 - INFO - z_normalization.py:114 - Setting up normalization ... done
2025-12-26 12:32:12,758 - INFO - z_normalization.py:116 - Normalizing ... 
2025-12-26 12:32:12,840 - INFO - z_normalization.py:121 - Normalizing ... done
2025-12-26 12:32:12,891 - INFO - z_normalization.py:74 - Z-Normalization | EVI
2025-12-26 12:32:13,123 - INFO - z_normalization.py:83 - Loaded baseline
2025-12-26 12:32:13,123 - INFO - z_normalization.py:86 - Set up values | EVI_mean
2025-12-26 12:32:13,159 - INFO - z_normalization.py:86 - Set up values | EVI_std
2025-12-26 12:32:13,338 - INFO - z_normalization.py:101 - Loaded composite
2025-12-26 12:32:13,338 - INFO - z_normalization.py:103 - Set up values | EVI
2025-12-26 12:32:13,382 - INFO - z_normalization.py:110 - Setting up normalization ... 
2025-12-26 12:32:13,382 - INFO - z_normalization.py:114 - Setting up normalization ... done
2025-12-26 12:32:13,382 - INFO - z_normalization.py:116 - Normalizing ... 
2025-12-26 12:32:13,465 - INFO - z_normalization.py:121 - Normalizing ... done
2025-12-26 12:32:13,521 - INFO - z_normalization.py:74 - Z-Normalization | PSRI2
2025-12-26 12:32:13,752 - INFO - z_normalization.py:83 - Loaded baseline
2025-12-26 12:32:13,752 - INFO - z_normalization.py:86 - Set up values | PSRI2_mean
2025-12-26 12:32:13,781 - INFO - z_normalization.py:86 - Set up values | PSRI2_std
2025-12-26 12:32:13,933 - INFO - z_normalization.py:101 - Loaded composite
2025-12-26 12:32:13,933 - INFO - z_normalization.py:103 - Set up values | PSRI2
2025-12-26 12:32:13,963 - INFO - z_normalization.py:110 - Setting up normalization ... 
2025-12-26 12:32:13,963 - INFO - z_normalization.py:114 - Setting up normalization ... done
2025-12-26 12:32:13,963 - INFO - z_normalization.py:116 - Normalizing ... 
2025-12-26 12:32:14,043 - INFO - z_normalization.py:121 - Normalizing ... done
2025-12-26 12:32:14,095 - INFO - z_normalization.py:127 - Merging into one dataset
2025-12-26 12:32:14,097 - INFO - z_normalization.py:133 - Scale and Define data types & nodata per band
2025-12-26 12:32:14,099 - INFO - z_normalization.py:145 - Assign time range and tile ID in metadata
2025-12-26 12:32:14,099 - INFO - z_normalization.py:151 - Write bands to raster COG files
2025-12-26 12:32:17,802 - INFO - z_normalization.py:164 - Write NDVI_Z -> //nas-rs.topo.auth.gr/Latomeia/DROUGHT/z_normalized/x09/y09/2023/10/01/S2L2A_znorm_x09y09_202310_NDVI_z.tif
2025-12-26 12:32:21,470 - INFO - z_normalization.py:164 - Write EVI_Z -> //nas-rs.topo.auth.gr/Latomeia/DROUGHT/z_normalized/x09/y09/2023/10/01/S2L2A_znorm_x09y09_202310_EVI_z.tif
2025-12-26 12:32:25,128 - INFO - z_normalization.py:164 - Write PSRI2_Z -> //nas-rs.topo.auth.gr/Latomeia/DROUGHT/z_normalized/x09/y09/2023/10/01/S2L2A_znorm_x09y09_202310_PSRI2_z.tif
2025-12-26 12:32:25,128 - INFO - z_normalization.py:166 - Assert relative paths and product measurements are matched
2025-12-26 12:32:25,164 - INFO - z_normalization.py:172 - Prepare metadata YAML document
2025-12-26 12:32:25,257 - INFO - z_normalization.py:192 - Write metadata YAML document to disk
2025-12-26 12:32:25,279 - INFO - z_normalization.py:197 - Create datacube.model.Dataset from eo3 metadata
2025-12-26 12:32:25,282 - INFO - z_normalization.py:210 - Index to datacube
2025-12-26 12:32:25,282 - INFO - _datasets.py:191 - Indexing 95437da4-3fd9-4961-aa2f-ddebd97f7e9e
2025-12-26 12:32:25,293 - INFO - z_normalization.py:213 - 
2025-12-26 12:32:25,293 - INFO - z_normalization.py:214 -              ✔✔✔ COMPLETED: Tile x09_y09 | Time: 2023-10 | In 0.22 minutes
2025-12-26 12:32:25,294 - INFO - z_normalization.py:215 - 
2025-12-26 12:32:25,294 - INFO - z_normalization.py:230 - #######################################################################
