2025-12-26 15:19:26,270 - INFO - z_normalization.py:42 - #######################################################################
2025-12-26 15:19:26,846 - INFO - z_normalization.py:56 - Starting Z-Normalization for x11_y08 | 2025-11
2025-12-26 15:19:26,847 - INFO - z_normalization.py:58 - Create directories and naming conversions
2025-12-26 15:19:26,859 - INFO - z_normalization.py:69 - Dataset location: //nas-rs.topo.auth.gr/Latomeia/DROUGHT/z_normalized/x11/y08/2025/11/01
2025-12-26 15:19:26,859 - INFO - z_normalization.py:74 - Z-Normalization | NDVI
2025-12-26 15:19:27,165 - INFO - z_normalization.py:83 - Loaded baseline
2025-12-26 15:19:27,165 - INFO - z_normalization.py:86 - Set up values | NDVI_mean
2025-12-26 15:19:27,195 - INFO - z_normalization.py:86 - Set up values | NDVI_std
2025-12-26 15:19:27,333 - INFO - z_normalization.py:101 - Loaded composite
2025-12-26 15:19:27,334 - INFO - z_normalization.py:103 - Set up values | NDVI
2025-12-26 15:19:27,365 - INFO - z_normalization.py:110 - Setting up normalization ... 
2025-12-26 15:19:27,365 - INFO - z_normalization.py:114 - Setting up normalization ... done
2025-12-26 15:19:27,365 - INFO - z_normalization.py:116 - Normalizing ... 
2025-12-26 15:19:27,463 - INFO - z_normalization.py:121 - Normalizing ... done
2025-12-26 15:19:27,521 - INFO - z_normalization.py:74 - Z-Normalization | EVI
2025-12-26 15:19:27,765 - INFO - z_normalization.py:83 - Loaded baseline
2025-12-26 15:19:27,765 - INFO - z_normalization.py:86 - Set up values | EVI_mean
2025-12-26 15:19:27,800 - INFO - z_normalization.py:86 - Set up values | EVI_std
2025-12-26 15:19:27,983 - INFO - z_normalization.py:101 - Loaded composite
2025-12-26 15:19:27,983 - INFO - z_normalization.py:103 - Set up values | EVI
2025-12-26 15:19:28,018 - INFO - z_normalization.py:110 - Setting up normalization ... 
2025-12-26 15:19:28,018 - INFO - z_normalization.py:114 - Setting up normalization ... done
2025-12-26 15:19:28,018 - INFO - z_normalization.py:116 - Normalizing ... 
2025-12-26 15:19:28,104 - INFO - z_normalization.py:121 - Normalizing ... done
2025-12-26 15:19:28,162 - INFO - z_normalization.py:74 - Z-Normalization | PSRI2
2025-12-26 15:19:28,413 - INFO - z_normalization.py:83 - Loaded baseline
2025-12-26 15:19:28,414 - INFO - z_normalization.py:86 - Set up values | PSRI2_mean
2025-12-26 15:19:28,444 - INFO - z_normalization.py:86 - Set up values | PSRI2_std
2025-12-26 15:19:28,604 - INFO - z_normalization.py:101 - Loaded composite
2025-12-26 15:19:28,604 - INFO - z_normalization.py:103 - Set up values | PSRI2
2025-12-26 15:19:28,636 - INFO - z_normalization.py:110 - Setting up normalization ... 
2025-12-26 15:19:28,637 - INFO - z_normalization.py:114 - Setting up normalization ... done
2025-12-26 15:19:28,637 - INFO - z_normalization.py:116 - Normalizing ... 
2025-12-26 15:19:28,739 - INFO - z_normalization.py:121 - Normalizing ... done
2025-12-26 15:19:28,806 - INFO - z_normalization.py:127 - Merging into one dataset
2025-12-26 15:19:28,808 - INFO - z_normalization.py:133 - Scale and Define data types & nodata per band
2025-12-26 15:19:28,809 - INFO - z_normalization.py:145 - Assign time range and tile ID in metadata
2025-12-26 15:19:28,809 - INFO - z_normalization.py:151 - Write bands to raster COG files
2025-12-26 15:19:32,674 - INFO - z_normalization.py:164 - Write NDVI_Z -> //nas-rs.topo.auth.gr/Latomeia/DROUGHT/z_normalized/x11/y08/2025/11/01/S2L2A_znorm_x11y08_202511_NDVI_z.tif
2025-12-26 15:19:36,881 - INFO - z_normalization.py:164 - Write EVI_Z -> //nas-rs.topo.auth.gr/Latomeia/DROUGHT/z_normalized/x11/y08/2025/11/01/S2L2A_znorm_x11y08_202511_EVI_z.tif
2025-12-26 15:19:40,496 - INFO - z_normalization.py:164 - Write PSRI2_Z -> //nas-rs.topo.auth.gr/Latomeia/DROUGHT/z_normalized/x11/y08/2025/11/01/S2L2A_znorm_x11y08_202511_PSRI2_z.tif
2025-12-26 15:19:40,496 - INFO - z_normalization.py:166 - Assert relative paths and product measurements are matched
2025-12-26 15:19:40,538 - INFO - z_normalization.py:172 - Prepare metadata YAML document
2025-12-26 15:19:40,647 - INFO - z_normalization.py:192 - Write metadata YAML document to disk
2025-12-26 15:19:40,668 - INFO - z_normalization.py:197 - Create datacube.model.Dataset from eo3 metadata
2025-12-26 15:19:40,675 - INFO - z_normalization.py:210 - Index to datacube
2025-12-26 15:19:40,675 - INFO - _datasets.py:191 - Indexing 54c08320-fff2-45b5-9f85-7c62975cb19e
2025-12-26 15:19:40,685 - INFO - z_normalization.py:213 - 
2025-12-26 15:19:40,686 - INFO - z_normalization.py:214 -              ✔✔✔ COMPLETED: Tile x11_y08 | Time: 2025-11 | In 0.23 minutes
2025-12-26 15:19:40,686 - INFO - z_normalization.py:215 - 
2025-12-26 15:19:40,686 - INFO - z_normalization.py:230 - #######################################################################
