2025-12-26 13:13:24,335 - INFO - z_normalization.py:42 - #######################################################################
2025-12-26 13:13:25,041 - INFO - z_normalization.py:56 - Starting Z-Normalization for x10_y11 | 2024-04
2025-12-26 13:13:25,041 - INFO - z_normalization.py:58 - Create directories and naming conversions
2025-12-26 13:13:25,054 - INFO - z_normalization.py:69 - Dataset location: //nas-rs.topo.auth.gr/Latomeia/DROUGHT/z_normalized/x10/y11/2024/4/01
2025-12-26 13:13:25,054 - INFO - z_normalization.py:74 - Z-Normalization | NDVI
2025-12-26 13:13:25,483 - INFO - z_normalization.py:83 - Loaded baseline
2025-12-26 13:13:25,483 - INFO - z_normalization.py:86 - Set up values | NDVI_mean
2025-12-26 13:13:25,524 - INFO - z_normalization.py:86 - Set up values | NDVI_std
2025-12-26 13:13:25,711 - INFO - z_normalization.py:101 - Loaded composite
2025-12-26 13:13:25,711 - INFO - z_normalization.py:103 - Set up values | NDVI
2025-12-26 13:13:25,744 - INFO - z_normalization.py:110 - Setting up normalization ... 
2025-12-26 13:13:25,744 - INFO - z_normalization.py:114 - Setting up normalization ... done
2025-12-26 13:13:25,744 - INFO - z_normalization.py:116 - Normalizing ... 
2025-12-26 13:13:25,843 - INFO - z_normalization.py:121 - Normalizing ... done
2025-12-26 13:13:25,911 - INFO - z_normalization.py:74 - Z-Normalization | EVI
2025-12-26 13:13:26,204 - INFO - z_normalization.py:83 - Loaded baseline
2025-12-26 13:13:26,204 - INFO - z_normalization.py:86 - Set up values | EVI_mean
2025-12-26 13:13:26,244 - INFO - z_normalization.py:86 - Set up values | EVI_std
2025-12-26 13:13:26,426 - INFO - z_normalization.py:101 - Loaded composite
2025-12-26 13:13:26,426 - INFO - z_normalization.py:103 - Set up values | EVI
2025-12-26 13:13:26,459 - INFO - z_normalization.py:110 - Setting up normalization ... 
2025-12-26 13:13:26,459 - INFO - z_normalization.py:114 - Setting up normalization ... done
2025-12-26 13:13:26,459 - INFO - z_normalization.py:116 - Normalizing ... 
2025-12-26 13:13:26,544 - INFO - z_normalization.py:121 - Normalizing ... done
2025-12-26 13:13:26,601 - INFO - z_normalization.py:74 - Z-Normalization | PSRI2
2025-12-26 13:13:26,857 - INFO - z_normalization.py:83 - Loaded baseline
2025-12-26 13:13:26,857 - INFO - z_normalization.py:86 - Set up values | PSRI2_mean
2025-12-26 13:13:26,896 - INFO - z_normalization.py:86 - Set up values | PSRI2_std
2025-12-26 13:13:27,074 - INFO - z_normalization.py:101 - Loaded composite
2025-12-26 13:13:27,075 - INFO - z_normalization.py:103 - Set up values | PSRI2
2025-12-26 13:13:27,118 - INFO - z_normalization.py:110 - Setting up normalization ... 
2025-12-26 13:13:27,118 - INFO - z_normalization.py:114 - Setting up normalization ... done
2025-12-26 13:13:27,118 - INFO - z_normalization.py:116 - Normalizing ... 
2025-12-26 13:13:27,224 - INFO - z_normalization.py:121 - Normalizing ... done
2025-12-26 13:13:27,295 - INFO - z_normalization.py:127 - Merging into one dataset
2025-12-26 13:13:27,297 - INFO - z_normalization.py:133 - Scale and Define data types & nodata per band
2025-12-26 13:13:27,299 - INFO - z_normalization.py:145 - Assign time range and tile ID in metadata
2025-12-26 13:13:27,299 - INFO - z_normalization.py:151 - Write bands to raster COG files
2025-12-26 13:13:30,986 - INFO - z_normalization.py:164 - Write NDVI_Z -> //nas-rs.topo.auth.gr/Latomeia/DROUGHT/z_normalized/x10/y11/2024/4/01/S2L2A_znorm_x10y11_20244_NDVI_z.tif
2025-12-26 13:13:34,617 - INFO - z_normalization.py:164 - Write EVI_Z -> //nas-rs.topo.auth.gr/Latomeia/DROUGHT/z_normalized/x10/y11/2024/4/01/S2L2A_znorm_x10y11_20244_EVI_z.tif
2025-12-26 13:13:38,250 - INFO - z_normalization.py:164 - Write PSRI2_Z -> //nas-rs.topo.auth.gr/Latomeia/DROUGHT/z_normalized/x10/y11/2024/4/01/S2L2A_znorm_x10y11_20244_PSRI2_z.tif
2025-12-26 13:13:38,250 - INFO - z_normalization.py:166 - Assert relative paths and product measurements are matched
2025-12-26 13:13:38,288 - INFO - z_normalization.py:172 - Prepare metadata YAML document
2025-12-26 13:13:38,380 - INFO - z_normalization.py:192 - Write metadata YAML document to disk
2025-12-26 13:13:38,401 - INFO - z_normalization.py:197 - Create datacube.model.Dataset from eo3 metadata
2025-12-26 13:13:38,404 - INFO - z_normalization.py:210 - Index to datacube
2025-12-26 13:13:38,404 - INFO - _datasets.py:191 - Indexing 8f5356b6-8907-44de-9274-34c02c318fe6
2025-12-26 13:13:38,413 - INFO - z_normalization.py:213 - 
2025-12-26 13:13:38,413 - INFO - z_normalization.py:214 -              ✔✔✔ COMPLETED: Tile x10_y11 | Time: 2024-04 | In 0.22 minutes
2025-12-26 13:13:38,413 - INFO - z_normalization.py:215 - 
2025-12-26 13:13:38,413 - INFO - z_normalization.py:230 - #######################################################################
