2025-12-26 02:57:24,475 - INFO - z_normalization.py:42 - #######################################################################
2025-12-26 02:57:25,031 - INFO - z_normalization.py:56 - Starting Z-Normalization for x08_y12 | 2024-07
2025-12-26 02:57:25,031 - INFO - z_normalization.py:58 - Create directories and naming conversions
2025-12-26 02:57:25,044 - INFO - z_normalization.py:69 - Dataset location: //nas-rs.topo.auth.gr/Latomeia/DROUGHT/z_normalized/x08/y12/2024/7/01
2025-12-26 02:57:25,044 - INFO - z_normalization.py:74 - Z-Normalization | NDVI
2025-12-26 02:57:25,433 - INFO - z_normalization.py:83 - Loaded baseline
2025-12-26 02:57:25,433 - INFO - z_normalization.py:86 - Set up values | NDVI_mean
2025-12-26 02:57:25,463 - INFO - z_normalization.py:86 - Set up values | NDVI_std
2025-12-26 02:57:25,661 - INFO - z_normalization.py:101 - Loaded composite
2025-12-26 02:57:25,661 - INFO - z_normalization.py:103 - Set up values | NDVI
2025-12-26 02:57:25,691 - INFO - z_normalization.py:110 - Setting up normalization ... 
2025-12-26 02:57:25,691 - INFO - z_normalization.py:114 - Setting up normalization ... done
2025-12-26 02:57:25,691 - INFO - z_normalization.py:116 - Normalizing ... 
2025-12-26 02:57:25,766 - INFO - z_normalization.py:121 - Normalizing ... done
2025-12-26 02:57:25,817 - INFO - z_normalization.py:74 - Z-Normalization | EVI
2025-12-26 02:57:26,049 - INFO - z_normalization.py:83 - Loaded baseline
2025-12-26 02:57:26,049 - INFO - z_normalization.py:86 - Set up values | EVI_mean
2025-12-26 02:57:26,078 - INFO - z_normalization.py:86 - Set up values | EVI_std
2025-12-26 02:57:26,253 - INFO - z_normalization.py:101 - Loaded composite
2025-12-26 02:57:26,253 - INFO - z_normalization.py:103 - Set up values | EVI
2025-12-26 02:57:26,286 - INFO - z_normalization.py:110 - Setting up normalization ... 
2025-12-26 02:57:26,287 - INFO - z_normalization.py:114 - Setting up normalization ... done
2025-12-26 02:57:26,287 - INFO - z_normalization.py:116 - Normalizing ... 
2025-12-26 02:57:26,387 - INFO - z_normalization.py:121 - Normalizing ... done
2025-12-26 02:57:26,438 - INFO - z_normalization.py:74 - Z-Normalization | PSRI2
2025-12-26 02:57:26,685 - INFO - z_normalization.py:83 - Loaded baseline
2025-12-26 02:57:26,685 - INFO - z_normalization.py:86 - Set up values | PSRI2_mean
2025-12-26 02:57:26,714 - INFO - z_normalization.py:86 - Set up values | PSRI2_std
2025-12-26 02:57:26,874 - INFO - z_normalization.py:101 - Loaded composite
2025-12-26 02:57:26,874 - INFO - z_normalization.py:103 - Set up values | PSRI2
2025-12-26 02:57:26,904 - INFO - z_normalization.py:110 - Setting up normalization ... 
2025-12-26 02:57:26,904 - INFO - z_normalization.py:114 - Setting up normalization ... done
2025-12-26 02:57:26,904 - INFO - z_normalization.py:116 - Normalizing ... 
2025-12-26 02:57:26,989 - INFO - z_normalization.py:121 - Normalizing ... done
2025-12-26 02:57:27,054 - INFO - z_normalization.py:127 - Merging into one dataset
2025-12-26 02:57:27,056 - INFO - z_normalization.py:133 - Scale and Define data types & nodata per band
2025-12-26 02:57:27,057 - INFO - z_normalization.py:145 - Assign time range and tile ID in metadata
2025-12-26 02:57:27,057 - INFO - z_normalization.py:151 - Write bands to raster COG files
2025-12-26 02:57:30,673 - INFO - z_normalization.py:164 - Write NDVI_Z -> //nas-rs.topo.auth.gr/Latomeia/DROUGHT/z_normalized/x08/y12/2024/7/01/S2L2A_znorm_x08y12_20247_NDVI_z.tif
2025-12-26 02:57:34,202 - INFO - z_normalization.py:164 - Write EVI_Z -> //nas-rs.topo.auth.gr/Latomeia/DROUGHT/z_normalized/x08/y12/2024/7/01/S2L2A_znorm_x08y12_20247_EVI_z.tif
2025-12-26 02:57:37,871 - INFO - z_normalization.py:164 - Write PSRI2_Z -> //nas-rs.topo.auth.gr/Latomeia/DROUGHT/z_normalized/x08/y12/2024/7/01/S2L2A_znorm_x08y12_20247_PSRI2_z.tif
2025-12-26 02:57:37,872 - INFO - z_normalization.py:166 - Prepare metadata YAML document
2025-12-26 02:57:37,972 - INFO - z_normalization.py:187 - Write metadata YAML document to disk
2025-12-26 02:57:37,993 - INFO - z_normalization.py:192 - Create datacube.model.Dataset from eo3 metadata
2025-12-26 02:57:37,997 - INFO - z_normalization.py:205 - Index to datacube
2025-12-26 02:57:37,997 - INFO - _datasets.py:191 - Indexing a701fcc2-2a2c-47ee-916b-5f66fed7ed89
2025-12-26 02:57:38,007 - INFO - z_normalization.py:208 - 
2025-12-26 02:57:38,007 - INFO - z_normalization.py:209 -              ✔✔✔ COMPLETED: Tile x08_y12 | Time: 2024-07 | In 0.22 minutes
2025-12-26 02:57:38,007 - INFO - z_normalization.py:210 - 
