2025-12-26 13:07:50,399 - INFO - z_normalization.py:42 - #######################################################################
2025-12-26 13:07:50,950 - INFO - z_normalization.py:56 - Starting Z-Normalization for x11_y11 | 2024-03
2025-12-26 13:07:50,950 - INFO - z_normalization.py:58 - Create directories and naming conversions
2025-12-26 13:07:50,962 - INFO - z_normalization.py:69 - Dataset location: //nas-rs.topo.auth.gr/Latomeia/DROUGHT/z_normalized/x11/y11/2024/3/01
2025-12-26 13:07:50,962 - INFO - z_normalization.py:74 - Z-Normalization | NDVI
2025-12-26 13:07:51,336 - INFO - z_normalization.py:83 - Loaded baseline
2025-12-26 13:07:51,336 - INFO - z_normalization.py:86 - Set up values | NDVI_mean
2025-12-26 13:07:51,366 - INFO - z_normalization.py:86 - Set up values | NDVI_std
2025-12-26 13:07:51,546 - INFO - z_normalization.py:101 - Loaded composite
2025-12-26 13:07:51,547 - INFO - z_normalization.py:103 - Set up values | NDVI
2025-12-26 13:07:51,575 - INFO - z_normalization.py:110 - Setting up normalization ... 
2025-12-26 13:07:51,575 - INFO - z_normalization.py:114 - Setting up normalization ... done
2025-12-26 13:07:51,575 - INFO - z_normalization.py:116 - Normalizing ... 
2025-12-26 13:07:51,656 - INFO - z_normalization.py:121 - Normalizing ... done
2025-12-26 13:07:51,709 - INFO - z_normalization.py:74 - Z-Normalization | EVI
2025-12-26 13:07:51,957 - INFO - z_normalization.py:83 - Loaded baseline
2025-12-26 13:07:51,957 - INFO - z_normalization.py:86 - Set up values | EVI_mean
2025-12-26 13:07:51,987 - INFO - z_normalization.py:86 - Set up values | EVI_std
2025-12-26 13:07:52,185 - INFO - z_normalization.py:101 - Loaded composite
2025-12-26 13:07:52,185 - INFO - z_normalization.py:103 - Set up values | EVI
2025-12-26 13:07:52,213 - INFO - z_normalization.py:110 - Setting up normalization ... 
2025-12-26 13:07:52,213 - INFO - z_normalization.py:114 - Setting up normalization ... done
2025-12-26 13:07:52,213 - INFO - z_normalization.py:116 - Normalizing ... 
2025-12-26 13:07:52,293 - INFO - z_normalization.py:121 - Normalizing ... done
2025-12-26 13:07:52,343 - INFO - z_normalization.py:74 - Z-Normalization | PSRI2
2025-12-26 13:07:52,572 - INFO - z_normalization.py:83 - Loaded baseline
2025-12-26 13:07:52,572 - INFO - z_normalization.py:86 - Set up values | PSRI2_mean
2025-12-26 13:07:52,600 - INFO - z_normalization.py:86 - Set up values | PSRI2_std
2025-12-26 13:07:52,775 - INFO - z_normalization.py:101 - Loaded composite
2025-12-26 13:07:52,776 - INFO - z_normalization.py:103 - Set up values | PSRI2
2025-12-26 13:07:52,803 - INFO - z_normalization.py:110 - Setting up normalization ... 
2025-12-26 13:07:52,803 - INFO - z_normalization.py:114 - Setting up normalization ... done
2025-12-26 13:07:52,803 - INFO - z_normalization.py:116 - Normalizing ... 
2025-12-26 13:07:52,882 - INFO - z_normalization.py:121 - Normalizing ... done
2025-12-26 13:07:52,933 - INFO - z_normalization.py:127 - Merging into one dataset
2025-12-26 13:07:52,934 - INFO - z_normalization.py:133 - Scale and Define data types & nodata per band
2025-12-26 13:07:52,935 - INFO - z_normalization.py:145 - Assign time range and tile ID in metadata
2025-12-26 13:07:52,935 - INFO - z_normalization.py:151 - Write bands to raster COG files
2025-12-26 13:07:56,553 - INFO - z_normalization.py:164 - Write NDVI_Z -> //nas-rs.topo.auth.gr/Latomeia/DROUGHT/z_normalized/x11/y11/2024/3/01/S2L2A_znorm_x11y11_20243_NDVI_z.tif
2025-12-26 13:08:00,520 - INFO - z_normalization.py:164 - Write EVI_Z -> //nas-rs.topo.auth.gr/Latomeia/DROUGHT/z_normalized/x11/y11/2024/3/01/S2L2A_znorm_x11y11_20243_EVI_z.tif
2025-12-26 13:08:04,401 - INFO - z_normalization.py:164 - Write PSRI2_Z -> //nas-rs.topo.auth.gr/Latomeia/DROUGHT/z_normalized/x11/y11/2024/3/01/S2L2A_znorm_x11y11_20243_PSRI2_z.tif
2025-12-26 13:08:04,401 - INFO - z_normalization.py:166 - Assert relative paths and product measurements are matched
2025-12-26 13:08:04,444 - INFO - z_normalization.py:172 - Prepare metadata YAML document
2025-12-26 13:08:04,533 - INFO - z_normalization.py:192 - Write metadata YAML document to disk
2025-12-26 13:08:04,552 - INFO - z_normalization.py:197 - Create datacube.model.Dataset from eo3 metadata
2025-12-26 13:08:04,557 - INFO - z_normalization.py:210 - Index to datacube
2025-12-26 13:08:04,557 - INFO - _datasets.py:191 - Indexing e28dfc5a-7fda-4a86-9468-b0d976206e42
2025-12-26 13:08:04,566 - INFO - z_normalization.py:213 - 
2025-12-26 13:08:04,566 - INFO - z_normalization.py:214 -              ✔✔✔ COMPLETED: Tile x11_y11 | Time: 2024-03 | In 0.23 minutes
2025-12-26 13:08:04,566 - INFO - z_normalization.py:215 - 
2025-12-26 13:08:04,566 - INFO - z_normalization.py:230 - #######################################################################
