2025-12-26 12:01:47,163 - INFO - z_normalization.py:42 - #######################################################################
2025-12-26 12:01:47,731 - INFO - z_normalization.py:56 - Starting Z-Normalization for x11_y08 | 2023-05
2025-12-26 12:01:47,731 - INFO - z_normalization.py:58 - Create directories and naming conversions
2025-12-26 12:01:47,745 - INFO - z_normalization.py:69 - Dataset location: //nas-rs.topo.auth.gr/Latomeia/DROUGHT/z_normalized/x11/y08/2023/5/01
2025-12-26 12:01:47,745 - INFO - z_normalization.py:74 - Z-Normalization | NDVI
2025-12-26 12:01:48,033 - INFO - z_normalization.py:83 - Loaded baseline
2025-12-26 12:01:48,033 - INFO - z_normalization.py:86 - Set up values | NDVI_mean
2025-12-26 12:01:48,074 - INFO - z_normalization.py:86 - Set up values | NDVI_std
2025-12-26 12:01:48,226 - INFO - z_normalization.py:101 - Loaded composite
2025-12-26 12:01:48,226 - INFO - z_normalization.py:103 - Set up values | NDVI
2025-12-26 12:01:48,256 - INFO - z_normalization.py:110 - Setting up normalization ... 
2025-12-26 12:01:48,257 - INFO - z_normalization.py:114 - Setting up normalization ... done
2025-12-26 12:01:48,257 - INFO - z_normalization.py:116 - Normalizing ... 
2025-12-26 12:01:48,342 - INFO - z_normalization.py:121 - Normalizing ... done
2025-12-26 12:01:48,394 - INFO - z_normalization.py:74 - Z-Normalization | EVI
2025-12-26 12:01:48,636 - INFO - z_normalization.py:83 - Loaded baseline
2025-12-26 12:01:48,636 - INFO - z_normalization.py:86 - Set up values | EVI_mean
2025-12-26 12:01:48,664 - INFO - z_normalization.py:86 - Set up values | EVI_std
2025-12-26 12:01:48,853 - INFO - z_normalization.py:101 - Loaded composite
2025-12-26 12:01:48,853 - INFO - z_normalization.py:103 - Set up values | EVI
2025-12-26 12:01:48,882 - INFO - z_normalization.py:110 - Setting up normalization ... 
2025-12-26 12:01:48,882 - INFO - z_normalization.py:114 - Setting up normalization ... done
2025-12-26 12:01:48,882 - INFO - z_normalization.py:116 - Normalizing ... 
2025-12-26 12:01:48,961 - INFO - z_normalization.py:121 - Normalizing ... done
2025-12-26 12:01:49,016 - INFO - z_normalization.py:74 - Z-Normalization | PSRI2
2025-12-26 12:01:49,254 - INFO - z_normalization.py:83 - Loaded baseline
2025-12-26 12:01:49,255 - INFO - z_normalization.py:86 - Set up values | PSRI2_mean
2025-12-26 12:01:49,282 - INFO - z_normalization.py:86 - Set up values | PSRI2_std
2025-12-26 12:01:49,433 - INFO - z_normalization.py:101 - Loaded composite
2025-12-26 12:01:49,433 - INFO - z_normalization.py:103 - Set up values | PSRI2
2025-12-26 12:01:49,464 - INFO - z_normalization.py:110 - Setting up normalization ... 
2025-12-26 12:01:49,465 - INFO - z_normalization.py:114 - Setting up normalization ... done
2025-12-26 12:01:49,465 - INFO - z_normalization.py:116 - Normalizing ... 
2025-12-26 12:01:49,556 - INFO - z_normalization.py:121 - Normalizing ... done
2025-12-26 12:01:49,607 - INFO - z_normalization.py:127 - Merging into one dataset
2025-12-26 12:01:49,608 - INFO - z_normalization.py:133 - Scale and Define data types & nodata per band
2025-12-26 12:01:49,610 - INFO - z_normalization.py:145 - Assign time range and tile ID in metadata
2025-12-26 12:01:49,610 - INFO - z_normalization.py:151 - Write bands to raster COG files
2025-12-26 12:01:53,205 - INFO - z_normalization.py:164 - Write NDVI_Z -> //nas-rs.topo.auth.gr/Latomeia/DROUGHT/z_normalized/x11/y08/2023/5/01/S2L2A_znorm_x11y08_20235_NDVI_z.tif
2025-12-26 12:01:57,079 - INFO - z_normalization.py:164 - Write EVI_Z -> //nas-rs.topo.auth.gr/Latomeia/DROUGHT/z_normalized/x11/y08/2023/5/01/S2L2A_znorm_x11y08_20235_EVI_z.tif
2025-12-26 12:02:00,684 - INFO - z_normalization.py:164 - Write PSRI2_Z -> //nas-rs.topo.auth.gr/Latomeia/DROUGHT/z_normalized/x11/y08/2023/5/01/S2L2A_znorm_x11y08_20235_PSRI2_z.tif
2025-12-26 12:02:00,684 - INFO - z_normalization.py:166 - Assert relative paths and product measurements are matched
2025-12-26 12:02:00,728 - INFO - z_normalization.py:172 - Prepare metadata YAML document
2025-12-26 12:02:00,822 - INFO - z_normalization.py:192 - Write metadata YAML document to disk
2025-12-26 12:02:00,841 - INFO - z_normalization.py:197 - Create datacube.model.Dataset from eo3 metadata
2025-12-26 12:02:00,846 - INFO - z_normalization.py:210 - Index to datacube
2025-12-26 12:02:00,846 - INFO - _datasets.py:191 - Indexing e2c81401-82da-4e0c-9b5e-9520c5f1de95
2025-12-26 12:02:00,857 - INFO - z_normalization.py:213 - 
2025-12-26 12:02:00,857 - INFO - z_normalization.py:214 -              ✔✔✔ COMPLETED: Tile x11_y08 | Time: 2023-05 | In 0.22 minutes
2025-12-26 12:02:00,858 - INFO - z_normalization.py:215 - 
2025-12-26 12:02:00,858 - INFO - z_normalization.py:230 - #######################################################################
