2025-12-26 01:46:15,875 - INFO - z_normalization.py:42 - #######################################################################
2025-12-26 01:46:16,426 - INFO - z_normalization.py:56 - Starting Z-Normalization for x10_y09 | 2023-07
2025-12-26 01:46:16,426 - INFO - z_normalization.py:58 - Create directories and naming conversions
2025-12-26 01:46:16,439 - INFO - z_normalization.py:69 - Dataset location: //nas-rs.topo.auth.gr/Latomeia/DROUGHT/z_normalized/x10/y09/2023/7/01
2025-12-26 01:46:16,439 - INFO - z_normalization.py:74 - Z-Normalization | NDVI
2025-12-26 01:46:16,865 - INFO - z_normalization.py:83 - Loaded baseline
2025-12-26 01:46:16,866 - INFO - z_normalization.py:86 - Set up values | NDVI_mean
2025-12-26 01:46:16,900 - INFO - z_normalization.py:86 - Set up values | NDVI_std
2025-12-26 01:46:17,082 - INFO - z_normalization.py:101 - Loaded composite
2025-12-26 01:46:17,082 - INFO - z_normalization.py:103 - Set up values | NDVI
2025-12-26 01:46:17,114 - INFO - z_normalization.py:110 - Setting up normalization ... 
2025-12-26 01:46:17,114 - INFO - z_normalization.py:114 - Setting up normalization ... done
2025-12-26 01:46:17,114 - INFO - z_normalization.py:116 - Normalizing ... 
2025-12-26 01:46:17,195 - INFO - z_normalization.py:121 - Normalizing ... done
2025-12-26 01:46:17,244 - INFO - z_normalization.py:74 - Z-Normalization | EVI
2025-12-26 01:46:17,465 - INFO - z_normalization.py:83 - Loaded baseline
2025-12-26 01:46:17,465 - INFO - z_normalization.py:86 - Set up values | EVI_mean
2025-12-26 01:46:17,495 - INFO - z_normalization.py:86 - Set up values | EVI_std
2025-12-26 01:46:17,672 - INFO - z_normalization.py:101 - Loaded composite
2025-12-26 01:46:17,673 - INFO - z_normalization.py:103 - Set up values | EVI
2025-12-26 01:46:17,701 - INFO - z_normalization.py:110 - Setting up normalization ... 
2025-12-26 01:46:17,701 - INFO - z_normalization.py:114 - Setting up normalization ... done
2025-12-26 01:46:17,701 - INFO - z_normalization.py:116 - Normalizing ... 
2025-12-26 01:46:17,778 - INFO - z_normalization.py:121 - Normalizing ... done
2025-12-26 01:46:17,829 - INFO - z_normalization.py:74 - Z-Normalization | PSRI2
2025-12-26 01:46:18,059 - INFO - z_normalization.py:83 - Loaded baseline
2025-12-26 01:46:18,059 - INFO - z_normalization.py:86 - Set up values | PSRI2_mean
2025-12-26 01:46:18,088 - INFO - z_normalization.py:86 - Set up values | PSRI2_std
2025-12-26 01:46:18,250 - INFO - z_normalization.py:101 - Loaded composite
2025-12-26 01:46:18,250 - INFO - z_normalization.py:103 - Set up values | PSRI2
2025-12-26 01:46:18,281 - INFO - z_normalization.py:110 - Setting up normalization ... 
2025-12-26 01:46:18,281 - INFO - z_normalization.py:114 - Setting up normalization ... done
2025-12-26 01:46:18,281 - INFO - z_normalization.py:116 - Normalizing ... 
2025-12-26 01:46:18,358 - INFO - z_normalization.py:121 - Normalizing ... done
2025-12-26 01:46:18,407 - INFO - z_normalization.py:127 - Merging into one dataset
2025-12-26 01:46:18,408 - INFO - z_normalization.py:133 - Scale and Define data types & nodata per band
2025-12-26 01:46:18,410 - INFO - z_normalization.py:145 - Assign time range and tile ID in metadata
2025-12-26 01:46:18,410 - INFO - z_normalization.py:151 - Write bands to raster COG files
2025-12-26 01:46:22,050 - INFO - z_normalization.py:164 - Write NDVI_Z -> //nas-rs.topo.auth.gr/Latomeia/DROUGHT/z_normalized/x10/y09/2023/7/01/S2L2A_znorm_x10y09_20237_NDVI_z.tif
2025-12-26 01:46:25,921 - INFO - z_normalization.py:164 - Write EVI_Z -> //nas-rs.topo.auth.gr/Latomeia/DROUGHT/z_normalized/x10/y09/2023/7/01/S2L2A_znorm_x10y09_20237_EVI_z.tif
2025-12-26 01:46:29,548 - INFO - z_normalization.py:164 - Write PSRI2_Z -> //nas-rs.topo.auth.gr/Latomeia/DROUGHT/z_normalized/x10/y09/2023/7/01/S2L2A_znorm_x10y09_20237_PSRI2_z.tif
2025-12-26 01:46:29,548 - INFO - z_normalization.py:166 - Prepare metadata YAML document
2025-12-26 01:46:29,641 - INFO - z_normalization.py:187 - Write metadata YAML document to disk
2025-12-26 01:46:29,662 - INFO - z_normalization.py:192 - Create datacube.model.Dataset from eo3 metadata
2025-12-26 01:46:29,668 - INFO - z_normalization.py:205 - Index to datacube
2025-12-26 01:46:29,668 - INFO - _datasets.py:191 - Indexing 259926de-b0d4-40b8-9479-af634268d1fa
2025-12-26 01:46:29,676 - INFO - z_normalization.py:208 - 
2025-12-26 01:46:29,676 - INFO - z_normalization.py:209 -              ✔✔✔ COMPLETED: Tile x10_y09 | Time: 2023-07 | In 0.22 minutes
2025-12-26 01:46:29,676 - INFO - z_normalization.py:210 - 
