2025-12-26 03:24:40,185 - INFO - z_normalization.py:42 - #######################################################################
2025-12-26 03:24:40,727 - INFO - z_normalization.py:56 - Starting Z-Normalization for x10_y11 | 2024-11
2025-12-26 03:24:40,728 - INFO - z_normalization.py:58 - Create directories and naming conversions
2025-12-26 03:24:40,742 - INFO - z_normalization.py:69 - Dataset location: //nas-rs.topo.auth.gr/Latomeia/DROUGHT/z_normalized/x10/y11/2024/11/01
2025-12-26 03:24:40,742 - INFO - z_normalization.py:74 - Z-Normalization | NDVI
2025-12-26 03:24:41,153 - INFO - z_normalization.py:83 - Loaded baseline
2025-12-26 03:24:41,153 - INFO - z_normalization.py:86 - Set up values | NDVI_mean
2025-12-26 03:24:41,181 - INFO - z_normalization.py:86 - Set up values | NDVI_std
2025-12-26 03:24:41,361 - INFO - z_normalization.py:101 - Loaded composite
2025-12-26 03:24:41,361 - INFO - z_normalization.py:103 - Set up values | NDVI
2025-12-26 03:24:41,390 - INFO - z_normalization.py:110 - Setting up normalization ... 
2025-12-26 03:24:41,390 - INFO - z_normalization.py:114 - Setting up normalization ... done
2025-12-26 03:24:41,390 - INFO - z_normalization.py:116 - Normalizing ... 
2025-12-26 03:24:41,466 - INFO - z_normalization.py:121 - Normalizing ... done
2025-12-26 03:24:41,517 - INFO - z_normalization.py:74 - Z-Normalization | EVI
2025-12-26 03:24:41,725 - INFO - z_normalization.py:83 - Loaded baseline
2025-12-26 03:24:41,725 - INFO - z_normalization.py:86 - Set up values | EVI_mean
2025-12-26 03:24:41,756 - INFO - z_normalization.py:86 - Set up values | EVI_std
2025-12-26 03:24:41,934 - INFO - z_normalization.py:101 - Loaded composite
2025-12-26 03:24:41,934 - INFO - z_normalization.py:103 - Set up values | EVI
2025-12-26 03:24:41,963 - INFO - z_normalization.py:110 - Setting up normalization ... 
2025-12-26 03:24:41,963 - INFO - z_normalization.py:114 - Setting up normalization ... done
2025-12-26 03:24:41,963 - INFO - z_normalization.py:116 - Normalizing ... 
2025-12-26 03:24:42,042 - INFO - z_normalization.py:121 - Normalizing ... done
2025-12-26 03:24:42,092 - INFO - z_normalization.py:74 - Z-Normalization | PSRI2
2025-12-26 03:24:42,319 - INFO - z_normalization.py:83 - Loaded baseline
2025-12-26 03:24:42,319 - INFO - z_normalization.py:86 - Set up values | PSRI2_mean
2025-12-26 03:24:42,348 - INFO - z_normalization.py:86 - Set up values | PSRI2_std
2025-12-26 03:24:42,509 - INFO - z_normalization.py:101 - Loaded composite
2025-12-26 03:24:42,509 - INFO - z_normalization.py:103 - Set up values | PSRI2
2025-12-26 03:24:42,538 - INFO - z_normalization.py:110 - Setting up normalization ... 
2025-12-26 03:24:42,538 - INFO - z_normalization.py:114 - Setting up normalization ... done
2025-12-26 03:24:42,538 - INFO - z_normalization.py:116 - Normalizing ... 
2025-12-26 03:24:42,615 - INFO - z_normalization.py:121 - Normalizing ... done
2025-12-26 03:24:42,666 - INFO - z_normalization.py:127 - Merging into one dataset
2025-12-26 03:24:42,668 - INFO - z_normalization.py:133 - Scale and Define data types & nodata per band
2025-12-26 03:24:42,669 - INFO - z_normalization.py:145 - Assign time range and tile ID in metadata
2025-12-26 03:24:42,669 - INFO - z_normalization.py:151 - Write bands to raster COG files
2025-12-26 03:24:46,235 - INFO - z_normalization.py:164 - Write NDVI_Z -> //nas-rs.topo.auth.gr/Latomeia/DROUGHT/z_normalized/x10/y11/2024/11/01/S2L2A_znorm_x10y11_202411_NDVI_z.tif
2025-12-26 03:24:49,812 - INFO - z_normalization.py:164 - Write EVI_Z -> //nas-rs.topo.auth.gr/Latomeia/DROUGHT/z_normalized/x10/y11/2024/11/01/S2L2A_znorm_x10y11_202411_EVI_z.tif
2025-12-26 03:24:53,479 - INFO - z_normalization.py:164 - Write PSRI2_Z -> //nas-rs.topo.auth.gr/Latomeia/DROUGHT/z_normalized/x10/y11/2024/11/01/S2L2A_znorm_x10y11_202411_PSRI2_z.tif
2025-12-26 03:24:53,480 - INFO - z_normalization.py:166 - Prepare metadata YAML document
2025-12-26 03:24:53,591 - INFO - z_normalization.py:187 - Write metadata YAML document to disk
2025-12-26 03:24:53,614 - INFO - z_normalization.py:192 - Create datacube.model.Dataset from eo3 metadata
2025-12-26 03:24:53,619 - INFO - z_normalization.py:205 - Index to datacube
2025-12-26 03:24:53,620 - INFO - _datasets.py:191 - Indexing 1a71b954-1775-49b9-bd5a-9b4ccefe2e2c
2025-12-26 03:24:53,631 - INFO - z_normalization.py:208 - 
2025-12-26 03:24:53,631 - INFO - z_normalization.py:209 -              ✔✔✔ COMPLETED: Tile x10_y11 | Time: 2024-11 | In 0.22 minutes
2025-12-26 03:24:53,631 - INFO - z_normalization.py:210 - 
