2025-12-26 01:48:16,706 - INFO - z_normalization.py:42 - #######################################################################
2025-12-26 01:48:17,248 - INFO - z_normalization.py:56 - Starting Z-Normalization for x12_y11 | 2023-07
2025-12-26 01:48:17,248 - INFO - z_normalization.py:58 - Create directories and naming conversions
2025-12-26 01:48:17,259 - INFO - z_normalization.py:69 - Dataset location: //nas-rs.topo.auth.gr/Latomeia/DROUGHT/z_normalized/x12/y11/2023/7/01
2025-12-26 01:48:17,260 - INFO - z_normalization.py:74 - Z-Normalization | NDVI
2025-12-26 01:48:17,647 - INFO - z_normalization.py:83 - Loaded baseline
2025-12-26 01:48:17,647 - INFO - z_normalization.py:86 - Set up values | NDVI_mean
2025-12-26 01:48:17,677 - INFO - z_normalization.py:86 - Set up values | NDVI_std
2025-12-26 01:48:17,857 - INFO - z_normalization.py:101 - Loaded composite
2025-12-26 01:48:17,857 - INFO - z_normalization.py:103 - Set up values | NDVI
2025-12-26 01:48:17,886 - INFO - z_normalization.py:110 - Setting up normalization ... 
2025-12-26 01:48:17,887 - INFO - z_normalization.py:114 - Setting up normalization ... done
2025-12-26 01:48:17,887 - INFO - z_normalization.py:116 - Normalizing ... 
2025-12-26 01:48:17,967 - INFO - z_normalization.py:121 - Normalizing ... done
2025-12-26 01:48:18,030 - INFO - z_normalization.py:74 - Z-Normalization | EVI
2025-12-26 01:48:18,258 - INFO - z_normalization.py:83 - Loaded baseline
2025-12-26 01:48:18,258 - INFO - z_normalization.py:86 - Set up values | EVI_mean
2025-12-26 01:48:18,288 - INFO - z_normalization.py:86 - Set up values | EVI_std
2025-12-26 01:48:18,461 - INFO - z_normalization.py:101 - Loaded composite
2025-12-26 01:48:18,461 - INFO - z_normalization.py:103 - Set up values | EVI
2025-12-26 01:48:18,490 - INFO - z_normalization.py:110 - Setting up normalization ... 
2025-12-26 01:48:18,490 - INFO - z_normalization.py:114 - Setting up normalization ... done
2025-12-26 01:48:18,490 - INFO - z_normalization.py:116 - Normalizing ... 
2025-12-26 01:48:18,568 - INFO - z_normalization.py:121 - Normalizing ... done
2025-12-26 01:48:18,628 - INFO - z_normalization.py:74 - Z-Normalization | PSRI2
2025-12-26 01:48:18,868 - INFO - z_normalization.py:83 - Loaded baseline
2025-12-26 01:48:18,868 - INFO - z_normalization.py:86 - Set up values | PSRI2_mean
2025-12-26 01:48:18,898 - INFO - z_normalization.py:86 - Set up values | PSRI2_std
2025-12-26 01:48:19,061 - INFO - z_normalization.py:101 - Loaded composite
2025-12-26 01:48:19,061 - INFO - z_normalization.py:103 - Set up values | PSRI2
2025-12-26 01:48:19,098 - INFO - z_normalization.py:110 - Setting up normalization ... 
2025-12-26 01:48:19,099 - INFO - z_normalization.py:114 - Setting up normalization ... done
2025-12-26 01:48:19,099 - INFO - z_normalization.py:116 - Normalizing ... 
2025-12-26 01:48:19,175 - INFO - z_normalization.py:121 - Normalizing ... done
2025-12-26 01:48:19,226 - INFO - z_normalization.py:127 - Merging into one dataset
2025-12-26 01:48:19,228 - INFO - z_normalization.py:133 - Scale and Define data types & nodata per band
2025-12-26 01:48:19,229 - INFO - z_normalization.py:145 - Assign time range and tile ID in metadata
2025-12-26 01:48:19,229 - INFO - z_normalization.py:151 - Write bands to raster COG files
2025-12-26 01:48:22,873 - INFO - z_normalization.py:164 - Write NDVI_Z -> //nas-rs.topo.auth.gr/Latomeia/DROUGHT/z_normalized/x12/y11/2023/7/01/S2L2A_znorm_x12y11_20237_NDVI_z.tif
2025-12-26 01:48:26,558 - INFO - z_normalization.py:164 - Write EVI_Z -> //nas-rs.topo.auth.gr/Latomeia/DROUGHT/z_normalized/x12/y11/2023/7/01/S2L2A_znorm_x12y11_20237_EVI_z.tif
2025-12-26 01:48:30,217 - INFO - z_normalization.py:164 - Write PSRI2_Z -> //nas-rs.topo.auth.gr/Latomeia/DROUGHT/z_normalized/x12/y11/2023/7/01/S2L2A_znorm_x12y11_20237_PSRI2_z.tif
2025-12-26 01:48:30,217 - INFO - z_normalization.py:166 - Prepare metadata YAML document
2025-12-26 01:48:30,306 - INFO - z_normalization.py:187 - Write metadata YAML document to disk
2025-12-26 01:48:30,328 - INFO - z_normalization.py:192 - Create datacube.model.Dataset from eo3 metadata
2025-12-26 01:48:30,332 - INFO - z_normalization.py:205 - Index to datacube
2025-12-26 01:48:30,332 - INFO - _datasets.py:191 - Indexing 703dd7c7-33f0-435c-a900-b23dc43b5331
2025-12-26 01:48:30,339 - INFO - z_normalization.py:208 - 
2025-12-26 01:48:30,339 - INFO - z_normalization.py:209 -              ✔✔✔ COMPLETED: Tile x12_y11 | Time: 2023-07 | In 0.22 minutes
2025-12-26 01:48:30,339 - INFO - z_normalization.py:210 - 
