2025-12-26 04:04:58,278 - INFO - z_normalization.py:42 - #######################################################################
2025-12-26 04:04:58,813 - INFO - z_normalization.py:56 - Starting Z-Normalization for x09_y09 | 2025-06
2025-12-26 04:04:58,813 - INFO - z_normalization.py:58 - Create directories and naming conversions
2025-12-26 04:04:58,826 - INFO - z_normalization.py:69 - Dataset location: //nas-rs.topo.auth.gr/Latomeia/DROUGHT/z_normalized/x09/y09/2025/6/01
2025-12-26 04:04:58,826 - INFO - z_normalization.py:74 - Z-Normalization | NDVI
2025-12-26 04:04:59,240 - INFO - z_normalization.py:83 - Loaded baseline
2025-12-26 04:04:59,240 - INFO - z_normalization.py:86 - Set up values | NDVI_mean
2025-12-26 04:04:59,269 - INFO - z_normalization.py:86 - Set up values | NDVI_std
2025-12-26 04:04:59,428 - INFO - z_normalization.py:101 - Loaded composite
2025-12-26 04:04:59,428 - INFO - z_normalization.py:103 - Set up values | NDVI
2025-12-26 04:04:59,456 - INFO - z_normalization.py:110 - Setting up normalization ... 
2025-12-26 04:04:59,456 - INFO - z_normalization.py:114 - Setting up normalization ... done
2025-12-26 04:04:59,456 - INFO - z_normalization.py:116 - Normalizing ... 
2025-12-26 04:04:59,528 - INFO - z_normalization.py:121 - Normalizing ... done
2025-12-26 04:04:59,579 - INFO - z_normalization.py:74 - Z-Normalization | EVI
2025-12-26 04:04:59,811 - INFO - z_normalization.py:83 - Loaded baseline
2025-12-26 04:04:59,811 - INFO - z_normalization.py:86 - Set up values | EVI_mean
2025-12-26 04:04:59,841 - INFO - z_normalization.py:86 - Set up values | EVI_std
2025-12-26 04:05:00,001 - INFO - z_normalization.py:101 - Loaded composite
2025-12-26 04:05:00,001 - INFO - z_normalization.py:103 - Set up values | EVI
2025-12-26 04:05:00,034 - INFO - z_normalization.py:110 - Setting up normalization ... 
2025-12-26 04:05:00,034 - INFO - z_normalization.py:114 - Setting up normalization ... done
2025-12-26 04:05:00,034 - INFO - z_normalization.py:116 - Normalizing ... 
2025-12-26 04:05:00,133 - INFO - z_normalization.py:121 - Normalizing ... done
2025-12-26 04:05:00,189 - INFO - z_normalization.py:74 - Z-Normalization | PSRI2
2025-12-26 04:05:00,421 - INFO - z_normalization.py:83 - Loaded baseline
2025-12-26 04:05:00,421 - INFO - z_normalization.py:86 - Set up values | PSRI2_mean
2025-12-26 04:05:00,452 - INFO - z_normalization.py:86 - Set up values | PSRI2_std
2025-12-26 04:05:00,604 - INFO - z_normalization.py:101 - Loaded composite
2025-12-26 04:05:00,605 - INFO - z_normalization.py:103 - Set up values | PSRI2
2025-12-26 04:05:00,633 - INFO - z_normalization.py:110 - Setting up normalization ... 
2025-12-26 04:05:00,633 - INFO - z_normalization.py:114 - Setting up normalization ... done
2025-12-26 04:05:00,633 - INFO - z_normalization.py:116 - Normalizing ... 
2025-12-26 04:05:00,713 - INFO - z_normalization.py:121 - Normalizing ... done
2025-12-26 04:05:00,763 - INFO - z_normalization.py:127 - Merging into one dataset
2025-12-26 04:05:00,765 - INFO - z_normalization.py:133 - Scale and Define data types & nodata per band
2025-12-26 04:05:00,766 - INFO - z_normalization.py:145 - Assign time range and tile ID in metadata
2025-12-26 04:05:00,766 - INFO - z_normalization.py:151 - Write bands to raster COG files
2025-12-26 04:05:04,144 - INFO - z_normalization.py:164 - Write NDVI_Z -> //nas-rs.topo.auth.gr/Latomeia/DROUGHT/z_normalized/x09/y09/2025/6/01/S2L2A_znorm_x09y09_20256_NDVI_z.tif
2025-12-26 04:05:07,791 - INFO - z_normalization.py:164 - Write EVI_Z -> //nas-rs.topo.auth.gr/Latomeia/DROUGHT/z_normalized/x09/y09/2025/6/01/S2L2A_znorm_x09y09_20256_EVI_z.tif
2025-12-26 04:05:11,556 - INFO - z_normalization.py:164 - Write PSRI2_Z -> //nas-rs.topo.auth.gr/Latomeia/DROUGHT/z_normalized/x09/y09/2025/6/01/S2L2A_znorm_x09y09_20256_PSRI2_z.tif
2025-12-26 04:05:11,557 - INFO - z_normalization.py:166 - Prepare metadata YAML document
2025-12-26 04:05:11,649 - INFO - z_normalization.py:187 - Write metadata YAML document to disk
2025-12-26 04:05:11,669 - INFO - z_normalization.py:192 - Create datacube.model.Dataset from eo3 metadata
2025-12-26 04:05:11,674 - INFO - z_normalization.py:205 - Index to datacube
2025-12-26 04:05:11,674 - INFO - _datasets.py:191 - Indexing 7d3371ab-6dfc-4c80-a830-a3d02eccdee8
2025-12-26 04:05:11,681 - INFO - z_normalization.py:208 - 
2025-12-26 04:05:11,681 - INFO - z_normalization.py:209 -              ✔✔✔ COMPLETED: Tile x09_y09 | Time: 2025-06 | In 0.21 minutes
2025-12-26 04:05:11,681 - INFO - z_normalization.py:210 - 
