2025-12-26 03:58:01,182 - INFO - z_normalization.py:42 - #######################################################################
2025-12-26 03:58:01,716 - INFO - z_normalization.py:56 - Starting Z-Normalization for x08_y11 | 2025-05
2025-12-26 03:58:01,716 - INFO - z_normalization.py:58 - Create directories and naming conversions
2025-12-26 03:58:01,730 - INFO - z_normalization.py:69 - Dataset location: //nas-rs.topo.auth.gr/Latomeia/DROUGHT/z_normalized/x08/y11/2025/5/01
2025-12-26 03:58:01,730 - INFO - z_normalization.py:74 - Z-Normalization | NDVI
2025-12-26 03:58:02,136 - INFO - z_normalization.py:83 - Loaded baseline
2025-12-26 03:58:02,136 - INFO - z_normalization.py:86 - Set up values | NDVI_mean
2025-12-26 03:58:02,170 - INFO - z_normalization.py:86 - Set up values | NDVI_std
2025-12-26 03:58:02,355 - INFO - z_normalization.py:101 - Loaded composite
2025-12-26 03:58:02,355 - INFO - z_normalization.py:103 - Set up values | NDVI
2025-12-26 03:58:02,391 - INFO - z_normalization.py:110 - Setting up normalization ... 
2025-12-26 03:58:02,391 - INFO - z_normalization.py:114 - Setting up normalization ... done
2025-12-26 03:58:02,391 - INFO - z_normalization.py:116 - Normalizing ... 
2025-12-26 03:58:02,475 - INFO - z_normalization.py:121 - Normalizing ... done
2025-12-26 03:58:02,526 - INFO - z_normalization.py:74 - Z-Normalization | EVI
2025-12-26 03:58:02,757 - INFO - z_normalization.py:83 - Loaded baseline
2025-12-26 03:58:02,758 - INFO - z_normalization.py:86 - Set up values | EVI_mean
2025-12-26 03:58:02,786 - INFO - z_normalization.py:86 - Set up values | EVI_std
2025-12-26 03:58:02,959 - INFO - z_normalization.py:101 - Loaded composite
2025-12-26 03:58:02,959 - INFO - z_normalization.py:103 - Set up values | EVI
2025-12-26 03:58:02,987 - INFO - z_normalization.py:110 - Setting up normalization ... 
2025-12-26 03:58:02,987 - INFO - z_normalization.py:114 - Setting up normalization ... done
2025-12-26 03:58:02,987 - INFO - z_normalization.py:116 - Normalizing ... 
2025-12-26 03:58:03,066 - INFO - z_normalization.py:121 - Normalizing ... done
2025-12-26 03:58:03,115 - INFO - z_normalization.py:74 - Z-Normalization | PSRI2
2025-12-26 03:58:03,358 - INFO - z_normalization.py:83 - Loaded baseline
2025-12-26 03:58:03,358 - INFO - z_normalization.py:86 - Set up values | PSRI2_mean
2025-12-26 03:58:03,387 - INFO - z_normalization.py:86 - Set up values | PSRI2_std
2025-12-26 03:58:03,542 - INFO - z_normalization.py:101 - Loaded composite
2025-12-26 03:58:03,542 - INFO - z_normalization.py:103 - Set up values | PSRI2
2025-12-26 03:58:03,570 - INFO - z_normalization.py:110 - Setting up normalization ... 
2025-12-26 03:58:03,570 - INFO - z_normalization.py:114 - Setting up normalization ... done
2025-12-26 03:58:03,570 - INFO - z_normalization.py:116 - Normalizing ... 
2025-12-26 03:58:03,647 - INFO - z_normalization.py:121 - Normalizing ... done
2025-12-26 03:58:03,696 - INFO - z_normalization.py:127 - Merging into one dataset
2025-12-26 03:58:03,698 - INFO - z_normalization.py:133 - Scale and Define data types & nodata per band
2025-12-26 03:58:03,699 - INFO - z_normalization.py:145 - Assign time range and tile ID in metadata
2025-12-26 03:58:03,699 - INFO - z_normalization.py:151 - Write bands to raster COG files
2025-12-26 03:58:07,266 - INFO - z_normalization.py:164 - Write NDVI_Z -> //nas-rs.topo.auth.gr/Latomeia/DROUGHT/z_normalized/x08/y11/2025/5/01/S2L2A_znorm_x08y11_20255_NDVI_z.tif
2025-12-26 03:58:10,879 - INFO - z_normalization.py:164 - Write EVI_Z -> //nas-rs.topo.auth.gr/Latomeia/DROUGHT/z_normalized/x08/y11/2025/5/01/S2L2A_znorm_x08y11_20255_EVI_z.tif
2025-12-26 03:58:14,526 - INFO - z_normalization.py:164 - Write PSRI2_Z -> //nas-rs.topo.auth.gr/Latomeia/DROUGHT/z_normalized/x08/y11/2025/5/01/S2L2A_znorm_x08y11_20255_PSRI2_z.tif
2025-12-26 03:58:14,526 - INFO - z_normalization.py:166 - Prepare metadata YAML document
2025-12-26 03:58:14,612 - INFO - z_normalization.py:187 - Write metadata YAML document to disk
2025-12-26 03:58:14,633 - INFO - z_normalization.py:192 - Create datacube.model.Dataset from eo3 metadata
2025-12-26 03:58:14,638 - INFO - z_normalization.py:205 - Index to datacube
2025-12-26 03:58:14,638 - INFO - _datasets.py:191 - Indexing 4a62c73f-84a5-485d-898c-d5ba77952b98
2025-12-26 03:58:14,647 - INFO - z_normalization.py:208 - 
2025-12-26 03:58:14,647 - INFO - z_normalization.py:209 -              ✔✔✔ COMPLETED: Tile x08_y11 | Time: 2025-05 | In 0.22 minutes
2025-12-26 03:58:14,647 - INFO - z_normalization.py:210 - 
