2025-12-26 13:21:36,187 - INFO - z_normalization.py:42 - #######################################################################
2025-12-26 13:21:36,726 - INFO - z_normalization.py:56 - Starting Z-Normalization for x12_y12 | 2024-05
2025-12-26 13:21:36,726 - INFO - z_normalization.py:58 - Create directories and naming conversions
2025-12-26 13:21:36,740 - INFO - z_normalization.py:69 - Dataset location: //nas-rs.topo.auth.gr/Latomeia/DROUGHT/z_normalized/x12/y12/2024/5/01
2025-12-26 13:21:36,740 - INFO - z_normalization.py:74 - Z-Normalization | NDVI
2025-12-26 13:21:37,086 - INFO - z_normalization.py:83 - Loaded baseline
2025-12-26 13:21:37,086 - INFO - z_normalization.py:86 - Set up values | NDVI_mean
2025-12-26 13:21:37,115 - INFO - z_normalization.py:86 - Set up values | NDVI_std
2025-12-26 13:21:37,265 - INFO - z_normalization.py:101 - Loaded composite
2025-12-26 13:21:37,265 - INFO - z_normalization.py:103 - Set up values | NDVI
2025-12-26 13:21:37,294 - INFO - z_normalization.py:110 - Setting up normalization ... 
2025-12-26 13:21:37,294 - INFO - z_normalization.py:114 - Setting up normalization ... done
2025-12-26 13:21:37,294 - INFO - z_normalization.py:116 - Normalizing ... 
2025-12-26 13:21:37,378 - INFO - z_normalization.py:121 - Normalizing ... done
2025-12-26 13:21:37,429 - INFO - z_normalization.py:74 - Z-Normalization | EVI
2025-12-26 13:21:37,713 - INFO - z_normalization.py:83 - Loaded baseline
2025-12-26 13:21:37,713 - INFO - z_normalization.py:86 - Set up values | EVI_mean
2025-12-26 13:21:37,743 - INFO - z_normalization.py:86 - Set up values | EVI_std
2025-12-26 13:21:37,933 - INFO - z_normalization.py:101 - Loaded composite
2025-12-26 13:21:37,935 - INFO - z_normalization.py:103 - Set up values | EVI
2025-12-26 13:21:37,966 - INFO - z_normalization.py:110 - Setting up normalization ... 
2025-12-26 13:21:37,966 - INFO - z_normalization.py:114 - Setting up normalization ... done
2025-12-26 13:21:37,966 - INFO - z_normalization.py:116 - Normalizing ... 
2025-12-26 13:21:38,047 - INFO - z_normalization.py:121 - Normalizing ... done
2025-12-26 13:21:38,110 - INFO - z_normalization.py:74 - Z-Normalization | PSRI2
2025-12-26 13:21:38,335 - INFO - z_normalization.py:83 - Loaded baseline
2025-12-26 13:21:38,335 - INFO - z_normalization.py:86 - Set up values | PSRI2_mean
2025-12-26 13:21:38,363 - INFO - z_normalization.py:86 - Set up values | PSRI2_std
2025-12-26 13:21:38,533 - INFO - z_normalization.py:101 - Loaded composite
2025-12-26 13:21:38,533 - INFO - z_normalization.py:103 - Set up values | PSRI2
2025-12-26 13:21:38,561 - INFO - z_normalization.py:110 - Setting up normalization ... 
2025-12-26 13:21:38,561 - INFO - z_normalization.py:114 - Setting up normalization ... done
2025-12-26 13:21:38,561 - INFO - z_normalization.py:116 - Normalizing ... 
2025-12-26 13:21:38,640 - INFO - z_normalization.py:121 - Normalizing ... done
2025-12-26 13:21:38,692 - INFO - z_normalization.py:127 - Merging into one dataset
2025-12-26 13:21:38,694 - INFO - z_normalization.py:133 - Scale and Define data types & nodata per band
2025-12-26 13:21:38,695 - INFO - z_normalization.py:145 - Assign time range and tile ID in metadata
2025-12-26 13:21:38,695 - INFO - z_normalization.py:151 - Write bands to raster COG files
2025-12-26 13:21:42,194 - INFO - z_normalization.py:164 - Write NDVI_Z -> //nas-rs.topo.auth.gr/Latomeia/DROUGHT/z_normalized/x12/y12/2024/5/01/S2L2A_znorm_x12y12_20245_NDVI_z.tif
2025-12-26 13:21:45,832 - INFO - z_normalization.py:164 - Write EVI_Z -> //nas-rs.topo.auth.gr/Latomeia/DROUGHT/z_normalized/x12/y12/2024/5/01/S2L2A_znorm_x12y12_20245_EVI_z.tif
2025-12-26 13:21:49,539 - INFO - z_normalization.py:164 - Write PSRI2_Z -> //nas-rs.topo.auth.gr/Latomeia/DROUGHT/z_normalized/x12/y12/2024/5/01/S2L2A_znorm_x12y12_20245_PSRI2_z.tif
2025-12-26 13:21:49,540 - INFO - z_normalization.py:166 - Assert relative paths and product measurements are matched
2025-12-26 13:21:49,585 - INFO - z_normalization.py:172 - Prepare metadata YAML document
2025-12-26 13:21:49,674 - INFO - z_normalization.py:192 - Write metadata YAML document to disk
2025-12-26 13:21:49,696 - INFO - z_normalization.py:197 - Create datacube.model.Dataset from eo3 metadata
2025-12-26 13:21:49,701 - INFO - z_normalization.py:210 - Index to datacube
2025-12-26 13:21:49,701 - INFO - _datasets.py:191 - Indexing d6565ac6-2209-4d95-9114-33ee6cf8ec0f
2025-12-26 13:21:49,712 - INFO - z_normalization.py:213 - 
2025-12-26 13:21:49,712 - INFO - z_normalization.py:214 -              ✔✔✔ COMPLETED: Tile x12_y12 | Time: 2024-05 | In 0.22 minutes
2025-12-26 13:21:49,712 - INFO - z_normalization.py:215 - 
2025-12-26 13:21:49,712 - INFO - z_normalization.py:230 - #######################################################################
