2025-12-26 02:13:21,725 - INFO - z_normalization.py:42 - #######################################################################
2025-12-26 02:13:22,300 - INFO - z_normalization.py:56 - Starting Z-Normalization for x06_y10 | 2023-12
2025-12-26 02:13:22,300 - INFO - z_normalization.py:58 - Create directories and naming conversions
2025-12-26 02:13:22,313 - INFO - z_normalization.py:69 - Dataset location: //nas-rs.topo.auth.gr/Latomeia/DROUGHT/z_normalized/x06/y10/2023/12/01
2025-12-26 02:13:22,313 - INFO - z_normalization.py:74 - Z-Normalization | NDVI
2025-12-26 02:13:22,706 - INFO - z_normalization.py:83 - Loaded baseline
2025-12-26 02:13:22,706 - INFO - z_normalization.py:86 - Set up values | NDVI_mean
2025-12-26 02:13:22,739 - INFO - z_normalization.py:86 - Set up values | NDVI_std
2025-12-26 02:13:22,908 - INFO - z_normalization.py:101 - Loaded composite
2025-12-26 02:13:22,908 - INFO - z_normalization.py:103 - Set up values | NDVI
2025-12-26 02:13:22,937 - INFO - z_normalization.py:110 - Setting up normalization ... 
2025-12-26 02:13:22,938 - INFO - z_normalization.py:114 - Setting up normalization ... done
2025-12-26 02:13:22,938 - INFO - z_normalization.py:116 - Normalizing ... 
2025-12-26 02:13:23,028 - INFO - z_normalization.py:121 - Normalizing ... done
2025-12-26 02:13:23,079 - INFO - z_normalization.py:74 - Z-Normalization | EVI
2025-12-26 02:13:23,286 - INFO - z_normalization.py:83 - Loaded baseline
2025-12-26 02:13:23,286 - INFO - z_normalization.py:86 - Set up values | EVI_mean
2025-12-26 02:13:23,314 - INFO - z_normalization.py:86 - Set up values | EVI_std
2025-12-26 02:13:23,499 - INFO - z_normalization.py:101 - Loaded composite
2025-12-26 02:13:23,499 - INFO - z_normalization.py:103 - Set up values | EVI
2025-12-26 02:13:23,532 - INFO - z_normalization.py:110 - Setting up normalization ... 
2025-12-26 02:13:23,532 - INFO - z_normalization.py:114 - Setting up normalization ... done
2025-12-26 02:13:23,532 - INFO - z_normalization.py:116 - Normalizing ... 
2025-12-26 02:13:23,612 - INFO - z_normalization.py:121 - Normalizing ... done
2025-12-26 02:13:23,662 - INFO - z_normalization.py:74 - Z-Normalization | PSRI2
2025-12-26 02:13:23,906 - INFO - z_normalization.py:83 - Loaded baseline
2025-12-26 02:13:23,906 - INFO - z_normalization.py:86 - Set up values | PSRI2_mean
2025-12-26 02:13:23,936 - INFO - z_normalization.py:86 - Set up values | PSRI2_std
2025-12-26 02:13:24,098 - INFO - z_normalization.py:101 - Loaded composite
2025-12-26 02:13:24,099 - INFO - z_normalization.py:103 - Set up values | PSRI2
2025-12-26 02:13:24,129 - INFO - z_normalization.py:110 - Setting up normalization ... 
2025-12-26 02:13:24,129 - INFO - z_normalization.py:114 - Setting up normalization ... done
2025-12-26 02:13:24,129 - INFO - z_normalization.py:116 - Normalizing ... 
2025-12-26 02:13:24,205 - INFO - z_normalization.py:121 - Normalizing ... done
2025-12-26 02:13:24,269 - INFO - z_normalization.py:127 - Merging into one dataset
2025-12-26 02:13:24,271 - INFO - z_normalization.py:133 - Scale and Define data types & nodata per band
2025-12-26 02:13:24,272 - INFO - z_normalization.py:145 - Assign time range and tile ID in metadata
2025-12-26 02:13:24,272 - INFO - z_normalization.py:151 - Write bands to raster COG files
2025-12-26 02:13:27,888 - INFO - z_normalization.py:164 - Write NDVI_Z -> //nas-rs.topo.auth.gr/Latomeia/DROUGHT/z_normalized/x06/y10/2023/12/01/S2L2A_znorm_x06y10_202312_NDVI_z.tif
2025-12-26 02:13:31,684 - INFO - z_normalization.py:164 - Write EVI_Z -> //nas-rs.topo.auth.gr/Latomeia/DROUGHT/z_normalized/x06/y10/2023/12/01/S2L2A_znorm_x06y10_202312_EVI_z.tif
2025-12-26 02:13:35,357 - INFO - z_normalization.py:164 - Write PSRI2_Z -> //nas-rs.topo.auth.gr/Latomeia/DROUGHT/z_normalized/x06/y10/2023/12/01/S2L2A_znorm_x06y10_202312_PSRI2_z.tif
2025-12-26 02:13:35,357 - INFO - z_normalization.py:166 - Prepare metadata YAML document
2025-12-26 02:13:35,442 - INFO - z_normalization.py:187 - Write metadata YAML document to disk
2025-12-26 02:13:35,464 - INFO - z_normalization.py:192 - Create datacube.model.Dataset from eo3 metadata
2025-12-26 02:13:35,468 - INFO - z_normalization.py:205 - Index to datacube
2025-12-26 02:13:35,468 - INFO - _datasets.py:191 - Indexing 08c7c820-d082-4df0-92ae-5f3435831e9b
2025-12-26 02:13:35,476 - INFO - z_normalization.py:208 - 
2025-12-26 02:13:35,476 - INFO - z_normalization.py:209 -              ✔✔✔ COMPLETED: Tile x06_y10 | Time: 2023-12 | In 0.22 minutes
2025-12-26 02:13:35,476 - INFO - z_normalization.py:210 - 
