2025-12-26 02:57:08,089 - INFO - z_normalization.py:42 - #######################################################################
2025-12-26 02:57:08,622 - INFO - z_normalization.py:56 - Starting Z-Normalization for x08_y11 | 2024-07
2025-12-26 02:57:08,622 - INFO - z_normalization.py:58 - Create directories and naming conversions
2025-12-26 02:57:08,634 - INFO - z_normalization.py:69 - Dataset location: //nas-rs.topo.auth.gr/Latomeia/DROUGHT/z_normalized/x08/y11/2024/7/01
2025-12-26 02:57:08,634 - INFO - z_normalization.py:74 - Z-Normalization | NDVI
2025-12-26 02:57:09,042 - INFO - z_normalization.py:83 - Loaded baseline
2025-12-26 02:57:09,042 - INFO - z_normalization.py:86 - Set up values | NDVI_mean
2025-12-26 02:57:09,069 - INFO - z_normalization.py:86 - Set up values | NDVI_std
2025-12-26 02:57:09,256 - INFO - z_normalization.py:101 - Loaded composite
2025-12-26 02:57:09,256 - INFO - z_normalization.py:103 - Set up values | NDVI
2025-12-26 02:57:09,283 - INFO - z_normalization.py:110 - Setting up normalization ... 
2025-12-26 02:57:09,285 - INFO - z_normalization.py:114 - Setting up normalization ... done
2025-12-26 02:57:09,285 - INFO - z_normalization.py:116 - Normalizing ... 
2025-12-26 02:57:09,364 - INFO - z_normalization.py:121 - Normalizing ... done
2025-12-26 02:57:09,414 - INFO - z_normalization.py:74 - Z-Normalization | EVI
2025-12-26 02:57:09,632 - INFO - z_normalization.py:83 - Loaded baseline
2025-12-26 02:57:09,633 - INFO - z_normalization.py:86 - Set up values | EVI_mean
2025-12-26 02:57:09,668 - INFO - z_normalization.py:86 - Set up values | EVI_std
2025-12-26 02:57:09,846 - INFO - z_normalization.py:101 - Loaded composite
2025-12-26 02:57:09,846 - INFO - z_normalization.py:103 - Set up values | EVI
2025-12-26 02:57:09,875 - INFO - z_normalization.py:110 - Setting up normalization ... 
2025-12-26 02:57:09,876 - INFO - z_normalization.py:114 - Setting up normalization ... done
2025-12-26 02:57:09,876 - INFO - z_normalization.py:116 - Normalizing ... 
2025-12-26 02:57:09,952 - INFO - z_normalization.py:121 - Normalizing ... done
2025-12-26 02:57:10,006 - INFO - z_normalization.py:74 - Z-Normalization | PSRI2
2025-12-26 02:57:10,266 - INFO - z_normalization.py:83 - Loaded baseline
2025-12-26 02:57:10,266 - INFO - z_normalization.py:86 - Set up values | PSRI2_mean
2025-12-26 02:57:10,293 - INFO - z_normalization.py:86 - Set up values | PSRI2_std
2025-12-26 02:57:10,452 - INFO - z_normalization.py:101 - Loaded composite
2025-12-26 02:57:10,452 - INFO - z_normalization.py:103 - Set up values | PSRI2
2025-12-26 02:57:10,482 - INFO - z_normalization.py:110 - Setting up normalization ... 
2025-12-26 02:57:10,482 - INFO - z_normalization.py:114 - Setting up normalization ... done
2025-12-26 02:57:10,482 - INFO - z_normalization.py:116 - Normalizing ... 
2025-12-26 02:57:10,560 - INFO - z_normalization.py:121 - Normalizing ... done
2025-12-26 02:57:10,611 - INFO - z_normalization.py:127 - Merging into one dataset
2025-12-26 02:57:10,612 - INFO - z_normalization.py:133 - Scale and Define data types & nodata per band
2025-12-26 02:57:10,613 - INFO - z_normalization.py:145 - Assign time range and tile ID in metadata
2025-12-26 02:57:10,613 - INFO - z_normalization.py:151 - Write bands to raster COG files
2025-12-26 02:57:14,206 - INFO - z_normalization.py:164 - Write NDVI_Z -> //nas-rs.topo.auth.gr/Latomeia/DROUGHT/z_normalized/x08/y11/2024/7/01/S2L2A_znorm_x08y11_20247_NDVI_z.tif
2025-12-26 02:57:17,802 - INFO - z_normalization.py:164 - Write EVI_Z -> //nas-rs.topo.auth.gr/Latomeia/DROUGHT/z_normalized/x08/y11/2024/7/01/S2L2A_znorm_x08y11_20247_EVI_z.tif
2025-12-26 02:57:21,423 - INFO - z_normalization.py:164 - Write PSRI2_Z -> //nas-rs.topo.auth.gr/Latomeia/DROUGHT/z_normalized/x08/y11/2024/7/01/S2L2A_znorm_x08y11_20247_PSRI2_z.tif
2025-12-26 02:57:21,423 - INFO - z_normalization.py:166 - Prepare metadata YAML document
2025-12-26 02:57:21,514 - INFO - z_normalization.py:187 - Write metadata YAML document to disk
2025-12-26 02:57:21,536 - INFO - z_normalization.py:192 - Create datacube.model.Dataset from eo3 metadata
2025-12-26 02:57:21,540 - INFO - z_normalization.py:205 - Index to datacube
2025-12-26 02:57:21,540 - INFO - _datasets.py:191 - Indexing 85b2b2c3-fba1-4ee3-b3b1-b58dc5c9c670
2025-12-26 02:57:21,547 - INFO - z_normalization.py:208 - 
2025-12-26 02:57:21,547 - INFO - z_normalization.py:209 -              ✔✔✔ COMPLETED: Tile x08_y11 | Time: 2024-07 | In 0.22 minutes
2025-12-26 02:57:21,547 - INFO - z_normalization.py:210 - 
