2025-12-26 02:45:19,422 - INFO - z_normalization.py:42 - #######################################################################
2025-12-26 02:45:19,981 - INFO - z_normalization.py:56 - Starting Z-Normalization for x09_y08 | 2024-05
2025-12-26 02:45:19,981 - INFO - z_normalization.py:58 - Create directories and naming conversions
2025-12-26 02:45:19,994 - INFO - z_normalization.py:69 - Dataset location: //nas-rs.topo.auth.gr/Latomeia/DROUGHT/z_normalized/x09/y08/2024/5/01
2025-12-26 02:45:19,994 - INFO - z_normalization.py:74 - Z-Normalization | NDVI
2025-12-26 02:45:20,409 - INFO - z_normalization.py:83 - Loaded baseline
2025-12-26 02:45:20,409 - INFO - z_normalization.py:86 - Set up values | NDVI_mean
2025-12-26 02:45:20,438 - INFO - z_normalization.py:86 - Set up values | NDVI_std
2025-12-26 02:45:20,631 - INFO - z_normalization.py:101 - Loaded composite
2025-12-26 02:45:20,631 - INFO - z_normalization.py:103 - Set up values | NDVI
2025-12-26 02:45:20,660 - INFO - z_normalization.py:110 - Setting up normalization ... 
2025-12-26 02:45:20,660 - INFO - z_normalization.py:114 - Setting up normalization ... done
2025-12-26 02:45:20,661 - INFO - z_normalization.py:116 - Normalizing ... 
2025-12-26 02:45:20,737 - INFO - z_normalization.py:121 - Normalizing ... done
2025-12-26 02:45:20,788 - INFO - z_normalization.py:74 - Z-Normalization | EVI
2025-12-26 02:45:21,025 - INFO - z_normalization.py:83 - Loaded baseline
2025-12-26 02:45:21,025 - INFO - z_normalization.py:86 - Set up values | EVI_mean
2025-12-26 02:45:21,053 - INFO - z_normalization.py:86 - Set up values | EVI_std
2025-12-26 02:45:21,225 - INFO - z_normalization.py:101 - Loaded composite
2025-12-26 02:45:21,225 - INFO - z_normalization.py:103 - Set up values | EVI
2025-12-26 02:45:21,253 - INFO - z_normalization.py:110 - Setting up normalization ... 
2025-12-26 02:45:21,253 - INFO - z_normalization.py:114 - Setting up normalization ... done
2025-12-26 02:45:21,253 - INFO - z_normalization.py:116 - Normalizing ... 
2025-12-26 02:45:21,333 - INFO - z_normalization.py:121 - Normalizing ... done
2025-12-26 02:45:21,383 - INFO - z_normalization.py:74 - Z-Normalization | PSRI2
2025-12-26 02:45:21,630 - INFO - z_normalization.py:83 - Loaded baseline
2025-12-26 02:45:21,630 - INFO - z_normalization.py:86 - Set up values | PSRI2_mean
2025-12-26 02:45:21,662 - INFO - z_normalization.py:86 - Set up values | PSRI2_std
2025-12-26 02:45:21,815 - INFO - z_normalization.py:101 - Loaded composite
2025-12-26 02:45:21,815 - INFO - z_normalization.py:103 - Set up values | PSRI2
2025-12-26 02:45:21,843 - INFO - z_normalization.py:110 - Setting up normalization ... 
2025-12-26 02:45:21,844 - INFO - z_normalization.py:114 - Setting up normalization ... done
2025-12-26 02:45:21,844 - INFO - z_normalization.py:116 - Normalizing ... 
2025-12-26 02:45:21,922 - INFO - z_normalization.py:121 - Normalizing ... done
2025-12-26 02:45:21,986 - INFO - z_normalization.py:127 - Merging into one dataset
2025-12-26 02:45:21,988 - INFO - z_normalization.py:133 - Scale and Define data types & nodata per band
2025-12-26 02:45:21,990 - INFO - z_normalization.py:145 - Assign time range and tile ID in metadata
2025-12-26 02:45:21,990 - INFO - z_normalization.py:151 - Write bands to raster COG files
2025-12-26 02:45:25,671 - INFO - z_normalization.py:164 - Write NDVI_Z -> //nas-rs.topo.auth.gr/Latomeia/DROUGHT/z_normalized/x09/y08/2024/5/01/S2L2A_znorm_x09y08_20245_NDVI_z.tif
2025-12-26 02:45:29,278 - INFO - z_normalization.py:164 - Write EVI_Z -> //nas-rs.topo.auth.gr/Latomeia/DROUGHT/z_normalized/x09/y08/2024/5/01/S2L2A_znorm_x09y08_20245_EVI_z.tif
2025-12-26 02:45:32,841 - INFO - z_normalization.py:164 - Write PSRI2_Z -> //nas-rs.topo.auth.gr/Latomeia/DROUGHT/z_normalized/x09/y08/2024/5/01/S2L2A_znorm_x09y08_20245_PSRI2_z.tif
2025-12-26 02:45:32,841 - INFO - z_normalization.py:166 - Prepare metadata YAML document
2025-12-26 02:45:32,931 - INFO - z_normalization.py:187 - Write metadata YAML document to disk
2025-12-26 02:45:32,951 - INFO - z_normalization.py:192 - Create datacube.model.Dataset from eo3 metadata
2025-12-26 02:45:32,954 - INFO - z_normalization.py:205 - Index to datacube
2025-12-26 02:45:32,955 - INFO - _datasets.py:191 - Indexing 0d50abbd-738c-47d5-905b-9fe847e7073f
2025-12-26 02:45:32,960 - INFO - z_normalization.py:208 - 
2025-12-26 02:45:32,961 - INFO - z_normalization.py:209 -              ✔✔✔ COMPLETED: Tile x09_y08 | Time: 2024-05 | In 0.22 minutes
2025-12-26 02:45:32,961 - INFO - z_normalization.py:210 - 
