2025-12-26 14:56:34,119 - INFO - z_normalization.py:42 - #######################################################################
2025-12-26 14:56:34,696 - INFO - z_normalization.py:56 - Starting Z-Normalization for x09_y08 | 2025-08
2025-12-26 14:56:34,696 - INFO - z_normalization.py:58 - Create directories and naming conversions
2025-12-26 14:56:34,707 - INFO - z_normalization.py:69 - Dataset location: //nas-rs.topo.auth.gr/Latomeia/DROUGHT/z_normalized/x09/y08/2025/8/01
2025-12-26 14:56:34,707 - INFO - z_normalization.py:74 - Z-Normalization | NDVI
2025-12-26 14:56:35,082 - INFO - z_normalization.py:83 - Loaded baseline
2025-12-26 14:56:35,082 - INFO - z_normalization.py:86 - Set up values | NDVI_mean
2025-12-26 14:56:35,112 - INFO - z_normalization.py:86 - Set up values | NDVI_std
2025-12-26 14:56:35,306 - INFO - z_normalization.py:101 - Loaded composite
2025-12-26 14:56:35,306 - INFO - z_normalization.py:103 - Set up values | NDVI
2025-12-26 14:56:35,337 - INFO - z_normalization.py:110 - Setting up normalization ... 
2025-12-26 14:56:35,338 - INFO - z_normalization.py:114 - Setting up normalization ... done
2025-12-26 14:56:35,338 - INFO - z_normalization.py:116 - Normalizing ... 
2025-12-26 14:56:35,418 - INFO - z_normalization.py:121 - Normalizing ... done
2025-12-26 14:56:35,468 - INFO - z_normalization.py:74 - Z-Normalization | EVI
2025-12-26 14:56:35,723 - INFO - z_normalization.py:83 - Loaded baseline
2025-12-26 14:56:35,723 - INFO - z_normalization.py:86 - Set up values | EVI_mean
2025-12-26 14:56:35,752 - INFO - z_normalization.py:86 - Set up values | EVI_std
2025-12-26 14:56:35,929 - INFO - z_normalization.py:101 - Loaded composite
2025-12-26 14:56:35,930 - INFO - z_normalization.py:103 - Set up values | EVI
2025-12-26 14:56:35,957 - INFO - z_normalization.py:110 - Setting up normalization ... 
2025-12-26 14:56:35,959 - INFO - z_normalization.py:114 - Setting up normalization ... done
2025-12-26 14:56:35,959 - INFO - z_normalization.py:116 - Normalizing ... 
2025-12-26 14:56:36,036 - INFO - z_normalization.py:121 - Normalizing ... done
2025-12-26 14:56:36,088 - INFO - z_normalization.py:74 - Z-Normalization | PSRI2
2025-12-26 14:56:36,309 - INFO - z_normalization.py:83 - Loaded baseline
2025-12-26 14:56:36,309 - INFO - z_normalization.py:86 - Set up values | PSRI2_mean
2025-12-26 14:56:36,337 - INFO - z_normalization.py:86 - Set up values | PSRI2_std
2025-12-26 14:56:36,505 - INFO - z_normalization.py:101 - Loaded composite
2025-12-26 14:56:36,505 - INFO - z_normalization.py:103 - Set up values | PSRI2
2025-12-26 14:56:36,533 - INFO - z_normalization.py:110 - Setting up normalization ... 
2025-12-26 14:56:36,533 - INFO - z_normalization.py:114 - Setting up normalization ... done
2025-12-26 14:56:36,535 - INFO - z_normalization.py:116 - Normalizing ... 
2025-12-26 14:56:36,629 - INFO - z_normalization.py:121 - Normalizing ... done
2025-12-26 14:56:36,681 - INFO - z_normalization.py:127 - Merging into one dataset
2025-12-26 14:56:36,683 - INFO - z_normalization.py:133 - Scale and Define data types & nodata per band
2025-12-26 14:56:36,685 - INFO - z_normalization.py:145 - Assign time range and tile ID in metadata
2025-12-26 14:56:36,685 - INFO - z_normalization.py:151 - Write bands to raster COG files
2025-12-26 14:56:40,318 - INFO - z_normalization.py:164 - Write NDVI_Z -> //nas-rs.topo.auth.gr/Latomeia/DROUGHT/z_normalized/x09/y08/2025/8/01/S2L2A_znorm_x09y08_20258_NDVI_z.tif
2025-12-26 14:56:44,090 - INFO - z_normalization.py:164 - Write EVI_Z -> //nas-rs.topo.auth.gr/Latomeia/DROUGHT/z_normalized/x09/y08/2025/8/01/S2L2A_znorm_x09y08_20258_EVI_z.tif
2025-12-26 14:56:47,821 - INFO - z_normalization.py:164 - Write PSRI2_Z -> //nas-rs.topo.auth.gr/Latomeia/DROUGHT/z_normalized/x09/y08/2025/8/01/S2L2A_znorm_x09y08_20258_PSRI2_z.tif
2025-12-26 14:56:47,822 - INFO - z_normalization.py:166 - Assert relative paths and product measurements are matched
2025-12-26 14:56:47,860 - INFO - z_normalization.py:172 - Prepare metadata YAML document
2025-12-26 14:56:47,948 - INFO - z_normalization.py:192 - Write metadata YAML document to disk
2025-12-26 14:56:47,970 - INFO - z_normalization.py:197 - Create datacube.model.Dataset from eo3 metadata
2025-12-26 14:56:47,975 - INFO - z_normalization.py:210 - Index to datacube
2025-12-26 14:56:47,975 - INFO - _datasets.py:191 - Indexing 87952240-c144-463d-9319-fc1fcfe1482e
2025-12-26 14:56:47,983 - INFO - z_normalization.py:213 - 
2025-12-26 14:56:47,983 - INFO - z_normalization.py:214 -              ✔✔✔ COMPLETED: Tile x09_y08 | Time: 2025-08 | In 0.22 minutes
2025-12-26 14:56:47,983 - INFO - z_normalization.py:215 - 
2025-12-26 14:56:47,983 - INFO - z_normalization.py:230 - #######################################################################
