2025-12-26 03:06:03,226 - INFO - z_normalization.py:42 - #######################################################################
2025-12-26 03:06:03,773 - INFO - z_normalization.py:56 - Starting Z-Normalization for x10_y10 | 2024-08
2025-12-26 03:06:03,773 - INFO - z_normalization.py:58 - Create directories and naming conversions
2025-12-26 03:06:03,785 - INFO - z_normalization.py:69 - Dataset location: //nas-rs.topo.auth.gr/Latomeia/DROUGHT/z_normalized/x10/y10/2024/8/01
2025-12-26 03:06:03,786 - INFO - z_normalization.py:74 - Z-Normalization | NDVI
2025-12-26 03:06:04,149 - INFO - z_normalization.py:83 - Loaded baseline
2025-12-26 03:06:04,149 - INFO - z_normalization.py:86 - Set up values | NDVI_mean
2025-12-26 03:06:04,181 - INFO - z_normalization.py:86 - Set up values | NDVI_std
2025-12-26 03:06:04,341 - INFO - z_normalization.py:101 - Loaded composite
2025-12-26 03:06:04,341 - INFO - z_normalization.py:103 - Set up values | NDVI
2025-12-26 03:06:04,372 - INFO - z_normalization.py:110 - Setting up normalization ... 
2025-12-26 03:06:04,373 - INFO - z_normalization.py:114 - Setting up normalization ... done
2025-12-26 03:06:04,373 - INFO - z_normalization.py:116 - Normalizing ... 
2025-12-26 03:06:04,459 - INFO - z_normalization.py:121 - Normalizing ... done
2025-12-26 03:06:04,509 - INFO - z_normalization.py:74 - Z-Normalization | EVI
2025-12-26 03:06:04,721 - INFO - z_normalization.py:83 - Loaded baseline
2025-12-26 03:06:04,721 - INFO - z_normalization.py:86 - Set up values | EVI_mean
2025-12-26 03:06:04,752 - INFO - z_normalization.py:86 - Set up values | EVI_std
2025-12-26 03:06:04,942 - INFO - z_normalization.py:101 - Loaded composite
2025-12-26 03:06:04,942 - INFO - z_normalization.py:103 - Set up values | EVI
2025-12-26 03:06:04,974 - INFO - z_normalization.py:110 - Setting up normalization ... 
2025-12-26 03:06:04,974 - INFO - z_normalization.py:114 - Setting up normalization ... done
2025-12-26 03:06:04,974 - INFO - z_normalization.py:116 - Normalizing ... 
2025-12-26 03:06:05,068 - INFO - z_normalization.py:121 - Normalizing ... done
2025-12-26 03:06:05,116 - INFO - z_normalization.py:74 - Z-Normalization | PSRI2
2025-12-26 03:06:05,378 - INFO - z_normalization.py:83 - Loaded baseline
2025-12-26 03:06:05,378 - INFO - z_normalization.py:86 - Set up values | PSRI2_mean
2025-12-26 03:06:05,407 - INFO - z_normalization.py:86 - Set up values | PSRI2_std
2025-12-26 03:06:05,569 - INFO - z_normalization.py:101 - Loaded composite
2025-12-26 03:06:05,569 - INFO - z_normalization.py:103 - Set up values | PSRI2
2025-12-26 03:06:05,599 - INFO - z_normalization.py:110 - Setting up normalization ... 
2025-12-26 03:06:05,599 - INFO - z_normalization.py:114 - Setting up normalization ... done
2025-12-26 03:06:05,599 - INFO - z_normalization.py:116 - Normalizing ... 
2025-12-26 03:06:05,676 - INFO - z_normalization.py:121 - Normalizing ... done
2025-12-26 03:06:05,726 - INFO - z_normalization.py:127 - Merging into one dataset
2025-12-26 03:06:05,727 - INFO - z_normalization.py:133 - Scale and Define data types & nodata per band
2025-12-26 03:06:05,730 - INFO - z_normalization.py:145 - Assign time range and tile ID in metadata
2025-12-26 03:06:05,730 - INFO - z_normalization.py:151 - Write bands to raster COG files
2025-12-26 03:06:09,385 - INFO - z_normalization.py:164 - Write NDVI_Z -> //nas-rs.topo.auth.gr/Latomeia/DROUGHT/z_normalized/x10/y10/2024/8/01/S2L2A_znorm_x10y10_20248_NDVI_z.tif
2025-12-26 03:06:13,072 - INFO - z_normalization.py:164 - Write EVI_Z -> //nas-rs.topo.auth.gr/Latomeia/DROUGHT/z_normalized/x10/y10/2024/8/01/S2L2A_znorm_x10y10_20248_EVI_z.tif
2025-12-26 03:06:16,807 - INFO - z_normalization.py:164 - Write PSRI2_Z -> //nas-rs.topo.auth.gr/Latomeia/DROUGHT/z_normalized/x10/y10/2024/8/01/S2L2A_znorm_x10y10_20248_PSRI2_z.tif
2025-12-26 03:06:16,807 - INFO - z_normalization.py:166 - Prepare metadata YAML document
2025-12-26 03:06:16,896 - INFO - z_normalization.py:187 - Write metadata YAML document to disk
2025-12-26 03:06:16,915 - INFO - z_normalization.py:192 - Create datacube.model.Dataset from eo3 metadata
2025-12-26 03:06:16,919 - INFO - z_normalization.py:205 - Index to datacube
2025-12-26 03:06:16,919 - INFO - _datasets.py:191 - Indexing 277fb0c7-1bf6-427a-8185-d00e01acb48c
2025-12-26 03:06:16,926 - INFO - z_normalization.py:208 - 
2025-12-26 03:06:16,926 - INFO - z_normalization.py:209 -              ✔✔✔ COMPLETED: Tile x10_y10 | Time: 2024-08 | In 0.22 minutes
2025-12-26 03:06:16,926 - INFO - z_normalization.py:210 - 
