2025-12-26 02:48:46,550 - INFO - z_normalization.py:42 - #######################################################################
2025-12-26 02:48:47,137 - INFO - z_normalization.py:56 - Starting Z-Normalization for x11_y11 | 2024-05
2025-12-26 02:48:47,137 - INFO - z_normalization.py:58 - Create directories and naming conversions
2025-12-26 02:48:47,149 - INFO - z_normalization.py:69 - Dataset location: //nas-rs.topo.auth.gr/Latomeia/DROUGHT/z_normalized/x11/y11/2024/5/01
2025-12-26 02:48:47,150 - INFO - z_normalization.py:74 - Z-Normalization | NDVI
2025-12-26 02:48:47,535 - INFO - z_normalization.py:83 - Loaded baseline
2025-12-26 02:48:47,536 - INFO - z_normalization.py:86 - Set up values | NDVI_mean
2025-12-26 02:48:47,565 - INFO - z_normalization.py:86 - Set up values | NDVI_std
2025-12-26 02:48:47,768 - INFO - z_normalization.py:101 - Loaded composite
2025-12-26 02:48:47,768 - INFO - z_normalization.py:103 - Set up values | NDVI
2025-12-26 02:48:47,796 - INFO - z_normalization.py:110 - Setting up normalization ... 
2025-12-26 02:48:47,797 - INFO - z_normalization.py:114 - Setting up normalization ... done
2025-12-26 02:48:47,797 - INFO - z_normalization.py:116 - Normalizing ... 
2025-12-26 02:48:47,874 - INFO - z_normalization.py:121 - Normalizing ... done
2025-12-26 02:48:47,925 - INFO - z_normalization.py:74 - Z-Normalization | EVI
2025-12-26 02:48:48,162 - INFO - z_normalization.py:83 - Loaded baseline
2025-12-26 02:48:48,162 - INFO - z_normalization.py:86 - Set up values | EVI_mean
2025-12-26 02:48:48,193 - INFO - z_normalization.py:86 - Set up values | EVI_std
2025-12-26 02:48:48,364 - INFO - z_normalization.py:101 - Loaded composite
2025-12-26 02:48:48,364 - INFO - z_normalization.py:103 - Set up values | EVI
2025-12-26 02:48:48,392 - INFO - z_normalization.py:110 - Setting up normalization ... 
2025-12-26 02:48:48,392 - INFO - z_normalization.py:114 - Setting up normalization ... done
2025-12-26 02:48:48,392 - INFO - z_normalization.py:116 - Normalizing ... 
2025-12-26 02:48:48,468 - INFO - z_normalization.py:121 - Normalizing ... done
2025-12-26 02:48:48,520 - INFO - z_normalization.py:74 - Z-Normalization | PSRI2
2025-12-26 02:48:48,753 - INFO - z_normalization.py:83 - Loaded baseline
2025-12-26 02:48:48,753 - INFO - z_normalization.py:86 - Set up values | PSRI2_mean
2025-12-26 02:48:48,782 - INFO - z_normalization.py:86 - Set up values | PSRI2_std
2025-12-26 02:48:48,942 - INFO - z_normalization.py:101 - Loaded composite
2025-12-26 02:48:48,942 - INFO - z_normalization.py:103 - Set up values | PSRI2
2025-12-26 02:48:48,971 - INFO - z_normalization.py:110 - Setting up normalization ... 
2025-12-26 02:48:48,971 - INFO - z_normalization.py:114 - Setting up normalization ... done
2025-12-26 02:48:48,971 - INFO - z_normalization.py:116 - Normalizing ... 
2025-12-26 02:48:49,055 - INFO - z_normalization.py:121 - Normalizing ... done
2025-12-26 02:48:49,109 - INFO - z_normalization.py:127 - Merging into one dataset
2025-12-26 02:48:49,111 - INFO - z_normalization.py:133 - Scale and Define data types & nodata per band
2025-12-26 02:48:49,113 - INFO - z_normalization.py:145 - Assign time range and tile ID in metadata
2025-12-26 02:48:49,113 - INFO - z_normalization.py:151 - Write bands to raster COG files
2025-12-26 02:48:52,740 - INFO - z_normalization.py:164 - Write NDVI_Z -> //nas-rs.topo.auth.gr/Latomeia/DROUGHT/z_normalized/x11/y11/2024/5/01/S2L2A_znorm_x11y11_20245_NDVI_z.tif
2025-12-26 02:48:56,369 - INFO - z_normalization.py:164 - Write EVI_Z -> //nas-rs.topo.auth.gr/Latomeia/DROUGHT/z_normalized/x11/y11/2024/5/01/S2L2A_znorm_x11y11_20245_EVI_z.tif
2025-12-26 02:49:00,268 - INFO - z_normalization.py:164 - Write PSRI2_Z -> //nas-rs.topo.auth.gr/Latomeia/DROUGHT/z_normalized/x11/y11/2024/5/01/S2L2A_znorm_x11y11_20245_PSRI2_z.tif
2025-12-26 02:49:00,268 - INFO - z_normalization.py:166 - Prepare metadata YAML document
2025-12-26 02:49:00,357 - INFO - z_normalization.py:187 - Write metadata YAML document to disk
2025-12-26 02:49:00,378 - INFO - z_normalization.py:192 - Create datacube.model.Dataset from eo3 metadata
2025-12-26 02:49:00,381 - INFO - z_normalization.py:205 - Index to datacube
2025-12-26 02:49:00,382 - INFO - _datasets.py:191 - Indexing 8f3df0c2-0d22-45de-af97-15abfc76f452
2025-12-26 02:49:00,390 - INFO - z_normalization.py:208 - 
2025-12-26 02:49:00,390 - INFO - z_normalization.py:209 -              ✔✔✔ COMPLETED: Tile x11_y11 | Time: 2024-05 | In 0.22 minutes
2025-12-26 02:49:00,390 - INFO - z_normalization.py:210 - 
