2025-12-26 15:12:11,938 - INFO - z_normalization.py:42 - #######################################################################
2025-12-26 15:12:12,510 - INFO - z_normalization.py:56 - Starting Z-Normalization for x10_y10 | 2025-10
2025-12-26 15:12:12,510 - INFO - z_normalization.py:58 - Create directories and naming conversions
2025-12-26 15:12:12,524 - INFO - z_normalization.py:69 - Dataset location: //nas-rs.topo.auth.gr/Latomeia/DROUGHT/z_normalized/x10/y10/2025/10/01
2025-12-26 15:12:12,524 - INFO - z_normalization.py:74 - Z-Normalization | NDVI
2025-12-26 15:12:12,871 - INFO - z_normalization.py:83 - Loaded baseline
2025-12-26 15:12:12,871 - INFO - z_normalization.py:86 - Set up values | NDVI_mean
2025-12-26 15:12:12,904 - INFO - z_normalization.py:86 - Set up values | NDVI_std
2025-12-26 15:12:13,068 - INFO - z_normalization.py:101 - Loaded composite
2025-12-26 15:12:13,068 - INFO - z_normalization.py:103 - Set up values | NDVI
2025-12-26 15:12:13,102 - INFO - z_normalization.py:110 - Setting up normalization ... 
2025-12-26 15:12:13,102 - INFO - z_normalization.py:114 - Setting up normalization ... done
2025-12-26 15:12:13,102 - INFO - z_normalization.py:116 - Normalizing ... 
2025-12-26 15:12:13,193 - INFO - z_normalization.py:121 - Normalizing ... done
2025-12-26 15:12:13,245 - INFO - z_normalization.py:74 - Z-Normalization | EVI
2025-12-26 15:12:13,481 - INFO - z_normalization.py:83 - Loaded baseline
2025-12-26 15:12:13,481 - INFO - z_normalization.py:86 - Set up values | EVI_mean
2025-12-26 15:12:13,515 - INFO - z_normalization.py:86 - Set up values | EVI_std
2025-12-26 15:12:13,720 - INFO - z_normalization.py:101 - Loaded composite
2025-12-26 15:12:13,720 - INFO - z_normalization.py:103 - Set up values | EVI
2025-12-26 15:12:13,751 - INFO - z_normalization.py:110 - Setting up normalization ... 
2025-12-26 15:12:13,752 - INFO - z_normalization.py:114 - Setting up normalization ... done
2025-12-26 15:12:13,752 - INFO - z_normalization.py:116 - Normalizing ... 
2025-12-26 15:12:13,839 - INFO - z_normalization.py:121 - Normalizing ... done
2025-12-26 15:12:13,892 - INFO - z_normalization.py:74 - Z-Normalization | PSRI2
2025-12-26 15:12:14,128 - INFO - z_normalization.py:83 - Loaded baseline
2025-12-26 15:12:14,128 - INFO - z_normalization.py:86 - Set up values | PSRI2_mean
2025-12-26 15:12:14,155 - INFO - z_normalization.py:86 - Set up values | PSRI2_std
2025-12-26 15:12:14,289 - INFO - z_normalization.py:101 - Loaded composite
2025-12-26 15:12:14,289 - INFO - z_normalization.py:103 - Set up values | PSRI2
2025-12-26 15:12:14,317 - INFO - z_normalization.py:110 - Setting up normalization ... 
2025-12-26 15:12:14,317 - INFO - z_normalization.py:114 - Setting up normalization ... done
2025-12-26 15:12:14,317 - INFO - z_normalization.py:116 - Normalizing ... 
2025-12-26 15:12:14,393 - INFO - z_normalization.py:121 - Normalizing ... done
2025-12-26 15:12:14,447 - INFO - z_normalization.py:127 - Merging into one dataset
2025-12-26 15:12:14,448 - INFO - z_normalization.py:133 - Scale and Define data types & nodata per band
2025-12-26 15:12:14,449 - INFO - z_normalization.py:145 - Assign time range and tile ID in metadata
2025-12-26 15:12:14,449 - INFO - z_normalization.py:151 - Write bands to raster COG files
2025-12-26 15:12:18,144 - INFO - z_normalization.py:164 - Write NDVI_Z -> //nas-rs.topo.auth.gr/Latomeia/DROUGHT/z_normalized/x10/y10/2025/10/01/S2L2A_znorm_x10y10_202510_NDVI_z.tif
2025-12-26 15:12:22,475 - INFO - z_normalization.py:164 - Write EVI_Z -> //nas-rs.topo.auth.gr/Latomeia/DROUGHT/z_normalized/x10/y10/2025/10/01/S2L2A_znorm_x10y10_202510_EVI_z.tif
2025-12-26 15:12:26,338 - INFO - z_normalization.py:164 - Write PSRI2_Z -> //nas-rs.topo.auth.gr/Latomeia/DROUGHT/z_normalized/x10/y10/2025/10/01/S2L2A_znorm_x10y10_202510_PSRI2_z.tif
2025-12-26 15:12:26,338 - INFO - z_normalization.py:166 - Assert relative paths and product measurements are matched
2025-12-26 15:12:26,375 - INFO - z_normalization.py:172 - Prepare metadata YAML document
2025-12-26 15:12:26,472 - INFO - z_normalization.py:192 - Write metadata YAML document to disk
2025-12-26 15:12:26,492 - INFO - z_normalization.py:197 - Create datacube.model.Dataset from eo3 metadata
2025-12-26 15:12:26,496 - INFO - z_normalization.py:210 - Index to datacube
2025-12-26 15:12:26,496 - INFO - _datasets.py:191 - Indexing ae5080c3-8be7-421d-9126-9347f3f60d04
2025-12-26 15:12:26,504 - INFO - z_normalization.py:213 - 
2025-12-26 15:12:26,504 - INFO - z_normalization.py:214 -              ✔✔✔ COMPLETED: Tile x10_y10 | Time: 2025-10 | In 0.23 minutes
2025-12-26 15:12:26,504 - INFO - z_normalization.py:215 - 
2025-12-26 15:12:26,504 - INFO - z_normalization.py:230 - #######################################################################
