2025-12-26 12:48:25,706 - INFO - z_normalization.py:42 - #######################################################################
2025-12-26 12:48:26,412 - INFO - z_normalization.py:56 - Starting Z-Normalization for x11_y11 | 2023-12
2025-12-26 12:48:26,412 - INFO - z_normalization.py:58 - Create directories and naming conversions
2025-12-26 12:48:26,426 - INFO - z_normalization.py:69 - Dataset location: //nas-rs.topo.auth.gr/Latomeia/DROUGHT/z_normalized/x11/y11/2023/12/01
2025-12-26 12:48:26,426 - INFO - z_normalization.py:74 - Z-Normalization | NDVI
2025-12-26 12:48:26,836 - INFO - z_normalization.py:83 - Loaded baseline
2025-12-26 12:48:26,836 - INFO - z_normalization.py:86 - Set up values | NDVI_mean
2025-12-26 12:48:26,867 - INFO - z_normalization.py:86 - Set up values | NDVI_std
2025-12-26 12:48:27,048 - INFO - z_normalization.py:101 - Loaded composite
2025-12-26 12:48:27,049 - INFO - z_normalization.py:103 - Set up values | NDVI
2025-12-26 12:48:27,080 - INFO - z_normalization.py:110 - Setting up normalization ... 
2025-12-26 12:48:27,080 - INFO - z_normalization.py:114 - Setting up normalization ... done
2025-12-26 12:48:27,080 - INFO - z_normalization.py:116 - Normalizing ... 
2025-12-26 12:48:27,176 - INFO - z_normalization.py:121 - Normalizing ... done
2025-12-26 12:48:27,252 - INFO - z_normalization.py:74 - Z-Normalization | EVI
2025-12-26 12:48:27,520 - INFO - z_normalization.py:83 - Loaded baseline
2025-12-26 12:48:27,520 - INFO - z_normalization.py:86 - Set up values | EVI_mean
2025-12-26 12:48:27,554 - INFO - z_normalization.py:86 - Set up values | EVI_std
2025-12-26 12:48:27,745 - INFO - z_normalization.py:101 - Loaded composite
2025-12-26 12:48:27,745 - INFO - z_normalization.py:103 - Set up values | EVI
2025-12-26 12:48:27,777 - INFO - z_normalization.py:110 - Setting up normalization ... 
2025-12-26 12:48:27,777 - INFO - z_normalization.py:114 - Setting up normalization ... done
2025-12-26 12:48:27,777 - INFO - z_normalization.py:116 - Normalizing ... 
2025-12-26 12:48:27,862 - INFO - z_normalization.py:121 - Normalizing ... done
2025-12-26 12:48:27,927 - INFO - z_normalization.py:74 - Z-Normalization | PSRI2
2025-12-26 12:48:28,171 - INFO - z_normalization.py:83 - Loaded baseline
2025-12-26 12:48:28,171 - INFO - z_normalization.py:86 - Set up values | PSRI2_mean
2025-12-26 12:48:28,204 - INFO - z_normalization.py:86 - Set up values | PSRI2_std
2025-12-26 12:48:28,388 - INFO - z_normalization.py:101 - Loaded composite
2025-12-26 12:48:28,388 - INFO - z_normalization.py:103 - Set up values | PSRI2
2025-12-26 12:48:28,418 - INFO - z_normalization.py:110 - Setting up normalization ... 
2025-12-26 12:48:28,418 - INFO - z_normalization.py:114 - Setting up normalization ... done
2025-12-26 12:48:28,418 - INFO - z_normalization.py:116 - Normalizing ... 
2025-12-26 12:48:28,515 - INFO - z_normalization.py:121 - Normalizing ... done
2025-12-26 12:48:28,582 - INFO - z_normalization.py:127 - Merging into one dataset
2025-12-26 12:48:28,583 - INFO - z_normalization.py:133 - Scale and Define data types & nodata per band
2025-12-26 12:48:28,586 - INFO - z_normalization.py:145 - Assign time range and tile ID in metadata
2025-12-26 12:48:28,586 - INFO - z_normalization.py:151 - Write bands to raster COG files
2025-12-26 12:48:32,248 - INFO - z_normalization.py:164 - Write NDVI_Z -> //nas-rs.topo.auth.gr/Latomeia/DROUGHT/z_normalized/x11/y11/2023/12/01/S2L2A_znorm_x11y11_202312_NDVI_z.tif
2025-12-26 12:48:35,933 - INFO - z_normalization.py:164 - Write EVI_Z -> //nas-rs.topo.auth.gr/Latomeia/DROUGHT/z_normalized/x11/y11/2023/12/01/S2L2A_znorm_x11y11_202312_EVI_z.tif
2025-12-26 12:48:39,711 - INFO - z_normalization.py:164 - Write PSRI2_Z -> //nas-rs.topo.auth.gr/Latomeia/DROUGHT/z_normalized/x11/y11/2023/12/01/S2L2A_znorm_x11y11_202312_PSRI2_z.tif
2025-12-26 12:48:39,712 - INFO - z_normalization.py:166 - Assert relative paths and product measurements are matched
2025-12-26 12:48:39,752 - INFO - z_normalization.py:172 - Prepare metadata YAML document
2025-12-26 12:48:39,850 - INFO - z_normalization.py:192 - Write metadata YAML document to disk
2025-12-26 12:48:39,871 - INFO - z_normalization.py:197 - Create datacube.model.Dataset from eo3 metadata
2025-12-26 12:48:39,875 - INFO - z_normalization.py:210 - Index to datacube
2025-12-26 12:48:39,875 - INFO - _datasets.py:191 - Indexing c4d73bcf-0568-4c91-a6b5-604faa10d7c1
2025-12-26 12:48:39,883 - INFO - z_normalization.py:213 - 
2025-12-26 12:48:39,883 - INFO - z_normalization.py:214 -              ✔✔✔ COMPLETED: Tile x11_y11 | Time: 2023-12 | In 0.22 minutes
2025-12-26 12:48:39,883 - INFO - z_normalization.py:215 - 
2025-12-26 12:48:39,883 - INFO - z_normalization.py:230 - #######################################################################
