2025-12-26 14:11:03,196 - INFO - z_normalization.py:42 - #######################################################################
2025-12-26 14:11:03,787 - INFO - z_normalization.py:56 - Starting Z-Normalization for x09_y10 | 2025-01
2025-12-26 14:11:03,788 - INFO - z_normalization.py:58 - Create directories and naming conversions
2025-12-26 14:11:03,804 - INFO - z_normalization.py:69 - Dataset location: //nas-rs.topo.auth.gr/Latomeia/DROUGHT/z_normalized/x09/y10/2025/1/01
2025-12-26 14:11:03,805 - INFO - z_normalization.py:74 - Z-Normalization | NDVI
2025-12-26 14:11:04,156 - INFO - z_normalization.py:83 - Loaded baseline
2025-12-26 14:11:04,156 - INFO - z_normalization.py:86 - Set up values | NDVI_mean
2025-12-26 14:11:04,192 - INFO - z_normalization.py:86 - Set up values | NDVI_std
2025-12-26 14:11:04,373 - INFO - z_normalization.py:101 - Loaded composite
2025-12-26 14:11:04,373 - INFO - z_normalization.py:103 - Set up values | NDVI
2025-12-26 14:11:04,403 - INFO - z_normalization.py:110 - Setting up normalization ... 
2025-12-26 14:11:04,404 - INFO - z_normalization.py:114 - Setting up normalization ... done
2025-12-26 14:11:04,404 - INFO - z_normalization.py:116 - Normalizing ... 
2025-12-26 14:11:04,485 - INFO - z_normalization.py:121 - Normalizing ... done
2025-12-26 14:11:04,537 - INFO - z_normalization.py:74 - Z-Normalization | EVI
2025-12-26 14:11:04,827 - INFO - z_normalization.py:83 - Loaded baseline
2025-12-26 14:11:04,827 - INFO - z_normalization.py:86 - Set up values | EVI_mean
2025-12-26 14:11:04,856 - INFO - z_normalization.py:86 - Set up values | EVI_std
2025-12-26 14:11:05,006 - INFO - z_normalization.py:101 - Loaded composite
2025-12-26 14:11:05,006 - INFO - z_normalization.py:103 - Set up values | EVI
2025-12-26 14:11:05,038 - INFO - z_normalization.py:110 - Setting up normalization ... 
2025-12-26 14:11:05,038 - INFO - z_normalization.py:114 - Setting up normalization ... done
2025-12-26 14:11:05,038 - INFO - z_normalization.py:116 - Normalizing ... 
2025-12-26 14:11:05,116 - INFO - z_normalization.py:121 - Normalizing ... done
2025-12-26 14:11:05,168 - INFO - z_normalization.py:74 - Z-Normalization | PSRI2
2025-12-26 14:11:05,403 - INFO - z_normalization.py:83 - Loaded baseline
2025-12-26 14:11:05,403 - INFO - z_normalization.py:86 - Set up values | PSRI2_mean
2025-12-26 14:11:05,432 - INFO - z_normalization.py:86 - Set up values | PSRI2_std
2025-12-26 14:11:05,571 - INFO - z_normalization.py:101 - Loaded composite
2025-12-26 14:11:05,571 - INFO - z_normalization.py:103 - Set up values | PSRI2
2025-12-26 14:11:05,603 - INFO - z_normalization.py:110 - Setting up normalization ... 
2025-12-26 14:11:05,604 - INFO - z_normalization.py:114 - Setting up normalization ... done
2025-12-26 14:11:05,604 - INFO - z_normalization.py:116 - Normalizing ... 
2025-12-26 14:11:05,690 - INFO - z_normalization.py:121 - Normalizing ... done
2025-12-26 14:11:05,744 - INFO - z_normalization.py:127 - Merging into one dataset
2025-12-26 14:11:05,745 - INFO - z_normalization.py:133 - Scale and Define data types & nodata per band
2025-12-26 14:11:05,746 - INFO - z_normalization.py:145 - Assign time range and tile ID in metadata
2025-12-26 14:11:05,746 - INFO - z_normalization.py:151 - Write bands to raster COG files
2025-12-26 14:11:10,710 - INFO - z_normalization.py:164 - Write NDVI_Z -> //nas-rs.topo.auth.gr/Latomeia/DROUGHT/z_normalized/x09/y10/2025/1/01/S2L2A_znorm_x09y10_20251_NDVI_z.tif
2025-12-26 14:11:14,503 - INFO - z_normalization.py:164 - Write EVI_Z -> //nas-rs.topo.auth.gr/Latomeia/DROUGHT/z_normalized/x09/y10/2025/1/01/S2L2A_znorm_x09y10_20251_EVI_z.tif
2025-12-26 14:11:17,979 - INFO - z_normalization.py:164 - Write PSRI2_Z -> //nas-rs.topo.auth.gr/Latomeia/DROUGHT/z_normalized/x09/y10/2025/1/01/S2L2A_znorm_x09y10_20251_PSRI2_z.tif
2025-12-26 14:11:17,979 - INFO - z_normalization.py:166 - Assert relative paths and product measurements are matched
2025-12-26 14:11:18,022 - INFO - z_normalization.py:172 - Prepare metadata YAML document
2025-12-26 14:11:18,114 - INFO - z_normalization.py:192 - Write metadata YAML document to disk
2025-12-26 14:11:18,136 - INFO - z_normalization.py:197 - Create datacube.model.Dataset from eo3 metadata
2025-12-26 14:11:18,141 - INFO - z_normalization.py:210 - Index to datacube
2025-12-26 14:11:18,141 - INFO - _datasets.py:191 - Indexing 609fcad0-b29b-4124-a8b7-9146ba46cf6c
2025-12-26 14:11:18,149 - INFO - z_normalization.py:213 - 
2025-12-26 14:11:18,149 - INFO - z_normalization.py:214 -              ✔✔✔ COMPLETED: Tile x09_y10 | Time: 2025-01 | In 0.24 minutes
2025-12-26 14:11:18,149 - INFO - z_normalization.py:215 - 
2025-12-26 14:11:18,149 - INFO - z_normalization.py:230 - #######################################################################
