2025-12-26 03:33:14,105 - INFO - z_normalization.py:42 - #######################################################################
2025-12-26 03:33:14,657 - INFO - z_normalization.py:56 - Starting Z-Normalization for x07_y12 | 2025-01
2025-12-26 03:33:14,658 - INFO - z_normalization.py:58 - Create directories and naming conversions
2025-12-26 03:33:14,674 - INFO - z_normalization.py:69 - Dataset location: //nas-rs.topo.auth.gr/Latomeia/DROUGHT/z_normalized/x07/y12/2025/1/01
2025-12-26 03:33:14,674 - INFO - z_normalization.py:74 - Z-Normalization | NDVI
2025-12-26 03:33:15,070 - INFO - z_normalization.py:83 - Loaded baseline
2025-12-26 03:33:15,070 - INFO - z_normalization.py:86 - Set up values | NDVI_mean
2025-12-26 03:33:15,100 - INFO - z_normalization.py:86 - Set up values | NDVI_std
2025-12-26 03:33:15,288 - INFO - z_normalization.py:101 - Loaded composite
2025-12-26 03:33:15,288 - INFO - z_normalization.py:103 - Set up values | NDVI
2025-12-26 03:33:15,318 - INFO - z_normalization.py:110 - Setting up normalization ... 
2025-12-26 03:33:15,318 - INFO - z_normalization.py:114 - Setting up normalization ... done
2025-12-26 03:33:15,318 - INFO - z_normalization.py:116 - Normalizing ... 
2025-12-26 03:33:15,399 - INFO - z_normalization.py:121 - Normalizing ... done
2025-12-26 03:33:15,451 - INFO - z_normalization.py:74 - Z-Normalization | EVI
2025-12-26 03:33:15,673 - INFO - z_normalization.py:83 - Loaded baseline
2025-12-26 03:33:15,673 - INFO - z_normalization.py:86 - Set up values | EVI_mean
2025-12-26 03:33:15,702 - INFO - z_normalization.py:86 - Set up values | EVI_std
2025-12-26 03:33:15,871 - INFO - z_normalization.py:101 - Loaded composite
2025-12-26 03:33:15,871 - INFO - z_normalization.py:103 - Set up values | EVI
2025-12-26 03:33:15,899 - INFO - z_normalization.py:110 - Setting up normalization ... 
2025-12-26 03:33:15,899 - INFO - z_normalization.py:114 - Setting up normalization ... done
2025-12-26 03:33:15,899 - INFO - z_normalization.py:116 - Normalizing ... 
2025-12-26 03:33:15,978 - INFO - z_normalization.py:121 - Normalizing ... done
2025-12-26 03:33:16,030 - INFO - z_normalization.py:74 - Z-Normalization | PSRI2
2025-12-26 03:33:16,269 - INFO - z_normalization.py:83 - Loaded baseline
2025-12-26 03:33:16,269 - INFO - z_normalization.py:86 - Set up values | PSRI2_mean
2025-12-26 03:33:16,302 - INFO - z_normalization.py:86 - Set up values | PSRI2_std
2025-12-26 03:33:16,469 - INFO - z_normalization.py:101 - Loaded composite
2025-12-26 03:33:16,469 - INFO - z_normalization.py:103 - Set up values | PSRI2
2025-12-26 03:33:16,497 - INFO - z_normalization.py:110 - Setting up normalization ... 
2025-12-26 03:33:16,497 - INFO - z_normalization.py:114 - Setting up normalization ... done
2025-12-26 03:33:16,497 - INFO - z_normalization.py:116 - Normalizing ... 
2025-12-26 03:33:16,574 - INFO - z_normalization.py:121 - Normalizing ... done
2025-12-26 03:33:16,622 - INFO - z_normalization.py:127 - Merging into one dataset
2025-12-26 03:33:16,624 - INFO - z_normalization.py:133 - Scale and Define data types & nodata per band
2025-12-26 03:33:16,625 - INFO - z_normalization.py:145 - Assign time range and tile ID in metadata
2025-12-26 03:33:16,625 - INFO - z_normalization.py:151 - Write bands to raster COG files
2025-12-26 03:33:20,230 - INFO - z_normalization.py:164 - Write NDVI_Z -> //nas-rs.topo.auth.gr/Latomeia/DROUGHT/z_normalized/x07/y12/2025/1/01/S2L2A_znorm_x07y12_20251_NDVI_z.tif
2025-12-26 03:33:23,784 - INFO - z_normalization.py:164 - Write EVI_Z -> //nas-rs.topo.auth.gr/Latomeia/DROUGHT/z_normalized/x07/y12/2025/1/01/S2L2A_znorm_x07y12_20251_EVI_z.tif
2025-12-26 03:33:27,409 - INFO - z_normalization.py:164 - Write PSRI2_Z -> //nas-rs.topo.auth.gr/Latomeia/DROUGHT/z_normalized/x07/y12/2025/1/01/S2L2A_znorm_x07y12_20251_PSRI2_z.tif
2025-12-26 03:33:27,409 - INFO - z_normalization.py:166 - Prepare metadata YAML document
2025-12-26 03:33:27,505 - INFO - z_normalization.py:187 - Write metadata YAML document to disk
2025-12-26 03:33:27,526 - INFO - z_normalization.py:192 - Create datacube.model.Dataset from eo3 metadata
2025-12-26 03:33:27,529 - INFO - z_normalization.py:205 - Index to datacube
2025-12-26 03:33:27,530 - INFO - _datasets.py:191 - Indexing f6c49589-ede3-4fe4-b415-94bce76b7e5b
2025-12-26 03:33:27,538 - INFO - z_normalization.py:208 - 
2025-12-26 03:33:27,538 - INFO - z_normalization.py:209 -              ✔✔✔ COMPLETED: Tile x07_y12 | Time: 2025-01 | In 0.21 minutes
2025-12-26 03:33:27,538 - INFO - z_normalization.py:210 - 
