2025-12-26 03:42:48,932 - INFO - z_normalization.py:42 - #######################################################################
2025-12-26 03:42:49,534 - INFO - z_normalization.py:56 - Starting Z-Normalization for x10_y11 | 2025-02
2025-12-26 03:42:49,535 - INFO - z_normalization.py:58 - Create directories and naming conversions
2025-12-26 03:42:49,547 - INFO - z_normalization.py:69 - Dataset location: //nas-rs.topo.auth.gr/Latomeia/DROUGHT/z_normalized/x10/y11/2025/2/01
2025-12-26 03:42:49,547 - INFO - z_normalization.py:74 - Z-Normalization | NDVI
2025-12-26 03:42:49,949 - INFO - z_normalization.py:83 - Loaded baseline
2025-12-26 03:42:49,949 - INFO - z_normalization.py:86 - Set up values | NDVI_mean
2025-12-26 03:42:49,985 - INFO - z_normalization.py:86 - Set up values | NDVI_std
2025-12-26 03:42:50,178 - INFO - z_normalization.py:101 - Loaded composite
2025-12-26 03:42:50,178 - INFO - z_normalization.py:103 - Set up values | NDVI
2025-12-26 03:42:50,205 - INFO - z_normalization.py:110 - Setting up normalization ... 
2025-12-26 03:42:50,206 - INFO - z_normalization.py:114 - Setting up normalization ... done
2025-12-26 03:42:50,206 - INFO - z_normalization.py:116 - Normalizing ... 
2025-12-26 03:42:50,284 - INFO - z_normalization.py:121 - Normalizing ... done
2025-12-26 03:42:50,334 - INFO - z_normalization.py:74 - Z-Normalization | EVI
2025-12-26 03:42:50,563 - INFO - z_normalization.py:83 - Loaded baseline
2025-12-26 03:42:50,563 - INFO - z_normalization.py:86 - Set up values | EVI_mean
2025-12-26 03:42:50,593 - INFO - z_normalization.py:86 - Set up values | EVI_std
2025-12-26 03:42:50,761 - INFO - z_normalization.py:101 - Loaded composite
2025-12-26 03:42:50,762 - INFO - z_normalization.py:103 - Set up values | EVI
2025-12-26 03:42:50,790 - INFO - z_normalization.py:110 - Setting up normalization ... 
2025-12-26 03:42:50,790 - INFO - z_normalization.py:114 - Setting up normalization ... done
2025-12-26 03:42:50,790 - INFO - z_normalization.py:116 - Normalizing ... 
2025-12-26 03:42:50,874 - INFO - z_normalization.py:121 - Normalizing ... done
2025-12-26 03:42:50,925 - INFO - z_normalization.py:74 - Z-Normalization | PSRI2
2025-12-26 03:42:51,156 - INFO - z_normalization.py:83 - Loaded baseline
2025-12-26 03:42:51,157 - INFO - z_normalization.py:86 - Set up values | PSRI2_mean
2025-12-26 03:42:51,183 - INFO - z_normalization.py:86 - Set up values | PSRI2_std
2025-12-26 03:42:51,338 - INFO - z_normalization.py:101 - Loaded composite
2025-12-26 03:42:51,338 - INFO - z_normalization.py:103 - Set up values | PSRI2
2025-12-26 03:42:51,366 - INFO - z_normalization.py:110 - Setting up normalization ... 
2025-12-26 03:42:51,366 - INFO - z_normalization.py:114 - Setting up normalization ... done
2025-12-26 03:42:51,366 - INFO - z_normalization.py:116 - Normalizing ... 
2025-12-26 03:42:51,444 - INFO - z_normalization.py:121 - Normalizing ... done
2025-12-26 03:42:51,493 - INFO - z_normalization.py:127 - Merging into one dataset
2025-12-26 03:42:51,495 - INFO - z_normalization.py:133 - Scale and Define data types & nodata per band
2025-12-26 03:42:51,496 - INFO - z_normalization.py:145 - Assign time range and tile ID in metadata
2025-12-26 03:42:51,496 - INFO - z_normalization.py:151 - Write bands to raster COG files
2025-12-26 03:42:55,121 - INFO - z_normalization.py:164 - Write NDVI_Z -> //nas-rs.topo.auth.gr/Latomeia/DROUGHT/z_normalized/x10/y11/2025/2/01/S2L2A_znorm_x10y11_20252_NDVI_z.tif
2025-12-26 03:42:58,689 - INFO - z_normalization.py:164 - Write EVI_Z -> //nas-rs.topo.auth.gr/Latomeia/DROUGHT/z_normalized/x10/y11/2025/2/01/S2L2A_znorm_x10y11_20252_EVI_z.tif
2025-12-26 03:43:02,231 - INFO - z_normalization.py:164 - Write PSRI2_Z -> //nas-rs.topo.auth.gr/Latomeia/DROUGHT/z_normalized/x10/y11/2025/2/01/S2L2A_znorm_x10y11_20252_PSRI2_z.tif
2025-12-26 03:43:02,231 - INFO - z_normalization.py:166 - Prepare metadata YAML document
2025-12-26 03:43:02,319 - INFO - z_normalization.py:187 - Write metadata YAML document to disk
2025-12-26 03:43:02,340 - INFO - z_normalization.py:192 - Create datacube.model.Dataset from eo3 metadata
2025-12-26 03:43:02,343 - INFO - z_normalization.py:205 - Index to datacube
2025-12-26 03:43:02,344 - INFO - _datasets.py:191 - Indexing dc0cae7d-5cea-49a6-907d-64352e66d8ea
2025-12-26 03:43:02,352 - INFO - z_normalization.py:208 - 
2025-12-26 03:43:02,352 - INFO - z_normalization.py:209 -              ✔✔✔ COMPLETED: Tile x10_y11 | Time: 2025-02 | In 0.21 minutes
2025-12-26 03:43:02,352 - INFO - z_normalization.py:210 - 
