2025-12-26 01:34:11,526 - INFO - z_normalization.py:42 - #######################################################################
2025-12-26 01:34:12,173 - INFO - z_normalization.py:56 - Starting Z-Normalization for x10_y11 | 2023-05
2025-12-26 01:34:12,174 - INFO - z_normalization.py:58 - Create directories and naming conversions
2025-12-26 01:34:12,186 - INFO - z_normalization.py:69 - Dataset location: //nas-rs.topo.auth.gr/Latomeia/DROUGHT/z_normalized/x10/y11/2023/5/01
2025-12-26 01:34:12,186 - INFO - z_normalization.py:74 - Z-Normalization | NDVI
2025-12-26 01:34:12,593 - INFO - z_normalization.py:83 - Loaded baseline
2025-12-26 01:34:12,593 - INFO - z_normalization.py:86 - Set up values | NDVI_mean
2025-12-26 01:34:12,626 - INFO - z_normalization.py:86 - Set up values | NDVI_std
2025-12-26 01:34:12,805 - INFO - z_normalization.py:101 - Loaded composite
2025-12-26 01:34:12,805 - INFO - z_normalization.py:103 - Set up values | NDVI
2025-12-26 01:34:12,839 - INFO - z_normalization.py:110 - Setting up normalization ... 
2025-12-26 01:34:12,840 - INFO - z_normalization.py:114 - Setting up normalization ... done
2025-12-26 01:34:12,840 - INFO - z_normalization.py:116 - Normalizing ... 
2025-12-26 01:34:12,935 - INFO - z_normalization.py:121 - Normalizing ... done
2025-12-26 01:34:13,002 - INFO - z_normalization.py:74 - Z-Normalization | EVI
2025-12-26 01:34:13,264 - INFO - z_normalization.py:83 - Loaded baseline
2025-12-26 01:34:13,266 - INFO - z_normalization.py:86 - Set up values | EVI_mean
2025-12-26 01:34:13,296 - INFO - z_normalization.py:86 - Set up values | EVI_std
2025-12-26 01:34:13,461 - INFO - z_normalization.py:101 - Loaded composite
2025-12-26 01:34:13,461 - INFO - z_normalization.py:103 - Set up values | EVI
2025-12-26 01:34:13,503 - INFO - z_normalization.py:110 - Setting up normalization ... 
2025-12-26 01:34:13,503 - INFO - z_normalization.py:114 - Setting up normalization ... done
2025-12-26 01:34:13,503 - INFO - z_normalization.py:116 - Normalizing ... 
2025-12-26 01:34:13,594 - INFO - z_normalization.py:121 - Normalizing ... done
2025-12-26 01:34:13,652 - INFO - z_normalization.py:74 - Z-Normalization | PSRI2
2025-12-26 01:34:13,898 - INFO - z_normalization.py:83 - Loaded baseline
2025-12-26 01:34:13,899 - INFO - z_normalization.py:86 - Set up values | PSRI2_mean
2025-12-26 01:34:13,934 - INFO - z_normalization.py:86 - Set up values | PSRI2_std
2025-12-26 01:34:14,095 - INFO - z_normalization.py:101 - Loaded composite
2025-12-26 01:34:14,095 - INFO - z_normalization.py:103 - Set up values | PSRI2
2025-12-26 01:34:14,128 - INFO - z_normalization.py:110 - Setting up normalization ... 
2025-12-26 01:34:14,128 - INFO - z_normalization.py:114 - Setting up normalization ... done
2025-12-26 01:34:14,128 - INFO - z_normalization.py:116 - Normalizing ... 
2025-12-26 01:34:14,209 - INFO - z_normalization.py:121 - Normalizing ... done
2025-12-26 01:34:14,262 - INFO - z_normalization.py:127 - Merging into one dataset
2025-12-26 01:34:14,263 - INFO - z_normalization.py:133 - Scale and Define data types & nodata per band
2025-12-26 01:34:14,264 - INFO - z_normalization.py:145 - Assign time range and tile ID in metadata
2025-12-26 01:34:14,264 - INFO - z_normalization.py:151 - Write bands to raster COG files
2025-12-26 01:34:18,018 - INFO - z_normalization.py:164 - Write NDVI_Z -> //nas-rs.topo.auth.gr/Latomeia/DROUGHT/z_normalized/x10/y11/2023/5/01/S2L2A_znorm_x10y11_20235_NDVI_z.tif
2025-12-26 01:34:21,717 - INFO - z_normalization.py:164 - Write EVI_Z -> //nas-rs.topo.auth.gr/Latomeia/DROUGHT/z_normalized/x10/y11/2023/5/01/S2L2A_znorm_x10y11_20235_EVI_z.tif
2025-12-26 01:34:25,688 - INFO - z_normalization.py:164 - Write PSRI2_Z -> //nas-rs.topo.auth.gr/Latomeia/DROUGHT/z_normalized/x10/y11/2023/5/01/S2L2A_znorm_x10y11_20235_PSRI2_z.tif
2025-12-26 01:34:25,689 - INFO - z_normalization.py:166 - Prepare metadata YAML document
2025-12-26 01:34:25,804 - INFO - z_normalization.py:187 - Write metadata YAML document to disk
2025-12-26 01:34:25,829 - INFO - z_normalization.py:192 - Create datacube.model.Dataset from eo3 metadata
2025-12-26 01:34:25,837 - INFO - z_normalization.py:205 - Index to datacube
2025-12-26 01:34:25,837 - INFO - _datasets.py:191 - Indexing 70c3bcd4-b10e-4f99-96da-4e23d7b6ff82
2025-12-26 01:34:25,850 - INFO - z_normalization.py:208 - 
2025-12-26 01:34:25,850 - INFO - z_normalization.py:209 -              ✔✔✔ COMPLETED: Tile x10_y11 | Time: 2023-05 | In 0.23 minutes
2025-12-26 01:34:25,850 - INFO - z_normalization.py:210 - 
