2025-12-26 13:58:19,666 - INFO - z_normalization.py:42 - #######################################################################
2025-12-26 13:58:20,233 - INFO - z_normalization.py:56 - Starting Z-Normalization for x10_y07 | 2024-11
2025-12-26 13:58:20,233 - INFO - z_normalization.py:58 - Create directories and naming conversions
2025-12-26 13:58:20,246 - INFO - z_normalization.py:69 - Dataset location: //nas-rs.topo.auth.gr/Latomeia/DROUGHT/z_normalized/x10/y07/2024/11/01
2025-12-26 13:58:20,246 - INFO - z_normalization.py:74 - Z-Normalization | NDVI
2025-12-26 13:58:20,626 - INFO - z_normalization.py:83 - Loaded baseline
2025-12-26 13:58:20,626 - INFO - z_normalization.py:86 - Set up values | NDVI_mean
2025-12-26 13:58:20,660 - INFO - z_normalization.py:86 - Set up values | NDVI_std
2025-12-26 13:58:20,833 - INFO - z_normalization.py:101 - Loaded composite
2025-12-26 13:58:20,833 - INFO - z_normalization.py:103 - Set up values | NDVI
2025-12-26 13:58:20,862 - INFO - z_normalization.py:110 - Setting up normalization ... 
2025-12-26 13:58:20,862 - INFO - z_normalization.py:114 - Setting up normalization ... done
2025-12-26 13:58:20,862 - INFO - z_normalization.py:116 - Normalizing ... 
2025-12-26 13:58:20,946 - INFO - z_normalization.py:121 - Normalizing ... done
2025-12-26 13:58:20,998 - INFO - z_normalization.py:74 - Z-Normalization | EVI
2025-12-26 13:58:21,244 - INFO - z_normalization.py:83 - Loaded baseline
2025-12-26 13:58:21,245 - INFO - z_normalization.py:86 - Set up values | EVI_mean
2025-12-26 13:58:21,274 - INFO - z_normalization.py:86 - Set up values | EVI_std
2025-12-26 13:58:21,459 - INFO - z_normalization.py:101 - Loaded composite
2025-12-26 13:58:21,459 - INFO - z_normalization.py:103 - Set up values | EVI
2025-12-26 13:58:21,495 - INFO - z_normalization.py:110 - Setting up normalization ... 
2025-12-26 13:58:21,495 - INFO - z_normalization.py:114 - Setting up normalization ... done
2025-12-26 13:58:21,495 - INFO - z_normalization.py:116 - Normalizing ... 
2025-12-26 13:58:21,584 - INFO - z_normalization.py:121 - Normalizing ... done
2025-12-26 13:58:21,635 - INFO - z_normalization.py:74 - Z-Normalization | PSRI2
2025-12-26 13:58:21,879 - INFO - z_normalization.py:83 - Loaded baseline
2025-12-26 13:58:21,880 - INFO - z_normalization.py:86 - Set up values | PSRI2_mean
2025-12-26 13:58:21,915 - INFO - z_normalization.py:86 - Set up values | PSRI2_std
2025-12-26 13:58:22,091 - INFO - z_normalization.py:101 - Loaded composite
2025-12-26 13:58:22,091 - INFO - z_normalization.py:103 - Set up values | PSRI2
2025-12-26 13:58:22,120 - INFO - z_normalization.py:110 - Setting up normalization ... 
2025-12-26 13:58:22,121 - INFO - z_normalization.py:114 - Setting up normalization ... done
2025-12-26 13:58:22,121 - INFO - z_normalization.py:116 - Normalizing ... 
2025-12-26 13:58:22,197 - INFO - z_normalization.py:121 - Normalizing ... done
2025-12-26 13:58:22,246 - INFO - z_normalization.py:127 - Merging into one dataset
2025-12-26 13:58:22,248 - INFO - z_normalization.py:133 - Scale and Define data types & nodata per band
2025-12-26 13:58:22,249 - INFO - z_normalization.py:145 - Assign time range and tile ID in metadata
2025-12-26 13:58:22,250 - INFO - z_normalization.py:151 - Write bands to raster COG files
2025-12-26 13:58:25,839 - INFO - z_normalization.py:164 - Write NDVI_Z -> //nas-rs.topo.auth.gr/Latomeia/DROUGHT/z_normalized/x10/y07/2024/11/01/S2L2A_znorm_x10y07_202411_NDVI_z.tif
2025-12-26 13:58:29,505 - INFO - z_normalization.py:164 - Write EVI_Z -> //nas-rs.topo.auth.gr/Latomeia/DROUGHT/z_normalized/x10/y07/2024/11/01/S2L2A_znorm_x10y07_202411_EVI_z.tif
2025-12-26 13:58:33,233 - INFO - z_normalization.py:164 - Write PSRI2_Z -> //nas-rs.topo.auth.gr/Latomeia/DROUGHT/z_normalized/x10/y07/2024/11/01/S2L2A_znorm_x10y07_202411_PSRI2_z.tif
2025-12-26 13:58:33,233 - INFO - z_normalization.py:166 - Assert relative paths and product measurements are matched
2025-12-26 13:58:33,271 - INFO - z_normalization.py:172 - Prepare metadata YAML document
2025-12-26 13:58:33,364 - INFO - z_normalization.py:192 - Write metadata YAML document to disk
2025-12-26 13:58:33,384 - INFO - z_normalization.py:197 - Create datacube.model.Dataset from eo3 metadata
2025-12-26 13:58:33,388 - INFO - z_normalization.py:210 - Index to datacube
2025-12-26 13:58:33,388 - INFO - _datasets.py:191 - Indexing 06b78773-c68d-4c70-914d-7d71da02d79b
2025-12-26 13:58:33,395 - INFO - z_normalization.py:213 - 
2025-12-26 13:58:33,395 - INFO - z_normalization.py:214 -              ✔✔✔ COMPLETED: Tile x10_y07 | Time: 2024-11 | In 0.22 minutes
2025-12-26 13:58:33,395 - INFO - z_normalization.py:215 - 
2025-12-26 13:58:33,395 - INFO - z_normalization.py:230 - #######################################################################
