2025-12-26 14:30:56,720 - INFO - z_normalization.py:42 - #######################################################################
2025-12-26 14:30:57,343 - INFO - z_normalization.py:56 - Starting Z-Normalization for x09_y10 | 2025-04
2025-12-26 14:30:57,343 - INFO - z_normalization.py:58 - Create directories and naming conversions
2025-12-26 14:30:57,355 - INFO - z_normalization.py:69 - Dataset location: //nas-rs.topo.auth.gr/Latomeia/DROUGHT/z_normalized/x09/y10/2025/4/01
2025-12-26 14:30:57,355 - INFO - z_normalization.py:74 - Z-Normalization | NDVI
2025-12-26 14:30:57,744 - INFO - z_normalization.py:83 - Loaded baseline
2025-12-26 14:30:57,744 - INFO - z_normalization.py:86 - Set up values | NDVI_mean
2025-12-26 14:30:57,780 - INFO - z_normalization.py:86 - Set up values | NDVI_std
2025-12-26 14:30:57,940 - INFO - z_normalization.py:101 - Loaded composite
2025-12-26 14:30:57,940 - INFO - z_normalization.py:103 - Set up values | NDVI
2025-12-26 14:30:57,975 - INFO - z_normalization.py:110 - Setting up normalization ... 
2025-12-26 14:30:57,975 - INFO - z_normalization.py:114 - Setting up normalization ... done
2025-12-26 14:30:57,975 - INFO - z_normalization.py:116 - Normalizing ... 
2025-12-26 14:30:58,063 - INFO - z_normalization.py:121 - Normalizing ... done
2025-12-26 14:30:58,116 - INFO - z_normalization.py:74 - Z-Normalization | EVI
2025-12-26 14:30:58,354 - INFO - z_normalization.py:83 - Loaded baseline
2025-12-26 14:30:58,354 - INFO - z_normalization.py:86 - Set up values | EVI_mean
2025-12-26 14:30:58,387 - INFO - z_normalization.py:86 - Set up values | EVI_std
2025-12-26 14:30:58,558 - INFO - z_normalization.py:101 - Loaded composite
2025-12-26 14:30:58,558 - INFO - z_normalization.py:103 - Set up values | EVI
2025-12-26 14:30:58,588 - INFO - z_normalization.py:110 - Setting up normalization ... 
2025-12-26 14:30:58,588 - INFO - z_normalization.py:114 - Setting up normalization ... done
2025-12-26 14:30:58,588 - INFO - z_normalization.py:116 - Normalizing ... 
2025-12-26 14:30:58,668 - INFO - z_normalization.py:121 - Normalizing ... done
2025-12-26 14:30:58,734 - INFO - z_normalization.py:74 - Z-Normalization | PSRI2
2025-12-26 14:30:58,955 - INFO - z_normalization.py:83 - Loaded baseline
2025-12-26 14:30:58,955 - INFO - z_normalization.py:86 - Set up values | PSRI2_mean
2025-12-26 14:30:58,985 - INFO - z_normalization.py:86 - Set up values | PSRI2_std
2025-12-26 14:30:59,160 - INFO - z_normalization.py:101 - Loaded composite
2025-12-26 14:30:59,160 - INFO - z_normalization.py:103 - Set up values | PSRI2
2025-12-26 14:30:59,188 - INFO - z_normalization.py:110 - Setting up normalization ... 
2025-12-26 14:30:59,189 - INFO - z_normalization.py:114 - Setting up normalization ... done
2025-12-26 14:30:59,189 - INFO - z_normalization.py:116 - Normalizing ... 
2025-12-26 14:30:59,273 - INFO - z_normalization.py:121 - Normalizing ... done
2025-12-26 14:30:59,338 - INFO - z_normalization.py:127 - Merging into one dataset
2025-12-26 14:30:59,339 - INFO - z_normalization.py:133 - Scale and Define data types & nodata per band
2025-12-26 14:30:59,340 - INFO - z_normalization.py:145 - Assign time range and tile ID in metadata
2025-12-26 14:30:59,340 - INFO - z_normalization.py:151 - Write bands to raster COG files
2025-12-26 14:31:03,133 - INFO - z_normalization.py:164 - Write NDVI_Z -> //nas-rs.topo.auth.gr/Latomeia/DROUGHT/z_normalized/x09/y10/2025/4/01/S2L2A_znorm_x09y10_20254_NDVI_z.tif
2025-12-26 14:31:07,073 - INFO - z_normalization.py:164 - Write EVI_Z -> //nas-rs.topo.auth.gr/Latomeia/DROUGHT/z_normalized/x09/y10/2025/4/01/S2L2A_znorm_x09y10_20254_EVI_z.tif
2025-12-26 14:31:10,740 - INFO - z_normalization.py:164 - Write PSRI2_Z -> //nas-rs.topo.auth.gr/Latomeia/DROUGHT/z_normalized/x09/y10/2025/4/01/S2L2A_znorm_x09y10_20254_PSRI2_z.tif
2025-12-26 14:31:10,740 - INFO - z_normalization.py:166 - Assert relative paths and product measurements are matched
2025-12-26 14:31:10,778 - INFO - z_normalization.py:172 - Prepare metadata YAML document
2025-12-26 14:31:10,869 - INFO - z_normalization.py:192 - Write metadata YAML document to disk
2025-12-26 14:31:10,889 - INFO - z_normalization.py:197 - Create datacube.model.Dataset from eo3 metadata
2025-12-26 14:31:10,893 - INFO - z_normalization.py:210 - Index to datacube
2025-12-26 14:31:10,893 - INFO - _datasets.py:191 - Indexing 5d0c42aa-96b6-4b4c-8009-2d8836104695
2025-12-26 14:31:10,901 - INFO - z_normalization.py:213 - 
2025-12-26 14:31:10,901 - INFO - z_normalization.py:214 -              ✔✔✔ COMPLETED: Tile x09_y10 | Time: 2025-04 | In 0.23 minutes
2025-12-26 14:31:10,901 - INFO - z_normalization.py:215 - 
2025-12-26 14:31:10,901 - INFO - z_normalization.py:230 - #######################################################################
