2025-12-26 03:57:27,600 - INFO - z_normalization.py:42 - #######################################################################
2025-12-26 03:57:28,219 - INFO - z_normalization.py:56 - Starting Z-Normalization for x07_y12 | 2025-05
2025-12-26 03:57:28,219 - INFO - z_normalization.py:58 - Create directories and naming conversions
2025-12-26 03:57:28,232 - INFO - z_normalization.py:69 - Dataset location: //nas-rs.topo.auth.gr/Latomeia/DROUGHT/z_normalized/x07/y12/2025/5/01
2025-12-26 03:57:28,233 - INFO - z_normalization.py:74 - Z-Normalization | NDVI
2025-12-26 03:57:28,654 - INFO - z_normalization.py:83 - Loaded baseline
2025-12-26 03:57:28,654 - INFO - z_normalization.py:86 - Set up values | NDVI_mean
2025-12-26 03:57:28,684 - INFO - z_normalization.py:86 - Set up values | NDVI_std
2025-12-26 03:57:28,874 - INFO - z_normalization.py:101 - Loaded composite
2025-12-26 03:57:28,874 - INFO - z_normalization.py:103 - Set up values | NDVI
2025-12-26 03:57:28,903 - INFO - z_normalization.py:110 - Setting up normalization ... 
2025-12-26 03:57:28,903 - INFO - z_normalization.py:114 - Setting up normalization ... done
2025-12-26 03:57:28,903 - INFO - z_normalization.py:116 - Normalizing ... 
2025-12-26 03:57:29,003 - INFO - z_normalization.py:121 - Normalizing ... done
2025-12-26 03:57:29,067 - INFO - z_normalization.py:74 - Z-Normalization | EVI
2025-12-26 03:57:29,304 - INFO - z_normalization.py:83 - Loaded baseline
2025-12-26 03:57:29,304 - INFO - z_normalization.py:86 - Set up values | EVI_mean
2025-12-26 03:57:29,340 - INFO - z_normalization.py:86 - Set up values | EVI_std
2025-12-26 03:57:29,521 - INFO - z_normalization.py:101 - Loaded composite
2025-12-26 03:57:29,521 - INFO - z_normalization.py:103 - Set up values | EVI
2025-12-26 03:57:29,559 - INFO - z_normalization.py:110 - Setting up normalization ... 
2025-12-26 03:57:29,559 - INFO - z_normalization.py:114 - Setting up normalization ... done
2025-12-26 03:57:29,559 - INFO - z_normalization.py:116 - Normalizing ... 
2025-12-26 03:57:29,653 - INFO - z_normalization.py:121 - Normalizing ... done
2025-12-26 03:57:29,716 - INFO - z_normalization.py:74 - Z-Normalization | PSRI2
2025-12-26 03:57:29,983 - INFO - z_normalization.py:83 - Loaded baseline
2025-12-26 03:57:29,983 - INFO - z_normalization.py:86 - Set up values | PSRI2_mean
2025-12-26 03:57:30,018 - INFO - z_normalization.py:86 - Set up values | PSRI2_std
2025-12-26 03:57:30,197 - INFO - z_normalization.py:101 - Loaded composite
2025-12-26 03:57:30,197 - INFO - z_normalization.py:103 - Set up values | PSRI2
2025-12-26 03:57:30,228 - INFO - z_normalization.py:110 - Setting up normalization ... 
2025-12-26 03:57:30,228 - INFO - z_normalization.py:114 - Setting up normalization ... done
2025-12-26 03:57:30,228 - INFO - z_normalization.py:116 - Normalizing ... 
2025-12-26 03:57:30,308 - INFO - z_normalization.py:121 - Normalizing ... done
2025-12-26 03:57:30,374 - INFO - z_normalization.py:127 - Merging into one dataset
2025-12-26 03:57:30,377 - INFO - z_normalization.py:133 - Scale and Define data types & nodata per band
2025-12-26 03:57:30,378 - INFO - z_normalization.py:145 - Assign time range and tile ID in metadata
2025-12-26 03:57:30,378 - INFO - z_normalization.py:151 - Write bands to raster COG files
2025-12-26 03:57:34,376 - INFO - z_normalization.py:164 - Write NDVI_Z -> //nas-rs.topo.auth.gr/Latomeia/DROUGHT/z_normalized/x07/y12/2025/5/01/S2L2A_znorm_x07y12_20255_NDVI_z.tif
2025-12-26 03:57:37,952 - INFO - z_normalization.py:164 - Write EVI_Z -> //nas-rs.topo.auth.gr/Latomeia/DROUGHT/z_normalized/x07/y12/2025/5/01/S2L2A_znorm_x07y12_20255_EVI_z.tif
2025-12-26 03:57:41,603 - INFO - z_normalization.py:164 - Write PSRI2_Z -> //nas-rs.topo.auth.gr/Latomeia/DROUGHT/z_normalized/x07/y12/2025/5/01/S2L2A_znorm_x07y12_20255_PSRI2_z.tif
2025-12-26 03:57:41,603 - INFO - z_normalization.py:166 - Prepare metadata YAML document
2025-12-26 03:57:41,692 - INFO - z_normalization.py:187 - Write metadata YAML document to disk
2025-12-26 03:57:41,713 - INFO - z_normalization.py:192 - Create datacube.model.Dataset from eo3 metadata
2025-12-26 03:57:41,718 - INFO - z_normalization.py:205 - Index to datacube
2025-12-26 03:57:41,718 - INFO - _datasets.py:191 - Indexing 634640bf-c16f-4d40-939c-9b087639a855
2025-12-26 03:57:41,727 - INFO - z_normalization.py:208 - 
2025-12-26 03:57:41,727 - INFO - z_normalization.py:209 -              ✔✔✔ COMPLETED: Tile x07_y12 | Time: 2025-05 | In 0.23 minutes
2025-12-26 03:57:41,728 - INFO - z_normalization.py:210 - 
