2025-12-26 03:23:50,760 - INFO - z_normalization.py:42 - #######################################################################
2025-12-26 03:23:51,438 - INFO - z_normalization.py:56 - Starting Z-Normalization for x10_y08 | 2024-11
2025-12-26 03:23:51,438 - INFO - z_normalization.py:58 - Create directories and naming conversions
2025-12-26 03:23:51,452 - INFO - z_normalization.py:69 - Dataset location: //nas-rs.topo.auth.gr/Latomeia/DROUGHT/z_normalized/x10/y08/2024/11/01
2025-12-26 03:23:51,452 - INFO - z_normalization.py:74 - Z-Normalization | NDVI
2025-12-26 03:23:51,866 - INFO - z_normalization.py:83 - Loaded baseline
2025-12-26 03:23:51,866 - INFO - z_normalization.py:86 - Set up values | NDVI_mean
2025-12-26 03:23:51,896 - INFO - z_normalization.py:86 - Set up values | NDVI_std
2025-12-26 03:23:52,092 - INFO - z_normalization.py:101 - Loaded composite
2025-12-26 03:23:52,092 - INFO - z_normalization.py:103 - Set up values | NDVI
2025-12-26 03:23:52,126 - INFO - z_normalization.py:110 - Setting up normalization ... 
2025-12-26 03:23:52,126 - INFO - z_normalization.py:114 - Setting up normalization ... done
2025-12-26 03:23:52,126 - INFO - z_normalization.py:116 - Normalizing ... 
2025-12-26 03:23:52,221 - INFO - z_normalization.py:121 - Normalizing ... done
2025-12-26 03:23:52,275 - INFO - z_normalization.py:74 - Z-Normalization | EVI
2025-12-26 03:23:52,503 - INFO - z_normalization.py:83 - Loaded baseline
2025-12-26 03:23:52,503 - INFO - z_normalization.py:86 - Set up values | EVI_mean
2025-12-26 03:23:52,532 - INFO - z_normalization.py:86 - Set up values | EVI_std
2025-12-26 03:23:52,711 - INFO - z_normalization.py:101 - Loaded composite
2025-12-26 03:23:52,711 - INFO - z_normalization.py:103 - Set up values | EVI
2025-12-26 03:23:52,740 - INFO - z_normalization.py:110 - Setting up normalization ... 
2025-12-26 03:23:52,740 - INFO - z_normalization.py:114 - Setting up normalization ... done
2025-12-26 03:23:52,740 - INFO - z_normalization.py:116 - Normalizing ... 
2025-12-26 03:23:52,827 - INFO - z_normalization.py:121 - Normalizing ... done
2025-12-26 03:23:52,894 - INFO - z_normalization.py:74 - Z-Normalization | PSRI2
2025-12-26 03:23:53,137 - INFO - z_normalization.py:83 - Loaded baseline
2025-12-26 03:23:53,138 - INFO - z_normalization.py:86 - Set up values | PSRI2_mean
2025-12-26 03:23:53,166 - INFO - z_normalization.py:86 - Set up values | PSRI2_std
2025-12-26 03:23:53,329 - INFO - z_normalization.py:101 - Loaded composite
2025-12-26 03:23:53,329 - INFO - z_normalization.py:103 - Set up values | PSRI2
2025-12-26 03:23:53,357 - INFO - z_normalization.py:110 - Setting up normalization ... 
2025-12-26 03:23:53,357 - INFO - z_normalization.py:114 - Setting up normalization ... done
2025-12-26 03:23:53,357 - INFO - z_normalization.py:116 - Normalizing ... 
2025-12-26 03:23:53,435 - INFO - z_normalization.py:121 - Normalizing ... done
2025-12-26 03:23:53,487 - INFO - z_normalization.py:127 - Merging into one dataset
2025-12-26 03:23:53,488 - INFO - z_normalization.py:133 - Scale and Define data types & nodata per band
2025-12-26 03:23:53,490 - INFO - z_normalization.py:145 - Assign time range and tile ID in metadata
2025-12-26 03:23:53,490 - INFO - z_normalization.py:151 - Write bands to raster COG files
2025-12-26 03:23:57,049 - INFO - z_normalization.py:164 - Write NDVI_Z -> //nas-rs.topo.auth.gr/Latomeia/DROUGHT/z_normalized/x10/y08/2024/11/01/S2L2A_znorm_x10y08_202411_NDVI_z.tif
2025-12-26 03:24:00,667 - INFO - z_normalization.py:164 - Write EVI_Z -> //nas-rs.topo.auth.gr/Latomeia/DROUGHT/z_normalized/x10/y08/2024/11/01/S2L2A_znorm_x10y08_202411_EVI_z.tif
2025-12-26 03:24:04,277 - INFO - z_normalization.py:164 - Write PSRI2_Z -> //nas-rs.topo.auth.gr/Latomeia/DROUGHT/z_normalized/x10/y08/2024/11/01/S2L2A_znorm_x10y08_202411_PSRI2_z.tif
2025-12-26 03:24:04,277 - INFO - z_normalization.py:166 - Prepare metadata YAML document
2025-12-26 03:24:04,373 - INFO - z_normalization.py:187 - Write metadata YAML document to disk
2025-12-26 03:24:04,395 - INFO - z_normalization.py:192 - Create datacube.model.Dataset from eo3 metadata
2025-12-26 03:24:04,401 - INFO - z_normalization.py:205 - Index to datacube
2025-12-26 03:24:04,401 - INFO - _datasets.py:191 - Indexing 4f589fb6-8934-44c8-83b0-f4e9c7a10451
2025-12-26 03:24:04,411 - INFO - z_normalization.py:208 - 
2025-12-26 03:24:04,411 - INFO - z_normalization.py:209 -              ✔✔✔ COMPLETED: Tile x10_y08 | Time: 2024-11 | In 0.22 minutes
2025-12-26 03:24:04,411 - INFO - z_normalization.py:210 - 
