2025-12-26 01:43:09,785 - INFO - z_normalization.py:42 - #######################################################################
2025-12-26 01:43:10,315 - INFO - z_normalization.py:56 - Starting Z-Normalization for x07_y12 | 2023-07
2025-12-26 01:43:10,315 - INFO - z_normalization.py:58 - Create directories and naming conversions
2025-12-26 01:43:10,329 - INFO - z_normalization.py:69 - Dataset location: //nas-rs.topo.auth.gr/Latomeia/DROUGHT/z_normalized/x07/y12/2023/7/01
2025-12-26 01:43:10,329 - INFO - z_normalization.py:74 - Z-Normalization | NDVI
2025-12-26 01:43:10,731 - INFO - z_normalization.py:83 - Loaded baseline
2025-12-26 01:43:10,731 - INFO - z_normalization.py:86 - Set up values | NDVI_mean
2025-12-26 01:43:10,762 - INFO - z_normalization.py:86 - Set up values | NDVI_std
2025-12-26 01:43:10,951 - INFO - z_normalization.py:101 - Loaded composite
2025-12-26 01:43:10,951 - INFO - z_normalization.py:103 - Set up values | NDVI
2025-12-26 01:43:10,981 - INFO - z_normalization.py:110 - Setting up normalization ... 
2025-12-26 01:43:10,981 - INFO - z_normalization.py:114 - Setting up normalization ... done
2025-12-26 01:43:10,982 - INFO - z_normalization.py:116 - Normalizing ... 
2025-12-26 01:43:11,078 - INFO - z_normalization.py:121 - Normalizing ... done
2025-12-26 01:43:11,131 - INFO - z_normalization.py:74 - Z-Normalization | EVI
2025-12-26 01:43:11,360 - INFO - z_normalization.py:83 - Loaded baseline
2025-12-26 01:43:11,360 - INFO - z_normalization.py:86 - Set up values | EVI_mean
2025-12-26 01:43:11,394 - INFO - z_normalization.py:86 - Set up values | EVI_std
2025-12-26 01:43:11,563 - INFO - z_normalization.py:101 - Loaded composite
2025-12-26 01:43:11,564 - INFO - z_normalization.py:103 - Set up values | EVI
2025-12-26 01:43:11,596 - INFO - z_normalization.py:110 - Setting up normalization ... 
2025-12-26 01:43:11,596 - INFO - z_normalization.py:114 - Setting up normalization ... done
2025-12-26 01:43:11,596 - INFO - z_normalization.py:116 - Normalizing ... 
2025-12-26 01:43:11,674 - INFO - z_normalization.py:121 - Normalizing ... done
2025-12-26 01:43:11,725 - INFO - z_normalization.py:74 - Z-Normalization | PSRI2
2025-12-26 01:43:11,965 - INFO - z_normalization.py:83 - Loaded baseline
2025-12-26 01:43:11,966 - INFO - z_normalization.py:86 - Set up values | PSRI2_mean
2025-12-26 01:43:11,994 - INFO - z_normalization.py:86 - Set up values | PSRI2_std
2025-12-26 01:43:12,150 - INFO - z_normalization.py:101 - Loaded composite
2025-12-26 01:43:12,150 - INFO - z_normalization.py:103 - Set up values | PSRI2
2025-12-26 01:43:12,184 - INFO - z_normalization.py:110 - Setting up normalization ... 
2025-12-26 01:43:12,184 - INFO - z_normalization.py:114 - Setting up normalization ... done
2025-12-26 01:43:12,184 - INFO - z_normalization.py:116 - Normalizing ... 
2025-12-26 01:43:12,262 - INFO - z_normalization.py:121 - Normalizing ... done
2025-12-26 01:43:12,314 - INFO - z_normalization.py:127 - Merging into one dataset
2025-12-26 01:43:12,316 - INFO - z_normalization.py:133 - Scale and Define data types & nodata per band
2025-12-26 01:43:12,317 - INFO - z_normalization.py:145 - Assign time range and tile ID in metadata
2025-12-26 01:43:12,317 - INFO - z_normalization.py:151 - Write bands to raster COG files
2025-12-26 01:43:16,038 - INFO - z_normalization.py:164 - Write NDVI_Z -> //nas-rs.topo.auth.gr/Latomeia/DROUGHT/z_normalized/x07/y12/2023/7/01/S2L2A_znorm_x07y12_20237_NDVI_z.tif
2025-12-26 01:43:19,653 - INFO - z_normalization.py:164 - Write EVI_Z -> //nas-rs.topo.auth.gr/Latomeia/DROUGHT/z_normalized/x07/y12/2023/7/01/S2L2A_znorm_x07y12_20237_EVI_z.tif
2025-12-26 01:43:23,320 - INFO - z_normalization.py:164 - Write PSRI2_Z -> //nas-rs.topo.auth.gr/Latomeia/DROUGHT/z_normalized/x07/y12/2023/7/01/S2L2A_znorm_x07y12_20237_PSRI2_z.tif
2025-12-26 01:43:23,320 - INFO - z_normalization.py:166 - Prepare metadata YAML document
2025-12-26 01:43:23,408 - INFO - z_normalization.py:187 - Write metadata YAML document to disk
2025-12-26 01:43:23,430 - INFO - z_normalization.py:192 - Create datacube.model.Dataset from eo3 metadata
2025-12-26 01:43:23,433 - INFO - z_normalization.py:205 - Index to datacube
2025-12-26 01:43:23,434 - INFO - _datasets.py:191 - Indexing 90504e37-f119-4ab2-b20d-32dc6f43e450
2025-12-26 01:43:23,442 - INFO - z_normalization.py:208 - 
2025-12-26 01:43:23,442 - INFO - z_normalization.py:209 -              ✔✔✔ COMPLETED: Tile x07_y12 | Time: 2023-07 | In 0.22 minutes
2025-12-26 01:43:23,442 - INFO - z_normalization.py:210 - 
