2025-12-26 12:17:46,395 - INFO - z_normalization.py:42 - #######################################################################
2025-12-26 12:17:47,027 - INFO - z_normalization.py:56 - Starting Z-Normalization for x08_y10 | 2023-08
2025-12-26 12:17:47,027 - INFO - z_normalization.py:58 - Create directories and naming conversions
2025-12-26 12:17:47,040 - INFO - z_normalization.py:69 - Dataset location: //nas-rs.topo.auth.gr/Latomeia/DROUGHT/z_normalized/x08/y10/2023/8/01
2025-12-26 12:17:47,040 - INFO - z_normalization.py:74 - Z-Normalization | NDVI
2025-12-26 12:17:47,453 - INFO - z_normalization.py:83 - Loaded baseline
2025-12-26 12:17:47,453 - INFO - z_normalization.py:86 - Set up values | NDVI_mean
2025-12-26 12:17:47,483 - INFO - z_normalization.py:86 - Set up values | NDVI_std
2025-12-26 12:17:47,665 - INFO - z_normalization.py:101 - Loaded composite
2025-12-26 12:17:47,665 - INFO - z_normalization.py:103 - Set up values | NDVI
2025-12-26 12:17:47,695 - INFO - z_normalization.py:110 - Setting up normalization ... 
2025-12-26 12:17:47,696 - INFO - z_normalization.py:114 - Setting up normalization ... done
2025-12-26 12:17:47,696 - INFO - z_normalization.py:116 - Normalizing ... 
2025-12-26 12:17:47,773 - INFO - z_normalization.py:121 - Normalizing ... done
2025-12-26 12:17:47,824 - INFO - z_normalization.py:74 - Z-Normalization | EVI
2025-12-26 12:17:48,083 - INFO - z_normalization.py:83 - Loaded baseline
2025-12-26 12:17:48,083 - INFO - z_normalization.py:86 - Set up values | EVI_mean
2025-12-26 12:17:48,111 - INFO - z_normalization.py:86 - Set up values | EVI_std
2025-12-26 12:17:48,300 - INFO - z_normalization.py:101 - Loaded composite
2025-12-26 12:17:48,301 - INFO - z_normalization.py:103 - Set up values | EVI
2025-12-26 12:17:48,330 - INFO - z_normalization.py:110 - Setting up normalization ... 
2025-12-26 12:17:48,330 - INFO - z_normalization.py:114 - Setting up normalization ... done
2025-12-26 12:17:48,331 - INFO - z_normalization.py:116 - Normalizing ... 
2025-12-26 12:17:48,418 - INFO - z_normalization.py:121 - Normalizing ... done
2025-12-26 12:17:48,472 - INFO - z_normalization.py:74 - Z-Normalization | PSRI2
2025-12-26 12:17:48,728 - INFO - z_normalization.py:83 - Loaded baseline
2025-12-26 12:17:48,728 - INFO - z_normalization.py:86 - Set up values | PSRI2_mean
2025-12-26 12:17:48,762 - INFO - z_normalization.py:86 - Set up values | PSRI2_std
2025-12-26 12:17:48,931 - INFO - z_normalization.py:101 - Loaded composite
2025-12-26 12:17:48,931 - INFO - z_normalization.py:103 - Set up values | PSRI2
2025-12-26 12:17:48,966 - INFO - z_normalization.py:110 - Setting up normalization ... 
2025-12-26 12:17:48,966 - INFO - z_normalization.py:114 - Setting up normalization ... done
2025-12-26 12:17:48,966 - INFO - z_normalization.py:116 - Normalizing ... 
2025-12-26 12:17:49,047 - INFO - z_normalization.py:121 - Normalizing ... done
2025-12-26 12:17:49,098 - INFO - z_normalization.py:127 - Merging into one dataset
2025-12-26 12:17:49,100 - INFO - z_normalization.py:133 - Scale and Define data types & nodata per band
2025-12-26 12:17:49,100 - INFO - z_normalization.py:145 - Assign time range and tile ID in metadata
2025-12-26 12:17:49,100 - INFO - z_normalization.py:151 - Write bands to raster COG files
2025-12-26 12:17:52,780 - INFO - z_normalization.py:164 - Write NDVI_Z -> //nas-rs.topo.auth.gr/Latomeia/DROUGHT/z_normalized/x08/y10/2023/8/01/S2L2A_znorm_x08y10_20238_NDVI_z.tif
2025-12-26 12:17:56,453 - INFO - z_normalization.py:164 - Write EVI_Z -> //nas-rs.topo.auth.gr/Latomeia/DROUGHT/z_normalized/x08/y10/2023/8/01/S2L2A_znorm_x08y10_20238_EVI_z.tif
2025-12-26 12:18:00,539 - INFO - z_normalization.py:164 - Write PSRI2_Z -> //nas-rs.topo.auth.gr/Latomeia/DROUGHT/z_normalized/x08/y10/2023/8/01/S2L2A_znorm_x08y10_20238_PSRI2_z.tif
2025-12-26 12:18:00,539 - INFO - z_normalization.py:166 - Assert relative paths and product measurements are matched
2025-12-26 12:18:00,585 - INFO - z_normalization.py:172 - Prepare metadata YAML document
2025-12-26 12:18:00,688 - INFO - z_normalization.py:192 - Write metadata YAML document to disk
2025-12-26 12:18:00,711 - INFO - z_normalization.py:197 - Create datacube.model.Dataset from eo3 metadata
2025-12-26 12:18:00,716 - INFO - z_normalization.py:210 - Index to datacube
2025-12-26 12:18:00,716 - INFO - _datasets.py:191 - Indexing 626e8a1f-3dfb-411c-a0ff-d608162150a7
2025-12-26 12:18:00,724 - INFO - z_normalization.py:213 - 
2025-12-26 12:18:00,724 - INFO - z_normalization.py:214 -              ✔✔✔ COMPLETED: Tile x08_y10 | Time: 2023-08 | In 0.23 minutes
2025-12-26 12:18:00,724 - INFO - z_normalization.py:215 - 
2025-12-26 12:18:00,724 - INFO - z_normalization.py:230 - #######################################################################
