2025-12-26 13:29:11,087 - INFO - z_normalization.py:42 - #######################################################################
2025-12-26 13:29:11,633 - INFO - z_normalization.py:56 - Starting Z-Normalization for x08_y10 | 2024-07
2025-12-26 13:29:11,633 - INFO - z_normalization.py:58 - Create directories and naming conversions
2025-12-26 13:29:11,647 - INFO - z_normalization.py:69 - Dataset location: //nas-rs.topo.auth.gr/Latomeia/DROUGHT/z_normalized/x08/y10/2024/7/01
2025-12-26 13:29:11,647 - INFO - z_normalization.py:74 - Z-Normalization | NDVI
2025-12-26 13:29:12,019 - INFO - z_normalization.py:83 - Loaded baseline
2025-12-26 13:29:12,019 - INFO - z_normalization.py:86 - Set up values | NDVI_mean
2025-12-26 13:29:12,048 - INFO - z_normalization.py:86 - Set up values | NDVI_std
2025-12-26 13:29:12,244 - INFO - z_normalization.py:101 - Loaded composite
2025-12-26 13:29:12,244 - INFO - z_normalization.py:103 - Set up values | NDVI
2025-12-26 13:29:12,271 - INFO - z_normalization.py:110 - Setting up normalization ... 
2025-12-26 13:29:12,271 - INFO - z_normalization.py:114 - Setting up normalization ... done
2025-12-26 13:29:12,271 - INFO - z_normalization.py:116 - Normalizing ... 
2025-12-26 13:29:12,356 - INFO - z_normalization.py:121 - Normalizing ... done
2025-12-26 13:29:12,415 - INFO - z_normalization.py:74 - Z-Normalization | EVI
2025-12-26 13:29:12,669 - INFO - z_normalization.py:83 - Loaded baseline
2025-12-26 13:29:12,669 - INFO - z_normalization.py:86 - Set up values | EVI_mean
2025-12-26 13:29:12,698 - INFO - z_normalization.py:86 - Set up values | EVI_std
2025-12-26 13:29:12,893 - INFO - z_normalization.py:101 - Loaded composite
2025-12-26 13:29:12,893 - INFO - z_normalization.py:103 - Set up values | EVI
2025-12-26 13:29:12,922 - INFO - z_normalization.py:110 - Setting up normalization ... 
2025-12-26 13:29:12,922 - INFO - z_normalization.py:114 - Setting up normalization ... done
2025-12-26 13:29:12,922 - INFO - z_normalization.py:116 - Normalizing ... 
2025-12-26 13:29:12,998 - INFO - z_normalization.py:121 - Normalizing ... done
2025-12-26 13:29:13,061 - INFO - z_normalization.py:74 - Z-Normalization | PSRI2
2025-12-26 13:29:13,285 - INFO - z_normalization.py:83 - Loaded baseline
2025-12-26 13:29:13,286 - INFO - z_normalization.py:86 - Set up values | PSRI2_mean
2025-12-26 13:29:13,316 - INFO - z_normalization.py:86 - Set up values | PSRI2_std
2025-12-26 13:29:13,477 - INFO - z_normalization.py:101 - Loaded composite
2025-12-26 13:29:13,477 - INFO - z_normalization.py:103 - Set up values | PSRI2
2025-12-26 13:29:13,504 - INFO - z_normalization.py:110 - Setting up normalization ... 
2025-12-26 13:29:13,504 - INFO - z_normalization.py:114 - Setting up normalization ... done
2025-12-26 13:29:13,504 - INFO - z_normalization.py:116 - Normalizing ... 
2025-12-26 13:29:13,595 - INFO - z_normalization.py:121 - Normalizing ... done
2025-12-26 13:29:13,648 - INFO - z_normalization.py:127 - Merging into one dataset
2025-12-26 13:29:13,649 - INFO - z_normalization.py:133 - Scale and Define data types & nodata per band
2025-12-26 13:29:13,651 - INFO - z_normalization.py:145 - Assign time range and tile ID in metadata
2025-12-26 13:29:13,651 - INFO - z_normalization.py:151 - Write bands to raster COG files
2025-12-26 13:29:17,261 - INFO - z_normalization.py:164 - Write NDVI_Z -> //nas-rs.topo.auth.gr/Latomeia/DROUGHT/z_normalized/x08/y10/2024/7/01/S2L2A_znorm_x08y10_20247_NDVI_z.tif
2025-12-26 13:29:20,957 - INFO - z_normalization.py:164 - Write EVI_Z -> //nas-rs.topo.auth.gr/Latomeia/DROUGHT/z_normalized/x08/y10/2024/7/01/S2L2A_znorm_x08y10_20247_EVI_z.tif
2025-12-26 13:29:24,564 - INFO - z_normalization.py:164 - Write PSRI2_Z -> //nas-rs.topo.auth.gr/Latomeia/DROUGHT/z_normalized/x08/y10/2024/7/01/S2L2A_znorm_x08y10_20247_PSRI2_z.tif
2025-12-26 13:29:24,564 - INFO - z_normalization.py:166 - Assert relative paths and product measurements are matched
2025-12-26 13:29:24,601 - INFO - z_normalization.py:172 - Prepare metadata YAML document
2025-12-26 13:29:24,691 - INFO - z_normalization.py:192 - Write metadata YAML document to disk
2025-12-26 13:29:24,713 - INFO - z_normalization.py:197 - Create datacube.model.Dataset from eo3 metadata
2025-12-26 13:29:24,718 - INFO - z_normalization.py:210 - Index to datacube
2025-12-26 13:29:24,718 - INFO - _datasets.py:191 - Indexing 71260411-05af-42a1-8815-2e2cc77b8a1c
2025-12-26 13:29:24,725 - INFO - z_normalization.py:213 - 
2025-12-26 13:29:24,725 - INFO - z_normalization.py:214 -              ✔✔✔ COMPLETED: Tile x08_y10 | Time: 2024-07 | In 0.22 minutes
2025-12-26 13:29:24,725 - INFO - z_normalization.py:215 - 
2025-12-26 13:29:24,725 - INFO - z_normalization.py:230 - #######################################################################
