2025-12-26 03:18:35,487 - INFO - z_normalization.py:42 - #######################################################################
2025-12-26 03:18:36,074 - INFO - z_normalization.py:56 - Starting Z-Normalization for x10_y11 | 2024-10
2025-12-26 03:18:36,074 - INFO - z_normalization.py:58 - Create directories and naming conversions
2025-12-26 03:18:36,086 - INFO - z_normalization.py:69 - Dataset location: //nas-rs.topo.auth.gr/Latomeia/DROUGHT/z_normalized/x10/y11/2024/10/01
2025-12-26 03:18:36,086 - INFO - z_normalization.py:74 - Z-Normalization | NDVI
2025-12-26 03:18:36,484 - INFO - z_normalization.py:83 - Loaded baseline
2025-12-26 03:18:36,484 - INFO - z_normalization.py:86 - Set up values | NDVI_mean
2025-12-26 03:18:36,516 - INFO - z_normalization.py:86 - Set up values | NDVI_std
2025-12-26 03:18:36,694 - INFO - z_normalization.py:101 - Loaded composite
2025-12-26 03:18:36,694 - INFO - z_normalization.py:103 - Set up values | NDVI
2025-12-26 03:18:36,724 - INFO - z_normalization.py:110 - Setting up normalization ... 
2025-12-26 03:18:36,724 - INFO - z_normalization.py:114 - Setting up normalization ... done
2025-12-26 03:18:36,724 - INFO - z_normalization.py:116 - Normalizing ... 
2025-12-26 03:18:36,802 - INFO - z_normalization.py:121 - Normalizing ... done
2025-12-26 03:18:36,852 - INFO - z_normalization.py:74 - Z-Normalization | EVI
2025-12-26 03:18:37,067 - INFO - z_normalization.py:83 - Loaded baseline
2025-12-26 03:18:37,067 - INFO - z_normalization.py:86 - Set up values | EVI_mean
2025-12-26 03:18:37,097 - INFO - z_normalization.py:86 - Set up values | EVI_std
2025-12-26 03:18:37,266 - INFO - z_normalization.py:101 - Loaded composite
2025-12-26 03:18:37,266 - INFO - z_normalization.py:103 - Set up values | EVI
2025-12-26 03:18:37,294 - INFO - z_normalization.py:110 - Setting up normalization ... 
2025-12-26 03:18:37,295 - INFO - z_normalization.py:114 - Setting up normalization ... done
2025-12-26 03:18:37,295 - INFO - z_normalization.py:116 - Normalizing ... 
2025-12-26 03:18:37,378 - INFO - z_normalization.py:121 - Normalizing ... done
2025-12-26 03:18:37,427 - INFO - z_normalization.py:74 - Z-Normalization | PSRI2
2025-12-26 03:18:37,674 - INFO - z_normalization.py:83 - Loaded baseline
2025-12-26 03:18:37,675 - INFO - z_normalization.py:86 - Set up values | PSRI2_mean
2025-12-26 03:18:37,703 - INFO - z_normalization.py:86 - Set up values | PSRI2_std
2025-12-26 03:18:37,871 - INFO - z_normalization.py:101 - Loaded composite
2025-12-26 03:18:37,871 - INFO - z_normalization.py:103 - Set up values | PSRI2
2025-12-26 03:18:37,900 - INFO - z_normalization.py:110 - Setting up normalization ... 
2025-12-26 03:18:37,900 - INFO - z_normalization.py:114 - Setting up normalization ... done
2025-12-26 03:18:37,900 - INFO - z_normalization.py:116 - Normalizing ... 
2025-12-26 03:18:37,976 - INFO - z_normalization.py:121 - Normalizing ... done
2025-12-26 03:18:38,038 - INFO - z_normalization.py:127 - Merging into one dataset
2025-12-26 03:18:38,040 - INFO - z_normalization.py:133 - Scale and Define data types & nodata per band
2025-12-26 03:18:38,042 - INFO - z_normalization.py:145 - Assign time range and tile ID in metadata
2025-12-26 03:18:38,042 - INFO - z_normalization.py:151 - Write bands to raster COG files
2025-12-26 03:18:41,753 - INFO - z_normalization.py:164 - Write NDVI_Z -> //nas-rs.topo.auth.gr/Latomeia/DROUGHT/z_normalized/x10/y11/2024/10/01/S2L2A_znorm_x10y11_202410_NDVI_z.tif
2025-12-26 03:18:45,313 - INFO - z_normalization.py:164 - Write EVI_Z -> //nas-rs.topo.auth.gr/Latomeia/DROUGHT/z_normalized/x10/y11/2024/10/01/S2L2A_znorm_x10y11_202410_EVI_z.tif
2025-12-26 03:18:48,962 - INFO - z_normalization.py:164 - Write PSRI2_Z -> //nas-rs.topo.auth.gr/Latomeia/DROUGHT/z_normalized/x10/y11/2024/10/01/S2L2A_znorm_x10y11_202410_PSRI2_z.tif
2025-12-26 03:18:48,963 - INFO - z_normalization.py:166 - Prepare metadata YAML document
2025-12-26 03:18:49,055 - INFO - z_normalization.py:187 - Write metadata YAML document to disk
2025-12-26 03:18:49,075 - INFO - z_normalization.py:192 - Create datacube.model.Dataset from eo3 metadata
2025-12-26 03:18:49,078 - INFO - z_normalization.py:205 - Index to datacube
2025-12-26 03:18:49,079 - INFO - _datasets.py:191 - Indexing ae437d2c-08b9-4b77-a438-2932f37459bd
2025-12-26 03:18:49,086 - INFO - z_normalization.py:208 - 
2025-12-26 03:18:49,086 - INFO - z_normalization.py:209 -              ✔✔✔ COMPLETED: Tile x10_y11 | Time: 2024-10 | In 0.22 minutes
2025-12-26 03:18:49,086 - INFO - z_normalization.py:210 - 
