2025-12-26 13:32:50,073 - INFO - z_normalization.py:42 - #######################################################################
2025-12-26 13:32:50,621 - INFO - z_normalization.py:56 - Starting Z-Normalization for x10_y11 | 2024-07
2025-12-26 13:32:50,621 - INFO - z_normalization.py:58 - Create directories and naming conversions
2025-12-26 13:32:50,632 - INFO - z_normalization.py:69 - Dataset location: //nas-rs.topo.auth.gr/Latomeia/DROUGHT/z_normalized/x10/y11/2024/7/01
2025-12-26 13:32:50,632 - INFO - z_normalization.py:74 - Z-Normalization | NDVI
2025-12-26 13:32:51,023 - INFO - z_normalization.py:83 - Loaded baseline
2025-12-26 13:32:51,024 - INFO - z_normalization.py:86 - Set up values | NDVI_mean
2025-12-26 13:32:51,055 - INFO - z_normalization.py:86 - Set up values | NDVI_std
2025-12-26 13:32:51,237 - INFO - z_normalization.py:101 - Loaded composite
2025-12-26 13:32:51,237 - INFO - z_normalization.py:103 - Set up values | NDVI
2025-12-26 13:32:51,267 - INFO - z_normalization.py:110 - Setting up normalization ... 
2025-12-26 13:32:51,267 - INFO - z_normalization.py:114 - Setting up normalization ... done
2025-12-26 13:32:51,267 - INFO - z_normalization.py:116 - Normalizing ... 
2025-12-26 13:32:51,344 - INFO - z_normalization.py:121 - Normalizing ... done
2025-12-26 13:32:51,401 - INFO - z_normalization.py:74 - Z-Normalization | EVI
2025-12-26 13:32:51,640 - INFO - z_normalization.py:83 - Loaded baseline
2025-12-26 13:32:51,640 - INFO - z_normalization.py:86 - Set up values | EVI_mean
2025-12-26 13:32:51,668 - INFO - z_normalization.py:86 - Set up values | EVI_std
2025-12-26 13:32:51,845 - INFO - z_normalization.py:101 - Loaded composite
2025-12-26 13:32:51,845 - INFO - z_normalization.py:103 - Set up values | EVI
2025-12-26 13:32:51,877 - INFO - z_normalization.py:110 - Setting up normalization ... 
2025-12-26 13:32:51,877 - INFO - z_normalization.py:114 - Setting up normalization ... done
2025-12-26 13:32:51,877 - INFO - z_normalization.py:116 - Normalizing ... 
2025-12-26 13:32:51,954 - INFO - z_normalization.py:121 - Normalizing ... done
2025-12-26 13:32:52,013 - INFO - z_normalization.py:74 - Z-Normalization | PSRI2
2025-12-26 13:32:52,230 - INFO - z_normalization.py:83 - Loaded baseline
2025-12-26 13:32:52,231 - INFO - z_normalization.py:86 - Set up values | PSRI2_mean
2025-12-26 13:32:52,258 - INFO - z_normalization.py:86 - Set up values | PSRI2_std
2025-12-26 13:32:52,421 - INFO - z_normalization.py:101 - Loaded composite
2025-12-26 13:32:52,421 - INFO - z_normalization.py:103 - Set up values | PSRI2
2025-12-26 13:32:52,449 - INFO - z_normalization.py:110 - Setting up normalization ... 
2025-12-26 13:32:52,449 - INFO - z_normalization.py:114 - Setting up normalization ... done
2025-12-26 13:32:52,449 - INFO - z_normalization.py:116 - Normalizing ... 
2025-12-26 13:32:52,525 - INFO - z_normalization.py:121 - Normalizing ... done
2025-12-26 13:32:52,575 - INFO - z_normalization.py:127 - Merging into one dataset
2025-12-26 13:32:52,577 - INFO - z_normalization.py:133 - Scale and Define data types & nodata per band
2025-12-26 13:32:52,578 - INFO - z_normalization.py:145 - Assign time range and tile ID in metadata
2025-12-26 13:32:52,578 - INFO - z_normalization.py:151 - Write bands to raster COG files
2025-12-26 13:32:56,186 - INFO - z_normalization.py:164 - Write NDVI_Z -> //nas-rs.topo.auth.gr/Latomeia/DROUGHT/z_normalized/x10/y11/2024/7/01/S2L2A_znorm_x10y11_20247_NDVI_z.tif
2025-12-26 13:33:00,326 - INFO - z_normalization.py:164 - Write EVI_Z -> //nas-rs.topo.auth.gr/Latomeia/DROUGHT/z_normalized/x10/y11/2024/7/01/S2L2A_znorm_x10y11_20247_EVI_z.tif
2025-12-26 13:33:04,151 - INFO - z_normalization.py:164 - Write PSRI2_Z -> //nas-rs.topo.auth.gr/Latomeia/DROUGHT/z_normalized/x10/y11/2024/7/01/S2L2A_znorm_x10y11_20247_PSRI2_z.tif
2025-12-26 13:33:04,151 - INFO - z_normalization.py:166 - Assert relative paths and product measurements are matched
2025-12-26 13:33:04,189 - INFO - z_normalization.py:172 - Prepare metadata YAML document
2025-12-26 13:33:04,281 - INFO - z_normalization.py:192 - Write metadata YAML document to disk
2025-12-26 13:33:04,300 - INFO - z_normalization.py:197 - Create datacube.model.Dataset from eo3 metadata
2025-12-26 13:33:04,305 - INFO - z_normalization.py:210 - Index to datacube
2025-12-26 13:33:04,305 - INFO - _datasets.py:191 - Indexing c8155445-cd4e-458d-b154-3549dafc76f2
2025-12-26 13:33:04,312 - INFO - z_normalization.py:213 - 
2025-12-26 13:33:04,312 - INFO - z_normalization.py:214 -              ✔✔✔ COMPLETED: Tile x10_y11 | Time: 2024-07 | In 0.23 minutes
2025-12-26 13:33:04,312 - INFO - z_normalization.py:215 - 
2025-12-26 13:33:04,312 - INFO - z_normalization.py:230 - #######################################################################
