2025-12-26 12:54:05,876 - INFO - z_normalization.py:42 - #######################################################################
2025-12-26 12:54:06,465 - INFO - z_normalization.py:56 - Starting Z-Normalization for x10_y11 | 2024-01
2025-12-26 12:54:06,465 - INFO - z_normalization.py:58 - Create directories and naming conversions
2025-12-26 12:54:06,484 - INFO - z_normalization.py:69 - Dataset location: //nas-rs.topo.auth.gr/Latomeia/DROUGHT/z_normalized/x10/y11/2024/1/01
2025-12-26 12:54:06,484 - INFO - z_normalization.py:74 - Z-Normalization | NDVI
2025-12-26 12:54:06,863 - INFO - z_normalization.py:83 - Loaded baseline
2025-12-26 12:54:06,863 - INFO - z_normalization.py:86 - Set up values | NDVI_mean
2025-12-26 12:54:06,892 - INFO - z_normalization.py:86 - Set up values | NDVI_std
2025-12-26 12:54:07,062 - INFO - z_normalization.py:101 - Loaded composite
2025-12-26 12:54:07,062 - INFO - z_normalization.py:103 - Set up values | NDVI
2025-12-26 12:54:07,094 - INFO - z_normalization.py:110 - Setting up normalization ... 
2025-12-26 12:54:07,094 - INFO - z_normalization.py:114 - Setting up normalization ... done
2025-12-26 12:54:07,094 - INFO - z_normalization.py:116 - Normalizing ... 
2025-12-26 12:54:07,174 - INFO - z_normalization.py:121 - Normalizing ... done
2025-12-26 12:54:07,226 - INFO - z_normalization.py:74 - Z-Normalization | EVI
2025-12-26 12:54:07,474 - INFO - z_normalization.py:83 - Loaded baseline
2025-12-26 12:54:07,474 - INFO - z_normalization.py:86 - Set up values | EVI_mean
2025-12-26 12:54:07,504 - INFO - z_normalization.py:86 - Set up values | EVI_std
2025-12-26 12:54:07,682 - INFO - z_normalization.py:101 - Loaded composite
2025-12-26 12:54:07,682 - INFO - z_normalization.py:103 - Set up values | EVI
2025-12-26 12:54:07,711 - INFO - z_normalization.py:110 - Setting up normalization ... 
2025-12-26 12:54:07,711 - INFO - z_normalization.py:114 - Setting up normalization ... done
2025-12-26 12:54:07,711 - INFO - z_normalization.py:116 - Normalizing ... 
2025-12-26 12:54:07,789 - INFO - z_normalization.py:121 - Normalizing ... done
2025-12-26 12:54:07,840 - INFO - z_normalization.py:74 - Z-Normalization | PSRI2
2025-12-26 12:54:08,067 - INFO - z_normalization.py:83 - Loaded baseline
2025-12-26 12:54:08,067 - INFO - z_normalization.py:86 - Set up values | PSRI2_mean
2025-12-26 12:54:08,097 - INFO - z_normalization.py:86 - Set up values | PSRI2_std
2025-12-26 12:54:08,252 - INFO - z_normalization.py:101 - Loaded composite
2025-12-26 12:54:08,252 - INFO - z_normalization.py:103 - Set up values | PSRI2
2025-12-26 12:54:08,281 - INFO - z_normalization.py:110 - Setting up normalization ... 
2025-12-26 12:54:08,281 - INFO - z_normalization.py:114 - Setting up normalization ... done
2025-12-26 12:54:08,281 - INFO - z_normalization.py:116 - Normalizing ... 
2025-12-26 12:54:08,365 - INFO - z_normalization.py:121 - Normalizing ... done
2025-12-26 12:54:08,420 - INFO - z_normalization.py:127 - Merging into one dataset
2025-12-26 12:54:08,422 - INFO - z_normalization.py:133 - Scale and Define data types & nodata per band
2025-12-26 12:54:08,423 - INFO - z_normalization.py:145 - Assign time range and tile ID in metadata
2025-12-26 12:54:08,423 - INFO - z_normalization.py:151 - Write bands to raster COG files
2025-12-26 12:54:12,072 - INFO - z_normalization.py:164 - Write NDVI_Z -> //nas-rs.topo.auth.gr/Latomeia/DROUGHT/z_normalized/x10/y11/2024/1/01/S2L2A_znorm_x10y11_20241_NDVI_z.tif
2025-12-26 12:54:15,746 - INFO - z_normalization.py:164 - Write EVI_Z -> //nas-rs.topo.auth.gr/Latomeia/DROUGHT/z_normalized/x10/y11/2024/1/01/S2L2A_znorm_x10y11_20241_EVI_z.tif
2025-12-26 12:54:19,370 - INFO - z_normalization.py:164 - Write PSRI2_Z -> //nas-rs.topo.auth.gr/Latomeia/DROUGHT/z_normalized/x10/y11/2024/1/01/S2L2A_znorm_x10y11_20241_PSRI2_z.tif
2025-12-26 12:54:19,370 - INFO - z_normalization.py:166 - Assert relative paths and product measurements are matched
2025-12-26 12:54:19,418 - INFO - z_normalization.py:172 - Prepare metadata YAML document
2025-12-26 12:54:19,512 - INFO - z_normalization.py:192 - Write metadata YAML document to disk
2025-12-26 12:54:19,533 - INFO - z_normalization.py:197 - Create datacube.model.Dataset from eo3 metadata
2025-12-26 12:54:19,538 - INFO - z_normalization.py:210 - Index to datacube
2025-12-26 12:54:19,538 - INFO - _datasets.py:191 - Indexing ea5fc235-0389-4c82-941e-3b05be31830e
2025-12-26 12:54:19,544 - INFO - z_normalization.py:213 - 
2025-12-26 12:54:19,544 - INFO - z_normalization.py:214 -              ✔✔✔ COMPLETED: Tile x10_y11 | Time: 2024-01 | In 0.22 minutes
2025-12-26 12:54:19,544 - INFO - z_normalization.py:215 - 
2025-12-26 12:54:19,545 - INFO - z_normalization.py:230 - #######################################################################
