2025-12-26 03:51:37,588 - INFO - z_normalization.py:42 - #######################################################################
2025-12-26 03:51:38,207 - INFO - z_normalization.py:56 - Starting Z-Normalization for x08_y10 | 2025-04
2025-12-26 03:51:38,207 - INFO - z_normalization.py:58 - Create directories and naming conversions
2025-12-26 03:51:38,221 - INFO - z_normalization.py:69 - Dataset location: //nas-rs.topo.auth.gr/Latomeia/DROUGHT/z_normalized/x08/y10/2025/4/01
2025-12-26 03:51:38,222 - INFO - z_normalization.py:74 - Z-Normalization | NDVI
2025-12-26 03:51:38,626 - INFO - z_normalization.py:83 - Loaded baseline
2025-12-26 03:51:38,626 - INFO - z_normalization.py:86 - Set up values | NDVI_mean
2025-12-26 03:51:38,656 - INFO - z_normalization.py:86 - Set up values | NDVI_std
2025-12-26 03:51:38,828 - INFO - z_normalization.py:101 - Loaded composite
2025-12-26 03:51:38,828 - INFO - z_normalization.py:103 - Set up values | NDVI
2025-12-26 03:51:38,858 - INFO - z_normalization.py:110 - Setting up normalization ... 
2025-12-26 03:51:38,858 - INFO - z_normalization.py:114 - Setting up normalization ... done
2025-12-26 03:51:38,858 - INFO - z_normalization.py:116 - Normalizing ... 
2025-12-26 03:51:38,935 - INFO - z_normalization.py:121 - Normalizing ... done
2025-12-26 03:51:38,988 - INFO - z_normalization.py:74 - Z-Normalization | EVI
2025-12-26 03:51:39,211 - INFO - z_normalization.py:83 - Loaded baseline
2025-12-26 03:51:39,211 - INFO - z_normalization.py:86 - Set up values | EVI_mean
2025-12-26 03:51:39,242 - INFO - z_normalization.py:86 - Set up values | EVI_std
2025-12-26 03:51:39,416 - INFO - z_normalization.py:101 - Loaded composite
2025-12-26 03:51:39,417 - INFO - z_normalization.py:103 - Set up values | EVI
2025-12-26 03:51:39,444 - INFO - z_normalization.py:110 - Setting up normalization ... 
2025-12-26 03:51:39,444 - INFO - z_normalization.py:114 - Setting up normalization ... done
2025-12-26 03:51:39,444 - INFO - z_normalization.py:116 - Normalizing ... 
2025-12-26 03:51:39,530 - INFO - z_normalization.py:121 - Normalizing ... done
2025-12-26 03:51:39,578 - INFO - z_normalization.py:74 - Z-Normalization | PSRI2
2025-12-26 03:51:39,842 - INFO - z_normalization.py:83 - Loaded baseline
2025-12-26 03:51:39,842 - INFO - z_normalization.py:86 - Set up values | PSRI2_mean
2025-12-26 03:51:39,873 - INFO - z_normalization.py:86 - Set up values | PSRI2_std
2025-12-26 03:51:40,054 - INFO - z_normalization.py:101 - Loaded composite
2025-12-26 03:51:40,054 - INFO - z_normalization.py:103 - Set up values | PSRI2
2025-12-26 03:51:40,083 - INFO - z_normalization.py:110 - Setting up normalization ... 
2025-12-26 03:51:40,083 - INFO - z_normalization.py:114 - Setting up normalization ... done
2025-12-26 03:51:40,083 - INFO - z_normalization.py:116 - Normalizing ... 
2025-12-26 03:51:40,182 - INFO - z_normalization.py:121 - Normalizing ... done
2025-12-26 03:51:40,253 - INFO - z_normalization.py:127 - Merging into one dataset
2025-12-26 03:51:40,255 - INFO - z_normalization.py:133 - Scale and Define data types & nodata per band
2025-12-26 03:51:40,256 - INFO - z_normalization.py:145 - Assign time range and tile ID in metadata
2025-12-26 03:51:40,256 - INFO - z_normalization.py:151 - Write bands to raster COG files
2025-12-26 03:51:43,836 - INFO - z_normalization.py:164 - Write NDVI_Z -> //nas-rs.topo.auth.gr/Latomeia/DROUGHT/z_normalized/x08/y10/2025/4/01/S2L2A_znorm_x08y10_20254_NDVI_z.tif
2025-12-26 03:51:47,503 - INFO - z_normalization.py:164 - Write EVI_Z -> //nas-rs.topo.auth.gr/Latomeia/DROUGHT/z_normalized/x08/y10/2025/4/01/S2L2A_znorm_x08y10_20254_EVI_z.tif
2025-12-26 03:51:51,234 - INFO - z_normalization.py:164 - Write PSRI2_Z -> //nas-rs.topo.auth.gr/Latomeia/DROUGHT/z_normalized/x08/y10/2025/4/01/S2L2A_znorm_x08y10_20254_PSRI2_z.tif
2025-12-26 03:51:51,235 - INFO - z_normalization.py:166 - Prepare metadata YAML document
2025-12-26 03:51:51,322 - INFO - z_normalization.py:187 - Write metadata YAML document to disk
2025-12-26 03:51:51,343 - INFO - z_normalization.py:192 - Create datacube.model.Dataset from eo3 metadata
2025-12-26 03:51:51,347 - INFO - z_normalization.py:205 - Index to datacube
2025-12-26 03:51:51,347 - INFO - _datasets.py:191 - Indexing 7e98d9ba-9340-4313-9dc4-4eafbf265c8c
2025-12-26 03:51:51,355 - INFO - z_normalization.py:208 - 
2025-12-26 03:51:51,355 - INFO - z_normalization.py:209 -              ✔✔✔ COMPLETED: Tile x08_y10 | Time: 2025-04 | In 0.22 minutes
2025-12-26 03:51:51,355 - INFO - z_normalization.py:210 - 
