2025-12-26 03:11:38,366 - INFO - z_normalization.py:42 - #######################################################################
2025-12-26 03:11:38,899 - INFO - z_normalization.py:56 - Starting Z-Normalization for x10_y08 | 2024-09
2025-12-26 03:11:38,900 - INFO - z_normalization.py:58 - Create directories and naming conversions
2025-12-26 03:11:38,911 - INFO - z_normalization.py:69 - Dataset location: //nas-rs.topo.auth.gr/Latomeia/DROUGHT/z_normalized/x10/y08/2024/9/01
2025-12-26 03:11:38,912 - INFO - z_normalization.py:74 - Z-Normalization | NDVI
2025-12-26 03:11:39,302 - INFO - z_normalization.py:83 - Loaded baseline
2025-12-26 03:11:39,302 - INFO - z_normalization.py:86 - Set up values | NDVI_mean
2025-12-26 03:11:39,335 - INFO - z_normalization.py:86 - Set up values | NDVI_std
2025-12-26 03:11:39,527 - INFO - z_normalization.py:101 - Loaded composite
2025-12-26 03:11:39,527 - INFO - z_normalization.py:103 - Set up values | NDVI
2025-12-26 03:11:39,556 - INFO - z_normalization.py:110 - Setting up normalization ... 
2025-12-26 03:11:39,556 - INFO - z_normalization.py:114 - Setting up normalization ... done
2025-12-26 03:11:39,556 - INFO - z_normalization.py:116 - Normalizing ... 
2025-12-26 03:11:39,637 - INFO - z_normalization.py:121 - Normalizing ... done
2025-12-26 03:11:39,688 - INFO - z_normalization.py:74 - Z-Normalization | EVI
2025-12-26 03:11:39,907 - INFO - z_normalization.py:83 - Loaded baseline
2025-12-26 03:11:39,907 - INFO - z_normalization.py:86 - Set up values | EVI_mean
2025-12-26 03:11:39,939 - INFO - z_normalization.py:86 - Set up values | EVI_std
2025-12-26 03:11:40,119 - INFO - z_normalization.py:101 - Loaded composite
2025-12-26 03:11:40,120 - INFO - z_normalization.py:103 - Set up values | EVI
2025-12-26 03:11:40,147 - INFO - z_normalization.py:110 - Setting up normalization ... 
2025-12-26 03:11:40,147 - INFO - z_normalization.py:114 - Setting up normalization ... done
2025-12-26 03:11:40,147 - INFO - z_normalization.py:116 - Normalizing ... 
2025-12-26 03:11:40,223 - INFO - z_normalization.py:121 - Normalizing ... done
2025-12-26 03:11:40,275 - INFO - z_normalization.py:74 - Z-Normalization | PSRI2
2025-12-26 03:11:40,512 - INFO - z_normalization.py:83 - Loaded baseline
2025-12-26 03:11:40,512 - INFO - z_normalization.py:86 - Set up values | PSRI2_mean
2025-12-26 03:11:40,544 - INFO - z_normalization.py:86 - Set up values | PSRI2_std
2025-12-26 03:11:40,704 - INFO - z_normalization.py:101 - Loaded composite
2025-12-26 03:11:40,704 - INFO - z_normalization.py:103 - Set up values | PSRI2
2025-12-26 03:11:40,733 - INFO - z_normalization.py:110 - Setting up normalization ... 
2025-12-26 03:11:40,733 - INFO - z_normalization.py:114 - Setting up normalization ... done
2025-12-26 03:11:40,733 - INFO - z_normalization.py:116 - Normalizing ... 
2025-12-26 03:11:40,816 - INFO - z_normalization.py:121 - Normalizing ... done
2025-12-26 03:11:40,867 - INFO - z_normalization.py:127 - Merging into one dataset
2025-12-26 03:11:40,868 - INFO - z_normalization.py:133 - Scale and Define data types & nodata per band
2025-12-26 03:11:40,869 - INFO - z_normalization.py:145 - Assign time range and tile ID in metadata
2025-12-26 03:11:40,869 - INFO - z_normalization.py:151 - Write bands to raster COG files
2025-12-26 03:11:44,463 - INFO - z_normalization.py:164 - Write NDVI_Z -> //nas-rs.topo.auth.gr/Latomeia/DROUGHT/z_normalized/x10/y08/2024/9/01/S2L2A_znorm_x10y08_20249_NDVI_z.tif
2025-12-26 03:11:48,201 - INFO - z_normalization.py:164 - Write EVI_Z -> //nas-rs.topo.auth.gr/Latomeia/DROUGHT/z_normalized/x10/y08/2024/9/01/S2L2A_znorm_x10y08_20249_EVI_z.tif
2025-12-26 03:11:52,054 - INFO - z_normalization.py:164 - Write PSRI2_Z -> //nas-rs.topo.auth.gr/Latomeia/DROUGHT/z_normalized/x10/y08/2024/9/01/S2L2A_znorm_x10y08_20249_PSRI2_z.tif
2025-12-26 03:11:52,055 - INFO - z_normalization.py:166 - Prepare metadata YAML document
2025-12-26 03:11:52,156 - INFO - z_normalization.py:187 - Write metadata YAML document to disk
2025-12-26 03:11:52,192 - INFO - z_normalization.py:192 - Create datacube.model.Dataset from eo3 metadata
2025-12-26 03:11:52,198 - INFO - z_normalization.py:205 - Index to datacube
2025-12-26 03:11:52,198 - INFO - _datasets.py:191 - Indexing b4457690-2a8e-40e0-aafb-a7f24946b871
2025-12-26 03:11:52,208 - INFO - z_normalization.py:208 - 
2025-12-26 03:11:52,208 - INFO - z_normalization.py:209 -              ✔✔✔ COMPLETED: Tile x10_y08 | Time: 2024-09 | In 0.22 minutes
2025-12-26 03:11:52,208 - INFO - z_normalization.py:210 - 
