2025-12-26 15:17:38,416 - INFO - z_normalization.py:42 - #######################################################################
2025-12-26 15:17:39,044 - INFO - z_normalization.py:56 - Starting Z-Normalization for x09_y12 | 2025-11
2025-12-26 15:17:39,044 - INFO - z_normalization.py:58 - Create directories and naming conversions
2025-12-26 15:17:39,059 - INFO - z_normalization.py:69 - Dataset location: //nas-rs.topo.auth.gr/Latomeia/DROUGHT/z_normalized/x09/y12/2025/11/01
2025-12-26 15:17:39,059 - INFO - z_normalization.py:74 - Z-Normalization | NDVI
2025-12-26 15:17:39,462 - INFO - z_normalization.py:83 - Loaded baseline
2025-12-26 15:17:39,462 - INFO - z_normalization.py:86 - Set up values | NDVI_mean
2025-12-26 15:17:39,490 - INFO - z_normalization.py:86 - Set up values | NDVI_std
2025-12-26 15:17:39,667 - INFO - z_normalization.py:101 - Loaded composite
2025-12-26 15:17:39,667 - INFO - z_normalization.py:103 - Set up values | NDVI
2025-12-26 15:17:39,701 - INFO - z_normalization.py:110 - Setting up normalization ... 
2025-12-26 15:17:39,701 - INFO - z_normalization.py:114 - Setting up normalization ... done
2025-12-26 15:17:39,701 - INFO - z_normalization.py:116 - Normalizing ... 
2025-12-26 15:17:39,783 - INFO - z_normalization.py:121 - Normalizing ... done
2025-12-26 15:17:39,854 - INFO - z_normalization.py:74 - Z-Normalization | EVI
2025-12-26 15:17:40,139 - INFO - z_normalization.py:83 - Loaded baseline
2025-12-26 15:17:40,140 - INFO - z_normalization.py:86 - Set up values | EVI_mean
2025-12-26 15:17:40,182 - INFO - z_normalization.py:86 - Set up values | EVI_std
2025-12-26 15:17:40,375 - INFO - z_normalization.py:101 - Loaded composite
2025-12-26 15:17:40,375 - INFO - z_normalization.py:103 - Set up values | EVI
2025-12-26 15:17:40,404 - INFO - z_normalization.py:110 - Setting up normalization ... 
2025-12-26 15:17:40,404 - INFO - z_normalization.py:114 - Setting up normalization ... done
2025-12-26 15:17:40,404 - INFO - z_normalization.py:116 - Normalizing ... 
2025-12-26 15:17:40,485 - INFO - z_normalization.py:121 - Normalizing ... done
2025-12-26 15:17:40,542 - INFO - z_normalization.py:74 - Z-Normalization | PSRI2
2025-12-26 15:17:40,774 - INFO - z_normalization.py:83 - Loaded baseline
2025-12-26 15:17:40,774 - INFO - z_normalization.py:86 - Set up values | PSRI2_mean
2025-12-26 15:17:40,807 - INFO - z_normalization.py:86 - Set up values | PSRI2_std
2025-12-26 15:17:40,958 - INFO - z_normalization.py:101 - Loaded composite
2025-12-26 15:17:40,959 - INFO - z_normalization.py:103 - Set up values | PSRI2
2025-12-26 15:17:40,988 - INFO - z_normalization.py:110 - Setting up normalization ... 
2025-12-26 15:17:40,988 - INFO - z_normalization.py:114 - Setting up normalization ... done
2025-12-26 15:17:40,988 - INFO - z_normalization.py:116 - Normalizing ... 
2025-12-26 15:17:41,069 - INFO - z_normalization.py:121 - Normalizing ... done
2025-12-26 15:17:41,119 - INFO - z_normalization.py:127 - Merging into one dataset
2025-12-26 15:17:41,120 - INFO - z_normalization.py:133 - Scale and Define data types & nodata per band
2025-12-26 15:17:41,122 - INFO - z_normalization.py:145 - Assign time range and tile ID in metadata
2025-12-26 15:17:41,122 - INFO - z_normalization.py:151 - Write bands to raster COG files
2025-12-26 15:17:45,330 - INFO - z_normalization.py:164 - Write NDVI_Z -> //nas-rs.topo.auth.gr/Latomeia/DROUGHT/z_normalized/x09/y12/2025/11/01/S2L2A_znorm_x09y12_202511_NDVI_z.tif
2025-12-26 15:17:49,799 - INFO - z_normalization.py:164 - Write EVI_Z -> //nas-rs.topo.auth.gr/Latomeia/DROUGHT/z_normalized/x09/y12/2025/11/01/S2L2A_znorm_x09y12_202511_EVI_z.tif
2025-12-26 15:17:54,257 - INFO - z_normalization.py:164 - Write PSRI2_Z -> //nas-rs.topo.auth.gr/Latomeia/DROUGHT/z_normalized/x09/y12/2025/11/01/S2L2A_znorm_x09y12_202511_PSRI2_z.tif
2025-12-26 15:17:54,257 - INFO - z_normalization.py:166 - Assert relative paths and product measurements are matched
2025-12-26 15:17:54,301 - INFO - z_normalization.py:172 - Prepare metadata YAML document
2025-12-26 15:17:54,408 - INFO - z_normalization.py:192 - Write metadata YAML document to disk
2025-12-26 15:17:54,430 - INFO - z_normalization.py:197 - Create datacube.model.Dataset from eo3 metadata
2025-12-26 15:17:54,434 - INFO - z_normalization.py:210 - Index to datacube
2025-12-26 15:17:54,434 - INFO - _datasets.py:191 - Indexing cc935e2a-281d-45f6-ab0c-71106d06d679
2025-12-26 15:17:54,441 - INFO - z_normalization.py:213 - 
2025-12-26 15:17:54,441 - INFO - z_normalization.py:214 -              ✔✔✔ COMPLETED: Tile x09_y12 | Time: 2025-11 | In 0.26 minutes
2025-12-26 15:17:54,441 - INFO - z_normalization.py:215 - 
2025-12-26 15:17:54,441 - INFO - z_normalization.py:230 - #######################################################################
