2025-12-26 04:30:39,914 - INFO - z_normalization.py:42 - #######################################################################
2025-12-26 04:30:40,473 - INFO - z_normalization.py:56 - Starting Z-Normalization for x08_y11 | 2025-10
2025-12-26 04:30:40,473 - INFO - z_normalization.py:58 - Create directories and naming conversions
2025-12-26 04:30:40,489 - INFO - z_normalization.py:69 - Dataset location: //nas-rs.topo.auth.gr/Latomeia/DROUGHT/z_normalized/x08/y11/2025/10/01
2025-12-26 04:30:40,489 - INFO - z_normalization.py:74 - Z-Normalization | NDVI
2025-12-26 04:30:40,883 - INFO - z_normalization.py:83 - Loaded baseline
2025-12-26 04:30:40,883 - INFO - z_normalization.py:86 - Set up values | NDVI_mean
2025-12-26 04:30:40,914 - INFO - z_normalization.py:86 - Set up values | NDVI_std
2025-12-26 04:30:41,105 - INFO - z_normalization.py:101 - Loaded composite
2025-12-26 04:30:41,105 - INFO - z_normalization.py:103 - Set up values | NDVI
2025-12-26 04:30:41,138 - INFO - z_normalization.py:110 - Setting up normalization ... 
2025-12-26 04:30:41,138 - INFO - z_normalization.py:114 - Setting up normalization ... done
2025-12-26 04:30:41,138 - INFO - z_normalization.py:116 - Normalizing ... 
2025-12-26 04:30:41,215 - INFO - z_normalization.py:121 - Normalizing ... done
2025-12-26 04:30:41,276 - INFO - z_normalization.py:74 - Z-Normalization | EVI
2025-12-26 04:30:41,501 - INFO - z_normalization.py:83 - Loaded baseline
2025-12-26 04:30:41,501 - INFO - z_normalization.py:86 - Set up values | EVI_mean
2025-12-26 04:30:41,531 - INFO - z_normalization.py:86 - Set up values | EVI_std
2025-12-26 04:30:41,703 - INFO - z_normalization.py:101 - Loaded composite
2025-12-26 04:30:41,703 - INFO - z_normalization.py:103 - Set up values | EVI
2025-12-26 04:30:41,738 - INFO - z_normalization.py:110 - Setting up normalization ... 
2025-12-26 04:30:41,738 - INFO - z_normalization.py:114 - Setting up normalization ... done
2025-12-26 04:30:41,738 - INFO - z_normalization.py:116 - Normalizing ... 
2025-12-26 04:30:41,831 - INFO - z_normalization.py:121 - Normalizing ... done
2025-12-26 04:30:41,890 - INFO - z_normalization.py:74 - Z-Normalization | PSRI2
2025-12-26 04:30:42,125 - INFO - z_normalization.py:83 - Loaded baseline
2025-12-26 04:30:42,125 - INFO - z_normalization.py:86 - Set up values | PSRI2_mean
2025-12-26 04:30:42,154 - INFO - z_normalization.py:86 - Set up values | PSRI2_std
2025-12-26 04:30:42,299 - INFO - z_normalization.py:101 - Loaded composite
2025-12-26 04:30:42,299 - INFO - z_normalization.py:103 - Set up values | PSRI2
2025-12-26 04:30:42,334 - INFO - z_normalization.py:110 - Setting up normalization ... 
2025-12-26 04:30:42,334 - INFO - z_normalization.py:114 - Setting up normalization ... done
2025-12-26 04:30:42,335 - INFO - z_normalization.py:116 - Normalizing ... 
2025-12-26 04:30:42,426 - INFO - z_normalization.py:121 - Normalizing ... done
2025-12-26 04:30:42,474 - INFO - z_normalization.py:127 - Merging into one dataset
2025-12-26 04:30:42,476 - INFO - z_normalization.py:133 - Scale and Define data types & nodata per band
2025-12-26 04:30:42,478 - INFO - z_normalization.py:145 - Assign time range and tile ID in metadata
2025-12-26 04:30:42,478 - INFO - z_normalization.py:151 - Write bands to raster COG files
2025-12-26 04:30:46,098 - INFO - z_normalization.py:164 - Write NDVI_Z -> //nas-rs.topo.auth.gr/Latomeia/DROUGHT/z_normalized/x08/y11/2025/10/01/S2L2A_znorm_x08y11_202510_NDVI_z.tif
2025-12-26 04:30:49,680 - INFO - z_normalization.py:164 - Write EVI_Z -> //nas-rs.topo.auth.gr/Latomeia/DROUGHT/z_normalized/x08/y11/2025/10/01/S2L2A_znorm_x08y11_202510_EVI_z.tif
2025-12-26 04:30:53,274 - INFO - z_normalization.py:164 - Write PSRI2_Z -> //nas-rs.topo.auth.gr/Latomeia/DROUGHT/z_normalized/x08/y11/2025/10/01/S2L2A_znorm_x08y11_202510_PSRI2_z.tif
2025-12-26 04:30:53,274 - INFO - z_normalization.py:166 - Prepare metadata YAML document
2025-12-26 04:30:53,367 - INFO - z_normalization.py:187 - Write metadata YAML document to disk
2025-12-26 04:30:53,388 - INFO - z_normalization.py:192 - Create datacube.model.Dataset from eo3 metadata
2025-12-26 04:30:53,392 - INFO - z_normalization.py:205 - Index to datacube
2025-12-26 04:30:53,392 - INFO - _datasets.py:191 - Indexing 47ac95aa-6624-45f4-a5c7-393d964116f2
2025-12-26 04:30:53,398 - INFO - z_normalization.py:208 - 
2025-12-26 04:30:53,398 - INFO - z_normalization.py:209 -              ✔✔✔ COMPLETED: Tile x08_y11 | Time: 2025-10 | In 0.22 minutes
2025-12-26 04:30:53,398 - INFO - z_normalization.py:210 - 
