2025-12-26 14:58:48,933 - INFO - z_normalization.py:42 - #######################################################################
2025-12-26 14:58:49,470 - INFO - z_normalization.py:56 - Starting Z-Normalization for x10_y10 | 2025-08
2025-12-26 14:58:49,471 - INFO - z_normalization.py:58 - Create directories and naming conversions
2025-12-26 14:58:49,484 - INFO - z_normalization.py:69 - Dataset location: //nas-rs.topo.auth.gr/Latomeia/DROUGHT/z_normalized/x10/y10/2025/8/01
2025-12-26 14:58:49,484 - INFO - z_normalization.py:74 - Z-Normalization | NDVI
2025-12-26 14:58:49,830 - INFO - z_normalization.py:83 - Loaded baseline
2025-12-26 14:58:49,830 - INFO - z_normalization.py:86 - Set up values | NDVI_mean
2025-12-26 14:58:49,858 - INFO - z_normalization.py:86 - Set up values | NDVI_std
2025-12-26 14:58:50,024 - INFO - z_normalization.py:101 - Loaded composite
2025-12-26 14:58:50,024 - INFO - z_normalization.py:103 - Set up values | NDVI
2025-12-26 14:58:50,054 - INFO - z_normalization.py:110 - Setting up normalization ... 
2025-12-26 14:58:50,054 - INFO - z_normalization.py:114 - Setting up normalization ... done
2025-12-26 14:58:50,054 - INFO - z_normalization.py:116 - Normalizing ... 
2025-12-26 14:58:50,135 - INFO - z_normalization.py:121 - Normalizing ... done
2025-12-26 14:58:50,191 - INFO - z_normalization.py:74 - Z-Normalization | EVI
2025-12-26 14:58:50,487 - INFO - z_normalization.py:83 - Loaded baseline
2025-12-26 14:58:50,487 - INFO - z_normalization.py:86 - Set up values | EVI_mean
2025-12-26 14:58:50,520 - INFO - z_normalization.py:86 - Set up values | EVI_std
2025-12-26 14:58:50,697 - INFO - z_normalization.py:101 - Loaded composite
2025-12-26 14:58:50,697 - INFO - z_normalization.py:103 - Set up values | EVI
2025-12-26 14:58:50,727 - INFO - z_normalization.py:110 - Setting up normalization ... 
2025-12-26 14:58:50,727 - INFO - z_normalization.py:114 - Setting up normalization ... done
2025-12-26 14:58:50,727 - INFO - z_normalization.py:116 - Normalizing ... 
2025-12-26 14:58:50,802 - INFO - z_normalization.py:121 - Normalizing ... done
2025-12-26 14:58:50,852 - INFO - z_normalization.py:74 - Z-Normalization | PSRI2
2025-12-26 14:58:51,104 - INFO - z_normalization.py:83 - Loaded baseline
2025-12-26 14:58:51,104 - INFO - z_normalization.py:86 - Set up values | PSRI2_mean
2025-12-26 14:58:51,132 - INFO - z_normalization.py:86 - Set up values | PSRI2_std
2025-12-26 14:58:51,305 - INFO - z_normalization.py:101 - Loaded composite
2025-12-26 14:58:51,305 - INFO - z_normalization.py:103 - Set up values | PSRI2
2025-12-26 14:58:51,332 - INFO - z_normalization.py:110 - Setting up normalization ... 
2025-12-26 14:58:51,333 - INFO - z_normalization.py:114 - Setting up normalization ... done
2025-12-26 14:58:51,333 - INFO - z_normalization.py:116 - Normalizing ... 
2025-12-26 14:58:51,409 - INFO - z_normalization.py:121 - Normalizing ... done
2025-12-26 14:58:51,458 - INFO - z_normalization.py:127 - Merging into one dataset
2025-12-26 14:58:51,459 - INFO - z_normalization.py:133 - Scale and Define data types & nodata per band
2025-12-26 14:58:51,460 - INFO - z_normalization.py:145 - Assign time range and tile ID in metadata
2025-12-26 14:58:51,460 - INFO - z_normalization.py:151 - Write bands to raster COG files
2025-12-26 14:58:54,986 - INFO - z_normalization.py:164 - Write NDVI_Z -> //nas-rs.topo.auth.gr/Latomeia/DROUGHT/z_normalized/x10/y10/2025/8/01/S2L2A_znorm_x10y10_20258_NDVI_z.tif
2025-12-26 14:58:58,574 - INFO - z_normalization.py:164 - Write EVI_Z -> //nas-rs.topo.auth.gr/Latomeia/DROUGHT/z_normalized/x10/y10/2025/8/01/S2L2A_znorm_x10y10_20258_EVI_z.tif
2025-12-26 14:59:02,223 - INFO - z_normalization.py:164 - Write PSRI2_Z -> //nas-rs.topo.auth.gr/Latomeia/DROUGHT/z_normalized/x10/y10/2025/8/01/S2L2A_znorm_x10y10_20258_PSRI2_z.tif
2025-12-26 14:59:02,223 - INFO - z_normalization.py:166 - Assert relative paths and product measurements are matched
2025-12-26 14:59:02,260 - INFO - z_normalization.py:172 - Prepare metadata YAML document
2025-12-26 14:59:02,350 - INFO - z_normalization.py:192 - Write metadata YAML document to disk
2025-12-26 14:59:02,371 - INFO - z_normalization.py:197 - Create datacube.model.Dataset from eo3 metadata
2025-12-26 14:59:02,376 - INFO - z_normalization.py:210 - Index to datacube
2025-12-26 14:59:02,376 - INFO - _datasets.py:191 - Indexing 42272f6f-3897-4cd6-ad73-3e3d54775fc3
2025-12-26 14:59:02,383 - INFO - z_normalization.py:213 - 
2025-12-26 14:59:02,383 - INFO - z_normalization.py:214 -              ✔✔✔ COMPLETED: Tile x10_y10 | Time: 2025-08 | In 0.22 minutes
2025-12-26 14:59:02,383 - INFO - z_normalization.py:215 - 
2025-12-26 14:59:02,383 - INFO - z_normalization.py:230 - #######################################################################
