2025-12-26 13:52:04,190 - INFO - z_normalization.py:42 - #######################################################################
2025-12-26 13:52:04,769 - INFO - z_normalization.py:56 - Starting Z-Normalization for x10_y09 | 2024-10
2025-12-26 13:52:04,769 - INFO - z_normalization.py:58 - Create directories and naming conversions
2025-12-26 13:52:04,781 - INFO - z_normalization.py:69 - Dataset location: //nas-rs.topo.auth.gr/Latomeia/DROUGHT/z_normalized/x10/y09/2024/10/01
2025-12-26 13:52:04,781 - INFO - z_normalization.py:74 - Z-Normalization | NDVI
2025-12-26 13:52:05,221 - INFO - z_normalization.py:83 - Loaded baseline
2025-12-26 13:52:05,221 - INFO - z_normalization.py:86 - Set up values | NDVI_mean
2025-12-26 13:52:05,251 - INFO - z_normalization.py:86 - Set up values | NDVI_std
2025-12-26 13:52:05,427 - INFO - z_normalization.py:101 - Loaded composite
2025-12-26 13:52:05,427 - INFO - z_normalization.py:103 - Set up values | NDVI
2025-12-26 13:52:05,457 - INFO - z_normalization.py:110 - Setting up normalization ... 
2025-12-26 13:52:05,457 - INFO - z_normalization.py:114 - Setting up normalization ... done
2025-12-26 13:52:05,457 - INFO - z_normalization.py:116 - Normalizing ... 
2025-12-26 13:52:05,541 - INFO - z_normalization.py:121 - Normalizing ... done
2025-12-26 13:52:05,599 - INFO - z_normalization.py:74 - Z-Normalization | EVI
2025-12-26 13:52:05,861 - INFO - z_normalization.py:83 - Loaded baseline
2025-12-26 13:52:05,861 - INFO - z_normalization.py:86 - Set up values | EVI_mean
2025-12-26 13:52:05,891 - INFO - z_normalization.py:86 - Set up values | EVI_std
2025-12-26 13:52:06,067 - INFO - z_normalization.py:101 - Loaded composite
2025-12-26 13:52:06,067 - INFO - z_normalization.py:103 - Set up values | EVI
2025-12-26 13:52:06,107 - INFO - z_normalization.py:110 - Setting up normalization ... 
2025-12-26 13:52:06,107 - INFO - z_normalization.py:114 - Setting up normalization ... done
2025-12-26 13:52:06,107 - INFO - z_normalization.py:116 - Normalizing ... 
2025-12-26 13:52:06,185 - INFO - z_normalization.py:121 - Normalizing ... done
2025-12-26 13:52:06,236 - INFO - z_normalization.py:74 - Z-Normalization | PSRI2
2025-12-26 13:52:06,457 - INFO - z_normalization.py:83 - Loaded baseline
2025-12-26 13:52:06,457 - INFO - z_normalization.py:86 - Set up values | PSRI2_mean
2025-12-26 13:52:06,487 - INFO - z_normalization.py:86 - Set up values | PSRI2_std
2025-12-26 13:52:06,652 - INFO - z_normalization.py:101 - Loaded composite
2025-12-26 13:52:06,653 - INFO - z_normalization.py:103 - Set up values | PSRI2
2025-12-26 13:52:06,683 - INFO - z_normalization.py:110 - Setting up normalization ... 
2025-12-26 13:52:06,683 - INFO - z_normalization.py:114 - Setting up normalization ... done
2025-12-26 13:52:06,683 - INFO - z_normalization.py:116 - Normalizing ... 
2025-12-26 13:52:06,767 - INFO - z_normalization.py:121 - Normalizing ... done
2025-12-26 13:52:06,818 - INFO - z_normalization.py:127 - Merging into one dataset
2025-12-26 13:52:06,820 - INFO - z_normalization.py:133 - Scale and Define data types & nodata per band
2025-12-26 13:52:06,821 - INFO - z_normalization.py:145 - Assign time range and tile ID in metadata
2025-12-26 13:52:06,821 - INFO - z_normalization.py:151 - Write bands to raster COG files
2025-12-26 13:52:10,726 - INFO - z_normalization.py:164 - Write NDVI_Z -> //nas-rs.topo.auth.gr/Latomeia/DROUGHT/z_normalized/x10/y09/2024/10/01/S2L2A_znorm_x10y09_202410_NDVI_z.tif
2025-12-26 13:52:14,706 - INFO - z_normalization.py:164 - Write EVI_Z -> //nas-rs.topo.auth.gr/Latomeia/DROUGHT/z_normalized/x10/y09/2024/10/01/S2L2A_znorm_x10y09_202410_EVI_z.tif
2025-12-26 13:52:18,994 - INFO - z_normalization.py:164 - Write PSRI2_Z -> //nas-rs.topo.auth.gr/Latomeia/DROUGHT/z_normalized/x10/y09/2024/10/01/S2L2A_znorm_x10y09_202410_PSRI2_z.tif
2025-12-26 13:52:18,994 - INFO - z_normalization.py:166 - Assert relative paths and product measurements are matched
2025-12-26 13:52:19,034 - INFO - z_normalization.py:172 - Prepare metadata YAML document
2025-12-26 13:52:19,129 - INFO - z_normalization.py:192 - Write metadata YAML document to disk
2025-12-26 13:52:19,148 - INFO - z_normalization.py:197 - Create datacube.model.Dataset from eo3 metadata
2025-12-26 13:52:19,152 - INFO - z_normalization.py:210 - Index to datacube
2025-12-26 13:52:19,153 - INFO - _datasets.py:191 - Indexing ddf52a7b-cec1-43ec-8957-c75329271971
2025-12-26 13:52:19,161 - INFO - z_normalization.py:213 - 
2025-12-26 13:52:19,161 - INFO - z_normalization.py:214 -              ✔✔✔ COMPLETED: Tile x10_y09 | Time: 2024-10 | In 0.24 minutes
2025-12-26 13:52:19,161 - INFO - z_normalization.py:215 - 
2025-12-26 13:52:19,161 - INFO - z_normalization.py:230 - #######################################################################
