2025-12-26 02:19:09,358 - INFO - z_normalization.py:42 - #######################################################################
2025-12-26 02:19:09,883 - INFO - z_normalization.py:56 - Starting Z-Normalization for x12_y12 | 2023-12
2025-12-26 02:19:09,883 - INFO - z_normalization.py:58 - Create directories and naming conversions
2025-12-26 02:19:09,896 - INFO - z_normalization.py:69 - Dataset location: //nas-rs.topo.auth.gr/Latomeia/DROUGHT/z_normalized/x12/y12/2023/12/01
2025-12-26 02:19:09,896 - INFO - z_normalization.py:74 - Z-Normalization | NDVI
2025-12-26 02:19:10,243 - INFO - z_normalization.py:83 - Loaded baseline
2025-12-26 02:19:10,243 - INFO - z_normalization.py:86 - Set up values | NDVI_mean
2025-12-26 02:19:10,273 - INFO - z_normalization.py:86 - Set up values | NDVI_std
2025-12-26 02:19:10,426 - INFO - z_normalization.py:101 - Loaded composite
2025-12-26 02:19:10,426 - INFO - z_normalization.py:103 - Set up values | NDVI
2025-12-26 02:19:10,457 - INFO - z_normalization.py:110 - Setting up normalization ... 
2025-12-26 02:19:10,457 - INFO - z_normalization.py:114 - Setting up normalization ... done
2025-12-26 02:19:10,457 - INFO - z_normalization.py:116 - Normalizing ... 
2025-12-26 02:19:10,548 - INFO - z_normalization.py:121 - Normalizing ... done
2025-12-26 02:19:10,600 - INFO - z_normalization.py:74 - Z-Normalization | EVI
2025-12-26 02:19:10,809 - INFO - z_normalization.py:83 - Loaded baseline
2025-12-26 02:19:10,809 - INFO - z_normalization.py:86 - Set up values | EVI_mean
2025-12-26 02:19:10,837 - INFO - z_normalization.py:86 - Set up values | EVI_std
2025-12-26 02:19:11,011 - INFO - z_normalization.py:101 - Loaded composite
2025-12-26 02:19:11,011 - INFO - z_normalization.py:103 - Set up values | EVI
2025-12-26 02:19:11,043 - INFO - z_normalization.py:110 - Setting up normalization ... 
2025-12-26 02:19:11,043 - INFO - z_normalization.py:114 - Setting up normalization ... done
2025-12-26 02:19:11,043 - INFO - z_normalization.py:116 - Normalizing ... 
2025-12-26 02:19:11,128 - INFO - z_normalization.py:121 - Normalizing ... done
2025-12-26 02:19:11,177 - INFO - z_normalization.py:74 - Z-Normalization | PSRI2
2025-12-26 02:19:11,452 - INFO - z_normalization.py:83 - Loaded baseline
2025-12-26 02:19:11,452 - INFO - z_normalization.py:86 - Set up values | PSRI2_mean
2025-12-26 02:19:11,481 - INFO - z_normalization.py:86 - Set up values | PSRI2_std
2025-12-26 02:19:11,584 - INFO - z_normalization.py:101 - Loaded composite
2025-12-26 02:19:11,584 - INFO - z_normalization.py:103 - Set up values | PSRI2
2025-12-26 02:19:11,613 - INFO - z_normalization.py:110 - Setting up normalization ... 
2025-12-26 02:19:11,614 - INFO - z_normalization.py:114 - Setting up normalization ... done
2025-12-26 02:19:11,614 - INFO - z_normalization.py:116 - Normalizing ... 
2025-12-26 02:19:11,685 - INFO - z_normalization.py:121 - Normalizing ... done
2025-12-26 02:19:11,736 - INFO - z_normalization.py:127 - Merging into one dataset
2025-12-26 02:19:11,737 - INFO - z_normalization.py:133 - Scale and Define data types & nodata per band
2025-12-26 02:19:11,738 - INFO - z_normalization.py:145 - Assign time range and tile ID in metadata
2025-12-26 02:19:11,738 - INFO - z_normalization.py:151 - Write bands to raster COG files
2025-12-26 02:19:15,137 - INFO - z_normalization.py:164 - Write NDVI_Z -> //nas-rs.topo.auth.gr/Latomeia/DROUGHT/z_normalized/x12/y12/2023/12/01/S2L2A_znorm_x12y12_202312_NDVI_z.tif
2025-12-26 02:19:18,599 - INFO - z_normalization.py:164 - Write EVI_Z -> //nas-rs.topo.auth.gr/Latomeia/DROUGHT/z_normalized/x12/y12/2023/12/01/S2L2A_znorm_x12y12_202312_EVI_z.tif
2025-12-26 02:19:21,710 - INFO - z_normalization.py:164 - Write PSRI2_Z -> //nas-rs.topo.auth.gr/Latomeia/DROUGHT/z_normalized/x12/y12/2023/12/01/S2L2A_znorm_x12y12_202312_PSRI2_z.tif
2025-12-26 02:19:21,710 - INFO - z_normalization.py:166 - Prepare metadata YAML document
2025-12-26 02:19:21,797 - INFO - z_normalization.py:187 - Write metadata YAML document to disk
2025-12-26 02:19:21,818 - INFO - z_normalization.py:192 - Create datacube.model.Dataset from eo3 metadata
2025-12-26 02:19:21,823 - INFO - z_normalization.py:205 - Index to datacube
2025-12-26 02:19:21,824 - INFO - _datasets.py:191 - Indexing d53be2ae-d0db-4b17-ae0d-71a1bbbab790
2025-12-26 02:19:21,833 - INFO - z_normalization.py:208 - 
2025-12-26 02:19:21,833 - INFO - z_normalization.py:209 -              ✔✔✔ COMPLETED: Tile x12_y12 | Time: 2023-12 | In 0.2 minutes
2025-12-26 02:19:21,833 - INFO - z_normalization.py:210 - 
