2025-12-26 14:06:07,228 - INFO - z_normalization.py:42 - #######################################################################
2025-12-26 14:06:07,788 - INFO - z_normalization.py:56 - Starting Z-Normalization for x10_y10 | 2024-12
2025-12-26 14:06:07,788 - INFO - z_normalization.py:58 - Create directories and naming conversions
2025-12-26 14:06:07,802 - INFO - z_normalization.py:69 - Dataset location: //nas-rs.topo.auth.gr/Latomeia/DROUGHT/z_normalized/x10/y10/2024/12/01
2025-12-26 14:06:07,802 - INFO - z_normalization.py:74 - Z-Normalization | NDVI
2025-12-26 14:06:08,160 - INFO - z_normalization.py:83 - Loaded baseline
2025-12-26 14:06:08,160 - INFO - z_normalization.py:86 - Set up values | NDVI_mean
2025-12-26 14:06:08,190 - INFO - z_normalization.py:86 - Set up values | NDVI_std
2025-12-26 14:06:08,365 - INFO - z_normalization.py:101 - Loaded composite
2025-12-26 14:06:08,365 - INFO - z_normalization.py:103 - Set up values | NDVI
2025-12-26 14:06:08,396 - INFO - z_normalization.py:110 - Setting up normalization ... 
2025-12-26 14:06:08,398 - INFO - z_normalization.py:114 - Setting up normalization ... done
2025-12-26 14:06:08,398 - INFO - z_normalization.py:116 - Normalizing ... 
2025-12-26 14:06:08,484 - INFO - z_normalization.py:121 - Normalizing ... done
2025-12-26 14:06:08,539 - INFO - z_normalization.py:74 - Z-Normalization | EVI
2025-12-26 14:06:08,779 - INFO - z_normalization.py:83 - Loaded baseline
2025-12-26 14:06:08,780 - INFO - z_normalization.py:86 - Set up values | EVI_mean
2025-12-26 14:06:08,811 - INFO - z_normalization.py:86 - Set up values | EVI_std
2025-12-26 14:06:08,992 - INFO - z_normalization.py:101 - Loaded composite
2025-12-26 14:06:08,992 - INFO - z_normalization.py:103 - Set up values | EVI
2025-12-26 14:06:09,028 - INFO - z_normalization.py:110 - Setting up normalization ... 
2025-12-26 14:06:09,028 - INFO - z_normalization.py:114 - Setting up normalization ... done
2025-12-26 14:06:09,028 - INFO - z_normalization.py:116 - Normalizing ... 
2025-12-26 14:06:09,115 - INFO - z_normalization.py:121 - Normalizing ... done
2025-12-26 14:06:09,167 - INFO - z_normalization.py:74 - Z-Normalization | PSRI2
2025-12-26 14:06:09,396 - INFO - z_normalization.py:83 - Loaded baseline
2025-12-26 14:06:09,396 - INFO - z_normalization.py:86 - Set up values | PSRI2_mean
2025-12-26 14:06:09,427 - INFO - z_normalization.py:86 - Set up values | PSRI2_std
2025-12-26 14:06:09,573 - INFO - z_normalization.py:101 - Loaded composite
2025-12-26 14:06:09,573 - INFO - z_normalization.py:103 - Set up values | PSRI2
2025-12-26 14:06:09,602 - INFO - z_normalization.py:110 - Setting up normalization ... 
2025-12-26 14:06:09,602 - INFO - z_normalization.py:114 - Setting up normalization ... done
2025-12-26 14:06:09,602 - INFO - z_normalization.py:116 - Normalizing ... 
2025-12-26 14:06:09,679 - INFO - z_normalization.py:121 - Normalizing ... done
2025-12-26 14:06:09,741 - INFO - z_normalization.py:127 - Merging into one dataset
2025-12-26 14:06:09,743 - INFO - z_normalization.py:133 - Scale and Define data types & nodata per band
2025-12-26 14:06:09,746 - INFO - z_normalization.py:145 - Assign time range and tile ID in metadata
2025-12-26 14:06:09,746 - INFO - z_normalization.py:151 - Write bands to raster COG files
2025-12-26 14:06:13,424 - INFO - z_normalization.py:164 - Write NDVI_Z -> //nas-rs.topo.auth.gr/Latomeia/DROUGHT/z_normalized/x10/y10/2024/12/01/S2L2A_znorm_x10y10_202412_NDVI_z.tif
2025-12-26 14:06:17,320 - INFO - z_normalization.py:164 - Write EVI_Z -> //nas-rs.topo.auth.gr/Latomeia/DROUGHT/z_normalized/x10/y10/2024/12/01/S2L2A_znorm_x10y10_202412_EVI_z.tif
2025-12-26 14:06:20,806 - INFO - z_normalization.py:164 - Write PSRI2_Z -> //nas-rs.topo.auth.gr/Latomeia/DROUGHT/z_normalized/x10/y10/2024/12/01/S2L2A_znorm_x10y10_202412_PSRI2_z.tif
2025-12-26 14:06:20,806 - INFO - z_normalization.py:166 - Assert relative paths and product measurements are matched
2025-12-26 14:06:20,845 - INFO - z_normalization.py:172 - Prepare metadata YAML document
2025-12-26 14:06:20,936 - INFO - z_normalization.py:192 - Write metadata YAML document to disk
2025-12-26 14:06:20,956 - INFO - z_normalization.py:197 - Create datacube.model.Dataset from eo3 metadata
2025-12-26 14:06:20,961 - INFO - z_normalization.py:210 - Index to datacube
2025-12-26 14:06:20,962 - INFO - _datasets.py:191 - Indexing 018b7609-9a7c-48f2-88f0-1769dd4271b7
2025-12-26 14:06:20,972 - INFO - z_normalization.py:213 - 
2025-12-26 14:06:20,972 - INFO - z_normalization.py:214 -              ✔✔✔ COMPLETED: Tile x10_y10 | Time: 2024-12 | In 0.22 minutes
2025-12-26 14:06:20,972 - INFO - z_normalization.py:215 - 
2025-12-26 14:06:20,972 - INFO - z_normalization.py:230 - #######################################################################
