2025-12-26 14:16:47,894 - INFO - z_normalization.py:42 - #######################################################################
2025-12-26 14:16:48,527 - INFO - z_normalization.py:56 - Starting Z-Normalization for x09_y07 | 2025-02
2025-12-26 14:16:48,527 - INFO - z_normalization.py:58 - Create directories and naming conversions
2025-12-26 14:16:48,540 - INFO - z_normalization.py:69 - Dataset location: //nas-rs.topo.auth.gr/Latomeia/DROUGHT/z_normalized/x09/y07/2025/2/01
2025-12-26 14:16:48,540 - INFO - z_normalization.py:74 - Z-Normalization | NDVI
2025-12-26 14:16:48,869 - INFO - z_normalization.py:83 - Loaded baseline
2025-12-26 14:16:48,869 - INFO - z_normalization.py:86 - Set up values | NDVI_mean
2025-12-26 14:16:48,899 - INFO - z_normalization.py:86 - Set up values | NDVI_std
2025-12-26 14:16:49,056 - INFO - z_normalization.py:101 - Loaded composite
2025-12-26 14:16:49,056 - INFO - z_normalization.py:103 - Set up values | NDVI
2025-12-26 14:16:49,083 - INFO - z_normalization.py:110 - Setting up normalization ... 
2025-12-26 14:16:49,084 - INFO - z_normalization.py:114 - Setting up normalization ... done
2025-12-26 14:16:49,084 - INFO - z_normalization.py:116 - Normalizing ... 
2025-12-26 14:16:49,177 - INFO - z_normalization.py:121 - Normalizing ... done
2025-12-26 14:16:49,227 - INFO - z_normalization.py:74 - Z-Normalization | EVI
2025-12-26 14:16:49,472 - INFO - z_normalization.py:83 - Loaded baseline
2025-12-26 14:16:49,472 - INFO - z_normalization.py:86 - Set up values | EVI_mean
2025-12-26 14:16:49,500 - INFO - z_normalization.py:86 - Set up values | EVI_std
2025-12-26 14:16:49,693 - INFO - z_normalization.py:101 - Loaded composite
2025-12-26 14:16:49,693 - INFO - z_normalization.py:103 - Set up values | EVI
2025-12-26 14:16:49,724 - INFO - z_normalization.py:110 - Setting up normalization ... 
2025-12-26 14:16:49,725 - INFO - z_normalization.py:114 - Setting up normalization ... done
2025-12-26 14:16:49,725 - INFO - z_normalization.py:116 - Normalizing ... 
2025-12-26 14:16:49,807 - INFO - z_normalization.py:121 - Normalizing ... done
2025-12-26 14:16:49,859 - INFO - z_normalization.py:74 - Z-Normalization | PSRI2
2025-12-26 14:16:50,086 - INFO - z_normalization.py:83 - Loaded baseline
2025-12-26 14:16:50,086 - INFO - z_normalization.py:86 - Set up values | PSRI2_mean
2025-12-26 14:16:50,114 - INFO - z_normalization.py:86 - Set up values | PSRI2_std
2025-12-26 14:16:50,266 - INFO - z_normalization.py:101 - Loaded composite
2025-12-26 14:16:50,266 - INFO - z_normalization.py:103 - Set up values | PSRI2
2025-12-26 14:16:50,299 - INFO - z_normalization.py:110 - Setting up normalization ... 
2025-12-26 14:16:50,299 - INFO - z_normalization.py:114 - Setting up normalization ... done
2025-12-26 14:16:50,299 - INFO - z_normalization.py:116 - Normalizing ... 
2025-12-26 14:16:50,386 - INFO - z_normalization.py:121 - Normalizing ... done
2025-12-26 14:16:50,453 - INFO - z_normalization.py:127 - Merging into one dataset
2025-12-26 14:16:50,456 - INFO - z_normalization.py:133 - Scale and Define data types & nodata per band
2025-12-26 14:16:50,458 - INFO - z_normalization.py:145 - Assign time range and tile ID in metadata
2025-12-26 14:16:50,458 - INFO - z_normalization.py:151 - Write bands to raster COG files
2025-12-26 14:16:54,179 - INFO - z_normalization.py:164 - Write NDVI_Z -> //nas-rs.topo.auth.gr/Latomeia/DROUGHT/z_normalized/x09/y07/2025/2/01/S2L2A_znorm_x09y07_20252_NDVI_z.tif
2025-12-26 14:16:58,111 - INFO - z_normalization.py:164 - Write EVI_Z -> //nas-rs.topo.auth.gr/Latomeia/DROUGHT/z_normalized/x09/y07/2025/2/01/S2L2A_znorm_x09y07_20252_EVI_z.tif
2025-12-26 14:17:01,620 - INFO - z_normalization.py:164 - Write PSRI2_Z -> //nas-rs.topo.auth.gr/Latomeia/DROUGHT/z_normalized/x09/y07/2025/2/01/S2L2A_znorm_x09y07_20252_PSRI2_z.tif
2025-12-26 14:17:01,620 - INFO - z_normalization.py:166 - Assert relative paths and product measurements are matched
2025-12-26 14:17:01,657 - INFO - z_normalization.py:172 - Prepare metadata YAML document
2025-12-26 14:17:01,760 - INFO - z_normalization.py:192 - Write metadata YAML document to disk
2025-12-26 14:17:01,781 - INFO - z_normalization.py:197 - Create datacube.model.Dataset from eo3 metadata
2025-12-26 14:17:01,785 - INFO - z_normalization.py:210 - Index to datacube
2025-12-26 14:17:01,785 - INFO - _datasets.py:191 - Indexing 99bf5d5a-fd54-4587-b189-42b2dcb3e764
2025-12-26 14:17:01,793 - INFO - z_normalization.py:213 - 
2025-12-26 14:17:01,793 - INFO - z_normalization.py:214 -              ✔✔✔ COMPLETED: Tile x09_y07 | Time: 2025-02 | In 0.22 minutes
2025-12-26 14:17:01,793 - INFO - z_normalization.py:215 - 
2025-12-26 14:17:01,793 - INFO - z_normalization.py:230 - #######################################################################
