2025-12-26 12:02:39,102 - INFO - z_normalization.py:42 - #######################################################################
2025-12-26 12:02:39,832 - INFO - z_normalization.py:56 - Starting Z-Normalization for x11_y12 | 2023-05
2025-12-26 12:02:39,832 - INFO - z_normalization.py:58 - Create directories and naming conversions
2025-12-26 12:02:39,844 - INFO - z_normalization.py:69 - Dataset location: //nas-rs.topo.auth.gr/Latomeia/DROUGHT/z_normalized/x11/y12/2023/5/01
2025-12-26 12:02:39,844 - INFO - z_normalization.py:74 - Z-Normalization | NDVI
2025-12-26 12:02:40,291 - INFO - z_normalization.py:83 - Loaded baseline
2025-12-26 12:02:40,292 - INFO - z_normalization.py:86 - Set up values | NDVI_mean
2025-12-26 12:02:40,327 - INFO - z_normalization.py:86 - Set up values | NDVI_std
2025-12-26 12:02:40,548 - INFO - z_normalization.py:101 - Loaded composite
2025-12-26 12:02:40,548 - INFO - z_normalization.py:103 - Set up values | NDVI
2025-12-26 12:02:40,584 - INFO - z_normalization.py:110 - Setting up normalization ... 
2025-12-26 12:02:40,585 - INFO - z_normalization.py:114 - Setting up normalization ... done
2025-12-26 12:02:40,585 - INFO - z_normalization.py:116 - Normalizing ... 
2025-12-26 12:02:40,675 - INFO - z_normalization.py:121 - Normalizing ... done
2025-12-26 12:02:40,744 - INFO - z_normalization.py:74 - Z-Normalization | EVI
2025-12-26 12:02:41,025 - INFO - z_normalization.py:83 - Loaded baseline
2025-12-26 12:02:41,025 - INFO - z_normalization.py:86 - Set up values | EVI_mean
2025-12-26 12:02:41,061 - INFO - z_normalization.py:86 - Set up values | EVI_std
2025-12-26 12:02:41,279 - INFO - z_normalization.py:101 - Loaded composite
2025-12-26 12:02:41,280 - INFO - z_normalization.py:103 - Set up values | EVI
2025-12-26 12:02:41,322 - INFO - z_normalization.py:110 - Setting up normalization ... 
2025-12-26 12:02:41,322 - INFO - z_normalization.py:114 - Setting up normalization ... done
2025-12-26 12:02:41,322 - INFO - z_normalization.py:116 - Normalizing ... 
2025-12-26 12:02:41,411 - INFO - z_normalization.py:121 - Normalizing ... done
2025-12-26 12:02:41,476 - INFO - z_normalization.py:74 - Z-Normalization | PSRI2
2025-12-26 12:02:41,732 - INFO - z_normalization.py:83 - Loaded baseline
2025-12-26 12:02:41,732 - INFO - z_normalization.py:86 - Set up values | PSRI2_mean
2025-12-26 12:02:41,770 - INFO - z_normalization.py:86 - Set up values | PSRI2_std
2025-12-26 12:02:41,950 - INFO - z_normalization.py:101 - Loaded composite
2025-12-26 12:02:41,950 - INFO - z_normalization.py:103 - Set up values | PSRI2
2025-12-26 12:02:41,982 - INFO - z_normalization.py:110 - Setting up normalization ... 
2025-12-26 12:02:41,983 - INFO - z_normalization.py:114 - Setting up normalization ... done
2025-12-26 12:02:41,983 - INFO - z_normalization.py:116 - Normalizing ... 
2025-12-26 12:02:42,084 - INFO - z_normalization.py:121 - Normalizing ... done
2025-12-26 12:02:42,158 - INFO - z_normalization.py:127 - Merging into one dataset
2025-12-26 12:02:42,160 - INFO - z_normalization.py:133 - Scale and Define data types & nodata per band
2025-12-26 12:02:42,162 - INFO - z_normalization.py:145 - Assign time range and tile ID in metadata
2025-12-26 12:02:42,162 - INFO - z_normalization.py:151 - Write bands to raster COG files
2025-12-26 12:02:46,252 - INFO - z_normalization.py:164 - Write NDVI_Z -> //nas-rs.topo.auth.gr/Latomeia/DROUGHT/z_normalized/x11/y12/2023/5/01/S2L2A_znorm_x11y12_20235_NDVI_z.tif
2025-12-26 12:02:50,030 - INFO - z_normalization.py:164 - Write EVI_Z -> //nas-rs.topo.auth.gr/Latomeia/DROUGHT/z_normalized/x11/y12/2023/5/01/S2L2A_znorm_x11y12_20235_EVI_z.tif
2025-12-26 12:02:53,928 - INFO - z_normalization.py:164 - Write PSRI2_Z -> //nas-rs.topo.auth.gr/Latomeia/DROUGHT/z_normalized/x11/y12/2023/5/01/S2L2A_znorm_x11y12_20235_PSRI2_z.tif
2025-12-26 12:02:53,928 - INFO - z_normalization.py:166 - Assert relative paths and product measurements are matched
2025-12-26 12:02:53,967 - INFO - z_normalization.py:172 - Prepare metadata YAML document
2025-12-26 12:02:54,069 - INFO - z_normalization.py:192 - Write metadata YAML document to disk
2025-12-26 12:02:54,090 - INFO - z_normalization.py:197 - Create datacube.model.Dataset from eo3 metadata
2025-12-26 12:02:54,095 - INFO - z_normalization.py:210 - Index to datacube
2025-12-26 12:02:54,095 - INFO - _datasets.py:191 - Indexing 8b5c4923-15e3-4fa3-b4ce-82419da83a1f
2025-12-26 12:02:54,104 - INFO - z_normalization.py:213 - 
2025-12-26 12:02:54,104 - INFO - z_normalization.py:214 -              ✔✔✔ COMPLETED: Tile x11_y12 | Time: 2023-05 | In 0.24 minutes
2025-12-26 12:02:54,105 - INFO - z_normalization.py:215 - 
2025-12-26 12:02:54,105 - INFO - z_normalization.py:230 - #######################################################################
