2025-12-26 14:50:40,636 - INFO - z_normalization.py:42 - #######################################################################
2025-12-26 14:50:41,248 - INFO - z_normalization.py:56 - Starting Z-Normalization for x09_y10 | 2025-07
2025-12-26 14:50:41,248 - INFO - z_normalization.py:58 - Create directories and naming conversions
2025-12-26 14:50:41,260 - INFO - z_normalization.py:69 - Dataset location: //nas-rs.topo.auth.gr/Latomeia/DROUGHT/z_normalized/x09/y10/2025/7/01
2025-12-26 14:50:41,260 - INFO - z_normalization.py:74 - Z-Normalization | NDVI
2025-12-26 14:50:41,659 - INFO - z_normalization.py:83 - Loaded baseline
2025-12-26 14:50:41,659 - INFO - z_normalization.py:86 - Set up values | NDVI_mean
2025-12-26 14:50:41,692 - INFO - z_normalization.py:86 - Set up values | NDVI_std
2025-12-26 14:50:41,863 - INFO - z_normalization.py:101 - Loaded composite
2025-12-26 14:50:41,863 - INFO - z_normalization.py:103 - Set up values | NDVI
2025-12-26 14:50:41,893 - INFO - z_normalization.py:110 - Setting up normalization ... 
2025-12-26 14:50:41,893 - INFO - z_normalization.py:114 - Setting up normalization ... done
2025-12-26 14:50:41,893 - INFO - z_normalization.py:116 - Normalizing ... 
2025-12-26 14:50:41,971 - INFO - z_normalization.py:121 - Normalizing ... done
2025-12-26 14:50:42,032 - INFO - z_normalization.py:74 - Z-Normalization | EVI
2025-12-26 14:50:42,277 - INFO - z_normalization.py:83 - Loaded baseline
2025-12-26 14:50:42,278 - INFO - z_normalization.py:86 - Set up values | EVI_mean
2025-12-26 14:50:42,306 - INFO - z_normalization.py:86 - Set up values | EVI_std
2025-12-26 14:50:42,481 - INFO - z_normalization.py:101 - Loaded composite
2025-12-26 14:50:42,481 - INFO - z_normalization.py:103 - Set up values | EVI
2025-12-26 14:50:42,509 - INFO - z_normalization.py:110 - Setting up normalization ... 
2025-12-26 14:50:42,509 - INFO - z_normalization.py:114 - Setting up normalization ... done
2025-12-26 14:50:42,509 - INFO - z_normalization.py:116 - Normalizing ... 
2025-12-26 14:50:42,585 - INFO - z_normalization.py:121 - Normalizing ... done
2025-12-26 14:50:42,636 - INFO - z_normalization.py:74 - Z-Normalization | PSRI2
2025-12-26 14:50:42,902 - INFO - z_normalization.py:83 - Loaded baseline
2025-12-26 14:50:42,903 - INFO - z_normalization.py:86 - Set up values | PSRI2_mean
2025-12-26 14:50:42,932 - INFO - z_normalization.py:86 - Set up values | PSRI2_std
2025-12-26 14:50:43,101 - INFO - z_normalization.py:101 - Loaded composite
2025-12-26 14:50:43,101 - INFO - z_normalization.py:103 - Set up values | PSRI2
2025-12-26 14:50:43,130 - INFO - z_normalization.py:110 - Setting up normalization ... 
2025-12-26 14:50:43,130 - INFO - z_normalization.py:114 - Setting up normalization ... done
2025-12-26 14:50:43,130 - INFO - z_normalization.py:116 - Normalizing ... 
2025-12-26 14:50:43,207 - INFO - z_normalization.py:121 - Normalizing ... done
2025-12-26 14:50:43,256 - INFO - z_normalization.py:127 - Merging into one dataset
2025-12-26 14:50:43,258 - INFO - z_normalization.py:133 - Scale and Define data types & nodata per band
2025-12-26 14:50:43,259 - INFO - z_normalization.py:145 - Assign time range and tile ID in metadata
2025-12-26 14:50:43,259 - INFO - z_normalization.py:151 - Write bands to raster COG files
2025-12-26 14:50:47,053 - INFO - z_normalization.py:164 - Write NDVI_Z -> //nas-rs.topo.auth.gr/Latomeia/DROUGHT/z_normalized/x09/y10/2025/7/01/S2L2A_znorm_x09y10_20257_NDVI_z.tif
2025-12-26 14:50:50,894 - INFO - z_normalization.py:164 - Write EVI_Z -> //nas-rs.topo.auth.gr/Latomeia/DROUGHT/z_normalized/x09/y10/2025/7/01/S2L2A_znorm_x09y10_20257_EVI_z.tif
2025-12-26 14:50:54,497 - INFO - z_normalization.py:164 - Write PSRI2_Z -> //nas-rs.topo.auth.gr/Latomeia/DROUGHT/z_normalized/x09/y10/2025/7/01/S2L2A_znorm_x09y10_20257_PSRI2_z.tif
2025-12-26 14:50:54,497 - INFO - z_normalization.py:166 - Assert relative paths and product measurements are matched
2025-12-26 14:50:54,534 - INFO - z_normalization.py:172 - Prepare metadata YAML document
2025-12-26 14:50:54,629 - INFO - z_normalization.py:192 - Write metadata YAML document to disk
2025-12-26 14:50:54,649 - INFO - z_normalization.py:197 - Create datacube.model.Dataset from eo3 metadata
2025-12-26 14:50:54,652 - INFO - z_normalization.py:210 - Index to datacube
2025-12-26 14:50:54,653 - INFO - _datasets.py:191 - Indexing b98e29ba-e990-4c04-9235-95d291376988
2025-12-26 14:50:54,659 - INFO - z_normalization.py:213 - 
2025-12-26 14:50:54,659 - INFO - z_normalization.py:214 -              ✔✔✔ COMPLETED: Tile x09_y10 | Time: 2025-07 | In 0.22 minutes
2025-12-26 14:50:54,659 - INFO - z_normalization.py:215 - 
2025-12-26 14:50:54,659 - INFO - z_normalization.py:230 - #######################################################################
