2025-12-26 14:04:57,457 - INFO - z_normalization.py:42 - #######################################################################
2025-12-26 14:04:58,050 - INFO - z_normalization.py:56 - Starting Z-Normalization for x09_y12 | 2024-12
2025-12-26 14:04:58,051 - INFO - z_normalization.py:58 - Create directories and naming conversions
2025-12-26 14:04:58,065 - INFO - z_normalization.py:69 - Dataset location: //nas-rs.topo.auth.gr/Latomeia/DROUGHT/z_normalized/x09/y12/2024/12/01
2025-12-26 14:04:58,065 - INFO - z_normalization.py:74 - Z-Normalization | NDVI
2025-12-26 14:04:58,462 - INFO - z_normalization.py:83 - Loaded baseline
2025-12-26 14:04:58,463 - INFO - z_normalization.py:86 - Set up values | NDVI_mean
2025-12-26 14:04:58,498 - INFO - z_normalization.py:86 - Set up values | NDVI_std
2025-12-26 14:04:58,691 - INFO - z_normalization.py:101 - Loaded composite
2025-12-26 14:04:58,691 - INFO - z_normalization.py:103 - Set up values | NDVI
2025-12-26 14:04:58,722 - INFO - z_normalization.py:110 - Setting up normalization ... 
2025-12-26 14:04:58,722 - INFO - z_normalization.py:114 - Setting up normalization ... done
2025-12-26 14:04:58,722 - INFO - z_normalization.py:116 - Normalizing ... 
2025-12-26 14:04:58,804 - INFO - z_normalization.py:121 - Normalizing ... done
2025-12-26 14:04:58,897 - INFO - z_normalization.py:74 - Z-Normalization | EVI
2025-12-26 14:04:59,190 - INFO - z_normalization.py:83 - Loaded baseline
2025-12-26 14:04:59,190 - INFO - z_normalization.py:86 - Set up values | EVI_mean
2025-12-26 14:04:59,221 - INFO - z_normalization.py:86 - Set up values | EVI_std
2025-12-26 14:04:59,409 - INFO - z_normalization.py:101 - Loaded composite
2025-12-26 14:04:59,409 - INFO - z_normalization.py:103 - Set up values | EVI
2025-12-26 14:04:59,446 - INFO - z_normalization.py:110 - Setting up normalization ... 
2025-12-26 14:04:59,447 - INFO - z_normalization.py:114 - Setting up normalization ... done
2025-12-26 14:04:59,447 - INFO - z_normalization.py:116 - Normalizing ... 
2025-12-26 14:04:59,533 - INFO - z_normalization.py:121 - Normalizing ... done
2025-12-26 14:04:59,601 - INFO - z_normalization.py:74 - Z-Normalization | PSRI2
2025-12-26 14:04:59,836 - INFO - z_normalization.py:83 - Loaded baseline
2025-12-26 14:04:59,836 - INFO - z_normalization.py:86 - Set up values | PSRI2_mean
2025-12-26 14:04:59,868 - INFO - z_normalization.py:86 - Set up values | PSRI2_std
2025-12-26 14:05:00,061 - INFO - z_normalization.py:101 - Loaded composite
2025-12-26 14:05:00,062 - INFO - z_normalization.py:103 - Set up values | PSRI2
2025-12-26 14:05:00,100 - INFO - z_normalization.py:110 - Setting up normalization ... 
2025-12-26 14:05:00,100 - INFO - z_normalization.py:114 - Setting up normalization ... done
2025-12-26 14:05:00,100 - INFO - z_normalization.py:116 - Normalizing ... 
2025-12-26 14:05:00,182 - INFO - z_normalization.py:121 - Normalizing ... done
2025-12-26 14:05:00,236 - INFO - z_normalization.py:127 - Merging into one dataset
2025-12-26 14:05:00,237 - INFO - z_normalization.py:133 - Scale and Define data types & nodata per band
2025-12-26 14:05:00,240 - INFO - z_normalization.py:145 - Assign time range and tile ID in metadata
2025-12-26 14:05:00,240 - INFO - z_normalization.py:151 - Write bands to raster COG files
2025-12-26 14:05:04,156 - INFO - z_normalization.py:164 - Write NDVI_Z -> //nas-rs.topo.auth.gr/Latomeia/DROUGHT/z_normalized/x09/y12/2024/12/01/S2L2A_znorm_x09y12_202412_NDVI_z.tif
2025-12-26 14:05:08,404 - INFO - z_normalization.py:164 - Write EVI_Z -> //nas-rs.topo.auth.gr/Latomeia/DROUGHT/z_normalized/x09/y12/2024/12/01/S2L2A_znorm_x09y12_202412_EVI_z.tif
2025-12-26 14:05:12,413 - INFO - z_normalization.py:164 - Write PSRI2_Z -> //nas-rs.topo.auth.gr/Latomeia/DROUGHT/z_normalized/x09/y12/2024/12/01/S2L2A_znorm_x09y12_202412_PSRI2_z.tif
2025-12-26 14:05:12,413 - INFO - z_normalization.py:166 - Assert relative paths and product measurements are matched
2025-12-26 14:05:12,456 - INFO - z_normalization.py:172 - Prepare metadata YAML document
2025-12-26 14:05:12,551 - INFO - z_normalization.py:192 - Write metadata YAML document to disk
2025-12-26 14:05:12,572 - INFO - z_normalization.py:197 - Create datacube.model.Dataset from eo3 metadata
2025-12-26 14:05:12,576 - INFO - z_normalization.py:210 - Index to datacube
2025-12-26 14:05:12,577 - INFO - _datasets.py:191 - Indexing 04db35c8-23c5-4c9f-b906-ab024a1afc5e
2025-12-26 14:05:12,585 - INFO - z_normalization.py:213 - 
2025-12-26 14:05:12,585 - INFO - z_normalization.py:214 -              ✔✔✔ COMPLETED: Tile x09_y12 | Time: 2024-12 | In 0.24 minutes
2025-12-26 14:05:12,585 - INFO - z_normalization.py:215 - 
2025-12-26 14:05:12,585 - INFO - z_normalization.py:230 - #######################################################################
