2025-12-26 02:58:30,966 - INFO - z_normalization.py:42 - #######################################################################
2025-12-26 02:58:31,531 - INFO - z_normalization.py:56 - Starting Z-Normalization for x09_y11 | 2024-07
2025-12-26 02:58:31,531 - INFO - z_normalization.py:58 - Create directories and naming conversions
2025-12-26 02:58:31,545 - INFO - z_normalization.py:69 - Dataset location: //nas-rs.topo.auth.gr/Latomeia/DROUGHT/z_normalized/x09/y11/2024/7/01
2025-12-26 02:58:31,546 - INFO - z_normalization.py:74 - Z-Normalization | NDVI
2025-12-26 02:58:31,959 - INFO - z_normalization.py:83 - Loaded baseline
2025-12-26 02:58:31,959 - INFO - z_normalization.py:86 - Set up values | NDVI_mean
2025-12-26 02:58:31,996 - INFO - z_normalization.py:86 - Set up values | NDVI_std
2025-12-26 02:58:32,170 - INFO - z_normalization.py:101 - Loaded composite
2025-12-26 02:58:32,170 - INFO - z_normalization.py:103 - Set up values | NDVI
2025-12-26 02:58:32,198 - INFO - z_normalization.py:110 - Setting up normalization ... 
2025-12-26 02:58:32,198 - INFO - z_normalization.py:114 - Setting up normalization ... done
2025-12-26 02:58:32,198 - INFO - z_normalization.py:116 - Normalizing ... 
2025-12-26 02:58:32,286 - INFO - z_normalization.py:121 - Normalizing ... done
2025-12-26 02:58:32,349 - INFO - z_normalization.py:74 - Z-Normalization | EVI
2025-12-26 02:58:32,570 - INFO - z_normalization.py:83 - Loaded baseline
2025-12-26 02:58:32,571 - INFO - z_normalization.py:86 - Set up values | EVI_mean
2025-12-26 02:58:32,604 - INFO - z_normalization.py:86 - Set up values | EVI_std
2025-12-26 02:58:32,771 - INFO - z_normalization.py:101 - Loaded composite
2025-12-26 02:58:32,771 - INFO - z_normalization.py:103 - Set up values | EVI
2025-12-26 02:58:32,798 - INFO - z_normalization.py:110 - Setting up normalization ... 
2025-12-26 02:58:32,800 - INFO - z_normalization.py:114 - Setting up normalization ... done
2025-12-26 02:58:32,800 - INFO - z_normalization.py:116 - Normalizing ... 
2025-12-26 02:58:32,875 - INFO - z_normalization.py:121 - Normalizing ... done
2025-12-26 02:58:32,928 - INFO - z_normalization.py:74 - Z-Normalization | PSRI2
2025-12-26 02:58:33,174 - INFO - z_normalization.py:83 - Loaded baseline
2025-12-26 02:58:33,174 - INFO - z_normalization.py:86 - Set up values | PSRI2_mean
2025-12-26 02:58:33,201 - INFO - z_normalization.py:86 - Set up values | PSRI2_std
2025-12-26 02:58:33,393 - INFO - z_normalization.py:101 - Loaded composite
2025-12-26 02:58:33,393 - INFO - z_normalization.py:103 - Set up values | PSRI2
2025-12-26 02:58:33,421 - INFO - z_normalization.py:110 - Setting up normalization ... 
2025-12-26 02:58:33,421 - INFO - z_normalization.py:114 - Setting up normalization ... done
2025-12-26 02:58:33,421 - INFO - z_normalization.py:116 - Normalizing ... 
2025-12-26 02:58:33,499 - INFO - z_normalization.py:121 - Normalizing ... done
2025-12-26 02:58:33,548 - INFO - z_normalization.py:127 - Merging into one dataset
2025-12-26 02:58:33,549 - INFO - z_normalization.py:133 - Scale and Define data types & nodata per band
2025-12-26 02:58:33,550 - INFO - z_normalization.py:145 - Assign time range and tile ID in metadata
2025-12-26 02:58:33,550 - INFO - z_normalization.py:151 - Write bands to raster COG files
2025-12-26 02:58:37,190 - INFO - z_normalization.py:164 - Write NDVI_Z -> //nas-rs.topo.auth.gr/Latomeia/DROUGHT/z_normalized/x09/y11/2024/7/01/S2L2A_znorm_x09y11_20247_NDVI_z.tif
2025-12-26 02:58:40,828 - INFO - z_normalization.py:164 - Write EVI_Z -> //nas-rs.topo.auth.gr/Latomeia/DROUGHT/z_normalized/x09/y11/2024/7/01/S2L2A_znorm_x09y11_20247_EVI_z.tif
2025-12-26 02:58:44,406 - INFO - z_normalization.py:164 - Write PSRI2_Z -> //nas-rs.topo.auth.gr/Latomeia/DROUGHT/z_normalized/x09/y11/2024/7/01/S2L2A_znorm_x09y11_20247_PSRI2_z.tif
2025-12-26 02:58:44,406 - INFO - z_normalization.py:166 - Prepare metadata YAML document
2025-12-26 02:58:44,495 - INFO - z_normalization.py:187 - Write metadata YAML document to disk
2025-12-26 02:58:44,515 - INFO - z_normalization.py:192 - Create datacube.model.Dataset from eo3 metadata
2025-12-26 02:58:44,519 - INFO - z_normalization.py:205 - Index to datacube
2025-12-26 02:58:44,519 - INFO - _datasets.py:191 - Indexing d19d68f8-05e2-435b-bd14-7cc5f5b85137
2025-12-26 02:58:44,527 - INFO - z_normalization.py:208 - 
2025-12-26 02:58:44,527 - INFO - z_normalization.py:209 -              ✔✔✔ COMPLETED: Tile x09_y11 | Time: 2024-07 | In 0.22 minutes
2025-12-26 02:58:44,527 - INFO - z_normalization.py:210 - 
