2025-12-26 02:48:13,641 - INFO - z_normalization.py:42 - #######################################################################
2025-12-26 02:48:14,321 - INFO - z_normalization.py:56 - Starting Z-Normalization for x11_y08 | 2024-05
2025-12-26 02:48:14,321 - INFO - z_normalization.py:58 - Create directories and naming conversions
2025-12-26 02:48:14,335 - INFO - z_normalization.py:69 - Dataset location: //nas-rs.topo.auth.gr/Latomeia/DROUGHT/z_normalized/x11/y08/2024/5/01
2025-12-26 02:48:14,335 - INFO - z_normalization.py:74 - Z-Normalization | NDVI
2025-12-26 02:48:14,671 - INFO - z_normalization.py:83 - Loaded baseline
2025-12-26 02:48:14,671 - INFO - z_normalization.py:86 - Set up values | NDVI_mean
2025-12-26 02:48:14,702 - INFO - z_normalization.py:86 - Set up values | NDVI_std
2025-12-26 02:48:14,851 - INFO - z_normalization.py:101 - Loaded composite
2025-12-26 02:48:14,851 - INFO - z_normalization.py:103 - Set up values | NDVI
2025-12-26 02:48:14,879 - INFO - z_normalization.py:110 - Setting up normalization ... 
2025-12-26 02:48:14,879 - INFO - z_normalization.py:114 - Setting up normalization ... done
2025-12-26 02:48:14,879 - INFO - z_normalization.py:116 - Normalizing ... 
2025-12-26 02:48:14,963 - INFO - z_normalization.py:121 - Normalizing ... done
2025-12-26 02:48:15,016 - INFO - z_normalization.py:74 - Z-Normalization | EVI
2025-12-26 02:48:15,244 - INFO - z_normalization.py:83 - Loaded baseline
2025-12-26 02:48:15,244 - INFO - z_normalization.py:86 - Set up values | EVI_mean
2025-12-26 02:48:15,274 - INFO - z_normalization.py:86 - Set up values | EVI_std
2025-12-26 02:48:15,428 - INFO - z_normalization.py:101 - Loaded composite
2025-12-26 02:48:15,428 - INFO - z_normalization.py:103 - Set up values | EVI
2025-12-26 02:48:15,456 - INFO - z_normalization.py:110 - Setting up normalization ... 
2025-12-26 02:48:15,457 - INFO - z_normalization.py:114 - Setting up normalization ... done
2025-12-26 02:48:15,457 - INFO - z_normalization.py:116 - Normalizing ... 
2025-12-26 02:48:15,533 - INFO - z_normalization.py:121 - Normalizing ... done
2025-12-26 02:48:15,588 - INFO - z_normalization.py:74 - Z-Normalization | PSRI2
2025-12-26 02:48:15,828 - INFO - z_normalization.py:83 - Loaded baseline
2025-12-26 02:48:15,828 - INFO - z_normalization.py:86 - Set up values | PSRI2_mean
2025-12-26 02:48:15,855 - INFO - z_normalization.py:86 - Set up values | PSRI2_std
2025-12-26 02:48:16,017 - INFO - z_normalization.py:101 - Loaded composite
2025-12-26 02:48:16,017 - INFO - z_normalization.py:103 - Set up values | PSRI2
2025-12-26 02:48:16,047 - INFO - z_normalization.py:110 - Setting up normalization ... 
2025-12-26 02:48:16,047 - INFO - z_normalization.py:114 - Setting up normalization ... done
2025-12-26 02:48:16,047 - INFO - z_normalization.py:116 - Normalizing ... 
2025-12-26 02:48:16,134 - INFO - z_normalization.py:121 - Normalizing ... done
2025-12-26 02:48:16,200 - INFO - z_normalization.py:127 - Merging into one dataset
2025-12-26 02:48:16,202 - INFO - z_normalization.py:133 - Scale and Define data types & nodata per band
2025-12-26 02:48:16,204 - INFO - z_normalization.py:145 - Assign time range and tile ID in metadata
2025-12-26 02:48:16,204 - INFO - z_normalization.py:151 - Write bands to raster COG files
2025-12-26 02:48:19,860 - INFO - z_normalization.py:164 - Write NDVI_Z -> //nas-rs.topo.auth.gr/Latomeia/DROUGHT/z_normalized/x11/y08/2024/5/01/S2L2A_znorm_x11y08_20245_NDVI_z.tif
2025-12-26 02:48:23,478 - INFO - z_normalization.py:164 - Write EVI_Z -> //nas-rs.topo.auth.gr/Latomeia/DROUGHT/z_normalized/x11/y08/2024/5/01/S2L2A_znorm_x11y08_20245_EVI_z.tif
2025-12-26 02:48:27,151 - INFO - z_normalization.py:164 - Write PSRI2_Z -> //nas-rs.topo.auth.gr/Latomeia/DROUGHT/z_normalized/x11/y08/2024/5/01/S2L2A_znorm_x11y08_20245_PSRI2_z.tif
2025-12-26 02:48:27,151 - INFO - z_normalization.py:166 - Prepare metadata YAML document
2025-12-26 02:48:27,243 - INFO - z_normalization.py:187 - Write metadata YAML document to disk
2025-12-26 02:48:27,262 - INFO - z_normalization.py:192 - Create datacube.model.Dataset from eo3 metadata
2025-12-26 02:48:27,266 - INFO - z_normalization.py:205 - Index to datacube
2025-12-26 02:48:27,266 - INFO - _datasets.py:191 - Indexing fa0bad64-19cd-4122-83f2-956d134dd1af
2025-12-26 02:48:27,275 - INFO - z_normalization.py:208 - 
2025-12-26 02:48:27,276 - INFO - z_normalization.py:209 -              ✔✔✔ COMPLETED: Tile x11_y08 | Time: 2024-05 | In 0.22 minutes
2025-12-26 02:48:27,276 - INFO - z_normalization.py:210 - 
