2025-12-26 15:19:44,033 - INFO - z_normalization.py:42 - #######################################################################
2025-12-26 15:19:44,667 - INFO - z_normalization.py:56 - Starting Z-Normalization for x11_y10 | 2025-11
2025-12-26 15:19:44,667 - INFO - z_normalization.py:58 - Create directories and naming conversions
2025-12-26 15:19:44,682 - INFO - z_normalization.py:69 - Dataset location: //nas-rs.topo.auth.gr/Latomeia/DROUGHT/z_normalized/x11/y10/2025/11/01
2025-12-26 15:19:44,682 - INFO - z_normalization.py:74 - Z-Normalization | NDVI
2025-12-26 15:19:45,064 - INFO - z_normalization.py:83 - Loaded baseline
2025-12-26 15:19:45,064 - INFO - z_normalization.py:86 - Set up values | NDVI_mean
2025-12-26 15:19:45,096 - INFO - z_normalization.py:86 - Set up values | NDVI_std
2025-12-26 15:19:45,255 - INFO - z_normalization.py:101 - Loaded composite
2025-12-26 15:19:45,255 - INFO - z_normalization.py:103 - Set up values | NDVI
2025-12-26 15:19:45,287 - INFO - z_normalization.py:110 - Setting up normalization ... 
2025-12-26 15:19:45,287 - INFO - z_normalization.py:114 - Setting up normalization ... done
2025-12-26 15:19:45,287 - INFO - z_normalization.py:116 - Normalizing ... 
2025-12-26 15:19:45,379 - INFO - z_normalization.py:121 - Normalizing ... done
2025-12-26 15:19:45,435 - INFO - z_normalization.py:74 - Z-Normalization | EVI
2025-12-26 15:19:45,710 - INFO - z_normalization.py:83 - Loaded baseline
2025-12-26 15:19:45,710 - INFO - z_normalization.py:86 - Set up values | EVI_mean
2025-12-26 15:19:45,739 - INFO - z_normalization.py:86 - Set up values | EVI_std
2025-12-26 15:19:45,925 - INFO - z_normalization.py:101 - Loaded composite
2025-12-26 15:19:45,925 - INFO - z_normalization.py:103 - Set up values | EVI
2025-12-26 15:19:45,959 - INFO - z_normalization.py:110 - Setting up normalization ... 
2025-12-26 15:19:45,959 - INFO - z_normalization.py:114 - Setting up normalization ... done
2025-12-26 15:19:45,959 - INFO - z_normalization.py:116 - Normalizing ... 
2025-12-26 15:19:46,040 - INFO - z_normalization.py:121 - Normalizing ... done
2025-12-26 15:19:46,091 - INFO - z_normalization.py:74 - Z-Normalization | PSRI2
2025-12-26 15:19:46,329 - INFO - z_normalization.py:83 - Loaded baseline
2025-12-26 15:19:46,329 - INFO - z_normalization.py:86 - Set up values | PSRI2_mean
2025-12-26 15:19:46,356 - INFO - z_normalization.py:86 - Set up values | PSRI2_std
2025-12-26 15:19:46,518 - INFO - z_normalization.py:101 - Loaded composite
2025-12-26 15:19:46,519 - INFO - z_normalization.py:103 - Set up values | PSRI2
2025-12-26 15:19:46,548 - INFO - z_normalization.py:110 - Setting up normalization ... 
2025-12-26 15:19:46,548 - INFO - z_normalization.py:114 - Setting up normalization ... done
2025-12-26 15:19:46,548 - INFO - z_normalization.py:116 - Normalizing ... 
2025-12-26 15:19:46,627 - INFO - z_normalization.py:121 - Normalizing ... done
2025-12-26 15:19:46,679 - INFO - z_normalization.py:127 - Merging into one dataset
2025-12-26 15:19:46,680 - INFO - z_normalization.py:133 - Scale and Define data types & nodata per band
2025-12-26 15:19:46,682 - INFO - z_normalization.py:145 - Assign time range and tile ID in metadata
2025-12-26 15:19:46,682 - INFO - z_normalization.py:151 - Write bands to raster COG files
2025-12-26 15:19:50,432 - INFO - z_normalization.py:164 - Write NDVI_Z -> //nas-rs.topo.auth.gr/Latomeia/DROUGHT/z_normalized/x11/y10/2025/11/01/S2L2A_znorm_x11y10_202511_NDVI_z.tif
2025-12-26 15:19:54,341 - INFO - z_normalization.py:164 - Write EVI_Z -> //nas-rs.topo.auth.gr/Latomeia/DROUGHT/z_normalized/x11/y10/2025/11/01/S2L2A_znorm_x11y10_202511_EVI_z.tif
2025-12-26 15:19:58,005 - INFO - z_normalization.py:164 - Write PSRI2_Z -> //nas-rs.topo.auth.gr/Latomeia/DROUGHT/z_normalized/x11/y10/2025/11/01/S2L2A_znorm_x11y10_202511_PSRI2_z.tif
2025-12-26 15:19:58,006 - INFO - z_normalization.py:166 - Assert relative paths and product measurements are matched
2025-12-26 15:19:58,045 - INFO - z_normalization.py:172 - Prepare metadata YAML document
2025-12-26 15:19:58,148 - INFO - z_normalization.py:192 - Write metadata YAML document to disk
2025-12-26 15:19:58,168 - INFO - z_normalization.py:197 - Create datacube.model.Dataset from eo3 metadata
2025-12-26 15:19:58,172 - INFO - z_normalization.py:210 - Index to datacube
2025-12-26 15:19:58,174 - INFO - _datasets.py:191 - Indexing 667b371b-ca36-4fd5-b149-c61c5c0ad914
2025-12-26 15:19:58,181 - INFO - z_normalization.py:213 - 
2025-12-26 15:19:58,181 - INFO - z_normalization.py:214 -              ✔✔✔ COMPLETED: Tile x11_y10 | Time: 2025-11 | In 0.23 minutes
2025-12-26 15:19:58,181 - INFO - z_normalization.py:215 - 
2025-12-26 15:19:58,181 - INFO - z_normalization.py:230 - #######################################################################
