2025-12-26 04:35:05,721 - INFO - z_normalization.py:42 - #######################################################################
2025-12-26 04:35:06,297 - INFO - z_normalization.py:56 - Starting Z-Normalization for x11_y12 | 2025-10
2025-12-26 04:35:06,297 - INFO - z_normalization.py:58 - Create directories and naming conversions
2025-12-26 04:35:06,311 - INFO - z_normalization.py:69 - Dataset location: //nas-rs.topo.auth.gr/Latomeia/DROUGHT/z_normalized/x11/y12/2025/10/01
2025-12-26 04:35:06,311 - INFO - z_normalization.py:74 - Z-Normalization | NDVI
2025-12-26 04:35:06,705 - INFO - z_normalization.py:83 - Loaded baseline
2025-12-26 04:35:06,705 - INFO - z_normalization.py:86 - Set up values | NDVI_mean
2025-12-26 04:35:06,738 - INFO - z_normalization.py:86 - Set up values | NDVI_std
2025-12-26 04:35:06,897 - INFO - z_normalization.py:101 - Loaded composite
2025-12-26 04:35:06,897 - INFO - z_normalization.py:103 - Set up values | NDVI
2025-12-26 04:35:06,927 - INFO - z_normalization.py:110 - Setting up normalization ... 
2025-12-26 04:35:06,927 - INFO - z_normalization.py:114 - Setting up normalization ... done
2025-12-26 04:35:06,927 - INFO - z_normalization.py:116 - Normalizing ... 
2025-12-26 04:35:07,012 - INFO - z_normalization.py:121 - Normalizing ... done
2025-12-26 04:35:07,071 - INFO - z_normalization.py:74 - Z-Normalization | EVI
2025-12-26 04:35:07,292 - INFO - z_normalization.py:83 - Loaded baseline
2025-12-26 04:35:07,292 - INFO - z_normalization.py:86 - Set up values | EVI_mean
2025-12-26 04:35:07,320 - INFO - z_normalization.py:86 - Set up values | EVI_std
2025-12-26 04:35:07,507 - INFO - z_normalization.py:101 - Loaded composite
2025-12-26 04:35:07,507 - INFO - z_normalization.py:103 - Set up values | EVI
2025-12-26 04:35:07,538 - INFO - z_normalization.py:110 - Setting up normalization ... 
2025-12-26 04:35:07,539 - INFO - z_normalization.py:114 - Setting up normalization ... done
2025-12-26 04:35:07,539 - INFO - z_normalization.py:116 - Normalizing ... 
2025-12-26 04:35:07,616 - INFO - z_normalization.py:121 - Normalizing ... done
2025-12-26 04:35:07,678 - INFO - z_normalization.py:74 - Z-Normalization | PSRI2
2025-12-26 04:35:07,992 - INFO - z_normalization.py:83 - Loaded baseline
2025-12-26 04:35:07,992 - INFO - z_normalization.py:86 - Set up values | PSRI2_mean
2025-12-26 04:35:08,022 - INFO - z_normalization.py:86 - Set up values | PSRI2_std
2025-12-26 04:35:08,224 - INFO - z_normalization.py:101 - Loaded composite
2025-12-26 04:35:08,224 - INFO - z_normalization.py:103 - Set up values | PSRI2
2025-12-26 04:35:08,253 - INFO - z_normalization.py:110 - Setting up normalization ... 
2025-12-26 04:35:08,254 - INFO - z_normalization.py:114 - Setting up normalization ... done
2025-12-26 04:35:08,254 - INFO - z_normalization.py:116 - Normalizing ... 
2025-12-26 04:35:08,330 - INFO - z_normalization.py:121 - Normalizing ... done
2025-12-26 04:35:08,383 - INFO - z_normalization.py:127 - Merging into one dataset
2025-12-26 04:35:08,384 - INFO - z_normalization.py:133 - Scale and Define data types & nodata per band
2025-12-26 04:35:08,385 - INFO - z_normalization.py:145 - Assign time range and tile ID in metadata
2025-12-26 04:35:08,385 - INFO - z_normalization.py:151 - Write bands to raster COG files
2025-12-26 04:35:12,107 - INFO - z_normalization.py:164 - Write NDVI_Z -> //nas-rs.topo.auth.gr/Latomeia/DROUGHT/z_normalized/x11/y12/2025/10/01/S2L2A_znorm_x11y12_202510_NDVI_z.tif
2025-12-26 04:35:15,784 - INFO - z_normalization.py:164 - Write EVI_Z -> //nas-rs.topo.auth.gr/Latomeia/DROUGHT/z_normalized/x11/y12/2025/10/01/S2L2A_znorm_x11y12_202510_EVI_z.tif
2025-12-26 04:35:19,259 - INFO - z_normalization.py:164 - Write PSRI2_Z -> //nas-rs.topo.auth.gr/Latomeia/DROUGHT/z_normalized/x11/y12/2025/10/01/S2L2A_znorm_x11y12_202510_PSRI2_z.tif
2025-12-26 04:35:19,259 - INFO - z_normalization.py:166 - Prepare metadata YAML document
2025-12-26 04:35:19,355 - INFO - z_normalization.py:187 - Write metadata YAML document to disk
2025-12-26 04:35:19,375 - INFO - z_normalization.py:192 - Create datacube.model.Dataset from eo3 metadata
2025-12-26 04:35:19,379 - INFO - z_normalization.py:205 - Index to datacube
2025-12-26 04:35:19,379 - INFO - _datasets.py:191 - Indexing ef8b66ad-2700-4482-8111-c0dd29bc4452
2025-12-26 04:35:19,387 - INFO - z_normalization.py:208 - 
2025-12-26 04:35:19,387 - INFO - z_normalization.py:209 -              ✔✔✔ COMPLETED: Tile x11_y12 | Time: 2025-10 | In 0.22 minutes
2025-12-26 04:35:19,387 - INFO - z_normalization.py:210 - 
