2025-12-26 03:59:58,339 - INFO - z_normalization.py:42 - #######################################################################
2025-12-26 03:59:58,899 - INFO - z_normalization.py:56 - Starting Z-Normalization for x10_y07 | 2025-05
2025-12-26 03:59:58,900 - INFO - z_normalization.py:58 - Create directories and naming conversions
2025-12-26 03:59:58,914 - INFO - z_normalization.py:69 - Dataset location: //nas-rs.topo.auth.gr/Latomeia/DROUGHT/z_normalized/x10/y07/2025/5/01
2025-12-26 03:59:58,914 - INFO - z_normalization.py:74 - Z-Normalization | NDVI
2025-12-26 03:59:59,287 - INFO - z_normalization.py:83 - Loaded baseline
2025-12-26 03:59:59,287 - INFO - z_normalization.py:86 - Set up values | NDVI_mean
2025-12-26 03:59:59,322 - INFO - z_normalization.py:86 - Set up values | NDVI_std
2025-12-26 03:59:59,491 - INFO - z_normalization.py:101 - Loaded composite
2025-12-26 03:59:59,491 - INFO - z_normalization.py:103 - Set up values | NDVI
2025-12-26 03:59:59,520 - INFO - z_normalization.py:110 - Setting up normalization ... 
2025-12-26 03:59:59,521 - INFO - z_normalization.py:114 - Setting up normalization ... done
2025-12-26 03:59:59,521 - INFO - z_normalization.py:116 - Normalizing ... 
2025-12-26 03:59:59,599 - INFO - z_normalization.py:121 - Normalizing ... done
2025-12-26 03:59:59,650 - INFO - z_normalization.py:74 - Z-Normalization | EVI
2025-12-26 03:59:59,861 - INFO - z_normalization.py:83 - Loaded baseline
2025-12-26 03:59:59,861 - INFO - z_normalization.py:86 - Set up values | EVI_mean
2025-12-26 03:59:59,895 - INFO - z_normalization.py:86 - Set up values | EVI_std
2025-12-26 04:00:00,076 - INFO - z_normalization.py:101 - Loaded composite
2025-12-26 04:00:00,076 - INFO - z_normalization.py:103 - Set up values | EVI
2025-12-26 04:00:00,105 - INFO - z_normalization.py:110 - Setting up normalization ... 
2025-12-26 04:00:00,105 - INFO - z_normalization.py:114 - Setting up normalization ... done
2025-12-26 04:00:00,105 - INFO - z_normalization.py:116 - Normalizing ... 
2025-12-26 04:00:00,193 - INFO - z_normalization.py:121 - Normalizing ... done
2025-12-26 04:00:00,247 - INFO - z_normalization.py:74 - Z-Normalization | PSRI2
2025-12-26 04:00:00,532 - INFO - z_normalization.py:83 - Loaded baseline
2025-12-26 04:00:00,533 - INFO - z_normalization.py:86 - Set up values | PSRI2_mean
2025-12-26 04:00:00,570 - INFO - z_normalization.py:86 - Set up values | PSRI2_std
2025-12-26 04:00:00,782 - INFO - z_normalization.py:101 - Loaded composite
2025-12-26 04:00:00,782 - INFO - z_normalization.py:103 - Set up values | PSRI2
2025-12-26 04:00:00,818 - INFO - z_normalization.py:110 - Setting up normalization ... 
2025-12-26 04:00:00,818 - INFO - z_normalization.py:114 - Setting up normalization ... done
2025-12-26 04:00:00,818 - INFO - z_normalization.py:116 - Normalizing ... 
2025-12-26 04:00:00,900 - INFO - z_normalization.py:121 - Normalizing ... done
2025-12-26 04:00:00,966 - INFO - z_normalization.py:127 - Merging into one dataset
2025-12-26 04:00:00,968 - INFO - z_normalization.py:133 - Scale and Define data types & nodata per band
2025-12-26 04:00:00,970 - INFO - z_normalization.py:145 - Assign time range and tile ID in metadata
2025-12-26 04:00:00,970 - INFO - z_normalization.py:151 - Write bands to raster COG files
2025-12-26 04:00:05,447 - INFO - z_normalization.py:164 - Write NDVI_Z -> //nas-rs.topo.auth.gr/Latomeia/DROUGHT/z_normalized/x10/y07/2025/5/01/S2L2A_znorm_x10y07_20255_NDVI_z.tif
2025-12-26 04:00:09,225 - INFO - z_normalization.py:164 - Write EVI_Z -> //nas-rs.topo.auth.gr/Latomeia/DROUGHT/z_normalized/x10/y07/2025/5/01/S2L2A_znorm_x10y07_20255_EVI_z.tif
2025-12-26 04:00:12,862 - INFO - z_normalization.py:164 - Write PSRI2_Z -> //nas-rs.topo.auth.gr/Latomeia/DROUGHT/z_normalized/x10/y07/2025/5/01/S2L2A_znorm_x10y07_20255_PSRI2_z.tif
2025-12-26 04:00:12,863 - INFO - z_normalization.py:166 - Prepare metadata YAML document
2025-12-26 04:00:12,951 - INFO - z_normalization.py:187 - Write metadata YAML document to disk
2025-12-26 04:00:12,971 - INFO - z_normalization.py:192 - Create datacube.model.Dataset from eo3 metadata
2025-12-26 04:00:12,976 - INFO - z_normalization.py:205 - Index to datacube
2025-12-26 04:00:12,976 - INFO - _datasets.py:191 - Indexing 92d84bbf-a71b-43aa-be16-fcc4c01e1158
2025-12-26 04:00:12,983 - INFO - z_normalization.py:208 - 
2025-12-26 04:00:12,983 - INFO - z_normalization.py:209 -              ✔✔✔ COMPLETED: Tile x10_y07 | Time: 2025-05 | In 0.23 minutes
2025-12-26 04:00:12,983 - INFO - z_normalization.py:210 - 
