2025-12-26 15:06:55,483 - INFO - z_normalization.py:42 - #######################################################################
2025-12-26 15:06:56,057 - INFO - z_normalization.py:56 - Starting Z-Normalization for x11_y12 | 2025-09
2025-12-26 15:06:56,058 - INFO - z_normalization.py:58 - Create directories and naming conversions
2025-12-26 15:06:56,070 - INFO - z_normalization.py:69 - Dataset location: //nas-rs.topo.auth.gr/Latomeia/DROUGHT/z_normalized/x11/y12/2025/9/01
2025-12-26 15:06:56,070 - INFO - z_normalization.py:74 - Z-Normalization | NDVI
2025-12-26 15:06:56,406 - INFO - z_normalization.py:83 - Loaded baseline
2025-12-26 15:06:56,406 - INFO - z_normalization.py:86 - Set up values | NDVI_mean
2025-12-26 15:06:56,435 - INFO - z_normalization.py:86 - Set up values | NDVI_std
2025-12-26 15:06:56,597 - INFO - z_normalization.py:101 - Loaded composite
2025-12-26 15:06:56,597 - INFO - z_normalization.py:103 - Set up values | NDVI
2025-12-26 15:06:56,627 - INFO - z_normalization.py:110 - Setting up normalization ... 
2025-12-26 15:06:56,628 - INFO - z_normalization.py:114 - Setting up normalization ... done
2025-12-26 15:06:56,628 - INFO - z_normalization.py:116 - Normalizing ... 
2025-12-26 15:06:56,712 - INFO - z_normalization.py:121 - Normalizing ... done
2025-12-26 15:06:56,762 - INFO - z_normalization.py:74 - Z-Normalization | EVI
2025-12-26 15:06:57,025 - INFO - z_normalization.py:83 - Loaded baseline
2025-12-26 15:06:57,025 - INFO - z_normalization.py:86 - Set up values | EVI_mean
2025-12-26 15:06:57,061 - INFO - z_normalization.py:86 - Set up values | EVI_std
2025-12-26 15:06:57,234 - INFO - z_normalization.py:101 - Loaded composite
2025-12-26 15:06:57,235 - INFO - z_normalization.py:103 - Set up values | EVI
2025-12-26 15:06:57,263 - INFO - z_normalization.py:110 - Setting up normalization ... 
2025-12-26 15:06:57,263 - INFO - z_normalization.py:114 - Setting up normalization ... done
2025-12-26 15:06:57,263 - INFO - z_normalization.py:116 - Normalizing ... 
2025-12-26 15:06:57,349 - INFO - z_normalization.py:121 - Normalizing ... done
2025-12-26 15:06:57,403 - INFO - z_normalization.py:74 - Z-Normalization | PSRI2
2025-12-26 15:06:57,638 - INFO - z_normalization.py:83 - Loaded baseline
2025-12-26 15:06:57,638 - INFO - z_normalization.py:86 - Set up values | PSRI2_mean
2025-12-26 15:06:57,667 - INFO - z_normalization.py:86 - Set up values | PSRI2_std
2025-12-26 15:06:57,836 - INFO - z_normalization.py:101 - Loaded composite
2025-12-26 15:06:57,837 - INFO - z_normalization.py:103 - Set up values | PSRI2
2025-12-26 15:06:57,873 - INFO - z_normalization.py:110 - Setting up normalization ... 
2025-12-26 15:06:57,874 - INFO - z_normalization.py:114 - Setting up normalization ... done
2025-12-26 15:06:57,874 - INFO - z_normalization.py:116 - Normalizing ... 
2025-12-26 15:06:57,967 - INFO - z_normalization.py:121 - Normalizing ... done
2025-12-26 15:06:58,027 - INFO - z_normalization.py:127 - Merging into one dataset
2025-12-26 15:06:58,028 - INFO - z_normalization.py:133 - Scale and Define data types & nodata per band
2025-12-26 15:06:58,030 - INFO - z_normalization.py:145 - Assign time range and tile ID in metadata
2025-12-26 15:06:58,030 - INFO - z_normalization.py:151 - Write bands to raster COG files
2025-12-26 15:07:01,611 - INFO - z_normalization.py:164 - Write NDVI_Z -> //nas-rs.topo.auth.gr/Latomeia/DROUGHT/z_normalized/x11/y12/2025/9/01/S2L2A_znorm_x11y12_20259_NDVI_z.tif
2025-12-26 15:07:05,290 - INFO - z_normalization.py:164 - Write EVI_Z -> //nas-rs.topo.auth.gr/Latomeia/DROUGHT/z_normalized/x11/y12/2025/9/01/S2L2A_znorm_x11y12_20259_EVI_z.tif
2025-12-26 15:07:08,933 - INFO - z_normalization.py:164 - Write PSRI2_Z -> //nas-rs.topo.auth.gr/Latomeia/DROUGHT/z_normalized/x11/y12/2025/9/01/S2L2A_znorm_x11y12_20259_PSRI2_z.tif
2025-12-26 15:07:08,933 - INFO - z_normalization.py:166 - Assert relative paths and product measurements are matched
2025-12-26 15:07:08,971 - INFO - z_normalization.py:172 - Prepare metadata YAML document
2025-12-26 15:07:09,068 - INFO - z_normalization.py:192 - Write metadata YAML document to disk
2025-12-26 15:07:09,088 - INFO - z_normalization.py:197 - Create datacube.model.Dataset from eo3 metadata
2025-12-26 15:07:09,092 - INFO - z_normalization.py:210 - Index to datacube
2025-12-26 15:07:09,093 - INFO - _datasets.py:191 - Indexing b9525777-4c2d-4d74-bbd8-3b8065ba9180
2025-12-26 15:07:09,101 - INFO - z_normalization.py:213 - 
2025-12-26 15:07:09,101 - INFO - z_normalization.py:214 -              ✔✔✔ COMPLETED: Tile x11_y12 | Time: 2025-09 | In 0.22 minutes
2025-12-26 15:07:09,101 - INFO - z_normalization.py:215 - 
2025-12-26 15:07:09,101 - INFO - z_normalization.py:230 - #######################################################################
