2025-12-26 15:18:32,940 - INFO - z_normalization.py:42 - #######################################################################
2025-12-26 15:18:33,510 - INFO - z_normalization.py:56 - Starting Z-Normalization for x10_y09 | 2025-11
2025-12-26 15:18:33,510 - INFO - z_normalization.py:58 - Create directories and naming conversions
2025-12-26 15:18:33,522 - INFO - z_normalization.py:69 - Dataset location: //nas-rs.topo.auth.gr/Latomeia/DROUGHT/z_normalized/x10/y09/2025/11/01
2025-12-26 15:18:33,522 - INFO - z_normalization.py:74 - Z-Normalization | NDVI
2025-12-26 15:18:33,916 - INFO - z_normalization.py:83 - Loaded baseline
2025-12-26 15:18:33,916 - INFO - z_normalization.py:86 - Set up values | NDVI_mean
2025-12-26 15:18:33,953 - INFO - z_normalization.py:86 - Set up values | NDVI_std
2025-12-26 15:18:34,479 - INFO - z_normalization.py:101 - Loaded composite
2025-12-26 15:18:34,479 - INFO - z_normalization.py:103 - Set up values | NDVI
2025-12-26 15:18:34,512 - INFO - z_normalization.py:110 - Setting up normalization ... 
2025-12-26 15:18:34,513 - INFO - z_normalization.py:114 - Setting up normalization ... done
2025-12-26 15:18:34,513 - INFO - z_normalization.py:116 - Normalizing ... 
2025-12-26 15:18:34,610 - INFO - z_normalization.py:121 - Normalizing ... done
2025-12-26 15:18:34,680 - INFO - z_normalization.py:74 - Z-Normalization | EVI
2025-12-26 15:18:34,981 - INFO - z_normalization.py:83 - Loaded baseline
2025-12-26 15:18:34,981 - INFO - z_normalization.py:86 - Set up values | EVI_mean
2025-12-26 15:18:35,016 - INFO - z_normalization.py:86 - Set up values | EVI_std
2025-12-26 15:18:35,274 - INFO - z_normalization.py:101 - Loaded composite
2025-12-26 15:18:35,274 - INFO - z_normalization.py:103 - Set up values | EVI
2025-12-26 15:18:35,312 - INFO - z_normalization.py:110 - Setting up normalization ... 
2025-12-26 15:18:35,312 - INFO - z_normalization.py:114 - Setting up normalization ... done
2025-12-26 15:18:35,312 - INFO - z_normalization.py:116 - Normalizing ... 
2025-12-26 15:18:35,402 - INFO - z_normalization.py:121 - Normalizing ... done
2025-12-26 15:18:35,458 - INFO - z_normalization.py:74 - Z-Normalization | PSRI2
2025-12-26 15:18:35,675 - INFO - z_normalization.py:83 - Loaded baseline
2025-12-26 15:18:35,676 - INFO - z_normalization.py:86 - Set up values | PSRI2_mean
2025-12-26 15:18:35,706 - INFO - z_normalization.py:86 - Set up values | PSRI2_std
2025-12-26 15:18:35,878 - INFO - z_normalization.py:101 - Loaded composite
2025-12-26 15:18:35,878 - INFO - z_normalization.py:103 - Set up values | PSRI2
2025-12-26 15:18:35,908 - INFO - z_normalization.py:110 - Setting up normalization ... 
2025-12-26 15:18:35,908 - INFO - z_normalization.py:114 - Setting up normalization ... done
2025-12-26 15:18:35,908 - INFO - z_normalization.py:116 - Normalizing ... 
2025-12-26 15:18:35,990 - INFO - z_normalization.py:121 - Normalizing ... done
2025-12-26 15:18:36,048 - INFO - z_normalization.py:127 - Merging into one dataset
2025-12-26 15:18:36,050 - INFO - z_normalization.py:133 - Scale and Define data types & nodata per band
2025-12-26 15:18:36,052 - INFO - z_normalization.py:145 - Assign time range and tile ID in metadata
2025-12-26 15:18:36,052 - INFO - z_normalization.py:151 - Write bands to raster COG files
2025-12-26 15:18:39,974 - INFO - z_normalization.py:164 - Write NDVI_Z -> //nas-rs.topo.auth.gr/Latomeia/DROUGHT/z_normalized/x10/y09/2025/11/01/S2L2A_znorm_x10y09_202511_NDVI_z.tif
2025-12-26 15:18:43,769 - INFO - z_normalization.py:164 - Write EVI_Z -> //nas-rs.topo.auth.gr/Latomeia/DROUGHT/z_normalized/x10/y09/2025/11/01/S2L2A_znorm_x10y09_202511_EVI_z.tif
2025-12-26 15:18:47,474 - INFO - z_normalization.py:164 - Write PSRI2_Z -> //nas-rs.topo.auth.gr/Latomeia/DROUGHT/z_normalized/x10/y09/2025/11/01/S2L2A_znorm_x10y09_202511_PSRI2_z.tif
2025-12-26 15:18:47,474 - INFO - z_normalization.py:166 - Assert relative paths and product measurements are matched
2025-12-26 15:18:47,516 - INFO - z_normalization.py:172 - Prepare metadata YAML document
2025-12-26 15:18:47,606 - INFO - z_normalization.py:192 - Write metadata YAML document to disk
2025-12-26 15:18:47,627 - INFO - z_normalization.py:197 - Create datacube.model.Dataset from eo3 metadata
2025-12-26 15:18:47,631 - INFO - z_normalization.py:210 - Index to datacube
2025-12-26 15:18:47,631 - INFO - _datasets.py:191 - Indexing 152480b7-53a2-4c5b-8b62-5f5417eef7be
2025-12-26 15:18:47,637 - INFO - z_normalization.py:213 - 
2025-12-26 15:18:47,637 - INFO - z_normalization.py:214 -              ✔✔✔ COMPLETED: Tile x10_y09 | Time: 2025-11 | In 0.24 minutes
2025-12-26 15:18:47,637 - INFO - z_normalization.py:215 - 
2025-12-26 15:18:47,637 - INFO - z_normalization.py:230 - #######################################################################
