2025-12-26 12:22:01,451 - INFO - z_normalization.py:42 - #######################################################################
2025-12-26 12:22:02,053 - INFO - z_normalization.py:56 - Starting Z-Normalization for x11_y10 | 2023-08
2025-12-26 12:22:02,053 - INFO - z_normalization.py:58 - Create directories and naming conversions
2025-12-26 12:22:02,066 - INFO - z_normalization.py:69 - Dataset location: //nas-rs.topo.auth.gr/Latomeia/DROUGHT/z_normalized/x11/y10/2023/8/01
2025-12-26 12:22:02,066 - INFO - z_normalization.py:74 - Z-Normalization | NDVI
2025-12-26 12:22:02,421 - INFO - z_normalization.py:83 - Loaded baseline
2025-12-26 12:22:02,421 - INFO - z_normalization.py:86 - Set up values | NDVI_mean
2025-12-26 12:22:02,450 - INFO - z_normalization.py:86 - Set up values | NDVI_std
2025-12-26 12:22:02,606 - INFO - z_normalization.py:101 - Loaded composite
2025-12-26 12:22:02,607 - INFO - z_normalization.py:103 - Set up values | NDVI
2025-12-26 12:22:02,636 - INFO - z_normalization.py:110 - Setting up normalization ... 
2025-12-26 12:22:02,636 - INFO - z_normalization.py:114 - Setting up normalization ... done
2025-12-26 12:22:02,636 - INFO - z_normalization.py:116 - Normalizing ... 
2025-12-26 12:22:02,717 - INFO - z_normalization.py:121 - Normalizing ... done
2025-12-26 12:22:02,769 - INFO - z_normalization.py:74 - Z-Normalization | EVI
2025-12-26 12:22:03,012 - INFO - z_normalization.py:83 - Loaded baseline
2025-12-26 12:22:03,012 - INFO - z_normalization.py:86 - Set up values | EVI_mean
2025-12-26 12:22:03,041 - INFO - z_normalization.py:86 - Set up values | EVI_std
2025-12-26 12:22:03,225 - INFO - z_normalization.py:101 - Loaded composite
2025-12-26 12:22:03,225 - INFO - z_normalization.py:103 - Set up values | EVI
2025-12-26 12:22:03,259 - INFO - z_normalization.py:110 - Setting up normalization ... 
2025-12-26 12:22:03,259 - INFO - z_normalization.py:114 - Setting up normalization ... done
2025-12-26 12:22:03,259 - INFO - z_normalization.py:116 - Normalizing ... 
2025-12-26 12:22:03,357 - INFO - z_normalization.py:121 - Normalizing ... done
2025-12-26 12:22:03,411 - INFO - z_normalization.py:74 - Z-Normalization | PSRI2
2025-12-26 12:22:03,645 - INFO - z_normalization.py:83 - Loaded baseline
2025-12-26 12:22:03,645 - INFO - z_normalization.py:86 - Set up values | PSRI2_mean
2025-12-26 12:22:03,674 - INFO - z_normalization.py:86 - Set up values | PSRI2_std
2025-12-26 12:22:03,861 - INFO - z_normalization.py:101 - Loaded composite
2025-12-26 12:22:03,861 - INFO - z_normalization.py:103 - Set up values | PSRI2
2025-12-26 12:22:03,890 - INFO - z_normalization.py:110 - Setting up normalization ... 
2025-12-26 12:22:03,891 - INFO - z_normalization.py:114 - Setting up normalization ... done
2025-12-26 12:22:03,891 - INFO - z_normalization.py:116 - Normalizing ... 
2025-12-26 12:22:03,967 - INFO - z_normalization.py:121 - Normalizing ... done
2025-12-26 12:22:04,019 - INFO - z_normalization.py:127 - Merging into one dataset
2025-12-26 12:22:04,022 - INFO - z_normalization.py:133 - Scale and Define data types & nodata per band
2025-12-26 12:22:04,023 - INFO - z_normalization.py:145 - Assign time range and tile ID in metadata
2025-12-26 12:22:04,023 - INFO - z_normalization.py:151 - Write bands to raster COG files
2025-12-26 12:22:07,579 - INFO - z_normalization.py:164 - Write NDVI_Z -> //nas-rs.topo.auth.gr/Latomeia/DROUGHT/z_normalized/x11/y10/2023/8/01/S2L2A_znorm_x11y10_20238_NDVI_z.tif
2025-12-26 12:22:11,251 - INFO - z_normalization.py:164 - Write EVI_Z -> //nas-rs.topo.auth.gr/Latomeia/DROUGHT/z_normalized/x11/y10/2023/8/01/S2L2A_znorm_x11y10_20238_EVI_z.tif
2025-12-26 12:22:14,915 - INFO - z_normalization.py:164 - Write PSRI2_Z -> //nas-rs.topo.auth.gr/Latomeia/DROUGHT/z_normalized/x11/y10/2023/8/01/S2L2A_znorm_x11y10_20238_PSRI2_z.tif
2025-12-26 12:22:14,915 - INFO - z_normalization.py:166 - Assert relative paths and product measurements are matched
2025-12-26 12:22:14,953 - INFO - z_normalization.py:172 - Prepare metadata YAML document
2025-12-26 12:22:15,047 - INFO - z_normalization.py:192 - Write metadata YAML document to disk
2025-12-26 12:22:15,070 - INFO - z_normalization.py:197 - Create datacube.model.Dataset from eo3 metadata
2025-12-26 12:22:15,073 - INFO - z_normalization.py:210 - Index to datacube
2025-12-26 12:22:15,075 - INFO - _datasets.py:191 - Indexing b9dcdb57-9ce5-42e6-8dba-cedf8829f3e5
2025-12-26 12:22:15,081 - INFO - z_normalization.py:213 - 
2025-12-26 12:22:15,081 - INFO - z_normalization.py:214 -              ✔✔✔ COMPLETED: Tile x11_y10 | Time: 2023-08 | In 0.22 minutes
2025-12-26 12:22:15,082 - INFO - z_normalization.py:215 - 
2025-12-26 12:22:15,082 - INFO - z_normalization.py:230 - #######################################################################
