2025-12-26 03:12:12,871 - INFO - z_normalization.py:42 - #######################################################################
2025-12-26 03:12:13,430 - INFO - z_normalization.py:56 - Starting Z-Normalization for x10_y10 | 2024-09
2025-12-26 03:12:13,430 - INFO - z_normalization.py:58 - Create directories and naming conversions
2025-12-26 03:12:13,445 - INFO - z_normalization.py:69 - Dataset location: //nas-rs.topo.auth.gr/Latomeia/DROUGHT/z_normalized/x10/y10/2024/9/01
2025-12-26 03:12:13,445 - INFO - z_normalization.py:74 - Z-Normalization | NDVI
2025-12-26 03:12:13,816 - INFO - z_normalization.py:83 - Loaded baseline
2025-12-26 03:12:13,817 - INFO - z_normalization.py:86 - Set up values | NDVI_mean
2025-12-26 03:12:13,847 - INFO - z_normalization.py:86 - Set up values | NDVI_std
2025-12-26 03:12:14,017 - INFO - z_normalization.py:101 - Loaded composite
2025-12-26 03:12:14,017 - INFO - z_normalization.py:103 - Set up values | NDVI
2025-12-26 03:12:14,047 - INFO - z_normalization.py:110 - Setting up normalization ... 
2025-12-26 03:12:14,047 - INFO - z_normalization.py:114 - Setting up normalization ... done
2025-12-26 03:12:14,047 - INFO - z_normalization.py:116 - Normalizing ... 
2025-12-26 03:12:14,131 - INFO - z_normalization.py:121 - Normalizing ... done
2025-12-26 03:12:14,179 - INFO - z_normalization.py:74 - Z-Normalization | EVI
2025-12-26 03:12:14,395 - INFO - z_normalization.py:83 - Loaded baseline
2025-12-26 03:12:14,395 - INFO - z_normalization.py:86 - Set up values | EVI_mean
2025-12-26 03:12:14,423 - INFO - z_normalization.py:86 - Set up values | EVI_std
2025-12-26 03:12:14,590 - INFO - z_normalization.py:101 - Loaded composite
2025-12-26 03:12:14,590 - INFO - z_normalization.py:103 - Set up values | EVI
2025-12-26 03:12:14,619 - INFO - z_normalization.py:110 - Setting up normalization ... 
2025-12-26 03:12:14,619 - INFO - z_normalization.py:114 - Setting up normalization ... done
2025-12-26 03:12:14,619 - INFO - z_normalization.py:116 - Normalizing ... 
2025-12-26 03:12:14,698 - INFO - z_normalization.py:121 - Normalizing ... done
2025-12-26 03:12:14,751 - INFO - z_normalization.py:74 - Z-Normalization | PSRI2
2025-12-26 03:12:15,073 - INFO - z_normalization.py:83 - Loaded baseline
2025-12-26 03:12:15,073 - INFO - z_normalization.py:86 - Set up values | PSRI2_mean
2025-12-26 03:12:15,100 - INFO - z_normalization.py:86 - Set up values | PSRI2_std
2025-12-26 03:12:15,290 - INFO - z_normalization.py:101 - Loaded composite
2025-12-26 03:12:15,290 - INFO - z_normalization.py:103 - Set up values | PSRI2
2025-12-26 03:12:15,327 - INFO - z_normalization.py:110 - Setting up normalization ... 
2025-12-26 03:12:15,327 - INFO - z_normalization.py:114 - Setting up normalization ... done
2025-12-26 03:12:15,327 - INFO - z_normalization.py:116 - Normalizing ... 
2025-12-26 03:12:15,410 - INFO - z_normalization.py:121 - Normalizing ... done
2025-12-26 03:12:15,459 - INFO - z_normalization.py:127 - Merging into one dataset
2025-12-26 03:12:15,460 - INFO - z_normalization.py:133 - Scale and Define data types & nodata per band
2025-12-26 03:12:15,462 - INFO - z_normalization.py:145 - Assign time range and tile ID in metadata
2025-12-26 03:12:15,462 - INFO - z_normalization.py:151 - Write bands to raster COG files
2025-12-26 03:12:19,095 - INFO - z_normalization.py:164 - Write NDVI_Z -> //nas-rs.topo.auth.gr/Latomeia/DROUGHT/z_normalized/x10/y10/2024/9/01/S2L2A_znorm_x10y10_20249_NDVI_z.tif
2025-12-26 03:12:22,681 - INFO - z_normalization.py:164 - Write EVI_Z -> //nas-rs.topo.auth.gr/Latomeia/DROUGHT/z_normalized/x10/y10/2024/9/01/S2L2A_znorm_x10y10_20249_EVI_z.tif
2025-12-26 03:12:26,315 - INFO - z_normalization.py:164 - Write PSRI2_Z -> //nas-rs.topo.auth.gr/Latomeia/DROUGHT/z_normalized/x10/y10/2024/9/01/S2L2A_znorm_x10y10_20249_PSRI2_z.tif
2025-12-26 03:12:26,315 - INFO - z_normalization.py:166 - Prepare metadata YAML document
2025-12-26 03:12:26,402 - INFO - z_normalization.py:187 - Write metadata YAML document to disk
2025-12-26 03:12:26,425 - INFO - z_normalization.py:192 - Create datacube.model.Dataset from eo3 metadata
2025-12-26 03:12:26,429 - INFO - z_normalization.py:205 - Index to datacube
2025-12-26 03:12:26,429 - INFO - _datasets.py:191 - Indexing 20fc19ed-a60d-4680-92fb-1762339a4fef
2025-12-26 03:12:26,439 - INFO - z_normalization.py:208 - 
2025-12-26 03:12:26,439 - INFO - z_normalization.py:209 -              ✔✔✔ COMPLETED: Tile x10_y10 | Time: 2024-09 | In 0.22 minutes
2025-12-26 03:12:26,439 - INFO - z_normalization.py:210 - 
