2025-12-26 14:13:35,389 - INFO - z_normalization.py:42 - #######################################################################
2025-12-26 14:13:35,948 - INFO - z_normalization.py:56 - Starting Z-Normalization for x11_y10 | 2025-01
2025-12-26 14:13:35,948 - INFO - z_normalization.py:58 - Create directories and naming conversions
2025-12-26 14:13:35,964 - INFO - z_normalization.py:69 - Dataset location: //nas-rs.topo.auth.gr/Latomeia/DROUGHT/z_normalized/x11/y10/2025/1/01
2025-12-26 14:13:35,964 - INFO - z_normalization.py:74 - Z-Normalization | NDVI
2025-12-26 14:13:36,318 - INFO - z_normalization.py:83 - Loaded baseline
2025-12-26 14:13:36,318 - INFO - z_normalization.py:86 - Set up values | NDVI_mean
2025-12-26 14:13:36,347 - INFO - z_normalization.py:86 - Set up values | NDVI_std
2025-12-26 14:13:36,500 - INFO - z_normalization.py:101 - Loaded composite
2025-12-26 14:13:36,500 - INFO - z_normalization.py:103 - Set up values | NDVI
2025-12-26 14:13:36,529 - INFO - z_normalization.py:110 - Setting up normalization ... 
2025-12-26 14:13:36,529 - INFO - z_normalization.py:114 - Setting up normalization ... done
2025-12-26 14:13:36,530 - INFO - z_normalization.py:116 - Normalizing ... 
2025-12-26 14:13:36,611 - INFO - z_normalization.py:121 - Normalizing ... done
2025-12-26 14:13:36,661 - INFO - z_normalization.py:74 - Z-Normalization | EVI
2025-12-26 14:13:36,901 - INFO - z_normalization.py:83 - Loaded baseline
2025-12-26 14:13:36,902 - INFO - z_normalization.py:86 - Set up values | EVI_mean
2025-12-26 14:13:36,931 - INFO - z_normalization.py:86 - Set up values | EVI_std
2025-12-26 14:13:37,111 - INFO - z_normalization.py:101 - Loaded composite
2025-12-26 14:13:37,111 - INFO - z_normalization.py:103 - Set up values | EVI
2025-12-26 14:13:37,142 - INFO - z_normalization.py:110 - Setting up normalization ... 
2025-12-26 14:13:37,142 - INFO - z_normalization.py:114 - Setting up normalization ... done
2025-12-26 14:13:37,142 - INFO - z_normalization.py:116 - Normalizing ... 
2025-12-26 14:13:37,224 - INFO - z_normalization.py:121 - Normalizing ... done
2025-12-26 14:13:37,289 - INFO - z_normalization.py:74 - Z-Normalization | PSRI2
2025-12-26 14:13:37,538 - INFO - z_normalization.py:83 - Loaded baseline
2025-12-26 14:13:37,538 - INFO - z_normalization.py:86 - Set up values | PSRI2_mean
2025-12-26 14:13:37,572 - INFO - z_normalization.py:86 - Set up values | PSRI2_std
2025-12-26 14:13:37,724 - INFO - z_normalization.py:101 - Loaded composite
2025-12-26 14:13:37,724 - INFO - z_normalization.py:103 - Set up values | PSRI2
2025-12-26 14:13:37,754 - INFO - z_normalization.py:110 - Setting up normalization ... 
2025-12-26 14:13:37,755 - INFO - z_normalization.py:114 - Setting up normalization ... done
2025-12-26 14:13:37,755 - INFO - z_normalization.py:116 - Normalizing ... 
2025-12-26 14:13:37,836 - INFO - z_normalization.py:121 - Normalizing ... done
2025-12-26 14:13:37,886 - INFO - z_normalization.py:127 - Merging into one dataset
2025-12-26 14:13:37,888 - INFO - z_normalization.py:133 - Scale and Define data types & nodata per band
2025-12-26 14:13:37,889 - INFO - z_normalization.py:145 - Assign time range and tile ID in metadata
2025-12-26 14:13:37,889 - INFO - z_normalization.py:151 - Write bands to raster COG files
2025-12-26 14:13:41,456 - INFO - z_normalization.py:164 - Write NDVI_Z -> //nas-rs.topo.auth.gr/Latomeia/DROUGHT/z_normalized/x11/y10/2025/1/01/S2L2A_znorm_x11y10_20251_NDVI_z.tif
2025-12-26 14:13:45,086 - INFO - z_normalization.py:164 - Write EVI_Z -> //nas-rs.topo.auth.gr/Latomeia/DROUGHT/z_normalized/x11/y10/2025/1/01/S2L2A_znorm_x11y10_20251_EVI_z.tif
2025-12-26 14:13:48,558 - INFO - z_normalization.py:164 - Write PSRI2_Z -> //nas-rs.topo.auth.gr/Latomeia/DROUGHT/z_normalized/x11/y10/2025/1/01/S2L2A_znorm_x11y10_20251_PSRI2_z.tif
2025-12-26 14:13:48,559 - INFO - z_normalization.py:166 - Assert relative paths and product measurements are matched
2025-12-26 14:13:48,597 - INFO - z_normalization.py:172 - Prepare metadata YAML document
2025-12-26 14:13:48,689 - INFO - z_normalization.py:192 - Write metadata YAML document to disk
2025-12-26 14:13:48,710 - INFO - z_normalization.py:197 - Create datacube.model.Dataset from eo3 metadata
2025-12-26 14:13:48,714 - INFO - z_normalization.py:210 - Index to datacube
2025-12-26 14:13:48,714 - INFO - _datasets.py:191 - Indexing 0dca34dc-07e6-44d8-bdaf-dd0f7c2cacf5
2025-12-26 14:13:48,723 - INFO - z_normalization.py:213 - 
2025-12-26 14:13:48,723 - INFO - z_normalization.py:214 -              ✔✔✔ COMPLETED: Tile x11_y10 | Time: 2025-01 | In 0.21 minutes
2025-12-26 14:13:48,723 - INFO - z_normalization.py:215 - 
2025-12-26 14:13:48,723 - INFO - z_normalization.py:230 - #######################################################################
