2025-12-26 13:26:39,917 - INFO - z_normalization.py:42 - #######################################################################
2025-12-26 13:26:40,466 - INFO - z_normalization.py:56 - Starting Z-Normalization for x11_y08 | 2024-06
2025-12-26 13:26:40,466 - INFO - z_normalization.py:58 - Create directories and naming conversions
2025-12-26 13:26:40,481 - INFO - z_normalization.py:69 - Dataset location: //nas-rs.topo.auth.gr/Latomeia/DROUGHT/z_normalized/x11/y08/2024/6/01
2025-12-26 13:26:40,481 - INFO - z_normalization.py:74 - Z-Normalization | NDVI
2025-12-26 13:26:40,786 - INFO - z_normalization.py:83 - Loaded baseline
2025-12-26 13:26:40,786 - INFO - z_normalization.py:86 - Set up values | NDVI_mean
2025-12-26 13:26:40,824 - INFO - z_normalization.py:86 - Set up values | NDVI_std
2025-12-26 13:26:40,971 - INFO - z_normalization.py:101 - Loaded composite
2025-12-26 13:26:40,971 - INFO - z_normalization.py:103 - Set up values | NDVI
2025-12-26 13:26:41,001 - INFO - z_normalization.py:110 - Setting up normalization ... 
2025-12-26 13:26:41,001 - INFO - z_normalization.py:114 - Setting up normalization ... done
2025-12-26 13:26:41,001 - INFO - z_normalization.py:116 - Normalizing ... 
2025-12-26 13:26:41,091 - INFO - z_normalization.py:121 - Normalizing ... done
2025-12-26 13:26:41,143 - INFO - z_normalization.py:74 - Z-Normalization | EVI
2025-12-26 13:26:41,380 - INFO - z_normalization.py:83 - Loaded baseline
2025-12-26 13:26:41,380 - INFO - z_normalization.py:86 - Set up values | EVI_mean
2025-12-26 13:26:41,408 - INFO - z_normalization.py:86 - Set up values | EVI_std
2025-12-26 13:26:41,564 - INFO - z_normalization.py:101 - Loaded composite
2025-12-26 13:26:41,564 - INFO - z_normalization.py:103 - Set up values | EVI
2025-12-26 13:26:41,592 - INFO - z_normalization.py:110 - Setting up normalization ... 
2025-12-26 13:26:41,592 - INFO - z_normalization.py:114 - Setting up normalization ... done
2025-12-26 13:26:41,592 - INFO - z_normalization.py:116 - Normalizing ... 
2025-12-26 13:26:41,670 - INFO - z_normalization.py:121 - Normalizing ... done
2025-12-26 13:26:41,729 - INFO - z_normalization.py:74 - Z-Normalization | PSRI2
2025-12-26 13:26:41,979 - INFO - z_normalization.py:83 - Loaded baseline
2025-12-26 13:26:41,979 - INFO - z_normalization.py:86 - Set up values | PSRI2_mean
2025-12-26 13:26:42,013 - INFO - z_normalization.py:86 - Set up values | PSRI2_std
2025-12-26 13:26:42,189 - INFO - z_normalization.py:101 - Loaded composite
2025-12-26 13:26:42,189 - INFO - z_normalization.py:103 - Set up values | PSRI2
2025-12-26 13:26:42,217 - INFO - z_normalization.py:110 - Setting up normalization ... 
2025-12-26 13:26:42,217 - INFO - z_normalization.py:114 - Setting up normalization ... done
2025-12-26 13:26:42,217 - INFO - z_normalization.py:116 - Normalizing ... 
2025-12-26 13:26:42,295 - INFO - z_normalization.py:121 - Normalizing ... done
2025-12-26 13:26:42,346 - INFO - z_normalization.py:127 - Merging into one dataset
2025-12-26 13:26:42,347 - INFO - z_normalization.py:133 - Scale and Define data types & nodata per band
2025-12-26 13:26:42,348 - INFO - z_normalization.py:145 - Assign time range and tile ID in metadata
2025-12-26 13:26:42,348 - INFO - z_normalization.py:151 - Write bands to raster COG files
2025-12-26 13:26:45,839 - INFO - z_normalization.py:164 - Write NDVI_Z -> //nas-rs.topo.auth.gr/Latomeia/DROUGHT/z_normalized/x11/y08/2024/6/01/S2L2A_znorm_x11y08_20246_NDVI_z.tif
2025-12-26 13:26:49,524 - INFO - z_normalization.py:164 - Write EVI_Z -> //nas-rs.topo.auth.gr/Latomeia/DROUGHT/z_normalized/x11/y08/2024/6/01/S2L2A_znorm_x11y08_20246_EVI_z.tif
2025-12-26 13:26:53,082 - INFO - z_normalization.py:164 - Write PSRI2_Z -> //nas-rs.topo.auth.gr/Latomeia/DROUGHT/z_normalized/x11/y08/2024/6/01/S2L2A_znorm_x11y08_20246_PSRI2_z.tif
2025-12-26 13:26:53,082 - INFO - z_normalization.py:166 - Assert relative paths and product measurements are matched
2025-12-26 13:26:53,119 - INFO - z_normalization.py:172 - Prepare metadata YAML document
2025-12-26 13:26:53,217 - INFO - z_normalization.py:192 - Write metadata YAML document to disk
2025-12-26 13:26:53,238 - INFO - z_normalization.py:197 - Create datacube.model.Dataset from eo3 metadata
2025-12-26 13:26:53,243 - INFO - z_normalization.py:210 - Index to datacube
2025-12-26 13:26:53,244 - INFO - _datasets.py:191 - Indexing 2605374c-7c6f-4084-ac61-8ea69f361ad6
2025-12-26 13:26:53,254 - INFO - z_normalization.py:213 - 
2025-12-26 13:26:53,254 - INFO - z_normalization.py:214 -              ✔✔✔ COMPLETED: Tile x11_y08 | Time: 2024-06 | In 0.21 minutes
2025-12-26 13:26:53,254 - INFO - z_normalization.py:215 - 
2025-12-26 13:26:53,254 - INFO - z_normalization.py:230 - #######################################################################
