2025-12-26 02:11:25,433 - INFO - z_normalization.py:42 - #######################################################################
2025-12-26 02:11:25,957 - INFO - z_normalization.py:56 - Starting Z-Normalization for x10_y11 | 2023-11
2025-12-26 02:11:25,957 - INFO - z_normalization.py:58 - Create directories and naming conversions
2025-12-26 02:11:25,969 - INFO - z_normalization.py:69 - Dataset location: //nas-rs.topo.auth.gr/Latomeia/DROUGHT/z_normalized/x10/y11/2023/11/01
2025-12-26 02:11:25,969 - INFO - z_normalization.py:74 - Z-Normalization | NDVI
2025-12-26 02:11:26,346 - INFO - z_normalization.py:83 - Loaded baseline
2025-12-26 02:11:26,346 - INFO - z_normalization.py:86 - Set up values | NDVI_mean
2025-12-26 02:11:26,375 - INFO - z_normalization.py:86 - Set up values | NDVI_std
2025-12-26 02:11:26,558 - INFO - z_normalization.py:101 - Loaded composite
2025-12-26 02:11:26,558 - INFO - z_normalization.py:103 - Set up values | NDVI
2025-12-26 02:11:26,588 - INFO - z_normalization.py:110 - Setting up normalization ... 
2025-12-26 02:11:26,589 - INFO - z_normalization.py:114 - Setting up normalization ... done
2025-12-26 02:11:26,589 - INFO - z_normalization.py:116 - Normalizing ... 
2025-12-26 02:11:26,666 - INFO - z_normalization.py:121 - Normalizing ... done
2025-12-26 02:11:26,728 - INFO - z_normalization.py:74 - Z-Normalization | EVI
2025-12-26 02:11:26,974 - INFO - z_normalization.py:83 - Loaded baseline
2025-12-26 02:11:26,974 - INFO - z_normalization.py:86 - Set up values | EVI_mean
2025-12-26 02:11:27,006 - INFO - z_normalization.py:86 - Set up values | EVI_std
2025-12-26 02:11:27,214 - INFO - z_normalization.py:101 - Loaded composite
2025-12-26 02:11:27,214 - INFO - z_normalization.py:103 - Set up values | EVI
2025-12-26 02:11:27,244 - INFO - z_normalization.py:110 - Setting up normalization ... 
2025-12-26 02:11:27,244 - INFO - z_normalization.py:114 - Setting up normalization ... done
2025-12-26 02:11:27,245 - INFO - z_normalization.py:116 - Normalizing ... 
2025-12-26 02:11:27,332 - INFO - z_normalization.py:121 - Normalizing ... done
2025-12-26 02:11:27,382 - INFO - z_normalization.py:74 - Z-Normalization | PSRI2
2025-12-26 02:11:27,619 - INFO - z_normalization.py:83 - Loaded baseline
2025-12-26 02:11:27,619 - INFO - z_normalization.py:86 - Set up values | PSRI2_mean
2025-12-26 02:11:27,647 - INFO - z_normalization.py:86 - Set up values | PSRI2_std
2025-12-26 02:11:27,808 - INFO - z_normalization.py:101 - Loaded composite
2025-12-26 02:11:27,808 - INFO - z_normalization.py:103 - Set up values | PSRI2
2025-12-26 02:11:27,837 - INFO - z_normalization.py:110 - Setting up normalization ... 
2025-12-26 02:11:27,837 - INFO - z_normalization.py:114 - Setting up normalization ... done
2025-12-26 02:11:27,837 - INFO - z_normalization.py:116 - Normalizing ... 
2025-12-26 02:11:27,914 - INFO - z_normalization.py:121 - Normalizing ... done
2025-12-26 02:11:27,964 - INFO - z_normalization.py:127 - Merging into one dataset
2025-12-26 02:11:27,966 - INFO - z_normalization.py:133 - Scale and Define data types & nodata per band
2025-12-26 02:11:27,967 - INFO - z_normalization.py:145 - Assign time range and tile ID in metadata
2025-12-26 02:11:27,967 - INFO - z_normalization.py:151 - Write bands to raster COG files
2025-12-26 02:11:31,591 - INFO - z_normalization.py:164 - Write NDVI_Z -> //nas-rs.topo.auth.gr/Latomeia/DROUGHT/z_normalized/x10/y11/2023/11/01/S2L2A_znorm_x10y11_202311_NDVI_z.tif
2025-12-26 02:11:35,204 - INFO - z_normalization.py:164 - Write EVI_Z -> //nas-rs.topo.auth.gr/Latomeia/DROUGHT/z_normalized/x10/y11/2023/11/01/S2L2A_znorm_x10y11_202311_EVI_z.tif
2025-12-26 02:11:38,818 - INFO - z_normalization.py:164 - Write PSRI2_Z -> //nas-rs.topo.auth.gr/Latomeia/DROUGHT/z_normalized/x10/y11/2023/11/01/S2L2A_znorm_x10y11_202311_PSRI2_z.tif
2025-12-26 02:11:38,818 - INFO - z_normalization.py:166 - Prepare metadata YAML document
2025-12-26 02:11:38,905 - INFO - z_normalization.py:187 - Write metadata YAML document to disk
2025-12-26 02:11:38,926 - INFO - z_normalization.py:192 - Create datacube.model.Dataset from eo3 metadata
2025-12-26 02:11:38,930 - INFO - z_normalization.py:205 - Index to datacube
2025-12-26 02:11:38,930 - INFO - _datasets.py:191 - Indexing 08fc3953-8620-4d0c-9720-59e7f0aea170
2025-12-26 02:11:38,938 - INFO - z_normalization.py:208 - 
2025-12-26 02:11:38,938 - INFO - z_normalization.py:209 -              ✔✔✔ COMPLETED: Tile x10_y11 | Time: 2023-11 | In 0.22 minutes
2025-12-26 02:11:38,938 - INFO - z_normalization.py:210 - 
