2025-12-26 03:35:09,755 - INFO - z_normalization.py:42 - #######################################################################
2025-12-26 03:35:10,277 - INFO - z_normalization.py:56 - Starting Z-Normalization for x09_y11 | 2025-01
2025-12-26 03:35:10,277 - INFO - z_normalization.py:58 - Create directories and naming conversions
2025-12-26 03:35:10,294 - INFO - z_normalization.py:69 - Dataset location: //nas-rs.topo.auth.gr/Latomeia/DROUGHT/z_normalized/x09/y11/2025/1/01
2025-12-26 03:35:10,294 - INFO - z_normalization.py:74 - Z-Normalization | NDVI
2025-12-26 03:35:10,716 - INFO - z_normalization.py:83 - Loaded baseline
2025-12-26 03:35:10,716 - INFO - z_normalization.py:86 - Set up values | NDVI_mean
2025-12-26 03:35:10,750 - INFO - z_normalization.py:86 - Set up values | NDVI_std
2025-12-26 03:35:10,924 - INFO - z_normalization.py:101 - Loaded composite
2025-12-26 03:35:10,924 - INFO - z_normalization.py:103 - Set up values | NDVI
2025-12-26 03:35:10,956 - INFO - z_normalization.py:110 - Setting up normalization ... 
2025-12-26 03:35:10,956 - INFO - z_normalization.py:114 - Setting up normalization ... done
2025-12-26 03:35:10,956 - INFO - z_normalization.py:116 - Normalizing ... 
2025-12-26 03:35:11,046 - INFO - z_normalization.py:121 - Normalizing ... done
2025-12-26 03:35:11,095 - INFO - z_normalization.py:74 - Z-Normalization | EVI
2025-12-26 03:35:11,322 - INFO - z_normalization.py:83 - Loaded baseline
2025-12-26 03:35:11,322 - INFO - z_normalization.py:86 - Set up values | EVI_mean
2025-12-26 03:35:11,352 - INFO - z_normalization.py:86 - Set up values | EVI_std
2025-12-26 03:35:11,529 - INFO - z_normalization.py:101 - Loaded composite
2025-12-26 03:35:11,530 - INFO - z_normalization.py:103 - Set up values | EVI
2025-12-26 03:35:11,567 - INFO - z_normalization.py:110 - Setting up normalization ... 
2025-12-26 03:35:11,567 - INFO - z_normalization.py:114 - Setting up normalization ... done
2025-12-26 03:35:11,567 - INFO - z_normalization.py:116 - Normalizing ... 
2025-12-26 03:35:11,665 - INFO - z_normalization.py:121 - Normalizing ... done
2025-12-26 03:35:11,720 - INFO - z_normalization.py:74 - Z-Normalization | PSRI2
2025-12-26 03:35:11,976 - INFO - z_normalization.py:83 - Loaded baseline
2025-12-26 03:35:11,977 - INFO - z_normalization.py:86 - Set up values | PSRI2_mean
2025-12-26 03:35:12,011 - INFO - z_normalization.py:86 - Set up values | PSRI2_std
2025-12-26 03:35:12,185 - INFO - z_normalization.py:101 - Loaded composite
2025-12-26 03:35:12,185 - INFO - z_normalization.py:103 - Set up values | PSRI2
2025-12-26 03:35:12,213 - INFO - z_normalization.py:110 - Setting up normalization ... 
2025-12-26 03:35:12,213 - INFO - z_normalization.py:114 - Setting up normalization ... done
2025-12-26 03:35:12,213 - INFO - z_normalization.py:116 - Normalizing ... 
2025-12-26 03:35:12,288 - INFO - z_normalization.py:121 - Normalizing ... done
2025-12-26 03:35:12,337 - INFO - z_normalization.py:127 - Merging into one dataset
2025-12-26 03:35:12,338 - INFO - z_normalization.py:133 - Scale and Define data types & nodata per band
2025-12-26 03:35:12,339 - INFO - z_normalization.py:145 - Assign time range and tile ID in metadata
2025-12-26 03:35:12,339 - INFO - z_normalization.py:151 - Write bands to raster COG files
2025-12-26 03:35:15,828 - INFO - z_normalization.py:164 - Write NDVI_Z -> //nas-rs.topo.auth.gr/Latomeia/DROUGHT/z_normalized/x09/y11/2025/1/01/S2L2A_znorm_x09y11_20251_NDVI_z.tif
2025-12-26 03:35:19,317 - INFO - z_normalization.py:164 - Write EVI_Z -> //nas-rs.topo.auth.gr/Latomeia/DROUGHT/z_normalized/x09/y11/2025/1/01/S2L2A_znorm_x09y11_20251_EVI_z.tif
2025-12-26 03:35:22,852 - INFO - z_normalization.py:164 - Write PSRI2_Z -> //nas-rs.topo.auth.gr/Latomeia/DROUGHT/z_normalized/x09/y11/2025/1/01/S2L2A_znorm_x09y11_20251_PSRI2_z.tif
2025-12-26 03:35:22,852 - INFO - z_normalization.py:166 - Prepare metadata YAML document
2025-12-26 03:35:22,951 - INFO - z_normalization.py:187 - Write metadata YAML document to disk
2025-12-26 03:35:22,972 - INFO - z_normalization.py:192 - Create datacube.model.Dataset from eo3 metadata
2025-12-26 03:35:22,977 - INFO - z_normalization.py:205 - Index to datacube
2025-12-26 03:35:22,978 - INFO - _datasets.py:191 - Indexing 1e3240b4-2a1f-4393-88fc-6f8e48fd2871
2025-12-26 03:35:22,985 - INFO - z_normalization.py:208 - 
2025-12-26 03:35:22,985 - INFO - z_normalization.py:209 -              ✔✔✔ COMPLETED: Tile x09_y11 | Time: 2025-01 | In 0.21 minutes
2025-12-26 03:35:22,985 - INFO - z_normalization.py:210 - 
