2025-12-26 15:18:15,492 - INFO - z_normalization.py:42 - #######################################################################
2025-12-26 15:18:16,185 - INFO - z_normalization.py:56 - Starting Z-Normalization for x10_y08 | 2025-11
2025-12-26 15:18:16,185 - INFO - z_normalization.py:58 - Create directories and naming conversions
2025-12-26 15:18:16,197 - INFO - z_normalization.py:69 - Dataset location: //nas-rs.topo.auth.gr/Latomeia/DROUGHT/z_normalized/x10/y08/2025/11/01
2025-12-26 15:18:16,197 - INFO - z_normalization.py:74 - Z-Normalization | NDVI
2025-12-26 15:18:16,565 - INFO - z_normalization.py:83 - Loaded baseline
2025-12-26 15:18:16,565 - INFO - z_normalization.py:86 - Set up values | NDVI_mean
2025-12-26 15:18:16,596 - INFO - z_normalization.py:86 - Set up values | NDVI_std
2025-12-26 15:18:16,781 - INFO - z_normalization.py:101 - Loaded composite
2025-12-26 15:18:16,781 - INFO - z_normalization.py:103 - Set up values | NDVI
2025-12-26 15:18:16,812 - INFO - z_normalization.py:110 - Setting up normalization ... 
2025-12-26 15:18:16,812 - INFO - z_normalization.py:114 - Setting up normalization ... done
2025-12-26 15:18:16,812 - INFO - z_normalization.py:116 - Normalizing ... 
2025-12-26 15:18:16,894 - INFO - z_normalization.py:121 - Normalizing ... done
2025-12-26 15:18:16,948 - INFO - z_normalization.py:74 - Z-Normalization | EVI
2025-12-26 15:18:17,191 - INFO - z_normalization.py:83 - Loaded baseline
2025-12-26 15:18:17,192 - INFO - z_normalization.py:86 - Set up values | EVI_mean
2025-12-26 15:18:17,226 - INFO - z_normalization.py:86 - Set up values | EVI_std
2025-12-26 15:18:17,404 - INFO - z_normalization.py:101 - Loaded composite
2025-12-26 15:18:17,404 - INFO - z_normalization.py:103 - Set up values | EVI
2025-12-26 15:18:17,434 - INFO - z_normalization.py:110 - Setting up normalization ... 
2025-12-26 15:18:17,434 - INFO - z_normalization.py:114 - Setting up normalization ... done
2025-12-26 15:18:17,434 - INFO - z_normalization.py:116 - Normalizing ... 
2025-12-26 15:18:17,515 - INFO - z_normalization.py:121 - Normalizing ... done
2025-12-26 15:18:17,570 - INFO - z_normalization.py:74 - Z-Normalization | PSRI2
2025-12-26 15:18:17,792 - INFO - z_normalization.py:83 - Loaded baseline
2025-12-26 15:18:17,792 - INFO - z_normalization.py:86 - Set up values | PSRI2_mean
2025-12-26 15:18:17,824 - INFO - z_normalization.py:86 - Set up values | PSRI2_std
2025-12-26 15:18:17,985 - INFO - z_normalization.py:101 - Loaded composite
2025-12-26 15:18:17,986 - INFO - z_normalization.py:103 - Set up values | PSRI2
2025-12-26 15:18:18,022 - INFO - z_normalization.py:110 - Setting up normalization ... 
2025-12-26 15:18:18,022 - INFO - z_normalization.py:114 - Setting up normalization ... done
2025-12-26 15:18:18,022 - INFO - z_normalization.py:116 - Normalizing ... 
2025-12-26 15:18:18,103 - INFO - z_normalization.py:121 - Normalizing ... done
2025-12-26 15:18:18,154 - INFO - z_normalization.py:127 - Merging into one dataset
2025-12-26 15:18:18,155 - INFO - z_normalization.py:133 - Scale and Define data types & nodata per band
2025-12-26 15:18:18,156 - INFO - z_normalization.py:145 - Assign time range and tile ID in metadata
2025-12-26 15:18:18,156 - INFO - z_normalization.py:151 - Write bands to raster COG files
2025-12-26 15:18:21,991 - INFO - z_normalization.py:164 - Write NDVI_Z -> //nas-rs.topo.auth.gr/Latomeia/DROUGHT/z_normalized/x10/y08/2025/11/01/S2L2A_znorm_x10y08_202511_NDVI_z.tif
2025-12-26 15:18:25,924 - INFO - z_normalization.py:164 - Write EVI_Z -> //nas-rs.topo.auth.gr/Latomeia/DROUGHT/z_normalized/x10/y08/2025/11/01/S2L2A_znorm_x10y08_202511_EVI_z.tif
2025-12-26 15:18:29,680 - INFO - z_normalization.py:164 - Write PSRI2_Z -> //nas-rs.topo.auth.gr/Latomeia/DROUGHT/z_normalized/x10/y08/2025/11/01/S2L2A_znorm_x10y08_202511_PSRI2_z.tif
2025-12-26 15:18:29,680 - INFO - z_normalization.py:166 - Assert relative paths and product measurements are matched
2025-12-26 15:18:29,717 - INFO - z_normalization.py:172 - Prepare metadata YAML document
2025-12-26 15:18:29,810 - INFO - z_normalization.py:192 - Write metadata YAML document to disk
2025-12-26 15:18:29,831 - INFO - z_normalization.py:197 - Create datacube.model.Dataset from eo3 metadata
2025-12-26 15:18:29,835 - INFO - z_normalization.py:210 - Index to datacube
2025-12-26 15:18:29,835 - INFO - _datasets.py:191 - Indexing 7a5d09ce-12f7-442a-b369-2242678bd6f9
2025-12-26 15:18:29,842 - INFO - z_normalization.py:213 - 
2025-12-26 15:18:29,842 - INFO - z_normalization.py:214 -              ✔✔✔ COMPLETED: Tile x10_y08 | Time: 2025-11 | In 0.23 minutes
2025-12-26 15:18:29,842 - INFO - z_normalization.py:215 - 
2025-12-26 15:18:29,842 - INFO - z_normalization.py:230 - #######################################################################
