2025-12-26 14:29:10,917 - INFO - z_normalization.py:42 - #######################################################################
2025-12-26 14:29:11,526 - INFO - z_normalization.py:56 - Starting Z-Normalization for x08_y10 | 2025-04
2025-12-26 14:29:11,526 - INFO - z_normalization.py:58 - Create directories and naming conversions
2025-12-26 14:29:11,538 - INFO - z_normalization.py:69 - Dataset location: //nas-rs.topo.auth.gr/Latomeia/DROUGHT/z_normalized/x08/y10/2025/4/01
2025-12-26 14:29:11,538 - INFO - z_normalization.py:74 - Z-Normalization | NDVI
2025-12-26 14:29:11,913 - INFO - z_normalization.py:83 - Loaded baseline
2025-12-26 14:29:11,913 - INFO - z_normalization.py:86 - Set up values | NDVI_mean
2025-12-26 14:29:11,944 - INFO - z_normalization.py:86 - Set up values | NDVI_std
2025-12-26 14:29:12,136 - INFO - z_normalization.py:101 - Loaded composite
2025-12-26 14:29:12,136 - INFO - z_normalization.py:103 - Set up values | NDVI
2025-12-26 14:29:12,166 - INFO - z_normalization.py:110 - Setting up normalization ... 
2025-12-26 14:29:12,166 - INFO - z_normalization.py:114 - Setting up normalization ... done
2025-12-26 14:29:12,166 - INFO - z_normalization.py:116 - Normalizing ... 
2025-12-26 14:29:12,251 - INFO - z_normalization.py:121 - Normalizing ... done
2025-12-26 14:29:12,314 - INFO - z_normalization.py:74 - Z-Normalization | EVI
2025-12-26 14:29:12,569 - INFO - z_normalization.py:83 - Loaded baseline
2025-12-26 14:29:12,569 - INFO - z_normalization.py:86 - Set up values | EVI_mean
2025-12-26 14:29:12,598 - INFO - z_normalization.py:86 - Set up values | EVI_std
2025-12-26 14:29:12,765 - INFO - z_normalization.py:101 - Loaded composite
2025-12-26 14:29:12,765 - INFO - z_normalization.py:103 - Set up values | EVI
2025-12-26 14:29:12,795 - INFO - z_normalization.py:110 - Setting up normalization ... 
2025-12-26 14:29:12,795 - INFO - z_normalization.py:114 - Setting up normalization ... done
2025-12-26 14:29:12,795 - INFO - z_normalization.py:116 - Normalizing ... 
2025-12-26 14:29:12,875 - INFO - z_normalization.py:121 - Normalizing ... done
2025-12-26 14:29:12,926 - INFO - z_normalization.py:74 - Z-Normalization | PSRI2
2025-12-26 14:29:13,158 - INFO - z_normalization.py:83 - Loaded baseline
2025-12-26 14:29:13,158 - INFO - z_normalization.py:86 - Set up values | PSRI2_mean
2025-12-26 14:29:13,189 - INFO - z_normalization.py:86 - Set up values | PSRI2_std
2025-12-26 14:29:13,360 - INFO - z_normalization.py:101 - Loaded composite
2025-12-26 14:29:13,361 - INFO - z_normalization.py:103 - Set up values | PSRI2
2025-12-26 14:29:13,401 - INFO - z_normalization.py:110 - Setting up normalization ... 
2025-12-26 14:29:13,401 - INFO - z_normalization.py:114 - Setting up normalization ... done
2025-12-26 14:29:13,401 - INFO - z_normalization.py:116 - Normalizing ... 
2025-12-26 14:29:13,483 - INFO - z_normalization.py:121 - Normalizing ... done
2025-12-26 14:29:13,544 - INFO - z_normalization.py:127 - Merging into one dataset
2025-12-26 14:29:13,546 - INFO - z_normalization.py:133 - Scale and Define data types & nodata per band
2025-12-26 14:29:13,548 - INFO - z_normalization.py:145 - Assign time range and tile ID in metadata
2025-12-26 14:29:13,548 - INFO - z_normalization.py:151 - Write bands to raster COG files
2025-12-26 14:29:17,341 - INFO - z_normalization.py:164 - Write NDVI_Z -> //nas-rs.topo.auth.gr/Latomeia/DROUGHT/z_normalized/x08/y10/2025/4/01/S2L2A_znorm_x08y10_20254_NDVI_z.tif
2025-12-26 14:29:21,081 - INFO - z_normalization.py:164 - Write EVI_Z -> //nas-rs.topo.auth.gr/Latomeia/DROUGHT/z_normalized/x08/y10/2025/4/01/S2L2A_znorm_x08y10_20254_EVI_z.tif
2025-12-26 14:29:24,899 - INFO - z_normalization.py:164 - Write PSRI2_Z -> //nas-rs.topo.auth.gr/Latomeia/DROUGHT/z_normalized/x08/y10/2025/4/01/S2L2A_znorm_x08y10_20254_PSRI2_z.tif
2025-12-26 14:29:24,900 - INFO - z_normalization.py:166 - Assert relative paths and product measurements are matched
2025-12-26 14:29:24,936 - INFO - z_normalization.py:172 - Prepare metadata YAML document
2025-12-26 14:29:25,032 - INFO - z_normalization.py:192 - Write metadata YAML document to disk
2025-12-26 14:29:25,051 - INFO - z_normalization.py:197 - Create datacube.model.Dataset from eo3 metadata
2025-12-26 14:29:25,055 - INFO - z_normalization.py:210 - Index to datacube
2025-12-26 14:29:25,055 - INFO - _datasets.py:191 - Indexing 293faf4d-61e1-455d-9250-26284aa967c3
2025-12-26 14:29:25,063 - INFO - z_normalization.py:213 - 
2025-12-26 14:29:25,063 - INFO - z_normalization.py:214 -              ✔✔✔ COMPLETED: Tile x08_y10 | Time: 2025-04 | In 0.23 minutes
2025-12-26 14:29:25,063 - INFO - z_normalization.py:215 - 
2025-12-26 14:29:25,063 - INFO - z_normalization.py:230 - #######################################################################
