2025-12-26 13:46:40,283 - INFO - z_normalization.py:42 - #######################################################################
2025-12-26 13:46:40,862 - INFO - z_normalization.py:56 - Starting Z-Normalization for x11_y11 | 2024-09
2025-12-26 13:46:40,862 - INFO - z_normalization.py:58 - Create directories and naming conversions
2025-12-26 13:46:40,877 - INFO - z_normalization.py:69 - Dataset location: //nas-rs.topo.auth.gr/Latomeia/DROUGHT/z_normalized/x11/y11/2024/9/01
2025-12-26 13:46:40,878 - INFO - z_normalization.py:74 - Z-Normalization | NDVI
2025-12-26 13:46:41,241 - INFO - z_normalization.py:83 - Loaded baseline
2025-12-26 13:46:41,241 - INFO - z_normalization.py:86 - Set up values | NDVI_mean
2025-12-26 13:46:41,270 - INFO - z_normalization.py:86 - Set up values | NDVI_std
2025-12-26 13:46:41,461 - INFO - z_normalization.py:101 - Loaded composite
2025-12-26 13:46:41,462 - INFO - z_normalization.py:103 - Set up values | NDVI
2025-12-26 13:46:41,495 - INFO - z_normalization.py:110 - Setting up normalization ... 
2025-12-26 13:46:41,495 - INFO - z_normalization.py:114 - Setting up normalization ... done
2025-12-26 13:46:41,495 - INFO - z_normalization.py:116 - Normalizing ... 
2025-12-26 13:46:41,574 - INFO - z_normalization.py:121 - Normalizing ... done
2025-12-26 13:46:41,628 - INFO - z_normalization.py:74 - Z-Normalization | EVI
2025-12-26 13:46:41,876 - INFO - z_normalization.py:83 - Loaded baseline
2025-12-26 13:46:41,876 - INFO - z_normalization.py:86 - Set up values | EVI_mean
2025-12-26 13:46:41,905 - INFO - z_normalization.py:86 - Set up values | EVI_std
2025-12-26 13:46:42,084 - INFO - z_normalization.py:101 - Loaded composite
2025-12-26 13:46:42,084 - INFO - z_normalization.py:103 - Set up values | EVI
2025-12-26 13:46:42,113 - INFO - z_normalization.py:110 - Setting up normalization ... 
2025-12-26 13:46:42,113 - INFO - z_normalization.py:114 - Setting up normalization ... done
2025-12-26 13:46:42,113 - INFO - z_normalization.py:116 - Normalizing ... 
2025-12-26 13:46:42,188 - INFO - z_normalization.py:121 - Normalizing ... done
2025-12-26 13:46:42,242 - INFO - z_normalization.py:74 - Z-Normalization | PSRI2
2025-12-26 13:46:42,462 - INFO - z_normalization.py:83 - Loaded baseline
2025-12-26 13:46:42,462 - INFO - z_normalization.py:86 - Set up values | PSRI2_mean
2025-12-26 13:46:42,493 - INFO - z_normalization.py:86 - Set up values | PSRI2_std
2025-12-26 13:46:42,678 - INFO - z_normalization.py:101 - Loaded composite
2025-12-26 13:46:42,679 - INFO - z_normalization.py:103 - Set up values | PSRI2
2025-12-26 13:46:42,706 - INFO - z_normalization.py:110 - Setting up normalization ... 
2025-12-26 13:46:42,706 - INFO - z_normalization.py:114 - Setting up normalization ... done
2025-12-26 13:46:42,706 - INFO - z_normalization.py:116 - Normalizing ... 
2025-12-26 13:46:42,782 - INFO - z_normalization.py:121 - Normalizing ... done
2025-12-26 13:46:42,839 - INFO - z_normalization.py:127 - Merging into one dataset
2025-12-26 13:46:42,840 - INFO - z_normalization.py:133 - Scale and Define data types & nodata per band
2025-12-26 13:46:42,842 - INFO - z_normalization.py:145 - Assign time range and tile ID in metadata
2025-12-26 13:46:42,842 - INFO - z_normalization.py:151 - Write bands to raster COG files
2025-12-26 13:46:46,516 - INFO - z_normalization.py:164 - Write NDVI_Z -> //nas-rs.topo.auth.gr/Latomeia/DROUGHT/z_normalized/x11/y11/2024/9/01/S2L2A_znorm_x11y11_20249_NDVI_z.tif
2025-12-26 13:46:50,248 - INFO - z_normalization.py:164 - Write EVI_Z -> //nas-rs.topo.auth.gr/Latomeia/DROUGHT/z_normalized/x11/y11/2024/9/01/S2L2A_znorm_x11y11_20249_EVI_z.tif
2025-12-26 13:46:53,932 - INFO - z_normalization.py:164 - Write PSRI2_Z -> //nas-rs.topo.auth.gr/Latomeia/DROUGHT/z_normalized/x11/y11/2024/9/01/S2L2A_znorm_x11y11_20249_PSRI2_z.tif
2025-12-26 13:46:53,933 - INFO - z_normalization.py:166 - Assert relative paths and product measurements are matched
2025-12-26 13:46:53,975 - INFO - z_normalization.py:172 - Prepare metadata YAML document
2025-12-26 13:46:54,069 - INFO - z_normalization.py:192 - Write metadata YAML document to disk
2025-12-26 13:46:54,090 - INFO - z_normalization.py:197 - Create datacube.model.Dataset from eo3 metadata
2025-12-26 13:46:54,093 - INFO - z_normalization.py:210 - Index to datacube
2025-12-26 13:46:54,094 - INFO - _datasets.py:191 - Indexing cf5d0c91-d2b9-478d-9f47-666491a9c074
2025-12-26 13:46:54,102 - INFO - z_normalization.py:213 - 
2025-12-26 13:46:54,102 - INFO - z_normalization.py:214 -              ✔✔✔ COMPLETED: Tile x11_y11 | Time: 2024-09 | In 0.22 minutes
2025-12-26 13:46:54,102 - INFO - z_normalization.py:215 - 
2025-12-26 13:46:54,102 - INFO - z_normalization.py:230 - #######################################################################
