2025-12-26 01:27:47,027 - INFO - z_normalization.py:42 - #######################################################################
2025-12-26 01:27:47,605 - INFO - z_normalization.py:56 - Starting Z-Normalization for x10_y11 | 2023-04
2025-12-26 01:27:47,607 - INFO - z_normalization.py:58 - Create directories and naming conversions
2025-12-26 01:27:47,629 - INFO - z_normalization.py:69 - Dataset location: //nas-rs.topo.auth.gr/Latomeia/DROUGHT/z_normalized/x10/y11/2023/4/01
2025-12-26 01:27:47,629 - INFO - z_normalization.py:74 - Z-Normalization | NDVI
2025-12-26 01:27:48,056 - INFO - z_normalization.py:83 - Loaded baseline
2025-12-26 01:27:48,056 - INFO - z_normalization.py:86 - Set up values | NDVI_mean
2025-12-26 01:27:48,089 - INFO - z_normalization.py:86 - Set up values | NDVI_std
2025-12-26 01:27:48,290 - INFO - z_normalization.py:101 - Loaded composite
2025-12-26 01:27:48,290 - INFO - z_normalization.py:103 - Set up values | NDVI
2025-12-26 01:27:48,320 - INFO - z_normalization.py:110 - Setting up normalization ... 
2025-12-26 01:27:48,320 - INFO - z_normalization.py:114 - Setting up normalization ... done
2025-12-26 01:27:48,320 - INFO - z_normalization.py:116 - Normalizing ... 
2025-12-26 01:27:48,402 - INFO - z_normalization.py:121 - Normalizing ... done
2025-12-26 01:27:48,459 - INFO - z_normalization.py:74 - Z-Normalization | EVI
2025-12-26 01:27:48,683 - INFO - z_normalization.py:83 - Loaded baseline
2025-12-26 01:27:48,683 - INFO - z_normalization.py:86 - Set up values | EVI_mean
2025-12-26 01:27:48,713 - INFO - z_normalization.py:86 - Set up values | EVI_std
2025-12-26 01:27:48,900 - INFO - z_normalization.py:101 - Loaded composite
2025-12-26 01:27:48,901 - INFO - z_normalization.py:103 - Set up values | EVI
2025-12-26 01:27:48,931 - INFO - z_normalization.py:110 - Setting up normalization ... 
2025-12-26 01:27:48,931 - INFO - z_normalization.py:114 - Setting up normalization ... done
2025-12-26 01:27:48,932 - INFO - z_normalization.py:116 - Normalizing ... 
2025-12-26 01:27:49,022 - INFO - z_normalization.py:121 - Normalizing ... done
2025-12-26 01:27:49,077 - INFO - z_normalization.py:74 - Z-Normalization | PSRI2
2025-12-26 01:27:49,338 - INFO - z_normalization.py:83 - Loaded baseline
2025-12-26 01:27:49,338 - INFO - z_normalization.py:86 - Set up values | PSRI2_mean
2025-12-26 01:27:49,368 - INFO - z_normalization.py:86 - Set up values | PSRI2_std
2025-12-26 01:27:49,538 - INFO - z_normalization.py:101 - Loaded composite
2025-12-26 01:27:49,538 - INFO - z_normalization.py:103 - Set up values | PSRI2
2025-12-26 01:27:49,566 - INFO - z_normalization.py:110 - Setting up normalization ... 
2025-12-26 01:27:49,566 - INFO - z_normalization.py:114 - Setting up normalization ... done
2025-12-26 01:27:49,566 - INFO - z_normalization.py:116 - Normalizing ... 
2025-12-26 01:27:49,643 - INFO - z_normalization.py:121 - Normalizing ... done
2025-12-26 01:27:49,706 - INFO - z_normalization.py:127 - Merging into one dataset
2025-12-26 01:27:49,709 - INFO - z_normalization.py:133 - Scale and Define data types & nodata per band
2025-12-26 01:27:49,711 - INFO - z_normalization.py:145 - Assign time range and tile ID in metadata
2025-12-26 01:27:49,711 - INFO - z_normalization.py:151 - Write bands to raster COG files
2025-12-26 01:27:53,602 - INFO - z_normalization.py:164 - Write NDVI_Z -> //nas-rs.topo.auth.gr/Latomeia/DROUGHT/z_normalized/x10/y11/2023/4/01/S2L2A_znorm_x10y11_20234_NDVI_z.tif
2025-12-26 01:27:57,429 - INFO - z_normalization.py:164 - Write EVI_Z -> //nas-rs.topo.auth.gr/Latomeia/DROUGHT/z_normalized/x10/y11/2023/4/01/S2L2A_znorm_x10y11_20234_EVI_z.tif
2025-12-26 01:28:01,378 - INFO - z_normalization.py:164 - Write PSRI2_Z -> //nas-rs.topo.auth.gr/Latomeia/DROUGHT/z_normalized/x10/y11/2023/4/01/S2L2A_znorm_x10y11_20234_PSRI2_z.tif
2025-12-26 01:28:01,378 - INFO - z_normalization.py:166 - Prepare metadata YAML document
2025-12-26 01:28:01,486 - INFO - z_normalization.py:187 - Write metadata YAML document to disk
2025-12-26 01:28:01,504 - INFO - z_normalization.py:192 - Create datacube.model.Dataset from eo3 metadata
2025-12-26 01:28:01,508 - INFO - z_normalization.py:205 - Index to datacube
2025-12-26 01:28:01,508 - INFO - _datasets.py:191 - Indexing 9abaf064-e489-42a7-8659-6c0a26f1fdfc
2025-12-26 01:28:01,515 - INFO - z_normalization.py:208 - 
2025-12-26 01:28:01,515 - INFO - z_normalization.py:209 -              ✔✔✔ COMPLETED: Tile x10_y11 | Time: 2023-04 | In 0.23 minutes
2025-12-26 01:28:01,515 - INFO - z_normalization.py:210 - 
