2025-12-26 12:32:28,407 - INFO - z_normalization.py:42 - #######################################################################
2025-12-26 12:32:28,944 - INFO - z_normalization.py:56 - Starting Z-Normalization for x09_y10 | 2023-10
2025-12-26 12:32:28,944 - INFO - z_normalization.py:58 - Create directories and naming conversions
2025-12-26 12:32:28,959 - INFO - z_normalization.py:69 - Dataset location: //nas-rs.topo.auth.gr/Latomeia/DROUGHT/z_normalized/x09/y10/2023/10/01
2025-12-26 12:32:28,959 - INFO - z_normalization.py:74 - Z-Normalization | NDVI
2025-12-26 12:32:29,330 - INFO - z_normalization.py:83 - Loaded baseline
2025-12-26 12:32:29,330 - INFO - z_normalization.py:86 - Set up values | NDVI_mean
2025-12-26 12:32:29,359 - INFO - z_normalization.py:86 - Set up values | NDVI_std
2025-12-26 12:32:29,533 - INFO - z_normalization.py:101 - Loaded composite
2025-12-26 12:32:29,533 - INFO - z_normalization.py:103 - Set up values | NDVI
2025-12-26 12:32:29,565 - INFO - z_normalization.py:110 - Setting up normalization ... 
2025-12-26 12:32:29,566 - INFO - z_normalization.py:114 - Setting up normalization ... done
2025-12-26 12:32:29,566 - INFO - z_normalization.py:116 - Normalizing ... 
2025-12-26 12:32:29,647 - INFO - z_normalization.py:121 - Normalizing ... done
2025-12-26 12:32:29,696 - INFO - z_normalization.py:74 - Z-Normalization | EVI
2025-12-26 12:32:29,963 - INFO - z_normalization.py:83 - Loaded baseline
2025-12-26 12:32:29,963 - INFO - z_normalization.py:86 - Set up values | EVI_mean
2025-12-26 12:32:29,990 - INFO - z_normalization.py:86 - Set up values | EVI_std
2025-12-26 12:32:30,174 - INFO - z_normalization.py:101 - Loaded composite
2025-12-26 12:32:30,174 - INFO - z_normalization.py:103 - Set up values | EVI
2025-12-26 12:32:30,203 - INFO - z_normalization.py:110 - Setting up normalization ... 
2025-12-26 12:32:30,203 - INFO - z_normalization.py:114 - Setting up normalization ... done
2025-12-26 12:32:30,203 - INFO - z_normalization.py:116 - Normalizing ... 
2025-12-26 12:32:30,280 - INFO - z_normalization.py:121 - Normalizing ... done
2025-12-26 12:32:30,335 - INFO - z_normalization.py:74 - Z-Normalization | PSRI2
2025-12-26 12:32:30,560 - INFO - z_normalization.py:83 - Loaded baseline
2025-12-26 12:32:30,560 - INFO - z_normalization.py:86 - Set up values | PSRI2_mean
2025-12-26 12:32:30,591 - INFO - z_normalization.py:86 - Set up values | PSRI2_std
2025-12-26 12:32:30,771 - INFO - z_normalization.py:101 - Loaded composite
2025-12-26 12:32:30,772 - INFO - z_normalization.py:103 - Set up values | PSRI2
2025-12-26 12:32:30,800 - INFO - z_normalization.py:110 - Setting up normalization ... 
2025-12-26 12:32:30,801 - INFO - z_normalization.py:114 - Setting up normalization ... done
2025-12-26 12:32:30,801 - INFO - z_normalization.py:116 - Normalizing ... 
2025-12-26 12:32:30,877 - INFO - z_normalization.py:121 - Normalizing ... done
2025-12-26 12:32:30,929 - INFO - z_normalization.py:127 - Merging into one dataset
2025-12-26 12:32:30,930 - INFO - z_normalization.py:133 - Scale and Define data types & nodata per band
2025-12-26 12:32:30,931 - INFO - z_normalization.py:145 - Assign time range and tile ID in metadata
2025-12-26 12:32:30,931 - INFO - z_normalization.py:151 - Write bands to raster COG files
2025-12-26 12:32:34,550 - INFO - z_normalization.py:164 - Write NDVI_Z -> //nas-rs.topo.auth.gr/Latomeia/DROUGHT/z_normalized/x09/y10/2023/10/01/S2L2A_znorm_x09y10_202310_NDVI_z.tif
2025-12-26 12:32:38,197 - INFO - z_normalization.py:164 - Write EVI_Z -> //nas-rs.topo.auth.gr/Latomeia/DROUGHT/z_normalized/x09/y10/2023/10/01/S2L2A_znorm_x09y10_202310_EVI_z.tif
2025-12-26 12:32:41,892 - INFO - z_normalization.py:164 - Write PSRI2_Z -> //nas-rs.topo.auth.gr/Latomeia/DROUGHT/z_normalized/x09/y10/2023/10/01/S2L2A_znorm_x09y10_202310_PSRI2_z.tif
2025-12-26 12:32:41,892 - INFO - z_normalization.py:166 - Assert relative paths and product measurements are matched
2025-12-26 12:32:41,930 - INFO - z_normalization.py:172 - Prepare metadata YAML document
2025-12-26 12:32:42,025 - INFO - z_normalization.py:192 - Write metadata YAML document to disk
2025-12-26 12:32:42,043 - INFO - z_normalization.py:197 - Create datacube.model.Dataset from eo3 metadata
2025-12-26 12:32:42,047 - INFO - z_normalization.py:210 - Index to datacube
2025-12-26 12:32:42,047 - INFO - _datasets.py:191 - Indexing 2904a5f1-81cf-4c6a-a5a0-d48f5f14d9fe
2025-12-26 12:32:42,054 - INFO - z_normalization.py:213 - 
2025-12-26 12:32:42,054 - INFO - z_normalization.py:214 -              ✔✔✔ COMPLETED: Tile x09_y10 | Time: 2023-10 | In 0.22 minutes
2025-12-26 12:32:42,054 - INFO - z_normalization.py:215 - 
2025-12-26 12:32:42,054 - INFO - z_normalization.py:230 - #######################################################################
