2025-12-26 04:06:37,730 - INFO - z_normalization.py:42 - #######################################################################
2025-12-26 04:06:38,325 - INFO - z_normalization.py:56 - Starting Z-Normalization for x10_y09 | 2025-06
2025-12-26 04:06:38,325 - INFO - z_normalization.py:58 - Create directories and naming conversions
2025-12-26 04:06:38,337 - INFO - z_normalization.py:69 - Dataset location: //nas-rs.topo.auth.gr/Latomeia/DROUGHT/z_normalized/x10/y09/2025/6/01
2025-12-26 04:06:38,337 - INFO - z_normalization.py:74 - Z-Normalization | NDVI
2025-12-26 04:06:38,774 - INFO - z_normalization.py:83 - Loaded baseline
2025-12-26 04:06:38,774 - INFO - z_normalization.py:86 - Set up values | NDVI_mean
2025-12-26 04:06:38,802 - INFO - z_normalization.py:86 - Set up values | NDVI_std
2025-12-26 04:06:38,994 - INFO - z_normalization.py:101 - Loaded composite
2025-12-26 04:06:38,994 - INFO - z_normalization.py:103 - Set up values | NDVI
2025-12-26 04:06:39,025 - INFO - z_normalization.py:110 - Setting up normalization ... 
2025-12-26 04:06:39,025 - INFO - z_normalization.py:114 - Setting up normalization ... done
2025-12-26 04:06:39,025 - INFO - z_normalization.py:116 - Normalizing ... 
2025-12-26 04:06:39,105 - INFO - z_normalization.py:121 - Normalizing ... done
2025-12-26 04:06:39,154 - INFO - z_normalization.py:74 - Z-Normalization | EVI
2025-12-26 04:06:39,364 - INFO - z_normalization.py:83 - Loaded baseline
2025-12-26 04:06:39,365 - INFO - z_normalization.py:86 - Set up values | EVI_mean
2025-12-26 04:06:39,394 - INFO - z_normalization.py:86 - Set up values | EVI_std
2025-12-26 04:06:39,564 - INFO - z_normalization.py:101 - Loaded composite
2025-12-26 04:06:39,564 - INFO - z_normalization.py:103 - Set up values | EVI
2025-12-26 04:06:39,592 - INFO - z_normalization.py:110 - Setting up normalization ... 
2025-12-26 04:06:39,592 - INFO - z_normalization.py:114 - Setting up normalization ... done
2025-12-26 04:06:39,593 - INFO - z_normalization.py:116 - Normalizing ... 
2025-12-26 04:06:39,668 - INFO - z_normalization.py:121 - Normalizing ... done
2025-12-26 04:06:39,720 - INFO - z_normalization.py:74 - Z-Normalization | PSRI2
2025-12-26 04:06:39,953 - INFO - z_normalization.py:83 - Loaded baseline
2025-12-26 04:06:39,953 - INFO - z_normalization.py:86 - Set up values | PSRI2_mean
2025-12-26 04:06:39,981 - INFO - z_normalization.py:86 - Set up values | PSRI2_std
2025-12-26 04:06:40,150 - INFO - z_normalization.py:101 - Loaded composite
2025-12-26 04:06:40,150 - INFO - z_normalization.py:103 - Set up values | PSRI2
2025-12-26 04:06:40,187 - INFO - z_normalization.py:110 - Setting up normalization ... 
2025-12-26 04:06:40,188 - INFO - z_normalization.py:114 - Setting up normalization ... done
2025-12-26 04:06:40,188 - INFO - z_normalization.py:116 - Normalizing ... 
2025-12-26 04:06:40,289 - INFO - z_normalization.py:121 - Normalizing ... done
2025-12-26 04:06:40,344 - INFO - z_normalization.py:127 - Merging into one dataset
2025-12-26 04:06:40,346 - INFO - z_normalization.py:133 - Scale and Define data types & nodata per band
2025-12-26 04:06:40,347 - INFO - z_normalization.py:145 - Assign time range and tile ID in metadata
2025-12-26 04:06:40,347 - INFO - z_normalization.py:151 - Write bands to raster COG files
2025-12-26 04:06:43,946 - INFO - z_normalization.py:164 - Write NDVI_Z -> //nas-rs.topo.auth.gr/Latomeia/DROUGHT/z_normalized/x10/y09/2025/6/01/S2L2A_znorm_x10y09_20256_NDVI_z.tif
2025-12-26 04:06:47,542 - INFO - z_normalization.py:164 - Write EVI_Z -> //nas-rs.topo.auth.gr/Latomeia/DROUGHT/z_normalized/x10/y09/2025/6/01/S2L2A_znorm_x10y09_20256_EVI_z.tif
2025-12-26 04:06:51,154 - INFO - z_normalization.py:164 - Write PSRI2_Z -> //nas-rs.topo.auth.gr/Latomeia/DROUGHT/z_normalized/x10/y09/2025/6/01/S2L2A_znorm_x10y09_20256_PSRI2_z.tif
2025-12-26 04:06:51,154 - INFO - z_normalization.py:166 - Prepare metadata YAML document
2025-12-26 04:06:51,242 - INFO - z_normalization.py:187 - Write metadata YAML document to disk
2025-12-26 04:06:51,263 - INFO - z_normalization.py:192 - Create datacube.model.Dataset from eo3 metadata
2025-12-26 04:06:51,266 - INFO - z_normalization.py:205 - Index to datacube
2025-12-26 04:06:51,266 - INFO - _datasets.py:191 - Indexing 98ad21ce-9eb7-465f-8f1d-21d9a6e380ad
2025-12-26 04:06:51,275 - INFO - z_normalization.py:208 - 
2025-12-26 04:06:51,275 - INFO - z_normalization.py:209 -              ✔✔✔ COMPLETED: Tile x10_y09 | Time: 2025-06 | In 0.22 minutes
2025-12-26 04:06:51,275 - INFO - z_normalization.py:210 - 
