2025-12-26 01:47:40,177 - INFO - z_normalization.py:42 - #######################################################################
2025-12-26 01:47:40,739 - INFO - z_normalization.py:56 - Starting Z-Normalization for x11_y11 | 2023-07
2025-12-26 01:47:40,739 - INFO - z_normalization.py:58 - Create directories and naming conversions
2025-12-26 01:47:40,752 - INFO - z_normalization.py:69 - Dataset location: //nas-rs.topo.auth.gr/Latomeia/DROUGHT/z_normalized/x11/y11/2023/7/01
2025-12-26 01:47:40,753 - INFO - z_normalization.py:74 - Z-Normalization | NDVI
2025-12-26 01:47:41,159 - INFO - z_normalization.py:83 - Loaded baseline
2025-12-26 01:47:41,159 - INFO - z_normalization.py:86 - Set up values | NDVI_mean
2025-12-26 01:47:41,196 - INFO - z_normalization.py:86 - Set up values | NDVI_std
2025-12-26 01:47:41,370 - INFO - z_normalization.py:101 - Loaded composite
2025-12-26 01:47:41,370 - INFO - z_normalization.py:103 - Set up values | NDVI
2025-12-26 01:47:41,398 - INFO - z_normalization.py:110 - Setting up normalization ... 
2025-12-26 01:47:41,399 - INFO - z_normalization.py:114 - Setting up normalization ... done
2025-12-26 01:47:41,399 - INFO - z_normalization.py:116 - Normalizing ... 
2025-12-26 01:47:41,487 - INFO - z_normalization.py:121 - Normalizing ... done
2025-12-26 01:47:41,540 - INFO - z_normalization.py:74 - Z-Normalization | EVI
2025-12-26 01:47:41,760 - INFO - z_normalization.py:83 - Loaded baseline
2025-12-26 01:47:41,761 - INFO - z_normalization.py:86 - Set up values | EVI_mean
2025-12-26 01:47:41,795 - INFO - z_normalization.py:86 - Set up values | EVI_std
2025-12-26 01:47:41,968 - INFO - z_normalization.py:101 - Loaded composite
2025-12-26 01:47:41,968 - INFO - z_normalization.py:103 - Set up values | EVI
2025-12-26 01:47:41,996 - INFO - z_normalization.py:110 - Setting up normalization ... 
2025-12-26 01:47:41,996 - INFO - z_normalization.py:114 - Setting up normalization ... done
2025-12-26 01:47:41,996 - INFO - z_normalization.py:116 - Normalizing ... 
2025-12-26 01:47:42,075 - INFO - z_normalization.py:121 - Normalizing ... done
2025-12-26 01:47:42,123 - INFO - z_normalization.py:74 - Z-Normalization | PSRI2
2025-12-26 01:47:42,362 - INFO - z_normalization.py:83 - Loaded baseline
2025-12-26 01:47:42,362 - INFO - z_normalization.py:86 - Set up values | PSRI2_mean
2025-12-26 01:47:42,390 - INFO - z_normalization.py:86 - Set up values | PSRI2_std
2025-12-26 01:47:42,557 - INFO - z_normalization.py:101 - Loaded composite
2025-12-26 01:47:42,557 - INFO - z_normalization.py:103 - Set up values | PSRI2
2025-12-26 01:47:42,585 - INFO - z_normalization.py:110 - Setting up normalization ... 
2025-12-26 01:47:42,585 - INFO - z_normalization.py:114 - Setting up normalization ... done
2025-12-26 01:47:42,585 - INFO - z_normalization.py:116 - Normalizing ... 
2025-12-26 01:47:42,661 - INFO - z_normalization.py:121 - Normalizing ... done
2025-12-26 01:47:42,724 - INFO - z_normalization.py:127 - Merging into one dataset
2025-12-26 01:47:42,726 - INFO - z_normalization.py:133 - Scale and Define data types & nodata per band
2025-12-26 01:47:42,727 - INFO - z_normalization.py:145 - Assign time range and tile ID in metadata
2025-12-26 01:47:42,727 - INFO - z_normalization.py:151 - Write bands to raster COG files
2025-12-26 01:47:46,428 - INFO - z_normalization.py:164 - Write NDVI_Z -> //nas-rs.topo.auth.gr/Latomeia/DROUGHT/z_normalized/x11/y11/2023/7/01/S2L2A_znorm_x11y11_20237_NDVI_z.tif
2025-12-26 01:47:50,071 - INFO - z_normalization.py:164 - Write EVI_Z -> //nas-rs.topo.auth.gr/Latomeia/DROUGHT/z_normalized/x11/y11/2023/7/01/S2L2A_znorm_x11y11_20237_EVI_z.tif
2025-12-26 01:47:54,074 - INFO - z_normalization.py:164 - Write PSRI2_Z -> //nas-rs.topo.auth.gr/Latomeia/DROUGHT/z_normalized/x11/y11/2023/7/01/S2L2A_znorm_x11y11_20237_PSRI2_z.tif
2025-12-26 01:47:54,074 - INFO - z_normalization.py:166 - Prepare metadata YAML document
2025-12-26 01:47:54,198 - INFO - z_normalization.py:187 - Write metadata YAML document to disk
2025-12-26 01:47:54,218 - INFO - z_normalization.py:192 - Create datacube.model.Dataset from eo3 metadata
2025-12-26 01:47:54,222 - INFO - z_normalization.py:205 - Index to datacube
2025-12-26 01:47:54,222 - INFO - _datasets.py:191 - Indexing a77af389-69a8-4bd7-ae58-14bf7f1b7756
2025-12-26 01:47:54,230 - INFO - z_normalization.py:208 - 
2025-12-26 01:47:54,230 - INFO - z_normalization.py:209 -              ✔✔✔ COMPLETED: Tile x11_y11 | Time: 2023-07 | In 0.22 minutes
2025-12-26 01:47:54,230 - INFO - z_normalization.py:210 - 
