2025-12-26 14:52:38,713 - INFO - z_normalization.py:42 - #######################################################################
2025-12-26 14:52:39,400 - INFO - z_normalization.py:56 - Starting Z-Normalization for x10_y11 | 2025-07
2025-12-26 14:52:39,400 - INFO - z_normalization.py:58 - Create directories and naming conversions
2025-12-26 14:52:39,413 - INFO - z_normalization.py:69 - Dataset location: //nas-rs.topo.auth.gr/Latomeia/DROUGHT/z_normalized/x10/y11/2025/7/01
2025-12-26 14:52:39,413 - INFO - z_normalization.py:74 - Z-Normalization | NDVI
2025-12-26 14:52:39,842 - INFO - z_normalization.py:83 - Loaded baseline
2025-12-26 14:52:39,842 - INFO - z_normalization.py:86 - Set up values | NDVI_mean
2025-12-26 14:52:39,873 - INFO - z_normalization.py:86 - Set up values | NDVI_std
2025-12-26 14:52:40,068 - INFO - z_normalization.py:101 - Loaded composite
2025-12-26 14:52:40,068 - INFO - z_normalization.py:103 - Set up values | NDVI
2025-12-26 14:52:40,099 - INFO - z_normalization.py:110 - Setting up normalization ... 
2025-12-26 14:52:40,099 - INFO - z_normalization.py:114 - Setting up normalization ... done
2025-12-26 14:52:40,099 - INFO - z_normalization.py:116 - Normalizing ... 
2025-12-26 14:52:40,191 - INFO - z_normalization.py:121 - Normalizing ... done
2025-12-26 14:52:40,251 - INFO - z_normalization.py:74 - Z-Normalization | EVI
2025-12-26 14:52:40,513 - INFO - z_normalization.py:83 - Loaded baseline
2025-12-26 14:52:40,513 - INFO - z_normalization.py:86 - Set up values | EVI_mean
2025-12-26 14:52:40,544 - INFO - z_normalization.py:86 - Set up values | EVI_std
2025-12-26 14:52:40,741 - INFO - z_normalization.py:101 - Loaded composite
2025-12-26 14:52:40,742 - INFO - z_normalization.py:103 - Set up values | EVI
2025-12-26 14:52:40,772 - INFO - z_normalization.py:110 - Setting up normalization ... 
2025-12-26 14:52:40,772 - INFO - z_normalization.py:114 - Setting up normalization ... done
2025-12-26 14:52:40,772 - INFO - z_normalization.py:116 - Normalizing ... 
2025-12-26 14:52:40,860 - INFO - z_normalization.py:121 - Normalizing ... done
2025-12-26 14:52:40,926 - INFO - z_normalization.py:74 - Z-Normalization | PSRI2
2025-12-26 14:52:41,161 - INFO - z_normalization.py:83 - Loaded baseline
2025-12-26 14:52:41,161 - INFO - z_normalization.py:86 - Set up values | PSRI2_mean
2025-12-26 14:52:41,195 - INFO - z_normalization.py:86 - Set up values | PSRI2_std
2025-12-26 14:52:41,374 - INFO - z_normalization.py:101 - Loaded composite
2025-12-26 14:52:41,375 - INFO - z_normalization.py:103 - Set up values | PSRI2
2025-12-26 14:52:41,414 - INFO - z_normalization.py:110 - Setting up normalization ... 
2025-12-26 14:52:41,414 - INFO - z_normalization.py:114 - Setting up normalization ... done
2025-12-26 14:52:41,414 - INFO - z_normalization.py:116 - Normalizing ... 
2025-12-26 14:52:41,500 - INFO - z_normalization.py:121 - Normalizing ... done
2025-12-26 14:52:41,572 - INFO - z_normalization.py:127 - Merging into one dataset
2025-12-26 14:52:41,576 - INFO - z_normalization.py:133 - Scale and Define data types & nodata per band
2025-12-26 14:52:41,578 - INFO - z_normalization.py:145 - Assign time range and tile ID in metadata
2025-12-26 14:52:41,578 - INFO - z_normalization.py:151 - Write bands to raster COG files
2025-12-26 14:52:45,419 - INFO - z_normalization.py:164 - Write NDVI_Z -> //nas-rs.topo.auth.gr/Latomeia/DROUGHT/z_normalized/x10/y11/2025/7/01/S2L2A_znorm_x10y11_20257_NDVI_z.tif
2025-12-26 14:52:49,019 - INFO - z_normalization.py:164 - Write EVI_Z -> //nas-rs.topo.auth.gr/Latomeia/DROUGHT/z_normalized/x10/y11/2025/7/01/S2L2A_znorm_x10y11_20257_EVI_z.tif
2025-12-26 14:52:52,576 - INFO - z_normalization.py:164 - Write PSRI2_Z -> //nas-rs.topo.auth.gr/Latomeia/DROUGHT/z_normalized/x10/y11/2025/7/01/S2L2A_znorm_x10y11_20257_PSRI2_z.tif
2025-12-26 14:52:52,576 - INFO - z_normalization.py:166 - Assert relative paths and product measurements are matched
2025-12-26 14:52:52,614 - INFO - z_normalization.py:172 - Prepare metadata YAML document
2025-12-26 14:52:52,710 - INFO - z_normalization.py:192 - Write metadata YAML document to disk
2025-12-26 14:52:52,731 - INFO - z_normalization.py:197 - Create datacube.model.Dataset from eo3 metadata
2025-12-26 14:52:52,734 - INFO - z_normalization.py:210 - Index to datacube
2025-12-26 14:52:52,734 - INFO - _datasets.py:191 - Indexing 7da67d81-5e7d-4062-86f6-11b342e5a580
2025-12-26 14:52:52,743 - INFO - z_normalization.py:213 - 
2025-12-26 14:52:52,743 - INFO - z_normalization.py:214 -              ✔✔✔ COMPLETED: Tile x10_y11 | Time: 2025-07 | In 0.22 minutes
2025-12-26 14:52:52,743 - INFO - z_normalization.py:215 - 
2025-12-26 14:52:52,743 - INFO - z_normalization.py:230 - #######################################################################
