2025-12-26 13:58:02,122 - INFO - z_normalization.py:42 - #######################################################################
2025-12-26 13:58:02,828 - INFO - z_normalization.py:56 - Starting Z-Normalization for x09_y12 | 2024-11
2025-12-26 13:58:02,828 - INFO - z_normalization.py:58 - Create directories and naming conversions
2025-12-26 13:58:02,841 - INFO - z_normalization.py:69 - Dataset location: //nas-rs.topo.auth.gr/Latomeia/DROUGHT/z_normalized/x09/y12/2024/11/01
2025-12-26 13:58:02,841 - INFO - z_normalization.py:74 - Z-Normalization | NDVI
2025-12-26 13:58:03,260 - INFO - z_normalization.py:83 - Loaded baseline
2025-12-26 13:58:03,260 - INFO - z_normalization.py:86 - Set up values | NDVI_mean
2025-12-26 13:58:03,295 - INFO - z_normalization.py:86 - Set up values | NDVI_std
2025-12-26 13:58:03,496 - INFO - z_normalization.py:101 - Loaded composite
2025-12-26 13:58:03,496 - INFO - z_normalization.py:103 - Set up values | NDVI
2025-12-26 13:58:03,528 - INFO - z_normalization.py:110 - Setting up normalization ... 
2025-12-26 13:58:03,528 - INFO - z_normalization.py:114 - Setting up normalization ... done
2025-12-26 13:58:03,528 - INFO - z_normalization.py:116 - Normalizing ... 
2025-12-26 13:58:03,614 - INFO - z_normalization.py:121 - Normalizing ... done
2025-12-26 13:58:03,685 - INFO - z_normalization.py:74 - Z-Normalization | EVI
2025-12-26 13:58:03,941 - INFO - z_normalization.py:83 - Loaded baseline
2025-12-26 13:58:03,941 - INFO - z_normalization.py:86 - Set up values | EVI_mean
2025-12-26 13:58:03,972 - INFO - z_normalization.py:86 - Set up values | EVI_std
2025-12-26 13:58:04,158 - INFO - z_normalization.py:101 - Loaded composite
2025-12-26 13:58:04,158 - INFO - z_normalization.py:103 - Set up values | EVI
2025-12-26 13:58:04,188 - INFO - z_normalization.py:110 - Setting up normalization ... 
2025-12-26 13:58:04,188 - INFO - z_normalization.py:114 - Setting up normalization ... done
2025-12-26 13:58:04,188 - INFO - z_normalization.py:116 - Normalizing ... 
2025-12-26 13:58:04,267 - INFO - z_normalization.py:121 - Normalizing ... done
2025-12-26 13:58:04,326 - INFO - z_normalization.py:74 - Z-Normalization | PSRI2
2025-12-26 13:58:04,549 - INFO - z_normalization.py:83 - Loaded baseline
2025-12-26 13:58:04,549 - INFO - z_normalization.py:86 - Set up values | PSRI2_mean
2025-12-26 13:58:04,577 - INFO - z_normalization.py:86 - Set up values | PSRI2_std
2025-12-26 13:58:04,745 - INFO - z_normalization.py:101 - Loaded composite
2025-12-26 13:58:04,745 - INFO - z_normalization.py:103 - Set up values | PSRI2
2025-12-26 13:58:04,774 - INFO - z_normalization.py:110 - Setting up normalization ... 
2025-12-26 13:58:04,775 - INFO - z_normalization.py:114 - Setting up normalization ... done
2025-12-26 13:58:04,775 - INFO - z_normalization.py:116 - Normalizing ... 
2025-12-26 13:58:04,864 - INFO - z_normalization.py:121 - Normalizing ... done
2025-12-26 13:58:04,926 - INFO - z_normalization.py:127 - Merging into one dataset
2025-12-26 13:58:04,928 - INFO - z_normalization.py:133 - Scale and Define data types & nodata per band
2025-12-26 13:58:04,930 - INFO - z_normalization.py:145 - Assign time range and tile ID in metadata
2025-12-26 13:58:04,930 - INFO - z_normalization.py:151 - Write bands to raster COG files
2025-12-26 13:58:08,792 - INFO - z_normalization.py:164 - Write NDVI_Z -> //nas-rs.topo.auth.gr/Latomeia/DROUGHT/z_normalized/x09/y12/2024/11/01/S2L2A_znorm_x09y12_202411_NDVI_z.tif
2025-12-26 13:58:12,516 - INFO - z_normalization.py:164 - Write EVI_Z -> //nas-rs.topo.auth.gr/Latomeia/DROUGHT/z_normalized/x09/y12/2024/11/01/S2L2A_znorm_x09y12_202411_EVI_z.tif
2025-12-26 13:58:16,299 - INFO - z_normalization.py:164 - Write PSRI2_Z -> //nas-rs.topo.auth.gr/Latomeia/DROUGHT/z_normalized/x09/y12/2024/11/01/S2L2A_znorm_x09y12_202411_PSRI2_z.tif
2025-12-26 13:58:16,300 - INFO - z_normalization.py:166 - Assert relative paths and product measurements are matched
2025-12-26 13:58:16,346 - INFO - z_normalization.py:172 - Prepare metadata YAML document
2025-12-26 13:58:16,438 - INFO - z_normalization.py:192 - Write metadata YAML document to disk
2025-12-26 13:58:16,456 - INFO - z_normalization.py:197 - Create datacube.model.Dataset from eo3 metadata
2025-12-26 13:58:16,460 - INFO - z_normalization.py:210 - Index to datacube
2025-12-26 13:58:16,460 - INFO - _datasets.py:191 - Indexing 826fc7f0-79c9-467b-b384-549fa78be603
2025-12-26 13:58:16,468 - INFO - z_normalization.py:213 - 
2025-12-26 13:58:16,468 - INFO - z_normalization.py:214 -              ✔✔✔ COMPLETED: Tile x09_y12 | Time: 2024-11 | In 0.23 minutes
2025-12-26 13:58:16,468 - INFO - z_normalization.py:215 - 
2025-12-26 13:58:16,468 - INFO - z_normalization.py:230 - #######################################################################
