2025-12-26 02:18:53,124 - INFO - z_normalization.py:42 - #######################################################################
2025-12-26 02:18:53,643 - INFO - z_normalization.py:56 - Starting Z-Normalization for x12_y11 | 2023-12
2025-12-26 02:18:53,643 - INFO - z_normalization.py:58 - Create directories and naming conversions
2025-12-26 02:18:53,657 - INFO - z_normalization.py:69 - Dataset location: //nas-rs.topo.auth.gr/Latomeia/DROUGHT/z_normalized/x12/y11/2023/12/01
2025-12-26 02:18:53,658 - INFO - z_normalization.py:74 - Z-Normalization | NDVI
2025-12-26 02:18:54,043 - INFO - z_normalization.py:83 - Loaded baseline
2025-12-26 02:18:54,043 - INFO - z_normalization.py:86 - Set up values | NDVI_mean
2025-12-26 02:18:54,073 - INFO - z_normalization.py:86 - Set up values | NDVI_std
2025-12-26 02:18:54,243 - INFO - z_normalization.py:101 - Loaded composite
2025-12-26 02:18:54,243 - INFO - z_normalization.py:103 - Set up values | NDVI
2025-12-26 02:18:54,272 - INFO - z_normalization.py:110 - Setting up normalization ... 
2025-12-26 02:18:54,272 - INFO - z_normalization.py:114 - Setting up normalization ... done
2025-12-26 02:18:54,272 - INFO - z_normalization.py:116 - Normalizing ... 
2025-12-26 02:18:54,353 - INFO - z_normalization.py:121 - Normalizing ... done
2025-12-26 02:18:54,404 - INFO - z_normalization.py:74 - Z-Normalization | EVI
2025-12-26 02:18:54,636 - INFO - z_normalization.py:83 - Loaded baseline
2025-12-26 02:18:54,636 - INFO - z_normalization.py:86 - Set up values | EVI_mean
2025-12-26 02:18:54,671 - INFO - z_normalization.py:86 - Set up values | EVI_std
2025-12-26 02:18:54,848 - INFO - z_normalization.py:101 - Loaded composite
2025-12-26 02:18:54,849 - INFO - z_normalization.py:103 - Set up values | EVI
2025-12-26 02:18:54,877 - INFO - z_normalization.py:110 - Setting up normalization ... 
2025-12-26 02:18:54,877 - INFO - z_normalization.py:114 - Setting up normalization ... done
2025-12-26 02:18:54,877 - INFO - z_normalization.py:116 - Normalizing ... 
2025-12-26 02:18:54,955 - INFO - z_normalization.py:121 - Normalizing ... done
2025-12-26 02:18:55,005 - INFO - z_normalization.py:74 - Z-Normalization | PSRI2
2025-12-26 02:18:55,251 - INFO - z_normalization.py:83 - Loaded baseline
2025-12-26 02:18:55,251 - INFO - z_normalization.py:86 - Set up values | PSRI2_mean
2025-12-26 02:18:55,280 - INFO - z_normalization.py:86 - Set up values | PSRI2_std
2025-12-26 02:18:55,427 - INFO - z_normalization.py:101 - Loaded composite
2025-12-26 02:18:55,427 - INFO - z_normalization.py:103 - Set up values | PSRI2
2025-12-26 02:18:55,456 - INFO - z_normalization.py:110 - Setting up normalization ... 
2025-12-26 02:18:55,456 - INFO - z_normalization.py:114 - Setting up normalization ... done
2025-12-26 02:18:55,456 - INFO - z_normalization.py:116 - Normalizing ... 
2025-12-26 02:18:55,544 - INFO - z_normalization.py:121 - Normalizing ... done
2025-12-26 02:18:55,593 - INFO - z_normalization.py:127 - Merging into one dataset
2025-12-26 02:18:55,595 - INFO - z_normalization.py:133 - Scale and Define data types & nodata per band
2025-12-26 02:18:55,596 - INFO - z_normalization.py:145 - Assign time range and tile ID in metadata
2025-12-26 02:18:55,596 - INFO - z_normalization.py:151 - Write bands to raster COG files
2025-12-26 02:18:59,223 - INFO - z_normalization.py:164 - Write NDVI_Z -> //nas-rs.topo.auth.gr/Latomeia/DROUGHT/z_normalized/x12/y11/2023/12/01/S2L2A_znorm_x12y11_202312_NDVI_z.tif
2025-12-26 02:19:02,775 - INFO - z_normalization.py:164 - Write EVI_Z -> //nas-rs.topo.auth.gr/Latomeia/DROUGHT/z_normalized/x12/y11/2023/12/01/S2L2A_znorm_x12y11_202312_EVI_z.tif
2025-12-26 02:19:06,293 - INFO - z_normalization.py:164 - Write PSRI2_Z -> //nas-rs.topo.auth.gr/Latomeia/DROUGHT/z_normalized/x12/y11/2023/12/01/S2L2A_znorm_x12y11_202312_PSRI2_z.tif
2025-12-26 02:19:06,293 - INFO - z_normalization.py:166 - Prepare metadata YAML document
2025-12-26 02:19:06,400 - INFO - z_normalization.py:187 - Write metadata YAML document to disk
2025-12-26 02:19:06,421 - INFO - z_normalization.py:192 - Create datacube.model.Dataset from eo3 metadata
2025-12-26 02:19:06,425 - INFO - z_normalization.py:205 - Index to datacube
2025-12-26 02:19:06,425 - INFO - _datasets.py:191 - Indexing c6fae3fd-39ba-4d87-a880-03e1f7b4dac9
2025-12-26 02:19:06,432 - INFO - z_normalization.py:208 - 
2025-12-26 02:19:06,432 - INFO - z_normalization.py:209 -              ✔✔✔ COMPLETED: Tile x12_y11 | Time: 2023-12 | In 0.21 minutes
2025-12-26 02:19:06,432 - INFO - z_normalization.py:210 - 
