2025-12-26 02:44:12,903 - INFO - z_normalization.py:42 - #######################################################################
2025-12-26 02:44:13,443 - INFO - z_normalization.py:56 - Starting Z-Normalization for x07_y12 | 2024-05
2025-12-26 02:44:13,443 - INFO - z_normalization.py:58 - Create directories and naming conversions
2025-12-26 02:44:13,457 - INFO - z_normalization.py:69 - Dataset location: //nas-rs.topo.auth.gr/Latomeia/DROUGHT/z_normalized/x07/y12/2024/5/01
2025-12-26 02:44:13,457 - INFO - z_normalization.py:74 - Z-Normalization | NDVI
2025-12-26 02:44:13,870 - INFO - z_normalization.py:83 - Loaded baseline
2025-12-26 02:44:13,870 - INFO - z_normalization.py:86 - Set up values | NDVI_mean
2025-12-26 02:44:13,903 - INFO - z_normalization.py:86 - Set up values | NDVI_std
2025-12-26 02:44:14,097 - INFO - z_normalization.py:101 - Loaded composite
2025-12-26 02:44:14,097 - INFO - z_normalization.py:103 - Set up values | NDVI
2025-12-26 02:44:14,127 - INFO - z_normalization.py:110 - Setting up normalization ... 
2025-12-26 02:44:14,127 - INFO - z_normalization.py:114 - Setting up normalization ... done
2025-12-26 02:44:14,128 - INFO - z_normalization.py:116 - Normalizing ... 
2025-12-26 02:44:14,205 - INFO - z_normalization.py:121 - Normalizing ... done
2025-12-26 02:44:14,254 - INFO - z_normalization.py:74 - Z-Normalization | EVI
2025-12-26 02:44:14,490 - INFO - z_normalization.py:83 - Loaded baseline
2025-12-26 02:44:14,491 - INFO - z_normalization.py:86 - Set up values | EVI_mean
2025-12-26 02:44:14,518 - INFO - z_normalization.py:86 - Set up values | EVI_std
2025-12-26 02:44:14,685 - INFO - z_normalization.py:101 - Loaded composite
2025-12-26 02:44:14,685 - INFO - z_normalization.py:103 - Set up values | EVI
2025-12-26 02:44:14,713 - INFO - z_normalization.py:110 - Setting up normalization ... 
2025-12-26 02:44:14,714 - INFO - z_normalization.py:114 - Setting up normalization ... done
2025-12-26 02:44:14,714 - INFO - z_normalization.py:116 - Normalizing ... 
2025-12-26 02:44:14,788 - INFO - z_normalization.py:121 - Normalizing ... done
2025-12-26 02:44:14,839 - INFO - z_normalization.py:74 - Z-Normalization | PSRI2
2025-12-26 02:44:15,115 - INFO - z_normalization.py:83 - Loaded baseline
2025-12-26 02:44:15,116 - INFO - z_normalization.py:86 - Set up values | PSRI2_mean
2025-12-26 02:44:15,146 - INFO - z_normalization.py:86 - Set up values | PSRI2_std
2025-12-26 02:44:15,307 - INFO - z_normalization.py:101 - Loaded composite
2025-12-26 02:44:15,307 - INFO - z_normalization.py:103 - Set up values | PSRI2
2025-12-26 02:44:15,336 - INFO - z_normalization.py:110 - Setting up normalization ... 
2025-12-26 02:44:15,336 - INFO - z_normalization.py:114 - Setting up normalization ... done
2025-12-26 02:44:15,336 - INFO - z_normalization.py:116 - Normalizing ... 
2025-12-26 02:44:15,411 - INFO - z_normalization.py:121 - Normalizing ... done
2025-12-26 02:44:15,462 - INFO - z_normalization.py:127 - Merging into one dataset
2025-12-26 02:44:15,463 - INFO - z_normalization.py:133 - Scale and Define data types & nodata per band
2025-12-26 02:44:15,464 - INFO - z_normalization.py:145 - Assign time range and tile ID in metadata
2025-12-26 02:44:15,464 - INFO - z_normalization.py:151 - Write bands to raster COG files
2025-12-26 02:44:19,030 - INFO - z_normalization.py:164 - Write NDVI_Z -> //nas-rs.topo.auth.gr/Latomeia/DROUGHT/z_normalized/x07/y12/2024/5/01/S2L2A_znorm_x07y12_20245_NDVI_z.tif
2025-12-26 02:44:22,564 - INFO - z_normalization.py:164 - Write EVI_Z -> //nas-rs.topo.auth.gr/Latomeia/DROUGHT/z_normalized/x07/y12/2024/5/01/S2L2A_znorm_x07y12_20245_EVI_z.tif
2025-12-26 02:44:26,153 - INFO - z_normalization.py:164 - Write PSRI2_Z -> //nas-rs.topo.auth.gr/Latomeia/DROUGHT/z_normalized/x07/y12/2024/5/01/S2L2A_znorm_x07y12_20245_PSRI2_z.tif
2025-12-26 02:44:26,155 - INFO - z_normalization.py:166 - Prepare metadata YAML document
2025-12-26 02:44:26,242 - INFO - z_normalization.py:187 - Write metadata YAML document to disk
2025-12-26 02:44:26,262 - INFO - z_normalization.py:192 - Create datacube.model.Dataset from eo3 metadata
2025-12-26 02:44:26,265 - INFO - z_normalization.py:205 - Index to datacube
2025-12-26 02:44:26,265 - INFO - _datasets.py:191 - Indexing 1f244b4b-db99-42f8-a8a1-fc38b1ba7ca3
2025-12-26 02:44:26,272 - INFO - z_normalization.py:208 - 
2025-12-26 02:44:26,272 - INFO - z_normalization.py:209 -              ✔✔✔ COMPLETED: Tile x07_y12 | Time: 2024-05 | In 0.21 minutes
2025-12-26 02:44:26,272 - INFO - z_normalization.py:210 - 
