2025-12-26 13:36:47,544 - INFO - z_normalization.py:42 - #######################################################################
2025-12-26 13:36:48,131 - INFO - z_normalization.py:56 - Starting Z-Normalization for x09_y08 | 2024-08
2025-12-26 13:36:48,131 - INFO - z_normalization.py:58 - Create directories and naming conversions
2025-12-26 13:36:48,144 - INFO - z_normalization.py:69 - Dataset location: //nas-rs.topo.auth.gr/Latomeia/DROUGHT/z_normalized/x09/y08/2024/8/01
2025-12-26 13:36:48,144 - INFO - z_normalization.py:74 - Z-Normalization | NDVI
2025-12-26 13:36:48,578 - INFO - z_normalization.py:83 - Loaded baseline
2025-12-26 13:36:48,578 - INFO - z_normalization.py:86 - Set up values | NDVI_mean
2025-12-26 13:36:48,612 - INFO - z_normalization.py:86 - Set up values | NDVI_std
2025-12-26 13:36:48,805 - INFO - z_normalization.py:101 - Loaded composite
2025-12-26 13:36:48,807 - INFO - z_normalization.py:103 - Set up values | NDVI
2025-12-26 13:36:48,842 - INFO - z_normalization.py:110 - Setting up normalization ... 
2025-12-26 13:36:48,842 - INFO - z_normalization.py:114 - Setting up normalization ... done
2025-12-26 13:36:48,844 - INFO - z_normalization.py:116 - Normalizing ... 
2025-12-26 13:36:48,940 - INFO - z_normalization.py:121 - Normalizing ... done
2025-12-26 13:36:49,019 - INFO - z_normalization.py:74 - Z-Normalization | EVI
2025-12-26 13:36:49,284 - INFO - z_normalization.py:83 - Loaded baseline
2025-12-26 13:36:49,284 - INFO - z_normalization.py:86 - Set up values | EVI_mean
2025-12-26 13:36:49,318 - INFO - z_normalization.py:86 - Set up values | EVI_std
2025-12-26 13:36:49,500 - INFO - z_normalization.py:101 - Loaded composite
2025-12-26 13:36:49,500 - INFO - z_normalization.py:103 - Set up values | EVI
2025-12-26 13:36:49,530 - INFO - z_normalization.py:110 - Setting up normalization ... 
2025-12-26 13:36:49,530 - INFO - z_normalization.py:114 - Setting up normalization ... done
2025-12-26 13:36:49,530 - INFO - z_normalization.py:116 - Normalizing ... 
2025-12-26 13:36:49,607 - INFO - z_normalization.py:121 - Normalizing ... done
2025-12-26 13:36:49,658 - INFO - z_normalization.py:74 - Z-Normalization | PSRI2
2025-12-26 13:36:49,870 - INFO - z_normalization.py:83 - Loaded baseline
2025-12-26 13:36:49,870 - INFO - z_normalization.py:86 - Set up values | PSRI2_mean
2025-12-26 13:36:49,908 - INFO - z_normalization.py:86 - Set up values | PSRI2_std
2025-12-26 13:36:50,092 - INFO - z_normalization.py:101 - Loaded composite
2025-12-26 13:36:50,092 - INFO - z_normalization.py:103 - Set up values | PSRI2
2025-12-26 13:36:50,120 - INFO - z_normalization.py:110 - Setting up normalization ... 
2025-12-26 13:36:50,121 - INFO - z_normalization.py:114 - Setting up normalization ... done
2025-12-26 13:36:50,121 - INFO - z_normalization.py:116 - Normalizing ... 
2025-12-26 13:36:50,197 - INFO - z_normalization.py:121 - Normalizing ... done
2025-12-26 13:36:50,258 - INFO - z_normalization.py:127 - Merging into one dataset
2025-12-26 13:36:50,259 - INFO - z_normalization.py:133 - Scale and Define data types & nodata per band
2025-12-26 13:36:50,260 - INFO - z_normalization.py:145 - Assign time range and tile ID in metadata
2025-12-26 13:36:50,260 - INFO - z_normalization.py:151 - Write bands to raster COG files
2025-12-26 13:36:53,953 - INFO - z_normalization.py:164 - Write NDVI_Z -> //nas-rs.topo.auth.gr/Latomeia/DROUGHT/z_normalized/x09/y08/2024/8/01/S2L2A_znorm_x09y08_20248_NDVI_z.tif
2025-12-26 13:36:57,656 - INFO - z_normalization.py:164 - Write EVI_Z -> //nas-rs.topo.auth.gr/Latomeia/DROUGHT/z_normalized/x09/y08/2024/8/01/S2L2A_znorm_x09y08_20248_EVI_z.tif
2025-12-26 13:37:01,348 - INFO - z_normalization.py:164 - Write PSRI2_Z -> //nas-rs.topo.auth.gr/Latomeia/DROUGHT/z_normalized/x09/y08/2024/8/01/S2L2A_znorm_x09y08_20248_PSRI2_z.tif
2025-12-26 13:37:01,348 - INFO - z_normalization.py:166 - Assert relative paths and product measurements are matched
2025-12-26 13:37:01,389 - INFO - z_normalization.py:172 - Prepare metadata YAML document
2025-12-26 13:37:01,494 - INFO - z_normalization.py:192 - Write metadata YAML document to disk
2025-12-26 13:37:01,516 - INFO - z_normalization.py:197 - Create datacube.model.Dataset from eo3 metadata
2025-12-26 13:37:01,520 - INFO - z_normalization.py:210 - Index to datacube
2025-12-26 13:37:01,521 - INFO - _datasets.py:191 - Indexing d00dcf32-bdf2-4894-affe-71170cb90e9f
2025-12-26 13:37:01,528 - INFO - z_normalization.py:213 - 
2025-12-26 13:37:01,528 - INFO - z_normalization.py:214 -              ✔✔✔ COMPLETED: Tile x09_y08 | Time: 2024-08 | In 0.22 minutes
2025-12-26 13:37:01,528 - INFO - z_normalization.py:215 - 
2025-12-26 13:37:01,528 - INFO - z_normalization.py:230 - #######################################################################
