2025-12-26 02:56:18,135 - INFO - z_normalization.py:42 - #######################################################################
2025-12-26 02:56:18,684 - INFO - z_normalization.py:56 - Starting Z-Normalization for x07_y11 | 2024-07
2025-12-26 02:56:18,684 - INFO - z_normalization.py:58 - Create directories and naming conversions
2025-12-26 02:56:18,698 - INFO - z_normalization.py:69 - Dataset location: //nas-rs.topo.auth.gr/Latomeia/DROUGHT/z_normalized/x07/y11/2024/7/01
2025-12-26 02:56:18,698 - INFO - z_normalization.py:74 - Z-Normalization | NDVI
2025-12-26 02:56:19,102 - INFO - z_normalization.py:83 - Loaded baseline
2025-12-26 02:56:19,102 - INFO - z_normalization.py:86 - Set up values | NDVI_mean
2025-12-26 02:56:19,138 - INFO - z_normalization.py:86 - Set up values | NDVI_std
2025-12-26 02:56:19,318 - INFO - z_normalization.py:101 - Loaded composite
2025-12-26 02:56:19,318 - INFO - z_normalization.py:103 - Set up values | NDVI
2025-12-26 02:56:19,354 - INFO - z_normalization.py:110 - Setting up normalization ... 
2025-12-26 02:56:19,354 - INFO - z_normalization.py:114 - Setting up normalization ... done
2025-12-26 02:56:19,354 - INFO - z_normalization.py:116 - Normalizing ... 
2025-12-26 02:56:19,445 - INFO - z_normalization.py:121 - Normalizing ... done
2025-12-26 02:56:19,496 - INFO - z_normalization.py:74 - Z-Normalization | EVI
2025-12-26 02:56:19,718 - INFO - z_normalization.py:83 - Loaded baseline
2025-12-26 02:56:19,718 - INFO - z_normalization.py:86 - Set up values | EVI_mean
2025-12-26 02:56:19,747 - INFO - z_normalization.py:86 - Set up values | EVI_std
2025-12-26 02:56:19,927 - INFO - z_normalization.py:101 - Loaded composite
2025-12-26 02:56:19,927 - INFO - z_normalization.py:103 - Set up values | EVI
2025-12-26 02:56:19,955 - INFO - z_normalization.py:110 - Setting up normalization ... 
2025-12-26 02:56:19,956 - INFO - z_normalization.py:114 - Setting up normalization ... done
2025-12-26 02:56:19,956 - INFO - z_normalization.py:116 - Normalizing ... 
2025-12-26 02:56:20,034 - INFO - z_normalization.py:121 - Normalizing ... done
2025-12-26 02:56:20,083 - INFO - z_normalization.py:74 - Z-Normalization | PSRI2
2025-12-26 02:56:20,308 - INFO - z_normalization.py:83 - Loaded baseline
2025-12-26 02:56:20,308 - INFO - z_normalization.py:86 - Set up values | PSRI2_mean
2025-12-26 02:56:20,336 - INFO - z_normalization.py:86 - Set up values | PSRI2_std
2025-12-26 02:56:20,494 - INFO - z_normalization.py:101 - Loaded composite
2025-12-26 02:56:20,494 - INFO - z_normalization.py:103 - Set up values | PSRI2
2025-12-26 02:56:20,523 - INFO - z_normalization.py:110 - Setting up normalization ... 
2025-12-26 02:56:20,523 - INFO - z_normalization.py:114 - Setting up normalization ... done
2025-12-26 02:56:20,523 - INFO - z_normalization.py:116 - Normalizing ... 
2025-12-26 02:56:20,607 - INFO - z_normalization.py:121 - Normalizing ... done
2025-12-26 02:56:20,665 - INFO - z_normalization.py:127 - Merging into one dataset
2025-12-26 02:56:20,666 - INFO - z_normalization.py:133 - Scale and Define data types & nodata per band
2025-12-26 02:56:20,668 - INFO - z_normalization.py:145 - Assign time range and tile ID in metadata
2025-12-26 02:56:20,668 - INFO - z_normalization.py:151 - Write bands to raster COG files
2025-12-26 02:56:24,297 - INFO - z_normalization.py:164 - Write NDVI_Z -> //nas-rs.topo.auth.gr/Latomeia/DROUGHT/z_normalized/x07/y11/2024/7/01/S2L2A_znorm_x07y11_20247_NDVI_z.tif
2025-12-26 02:56:27,964 - INFO - z_normalization.py:164 - Write EVI_Z -> //nas-rs.topo.auth.gr/Latomeia/DROUGHT/z_normalized/x07/y11/2024/7/01/S2L2A_znorm_x07y11_20247_EVI_z.tif
2025-12-26 02:56:31,582 - INFO - z_normalization.py:164 - Write PSRI2_Z -> //nas-rs.topo.auth.gr/Latomeia/DROUGHT/z_normalized/x07/y11/2024/7/01/S2L2A_znorm_x07y11_20247_PSRI2_z.tif
2025-12-26 02:56:31,582 - INFO - z_normalization.py:166 - Prepare metadata YAML document
2025-12-26 02:56:31,667 - INFO - z_normalization.py:187 - Write metadata YAML document to disk
2025-12-26 02:56:31,690 - INFO - z_normalization.py:192 - Create datacube.model.Dataset from eo3 metadata
2025-12-26 02:56:31,694 - INFO - z_normalization.py:205 - Index to datacube
2025-12-26 02:56:31,695 - INFO - _datasets.py:191 - Indexing 6de217b0-4d40-438b-9489-afba0123fd10
2025-12-26 02:56:31,702 - INFO - z_normalization.py:208 - 
2025-12-26 02:56:31,702 - INFO - z_normalization.py:209 -              ✔✔✔ COMPLETED: Tile x07_y11 | Time: 2024-07 | In 0.22 minutes
2025-12-26 02:56:31,702 - INFO - z_normalization.py:210 - 
