2025-12-26 12:31:54,007 - INFO - z_normalization.py:42 - #######################################################################
2025-12-26 12:31:54,598 - INFO - z_normalization.py:56 - Starting Z-Normalization for x09_y08 | 2023-10
2025-12-26 12:31:54,598 - INFO - z_normalization.py:58 - Create directories and naming conversions
2025-12-26 12:31:54,612 - INFO - z_normalization.py:69 - Dataset location: //nas-rs.topo.auth.gr/Latomeia/DROUGHT/z_normalized/x09/y08/2023/10/01
2025-12-26 12:31:54,612 - INFO - z_normalization.py:74 - Z-Normalization | NDVI
2025-12-26 12:31:55,009 - INFO - z_normalization.py:83 - Loaded baseline
2025-12-26 12:31:55,009 - INFO - z_normalization.py:86 - Set up values | NDVI_mean
2025-12-26 12:31:55,038 - INFO - z_normalization.py:86 - Set up values | NDVI_std
2025-12-26 12:31:55,215 - INFO - z_normalization.py:101 - Loaded composite
2025-12-26 12:31:55,215 - INFO - z_normalization.py:103 - Set up values | NDVI
2025-12-26 12:31:55,243 - INFO - z_normalization.py:110 - Setting up normalization ... 
2025-12-26 12:31:55,243 - INFO - z_normalization.py:114 - Setting up normalization ... done
2025-12-26 12:31:55,243 - INFO - z_normalization.py:116 - Normalizing ... 
2025-12-26 12:31:55,326 - INFO - z_normalization.py:121 - Normalizing ... done
2025-12-26 12:31:55,376 - INFO - z_normalization.py:74 - Z-Normalization | EVI
2025-12-26 12:31:55,613 - INFO - z_normalization.py:83 - Loaded baseline
2025-12-26 12:31:55,613 - INFO - z_normalization.py:86 - Set up values | EVI_mean
2025-12-26 12:31:55,642 - INFO - z_normalization.py:86 - Set up values | EVI_std
2025-12-26 12:31:55,815 - INFO - z_normalization.py:101 - Loaded composite
2025-12-26 12:31:55,815 - INFO - z_normalization.py:103 - Set up values | EVI
2025-12-26 12:31:55,845 - INFO - z_normalization.py:110 - Setting up normalization ... 
2025-12-26 12:31:55,845 - INFO - z_normalization.py:114 - Setting up normalization ... done
2025-12-26 12:31:55,845 - INFO - z_normalization.py:116 - Normalizing ... 
2025-12-26 12:31:55,921 - INFO - z_normalization.py:121 - Normalizing ... done
2025-12-26 12:31:55,973 - INFO - z_normalization.py:74 - Z-Normalization | PSRI2
2025-12-26 12:31:56,203 - INFO - z_normalization.py:83 - Loaded baseline
2025-12-26 12:31:56,203 - INFO - z_normalization.py:86 - Set up values | PSRI2_mean
2025-12-26 12:31:56,230 - INFO - z_normalization.py:86 - Set up values | PSRI2_std
2025-12-26 12:31:56,397 - INFO - z_normalization.py:101 - Loaded composite
2025-12-26 12:31:56,397 - INFO - z_normalization.py:103 - Set up values | PSRI2
2025-12-26 12:31:56,434 - INFO - z_normalization.py:110 - Setting up normalization ... 
2025-12-26 12:31:56,434 - INFO - z_normalization.py:114 - Setting up normalization ... done
2025-12-26 12:31:56,434 - INFO - z_normalization.py:116 - Normalizing ... 
2025-12-26 12:31:56,534 - INFO - z_normalization.py:121 - Normalizing ... done
2025-12-26 12:31:56,596 - INFO - z_normalization.py:127 - Merging into one dataset
2025-12-26 12:31:56,598 - INFO - z_normalization.py:133 - Scale and Define data types & nodata per band
2025-12-26 12:31:56,599 - INFO - z_normalization.py:145 - Assign time range and tile ID in metadata
2025-12-26 12:31:56,599 - INFO - z_normalization.py:151 - Write bands to raster COG files
2025-12-26 12:32:00,212 - INFO - z_normalization.py:164 - Write NDVI_Z -> //nas-rs.topo.auth.gr/Latomeia/DROUGHT/z_normalized/x09/y08/2023/10/01/S2L2A_znorm_x09y08_202310_NDVI_z.tif
2025-12-26 12:32:03,853 - INFO - z_normalization.py:164 - Write EVI_Z -> //nas-rs.topo.auth.gr/Latomeia/DROUGHT/z_normalized/x09/y08/2023/10/01/S2L2A_znorm_x09y08_202310_EVI_z.tif
2025-12-26 12:32:07,808 - INFO - z_normalization.py:164 - Write PSRI2_Z -> //nas-rs.topo.auth.gr/Latomeia/DROUGHT/z_normalized/x09/y08/2023/10/01/S2L2A_znorm_x09y08_202310_PSRI2_z.tif
2025-12-26 12:32:07,808 - INFO - z_normalization.py:166 - Assert relative paths and product measurements are matched
2025-12-26 12:32:07,852 - INFO - z_normalization.py:172 - Prepare metadata YAML document
2025-12-26 12:32:07,954 - INFO - z_normalization.py:192 - Write metadata YAML document to disk
2025-12-26 12:32:07,975 - INFO - z_normalization.py:197 - Create datacube.model.Dataset from eo3 metadata
2025-12-26 12:32:07,982 - INFO - z_normalization.py:210 - Index to datacube
2025-12-26 12:32:07,982 - INFO - _datasets.py:191 - Indexing 45c88e5e-0934-4efe-ab1c-aa4b066a1fd3
2025-12-26 12:32:07,993 - INFO - z_normalization.py:213 - 
2025-12-26 12:32:07,993 - INFO - z_normalization.py:214 -              ✔✔✔ COMPLETED: Tile x09_y08 | Time: 2023-10 | In 0.22 minutes
2025-12-26 12:32:07,993 - INFO - z_normalization.py:215 - 
2025-12-26 12:32:07,993 - INFO - z_normalization.py:230 - #######################################################################
