2025-12-26 13:50:50,811 - INFO - z_normalization.py:42 - #######################################################################
2025-12-26 13:50:51,385 - INFO - z_normalization.py:56 - Starting Z-Normalization for x09_y11 | 2024-10
2025-12-26 13:50:51,386 - INFO - z_normalization.py:58 - Create directories and naming conversions
2025-12-26 13:50:51,400 - INFO - z_normalization.py:69 - Dataset location: //nas-rs.topo.auth.gr/Latomeia/DROUGHT/z_normalized/x09/y11/2024/10/01
2025-12-26 13:50:51,400 - INFO - z_normalization.py:74 - Z-Normalization | NDVI
2025-12-26 13:50:51,820 - INFO - z_normalization.py:83 - Loaded baseline
2025-12-26 13:50:51,820 - INFO - z_normalization.py:86 - Set up values | NDVI_mean
2025-12-26 13:50:51,850 - INFO - z_normalization.py:86 - Set up values | NDVI_std
2025-12-26 13:50:52,026 - INFO - z_normalization.py:101 - Loaded composite
2025-12-26 13:50:52,026 - INFO - z_normalization.py:103 - Set up values | NDVI
2025-12-26 13:50:52,058 - INFO - z_normalization.py:110 - Setting up normalization ... 
2025-12-26 13:50:52,058 - INFO - z_normalization.py:114 - Setting up normalization ... done
2025-12-26 13:50:52,058 - INFO - z_normalization.py:116 - Normalizing ... 
2025-12-26 13:50:52,140 - INFO - z_normalization.py:121 - Normalizing ... done
2025-12-26 13:50:52,195 - INFO - z_normalization.py:74 - Z-Normalization | EVI
2025-12-26 13:50:52,442 - INFO - z_normalization.py:83 - Loaded baseline
2025-12-26 13:50:52,442 - INFO - z_normalization.py:86 - Set up values | EVI_mean
2025-12-26 13:50:52,475 - INFO - z_normalization.py:86 - Set up values | EVI_std
2025-12-26 13:50:52,672 - INFO - z_normalization.py:101 - Loaded composite
2025-12-26 13:50:52,672 - INFO - z_normalization.py:103 - Set up values | EVI
2025-12-26 13:50:52,705 - INFO - z_normalization.py:110 - Setting up normalization ... 
2025-12-26 13:50:52,705 - INFO - z_normalization.py:114 - Setting up normalization ... done
2025-12-26 13:50:52,705 - INFO - z_normalization.py:116 - Normalizing ... 
2025-12-26 13:50:52,794 - INFO - z_normalization.py:121 - Normalizing ... done
2025-12-26 13:50:52,850 - INFO - z_normalization.py:74 - Z-Normalization | PSRI2
2025-12-26 13:50:53,094 - INFO - z_normalization.py:83 - Loaded baseline
2025-12-26 13:50:53,095 - INFO - z_normalization.py:86 - Set up values | PSRI2_mean
2025-12-26 13:50:53,137 - INFO - z_normalization.py:86 - Set up values | PSRI2_std
2025-12-26 13:50:53,326 - INFO - z_normalization.py:101 - Loaded composite
2025-12-26 13:50:53,326 - INFO - z_normalization.py:103 - Set up values | PSRI2
2025-12-26 13:50:53,358 - INFO - z_normalization.py:110 - Setting up normalization ... 
2025-12-26 13:50:53,358 - INFO - z_normalization.py:114 - Setting up normalization ... done
2025-12-26 13:50:53,358 - INFO - z_normalization.py:116 - Normalizing ... 
2025-12-26 13:50:53,442 - INFO - z_normalization.py:121 - Normalizing ... done
2025-12-26 13:50:53,500 - INFO - z_normalization.py:127 - Merging into one dataset
2025-12-26 13:50:53,502 - INFO - z_normalization.py:133 - Scale and Define data types & nodata per band
2025-12-26 13:50:53,504 - INFO - z_normalization.py:145 - Assign time range and tile ID in metadata
2025-12-26 13:50:53,504 - INFO - z_normalization.py:151 - Write bands to raster COG files
2025-12-26 13:50:57,318 - INFO - z_normalization.py:164 - Write NDVI_Z -> //nas-rs.topo.auth.gr/Latomeia/DROUGHT/z_normalized/x09/y11/2024/10/01/S2L2A_znorm_x09y11_202410_NDVI_z.tif
2025-12-26 13:51:01,211 - INFO - z_normalization.py:164 - Write EVI_Z -> //nas-rs.topo.auth.gr/Latomeia/DROUGHT/z_normalized/x09/y11/2024/10/01/S2L2A_znorm_x09y11_202410_EVI_z.tif
2025-12-26 13:51:05,082 - INFO - z_normalization.py:164 - Write PSRI2_Z -> //nas-rs.topo.auth.gr/Latomeia/DROUGHT/z_normalized/x09/y11/2024/10/01/S2L2A_znorm_x09y11_202410_PSRI2_z.tif
2025-12-26 13:51:05,082 - INFO - z_normalization.py:166 - Assert relative paths and product measurements are matched
2025-12-26 13:51:05,121 - INFO - z_normalization.py:172 - Prepare metadata YAML document
2025-12-26 13:51:05,217 - INFO - z_normalization.py:192 - Write metadata YAML document to disk
2025-12-26 13:51:05,236 - INFO - z_normalization.py:197 - Create datacube.model.Dataset from eo3 metadata
2025-12-26 13:51:05,240 - INFO - z_normalization.py:210 - Index to datacube
2025-12-26 13:51:05,241 - INFO - _datasets.py:191 - Indexing ddbe197e-ac66-4fbb-a1ff-b2a5b217f7b8
2025-12-26 13:51:05,249 - INFO - z_normalization.py:213 - 
2025-12-26 13:51:05,249 - INFO - z_normalization.py:214 -              ✔✔✔ COMPLETED: Tile x09_y11 | Time: 2024-10 | In 0.23 minutes
2025-12-26 13:51:05,249 - INFO - z_normalization.py:215 - 
2025-12-26 13:51:05,249 - INFO - z_normalization.py:230 - #######################################################################
