2025-12-26 14:38:46,436 - INFO - z_normalization.py:42 - #######################################################################
2025-12-26 14:38:47,015 - INFO - z_normalization.py:56 - Starting Z-Normalization for x10_y08 | 2025-05
2025-12-26 14:38:47,015 - INFO - z_normalization.py:58 - Create directories and naming conversions
2025-12-26 14:38:47,028 - INFO - z_normalization.py:69 - Dataset location: //nas-rs.topo.auth.gr/Latomeia/DROUGHT/z_normalized/x10/y08/2025/5/01
2025-12-26 14:38:47,028 - INFO - z_normalization.py:74 - Z-Normalization | NDVI
2025-12-26 14:38:47,408 - INFO - z_normalization.py:83 - Loaded baseline
2025-12-26 14:38:47,408 - INFO - z_normalization.py:86 - Set up values | NDVI_mean
2025-12-26 14:38:47,437 - INFO - z_normalization.py:86 - Set up values | NDVI_std
2025-12-26 14:38:47,612 - INFO - z_normalization.py:101 - Loaded composite
2025-12-26 14:38:47,612 - INFO - z_normalization.py:103 - Set up values | NDVI
2025-12-26 14:38:47,642 - INFO - z_normalization.py:110 - Setting up normalization ... 
2025-12-26 14:38:47,642 - INFO - z_normalization.py:114 - Setting up normalization ... done
2025-12-26 14:38:47,642 - INFO - z_normalization.py:116 - Normalizing ... 
2025-12-26 14:38:47,719 - INFO - z_normalization.py:121 - Normalizing ... done
2025-12-26 14:38:47,786 - INFO - z_normalization.py:74 - Z-Normalization | EVI
2025-12-26 14:38:48,049 - INFO - z_normalization.py:83 - Loaded baseline
2025-12-26 14:38:48,050 - INFO - z_normalization.py:86 - Set up values | EVI_mean
2025-12-26 14:38:48,078 - INFO - z_normalization.py:86 - Set up values | EVI_std
2025-12-26 14:38:48,251 - INFO - z_normalization.py:101 - Loaded composite
2025-12-26 14:38:48,251 - INFO - z_normalization.py:103 - Set up values | EVI
2025-12-26 14:38:48,281 - INFO - z_normalization.py:110 - Setting up normalization ... 
2025-12-26 14:38:48,281 - INFO - z_normalization.py:114 - Setting up normalization ... done
2025-12-26 14:38:48,281 - INFO - z_normalization.py:116 - Normalizing ... 
2025-12-26 14:38:48,356 - INFO - z_normalization.py:121 - Normalizing ... done
2025-12-26 14:38:48,408 - INFO - z_normalization.py:74 - Z-Normalization | PSRI2
2025-12-26 14:38:48,624 - INFO - z_normalization.py:83 - Loaded baseline
2025-12-26 14:38:48,625 - INFO - z_normalization.py:86 - Set up values | PSRI2_mean
2025-12-26 14:38:48,654 - INFO - z_normalization.py:86 - Set up values | PSRI2_std
2025-12-26 14:38:48,827 - INFO - z_normalization.py:101 - Loaded composite
2025-12-26 14:38:48,827 - INFO - z_normalization.py:103 - Set up values | PSRI2
2025-12-26 14:38:48,856 - INFO - z_normalization.py:110 - Setting up normalization ... 
2025-12-26 14:38:48,856 - INFO - z_normalization.py:114 - Setting up normalization ... done
2025-12-26 14:38:48,856 - INFO - z_normalization.py:116 - Normalizing ... 
2025-12-26 14:38:48,932 - INFO - z_normalization.py:121 - Normalizing ... done
2025-12-26 14:38:48,984 - INFO - z_normalization.py:127 - Merging into one dataset
2025-12-26 14:38:48,985 - INFO - z_normalization.py:133 - Scale and Define data types & nodata per band
2025-12-26 14:38:48,986 - INFO - z_normalization.py:145 - Assign time range and tile ID in metadata
2025-12-26 14:38:48,986 - INFO - z_normalization.py:151 - Write bands to raster COG files
2025-12-26 14:38:52,687 - INFO - z_normalization.py:164 - Write NDVI_Z -> //nas-rs.topo.auth.gr/Latomeia/DROUGHT/z_normalized/x10/y08/2025/5/01/S2L2A_znorm_x10y08_20255_NDVI_z.tif
2025-12-26 14:38:56,465 - INFO - z_normalization.py:164 - Write EVI_Z -> //nas-rs.topo.auth.gr/Latomeia/DROUGHT/z_normalized/x10/y08/2025/5/01/S2L2A_znorm_x10y08_20255_EVI_z.tif
2025-12-26 14:39:00,079 - INFO - z_normalization.py:164 - Write PSRI2_Z -> //nas-rs.topo.auth.gr/Latomeia/DROUGHT/z_normalized/x10/y08/2025/5/01/S2L2A_znorm_x10y08_20255_PSRI2_z.tif
2025-12-26 14:39:00,079 - INFO - z_normalization.py:166 - Assert relative paths and product measurements are matched
2025-12-26 14:39:00,116 - INFO - z_normalization.py:172 - Prepare metadata YAML document
2025-12-26 14:39:00,204 - INFO - z_normalization.py:192 - Write metadata YAML document to disk
2025-12-26 14:39:00,225 - INFO - z_normalization.py:197 - Create datacube.model.Dataset from eo3 metadata
2025-12-26 14:39:00,229 - INFO - z_normalization.py:210 - Index to datacube
2025-12-26 14:39:00,229 - INFO - _datasets.py:191 - Indexing e8e42699-9f65-4ea7-8915-b6aae2283143
2025-12-26 14:39:00,237 - INFO - z_normalization.py:213 - 
2025-12-26 14:39:00,237 - INFO - z_normalization.py:214 -              ✔✔✔ COMPLETED: Tile x10_y08 | Time: 2025-05 | In 0.22 minutes
2025-12-26 14:39:00,237 - INFO - z_normalization.py:215 - 
2025-12-26 14:39:00,237 - INFO - z_normalization.py:230 - #######################################################################
