2025-12-26 03:55:12,083 - INFO - z_normalization.py:42 - #######################################################################
2025-12-26 03:55:12,609 - INFO - z_normalization.py:56 - Starting Z-Normalization for x11_y08 | 2025-04
2025-12-26 03:55:12,610 - INFO - z_normalization.py:58 - Create directories and naming conversions
2025-12-26 03:55:12,622 - INFO - z_normalization.py:69 - Dataset location: //nas-rs.topo.auth.gr/Latomeia/DROUGHT/z_normalized/x11/y08/2025/4/01
2025-12-26 03:55:12,623 - INFO - z_normalization.py:74 - Z-Normalization | NDVI
2025-12-26 03:55:12,958 - INFO - z_normalization.py:83 - Loaded baseline
2025-12-26 03:55:12,958 - INFO - z_normalization.py:86 - Set up values | NDVI_mean
2025-12-26 03:55:12,987 - INFO - z_normalization.py:86 - Set up values | NDVI_std
2025-12-26 03:55:13,134 - INFO - z_normalization.py:101 - Loaded composite
2025-12-26 03:55:13,134 - INFO - z_normalization.py:103 - Set up values | NDVI
2025-12-26 03:55:13,168 - INFO - z_normalization.py:110 - Setting up normalization ... 
2025-12-26 03:55:13,168 - INFO - z_normalization.py:114 - Setting up normalization ... done
2025-12-26 03:55:13,168 - INFO - z_normalization.py:116 - Normalizing ... 
2025-12-26 03:55:13,267 - INFO - z_normalization.py:121 - Normalizing ... done
2025-12-26 03:55:13,317 - INFO - z_normalization.py:74 - Z-Normalization | EVI
2025-12-26 03:55:13,524 - INFO - z_normalization.py:83 - Loaded baseline
2025-12-26 03:55:13,524 - INFO - z_normalization.py:86 - Set up values | EVI_mean
2025-12-26 03:55:13,555 - INFO - z_normalization.py:86 - Set up values | EVI_std
2025-12-26 03:55:13,740 - INFO - z_normalization.py:101 - Loaded composite
2025-12-26 03:55:13,740 - INFO - z_normalization.py:103 - Set up values | EVI
2025-12-26 03:55:13,771 - INFO - z_normalization.py:110 - Setting up normalization ... 
2025-12-26 03:55:13,771 - INFO - z_normalization.py:114 - Setting up normalization ... done
2025-12-26 03:55:13,771 - INFO - z_normalization.py:116 - Normalizing ... 
2025-12-26 03:55:13,846 - INFO - z_normalization.py:121 - Normalizing ... done
2025-12-26 03:55:13,898 - INFO - z_normalization.py:74 - Z-Normalization | PSRI2
2025-12-26 03:55:14,145 - INFO - z_normalization.py:83 - Loaded baseline
2025-12-26 03:55:14,145 - INFO - z_normalization.py:86 - Set up values | PSRI2_mean
2025-12-26 03:55:14,173 - INFO - z_normalization.py:86 - Set up values | PSRI2_std
2025-12-26 03:55:14,346 - INFO - z_normalization.py:101 - Loaded composite
2025-12-26 03:55:14,347 - INFO - z_normalization.py:103 - Set up values | PSRI2
2025-12-26 03:55:14,374 - INFO - z_normalization.py:110 - Setting up normalization ... 
2025-12-26 03:55:14,374 - INFO - z_normalization.py:114 - Setting up normalization ... done
2025-12-26 03:55:14,374 - INFO - z_normalization.py:116 - Normalizing ... 
2025-12-26 03:55:14,452 - INFO - z_normalization.py:121 - Normalizing ... done
2025-12-26 03:55:14,500 - INFO - z_normalization.py:127 - Merging into one dataset
2025-12-26 03:55:14,502 - INFO - z_normalization.py:133 - Scale and Define data types & nodata per band
2025-12-26 03:55:14,503 - INFO - z_normalization.py:145 - Assign time range and tile ID in metadata
2025-12-26 03:55:14,503 - INFO - z_normalization.py:151 - Write bands to raster COG files
2025-12-26 03:55:18,036 - INFO - z_normalization.py:164 - Write NDVI_Z -> //nas-rs.topo.auth.gr/Latomeia/DROUGHT/z_normalized/x11/y08/2025/4/01/S2L2A_znorm_x11y08_20254_NDVI_z.tif
2025-12-26 03:55:22,002 - INFO - z_normalization.py:164 - Write EVI_Z -> //nas-rs.topo.auth.gr/Latomeia/DROUGHT/z_normalized/x11/y08/2025/4/01/S2L2A_znorm_x11y08_20254_EVI_z.tif
2025-12-26 03:55:25,740 - INFO - z_normalization.py:164 - Write PSRI2_Z -> //nas-rs.topo.auth.gr/Latomeia/DROUGHT/z_normalized/x11/y08/2025/4/01/S2L2A_znorm_x11y08_20254_PSRI2_z.tif
2025-12-26 03:55:25,740 - INFO - z_normalization.py:166 - Prepare metadata YAML document
2025-12-26 03:55:25,838 - INFO - z_normalization.py:187 - Write metadata YAML document to disk
2025-12-26 03:55:25,858 - INFO - z_normalization.py:192 - Create datacube.model.Dataset from eo3 metadata
2025-12-26 03:55:25,865 - INFO - z_normalization.py:205 - Index to datacube
2025-12-26 03:55:25,865 - INFO - _datasets.py:191 - Indexing 8772ed5b-b9e7-472f-a382-17ce287d8062
2025-12-26 03:55:25,872 - INFO - z_normalization.py:208 - 
2025-12-26 03:55:25,872 - INFO - z_normalization.py:209 -              ✔✔✔ COMPLETED: Tile x11_y08 | Time: 2025-04 | In 0.22 minutes
2025-12-26 03:55:25,872 - INFO - z_normalization.py:210 - 
