2025-12-26 13:49:19,600 - INFO - z_normalization.py:42 - #######################################################################
2025-12-26 13:49:20,394 - INFO - z_normalization.py:56 - Starting Z-Normalization for x08_y12 | 2024-10
2025-12-26 13:49:20,394 - INFO - z_normalization.py:58 - Create directories and naming conversions
2025-12-26 13:49:20,408 - INFO - z_normalization.py:69 - Dataset location: //nas-rs.topo.auth.gr/Latomeia/DROUGHT/z_normalized/x08/y12/2024/10/01
2025-12-26 13:49:20,408 - INFO - z_normalization.py:74 - Z-Normalization | NDVI
2025-12-26 13:49:20,816 - INFO - z_normalization.py:83 - Loaded baseline
2025-12-26 13:49:20,816 - INFO - z_normalization.py:86 - Set up values | NDVI_mean
2025-12-26 13:49:20,848 - INFO - z_normalization.py:86 - Set up values | NDVI_std
2025-12-26 13:49:21,035 - INFO - z_normalization.py:101 - Loaded composite
2025-12-26 13:49:21,035 - INFO - z_normalization.py:103 - Set up values | NDVI
2025-12-26 13:49:21,083 - INFO - z_normalization.py:110 - Setting up normalization ... 
2025-12-26 13:49:21,084 - INFO - z_normalization.py:114 - Setting up normalization ... done
2025-12-26 13:49:21,084 - INFO - z_normalization.py:116 - Normalizing ... 
2025-12-26 13:49:21,173 - INFO - z_normalization.py:121 - Normalizing ... done
2025-12-26 13:49:21,230 - INFO - z_normalization.py:74 - Z-Normalization | EVI
2025-12-26 13:49:21,487 - INFO - z_normalization.py:83 - Loaded baseline
2025-12-26 13:49:21,487 - INFO - z_normalization.py:86 - Set up values | EVI_mean
2025-12-26 13:49:21,522 - INFO - z_normalization.py:86 - Set up values | EVI_std
2025-12-26 13:49:21,703 - INFO - z_normalization.py:101 - Loaded composite
2025-12-26 13:49:21,703 - INFO - z_normalization.py:103 - Set up values | EVI
2025-12-26 13:49:21,731 - INFO - z_normalization.py:110 - Setting up normalization ... 
2025-12-26 13:49:21,731 - INFO - z_normalization.py:114 - Setting up normalization ... done
2025-12-26 13:49:21,731 - INFO - z_normalization.py:116 - Normalizing ... 
2025-12-26 13:49:21,809 - INFO - z_normalization.py:121 - Normalizing ... done
2025-12-26 13:49:21,866 - INFO - z_normalization.py:74 - Z-Normalization | PSRI2
2025-12-26 13:49:22,088 - INFO - z_normalization.py:83 - Loaded baseline
2025-12-26 13:49:22,088 - INFO - z_normalization.py:86 - Set up values | PSRI2_mean
2025-12-26 13:49:22,118 - INFO - z_normalization.py:86 - Set up values | PSRI2_std
2025-12-26 13:49:22,285 - INFO - z_normalization.py:101 - Loaded composite
2025-12-26 13:49:22,285 - INFO - z_normalization.py:103 - Set up values | PSRI2
2025-12-26 13:49:22,316 - INFO - z_normalization.py:110 - Setting up normalization ... 
2025-12-26 13:49:22,316 - INFO - z_normalization.py:114 - Setting up normalization ... done
2025-12-26 13:49:22,316 - INFO - z_normalization.py:116 - Normalizing ... 
2025-12-26 13:49:22,397 - INFO - z_normalization.py:121 - Normalizing ... done
2025-12-26 13:49:22,459 - INFO - z_normalization.py:127 - Merging into one dataset
2025-12-26 13:49:22,460 - INFO - z_normalization.py:133 - Scale and Define data types & nodata per band
2025-12-26 13:49:22,461 - INFO - z_normalization.py:145 - Assign time range and tile ID in metadata
2025-12-26 13:49:22,461 - INFO - z_normalization.py:151 - Write bands to raster COG files
2025-12-26 13:49:26,206 - INFO - z_normalization.py:164 - Write NDVI_Z -> //nas-rs.topo.auth.gr/Latomeia/DROUGHT/z_normalized/x08/y12/2024/10/01/S2L2A_znorm_x08y12_202410_NDVI_z.tif
2025-12-26 13:49:30,444 - INFO - z_normalization.py:164 - Write EVI_Z -> //nas-rs.topo.auth.gr/Latomeia/DROUGHT/z_normalized/x08/y12/2024/10/01/S2L2A_znorm_x08y12_202410_EVI_z.tif
2025-12-26 13:49:34,816 - INFO - z_normalization.py:164 - Write PSRI2_Z -> //nas-rs.topo.auth.gr/Latomeia/DROUGHT/z_normalized/x08/y12/2024/10/01/S2L2A_znorm_x08y12_202410_PSRI2_z.tif
2025-12-26 13:49:34,816 - INFO - z_normalization.py:166 - Assert relative paths and product measurements are matched
2025-12-26 13:49:34,855 - INFO - z_normalization.py:172 - Prepare metadata YAML document
2025-12-26 13:49:34,948 - INFO - z_normalization.py:192 - Write metadata YAML document to disk
2025-12-26 13:49:34,969 - INFO - z_normalization.py:197 - Create datacube.model.Dataset from eo3 metadata
2025-12-26 13:49:34,973 - INFO - z_normalization.py:210 - Index to datacube
2025-12-26 13:49:34,973 - INFO - _datasets.py:191 - Indexing c5afe6ff-a7fe-43d0-9e9f-bd1f74dec3ad
2025-12-26 13:49:34,981 - INFO - z_normalization.py:213 - 
2025-12-26 13:49:34,981 - INFO - z_normalization.py:214 -              ✔✔✔ COMPLETED: Tile x08_y12 | Time: 2024-10 | In 0.24 minutes
2025-12-26 13:49:34,981 - INFO - z_normalization.py:215 - 
2025-12-26 13:49:34,981 - INFO - z_normalization.py:230 - #######################################################################
