2025-12-26 03:32:25,335 - INFO - z_normalization.py:42 - #######################################################################
2025-12-26 03:32:25,885 - INFO - z_normalization.py:56 - Starting Z-Normalization for x12_y12 | 2024-12
2025-12-26 03:32:25,885 - INFO - z_normalization.py:58 - Create directories and naming conversions
2025-12-26 03:32:25,900 - INFO - z_normalization.py:69 - Dataset location: //nas-rs.topo.auth.gr/Latomeia/DROUGHT/z_normalized/x12/y12/2024/12/01
2025-12-26 03:32:25,900 - INFO - z_normalization.py:74 - Z-Normalization | NDVI
2025-12-26 03:32:26,264 - INFO - z_normalization.py:83 - Loaded baseline
2025-12-26 03:32:26,265 - INFO - z_normalization.py:86 - Set up values | NDVI_mean
2025-12-26 03:32:26,299 - INFO - z_normalization.py:86 - Set up values | NDVI_std
2025-12-26 03:32:26,437 - INFO - z_normalization.py:101 - Loaded composite
2025-12-26 03:32:26,437 - INFO - z_normalization.py:103 - Set up values | NDVI
2025-12-26 03:32:26,468 - INFO - z_normalization.py:110 - Setting up normalization ... 
2025-12-26 03:32:26,468 - INFO - z_normalization.py:114 - Setting up normalization ... done
2025-12-26 03:32:26,468 - INFO - z_normalization.py:116 - Normalizing ... 
2025-12-26 03:32:26,550 - INFO - z_normalization.py:121 - Normalizing ... done
2025-12-26 03:32:26,601 - INFO - z_normalization.py:74 - Z-Normalization | EVI
2025-12-26 03:32:26,810 - INFO - z_normalization.py:83 - Loaded baseline
2025-12-26 03:32:26,810 - INFO - z_normalization.py:86 - Set up values | EVI_mean
2025-12-26 03:32:26,839 - INFO - z_normalization.py:86 - Set up values | EVI_std
2025-12-26 03:32:26,980 - INFO - z_normalization.py:101 - Loaded composite
2025-12-26 03:32:26,981 - INFO - z_normalization.py:103 - Set up values | EVI
2025-12-26 03:32:27,012 - INFO - z_normalization.py:110 - Setting up normalization ... 
2025-12-26 03:32:27,012 - INFO - z_normalization.py:114 - Setting up normalization ... done
2025-12-26 03:32:27,012 - INFO - z_normalization.py:116 - Normalizing ... 
2025-12-26 03:32:27,091 - INFO - z_normalization.py:121 - Normalizing ... done
2025-12-26 03:32:27,142 - INFO - z_normalization.py:74 - Z-Normalization | PSRI2
2025-12-26 03:32:27,375 - INFO - z_normalization.py:83 - Loaded baseline
2025-12-26 03:32:27,375 - INFO - z_normalization.py:86 - Set up values | PSRI2_mean
2025-12-26 03:32:27,402 - INFO - z_normalization.py:86 - Set up values | PSRI2_std
2025-12-26 03:32:27,509 - INFO - z_normalization.py:101 - Loaded composite
2025-12-26 03:32:27,509 - INFO - z_normalization.py:103 - Set up values | PSRI2
2025-12-26 03:32:27,537 - INFO - z_normalization.py:110 - Setting up normalization ... 
2025-12-26 03:32:27,537 - INFO - z_normalization.py:114 - Setting up normalization ... done
2025-12-26 03:32:27,537 - INFO - z_normalization.py:116 - Normalizing ... 
2025-12-26 03:32:27,611 - INFO - z_normalization.py:121 - Normalizing ... done
2025-12-26 03:32:27,660 - INFO - z_normalization.py:127 - Merging into one dataset
2025-12-26 03:32:27,661 - INFO - z_normalization.py:133 - Scale and Define data types & nodata per band
2025-12-26 03:32:27,662 - INFO - z_normalization.py:145 - Assign time range and tile ID in metadata
2025-12-26 03:32:27,662 - INFO - z_normalization.py:151 - Write bands to raster COG files
2025-12-26 03:32:31,212 - INFO - z_normalization.py:164 - Write NDVI_Z -> //nas-rs.topo.auth.gr/Latomeia/DROUGHT/z_normalized/x12/y12/2024/12/01/S2L2A_znorm_x12y12_202412_NDVI_z.tif
2025-12-26 03:32:34,857 - INFO - z_normalization.py:164 - Write EVI_Z -> //nas-rs.topo.auth.gr/Latomeia/DROUGHT/z_normalized/x12/y12/2024/12/01/S2L2A_znorm_x12y12_202412_EVI_z.tif
2025-12-26 03:32:38,082 - INFO - z_normalization.py:164 - Write PSRI2_Z -> //nas-rs.topo.auth.gr/Latomeia/DROUGHT/z_normalized/x12/y12/2024/12/01/S2L2A_znorm_x12y12_202412_PSRI2_z.tif
2025-12-26 03:32:38,082 - INFO - z_normalization.py:166 - Prepare metadata YAML document
2025-12-26 03:32:38,171 - INFO - z_normalization.py:187 - Write metadata YAML document to disk
2025-12-26 03:32:38,190 - INFO - z_normalization.py:192 - Create datacube.model.Dataset from eo3 metadata
2025-12-26 03:32:38,195 - INFO - z_normalization.py:205 - Index to datacube
2025-12-26 03:32:38,195 - INFO - _datasets.py:191 - Indexing bcf1a1ab-74ab-424b-b2a3-57ebd613c331
2025-12-26 03:32:38,206 - INFO - z_normalization.py:208 - 
2025-12-26 03:32:38,206 - INFO - z_normalization.py:209 -              ✔✔✔ COMPLETED: Tile x12_y12 | Time: 2024-12 | In 0.21 minutes
2025-12-26 03:32:38,206 - INFO - z_normalization.py:210 - 
