2025-12-26 13:55:55,962 - INFO - z_normalization.py:42 - #######################################################################
2025-12-26 13:55:56,527 - INFO - z_normalization.py:56 - Starting Z-Normalization for x08_y11 | 2024-11
2025-12-26 13:55:56,527 - INFO - z_normalization.py:58 - Create directories and naming conversions
2025-12-26 13:55:56,540 - INFO - z_normalization.py:69 - Dataset location: //nas-rs.topo.auth.gr/Latomeia/DROUGHT/z_normalized/x08/y11/2024/11/01
2025-12-26 13:55:56,540 - INFO - z_normalization.py:74 - Z-Normalization | NDVI
2025-12-26 13:55:56,935 - INFO - z_normalization.py:83 - Loaded baseline
2025-12-26 13:55:56,935 - INFO - z_normalization.py:86 - Set up values | NDVI_mean
2025-12-26 13:55:56,964 - INFO - z_normalization.py:86 - Set up values | NDVI_std
2025-12-26 13:55:57,145 - INFO - z_normalization.py:101 - Loaded composite
2025-12-26 13:55:57,145 - INFO - z_normalization.py:103 - Set up values | NDVI
2025-12-26 13:55:57,174 - INFO - z_normalization.py:110 - Setting up normalization ... 
2025-12-26 13:55:57,174 - INFO - z_normalization.py:114 - Setting up normalization ... done
2025-12-26 13:55:57,174 - INFO - z_normalization.py:116 - Normalizing ... 
2025-12-26 13:55:57,252 - INFO - z_normalization.py:121 - Normalizing ... done
2025-12-26 13:55:57,302 - INFO - z_normalization.py:74 - Z-Normalization | EVI
2025-12-26 13:55:57,559 - INFO - z_normalization.py:83 - Loaded baseline
2025-12-26 13:55:57,559 - INFO - z_normalization.py:86 - Set up values | EVI_mean
2025-12-26 13:55:57,589 - INFO - z_normalization.py:86 - Set up values | EVI_std
2025-12-26 13:55:57,771 - INFO - z_normalization.py:101 - Loaded composite
2025-12-26 13:55:57,771 - INFO - z_normalization.py:103 - Set up values | EVI
2025-12-26 13:55:57,801 - INFO - z_normalization.py:110 - Setting up normalization ... 
2025-12-26 13:55:57,801 - INFO - z_normalization.py:114 - Setting up normalization ... done
2025-12-26 13:55:57,801 - INFO - z_normalization.py:116 - Normalizing ... 
2025-12-26 13:55:57,877 - INFO - z_normalization.py:121 - Normalizing ... done
2025-12-26 13:55:57,927 - INFO - z_normalization.py:74 - Z-Normalization | PSRI2
2025-12-26 13:55:58,182 - INFO - z_normalization.py:83 - Loaded baseline
2025-12-26 13:55:58,182 - INFO - z_normalization.py:86 - Set up values | PSRI2_mean
2025-12-26 13:55:58,211 - INFO - z_normalization.py:86 - Set up values | PSRI2_std
2025-12-26 13:55:58,371 - INFO - z_normalization.py:101 - Loaded composite
2025-12-26 13:55:58,371 - INFO - z_normalization.py:103 - Set up values | PSRI2
2025-12-26 13:55:58,400 - INFO - z_normalization.py:110 - Setting up normalization ... 
2025-12-26 13:55:58,401 - INFO - z_normalization.py:114 - Setting up normalization ... done
2025-12-26 13:55:58,401 - INFO - z_normalization.py:116 - Normalizing ... 
2025-12-26 13:55:58,479 - INFO - z_normalization.py:121 - Normalizing ... done
2025-12-26 13:55:58,528 - INFO - z_normalization.py:127 - Merging into one dataset
2025-12-26 13:55:58,530 - INFO - z_normalization.py:133 - Scale and Define data types & nodata per band
2025-12-26 13:55:58,532 - INFO - z_normalization.py:145 - Assign time range and tile ID in metadata
2025-12-26 13:55:58,532 - INFO - z_normalization.py:151 - Write bands to raster COG files
2025-12-26 13:56:02,956 - INFO - z_normalization.py:164 - Write NDVI_Z -> //nas-rs.topo.auth.gr/Latomeia/DROUGHT/z_normalized/x08/y11/2024/11/01/S2L2A_znorm_x08y11_202411_NDVI_z.tif
2025-12-26 13:56:07,242 - INFO - z_normalization.py:164 - Write EVI_Z -> //nas-rs.topo.auth.gr/Latomeia/DROUGHT/z_normalized/x08/y11/2024/11/01/S2L2A_znorm_x08y11_202411_EVI_z.tif
2025-12-26 13:56:11,368 - INFO - z_normalization.py:164 - Write PSRI2_Z -> //nas-rs.topo.auth.gr/Latomeia/DROUGHT/z_normalized/x08/y11/2024/11/01/S2L2A_znorm_x08y11_202411_PSRI2_z.tif
2025-12-26 13:56:11,369 - INFO - z_normalization.py:166 - Assert relative paths and product measurements are matched
2025-12-26 13:56:11,414 - INFO - z_normalization.py:172 - Prepare metadata YAML document
2025-12-26 13:56:11,515 - INFO - z_normalization.py:192 - Write metadata YAML document to disk
2025-12-26 13:56:11,538 - INFO - z_normalization.py:197 - Create datacube.model.Dataset from eo3 metadata
2025-12-26 13:56:11,543 - INFO - z_normalization.py:210 - Index to datacube
2025-12-26 13:56:11,543 - INFO - _datasets.py:191 - Indexing 00bd31da-6242-435b-aa72-7299ebb8ea9e
2025-12-26 13:56:11,553 - INFO - z_normalization.py:213 - 
2025-12-26 13:56:11,553 - INFO - z_normalization.py:214 -              ✔✔✔ COMPLETED: Tile x08_y11 | Time: 2024-11 | In 0.25 minutes
2025-12-26 13:56:11,553 - INFO - z_normalization.py:215 - 
2025-12-26 13:56:11,553 - INFO - z_normalization.py:230 - #######################################################################
