2025-12-26 14:13:51,719 - INFO - z_normalization.py:42 - #######################################################################
2025-12-26 14:13:52,332 - INFO - z_normalization.py:56 - Starting Z-Normalization for x11_y11 | 2025-01
2025-12-26 14:13:52,332 - INFO - z_normalization.py:58 - Create directories and naming conversions
2025-12-26 14:13:52,349 - INFO - z_normalization.py:69 - Dataset location: //nas-rs.topo.auth.gr/Latomeia/DROUGHT/z_normalized/x11/y11/2025/1/01
2025-12-26 14:13:52,349 - INFO - z_normalization.py:74 - Z-Normalization | NDVI
2025-12-26 14:13:52,753 - INFO - z_normalization.py:83 - Loaded baseline
2025-12-26 14:13:52,753 - INFO - z_normalization.py:86 - Set up values | NDVI_mean
2025-12-26 14:13:52,782 - INFO - z_normalization.py:86 - Set up values | NDVI_std
2025-12-26 14:13:52,964 - INFO - z_normalization.py:101 - Loaded composite
2025-12-26 14:13:52,964 - INFO - z_normalization.py:103 - Set up values | NDVI
2025-12-26 14:13:52,995 - INFO - z_normalization.py:110 - Setting up normalization ... 
2025-12-26 14:13:52,995 - INFO - z_normalization.py:114 - Setting up normalization ... done
2025-12-26 14:13:52,995 - INFO - z_normalization.py:116 - Normalizing ... 
2025-12-26 14:13:53,081 - INFO - z_normalization.py:121 - Normalizing ... done
2025-12-26 14:13:53,133 - INFO - z_normalization.py:74 - Z-Normalization | EVI
2025-12-26 14:13:53,378 - INFO - z_normalization.py:83 - Loaded baseline
2025-12-26 14:13:53,378 - INFO - z_normalization.py:86 - Set up values | EVI_mean
2025-12-26 14:13:53,406 - INFO - z_normalization.py:86 - Set up values | EVI_std
2025-12-26 14:13:53,578 - INFO - z_normalization.py:101 - Loaded composite
2025-12-26 14:13:53,578 - INFO - z_normalization.py:103 - Set up values | EVI
2025-12-26 14:13:53,608 - INFO - z_normalization.py:110 - Setting up normalization ... 
2025-12-26 14:13:53,608 - INFO - z_normalization.py:114 - Setting up normalization ... done
2025-12-26 14:13:53,608 - INFO - z_normalization.py:116 - Normalizing ... 
2025-12-26 14:13:53,685 - INFO - z_normalization.py:121 - Normalizing ... done
2025-12-26 14:13:53,735 - INFO - z_normalization.py:74 - Z-Normalization | PSRI2
2025-12-26 14:13:53,958 - INFO - z_normalization.py:83 - Loaded baseline
2025-12-26 14:13:53,958 - INFO - z_normalization.py:86 - Set up values | PSRI2_mean
2025-12-26 14:13:53,986 - INFO - z_normalization.py:86 - Set up values | PSRI2_std
2025-12-26 14:13:54,146 - INFO - z_normalization.py:101 - Loaded composite
2025-12-26 14:13:54,146 - INFO - z_normalization.py:103 - Set up values | PSRI2
2025-12-26 14:13:54,180 - INFO - z_normalization.py:110 - Setting up normalization ... 
2025-12-26 14:13:54,181 - INFO - z_normalization.py:114 - Setting up normalization ... done
2025-12-26 14:13:54,181 - INFO - z_normalization.py:116 - Normalizing ... 
2025-12-26 14:13:54,260 - INFO - z_normalization.py:121 - Normalizing ... done
2025-12-26 14:13:54,311 - INFO - z_normalization.py:127 - Merging into one dataset
2025-12-26 14:13:54,313 - INFO - z_normalization.py:133 - Scale and Define data types & nodata per band
2025-12-26 14:13:54,314 - INFO - z_normalization.py:145 - Assign time range and tile ID in metadata
2025-12-26 14:13:54,314 - INFO - z_normalization.py:151 - Write bands to raster COG files
2025-12-26 14:13:57,960 - INFO - z_normalization.py:164 - Write NDVI_Z -> //nas-rs.topo.auth.gr/Latomeia/DROUGHT/z_normalized/x11/y11/2025/1/01/S2L2A_znorm_x11y11_20251_NDVI_z.tif
2025-12-26 14:14:01,618 - INFO - z_normalization.py:164 - Write EVI_Z -> //nas-rs.topo.auth.gr/Latomeia/DROUGHT/z_normalized/x11/y11/2025/1/01/S2L2A_znorm_x11y11_20251_EVI_z.tif
2025-12-26 14:14:05,208 - INFO - z_normalization.py:164 - Write PSRI2_Z -> //nas-rs.topo.auth.gr/Latomeia/DROUGHT/z_normalized/x11/y11/2025/1/01/S2L2A_znorm_x11y11_20251_PSRI2_z.tif
2025-12-26 14:14:05,208 - INFO - z_normalization.py:166 - Assert relative paths and product measurements are matched
2025-12-26 14:14:05,246 - INFO - z_normalization.py:172 - Prepare metadata YAML document
2025-12-26 14:14:05,340 - INFO - z_normalization.py:192 - Write metadata YAML document to disk
2025-12-26 14:14:05,360 - INFO - z_normalization.py:197 - Create datacube.model.Dataset from eo3 metadata
2025-12-26 14:14:05,365 - INFO - z_normalization.py:210 - Index to datacube
2025-12-26 14:14:05,366 - INFO - _datasets.py:191 - Indexing f359a5db-d870-48a8-ba49-3555d4d1c5b8
2025-12-26 14:14:05,373 - INFO - z_normalization.py:213 - 
2025-12-26 14:14:05,373 - INFO - z_normalization.py:214 -              ✔✔✔ COMPLETED: Tile x11_y11 | Time: 2025-01 | In 0.22 minutes
2025-12-26 14:14:05,373 - INFO - z_normalization.py:215 - 
2025-12-26 14:14:05,373 - INFO - z_normalization.py:230 - #######################################################################
