2025-12-26 14:03:22,739 - INFO - z_normalization.py:42 - #######################################################################
2025-12-26 14:03:23,367 - INFO - z_normalization.py:56 - Starting Z-Normalization for x09_y07 | 2024-12
2025-12-26 14:03:23,367 - INFO - z_normalization.py:58 - Create directories and naming conversions
2025-12-26 14:03:23,382 - INFO - z_normalization.py:69 - Dataset location: //nas-rs.topo.auth.gr/Latomeia/DROUGHT/z_normalized/x09/y07/2024/12/01
2025-12-26 14:03:23,382 - INFO - z_normalization.py:74 - Z-Normalization | NDVI
2025-12-26 14:03:23,740 - INFO - z_normalization.py:83 - Loaded baseline
2025-12-26 14:03:23,740 - INFO - z_normalization.py:86 - Set up values | NDVI_mean
2025-12-26 14:03:23,775 - INFO - z_normalization.py:86 - Set up values | NDVI_std
2025-12-26 14:03:23,945 - INFO - z_normalization.py:101 - Loaded composite
2025-12-26 14:03:23,945 - INFO - z_normalization.py:103 - Set up values | NDVI
2025-12-26 14:03:23,975 - INFO - z_normalization.py:110 - Setting up normalization ... 
2025-12-26 14:03:23,976 - INFO - z_normalization.py:114 - Setting up normalization ... done
2025-12-26 14:03:23,976 - INFO - z_normalization.py:116 - Normalizing ... 
2025-12-26 14:03:24,063 - INFO - z_normalization.py:121 - Normalizing ... done
2025-12-26 14:03:24,115 - INFO - z_normalization.py:74 - Z-Normalization | EVI
2025-12-26 14:03:24,349 - INFO - z_normalization.py:83 - Loaded baseline
2025-12-26 14:03:24,349 - INFO - z_normalization.py:86 - Set up values | EVI_mean
2025-12-26 14:03:24,379 - INFO - z_normalization.py:86 - Set up values | EVI_std
2025-12-26 14:03:24,554 - INFO - z_normalization.py:101 - Loaded composite
2025-12-26 14:03:24,554 - INFO - z_normalization.py:103 - Set up values | EVI
2025-12-26 14:03:24,587 - INFO - z_normalization.py:110 - Setting up normalization ... 
2025-12-26 14:03:24,587 - INFO - z_normalization.py:114 - Setting up normalization ... done
2025-12-26 14:03:24,587 - INFO - z_normalization.py:116 - Normalizing ... 
2025-12-26 14:03:24,671 - INFO - z_normalization.py:121 - Normalizing ... done
2025-12-26 14:03:24,724 - INFO - z_normalization.py:74 - Z-Normalization | PSRI2
2025-12-26 14:03:24,961 - INFO - z_normalization.py:83 - Loaded baseline
2025-12-26 14:03:24,961 - INFO - z_normalization.py:86 - Set up values | PSRI2_mean
2025-12-26 14:03:24,990 - INFO - z_normalization.py:86 - Set up values | PSRI2_std
2025-12-26 14:03:25,156 - INFO - z_normalization.py:101 - Loaded composite
2025-12-26 14:03:25,156 - INFO - z_normalization.py:103 - Set up values | PSRI2
2025-12-26 14:03:25,188 - INFO - z_normalization.py:110 - Setting up normalization ... 
2025-12-26 14:03:25,188 - INFO - z_normalization.py:114 - Setting up normalization ... done
2025-12-26 14:03:25,188 - INFO - z_normalization.py:116 - Normalizing ... 
2025-12-26 14:03:25,269 - INFO - z_normalization.py:121 - Normalizing ... done
2025-12-26 14:03:25,322 - INFO - z_normalization.py:127 - Merging into one dataset
2025-12-26 14:03:25,324 - INFO - z_normalization.py:133 - Scale and Define data types & nodata per band
2025-12-26 14:03:25,325 - INFO - z_normalization.py:145 - Assign time range and tile ID in metadata
2025-12-26 14:03:25,325 - INFO - z_normalization.py:151 - Write bands to raster COG files
2025-12-26 14:03:29,777 - INFO - z_normalization.py:164 - Write NDVI_Z -> //nas-rs.topo.auth.gr/Latomeia/DROUGHT/z_normalized/x09/y07/2024/12/01/S2L2A_znorm_x09y07_202412_NDVI_z.tif
2025-12-26 14:03:34,271 - INFO - z_normalization.py:164 - Write EVI_Z -> //nas-rs.topo.auth.gr/Latomeia/DROUGHT/z_normalized/x09/y07/2024/12/01/S2L2A_znorm_x09y07_202412_EVI_z.tif
2025-12-26 14:03:38,729 - INFO - z_normalization.py:164 - Write PSRI2_Z -> //nas-rs.topo.auth.gr/Latomeia/DROUGHT/z_normalized/x09/y07/2024/12/01/S2L2A_znorm_x09y07_202412_PSRI2_z.tif
2025-12-26 14:03:38,729 - INFO - z_normalization.py:166 - Assert relative paths and product measurements are matched
2025-12-26 14:03:38,766 - INFO - z_normalization.py:172 - Prepare metadata YAML document
2025-12-26 14:03:38,873 - INFO - z_normalization.py:192 - Write metadata YAML document to disk
2025-12-26 14:03:38,892 - INFO - z_normalization.py:197 - Create datacube.model.Dataset from eo3 metadata
2025-12-26 14:03:38,896 - INFO - z_normalization.py:210 - Index to datacube
2025-12-26 14:03:38,896 - INFO - _datasets.py:191 - Indexing 2ce4c5be-8d17-41a5-8d80-2eceb90c53a4
2025-12-26 14:03:38,904 - INFO - z_normalization.py:213 - 
2025-12-26 14:03:38,904 - INFO - z_normalization.py:214 -              ✔✔✔ COMPLETED: Tile x09_y07 | Time: 2024-12 | In 0.26 minutes
2025-12-26 14:03:38,904 - INFO - z_normalization.py:215 - 
2025-12-26 14:03:38,904 - INFO - z_normalization.py:230 - #######################################################################
