2025-12-26 02:00:02,086 - INFO - z_normalization.py:42 - #######################################################################
2025-12-26 02:00:02,657 - INFO - z_normalization.py:56 - Starting Z-Normalization for x11_y11 | 2023-09
2025-12-26 02:00:02,657 - INFO - z_normalization.py:58 - Create directories and naming conversions
2025-12-26 02:00:02,672 - INFO - z_normalization.py:69 - Dataset location: //nas-rs.topo.auth.gr/Latomeia/DROUGHT/z_normalized/x11/y11/2023/9/01
2025-12-26 02:00:02,672 - INFO - z_normalization.py:74 - Z-Normalization | NDVI
2025-12-26 02:00:03,081 - INFO - z_normalization.py:83 - Loaded baseline
2025-12-26 02:00:03,081 - INFO - z_normalization.py:86 - Set up values | NDVI_mean
2025-12-26 02:00:03,116 - INFO - z_normalization.py:86 - Set up values | NDVI_std
2025-12-26 02:00:03,291 - INFO - z_normalization.py:101 - Loaded composite
2025-12-26 02:00:03,291 - INFO - z_normalization.py:103 - Set up values | NDVI
2025-12-26 02:00:03,321 - INFO - z_normalization.py:110 - Setting up normalization ... 
2025-12-26 02:00:03,321 - INFO - z_normalization.py:114 - Setting up normalization ... done
2025-12-26 02:00:03,321 - INFO - z_normalization.py:116 - Normalizing ... 
2025-12-26 02:00:03,398 - INFO - z_normalization.py:121 - Normalizing ... done
2025-12-26 02:00:03,454 - INFO - z_normalization.py:74 - Z-Normalization | EVI
2025-12-26 02:00:03,677 - INFO - z_normalization.py:83 - Loaded baseline
2025-12-26 02:00:03,677 - INFO - z_normalization.py:86 - Set up values | EVI_mean
2025-12-26 02:00:03,709 - INFO - z_normalization.py:86 - Set up values | EVI_std
2025-12-26 02:00:03,881 - INFO - z_normalization.py:101 - Loaded composite
2025-12-26 02:00:03,881 - INFO - z_normalization.py:103 - Set up values | EVI
2025-12-26 02:00:03,908 - INFO - z_normalization.py:110 - Setting up normalization ... 
2025-12-26 02:00:03,908 - INFO - z_normalization.py:114 - Setting up normalization ... done
2025-12-26 02:00:03,909 - INFO - z_normalization.py:116 - Normalizing ... 
2025-12-26 02:00:03,985 - INFO - z_normalization.py:121 - Normalizing ... done
2025-12-26 02:00:04,037 - INFO - z_normalization.py:74 - Z-Normalization | PSRI2
2025-12-26 02:00:04,280 - INFO - z_normalization.py:83 - Loaded baseline
2025-12-26 02:00:04,280 - INFO - z_normalization.py:86 - Set up values | PSRI2_mean
2025-12-26 02:00:04,308 - INFO - z_normalization.py:86 - Set up values | PSRI2_std
2025-12-26 02:00:04,474 - INFO - z_normalization.py:101 - Loaded composite
2025-12-26 02:00:04,474 - INFO - z_normalization.py:103 - Set up values | PSRI2
2025-12-26 02:00:04,503 - INFO - z_normalization.py:110 - Setting up normalization ... 
2025-12-26 02:00:04,503 - INFO - z_normalization.py:114 - Setting up normalization ... done
2025-12-26 02:00:04,503 - INFO - z_normalization.py:116 - Normalizing ... 
2025-12-26 02:00:04,594 - INFO - z_normalization.py:121 - Normalizing ... done
2025-12-26 02:00:04,650 - INFO - z_normalization.py:127 - Merging into one dataset
2025-12-26 02:00:04,652 - INFO - z_normalization.py:133 - Scale and Define data types & nodata per band
2025-12-26 02:00:04,653 - INFO - z_normalization.py:145 - Assign time range and tile ID in metadata
2025-12-26 02:00:04,653 - INFO - z_normalization.py:151 - Write bands to raster COG files
2025-12-26 02:00:08,435 - INFO - z_normalization.py:164 - Write NDVI_Z -> //nas-rs.topo.auth.gr/Latomeia/DROUGHT/z_normalized/x11/y11/2023/9/01/S2L2A_znorm_x11y11_20239_NDVI_z.tif
2025-12-26 02:00:12,514 - INFO - z_normalization.py:164 - Write EVI_Z -> //nas-rs.topo.auth.gr/Latomeia/DROUGHT/z_normalized/x11/y11/2023/9/01/S2L2A_znorm_x11y11_20239_EVI_z.tif
2025-12-26 02:00:16,152 - INFO - z_normalization.py:164 - Write PSRI2_Z -> //nas-rs.topo.auth.gr/Latomeia/DROUGHT/z_normalized/x11/y11/2023/9/01/S2L2A_znorm_x11y11_20239_PSRI2_z.tif
2025-12-26 02:00:16,154 - INFO - z_normalization.py:166 - Prepare metadata YAML document
2025-12-26 02:00:16,240 - INFO - z_normalization.py:187 - Write metadata YAML document to disk
2025-12-26 02:00:16,263 - INFO - z_normalization.py:192 - Create datacube.model.Dataset from eo3 metadata
2025-12-26 02:00:16,268 - INFO - z_normalization.py:205 - Index to datacube
2025-12-26 02:00:16,268 - INFO - _datasets.py:191 - Indexing fec93e74-df98-49e6-acd2-7b2cccd8fbb6
2025-12-26 02:00:16,275 - INFO - z_normalization.py:208 - 
2025-12-26 02:00:16,275 - INFO - z_normalization.py:209 -              ✔✔✔ COMPLETED: Tile x11_y11 | Time: 2023-09 | In 0.23 minutes
2025-12-26 02:00:16,275 - INFO - z_normalization.py:210 - 
