2025-12-26 03:09:08,571 - INFO - z_normalization.py:42 - #######################################################################
2025-12-26 03:09:09,157 - INFO - z_normalization.py:56 - Starting Z-Normalization for x08_y10 | 2024-09
2025-12-26 03:09:09,157 - INFO - z_normalization.py:58 - Create directories and naming conversions
2025-12-26 03:09:09,171 - INFO - z_normalization.py:69 - Dataset location: //nas-rs.topo.auth.gr/Latomeia/DROUGHT/z_normalized/x08/y10/2024/9/01
2025-12-26 03:09:09,171 - INFO - z_normalization.py:74 - Z-Normalization | NDVI
2025-12-26 03:09:09,561 - INFO - z_normalization.py:83 - Loaded baseline
2025-12-26 03:09:09,561 - INFO - z_normalization.py:86 - Set up values | NDVI_mean
2025-12-26 03:09:09,598 - INFO - z_normalization.py:86 - Set up values | NDVI_std
2025-12-26 03:09:09,772 - INFO - z_normalization.py:101 - Loaded composite
2025-12-26 03:09:09,772 - INFO - z_normalization.py:103 - Set up values | NDVI
2025-12-26 03:09:09,802 - INFO - z_normalization.py:110 - Setting up normalization ... 
2025-12-26 03:09:09,802 - INFO - z_normalization.py:114 - Setting up normalization ... done
2025-12-26 03:09:09,802 - INFO - z_normalization.py:116 - Normalizing ... 
2025-12-26 03:09:09,892 - INFO - z_normalization.py:121 - Normalizing ... done
2025-12-26 03:09:09,943 - INFO - z_normalization.py:74 - Z-Normalization | EVI
2025-12-26 03:09:10,169 - INFO - z_normalization.py:83 - Loaded baseline
2025-12-26 03:09:10,170 - INFO - z_normalization.py:86 - Set up values | EVI_mean
2025-12-26 03:09:10,199 - INFO - z_normalization.py:86 - Set up values | EVI_std
2025-12-26 03:09:10,360 - INFO - z_normalization.py:101 - Loaded composite
2025-12-26 03:09:10,360 - INFO - z_normalization.py:103 - Set up values | EVI
2025-12-26 03:09:10,388 - INFO - z_normalization.py:110 - Setting up normalization ... 
2025-12-26 03:09:10,389 - INFO - z_normalization.py:114 - Setting up normalization ... done
2025-12-26 03:09:10,389 - INFO - z_normalization.py:116 - Normalizing ... 
2025-12-26 03:09:10,466 - INFO - z_normalization.py:121 - Normalizing ... done
2025-12-26 03:09:10,517 - INFO - z_normalization.py:74 - Z-Normalization | PSRI2
2025-12-26 03:09:10,761 - INFO - z_normalization.py:83 - Loaded baseline
2025-12-26 03:09:10,761 - INFO - z_normalization.py:86 - Set up values | PSRI2_mean
2025-12-26 03:09:10,795 - INFO - z_normalization.py:86 - Set up values | PSRI2_std
2025-12-26 03:09:10,946 - INFO - z_normalization.py:101 - Loaded composite
2025-12-26 03:09:10,946 - INFO - z_normalization.py:103 - Set up values | PSRI2
2025-12-26 03:09:10,974 - INFO - z_normalization.py:110 - Setting up normalization ... 
2025-12-26 03:09:10,974 - INFO - z_normalization.py:114 - Setting up normalization ... done
2025-12-26 03:09:10,974 - INFO - z_normalization.py:116 - Normalizing ... 
2025-12-26 03:09:11,054 - INFO - z_normalization.py:121 - Normalizing ... done
2025-12-26 03:09:11,105 - INFO - z_normalization.py:127 - Merging into one dataset
2025-12-26 03:09:11,106 - INFO - z_normalization.py:133 - Scale and Define data types & nodata per band
2025-12-26 03:09:11,107 - INFO - z_normalization.py:145 - Assign time range and tile ID in metadata
2025-12-26 03:09:11,107 - INFO - z_normalization.py:151 - Write bands to raster COG files
2025-12-26 03:09:14,581 - INFO - z_normalization.py:164 - Write NDVI_Z -> //nas-rs.topo.auth.gr/Latomeia/DROUGHT/z_normalized/x08/y10/2024/9/01/S2L2A_znorm_x08y10_20249_NDVI_z.tif
2025-12-26 03:09:18,169 - INFO - z_normalization.py:164 - Write EVI_Z -> //nas-rs.topo.auth.gr/Latomeia/DROUGHT/z_normalized/x08/y10/2024/9/01/S2L2A_znorm_x08y10_20249_EVI_z.tif
2025-12-26 03:09:21,591 - INFO - z_normalization.py:164 - Write PSRI2_Z -> //nas-rs.topo.auth.gr/Latomeia/DROUGHT/z_normalized/x08/y10/2024/9/01/S2L2A_znorm_x08y10_20249_PSRI2_z.tif
2025-12-26 03:09:21,592 - INFO - z_normalization.py:166 - Prepare metadata YAML document
2025-12-26 03:09:21,692 - INFO - z_normalization.py:187 - Write metadata YAML document to disk
2025-12-26 03:09:21,713 - INFO - z_normalization.py:192 - Create datacube.model.Dataset from eo3 metadata
2025-12-26 03:09:21,716 - INFO - z_normalization.py:205 - Index to datacube
2025-12-26 03:09:21,717 - INFO - _datasets.py:191 - Indexing be94b45a-e2e4-451a-ae62-1276428b4922
2025-12-26 03:09:21,723 - INFO - z_normalization.py:208 - 
2025-12-26 03:09:21,723 - INFO - z_normalization.py:209 -              ✔✔✔ COMPLETED: Tile x08_y10 | Time: 2024-09 | In 0.21 minutes
2025-12-26 03:09:21,723 - INFO - z_normalization.py:210 - 
