2025-12-26 02:29:03,183 - INFO - z_normalization.py:42 - #######################################################################
2025-12-26 02:29:03,787 - INFO - z_normalization.py:56 - Starting Z-Normalization for x10_y09 | 2024-02
2025-12-26 02:29:03,787 - INFO - z_normalization.py:58 - Create directories and naming conversions
2025-12-26 02:29:03,797 - INFO - z_normalization.py:69 - Dataset location: //nas-rs.topo.auth.gr/Latomeia/DROUGHT/z_normalized/x10/y09/2024/2/01
2025-12-26 02:29:03,797 - INFO - z_normalization.py:74 - Z-Normalization | NDVI
2025-12-26 02:29:04,206 - INFO - z_normalization.py:83 - Loaded baseline
2025-12-26 02:29:04,206 - INFO - z_normalization.py:86 - Set up values | NDVI_mean
2025-12-26 02:29:04,236 - INFO - z_normalization.py:86 - Set up values | NDVI_std
2025-12-26 02:29:04,406 - INFO - z_normalization.py:101 - Loaded composite
2025-12-26 02:29:04,407 - INFO - z_normalization.py:103 - Set up values | NDVI
2025-12-26 02:29:04,435 - INFO - z_normalization.py:110 - Setting up normalization ... 
2025-12-26 02:29:04,436 - INFO - z_normalization.py:114 - Setting up normalization ... done
2025-12-26 02:29:04,436 - INFO - z_normalization.py:116 - Normalizing ... 
2025-12-26 02:29:04,516 - INFO - z_normalization.py:121 - Normalizing ... done
2025-12-26 02:29:04,565 - INFO - z_normalization.py:74 - Z-Normalization | EVI
2025-12-26 02:29:04,782 - INFO - z_normalization.py:83 - Loaded baseline
2025-12-26 02:29:04,782 - INFO - z_normalization.py:86 - Set up values | EVI_mean
2025-12-26 02:29:04,817 - INFO - z_normalization.py:86 - Set up values | EVI_std
2025-12-26 02:29:04,994 - INFO - z_normalization.py:101 - Loaded composite
2025-12-26 02:29:04,996 - INFO - z_normalization.py:103 - Set up values | EVI
2025-12-26 02:29:05,026 - INFO - z_normalization.py:110 - Setting up normalization ... 
2025-12-26 02:29:05,026 - INFO - z_normalization.py:114 - Setting up normalization ... done
2025-12-26 02:29:05,027 - INFO - z_normalization.py:116 - Normalizing ... 
2025-12-26 02:29:05,103 - INFO - z_normalization.py:121 - Normalizing ... done
2025-12-26 02:29:05,154 - INFO - z_normalization.py:74 - Z-Normalization | PSRI2
2025-12-26 02:29:05,385 - INFO - z_normalization.py:83 - Loaded baseline
2025-12-26 02:29:05,385 - INFO - z_normalization.py:86 - Set up values | PSRI2_mean
2025-12-26 02:29:05,413 - INFO - z_normalization.py:86 - Set up values | PSRI2_std
2025-12-26 02:29:05,567 - INFO - z_normalization.py:101 - Loaded composite
2025-12-26 02:29:05,567 - INFO - z_normalization.py:103 - Set up values | PSRI2
2025-12-26 02:29:05,595 - INFO - z_normalization.py:110 - Setting up normalization ... 
2025-12-26 02:29:05,596 - INFO - z_normalization.py:114 - Setting up normalization ... done
2025-12-26 02:29:05,596 - INFO - z_normalization.py:116 - Normalizing ... 
2025-12-26 02:29:05,684 - INFO - z_normalization.py:121 - Normalizing ... done
2025-12-26 02:29:05,734 - INFO - z_normalization.py:127 - Merging into one dataset
2025-12-26 02:29:05,735 - INFO - z_normalization.py:133 - Scale and Define data types & nodata per band
2025-12-26 02:29:05,737 - INFO - z_normalization.py:145 - Assign time range and tile ID in metadata
2025-12-26 02:29:05,737 - INFO - z_normalization.py:151 - Write bands to raster COG files
2025-12-26 02:29:09,399 - INFO - z_normalization.py:164 - Write NDVI_Z -> //nas-rs.topo.auth.gr/Latomeia/DROUGHT/z_normalized/x10/y09/2024/2/01/S2L2A_znorm_x10y09_20242_NDVI_z.tif
2025-12-26 02:29:12,944 - INFO - z_normalization.py:164 - Write EVI_Z -> //nas-rs.topo.auth.gr/Latomeia/DROUGHT/z_normalized/x10/y09/2024/2/01/S2L2A_znorm_x10y09_20242_EVI_z.tif
2025-12-26 02:29:16,533 - INFO - z_normalization.py:164 - Write PSRI2_Z -> //nas-rs.topo.auth.gr/Latomeia/DROUGHT/z_normalized/x10/y09/2024/2/01/S2L2A_znorm_x10y09_20242_PSRI2_z.tif
2025-12-26 02:29:16,533 - INFO - z_normalization.py:166 - Prepare metadata YAML document
2025-12-26 02:29:16,629 - INFO - z_normalization.py:187 - Write metadata YAML document to disk
2025-12-26 02:29:16,650 - INFO - z_normalization.py:192 - Create datacube.model.Dataset from eo3 metadata
2025-12-26 02:29:16,654 - INFO - z_normalization.py:205 - Index to datacube
2025-12-26 02:29:16,654 - INFO - _datasets.py:191 - Indexing f9d1627a-1c0d-4438-8e0a-737b33dd023a
2025-12-26 02:29:16,661 - INFO - z_normalization.py:208 - 
2025-12-26 02:29:16,661 - INFO - z_normalization.py:209 -              ✔✔✔ COMPLETED: Tile x10_y09 | Time: 2024-02 | In 0.21 minutes
2025-12-26 02:29:16,661 - INFO - z_normalization.py:210 - 
