2025-12-26 03:54:06,228 - INFO - z_normalization.py:42 - #######################################################################
2025-12-26 03:54:06,811 - INFO - z_normalization.py:56 - Starting Z-Normalization for x10_y08 | 2025-04
2025-12-26 03:54:06,811 - INFO - z_normalization.py:58 - Create directories and naming conversions
2025-12-26 03:54:06,825 - INFO - z_normalization.py:69 - Dataset location: //nas-rs.topo.auth.gr/Latomeia/DROUGHT/z_normalized/x10/y08/2025/4/01
2025-12-26 03:54:06,825 - INFO - z_normalization.py:74 - Z-Normalization | NDVI
2025-12-26 03:54:07,227 - INFO - z_normalization.py:83 - Loaded baseline
2025-12-26 03:54:07,227 - INFO - z_normalization.py:86 - Set up values | NDVI_mean
2025-12-26 03:54:07,258 - INFO - z_normalization.py:86 - Set up values | NDVI_std
2025-12-26 03:54:07,451 - INFO - z_normalization.py:101 - Loaded composite
2025-12-26 03:54:07,451 - INFO - z_normalization.py:103 - Set up values | NDVI
2025-12-26 03:54:07,481 - INFO - z_normalization.py:110 - Setting up normalization ... 
2025-12-26 03:54:07,481 - INFO - z_normalization.py:114 - Setting up normalization ... done
2025-12-26 03:54:07,481 - INFO - z_normalization.py:116 - Normalizing ... 
2025-12-26 03:54:07,557 - INFO - z_normalization.py:121 - Normalizing ... done
2025-12-26 03:54:07,609 - INFO - z_normalization.py:74 - Z-Normalization | EVI
2025-12-26 03:54:07,820 - INFO - z_normalization.py:83 - Loaded baseline
2025-12-26 03:54:07,820 - INFO - z_normalization.py:86 - Set up values | EVI_mean
2025-12-26 03:54:07,851 - INFO - z_normalization.py:86 - Set up values | EVI_std
2025-12-26 03:54:08,024 - INFO - z_normalization.py:101 - Loaded composite
2025-12-26 03:54:08,024 - INFO - z_normalization.py:103 - Set up values | EVI
2025-12-26 03:54:08,053 - INFO - z_normalization.py:110 - Setting up normalization ... 
2025-12-26 03:54:08,053 - INFO - z_normalization.py:114 - Setting up normalization ... done
2025-12-26 03:54:08,053 - INFO - z_normalization.py:116 - Normalizing ... 
2025-12-26 03:54:08,130 - INFO - z_normalization.py:121 - Normalizing ... done
2025-12-26 03:54:08,179 - INFO - z_normalization.py:74 - Z-Normalization | PSRI2
2025-12-26 03:54:08,412 - INFO - z_normalization.py:83 - Loaded baseline
2025-12-26 03:54:08,412 - INFO - z_normalization.py:86 - Set up values | PSRI2_mean
2025-12-26 03:54:08,440 - INFO - z_normalization.py:86 - Set up values | PSRI2_std
2025-12-26 03:54:08,609 - INFO - z_normalization.py:101 - Loaded composite
2025-12-26 03:54:08,609 - INFO - z_normalization.py:103 - Set up values | PSRI2
2025-12-26 03:54:08,636 - INFO - z_normalization.py:110 - Setting up normalization ... 
2025-12-26 03:54:08,636 - INFO - z_normalization.py:114 - Setting up normalization ... done
2025-12-26 03:54:08,636 - INFO - z_normalization.py:116 - Normalizing ... 
2025-12-26 03:54:08,718 - INFO - z_normalization.py:121 - Normalizing ... done
2025-12-26 03:54:08,767 - INFO - z_normalization.py:127 - Merging into one dataset
2025-12-26 03:54:08,768 - INFO - z_normalization.py:133 - Scale and Define data types & nodata per band
2025-12-26 03:54:08,769 - INFO - z_normalization.py:145 - Assign time range and tile ID in metadata
2025-12-26 03:54:08,769 - INFO - z_normalization.py:151 - Write bands to raster COG files
2025-12-26 03:54:12,432 - INFO - z_normalization.py:164 - Write NDVI_Z -> //nas-rs.topo.auth.gr/Latomeia/DROUGHT/z_normalized/x10/y08/2025/4/01/S2L2A_znorm_x10y08_20254_NDVI_z.tif
2025-12-26 03:54:16,387 - INFO - z_normalization.py:164 - Write EVI_Z -> //nas-rs.topo.auth.gr/Latomeia/DROUGHT/z_normalized/x10/y08/2025/4/01/S2L2A_znorm_x10y08_20254_EVI_z.tif
2025-12-26 03:54:20,297 - INFO - z_normalization.py:164 - Write PSRI2_Z -> //nas-rs.topo.auth.gr/Latomeia/DROUGHT/z_normalized/x10/y08/2025/4/01/S2L2A_znorm_x10y08_20254_PSRI2_z.tif
2025-12-26 03:54:20,298 - INFO - z_normalization.py:166 - Prepare metadata YAML document
2025-12-26 03:54:20,384 - INFO - z_normalization.py:187 - Write metadata YAML document to disk
2025-12-26 03:54:20,402 - INFO - z_normalization.py:192 - Create datacube.model.Dataset from eo3 metadata
2025-12-26 03:54:20,408 - INFO - z_normalization.py:205 - Index to datacube
2025-12-26 03:54:20,408 - INFO - _datasets.py:191 - Indexing 49b22ecb-d1a6-49b7-be25-062a2c26fa15
2025-12-26 03:54:20,418 - INFO - z_normalization.py:208 - 
2025-12-26 03:54:20,418 - INFO - z_normalization.py:209 -              ✔✔✔ COMPLETED: Tile x10_y08 | Time: 2025-04 | In 0.23 minutes
2025-12-26 03:54:20,418 - INFO - z_normalization.py:210 - 
