2025-12-26 14:34:21,183 - INFO - z_normalization.py:42 - #######################################################################
2025-12-26 14:34:21,755 - INFO - z_normalization.py:56 - Starting Z-Normalization for x12_y11 | 2025-04
2025-12-26 14:34:21,756 - INFO - z_normalization.py:58 - Create directories and naming conversions
2025-12-26 14:34:21,769 - INFO - z_normalization.py:69 - Dataset location: //nas-rs.topo.auth.gr/Latomeia/DROUGHT/z_normalized/x12/y11/2025/4/01
2025-12-26 14:34:21,769 - INFO - z_normalization.py:74 - Z-Normalization | NDVI
2025-12-26 14:34:22,154 - INFO - z_normalization.py:83 - Loaded baseline
2025-12-26 14:34:22,154 - INFO - z_normalization.py:86 - Set up values | NDVI_mean
2025-12-26 14:34:22,184 - INFO - z_normalization.py:86 - Set up values | NDVI_std
2025-12-26 14:34:22,353 - INFO - z_normalization.py:101 - Loaded composite
2025-12-26 14:34:22,353 - INFO - z_normalization.py:103 - Set up values | NDVI
2025-12-26 14:34:22,382 - INFO - z_normalization.py:110 - Setting up normalization ... 
2025-12-26 14:34:22,382 - INFO - z_normalization.py:114 - Setting up normalization ... done
2025-12-26 14:34:22,382 - INFO - z_normalization.py:116 - Normalizing ... 
2025-12-26 14:34:22,461 - INFO - z_normalization.py:121 - Normalizing ... done
2025-12-26 14:34:22,516 - INFO - z_normalization.py:74 - Z-Normalization | EVI
2025-12-26 14:34:22,761 - INFO - z_normalization.py:83 - Loaded baseline
2025-12-26 14:34:22,762 - INFO - z_normalization.py:86 - Set up values | EVI_mean
2025-12-26 14:34:22,792 - INFO - z_normalization.py:86 - Set up values | EVI_std
2025-12-26 14:34:22,965 - INFO - z_normalization.py:101 - Loaded composite
2025-12-26 14:34:22,965 - INFO - z_normalization.py:103 - Set up values | EVI
2025-12-26 14:34:22,994 - INFO - z_normalization.py:110 - Setting up normalization ... 
2025-12-26 14:34:22,994 - INFO - z_normalization.py:114 - Setting up normalization ... done
2025-12-26 14:34:22,994 - INFO - z_normalization.py:116 - Normalizing ... 
2025-12-26 14:34:23,082 - INFO - z_normalization.py:121 - Normalizing ... done
2025-12-26 14:34:23,138 - INFO - z_normalization.py:74 - Z-Normalization | PSRI2
2025-12-26 14:34:23,378 - INFO - z_normalization.py:83 - Loaded baseline
2025-12-26 14:34:23,378 - INFO - z_normalization.py:86 - Set up values | PSRI2_mean
2025-12-26 14:34:23,407 - INFO - z_normalization.py:86 - Set up values | PSRI2_std
2025-12-26 14:34:23,917 - INFO - z_normalization.py:101 - Loaded composite
2025-12-26 14:34:23,917 - INFO - z_normalization.py:103 - Set up values | PSRI2
2025-12-26 14:34:23,945 - INFO - z_normalization.py:110 - Setting up normalization ... 
2025-12-26 14:34:23,945 - INFO - z_normalization.py:114 - Setting up normalization ... done
2025-12-26 14:34:23,945 - INFO - z_normalization.py:116 - Normalizing ... 
2025-12-26 14:34:24,025 - INFO - z_normalization.py:121 - Normalizing ... done
2025-12-26 14:34:24,076 - INFO - z_normalization.py:127 - Merging into one dataset
2025-12-26 14:34:24,078 - INFO - z_normalization.py:133 - Scale and Define data types & nodata per band
2025-12-26 14:34:24,079 - INFO - z_normalization.py:145 - Assign time range and tile ID in metadata
2025-12-26 14:34:24,079 - INFO - z_normalization.py:151 - Write bands to raster COG files
2025-12-26 14:34:27,745 - INFO - z_normalization.py:164 - Write NDVI_Z -> //nas-rs.topo.auth.gr/Latomeia/DROUGHT/z_normalized/x12/y11/2025/4/01/S2L2A_znorm_x12y11_20254_NDVI_z.tif
2025-12-26 14:34:31,549 - INFO - z_normalization.py:164 - Write EVI_Z -> //nas-rs.topo.auth.gr/Latomeia/DROUGHT/z_normalized/x12/y11/2025/4/01/S2L2A_znorm_x12y11_20254_EVI_z.tif
2025-12-26 14:34:35,336 - INFO - z_normalization.py:164 - Write PSRI2_Z -> //nas-rs.topo.auth.gr/Latomeia/DROUGHT/z_normalized/x12/y11/2025/4/01/S2L2A_znorm_x12y11_20254_PSRI2_z.tif
2025-12-26 14:34:35,337 - INFO - z_normalization.py:166 - Assert relative paths and product measurements are matched
2025-12-26 14:34:35,378 - INFO - z_normalization.py:172 - Prepare metadata YAML document
2025-12-26 14:34:35,473 - INFO - z_normalization.py:192 - Write metadata YAML document to disk
2025-12-26 14:34:35,495 - INFO - z_normalization.py:197 - Create datacube.model.Dataset from eo3 metadata
2025-12-26 14:34:35,501 - INFO - z_normalization.py:210 - Index to datacube
2025-12-26 14:34:35,501 - INFO - _datasets.py:191 - Indexing 5f192873-f17b-410b-94bd-9e14d2af9dc4
2025-12-26 14:34:35,510 - INFO - z_normalization.py:213 - 
2025-12-26 14:34:35,510 - INFO - z_normalization.py:214 -              ✔✔✔ COMPLETED: Tile x12_y11 | Time: 2025-04 | In 0.23 minutes
2025-12-26 14:34:35,510 - INFO - z_normalization.py:215 - 
2025-12-26 14:34:35,510 - INFO - z_normalization.py:230 - #######################################################################
