2025-12-26 12:43:28,481 - INFO - z_normalization.py:42 - #######################################################################
2025-12-26 12:43:29,155 - INFO - z_normalization.py:56 - Starting Z-Normalization for x07_y12 | 2023-12
2025-12-26 12:43:29,155 - INFO - z_normalization.py:58 - Create directories and naming conversions
2025-12-26 12:43:29,167 - INFO - z_normalization.py:69 - Dataset location: //nas-rs.topo.auth.gr/Latomeia/DROUGHT/z_normalized/x07/y12/2023/12/01
2025-12-26 12:43:29,167 - INFO - z_normalization.py:74 - Z-Normalization | NDVI
2025-12-26 12:43:29,591 - INFO - z_normalization.py:83 - Loaded baseline
2025-12-26 12:43:29,591 - INFO - z_normalization.py:86 - Set up values | NDVI_mean
2025-12-26 12:43:29,625 - INFO - z_normalization.py:86 - Set up values | NDVI_std
2025-12-26 12:43:29,823 - INFO - z_normalization.py:101 - Loaded composite
2025-12-26 12:43:29,824 - INFO - z_normalization.py:103 - Set up values | NDVI
2025-12-26 12:43:29,852 - INFO - z_normalization.py:110 - Setting up normalization ... 
2025-12-26 12:43:29,852 - INFO - z_normalization.py:114 - Setting up normalization ... done
2025-12-26 12:43:29,852 - INFO - z_normalization.py:116 - Normalizing ... 
2025-12-26 12:43:29,934 - INFO - z_normalization.py:121 - Normalizing ... done
2025-12-26 12:43:29,991 - INFO - z_normalization.py:74 - Z-Normalization | EVI
2025-12-26 12:43:30,246 - INFO - z_normalization.py:83 - Loaded baseline
2025-12-26 12:43:30,246 - INFO - z_normalization.py:86 - Set up values | EVI_mean
2025-12-26 12:43:30,274 - INFO - z_normalization.py:86 - Set up values | EVI_std
2025-12-26 12:43:30,457 - INFO - z_normalization.py:101 - Loaded composite
2025-12-26 12:43:30,457 - INFO - z_normalization.py:103 - Set up values | EVI
2025-12-26 12:43:30,485 - INFO - z_normalization.py:110 - Setting up normalization ... 
2025-12-26 12:43:30,486 - INFO - z_normalization.py:114 - Setting up normalization ... done
2025-12-26 12:43:30,486 - INFO - z_normalization.py:116 - Normalizing ... 
2025-12-26 12:43:30,561 - INFO - z_normalization.py:121 - Normalizing ... done
2025-12-26 12:43:30,614 - INFO - z_normalization.py:74 - Z-Normalization | PSRI2
2025-12-26 12:43:30,852 - INFO - z_normalization.py:83 - Loaded baseline
2025-12-26 12:43:30,853 - INFO - z_normalization.py:86 - Set up values | PSRI2_mean
2025-12-26 12:43:30,882 - INFO - z_normalization.py:86 - Set up values | PSRI2_std
2025-12-26 12:43:31,051 - INFO - z_normalization.py:101 - Loaded composite
2025-12-26 12:43:31,051 - INFO - z_normalization.py:103 - Set up values | PSRI2
2025-12-26 12:43:31,085 - INFO - z_normalization.py:110 - Setting up normalization ... 
2025-12-26 12:43:31,086 - INFO - z_normalization.py:114 - Setting up normalization ... done
2025-12-26 12:43:31,086 - INFO - z_normalization.py:116 - Normalizing ... 
2025-12-26 12:43:31,180 - INFO - z_normalization.py:121 - Normalizing ... done
2025-12-26 12:43:31,236 - INFO - z_normalization.py:127 - Merging into one dataset
2025-12-26 12:43:31,237 - INFO - z_normalization.py:133 - Scale and Define data types & nodata per band
2025-12-26 12:43:31,238 - INFO - z_normalization.py:145 - Assign time range and tile ID in metadata
2025-12-26 12:43:31,238 - INFO - z_normalization.py:151 - Write bands to raster COG files
2025-12-26 12:43:34,883 - INFO - z_normalization.py:164 - Write NDVI_Z -> //nas-rs.topo.auth.gr/Latomeia/DROUGHT/z_normalized/x07/y12/2023/12/01/S2L2A_znorm_x07y12_202312_NDVI_z.tif
2025-12-26 12:43:38,570 - INFO - z_normalization.py:164 - Write EVI_Z -> //nas-rs.topo.auth.gr/Latomeia/DROUGHT/z_normalized/x07/y12/2023/12/01/S2L2A_znorm_x07y12_202312_EVI_z.tif
2025-12-26 12:43:42,175 - INFO - z_normalization.py:164 - Write PSRI2_Z -> //nas-rs.topo.auth.gr/Latomeia/DROUGHT/z_normalized/x07/y12/2023/12/01/S2L2A_znorm_x07y12_202312_PSRI2_z.tif
2025-12-26 12:43:42,175 - INFO - z_normalization.py:166 - Assert relative paths and product measurements are matched
2025-12-26 12:43:42,216 - INFO - z_normalization.py:172 - Prepare metadata YAML document
2025-12-26 12:43:42,306 - INFO - z_normalization.py:192 - Write metadata YAML document to disk
2025-12-26 12:43:42,327 - INFO - z_normalization.py:197 - Create datacube.model.Dataset from eo3 metadata
2025-12-26 12:43:42,331 - INFO - z_normalization.py:210 - Index to datacube
2025-12-26 12:43:42,331 - INFO - _datasets.py:191 - Indexing fddc12da-df6c-4940-891d-f7cfe6c93bd7
2025-12-26 12:43:42,341 - INFO - z_normalization.py:213 - 
2025-12-26 12:43:42,341 - INFO - z_normalization.py:214 -              ✔✔✔ COMPLETED: Tile x07_y12 | Time: 2023-12 | In 0.22 minutes
2025-12-26 12:43:42,341 - INFO - z_normalization.py:215 - 
2025-12-26 12:43:42,341 - INFO - z_normalization.py:230 - #######################################################################
