2025-12-26 14:15:54,443 - INFO - z_normalization.py:42 - #######################################################################
2025-12-26 14:15:54,978 - INFO - z_normalization.py:56 - Starting Z-Normalization for x08_y10 | 2025-02
2025-12-26 14:15:54,978 - INFO - z_normalization.py:58 - Create directories and naming conversions
2025-12-26 14:15:54,989 - INFO - z_normalization.py:69 - Dataset location: //nas-rs.topo.auth.gr/Latomeia/DROUGHT/z_normalized/x08/y10/2025/2/01
2025-12-26 14:15:54,989 - INFO - z_normalization.py:74 - Z-Normalization | NDVI
2025-12-26 14:15:55,365 - INFO - z_normalization.py:83 - Loaded baseline
2025-12-26 14:15:55,365 - INFO - z_normalization.py:86 - Set up values | NDVI_mean
2025-12-26 14:15:55,396 - INFO - z_normalization.py:86 - Set up values | NDVI_std
2025-12-26 14:15:55,569 - INFO - z_normalization.py:101 - Loaded composite
2025-12-26 14:15:55,569 - INFO - z_normalization.py:103 - Set up values | NDVI
2025-12-26 14:15:55,599 - INFO - z_normalization.py:110 - Setting up normalization ... 
2025-12-26 14:15:55,599 - INFO - z_normalization.py:114 - Setting up normalization ... done
2025-12-26 14:15:55,599 - INFO - z_normalization.py:116 - Normalizing ... 
2025-12-26 14:15:55,678 - INFO - z_normalization.py:121 - Normalizing ... done
2025-12-26 14:15:55,728 - INFO - z_normalization.py:74 - Z-Normalization | EVI
2025-12-26 14:15:55,998 - INFO - z_normalization.py:83 - Loaded baseline
2025-12-26 14:15:55,999 - INFO - z_normalization.py:86 - Set up values | EVI_mean
2025-12-26 14:15:56,034 - INFO - z_normalization.py:86 - Set up values | EVI_std
2025-12-26 14:15:56,219 - INFO - z_normalization.py:101 - Loaded composite
2025-12-26 14:15:56,219 - INFO - z_normalization.py:103 - Set up values | EVI
2025-12-26 14:15:56,247 - INFO - z_normalization.py:110 - Setting up normalization ... 
2025-12-26 14:15:56,247 - INFO - z_normalization.py:114 - Setting up normalization ... done
2025-12-26 14:15:56,247 - INFO - z_normalization.py:116 - Normalizing ... 
2025-12-26 14:15:56,327 - INFO - z_normalization.py:121 - Normalizing ... done
2025-12-26 14:15:56,376 - INFO - z_normalization.py:74 - Z-Normalization | PSRI2
2025-12-26 14:15:56,596 - INFO - z_normalization.py:83 - Loaded baseline
2025-12-26 14:15:56,596 - INFO - z_normalization.py:86 - Set up values | PSRI2_mean
2025-12-26 14:15:56,629 - INFO - z_normalization.py:86 - Set up values | PSRI2_std
2025-12-26 14:15:56,775 - INFO - z_normalization.py:101 - Loaded composite
2025-12-26 14:15:56,776 - INFO - z_normalization.py:103 - Set up values | PSRI2
2025-12-26 14:15:56,803 - INFO - z_normalization.py:110 - Setting up normalization ... 
2025-12-26 14:15:56,803 - INFO - z_normalization.py:114 - Setting up normalization ... done
2025-12-26 14:15:56,803 - INFO - z_normalization.py:116 - Normalizing ... 
2025-12-26 14:15:56,880 - INFO - z_normalization.py:121 - Normalizing ... done
2025-12-26 14:15:56,931 - INFO - z_normalization.py:127 - Merging into one dataset
2025-12-26 14:15:56,932 - INFO - z_normalization.py:133 - Scale and Define data types & nodata per band
2025-12-26 14:15:56,933 - INFO - z_normalization.py:145 - Assign time range and tile ID in metadata
2025-12-26 14:15:56,933 - INFO - z_normalization.py:151 - Write bands to raster COG files
2025-12-26 14:16:00,619 - INFO - z_normalization.py:164 - Write NDVI_Z -> //nas-rs.topo.auth.gr/Latomeia/DROUGHT/z_normalized/x08/y10/2025/2/01/S2L2A_znorm_x08y10_20252_NDVI_z.tif
2025-12-26 14:16:04,280 - INFO - z_normalization.py:164 - Write EVI_Z -> //nas-rs.topo.auth.gr/Latomeia/DROUGHT/z_normalized/x08/y10/2025/2/01/S2L2A_znorm_x08y10_20252_EVI_z.tif
2025-12-26 14:16:07,873 - INFO - z_normalization.py:164 - Write PSRI2_Z -> //nas-rs.topo.auth.gr/Latomeia/DROUGHT/z_normalized/x08/y10/2025/2/01/S2L2A_znorm_x08y10_20252_PSRI2_z.tif
2025-12-26 14:16:07,873 - INFO - z_normalization.py:166 - Assert relative paths and product measurements are matched
2025-12-26 14:16:07,914 - INFO - z_normalization.py:172 - Prepare metadata YAML document
2025-12-26 14:16:08,006 - INFO - z_normalization.py:192 - Write metadata YAML document to disk
2025-12-26 14:16:08,026 - INFO - z_normalization.py:197 - Create datacube.model.Dataset from eo3 metadata
2025-12-26 14:16:08,030 - INFO - z_normalization.py:210 - Index to datacube
2025-12-26 14:16:08,030 - INFO - _datasets.py:191 - Indexing 18b935a2-cd67-4771-950f-28d199e46fd7
2025-12-26 14:16:08,038 - INFO - z_normalization.py:213 - 
2025-12-26 14:16:08,038 - INFO - z_normalization.py:214 -              ✔✔✔ COMPLETED: Tile x08_y10 | Time: 2025-02 | In 0.22 minutes
2025-12-26 14:16:08,038 - INFO - z_normalization.py:215 - 
2025-12-26 14:16:08,038 - INFO - z_normalization.py:230 - #######################################################################
