2025-12-26 13:59:47,707 - INFO - z_normalization.py:42 - #######################################################################
2025-12-26 13:59:48,308 - INFO - z_normalization.py:56 - Starting Z-Normalization for x11_y08 | 2024-11
2025-12-26 13:59:48,308 - INFO - z_normalization.py:58 - Create directories and naming conversions
2025-12-26 13:59:48,319 - INFO - z_normalization.py:69 - Dataset location: //nas-rs.topo.auth.gr/Latomeia/DROUGHT/z_normalized/x11/y08/2024/11/01
2025-12-26 13:59:48,319 - INFO - z_normalization.py:74 - Z-Normalization | NDVI
2025-12-26 13:59:48,613 - INFO - z_normalization.py:83 - Loaded baseline
2025-12-26 13:59:48,613 - INFO - z_normalization.py:86 - Set up values | NDVI_mean
2025-12-26 13:59:48,644 - INFO - z_normalization.py:86 - Set up values | NDVI_std
2025-12-26 13:59:48,786 - INFO - z_normalization.py:101 - Loaded composite
2025-12-26 13:59:48,786 - INFO - z_normalization.py:103 - Set up values | NDVI
2025-12-26 13:59:48,814 - INFO - z_normalization.py:110 - Setting up normalization ... 
2025-12-26 13:59:48,814 - INFO - z_normalization.py:114 - Setting up normalization ... done
2025-12-26 13:59:48,814 - INFO - z_normalization.py:116 - Normalizing ... 
2025-12-26 13:59:48,898 - INFO - z_normalization.py:121 - Normalizing ... done
2025-12-26 13:59:48,948 - INFO - z_normalization.py:74 - Z-Normalization | EVI
2025-12-26 13:59:49,173 - INFO - z_normalization.py:83 - Loaded baseline
2025-12-26 13:59:49,173 - INFO - z_normalization.py:86 - Set up values | EVI_mean
2025-12-26 13:59:49,205 - INFO - z_normalization.py:86 - Set up values | EVI_std
2025-12-26 13:59:49,381 - INFO - z_normalization.py:101 - Loaded composite
2025-12-26 13:59:49,381 - INFO - z_normalization.py:103 - Set up values | EVI
2025-12-26 13:59:49,411 - INFO - z_normalization.py:110 - Setting up normalization ... 
2025-12-26 13:59:49,411 - INFO - z_normalization.py:114 - Setting up normalization ... done
2025-12-26 13:59:49,411 - INFO - z_normalization.py:116 - Normalizing ... 
2025-12-26 13:59:49,492 - INFO - z_normalization.py:121 - Normalizing ... done
2025-12-26 13:59:49,549 - INFO - z_normalization.py:74 - Z-Normalization | PSRI2
2025-12-26 13:59:49,795 - INFO - z_normalization.py:83 - Loaded baseline
2025-12-26 13:59:49,796 - INFO - z_normalization.py:86 - Set up values | PSRI2_mean
2025-12-26 13:59:49,824 - INFO - z_normalization.py:86 - Set up values | PSRI2_std
2025-12-26 13:59:49,983 - INFO - z_normalization.py:101 - Loaded composite
2025-12-26 13:59:49,983 - INFO - z_normalization.py:103 - Set up values | PSRI2
2025-12-26 13:59:50,017 - INFO - z_normalization.py:110 - Setting up normalization ... 
2025-12-26 13:59:50,017 - INFO - z_normalization.py:114 - Setting up normalization ... done
2025-12-26 13:59:50,017 - INFO - z_normalization.py:116 - Normalizing ... 
2025-12-26 13:59:50,104 - INFO - z_normalization.py:121 - Normalizing ... done
2025-12-26 13:59:50,159 - INFO - z_normalization.py:127 - Merging into one dataset
2025-12-26 13:59:50,160 - INFO - z_normalization.py:133 - Scale and Define data types & nodata per band
2025-12-26 13:59:50,162 - INFO - z_normalization.py:145 - Assign time range and tile ID in metadata
2025-12-26 13:59:50,162 - INFO - z_normalization.py:151 - Write bands to raster COG files
2025-12-26 13:59:53,739 - INFO - z_normalization.py:164 - Write NDVI_Z -> //nas-rs.topo.auth.gr/Latomeia/DROUGHT/z_normalized/x11/y08/2024/11/01/S2L2A_znorm_x11y08_202411_NDVI_z.tif
2025-12-26 13:59:57,509 - INFO - z_normalization.py:164 - Write EVI_Z -> //nas-rs.topo.auth.gr/Latomeia/DROUGHT/z_normalized/x11/y08/2024/11/01/S2L2A_znorm_x11y08_202411_EVI_z.tif
2025-12-26 14:00:01,066 - INFO - z_normalization.py:164 - Write PSRI2_Z -> //nas-rs.topo.auth.gr/Latomeia/DROUGHT/z_normalized/x11/y08/2024/11/01/S2L2A_znorm_x11y08_202411_PSRI2_z.tif
2025-12-26 14:00:01,066 - INFO - z_normalization.py:166 - Assert relative paths and product measurements are matched
2025-12-26 14:00:01,109 - INFO - z_normalization.py:172 - Prepare metadata YAML document
2025-12-26 14:00:01,228 - INFO - z_normalization.py:192 - Write metadata YAML document to disk
2025-12-26 14:00:01,251 - INFO - z_normalization.py:197 - Create datacube.model.Dataset from eo3 metadata
2025-12-26 14:00:01,256 - INFO - z_normalization.py:210 - Index to datacube
2025-12-26 14:00:01,256 - INFO - _datasets.py:191 - Indexing db0b1890-0856-4728-ad9e-41b1655e26b5
2025-12-26 14:00:01,263 - INFO - z_normalization.py:213 - 
2025-12-26 14:00:01,263 - INFO - z_normalization.py:214 -              ✔✔✔ COMPLETED: Tile x11_y08 | Time: 2024-11 | In 0.22 minutes
2025-12-26 14:00:01,263 - INFO - z_normalization.py:215 - 
2025-12-26 14:00:01,263 - INFO - z_normalization.py:230 - #######################################################################
