2025-12-26 04:36:12,830 - INFO - z_normalization.py:42 - #######################################################################
2025-12-26 04:36:13,486 - INFO - z_normalization.py:56 - Starting Z-Normalization for x07_y11 | 2025-11
2025-12-26 04:36:13,487 - INFO - z_normalization.py:58 - Create directories and naming conversions
2025-12-26 04:36:13,500 - INFO - z_normalization.py:69 - Dataset location: //nas-rs.topo.auth.gr/Latomeia/DROUGHT/z_normalized/x07/y11/2025/11/01
2025-12-26 04:36:13,500 - INFO - z_normalization.py:74 - Z-Normalization | NDVI
2025-12-26 04:36:13,902 - INFO - z_normalization.py:83 - Loaded baseline
2025-12-26 04:36:13,902 - INFO - z_normalization.py:86 - Set up values | NDVI_mean
2025-12-26 04:36:13,931 - INFO - z_normalization.py:86 - Set up values | NDVI_std
2025-12-26 04:36:14,120 - INFO - z_normalization.py:101 - Loaded composite
2025-12-26 04:36:14,120 - INFO - z_normalization.py:103 - Set up values | NDVI
2025-12-26 04:36:14,154 - INFO - z_normalization.py:110 - Setting up normalization ... 
2025-12-26 04:36:14,154 - INFO - z_normalization.py:114 - Setting up normalization ... done
2025-12-26 04:36:14,154 - INFO - z_normalization.py:116 - Normalizing ... 
2025-12-26 04:36:14,239 - INFO - z_normalization.py:121 - Normalizing ... done
2025-12-26 04:36:14,299 - INFO - z_normalization.py:74 - Z-Normalization | EVI
2025-12-26 04:36:14,547 - INFO - z_normalization.py:83 - Loaded baseline
2025-12-26 04:36:14,547 - INFO - z_normalization.py:86 - Set up values | EVI_mean
2025-12-26 04:36:14,590 - INFO - z_normalization.py:86 - Set up values | EVI_std
2025-12-26 04:36:14,774 - INFO - z_normalization.py:101 - Loaded composite
2025-12-26 04:36:14,774 - INFO - z_normalization.py:103 - Set up values | EVI
2025-12-26 04:36:14,804 - INFO - z_normalization.py:110 - Setting up normalization ... 
2025-12-26 04:36:14,804 - INFO - z_normalization.py:114 - Setting up normalization ... done
2025-12-26 04:36:14,804 - INFO - z_normalization.py:116 - Normalizing ... 
2025-12-26 04:36:14,881 - INFO - z_normalization.py:121 - Normalizing ... done
2025-12-26 04:36:14,930 - INFO - z_normalization.py:74 - Z-Normalization | PSRI2
2025-12-26 04:36:15,579 - INFO - z_normalization.py:83 - Loaded baseline
2025-12-26 04:36:15,579 - INFO - z_normalization.py:86 - Set up values | PSRI2_mean
2025-12-26 04:36:15,608 - INFO - z_normalization.py:86 - Set up values | PSRI2_std
2025-12-26 04:36:15,756 - INFO - z_normalization.py:101 - Loaded composite
2025-12-26 04:36:15,756 - INFO - z_normalization.py:103 - Set up values | PSRI2
2025-12-26 04:36:15,788 - INFO - z_normalization.py:110 - Setting up normalization ... 
2025-12-26 04:36:15,788 - INFO - z_normalization.py:114 - Setting up normalization ... done
2025-12-26 04:36:15,788 - INFO - z_normalization.py:116 - Normalizing ... 
2025-12-26 04:36:15,868 - INFO - z_normalization.py:121 - Normalizing ... done
2025-12-26 04:36:15,917 - INFO - z_normalization.py:127 - Merging into one dataset
2025-12-26 04:36:15,919 - INFO - z_normalization.py:133 - Scale and Define data types & nodata per band
2025-12-26 04:36:15,920 - INFO - z_normalization.py:145 - Assign time range and tile ID in metadata
2025-12-26 04:36:15,920 - INFO - z_normalization.py:151 - Write bands to raster COG files
2025-12-26 04:36:19,595 - INFO - z_normalization.py:164 - Write NDVI_Z -> //nas-rs.topo.auth.gr/Latomeia/DROUGHT/z_normalized/x07/y11/2025/11/01/S2L2A_znorm_x07y11_202511_NDVI_z.tif
2025-12-26 04:36:23,265 - INFO - z_normalization.py:164 - Write EVI_Z -> //nas-rs.topo.auth.gr/Latomeia/DROUGHT/z_normalized/x07/y11/2025/11/01/S2L2A_znorm_x07y11_202511_EVI_z.tif
2025-12-26 04:36:26,874 - INFO - z_normalization.py:164 - Write PSRI2_Z -> //nas-rs.topo.auth.gr/Latomeia/DROUGHT/z_normalized/x07/y11/2025/11/01/S2L2A_znorm_x07y11_202511_PSRI2_z.tif
2025-12-26 04:36:26,874 - INFO - z_normalization.py:166 - Prepare metadata YAML document
2025-12-26 04:36:26,967 - INFO - z_normalization.py:187 - Write metadata YAML document to disk
2025-12-26 04:36:26,987 - INFO - z_normalization.py:192 - Create datacube.model.Dataset from eo3 metadata
2025-12-26 04:36:26,991 - INFO - z_normalization.py:205 - Index to datacube
2025-12-26 04:36:26,991 - INFO - _datasets.py:191 - Indexing ec94d814-6848-41ab-8d53-e6b06613d2f3
2025-12-26 04:36:26,999 - INFO - z_normalization.py:208 - 
2025-12-26 04:36:26,999 - INFO - z_normalization.py:209 -              ✔✔✔ COMPLETED: Tile x07_y11 | Time: 2025-11 | In 0.23 minutes
2025-12-26 04:36:26,999 - INFO - z_normalization.py:210 - 
