2025-12-26 14:19:28,359 - INFO - z_normalization.py:42 - #######################################################################
2025-12-26 14:19:28,907 - INFO - z_normalization.py:56 - Starting Z-Normalization for x10_y10 | 2025-02
2025-12-26 14:19:28,908 - INFO - z_normalization.py:58 - Create directories and naming conversions
2025-12-26 14:19:28,918 - INFO - z_normalization.py:69 - Dataset location: //nas-rs.topo.auth.gr/Latomeia/DROUGHT/z_normalized/x10/y10/2025/2/01
2025-12-26 14:19:28,918 - INFO - z_normalization.py:74 - Z-Normalization | NDVI
2025-12-26 14:19:29,269 - INFO - z_normalization.py:83 - Loaded baseline
2025-12-26 14:19:29,269 - INFO - z_normalization.py:86 - Set up values | NDVI_mean
2025-12-26 14:19:29,301 - INFO - z_normalization.py:86 - Set up values | NDVI_std
2025-12-26 14:19:29,473 - INFO - z_normalization.py:101 - Loaded composite
2025-12-26 14:19:29,473 - INFO - z_normalization.py:103 - Set up values | NDVI
2025-12-26 14:19:29,503 - INFO - z_normalization.py:110 - Setting up normalization ... 
2025-12-26 14:19:29,503 - INFO - z_normalization.py:114 - Setting up normalization ... done
2025-12-26 14:19:29,503 - INFO - z_normalization.py:116 - Normalizing ... 
2025-12-26 14:19:29,586 - INFO - z_normalization.py:121 - Normalizing ... done
2025-12-26 14:19:29,635 - INFO - z_normalization.py:74 - Z-Normalization | EVI
2025-12-26 14:19:29,887 - INFO - z_normalization.py:83 - Loaded baseline
2025-12-26 14:19:29,888 - INFO - z_normalization.py:86 - Set up values | EVI_mean
2025-12-26 14:19:29,921 - INFO - z_normalization.py:86 - Set up values | EVI_std
2025-12-26 14:19:30,096 - INFO - z_normalization.py:101 - Loaded composite
2025-12-26 14:19:30,096 - INFO - z_normalization.py:103 - Set up values | EVI
2025-12-26 14:19:30,126 - INFO - z_normalization.py:110 - Setting up normalization ... 
2025-12-26 14:19:30,126 - INFO - z_normalization.py:114 - Setting up normalization ... done
2025-12-26 14:19:30,126 - INFO - z_normalization.py:116 - Normalizing ... 
2025-12-26 14:19:30,206 - INFO - z_normalization.py:121 - Normalizing ... done
2025-12-26 14:19:30,264 - INFO - z_normalization.py:74 - Z-Normalization | PSRI2
2025-12-26 14:19:30,497 - INFO - z_normalization.py:83 - Loaded baseline
2025-12-26 14:19:30,497 - INFO - z_normalization.py:86 - Set up values | PSRI2_mean
2025-12-26 14:19:30,526 - INFO - z_normalization.py:86 - Set up values | PSRI2_std
2025-12-26 14:19:30,661 - INFO - z_normalization.py:101 - Loaded composite
2025-12-26 14:19:30,661 - INFO - z_normalization.py:103 - Set up values | PSRI2
2025-12-26 14:19:30,709 - INFO - z_normalization.py:110 - Setting up normalization ... 
2025-12-26 14:19:30,710 - INFO - z_normalization.py:114 - Setting up normalization ... done
2025-12-26 14:19:30,710 - INFO - z_normalization.py:116 - Normalizing ... 
2025-12-26 14:19:30,791 - INFO - z_normalization.py:121 - Normalizing ... done
2025-12-26 14:19:30,846 - INFO - z_normalization.py:127 - Merging into one dataset
2025-12-26 14:19:30,847 - INFO - z_normalization.py:133 - Scale and Define data types & nodata per band
2025-12-26 14:19:30,849 - INFO - z_normalization.py:145 - Assign time range and tile ID in metadata
2025-12-26 14:19:30,849 - INFO - z_normalization.py:151 - Write bands to raster COG files
2025-12-26 14:19:34,589 - INFO - z_normalization.py:164 - Write NDVI_Z -> //nas-rs.topo.auth.gr/Latomeia/DROUGHT/z_normalized/x10/y10/2025/2/01/S2L2A_znorm_x10y10_20252_NDVI_z.tif
2025-12-26 14:19:38,817 - INFO - z_normalization.py:164 - Write EVI_Z -> //nas-rs.topo.auth.gr/Latomeia/DROUGHT/z_normalized/x10/y10/2025/2/01/S2L2A_znorm_x10y10_20252_EVI_z.tif
2025-12-26 14:19:42,295 - INFO - z_normalization.py:164 - Write PSRI2_Z -> //nas-rs.topo.auth.gr/Latomeia/DROUGHT/z_normalized/x10/y10/2025/2/01/S2L2A_znorm_x10y10_20252_PSRI2_z.tif
2025-12-26 14:19:42,296 - INFO - z_normalization.py:166 - Assert relative paths and product measurements are matched
2025-12-26 14:19:42,364 - INFO - z_normalization.py:172 - Prepare metadata YAML document
2025-12-26 14:19:42,517 - INFO - z_normalization.py:192 - Write metadata YAML document to disk
2025-12-26 14:19:42,539 - INFO - z_normalization.py:197 - Create datacube.model.Dataset from eo3 metadata
2025-12-26 14:19:42,545 - INFO - z_normalization.py:210 - Index to datacube
2025-12-26 14:19:42,545 - INFO - _datasets.py:191 - Indexing cac8318e-98f1-4ab8-ab90-e88c4b32ca5b
2025-12-26 14:19:42,556 - INFO - z_normalization.py:213 - 
2025-12-26 14:19:42,556 - INFO - z_normalization.py:214 -              ✔✔✔ COMPLETED: Tile x10_y10 | Time: 2025-02 | In 0.23 minutes
2025-12-26 14:19:42,556 - INFO - z_normalization.py:215 - 
2025-12-26 14:19:42,556 - INFO - z_normalization.py:230 - #######################################################################
