2025-12-26 03:40:21,220 - INFO - z_normalization.py:42 - #######################################################################
2025-12-26 03:40:21,780 - INFO - z_normalization.py:56 - Starting Z-Normalization for x09_y08 | 2025-02
2025-12-26 03:40:21,780 - INFO - z_normalization.py:58 - Create directories and naming conversions
2025-12-26 03:40:21,792 - INFO - z_normalization.py:69 - Dataset location: //nas-rs.topo.auth.gr/Latomeia/DROUGHT/z_normalized/x09/y08/2025/2/01
2025-12-26 03:40:21,793 - INFO - z_normalization.py:74 - Z-Normalization | NDVI
2025-12-26 03:40:22,176 - INFO - z_normalization.py:83 - Loaded baseline
2025-12-26 03:40:22,176 - INFO - z_normalization.py:86 - Set up values | NDVI_mean
2025-12-26 03:40:22,204 - INFO - z_normalization.py:86 - Set up values | NDVI_std
2025-12-26 03:40:22,403 - INFO - z_normalization.py:101 - Loaded composite
2025-12-26 03:40:22,404 - INFO - z_normalization.py:103 - Set up values | NDVI
2025-12-26 03:40:22,432 - INFO - z_normalization.py:110 - Setting up normalization ... 
2025-12-26 03:40:22,432 - INFO - z_normalization.py:114 - Setting up normalization ... done
2025-12-26 03:40:22,432 - INFO - z_normalization.py:116 - Normalizing ... 
2025-12-26 03:40:22,508 - INFO - z_normalization.py:121 - Normalizing ... done
2025-12-26 03:40:22,558 - INFO - z_normalization.py:74 - Z-Normalization | EVI
2025-12-26 03:40:22,871 - INFO - z_normalization.py:83 - Loaded baseline
2025-12-26 03:40:22,872 - INFO - z_normalization.py:86 - Set up values | EVI_mean
2025-12-26 03:40:22,900 - INFO - z_normalization.py:86 - Set up values | EVI_std
2025-12-26 03:40:23,076 - INFO - z_normalization.py:101 - Loaded composite
2025-12-26 03:40:23,076 - INFO - z_normalization.py:103 - Set up values | EVI
2025-12-26 03:40:23,104 - INFO - z_normalization.py:110 - Setting up normalization ... 
2025-12-26 03:40:23,104 - INFO - z_normalization.py:114 - Setting up normalization ... done
2025-12-26 03:40:23,104 - INFO - z_normalization.py:116 - Normalizing ... 
2025-12-26 03:40:23,182 - INFO - z_normalization.py:121 - Normalizing ... done
2025-12-26 03:40:23,230 - INFO - z_normalization.py:74 - Z-Normalization | PSRI2
2025-12-26 03:40:23,482 - INFO - z_normalization.py:83 - Loaded baseline
2025-12-26 03:40:23,482 - INFO - z_normalization.py:86 - Set up values | PSRI2_mean
2025-12-26 03:40:23,516 - INFO - z_normalization.py:86 - Set up values | PSRI2_std
2025-12-26 03:40:23,675 - INFO - z_normalization.py:101 - Loaded composite
2025-12-26 03:40:23,675 - INFO - z_normalization.py:103 - Set up values | PSRI2
2025-12-26 03:40:23,703 - INFO - z_normalization.py:110 - Setting up normalization ... 
2025-12-26 03:40:23,703 - INFO - z_normalization.py:114 - Setting up normalization ... done
2025-12-26 03:40:23,703 - INFO - z_normalization.py:116 - Normalizing ... 
2025-12-26 03:40:23,783 - INFO - z_normalization.py:121 - Normalizing ... done
2025-12-26 03:40:23,832 - INFO - z_normalization.py:127 - Merging into one dataset
2025-12-26 03:40:23,833 - INFO - z_normalization.py:133 - Scale and Define data types & nodata per band
2025-12-26 03:40:23,835 - INFO - z_normalization.py:145 - Assign time range and tile ID in metadata
2025-12-26 03:40:23,835 - INFO - z_normalization.py:151 - Write bands to raster COG files
2025-12-26 03:40:27,489 - INFO - z_normalization.py:164 - Write NDVI_Z -> //nas-rs.topo.auth.gr/Latomeia/DROUGHT/z_normalized/x09/y08/2025/2/01/S2L2A_znorm_x09y08_20252_NDVI_z.tif
2025-12-26 03:40:31,123 - INFO - z_normalization.py:164 - Write EVI_Z -> //nas-rs.topo.auth.gr/Latomeia/DROUGHT/z_normalized/x09/y08/2025/2/01/S2L2A_znorm_x09y08_20252_EVI_z.tif
2025-12-26 03:40:34,723 - INFO - z_normalization.py:164 - Write PSRI2_Z -> //nas-rs.topo.auth.gr/Latomeia/DROUGHT/z_normalized/x09/y08/2025/2/01/S2L2A_znorm_x09y08_20252_PSRI2_z.tif
2025-12-26 03:40:34,723 - INFO - z_normalization.py:166 - Prepare metadata YAML document
2025-12-26 03:40:34,812 - INFO - z_normalization.py:187 - Write metadata YAML document to disk
2025-12-26 03:40:34,833 - INFO - z_normalization.py:192 - Create datacube.model.Dataset from eo3 metadata
2025-12-26 03:40:34,838 - INFO - z_normalization.py:205 - Index to datacube
2025-12-26 03:40:34,838 - INFO - _datasets.py:191 - Indexing b033040f-80fd-4ece-9f7e-d849c92baec1
2025-12-26 03:40:34,847 - INFO - z_normalization.py:208 - 
2025-12-26 03:40:34,847 - INFO - z_normalization.py:209 -              ✔✔✔ COMPLETED: Tile x09_y08 | Time: 2025-02 | In 0.22 minutes
2025-12-26 03:40:34,847 - INFO - z_normalization.py:210 - 
