2025-12-26 01:06:58,959 - INFO - z_normalization.py:42 - #######################################################################
2025-12-26 01:06:59,504 - INFO - z_normalization.py:56 - Starting Z-Normalization for x09_y07 | 2023-08
2025-12-26 01:06:59,504 - INFO - z_normalization.py:58 - Create directories and naming conversions
2025-12-26 01:06:59,513 - INFO - z_normalization.py:69 - Dataset location: //nas-rs.topo.auth.gr/Latomeia/DROUGHT/z_normalized/x09/y07/2023/8/01
2025-12-26 01:06:59,513 - INFO - z_normalization.py:74 - Z-Normalization | NDVI
2025-12-26 01:06:59,851 - INFO - z_normalization.py:83 - Loaded baseline
2025-12-26 01:06:59,851 - INFO - z_normalization.py:86 - Set up values | NDVI_mean
2025-12-26 01:06:59,883 - INFO - z_normalization.py:86 - Set up values | NDVI_std
2025-12-26 01:07:00,060 - INFO - z_normalization.py:101 - Loaded composite
2025-12-26 01:07:00,061 - INFO - z_normalization.py:103 - Set up values | NDVI
2025-12-26 01:07:00,092 - INFO - z_normalization.py:110 - Setting up normalization ... 
2025-12-26 01:07:00,092 - INFO - z_normalization.py:114 - Setting up normalization ... done
2025-12-26 01:07:00,092 - INFO - z_normalization.py:116 - Normalizing ... 
2025-12-26 01:07:00,187 - INFO - z_normalization.py:121 - Normalizing ... done
2025-12-26 01:07:00,252 - INFO - z_normalization.py:74 - Z-Normalization | EVI
2025-12-26 01:07:00,453 - INFO - z_normalization.py:83 - Loaded baseline
2025-12-26 01:07:00,454 - INFO - z_normalization.py:86 - Set up values | EVI_mean
2025-12-26 01:07:00,486 - INFO - z_normalization.py:86 - Set up values | EVI_std
2025-12-26 01:07:00,645 - INFO - z_normalization.py:101 - Loaded composite
2025-12-26 01:07:00,645 - INFO - z_normalization.py:103 - Set up values | EVI
2025-12-26 01:07:00,674 - INFO - z_normalization.py:110 - Setting up normalization ... 
2025-12-26 01:07:00,675 - INFO - z_normalization.py:114 - Setting up normalization ... done
2025-12-26 01:07:00,675 - INFO - z_normalization.py:116 - Normalizing ... 
2025-12-26 01:07:00,769 - INFO - z_normalization.py:121 - Normalizing ... done
2025-12-26 01:07:00,820 - INFO - z_normalization.py:74 - Z-Normalization | PSRI2
2025-12-26 01:07:01,023 - INFO - z_normalization.py:83 - Loaded baseline
2025-12-26 01:07:01,024 - INFO - z_normalization.py:86 - Set up values | PSRI2_mean
2025-12-26 01:07:01,053 - INFO - z_normalization.py:86 - Set up values | PSRI2_std
2025-12-26 01:07:01,245 - INFO - z_normalization.py:101 - Loaded composite
2025-12-26 01:07:01,245 - INFO - z_normalization.py:103 - Set up values | PSRI2
2025-12-26 01:07:01,274 - INFO - z_normalization.py:110 - Setting up normalization ... 
2025-12-26 01:07:01,274 - INFO - z_normalization.py:114 - Setting up normalization ... done
2025-12-26 01:07:01,274 - INFO - z_normalization.py:116 - Normalizing ... 
2025-12-26 01:07:01,356 - INFO - z_normalization.py:121 - Normalizing ... done
2025-12-26 01:07:01,412 - INFO - z_normalization.py:127 - Merging into one dataset
2025-12-26 01:07:01,414 - INFO - z_normalization.py:132 - Scale and Define data types & nodata per band
2025-12-26 01:07:01,415 - INFO - z_normalization.py:144 - Assign time range and tile ID in metadata
2025-12-26 01:07:01,415 - INFO - z_normalization.py:150 - Write bands to raster COG files
2025-12-26 01:07:05,651 - INFO - z_normalization.py:163 - Write NDVI_Z -> //nas-rs.topo.auth.gr/Latomeia/DROUGHT/z_normalized/x09/y07/2023/8/01/S2L2A_znorm_x09y07_20238_NDVI_z.tif
2025-12-26 01:07:09,493 - INFO - z_normalization.py:163 - Write EVI_Z -> //nas-rs.topo.auth.gr/Latomeia/DROUGHT/z_normalized/x09/y07/2023/8/01/S2L2A_znorm_x09y07_20238_EVI_z.tif
2025-12-26 01:07:13,455 - INFO - z_normalization.py:163 - Write PSRI2_Z -> //nas-rs.topo.auth.gr/Latomeia/DROUGHT/z_normalized/x09/y07/2023/8/01/S2L2A_znorm_x09y07_20238_PSRI2_z.tif
2025-12-26 01:07:13,455 - INFO - z_normalization.py:165 - Prepare metadata YAML document
2025-12-26 01:07:13,546 - INFO - z_normalization.py:186 - Write metadata YAML document to disk
2025-12-26 01:07:13,567 - INFO - z_normalization.py:191 - Create datacube.model.Dataset from eo3 metadata
2025-12-26 01:07:13,571 - INFO - z_normalization.py:204 - Index to datacube
2025-12-26 01:07:13,571 - INFO - _datasets.py:191 - Indexing c937bcf9-7604-46ad-8ff2-7f0d93eeb4e5
2025-12-26 01:07:13,578 - INFO - z_normalization.py:207 - 
2025-12-26 01:07:13,578 - INFO - z_normalization.py:208 -              ✔✔✔ COMPLETED: Tile x09_y07 | Time: 2023-08 | In 0.23 minutes
2025-12-26 01:07:13,578 - INFO - z_normalization.py:209 - 
