2025-12-26 03:25:13,415 - INFO - z_normalization.py:42 - #######################################################################
2025-12-26 03:25:13,953 - INFO - z_normalization.py:56 - Starting Z-Normalization for x11_y10 | 2024-11
2025-12-26 03:25:13,953 - INFO - z_normalization.py:58 - Create directories and naming conversions
2025-12-26 03:25:13,967 - INFO - z_normalization.py:69 - Dataset location: //nas-rs.topo.auth.gr/Latomeia/DROUGHT/z_normalized/x11/y10/2024/11/01
2025-12-26 03:25:13,967 - INFO - z_normalization.py:74 - Z-Normalization | NDVI
2025-12-26 03:25:14,335 - INFO - z_normalization.py:83 - Loaded baseline
2025-12-26 03:25:14,336 - INFO - z_normalization.py:86 - Set up values | NDVI_mean
2025-12-26 03:25:14,364 - INFO - z_normalization.py:86 - Set up values | NDVI_std
2025-12-26 03:25:14,544 - INFO - z_normalization.py:101 - Loaded composite
2025-12-26 03:25:14,545 - INFO - z_normalization.py:103 - Set up values | NDVI
2025-12-26 03:25:14,584 - INFO - z_normalization.py:110 - Setting up normalization ... 
2025-12-26 03:25:14,585 - INFO - z_normalization.py:114 - Setting up normalization ... done
2025-12-26 03:25:14,585 - INFO - z_normalization.py:116 - Normalizing ... 
2025-12-26 03:25:14,671 - INFO - z_normalization.py:121 - Normalizing ... done
2025-12-26 03:25:14,720 - INFO - z_normalization.py:74 - Z-Normalization | EVI
2025-12-26 03:25:14,960 - INFO - z_normalization.py:83 - Loaded baseline
2025-12-26 03:25:14,960 - INFO - z_normalization.py:86 - Set up values | EVI_mean
2025-12-26 03:25:14,989 - INFO - z_normalization.py:86 - Set up values | EVI_std
2025-12-26 03:25:15,174 - INFO - z_normalization.py:101 - Loaded composite
2025-12-26 03:25:15,174 - INFO - z_normalization.py:103 - Set up values | EVI
2025-12-26 03:25:15,202 - INFO - z_normalization.py:110 - Setting up normalization ... 
2025-12-26 03:25:15,203 - INFO - z_normalization.py:114 - Setting up normalization ... done
2025-12-26 03:25:15,203 - INFO - z_normalization.py:116 - Normalizing ... 
2025-12-26 03:25:15,280 - INFO - z_normalization.py:121 - Normalizing ... done
2025-12-26 03:25:15,329 - INFO - z_normalization.py:74 - Z-Normalization | PSRI2
2025-12-26 03:25:15,594 - INFO - z_normalization.py:83 - Loaded baseline
2025-12-26 03:25:15,594 - INFO - z_normalization.py:86 - Set up values | PSRI2_mean
2025-12-26 03:25:15,622 - INFO - z_normalization.py:86 - Set up values | PSRI2_std
2025-12-26 03:25:15,788 - INFO - z_normalization.py:101 - Loaded composite
2025-12-26 03:25:15,788 - INFO - z_normalization.py:103 - Set up values | PSRI2
2025-12-26 03:25:15,816 - INFO - z_normalization.py:110 - Setting up normalization ... 
2025-12-26 03:25:15,816 - INFO - z_normalization.py:114 - Setting up normalization ... done
2025-12-26 03:25:15,816 - INFO - z_normalization.py:116 - Normalizing ... 
2025-12-26 03:25:15,909 - INFO - z_normalization.py:121 - Normalizing ... done
2025-12-26 03:25:15,964 - INFO - z_normalization.py:127 - Merging into one dataset
2025-12-26 03:25:15,965 - INFO - z_normalization.py:133 - Scale and Define data types & nodata per band
2025-12-26 03:25:15,966 - INFO - z_normalization.py:145 - Assign time range and tile ID in metadata
2025-12-26 03:25:15,966 - INFO - z_normalization.py:151 - Write bands to raster COG files
2025-12-26 03:25:19,555 - INFO - z_normalization.py:164 - Write NDVI_Z -> //nas-rs.topo.auth.gr/Latomeia/DROUGHT/z_normalized/x11/y10/2024/11/01/S2L2A_znorm_x11y10_202411_NDVI_z.tif
2025-12-26 03:25:23,124 - INFO - z_normalization.py:164 - Write EVI_Z -> //nas-rs.topo.auth.gr/Latomeia/DROUGHT/z_normalized/x11/y10/2024/11/01/S2L2A_znorm_x11y10_202411_EVI_z.tif
2025-12-26 03:25:26,642 - INFO - z_normalization.py:164 - Write PSRI2_Z -> //nas-rs.topo.auth.gr/Latomeia/DROUGHT/z_normalized/x11/y10/2024/11/01/S2L2A_znorm_x11y10_202411_PSRI2_z.tif
2025-12-26 03:25:26,642 - INFO - z_normalization.py:166 - Prepare metadata YAML document
2025-12-26 03:25:26,728 - INFO - z_normalization.py:187 - Write metadata YAML document to disk
2025-12-26 03:25:26,749 - INFO - z_normalization.py:192 - Create datacube.model.Dataset from eo3 metadata
2025-12-26 03:25:26,754 - INFO - z_normalization.py:205 - Index to datacube
2025-12-26 03:25:26,754 - INFO - _datasets.py:191 - Indexing c26bb5bf-a018-4845-ae26-7c71dda0a931
2025-12-26 03:25:26,761 - INFO - z_normalization.py:208 - 
2025-12-26 03:25:26,761 - INFO - z_normalization.py:209 -              ✔✔✔ COMPLETED: Tile x11_y10 | Time: 2024-11 | In 0.21 minutes
2025-12-26 03:25:26,761 - INFO - z_normalization.py:210 - 
