2025-12-26 03:26:51,865 - INFO - z_normalization.py:42 - #######################################################################
2025-12-26 03:26:52,403 - INFO - z_normalization.py:56 - Starting Z-Normalization for x07_y11 | 2024-12
2025-12-26 03:26:52,403 - INFO - z_normalization.py:58 - Create directories and naming conversions
2025-12-26 03:26:52,417 - INFO - z_normalization.py:69 - Dataset location: //nas-rs.topo.auth.gr/Latomeia/DROUGHT/z_normalized/x07/y11/2024/12/01
2025-12-26 03:26:52,418 - INFO - z_normalization.py:74 - Z-Normalization | NDVI
2025-12-26 03:26:52,804 - INFO - z_normalization.py:83 - Loaded baseline
2025-12-26 03:26:52,804 - INFO - z_normalization.py:86 - Set up values | NDVI_mean
2025-12-26 03:26:52,833 - INFO - z_normalization.py:86 - Set up values | NDVI_std
2025-12-26 03:26:53,013 - INFO - z_normalization.py:101 - Loaded composite
2025-12-26 03:26:53,014 - INFO - z_normalization.py:103 - Set up values | NDVI
2025-12-26 03:26:53,042 - INFO - z_normalization.py:110 - Setting up normalization ... 
2025-12-26 03:26:53,042 - INFO - z_normalization.py:114 - Setting up normalization ... done
2025-12-26 03:26:53,043 - INFO - z_normalization.py:116 - Normalizing ... 
2025-12-26 03:26:53,141 - INFO - z_normalization.py:121 - Normalizing ... done
2025-12-26 03:26:53,203 - INFO - z_normalization.py:74 - Z-Normalization | EVI
2025-12-26 03:26:53,434 - INFO - z_normalization.py:83 - Loaded baseline
2025-12-26 03:26:53,435 - INFO - z_normalization.py:86 - Set up values | EVI_mean
2025-12-26 03:26:53,464 - INFO - z_normalization.py:86 - Set up values | EVI_std
2025-12-26 03:26:53,642 - INFO - z_normalization.py:101 - Loaded composite
2025-12-26 03:26:53,642 - INFO - z_normalization.py:103 - Set up values | EVI
2025-12-26 03:26:53,670 - INFO - z_normalization.py:110 - Setting up normalization ... 
2025-12-26 03:26:53,670 - INFO - z_normalization.py:114 - Setting up normalization ... done
2025-12-26 03:26:53,670 - INFO - z_normalization.py:116 - Normalizing ... 
2025-12-26 03:26:53,752 - INFO - z_normalization.py:121 - Normalizing ... done
2025-12-26 03:26:53,799 - INFO - z_normalization.py:74 - Z-Normalization | PSRI2
2025-12-26 03:26:54,026 - INFO - z_normalization.py:83 - Loaded baseline
2025-12-26 03:26:54,026 - INFO - z_normalization.py:86 - Set up values | PSRI2_mean
2025-12-26 03:26:54,054 - INFO - z_normalization.py:86 - Set up values | PSRI2_std
2025-12-26 03:26:54,208 - INFO - z_normalization.py:101 - Loaded composite
2025-12-26 03:26:54,208 - INFO - z_normalization.py:103 - Set up values | PSRI2
2025-12-26 03:26:54,235 - INFO - z_normalization.py:110 - Setting up normalization ... 
2025-12-26 03:26:54,235 - INFO - z_normalization.py:114 - Setting up normalization ... done
2025-12-26 03:26:54,235 - INFO - z_normalization.py:116 - Normalizing ... 
2025-12-26 03:26:54,312 - INFO - z_normalization.py:121 - Normalizing ... done
2025-12-26 03:26:54,361 - INFO - z_normalization.py:127 - Merging into one dataset
2025-12-26 03:26:54,364 - INFO - z_normalization.py:133 - Scale and Define data types & nodata per band
2025-12-26 03:26:54,365 - INFO - z_normalization.py:145 - Assign time range and tile ID in metadata
2025-12-26 03:26:54,365 - INFO - z_normalization.py:151 - Write bands to raster COG files
2025-12-26 03:26:57,951 - INFO - z_normalization.py:164 - Write NDVI_Z -> //nas-rs.topo.auth.gr/Latomeia/DROUGHT/z_normalized/x07/y11/2024/12/01/S2L2A_znorm_x07y11_202412_NDVI_z.tif
2025-12-26 03:27:01,556 - INFO - z_normalization.py:164 - Write EVI_Z -> //nas-rs.topo.auth.gr/Latomeia/DROUGHT/z_normalized/x07/y11/2024/12/01/S2L2A_znorm_x07y11_202412_EVI_z.tif
2025-12-26 03:27:05,309 - INFO - z_normalization.py:164 - Write PSRI2_Z -> //nas-rs.topo.auth.gr/Latomeia/DROUGHT/z_normalized/x07/y11/2024/12/01/S2L2A_znorm_x07y11_202412_PSRI2_z.tif
2025-12-26 03:27:05,309 - INFO - z_normalization.py:166 - Prepare metadata YAML document
2025-12-26 03:27:05,416 - INFO - z_normalization.py:187 - Write metadata YAML document to disk
2025-12-26 03:27:05,438 - INFO - z_normalization.py:192 - Create datacube.model.Dataset from eo3 metadata
2025-12-26 03:27:05,443 - INFO - z_normalization.py:205 - Index to datacube
2025-12-26 03:27:05,443 - INFO - _datasets.py:191 - Indexing d03f99be-af6b-48dc-9b7a-f2a42dddddcb
2025-12-26 03:27:05,452 - INFO - z_normalization.py:208 - 
2025-12-26 03:27:05,452 - INFO - z_normalization.py:209 -              ✔✔✔ COMPLETED: Tile x07_y11 | Time: 2024-12 | In 0.22 minutes
2025-12-26 03:27:05,452 - INFO - z_normalization.py:210 - 
