2025-12-26 13:26:06,105 - INFO - z_normalization.py:42 - #######################################################################
2025-12-26 13:26:06,668 - INFO - z_normalization.py:56 - Starting Z-Normalization for x10_y10 | 2024-06
2025-12-26 13:26:06,669 - INFO - z_normalization.py:58 - Create directories and naming conversions
2025-12-26 13:26:06,682 - INFO - z_normalization.py:69 - Dataset location: //nas-rs.topo.auth.gr/Latomeia/DROUGHT/z_normalized/x10/y10/2024/6/01
2025-12-26 13:26:06,682 - INFO - z_normalization.py:74 - Z-Normalization | NDVI
2025-12-26 13:26:07,016 - INFO - z_normalization.py:83 - Loaded baseline
2025-12-26 13:26:07,016 - INFO - z_normalization.py:86 - Set up values | NDVI_mean
2025-12-26 13:26:07,049 - INFO - z_normalization.py:86 - Set up values | NDVI_std
2025-12-26 13:26:07,222 - INFO - z_normalization.py:101 - Loaded composite
2025-12-26 13:26:07,222 - INFO - z_normalization.py:103 - Set up values | NDVI
2025-12-26 13:26:07,250 - INFO - z_normalization.py:110 - Setting up normalization ... 
2025-12-26 13:26:07,251 - INFO - z_normalization.py:114 - Setting up normalization ... done
2025-12-26 13:26:07,251 - INFO - z_normalization.py:116 - Normalizing ... 
2025-12-26 13:26:07,332 - INFO - z_normalization.py:121 - Normalizing ... done
2025-12-26 13:26:07,381 - INFO - z_normalization.py:74 - Z-Normalization | EVI
2025-12-26 13:26:07,624 - INFO - z_normalization.py:83 - Loaded baseline
2025-12-26 13:26:07,624 - INFO - z_normalization.py:86 - Set up values | EVI_mean
2025-12-26 13:26:07,656 - INFO - z_normalization.py:86 - Set up values | EVI_std
2025-12-26 13:26:07,840 - INFO - z_normalization.py:101 - Loaded composite
2025-12-26 13:26:07,840 - INFO - z_normalization.py:103 - Set up values | EVI
2025-12-26 13:26:07,868 - INFO - z_normalization.py:110 - Setting up normalization ... 
2025-12-26 13:26:07,868 - INFO - z_normalization.py:114 - Setting up normalization ... done
2025-12-26 13:26:07,868 - INFO - z_normalization.py:116 - Normalizing ... 
2025-12-26 13:26:07,945 - INFO - z_normalization.py:121 - Normalizing ... done
2025-12-26 13:26:07,999 - INFO - z_normalization.py:74 - Z-Normalization | PSRI2
2025-12-26 13:26:08,236 - INFO - z_normalization.py:83 - Loaded baseline
2025-12-26 13:26:08,236 - INFO - z_normalization.py:86 - Set up values | PSRI2_mean
2025-12-26 13:26:08,269 - INFO - z_normalization.py:86 - Set up values | PSRI2_std
2025-12-26 13:26:08,426 - INFO - z_normalization.py:101 - Loaded composite
2025-12-26 13:26:08,426 - INFO - z_normalization.py:103 - Set up values | PSRI2
2025-12-26 13:26:08,455 - INFO - z_normalization.py:110 - Setting up normalization ... 
2025-12-26 13:26:08,455 - INFO - z_normalization.py:114 - Setting up normalization ... done
2025-12-26 13:26:08,455 - INFO - z_normalization.py:116 - Normalizing ... 
2025-12-26 13:26:08,537 - INFO - z_normalization.py:121 - Normalizing ... done
2025-12-26 13:26:08,594 - INFO - z_normalization.py:127 - Merging into one dataset
2025-12-26 13:26:08,595 - INFO - z_normalization.py:133 - Scale and Define data types & nodata per band
2025-12-26 13:26:08,596 - INFO - z_normalization.py:145 - Assign time range and tile ID in metadata
2025-12-26 13:26:08,597 - INFO - z_normalization.py:151 - Write bands to raster COG files
2025-12-26 13:26:12,178 - INFO - z_normalization.py:164 - Write NDVI_Z -> //nas-rs.topo.auth.gr/Latomeia/DROUGHT/z_normalized/x10/y10/2024/6/01/S2L2A_znorm_x10y10_20246_NDVI_z.tif
2025-12-26 13:26:15,863 - INFO - z_normalization.py:164 - Write EVI_Z -> //nas-rs.topo.auth.gr/Latomeia/DROUGHT/z_normalized/x10/y10/2024/6/01/S2L2A_znorm_x10y10_20246_EVI_z.tif
2025-12-26 13:26:19,493 - INFO - z_normalization.py:164 - Write PSRI2_Z -> //nas-rs.topo.auth.gr/Latomeia/DROUGHT/z_normalized/x10/y10/2024/6/01/S2L2A_znorm_x10y10_20246_PSRI2_z.tif
2025-12-26 13:26:19,493 - INFO - z_normalization.py:166 - Assert relative paths and product measurements are matched
2025-12-26 13:26:19,529 - INFO - z_normalization.py:172 - Prepare metadata YAML document
2025-12-26 13:26:19,624 - INFO - z_normalization.py:192 - Write metadata YAML document to disk
2025-12-26 13:26:19,645 - INFO - z_normalization.py:197 - Create datacube.model.Dataset from eo3 metadata
2025-12-26 13:26:19,649 - INFO - z_normalization.py:210 - Index to datacube
2025-12-26 13:26:19,650 - INFO - _datasets.py:191 - Indexing dd8be161-62fd-4d14-a651-649b620eaae0
2025-12-26 13:26:19,656 - INFO - z_normalization.py:213 - 
2025-12-26 13:26:19,656 - INFO - z_normalization.py:214 -              ✔✔✔ COMPLETED: Tile x10_y10 | Time: 2024-06 | In 0.22 minutes
2025-12-26 13:26:19,656 - INFO - z_normalization.py:215 - 
2025-12-26 13:26:19,656 - INFO - z_normalization.py:230 - #######################################################################
