2025-12-26 02:18:19,720 - INFO - z_normalization.py:42 - #######################################################################
2025-12-26 02:18:20,263 - INFO - z_normalization.py:56 - Starting Z-Normalization for x11_y11 | 2023-12
2025-12-26 02:18:20,263 - INFO - z_normalization.py:58 - Create directories and naming conversions
2025-12-26 02:18:20,277 - INFO - z_normalization.py:69 - Dataset location: //nas-rs.topo.auth.gr/Latomeia/DROUGHT/z_normalized/x11/y11/2023/12/01
2025-12-26 02:18:20,277 - INFO - z_normalization.py:74 - Z-Normalization | NDVI
2025-12-26 02:18:20,685 - INFO - z_normalization.py:83 - Loaded baseline
2025-12-26 02:18:20,685 - INFO - z_normalization.py:86 - Set up values | NDVI_mean
2025-12-26 02:18:20,714 - INFO - z_normalization.py:86 - Set up values | NDVI_std
2025-12-26 02:18:20,901 - INFO - z_normalization.py:101 - Loaded composite
2025-12-26 02:18:20,901 - INFO - z_normalization.py:103 - Set up values | NDVI
2025-12-26 02:18:20,930 - INFO - z_normalization.py:110 - Setting up normalization ... 
2025-12-26 02:18:20,930 - INFO - z_normalization.py:114 - Setting up normalization ... done
2025-12-26 02:18:20,930 - INFO - z_normalization.py:116 - Normalizing ... 
2025-12-26 02:18:21,014 - INFO - z_normalization.py:121 - Normalizing ... done
2025-12-26 02:18:21,079 - INFO - z_normalization.py:74 - Z-Normalization | EVI
2025-12-26 02:18:21,326 - INFO - z_normalization.py:83 - Loaded baseline
2025-12-26 02:18:21,326 - INFO - z_normalization.py:86 - Set up values | EVI_mean
2025-12-26 02:18:21,355 - INFO - z_normalization.py:86 - Set up values | EVI_std
2025-12-26 02:18:21,539 - INFO - z_normalization.py:101 - Loaded composite
2025-12-26 02:18:21,539 - INFO - z_normalization.py:103 - Set up values | EVI
2025-12-26 02:18:21,568 - INFO - z_normalization.py:110 - Setting up normalization ... 
2025-12-26 02:18:21,568 - INFO - z_normalization.py:114 - Setting up normalization ... done
2025-12-26 02:18:21,568 - INFO - z_normalization.py:116 - Normalizing ... 
2025-12-26 02:18:21,650 - INFO - z_normalization.py:121 - Normalizing ... done
2025-12-26 02:18:21,699 - INFO - z_normalization.py:74 - Z-Normalization | PSRI2
2025-12-26 02:18:21,962 - INFO - z_normalization.py:83 - Loaded baseline
2025-12-26 02:18:21,962 - INFO - z_normalization.py:86 - Set up values | PSRI2_mean
2025-12-26 02:18:21,991 - INFO - z_normalization.py:86 - Set up values | PSRI2_std
2025-12-26 02:18:22,189 - INFO - z_normalization.py:101 - Loaded composite
2025-12-26 02:18:22,189 - INFO - z_normalization.py:103 - Set up values | PSRI2
2025-12-26 02:18:22,216 - INFO - z_normalization.py:110 - Setting up normalization ... 
2025-12-26 02:18:22,216 - INFO - z_normalization.py:114 - Setting up normalization ... done
2025-12-26 02:18:22,216 - INFO - z_normalization.py:116 - Normalizing ... 
2025-12-26 02:18:22,294 - INFO - z_normalization.py:121 - Normalizing ... done
2025-12-26 02:18:22,342 - INFO - z_normalization.py:127 - Merging into one dataset
2025-12-26 02:18:22,343 - INFO - z_normalization.py:133 - Scale and Define data types & nodata per band
2025-12-26 02:18:22,344 - INFO - z_normalization.py:145 - Assign time range and tile ID in metadata
2025-12-26 02:18:22,344 - INFO - z_normalization.py:151 - Write bands to raster COG files
2025-12-26 02:18:25,985 - INFO - z_normalization.py:164 - Write NDVI_Z -> //nas-rs.topo.auth.gr/Latomeia/DROUGHT/z_normalized/x11/y11/2023/12/01/S2L2A_znorm_x11y11_202312_NDVI_z.tif
2025-12-26 02:18:29,545 - INFO - z_normalization.py:164 - Write EVI_Z -> //nas-rs.topo.auth.gr/Latomeia/DROUGHT/z_normalized/x11/y11/2023/12/01/S2L2A_znorm_x11y11_202312_EVI_z.tif
2025-12-26 02:18:33,051 - INFO - z_normalization.py:164 - Write PSRI2_Z -> //nas-rs.topo.auth.gr/Latomeia/DROUGHT/z_normalized/x11/y11/2023/12/01/S2L2A_znorm_x11y11_202312_PSRI2_z.tif
2025-12-26 02:18:33,051 - INFO - z_normalization.py:166 - Prepare metadata YAML document
2025-12-26 02:18:33,140 - INFO - z_normalization.py:187 - Write metadata YAML document to disk
2025-12-26 02:18:33,160 - INFO - z_normalization.py:192 - Create datacube.model.Dataset from eo3 metadata
2025-12-26 02:18:33,164 - INFO - z_normalization.py:205 - Index to datacube
2025-12-26 02:18:33,165 - INFO - _datasets.py:191 - Indexing 5afa3f67-c861-4cbc-b4c1-f1682f18637d
2025-12-26 02:18:33,173 - INFO - z_normalization.py:208 - 
2025-12-26 02:18:33,173 - INFO - z_normalization.py:209 -              ✔✔✔ COMPLETED: Tile x11_y11 | Time: 2023-12 | In 0.22 minutes
2025-12-26 02:18:33,173 - INFO - z_normalization.py:210 - 
