2025-12-26 01:10:10,092 - INFO - z_normalization.py:42 - #######################################################################
2025-12-26 01:10:10,685 - INFO - z_normalization.py:56 - Starting Z-Normalization for x09_y07 | 2024-07
2025-12-26 01:10:10,685 - INFO - z_normalization.py:58 - Create directories and naming conversions
2025-12-26 01:10:10,692 - INFO - z_normalization.py:69 - Dataset location: //nas-rs.topo.auth.gr/Latomeia/DROUGHT/z_normalized/x09/y07/2024/7/01
2025-12-26 01:10:10,692 - INFO - z_normalization.py:74 - Z-Normalization | NDVI
2025-12-26 01:10:11,017 - INFO - z_normalization.py:83 - Loaded baseline
2025-12-26 01:10:11,018 - INFO - z_normalization.py:86 - Set up values | NDVI_mean
2025-12-26 01:10:11,048 - INFO - z_normalization.py:86 - Set up values | NDVI_std
2025-12-26 01:10:11,266 - INFO - z_normalization.py:101 - Loaded composite
2025-12-26 01:10:11,267 - INFO - z_normalization.py:103 - Set up values | NDVI
2025-12-26 01:10:11,295 - INFO - z_normalization.py:110 - Setting up normalization ... 
2025-12-26 01:10:11,295 - INFO - z_normalization.py:114 - Setting up normalization ... done
2025-12-26 01:10:11,295 - INFO - z_normalization.py:116 - Normalizing ... 
2025-12-26 01:10:11,382 - INFO - z_normalization.py:121 - Normalizing ... done
2025-12-26 01:10:11,436 - INFO - z_normalization.py:74 - Z-Normalization | EVI
2025-12-26 01:10:11,615 - INFO - z_normalization.py:83 - Loaded baseline
2025-12-26 01:10:11,615 - INFO - z_normalization.py:86 - Set up values | EVI_mean
2025-12-26 01:10:11,644 - INFO - z_normalization.py:86 - Set up values | EVI_std
2025-12-26 01:10:11,796 - INFO - z_normalization.py:101 - Loaded composite
2025-12-26 01:10:11,796 - INFO - z_normalization.py:103 - Set up values | EVI
2025-12-26 01:10:11,824 - INFO - z_normalization.py:110 - Setting up normalization ... 
2025-12-26 01:10:11,825 - INFO - z_normalization.py:114 - Setting up normalization ... done
2025-12-26 01:10:11,825 - INFO - z_normalization.py:116 - Normalizing ... 
2025-12-26 01:10:11,900 - INFO - z_normalization.py:121 - Normalizing ... done
2025-12-26 01:10:11,951 - INFO - z_normalization.py:74 - Z-Normalization | PSRI2
2025-12-26 01:10:12,156 - INFO - z_normalization.py:83 - Loaded baseline
2025-12-26 01:10:12,156 - INFO - z_normalization.py:86 - Set up values | PSRI2_mean
2025-12-26 01:10:12,185 - INFO - z_normalization.py:86 - Set up values | PSRI2_std
2025-12-26 01:10:12,356 - INFO - z_normalization.py:101 - Loaded composite
2025-12-26 01:10:12,356 - INFO - z_normalization.py:103 - Set up values | PSRI2
2025-12-26 01:10:12,397 - INFO - z_normalization.py:110 - Setting up normalization ... 
2025-12-26 01:10:12,397 - INFO - z_normalization.py:114 - Setting up normalization ... done
2025-12-26 01:10:12,397 - INFO - z_normalization.py:116 - Normalizing ... 
2025-12-26 01:10:12,488 - INFO - z_normalization.py:121 - Normalizing ... done
2025-12-26 01:10:12,551 - INFO - z_normalization.py:127 - Merging into one dataset
2025-12-26 01:10:12,553 - INFO - z_normalization.py:133 - Scale and Define data types & nodata per band
2025-12-26 01:10:12,555 - INFO - z_normalization.py:145 - Assign time range and tile ID in metadata
2025-12-26 01:10:12,555 - INFO - z_normalization.py:151 - Write bands to raster COG files
2025-12-26 01:10:16,228 - INFO - z_normalization.py:164 - Write NDVI_Z -> //nas-rs.topo.auth.gr/Latomeia/DROUGHT/z_normalized/x09/y07/2024/7/01/S2L2A_znorm_x09y07_20247_NDVI_z.tif
2025-12-26 01:10:19,945 - INFO - z_normalization.py:164 - Write EVI_Z -> //nas-rs.topo.auth.gr/Latomeia/DROUGHT/z_normalized/x09/y07/2024/7/01/S2L2A_znorm_x09y07_20247_EVI_z.tif
2025-12-26 01:10:23,869 - INFO - z_normalization.py:164 - Write PSRI2_Z -> //nas-rs.topo.auth.gr/Latomeia/DROUGHT/z_normalized/x09/y07/2024/7/01/S2L2A_znorm_x09y07_20247_PSRI2_z.tif
2025-12-26 01:10:23,869 - INFO - z_normalization.py:166 - Prepare metadata YAML document
2025-12-26 01:10:23,962 - INFO - z_normalization.py:187 - Write metadata YAML document to disk
2025-12-26 01:10:23,982 - INFO - z_normalization.py:192 - Create datacube.model.Dataset from eo3 metadata
2025-12-26 01:10:23,986 - INFO - z_normalization.py:205 - Index to datacube
2025-12-26 01:10:23,986 - INFO - _datasets.py:191 - Indexing 0fc75fc1-a3d5-4f5c-a2bc-90893af4f854
2025-12-26 01:10:23,997 - INFO - z_normalization.py:208 - 
2025-12-26 01:10:23,997 - INFO - z_normalization.py:209 -              ✔✔✔ COMPLETED: Tile x09_y07 | Time: 2024-07 | In 0.22 minutes
2025-12-26 01:10:23,997 - INFO - z_normalization.py:210 - 
