2025-12-26 14:26:35,632 - INFO - z_normalization.py:42 - #######################################################################
2025-12-26 14:26:36,182 - INFO - z_normalization.py:56 - Starting Z-Normalization for x11_y08 | 2025-03
2025-12-26 14:26:36,182 - INFO - z_normalization.py:58 - Create directories and naming conversions
2025-12-26 14:26:36,196 - INFO - z_normalization.py:69 - Dataset location: //nas-rs.topo.auth.gr/Latomeia/DROUGHT/z_normalized/x11/y08/2025/3/01
2025-12-26 14:26:36,196 - INFO - z_normalization.py:74 - Z-Normalization | NDVI
2025-12-26 14:26:36,488 - INFO - z_normalization.py:83 - Loaded baseline
2025-12-26 14:26:36,488 - INFO - z_normalization.py:86 - Set up values | NDVI_mean
2025-12-26 14:26:36,518 - INFO - z_normalization.py:86 - Set up values | NDVI_std
2025-12-26 14:26:36,672 - INFO - z_normalization.py:101 - Loaded composite
2025-12-26 14:26:36,672 - INFO - z_normalization.py:103 - Set up values | NDVI
2025-12-26 14:26:36,702 - INFO - z_normalization.py:110 - Setting up normalization ... 
2025-12-26 14:26:36,703 - INFO - z_normalization.py:114 - Setting up normalization ... done
2025-12-26 14:26:36,703 - INFO - z_normalization.py:116 - Normalizing ... 
2025-12-26 14:26:36,799 - INFO - z_normalization.py:121 - Normalizing ... done
2025-12-26 14:26:36,851 - INFO - z_normalization.py:74 - Z-Normalization | EVI
2025-12-26 14:26:37,082 - INFO - z_normalization.py:83 - Loaded baseline
2025-12-26 14:26:37,082 - INFO - z_normalization.py:86 - Set up values | EVI_mean
2025-12-26 14:26:37,111 - INFO - z_normalization.py:86 - Set up values | EVI_std
2025-12-26 14:26:37,282 - INFO - z_normalization.py:101 - Loaded composite
2025-12-26 14:26:37,282 - INFO - z_normalization.py:103 - Set up values | EVI
2025-12-26 14:26:37,311 - INFO - z_normalization.py:110 - Setting up normalization ... 
2025-12-26 14:26:37,313 - INFO - z_normalization.py:114 - Setting up normalization ... done
2025-12-26 14:26:37,313 - INFO - z_normalization.py:116 - Normalizing ... 
2025-12-26 14:26:37,394 - INFO - z_normalization.py:121 - Normalizing ... done
2025-12-26 14:26:37,447 - INFO - z_normalization.py:74 - Z-Normalization | PSRI2
2025-12-26 14:26:37,678 - INFO - z_normalization.py:83 - Loaded baseline
2025-12-26 14:26:37,678 - INFO - z_normalization.py:86 - Set up values | PSRI2_mean
2025-12-26 14:26:37,708 - INFO - z_normalization.py:86 - Set up values | PSRI2_std
2025-12-26 14:26:37,897 - INFO - z_normalization.py:101 - Loaded composite
2025-12-26 14:26:37,897 - INFO - z_normalization.py:103 - Set up values | PSRI2
2025-12-26 14:26:37,924 - INFO - z_normalization.py:110 - Setting up normalization ... 
2025-12-26 14:26:37,924 - INFO - z_normalization.py:114 - Setting up normalization ... done
2025-12-26 14:26:37,924 - INFO - z_normalization.py:116 - Normalizing ... 
2025-12-26 14:26:38,005 - INFO - z_normalization.py:121 - Normalizing ... done
2025-12-26 14:26:38,058 - INFO - z_normalization.py:127 - Merging into one dataset
2025-12-26 14:26:38,059 - INFO - z_normalization.py:133 - Scale and Define data types & nodata per band
2025-12-26 14:26:38,061 - INFO - z_normalization.py:145 - Assign time range and tile ID in metadata
2025-12-26 14:26:38,061 - INFO - z_normalization.py:151 - Write bands to raster COG files
2025-12-26 14:26:41,794 - INFO - z_normalization.py:164 - Write NDVI_Z -> //nas-rs.topo.auth.gr/Latomeia/DROUGHT/z_normalized/x11/y08/2025/3/01/S2L2A_znorm_x11y08_20253_NDVI_z.tif
2025-12-26 14:26:45,502 - INFO - z_normalization.py:164 - Write EVI_Z -> //nas-rs.topo.auth.gr/Latomeia/DROUGHT/z_normalized/x11/y08/2025/3/01/S2L2A_znorm_x11y08_20253_EVI_z.tif
2025-12-26 14:26:49,168 - INFO - z_normalization.py:164 - Write PSRI2_Z -> //nas-rs.topo.auth.gr/Latomeia/DROUGHT/z_normalized/x11/y08/2025/3/01/S2L2A_znorm_x11y08_20253_PSRI2_z.tif
2025-12-26 14:26:49,168 - INFO - z_normalization.py:166 - Assert relative paths and product measurements are matched
2025-12-26 14:26:49,208 - INFO - z_normalization.py:172 - Prepare metadata YAML document
2025-12-26 14:26:49,299 - INFO - z_normalization.py:192 - Write metadata YAML document to disk
2025-12-26 14:26:49,322 - INFO - z_normalization.py:197 - Create datacube.model.Dataset from eo3 metadata
2025-12-26 14:26:49,328 - INFO - z_normalization.py:210 - Index to datacube
2025-12-26 14:26:49,328 - INFO - _datasets.py:191 - Indexing 4329812e-ad65-46e7-b01f-13a3528cc94c
2025-12-26 14:26:49,336 - INFO - z_normalization.py:213 - 
2025-12-26 14:26:49,336 - INFO - z_normalization.py:214 -              ✔✔✔ COMPLETED: Tile x11_y08 | Time: 2025-03 | In 0.22 minutes
2025-12-26 14:26:49,336 - INFO - z_normalization.py:215 - 
2025-12-26 14:26:49,336 - INFO - z_normalization.py:230 - #######################################################################
