2025-12-26 13:03:34,484 - INFO - z_normalization.py:42 - #######################################################################
2025-12-26 13:03:35,075 - INFO - z_normalization.py:56 - Starting Z-Normalization for x08_y11 | 2024-03
2025-12-26 13:03:35,075 - INFO - z_normalization.py:58 - Create directories and naming conversions
2025-12-26 13:03:35,089 - INFO - z_normalization.py:69 - Dataset location: //nas-rs.topo.auth.gr/Latomeia/DROUGHT/z_normalized/x08/y11/2024/3/01
2025-12-26 13:03:35,090 - INFO - z_normalization.py:74 - Z-Normalization | NDVI
2025-12-26 13:03:35,723 - INFO - z_normalization.py:83 - Loaded baseline
2025-12-26 13:03:35,723 - INFO - z_normalization.py:86 - Set up values | NDVI_mean
2025-12-26 13:03:35,759 - INFO - z_normalization.py:86 - Set up values | NDVI_std
2025-12-26 13:03:35,973 - INFO - z_normalization.py:101 - Loaded composite
2025-12-26 13:03:35,973 - INFO - z_normalization.py:103 - Set up values | NDVI
2025-12-26 13:03:36,012 - INFO - z_normalization.py:110 - Setting up normalization ... 
2025-12-26 13:03:36,012 - INFO - z_normalization.py:114 - Setting up normalization ... done
2025-12-26 13:03:36,012 - INFO - z_normalization.py:116 - Normalizing ... 
2025-12-26 13:03:36,105 - INFO - z_normalization.py:121 - Normalizing ... done
2025-12-26 13:03:36,168 - INFO - z_normalization.py:74 - Z-Normalization | EVI
2025-12-26 13:03:36,444 - INFO - z_normalization.py:83 - Loaded baseline
2025-12-26 13:03:36,444 - INFO - z_normalization.py:86 - Set up values | EVI_mean
2025-12-26 13:03:36,476 - INFO - z_normalization.py:86 - Set up values | EVI_std
2025-12-26 13:03:36,677 - INFO - z_normalization.py:101 - Loaded composite
2025-12-26 13:03:36,677 - INFO - z_normalization.py:103 - Set up values | EVI
2025-12-26 13:03:36,719 - INFO - z_normalization.py:110 - Setting up normalization ... 
2025-12-26 13:03:36,719 - INFO - z_normalization.py:114 - Setting up normalization ... done
2025-12-26 13:03:36,719 - INFO - z_normalization.py:116 - Normalizing ... 
2025-12-26 13:03:36,819 - INFO - z_normalization.py:121 - Normalizing ... done
2025-12-26 13:03:36,894 - INFO - z_normalization.py:74 - Z-Normalization | PSRI2
2025-12-26 13:03:37,177 - INFO - z_normalization.py:83 - Loaded baseline
2025-12-26 13:03:37,177 - INFO - z_normalization.py:86 - Set up values | PSRI2_mean
2025-12-26 13:03:37,210 - INFO - z_normalization.py:86 - Set up values | PSRI2_std
2025-12-26 13:03:37,387 - INFO - z_normalization.py:101 - Loaded composite
2025-12-26 13:03:37,387 - INFO - z_normalization.py:103 - Set up values | PSRI2
2025-12-26 13:03:37,422 - INFO - z_normalization.py:110 - Setting up normalization ... 
2025-12-26 13:03:37,422 - INFO - z_normalization.py:114 - Setting up normalization ... done
2025-12-26 13:03:37,422 - INFO - z_normalization.py:116 - Normalizing ... 
2025-12-26 13:03:37,533 - INFO - z_normalization.py:121 - Normalizing ... done
2025-12-26 13:03:37,638 - INFO - z_normalization.py:127 - Merging into one dataset
2025-12-26 13:03:37,640 - INFO - z_normalization.py:133 - Scale and Define data types & nodata per band
2025-12-26 13:03:37,642 - INFO - z_normalization.py:145 - Assign time range and tile ID in metadata
2025-12-26 13:03:37,643 - INFO - z_normalization.py:151 - Write bands to raster COG files
2025-12-26 13:03:41,855 - INFO - z_normalization.py:164 - Write NDVI_Z -> //nas-rs.topo.auth.gr/Latomeia/DROUGHT/z_normalized/x08/y11/2024/3/01/S2L2A_znorm_x08y11_20243_NDVI_z.tif
2025-12-26 13:03:45,550 - INFO - z_normalization.py:164 - Write EVI_Z -> //nas-rs.topo.auth.gr/Latomeia/DROUGHT/z_normalized/x08/y11/2024/3/01/S2L2A_znorm_x08y11_20243_EVI_z.tif
2025-12-26 13:03:49,256 - INFO - z_normalization.py:164 - Write PSRI2_Z -> //nas-rs.topo.auth.gr/Latomeia/DROUGHT/z_normalized/x08/y11/2024/3/01/S2L2A_znorm_x08y11_20243_PSRI2_z.tif
2025-12-26 13:03:49,256 - INFO - z_normalization.py:166 - Assert relative paths and product measurements are matched
2025-12-26 13:03:49,297 - INFO - z_normalization.py:172 - Prepare metadata YAML document
2025-12-26 13:03:49,388 - INFO - z_normalization.py:192 - Write metadata YAML document to disk
2025-12-26 13:03:49,407 - INFO - z_normalization.py:197 - Create datacube.model.Dataset from eo3 metadata
2025-12-26 13:03:49,411 - INFO - z_normalization.py:210 - Index to datacube
2025-12-26 13:03:49,411 - INFO - _datasets.py:191 - Indexing d5da5cdb-fa8b-4010-857c-2d2a72895702
2025-12-26 13:03:49,418 - INFO - z_normalization.py:213 - 
2025-12-26 13:03:49,418 - INFO - z_normalization.py:214 -              ✔✔✔ COMPLETED: Tile x08_y11 | Time: 2024-03 | In 0.24 minutes
2025-12-26 13:03:49,418 - INFO - z_normalization.py:215 - 
2025-12-26 13:03:49,418 - INFO - z_normalization.py:230 - #######################################################################
