2025-12-26 03:16:22,643 - INFO - z_normalization.py:42 - #######################################################################
2025-12-26 03:16:23,185 - INFO - z_normalization.py:56 - Starting Z-Normalization for x09_y09 | 2024-10
2025-12-26 03:16:23,185 - INFO - z_normalization.py:58 - Create directories and naming conversions
2025-12-26 03:16:23,198 - INFO - z_normalization.py:69 - Dataset location: //nas-rs.topo.auth.gr/Latomeia/DROUGHT/z_normalized/x09/y09/2024/10/01
2025-12-26 03:16:23,198 - INFO - z_normalization.py:74 - Z-Normalization | NDVI
2025-12-26 03:16:23,596 - INFO - z_normalization.py:83 - Loaded baseline
2025-12-26 03:16:23,596 - INFO - z_normalization.py:86 - Set up values | NDVI_mean
2025-12-26 03:16:23,624 - INFO - z_normalization.py:86 - Set up values | NDVI_std
2025-12-26 03:16:23,821 - INFO - z_normalization.py:101 - Loaded composite
2025-12-26 03:16:23,821 - INFO - z_normalization.py:103 - Set up values | NDVI
2025-12-26 03:16:23,848 - INFO - z_normalization.py:110 - Setting up normalization ... 
2025-12-26 03:16:23,848 - INFO - z_normalization.py:114 - Setting up normalization ... done
2025-12-26 03:16:23,848 - INFO - z_normalization.py:116 - Normalizing ... 
2025-12-26 03:16:23,925 - INFO - z_normalization.py:121 - Normalizing ... done
2025-12-26 03:16:23,976 - INFO - z_normalization.py:74 - Z-Normalization | EVI
2025-12-26 03:16:24,228 - INFO - z_normalization.py:83 - Loaded baseline
2025-12-26 03:16:24,228 - INFO - z_normalization.py:86 - Set up values | EVI_mean
2025-12-26 03:16:24,268 - INFO - z_normalization.py:86 - Set up values | EVI_std
2025-12-26 03:16:24,445 - INFO - z_normalization.py:101 - Loaded composite
2025-12-26 03:16:24,446 - INFO - z_normalization.py:103 - Set up values | EVI
2025-12-26 03:16:24,474 - INFO - z_normalization.py:110 - Setting up normalization ... 
2025-12-26 03:16:24,475 - INFO - z_normalization.py:114 - Setting up normalization ... done
2025-12-26 03:16:24,475 - INFO - z_normalization.py:116 - Normalizing ... 
2025-12-26 03:16:24,554 - INFO - z_normalization.py:121 - Normalizing ... done
2025-12-26 03:16:24,603 - INFO - z_normalization.py:74 - Z-Normalization | PSRI2
2025-12-26 03:16:24,827 - INFO - z_normalization.py:83 - Loaded baseline
2025-12-26 03:16:24,827 - INFO - z_normalization.py:86 - Set up values | PSRI2_mean
2025-12-26 03:16:24,855 - INFO - z_normalization.py:86 - Set up values | PSRI2_std
2025-12-26 03:16:25,014 - INFO - z_normalization.py:101 - Loaded composite
2025-12-26 03:16:25,014 - INFO - z_normalization.py:103 - Set up values | PSRI2
2025-12-26 03:16:25,043 - INFO - z_normalization.py:110 - Setting up normalization ... 
2025-12-26 03:16:25,043 - INFO - z_normalization.py:114 - Setting up normalization ... done
2025-12-26 03:16:25,043 - INFO - z_normalization.py:116 - Normalizing ... 
2025-12-26 03:16:25,124 - INFO - z_normalization.py:121 - Normalizing ... done
2025-12-26 03:16:25,173 - INFO - z_normalization.py:127 - Merging into one dataset
2025-12-26 03:16:25,175 - INFO - z_normalization.py:133 - Scale and Define data types & nodata per band
2025-12-26 03:16:25,176 - INFO - z_normalization.py:145 - Assign time range and tile ID in metadata
2025-12-26 03:16:25,176 - INFO - z_normalization.py:151 - Write bands to raster COG files
2025-12-26 03:16:28,820 - INFO - z_normalization.py:164 - Write NDVI_Z -> //nas-rs.topo.auth.gr/Latomeia/DROUGHT/z_normalized/x09/y09/2024/10/01/S2L2A_znorm_x09y09_202410_NDVI_z.tif
2025-12-26 03:16:32,342 - INFO - z_normalization.py:164 - Write EVI_Z -> //nas-rs.topo.auth.gr/Latomeia/DROUGHT/z_normalized/x09/y09/2024/10/01/S2L2A_znorm_x09y09_202410_EVI_z.tif
2025-12-26 03:16:35,981 - INFO - z_normalization.py:164 - Write PSRI2_Z -> //nas-rs.topo.auth.gr/Latomeia/DROUGHT/z_normalized/x09/y09/2024/10/01/S2L2A_znorm_x09y09_202410_PSRI2_z.tif
2025-12-26 03:16:35,981 - INFO - z_normalization.py:166 - Prepare metadata YAML document
2025-12-26 03:16:36,071 - INFO - z_normalization.py:187 - Write metadata YAML document to disk
2025-12-26 03:16:36,090 - INFO - z_normalization.py:192 - Create datacube.model.Dataset from eo3 metadata
2025-12-26 03:16:36,094 - INFO - z_normalization.py:205 - Index to datacube
2025-12-26 03:16:36,094 - INFO - _datasets.py:191 - Indexing 53ebac89-aa5a-4a2e-8f4b-e0471ca78d15
2025-12-26 03:16:36,103 - INFO - z_normalization.py:208 - 
2025-12-26 03:16:36,103 - INFO - z_normalization.py:209 -              ✔✔✔ COMPLETED: Tile x09_y09 | Time: 2024-10 | In 0.22 minutes
2025-12-26 03:16:36,103 - INFO - z_normalization.py:210 - 
