2025-12-26 13:23:17,758 - INFO - z_normalization.py:42 - #######################################################################
2025-12-26 13:23:18,310 - INFO - z_normalization.py:56 - Starting Z-Normalization for x08_y12 | 2024-06
2025-12-26 13:23:18,310 - INFO - z_normalization.py:58 - Create directories and naming conversions
2025-12-26 13:23:18,324 - INFO - z_normalization.py:69 - Dataset location: //nas-rs.topo.auth.gr/Latomeia/DROUGHT/z_normalized/x08/y12/2024/6/01
2025-12-26 13:23:18,324 - INFO - z_normalization.py:74 - Z-Normalization | NDVI
2025-12-26 13:23:18,728 - INFO - z_normalization.py:83 - Loaded baseline
2025-12-26 13:23:18,728 - INFO - z_normalization.py:86 - Set up values | NDVI_mean
2025-12-26 13:23:18,760 - INFO - z_normalization.py:86 - Set up values | NDVI_std
2025-12-26 13:23:18,938 - INFO - z_normalization.py:101 - Loaded composite
2025-12-26 13:23:18,938 - INFO - z_normalization.py:103 - Set up values | NDVI
2025-12-26 13:23:18,966 - INFO - z_normalization.py:110 - Setting up normalization ... 
2025-12-26 13:23:18,967 - INFO - z_normalization.py:114 - Setting up normalization ... done
2025-12-26 13:23:18,967 - INFO - z_normalization.py:116 - Normalizing ... 
2025-12-26 13:23:19,046 - INFO - z_normalization.py:121 - Normalizing ... done
2025-12-26 13:23:19,096 - INFO - z_normalization.py:74 - Z-Normalization | EVI
2025-12-26 13:23:19,339 - INFO - z_normalization.py:83 - Loaded baseline
2025-12-26 13:23:19,340 - INFO - z_normalization.py:86 - Set up values | EVI_mean
2025-12-26 13:23:19,367 - INFO - z_normalization.py:86 - Set up values | EVI_std
2025-12-26 13:23:19,544 - INFO - z_normalization.py:101 - Loaded composite
2025-12-26 13:23:19,544 - INFO - z_normalization.py:103 - Set up values | EVI
2025-12-26 13:23:19,573 - INFO - z_normalization.py:110 - Setting up normalization ... 
2025-12-26 13:23:19,573 - INFO - z_normalization.py:114 - Setting up normalization ... done
2025-12-26 13:23:19,573 - INFO - z_normalization.py:116 - Normalizing ... 
2025-12-26 13:23:19,650 - INFO - z_normalization.py:121 - Normalizing ... done
2025-12-26 13:23:19,700 - INFO - z_normalization.py:74 - Z-Normalization | PSRI2
2025-12-26 13:23:19,939 - INFO - z_normalization.py:83 - Loaded baseline
2025-12-26 13:23:19,940 - INFO - z_normalization.py:86 - Set up values | PSRI2_mean
2025-12-26 13:23:19,975 - INFO - z_normalization.py:86 - Set up values | PSRI2_std
2025-12-26 13:23:20,137 - INFO - z_normalization.py:101 - Loaded composite
2025-12-26 13:23:20,137 - INFO - z_normalization.py:103 - Set up values | PSRI2
2025-12-26 13:23:20,166 - INFO - z_normalization.py:110 - Setting up normalization ... 
2025-12-26 13:23:20,166 - INFO - z_normalization.py:114 - Setting up normalization ... done
2025-12-26 13:23:20,166 - INFO - z_normalization.py:116 - Normalizing ... 
2025-12-26 13:23:20,244 - INFO - z_normalization.py:121 - Normalizing ... done
2025-12-26 13:23:20,293 - INFO - z_normalization.py:127 - Merging into one dataset
2025-12-26 13:23:20,294 - INFO - z_normalization.py:133 - Scale and Define data types & nodata per band
2025-12-26 13:23:20,295 - INFO - z_normalization.py:145 - Assign time range and tile ID in metadata
2025-12-26 13:23:20,295 - INFO - z_normalization.py:151 - Write bands to raster COG files
2025-12-26 13:23:23,837 - INFO - z_normalization.py:164 - Write NDVI_Z -> //nas-rs.topo.auth.gr/Latomeia/DROUGHT/z_normalized/x08/y12/2024/6/01/S2L2A_znorm_x08y12_20246_NDVI_z.tif
2025-12-26 13:23:27,472 - INFO - z_normalization.py:164 - Write EVI_Z -> //nas-rs.topo.auth.gr/Latomeia/DROUGHT/z_normalized/x08/y12/2024/6/01/S2L2A_znorm_x08y12_20246_EVI_z.tif
2025-12-26 13:23:31,128 - INFO - z_normalization.py:164 - Write PSRI2_Z -> //nas-rs.topo.auth.gr/Latomeia/DROUGHT/z_normalized/x08/y12/2024/6/01/S2L2A_znorm_x08y12_20246_PSRI2_z.tif
2025-12-26 13:23:31,128 - INFO - z_normalization.py:166 - Assert relative paths and product measurements are matched
2025-12-26 13:23:31,167 - INFO - z_normalization.py:172 - Prepare metadata YAML document
2025-12-26 13:23:31,256 - INFO - z_normalization.py:192 - Write metadata YAML document to disk
2025-12-26 13:23:31,279 - INFO - z_normalization.py:197 - Create datacube.model.Dataset from eo3 metadata
2025-12-26 13:23:31,282 - INFO - z_normalization.py:210 - Index to datacube
2025-12-26 13:23:31,283 - INFO - _datasets.py:191 - Indexing 8fc3a732-9e17-4674-b300-89222cd4888e
2025-12-26 13:23:31,291 - INFO - z_normalization.py:213 - 
2025-12-26 13:23:31,291 - INFO - z_normalization.py:214 -              ✔✔✔ COMPLETED: Tile x08_y12 | Time: 2024-06 | In 0.22 minutes
2025-12-26 13:23:31,291 - INFO - z_normalization.py:215 - 
2025-12-26 13:23:31,291 - INFO - z_normalization.py:230 - #######################################################################
