2025-12-26 03:21:04,136 - INFO - z_normalization.py:42 - #######################################################################
2025-12-26 03:21:04,652 - INFO - z_normalization.py:56 - Starting Z-Normalization for x07_y12 | 2024-11
2025-12-26 03:21:04,652 - INFO - z_normalization.py:58 - Create directories and naming conversions
2025-12-26 03:21:04,667 - INFO - z_normalization.py:69 - Dataset location: //nas-rs.topo.auth.gr/Latomeia/DROUGHT/z_normalized/x07/y12/2024/11/01
2025-12-26 03:21:04,667 - INFO - z_normalization.py:74 - Z-Normalization | NDVI
2025-12-26 03:21:05,090 - INFO - z_normalization.py:83 - Loaded baseline
2025-12-26 03:21:05,090 - INFO - z_normalization.py:86 - Set up values | NDVI_mean
2025-12-26 03:21:05,130 - INFO - z_normalization.py:86 - Set up values | NDVI_std
2025-12-26 03:21:05,324 - INFO - z_normalization.py:101 - Loaded composite
2025-12-26 03:21:05,324 - INFO - z_normalization.py:103 - Set up values | NDVI
2025-12-26 03:21:05,352 - INFO - z_normalization.py:110 - Setting up normalization ... 
2025-12-26 03:21:05,353 - INFO - z_normalization.py:114 - Setting up normalization ... done
2025-12-26 03:21:05,353 - INFO - z_normalization.py:116 - Normalizing ... 
2025-12-26 03:21:05,428 - INFO - z_normalization.py:121 - Normalizing ... done
2025-12-26 03:21:05,481 - INFO - z_normalization.py:74 - Z-Normalization | EVI
2025-12-26 03:21:05,710 - INFO - z_normalization.py:83 - Loaded baseline
2025-12-26 03:21:05,710 - INFO - z_normalization.py:86 - Set up values | EVI_mean
2025-12-26 03:21:05,742 - INFO - z_normalization.py:86 - Set up values | EVI_std
2025-12-26 03:21:05,915 - INFO - z_normalization.py:101 - Loaded composite
2025-12-26 03:21:05,915 - INFO - z_normalization.py:103 - Set up values | EVI
2025-12-26 03:21:05,942 - INFO - z_normalization.py:110 - Setting up normalization ... 
2025-12-26 03:21:05,942 - INFO - z_normalization.py:114 - Setting up normalization ... done
2025-12-26 03:21:05,942 - INFO - z_normalization.py:116 - Normalizing ... 
2025-12-26 03:21:06,023 - INFO - z_normalization.py:121 - Normalizing ... done
2025-12-26 03:21:06,073 - INFO - z_normalization.py:74 - Z-Normalization | PSRI2
2025-12-26 03:21:06,314 - INFO - z_normalization.py:83 - Loaded baseline
2025-12-26 03:21:06,314 - INFO - z_normalization.py:86 - Set up values | PSRI2_mean
2025-12-26 03:21:06,341 - INFO - z_normalization.py:86 - Set up values | PSRI2_std
2025-12-26 03:21:06,493 - INFO - z_normalization.py:101 - Loaded composite
2025-12-26 03:21:06,493 - INFO - z_normalization.py:103 - Set up values | PSRI2
2025-12-26 03:21:06,521 - INFO - z_normalization.py:110 - Setting up normalization ... 
2025-12-26 03:21:06,521 - INFO - z_normalization.py:114 - Setting up normalization ... done
2025-12-26 03:21:06,521 - INFO - z_normalization.py:116 - Normalizing ... 
2025-12-26 03:21:06,598 - INFO - z_normalization.py:121 - Normalizing ... done
2025-12-26 03:21:06,648 - INFO - z_normalization.py:127 - Merging into one dataset
2025-12-26 03:21:06,649 - INFO - z_normalization.py:133 - Scale and Define data types & nodata per band
2025-12-26 03:21:06,650 - INFO - z_normalization.py:145 - Assign time range and tile ID in metadata
2025-12-26 03:21:06,650 - INFO - z_normalization.py:151 - Write bands to raster COG files
2025-12-26 03:21:10,331 - INFO - z_normalization.py:164 - Write NDVI_Z -> //nas-rs.topo.auth.gr/Latomeia/DROUGHT/z_normalized/x07/y12/2024/11/01/S2L2A_znorm_x07y12_202411_NDVI_z.tif
2025-12-26 03:21:13,928 - INFO - z_normalization.py:164 - Write EVI_Z -> //nas-rs.topo.auth.gr/Latomeia/DROUGHT/z_normalized/x07/y12/2024/11/01/S2L2A_znorm_x07y12_202411_EVI_z.tif
2025-12-26 03:21:17,518 - INFO - z_normalization.py:164 - Write PSRI2_Z -> //nas-rs.topo.auth.gr/Latomeia/DROUGHT/z_normalized/x07/y12/2024/11/01/S2L2A_znorm_x07y12_202411_PSRI2_z.tif
2025-12-26 03:21:17,518 - INFO - z_normalization.py:166 - Prepare metadata YAML document
2025-12-26 03:21:17,612 - INFO - z_normalization.py:187 - Write metadata YAML document to disk
2025-12-26 03:21:17,630 - INFO - z_normalization.py:192 - Create datacube.model.Dataset from eo3 metadata
2025-12-26 03:21:17,635 - INFO - z_normalization.py:205 - Index to datacube
2025-12-26 03:21:17,635 - INFO - _datasets.py:191 - Indexing 829c2cf2-4b2a-42f7-a1a5-475ce0a4366a
2025-12-26 03:21:17,642 - INFO - z_normalization.py:208 - 
2025-12-26 03:21:17,642 - INFO - z_normalization.py:209 -              ✔✔✔ COMPLETED: Tile x07_y12 | Time: 2024-11 | In 0.22 minutes
2025-12-26 03:21:17,642 - INFO - z_normalization.py:210 - 
