2025-12-26 03:29:05,512 - INFO - z_normalization.py:42 - #######################################################################
2025-12-26 03:29:06,195 - INFO - z_normalization.py:56 - Starting Z-Normalization for x09_y11 | 2024-12
2025-12-26 03:29:06,195 - INFO - z_normalization.py:58 - Create directories and naming conversions
2025-12-26 03:29:06,210 - INFO - z_normalization.py:69 - Dataset location: //nas-rs.topo.auth.gr/Latomeia/DROUGHT/z_normalized/x09/y11/2024/12/01
2025-12-26 03:29:06,210 - INFO - z_normalization.py:74 - Z-Normalization | NDVI
2025-12-26 03:29:06,692 - INFO - z_normalization.py:83 - Loaded baseline
2025-12-26 03:29:06,692 - INFO - z_normalization.py:86 - Set up values | NDVI_mean
2025-12-26 03:29:06,723 - INFO - z_normalization.py:86 - Set up values | NDVI_std
2025-12-26 03:29:06,910 - INFO - z_normalization.py:101 - Loaded composite
2025-12-26 03:29:06,910 - INFO - z_normalization.py:103 - Set up values | NDVI
2025-12-26 03:29:06,941 - INFO - z_normalization.py:110 - Setting up normalization ... 
2025-12-26 03:29:06,941 - INFO - z_normalization.py:114 - Setting up normalization ... done
2025-12-26 03:29:06,941 - INFO - z_normalization.py:116 - Normalizing ... 
2025-12-26 03:29:07,031 - INFO - z_normalization.py:121 - Normalizing ... done
2025-12-26 03:29:07,088 - INFO - z_normalization.py:74 - Z-Normalization | EVI
2025-12-26 03:29:07,336 - INFO - z_normalization.py:83 - Loaded baseline
2025-12-26 03:29:07,336 - INFO - z_normalization.py:86 - Set up values | EVI_mean
2025-12-26 03:29:07,371 - INFO - z_normalization.py:86 - Set up values | EVI_std
2025-12-26 03:29:07,555 - INFO - z_normalization.py:101 - Loaded composite
2025-12-26 03:29:07,556 - INFO - z_normalization.py:103 - Set up values | EVI
2025-12-26 03:29:07,588 - INFO - z_normalization.py:110 - Setting up normalization ... 
2025-12-26 03:29:07,588 - INFO - z_normalization.py:114 - Setting up normalization ... done
2025-12-26 03:29:07,588 - INFO - z_normalization.py:116 - Normalizing ... 
2025-12-26 03:29:07,670 - INFO - z_normalization.py:121 - Normalizing ... done
2025-12-26 03:29:07,732 - INFO - z_normalization.py:74 - Z-Normalization | PSRI2
2025-12-26 03:29:07,996 - INFO - z_normalization.py:83 - Loaded baseline
2025-12-26 03:29:07,997 - INFO - z_normalization.py:86 - Set up values | PSRI2_mean
2025-12-26 03:29:08,036 - INFO - z_normalization.py:86 - Set up values | PSRI2_std
2025-12-26 03:29:08,232 - INFO - z_normalization.py:101 - Loaded composite
2025-12-26 03:29:08,233 - INFO - z_normalization.py:103 - Set up values | PSRI2
2025-12-26 03:29:08,273 - INFO - z_normalization.py:110 - Setting up normalization ... 
2025-12-26 03:29:08,273 - INFO - z_normalization.py:114 - Setting up normalization ... done
2025-12-26 03:29:08,273 - INFO - z_normalization.py:116 - Normalizing ... 
2025-12-26 03:29:08,383 - INFO - z_normalization.py:121 - Normalizing ... done
2025-12-26 03:29:08,449 - INFO - z_normalization.py:127 - Merging into one dataset
2025-12-26 03:29:08,451 - INFO - z_normalization.py:133 - Scale and Define data types & nodata per band
2025-12-26 03:29:08,453 - INFO - z_normalization.py:145 - Assign time range and tile ID in metadata
2025-12-26 03:29:08,454 - INFO - z_normalization.py:151 - Write bands to raster COG files
2025-12-26 03:29:12,780 - INFO - z_normalization.py:164 - Write NDVI_Z -> //nas-rs.topo.auth.gr/Latomeia/DROUGHT/z_normalized/x09/y11/2024/12/01/S2L2A_znorm_x09y11_202412_NDVI_z.tif
2025-12-26 03:29:16,982 - INFO - z_normalization.py:164 - Write EVI_Z -> //nas-rs.topo.auth.gr/Latomeia/DROUGHT/z_normalized/x09/y11/2024/12/01/S2L2A_znorm_x09y11_202412_EVI_z.tif
2025-12-26 03:29:21,478 - INFO - z_normalization.py:164 - Write PSRI2_Z -> //nas-rs.topo.auth.gr/Latomeia/DROUGHT/z_normalized/x09/y11/2024/12/01/S2L2A_znorm_x09y11_202412_PSRI2_z.tif
2025-12-26 03:29:21,478 - INFO - z_normalization.py:166 - Prepare metadata YAML document
2025-12-26 03:29:21,584 - INFO - z_normalization.py:187 - Write metadata YAML document to disk
2025-12-26 03:29:21,607 - INFO - z_normalization.py:192 - Create datacube.model.Dataset from eo3 metadata
2025-12-26 03:29:21,612 - INFO - z_normalization.py:205 - Index to datacube
2025-12-26 03:29:21,612 - INFO - _datasets.py:191 - Indexing 9bf8aeda-fd4e-4f39-ba71-2585a3b288d9
2025-12-26 03:29:21,621 - INFO - z_normalization.py:208 - 
2025-12-26 03:29:21,621 - INFO - z_normalization.py:209 -              ✔✔✔ COMPLETED: Tile x09_y11 | Time: 2024-12 | In 0.26 minutes
2025-12-26 03:29:21,621 - INFO - z_normalization.py:210 - 
