2025-12-26 04:10:34,547 - INFO - z_normalization.py:42 - #######################################################################
2025-12-26 04:10:35,251 - INFO - z_normalization.py:56 - Starting Z-Normalization for x08_y10 | 2025-07
2025-12-26 04:10:35,251 - INFO - z_normalization.py:58 - Create directories and naming conversions
2025-12-26 04:10:35,264 - INFO - z_normalization.py:69 - Dataset location: //nas-rs.topo.auth.gr/Latomeia/DROUGHT/z_normalized/x08/y10/2025/7/01
2025-12-26 04:10:35,264 - INFO - z_normalization.py:74 - Z-Normalization | NDVI
2025-12-26 04:10:35,712 - INFO - z_normalization.py:83 - Loaded baseline
2025-12-26 04:10:35,712 - INFO - z_normalization.py:86 - Set up values | NDVI_mean
2025-12-26 04:10:35,753 - INFO - z_normalization.py:86 - Set up values | NDVI_std
2025-12-26 04:10:35,945 - INFO - z_normalization.py:101 - Loaded composite
2025-12-26 04:10:35,945 - INFO - z_normalization.py:103 - Set up values | NDVI
2025-12-26 04:10:35,986 - INFO - z_normalization.py:110 - Setting up normalization ... 
2025-12-26 04:10:35,986 - INFO - z_normalization.py:114 - Setting up normalization ... done
2025-12-26 04:10:35,986 - INFO - z_normalization.py:116 - Normalizing ... 
2025-12-26 04:10:36,086 - INFO - z_normalization.py:121 - Normalizing ... done
2025-12-26 04:10:36,146 - INFO - z_normalization.py:74 - Z-Normalization | EVI
2025-12-26 04:10:36,387 - INFO - z_normalization.py:83 - Loaded baseline
2025-12-26 04:10:36,387 - INFO - z_normalization.py:86 - Set up values | EVI_mean
2025-12-26 04:10:36,427 - INFO - z_normalization.py:86 - Set up values | EVI_std
2025-12-26 04:10:36,609 - INFO - z_normalization.py:101 - Loaded composite
2025-12-26 04:10:36,609 - INFO - z_normalization.py:103 - Set up values | EVI
2025-12-26 04:10:36,649 - INFO - z_normalization.py:110 - Setting up normalization ... 
2025-12-26 04:10:36,649 - INFO - z_normalization.py:114 - Setting up normalization ... done
2025-12-26 04:10:36,649 - INFO - z_normalization.py:116 - Normalizing ... 
2025-12-26 04:10:36,755 - INFO - z_normalization.py:121 - Normalizing ... done
2025-12-26 04:10:36,833 - INFO - z_normalization.py:74 - Z-Normalization | PSRI2
2025-12-26 04:10:37,092 - INFO - z_normalization.py:83 - Loaded baseline
2025-12-26 04:10:37,092 - INFO - z_normalization.py:86 - Set up values | PSRI2_mean
2025-12-26 04:10:37,130 - INFO - z_normalization.py:86 - Set up values | PSRI2_std
2025-12-26 04:10:37,320 - INFO - z_normalization.py:101 - Loaded composite
2025-12-26 04:10:37,320 - INFO - z_normalization.py:103 - Set up values | PSRI2
2025-12-26 04:10:37,357 - INFO - z_normalization.py:110 - Setting up normalization ... 
2025-12-26 04:10:37,357 - INFO - z_normalization.py:114 - Setting up normalization ... done
2025-12-26 04:10:37,357 - INFO - z_normalization.py:116 - Normalizing ... 
2025-12-26 04:10:37,470 - INFO - z_normalization.py:121 - Normalizing ... done
2025-12-26 04:10:37,535 - INFO - z_normalization.py:127 - Merging into one dataset
2025-12-26 04:10:37,537 - INFO - z_normalization.py:133 - Scale and Define data types & nodata per band
2025-12-26 04:10:37,539 - INFO - z_normalization.py:145 - Assign time range and tile ID in metadata
2025-12-26 04:10:37,539 - INFO - z_normalization.py:151 - Write bands to raster COG files
2025-12-26 04:10:42,234 - INFO - z_normalization.py:164 - Write NDVI_Z -> //nas-rs.topo.auth.gr/Latomeia/DROUGHT/z_normalized/x08/y10/2025/7/01/S2L2A_znorm_x08y10_20257_NDVI_z.tif
2025-12-26 04:10:47,138 - INFO - z_normalization.py:164 - Write EVI_Z -> //nas-rs.topo.auth.gr/Latomeia/DROUGHT/z_normalized/x08/y10/2025/7/01/S2L2A_znorm_x08y10_20257_EVI_z.tif
2025-12-26 04:10:52,094 - INFO - z_normalization.py:164 - Write PSRI2_Z -> //nas-rs.topo.auth.gr/Latomeia/DROUGHT/z_normalized/x08/y10/2025/7/01/S2L2A_znorm_x08y10_20257_PSRI2_z.tif
2025-12-26 04:10:52,095 - INFO - z_normalization.py:166 - Prepare metadata YAML document
2025-12-26 04:10:52,224 - INFO - z_normalization.py:187 - Write metadata YAML document to disk
2025-12-26 04:10:52,245 - INFO - z_normalization.py:192 - Create datacube.model.Dataset from eo3 metadata
2025-12-26 04:10:52,251 - INFO - z_normalization.py:205 - Index to datacube
2025-12-26 04:10:52,252 - INFO - _datasets.py:191 - Indexing 8d586a09-f1e1-4b2e-9fcf-d848dc6273ce
2025-12-26 04:10:52,260 - INFO - z_normalization.py:208 - 
2025-12-26 04:10:52,260 - INFO - z_normalization.py:209 -              ✔✔✔ COMPLETED: Tile x08_y10 | Time: 2025-07 | In 0.28 minutes
2025-12-26 04:10:52,260 - INFO - z_normalization.py:210 - 
