2025-12-26 13:51:08,287 - INFO - z_normalization.py:42 - #######################################################################
2025-12-26 13:51:08,853 - INFO - z_normalization.py:56 - Starting Z-Normalization for x09_y12 | 2024-10
2025-12-26 13:51:08,853 - INFO - z_normalization.py:58 - Create directories and naming conversions
2025-12-26 13:51:08,869 - INFO - z_normalization.py:69 - Dataset location: //nas-rs.topo.auth.gr/Latomeia/DROUGHT/z_normalized/x09/y12/2024/10/01
2025-12-26 13:51:08,869 - INFO - z_normalization.py:74 - Z-Normalization | NDVI
2025-12-26 13:51:09,259 - INFO - z_normalization.py:83 - Loaded baseline
2025-12-26 13:51:09,259 - INFO - z_normalization.py:86 - Set up values | NDVI_mean
2025-12-26 13:51:09,290 - INFO - z_normalization.py:86 - Set up values | NDVI_std
2025-12-26 13:51:09,476 - INFO - z_normalization.py:101 - Loaded composite
2025-12-26 13:51:09,477 - INFO - z_normalization.py:103 - Set up values | NDVI
2025-12-26 13:51:09,508 - INFO - z_normalization.py:110 - Setting up normalization ... 
2025-12-26 13:51:09,508 - INFO - z_normalization.py:114 - Setting up normalization ... done
2025-12-26 13:51:09,508 - INFO - z_normalization.py:116 - Normalizing ... 
2025-12-26 13:51:09,592 - INFO - z_normalization.py:121 - Normalizing ... done
2025-12-26 13:51:09,642 - INFO - z_normalization.py:74 - Z-Normalization | EVI
2025-12-26 13:51:09,910 - INFO - z_normalization.py:83 - Loaded baseline
2025-12-26 13:51:09,910 - INFO - z_normalization.py:86 - Set up values | EVI_mean
2025-12-26 13:51:09,939 - INFO - z_normalization.py:86 - Set up values | EVI_std
2025-12-26 13:51:10,118 - INFO - z_normalization.py:101 - Loaded composite
2025-12-26 13:51:10,118 - INFO - z_normalization.py:103 - Set up values | EVI
2025-12-26 13:51:10,153 - INFO - z_normalization.py:110 - Setting up normalization ... 
2025-12-26 13:51:10,153 - INFO - z_normalization.py:114 - Setting up normalization ... done
2025-12-26 13:51:10,153 - INFO - z_normalization.py:116 - Normalizing ... 
2025-12-26 13:51:10,230 - INFO - z_normalization.py:121 - Normalizing ... done
2025-12-26 13:51:10,282 - INFO - z_normalization.py:74 - Z-Normalization | PSRI2
2025-12-26 13:51:10,492 - INFO - z_normalization.py:83 - Loaded baseline
2025-12-26 13:51:10,493 - INFO - z_normalization.py:86 - Set up values | PSRI2_mean
2025-12-26 13:51:10,521 - INFO - z_normalization.py:86 - Set up values | PSRI2_std
2025-12-26 13:51:10,688 - INFO - z_normalization.py:101 - Loaded composite
2025-12-26 13:51:10,688 - INFO - z_normalization.py:103 - Set up values | PSRI2
2025-12-26 13:51:10,718 - INFO - z_normalization.py:110 - Setting up normalization ... 
2025-12-26 13:51:10,718 - INFO - z_normalization.py:114 - Setting up normalization ... done
2025-12-26 13:51:10,718 - INFO - z_normalization.py:116 - Normalizing ... 
2025-12-26 13:51:10,797 - INFO - z_normalization.py:121 - Normalizing ... done
2025-12-26 13:51:10,850 - INFO - z_normalization.py:127 - Merging into one dataset
2025-12-26 13:51:10,851 - INFO - z_normalization.py:133 - Scale and Define data types & nodata per band
2025-12-26 13:51:10,852 - INFO - z_normalization.py:145 - Assign time range and tile ID in metadata
2025-12-26 13:51:10,852 - INFO - z_normalization.py:151 - Write bands to raster COG files
2025-12-26 13:51:14,644 - INFO - z_normalization.py:164 - Write NDVI_Z -> //nas-rs.topo.auth.gr/Latomeia/DROUGHT/z_normalized/x09/y12/2024/10/01/S2L2A_znorm_x09y12_202410_NDVI_z.tif
2025-12-26 13:51:18,451 - INFO - z_normalization.py:164 - Write EVI_Z -> //nas-rs.topo.auth.gr/Latomeia/DROUGHT/z_normalized/x09/y12/2024/10/01/S2L2A_znorm_x09y12_202410_EVI_z.tif
2025-12-26 13:51:22,692 - INFO - z_normalization.py:164 - Write PSRI2_Z -> //nas-rs.topo.auth.gr/Latomeia/DROUGHT/z_normalized/x09/y12/2024/10/01/S2L2A_znorm_x09y12_202410_PSRI2_z.tif
2025-12-26 13:51:22,692 - INFO - z_normalization.py:166 - Assert relative paths and product measurements are matched
2025-12-26 13:51:22,736 - INFO - z_normalization.py:172 - Prepare metadata YAML document
2025-12-26 13:51:22,835 - INFO - z_normalization.py:192 - Write metadata YAML document to disk
2025-12-26 13:51:22,856 - INFO - z_normalization.py:197 - Create datacube.model.Dataset from eo3 metadata
2025-12-26 13:51:22,859 - INFO - z_normalization.py:210 - Index to datacube
2025-12-26 13:51:22,860 - INFO - _datasets.py:191 - Indexing 8483eeff-f76e-4da7-96ad-175dfb643aa3
2025-12-26 13:51:22,867 - INFO - z_normalization.py:213 - 
2025-12-26 13:51:22,867 - INFO - z_normalization.py:214 -              ✔✔✔ COMPLETED: Tile x09_y12 | Time: 2024-10 | In 0.23 minutes
2025-12-26 13:51:22,867 - INFO - z_normalization.py:215 - 
2025-12-26 13:51:22,867 - INFO - z_normalization.py:230 - #######################################################################
