2025-12-26 15:01:54,838 - INFO - z_normalization.py:42 - #######################################################################
2025-12-26 15:01:55,444 - INFO - z_normalization.py:56 - Starting Z-Normalization for x08_y10 | 2025-09
2025-12-26 15:01:55,444 - INFO - z_normalization.py:58 - Create directories and naming conversions
2025-12-26 15:01:55,457 - INFO - z_normalization.py:69 - Dataset location: //nas-rs.topo.auth.gr/Latomeia/DROUGHT/z_normalized/x08/y10/2025/9/01
2025-12-26 15:01:55,458 - INFO - z_normalization.py:74 - Z-Normalization | NDVI
2025-12-26 15:01:55,881 - INFO - z_normalization.py:83 - Loaded baseline
2025-12-26 15:01:55,882 - INFO - z_normalization.py:86 - Set up values | NDVI_mean
2025-12-26 15:01:55,916 - INFO - z_normalization.py:86 - Set up values | NDVI_std
2025-12-26 15:01:56,109 - INFO - z_normalization.py:101 - Loaded composite
2025-12-26 15:01:56,109 - INFO - z_normalization.py:103 - Set up values | NDVI
2025-12-26 15:01:56,143 - INFO - z_normalization.py:110 - Setting up normalization ... 
2025-12-26 15:01:56,144 - INFO - z_normalization.py:114 - Setting up normalization ... done
2025-12-26 15:01:56,144 - INFO - z_normalization.py:116 - Normalizing ... 
2025-12-26 15:01:56,227 - INFO - z_normalization.py:121 - Normalizing ... done
2025-12-26 15:01:56,293 - INFO - z_normalization.py:74 - Z-Normalization | EVI
2025-12-26 15:01:56,569 - INFO - z_normalization.py:83 - Loaded baseline
2025-12-26 15:01:56,569 - INFO - z_normalization.py:86 - Set up values | EVI_mean
2025-12-26 15:01:56,599 - INFO - z_normalization.py:86 - Set up values | EVI_std
2025-12-26 15:01:56,780 - INFO - z_normalization.py:101 - Loaded composite
2025-12-26 15:01:56,781 - INFO - z_normalization.py:103 - Set up values | EVI
2025-12-26 15:01:56,811 - INFO - z_normalization.py:110 - Setting up normalization ... 
2025-12-26 15:01:56,811 - INFO - z_normalization.py:114 - Setting up normalization ... done
2025-12-26 15:01:56,811 - INFO - z_normalization.py:116 - Normalizing ... 
2025-12-26 15:01:56,898 - INFO - z_normalization.py:121 - Normalizing ... done
2025-12-26 15:01:56,959 - INFO - z_normalization.py:74 - Z-Normalization | PSRI2
2025-12-26 15:01:57,199 - INFO - z_normalization.py:83 - Loaded baseline
2025-12-26 15:01:57,199 - INFO - z_normalization.py:86 - Set up values | PSRI2_mean
2025-12-26 15:01:57,230 - INFO - z_normalization.py:86 - Set up values | PSRI2_std
2025-12-26 15:01:57,417 - INFO - z_normalization.py:101 - Loaded composite
2025-12-26 15:01:57,417 - INFO - z_normalization.py:103 - Set up values | PSRI2
2025-12-26 15:01:57,452 - INFO - z_normalization.py:110 - Setting up normalization ... 
2025-12-26 15:01:57,452 - INFO - z_normalization.py:114 - Setting up normalization ... done
2025-12-26 15:01:57,452 - INFO - z_normalization.py:116 - Normalizing ... 
2025-12-26 15:01:57,545 - INFO - z_normalization.py:121 - Normalizing ... done
2025-12-26 15:01:57,620 - INFO - z_normalization.py:127 - Merging into one dataset
2025-12-26 15:01:57,621 - INFO - z_normalization.py:133 - Scale and Define data types & nodata per band
2025-12-26 15:01:57,623 - INFO - z_normalization.py:145 - Assign time range and tile ID in metadata
2025-12-26 15:01:57,623 - INFO - z_normalization.py:151 - Write bands to raster COG files
2025-12-26 15:02:01,661 - INFO - z_normalization.py:164 - Write NDVI_Z -> //nas-rs.topo.auth.gr/Latomeia/DROUGHT/z_normalized/x08/y10/2025/9/01/S2L2A_znorm_x08y10_20259_NDVI_z.tif
2025-12-26 15:02:05,430 - INFO - z_normalization.py:164 - Write EVI_Z -> //nas-rs.topo.auth.gr/Latomeia/DROUGHT/z_normalized/x08/y10/2025/9/01/S2L2A_znorm_x08y10_20259_EVI_z.tif
2025-12-26 15:02:09,186 - INFO - z_normalization.py:164 - Write PSRI2_Z -> //nas-rs.topo.auth.gr/Latomeia/DROUGHT/z_normalized/x08/y10/2025/9/01/S2L2A_znorm_x08y10_20259_PSRI2_z.tif
2025-12-26 15:02:09,187 - INFO - z_normalization.py:166 - Assert relative paths and product measurements are matched
2025-12-26 15:02:09,225 - INFO - z_normalization.py:172 - Prepare metadata YAML document
2025-12-26 15:02:09,329 - INFO - z_normalization.py:192 - Write metadata YAML document to disk
2025-12-26 15:02:09,347 - INFO - z_normalization.py:197 - Create datacube.model.Dataset from eo3 metadata
2025-12-26 15:02:09,352 - INFO - z_normalization.py:210 - Index to datacube
2025-12-26 15:02:09,352 - INFO - _datasets.py:191 - Indexing d7d68938-da92-4028-b4b1-9e7541b34d64
2025-12-26 15:02:09,360 - INFO - z_normalization.py:213 - 
2025-12-26 15:02:09,360 - INFO - z_normalization.py:214 -              ✔✔✔ COMPLETED: Tile x08_y10 | Time: 2025-09 | In 0.23 minutes
2025-12-26 15:02:09,360 - INFO - z_normalization.py:215 - 
2025-12-26 15:02:09,360 - INFO - z_normalization.py:230 - #######################################################################
