2025-12-26 14:54:53,154 - INFO - z_normalization.py:42 - #######################################################################
2025-12-26 14:54:53,841 - INFO - z_normalization.py:56 - Starting Z-Normalization for x07_y11 | 2025-08
2025-12-26 14:54:53,841 - INFO - z_normalization.py:58 - Create directories and naming conversions
2025-12-26 14:54:53,855 - INFO - z_normalization.py:69 - Dataset location: //nas-rs.topo.auth.gr/Latomeia/DROUGHT/z_normalized/x07/y11/2025/8/01
2025-12-26 14:54:53,855 - INFO - z_normalization.py:74 - Z-Normalization | NDVI
2025-12-26 14:54:54,294 - INFO - z_normalization.py:83 - Loaded baseline
2025-12-26 14:54:54,294 - INFO - z_normalization.py:86 - Set up values | NDVI_mean
2025-12-26 14:54:54,327 - INFO - z_normalization.py:86 - Set up values | NDVI_std
2025-12-26 14:54:54,516 - INFO - z_normalization.py:101 - Loaded composite
2025-12-26 14:54:54,516 - INFO - z_normalization.py:103 - Set up values | NDVI
2025-12-26 14:54:54,547 - INFO - z_normalization.py:110 - Setting up normalization ... 
2025-12-26 14:54:54,548 - INFO - z_normalization.py:114 - Setting up normalization ... done
2025-12-26 14:54:54,548 - INFO - z_normalization.py:116 - Normalizing ... 
2025-12-26 14:54:54,646 - INFO - z_normalization.py:121 - Normalizing ... done
2025-12-26 14:54:54,721 - INFO - z_normalization.py:74 - Z-Normalization | EVI
2025-12-26 14:54:54,986 - INFO - z_normalization.py:83 - Loaded baseline
2025-12-26 14:54:54,986 - INFO - z_normalization.py:86 - Set up values | EVI_mean
2025-12-26 14:54:55,015 - INFO - z_normalization.py:86 - Set up values | EVI_std
2025-12-26 14:54:55,198 - INFO - z_normalization.py:101 - Loaded composite
2025-12-26 14:54:55,198 - INFO - z_normalization.py:103 - Set up values | EVI
2025-12-26 14:54:55,228 - INFO - z_normalization.py:110 - Setting up normalization ... 
2025-12-26 14:54:55,229 - INFO - z_normalization.py:114 - Setting up normalization ... done
2025-12-26 14:54:55,229 - INFO - z_normalization.py:116 - Normalizing ... 
2025-12-26 14:54:55,305 - INFO - z_normalization.py:121 - Normalizing ... done
2025-12-26 14:54:55,355 - INFO - z_normalization.py:74 - Z-Normalization | PSRI2
2025-12-26 14:54:55,599 - INFO - z_normalization.py:83 - Loaded baseline
2025-12-26 14:54:55,599 - INFO - z_normalization.py:86 - Set up values | PSRI2_mean
2025-12-26 14:54:55,628 - INFO - z_normalization.py:86 - Set up values | PSRI2_std
2025-12-26 14:54:55,789 - INFO - z_normalization.py:101 - Loaded composite
2025-12-26 14:54:55,789 - INFO - z_normalization.py:103 - Set up values | PSRI2
2025-12-26 14:54:55,824 - INFO - z_normalization.py:110 - Setting up normalization ... 
2025-12-26 14:54:55,824 - INFO - z_normalization.py:114 - Setting up normalization ... done
2025-12-26 14:54:55,824 - INFO - z_normalization.py:116 - Normalizing ... 
2025-12-26 14:54:55,902 - INFO - z_normalization.py:121 - Normalizing ... done
2025-12-26 14:54:55,956 - INFO - z_normalization.py:127 - Merging into one dataset
2025-12-26 14:54:55,957 - INFO - z_normalization.py:133 - Scale and Define data types & nodata per band
2025-12-26 14:54:55,958 - INFO - z_normalization.py:145 - Assign time range and tile ID in metadata
2025-12-26 14:54:55,958 - INFO - z_normalization.py:151 - Write bands to raster COG files
2025-12-26 14:54:59,638 - INFO - z_normalization.py:164 - Write NDVI_Z -> //nas-rs.topo.auth.gr/Latomeia/DROUGHT/z_normalized/x07/y11/2025/8/01/S2L2A_znorm_x07y11_20258_NDVI_z.tif
2025-12-26 14:55:03,322 - INFO - z_normalization.py:164 - Write EVI_Z -> //nas-rs.topo.auth.gr/Latomeia/DROUGHT/z_normalized/x07/y11/2025/8/01/S2L2A_znorm_x07y11_20258_EVI_z.tif
2025-12-26 14:55:06,974 - INFO - z_normalization.py:164 - Write PSRI2_Z -> //nas-rs.topo.auth.gr/Latomeia/DROUGHT/z_normalized/x07/y11/2025/8/01/S2L2A_znorm_x07y11_20258_PSRI2_z.tif
2025-12-26 14:55:06,974 - INFO - z_normalization.py:166 - Assert relative paths and product measurements are matched
2025-12-26 14:55:07,015 - INFO - z_normalization.py:172 - Prepare metadata YAML document
2025-12-26 14:55:07,115 - INFO - z_normalization.py:192 - Write metadata YAML document to disk
2025-12-26 14:55:07,135 - INFO - z_normalization.py:197 - Create datacube.model.Dataset from eo3 metadata
2025-12-26 14:55:07,139 - INFO - z_normalization.py:210 - Index to datacube
2025-12-26 14:55:07,139 - INFO - _datasets.py:191 - Indexing 210f110b-fe74-4417-a442-8bdb54bfb5ae
2025-12-26 14:55:07,146 - INFO - z_normalization.py:213 - 
2025-12-26 14:55:07,146 - INFO - z_normalization.py:214 -              ✔✔✔ COMPLETED: Tile x07_y11 | Time: 2025-08 | In 0.22 minutes
2025-12-26 14:55:07,146 - INFO - z_normalization.py:215 - 
2025-12-26 14:55:07,146 - INFO - z_normalization.py:230 - #######################################################################
