2025-12-26 12:14:03,379 - INFO - z_normalization.py:42 - #######################################################################
2025-12-26 12:14:03,939 - INFO - z_normalization.py:56 - Starting Z-Normalization for x10_y08 | 2023-07
2025-12-26 12:14:03,939 - INFO - z_normalization.py:58 - Create directories and naming conversions
2025-12-26 12:14:03,953 - INFO - z_normalization.py:69 - Dataset location: //nas-rs.topo.auth.gr/Latomeia/DROUGHT/z_normalized/x10/y08/2023/7/01
2025-12-26 12:14:03,953 - INFO - z_normalization.py:74 - Z-Normalization | NDVI
2025-12-26 12:14:04,341 - INFO - z_normalization.py:83 - Loaded baseline
2025-12-26 12:14:04,341 - INFO - z_normalization.py:86 - Set up values | NDVI_mean
2025-12-26 12:14:04,372 - INFO - z_normalization.py:86 - Set up values | NDVI_std
2025-12-26 12:14:04,594 - INFO - z_normalization.py:101 - Loaded composite
2025-12-26 12:14:04,594 - INFO - z_normalization.py:103 - Set up values | NDVI
2025-12-26 12:14:04,624 - INFO - z_normalization.py:110 - Setting up normalization ... 
2025-12-26 12:14:04,624 - INFO - z_normalization.py:114 - Setting up normalization ... done
2025-12-26 12:14:04,624 - INFO - z_normalization.py:116 - Normalizing ... 
2025-12-26 12:14:04,706 - INFO - z_normalization.py:121 - Normalizing ... done
2025-12-26 12:14:04,758 - INFO - z_normalization.py:74 - Z-Normalization | EVI
2025-12-26 12:14:05,016 - INFO - z_normalization.py:83 - Loaded baseline
2025-12-26 12:14:05,016 - INFO - z_normalization.py:86 - Set up values | EVI_mean
2025-12-26 12:14:05,044 - INFO - z_normalization.py:86 - Set up values | EVI_std
2025-12-26 12:14:05,217 - INFO - z_normalization.py:101 - Loaded composite
2025-12-26 12:14:05,217 - INFO - z_normalization.py:103 - Set up values | EVI
2025-12-26 12:14:05,246 - INFO - z_normalization.py:110 - Setting up normalization ... 
2025-12-26 12:14:05,246 - INFO - z_normalization.py:114 - Setting up normalization ... done
2025-12-26 12:14:05,246 - INFO - z_normalization.py:116 - Normalizing ... 
2025-12-26 12:14:05,333 - INFO - z_normalization.py:121 - Normalizing ... done
2025-12-26 12:14:05,398 - INFO - z_normalization.py:74 - Z-Normalization | PSRI2
2025-12-26 12:14:05,628 - INFO - z_normalization.py:83 - Loaded baseline
2025-12-26 12:14:05,628 - INFO - z_normalization.py:86 - Set up values | PSRI2_mean
2025-12-26 12:14:05,656 - INFO - z_normalization.py:86 - Set up values | PSRI2_std
2025-12-26 12:14:05,820 - INFO - z_normalization.py:101 - Loaded composite
2025-12-26 12:14:05,820 - INFO - z_normalization.py:103 - Set up values | PSRI2
2025-12-26 12:14:05,858 - INFO - z_normalization.py:110 - Setting up normalization ... 
2025-12-26 12:14:05,858 - INFO - z_normalization.py:114 - Setting up normalization ... done
2025-12-26 12:14:05,858 - INFO - z_normalization.py:116 - Normalizing ... 
2025-12-26 12:14:05,943 - INFO - z_normalization.py:121 - Normalizing ... done
2025-12-26 12:14:06,000 - INFO - z_normalization.py:127 - Merging into one dataset
2025-12-26 12:14:06,002 - INFO - z_normalization.py:133 - Scale and Define data types & nodata per band
2025-12-26 12:14:06,004 - INFO - z_normalization.py:145 - Assign time range and tile ID in metadata
2025-12-26 12:14:06,004 - INFO - z_normalization.py:151 - Write bands to raster COG files
2025-12-26 12:14:09,758 - INFO - z_normalization.py:164 - Write NDVI_Z -> //nas-rs.topo.auth.gr/Latomeia/DROUGHT/z_normalized/x10/y08/2023/7/01/S2L2A_znorm_x10y08_20237_NDVI_z.tif
2025-12-26 12:14:13,627 - INFO - z_normalization.py:164 - Write EVI_Z -> //nas-rs.topo.auth.gr/Latomeia/DROUGHT/z_normalized/x10/y08/2023/7/01/S2L2A_znorm_x10y08_20237_EVI_z.tif
2025-12-26 12:14:17,427 - INFO - z_normalization.py:164 - Write PSRI2_Z -> //nas-rs.topo.auth.gr/Latomeia/DROUGHT/z_normalized/x10/y08/2023/7/01/S2L2A_znorm_x10y08_20237_PSRI2_z.tif
2025-12-26 12:14:17,427 - INFO - z_normalization.py:166 - Assert relative paths and product measurements are matched
2025-12-26 12:14:17,466 - INFO - z_normalization.py:172 - Prepare metadata YAML document
2025-12-26 12:14:17,558 - INFO - z_normalization.py:192 - Write metadata YAML document to disk
2025-12-26 12:14:17,581 - INFO - z_normalization.py:197 - Create datacube.model.Dataset from eo3 metadata
2025-12-26 12:14:17,585 - INFO - z_normalization.py:210 - Index to datacube
2025-12-26 12:14:17,585 - INFO - _datasets.py:191 - Indexing 9d000de4-225e-441b-8b51-7ae71d8f58cb
2025-12-26 12:14:17,592 - INFO - z_normalization.py:213 - 
2025-12-26 12:14:17,592 - INFO - z_normalization.py:214 -              ✔✔✔ COMPLETED: Tile x10_y08 | Time: 2023-07 | In 0.23 minutes
2025-12-26 12:14:17,592 - INFO - z_normalization.py:215 - 
2025-12-26 12:14:17,592 - INFO - z_normalization.py:230 - #######################################################################
