2025-12-26 15:20:01,599 - INFO - z_normalization.py:42 - #######################################################################
2025-12-26 15:20:02,328 - INFO - z_normalization.py:56 - Starting Z-Normalization for x11_y11 | 2025-11
2025-12-26 15:20:02,329 - INFO - z_normalization.py:58 - Create directories and naming conversions
2025-12-26 15:20:02,342 - INFO - z_normalization.py:69 - Dataset location: //nas-rs.topo.auth.gr/Latomeia/DROUGHT/z_normalized/x11/y11/2025/11/01
2025-12-26 15:20:02,342 - INFO - z_normalization.py:74 - Z-Normalization | NDVI
2025-12-26 15:20:02,792 - INFO - z_normalization.py:83 - Loaded baseline
2025-12-26 15:20:02,792 - INFO - z_normalization.py:86 - Set up values | NDVI_mean
2025-12-26 15:20:02,824 - INFO - z_normalization.py:86 - Set up values | NDVI_std
2025-12-26 15:20:03,015 - INFO - z_normalization.py:101 - Loaded composite
2025-12-26 15:20:03,015 - INFO - z_normalization.py:103 - Set up values | NDVI
2025-12-26 15:20:03,048 - INFO - z_normalization.py:110 - Setting up normalization ... 
2025-12-26 15:20:03,048 - INFO - z_normalization.py:114 - Setting up normalization ... done
2025-12-26 15:20:03,048 - INFO - z_normalization.py:116 - Normalizing ... 
2025-12-26 15:20:03,149 - INFO - z_normalization.py:121 - Normalizing ... done
2025-12-26 15:20:03,231 - INFO - z_normalization.py:74 - Z-Normalization | EVI
2025-12-26 15:20:03,507 - INFO - z_normalization.py:83 - Loaded baseline
2025-12-26 15:20:03,507 - INFO - z_normalization.py:86 - Set up values | EVI_mean
2025-12-26 15:20:03,542 - INFO - z_normalization.py:86 - Set up values | EVI_std
2025-12-26 15:20:03,738 - INFO - z_normalization.py:101 - Loaded composite
2025-12-26 15:20:03,739 - INFO - z_normalization.py:103 - Set up values | EVI
2025-12-26 15:20:03,769 - INFO - z_normalization.py:110 - Setting up normalization ... 
2025-12-26 15:20:03,770 - INFO - z_normalization.py:114 - Setting up normalization ... done
2025-12-26 15:20:03,770 - INFO - z_normalization.py:116 - Normalizing ... 
2025-12-26 15:20:03,858 - INFO - z_normalization.py:121 - Normalizing ... done
2025-12-26 15:20:03,924 - INFO - z_normalization.py:74 - Z-Normalization | PSRI2
2025-12-26 15:20:04,157 - INFO - z_normalization.py:83 - Loaded baseline
2025-12-26 15:20:04,157 - INFO - z_normalization.py:86 - Set up values | PSRI2_mean
2025-12-26 15:20:04,199 - INFO - z_normalization.py:86 - Set up values | PSRI2_std
2025-12-26 15:20:04,378 - INFO - z_normalization.py:101 - Loaded composite
2025-12-26 15:20:04,379 - INFO - z_normalization.py:103 - Set up values | PSRI2
2025-12-26 15:20:04,414 - INFO - z_normalization.py:110 - Setting up normalization ... 
2025-12-26 15:20:04,415 - INFO - z_normalization.py:114 - Setting up normalization ... done
2025-12-26 15:20:04,415 - INFO - z_normalization.py:116 - Normalizing ... 
2025-12-26 15:20:04,512 - INFO - z_normalization.py:121 - Normalizing ... done
2025-12-26 15:20:04,574 - INFO - z_normalization.py:127 - Merging into one dataset
2025-12-26 15:20:04,576 - INFO - z_normalization.py:133 - Scale and Define data types & nodata per band
2025-12-26 15:20:04,578 - INFO - z_normalization.py:145 - Assign time range and tile ID in metadata
2025-12-26 15:20:04,578 - INFO - z_normalization.py:151 - Write bands to raster COG files
2025-12-26 15:20:08,501 - INFO - z_normalization.py:164 - Write NDVI_Z -> //nas-rs.topo.auth.gr/Latomeia/DROUGHT/z_normalized/x11/y11/2025/11/01/S2L2A_znorm_x11y11_202511_NDVI_z.tif
2025-12-26 15:20:12,627 - INFO - z_normalization.py:164 - Write EVI_Z -> //nas-rs.topo.auth.gr/Latomeia/DROUGHT/z_normalized/x11/y11/2025/11/01/S2L2A_znorm_x11y11_202511_EVI_z.tif
2025-12-26 15:20:16,571 - INFO - z_normalization.py:164 - Write PSRI2_Z -> //nas-rs.topo.auth.gr/Latomeia/DROUGHT/z_normalized/x11/y11/2025/11/01/S2L2A_znorm_x11y11_202511_PSRI2_z.tif
2025-12-26 15:20:16,571 - INFO - z_normalization.py:166 - Assert relative paths and product measurements are matched
2025-12-26 15:20:16,609 - INFO - z_normalization.py:172 - Prepare metadata YAML document
2025-12-26 15:20:16,702 - INFO - z_normalization.py:192 - Write metadata YAML document to disk
2025-12-26 15:20:16,725 - INFO - z_normalization.py:197 - Create datacube.model.Dataset from eo3 metadata
2025-12-26 15:20:16,730 - INFO - z_normalization.py:210 - Index to datacube
2025-12-26 15:20:16,731 - INFO - _datasets.py:191 - Indexing e2971167-3f63-4220-803c-c0f85b7d2907
2025-12-26 15:20:16,740 - INFO - z_normalization.py:213 - 
2025-12-26 15:20:16,740 - INFO - z_normalization.py:214 -              ✔✔✔ COMPLETED: Tile x11_y11 | Time: 2025-11 | In 0.24 minutes
2025-12-26 15:20:16,740 - INFO - z_normalization.py:215 - 
2025-12-26 15:20:16,740 - INFO - z_normalization.py:230 - #######################################################################
