2025-12-26 12:39:14,115 - INFO - z_normalization.py:42 - #######################################################################
2025-12-26 12:39:14,660 - INFO - z_normalization.py:56 - Starting Z-Normalization for x09_y11 | 2023-11
2025-12-26 12:39:14,660 - INFO - z_normalization.py:58 - Create directories and naming conversions
2025-12-26 12:39:14,673 - INFO - z_normalization.py:69 - Dataset location: //nas-rs.topo.auth.gr/Latomeia/DROUGHT/z_normalized/x09/y11/2023/11/01
2025-12-26 12:39:14,673 - INFO - z_normalization.py:74 - Z-Normalization | NDVI
2025-12-26 12:39:15,058 - INFO - z_normalization.py:83 - Loaded baseline
2025-12-26 12:39:15,058 - INFO - z_normalization.py:86 - Set up values | NDVI_mean
2025-12-26 12:39:15,088 - INFO - z_normalization.py:86 - Set up values | NDVI_std
2025-12-26 12:39:15,262 - INFO - z_normalization.py:101 - Loaded composite
2025-12-26 12:39:15,262 - INFO - z_normalization.py:103 - Set up values | NDVI
2025-12-26 12:39:15,291 - INFO - z_normalization.py:110 - Setting up normalization ... 
2025-12-26 12:39:15,291 - INFO - z_normalization.py:114 - Setting up normalization ... done
2025-12-26 12:39:15,291 - INFO - z_normalization.py:116 - Normalizing ... 
2025-12-26 12:39:15,374 - INFO - z_normalization.py:121 - Normalizing ... done
2025-12-26 12:39:15,425 - INFO - z_normalization.py:74 - Z-Normalization | EVI
2025-12-26 12:39:15,675 - INFO - z_normalization.py:83 - Loaded baseline
2025-12-26 12:39:15,675 - INFO - z_normalization.py:86 - Set up values | EVI_mean
2025-12-26 12:39:15,710 - INFO - z_normalization.py:86 - Set up values | EVI_std
2025-12-26 12:39:15,884 - INFO - z_normalization.py:101 - Loaded composite
2025-12-26 12:39:15,884 - INFO - z_normalization.py:103 - Set up values | EVI
2025-12-26 12:39:15,912 - INFO - z_normalization.py:110 - Setting up normalization ... 
2025-12-26 12:39:15,913 - INFO - z_normalization.py:114 - Setting up normalization ... done
2025-12-26 12:39:15,913 - INFO - z_normalization.py:116 - Normalizing ... 
2025-12-26 12:39:15,990 - INFO - z_normalization.py:121 - Normalizing ... done
2025-12-26 12:39:16,042 - INFO - z_normalization.py:74 - Z-Normalization | PSRI2
2025-12-26 12:39:16,272 - INFO - z_normalization.py:83 - Loaded baseline
2025-12-26 12:39:16,272 - INFO - z_normalization.py:86 - Set up values | PSRI2_mean
2025-12-26 12:39:16,300 - INFO - z_normalization.py:86 - Set up values | PSRI2_std
2025-12-26 12:39:16,463 - INFO - z_normalization.py:101 - Loaded composite
2025-12-26 12:39:16,464 - INFO - z_normalization.py:103 - Set up values | PSRI2
2025-12-26 12:39:16,491 - INFO - z_normalization.py:110 - Setting up normalization ... 
2025-12-26 12:39:16,492 - INFO - z_normalization.py:114 - Setting up normalization ... done
2025-12-26 12:39:16,492 - INFO - z_normalization.py:116 - Normalizing ... 
2025-12-26 12:39:16,570 - INFO - z_normalization.py:121 - Normalizing ... done
2025-12-26 12:39:16,623 - INFO - z_normalization.py:127 - Merging into one dataset
2025-12-26 12:39:16,625 - INFO - z_normalization.py:133 - Scale and Define data types & nodata per band
2025-12-26 12:39:16,626 - INFO - z_normalization.py:145 - Assign time range and tile ID in metadata
2025-12-26 12:39:16,626 - INFO - z_normalization.py:151 - Write bands to raster COG files
2025-12-26 12:39:20,230 - INFO - z_normalization.py:164 - Write NDVI_Z -> //nas-rs.topo.auth.gr/Latomeia/DROUGHT/z_normalized/x09/y11/2023/11/01/S2L2A_znorm_x09y11_202311_NDVI_z.tif
2025-12-26 12:39:23,889 - INFO - z_normalization.py:164 - Write EVI_Z -> //nas-rs.topo.auth.gr/Latomeia/DROUGHT/z_normalized/x09/y11/2023/11/01/S2L2A_znorm_x09y11_202311_EVI_z.tif
2025-12-26 12:39:27,582 - INFO - z_normalization.py:164 - Write PSRI2_Z -> //nas-rs.topo.auth.gr/Latomeia/DROUGHT/z_normalized/x09/y11/2023/11/01/S2L2A_znorm_x09y11_202311_PSRI2_z.tif
2025-12-26 12:39:27,582 - INFO - z_normalization.py:166 - Assert relative paths and product measurements are matched
2025-12-26 12:39:27,627 - INFO - z_normalization.py:172 - Prepare metadata YAML document
2025-12-26 12:39:27,729 - INFO - z_normalization.py:192 - Write metadata YAML document to disk
2025-12-26 12:39:27,749 - INFO - z_normalization.py:197 - Create datacube.model.Dataset from eo3 metadata
2025-12-26 12:39:27,751 - INFO - z_normalization.py:210 - Index to datacube
2025-12-26 12:39:27,751 - INFO - _datasets.py:191 - Indexing 564d41fc-a2f7-4d4d-a8da-eb9ee49430b4
2025-12-26 12:39:27,759 - INFO - z_normalization.py:213 - 
2025-12-26 12:39:27,759 - INFO - z_normalization.py:214 -              ✔✔✔ COMPLETED: Tile x09_y11 | Time: 2023-11 | In 0.22 minutes
2025-12-26 12:39:27,759 - INFO - z_normalization.py:215 - 
2025-12-26 12:39:27,759 - INFO - z_normalization.py:230 - #######################################################################
