2025-12-26 03:05:46,655 - INFO - z_normalization.py:42 - #######################################################################
2025-12-26 03:05:47,187 - INFO - z_normalization.py:56 - Starting Z-Normalization for x10_y09 | 2024-08
2025-12-26 03:05:47,187 - INFO - z_normalization.py:58 - Create directories and naming conversions
2025-12-26 03:05:47,199 - INFO - z_normalization.py:69 - Dataset location: //nas-rs.topo.auth.gr/Latomeia/DROUGHT/z_normalized/x10/y09/2024/8/01
2025-12-26 03:05:47,199 - INFO - z_normalization.py:74 - Z-Normalization | NDVI
2025-12-26 03:05:47,645 - INFO - z_normalization.py:83 - Loaded baseline
2025-12-26 03:05:47,645 - INFO - z_normalization.py:86 - Set up values | NDVI_mean
2025-12-26 03:05:47,680 - INFO - z_normalization.py:86 - Set up values | NDVI_std
2025-12-26 03:05:47,853 - INFO - z_normalization.py:101 - Loaded composite
2025-12-26 03:05:47,853 - INFO - z_normalization.py:103 - Set up values | NDVI
2025-12-26 03:05:47,881 - INFO - z_normalization.py:110 - Setting up normalization ... 
2025-12-26 03:05:47,881 - INFO - z_normalization.py:114 - Setting up normalization ... done
2025-12-26 03:05:47,881 - INFO - z_normalization.py:116 - Normalizing ... 
2025-12-26 03:05:47,960 - INFO - z_normalization.py:121 - Normalizing ... done
2025-12-26 03:05:48,013 - INFO - z_normalization.py:74 - Z-Normalization | EVI
2025-12-26 03:05:48,232 - INFO - z_normalization.py:83 - Loaded baseline
2025-12-26 03:05:48,232 - INFO - z_normalization.py:86 - Set up values | EVI_mean
2025-12-26 03:05:48,261 - INFO - z_normalization.py:86 - Set up values | EVI_std
2025-12-26 03:05:48,432 - INFO - z_normalization.py:101 - Loaded composite
2025-12-26 03:05:48,432 - INFO - z_normalization.py:103 - Set up values | EVI
2025-12-26 03:05:48,464 - INFO - z_normalization.py:110 - Setting up normalization ... 
2025-12-26 03:05:48,464 - INFO - z_normalization.py:114 - Setting up normalization ... done
2025-12-26 03:05:48,464 - INFO - z_normalization.py:116 - Normalizing ... 
2025-12-26 03:05:48,557 - INFO - z_normalization.py:121 - Normalizing ... done
2025-12-26 03:05:48,608 - INFO - z_normalization.py:74 - Z-Normalization | PSRI2
2025-12-26 03:05:48,843 - INFO - z_normalization.py:83 - Loaded baseline
2025-12-26 03:05:48,843 - INFO - z_normalization.py:86 - Set up values | PSRI2_mean
2025-12-26 03:05:48,871 - INFO - z_normalization.py:86 - Set up values | PSRI2_std
2025-12-26 03:05:49,028 - INFO - z_normalization.py:101 - Loaded composite
2025-12-26 03:05:49,028 - INFO - z_normalization.py:103 - Set up values | PSRI2
2025-12-26 03:05:49,056 - INFO - z_normalization.py:110 - Setting up normalization ... 
2025-12-26 03:05:49,056 - INFO - z_normalization.py:114 - Setting up normalization ... done
2025-12-26 03:05:49,056 - INFO - z_normalization.py:116 - Normalizing ... 
2025-12-26 03:05:49,133 - INFO - z_normalization.py:121 - Normalizing ... done
2025-12-26 03:05:49,182 - INFO - z_normalization.py:127 - Merging into one dataset
2025-12-26 03:05:49,183 - INFO - z_normalization.py:133 - Scale and Define data types & nodata per band
2025-12-26 03:05:49,184 - INFO - z_normalization.py:145 - Assign time range and tile ID in metadata
2025-12-26 03:05:49,184 - INFO - z_normalization.py:151 - Write bands to raster COG files
2025-12-26 03:05:52,767 - INFO - z_normalization.py:164 - Write NDVI_Z -> //nas-rs.topo.auth.gr/Latomeia/DROUGHT/z_normalized/x10/y09/2024/8/01/S2L2A_znorm_x10y09_20248_NDVI_z.tif
2025-12-26 03:05:56,364 - INFO - z_normalization.py:164 - Write EVI_Z -> //nas-rs.topo.auth.gr/Latomeia/DROUGHT/z_normalized/x10/y09/2024/8/01/S2L2A_znorm_x10y09_20248_EVI_z.tif
2025-12-26 03:06:00,069 - INFO - z_normalization.py:164 - Write PSRI2_Z -> //nas-rs.topo.auth.gr/Latomeia/DROUGHT/z_normalized/x10/y09/2024/8/01/S2L2A_znorm_x10y09_20248_PSRI2_z.tif
2025-12-26 03:06:00,069 - INFO - z_normalization.py:166 - Prepare metadata YAML document
2025-12-26 03:06:00,160 - INFO - z_normalization.py:187 - Write metadata YAML document to disk
2025-12-26 03:06:00,181 - INFO - z_normalization.py:192 - Create datacube.model.Dataset from eo3 metadata
2025-12-26 03:06:00,185 - INFO - z_normalization.py:205 - Index to datacube
2025-12-26 03:06:00,186 - INFO - _datasets.py:191 - Indexing 998bee5b-d5b6-4a58-9fa4-a221ab3f1918
2025-12-26 03:06:00,192 - INFO - z_normalization.py:208 - 
2025-12-26 03:06:00,192 - INFO - z_normalization.py:209 -              ✔✔✔ COMPLETED: Tile x10_y09 | Time: 2024-08 | In 0.22 minutes
2025-12-26 03:06:00,192 - INFO - z_normalization.py:210 - 
