2025-12-26 04:07:27,361 - INFO - z_normalization.py:42 - #######################################################################
2025-12-26 04:07:27,874 - INFO - z_normalization.py:56 - Starting Z-Normalization for x11_y08 | 2025-06
2025-12-26 04:07:27,875 - INFO - z_normalization.py:58 - Create directories and naming conversions
2025-12-26 04:07:27,887 - INFO - z_normalization.py:69 - Dataset location: //nas-rs.topo.auth.gr/Latomeia/DROUGHT/z_normalized/x11/y08/2025/6/01
2025-12-26 04:07:27,887 - INFO - z_normalization.py:74 - Z-Normalization | NDVI
2025-12-26 04:07:28,247 - INFO - z_normalization.py:83 - Loaded baseline
2025-12-26 04:07:28,247 - INFO - z_normalization.py:86 - Set up values | NDVI_mean
2025-12-26 04:07:28,284 - INFO - z_normalization.py:86 - Set up values | NDVI_std
2025-12-26 04:07:28,442 - INFO - z_normalization.py:101 - Loaded composite
2025-12-26 04:07:28,442 - INFO - z_normalization.py:103 - Set up values | NDVI
2025-12-26 04:07:28,472 - INFO - z_normalization.py:110 - Setting up normalization ... 
2025-12-26 04:07:28,472 - INFO - z_normalization.py:114 - Setting up normalization ... done
2025-12-26 04:07:28,472 - INFO - z_normalization.py:116 - Normalizing ... 
2025-12-26 04:07:28,562 - INFO - z_normalization.py:121 - Normalizing ... done
2025-12-26 04:07:28,612 - INFO - z_normalization.py:74 - Z-Normalization | EVI
2025-12-26 04:07:28,805 - INFO - z_normalization.py:83 - Loaded baseline
2025-12-26 04:07:28,805 - INFO - z_normalization.py:86 - Set up values | EVI_mean
2025-12-26 04:07:28,832 - INFO - z_normalization.py:86 - Set up values | EVI_std
2025-12-26 04:07:28,998 - INFO - z_normalization.py:101 - Loaded composite
2025-12-26 04:07:28,998 - INFO - z_normalization.py:103 - Set up values | EVI
2025-12-26 04:07:29,039 - INFO - z_normalization.py:110 - Setting up normalization ... 
2025-12-26 04:07:29,039 - INFO - z_normalization.py:114 - Setting up normalization ... done
2025-12-26 04:07:29,039 - INFO - z_normalization.py:116 - Normalizing ... 
2025-12-26 04:07:29,115 - INFO - z_normalization.py:121 - Normalizing ... done
2025-12-26 04:07:29,165 - INFO - z_normalization.py:74 - Z-Normalization | PSRI2
2025-12-26 04:07:29,427 - INFO - z_normalization.py:83 - Loaded baseline
2025-12-26 04:07:29,427 - INFO - z_normalization.py:86 - Set up values | PSRI2_mean
2025-12-26 04:07:29,456 - INFO - z_normalization.py:86 - Set up values | PSRI2_std
2025-12-26 04:07:29,674 - INFO - z_normalization.py:101 - Loaded composite
2025-12-26 04:07:29,674 - INFO - z_normalization.py:103 - Set up values | PSRI2
2025-12-26 04:07:29,702 - INFO - z_normalization.py:110 - Setting up normalization ... 
2025-12-26 04:07:29,702 - INFO - z_normalization.py:114 - Setting up normalization ... done
2025-12-26 04:07:29,702 - INFO - z_normalization.py:116 - Normalizing ... 
2025-12-26 04:07:29,782 - INFO - z_normalization.py:121 - Normalizing ... done
2025-12-26 04:07:29,833 - INFO - z_normalization.py:127 - Merging into one dataset
2025-12-26 04:07:29,835 - INFO - z_normalization.py:133 - Scale and Define data types & nodata per band
2025-12-26 04:07:29,836 - INFO - z_normalization.py:145 - Assign time range and tile ID in metadata
2025-12-26 04:07:29,836 - INFO - z_normalization.py:151 - Write bands to raster COG files
2025-12-26 04:07:33,458 - INFO - z_normalization.py:164 - Write NDVI_Z -> //nas-rs.topo.auth.gr/Latomeia/DROUGHT/z_normalized/x11/y08/2025/6/01/S2L2A_znorm_x11y08_20256_NDVI_z.tif
2025-12-26 04:07:37,050 - INFO - z_normalization.py:164 - Write EVI_Z -> //nas-rs.topo.auth.gr/Latomeia/DROUGHT/z_normalized/x11/y08/2025/6/01/S2L2A_znorm_x11y08_20256_EVI_z.tif
2025-12-26 04:07:41,032 - INFO - z_normalization.py:164 - Write PSRI2_Z -> //nas-rs.topo.auth.gr/Latomeia/DROUGHT/z_normalized/x11/y08/2025/6/01/S2L2A_znorm_x11y08_20256_PSRI2_z.tif
2025-12-26 04:07:41,032 - INFO - z_normalization.py:166 - Prepare metadata YAML document
2025-12-26 04:07:41,158 - INFO - z_normalization.py:187 - Write metadata YAML document to disk
2025-12-26 04:07:41,178 - INFO - z_normalization.py:192 - Create datacube.model.Dataset from eo3 metadata
2025-12-26 04:07:41,183 - INFO - z_normalization.py:205 - Index to datacube
2025-12-26 04:07:41,184 - INFO - _datasets.py:191 - Indexing 19185bae-4d17-4230-8150-bf5532459dec
2025-12-26 04:07:41,191 - INFO - z_normalization.py:208 - 
2025-12-26 04:07:41,191 - INFO - z_normalization.py:209 -              ✔✔✔ COMPLETED: Tile x11_y08 | Time: 2025-06 | In 0.22 minutes
2025-12-26 04:07:41,193 - INFO - z_normalization.py:210 - 
