2025-12-26 13:24:07,726 - INFO - z_normalization.py:42 - #######################################################################
2025-12-26 13:24:08,320 - INFO - z_normalization.py:56 - Starting Z-Normalization for x09_y09 | 2024-06
2025-12-26 13:24:08,320 - INFO - z_normalization.py:58 - Create directories and naming conversions
2025-12-26 13:24:08,331 - INFO - z_normalization.py:69 - Dataset location: //nas-rs.topo.auth.gr/Latomeia/DROUGHT/z_normalized/x09/y09/2024/6/01
2025-12-26 13:24:08,331 - INFO - z_normalization.py:74 - Z-Normalization | NDVI
2025-12-26 13:24:08,727 - INFO - z_normalization.py:83 - Loaded baseline
2025-12-26 13:24:08,727 - INFO - z_normalization.py:86 - Set up values | NDVI_mean
2025-12-26 13:24:08,755 - INFO - z_normalization.py:86 - Set up values | NDVI_std
2025-12-26 13:24:08,933 - INFO - z_normalization.py:101 - Loaded composite
2025-12-26 13:24:08,933 - INFO - z_normalization.py:103 - Set up values | NDVI
2025-12-26 13:24:08,964 - INFO - z_normalization.py:110 - Setting up normalization ... 
2025-12-26 13:24:08,964 - INFO - z_normalization.py:114 - Setting up normalization ... done
2025-12-26 13:24:08,964 - INFO - z_normalization.py:116 - Normalizing ... 
2025-12-26 13:24:09,049 - INFO - z_normalization.py:121 - Normalizing ... done
2025-12-26 13:24:09,099 - INFO - z_normalization.py:74 - Z-Normalization | EVI
2025-12-26 13:24:09,349 - INFO - z_normalization.py:83 - Loaded baseline
2025-12-26 13:24:09,349 - INFO - z_normalization.py:86 - Set up values | EVI_mean
2025-12-26 13:24:09,377 - INFO - z_normalization.py:86 - Set up values | EVI_std
2025-12-26 13:24:09,553 - INFO - z_normalization.py:101 - Loaded composite
2025-12-26 13:24:09,555 - INFO - z_normalization.py:103 - Set up values | EVI
2025-12-26 13:24:09,583 - INFO - z_normalization.py:110 - Setting up normalization ... 
2025-12-26 13:24:09,583 - INFO - z_normalization.py:114 - Setting up normalization ... done
2025-12-26 13:24:09,583 - INFO - z_normalization.py:116 - Normalizing ... 
2025-12-26 13:24:09,661 - INFO - z_normalization.py:121 - Normalizing ... done
2025-12-26 13:24:09,717 - INFO - z_normalization.py:74 - Z-Normalization | PSRI2
2025-12-26 13:24:09,975 - INFO - z_normalization.py:83 - Loaded baseline
2025-12-26 13:24:09,975 - INFO - z_normalization.py:86 - Set up values | PSRI2_mean
2025-12-26 13:24:10,009 - INFO - z_normalization.py:86 - Set up values | PSRI2_std
2025-12-26 13:24:10,171 - INFO - z_normalization.py:101 - Loaded composite
2025-12-26 13:24:10,171 - INFO - z_normalization.py:103 - Set up values | PSRI2
2025-12-26 13:24:10,199 - INFO - z_normalization.py:110 - Setting up normalization ... 
2025-12-26 13:24:10,199 - INFO - z_normalization.py:114 - Setting up normalization ... done
2025-12-26 13:24:10,199 - INFO - z_normalization.py:116 - Normalizing ... 
2025-12-26 13:24:10,277 - INFO - z_normalization.py:121 - Normalizing ... done
2025-12-26 13:24:10,328 - INFO - z_normalization.py:127 - Merging into one dataset
2025-12-26 13:24:10,330 - INFO - z_normalization.py:133 - Scale and Define data types & nodata per band
2025-12-26 13:24:10,332 - INFO - z_normalization.py:145 - Assign time range and tile ID in metadata
2025-12-26 13:24:10,332 - INFO - z_normalization.py:151 - Write bands to raster COG files
2025-12-26 13:24:13,941 - INFO - z_normalization.py:164 - Write NDVI_Z -> //nas-rs.topo.auth.gr/Latomeia/DROUGHT/z_normalized/x09/y09/2024/6/01/S2L2A_znorm_x09y09_20246_NDVI_z.tif
2025-12-26 13:24:17,949 - INFO - z_normalization.py:164 - Write EVI_Z -> //nas-rs.topo.auth.gr/Latomeia/DROUGHT/z_normalized/x09/y09/2024/6/01/S2L2A_znorm_x09y09_20246_EVI_z.tif
2025-12-26 13:24:21,841 - INFO - z_normalization.py:164 - Write PSRI2_Z -> //nas-rs.topo.auth.gr/Latomeia/DROUGHT/z_normalized/x09/y09/2024/6/01/S2L2A_znorm_x09y09_20246_PSRI2_z.tif
2025-12-26 13:24:21,841 - INFO - z_normalization.py:166 - Assert relative paths and product measurements are matched
2025-12-26 13:24:21,882 - INFO - z_normalization.py:172 - Prepare metadata YAML document
2025-12-26 13:24:21,978 - INFO - z_normalization.py:192 - Write metadata YAML document to disk
2025-12-26 13:24:22,000 - INFO - z_normalization.py:197 - Create datacube.model.Dataset from eo3 metadata
2025-12-26 13:24:22,006 - INFO - z_normalization.py:210 - Index to datacube
2025-12-26 13:24:22,006 - INFO - _datasets.py:191 - Indexing db3c6665-a450-4ebf-9051-e956debe6d08
2025-12-26 13:24:22,017 - INFO - z_normalization.py:213 - 
2025-12-26 13:24:22,017 - INFO - z_normalization.py:214 -              ✔✔✔ COMPLETED: Tile x09_y09 | Time: 2024-06 | In 0.23 minutes
2025-12-26 13:24:22,017 - INFO - z_normalization.py:215 - 
2025-12-26 13:24:22,017 - INFO - z_normalization.py:230 - #######################################################################
