2025-12-26 14:49:33,268 - INFO - z_normalization.py:42 - #######################################################################
2025-12-26 14:49:33,809 - INFO - z_normalization.py:56 - Starting Z-Normalization for x08_y12 | 2025-07
2025-12-26 14:49:33,809 - INFO - z_normalization.py:58 - Create directories and naming conversions
2025-12-26 14:49:33,822 - INFO - z_normalization.py:69 - Dataset location: //nas-rs.topo.auth.gr/Latomeia/DROUGHT/z_normalized/x08/y12/2025/7/01
2025-12-26 14:49:33,822 - INFO - z_normalization.py:74 - Z-Normalization | NDVI
2025-12-26 14:49:34,239 - INFO - z_normalization.py:83 - Loaded baseline
2025-12-26 14:49:34,239 - INFO - z_normalization.py:86 - Set up values | NDVI_mean
2025-12-26 14:49:34,269 - INFO - z_normalization.py:86 - Set up values | NDVI_std
2025-12-26 14:49:34,453 - INFO - z_normalization.py:101 - Loaded composite
2025-12-26 14:49:34,453 - INFO - z_normalization.py:103 - Set up values | NDVI
2025-12-26 14:49:34,482 - INFO - z_normalization.py:110 - Setting up normalization ... 
2025-12-26 14:49:34,482 - INFO - z_normalization.py:114 - Setting up normalization ... done
2025-12-26 14:49:34,482 - INFO - z_normalization.py:116 - Normalizing ... 
2025-12-26 14:49:34,565 - INFO - z_normalization.py:121 - Normalizing ... done
2025-12-26 14:49:34,627 - INFO - z_normalization.py:74 - Z-Normalization | EVI
2025-12-26 14:49:34,870 - INFO - z_normalization.py:83 - Loaded baseline
2025-12-26 14:49:34,871 - INFO - z_normalization.py:86 - Set up values | EVI_mean
2025-12-26 14:49:34,899 - INFO - z_normalization.py:86 - Set up values | EVI_std
2025-12-26 14:49:35,071 - INFO - z_normalization.py:101 - Loaded composite
2025-12-26 14:49:35,071 - INFO - z_normalization.py:103 - Set up values | EVI
2025-12-26 14:49:35,099 - INFO - z_normalization.py:110 - Setting up normalization ... 
2025-12-26 14:49:35,100 - INFO - z_normalization.py:114 - Setting up normalization ... done
2025-12-26 14:49:35,100 - INFO - z_normalization.py:116 - Normalizing ... 
2025-12-26 14:49:35,178 - INFO - z_normalization.py:121 - Normalizing ... done
2025-12-26 14:49:35,229 - INFO - z_normalization.py:74 - Z-Normalization | PSRI2
2025-12-26 14:49:35,486 - INFO - z_normalization.py:83 - Loaded baseline
2025-12-26 14:49:35,486 - INFO - z_normalization.py:86 - Set up values | PSRI2_mean
2025-12-26 14:49:35,527 - INFO - z_normalization.py:86 - Set up values | PSRI2_std
2025-12-26 14:49:35,704 - INFO - z_normalization.py:101 - Loaded composite
2025-12-26 14:49:35,705 - INFO - z_normalization.py:103 - Set up values | PSRI2
2025-12-26 14:49:35,733 - INFO - z_normalization.py:110 - Setting up normalization ... 
2025-12-26 14:49:35,734 - INFO - z_normalization.py:114 - Setting up normalization ... done
2025-12-26 14:49:35,734 - INFO - z_normalization.py:116 - Normalizing ... 
2025-12-26 14:49:35,825 - INFO - z_normalization.py:121 - Normalizing ... done
2025-12-26 14:49:35,887 - INFO - z_normalization.py:127 - Merging into one dataset
2025-12-26 14:49:35,888 - INFO - z_normalization.py:133 - Scale and Define data types & nodata per band
2025-12-26 14:49:35,890 - INFO - z_normalization.py:145 - Assign time range and tile ID in metadata
2025-12-26 14:49:35,890 - INFO - z_normalization.py:151 - Write bands to raster COG files
2025-12-26 14:49:39,673 - INFO - z_normalization.py:164 - Write NDVI_Z -> //nas-rs.topo.auth.gr/Latomeia/DROUGHT/z_normalized/x08/y12/2025/7/01/S2L2A_znorm_x08y12_20257_NDVI_z.tif
2025-12-26 14:49:43,311 - INFO - z_normalization.py:164 - Write EVI_Z -> //nas-rs.topo.auth.gr/Latomeia/DROUGHT/z_normalized/x08/y12/2025/7/01/S2L2A_znorm_x08y12_20257_EVI_z.tif
2025-12-26 14:49:46,925 - INFO - z_normalization.py:164 - Write PSRI2_Z -> //nas-rs.topo.auth.gr/Latomeia/DROUGHT/z_normalized/x08/y12/2025/7/01/S2L2A_znorm_x08y12_20257_PSRI2_z.tif
2025-12-26 14:49:46,925 - INFO - z_normalization.py:166 - Assert relative paths and product measurements are matched
2025-12-26 14:49:46,962 - INFO - z_normalization.py:172 - Prepare metadata YAML document
2025-12-26 14:49:47,056 - INFO - z_normalization.py:192 - Write metadata YAML document to disk
2025-12-26 14:49:47,077 - INFO - z_normalization.py:197 - Create datacube.model.Dataset from eo3 metadata
2025-12-26 14:49:47,080 - INFO - z_normalization.py:210 - Index to datacube
2025-12-26 14:49:47,081 - INFO - _datasets.py:191 - Indexing 37d953e2-4cf4-450c-b65a-5080231f84bb
2025-12-26 14:49:47,088 - INFO - z_normalization.py:213 - 
2025-12-26 14:49:47,088 - INFO - z_normalization.py:214 -              ✔✔✔ COMPLETED: Tile x08_y12 | Time: 2025-07 | In 0.22 minutes
2025-12-26 14:49:47,088 - INFO - z_normalization.py:215 - 
2025-12-26 14:49:47,088 - INFO - z_normalization.py:230 - #######################################################################
