2025-08-31 21:17:22,368 - INFO - composites.py:102 - #######################################################################
2025-08-31 21:17:22,368 - INFO - composites.py:104 - Processing started
2025-08-31 21:17:22,368 - INFO - composites.py:105 -         Tile: x10_y10
2025-08-31 21:17:22,368 - INFO - composites.py:106 -         Time: 2023-08
2025-08-31 21:17:22,368 - INFO - composites.py:109 -                           
2025-08-31 21:17:22,368 - INFO - composites.py:110 - Establishing connection to datacube
2025-08-31 21:17:23,169 - INFO - composites.py:113 -                           
2025-08-31 21:17:23,169 - INFO - composites.py:114 - Sanity test: Check if dataset already exists in the datacube
2025-08-31 21:17:23,192 - INFO - composites.py:133 - The composite requested was not found and it will be computed
2025-08-31 21:17:23,192 - INFO - composites.py:136 -                                  
2025-08-31 21:17:23,192 - INFO - composites.py:137 - Initializing Dask cluster for parallelization
2025-08-31 21:17:28,731 - INFO - composites.py:161 - Dask dashboard is available at: http://127.0.0.1:8787/status
2025-08-31 21:17:28,731 - INFO - composites.py:164 - Create directories and naming conversions
2025-08-31 21:17:28,742 - INFO - composites.py:177 - Dataset location: //nas-rs.topo.auth.gr/Latomeia/DROUGHT/composites/x10/y10/2023/08/01
2025-08-31 21:17:28,743 - INFO - composites.py:180 -                           
2025-08-31 21:17:28,743 - INFO - composites.py:181 - Retrieve tile geometry
2025-08-31 21:17:28,786 - INFO - composites.py:192 - Create the Bounding Box (φ,λ)
2025-08-31 21:17:28,786 - INFO - composites.py:198 - Create the Bounding Box (x,y)
2025-08-31 21:17:28,786 - INFO - composites.py:211 -                           
2025-08-31 21:17:28,786 - INFO - composites.py:212 - Connect to Planetary Computer STAC Catalog
2025-08-31 21:17:29,042 - INFO - composites.py:220 - Search the STAC Catalog
2025-08-31 21:17:29,114 - INFO - composites.py:232 -         Query parameters:
2025-08-31 21:17:29,114 - INFO - composites.py:233 -             url:          https://planetarycomputer.microsoft.com/api/stac/v1/search
2025-08-31 21:17:29,114 - INFO - composites.py:234 -             client:       microsoft-pc
2025-08-31 21:17:29,115 - INFO - composites.py:235 -             collection:   sentinel-2-l2a
2025-08-31 21:17:29,115 - INFO - composites.py:236 -             bbox:         (22.471633479946853, 37.72008040922633, 23.140477503527134, 38.27146676750315)
2025-08-31 21:17:29,115 - INFO - composites.py:237 -             time range:   2023-08-01T00:00:00Z/2023-08-31T23:59:59Z
2025-08-31 21:17:29,115 - INFO - composites.py:238 -             cloud cover:  0% - 70%
2025-08-31 21:17:29,115 - INFO - composites.py:239 -             nodata cover: 0% - 33%
2025-08-31 21:17:29,115 - INFO - composites.py:241 -                           
2025-08-31 21:17:29,115 - INFO - composites.py:242 - Searching...
2025-08-31 21:17:30,056 - INFO - composites.py:245 - Query found 35 items
2025-08-31 21:17:30,056 - INFO - composites.py:247 - Searching for GRI REFINED scenes:
2025-08-31 21:17:32,776 - INFO - sentinel2.py:78 - 1/35 - S2B_MSIL2A_20230831T091559_R093_T34SFH_20241017T232234 -> REFINED
2025-08-31 21:17:36,525 - INFO - sentinel2.py:78 - 2/35 - S2B_MSIL2A_20230831T091559_R093_T34SFH_20230831T160429 -> REFINED
2025-08-31 21:17:40,559 - INFO - sentinel2.py:78 - 3/35 - S2B_MSIL2A_20230831T091559_R093_T34SFG_20241017T232234 -> REFINED
2025-08-31 21:17:44,193 - INFO - sentinel2.py:78 - 4/35 - S2B_MSIL2A_20230831T091559_R093_T34SFG_20230831T160036 -> REFINED
2025-08-31 21:17:47,311 - INFO - sentinel2.py:78 - 5/35 - S2B_MSIL2A_20230828T090559_R050_T34SFG_20241017T160356 -> REFINED
2025-08-31 21:17:50,509 - INFO - sentinel2.py:78 - 6/35 - S2B_MSIL2A_20230828T090559_R050_T34SFG_20230828T171044 -> REFINED
2025-08-31 21:17:53,672 - INFO - sentinel2.py:78 - 7/35 - S2A_MSIL2A_20230823T090601_R050_T34SFG_20240821T172243 -> REFINED
2025-08-31 21:17:56,930 - INFO - sentinel2.py:78 - 8/35 - S2A_MSIL2A_20230823T090601_R050_T34SFG_20230823T164543 -> REFINED
2025-08-31 21:17:59,599 - INFO - sentinel2.py:78 - 9/35 - S2B_MSIL2A_20230821T091559_R093_T34SFH_20241024T101435 -> REFINED
2025-08-31 21:18:04,329 - INFO - sentinel2.py:78 - 10/35 - S2B_MSIL2A_20230821T091559_R093_T34SFH_20230821T171609 -> REFINED
2025-08-31 21:18:07,118 - INFO - sentinel2.py:78 - 11/35 - S2B_MSIL2A_20230821T091559_R093_T34SFG_20230822T131202 -> REFINED
2025-08-31 21:18:10,323 - INFO - sentinel2.py:78 - 12/35 - S2B_MSIL2A_20230818T090559_R050_T34SFG_20240823T074657 -> REFINED
2025-08-31 21:18:12,984 - INFO - sentinel2.py:78 - 13/35 - S2B_MSIL2A_20230818T090559_R050_T34SFG_20230818T141623 -> REFINED
2025-08-31 21:18:15,899 - INFO - sentinel2.py:78 - 14/35 - S2A_MSIL2A_20230816T092031_R093_T34SFH_20241020T220433 -> REFINED
2025-08-31 21:18:18,775 - INFO - sentinel2.py:78 - 15/35 - S2A_MSIL2A_20230816T092031_R093_T34SFH_20230816T181144 -> REFINED
2025-08-31 21:18:22,050 - INFO - sentinel2.py:78 - 16/35 - S2A_MSIL2A_20230816T092031_R093_T34SFG_20241020T220433 -> REFINED
2025-08-31 21:18:25,387 - INFO - sentinel2.py:78 - 17/35 - S2A_MSIL2A_20230816T092031_R093_T34SFG_20230816T181147 -> REFINED
2025-08-31 21:18:29,451 - INFO - sentinel2.py:78 - 18/35 - S2A_MSIL2A_20230813T090601_R050_T34SFG_20241020T200352 -> REFINED
2025-08-31 21:18:33,502 - INFO - sentinel2.py:78 - 19/35 - S2A_MSIL2A_20230813T090601_R050_T34SFG_20230813T173929 -> REFINED
2025-08-31 21:18:37,237 - INFO - sentinel2.py:78 - 20/35 - S2B_MSIL2A_20230811T091559_R093_T34SFH_20241015T092419 -> REFINED
2025-08-31 21:18:40,345 - INFO - sentinel2.py:78 - 21/35 - S2B_MSIL2A_20230811T091559_R093_T34SFH_20230811T161154 -> REFINED
2025-08-31 21:18:43,596 - INFO - sentinel2.py:78 - 22/35 - S2B_MSIL2A_20230811T091559_R093_T34SFG_20241015T092419 -> REFINED
2025-08-31 21:18:47,802 - INFO - sentinel2.py:78 - 23/35 - S2B_MSIL2A_20230811T091559_R093_T34SFG_20230811T160116 -> REFINED
2025-08-31 21:18:53,500 - INFO - sentinel2.py:78 - 24/35 - S2B_MSIL2A_20230808T090559_R050_T34SFG_20241021T174327 -> REFINED
2025-08-31 21:18:56,724 - INFO - sentinel2.py:78 - 25/35 - S2B_MSIL2A_20230808T090559_R050_T34SFG_20231027T174904 -> REFINED
2025-08-31 21:18:59,373 - INFO - sentinel2.py:78 - 26/35 - S2A_MSIL2A_20230806T092031_R093_T34SFH_20241121T051843 -> REFINED
2025-08-31 21:19:02,897 - INFO - sentinel2.py:78 - 27/35 - S2A_MSIL2A_20230806T092031_R093_T34SFH_20230806T151631 -> REFINED
2025-08-31 21:19:06,046 - INFO - sentinel2.py:78 - 28/35 - S2A_MSIL2A_20230806T092031_R093_T34SFG_20241121T051843 -> REFINED
2025-08-31 21:19:09,743 - INFO - sentinel2.py:78 - 29/35 - S2A_MSIL2A_20230806T092031_R093_T34SFG_20230806T152321 -> REFINED
2025-08-31 21:19:13,123 - INFO - sentinel2.py:78 - 30/35 - S2A_MSIL2A_20230803T090601_R050_T34SFG_20241026T141345 -> REFINED
2025-08-31 21:19:16,369 - INFO - sentinel2.py:78 - 31/35 - S2A_MSIL2A_20230803T090601_R050_T34SFG_20230803T151254 -> REFINED
2025-08-31 21:19:19,949 - INFO - sentinel2.py:78 - 32/35 - S2B_MSIL2A_20230801T091559_R093_T34SFH_20241018T032848 -> REFINED
2025-08-31 21:19:22,580 - INFO - sentinel2.py:78 - 33/35 - S2B_MSIL2A_20230801T091559_R093_T34SFH_20230801T141306 -> REFINED
2025-08-31 21:19:26,265 - INFO - sentinel2.py:78 - 34/35 - S2B_MSIL2A_20230801T091559_R093_T34SFG_20241018T032848 -> REFINED
2025-08-31 21:19:29,554 - INFO - sentinel2.py:78 - 35/35 - S2B_MSIL2A_20230801T091559_R093_T34SFG_20230801T132220 -> REFINED
2025-08-31 21:19:29,579 - INFO - composites.py:250 -                                  
2025-08-31 21:19:29,579 - INFO - composites.py:251 - 35/35 were refined by GRI.
2025-08-31 21:19:29,579 - INFO - composites.py:263 - Looking for up to 10 cleanest images within spatiotemporal range of each MGRS tile
2025-08-31 21:19:29,581 - INFO - composites.py:277 - Filtered cleanest scenes: Kept 20 out of 35 items. 
2025-08-31 21:19:29,582 - INFO - composites.py:278 -         Included MGRS Tiles: ['34SFG' '34SFH']
2025-08-31 21:19:29,582 - INFO - composites.py:279 -         Included EPSG codes: [32634]
2025-08-31 21:19:29,582 - INFO - composites.py:281 - Selected scenes:
2025-08-31 21:19:29,582 - INFO - composites.py:283 -         S2B_MSIL2A_20230821T091559_R093_T34SFG_20230822T131202
2025-08-31 21:19:29,582 - INFO - composites.py:283 -         S2A_MSIL2A_20230803T090601_R050_T34SFG_20230803T151254
2025-08-31 21:19:29,582 - INFO - composites.py:283 -         S2A_MSIL2A_20230803T090601_R050_T34SFG_20241026T141345
2025-08-31 21:19:29,582 - INFO - composites.py:283 -         S2B_MSIL2A_20230818T090559_R050_T34SFG_20240823T074657
2025-08-31 21:19:29,582 - INFO - composites.py:283 -         S2B_MSIL2A_20230818T090559_R050_T34SFG_20230818T141623
2025-08-31 21:19:29,582 - INFO - composites.py:283 -         S2B_MSIL2A_20230808T090559_R050_T34SFG_20241021T174327
2025-08-31 21:19:29,582 - INFO - composites.py:283 -         S2B_MSIL2A_20230808T090559_R050_T34SFG_20231027T174904
2025-08-31 21:19:29,582 - INFO - composites.py:283 -         S2B_MSIL2A_20230831T091559_R093_T34SFG_20230831T160036
2025-08-31 21:19:29,582 - INFO - composites.py:283 -         S2B_MSIL2A_20230831T091559_R093_T34SFG_20241017T232234
2025-08-31 21:19:29,582 - INFO - composites.py:283 -         S2B_MSIL2A_20230828T090559_R050_T34SFG_20241017T160356
2025-08-31 21:19:29,582 - INFO - composites.py:283 -         S2B_MSIL2A_20230821T091559_R093_T34SFH_20230821T171609
2025-08-31 21:19:29,582 - INFO - composites.py:283 -         S2B_MSIL2A_20230821T091559_R093_T34SFH_20241024T101435
2025-08-31 21:19:29,582 - INFO - composites.py:283 -         S2A_MSIL2A_20230816T092031_R093_T34SFH_20230816T181144
2025-08-31 21:19:29,582 - INFO - composites.py:283 -         S2A_MSIL2A_20230816T092031_R093_T34SFH_20241020T220433
2025-08-31 21:19:29,582 - INFO - composites.py:283 -         S2B_MSIL2A_20230831T091559_R093_T34SFH_20230831T160429
2025-08-31 21:19:29,582 - INFO - composites.py:283 -         S2B_MSIL2A_20230831T091559_R093_T34SFH_20241017T232234
2025-08-31 21:19:29,582 - INFO - composites.py:283 -         S2B_MSIL2A_20230801T091559_R093_T34SFH_20241018T032848
2025-08-31 21:19:29,582 - INFO - composites.py:283 -         S2B_MSIL2A_20230801T091559_R093_T34SFH_20230801T141306
2025-08-31 21:19:29,582 - INFO - composites.py:283 -         S2A_MSIL2A_20230806T092031_R093_T34SFH_20241121T051843
2025-08-31 21:19:29,582 - INFO - composites.py:283 -         S2A_MSIL2A_20230806T092031_R093_T34SFH_20230806T151631
2025-08-31 21:19:30,050 - INFO - sentinel2.py:154 - Matplotlib backend: Agg
2025-08-31 21:19:30,260 - INFO - sentinel2.py:224 - Write input scenes footprint overlay: //nas-rs.topo.auth.gr/Latomeia/DROUGHT/composites/x10/y10/2023/08/01/S2L2A_medcomp_x10y10_202308_InDataFootprint.jpeg
2025-08-31 21:19:30,505 - INFO - composites.py:297 -                                  
2025-08-31 21:19:30,505 - INFO - composites.py:298 - Downstream STAC items from Planetary Computer
2025-08-31 21:19:30,505 - INFO - timeseries_processing.py:115 -                                  
2025-08-31 21:19:30,505 - INFO - timeseries_processing.py:116 - Loading bands of diferent resolutions in EPSG:32634
2025-08-31 21:19:30,505 - INFO - timeseries_processing.py:120 -     Filtering items with native UTM EPSG:32634
2025-08-31 21:19:30,505 - INFO - timeseries_processing.py:122 -     20 Items in EPSG:32634
2025-08-31 21:19:30,505 - INFO - timeseries_processing.py:129 -                        
2025-08-31 21:19:30,505 - INFO - timeseries_processing.py:130 -     Loading parameters:
2025-08-31 21:19:30,505 - INFO - timeseries_processing.py:131 -         Bands: ['B05', 'B07', 'B8A', 'SCL']
2025-08-31 21:19:30,505 - INFO - timeseries_processing.py:132 -         Spatial resolution: 20
2025-08-31 21:19:30,505 - INFO - timeseries_processing.py:134 -         Get Assets from STAC Items
2025-08-31 21:19:30,505 - INFO - timeseries_processing.py:47 -         Initialize the STAC client
2025-08-31 21:19:31,136 - INFO - timeseries_processing.py:137 -         Loading 20 STAC Items....
2025-08-31 21:22:24,759 - INFO - timeseries_processing.py:146 -         Cube has been downloaded
2025-08-31 21:22:24,759 - INFO - timeseries_processing.py:156 -         Fix order of dimensions
2025-08-31 21:22:24,760 - INFO - timeseries_processing.py:161 -         Append bands to the band-list of EPSG:32634
2025-08-31 21:22:24,760 - INFO - timeseries_processing.py:129 -                        
2025-08-31 21:22:24,761 - INFO - timeseries_processing.py:130 -     Loading parameters:
2025-08-31 21:22:24,761 - INFO - timeseries_processing.py:131 -         Bands: ['B02', 'B03', 'B04']
2025-08-31 21:22:24,763 - INFO - timeseries_processing.py:132 -         Spatial resolution: 10
2025-08-31 21:22:24,763 - INFO - timeseries_processing.py:134 -         Get Assets from STAC Items
2025-08-31 21:22:24,763 - INFO - timeseries_processing.py:47 -         Initialize the STAC client
2025-08-31 21:22:25,495 - INFO - timeseries_processing.py:137 -         Loading 20 STAC Items....
2025-08-31 21:27:22,031 - INFO - timeseries_processing.py:146 -         Cube has been downloaded
2025-08-31 21:27:22,031 - INFO - timeseries_processing.py:149 -         Reproject to downsample 10m bands to 20m by Resampling.average 2x2 binning and shape matching with odc.geo.GeoBox
2025-08-31 21:27:34,413 - INFO - timeseries_processing.py:161 -         Append bands to the band-list of EPSG:32634
2025-08-31 21:27:34,413 - INFO - timeseries_processing.py:165 -                        
2025-08-31 21:27:34,413 - INFO - timeseries_processing.py:166 -     Merging bands in a single dataset
2025-08-31 21:27:34,413 - INFO - timeseries_processing.py:167 -     Ensure all partial datasets are at (x=20, y=-20) resolution
2025-08-31 21:27:34,413 - INFO - timeseries_processing.py:171 -     Clip to the intersection of indexes
2025-08-31 21:27:35,656 - INFO - timeseries_processing.py:180 -     Make a list of bands to merge
2025-08-31 21:27:35,656 - INFO - timeseries_processing.py:184 -     Merge on intersection
2025-08-31 21:27:35,657 - INFO - timeseries_processing.py:192 -     Apply masks on clouds, shadows, thin cirrus, and snow/ice
2025-08-31 21:27:35,657 - INFO - sentinel2.py:122 -                Masking bits: [3, 7, 8, 9, 10, 11]
2025-08-31 21:27:36,830 - INFO - composites.py:307 - Reproject from UTM Zone to Tile geometry -> CRS(EPSG:32634), Resampling.bilinear
2025-08-31 21:27:42,949 - INFO - composites.py:310 -     New shape of datasets: Shape2d(x=2400, y=2400)
2025-08-31 21:27:43,594 - INFO - composites.py:329 - Scale SR to Sen2Cor Baseline 4.00 - Subtract 1000 in dates post 2022-01-25
2025-08-31 21:27:44,888 - INFO - composites.py:342 - Creating preview plot of input scenes
2025-08-31 21:28:15,443 - INFO - timeseries_processing.py:349 - Saved preview for 'B04' to //nas-rs.topo.auth.gr/Latomeia/DROUGHT/composites/x10/y10/2023/08/01/S2L2A_medcomp_x10y10_202308_InDataPreview.jpeg
2025-08-31 21:28:15,449 - INFO - composites.py:348 - Clip value range
2025-08-31 21:28:17,315 - INFO - composites.py:353 -                           
2025-08-31 21:28:17,315 - INFO - composites.py:354 - Computing spectral indices:
2025-08-31 21:28:17,315 - INFO - composites.py:357 -     EVI...
2025-08-31 21:28:18,561 - INFO - composites.py:359 -     NDVI...
2025-08-31 21:28:18,960 - INFO - composites.py:361 -     PSRI2...
2025-08-31 21:28:19,348 - INFO - composites.py:364 - Clip to typical value range
2025-08-31 21:28:19,676 - INFO - composites.py:371 - Reducing to median value temporal composite
2025-08-31 21:28:44,779 - INFO - composites.py:390 - Scale and Define data types & nodata per band
2025-08-31 21:28:44,915 - INFO - composites.py:411 - Assign time range and tile ID in metadata
2025-08-31 21:28:44,916 - INFO - composites.py:419 - Write bands to raster COG files
2025-08-31 21:28:48,760 - INFO - composites.py:432 - Write B02 -> //nas-rs.topo.auth.gr/Latomeia/DROUGHT/composites/x10/y10/2023/08/01/S2L2A_medcomp_x10y10_202308_B02.tif
2025-08-31 21:28:52,603 - INFO - composites.py:432 - Write B03 -> //nas-rs.topo.auth.gr/Latomeia/DROUGHT/composites/x10/y10/2023/08/01/S2L2A_medcomp_x10y10_202308_B03.tif
2025-08-31 21:28:56,526 - INFO - composites.py:432 - Write B04 -> //nas-rs.topo.auth.gr/Latomeia/DROUGHT/composites/x10/y10/2023/08/01/S2L2A_medcomp_x10y10_202308_B04.tif
2025-08-31 21:29:00,361 - INFO - composites.py:432 - Write B05 -> //nas-rs.topo.auth.gr/Latomeia/DROUGHT/composites/x10/y10/2023/08/01/S2L2A_medcomp_x10y10_202308_B05.tif
2025-08-31 21:29:04,189 - INFO - composites.py:432 - Write B07 -> //nas-rs.topo.auth.gr/Latomeia/DROUGHT/composites/x10/y10/2023/08/01/S2L2A_medcomp_x10y10_202308_B07.tif
2025-08-31 21:29:08,042 - INFO - composites.py:432 - Write B8A -> //nas-rs.topo.auth.gr/Latomeia/DROUGHT/composites/x10/y10/2023/08/01/S2L2A_medcomp_x10y10_202308_B8A.tif
2025-08-31 21:29:11,883 - INFO - composites.py:432 - Write EVI -> //nas-rs.topo.auth.gr/Latomeia/DROUGHT/composites/x10/y10/2023/08/01/S2L2A_medcomp_x10y10_202308_EVI.tif
2025-08-31 21:29:15,824 - INFO - composites.py:432 - Write NDVI -> //nas-rs.topo.auth.gr/Latomeia/DROUGHT/composites/x10/y10/2023/08/01/S2L2A_medcomp_x10y10_202308_NDVI.tif
2025-08-31 21:29:19,634 - INFO - composites.py:432 - Write PSRI2 -> //nas-rs.topo.auth.gr/Latomeia/DROUGHT/composites/x10/y10/2023/08/01/S2L2A_medcomp_x10y10_202308_PSRI2.tif
2025-08-31 21:29:19,634 - INFO - composites.py:436 - Prepare metadata YAML document
2025-08-31 21:29:20,175 - INFO - composites.py:458 - Write metadata YAML document to disk
2025-08-31 21:29:20,206 - INFO - composites.py:463 - Create datacube.model.Dataset from eo3 metadata
2025-08-31 21:29:20,241 - INFO - composites.py:476 - Index to datacube
2025-08-31 21:29:20,242 - INFO - _datasets.py:191 - Indexing 016ba2d9-a5e1-4603-b044-c8cb76ce4809
2025-08-31 21:29:20,253 - INFO - composites.py:479 - 
2025-08-31 21:29:20,253 - INFO - composites.py:480 -              ✔✔✔ COMPLETED: Tile x10_y10 | Time: 2023-08 | In 11.96 minutes
2025-08-31 21:29:20,253 - INFO - composites.py:481 - 
2025-08-31 21:29:20,253 - INFO - composites.py:489 - Closing Dask client
2025-08-31 21:29:20,255 - INFO - composites.py:493 - Closing Dask cluster
2025-08-31 21:29:20,255 - INFO - composites.py:494 - #######################################################################
