2025-09-01 00:56:08,985 - INFO - composites.py:102 - #######################################################################
2025-09-01 00:56:08,985 - INFO - composites.py:104 - Processing started
2025-09-01 00:56:08,985 - INFO - composites.py:105 -         Tile: x10_y10
2025-09-01 00:56:08,985 - INFO - composites.py:106 -         Time: 2023-09
2025-09-01 00:56:08,987 - INFO - composites.py:109 -                           
2025-09-01 00:56:08,987 - INFO - composites.py:110 - Establishing connection to datacube
2025-09-01 00:56:09,498 - INFO - composites.py:113 -                           
2025-09-01 00:56:09,498 - INFO - composites.py:114 - Sanity test: Check if dataset already exists in the datacube
2025-09-01 00:56:09,519 - INFO - composites.py:133 - The composite requested was not found and it will be computed
2025-09-01 00:56:09,519 - INFO - composites.py:136 -                                  
2025-09-01 00:56:09,519 - INFO - composites.py:137 - Initializing Dask cluster for parallelization
2025-09-01 00:56:14,531 - INFO - composites.py:161 - Dask dashboard is available at: http://127.0.0.1:8787/status
2025-09-01 00:56:14,531 - INFO - composites.py:164 - Create directories and naming conversions
2025-09-01 00:56:14,542 - INFO - composites.py:177 - Dataset location: //nas-rs.topo.auth.gr/Latomeia/DROUGHT/composites/x10/y10/2023/09/01
2025-09-01 00:56:14,542 - INFO - composites.py:180 -                           
2025-09-01 00:56:14,542 - INFO - composites.py:181 - Retrieve tile geometry
2025-09-01 00:56:14,587 - INFO - composites.py:192 - Create the Bounding Box (φ,λ)
2025-09-01 00:56:14,588 - INFO - composites.py:198 - Create the Bounding Box (x,y)
2025-09-01 00:56:14,588 - INFO - composites.py:211 -                           
2025-09-01 00:56:14,588 - INFO - composites.py:212 - Connect to Planetary Computer STAC Catalog
2025-09-01 00:56:14,936 - INFO - composites.py:220 - Search the STAC Catalog
2025-09-01 00:56:15,019 - INFO - composites.py:232 -         Query parameters:
2025-09-01 00:56:15,019 - INFO - composites.py:233 -             url:          https://planetarycomputer.microsoft.com/api/stac/v1/search
2025-09-01 00:56:15,019 - INFO - composites.py:234 -             client:       microsoft-pc
2025-09-01 00:56:15,019 - INFO - composites.py:235 -             collection:   sentinel-2-l2a
2025-09-01 00:56:15,019 - INFO - composites.py:236 -             bbox:         (22.471633479946853, 37.72008040922633, 23.140477503527134, 38.27146676750315)
2025-09-01 00:56:15,019 - INFO - composites.py:237 -             time range:   2023-09-01T00:00:00Z/2023-09-30T23:59:59Z
2025-09-01 00:56:15,019 - INFO - composites.py:238 -             cloud cover:  0% - 70%
2025-09-01 00:56:15,019 - INFO - composites.py:239 -             nodata cover: 0% - 33%
2025-09-01 00:56:15,019 - INFO - composites.py:241 -                           
2025-09-01 00:56:15,019 - INFO - composites.py:242 - Searching...
2025-09-01 00:56:15,453 - INFO - composites.py:245 - Query found 22 items
2025-09-01 00:56:15,453 - INFO - composites.py:247 - Searching for GRI REFINED scenes:
2025-09-01 00:56:20,384 - INFO - sentinel2.py:78 - 1/22 - S2A_MSIL2A_20230925T092031_R093_T34SFH_20230925T162744 -> REFINED
2025-09-01 00:56:24,720 - INFO - sentinel2.py:78 - 2/22 - S2A_MSIL2A_20230925T092031_R093_T34SFG_20230925T151656 -> REFINED
2025-09-01 00:56:29,745 - INFO - sentinel2.py:78 - 3/22 - S2A_MSIL2A_20230922T090701_R050_T34SFG_20241027T090232 -> REFINED
2025-09-01 00:56:34,818 - INFO - sentinel2.py:78 - 4/22 - S2A_MSIL2A_20230922T090701_R050_T34SFG_20230922T151909 -> REFINED
2025-09-01 00:56:39,386 - INFO - sentinel2.py:78 - 5/22 - S2B_MSIL2A_20230920T091649_R093_T34SFH_20241027T071431 -> REFINED
2025-09-01 00:56:44,473 - INFO - sentinel2.py:78 - 6/22 - S2B_MSIL2A_20230920T091649_R093_T34SFH_20230920T161021 -> REFINED
2025-09-01 00:56:50,148 - INFO - sentinel2.py:78 - 7/22 - S2B_MSIL2A_20230920T091649_R093_T34SFG_20241027T071431 -> REFINED
2025-09-01 00:56:55,464 - INFO - sentinel2.py:78 - 8/22 - S2B_MSIL2A_20230920T091649_R093_T34SFG_20230920T163218 -> REFINED
2025-09-01 00:57:00,426 - INFO - sentinel2.py:78 - 9/22 - S2B_MSIL2A_20230917T090629_R050_T34SFG_20241105T192924 -> REFINED
2025-09-01 00:57:06,549 - INFO - sentinel2.py:78 - 10/22 - S2B_MSIL2A_20230917T090629_R050_T34SFG_20230917T163912 -> REFINED
2025-09-01 00:57:11,987 - INFO - sentinel2.py:78 - 11/22 - S2A_MSIL2A_20230915T092031_R093_T34SFH_20240908T124156 -> REFINED
2025-09-01 00:57:16,444 - INFO - sentinel2.py:78 - 12/22 - S2A_MSIL2A_20230915T092031_R093_T34SFH_20230915T170328 -> REFINED
2025-09-01 00:57:21,436 - INFO - sentinel2.py:78 - 13/22 - S2A_MSIL2A_20230915T092031_R093_T34SFG_20240908T124156 -> REFINED
2025-09-01 00:57:25,829 - INFO - sentinel2.py:78 - 14/22 - S2A_MSIL2A_20230915T092031_R093_T34SFG_20230915T164758 -> REFINED
2025-09-01 00:57:31,389 - INFO - sentinel2.py:78 - 15/22 - S2A_MSIL2A_20230912T090601_R050_T34SFG_20240825T094904 -> REFINED
2025-09-01 00:57:35,725 - INFO - sentinel2.py:78 - 16/22 - S2A_MSIL2A_20230912T090601_R050_T34SFG_20230912T151705 -> REFINED
2025-09-01 00:57:41,271 - INFO - sentinel2.py:78 - 17/22 - S2B_MSIL2A_20230910T091559_R093_T34SFH_20241024T012616 -> REFINED
2025-09-01 00:57:46,430 - INFO - sentinel2.py:78 - 18/22 - S2B_MSIL2A_20230910T091559_R093_T34SFH_20230910T162404 -> REFINED
2025-09-01 00:57:50,824 - INFO - sentinel2.py:78 - 19/22 - S2B_MSIL2A_20230910T091559_R093_T34SFG_20241024T012616 -> REFINED
2025-09-01 00:57:55,845 - INFO - sentinel2.py:78 - 20/22 - S2B_MSIL2A_20230910T091559_R093_T34SFG_20230910T162415 -> REFINED
2025-09-01 00:58:00,931 - INFO - sentinel2.py:78 - 21/22 - S2A_MSIL2A_20230902T090601_R050_T34SFG_20240825T114259 -> REFINED
2025-09-01 00:58:05,293 - INFO - sentinel2.py:78 - 22/22 - S2A_MSIL2A_20230902T090601_R050_T34SFG_20230902T164031 -> REFINED
2025-09-01 00:58:05,337 - INFO - composites.py:250 -                                  
2025-09-01 00:58:05,337 - INFO - composites.py:251 - 22/22 were refined by GRI.
2025-09-01 00:58:05,337 - INFO - composites.py:263 - Looking for up to 10 cleanest images within spatiotemporal range of each MGRS tile
2025-09-01 00:58:05,338 - INFO - composites.py:277 - Filtered cleanest scenes: Kept 17 out of 22 items. 
2025-09-01 00:58:05,339 - INFO - composites.py:278 -         Included MGRS Tiles: ['34SFG' '34SFH']
2025-09-01 00:58:05,339 - INFO - composites.py:279 -         Included EPSG codes: [32634]
2025-09-01 00:58:05,339 - INFO - composites.py:281 - Selected scenes:
2025-09-01 00:58:05,339 - INFO - composites.py:283 -         S2A_MSIL2A_20230912T090601_R050_T34SFG_20240825T094904
2025-09-01 00:58:05,340 - INFO - composites.py:283 -         S2B_MSIL2A_20230910T091559_R093_T34SFG_20241024T012616
2025-09-01 00:58:05,345 - INFO - composites.py:283 -         S2B_MSIL2A_20230910T091559_R093_T34SFG_20230910T162415
2025-09-01 00:58:05,345 - INFO - composites.py:283 -         S2A_MSIL2A_20230912T090601_R050_T34SFG_20230912T151705
2025-09-01 00:58:05,345 - INFO - composites.py:283 -         S2A_MSIL2A_20230922T090701_R050_T34SFG_20241027T090232
2025-09-01 00:58:05,345 - INFO - composites.py:283 -         S2A_MSIL2A_20230922T090701_R050_T34SFG_20230922T151909
2025-09-01 00:58:05,345 - INFO - composites.py:283 -         S2A_MSIL2A_20230902T090601_R050_T34SFG_20240825T114259
2025-09-01 00:58:05,345 - INFO - composites.py:283 -         S2A_MSIL2A_20230902T090601_R050_T34SFG_20230902T164031
2025-09-01 00:58:05,345 - INFO - composites.py:283 -         S2A_MSIL2A_20230915T092031_R093_T34SFG_20240908T124156
2025-09-01 00:58:05,345 - INFO - composites.py:283 -         S2B_MSIL2A_20230917T090629_R050_T34SFG_20230917T163912
2025-09-01 00:58:05,345 - INFO - composites.py:283 -         S2A_MSIL2A_20230915T092031_R093_T34SFH_20240908T124156
2025-09-01 00:58:05,345 - INFO - composites.py:283 -         S2B_MSIL2A_20230910T091559_R093_T34SFH_20241024T012616
2025-09-01 00:58:05,346 - INFO - composites.py:283 -         S2B_MSIL2A_20230910T091559_R093_T34SFH_20230910T162404
2025-09-01 00:58:05,346 - INFO - composites.py:283 -         S2A_MSIL2A_20230915T092031_R093_T34SFH_20230915T170328
2025-09-01 00:58:05,346 - INFO - composites.py:283 -         S2B_MSIL2A_20230920T091649_R093_T34SFH_20230920T161021
2025-09-01 00:58:05,346 - INFO - composites.py:283 -         S2B_MSIL2A_20230920T091649_R093_T34SFH_20241027T071431
2025-09-01 00:58:05,346 - INFO - composites.py:283 -         S2A_MSIL2A_20230925T092031_R093_T34SFH_20230925T162744
2025-09-01 00:58:05,703 - INFO - sentinel2.py:154 - Matplotlib backend: Agg
2025-09-01 00:58:05,989 - INFO - sentinel2.py:224 - Write input scenes footprint overlay: //nas-rs.topo.auth.gr/Latomeia/DROUGHT/composites/x10/y10/2023/09/01/S2L2A_medcomp_x10y10_202309_InDataFootprint.jpeg
2025-09-01 00:58:06,233 - INFO - composites.py:297 -                                  
2025-09-01 00:58:06,233 - INFO - composites.py:298 - Downstream STAC items from Planetary Computer
2025-09-01 00:58:06,233 - INFO - timeseries_processing.py:115 -                                  
2025-09-01 00:58:06,233 - INFO - timeseries_processing.py:116 - Loading bands of diferent resolutions in EPSG:32634
2025-09-01 00:58:06,233 - INFO - timeseries_processing.py:120 -     Filtering items with native UTM EPSG:32634
2025-09-01 00:58:06,233 - INFO - timeseries_processing.py:122 -     17 Items in EPSG:32634
2025-09-01 00:58:06,233 - INFO - timeseries_processing.py:129 -                        
2025-09-01 00:58:06,233 - INFO - timeseries_processing.py:130 -     Loading parameters:
2025-09-01 00:58:06,233 - INFO - timeseries_processing.py:131 -         Bands: ['B05', 'B07', 'B8A', 'SCL']
2025-09-01 00:58:06,233 - INFO - timeseries_processing.py:132 -         Spatial resolution: 20
2025-09-01 00:58:06,233 - INFO - timeseries_processing.py:134 -         Get Assets from STAC Items
2025-09-01 00:58:06,233 - INFO - timeseries_processing.py:47 -         Initialize the STAC client
2025-09-01 00:58:06,741 - INFO - timeseries_processing.py:137 -         Loading 17 STAC Items....
2025-09-01 01:00:33,467 - INFO - timeseries_processing.py:146 -         Cube has been downloaded
2025-09-01 01:00:33,467 - INFO - timeseries_processing.py:156 -         Fix order of dimensions
2025-09-01 01:00:33,468 - INFO - timeseries_processing.py:161 -         Append bands to the band-list of EPSG:32634
2025-09-01 01:00:33,468 - INFO - timeseries_processing.py:129 -                        
2025-09-01 01:00:33,468 - INFO - timeseries_processing.py:130 -     Loading parameters:
2025-09-01 01:00:33,468 - INFO - timeseries_processing.py:131 -         Bands: ['B02', 'B03', 'B04']
2025-09-01 01:00:33,469 - INFO - timeseries_processing.py:132 -         Spatial resolution: 10
2025-09-01 01:00:33,469 - INFO - timeseries_processing.py:134 -         Get Assets from STAC Items
2025-09-01 01:00:33,469 - INFO - timeseries_processing.py:47 -         Initialize the STAC client
2025-09-01 01:00:34,045 - INFO - timeseries_processing.py:137 -         Loading 17 STAC Items....
2025-09-01 01:04:59,095 - INFO - timeseries_processing.py:146 -         Cube has been downloaded
2025-09-01 01:04:59,100 - INFO - timeseries_processing.py:149 -         Reproject to downsample 10m bands to 20m by Resampling.average 2x2 binning and shape matching with odc.geo.GeoBox
2025-09-01 01:05:09,942 - INFO - timeseries_processing.py:161 -         Append bands to the band-list of EPSG:32634
2025-09-01 01:05:09,943 - INFO - timeseries_processing.py:165 -                        
2025-09-01 01:05:09,943 - INFO - timeseries_processing.py:166 -     Merging bands in a single dataset
2025-09-01 01:05:09,943 - INFO - timeseries_processing.py:167 -     Ensure all partial datasets are at (x=20, y=-20) resolution
2025-09-01 01:05:09,943 - INFO - timeseries_processing.py:171 -     Clip to the intersection of indexes
2025-09-01 01:05:10,948 - INFO - timeseries_processing.py:180 -     Make a list of bands to merge
2025-09-01 01:05:10,950 - INFO - timeseries_processing.py:184 -     Merge on intersection
2025-09-01 01:05:10,951 - INFO - timeseries_processing.py:192 -     Apply masks on clouds, shadows, thin cirrus, and snow/ice
2025-09-01 01:05:10,951 - INFO - sentinel2.py:122 -                Masking bits: [3, 7, 8, 9, 10, 11]
2025-09-01 01:05:11,884 - INFO - composites.py:307 - Reproject from UTM Zone to Tile geometry -> CRS(EPSG:32634), Resampling.bilinear
2025-09-01 01:05:17,265 - INFO - composites.py:310 -     New shape of datasets: Shape2d(x=2400, y=2400)
2025-09-01 01:05:17,958 - INFO - composites.py:329 - Scale SR to Sen2Cor Baseline 4.00 - Subtract 1000 in dates post 2022-01-25
2025-09-01 01:05:19,272 - INFO - composites.py:342 - Creating preview plot of input scenes
2025-09-01 01:05:48,760 - INFO - timeseries_processing.py:349 - Saved preview for 'B04' to //nas-rs.topo.auth.gr/Latomeia/DROUGHT/composites/x10/y10/2023/09/01/S2L2A_medcomp_x10y10_202309_InDataPreview.jpeg
2025-09-01 01:05:48,765 - INFO - composites.py:348 - Clip value range
2025-09-01 01:05:50,321 - INFO - composites.py:353 -                           
2025-09-01 01:05:50,321 - INFO - composites.py:354 - Computing spectral indices:
2025-09-01 01:05:50,321 - INFO - composites.py:357 -     EVI...
2025-09-01 01:05:51,340 - INFO - composites.py:359 -     NDVI...
2025-09-01 01:05:51,643 - INFO - composites.py:361 -     PSRI2...
2025-09-01 01:05:51,856 - INFO - composites.py:364 - Clip to typical value range
2025-09-01 01:05:52,237 - INFO - composites.py:371 - Reducing to median value temporal composite
2025-09-01 01:06:18,183 - INFO - composites.py:390 - Scale and Define data types & nodata per band
2025-09-01 01:06:18,312 - INFO - composites.py:411 - Assign time range and tile ID in metadata
2025-09-01 01:06:18,312 - INFO - composites.py:419 - Write bands to raster COG files
2025-09-01 01:06:22,189 - INFO - composites.py:432 - Write B02 -> //nas-rs.topo.auth.gr/Latomeia/DROUGHT/composites/x10/y10/2023/09/01/S2L2A_medcomp_x10y10_202309_B02.tif
2025-09-01 01:06:26,137 - INFO - composites.py:432 - Write B03 -> //nas-rs.topo.auth.gr/Latomeia/DROUGHT/composites/x10/y10/2023/09/01/S2L2A_medcomp_x10y10_202309_B03.tif
2025-09-01 01:06:30,430 - INFO - composites.py:432 - Write B04 -> //nas-rs.topo.auth.gr/Latomeia/DROUGHT/composites/x10/y10/2023/09/01/S2L2A_medcomp_x10y10_202309_B04.tif
2025-09-01 01:06:34,243 - INFO - composites.py:432 - Write B05 -> //nas-rs.topo.auth.gr/Latomeia/DROUGHT/composites/x10/y10/2023/09/01/S2L2A_medcomp_x10y10_202309_B05.tif
2025-09-01 01:06:38,096 - INFO - composites.py:432 - Write B07 -> //nas-rs.topo.auth.gr/Latomeia/DROUGHT/composites/x10/y10/2023/09/01/S2L2A_medcomp_x10y10_202309_B07.tif
2025-09-01 01:06:41,946 - INFO - composites.py:432 - Write B8A -> //nas-rs.topo.auth.gr/Latomeia/DROUGHT/composites/x10/y10/2023/09/01/S2L2A_medcomp_x10y10_202309_B8A.tif
2025-09-01 01:06:46,051 - INFO - composites.py:432 - Write EVI -> //nas-rs.topo.auth.gr/Latomeia/DROUGHT/composites/x10/y10/2023/09/01/S2L2A_medcomp_x10y10_202309_EVI.tif
2025-09-01 01:06:50,091 - INFO - composites.py:432 - Write NDVI -> //nas-rs.topo.auth.gr/Latomeia/DROUGHT/composites/x10/y10/2023/09/01/S2L2A_medcomp_x10y10_202309_NDVI.tif
2025-09-01 01:06:53,914 - INFO - composites.py:432 - Write PSRI2 -> //nas-rs.topo.auth.gr/Latomeia/DROUGHT/composites/x10/y10/2023/09/01/S2L2A_medcomp_x10y10_202309_PSRI2.tif
2025-09-01 01:06:53,914 - INFO - composites.py:436 - Prepare metadata YAML document
2025-09-01 01:06:54,528 - INFO - composites.py:458 - Write metadata YAML document to disk
2025-09-01 01:06:54,571 - INFO - composites.py:463 - Create datacube.model.Dataset from eo3 metadata
2025-09-01 01:06:54,580 - INFO - composites.py:476 - Index to datacube
2025-09-01 01:06:54,580 - INFO - _datasets.py:191 - Indexing d07b9b79-f6a8-479f-b3f3-aef32d685dcd
2025-09-01 01:06:54,590 - INFO - composites.py:479 - 
2025-09-01 01:06:54,591 - INFO - composites.py:480 -              ✔✔✔ COMPLETED: Tile x10_y10 | Time: 2023-09 | In 10.76 minutes
2025-09-01 01:06:54,591 - INFO - composites.py:481 - 
2025-09-01 01:06:54,591 - INFO - composites.py:489 - Closing Dask client
2025-09-01 01:06:54,593 - INFO - composites.py:493 - Closing Dask cluster
2025-09-01 01:06:54,593 - INFO - composites.py:494 - #######################################################################
