2025-09-01 10:42:15,552 - INFO - composites.py:102 - #######################################################################
2025-09-01 10:42:15,552 - INFO - composites.py:104 - Processing started
2025-09-01 10:42:15,552 - INFO - composites.py:105 -         Tile: x11_y10
2025-09-01 10:42:15,552 - INFO - composites.py:106 -         Time: 2023-12
2025-09-01 10:42:15,552 - INFO - composites.py:109 -                           
2025-09-01 10:42:15,552 - INFO - composites.py:110 - Establishing connection to datacube
2025-09-01 10:42:16,071 - INFO - composites.py:113 -                           
2025-09-01 10:42:16,071 - INFO - composites.py:114 - Sanity test: Check if dataset already exists in the datacube
2025-09-01 10:42:16,092 - INFO - composites.py:133 - The composite requested was not found and it will be computed
2025-09-01 10:42:16,093 - INFO - composites.py:136 -                                  
2025-09-01 10:42:16,093 - INFO - composites.py:137 - Initializing Dask cluster for parallelization
2025-09-01 10:42:21,081 - INFO - composites.py:161 - Dask dashboard is available at: http://127.0.0.1:8787/status
2025-09-01 10:42:21,081 - INFO - composites.py:164 - Create directories and naming conversions
2025-09-01 10:42:21,131 - INFO - composites.py:177 - Dataset location: //nas-rs.topo.auth.gr/Latomeia/DROUGHT/composites/x11/y10/2023/12/01
2025-09-01 10:42:21,131 - INFO - composites.py:180 -                           
2025-09-01 10:42:21,131 - INFO - composites.py:181 - Retrieve tile geometry
2025-09-01 10:42:21,160 - INFO - composites.py:192 - Create the Bounding Box (φ,λ)
2025-09-01 10:42:21,160 - INFO - composites.py:198 - Create the Bounding Box (x,y)
2025-09-01 10:42:21,160 - INFO - composites.py:211 -                           
2025-09-01 10:42:21,160 - INFO - composites.py:212 - Connect to Planetary Computer STAC Catalog
2025-09-01 10:42:21,384 - INFO - composites.py:220 - Search the STAC Catalog
2025-09-01 10:42:21,472 - INFO - composites.py:232 -         Query parameters:
2025-09-01 10:42:21,472 - INFO - composites.py:233 -             url:          https://planetarycomputer.microsoft.com/api/stac/v1/search
2025-09-01 10:42:21,472 - INFO - composites.py:234 -             client:       microsoft-pc
2025-09-01 10:42:21,472 - INFO - composites.py:235 -             collection:   sentinel-2-l2a
2025-09-01 10:42:21,472 - INFO - composites.py:236 -             bbox:         (23.00741948027706, 37.64467818172542, 23.67848359322628, 38.19853968883684)
2025-09-01 10:42:21,473 - INFO - composites.py:237 -             time range:   2023-12-01T00:00:00Z/2023-12-31T23:59:59Z
2025-09-01 10:42:21,473 - INFO - composites.py:238 -             cloud cover:  0% - 70%
2025-09-01 10:42:21,473 - INFO - composites.py:239 -             nodata cover: 0% - 33%
2025-09-01 10:42:21,473 - INFO - composites.py:241 -                           
2025-09-01 10:42:21,473 - INFO - composites.py:242 - Searching...
2025-09-01 10:42:22,143 - INFO - composites.py:245 - Query found 37 items
2025-09-01 10:42:22,143 - INFO - composites.py:247 - Searching for GRI REFINED scenes:
2025-09-01 10:42:27,719 - INFO - sentinel2.py:78 - 1/37 - S2A_MSIL2A_20231231T091401_R050_T35SKB_20231231T131417 -> REFINED
2025-09-01 10:42:32,710 - INFO - sentinel2.py:78 - 2/37 - S2A_MSIL2A_20231231T091401_R050_T34SGG_20231231T131420 -> REFINED
2025-09-01 10:42:38,193 - INFO - sentinel2.py:78 - 3/37 - S2B_MSIL2A_20231229T092319_R093_T34SFH_20231229T121523 -> REFINED
2025-09-01 10:42:43,265 - INFO - sentinel2.py:78 - 4/37 - S2B_MSIL2A_20231229T092319_R093_T34SFG_20231229T120918 -> REFINED
2025-09-01 10:42:48,469 - INFO - sentinel2.py:78 - 5/37 - S2B_MSIL2A_20231226T091309_R050_T35SKC_20231226T120903 -> REFINED
2025-09-01 10:42:53,685 - INFO - sentinel2.py:78 - 6/37 - S2B_MSIL2A_20231226T091309_R050_T35SKB_20231226T120902 -> REFINED
2025-09-01 10:42:58,887 - INFO - sentinel2.py:78 - 7/37 - S2B_MSIL2A_20231226T091309_R050_T34SGH_20231226T131404 -> REFINED
2025-09-01 10:43:03,978 - INFO - sentinel2.py:78 - 8/37 - S2B_MSIL2A_20231226T091309_R050_T34SGG_20231226T131408 -> REFINED
2025-09-01 10:43:09,516 - INFO - sentinel2.py:78 - 9/37 - S2B_MSIL2A_20231226T091309_R050_T34SFG_20231226T120903 -> REFINED
2025-09-01 10:43:14,580 - INFO - sentinel2.py:78 - 10/37 - S2A_MSIL2A_20231224T092411_R093_T34SFH_20231224T143057 -> REFINED
2025-09-01 10:43:19,052 - INFO - sentinel2.py:78 - 11/37 - S2A_MSIL2A_20231224T092411_R093_T34SFG_20231224T142912 -> REFINED
2025-09-01 10:43:24,341 - INFO - sentinel2.py:78 - 12/37 - S2B_MSIL2A_20231219T092319_R093_T34SFH_20231220T125649 -> REFINED
2025-09-01 10:43:28,926 - INFO - sentinel2.py:78 - 13/37 - S2B_MSIL2A_20231219T092319_R093_T34SFG_20231220T125130 -> REFINED
2025-09-01 10:43:34,721 - INFO - sentinel2.py:78 - 14/37 - S2A_MSIL2A_20231214T092401_R093_T34SFH_20231219T220950 -> REFINED
2025-09-01 10:43:40,133 - INFO - sentinel2.py:78 - 15/37 - S2A_MSIL2A_20231214T092401_R093_T34SFG_20231219T220835 -> REFINED
2025-09-01 10:43:46,331 - INFO - sentinel2.py:78 - 16/37 - S2A_MSIL2A_20231211T091351_R050_T35SKB_20241102T170808 -> REFINED
2025-09-01 10:43:51,331 - INFO - sentinel2.py:78 - 17/37 - S2A_MSIL2A_20231211T091351_R050_T35SKB_20231211T142547 -> REFINED
2025-09-01 10:43:56,454 - INFO - sentinel2.py:78 - 18/37 - S2A_MSIL2A_20231211T091351_R050_T34SGH_20241102T170808 -> REFINED
2025-09-01 10:44:01,632 - INFO - sentinel2.py:78 - 19/37 - S2A_MSIL2A_20231211T091351_R050_T34SGH_20231211T142548 -> REFINED
2025-09-01 10:44:06,073 - INFO - sentinel2.py:78 - 20/37 - S2A_MSIL2A_20231211T091351_R050_T34SGG_20231211T142547 -> REFINED
2025-09-01 10:44:10,944 - INFO - sentinel2.py:78 - 21/37 - S2A_MSIL2A_20231211T091351_R050_T34SFG_20231211T142544 -> REFINED
2025-09-01 10:44:15,829 - INFO - sentinel2.py:78 - 22/37 - S2B_MSIL2A_20231209T092259_R093_T34SFH_20241113T230105 -> REFINED
2025-09-01 10:44:21,199 - INFO - sentinel2.py:78 - 23/37 - S2B_MSIL2A_20231209T092259_R093_T34SFH_20231209T121656 -> REFINED
2025-09-01 10:44:27,130 - INFO - sentinel2.py:78 - 24/37 - S2B_MSIL2A_20231206T091249_R050_T35SKB_20241029T134413 -> REFINED
2025-09-01 10:44:31,698 - INFO - sentinel2.py:78 - 25/37 - S2B_MSIL2A_20231206T091249_R050_T35SKB_20231206T121130 -> REFINED
2025-09-01 10:44:37,312 - INFO - sentinel2.py:78 - 26/37 - S2B_MSIL2A_20231206T091249_R050_T34SGG_20241029T134413 -> REFINED
2025-09-01 10:44:42,799 - INFO - sentinel2.py:78 - 27/37 - S2B_MSIL2A_20231206T091249_R050_T34SGG_20231206T121123 -> REFINED
2025-09-01 10:44:48,288 - INFO - sentinel2.py:78 - 28/37 - S2B_MSIL2A_20231206T091249_R050_T34SFG_20241029T134413 -> REFINED
2025-09-01 10:44:53,998 - INFO - sentinel2.py:78 - 29/37 - S2B_MSIL2A_20231206T091249_R050_T34SFG_20231206T121345 -> REFINED
2025-09-01 10:44:59,583 - INFO - sentinel2.py:78 - 30/37 - S2A_MSIL2A_20231201T091331_R050_T35SKC_20241101T021329 -> REFINED
2025-09-01 10:45:05,169 - INFO - sentinel2.py:78 - 31/37 - S2A_MSIL2A_20231201T091331_R050_T35SKC_20231201T134646 -> REFINED
2025-09-01 10:45:10,465 - INFO - sentinel2.py:78 - 32/37 - S2A_MSIL2A_20231201T091331_R050_T35SKB_20231201T131938 -> REFINED
2025-09-01 10:45:16,222 - INFO - sentinel2.py:78 - 33/37 - S2A_MSIL2A_20231201T091331_R050_T34SGH_20241101T021329 -> REFINED
2025-09-01 10:45:21,739 - INFO - sentinel2.py:78 - 34/37 - S2A_MSIL2A_20231201T091331_R050_T34SGH_20231201T134906 -> REFINED
2025-09-01 10:45:27,448 - INFO - sentinel2.py:78 - 35/37 - S2A_MSIL2A_20231201T091331_R050_T34SGG_20241101T021329 -> REFINED
2025-09-01 10:45:33,138 - INFO - sentinel2.py:78 - 36/37 - S2A_MSIL2A_20231201T091331_R050_T34SGG_20231201T133927 -> REFINED
2025-09-01 10:45:38,735 - INFO - sentinel2.py:78 - 37/37 - S2A_MSIL2A_20231201T091331_R050_T34SFG_20231201T134731 -> REFINED
2025-09-01 10:45:38,785 - INFO - composites.py:250 -                                  
2025-09-01 10:45:38,785 - INFO - composites.py:251 - 37/37 were refined by GRI.
2025-09-01 10:45:38,787 - INFO - composites.py:263 - Looking for up to 10 cleanest images within spatiotemporal range of each MGRS tile
2025-09-01 10:45:38,788 - INFO - composites.py:277 - Filtered cleanest scenes: Kept 37 out of 37 items. 
2025-09-01 10:45:38,788 - INFO - composites.py:278 -         Included MGRS Tiles: ['34SFG' '34SFH' '34SGG' '34SGH' '35SKB' '35SKC']
2025-09-01 10:45:38,788 - INFO - composites.py:279 -         Included EPSG codes: [32634 32635]
2025-09-01 10:45:38,788 - INFO - composites.py:281 - Selected scenes:
2025-09-01 10:45:38,789 - INFO - composites.py:283 -         S2B_MSIL2A_20231219T092319_R093_T34SFG_20231220T125130
2025-09-01 10:45:38,789 - INFO - composites.py:283 -         S2B_MSIL2A_20231229T092319_R093_T34SFG_20231229T120918
2025-09-01 10:45:38,789 - INFO - composites.py:283 -         S2A_MSIL2A_20231201T091331_R050_T34SFG_20231201T134731
2025-09-01 10:45:38,789 - INFO - composites.py:283 -         S2B_MSIL2A_20231226T091309_R050_T34SFG_20231226T120903
2025-09-01 10:45:38,790 - INFO - composites.py:283 -         S2B_MSIL2A_20231206T091249_R050_T34SFG_20241029T134413
2025-09-01 10:45:38,790 - INFO - composites.py:283 -         S2B_MSIL2A_20231206T091249_R050_T34SFG_20231206T121345
2025-09-01 10:45:38,790 - INFO - composites.py:283 -         S2A_MSIL2A_20231214T092401_R093_T34SFG_20231219T220835
2025-09-01 10:45:38,790 - INFO - composites.py:283 -         S2A_MSIL2A_20231211T091351_R050_T34SFG_20231211T142544
2025-09-01 10:45:38,790 - INFO - composites.py:283 -         S2A_MSIL2A_20231224T092411_R093_T34SFG_20231224T142912
2025-09-01 10:45:38,790 - INFO - composites.py:283 -         S2B_MSIL2A_20231219T092319_R093_T34SFH_20231220T125649
2025-09-01 10:45:38,790 - INFO - composites.py:283 -         S2B_MSIL2A_20231229T092319_R093_T34SFH_20231229T121523
2025-09-01 10:45:38,790 - INFO - composites.py:283 -         S2A_MSIL2A_20231214T092401_R093_T34SFH_20231219T220950
2025-09-01 10:45:38,790 - INFO - composites.py:283 -         S2B_MSIL2A_20231209T092259_R093_T34SFH_20241113T230105
2025-09-01 10:45:38,790 - INFO - composites.py:283 -         S2B_MSIL2A_20231209T092259_R093_T34SFH_20231209T121656
2025-09-01 10:45:38,790 - INFO - composites.py:283 -         S2A_MSIL2A_20231224T092411_R093_T34SFH_20231224T143057
2025-09-01 10:45:38,790 - INFO - composites.py:283 -         S2B_MSIL2A_20231206T091249_R050_T34SGG_20241029T134413
2025-09-01 10:45:38,790 - INFO - composites.py:283 -         S2B_MSIL2A_20231206T091249_R050_T34SGG_20231206T121123
2025-09-01 10:45:38,790 - INFO - composites.py:283 -         S2A_MSIL2A_20231211T091351_R050_T34SGG_20231211T142547
2025-09-01 10:45:38,790 - INFO - composites.py:283 -         S2A_MSIL2A_20231201T091331_R050_T34SGG_20241101T021329
2025-09-01 10:45:38,790 - INFO - composites.py:283 -         S2A_MSIL2A_20231201T091331_R050_T34SGG_20231201T133927
2025-09-01 10:45:38,790 - INFO - composites.py:283 -         S2B_MSIL2A_20231226T091309_R050_T34SGG_20231226T131408
2025-09-01 10:45:38,790 - INFO - composites.py:283 -         S2A_MSIL2A_20231231T091401_R050_T34SGG_20231231T131420
2025-09-01 10:45:38,790 - INFO - composites.py:283 -         S2B_MSIL2A_20231226T091309_R050_T34SGH_20231226T131404
2025-09-01 10:45:38,790 - INFO - composites.py:283 -         S2A_MSIL2A_20231201T091331_R050_T34SGH_20241101T021329
2025-09-01 10:45:38,790 - INFO - composites.py:283 -         S2A_MSIL2A_20231201T091331_R050_T34SGH_20231201T134906
2025-09-01 10:45:38,790 - INFO - composites.py:283 -         S2A_MSIL2A_20231211T091351_R050_T34SGH_20241102T170808
2025-09-01 10:45:38,790 - INFO - composites.py:283 -         S2A_MSIL2A_20231211T091351_R050_T34SGH_20231211T142548
2025-09-01 10:45:38,790 - INFO - composites.py:283 -         S2B_MSIL2A_20231206T091249_R050_T35SKB_20231206T121130
2025-09-01 10:45:38,790 - INFO - composites.py:283 -         S2B_MSIL2A_20231206T091249_R050_T35SKB_20241029T134413
2025-09-01 10:45:38,790 - INFO - composites.py:283 -         S2A_MSIL2A_20231211T091351_R050_T35SKB_20241102T170808
2025-09-01 10:45:38,790 - INFO - composites.py:283 -         S2A_MSIL2A_20231211T091351_R050_T35SKB_20231211T142547
2025-09-01 10:45:38,790 - INFO - composites.py:283 -         S2A_MSIL2A_20231201T091331_R050_T35SKB_20231201T131938
2025-09-01 10:45:38,790 - INFO - composites.py:283 -         S2B_MSIL2A_20231226T091309_R050_T35SKB_20231226T120902
2025-09-01 10:45:38,790 - INFO - composites.py:283 -         S2A_MSIL2A_20231231T091401_R050_T35SKB_20231231T131417
2025-09-01 10:45:38,791 - INFO - composites.py:283 -         S2B_MSIL2A_20231226T091309_R050_T35SKC_20231226T120903
2025-09-01 10:45:38,791 - INFO - composites.py:283 -         S2A_MSIL2A_20231201T091331_R050_T35SKC_20241101T021329
2025-09-01 10:45:38,791 - INFO - composites.py:283 -         S2A_MSIL2A_20231201T091331_R050_T35SKC_20231201T134646
2025-09-01 10:45:39,252 - INFO - sentinel2.py:154 - Matplotlib backend: Agg
2025-09-01 10:45:39,605 - INFO - sentinel2.py:224 - Write input scenes footprint overlay: //nas-rs.topo.auth.gr/Latomeia/DROUGHT/composites/x11/y10/2023/12/01/S2L2A_medcomp_x11y10_202312_InDataFootprint.jpeg
2025-09-01 10:45:39,854 - INFO - composites.py:297 -                                  
2025-09-01 10:45:39,855 - INFO - composites.py:298 - Downstream STAC items from Planetary Computer
2025-09-01 10:45:39,855 - INFO - timeseries_processing.py:115 -                                  
2025-09-01 10:45:39,855 - INFO - timeseries_processing.py:116 - Loading bands of diferent resolutions in EPSG:32634
2025-09-01 10:45:39,855 - INFO - timeseries_processing.py:120 -     Filtering items with native UTM EPSG:32634
2025-09-01 10:45:39,855 - INFO - timeseries_processing.py:122 -     27 Items in EPSG:32634
2025-09-01 10:45:39,855 - INFO - timeseries_processing.py:129 -                        
2025-09-01 10:45:39,855 - INFO - timeseries_processing.py:130 -     Loading parameters:
2025-09-01 10:45:39,855 - INFO - timeseries_processing.py:131 -         Bands: ['B05', 'B07', 'B8A', 'SCL']
2025-09-01 10:45:39,855 - INFO - timeseries_processing.py:132 -         Spatial resolution: 20
2025-09-01 10:45:39,855 - INFO - timeseries_processing.py:134 -         Get Assets from STAC Items
2025-09-01 10:45:39,856 - INFO - timeseries_processing.py:47 -         Initialize the STAC client
2025-09-01 10:45:40,562 - INFO - timeseries_processing.py:137 -         Loading 27 STAC Items....
2025-09-01 10:47:06,239 - INFO - timeseries_processing.py:146 -         Cube has been downloaded
2025-09-01 10:47:06,239 - INFO - timeseries_processing.py:156 -         Fix order of dimensions
2025-09-01 10:47:06,240 - INFO - timeseries_processing.py:161 -         Append bands to the band-list of EPSG:32634
2025-09-01 10:47:06,241 - INFO - timeseries_processing.py:129 -                        
2025-09-01 10:47:06,241 - INFO - timeseries_processing.py:130 -     Loading parameters:
2025-09-01 10:47:06,241 - INFO - timeseries_processing.py:131 -         Bands: ['B02', 'B03', 'B04']
2025-09-01 10:47:06,241 - INFO - timeseries_processing.py:132 -         Spatial resolution: 10
2025-09-01 10:47:06,241 - INFO - timeseries_processing.py:134 -         Get Assets from STAC Items
2025-09-01 10:47:06,241 - INFO - timeseries_processing.py:47 -         Initialize the STAC client
2025-09-01 10:47:06,868 - INFO - timeseries_processing.py:137 -         Loading 27 STAC Items....
2025-09-01 10:49:18,131 - INFO - timeseries_processing.py:146 -         Cube has been downloaded
2025-09-01 10:49:18,132 - INFO - timeseries_processing.py:149 -         Reproject to downsample 10m bands to 20m by Resampling.average 2x2 binning and shape matching with odc.geo.GeoBox
2025-09-01 10:49:32,073 - INFO - timeseries_processing.py:161 -         Append bands to the band-list of EPSG:32634
2025-09-01 10:49:32,074 - INFO - timeseries_processing.py:165 -                        
2025-09-01 10:49:32,074 - INFO - timeseries_processing.py:166 -     Merging bands in a single dataset
2025-09-01 10:49:32,074 - INFO - timeseries_processing.py:167 -     Ensure all partial datasets are at (x=20, y=-20) resolution
2025-09-01 10:49:32,080 - INFO - timeseries_processing.py:171 -     Clip to the intersection of indexes
2025-09-01 10:49:33,417 - INFO - timeseries_processing.py:180 -     Make a list of bands to merge
2025-09-01 10:49:33,419 - INFO - timeseries_processing.py:184 -     Merge on intersection
2025-09-01 10:49:33,420 - INFO - timeseries_processing.py:192 -     Apply masks on clouds, shadows, thin cirrus, and snow/ice
2025-09-01 10:49:33,420 - INFO - sentinel2.py:122 -                Masking bits: [3, 7, 8, 9, 10, 11]
2025-09-01 10:49:34,709 - INFO - timeseries_processing.py:115 -                                  
2025-09-01 10:49:34,709 - INFO - timeseries_processing.py:116 - Loading bands of diferent resolutions in EPSG:32635
2025-09-01 10:49:34,709 - INFO - timeseries_processing.py:120 -     Filtering items with native UTM EPSG:32635
2025-09-01 10:49:34,709 - INFO - timeseries_processing.py:122 -     10 Items in EPSG:32635
2025-09-01 10:49:34,709 - INFO - timeseries_processing.py:129 -                        
2025-09-01 10:49:34,709 - INFO - timeseries_processing.py:130 -     Loading parameters:
2025-09-01 10:49:34,709 - INFO - timeseries_processing.py:131 -         Bands: ['B05', 'B07', 'B8A', 'SCL']
2025-09-01 10:49:34,709 - INFO - timeseries_processing.py:132 -         Spatial resolution: 20
2025-09-01 10:49:34,709 - INFO - timeseries_processing.py:134 -         Get Assets from STAC Items
2025-09-01 10:49:34,709 - INFO - timeseries_processing.py:47 -         Initialize the STAC client
2025-09-01 10:49:35,271 - INFO - timeseries_processing.py:137 -         Loading 10 STAC Items....
2025-09-01 10:49:50,850 - INFO - timeseries_processing.py:146 -         Cube has been downloaded
2025-09-01 10:49:50,851 - INFO - timeseries_processing.py:156 -         Fix order of dimensions
2025-09-01 10:49:50,854 - INFO - timeseries_processing.py:161 -         Append bands to the band-list of EPSG:32635
2025-09-01 10:49:50,854 - INFO - timeseries_processing.py:129 -                        
2025-09-01 10:49:50,855 - INFO - timeseries_processing.py:130 -     Loading parameters:
2025-09-01 10:49:50,855 - INFO - timeseries_processing.py:131 -         Bands: ['B02', 'B03', 'B04']
2025-09-01 10:49:50,855 - INFO - timeseries_processing.py:132 -         Spatial resolution: 10
2025-09-01 10:49:50,857 - INFO - timeseries_processing.py:134 -         Get Assets from STAC Items
2025-09-01 10:49:50,857 - INFO - timeseries_processing.py:47 -         Initialize the STAC client
2025-09-01 10:49:51,418 - INFO - timeseries_processing.py:137 -         Loading 10 STAC Items....
2025-09-01 10:50:10,296 - INFO - timeseries_processing.py:146 -         Cube has been downloaded
2025-09-01 10:50:10,296 - INFO - timeseries_processing.py:149 -         Reproject to downsample 10m bands to 20m by Resampling.average 2x2 binning and shape matching with odc.geo.GeoBox
2025-09-01 10:50:16,184 - INFO - timeseries_processing.py:161 -         Append bands to the band-list of EPSG:32635
2025-09-01 10:50:16,185 - INFO - timeseries_processing.py:165 -                        
2025-09-01 10:50:16,185 - INFO - timeseries_processing.py:166 -     Merging bands in a single dataset
2025-09-01 10:50:16,185 - INFO - timeseries_processing.py:167 -     Ensure all partial datasets are at (x=20, y=-20) resolution
2025-09-01 10:50:16,185 - INFO - timeseries_processing.py:171 -     Clip to the intersection of indexes
2025-09-01 10:50:16,186 - INFO - timeseries_processing.py:180 -     Make a list of bands to merge
2025-09-01 10:50:16,187 - INFO - timeseries_processing.py:184 -     Merge on intersection
2025-09-01 10:50:16,188 - INFO - timeseries_processing.py:192 -     Apply masks on clouds, shadows, thin cirrus, and snow/ice
2025-09-01 10:50:16,188 - INFO - sentinel2.py:122 -                Masking bits: [3, 7, 8, 9, 10, 11]
2025-09-01 10:50:16,829 - INFO - composites.py:307 - Reproject from UTM Zone to Tile geometry -> CRS(EPSG:32635), Resampling.bilinear
2025-09-01 10:50:27,495 - INFO - composites.py:310 -     New shape of datasets: Shape2d(x=2400, y=2400)
2025-09-01 10:50:27,873 - INFO - composites.py:315 -                           
2025-09-01 10:50:27,873 - INFO - composites.py:316 - Mosaic datasets to a single dataset
2025-09-01 10:50:36,248 - INFO - composites.py:329 - Scale SR to Sen2Cor Baseline 4.00 - Subtract 1000 in dates post 2022-01-25
2025-09-01 10:50:37,773 - INFO - composites.py:342 - Creating preview plot of input scenes
2025-09-01 10:51:10,868 - INFO - timeseries_processing.py:349 - Saved preview for 'B04' to //nas-rs.topo.auth.gr/Latomeia/DROUGHT/composites/x11/y10/2023/12/01/S2L2A_medcomp_x11y10_202312_InDataPreview.jpeg
2025-09-01 10:51:10,874 - INFO - composites.py:348 - Clip value range
2025-09-01 10:51:12,838 - INFO - composites.py:353 -                           
2025-09-01 10:51:12,839 - INFO - composites.py:354 - Computing spectral indices:
2025-09-01 10:51:12,839 - INFO - composites.py:357 -     EVI...
2025-09-01 10:51:14,092 - INFO - composites.py:359 -     NDVI...
2025-09-01 10:51:14,484 - INFO - composites.py:361 -     PSRI2...
2025-09-01 10:51:14,809 - INFO - composites.py:364 - Clip to typical value range
2025-09-01 10:51:15,290 - INFO - composites.py:371 - Reducing to median value temporal composite
2025-09-01 10:51:40,277 - INFO - composites.py:390 - Scale and Define data types & nodata per band
2025-09-01 10:51:40,406 - INFO - composites.py:411 - Assign time range and tile ID in metadata
2025-09-01 10:51:40,406 - INFO - composites.py:419 - Write bands to raster COG files
2025-09-01 10:51:44,282 - INFO - composites.py:432 - Write B02 -> //nas-rs.topo.auth.gr/Latomeia/DROUGHT/composites/x11/y10/2023/12/01/S2L2A_medcomp_x11y10_202312_B02.tif
2025-09-01 10:51:48,130 - INFO - composites.py:432 - Write B03 -> //nas-rs.topo.auth.gr/Latomeia/DROUGHT/composites/x11/y10/2023/12/01/S2L2A_medcomp_x11y10_202312_B03.tif
2025-09-01 10:51:51,988 - INFO - composites.py:432 - Write B04 -> //nas-rs.topo.auth.gr/Latomeia/DROUGHT/composites/x11/y10/2023/12/01/S2L2A_medcomp_x11y10_202312_B04.tif
2025-09-01 10:51:56,005 - INFO - composites.py:432 - Write B05 -> //nas-rs.topo.auth.gr/Latomeia/DROUGHT/composites/x11/y10/2023/12/01/S2L2A_medcomp_x11y10_202312_B05.tif
2025-09-01 10:51:59,915 - INFO - composites.py:432 - Write B07 -> //nas-rs.topo.auth.gr/Latomeia/DROUGHT/composites/x11/y10/2023/12/01/S2L2A_medcomp_x11y10_202312_B07.tif
2025-09-01 10:52:03,807 - INFO - composites.py:432 - Write B8A -> //nas-rs.topo.auth.gr/Latomeia/DROUGHT/composites/x11/y10/2023/12/01/S2L2A_medcomp_x11y10_202312_B8A.tif
2025-09-01 10:52:07,626 - INFO - composites.py:432 - Write EVI -> //nas-rs.topo.auth.gr/Latomeia/DROUGHT/composites/x11/y10/2023/12/01/S2L2A_medcomp_x11y10_202312_EVI.tif
2025-09-01 10:52:11,960 - INFO - composites.py:432 - Write NDVI -> //nas-rs.topo.auth.gr/Latomeia/DROUGHT/composites/x11/y10/2023/12/01/S2L2A_medcomp_x11y10_202312_NDVI.tif
2025-09-01 10:52:15,883 - INFO - composites.py:432 - Write PSRI2 -> //nas-rs.topo.auth.gr/Latomeia/DROUGHT/composites/x11/y10/2023/12/01/S2L2A_medcomp_x11y10_202312_PSRI2.tif
2025-09-01 10:52:15,883 - INFO - composites.py:436 - Prepare metadata YAML document
2025-09-01 10:52:16,422 - INFO - composites.py:458 - Write metadata YAML document to disk
2025-09-01 10:52:16,478 - INFO - composites.py:463 - Create datacube.model.Dataset from eo3 metadata
2025-09-01 10:52:16,488 - INFO - composites.py:476 - Index to datacube
2025-09-01 10:52:16,488 - INFO - _datasets.py:191 - Indexing eda250bb-ae93-4911-96bb-ecae079188dd
2025-09-01 10:52:16,498 - INFO - composites.py:479 - 
2025-09-01 10:52:16,498 - INFO - composites.py:480 -              ✔✔✔ COMPLETED: Tile x11_y10 | Time: 2023-12 | In 10.02 minutes
2025-09-01 10:52:16,498 - INFO - composites.py:481 - 
2025-09-01 10:52:16,498 - INFO - composites.py:489 - Closing Dask client
2025-09-01 10:52:16,499 - INFO - composites.py:493 - Closing Dask cluster
2025-09-01 10:52:16,500 - INFO - composites.py:494 - #######################################################################
