2025-09-03 17:02:15,478 - INFO - composites.py:102 - #######################################################################
2025-09-03 17:02:15,478 - INFO - composites.py:104 - Processing started
2025-09-03 17:02:15,478 - INFO - composites.py:105 -         Tile: x09_y11
2025-09-03 17:02:15,478 - INFO - composites.py:106 -         Time: 2025-06
2025-09-03 17:02:15,478 - INFO - composites.py:109 -                           
2025-09-03 17:02:15,478 - INFO - composites.py:110 - Establishing connection to datacube
2025-09-03 17:02:16,010 - INFO - composites.py:113 -                           
2025-09-03 17:02:16,010 - INFO - composites.py:114 - Sanity test: Check if dataset already exists in the datacube
2025-09-03 17:02:16,031 - INFO - composites.py:133 - The composite requested was not found and it will be computed
2025-09-03 17:02:16,031 - INFO - composites.py:136 -                                  
2025-09-03 17:02:16,031 - INFO - composites.py:137 - Initializing Dask cluster for parallelization
2025-09-03 17:02:21,246 - INFO - composites.py:161 - Dask dashboard is available at: http://127.0.0.1:8787/status
2025-09-03 17:02:21,246 - INFO - composites.py:164 - Create directories and naming conversions
2025-09-03 17:02:21,260 - INFO - composites.py:177 - Dataset location: //nas-rs.topo.auth.gr/Latomeia/DROUGHT/composites/x09/y11/2025/06/01
2025-09-03 17:02:21,260 - INFO - composites.py:180 -                           
2025-09-03 17:02:21,260 - INFO - composites.py:181 - Retrieve tile geometry
2025-09-03 17:02:21,296 - INFO - composites.py:192 - Create the Bounding Box (φ,λ)
2025-09-03 17:02:21,296 - INFO - composites.py:198 - Create the Bounding Box (x,y)
2025-09-03 17:02:21,297 - INFO - composites.py:211 -                           
2025-09-03 17:02:21,297 - INFO - composites.py:212 - Connect to Planetary Computer STAC Catalog
2025-09-03 17:02:21,516 - INFO - composites.py:220 - Search the STAC Catalog
2025-09-03 17:02:21,591 - INFO - composites.py:232 -         Query parameters:
2025-09-03 17:02:21,591 - INFO - composites.py:233 -             url:          https://planetarycomputer.microsoft.com/api/stac/v1/search
2025-09-03 17:02:21,591 - INFO - composites.py:234 -             client:       microsoft-pc
2025-09-03 17:02:21,591 - INFO - composites.py:235 -             collection:   sentinel-2-l2a
2025-09-03 17:02:21,591 - INFO - composites.py:236 -             bbox:         (22.011426495899283, 38.22146676750315, 22.68270270334575, 38.770538011403985)
2025-09-03 17:02:21,591 - INFO - composites.py:237 -             time range:   2025-06-01T00:00:00Z/2025-06-30T23:59:59Z
2025-09-03 17:02:21,591 - INFO - composites.py:238 -             cloud cover:  0% - 70%
2025-09-03 17:02:21,592 - INFO - composites.py:239 -             nodata cover: 0% - 33%
2025-09-03 17:02:21,592 - INFO - composites.py:241 -                           
2025-09-03 17:02:21,592 - INFO - composites.py:242 - Searching...
2025-09-03 17:02:22,132 - INFO - composites.py:245 - Query found 36 items
2025-09-03 17:02:22,132 - INFO - composites.py:247 - Searching for GRI REFINED scenes:
2025-09-03 17:02:28,362 - INFO - sentinel2.py:78 - 1/36 - S2A_MSIL2A_20250628T092041_R093_T34SFJ_20250628T125303 -> REFINED
2025-09-03 17:02:35,654 - INFO - sentinel2.py:78 - 2/36 - S2A_MSIL2A_20250628T092041_R093_T34SFH_20250628T125303 -> REFINED
2025-09-03 17:02:43,457 - INFO - sentinel2.py:78 - 3/36 - S2A_MSIL2A_20250628T092041_R093_T34SEJ_20250628T125303 -> REFINED
2025-09-03 17:02:50,697 - INFO - sentinel2.py:78 - 4/36 - S2A_MSIL2A_20250628T092041_R093_T34SEH_20250628T125303 -> REFINED
2025-09-03 17:02:57,144 - INFO - sentinel2.py:78 - 5/36 - S2C_MSIL2A_20250626T092051_R093_T34SFJ_20250626T131216 -> REFINED
2025-09-03 17:03:03,377 - INFO - sentinel2.py:78 - 6/36 - S2C_MSIL2A_20250626T092051_R093_T34SFH_20250626T131216 -> REFINED
2025-09-03 17:03:10,256 - INFO - sentinel2.py:78 - 7/36 - S2C_MSIL2A_20250626T092051_R093_T34SEJ_20250626T131216 -> REFINED
2025-09-03 17:03:20,742 - INFO - sentinel2.py:78 - 8/36 - S2C_MSIL2A_20250626T092051_R093_T34SEH_20250626T131216 -> REFINED
2025-09-03 17:03:28,003 - INFO - sentinel2.py:78 - 9/36 - S2B_MSIL2A_20250621T092029_R093_T34SFJ_20250621T102719 -> REFINED
2025-09-03 17:03:35,272 - INFO - sentinel2.py:78 - 10/36 - S2B_MSIL2A_20250621T092029_R093_T34SFH_20250621T102719 -> REFINED
2025-09-03 17:03:41,950 - INFO - sentinel2.py:78 - 11/36 - S2B_MSIL2A_20250621T092029_R093_T34SEJ_20250621T102719 -> REFINED
2025-09-03 17:03:48,805 - INFO - sentinel2.py:78 - 12/36 - S2B_MSIL2A_20250621T092029_R093_T34SEH_20250621T102719 -> REFINED
2025-09-03 17:03:56,304 - INFO - sentinel2.py:78 - 13/36 - S2A_MSIL2A_20250618T092231_R093_T34SFJ_20250618T114601 -> REFINED
2025-09-03 17:04:03,281 - INFO - sentinel2.py:78 - 14/36 - S2A_MSIL2A_20250618T092231_R093_T34SFH_20250618T114601 -> REFINED
2025-09-03 17:04:09,882 - INFO - sentinel2.py:78 - 15/36 - S2A_MSIL2A_20250618T092231_R093_T34SEJ_20250618T114601 -> REFINED
2025-09-03 17:04:16,703 - INFO - sentinel2.py:78 - 16/36 - S2A_MSIL2A_20250618T092231_R093_T34SEH_20250618T114601 -> REFINED
2025-09-03 17:04:22,924 - INFO - sentinel2.py:78 - 17/36 - S2C_MSIL2A_20250616T092051_R093_T34SFJ_20250616T120017 -> REFINED
2025-09-03 17:04:30,476 - INFO - sentinel2.py:78 - 18/36 - S2C_MSIL2A_20250616T092051_R093_T34SFH_20250616T120017 -> REFINED
2025-09-03 17:04:37,613 - INFO - sentinel2.py:78 - 19/36 - S2C_MSIL2A_20250616T092051_R093_T34SEJ_20250616T120017 -> REFINED
2025-09-03 17:04:44,042 - INFO - sentinel2.py:78 - 20/36 - S2C_MSIL2A_20250616T092051_R093_T34SEH_20250616T120017 -> REFINED
2025-09-03 17:04:51,180 - INFO - sentinel2.py:78 - 21/36 - S2B_MSIL2A_20250611T092029_R093_T34SFJ_20250611T121714 -> REFINED
2025-09-03 17:04:57,294 - INFO - sentinel2.py:78 - 22/36 - S2B_MSIL2A_20250611T092029_R093_T34SFH_20250611T121714 -> REFINED
2025-09-03 17:05:04,313 - INFO - sentinel2.py:78 - 23/36 - S2B_MSIL2A_20250611T092029_R093_T34SEJ_20250611T121714 -> REFINED
2025-09-03 17:05:11,914 - INFO - sentinel2.py:78 - 24/36 - S2B_MSIL2A_20250611T092029_R093_T34SEH_20250611T121714 -> REFINED
2025-09-03 17:05:19,394 - INFO - sentinel2.py:78 - 25/36 - S2A_MSIL2A_20250608T092041_R093_T34SFJ_20250608T121913 -> REFINED
2025-09-03 17:05:26,251 - INFO - sentinel2.py:78 - 26/36 - S2A_MSIL2A_20250608T092041_R093_T34SFH_20250608T121913 -> REFINED
2025-09-03 17:05:32,512 - INFO - sentinel2.py:78 - 27/36 - S2A_MSIL2A_20250608T092041_R093_T34SEJ_20250608T121913 -> REFINED
2025-09-03 17:05:39,479 - INFO - sentinel2.py:78 - 28/36 - S2A_MSIL2A_20250608T092041_R093_T34SEH_20250608T121913 -> REFINED
2025-09-03 17:05:45,712 - INFO - sentinel2.py:78 - 29/36 - S2C_MSIL2A_20250606T092051_R093_T34SFJ_20250606T121513 -> REFINED
2025-09-03 17:05:53,076 - INFO - sentinel2.py:78 - 30/36 - S2C_MSIL2A_20250606T092051_R093_T34SFH_20250606T121513 -> REFINED
2025-09-03 17:06:00,298 - INFO - sentinel2.py:78 - 31/36 - S2C_MSIL2A_20250606T092051_R093_T34SEJ_20250606T121513 -> REFINED
2025-09-03 17:06:06,710 - INFO - sentinel2.py:78 - 32/36 - S2C_MSIL2A_20250606T092051_R093_T34SEH_20250606T121513 -> REFINED
2025-09-03 17:06:15,276 - INFO - sentinel2.py:78 - 33/36 - S2B_MSIL2A_20250601T092029_R093_T34SFJ_20250601T113837 -> REFINED
2025-09-03 17:06:22,144 - INFO - sentinel2.py:78 - 34/36 - S2B_MSIL2A_20250601T092029_R093_T34SFH_20250601T113837 -> REFINED
2025-09-03 17:06:29,323 - INFO - sentinel2.py:78 - 35/36 - S2B_MSIL2A_20250601T092029_R093_T34SEJ_20250601T113837 -> REFINED
2025-09-03 17:06:36,648 - INFO - sentinel2.py:78 - 36/36 - S2B_MSIL2A_20250601T092029_R093_T34SEH_20250601T113837 -> REFINED
2025-09-03 17:06:36,700 - INFO - composites.py:250 -                                  
2025-09-03 17:06:36,701 - INFO - composites.py:251 - 36/36 were refined by GRI.
2025-09-03 17:06:36,701 - INFO - composites.py:263 - Looking for up to 10 cleanest images within spatiotemporal range of each MGRS tile
2025-09-03 17:06:36,702 - INFO - composites.py:277 - Filtered cleanest scenes: Kept 36 out of 36 items. 
2025-09-03 17:06:36,702 - INFO - composites.py:278 -         Included MGRS Tiles: ['34SEH' '34SEJ' '34SFH' '34SFJ']
2025-09-03 17:06:36,703 - INFO - composites.py:279 -         Included EPSG codes: [32634]
2025-09-03 17:06:36,703 - INFO - composites.py:281 - Selected scenes:
2025-09-03 17:06:36,703 - INFO - composites.py:283 -         S2C_MSIL2A_20250626T092051_R093_T34SEH_20250626T131216
2025-09-03 17:06:36,704 - INFO - composites.py:283 -         S2B_MSIL2A_20250611T092029_R093_T34SEH_20250611T121714
2025-09-03 17:06:36,704 - INFO - composites.py:283 -         S2A_MSIL2A_20250618T092231_R093_T34SEH_20250618T114601
2025-09-03 17:06:36,704 - INFO - composites.py:283 -         S2A_MSIL2A_20250608T092041_R093_T34SEH_20250608T121913
2025-09-03 17:06:36,715 - INFO - composites.py:283 -         S2C_MSIL2A_20250606T092051_R093_T34SEH_20250606T121513
2025-09-03 17:06:36,715 - INFO - composites.py:283 -         S2C_MSIL2A_20250616T092051_R093_T34SEH_20250616T120017
2025-09-03 17:06:36,731 - INFO - composites.py:283 -         S2B_MSIL2A_20250621T092029_R093_T34SEH_20250621T102719
2025-09-03 17:06:36,735 - INFO - composites.py:283 -         S2A_MSIL2A_20250628T092041_R093_T34SEH_20250628T125303
2025-09-03 17:06:36,735 - INFO - composites.py:283 -         S2B_MSIL2A_20250601T092029_R093_T34SEH_20250601T113837
2025-09-03 17:06:36,745 - INFO - composites.py:283 -         S2C_MSIL2A_20250626T092051_R093_T34SEJ_20250626T131216
2025-09-03 17:06:36,745 - INFO - composites.py:283 -         S2A_MSIL2A_20250618T092231_R093_T34SEJ_20250618T114601
2025-09-03 17:06:36,745 - INFO - composites.py:283 -         S2A_MSIL2A_20250608T092041_R093_T34SEJ_20250608T121913
2025-09-03 17:06:36,746 - INFO - composites.py:283 -         S2C_MSIL2A_20250606T092051_R093_T34SEJ_20250606T121513
2025-09-03 17:06:36,746 - INFO - composites.py:283 -         S2B_MSIL2A_20250611T092029_R093_T34SEJ_20250611T121714
2025-09-03 17:06:36,746 - INFO - composites.py:283 -         S2C_MSIL2A_20250616T092051_R093_T34SEJ_20250616T120017
2025-09-03 17:06:36,746 - INFO - composites.py:283 -         S2B_MSIL2A_20250621T092029_R093_T34SEJ_20250621T102719
2025-09-03 17:06:36,746 - INFO - composites.py:283 -         S2A_MSIL2A_20250628T092041_R093_T34SEJ_20250628T125303
2025-09-03 17:06:36,746 - INFO - composites.py:283 -         S2B_MSIL2A_20250601T092029_R093_T34SEJ_20250601T113837
2025-09-03 17:06:36,746 - INFO - composites.py:283 -         S2B_MSIL2A_20250611T092029_R093_T34SFH_20250611T121714
2025-09-03 17:06:36,746 - INFO - composites.py:283 -         S2C_MSIL2A_20250626T092051_R093_T34SFH_20250626T131216
2025-09-03 17:06:36,747 - INFO - composites.py:283 -         S2A_MSIL2A_20250608T092041_R093_T34SFH_20250608T121913
2025-09-03 17:06:36,747 - INFO - composites.py:283 -         S2C_MSIL2A_20250616T092051_R093_T34SFH_20250616T120017
2025-09-03 17:06:36,747 - INFO - composites.py:283 -         S2C_MSIL2A_20250606T092051_R093_T34SFH_20250606T121513
2025-09-03 17:06:36,747 - INFO - composites.py:283 -         S2A_MSIL2A_20250628T092041_R093_T34SFH_20250628T125303
2025-09-03 17:06:36,748 - INFO - composites.py:283 -         S2A_MSIL2A_20250618T092231_R093_T34SFH_20250618T114601
2025-09-03 17:06:36,748 - INFO - composites.py:283 -         S2B_MSIL2A_20250601T092029_R093_T34SFH_20250601T113837
2025-09-03 17:06:36,748 - INFO - composites.py:283 -         S2B_MSIL2A_20250621T092029_R093_T34SFH_20250621T102719
2025-09-03 17:06:36,748 - INFO - composites.py:283 -         S2C_MSIL2A_20250626T092051_R093_T34SFJ_20250626T131216
2025-09-03 17:06:36,748 - INFO - composites.py:283 -         S2A_MSIL2A_20250608T092041_R093_T34SFJ_20250608T121913
2025-09-03 17:06:36,748 - INFO - composites.py:283 -         S2B_MSIL2A_20250611T092029_R093_T34SFJ_20250611T121714
2025-09-03 17:06:36,748 - INFO - composites.py:283 -         S2C_MSIL2A_20250616T092051_R093_T34SFJ_20250616T120017
2025-09-03 17:06:36,748 - INFO - composites.py:283 -         S2A_MSIL2A_20250628T092041_R093_T34SFJ_20250628T125303
2025-09-03 17:06:36,748 - INFO - composites.py:283 -         S2A_MSIL2A_20250618T092231_R093_T34SFJ_20250618T114601
2025-09-03 17:06:36,748 - INFO - composites.py:283 -         S2C_MSIL2A_20250606T092051_R093_T34SFJ_20250606T121513
2025-09-03 17:06:36,748 - INFO - composites.py:283 -         S2B_MSIL2A_20250621T092029_R093_T34SFJ_20250621T102719
2025-09-03 17:06:36,748 - INFO - composites.py:283 -         S2B_MSIL2A_20250601T092029_R093_T34SFJ_20250601T113837
2025-09-03 17:06:37,230 - INFO - sentinel2.py:154 - Matplotlib backend: Agg
2025-09-03 17:06:37,566 - INFO - sentinel2.py:224 - Write input scenes footprint overlay: //nas-rs.topo.auth.gr/Latomeia/DROUGHT/composites/x09/y11/2025/06/01/S2L2A_medcomp_x09y11_202506_InDataFootprint.jpeg
2025-09-03 17:06:37,885 - INFO - composites.py:297 -                                  
2025-09-03 17:06:37,885 - INFO - composites.py:298 - Downstream STAC items from Planetary Computer
2025-09-03 17:06:37,885 - INFO - timeseries_processing.py:115 -                                  
2025-09-03 17:06:37,885 - INFO - timeseries_processing.py:116 - Loading bands of diferent resolutions in EPSG:32634
2025-09-03 17:06:37,885 - INFO - timeseries_processing.py:120 -     Filtering items with native UTM EPSG:32634
2025-09-03 17:06:37,885 - INFO - timeseries_processing.py:122 -     36 Items in EPSG:32634
2025-09-03 17:06:37,885 - INFO - timeseries_processing.py:129 -                        
2025-09-03 17:06:37,885 - INFO - timeseries_processing.py:130 -     Loading parameters:
2025-09-03 17:06:37,885 - INFO - timeseries_processing.py:131 -         Bands: ['B05', 'B07', 'B8A', 'SCL']
2025-09-03 17:06:37,885 - INFO - timeseries_processing.py:132 -         Spatial resolution: 20
2025-09-03 17:06:37,885 - INFO - timeseries_processing.py:134 -         Get Assets from STAC Items
2025-09-03 17:06:37,885 - INFO - timeseries_processing.py:47 -         Initialize the STAC client
2025-09-03 17:06:38,614 - INFO - timeseries_processing.py:137 -         Loading 36 STAC Items....
2025-09-03 17:09:10,112 - INFO - timeseries_processing.py:146 -         Cube has been downloaded
2025-09-03 17:09:10,113 - INFO - timeseries_processing.py:156 -         Fix order of dimensions
2025-09-03 17:09:10,114 - INFO - timeseries_processing.py:161 -         Append bands to the band-list of EPSG:32634
2025-09-03 17:09:10,114 - INFO - timeseries_processing.py:129 -                        
2025-09-03 17:09:10,114 - INFO - timeseries_processing.py:130 -     Loading parameters:
2025-09-03 17:09:10,114 - INFO - timeseries_processing.py:131 -         Bands: ['B02', 'B03', 'B04']
2025-09-03 17:09:10,116 - INFO - timeseries_processing.py:132 -         Spatial resolution: 10
2025-09-03 17:09:10,116 - INFO - timeseries_processing.py:134 -         Get Assets from STAC Items
2025-09-03 17:09:10,117 - INFO - timeseries_processing.py:47 -         Initialize the STAC client
2025-09-03 17:09:10,809 - INFO - timeseries_processing.py:137 -         Loading 36 STAC Items....
2025-09-03 17:13:14,965 - INFO - timeseries_processing.py:146 -         Cube has been downloaded
2025-09-03 17:13:14,966 - INFO - timeseries_processing.py:149 -         Reproject to downsample 10m bands to 20m by Resampling.average 2x2 binning and shape matching with odc.geo.GeoBox
2025-09-03 17:13:28,712 - INFO - timeseries_processing.py:161 -         Append bands to the band-list of EPSG:32634
2025-09-03 17:13:28,712 - INFO - timeseries_processing.py:165 -                        
2025-09-03 17:13:28,712 - INFO - timeseries_processing.py:166 -     Merging bands in a single dataset
2025-09-03 17:13:28,712 - INFO - timeseries_processing.py:167 -     Ensure all partial datasets are at (x=20, y=-20) resolution
2025-09-03 17:13:28,712 - INFO - timeseries_processing.py:171 -     Clip to the intersection of indexes
2025-09-03 17:13:29,998 - INFO - timeseries_processing.py:180 -     Make a list of bands to merge
2025-09-03 17:13:29,999 - INFO - timeseries_processing.py:184 -     Merge on intersection
2025-09-03 17:13:30,000 - INFO - timeseries_processing.py:192 -     Apply masks on clouds, shadows, thin cirrus, and snow/ice
2025-09-03 17:13:30,000 - INFO - sentinel2.py:122 -                Masking bits: [3, 7, 8, 9, 10, 11]
2025-09-03 17:13:31,155 - INFO - composites.py:307 - Reproject from UTM Zone to Tile geometry -> CRS(EPSG:32634), Resampling.bilinear
2025-09-03 17:13:37,439 - INFO - composites.py:310 -     New shape of datasets: Shape2d(x=2400, y=2400)
2025-09-03 17:13:38,044 - INFO - composites.py:329 - Scale SR to Sen2Cor Baseline 4.00 - Subtract 1000 in dates post 2022-01-25
2025-09-03 17:13:39,479 - INFO - composites.py:342 - Creating preview plot of input scenes
2025-09-03 17:14:11,534 - INFO - timeseries_processing.py:349 - Saved preview for 'B04' to //nas-rs.topo.auth.gr/Latomeia/DROUGHT/composites/x09/y11/2025/06/01/S2L2A_medcomp_x09y11_202506_InDataPreview.jpeg
2025-09-03 17:14:11,541 - INFO - composites.py:348 - Clip value range
2025-09-03 17:14:13,398 - INFO - composites.py:353 -                           
2025-09-03 17:14:13,398 - INFO - composites.py:354 - Computing spectral indices:
2025-09-03 17:14:13,398 - INFO - composites.py:357 -     EVI...
2025-09-03 17:14:14,630 - INFO - composites.py:359 -     NDVI...
2025-09-03 17:14:15,076 - INFO - composites.py:361 -     PSRI2...
2025-09-03 17:14:15,376 - INFO - composites.py:364 - Clip to typical value range
2025-09-03 17:14:15,784 - INFO - composites.py:371 - Reducing to median value temporal composite
2025-09-03 17:14:41,272 - INFO - composites.py:390 - Scale and Define data types & nodata per band
2025-09-03 17:14:41,403 - INFO - composites.py:411 - Assign time range and tile ID in metadata
2025-09-03 17:14:41,403 - INFO - composites.py:419 - Write bands to raster COG files
2025-09-03 17:14:45,440 - INFO - composites.py:432 - Write B02 -> //nas-rs.topo.auth.gr/Latomeia/DROUGHT/composites/x09/y11/2025/06/01/S2L2A_medcomp_x09y11_202506_B02.tif
2025-09-03 17:14:49,386 - INFO - composites.py:432 - Write B03 -> //nas-rs.topo.auth.gr/Latomeia/DROUGHT/composites/x09/y11/2025/06/01/S2L2A_medcomp_x09y11_202506_B03.tif
2025-09-03 17:14:53,717 - INFO - composites.py:432 - Write B04 -> //nas-rs.topo.auth.gr/Latomeia/DROUGHT/composites/x09/y11/2025/06/01/S2L2A_medcomp_x09y11_202506_B04.tif
2025-09-03 17:14:57,686 - INFO - composites.py:432 - Write B05 -> //nas-rs.topo.auth.gr/Latomeia/DROUGHT/composites/x09/y11/2025/06/01/S2L2A_medcomp_x09y11_202506_B05.tif
2025-09-03 17:15:01,656 - INFO - composites.py:432 - Write B07 -> //nas-rs.topo.auth.gr/Latomeia/DROUGHT/composites/x09/y11/2025/06/01/S2L2A_medcomp_x09y11_202506_B07.tif
2025-09-03 17:15:05,732 - INFO - composites.py:432 - Write B8A -> //nas-rs.topo.auth.gr/Latomeia/DROUGHT/composites/x09/y11/2025/06/01/S2L2A_medcomp_x09y11_202506_B8A.tif
2025-09-03 17:15:09,608 - INFO - composites.py:432 - Write EVI -> //nas-rs.topo.auth.gr/Latomeia/DROUGHT/composites/x09/y11/2025/06/01/S2L2A_medcomp_x09y11_202506_EVI.tif
2025-09-03 17:15:13,898 - INFO - composites.py:432 - Write NDVI -> //nas-rs.topo.auth.gr/Latomeia/DROUGHT/composites/x09/y11/2025/06/01/S2L2A_medcomp_x09y11_202506_NDVI.tif
2025-09-03 17:15:17,778 - INFO - composites.py:432 - Write PSRI2 -> //nas-rs.topo.auth.gr/Latomeia/DROUGHT/composites/x09/y11/2025/06/01/S2L2A_medcomp_x09y11_202506_PSRI2.tif
2025-09-03 17:15:17,778 - INFO - composites.py:436 - Prepare metadata YAML document
2025-09-03 17:15:18,315 - INFO - composites.py:458 - Write metadata YAML document to disk
2025-09-03 17:15:18,364 - INFO - composites.py:463 - Create datacube.model.Dataset from eo3 metadata
2025-09-03 17:15:18,376 - INFO - composites.py:476 - Index to datacube
2025-09-03 17:15:18,376 - INFO - _datasets.py:191 - Indexing a2f4097f-333c-451b-ac61-44462457cf30
2025-09-03 17:15:18,386 - INFO - composites.py:479 - 
2025-09-03 17:15:18,387 - INFO - composites.py:480 -              ✔✔✔ COMPLETED: Tile x09_y11 | Time: 2025-06 | In 13.05 minutes
2025-09-03 17:15:18,387 - INFO - composites.py:481 - 
2025-09-03 17:15:18,387 - INFO - composites.py:489 - Closing Dask client
2025-09-03 17:15:18,388 - INFO - composites.py:493 - Closing Dask cluster
2025-09-03 17:15:18,388 - INFO - composites.py:494 - #######################################################################
