2025-08-30 18:31:39,457 - INFO - composites.py:102 - #######################################################################
2025-08-30 18:31:39,457 - INFO - composites.py:104 - Processing started
2025-08-30 18:31:39,457 - INFO - composites.py:105 -         Tile: x08_y11
2025-08-30 18:31:39,457 - INFO - composites.py:106 -         Time: 2023-01
2025-08-30 18:31:39,457 - INFO - composites.py:109 -                           
2025-08-30 18:31:39,457 - INFO - composites.py:110 - Establishing connection to datacube
2025-08-30 18:31:39,983 - INFO - composites.py:113 -                           
2025-08-30 18:31:39,983 - INFO - composites.py:114 - Sanity test: Check if dataset already exists in the datacube
2025-08-30 18:31:40,003 - INFO - composites.py:133 - The composite requested was not found and it will be computed
2025-08-30 18:31:40,004 - INFO - composites.py:136 -                                  
2025-08-30 18:31:40,004 - INFO - composites.py:137 - Initializing Dask cluster for parallelization
2025-08-30 18:31:45,032 - INFO - composites.py:161 - Dask dashboard is available at: http://127.0.0.1:8787/status
2025-08-30 18:31:45,032 - INFO - composites.py:164 - Create directories and naming conversions
2025-08-30 18:31:45,048 - INFO - composites.py:177 - Dataset location: //nas-rs.topo.auth.gr/Latomeia/DROUGHT/composites/x08/y11/2023/01/01
2025-08-30 18:31:45,048 - INFO - composites.py:180 -                           
2025-08-30 18:31:45,048 - INFO - composites.py:181 - Retrieve tile geometry
2025-08-30 18:31:45,076 - INFO - composites.py:192 - Create the Bounding Box (φ,λ)
2025-08-30 18:31:45,077 - INFO - composites.py:198 - Create the Bounding Box (x,y)
2025-08-30 18:31:45,077 - INFO - composites.py:211 -                           
2025-08-30 18:31:45,077 - INFO - composites.py:212 - Connect to Planetary Computer STAC Catalog
2025-08-30 18:31:45,287 - INFO - composites.py:220 - Search the STAC Catalog
2025-08-30 18:31:45,356 - INFO - composites.py:232 -         Query parameters:
2025-08-30 18:31:45,356 - INFO - composites.py:233 -             url:          https://planetarycomputer.microsoft.com/api/stac/v1/search
2025-08-30 18:31:45,356 - INFO - composites.py:234 -             client:       microsoft-pc
2025-08-30 18:31:45,356 - INFO - composites.py:235 -             collection:   sentinel-2-l2a
2025-08-30 18:31:45,356 - INFO - composites.py:236 -             bbox:         (21.470456200843422, 38.29135632905737, 22.139354689000736, 38.83788179019963)
2025-08-30 18:31:45,356 - INFO - composites.py:237 -             time range:   2023-01-01T00:00:00Z/2023-01-31T23:59:59Z
2025-08-30 18:31:45,356 - INFO - composites.py:238 -             cloud cover:  0% - 70%
2025-08-30 18:31:45,356 - INFO - composites.py:239 -             nodata cover: 0% - 33%
2025-08-30 18:31:45,356 - INFO - composites.py:241 -                           
2025-08-30 18:31:45,356 - INFO - composites.py:242 - Searching...
2025-08-30 18:31:45,781 - INFO - composites.py:245 - Query found 12 items
2025-08-30 18:31:45,781 - INFO - composites.py:247 - Searching for GRI REFINED scenes:
2025-08-30 18:31:53,017 - INFO - sentinel2.py:78 - 1/12 - S2A_MSIL2A_20230128T092241_R093_T34SEJ_20230129T223523 -> REFINED
2025-08-30 18:31:59,036 - INFO - sentinel2.py:78 - 2/12 - S2A_MSIL2A_20230128T092241_R093_T34SEH_20230129T213708 -> REFINED
2025-08-30 18:32:04,142 - INFO - sentinel2.py:78 - 3/12 - S2A_MSIL2A_20230118T092321_R093_T34SEJ_20230120T060603 -> REFINED
2025-08-30 18:32:10,206 - INFO - sentinel2.py:78 - 4/12 - S2A_MSIL2A_20230118T092321_R093_T34SEH_20230120T052515 -> REFINED
2025-08-30 18:32:15,798 - INFO - sentinel2.py:78 - 5/12 - S2B_MSIL2A_20230113T092239_R093_T34SEJ_20230113T234632 -> REFINED
2025-08-30 18:32:21,444 - INFO - sentinel2.py:78 - 6/12 - S2B_MSIL2A_20230113T092239_R093_T34SEH_20230114T000010 -> REFINED
2025-08-30 18:32:26,959 - INFO - sentinel2.py:78 - 7/12 - S2A_MSIL2A_20230108T092351_R093_T34SEJ_20240812T095616 -> REFINED
2025-08-30 18:32:32,751 - INFO - sentinel2.py:78 - 8/12 - S2A_MSIL2A_20230108T092351_R093_T34SEJ_20230109T024034 -> REFINED
2025-08-30 18:32:38,874 - INFO - sentinel2.py:78 - 9/12 - S2A_MSIL2A_20230108T092351_R093_T34SEH_20240812T095616 -> REFINED
2025-08-30 18:32:44,928 - INFO - sentinel2.py:78 - 10/12 - S2A_MSIL2A_20230108T092351_R093_T34SEH_20230109T021014 -> REFINED
2025-08-30 18:32:50,353 - INFO - sentinel2.py:78 - 11/12 - S2B_MSIL2A_20230103T092309_R093_T34SEJ_20230103T214111 -> REFINED
2025-08-30 18:32:56,004 - INFO - sentinel2.py:78 - 12/12 - S2B_MSIL2A_20230103T092309_R093_T34SEH_20230103T203306 -> REFINED
2025-08-30 18:32:56,050 - INFO - composites.py:250 -                                  
2025-08-30 18:32:56,050 - INFO - composites.py:251 - 12/12 were refined by GRI.
2025-08-30 18:32:56,051 - INFO - composites.py:263 - Looking for up to 10 cleanest images within spatiotemporal range of each MGRS tile
2025-08-30 18:32:56,051 - INFO - composites.py:277 - Filtered cleanest scenes: Kept 12 out of 12 items. 
2025-08-30 18:32:56,051 - INFO - composites.py:278 -         Included MGRS Tiles: ['34SEH' '34SEJ']
2025-08-30 18:32:56,051 - INFO - composites.py:279 -         Included EPSG codes: [32634]
2025-08-30 18:32:56,051 - INFO - composites.py:281 - Selected scenes:
2025-08-30 18:32:56,052 - INFO - composites.py:283 -         S2A_MSIL2A_20230108T092351_R093_T34SEH_20230109T021014
2025-08-30 18:32:56,052 - INFO - composites.py:283 -         S2A_MSIL2A_20230108T092351_R093_T34SEH_20240812T095616
2025-08-30 18:32:56,053 - INFO - composites.py:283 -         S2B_MSIL2A_20230113T092239_R093_T34SEH_20230114T000010
2025-08-30 18:32:56,068 - INFO - composites.py:283 -         S2A_MSIL2A_20230128T092241_R093_T34SEH_20230129T213708
2025-08-30 18:32:56,068 - INFO - composites.py:283 -         S2B_MSIL2A_20230103T092309_R093_T34SEH_20230103T203306
2025-08-30 18:32:56,068 - INFO - composites.py:283 -         S2A_MSIL2A_20230118T092321_R093_T34SEH_20230120T052515
2025-08-30 18:32:56,084 - INFO - composites.py:283 -         S2A_MSIL2A_20230108T092351_R093_T34SEJ_20230109T024034
2025-08-30 18:32:56,088 - INFO - composites.py:283 -         S2A_MSIL2A_20230108T092351_R093_T34SEJ_20240812T095616
2025-08-30 18:32:56,095 - INFO - composites.py:283 -         S2B_MSIL2A_20230113T092239_R093_T34SEJ_20230113T234632
2025-08-30 18:32:56,095 - INFO - composites.py:283 -         S2B_MSIL2A_20230103T092309_R093_T34SEJ_20230103T214111
2025-08-30 18:32:56,095 - INFO - composites.py:283 -         S2A_MSIL2A_20230128T092241_R093_T34SEJ_20230129T223523
2025-08-30 18:32:56,095 - INFO - composites.py:283 -         S2A_MSIL2A_20230118T092321_R093_T34SEJ_20230120T060603
2025-08-30 18:32:56,463 - INFO - sentinel2.py:154 - Matplotlib backend: Agg
2025-08-30 18:32:56,651 - INFO - sentinel2.py:224 - Write input scenes footprint overlay: //nas-rs.topo.auth.gr/Latomeia/DROUGHT/composites/x08/y11/2023/01/01/S2L2A_medcomp_x08y11_202301_InDataFootprint.jpeg
2025-08-30 18:32:56,878 - INFO - composites.py:297 -                                  
2025-08-30 18:32:56,879 - INFO - composites.py:298 - Downstream STAC items from Planetary Computer
2025-08-30 18:32:56,879 - INFO - timeseries_processing.py:115 -                                  
2025-08-30 18:32:56,879 - INFO - timeseries_processing.py:116 - Loading bands of diferent resolutions in EPSG:32634
2025-08-30 18:32:56,879 - INFO - timeseries_processing.py:120 -     Filtering items with native UTM EPSG:32634
2025-08-30 18:32:56,879 - INFO - timeseries_processing.py:122 -     12 Items in EPSG:32634
2025-08-30 18:32:56,879 - INFO - timeseries_processing.py:129 -                        
2025-08-30 18:32:56,879 - INFO - timeseries_processing.py:130 -     Loading parameters:
2025-08-30 18:32:56,879 - INFO - timeseries_processing.py:131 -         Bands: ['B05', 'B07', 'B8A', 'SCL']
2025-08-30 18:32:56,879 - INFO - timeseries_processing.py:132 -         Spatial resolution: 20
2025-08-30 18:32:56,879 - INFO - timeseries_processing.py:134 -         Get Assets from STAC Items
2025-08-30 18:32:56,879 - INFO - timeseries_processing.py:47 -         Initialize the STAC client
2025-08-30 18:32:57,530 - INFO - timeseries_processing.py:137 -         Loading 12 STAC Items....
2025-08-30 18:33:21,467 - INFO - timeseries_processing.py:146 -         Cube has been downloaded
2025-08-30 18:33:21,480 - INFO - timeseries_processing.py:156 -         Fix order of dimensions
2025-08-30 18:33:21,482 - INFO - timeseries_processing.py:161 -         Append bands to the band-list of EPSG:32634
2025-08-30 18:33:21,483 - INFO - timeseries_processing.py:129 -                        
2025-08-30 18:33:21,483 - INFO - timeseries_processing.py:130 -     Loading parameters:
2025-08-30 18:33:21,483 - INFO - timeseries_processing.py:131 -         Bands: ['B02', 'B03', 'B04']
2025-08-30 18:33:21,493 - INFO - timeseries_processing.py:132 -         Spatial resolution: 10
2025-08-30 18:33:21,494 - INFO - timeseries_processing.py:134 -         Get Assets from STAC Items
2025-08-30 18:33:21,494 - INFO - timeseries_processing.py:47 -         Initialize the STAC client
2025-08-30 18:33:22,000 - INFO - timeseries_processing.py:137 -         Loading 12 STAC Items....
2025-08-30 18:34:31,072 - INFO - timeseries_processing.py:146 -         Cube has been downloaded
2025-08-30 18:34:31,073 - INFO - timeseries_processing.py:149 -         Reproject to downsample 10m bands to 20m by Resampling.average 2x2 binning and shape matching with odc.geo.GeoBox
2025-08-30 18:34:38,492 - INFO - timeseries_processing.py:161 -         Append bands to the band-list of EPSG:32634
2025-08-30 18:34:38,492 - INFO - timeseries_processing.py:165 -                        
2025-08-30 18:34:38,492 - INFO - timeseries_processing.py:166 -     Merging bands in a single dataset
2025-08-30 18:34:38,492 - INFO - timeseries_processing.py:167 -     Ensure all partial datasets are at (x=20, y=-20) resolution
2025-08-30 18:34:38,493 - INFO - timeseries_processing.py:171 -     Clip to the intersection of indexes
2025-08-30 18:34:39,749 - INFO - timeseries_processing.py:180 -     Make a list of bands to merge
2025-08-30 18:34:39,749 - INFO - timeseries_processing.py:184 -     Merge on intersection
2025-08-30 18:34:39,751 - INFO - timeseries_processing.py:192 -     Apply masks on clouds, shadows, thin cirrus, and snow/ice
2025-08-30 18:34:39,751 - INFO - sentinel2.py:122 -                Masking bits: [3, 7, 8, 9, 10, 11]
2025-08-30 18:34:40,366 - INFO - composites.py:307 - Reproject from UTM Zone to Tile geometry -> CRS(EPSG:32634), Resampling.bilinear
2025-08-30 18:34:43,708 - INFO - composites.py:310 -     New shape of datasets: Shape2d(x=2400, y=2400)
2025-08-30 18:34:44,194 - INFO - composites.py:329 - Scale SR to Sen2Cor Baseline 4.00 - Subtract 1000 in dates post 2022-01-25
2025-08-30 18:34:44,971 - INFO - composites.py:342 - Creating preview plot of input scenes
2025-08-30 18:35:07,690 - INFO - timeseries_processing.py:349 - Saved preview for 'B04' to //nas-rs.topo.auth.gr/Latomeia/DROUGHT/composites/x08/y11/2023/01/01/S2L2A_medcomp_x08y11_202301_InDataPreview.jpeg
2025-08-30 18:35:07,694 - INFO - composites.py:348 - Clip value range
2025-08-30 18:35:08,669 - INFO - composites.py:353 -                           
2025-08-30 18:35:08,669 - INFO - composites.py:354 - Computing spectral indices:
2025-08-30 18:35:08,671 - INFO - composites.py:357 -     EVI...
2025-08-30 18:35:09,322 - INFO - composites.py:359 -     NDVI...
2025-08-30 18:35:09,526 - INFO - composites.py:361 -     PSRI2...
2025-08-30 18:35:09,667 - INFO - composites.py:364 - Clip to typical value range
2025-08-30 18:35:09,942 - INFO - composites.py:371 - Reducing to median value temporal composite
2025-08-30 18:35:35,596 - INFO - composites.py:390 - Scale and Define data types & nodata per band
2025-08-30 18:35:35,719 - INFO - composites.py:411 - Assign time range and tile ID in metadata
2025-08-30 18:35:35,719 - INFO - composites.py:419 - Write bands to raster COG files
2025-08-30 18:35:39,628 - INFO - composites.py:432 - Write B02 -> //nas-rs.topo.auth.gr/Latomeia/DROUGHT/composites/x08/y11/2023/01/01/S2L2A_medcomp_x08y11_202301_B02.tif
2025-08-30 18:35:43,564 - INFO - composites.py:432 - Write B03 -> //nas-rs.topo.auth.gr/Latomeia/DROUGHT/composites/x08/y11/2023/01/01/S2L2A_medcomp_x08y11_202301_B03.tif
2025-08-30 18:35:47,435 - INFO - composites.py:432 - Write B04 -> //nas-rs.topo.auth.gr/Latomeia/DROUGHT/composites/x08/y11/2023/01/01/S2L2A_medcomp_x08y11_202301_B04.tif
2025-08-30 18:35:51,387 - INFO - composites.py:432 - Write B05 -> //nas-rs.topo.auth.gr/Latomeia/DROUGHT/composites/x08/y11/2023/01/01/S2L2A_medcomp_x08y11_202301_B05.tif
2025-08-30 18:35:55,304 - INFO - composites.py:432 - Write B07 -> //nas-rs.topo.auth.gr/Latomeia/DROUGHT/composites/x08/y11/2023/01/01/S2L2A_medcomp_x08y11_202301_B07.tif
2025-08-30 18:35:59,259 - INFO - composites.py:432 - Write B8A -> //nas-rs.topo.auth.gr/Latomeia/DROUGHT/composites/x08/y11/2023/01/01/S2L2A_medcomp_x08y11_202301_B8A.tif
2025-08-30 18:36:03,187 - INFO - composites.py:432 - Write EVI -> //nas-rs.topo.auth.gr/Latomeia/DROUGHT/composites/x08/y11/2023/01/01/S2L2A_medcomp_x08y11_202301_EVI.tif
2025-08-30 18:36:07,086 - INFO - composites.py:432 - Write NDVI -> //nas-rs.topo.auth.gr/Latomeia/DROUGHT/composites/x08/y11/2023/01/01/S2L2A_medcomp_x08y11_202301_NDVI.tif
2025-08-30 18:36:10,894 - INFO - composites.py:432 - Write PSRI2 -> //nas-rs.topo.auth.gr/Latomeia/DROUGHT/composites/x08/y11/2023/01/01/S2L2A_medcomp_x08y11_202301_PSRI2.tif
2025-08-30 18:36:10,894 - INFO - composites.py:436 - Prepare metadata YAML document
2025-08-30 18:36:11,488 - INFO - composites.py:458 - Write metadata YAML document to disk
2025-08-30 18:36:11,545 - INFO - composites.py:463 - Create datacube.model.Dataset from eo3 metadata
2025-08-30 18:36:11,556 - INFO - composites.py:476 - Index to datacube
2025-08-30 18:36:11,557 - INFO - _datasets.py:191 - Indexing 332d4f39-8001-4581-b518-2a90cdfa9b11
2025-08-30 18:36:11,566 - INFO - composites.py:479 - 
2025-08-30 18:36:11,566 - INFO - composites.py:480 -              ✔✔✔ COMPLETED: Tile x08_y11 | Time: 2023-01 | In 4.54 minutes
2025-08-30 18:36:11,566 - INFO - composites.py:481 - 
2025-08-30 18:36:11,566 - INFO - composites.py:489 - Closing Dask client
2025-08-30 18:36:11,567 - INFO - composites.py:493 - Closing Dask cluster
2025-08-30 18:36:11,568 - INFO - composites.py:494 - #######################################################################
