2025-08-30 17:26:21,105 - INFO - composites.py:102 - #######################################################################
2025-08-30 17:26:21,106 - INFO - composites.py:104 - Processing started
2025-08-30 17:26:21,106 - INFO - composites.py:105 -         Tile: x11_y08
2025-08-30 17:26:21,106 - INFO - composites.py:106 -         Time: 2022-12
2025-08-30 17:26:21,106 - INFO - composites.py:109 -                           
2025-08-30 17:26:21,106 - INFO - composites.py:110 - Establishing connection to datacube
2025-08-30 17:26:21,604 - INFO - composites.py:113 -                           
2025-08-30 17:26:21,605 - INFO - composites.py:114 - Sanity test: Check if dataset already exists in the datacube
2025-08-30 17:26:21,623 - INFO - composites.py:133 - The composite requested was not found and it will be computed
2025-08-30 17:26:21,623 - INFO - composites.py:136 -                                  
2025-08-30 17:26:21,623 - INFO - composites.py:137 - Initializing Dask cluster for parallelization
2025-08-30 17:26:26,633 - INFO - composites.py:161 - Dask dashboard is available at: http://127.0.0.1:8787/status
2025-08-30 17:26:26,633 - INFO - composites.py:164 - Create directories and naming conversions
2025-08-30 17:26:26,645 - INFO - composites.py:177 - Dataset location: //nas-rs.topo.auth.gr/Latomeia/DROUGHT/composites/x11/y08/2022/12/01
2025-08-30 17:26:26,645 - INFO - composites.py:180 -                           
2025-08-30 17:26:26,645 - INFO - composites.py:181 - Retrieve tile geometry
2025-08-30 17:26:26,675 - INFO - composites.py:192 - Create the Bounding Box (φ,λ)
2025-08-30 17:26:26,675 - INFO - composites.py:198 - Create the Bounding Box (x,y)
2025-08-30 17:26:26,675 - INFO - composites.py:211 -                           
2025-08-30 17:26:26,675 - INFO - composites.py:212 - Connect to Planetary Computer STAC Catalog
2025-08-30 17:26:26,939 - INFO - composites.py:220 - Search the STAC Catalog
2025-08-30 17:26:27,009 - INFO - composites.py:232 -         Query parameters:
2025-08-30 17:26:27,009 - INFO - composites.py:233 -             url:          https://planetarycomputer.microsoft.com/api/stac/v1/search
2025-08-30 17:26:27,009 - INFO - composites.py:234 -             client:       microsoft-pc
2025-08-30 17:26:27,009 - INFO - composites.py:235 -             collection:   sentinel-2-l2a
2025-08-30 17:26:27,009 - INFO - composites.py:236 -             bbox:         (22.845662885042927, 36.78779644280391, 23.507450073915326, 37.34127558081356)
2025-08-30 17:26:27,009 - INFO - composites.py:237 -             time range:   2022-12-01T00:00:00Z/2022-12-31T23:59:59Z
2025-08-30 17:26:27,009 - INFO - composites.py:238 -             cloud cover:  0% - 70%
2025-08-30 17:26:27,009 - INFO - composites.py:239 -             nodata cover: 0% - 33%
2025-08-30 17:26:27,009 - INFO - composites.py:241 -                           
2025-08-30 17:26:27,009 - INFO - composites.py:242 - Searching...
2025-08-30 17:26:27,531 - INFO - composites.py:245 - Query found 30 items
2025-08-30 17:26:27,553 - INFO - composites.py:247 - Searching for GRI REFINED scenes:
2025-08-30 17:26:33,637 - INFO - sentinel2.py:78 - 1/30 - S2B_MSIL2A_20221231T091309_R050_T34SGG_20230101T044841 -> REFINED
2025-08-30 17:26:39,157 - INFO - sentinel2.py:78 - 2/30 - S2B_MSIL2A_20221231T091309_R050_T34SGF_20230101T034605 -> REFINED
2025-08-30 17:26:46,547 - INFO - sentinel2.py:78 - 3/30 - S2B_MSIL2A_20221231T091309_R050_T34SFG_20230101T050734 -> REFINED
2025-08-30 17:26:52,747 - INFO - sentinel2.py:78 - 4/30 - S2B_MSIL2A_20221231T091309_R050_T34SFF_20230101T050208 -> REFINED
2025-08-30 17:26:58,452 - INFO - sentinel2.py:78 - 5/30 - S2A_MSIL2A_20221229T092411_R093_T34SFG_20221230T150250 -> REFINED
2025-08-30 17:27:04,444 - INFO - sentinel2.py:78 - 6/30 - S2A_MSIL2A_20221229T092411_R093_T34SFF_20221230T143907 -> REFINED
2025-08-30 17:27:09,929 - INFO - sentinel2.py:78 - 7/30 - S2A_MSIL2A_20221226T091401_R050_T34SGG_20221227T021032 -> REFINED
2025-08-30 17:27:15,894 - INFO - sentinel2.py:78 - 8/30 - S2A_MSIL2A_20221226T091401_R050_T34SGF_20221227T013929 -> REFINED
2025-08-30 17:27:21,834 - INFO - sentinel2.py:78 - 9/30 - S2A_MSIL2A_20221226T091401_R050_T34SFG_20221227T013618 -> REFINED
2025-08-30 17:27:27,808 - INFO - sentinel2.py:78 - 10/30 - S2A_MSIL2A_20221226T091401_R050_T34SFF_20221227T004825 -> REFINED
2025-08-30 17:27:34,025 - INFO - sentinel2.py:78 - 11/30 - S2B_MSIL2A_20221224T092319_R093_T34SFG_20221225T104400 -> REFINED
2025-08-30 17:27:38,998 - INFO - sentinel2.py:78 - 12/30 - S2B_MSIL2A_20221224T092319_R093_T34SFF_20221225T111854 -> REFINED
2025-08-30 17:27:44,434 - INFO - sentinel2.py:78 - 13/30 - S2B_MSIL2A_20221221T091309_R050_T34SGG_20221222T030157 -> REFINED
2025-08-30 17:27:49,248 - INFO - sentinel2.py:78 - 14/30 - S2B_MSIL2A_20221221T091309_R050_T34SFG_20221222T020108 -> REFINED
2025-08-30 17:27:55,422 - INFO - sentinel2.py:78 - 15/30 - S2B_MSIL2A_20221221T091309_R050_T34SFF_20221222T022659 -> REFINED
2025-08-30 17:28:01,355 - INFO - sentinel2.py:78 - 16/30 - S2A_MSIL2A_20221219T092411_R093_T34SFG_20221220T053938 -> REFINED
2025-08-30 17:28:07,454 - INFO - sentinel2.py:78 - 17/30 - S2A_MSIL2A_20221219T092411_R093_T34SFF_20221220T054511 -> REFINED
2025-08-30 17:28:12,446 - INFO - sentinel2.py:78 - 18/30 - S2A_MSIL2A_20221216T091401_R050_T34SGG_20221217T063533 -> REFINED
2025-08-30 17:28:18,226 - INFO - sentinel2.py:78 - 19/30 - S2A_MSIL2A_20221216T091401_R050_T34SGF_20221217T043459 -> REFINED
2025-08-30 17:28:24,197 - INFO - sentinel2.py:78 - 20/30 - S2A_MSIL2A_20221216T091401_R050_T34SFG_20221217T055234 -> REFINED
2025-08-30 17:28:30,194 - INFO - sentinel2.py:78 - 21/30 - S2A_MSIL2A_20221216T091401_R050_T34SFF_20221217T052404 -> REFINED
2025-08-30 17:28:36,248 - INFO - sentinel2.py:78 - 22/30 - S2A_MSIL2A_20221209T092401_R093_T34SFG_20221210T070642 -> REFINED
2025-08-30 17:28:41,907 - INFO - sentinel2.py:78 - 23/30 - S2A_MSIL2A_20221209T092401_R093_T34SFF_20221210T080435 -> REFINED
2025-08-30 17:28:47,119 - INFO - sentinel2.py:78 - 24/30 - S2A_MSIL2A_20221206T091351_R050_T34SGG_20221207T070445 -> REFINED
2025-08-30 17:28:53,084 - INFO - sentinel2.py:78 - 25/30 - S2A_MSIL2A_20221206T091351_R050_T34SGF_20221207T070403 -> REFINED
2025-08-30 17:28:59,204 - INFO - sentinel2.py:78 - 26/30 - S2A_MSIL2A_20221206T091351_R050_T34SFF_20221207T100821 -> REFINED
2025-08-30 17:29:04,262 - INFO - sentinel2.py:78 - 27/30 - S2B_MSIL2A_20221204T092249_R093_T34SFF_20221204T182936 -> REFINED
2025-08-30 17:29:10,263 - INFO - sentinel2.py:78 - 28/30 - S2B_MSIL2A_20221201T091239_R050_T34SGG_20221203T101542 -> REFINED
2025-08-30 17:29:15,123 - INFO - sentinel2.py:78 - 29/30 - S2B_MSIL2A_20221201T091239_R050_T34SGF_20221203T102355 -> REFINED
2025-08-30 17:29:20,546 - INFO - sentinel2.py:78 - 30/30 - S2B_MSIL2A_20221201T091239_R050_T34SFF_20221203T102454 -> REFINED
2025-08-30 17:29:20,586 - INFO - composites.py:250 -                                  
2025-08-30 17:29:20,586 - INFO - composites.py:251 - 30/30 were refined by GRI.
2025-08-30 17:29:20,587 - INFO - composites.py:263 - Looking for up to 10 cleanest images within spatiotemporal range of each MGRS tile
2025-08-30 17:29:20,587 - INFO - composites.py:277 - Filtered cleanest scenes: Kept 29 out of 30 items. 
2025-08-30 17:29:20,588 - INFO - composites.py:278 -         Included MGRS Tiles: ['34SFF' '34SFG' '34SGF' '34SGG']
2025-08-30 17:29:20,588 - INFO - composites.py:279 -         Included EPSG codes: [32634]
2025-08-30 17:29:20,588 - INFO - composites.py:281 - Selected scenes:
2025-08-30 17:29:20,588 - INFO - composites.py:283 -         S2B_MSIL2A_20221224T092319_R093_T34SFF_20221225T111854
2025-08-30 17:29:20,588 - INFO - composites.py:283 -         S2A_MSIL2A_20221226T091401_R050_T34SFF_20221227T004825
2025-08-30 17:29:20,608 - INFO - composites.py:283 -         S2A_MSIL2A_20221216T091401_R050_T34SFF_20221217T052404
2025-08-30 17:29:20,608 - INFO - composites.py:283 -         S2A_MSIL2A_20221209T092401_R093_T34SFF_20221210T080435
2025-08-30 17:29:20,612 - INFO - composites.py:283 -         S2A_MSIL2A_20221229T092411_R093_T34SFF_20221230T143907
2025-08-30 17:29:20,612 - INFO - composites.py:283 -         S2A_MSIL2A_20221219T092411_R093_T34SFF_20221220T054511
2025-08-30 17:29:20,613 - INFO - composites.py:283 -         S2B_MSIL2A_20221231T091309_R050_T34SFF_20230101T050208
2025-08-30 17:29:20,622 - INFO - composites.py:283 -         S2B_MSIL2A_20221201T091239_R050_T34SFF_20221203T102454
2025-08-30 17:29:20,628 - INFO - composites.py:283 -         S2B_MSIL2A_20221204T092249_R093_T34SFF_20221204T182936
2025-08-30 17:29:20,628 - INFO - composites.py:283 -         S2B_MSIL2A_20221221T091309_R050_T34SFF_20221222T022659
2025-08-30 17:29:20,628 - INFO - composites.py:283 -         S2A_MSIL2A_20221226T091401_R050_T34SFG_20221227T013618
2025-08-30 17:29:20,632 - INFO - composites.py:283 -         S2B_MSIL2A_20221224T092319_R093_T34SFG_20221225T104400
2025-08-30 17:29:20,632 - INFO - composites.py:283 -         S2B_MSIL2A_20221221T091309_R050_T34SFG_20221222T020108
2025-08-30 17:29:20,633 - INFO - composites.py:283 -         S2A_MSIL2A_20221216T091401_R050_T34SFG_20221217T055234
2025-08-30 17:29:20,633 - INFO - composites.py:283 -         S2A_MSIL2A_20221209T092401_R093_T34SFG_20221210T070642
2025-08-30 17:29:20,633 - INFO - composites.py:283 -         S2A_MSIL2A_20221229T092411_R093_T34SFG_20221230T150250
2025-08-30 17:29:20,633 - INFO - composites.py:283 -         S2B_MSIL2A_20221231T091309_R050_T34SFG_20230101T050734
2025-08-30 17:29:20,633 - INFO - composites.py:283 -         S2A_MSIL2A_20221219T092411_R093_T34SFG_20221220T053938
2025-08-30 17:29:20,633 - INFO - composites.py:283 -         S2A_MSIL2A_20221226T091401_R050_T34SGF_20221227T013929
2025-08-30 17:29:20,633 - INFO - composites.py:283 -         S2A_MSIL2A_20221216T091401_R050_T34SGF_20221217T043459
2025-08-30 17:29:20,633 - INFO - composites.py:283 -         S2B_MSIL2A_20221231T091309_R050_T34SGF_20230101T034605
2025-08-30 17:29:20,633 - INFO - composites.py:283 -         S2B_MSIL2A_20221201T091239_R050_T34SGF_20221203T102355
2025-08-30 17:29:20,634 - INFO - composites.py:283 -         S2A_MSIL2A_20221206T091351_R050_T34SGF_20221207T070403
2025-08-30 17:29:20,634 - INFO - composites.py:283 -         S2A_MSIL2A_20221226T091401_R050_T34SGG_20221227T021032
2025-08-30 17:29:20,634 - INFO - composites.py:283 -         S2B_MSIL2A_20221231T091309_R050_T34SGG_20230101T044841
2025-08-30 17:29:20,634 - INFO - composites.py:283 -         S2B_MSIL2A_20221201T091239_R050_T34SGG_20221203T101542
2025-08-30 17:29:20,634 - INFO - composites.py:283 -         S2B_MSIL2A_20221221T091309_R050_T34SGG_20221222T030157
2025-08-30 17:29:20,634 - INFO - composites.py:283 -         S2A_MSIL2A_20221216T091401_R050_T34SGG_20221217T063533
2025-08-30 17:29:20,634 - INFO - composites.py:283 -         S2A_MSIL2A_20221206T091351_R050_T34SGG_20221207T070445
2025-08-30 17:29:21,065 - INFO - sentinel2.py:154 - Matplotlib backend: Agg
2025-08-30 17:29:21,310 - INFO - sentinel2.py:224 - Write input scenes footprint overlay: //nas-rs.topo.auth.gr/Latomeia/DROUGHT/composites/x11/y08/2022/12/01/S2L2A_medcomp_x11y08_202212_InDataFootprint.jpeg
2025-08-30 17:29:21,594 - INFO - composites.py:297 -                                  
2025-08-30 17:29:21,594 - INFO - composites.py:298 - Downstream STAC items from Planetary Computer
2025-08-30 17:29:21,594 - INFO - timeseries_processing.py:115 -                                  
2025-08-30 17:29:21,594 - INFO - timeseries_processing.py:116 - Loading bands of diferent resolutions in EPSG:32634
2025-08-30 17:29:21,594 - INFO - timeseries_processing.py:120 -     Filtering items with native UTM EPSG:32634
2025-08-30 17:29:21,594 - INFO - timeseries_processing.py:122 -     29 Items in EPSG:32634
2025-08-30 17:29:21,594 - INFO - timeseries_processing.py:129 -                        
2025-08-30 17:29:21,594 - INFO - timeseries_processing.py:130 -     Loading parameters:
2025-08-30 17:29:21,594 - INFO - timeseries_processing.py:131 -         Bands: ['B05', 'B07', 'B8A', 'SCL']
2025-08-30 17:29:21,594 - INFO - timeseries_processing.py:132 -         Spatial resolution: 20
2025-08-30 17:29:21,594 - INFO - timeseries_processing.py:134 -         Get Assets from STAC Items
2025-08-30 17:29:21,594 - INFO - timeseries_processing.py:47 -         Initialize the STAC client
2025-08-30 17:29:22,241 - INFO - timeseries_processing.py:137 -         Loading 29 STAC Items....
2025-08-30 17:31:30,999 - INFO - timeseries_processing.py:146 -         Cube has been downloaded
2025-08-30 17:31:30,999 - INFO - timeseries_processing.py:156 -         Fix order of dimensions
2025-08-30 17:31:31,001 - INFO - timeseries_processing.py:161 -         Append bands to the band-list of EPSG:32634
2025-08-30 17:31:31,001 - INFO - timeseries_processing.py:129 -                        
2025-08-30 17:31:31,001 - INFO - timeseries_processing.py:130 -     Loading parameters:
2025-08-30 17:31:31,001 - INFO - timeseries_processing.py:131 -         Bands: ['B02', 'B03', 'B04']
2025-08-30 17:31:31,001 - INFO - timeseries_processing.py:132 -         Spatial resolution: 10
2025-08-30 17:31:31,001 - INFO - timeseries_processing.py:134 -         Get Assets from STAC Items
2025-08-30 17:31:31,004 - INFO - timeseries_processing.py:47 -         Initialize the STAC client
2025-08-30 17:31:31,650 - INFO - timeseries_processing.py:137 -         Loading 29 STAC Items....
2025-08-30 17:34:09,432 - INFO - timeseries_processing.py:146 -         Cube has been downloaded
2025-08-30 17:34:09,432 - INFO - timeseries_processing.py:149 -         Reproject to downsample 10m bands to 20m by Resampling.average 2x2 binning and shape matching with odc.geo.GeoBox
2025-08-30 17:34:24,693 - INFO - timeseries_processing.py:161 -         Append bands to the band-list of EPSG:32634
2025-08-30 17:34:24,693 - INFO - timeseries_processing.py:165 -                        
2025-08-30 17:34:24,693 - INFO - timeseries_processing.py:166 -     Merging bands in a single dataset
2025-08-30 17:34:24,693 - INFO - timeseries_processing.py:167 -     Ensure all partial datasets are at (x=20, y=-20) resolution
2025-08-30 17:34:24,694 - INFO - timeseries_processing.py:171 -     Clip to the intersection of indexes
2025-08-30 17:34:26,011 - INFO - timeseries_processing.py:180 -     Make a list of bands to merge
2025-08-30 17:34:26,011 - INFO - timeseries_processing.py:184 -     Merge on intersection
2025-08-30 17:34:26,013 - INFO - timeseries_processing.py:192 -     Apply masks on clouds, shadows, thin cirrus, and snow/ice
2025-08-30 17:34:26,013 - INFO - sentinel2.py:122 -                Masking bits: [3, 7, 8, 9, 10, 11]
2025-08-30 17:34:27,369 - INFO - composites.py:307 - Reproject from UTM Zone to Tile geometry -> CRS(EPSG:32634), Resampling.bilinear
2025-08-30 17:34:34,873 - INFO - composites.py:310 -     New shape of datasets: Shape2d(x=2400, y=2400)
2025-08-30 17:34:35,509 - INFO - composites.py:329 - Scale SR to Sen2Cor Baseline 4.00 - Subtract 1000 in dates post 2022-01-25
2025-08-30 17:34:37,239 - INFO - composites.py:342 - Creating preview plot of input scenes
2025-08-30 17:35:12,684 - INFO - timeseries_processing.py:349 - Saved preview for 'B04' to //nas-rs.topo.auth.gr/Latomeia/DROUGHT/composites/x11/y08/2022/12/01/S2L2A_medcomp_x11y08_202212_InDataPreview.jpeg
2025-08-30 17:35:12,705 - INFO - composites.py:348 - Clip value range
2025-08-30 17:35:14,865 - INFO - composites.py:353 -                           
2025-08-30 17:35:14,866 - INFO - composites.py:354 - Computing spectral indices:
2025-08-30 17:35:14,867 - INFO - composites.py:357 -     EVI...
2025-08-30 17:35:16,181 - INFO - composites.py:359 -     NDVI...
2025-08-30 17:35:16,626 - INFO - composites.py:361 -     PSRI2...
2025-08-30 17:35:16,933 - INFO - composites.py:364 - Clip to typical value range
2025-08-30 17:35:17,315 - INFO - composites.py:371 - Reducing to median value temporal composite
2025-08-30 17:35:41,714 - INFO - composites.py:390 - Scale and Define data types & nodata per band
2025-08-30 17:35:41,891 - INFO - composites.py:411 - Assign time range and tile ID in metadata
2025-08-30 17:35:41,891 - INFO - composites.py:419 - Write bands to raster COG files
2025-08-30 17:35:45,737 - INFO - composites.py:432 - Write B02 -> //nas-rs.topo.auth.gr/Latomeia/DROUGHT/composites/x11/y08/2022/12/01/S2L2A_medcomp_x11y08_202212_B02.tif
2025-08-30 17:35:49,527 - INFO - composites.py:432 - Write B03 -> //nas-rs.topo.auth.gr/Latomeia/DROUGHT/composites/x11/y08/2022/12/01/S2L2A_medcomp_x11y08_202212_B03.tif
2025-08-30 17:35:53,300 - INFO - composites.py:432 - Write B04 -> //nas-rs.topo.auth.gr/Latomeia/DROUGHT/composites/x11/y08/2022/12/01/S2L2A_medcomp_x11y08_202212_B04.tif
2025-08-30 17:35:57,054 - INFO - composites.py:432 - Write B05 -> //nas-rs.topo.auth.gr/Latomeia/DROUGHT/composites/x11/y08/2022/12/01/S2L2A_medcomp_x11y08_202212_B05.tif
2025-08-30 17:36:00,850 - INFO - composites.py:432 - Write B07 -> //nas-rs.topo.auth.gr/Latomeia/DROUGHT/composites/x11/y08/2022/12/01/S2L2A_medcomp_x11y08_202212_B07.tif
2025-08-30 17:36:04,643 - INFO - composites.py:432 - Write B8A -> //nas-rs.topo.auth.gr/Latomeia/DROUGHT/composites/x11/y08/2022/12/01/S2L2A_medcomp_x11y08_202212_B8A.tif
2025-08-30 17:36:08,407 - INFO - composites.py:432 - Write EVI -> //nas-rs.topo.auth.gr/Latomeia/DROUGHT/composites/x11/y08/2022/12/01/S2L2A_medcomp_x11y08_202212_EVI.tif
2025-08-30 17:36:12,777 - INFO - composites.py:432 - Write NDVI -> //nas-rs.topo.auth.gr/Latomeia/DROUGHT/composites/x11/y08/2022/12/01/S2L2A_medcomp_x11y08_202212_NDVI.tif
2025-08-30 17:36:16,515 - INFO - composites.py:432 - Write PSRI2 -> //nas-rs.topo.auth.gr/Latomeia/DROUGHT/composites/x11/y08/2022/12/01/S2L2A_medcomp_x11y08_202212_PSRI2.tif
2025-08-30 17:36:16,515 - INFO - composites.py:436 - Prepare metadata YAML document
2025-08-30 17:36:17,149 - INFO - composites.py:458 - Write metadata YAML document to disk
2025-08-30 17:36:17,207 - INFO - composites.py:463 - Create datacube.model.Dataset from eo3 metadata
2025-08-30 17:36:17,217 - INFO - composites.py:476 - Index to datacube
2025-08-30 17:36:17,218 - INFO - _datasets.py:191 - Indexing 7fad7189-486a-4c9c-bc75-6aad8634e1f0
2025-08-30 17:36:17,227 - INFO - composites.py:479 - 
2025-08-30 17:36:17,227 - INFO - composites.py:480 -              ✔✔✔ COMPLETED: Tile x11_y08 | Time: 2022-12 | In 9.94 minutes
2025-08-30 17:36:17,227 - INFO - composites.py:481 - 
2025-08-30 17:36:17,227 - INFO - composites.py:489 - Closing Dask client
2025-08-30 17:36:17,229 - INFO - composites.py:493 - Closing Dask cluster
2025-08-30 17:36:17,229 - INFO - composites.py:494 - #######################################################################
