2025-09-02 00:03:28,594 - INFO - composites.py:102 - #######################################################################
2025-09-02 00:03:28,594 - INFO - composites.py:104 - Processing started
2025-09-02 00:03:28,594 - INFO - composites.py:105 -         Tile: x10_y10
2025-09-02 00:03:28,594 - INFO - composites.py:106 -         Time: 2024-05
2025-09-02 00:03:28,594 - INFO - composites.py:109 -                           
2025-09-02 00:03:28,595 - INFO - composites.py:110 - Establishing connection to datacube
2025-09-02 00:03:29,143 - INFO - composites.py:113 -                           
2025-09-02 00:03:29,143 - INFO - composites.py:114 - Sanity test: Check if dataset already exists in the datacube
2025-09-02 00:03:29,164 - INFO - composites.py:133 - The composite requested was not found and it will be computed
2025-09-02 00:03:29,164 - INFO - composites.py:136 -                                  
2025-09-02 00:03:29,164 - INFO - composites.py:137 - Initializing Dask cluster for parallelization
2025-09-02 00:03:34,157 - INFO - composites.py:161 - Dask dashboard is available at: http://127.0.0.1:8787/status
2025-09-02 00:03:34,157 - INFO - composites.py:164 - Create directories and naming conversions
2025-09-02 00:03:34,170 - INFO - composites.py:177 - Dataset location: //nas-rs.topo.auth.gr/Latomeia/DROUGHT/composites/x10/y10/2024/05/01
2025-09-02 00:03:34,170 - INFO - composites.py:180 -                           
2025-09-02 00:03:34,171 - INFO - composites.py:181 - Retrieve tile geometry
2025-09-02 00:03:34,199 - INFO - composites.py:192 - Create the Bounding Box (φ,λ)
2025-09-02 00:03:34,199 - INFO - composites.py:198 - Create the Bounding Box (x,y)
2025-09-02 00:03:34,199 - INFO - composites.py:211 -                           
2025-09-02 00:03:34,199 - INFO - composites.py:212 - Connect to Planetary Computer STAC Catalog
2025-09-02 00:03:34,460 - INFO - composites.py:220 - Search the STAC Catalog
2025-09-02 00:03:34,529 - INFO - composites.py:232 -         Query parameters:
2025-09-02 00:03:34,529 - INFO - composites.py:233 -             url:          https://planetarycomputer.microsoft.com/api/stac/v1/search
2025-09-02 00:03:34,529 - INFO - composites.py:234 -             client:       microsoft-pc
2025-09-02 00:03:34,529 - INFO - composites.py:235 -             collection:   sentinel-2-l2a
2025-09-02 00:03:34,529 - INFO - composites.py:236 -             bbox:         (22.471633479946853, 37.72008040922633, 23.140477503527134, 38.27146676750315)
2025-09-02 00:03:34,530 - INFO - composites.py:237 -             time range:   2024-05-01T00:00:00Z/2024-05-31T23:59:59Z
2025-09-02 00:03:34,530 - INFO - composites.py:238 -             cloud cover:  0% - 70%
2025-09-02 00:03:34,530 - INFO - composites.py:239 -             nodata cover: 0% - 33%
2025-09-02 00:03:34,530 - INFO - composites.py:241 -                           
2025-09-02 00:03:34,530 - INFO - composites.py:242 - Searching...
2025-09-02 00:03:34,938 - INFO - composites.py:245 - Query found 14 items
2025-09-02 00:03:34,938 - INFO - composites.py:247 - Searching for GRI REFINED scenes:
2025-09-02 00:03:39,325 - INFO - sentinel2.py:78 - 1/14 - S2A_MSIL2A_20240529T090641_R050_T34SFG_20240529T162030 -> REFINED
2025-09-02 00:03:44,571 - INFO - sentinel2.py:78 - 2/14 - S2B_MSIL2A_20240527T091549_R093_T34SFH_20240527T120902 -> REFINED
2025-09-02 00:03:49,415 - INFO - sentinel2.py:78 - 3/14 - S2B_MSIL2A_20240527T091549_R093_T34SFG_20240527T131620 -> REFINED
2025-09-02 00:03:54,128 - INFO - sentinel2.py:78 - 4/14 - S2B_MSIL2A_20240524T090559_R050_T34SFG_20240524T131207 -> REFINED
2025-09-02 00:03:58,126 - INFO - sentinel2.py:78 - 5/14 - S2A_MSIL2A_20240522T092031_R093_T34SFH_20240522T152012 -> REFINED
2025-09-02 00:04:03,258 - INFO - sentinel2.py:78 - 6/14 - S2A_MSIL2A_20240522T092031_R093_T34SFG_20240522T151721 -> REFINED
2025-09-02 00:04:08,039 - INFO - sentinel2.py:78 - 7/14 - S2A_MSIL2A_20240519T090601_R050_T34SFG_20240519T160847 -> REFINED
2025-09-02 00:04:12,002 - INFO - sentinel2.py:78 - 8/14 - S2A_MSIL2A_20240512T092031_R093_T34SFH_20240512T141554 -> REFINED
2025-09-02 00:04:16,837 - INFO - sentinel2.py:78 - 9/14 - S2A_MSIL2A_20240512T092031_R093_T34SFG_20240512T141552 -> REFINED
2025-09-02 00:04:21,938 - INFO - sentinel2.py:78 - 10/14 - S2B_MSIL2A_20240507T091549_R093_T34SFH_20240507T121929 -> REFINED
2025-09-02 00:04:26,783 - INFO - sentinel2.py:78 - 11/14 - S2B_MSIL2A_20240507T091549_R093_T34SFG_20240507T121928 -> REFINED
2025-09-02 00:04:31,568 - INFO - sentinel2.py:78 - 12/14 - S2B_MSIL2A_20240504T090559_R050_T34SFG_20240504T122410 -> REFINED
2025-09-02 00:04:36,388 - INFO - sentinel2.py:78 - 13/14 - S2A_MSIL2A_20240502T092031_R093_T34SFH_20240502T132106 -> REFINED
2025-09-02 00:04:41,682 - INFO - sentinel2.py:78 - 14/14 - S2A_MSIL2A_20240502T092031_R093_T34SFG_20240502T141650 -> REFINED
2025-09-02 00:04:41,727 - INFO - composites.py:250 -                                  
2025-09-02 00:04:41,743 - INFO - composites.py:251 - 14/14 were refined by GRI.
2025-09-02 00:04:41,743 - INFO - composites.py:263 - Looking for up to 10 cleanest images within spatiotemporal range of each MGRS tile
2025-09-02 00:04:41,744 - INFO - composites.py:277 - Filtered cleanest scenes: Kept 14 out of 14 items. 
2025-09-02 00:04:41,744 - INFO - composites.py:278 -         Included MGRS Tiles: ['34SFG' '34SFH']
2025-09-02 00:04:41,744 - INFO - composites.py:279 -         Included EPSG codes: [32634]
2025-09-02 00:04:41,744 - INFO - composites.py:281 - Selected scenes:
2025-09-02 00:04:41,744 - INFO - composites.py:283 -         S2A_MSIL2A_20240519T090601_R050_T34SFG_20240519T160847
2025-09-02 00:04:41,744 - INFO - composites.py:283 -         S2A_MSIL2A_20240522T092031_R093_T34SFG_20240522T151721
2025-09-02 00:04:41,746 - INFO - composites.py:283 -         S2A_MSIL2A_20240512T092031_R093_T34SFG_20240512T141552
2025-09-02 00:04:41,746 - INFO - composites.py:283 -         S2B_MSIL2A_20240524T090559_R050_T34SFG_20240524T131207
2025-09-02 00:04:41,746 - INFO - composites.py:283 -         S2A_MSIL2A_20240529T090641_R050_T34SFG_20240529T162030
2025-09-02 00:04:41,746 - INFO - composites.py:283 -         S2A_MSIL2A_20240502T092031_R093_T34SFG_20240502T141650
2025-09-02 00:04:41,746 - INFO - composites.py:283 -         S2B_MSIL2A_20240507T091549_R093_T34SFG_20240507T121928
2025-09-02 00:04:41,746 - INFO - composites.py:283 -         S2B_MSIL2A_20240527T091549_R093_T34SFG_20240527T131620
2025-09-02 00:04:41,746 - INFO - composites.py:283 -         S2B_MSIL2A_20240504T090559_R050_T34SFG_20240504T122410
2025-09-02 00:04:41,746 - INFO - composites.py:283 -         S2A_MSIL2A_20240522T092031_R093_T34SFH_20240522T152012
2025-09-02 00:04:41,746 - INFO - composites.py:283 -         S2A_MSIL2A_20240512T092031_R093_T34SFH_20240512T141554
2025-09-02 00:04:41,746 - INFO - composites.py:283 -         S2B_MSIL2A_20240507T091549_R093_T34SFH_20240507T121929
2025-09-02 00:04:41,746 - INFO - composites.py:283 -         S2A_MSIL2A_20240502T092031_R093_T34SFH_20240502T132106
2025-09-02 00:04:41,746 - INFO - composites.py:283 -         S2B_MSIL2A_20240527T091549_R093_T34SFH_20240527T120902
2025-09-02 00:04:42,063 - INFO - sentinel2.py:154 - Matplotlib backend: Agg
2025-09-02 00:04:42,264 - INFO - sentinel2.py:224 - Write input scenes footprint overlay: //nas-rs.topo.auth.gr/Latomeia/DROUGHT/composites/x10/y10/2024/05/01/S2L2A_medcomp_x10y10_202405_InDataFootprint.jpeg
2025-09-02 00:04:42,479 - INFO - composites.py:297 -                                  
2025-09-02 00:04:42,479 - INFO - composites.py:298 - Downstream STAC items from Planetary Computer
2025-09-02 00:04:42,479 - INFO - timeseries_processing.py:115 -                                  
2025-09-02 00:04:42,479 - INFO - timeseries_processing.py:116 - Loading bands of diferent resolutions in EPSG:32634
2025-09-02 00:04:42,479 - INFO - timeseries_processing.py:120 -     Filtering items with native UTM EPSG:32634
2025-09-02 00:04:42,479 - INFO - timeseries_processing.py:122 -     14 Items in EPSG:32634
2025-09-02 00:04:42,479 - INFO - timeseries_processing.py:129 -                        
2025-09-02 00:04:42,479 - INFO - timeseries_processing.py:130 -     Loading parameters:
2025-09-02 00:04:42,479 - INFO - timeseries_processing.py:131 -         Bands: ['B05', 'B07', 'B8A', 'SCL']
2025-09-02 00:04:42,479 - INFO - timeseries_processing.py:132 -         Spatial resolution: 20
2025-09-02 00:04:42,479 - INFO - timeseries_processing.py:134 -         Get Assets from STAC Items
2025-09-02 00:04:42,480 - INFO - timeseries_processing.py:47 -         Initialize the STAC client
2025-09-02 00:04:43,154 - INFO - timeseries_processing.py:137 -         Loading 14 STAC Items....
2025-09-02 00:06:54,265 - INFO - timeseries_processing.py:146 -         Cube has been downloaded
2025-09-02 00:06:54,265 - INFO - timeseries_processing.py:156 -         Fix order of dimensions
2025-09-02 00:06:54,267 - INFO - timeseries_processing.py:161 -         Append bands to the band-list of EPSG:32634
2025-09-02 00:06:54,267 - INFO - timeseries_processing.py:129 -                        
2025-09-02 00:06:54,267 - INFO - timeseries_processing.py:130 -     Loading parameters:
2025-09-02 00:06:54,268 - INFO - timeseries_processing.py:131 -         Bands: ['B02', 'B03', 'B04']
2025-09-02 00:06:54,268 - INFO - timeseries_processing.py:132 -         Spatial resolution: 10
2025-09-02 00:06:54,268 - INFO - timeseries_processing.py:134 -         Get Assets from STAC Items
2025-09-02 00:06:54,268 - INFO - timeseries_processing.py:47 -         Initialize the STAC client
2025-09-02 00:06:54,878 - INFO - timeseries_processing.py:137 -         Loading 14 STAC Items....
2025-09-02 00:10:46,768 - INFO - timeseries_processing.py:146 -         Cube has been downloaded
2025-09-02 00:10:46,768 - INFO - timeseries_processing.py:149 -         Reproject to downsample 10m bands to 20m by Resampling.average 2x2 binning and shape matching with odc.geo.GeoBox
2025-09-02 00:10:59,382 - INFO - timeseries_processing.py:161 -         Append bands to the band-list of EPSG:32634
2025-09-02 00:10:59,382 - INFO - timeseries_processing.py:165 -                        
2025-09-02 00:10:59,382 - INFO - timeseries_processing.py:166 -     Merging bands in a single dataset
2025-09-02 00:10:59,382 - INFO - timeseries_processing.py:167 -     Ensure all partial datasets are at (x=20, y=-20) resolution
2025-09-02 00:10:59,383 - INFO - timeseries_processing.py:171 -     Clip to the intersection of indexes
2025-09-02 00:11:00,393 - INFO - timeseries_processing.py:180 -     Make a list of bands to merge
2025-09-02 00:11:00,394 - INFO - timeseries_processing.py:184 -     Merge on intersection
2025-09-02 00:11:00,395 - INFO - timeseries_processing.py:192 -     Apply masks on clouds, shadows, thin cirrus, and snow/ice
2025-09-02 00:11:00,395 - INFO - sentinel2.py:122 -                Masking bits: [3, 7, 8, 9, 10, 11]
2025-09-02 00:11:01,497 - INFO - composites.py:307 - Reproject from UTM Zone to Tile geometry -> CRS(EPSG:32634), Resampling.bilinear
2025-09-02 00:11:07,637 - INFO - composites.py:310 -     New shape of datasets: Shape2d(x=2400, y=2400)
2025-09-02 00:11:08,327 - INFO - composites.py:329 - Scale SR to Sen2Cor Baseline 4.00 - Subtract 1000 in dates post 2022-01-25
2025-09-02 00:11:09,998 - INFO - composites.py:342 - Creating preview plot of input scenes
2025-09-02 00:11:41,698 - INFO - timeseries_processing.py:349 - Saved preview for 'B04' to //nas-rs.topo.auth.gr/Latomeia/DROUGHT/composites/x10/y10/2024/05/01/S2L2A_medcomp_x10y10_202405_InDataPreview.jpeg
2025-09-02 00:11:41,704 - INFO - composites.py:348 - Clip value range
2025-09-02 00:11:43,510 - INFO - composites.py:353 -                           
2025-09-02 00:11:43,511 - INFO - composites.py:354 - Computing spectral indices:
2025-09-02 00:11:43,511 - INFO - composites.py:357 -     EVI...
2025-09-02 00:11:44,624 - INFO - composites.py:359 -     NDVI...
2025-09-02 00:11:44,961 - INFO - composites.py:361 -     PSRI2...
2025-09-02 00:11:45,293 - INFO - composites.py:364 - Clip to typical value range
2025-09-02 00:11:45,633 - INFO - composites.py:371 - Reducing to median value temporal composite
2025-09-02 00:12:11,891 - INFO - composites.py:390 - Scale and Define data types & nodata per band
2025-09-02 00:12:12,047 - INFO - composites.py:411 - Assign time range and tile ID in metadata
2025-09-02 00:12:12,047 - INFO - composites.py:419 - Write bands to raster COG files
2025-09-02 00:12:16,544 - INFO - composites.py:432 - Write B02 -> //nas-rs.topo.auth.gr/Latomeia/DROUGHT/composites/x10/y10/2024/05/01/S2L2A_medcomp_x10y10_202405_B02.tif
2025-09-02 00:12:20,678 - INFO - composites.py:432 - Write B03 -> //nas-rs.topo.auth.gr/Latomeia/DROUGHT/composites/x10/y10/2024/05/01/S2L2A_medcomp_x10y10_202405_B03.tif
2025-09-02 00:12:24,579 - INFO - composites.py:432 - Write B04 -> //nas-rs.topo.auth.gr/Latomeia/DROUGHT/composites/x10/y10/2024/05/01/S2L2A_medcomp_x10y10_202405_B04.tif
2025-09-02 00:12:28,521 - INFO - composites.py:432 - Write B05 -> //nas-rs.topo.auth.gr/Latomeia/DROUGHT/composites/x10/y10/2024/05/01/S2L2A_medcomp_x10y10_202405_B05.tif
2025-09-02 00:12:32,417 - INFO - composites.py:432 - Write B07 -> //nas-rs.topo.auth.gr/Latomeia/DROUGHT/composites/x10/y10/2024/05/01/S2L2A_medcomp_x10y10_202405_B07.tif
2025-09-02 00:12:36,419 - INFO - composites.py:432 - Write B8A -> //nas-rs.topo.auth.gr/Latomeia/DROUGHT/composites/x10/y10/2024/05/01/S2L2A_medcomp_x10y10_202405_B8A.tif
2025-09-02 00:12:40,280 - INFO - composites.py:432 - Write EVI -> //nas-rs.topo.auth.gr/Latomeia/DROUGHT/composites/x10/y10/2024/05/01/S2L2A_medcomp_x10y10_202405_EVI.tif
2025-09-02 00:12:44,130 - INFO - composites.py:432 - Write NDVI -> //nas-rs.topo.auth.gr/Latomeia/DROUGHT/composites/x10/y10/2024/05/01/S2L2A_medcomp_x10y10_202405_NDVI.tif
2025-09-02 00:12:47,961 - INFO - composites.py:432 - Write PSRI2 -> //nas-rs.topo.auth.gr/Latomeia/DROUGHT/composites/x10/y10/2024/05/01/S2L2A_medcomp_x10y10_202405_PSRI2.tif
2025-09-02 00:12:47,971 - INFO - composites.py:436 - Prepare metadata YAML document
2025-09-02 00:12:48,448 - INFO - composites.py:458 - Write metadata YAML document to disk
2025-09-02 00:12:48,474 - INFO - composites.py:463 - Create datacube.model.Dataset from eo3 metadata
2025-09-02 00:12:48,485 - INFO - composites.py:476 - Index to datacube
2025-09-02 00:12:48,485 - INFO - _datasets.py:191 - Indexing 0d841a91-0b85-400a-9a27-77807eda7775
2025-09-02 00:12:48,494 - INFO - composites.py:479 - 
2025-09-02 00:12:48,494 - INFO - composites.py:480 -              ✔✔✔ COMPLETED: Tile x10_y10 | Time: 2024-05 | In 9.33 minutes
2025-09-02 00:12:48,494 - INFO - composites.py:481 - 
2025-09-02 00:12:48,494 - INFO - composites.py:489 - Closing Dask client
2025-09-02 00:12:48,496 - INFO - composites.py:493 - Closing Dask cluster
2025-09-02 00:12:48,496 - INFO - composites.py:494 - #######################################################################
