2025-08-30 12:59:34,774 - INFO - composites.py:102 - #######################################################################
2025-08-30 12:59:34,774 - INFO - composites.py:104 - Processing started
2025-08-30 12:59:34,774 - INFO - composites.py:105 -         Tile: x08_y11
2025-08-30 12:59:34,774 - INFO - composites.py:106 -         Time: 2022-11
2025-08-30 12:59:34,774 - INFO - composites.py:109 -                           
2025-08-30 12:59:34,774 - INFO - composites.py:110 - Establishing connection to datacube
2025-08-30 12:59:35,368 - INFO - composites.py:113 -                           
2025-08-30 12:59:35,368 - INFO - composites.py:114 - Sanity test: Check if dataset already exists in the datacube
2025-08-30 12:59:35,390 - INFO - composites.py:133 - The composite requested was not found and it will be computed
2025-08-30 12:59:35,390 - INFO - composites.py:136 -                                  
2025-08-30 12:59:35,390 - INFO - composites.py:137 - Initializing Dask cluster for parallelization
2025-08-30 12:59:40,506 - INFO - composites.py:161 - Dask dashboard is available at: http://127.0.0.1:8787/status
2025-08-30 12:59:40,506 - INFO - composites.py:164 - Create directories and naming conversions
2025-08-30 12:59:40,519 - INFO - composites.py:177 - Dataset location: //nas-rs.topo.auth.gr/Latomeia/DROUGHT/composites/x08/y11/2022/11/01
2025-08-30 12:59:40,519 - INFO - composites.py:180 -                           
2025-08-30 12:59:40,519 - INFO - composites.py:181 - Retrieve tile geometry
2025-08-30 12:59:40,549 - INFO - composites.py:192 - Create the Bounding Box (φ,λ)
2025-08-30 12:59:40,549 - INFO - composites.py:198 - Create the Bounding Box (x,y)
2025-08-30 12:59:40,549 - INFO - composites.py:211 -                           
2025-08-30 12:59:40,549 - INFO - composites.py:212 - Connect to Planetary Computer STAC Catalog
2025-08-30 12:59:40,757 - INFO - composites.py:220 - Search the STAC Catalog
2025-08-30 12:59:40,826 - INFO - composites.py:232 -         Query parameters:
2025-08-30 12:59:40,826 - INFO - composites.py:233 -             url:          https://planetarycomputer.microsoft.com/api/stac/v1/search
2025-08-30 12:59:40,827 - INFO - composites.py:234 -             client:       microsoft-pc
2025-08-30 12:59:40,827 - INFO - composites.py:235 -             collection:   sentinel-2-l2a
2025-08-30 12:59:40,827 - INFO - composites.py:236 -             bbox:         (21.470456200843422, 38.29135632905737, 22.139354689000736, 38.83788179019963)
2025-08-30 12:59:40,827 - INFO - composites.py:237 -             time range:   2022-11-01T00:00:00Z/2022-11-30T23:59:59Z
2025-08-30 12:59:40,827 - INFO - composites.py:238 -             cloud cover:  0% - 70%
2025-08-30 12:59:40,827 - INFO - composites.py:239 -             nodata cover: 0% - 33%
2025-08-30 12:59:40,827 - INFO - composites.py:241 -                           
2025-08-30 12:59:40,827 - INFO - composites.py:242 - Searching...
2025-08-30 12:59:41,263 - INFO - composites.py:245 - Query found 10 items
2025-08-30 12:59:41,263 - INFO - composites.py:247 - Searching for GRI REFINED scenes:
2025-08-30 12:59:47,460 - INFO - sentinel2.py:78 - 1/10 - S2A_MSIL2A_20221129T092331_R093_T34SEH_20221201T050335 -> REFINED
2025-08-30 12:59:54,286 - INFO - sentinel2.py:78 - 2/10 - S2B_MSIL2A_20221124T092219_R093_T34SEJ_20221125T142013 -> REFINED
2025-08-30 12:59:59,110 - INFO - sentinel2.py:78 - 3/10 - S2B_MSIL2A_20221124T092219_R093_T34SEH_20221125T125846 -> REFINED
2025-08-30 13:00:03,934 - INFO - sentinel2.py:78 - 4/10 - S2A_MSIL2A_20221119T092301_R093_T34SEJ_20221120T002613 -> REFINED
2025-08-30 13:00:09,731 - INFO - sentinel2.py:78 - 5/10 - S2A_MSIL2A_20221119T092301_R093_T34SEH_20221120T000300 -> REFINED
2025-08-30 13:00:15,069 - INFO - sentinel2.py:78 - 6/10 - S2B_MSIL2A_20221114T092139_R093_T34SEH_20221115T031852 -> REFINED
2025-08-30 13:00:20,108 - INFO - sentinel2.py:78 - 7/10 - S2A_MSIL2A_20221109T092211_R093_T34SEJ_20221110T024207 -> REFINED
2025-08-30 13:00:25,886 - INFO - sentinel2.py:78 - 8/10 - S2A_MSIL2A_20221109T092211_R093_T34SEH_20221110T030835 -> REFINED
2025-08-30 13:00:31,294 - INFO - sentinel2.py:78 - 9/10 - S2B_MSIL2A_20221104T092049_R093_T34SEJ_20221104T225902 -> REFINED
2025-08-30 13:00:36,986 - INFO - sentinel2.py:78 - 10/10 - S2B_MSIL2A_20221104T092049_R093_T34SEH_20221104T230412 -> REFINED
2025-08-30 13:00:37,023 - INFO - composites.py:250 -                                  
2025-08-30 13:00:37,024 - INFO - composites.py:251 - 10/10 were refined by GRI.
2025-08-30 13:00:37,043 - INFO - composites.py:263 - Looking for up to 10 cleanest images within spatiotemporal range of each MGRS tile
2025-08-30 13:00:37,053 - INFO - composites.py:277 - Filtered cleanest scenes: Kept 10 out of 10 items. 
2025-08-30 13:00:37,053 - INFO - composites.py:278 -         Included MGRS Tiles: ['34SEH' '34SEJ']
2025-08-30 13:00:37,054 - INFO - composites.py:279 -         Included EPSG codes: [32634]
2025-08-30 13:00:37,054 - INFO - composites.py:281 - Selected scenes:
2025-08-30 13:00:37,054 - INFO - composites.py:283 -         S2B_MSIL2A_20221104T092049_R093_T34SEH_20221104T230412
2025-08-30 13:00:37,054 - INFO - composites.py:283 -         S2A_MSIL2A_20221109T092211_R093_T34SEH_20221110T030835
2025-08-30 13:00:37,054 - INFO - composites.py:283 -         S2B_MSIL2A_20221124T092219_R093_T34SEH_20221125T125846
2025-08-30 13:00:37,054 - INFO - composites.py:283 -         S2B_MSIL2A_20221114T092139_R093_T34SEH_20221115T031852
2025-08-30 13:00:37,054 - INFO - composites.py:283 -         S2A_MSIL2A_20221129T092331_R093_T34SEH_20221201T050335
2025-08-30 13:00:37,060 - INFO - composites.py:283 -         S2A_MSIL2A_20221119T092301_R093_T34SEH_20221120T000300
2025-08-30 13:00:37,060 - INFO - composites.py:283 -         S2B_MSIL2A_20221104T092049_R093_T34SEJ_20221104T225902
2025-08-30 13:00:37,060 - INFO - composites.py:283 -         S2B_MSIL2A_20221124T092219_R093_T34SEJ_20221125T142013
2025-08-30 13:00:37,060 - INFO - composites.py:283 -         S2A_MSIL2A_20221109T092211_R093_T34SEJ_20221110T024207
2025-08-30 13:00:37,060 - INFO - composites.py:283 -         S2A_MSIL2A_20221119T092301_R093_T34SEJ_20221120T002613
2025-08-30 13:00:37,406 - INFO - sentinel2.py:154 - Matplotlib backend: Agg
2025-08-30 13:00:37,608 - INFO - sentinel2.py:224 - Write input scenes footprint overlay: //nas-rs.topo.auth.gr/Latomeia/DROUGHT/composites/x08/y11/2022/11/01/S2L2A_medcomp_x08y11_202211_InDataFootprint.jpeg
2025-08-30 13:00:37,824 - INFO - composites.py:297 -                                  
2025-08-30 13:00:37,824 - INFO - composites.py:298 - Downstream STAC items from Planetary Computer
2025-08-30 13:00:37,824 - INFO - timeseries_processing.py:115 -                                  
2025-08-30 13:00:37,824 - INFO - timeseries_processing.py:116 - Loading bands of diferent resolutions in EPSG:32634
2025-08-30 13:00:37,824 - INFO - timeseries_processing.py:120 -     Filtering items with native UTM EPSG:32634
2025-08-30 13:00:37,824 - INFO - timeseries_processing.py:122 -     10 Items in EPSG:32634
2025-08-30 13:00:37,824 - INFO - timeseries_processing.py:129 -                        
2025-08-30 13:00:37,824 - INFO - timeseries_processing.py:130 -     Loading parameters:
2025-08-30 13:00:37,824 - INFO - timeseries_processing.py:131 -         Bands: ['B05', 'B07', 'B8A', 'SCL']
2025-08-30 13:00:37,824 - INFO - timeseries_processing.py:132 -         Spatial resolution: 20
2025-08-30 13:00:37,824 - INFO - timeseries_processing.py:134 -         Get Assets from STAC Items
2025-08-30 13:00:37,824 - INFO - timeseries_processing.py:47 -         Initialize the STAC client
2025-08-30 13:00:38,366 - INFO - timeseries_processing.py:137 -         Loading 10 STAC Items....
2025-08-30 13:01:01,280 - INFO - timeseries_processing.py:146 -         Cube has been downloaded
2025-08-30 13:01:01,280 - INFO - timeseries_processing.py:156 -         Fix order of dimensions
2025-08-30 13:01:01,281 - INFO - timeseries_processing.py:161 -         Append bands to the band-list of EPSG:32634
2025-08-30 13:01:01,282 - INFO - timeseries_processing.py:129 -                        
2025-08-30 13:01:01,282 - INFO - timeseries_processing.py:130 -     Loading parameters:
2025-08-30 13:01:01,282 - INFO - timeseries_processing.py:131 -         Bands: ['B02', 'B03', 'B04']
2025-08-30 13:01:01,282 - INFO - timeseries_processing.py:132 -         Spatial resolution: 10
2025-08-30 13:01:01,282 - INFO - timeseries_processing.py:134 -         Get Assets from STAC Items
2025-08-30 13:01:01,283 - INFO - timeseries_processing.py:47 -         Initialize the STAC client
2025-08-30 13:01:01,785 - INFO - timeseries_processing.py:137 -         Loading 10 STAC Items....
2025-08-30 13:02:05,070 - INFO - timeseries_processing.py:146 -         Cube has been downloaded
2025-08-30 13:02:05,070 - INFO - timeseries_processing.py:149 -         Reproject to downsample 10m bands to 20m by Resampling.average 2x2 binning and shape matching with odc.geo.GeoBox
2025-08-30 13:02:14,225 - INFO - timeseries_processing.py:161 -         Append bands to the band-list of EPSG:32634
2025-08-30 13:02:14,225 - INFO - timeseries_processing.py:165 -                        
2025-08-30 13:02:14,225 - INFO - timeseries_processing.py:166 -     Merging bands in a single dataset
2025-08-30 13:02:14,226 - INFO - timeseries_processing.py:167 -     Ensure all partial datasets are at (x=20, y=-20) resolution
2025-08-30 13:02:14,226 - INFO - timeseries_processing.py:171 -     Clip to the intersection of indexes
2025-08-30 13:02:15,541 - INFO - timeseries_processing.py:180 -     Make a list of bands to merge
2025-08-30 13:02:15,543 - INFO - timeseries_processing.py:184 -     Merge on intersection
2025-08-30 13:02:15,544 - INFO - timeseries_processing.py:192 -     Apply masks on clouds, shadows, thin cirrus, and snow/ice
2025-08-30 13:02:15,544 - INFO - sentinel2.py:122 -                Masking bits: [3, 7, 8, 9, 10, 11]
2025-08-30 13:02:16,249 - INFO - composites.py:307 - Reproject from UTM Zone to Tile geometry -> CRS(EPSG:32634), Resampling.bilinear
2025-08-30 13:02:20,293 - INFO - composites.py:310 -     New shape of datasets: Shape2d(x=2400, y=2400)
2025-08-30 13:02:20,830 - INFO - composites.py:329 - Scale SR to Sen2Cor Baseline 4.00 - Subtract 1000 in dates post 2022-01-25
2025-08-30 13:02:21,765 - INFO - composites.py:342 - Creating preview plot of input scenes
2025-08-30 13:02:48,325 - INFO - timeseries_processing.py:349 - Saved preview for 'B04' to //nas-rs.topo.auth.gr/Latomeia/DROUGHT/composites/x08/y11/2022/11/01/S2L2A_medcomp_x08y11_202211_InDataPreview.jpeg
2025-08-30 13:02:48,329 - INFO - composites.py:348 - Clip value range
2025-08-30 13:02:49,530 - INFO - composites.py:353 -                           
2025-08-30 13:02:49,530 - INFO - composites.py:354 - Computing spectral indices:
2025-08-30 13:02:49,530 - INFO - composites.py:357 -     EVI...
2025-08-30 13:02:50,283 - INFO - composites.py:359 -     NDVI...
2025-08-30 13:02:50,523 - INFO - composites.py:361 -     PSRI2...
2025-08-30 13:02:50,686 - INFO - composites.py:364 - Clip to typical value range
2025-08-30 13:02:50,926 - INFO - composites.py:371 - Reducing to median value temporal composite
2025-08-30 13:03:16,712 - INFO - composites.py:390 - Scale and Define data types & nodata per band
2025-08-30 13:03:16,815 - INFO - composites.py:411 - Assign time range and tile ID in metadata
2025-08-30 13:03:16,815 - INFO - composites.py:419 - Write bands to raster COG files
2025-08-30 13:03:20,760 - INFO - composites.py:432 - Write B02 -> //nas-rs.topo.auth.gr/Latomeia/DROUGHT/composites/x08/y11/2022/11/01/S2L2A_medcomp_x08y11_202211_B02.tif
2025-08-30 13:03:24,708 - INFO - composites.py:432 - Write B03 -> //nas-rs.topo.auth.gr/Latomeia/DROUGHT/composites/x08/y11/2022/11/01/S2L2A_medcomp_x08y11_202211_B03.tif
2025-08-30 13:03:28,699 - INFO - composites.py:432 - Write B04 -> //nas-rs.topo.auth.gr/Latomeia/DROUGHT/composites/x08/y11/2022/11/01/S2L2A_medcomp_x08y11_202211_B04.tif
2025-08-30 13:03:33,338 - INFO - composites.py:432 - Write B05 -> //nas-rs.topo.auth.gr/Latomeia/DROUGHT/composites/x08/y11/2022/11/01/S2L2A_medcomp_x08y11_202211_B05.tif
2025-08-30 13:03:37,396 - INFO - composites.py:432 - Write B07 -> //nas-rs.topo.auth.gr/Latomeia/DROUGHT/composites/x08/y11/2022/11/01/S2L2A_medcomp_x08y11_202211_B07.tif
2025-08-30 13:03:41,252 - INFO - composites.py:432 - Write B8A -> //nas-rs.topo.auth.gr/Latomeia/DROUGHT/composites/x08/y11/2022/11/01/S2L2A_medcomp_x08y11_202211_B8A.tif
2025-08-30 13:03:45,146 - INFO - composites.py:432 - Write EVI -> //nas-rs.topo.auth.gr/Latomeia/DROUGHT/composites/x08/y11/2022/11/01/S2L2A_medcomp_x08y11_202211_EVI.tif
2025-08-30 13:03:49,274 - INFO - composites.py:432 - Write NDVI -> //nas-rs.topo.auth.gr/Latomeia/DROUGHT/composites/x08/y11/2022/11/01/S2L2A_medcomp_x08y11_202211_NDVI.tif
2025-08-30 13:03:53,126 - INFO - composites.py:432 - Write PSRI2 -> //nas-rs.topo.auth.gr/Latomeia/DROUGHT/composites/x08/y11/2022/11/01/S2L2A_medcomp_x08y11_202211_PSRI2.tif
2025-08-30 13:03:53,140 - INFO - composites.py:436 - Prepare metadata YAML document
2025-08-30 13:03:53,637 - INFO - composites.py:458 - Write metadata YAML document to disk
2025-08-30 13:03:53,675 - INFO - composites.py:463 - Create datacube.model.Dataset from eo3 metadata
2025-08-30 13:03:53,687 - INFO - composites.py:476 - Index to datacube
2025-08-30 13:03:53,687 - INFO - _datasets.py:191 - Indexing c41b78e7-ba17-4c18-9291-907210873307
2025-08-30 13:03:53,694 - INFO - composites.py:479 - 
2025-08-30 13:03:53,694 - INFO - composites.py:480 -              ✔✔✔ COMPLETED: Tile x08_y11 | Time: 2022-11 | In 4.32 minutes
2025-08-30 13:03:53,694 - INFO - composites.py:481 - 
2025-08-30 13:03:53,694 - INFO - composites.py:489 - Closing Dask client
2025-08-30 13:03:53,697 - INFO - composites.py:493 - Closing Dask cluster
2025-08-30 13:03:53,697 - INFO - composites.py:494 - #######################################################################
