2025-12-01 09:55:55,465 - INFO - composites.py:102 - #######################################################################
2025-12-01 09:55:55,465 - INFO - composites.py:104 - Processing started
2025-12-01 09:55:55,465 - INFO - composites.py:105 -         Tile: x07_y11
2025-12-01 09:55:55,465 - INFO - composites.py:106 -         Time: 2025-04
2025-12-01 09:55:55,465 - INFO - composites.py:109 -                           
2025-12-01 09:55:55,465 - INFO - composites.py:110 - Establishing connection to datacube
2025-12-01 09:55:56,064 - INFO - composites.py:113 -                           
2025-12-01 09:55:56,064 - INFO - composites.py:114 - Sanity test: Check if dataset already exists in the datacube
2025-12-01 09:55:56,086 - INFO - composites.py:133 - The composite requested was not found and it will be computed
2025-12-01 09:55:56,086 - INFO - composites.py:136 -                                  
2025-12-01 09:55:56,086 - INFO - composites.py:137 - Initializing Dask cluster for parallelization
2025-12-01 09:56:01,525 - INFO - composites.py:161 - Dask dashboard is available at: http://127.0.0.1:8787/status
2025-12-01 09:56:01,525 - INFO - composites.py:164 - Create directories and naming conversions
2025-12-01 09:56:01,538 - INFO - composites.py:177 - Dataset location: //nas-rs.topo.auth.gr/Latomeia/DROUGHT/composites/x07/y11/2025/04/01
2025-12-01 09:56:01,538 - INFO - composites.py:180 -                           
2025-12-01 09:56:01,538 - INFO - composites.py:181 - Retrieve tile geometry
2025-12-01 09:56:01,568 - INFO - composites.py:192 - Create the Bounding Box (φ,λ)
2025-12-01 09:56:01,568 - INFO - composites.py:198 - Create the Bounding Box (x,y)
2025-12-01 09:56:01,569 - INFO - composites.py:211 -                           
2025-12-01 09:56:01,569 - INFO - composites.py:212 - Connect to Planetary Computer STAC Catalog
2025-12-01 09:56:01,847 - INFO - composites.py:220 - Search the STAC Catalog
2025-12-01 09:56:01,918 - INFO - composites.py:232 -         Query parameters:
2025-12-01 09:56:01,918 - INFO - composites.py:233 -             url:          https://planetarycomputer.microsoft.com/api/stac/v1/search
2025-12-01 09:56:01,918 - INFO - composites.py:234 -             client:       microsoft-pc
2025-12-01 09:56:01,918 - INFO - composites.py:235 -             collection:   sentinel-2-l2a
2025-12-01 09:56:01,918 - INFO - composites.py:236 -             bbox:         (20.928573606105775, 38.35819969704171, 21.59502923200265, 38.902149455513275)
2025-12-01 09:56:01,918 - INFO - composites.py:237 -             time range:   2025-04-01T00:00:00Z/2025-04-30T23:59:59Z
2025-12-01 09:56:01,918 - INFO - composites.py:238 -             cloud cover:  0% - 70%
2025-12-01 09:56:01,918 - INFO - composites.py:239 -             nodata cover: 0% - 33%
2025-12-01 09:56:01,918 - INFO - composites.py:241 -                           
2025-12-01 09:56:01,918 - INFO - composites.py:242 - Searching...
2025-12-01 09:56:02,678 - INFO - composites.py:245 - Query found 31 items
2025-12-01 09:56:02,678 - INFO - composites.py:247 - Searching for GRI REFINED scenes:
2025-12-01 09:56:05,291 - INFO - sentinel2.py:78 - 1/31 - S2C_MSIL2A_20250430T093051_R136_T34SDJ_20250430T125712 -> REFINED
2025-12-01 09:56:07,172 - INFO - sentinel2.py:78 - 2/31 - S2C_MSIL2A_20250430T093051_R136_T34SDH_20250430T125712 -> REFINED
2025-12-01 09:56:09,530 - INFO - sentinel2.py:78 - 3/31 - S2C_MSIL2A_20250427T092051_R093_T34SDH_20250427T145617 -> REFINED
2025-12-01 09:56:11,920 - INFO - sentinel2.py:78 - 4/31 - S2B_MSIL2A_20250425T093029_R136_T34SDJ_20250425T123216 -> REFINED
2025-12-01 09:56:13,677 - INFO - sentinel2.py:78 - 5/31 - S2B_MSIL2A_20250425T093029_R136_T34SDH_20250425T123216 -> REFINED
2025-12-01 09:56:16,170 - INFO - sentinel2.py:78 - 6/31 - S2A_MSIL2A_20250422T093141_R136_T34SDJ_20250422T145612 -> REFINED
2025-12-01 09:56:17,983 - INFO - sentinel2.py:78 - 7/31 - S2A_MSIL2A_20250422T093141_R136_T34SDH_20250422T145612 -> REFINED
2025-12-01 09:56:20,485 - INFO - sentinel2.py:78 - 8/31 - S2B_MSIL2A_20250422T092029_R093_T34SEJ_20250422T121814 -> REFINED
2025-12-01 09:56:22,897 - INFO - sentinel2.py:78 - 9/31 - S2B_MSIL2A_20250422T092029_R093_T34SDH_20250422T121814 -> REFINED
2025-12-01 09:56:25,007 - INFO - sentinel2.py:78 - 10/31 - S2C_MSIL2A_20250420T093051_R136_T34SDJ_20250420T145756 -> REFINED
2025-12-01 09:56:27,020 - INFO - sentinel2.py:78 - 11/31 - S2C_MSIL2A_20250420T093051_R136_T34SDH_20250420T145756 -> REFINED
2025-12-01 09:56:29,113 - INFO - sentinel2.py:78 - 12/31 - S2A_MSIL2A_20250419T092231_R093_T34SEJ_20250419T122712 -> REFINED
2025-12-01 09:56:30,956 - INFO - sentinel2.py:78 - 13/31 - S2A_MSIL2A_20250419T092231_R093_T34SEH_20250419T122712 -> REFINED
2025-12-01 09:56:35,276 - INFO - sentinel2.py:78 - 14/31 - S2A_MSIL2A_20250412T093051_R136_T34SDJ_20250412T131414 -> REFINED
2025-12-01 09:56:37,738 - INFO - sentinel2.py:78 - 15/31 - S2A_MSIL2A_20250412T093051_R136_T34SDH_20250412T131414 -> REFINED
2025-12-01 09:56:40,150 - INFO - sentinel2.py:78 - 16/31 - S2B_MSIL2A_20250412T092029_R093_T34SEJ_20250412T114858 -> REFINED
2025-12-01 09:56:42,198 - INFO - sentinel2.py:78 - 17/31 - S2B_MSIL2A_20250412T092029_R093_T34SEH_20250412T114858 -> REFINED
2025-12-01 09:56:45,532 - INFO - sentinel2.py:78 - 18/31 - S2B_MSIL2A_20250412T092029_R093_T34SDH_20250412T114858 -> REFINED
2025-12-01 09:56:47,367 - INFO - sentinel2.py:78 - 19/31 - S2C_MSIL2A_20250410T093101_R136_T34SDJ_20250410T152616 -> REFINED
2025-12-01 09:56:49,455 - INFO - sentinel2.py:78 - 20/31 - S2C_MSIL2A_20250410T093101_R136_T34SDH_20250410T152616 -> REFINED
2025-12-01 09:56:51,743 - INFO - sentinel2.py:78 - 21/31 - S2A_MSIL2A_20250409T092041_R093_T34SEJ_20250409T125513 -> REFINED
2025-12-01 09:56:53,883 - INFO - sentinel2.py:78 - 22/31 - S2A_MSIL2A_20250409T092041_R093_T34SEH_20250409T125513 -> REFINED
2025-12-01 09:56:55,930 - INFO - sentinel2.py:78 - 23/31 - S2A_MSIL2A_20250409T092041_R093_T34SDH_20250409T125513 -> REFINED
2025-12-01 09:56:58,277 - INFO - sentinel2.py:78 - 24/31 - S2C_MSIL2A_20250407T092051_R093_T34SEH_20250407T152018 -> REFINED
2025-12-01 09:57:00,084 - INFO - sentinel2.py:78 - 25/31 - S2C_MSIL2A_20250407T092051_R093_T34SDH_20250407T152018 -> REFINED
2025-12-01 09:57:01,846 - INFO - sentinel2.py:78 - 26/31 - S2B_MSIL2A_20250405T093029_R136_T34SDJ_20250405T123115 -> REFINED
2025-12-01 09:57:04,067 - INFO - sentinel2.py:78 - 27/31 - S2B_MSIL2A_20250405T093029_R136_T34SDH_20250405T123115 -> REFINED
2025-12-01 09:57:06,388 - INFO - sentinel2.py:78 - 28/31 - S2A_MSIL2A_20250402T093141_R136_T34SDJ_20250402T162109 -> REFINED
2025-12-01 09:57:08,826 - INFO - sentinel2.py:78 - 29/31 - S2A_MSIL2A_20250402T093141_R136_T34SDH_20250402T162109 -> REFINED
2025-12-01 09:57:10,572 - INFO - sentinel2.py:78 - 30/31 - S2B_MSIL2A_20250402T092029_R093_T34SEH_20250402T133021 -> REFINED
2025-12-01 09:57:13,149 - INFO - sentinel2.py:78 - 31/31 - S2B_MSIL2A_20250402T092029_R093_T34SDH_20250402T133021 -> REFINED
2025-12-01 09:57:13,168 - INFO - composites.py:250 -                                  
2025-12-01 09:57:13,168 - INFO - composites.py:251 - 31/31 were refined by GRI.
2025-12-01 09:57:13,168 - INFO - composites.py:263 - Looking for up to 7 cleanest images within spatiotemporal range of each MGRS tile
2025-12-01 09:57:13,168 - INFO - composites.py:277 - Filtered cleanest scenes: Kept 23 out of 31 items. 
2025-12-01 09:57:13,168 - INFO - composites.py:278 -         Included MGRS Tiles: ['34SDH' '34SDJ' '34SEH' '34SEJ']
2025-12-01 09:57:13,168 - INFO - composites.py:279 -         Included EPSG codes: [32634]
2025-12-01 09:57:13,180 - INFO - composites.py:281 - Selected scenes:
2025-12-01 09:57:13,180 - INFO - composites.py:283 -         S2C_MSIL2A_20250430T093051_R136_T34SDH_20250430T125712
2025-12-01 09:57:13,184 - INFO - composites.py:283 -         S2C_MSIL2A_20250407T092051_R093_T34SDH_20250407T152018
2025-12-01 09:57:13,184 - INFO - composites.py:283 -         S2B_MSIL2A_20250425T093029_R136_T34SDH_20250425T123216
2025-12-01 09:57:13,184 - INFO - composites.py:283 -         S2A_MSIL2A_20250412T093051_R136_T34SDH_20250412T131414
2025-12-01 09:57:13,184 - INFO - composites.py:283 -         S2B_MSIL2A_20250402T092029_R093_T34SDH_20250402T133021
2025-12-01 09:57:13,184 - INFO - composites.py:283 -         S2C_MSIL2A_20250410T093101_R136_T34SDH_20250410T152616
2025-12-01 09:57:13,194 - INFO - composites.py:283 -         S2A_MSIL2A_20250402T093141_R136_T34SDH_20250402T162109
2025-12-01 09:57:13,205 - INFO - composites.py:283 -         S2A_MSIL2A_20250412T093051_R136_T34SDJ_20250412T131414
2025-12-01 09:57:13,205 - INFO - composites.py:283 -         S2C_MSIL2A_20250430T093051_R136_T34SDJ_20250430T125712
2025-12-01 09:57:13,210 - INFO - composites.py:283 -         S2B_MSIL2A_20250405T093029_R136_T34SDJ_20250405T123115
2025-12-01 09:57:13,210 - INFO - composites.py:283 -         S2C_MSIL2A_20250410T093101_R136_T34SDJ_20250410T152616
2025-12-01 09:57:13,210 - INFO - composites.py:283 -         S2A_MSIL2A_20250422T093141_R136_T34SDJ_20250422T145612
2025-12-01 09:57:13,210 - INFO - composites.py:283 -         S2C_MSIL2A_20250420T093051_R136_T34SDJ_20250420T145756
2025-12-01 09:57:13,210 - INFO - composites.py:283 -         S2B_MSIL2A_20250425T093029_R136_T34SDJ_20250425T123216
2025-12-01 09:57:13,210 - INFO - composites.py:283 -         S2A_MSIL2A_20250419T092231_R093_T34SEH_20250419T122712
2025-12-01 09:57:13,210 - INFO - composites.py:283 -         S2C_MSIL2A_20250407T092051_R093_T34SEH_20250407T152018
2025-12-01 09:57:13,210 - INFO - composites.py:283 -         S2B_MSIL2A_20250412T092029_R093_T34SEH_20250412T114858
2025-12-01 09:57:13,210 - INFO - composites.py:283 -         S2A_MSIL2A_20250409T092041_R093_T34SEH_20250409T125513
2025-12-01 09:57:13,210 - INFO - composites.py:283 -         S2B_MSIL2A_20250402T092029_R093_T34SEH_20250402T133021
2025-12-01 09:57:13,210 - INFO - composites.py:283 -         S2A_MSIL2A_20250419T092231_R093_T34SEJ_20250419T122712
2025-12-01 09:57:13,210 - INFO - composites.py:283 -         S2B_MSIL2A_20250412T092029_R093_T34SEJ_20250412T114858
2025-12-01 09:57:13,210 - INFO - composites.py:283 -         S2B_MSIL2A_20250422T092029_R093_T34SEJ_20250422T121814
2025-12-01 09:57:13,210 - INFO - composites.py:283 -         S2A_MSIL2A_20250409T092041_R093_T34SEJ_20250409T125513
2025-12-01 09:57:13,656 - INFO - sentinel2.py:154 - Matplotlib backend: Agg
2025-12-01 09:57:13,917 - INFO - sentinel2.py:224 - Write input scenes footprint overlay: //nas-rs.topo.auth.gr/Latomeia/DROUGHT/composites/x07/y11/2025/04/01/S2L2A_medcomp_x07y11_202504_InDataFootprint.jpeg
2025-12-01 09:57:14,145 - INFO - composites.py:297 -                                  
2025-12-01 09:57:14,145 - INFO - composites.py:298 - Downstream STAC items from Planetary Computer
2025-12-01 09:57:14,145 - INFO - timeseries_processing.py:115 -                                  
2025-12-01 09:57:14,145 - INFO - timeseries_processing.py:116 - Loading bands of diferent resolutions in EPSG:32634
2025-12-01 09:57:14,147 - INFO - timeseries_processing.py:120 -     Filtering items with native UTM EPSG:32634
2025-12-01 09:57:14,147 - INFO - timeseries_processing.py:122 -     23 Items in EPSG:32634
2025-12-01 09:57:14,147 - INFO - timeseries_processing.py:129 -                        
2025-12-01 09:57:14,147 - INFO - timeseries_processing.py:130 -     Loading parameters:
2025-12-01 09:57:14,147 - INFO - timeseries_processing.py:131 -         Bands: ['B05', 'B07', 'B8A', 'SCL']
2025-12-01 09:57:14,147 - INFO - timeseries_processing.py:132 -         Spatial resolution: 20
2025-12-01 09:57:14,147 - INFO - timeseries_processing.py:134 -         Get Assets from STAC Items
2025-12-01 09:57:14,147 - INFO - timeseries_processing.py:47 -         Initialize the STAC client
2025-12-01 09:57:14,949 - INFO - timeseries_processing.py:137 -         Loading 23 STAC Items....
2025-12-01 09:58:53,740 - INFO - timeseries_processing.py:146 -         Cube has been downloaded
2025-12-01 09:58:53,740 - INFO - timeseries_processing.py:156 -         Fix order of dimensions
2025-12-01 09:58:53,740 - INFO - timeseries_processing.py:161 -         Append bands to the band-list of EPSG:32634
2025-12-01 09:58:53,740 - INFO - timeseries_processing.py:129 -                        
2025-12-01 09:58:53,748 - INFO - timeseries_processing.py:130 -     Loading parameters:
2025-12-01 09:58:53,748 - INFO - timeseries_processing.py:131 -         Bands: ['B02', 'B03', 'B04']
2025-12-01 09:58:53,748 - INFO - timeseries_processing.py:132 -         Spatial resolution: 10
2025-12-01 09:58:53,748 - INFO - timeseries_processing.py:134 -         Get Assets from STAC Items
2025-12-01 09:58:53,748 - INFO - timeseries_processing.py:47 -         Initialize the STAC client
2025-12-01 09:58:54,522 - INFO - timeseries_processing.py:137 -         Loading 23 STAC Items....
2025-12-01 10:02:55,390 - INFO - timeseries_processing.py:146 -         Cube has been downloaded
2025-12-01 10:02:55,390 - INFO - timeseries_processing.py:149 -         Reproject to downsample 10m bands to 20m by Resampling.average 2x2 binning and shape matching with odc.geo.GeoBox
2025-12-01 10:03:12,239 - INFO - timeseries_processing.py:161 -         Append bands to the band-list of EPSG:32634
2025-12-01 10:03:12,240 - INFO - timeseries_processing.py:165 -                        
2025-12-01 10:03:12,240 - INFO - timeseries_processing.py:166 -     Merging bands in a single dataset
2025-12-01 10:03:12,240 - INFO - timeseries_processing.py:167 -     Ensure all partial datasets are at (x=20, y=-20) resolution
2025-12-01 10:03:12,240 - INFO - timeseries_processing.py:171 -     Clip to the intersection of indexes
2025-12-01 10:03:13,244 - INFO - timeseries_processing.py:180 -     Make a list of bands to merge
2025-12-01 10:03:13,245 - INFO - timeseries_processing.py:184 -     Merge on intersection
2025-12-01 10:03:13,246 - INFO - timeseries_processing.py:192 -     Apply masks on clouds, shadows, thin cirrus, and snow/ice
2025-12-01 10:03:13,246 - INFO - sentinel2.py:122 -                Masking bits: [3, 7, 8, 9, 10, 11]
2025-12-01 10:03:14,875 - INFO - composites.py:307 - Reproject from UTM Zone to Tile geometry -> CRS(EPSG:32634), Resampling.bilinear
2025-12-01 10:03:24,187 - INFO - composites.py:310 -     New shape of datasets: Shape2d(x=2400, y=2400)
2025-12-01 10:03:25,294 - INFO - composites.py:329 - Scale SR to Sen2Cor Baseline 4.00 - Subtract 1000 in dates post 2022-01-25
2025-12-01 10:03:27,514 - INFO - composites.py:342 - Creating preview plot of input scenes
2025-12-01 10:04:13,326 - INFO - timeseries_processing.py:349 - Saved preview for 'B04' to //nas-rs.topo.auth.gr/Latomeia/DROUGHT/composites/x07/y11/2025/04/01/S2L2A_medcomp_x07y11_202504_InDataPreview.jpeg
2025-12-01 10:04:13,345 - INFO - composites.py:348 - Clip value range
2025-12-01 10:04:16,379 - INFO - composites.py:353 -                           
2025-12-01 10:04:16,387 - INFO - composites.py:354 - Computing spectral indices:
2025-12-01 10:04:16,387 - INFO - composites.py:357 -     EVI...
2025-12-01 10:04:18,127 - INFO - composites.py:359 -     NDVI...
2025-12-01 10:04:18,711 - INFO - composites.py:361 -     PSRI2...
2025-12-01 10:04:19,152 - INFO - composites.py:364 - Clip to typical value range
2025-12-01 10:04:19,715 - INFO - composites.py:371 - Reducing to median value temporal composite
2025-12-01 10:04:48,259 - INFO - composites.py:390 - Scale and Define data types & nodata per band
2025-12-01 10:04:48,409 - INFO - composites.py:411 - Assign time range and tile ID in metadata
2025-12-01 10:04:48,409 - INFO - composites.py:419 - Write bands to raster COG files
2025-12-01 10:04:52,370 - INFO - composites.py:432 - Write B02 -> //nas-rs.topo.auth.gr/Latomeia/DROUGHT/composites/x07/y11/2025/04/01/S2L2A_medcomp_x07y11_202504_B02.tif
2025-12-01 10:04:56,257 - INFO - composites.py:432 - Write B03 -> //nas-rs.topo.auth.gr/Latomeia/DROUGHT/composites/x07/y11/2025/04/01/S2L2A_medcomp_x07y11_202504_B03.tif
2025-12-01 10:05:00,181 - INFO - composites.py:432 - Write B04 -> //nas-rs.topo.auth.gr/Latomeia/DROUGHT/composites/x07/y11/2025/04/01/S2L2A_medcomp_x07y11_202504_B04.tif
2025-12-01 10:05:04,158 - INFO - composites.py:432 - Write B05 -> //nas-rs.topo.auth.gr/Latomeia/DROUGHT/composites/x07/y11/2025/04/01/S2L2A_medcomp_x07y11_202504_B05.tif
2025-12-01 10:05:08,033 - INFO - composites.py:432 - Write B07 -> //nas-rs.topo.auth.gr/Latomeia/DROUGHT/composites/x07/y11/2025/04/01/S2L2A_medcomp_x07y11_202504_B07.tif
2025-12-01 10:05:11,944 - INFO - composites.py:432 - Write B8A -> //nas-rs.topo.auth.gr/Latomeia/DROUGHT/composites/x07/y11/2025/04/01/S2L2A_medcomp_x07y11_202504_B8A.tif
2025-12-01 10:05:15,867 - INFO - composites.py:432 - Write EVI -> //nas-rs.topo.auth.gr/Latomeia/DROUGHT/composites/x07/y11/2025/04/01/S2L2A_medcomp_x07y11_202504_EVI.tif
2025-12-01 10:05:19,798 - INFO - composites.py:432 - Write NDVI -> //nas-rs.topo.auth.gr/Latomeia/DROUGHT/composites/x07/y11/2025/04/01/S2L2A_medcomp_x07y11_202504_NDVI.tif
2025-12-01 10:05:23,599 - INFO - composites.py:432 - Write PSRI2 -> //nas-rs.topo.auth.gr/Latomeia/DROUGHT/composites/x07/y11/2025/04/01/S2L2A_medcomp_x07y11_202504_PSRI2.tif
2025-12-01 10:05:23,608 - INFO - composites.py:436 - Prepare metadata YAML document
2025-12-01 10:05:24,176 - INFO - composites.py:458 - Write metadata YAML document to disk
2025-12-01 10:05:24,233 - INFO - composites.py:463 - Create datacube.model.Dataset from eo3 metadata
2025-12-01 10:05:24,244 - INFO - composites.py:476 - Index to datacube
2025-12-01 10:05:24,244 - INFO - _datasets.py:191 - Indexing dc035ed1-a105-414a-bc8f-d9b1d3d1b4e9
2025-12-01 10:05:24,253 - INFO - composites.py:479 - 
2025-12-01 10:05:24,253 - INFO - composites.py:480 -              ✔✔✔ COMPLETED: Tile x07_y11 | Time: 2025-04 | In 9.48 minutes
2025-12-01 10:05:24,253 - INFO - composites.py:481 - 
2025-12-01 10:05:24,253 - INFO - composites.py:489 - Closing Dask client
2025-12-01 10:05:24,255 - INFO - composites.py:493 - Closing Dask cluster
2025-12-01 10:05:24,255 - INFO - composites.py:494 - #######################################################################
