2025-09-01 00:10:07,650 - INFO - composites.py:102 - #######################################################################
2025-09-01 00:10:07,650 - INFO - composites.py:104 - Processing started
2025-09-01 00:10:07,650 - INFO - composites.py:105 -         Tile: x09_y11
2025-09-01 00:10:07,650 - INFO - composites.py:106 -         Time: 2023-09
2025-09-01 00:10:07,651 - INFO - composites.py:109 -                           
2025-09-01 00:10:07,651 - INFO - composites.py:110 - Establishing connection to datacube
2025-09-01 00:10:08,179 - INFO - composites.py:113 -                           
2025-09-01 00:10:08,180 - INFO - composites.py:114 - Sanity test: Check if dataset already exists in the datacube
2025-09-01 00:10:08,200 - INFO - composites.py:133 - The composite requested was not found and it will be computed
2025-09-01 00:10:08,200 - INFO - composites.py:136 -                                  
2025-09-01 00:10:08,200 - INFO - composites.py:137 - Initializing Dask cluster for parallelization
2025-09-01 00:10:13,123 - INFO - composites.py:161 - Dask dashboard is available at: http://127.0.0.1:8787/status
2025-09-01 00:10:13,123 - INFO - composites.py:164 - Create directories and naming conversions
2025-09-01 00:10:13,134 - INFO - composites.py:177 - Dataset location: //nas-rs.topo.auth.gr/Latomeia/DROUGHT/composites/x09/y11/2023/09/01
2025-09-01 00:10:13,134 - INFO - composites.py:180 -                           
2025-09-01 00:10:13,134 - INFO - composites.py:181 - Retrieve tile geometry
2025-09-01 00:10:13,163 - INFO - composites.py:192 - Create the Bounding Box (φ,λ)
2025-09-01 00:10:13,163 - INFO - composites.py:198 - Create the Bounding Box (x,y)
2025-09-01 00:10:13,163 - INFO - composites.py:211 -                           
2025-09-01 00:10:13,163 - INFO - composites.py:212 - Connect to Planetary Computer STAC Catalog
2025-09-01 00:10:13,374 - INFO - composites.py:220 - Search the STAC Catalog
2025-09-01 00:10:13,444 - INFO - composites.py:232 -         Query parameters:
2025-09-01 00:10:13,444 - INFO - composites.py:233 -             url:          https://planetarycomputer.microsoft.com/api/stac/v1/search
2025-09-01 00:10:13,444 - INFO - composites.py:234 -             client:       microsoft-pc
2025-09-01 00:10:13,444 - INFO - composites.py:235 -             collection:   sentinel-2-l2a
2025-09-01 00:10:13,444 - INFO - composites.py:236 -             bbox:         (22.011426495899283, 38.22146676750315, 22.68270270334575, 38.770538011403985)
2025-09-01 00:10:13,444 - INFO - composites.py:237 -             time range:   2023-09-01T00:00:00Z/2023-09-30T23:59:59Z
2025-09-01 00:10:13,444 - INFO - composites.py:238 -             cloud cover:  0% - 70%
2025-09-01 00:10:13,444 - INFO - composites.py:239 -             nodata cover: 0% - 33%
2025-09-01 00:10:13,444 - INFO - composites.py:241 -                           
2025-09-01 00:10:13,444 - INFO - composites.py:242 - Searching...
2025-09-01 00:10:13,931 - INFO - composites.py:245 - Query found 31 items
2025-09-01 00:10:13,931 - INFO - composites.py:247 - Searching for GRI REFINED scenes:
2025-09-01 00:10:18,484 - INFO - sentinel2.py:78 - 1/31 - S2B_MSIL2A_20230930T091709_R093_T34SFJ_20230930T152451 -> REFINED
2025-09-01 00:10:24,468 - INFO - sentinel2.py:78 - 2/31 - S2B_MSIL2A_20230930T091709_R093_T34SEJ_20230930T151855 -> REFINED
2025-09-01 00:10:29,349 - INFO - sentinel2.py:78 - 3/31 - S2B_MSIL2A_20230930T091709_R093_T34SEH_20241026T053021 -> REFINED
2025-09-01 00:10:33,724 - INFO - sentinel2.py:78 - 4/31 - S2B_MSIL2A_20230930T091709_R093_T34SEH_20230930T161730 -> REFINED
2025-09-01 00:10:38,988 - INFO - sentinel2.py:78 - 5/31 - S2A_MSIL2A_20230925T092031_R093_T34SFJ_20230925T151652 -> REFINED
2025-09-01 00:10:43,775 - INFO - sentinel2.py:78 - 6/31 - S2A_MSIL2A_20230925T092031_R093_T34SFH_20230925T162744 -> REFINED
2025-09-01 00:10:48,632 - INFO - sentinel2.py:78 - 7/31 - S2A_MSIL2A_20230925T092031_R093_T34SEH_20230925T151901 -> REFINED
2025-09-01 00:10:53,526 - INFO - sentinel2.py:78 - 8/31 - S2B_MSIL2A_20230920T091649_R093_T34SFJ_20241027T071431 -> REFINED
2025-09-01 00:10:58,501 - INFO - sentinel2.py:78 - 9/31 - S2B_MSIL2A_20230920T091649_R093_T34SFJ_20230920T152936 -> REFINED
2025-09-01 00:11:03,513 - INFO - sentinel2.py:78 - 10/31 - S2B_MSIL2A_20230920T091649_R093_T34SFH_20241027T071431 -> REFINED
2025-09-01 00:11:08,413 - INFO - sentinel2.py:78 - 11/31 - S2B_MSIL2A_20230920T091649_R093_T34SFH_20230920T161021 -> REFINED
2025-09-01 00:11:13,324 - INFO - sentinel2.py:78 - 12/31 - S2B_MSIL2A_20230920T091649_R093_T34SEJ_20241027T071431 -> REFINED
2025-09-01 00:11:17,824 - INFO - sentinel2.py:78 - 13/31 - S2B_MSIL2A_20230920T091649_R093_T34SEJ_20230920T162411 -> REFINED
2025-09-01 00:11:23,147 - INFO - sentinel2.py:78 - 14/31 - S2B_MSIL2A_20230920T091649_R093_T34SEH_20241027T071431 -> REFINED
2025-09-01 00:11:27,892 - INFO - sentinel2.py:78 - 15/31 - S2B_MSIL2A_20230920T091649_R093_T34SEH_20230920T152928 -> REFINED
2025-09-01 00:11:33,234 - INFO - sentinel2.py:78 - 16/31 - S2A_MSIL2A_20230915T092031_R093_T34SFJ_20240908T124156 -> REFINED
2025-09-01 00:11:38,593 - INFO - sentinel2.py:78 - 17/31 - S2A_MSIL2A_20230915T092031_R093_T34SFJ_20230915T164756 -> REFINED
2025-09-01 00:11:43,011 - INFO - sentinel2.py:78 - 18/31 - S2A_MSIL2A_20230915T092031_R093_T34SFH_20240908T124156 -> REFINED
2025-09-01 00:11:47,430 - INFO - sentinel2.py:78 - 19/31 - S2A_MSIL2A_20230915T092031_R093_T34SFH_20230915T170328 -> REFINED
2025-09-01 00:11:51,668 - INFO - sentinel2.py:78 - 20/31 - S2A_MSIL2A_20230915T092031_R093_T34SEJ_20240908T124156 -> REFINED
2025-09-01 00:11:57,052 - INFO - sentinel2.py:78 - 21/31 - S2A_MSIL2A_20230915T092031_R093_T34SEJ_20230915T171407 -> REFINED
2025-09-01 00:12:01,904 - INFO - sentinel2.py:78 - 22/31 - S2A_MSIL2A_20230915T092031_R093_T34SEH_20240908T124156 -> REFINED
2025-09-01 00:12:07,287 - INFO - sentinel2.py:78 - 23/31 - S2A_MSIL2A_20230915T092031_R093_T34SEH_20230915T164753 -> REFINED
2025-09-01 00:12:13,011 - INFO - sentinel2.py:78 - 24/31 - S2B_MSIL2A_20230910T091559_R093_T34SFJ_20241024T012616 -> REFINED
2025-09-01 00:12:17,574 - INFO - sentinel2.py:78 - 25/31 - S2B_MSIL2A_20230910T091559_R093_T34SFJ_20230910T163024 -> REFINED
2025-09-01 00:12:22,841 - INFO - sentinel2.py:78 - 26/31 - S2B_MSIL2A_20230910T091559_R093_T34SFH_20241024T012616 -> REFINED
2025-09-01 00:12:28,220 - INFO - sentinel2.py:78 - 27/31 - S2B_MSIL2A_20230910T091559_R093_T34SFH_20230910T162404 -> REFINED
2025-09-01 00:12:34,012 - INFO - sentinel2.py:78 - 28/31 - S2B_MSIL2A_20230910T091559_R093_T34SEJ_20241024T012616 -> REFINED
2025-09-01 00:12:39,586 - INFO - sentinel2.py:78 - 29/31 - S2B_MSIL2A_20230910T091559_R093_T34SEJ_20230910T161436 -> REFINED
2025-09-01 00:12:44,544 - INFO - sentinel2.py:78 - 30/31 - S2B_MSIL2A_20230910T091559_R093_T34SEH_20241024T012616 -> REFINED
2025-09-01 00:12:48,976 - INFO - sentinel2.py:78 - 31/31 - S2B_MSIL2A_20230910T091559_R093_T34SEH_20230910T173002 -> REFINED
2025-09-01 00:12:49,020 - INFO - composites.py:250 -                                  
2025-09-01 00:12:49,020 - INFO - composites.py:251 - 31/31 were refined by GRI.
2025-09-01 00:12:49,020 - INFO - composites.py:263 - Looking for up to 10 cleanest images within spatiotemporal range of each MGRS tile
2025-09-01 00:12:49,021 - INFO - composites.py:277 - Filtered cleanest scenes: Kept 31 out of 31 items. 
2025-09-01 00:12:49,021 - INFO - composites.py:278 -         Included MGRS Tiles: ['34SEH' '34SEJ' '34SFH' '34SFJ']
2025-09-01 00:12:49,021 - INFO - composites.py:279 -         Included EPSG codes: [32634]
2025-09-01 00:12:49,022 - INFO - composites.py:281 - Selected scenes:
2025-09-01 00:12:49,022 - INFO - composites.py:283 -         S2B_MSIL2A_20230910T091559_R093_T34SEH_20230910T173002
2025-09-01 00:12:49,022 - INFO - composites.py:283 -         S2B_MSIL2A_20230910T091559_R093_T34SEH_20241024T012616
2025-09-01 00:12:49,028 - INFO - composites.py:283 -         S2A_MSIL2A_20230915T092031_R093_T34SEH_20240908T124156
2025-09-01 00:12:49,029 - INFO - composites.py:283 -         S2A_MSIL2A_20230915T092031_R093_T34SEH_20230915T164753
2025-09-01 00:12:49,029 - INFO - composites.py:283 -         S2B_MSIL2A_20230920T091649_R093_T34SEH_20241027T071431
2025-09-01 00:12:49,029 - INFO - composites.py:283 -         S2B_MSIL2A_20230920T091649_R093_T34SEH_20230920T152928
2025-09-01 00:12:49,029 - INFO - composites.py:283 -         S2A_MSIL2A_20230925T092031_R093_T34SEH_20230925T151901
2025-09-01 00:12:49,029 - INFO - composites.py:283 -         S2B_MSIL2A_20230930T091709_R093_T34SEH_20241026T053021
2025-09-01 00:12:49,029 - INFO - composites.py:283 -         S2B_MSIL2A_20230930T091709_R093_T34SEH_20230930T161730
2025-09-01 00:12:49,029 - INFO - composites.py:283 -         S2B_MSIL2A_20230910T091559_R093_T34SEJ_20241024T012616
2025-09-01 00:12:49,029 - INFO - composites.py:283 -         S2B_MSIL2A_20230910T091559_R093_T34SEJ_20230910T161436
2025-09-01 00:12:49,029 - INFO - composites.py:283 -         S2A_MSIL2A_20230915T092031_R093_T34SEJ_20240908T124156
2025-09-01 00:12:49,030 - INFO - composites.py:283 -         S2A_MSIL2A_20230915T092031_R093_T34SEJ_20230915T171407
2025-09-01 00:12:49,030 - INFO - composites.py:283 -         S2B_MSIL2A_20230920T091649_R093_T34SEJ_20230920T162411
2025-09-01 00:12:49,030 - INFO - composites.py:283 -         S2B_MSIL2A_20230920T091649_R093_T34SEJ_20241027T071431
2025-09-01 00:12:49,030 - INFO - composites.py:283 -         S2B_MSIL2A_20230930T091709_R093_T34SEJ_20230930T151855
2025-09-01 00:12:49,030 - INFO - composites.py:283 -         S2A_MSIL2A_20230915T092031_R093_T34SFH_20240908T124156
2025-09-01 00:12:49,030 - INFO - composites.py:283 -         S2B_MSIL2A_20230910T091559_R093_T34SFH_20241024T012616
2025-09-01 00:12:49,030 - INFO - composites.py:283 -         S2B_MSIL2A_20230910T091559_R093_T34SFH_20230910T162404
2025-09-01 00:12:49,030 - INFO - composites.py:283 -         S2A_MSIL2A_20230915T092031_R093_T34SFH_20230915T170328
2025-09-01 00:12:49,030 - INFO - composites.py:283 -         S2B_MSIL2A_20230920T091649_R093_T34SFH_20230920T161021
2025-09-01 00:12:49,030 - INFO - composites.py:283 -         S2B_MSIL2A_20230920T091649_R093_T34SFH_20241027T071431
2025-09-01 00:12:49,030 - INFO - composites.py:283 -         S2A_MSIL2A_20230925T092031_R093_T34SFH_20230925T162744
2025-09-01 00:12:49,030 - INFO - composites.py:283 -         S2B_MSIL2A_20230910T091559_R093_T34SFJ_20230910T163024
2025-09-01 00:12:49,030 - INFO - composites.py:283 -         S2B_MSIL2A_20230910T091559_R093_T34SFJ_20241024T012616
2025-09-01 00:12:49,030 - INFO - composites.py:283 -         S2A_MSIL2A_20230915T092031_R093_T34SFJ_20240908T124156
2025-09-01 00:12:49,030 - INFO - composites.py:283 -         S2A_MSIL2A_20230915T092031_R093_T34SFJ_20230915T164756
2025-09-01 00:12:49,030 - INFO - composites.py:283 -         S2B_MSIL2A_20230920T091649_R093_T34SFJ_20241027T071431
2025-09-01 00:12:49,030 - INFO - composites.py:283 -         S2B_MSIL2A_20230920T091649_R093_T34SFJ_20230920T152936
2025-09-01 00:12:49,030 - INFO - composites.py:283 -         S2B_MSIL2A_20230930T091709_R093_T34SFJ_20230930T152451
2025-09-01 00:12:49,030 - INFO - composites.py:283 -         S2A_MSIL2A_20230925T092031_R093_T34SFJ_20230925T151652
2025-09-01 00:12:49,475 - INFO - sentinel2.py:154 - Matplotlib backend: Agg
2025-09-01 00:12:49,773 - INFO - sentinel2.py:224 - Write input scenes footprint overlay: //nas-rs.topo.auth.gr/Latomeia/DROUGHT/composites/x09/y11/2023/09/01/S2L2A_medcomp_x09y11_202309_InDataFootprint.jpeg
2025-09-01 00:12:50,014 - INFO - composites.py:297 -                                  
2025-09-01 00:12:50,014 - INFO - composites.py:298 - Downstream STAC items from Planetary Computer
2025-09-01 00:12:50,014 - INFO - timeseries_processing.py:115 -                                  
2025-09-01 00:12:50,014 - INFO - timeseries_processing.py:116 - Loading bands of diferent resolutions in EPSG:32634
2025-09-01 00:12:50,014 - INFO - timeseries_processing.py:120 -     Filtering items with native UTM EPSG:32634
2025-09-01 00:12:50,014 - INFO - timeseries_processing.py:122 -     31 Items in EPSG:32634
2025-09-01 00:12:50,014 - INFO - timeseries_processing.py:129 -                        
2025-09-01 00:12:50,014 - INFO - timeseries_processing.py:130 -     Loading parameters:
2025-09-01 00:12:50,014 - INFO - timeseries_processing.py:131 -         Bands: ['B05', 'B07', 'B8A', 'SCL']
2025-09-01 00:12:50,014 - INFO - timeseries_processing.py:132 -         Spatial resolution: 20
2025-09-01 00:12:50,014 - INFO - timeseries_processing.py:134 -         Get Assets from STAC Items
2025-09-01 00:12:50,014 - INFO - timeseries_processing.py:47 -         Initialize the STAC client
2025-09-01 00:12:50,630 - INFO - timeseries_processing.py:137 -         Loading 31 STAC Items....
2025-09-01 00:14:34,916 - INFO - timeseries_processing.py:146 -         Cube has been downloaded
2025-09-01 00:14:34,916 - INFO - timeseries_processing.py:156 -         Fix order of dimensions
2025-09-01 00:14:34,917 - INFO - timeseries_processing.py:161 -         Append bands to the band-list of EPSG:32634
2025-09-01 00:14:34,917 - INFO - timeseries_processing.py:129 -                        
2025-09-01 00:14:34,917 - INFO - timeseries_processing.py:130 -     Loading parameters:
2025-09-01 00:14:34,920 - INFO - timeseries_processing.py:131 -         Bands: ['B02', 'B03', 'B04']
2025-09-01 00:14:34,920 - INFO - timeseries_processing.py:132 -         Spatial resolution: 10
2025-09-01 00:14:34,920 - INFO - timeseries_processing.py:134 -         Get Assets from STAC Items
2025-09-01 00:14:34,921 - INFO - timeseries_processing.py:47 -         Initialize the STAC client
2025-09-01 00:14:35,630 - INFO - timeseries_processing.py:137 -         Loading 31 STAC Items....
2025-09-01 00:17:17,926 - INFO - timeseries_processing.py:146 -         Cube has been downloaded
2025-09-01 00:17:17,926 - INFO - timeseries_processing.py:149 -         Reproject to downsample 10m bands to 20m by Resampling.average 2x2 binning and shape matching with odc.geo.GeoBox
2025-09-01 00:17:25,276 - INFO - timeseries_processing.py:161 -         Append bands to the band-list of EPSG:32634
2025-09-01 00:17:25,276 - INFO - timeseries_processing.py:165 -                        
2025-09-01 00:17:25,276 - INFO - timeseries_processing.py:166 -     Merging bands in a single dataset
2025-09-01 00:17:25,276 - INFO - timeseries_processing.py:167 -     Ensure all partial datasets are at (x=20, y=-20) resolution
2025-09-01 00:17:25,277 - INFO - timeseries_processing.py:171 -     Clip to the intersection of indexes
2025-09-01 00:17:26,272 - INFO - timeseries_processing.py:180 -     Make a list of bands to merge
2025-09-01 00:17:26,274 - INFO - timeseries_processing.py:184 -     Merge on intersection
2025-09-01 00:17:26,275 - INFO - timeseries_processing.py:192 -     Apply masks on clouds, shadows, thin cirrus, and snow/ice
2025-09-01 00:17:26,275 - INFO - sentinel2.py:122 -                Masking bits: [3, 7, 8, 9, 10, 11]
2025-09-01 00:17:26,867 - INFO - composites.py:307 - Reproject from UTM Zone to Tile geometry -> CRS(EPSG:32634), Resampling.bilinear
2025-09-01 00:17:30,324 - INFO - composites.py:310 -     New shape of datasets: Shape2d(x=2400, y=2400)
2025-09-01 00:17:30,912 - INFO - composites.py:329 - Scale SR to Sen2Cor Baseline 4.00 - Subtract 1000 in dates post 2022-01-25
2025-09-01 00:17:31,732 - INFO - composites.py:342 - Creating preview plot of input scenes
2025-09-01 00:17:54,556 - INFO - timeseries_processing.py:349 - Saved preview for 'B04' to //nas-rs.topo.auth.gr/Latomeia/DROUGHT/composites/x09/y11/2023/09/01/S2L2A_medcomp_x09y11_202309_InDataPreview.jpeg
2025-09-01 00:17:54,576 - INFO - composites.py:348 - Clip value range
2025-09-01 00:17:55,583 - INFO - composites.py:353 -                           
2025-09-01 00:17:55,593 - INFO - composites.py:354 - Computing spectral indices:
2025-09-01 00:17:55,593 - INFO - composites.py:357 -     EVI...
2025-09-01 00:17:56,238 - INFO - composites.py:359 -     NDVI...
2025-09-01 00:17:56,421 - INFO - composites.py:361 -     PSRI2...
2025-09-01 00:17:56,555 - INFO - composites.py:364 - Clip to typical value range
2025-09-01 00:17:56,747 - INFO - composites.py:371 - Reducing to median value temporal composite
2025-09-01 00:18:21,863 - INFO - composites.py:390 - Scale and Define data types & nodata per band
2025-09-01 00:18:21,965 - INFO - composites.py:411 - Assign time range and tile ID in metadata
2025-09-01 00:18:21,966 - INFO - composites.py:419 - Write bands to raster COG files
2025-09-01 00:18:25,872 - INFO - composites.py:432 - Write B02 -> //nas-rs.topo.auth.gr/Latomeia/DROUGHT/composites/x09/y11/2023/09/01/S2L2A_medcomp_x09y11_202309_B02.tif
2025-09-01 00:18:29,687 - INFO - composites.py:432 - Write B03 -> //nas-rs.topo.auth.gr/Latomeia/DROUGHT/composites/x09/y11/2023/09/01/S2L2A_medcomp_x09y11_202309_B03.tif
2025-09-01 00:18:33,596 - INFO - composites.py:432 - Write B04 -> //nas-rs.topo.auth.gr/Latomeia/DROUGHT/composites/x09/y11/2023/09/01/S2L2A_medcomp_x09y11_202309_B04.tif
2025-09-01 00:18:37,460 - INFO - composites.py:432 - Write B05 -> //nas-rs.topo.auth.gr/Latomeia/DROUGHT/composites/x09/y11/2023/09/01/S2L2A_medcomp_x09y11_202309_B05.tif
2025-09-01 00:18:41,320 - INFO - composites.py:432 - Write B07 -> //nas-rs.topo.auth.gr/Latomeia/DROUGHT/composites/x09/y11/2023/09/01/S2L2A_medcomp_x09y11_202309_B07.tif
2025-09-01 00:18:45,195 - INFO - composites.py:432 - Write B8A -> //nas-rs.topo.auth.gr/Latomeia/DROUGHT/composites/x09/y11/2023/09/01/S2L2A_medcomp_x09y11_202309_B8A.tif
2025-09-01 00:18:48,960 - INFO - composites.py:432 - Write EVI -> //nas-rs.topo.auth.gr/Latomeia/DROUGHT/composites/x09/y11/2023/09/01/S2L2A_medcomp_x09y11_202309_EVI.tif
2025-09-01 00:18:52,834 - INFO - composites.py:432 - Write NDVI -> //nas-rs.topo.auth.gr/Latomeia/DROUGHT/composites/x09/y11/2023/09/01/S2L2A_medcomp_x09y11_202309_NDVI.tif
2025-09-01 00:18:56,655 - INFO - composites.py:432 - Write PSRI2 -> //nas-rs.topo.auth.gr/Latomeia/DROUGHT/composites/x09/y11/2023/09/01/S2L2A_medcomp_x09y11_202309_PSRI2.tif
2025-09-01 00:18:56,657 - INFO - composites.py:436 - Prepare metadata YAML document
2025-09-01 00:18:57,165 - INFO - composites.py:458 - Write metadata YAML document to disk
2025-09-01 00:18:57,223 - INFO - composites.py:463 - Create datacube.model.Dataset from eo3 metadata
2025-09-01 00:18:57,234 - INFO - composites.py:476 - Index to datacube
2025-09-01 00:18:57,234 - INFO - _datasets.py:191 - Indexing 9a966d9d-b3bb-4345-aad4-ba9a5baac928
2025-09-01 00:18:57,243 - INFO - composites.py:479 - 
2025-09-01 00:18:57,243 - INFO - composites.py:480 -              ✔✔✔ COMPLETED: Tile x09_y11 | Time: 2023-09 | In 8.83 minutes
2025-09-01 00:18:57,243 - INFO - composites.py:481 - 
2025-09-01 00:18:57,244 - INFO - composites.py:489 - Closing Dask client
2025-09-01 00:18:57,246 - INFO - composites.py:493 - Closing Dask cluster
2025-09-01 00:18:57,246 - INFO - composites.py:494 - #######################################################################
