2025-11-30 16:55:48,283 - INFO - composites.py:102 - #######################################################################
2025-11-30 16:55:48,283 - INFO - composites.py:104 - Processing started
2025-11-30 16:55:48,283 - INFO - composites.py:105 -         Tile: x07_y11
2025-11-30 16:55:48,283 - INFO - composites.py:106 -         Time: 2021-02
2025-11-30 16:55:48,283 - INFO - composites.py:109 -                           
2025-11-30 16:55:48,283 - INFO - composites.py:110 - Establishing connection to datacube
2025-11-30 16:55:48,837 - INFO - composites.py:113 -                           
2025-11-30 16:55:48,837 - INFO - composites.py:114 - Sanity test: Check if dataset already exists in the datacube
2025-11-30 16:55:48,863 - INFO - composites.py:133 - The composite requested was not found and it will be computed
2025-11-30 16:55:48,863 - INFO - composites.py:136 -                                  
2025-11-30 16:55:48,863 - INFO - composites.py:137 - Initializing Dask cluster for parallelization
2025-11-30 16:55:54,157 - INFO - composites.py:161 - Dask dashboard is available at: http://127.0.0.1:8787/status
2025-11-30 16:55:54,157 - INFO - composites.py:164 - Create directories and naming conversions
2025-11-30 16:55:54,169 - INFO - composites.py:177 - Dataset location: //nas-rs.topo.auth.gr/Latomeia/DROUGHT/composites/x07/y11/2021/02/01
2025-11-30 16:55:54,169 - INFO - composites.py:180 -                           
2025-11-30 16:55:54,169 - INFO - composites.py:181 - Retrieve tile geometry
2025-11-30 16:55:54,199 - INFO - composites.py:192 - Create the Bounding Box (φ,λ)
2025-11-30 16:55:54,199 - INFO - composites.py:198 - Create the Bounding Box (x,y)
2025-11-30 16:55:54,199 - INFO - composites.py:211 -                           
2025-11-30 16:55:54,201 - INFO - composites.py:212 - Connect to Planetary Computer STAC Catalog
2025-11-30 16:55:54,476 - INFO - composites.py:220 - Search the STAC Catalog
2025-11-30 16:55:54,549 - INFO - composites.py:232 -         Query parameters:
2025-11-30 16:55:54,549 - INFO - composites.py:233 -             url:          https://planetarycomputer.microsoft.com/api/stac/v1/search
2025-11-30 16:55:54,549 - INFO - composites.py:234 -             client:       microsoft-pc
2025-11-30 16:55:54,549 - INFO - composites.py:235 -             collection:   sentinel-2-l2a
2025-11-30 16:55:54,549 - INFO - composites.py:236 -             bbox:         (20.928573606105775, 38.35819969704171, 21.59502923200265, 38.902149455513275)
2025-11-30 16:55:54,549 - INFO - composites.py:237 -             time range:   2021-02-01T00:00:00Z/2021-02-28T23:59:59Z
2025-11-30 16:55:54,549 - INFO - composites.py:238 -             cloud cover:  0% - 70%
2025-11-30 16:55:54,549 - INFO - composites.py:239 -             nodata cover: 0% - 33%
2025-11-30 16:55:54,549 - INFO - composites.py:241 -                           
2025-11-30 16:55:54,549 - INFO - composites.py:242 - Searching...
2025-11-30 16:55:55,052 - INFO - composites.py:245 - Query found 19 items
2025-11-30 16:55:55,052 - INFO - composites.py:247 - Searching for GRI REFINED scenes:
2025-11-30 16:56:02,764 - INFO - sentinel2.py:78 - 1/19 - S2A_MSIL2A_20210227T092031_R093_T34SEJ_20210227T204444 -> Not Found
2025-11-30 16:56:11,199 - INFO - sentinel2.py:78 - 2/19 - S2A_MSIL2A_20210227T092031_R093_T34SEH_20210227T195821 -> Not Found
2025-11-30 16:56:20,773 - INFO - sentinel2.py:78 - 3/19 - S2A_MSIL2A_20210227T092031_R093_T34SDH_20210227T203753 -> Not Found
2025-11-30 16:56:29,087 - INFO - sentinel2.py:78 - 4/19 - S2B_MSIL2A_20210225T093029_R136_T34SDJ_20210226T001127 -> Not Found
2025-11-30 16:56:36,651 - INFO - sentinel2.py:78 - 5/19 - S2B_MSIL2A_20210225T093029_R136_T34SDH_20210225T225939 -> Not Found
2025-11-30 16:56:45,031 - INFO - sentinel2.py:78 - 6/19 - S2B_MSIL2A_20210222T092029_R093_T34SEJ_20210222T220649 -> Not Found
2025-11-30 16:56:55,052 - INFO - sentinel2.py:78 - 7/19 - S2B_MSIL2A_20210222T092029_R093_T34SEH_20210222T211250 -> Not Found
2025-11-30 16:57:03,534 - INFO - sentinel2.py:78 - 8/19 - S2B_MSIL2A_20210222T092029_R093_T34SDH_20210222T215359 -> Not Found
2025-11-30 16:57:12,010 - INFO - sentinel2.py:78 - 9/19 - S2A_MSIL2A_20210220T093031_R136_T34SDH_20210220T190117 -> Not Found
2025-11-30 16:57:20,444 - INFO - sentinel2.py:78 - 10/19 - S2A_MSIL2A_20210217T092041_R093_T34SEJ_20210219T070726 -> Not Found
2025-11-30 16:57:29,083 - INFO - sentinel2.py:78 - 11/19 - S2A_MSIL2A_20210217T092041_R093_T34SEH_20210219T062013 -> Not Found
2025-11-30 16:57:37,315 - INFO - sentinel2.py:78 - 12/19 - S2A_MSIL2A_20210217T092041_R093_T34SDH_20210219T070640 -> Not Found
2025-11-30 16:57:45,335 - INFO - sentinel2.py:78 - 13/19 - S2B_MSIL2A_20210215T093029_R136_T34SDJ_20210215T214658 -> Not Found
2025-11-30 16:57:55,445 - INFO - sentinel2.py:78 - 14/19 - S2B_MSIL2A_20210212T092029_R093_T34SEJ_20210213T054531 -> Not Found
2025-11-30 16:58:02,968 - INFO - sentinel2.py:78 - 15/19 - S2B_MSIL2A_20210212T092029_R093_T34SEH_20210213T032300 -> Not Found
2025-11-30 16:58:10,513 - INFO - sentinel2.py:78 - 16/19 - S2B_MSIL2A_20210212T092029_R093_T34SDH_20210213T023235 -> Not Found
2025-11-30 16:58:19,493 - INFO - sentinel2.py:78 - 17/19 - S2A_MSIL2A_20210210T093131_R136_T34SDH_20210211T221224 -> Not Found
2025-11-30 16:58:27,872 - INFO - sentinel2.py:78 - 18/19 - S2A_MSIL2A_20210207T092141_R093_T34SEH_20210207T191103 -> Not Found
2025-11-30 16:58:36,901 - INFO - sentinel2.py:78 - 19/19 - S2B_MSIL2A_20210205T093059_R136_T34SDJ_20210206T065317 -> Not Found
2025-11-30 16:58:36,977 - INFO - composites.py:250 -                                  
2025-11-30 16:58:36,977 - INFO - composites.py:251 - 0/19 were refined by GRI.
2025-11-30 16:58:36,977 - WARNING - composites.py:255 - Tile x07_y11 | Time: 2021-02: All scenes are flagged NOT REFINED.
2025-11-30 16:58:36,977 - WARNING - composites.py:256 - Tile x07_y11 | Time: 2021-02: The composite will be flagged with _NOREFINED.
2025-11-30 16:58:36,977 - INFO - composites.py:263 - Looking for up to 7 cleanest images within spatiotemporal range of each MGRS tile
2025-11-30 16:58:36,979 - INFO - composites.py:277 - Filtered cleanest scenes: Kept 19 out of 19 items. 
2025-11-30 16:58:36,979 - INFO - composites.py:278 -         Included MGRS Tiles: ['34SDH' '34SDJ' '34SEH' '34SEJ']
2025-11-30 16:58:36,979 - INFO - composites.py:279 -         Included EPSG codes: [32634]
2025-11-30 16:58:36,980 - INFO - composites.py:281 - Selected scenes:
2025-11-30 16:58:36,980 - INFO - composites.py:283 -         S2B_MSIL2A_20210222T092029_R093_T34SDH_20210222T215359
2025-11-30 16:58:36,981 - INFO - composites.py:283 -         S2A_MSIL2A_20210227T092031_R093_T34SDH_20210227T203753
2025-11-30 16:58:36,981 - INFO - composites.py:283 -         S2B_MSIL2A_20210212T092029_R093_T34SDH_20210213T023235
2025-11-30 16:58:36,981 - INFO - composites.py:283 -         S2B_MSIL2A_20210225T093029_R136_T34SDH_20210225T225939
2025-11-30 16:58:36,981 - INFO - composites.py:283 -         S2A_MSIL2A_20210217T092041_R093_T34SDH_20210219T070640
2025-11-30 16:58:36,982 - INFO - composites.py:283 -         S2A_MSIL2A_20210220T093031_R136_T34SDH_20210220T190117
2025-11-30 16:58:36,982 - INFO - composites.py:283 -         S2A_MSIL2A_20210210T093131_R136_T34SDH_20210211T221224
2025-11-30 16:58:36,982 - INFO - composites.py:283 -         S2B_MSIL2A_20210215T093029_R136_T34SDJ_20210215T214658
2025-11-30 16:58:36,982 - INFO - composites.py:283 -         S2B_MSIL2A_20210225T093029_R136_T34SDJ_20210226T001127
2025-11-30 16:58:36,982 - INFO - composites.py:283 -         S2B_MSIL2A_20210205T093059_R136_T34SDJ_20210206T065317
2025-11-30 16:58:36,982 - INFO - composites.py:283 -         S2A_MSIL2A_20210227T092031_R093_T34SEH_20210227T195821
2025-11-30 16:58:36,982 - INFO - composites.py:283 -         S2A_MSIL2A_20210217T092041_R093_T34SEH_20210219T062013
2025-11-30 16:58:36,982 - INFO - composites.py:283 -         S2B_MSIL2A_20210222T092029_R093_T34SEH_20210222T211250
2025-11-30 16:58:36,982 - INFO - composites.py:283 -         S2B_MSIL2A_20210212T092029_R093_T34SEH_20210213T032300
2025-11-30 16:58:36,982 - INFO - composites.py:283 -         S2A_MSIL2A_20210207T092141_R093_T34SEH_20210207T191103
2025-11-30 16:58:36,982 - INFO - composites.py:283 -         S2A_MSIL2A_20210227T092031_R093_T34SEJ_20210227T204444
2025-11-30 16:58:36,982 - INFO - composites.py:283 -         S2A_MSIL2A_20210217T092041_R093_T34SEJ_20210219T070726
2025-11-30 16:58:36,982 - INFO - composites.py:283 -         S2B_MSIL2A_20210222T092029_R093_T34SEJ_20210222T220649
2025-11-30 16:58:36,982 - INFO - composites.py:283 -         S2B_MSIL2A_20210212T092029_R093_T34SEJ_20210213T054531
2025-11-30 16:58:37,353 - INFO - sentinel2.py:154 - Matplotlib backend: Agg
2025-11-30 16:58:37,675 - INFO - sentinel2.py:224 - Write input scenes footprint overlay: //nas-rs.topo.auth.gr/Latomeia/DROUGHT/composites/x07/y11/2021/02/01/S2L2A_medcomp_x07y11_202102_InDataFootprint.jpeg
2025-11-30 16:58:37,916 - INFO - composites.py:297 -                                  
2025-11-30 16:58:37,916 - INFO - composites.py:298 - Downstream STAC items from Planetary Computer
2025-11-30 16:58:37,916 - INFO - timeseries_processing.py:115 -                                  
2025-11-30 16:58:37,916 - INFO - timeseries_processing.py:116 - Loading bands of diferent resolutions in EPSG:32634
2025-11-30 16:58:37,916 - INFO - timeseries_processing.py:120 -     Filtering items with native UTM EPSG:32634
2025-11-30 16:58:37,916 - INFO - timeseries_processing.py:122 -     19 Items in EPSG:32634
2025-11-30 16:58:37,917 - INFO - timeseries_processing.py:129 -                        
2025-11-30 16:58:37,917 - INFO - timeseries_processing.py:130 -     Loading parameters:
2025-11-30 16:58:37,917 - INFO - timeseries_processing.py:131 -         Bands: ['B05', 'B07', 'B8A', 'SCL']
2025-11-30 16:58:37,917 - INFO - timeseries_processing.py:132 -         Spatial resolution: 20
2025-11-30 16:58:37,917 - INFO - timeseries_processing.py:134 -         Get Assets from STAC Items
2025-11-30 16:58:37,917 - INFO - timeseries_processing.py:47 -         Initialize the STAC client
2025-11-30 16:58:38,659 - INFO - timeseries_processing.py:137 -         Loading 19 STAC Items....
2025-11-30 17:00:01,135 - INFO - timeseries_processing.py:146 -         Cube has been downloaded
2025-11-30 17:00:01,135 - INFO - timeseries_processing.py:156 -         Fix order of dimensions
2025-11-30 17:00:01,137 - INFO - timeseries_processing.py:161 -         Append bands to the band-list of EPSG:32634
2025-11-30 17:00:01,137 - INFO - timeseries_processing.py:129 -                        
2025-11-30 17:00:01,137 - INFO - timeseries_processing.py:130 -     Loading parameters:
2025-11-30 17:00:01,143 - INFO - timeseries_processing.py:131 -         Bands: ['B02', 'B03', 'B04']
2025-11-30 17:00:01,143 - INFO - timeseries_processing.py:132 -         Spatial resolution: 10
2025-11-30 17:00:01,143 - INFO - timeseries_processing.py:134 -         Get Assets from STAC Items
2025-11-30 17:00:01,143 - INFO - timeseries_processing.py:47 -         Initialize the STAC client
2025-11-30 17:00:01,841 - INFO - timeseries_processing.py:137 -         Loading 19 STAC Items....
2025-11-30 17:03:10,727 - INFO - timeseries_processing.py:146 -         Cube has been downloaded
2025-11-30 17:03:10,727 - INFO - timeseries_processing.py:149 -         Reproject to downsample 10m bands to 20m by Resampling.average 2x2 binning and shape matching with odc.geo.GeoBox
2025-11-30 17:03:23,885 - INFO - timeseries_processing.py:161 -         Append bands to the band-list of EPSG:32634
2025-11-30 17:03:23,888 - INFO - timeseries_processing.py:165 -                        
2025-11-30 17:03:23,888 - INFO - timeseries_processing.py:166 -     Merging bands in a single dataset
2025-11-30 17:03:23,888 - INFO - timeseries_processing.py:167 -     Ensure all partial datasets are at (x=20, y=-20) resolution
2025-11-30 17:03:23,888 - INFO - timeseries_processing.py:171 -     Clip to the intersection of indexes
2025-11-30 17:03:25,209 - INFO - timeseries_processing.py:180 -     Make a list of bands to merge
2025-11-30 17:03:25,211 - INFO - timeseries_processing.py:184 -     Merge on intersection
2025-11-30 17:03:25,211 - INFO - timeseries_processing.py:192 -     Apply masks on clouds, shadows, thin cirrus, and snow/ice
2025-11-30 17:03:25,211 - INFO - sentinel2.py:122 -                Masking bits: [3, 7, 8, 9, 10, 11]
2025-11-30 17:03:26,457 - INFO - composites.py:307 - Reproject from UTM Zone to Tile geometry -> CRS(EPSG:32634), Resampling.bilinear
2025-11-30 17:03:33,219 - INFO - composites.py:310 -     New shape of datasets: Shape2d(x=2400, y=2400)
2025-11-30 17:03:33,854 - INFO - composites.py:342 - Creating preview plot of input scenes
2025-11-30 17:04:07,128 - INFO - timeseries_processing.py:349 - Saved preview for 'B04' to //nas-rs.topo.auth.gr/Latomeia/DROUGHT/composites/x07/y11/2021/02/01/S2L2A_medcomp_x07y11_202102_InDataPreview.jpeg
2025-11-30 17:04:07,139 - INFO - composites.py:348 - Clip value range
2025-11-30 17:04:09,081 - INFO - composites.py:353 -                           
2025-11-30 17:04:09,084 - INFO - composites.py:354 - Computing spectral indices:
2025-11-30 17:04:09,084 - INFO - composites.py:357 -     EVI...
2025-11-30 17:04:10,292 - INFO - composites.py:359 -     NDVI...
2025-11-30 17:04:10,795 - INFO - composites.py:361 -     PSRI2...
2025-11-30 17:04:11,077 - INFO - composites.py:364 - Clip to typical value range
2025-11-30 17:04:11,482 - INFO - composites.py:371 - Reducing to median value temporal composite
2025-11-30 17:04:41,648 - INFO - composites.py:390 - Scale and Define data types & nodata per band
2025-11-30 17:04:41,788 - INFO - composites.py:411 - Assign time range and tile ID in metadata
2025-11-30 17:04:41,788 - INFO - composites.py:419 - Write bands to raster COG files
2025-11-30 17:04:45,700 - INFO - composites.py:432 - Write B02 -> //nas-rs.topo.auth.gr/Latomeia/DROUGHT/composites/x07/y11/2021/02/01/S2L2A_medcomp_x07y11_202102_B02.tif
2025-11-30 17:04:49,691 - INFO - composites.py:432 - Write B03 -> //nas-rs.topo.auth.gr/Latomeia/DROUGHT/composites/x07/y11/2021/02/01/S2L2A_medcomp_x07y11_202102_B03.tif
2025-11-30 17:04:53,629 - INFO - composites.py:432 - Write B04 -> //nas-rs.topo.auth.gr/Latomeia/DROUGHT/composites/x07/y11/2021/02/01/S2L2A_medcomp_x07y11_202102_B04.tif
2025-11-30 17:04:57,631 - INFO - composites.py:432 - Write B05 -> //nas-rs.topo.auth.gr/Latomeia/DROUGHT/composites/x07/y11/2021/02/01/S2L2A_medcomp_x07y11_202102_B05.tif
2025-11-30 17:05:01,567 - INFO - composites.py:432 - Write B07 -> //nas-rs.topo.auth.gr/Latomeia/DROUGHT/composites/x07/y11/2021/02/01/S2L2A_medcomp_x07y11_202102_B07.tif
2025-11-30 17:05:05,702 - INFO - composites.py:432 - Write B8A -> //nas-rs.topo.auth.gr/Latomeia/DROUGHT/composites/x07/y11/2021/02/01/S2L2A_medcomp_x07y11_202102_B8A.tif
2025-11-30 17:05:09,577 - INFO - composites.py:432 - Write EVI -> //nas-rs.topo.auth.gr/Latomeia/DROUGHT/composites/x07/y11/2021/02/01/S2L2A_medcomp_x07y11_202102_EVI.tif
2025-11-30 17:05:13,545 - INFO - composites.py:432 - Write NDVI -> //nas-rs.topo.auth.gr/Latomeia/DROUGHT/composites/x07/y11/2021/02/01/S2L2A_medcomp_x07y11_202102_NDVI.tif
2025-11-30 17:05:17,333 - INFO - composites.py:432 - Write PSRI2 -> //nas-rs.topo.auth.gr/Latomeia/DROUGHT/composites/x07/y11/2021/02/01/S2L2A_medcomp_x07y11_202102_PSRI2.tif
2025-11-30 17:05:17,348 - INFO - composites.py:436 - Prepare metadata YAML document
2025-11-30 17:05:17,884 - INFO - composites.py:458 - Write metadata YAML document to disk
2025-11-30 17:05:17,951 - INFO - composites.py:463 - Create datacube.model.Dataset from eo3 metadata
2025-11-30 17:05:17,961 - INFO - composites.py:476 - Index to datacube
2025-11-30 17:05:17,961 - INFO - _datasets.py:191 - Indexing 493b36bd-6123-4c04-9df4-c91cf3ea2931
2025-11-30 17:05:17,970 - INFO - composites.py:479 - 
2025-11-30 17:05:17,970 - INFO - composites.py:480 -              ✔✔✔ COMPLETED: Tile x07_y11 | Time: 2021-02 | In 9.49 minutes
2025-11-30 17:05:17,970 - INFO - composites.py:481 - 
2025-11-30 17:05:17,970 - INFO - composites.py:489 - Closing Dask client
2025-11-30 17:05:17,971 - INFO - composites.py:493 - Closing Dask cluster
2025-11-30 17:05:17,971 - INFO - composites.py:494 - #######################################################################
