2025-08-30 14:36:24,959 - INFO - composites.py:102 - #######################################################################
2025-08-30 14:36:24,959 - INFO - composites.py:104 - Processing started
2025-08-30 14:36:24,959 - INFO - composites.py:105 -         Tile: x10_y10
2025-08-30 14:36:24,959 - INFO - composites.py:106 -         Time: 2022-11
2025-08-30 14:36:24,959 - INFO - composites.py:109 -                           
2025-08-30 14:36:24,959 - INFO - composites.py:110 - Establishing connection to datacube
2025-08-30 14:36:25,648 - INFO - composites.py:113 -                           
2025-08-30 14:36:25,648 - INFO - composites.py:114 - Sanity test: Check if dataset already exists in the datacube
2025-08-30 14:36:25,673 - INFO - composites.py:133 - The composite requested was not found and it will be computed
2025-08-30 14:36:25,673 - INFO - composites.py:136 -                                  
2025-08-30 14:36:25,673 - INFO - composites.py:137 - Initializing Dask cluster for parallelization
2025-08-30 14:36:32,124 - INFO - composites.py:161 - Dask dashboard is available at: http://127.0.0.1:56504/status
2025-08-30 14:36:32,125 - INFO - composites.py:164 - Create directories and naming conversions
2025-08-30 14:36:32,136 - INFO - composites.py:177 - Dataset location: //nas-rs.topo.auth.gr/Latomeia/DROUGHT/composites/x10/y10/2022/11/01
2025-08-30 14:36:32,136 - INFO - composites.py:180 -                           
2025-08-30 14:36:32,136 - INFO - composites.py:181 - Retrieve tile geometry
2025-08-30 14:36:32,172 - INFO - composites.py:192 - Create the Bounding Box (φ,λ)
2025-08-30 14:36:32,172 - INFO - composites.py:198 - Create the Bounding Box (x,y)
2025-08-30 14:36:32,172 - INFO - composites.py:211 -                           
2025-08-30 14:36:32,172 - INFO - composites.py:212 - Connect to Planetary Computer STAC Catalog
2025-08-30 14:36:32,467 - INFO - composites.py:220 - Search the STAC Catalog
2025-08-30 14:36:32,540 - INFO - composites.py:232 -         Query parameters:
2025-08-30 14:36:32,541 - INFO - composites.py:233 -             url:          https://planetarycomputer.microsoft.com/api/stac/v1/search
2025-08-30 14:36:32,541 - INFO - composites.py:234 -             client:       microsoft-pc
2025-08-30 14:36:32,541 - INFO - composites.py:235 -             collection:   sentinel-2-l2a
2025-08-30 14:36:32,541 - INFO - composites.py:236 -             bbox:         (22.471633479946853, 37.72008040922633, 23.140477503527134, 38.27146676750315)
2025-08-30 14:36:32,541 - INFO - composites.py:237 -             time range:   2022-11-01T00:00:00Z/2022-11-30T23:59:59Z
2025-08-30 14:36:32,541 - INFO - composites.py:238 -             cloud cover:  0% - 70%
2025-08-30 14:36:32,541 - INFO - composites.py:239 -             nodata cover: 0% - 33%
2025-08-30 14:36:32,541 - INFO - composites.py:241 -                           
2025-08-30 14:36:32,541 - INFO - composites.py:242 - Searching...
2025-08-30 14:36:32,949 - INFO - composites.py:245 - Query found 16 items
2025-08-30 14:36:32,949 - INFO - composites.py:247 - Searching for GRI REFINED scenes:
2025-08-30 14:36:38,482 - INFO - sentinel2.py:78 - 1/16 - S2A_MSIL2A_20221129T092331_R093_T34SFG_20221201T032707 -> REFINED
2025-08-30 14:36:44,464 - INFO - sentinel2.py:78 - 2/16 - S2B_MSIL2A_20221124T092219_R093_T34SFH_20221125T124650 -> REFINED
2025-08-30 14:36:49,360 - INFO - sentinel2.py:78 - 3/16 - S2B_MSIL2A_20221124T092219_R093_T34SFG_20221125T134104 -> REFINED
2025-08-30 14:36:53,704 - INFO - sentinel2.py:78 - 4/16 - S2B_MSIL2A_20221121T091209_R050_T34SFG_20221121T180525 -> REFINED
2025-08-30 14:36:58,495 - INFO - sentinel2.py:78 - 5/16 - S2A_MSIL2A_20221119T092301_R093_T34SFG_20240803T214708 -> REFINED
2025-08-30 14:37:03,468 - INFO - sentinel2.py:78 - 6/16 - S2A_MSIL2A_20221119T092301_R093_T34SFG_20221120T002746 -> REFINED
2025-08-30 14:37:10,867 - INFO - sentinel2.py:78 - 7/16 - S2A_MSIL2A_20221116T091241_R050_T34SFG_20221117T030244 -> REFINED
2025-08-30 14:37:16,439 - INFO - sentinel2.py:78 - 8/16 - S2B_MSIL2A_20221114T092139_R093_T34SFH_20221115T022112 -> REFINED
2025-08-30 14:37:21,274 - INFO - sentinel2.py:78 - 9/16 - S2B_MSIL2A_20221114T092139_R093_T34SFG_20221115T035611 -> REFINED
2025-08-30 14:37:26,066 - INFO - sentinel2.py:78 - 10/16 - S2B_MSIL2A_20221111T091119_R050_T34SFG_20221111T235446 -> REFINED
2025-08-30 14:37:31,983 - INFO - sentinel2.py:78 - 11/16 - S2A_MSIL2A_20221109T092211_R093_T34SFH_20221110T004543 -> REFINED
2025-08-30 14:37:36,838 - INFO - sentinel2.py:78 - 12/16 - S2A_MSIL2A_20221109T092211_R093_T34SFG_20221110T025527 -> REFINED
2025-08-30 14:37:42,344 - INFO - sentinel2.py:78 - 13/16 - S2B_MSIL2A_20221104T092049_R093_T34SFH_20221104T223054 -> REFINED
2025-08-30 14:37:47,320 - INFO - sentinel2.py:78 - 14/16 - S2B_MSIL2A_20221104T092049_R093_T34SFG_20221104T222413 -> REFINED
2025-08-30 14:37:52,493 - INFO - sentinel2.py:78 - 15/16 - S2B_MSIL2A_20221101T091029_R050_T34SFG_20240805T144021 -> REFINED
2025-08-30 14:37:58,037 - INFO - sentinel2.py:78 - 16/16 - S2B_MSIL2A_20221101T091029_R050_T34SFG_20221101T191826 -> REFINED
2025-08-30 14:37:58,093 - INFO - composites.py:250 -                                  
2025-08-30 14:37:58,094 - INFO - composites.py:251 - 16/16 were refined by GRI.
2025-08-30 14:37:58,094 - INFO - composites.py:263 - Looking for up to 10 cleanest images within spatiotemporal range of each MGRS tile
2025-08-30 14:37:58,119 - INFO - composites.py:277 - Filtered cleanest scenes: Kept 14 out of 16 items. 
2025-08-30 14:37:58,120 - INFO - composites.py:278 -         Included MGRS Tiles: ['34SFG' '34SFH']
2025-08-30 14:37:58,120 - INFO - composites.py:279 -         Included EPSG codes: [32634]
2025-08-30 14:37:58,120 - INFO - composites.py:281 - Selected scenes:
2025-08-30 14:37:58,120 - INFO - composites.py:283 -         S2B_MSIL2A_20221104T092049_R093_T34SFG_20221104T222413
2025-08-30 14:37:58,121 - INFO - composites.py:283 -         S2A_MSIL2A_20221109T092211_R093_T34SFG_20221110T025527
2025-08-30 14:37:58,121 - INFO - composites.py:283 -         S2B_MSIL2A_20221101T091029_R050_T34SFG_20221101T191826
2025-08-30 14:37:58,122 - INFO - composites.py:283 -         S2B_MSIL2A_20221101T091029_R050_T34SFG_20240805T144021
2025-08-30 14:37:58,128 - INFO - composites.py:283 -         S2B_MSIL2A_20221124T092219_R093_T34SFG_20221125T134104
2025-08-30 14:37:58,129 - INFO - composites.py:283 -         S2B_MSIL2A_20221114T092139_R093_T34SFG_20221115T035611
2025-08-30 14:37:58,129 - INFO - composites.py:283 -         S2B_MSIL2A_20221111T091119_R050_T34SFG_20221111T235446
2025-08-30 14:37:58,129 - INFO - composites.py:283 -         S2A_MSIL2A_20221116T091241_R050_T34SFG_20221117T030244
2025-08-30 14:37:58,129 - INFO - composites.py:283 -         S2B_MSIL2A_20221121T091209_R050_T34SFG_20221121T180525
2025-08-30 14:37:58,129 - INFO - composites.py:283 -         S2A_MSIL2A_20221129T092331_R093_T34SFG_20221201T032707
2025-08-30 14:37:58,129 - INFO - composites.py:283 -         S2B_MSIL2A_20221104T092049_R093_T34SFH_20221104T223054
2025-08-30 14:37:58,129 - INFO - composites.py:283 -         S2B_MSIL2A_20221124T092219_R093_T34SFH_20221125T124650
2025-08-30 14:37:58,129 - INFO - composites.py:283 -         S2A_MSIL2A_20221109T092211_R093_T34SFH_20221110T004543
2025-08-30 14:37:58,130 - INFO - composites.py:283 -         S2B_MSIL2A_20221114T092139_R093_T34SFH_20221115T022112
2025-08-30 14:37:58,673 - INFO - sentinel2.py:154 - Matplotlib backend: Agg
2025-08-30 14:37:58,875 - INFO - sentinel2.py:224 - Write input scenes footprint overlay: //nas-rs.topo.auth.gr/Latomeia/DROUGHT/composites/x10/y10/2022/11/01/S2L2A_medcomp_x10y10_202211_InDataFootprint.jpeg
2025-08-30 14:37:59,322 - INFO - composites.py:297 -                                  
2025-08-30 14:37:59,322 - INFO - composites.py:298 - Downstream STAC items from Planetary Computer
2025-08-30 14:37:59,322 - INFO - timeseries_processing.py:115 -                                  
2025-08-30 14:37:59,322 - INFO - timeseries_processing.py:116 - Loading bands of diferent resolutions in EPSG:32634
2025-08-30 14:37:59,322 - INFO - timeseries_processing.py:120 -     Filtering items with native UTM EPSG:32634
2025-08-30 14:37:59,322 - INFO - timeseries_processing.py:122 -     14 Items in EPSG:32634
2025-08-30 14:37:59,323 - INFO - timeseries_processing.py:129 -                        
2025-08-30 14:37:59,323 - INFO - timeseries_processing.py:130 -     Loading parameters:
2025-08-30 14:37:59,323 - INFO - timeseries_processing.py:131 -         Bands: ['B05', 'B07', 'B8A', 'SCL']
2025-08-30 14:37:59,323 - INFO - timeseries_processing.py:132 -         Spatial resolution: 20
2025-08-30 14:37:59,323 - INFO - timeseries_processing.py:134 -         Get Assets from STAC Items
2025-08-30 14:37:59,323 - INFO - timeseries_processing.py:47 -         Initialize the STAC client
2025-08-30 14:37:59,855 - INFO - timeseries_processing.py:137 -         Loading 14 STAC Items....
2025-08-30 14:40:16,118 - INFO - timeseries_processing.py:146 -         Cube has been downloaded
2025-08-30 14:40:16,118 - INFO - timeseries_processing.py:156 -         Fix order of dimensions
2025-08-30 14:40:16,120 - INFO - timeseries_processing.py:161 -         Append bands to the band-list of EPSG:32634
2025-08-30 14:40:16,120 - INFO - timeseries_processing.py:129 -                        
2025-08-30 14:40:16,122 - INFO - timeseries_processing.py:130 -     Loading parameters:
2025-08-30 14:40:16,122 - INFO - timeseries_processing.py:131 -         Bands: ['B02', 'B03', 'B04']
2025-08-30 14:40:16,122 - INFO - timeseries_processing.py:132 -         Spatial resolution: 10
2025-08-30 14:40:16,122 - INFO - timeseries_processing.py:134 -         Get Assets from STAC Items
2025-08-30 14:40:16,122 - INFO - timeseries_processing.py:47 -         Initialize the STAC client
2025-08-30 14:40:16,657 - INFO - timeseries_processing.py:137 -         Loading 14 STAC Items....
2025-08-30 14:44:23,167 - INFO - timeseries_processing.py:146 -         Cube has been downloaded
2025-08-30 14:44:23,167 - INFO - timeseries_processing.py:149 -         Reproject to downsample 10m bands to 20m by Resampling.average 2x2 binning and shape matching with odc.geo.GeoBox
2025-08-30 14:44:35,586 - INFO - timeseries_processing.py:161 -         Append bands to the band-list of EPSG:32634
2025-08-30 14:44:35,586 - INFO - timeseries_processing.py:165 -                        
2025-08-30 14:44:35,586 - INFO - timeseries_processing.py:166 -     Merging bands in a single dataset
2025-08-30 14:44:35,587 - INFO - timeseries_processing.py:167 -     Ensure all partial datasets are at (x=20, y=-20) resolution
2025-08-30 14:44:35,587 - INFO - timeseries_processing.py:171 -     Clip to the intersection of indexes
2025-08-30 14:44:36,588 - INFO - timeseries_processing.py:180 -     Make a list of bands to merge
2025-08-30 14:44:36,589 - INFO - timeseries_processing.py:184 -     Merge on intersection
2025-08-30 14:44:36,590 - INFO - timeseries_processing.py:192 -     Apply masks on clouds, shadows, thin cirrus, and snow/ice
2025-08-30 14:44:36,590 - INFO - sentinel2.py:122 -                Masking bits: [3, 7, 8, 9, 10, 11]
2025-08-30 14:44:37,698 - INFO - composites.py:307 - Reproject from UTM Zone to Tile geometry -> CRS(EPSG:32634), Resampling.bilinear
2025-08-30 14:44:43,851 - INFO - composites.py:310 -     New shape of datasets: Shape2d(x=2400, y=2400)
2025-08-30 14:44:44,587 - INFO - composites.py:329 - Scale SR to Sen2Cor Baseline 4.00 - Subtract 1000 in dates post 2022-01-25
2025-08-30 14:44:46,091 - INFO - composites.py:342 - Creating preview plot of input scenes
2025-08-30 14:45:19,145 - INFO - timeseries_processing.py:349 - Saved preview for 'B04' to //nas-rs.topo.auth.gr/Latomeia/DROUGHT/composites/x10/y10/2022/11/01/S2L2A_medcomp_x10y10_202211_InDataPreview.jpeg
2025-08-30 14:45:19,151 - INFO - composites.py:348 - Clip value range
2025-08-30 14:45:20,897 - INFO - composites.py:353 -                           
2025-08-30 14:45:20,909 - INFO - composites.py:354 - Computing spectral indices:
2025-08-30 14:45:20,909 - INFO - composites.py:357 -     EVI...
2025-08-30 14:45:22,028 - INFO - composites.py:359 -     NDVI...
2025-08-30 14:45:22,360 - INFO - composites.py:361 -     PSRI2...
2025-08-30 14:45:22,614 - INFO - composites.py:364 - Clip to typical value range
2025-08-30 14:45:23,000 - INFO - composites.py:371 - Reducing to median value temporal composite
2025-08-30 14:45:50,079 - INFO - composites.py:390 - Scale and Define data types & nodata per band
2025-08-30 14:45:50,218 - INFO - composites.py:411 - Assign time range and tile ID in metadata
2025-08-30 14:45:50,218 - INFO - composites.py:419 - Write bands to raster COG files
2025-08-30 14:45:54,060 - INFO - composites.py:432 - Write B02 -> //nas-rs.topo.auth.gr/Latomeia/DROUGHT/composites/x10/y10/2022/11/01/S2L2A_medcomp_x10y10_202211_B02.tif
2025-08-30 14:45:57,914 - INFO - composites.py:432 - Write B03 -> //nas-rs.topo.auth.gr/Latomeia/DROUGHT/composites/x10/y10/2022/11/01/S2L2A_medcomp_x10y10_202211_B03.tif
2025-08-30 14:46:03,124 - INFO - composites.py:432 - Write B04 -> //nas-rs.topo.auth.gr/Latomeia/DROUGHT/composites/x10/y10/2022/11/01/S2L2A_medcomp_x10y10_202211_B04.tif
2025-08-30 14:46:08,396 - INFO - composites.py:432 - Write B05 -> //nas-rs.topo.auth.gr/Latomeia/DROUGHT/composites/x10/y10/2022/11/01/S2L2A_medcomp_x10y10_202211_B05.tif
2025-08-30 14:46:12,774 - INFO - composites.py:432 - Write B07 -> //nas-rs.topo.auth.gr/Latomeia/DROUGHT/composites/x10/y10/2022/11/01/S2L2A_medcomp_x10y10_202211_B07.tif
2025-08-30 14:46:16,645 - INFO - composites.py:432 - Write B8A -> //nas-rs.topo.auth.gr/Latomeia/DROUGHT/composites/x10/y10/2022/11/01/S2L2A_medcomp_x10y10_202211_B8A.tif
2025-08-30 14:46:20,490 - INFO - composites.py:432 - Write EVI -> //nas-rs.topo.auth.gr/Latomeia/DROUGHT/composites/x10/y10/2022/11/01/S2L2A_medcomp_x10y10_202211_EVI.tif
2025-08-30 14:46:24,347 - INFO - composites.py:432 - Write NDVI -> //nas-rs.topo.auth.gr/Latomeia/DROUGHT/composites/x10/y10/2022/11/01/S2L2A_medcomp_x10y10_202211_NDVI.tif
2025-08-30 14:46:28,179 - INFO - composites.py:432 - Write PSRI2 -> //nas-rs.topo.auth.gr/Latomeia/DROUGHT/composites/x10/y10/2022/11/01/S2L2A_medcomp_x10y10_202211_PSRI2.tif
2025-08-30 14:46:28,193 - INFO - composites.py:436 - Prepare metadata YAML document
2025-08-30 14:46:28,709 - INFO - composites.py:458 - Write metadata YAML document to disk
2025-08-30 14:46:28,734 - INFO - composites.py:463 - Create datacube.model.Dataset from eo3 metadata
2025-08-30 14:46:28,745 - INFO - composites.py:476 - Index to datacube
2025-08-30 14:46:28,745 - INFO - _datasets.py:191 - Indexing d1c68df6-12b2-407a-b747-8c61142da6e5
2025-08-30 14:46:28,754 - INFO - composites.py:479 - 
2025-08-30 14:46:28,754 - INFO - composites.py:480 -              ✔✔✔ COMPLETED: Tile x10_y10 | Time: 2022-11 | In 10.06 minutes
2025-08-30 14:46:28,754 - INFO - composites.py:481 - 
2025-08-30 14:46:28,754 - INFO - composites.py:489 - Closing Dask client
2025-08-30 14:46:28,755 - INFO - composites.py:493 - Closing Dask cluster
2025-08-30 14:46:28,755 - INFO - composites.py:494 - #######################################################################
