2025-09-01 15:23:23,884 - INFO - composites.py:102 - #######################################################################
2025-09-01 15:23:23,884 - INFO - composites.py:104 - Processing started
2025-09-01 15:23:23,884 - INFO - composites.py:105 -         Tile: x10_y11
2025-09-01 15:23:23,884 - INFO - composites.py:106 -         Time: 2024-02
2025-09-01 15:23:23,884 - INFO - composites.py:109 -                           
2025-09-01 15:23:23,884 - INFO - composites.py:110 - Establishing connection to datacube
2025-09-01 15:23:24,418 - INFO - composites.py:113 -                           
2025-09-01 15:23:24,418 - INFO - composites.py:114 - Sanity test: Check if dataset already exists in the datacube
2025-09-01 15:23:24,439 - INFO - composites.py:133 - The composite requested was not found and it will be computed
2025-09-01 15:23:24,439 - INFO - composites.py:136 -                                  
2025-09-01 15:23:24,439 - INFO - composites.py:137 - Initializing Dask cluster for parallelization
2025-09-01 15:23:29,503 - INFO - composites.py:161 - Dask dashboard is available at: http://127.0.0.1:8787/status
2025-09-01 15:23:29,503 - INFO - composites.py:164 - Create directories and naming conversions
2025-09-01 15:23:29,517 - INFO - composites.py:177 - Dataset location: //nas-rs.topo.auth.gr/Latomeia/DROUGHT/composites/x10/y11/2024/02/01
2025-09-01 15:23:29,517 - INFO - composites.py:180 -                           
2025-09-01 15:23:29,517 - INFO - composites.py:181 - Retrieve tile geometry
2025-09-01 15:23:29,546 - INFO - composites.py:192 - Create the Bounding Box (φ,λ)
2025-09-01 15:23:29,546 - INFO - composites.py:198 - Create the Bounding Box (x,y)
2025-09-01 15:23:29,546 - INFO - composites.py:211 -                           
2025-09-01 15:23:29,546 - INFO - composites.py:212 - Connect to Planetary Computer STAC Catalog
2025-09-01 15:23:29,795 - INFO - composites.py:220 - Search the STAC Catalog
2025-09-01 15:23:29,876 - INFO - composites.py:232 -         Query parameters:
2025-09-01 15:23:29,876 - INFO - composites.py:233 -             url:          https://planetarycomputer.microsoft.com/api/stac/v1/search
2025-09-01 15:23:29,877 - INFO - composites.py:234 -             client:       microsoft-pc
2025-09-01 15:23:29,877 - INFO - composites.py:235 -             collection:   sentinel-2-l2a
2025-09-01 15:23:29,877 - INFO - composites.py:236 -             bbox:         (22.551446150749733, 38.14853968883684, 23.225034627134395, 38.70012671670289)
2025-09-01 15:23:29,877 - INFO - composites.py:237 -             time range:   2024-02-01T00:00:00Z/2024-02-29T23:59:59Z
2025-09-01 15:23:29,877 - INFO - composites.py:238 -             cloud cover:  0% - 70%
2025-09-01 15:23:29,877 - INFO - composites.py:239 -             nodata cover: 0% - 33%
2025-09-01 15:23:29,877 - INFO - composites.py:241 -                           
2025-09-01 15:23:29,877 - INFO - composites.py:242 - Searching...
2025-09-01 15:23:30,353 - INFO - composites.py:245 - Query found 6 items
2025-09-01 15:23:30,353 - INFO - composites.py:247 - Searching for GRI REFINED scenes:
2025-09-01 15:23:36,159 - INFO - sentinel2.py:78 - 1/6 - S2A_MSIL2A_20240222T092031_R093_T34SFH_20240222T135241 -> REFINED
2025-09-01 15:23:43,484 - INFO - sentinel2.py:78 - 2/6 - S2B_MSIL2A_20240217T092029_R093_T34SFH_20240217T121227 -> REFINED
2025-09-01 15:23:50,489 - INFO - sentinel2.py:78 - 3/6 - S2A_MSIL2A_20240212T092111_R093_T34SFH_20240212T143548 -> REFINED
2025-09-01 15:23:57,788 - INFO - sentinel2.py:78 - 4/6 - S2B_MSIL2A_20240207T092049_R093_T34SFH_20240207T122104 -> REFINED
2025-09-01 15:24:04,262 - INFO - sentinel2.py:78 - 5/6 - S2A_MSIL2A_20240202T092211_R093_T34SFH_20240202T140941 -> REFINED
2025-09-01 15:24:11,737 - INFO - sentinel2.py:78 - 6/6 - S2A_MSIL2A_20240202T092211_R093_T34SFH_20240202T123350 -> REFINED
2025-09-01 15:24:11,787 - INFO - composites.py:250 -                                  
2025-09-01 15:24:11,802 - INFO - composites.py:251 - 6/6 were refined by GRI.
2025-09-01 15:24:11,802 - INFO - composites.py:263 - Looking for up to 10 cleanest images within spatiotemporal range of each MGRS tile
2025-09-01 15:24:11,803 - INFO - composites.py:277 - Filtered cleanest scenes: Kept 6 out of 6 items. 
2025-09-01 15:24:11,803 - INFO - composites.py:278 -         Included MGRS Tiles: ['34SFH']
2025-09-01 15:24:11,803 - INFO - composites.py:279 -         Included EPSG codes: [32634]
2025-09-01 15:24:11,804 - INFO - composites.py:281 - Selected scenes:
2025-09-01 15:24:11,804 - INFO - composites.py:283 -         S2B_MSIL2A_20240217T092029_R093_T34SFH_20240217T121227
2025-09-01 15:24:11,804 - INFO - composites.py:283 -         S2A_MSIL2A_20240202T092211_R093_T34SFH_20240202T123350
2025-09-01 15:24:11,804 - INFO - composites.py:283 -         S2A_MSIL2A_20240202T092211_R093_T34SFH_20240202T140941
2025-09-01 15:24:11,804 - INFO - composites.py:283 -         S2A_MSIL2A_20240212T092111_R093_T34SFH_20240212T143548
2025-09-01 15:24:11,804 - INFO - composites.py:283 -         S2B_MSIL2A_20240207T092049_R093_T34SFH_20240207T122104
2025-09-01 15:24:11,804 - INFO - composites.py:283 -         S2A_MSIL2A_20240222T092031_R093_T34SFH_20240222T135241
2025-09-01 15:24:12,180 - INFO - sentinel2.py:154 - Matplotlib backend: Agg
2025-09-01 15:24:12,312 - INFO - sentinel2.py:224 - Write input scenes footprint overlay: //nas-rs.topo.auth.gr/Latomeia/DROUGHT/composites/x10/y11/2024/02/01/S2L2A_medcomp_x10y11_202402_InDataFootprint.jpeg
2025-09-01 15:24:12,589 - INFO - composites.py:297 -                                  
2025-09-01 15:24:12,591 - INFO - composites.py:298 - Downstream STAC items from Planetary Computer
2025-09-01 15:24:12,591 - INFO - timeseries_processing.py:115 -                                  
2025-09-01 15:24:12,591 - INFO - timeseries_processing.py:116 - Loading bands of diferent resolutions in EPSG:32634
2025-09-01 15:24:12,591 - INFO - timeseries_processing.py:120 -     Filtering items with native UTM EPSG:32634
2025-09-01 15:24:12,591 - INFO - timeseries_processing.py:122 -     6 Items in EPSG:32634
2025-09-01 15:24:12,591 - INFO - timeseries_processing.py:129 -                        
2025-09-01 15:24:12,591 - INFO - timeseries_processing.py:130 -     Loading parameters:
2025-09-01 15:24:12,591 - INFO - timeseries_processing.py:131 -         Bands: ['B05', 'B07', 'B8A', 'SCL']
2025-09-01 15:24:12,591 - INFO - timeseries_processing.py:132 -         Spatial resolution: 20
2025-09-01 15:24:12,591 - INFO - timeseries_processing.py:134 -         Get Assets from STAC Items
2025-09-01 15:24:12,591 - INFO - timeseries_processing.py:47 -         Initialize the STAC client
2025-09-01 15:24:13,249 - INFO - timeseries_processing.py:137 -         Loading 6 STAC Items....
2025-09-01 15:25:03,657 - INFO - timeseries_processing.py:146 -         Cube has been downloaded
2025-09-01 15:25:03,657 - INFO - timeseries_processing.py:156 -         Fix order of dimensions
2025-09-01 15:25:03,658 - INFO - timeseries_processing.py:161 -         Append bands to the band-list of EPSG:32634
2025-09-01 15:25:03,658 - INFO - timeseries_processing.py:129 -                        
2025-09-01 15:25:03,658 - INFO - timeseries_processing.py:130 -     Loading parameters:
2025-09-01 15:25:03,658 - INFO - timeseries_processing.py:131 -         Bands: ['B02', 'B03', 'B04']
2025-09-01 15:25:03,659 - INFO - timeseries_processing.py:132 -         Spatial resolution: 10
2025-09-01 15:25:03,659 - INFO - timeseries_processing.py:134 -         Get Assets from STAC Items
2025-09-01 15:25:03,659 - INFO - timeseries_processing.py:47 -         Initialize the STAC client
2025-09-01 15:25:04,199 - INFO - timeseries_processing.py:137 -         Loading 6 STAC Items....
2025-09-01 15:27:05,053 - INFO - timeseries_processing.py:146 -         Cube has been downloaded
2025-09-01 15:27:05,053 - INFO - timeseries_processing.py:149 -         Reproject to downsample 10m bands to 20m by Resampling.average 2x2 binning and shape matching with odc.geo.GeoBox
2025-09-01 15:27:12,878 - INFO - timeseries_processing.py:161 -         Append bands to the band-list of EPSG:32634
2025-09-01 15:27:12,878 - INFO - timeseries_processing.py:165 -                        
2025-09-01 15:27:12,878 - INFO - timeseries_processing.py:166 -     Merging bands in a single dataset
2025-09-01 15:27:12,878 - INFO - timeseries_processing.py:167 -     Ensure all partial datasets are at (x=20, y=-20) resolution
2025-09-01 15:27:12,879 - INFO - timeseries_processing.py:171 -     Clip to the intersection of indexes
2025-09-01 15:27:14,076 - INFO - timeseries_processing.py:180 -     Make a list of bands to merge
2025-09-01 15:27:14,079 - INFO - timeseries_processing.py:184 -     Merge on intersection
2025-09-01 15:27:14,080 - INFO - timeseries_processing.py:192 -     Apply masks on clouds, shadows, thin cirrus, and snow/ice
2025-09-01 15:27:14,080 - INFO - sentinel2.py:122 -                Masking bits: [3, 7, 8, 9, 10, 11]
2025-09-01 15:27:14,773 - INFO - composites.py:307 - Reproject from UTM Zone to Tile geometry -> CRS(EPSG:32634), Resampling.bilinear
2025-09-01 15:27:18,459 - INFO - composites.py:310 -     New shape of datasets: Shape2d(x=2400, y=2400)
2025-09-01 15:27:19,152 - INFO - composites.py:329 - Scale SR to Sen2Cor Baseline 4.00 - Subtract 1000 in dates post 2022-01-25
2025-09-01 15:27:19,924 - INFO - composites.py:342 - Creating preview plot of input scenes
2025-09-01 15:27:42,849 - INFO - timeseries_processing.py:349 - Saved preview for 'B04' to //nas-rs.topo.auth.gr/Latomeia/DROUGHT/composites/x10/y11/2024/02/01/S2L2A_medcomp_x10y11_202402_InDataPreview.jpeg
2025-09-01 15:27:42,852 - INFO - composites.py:348 - Clip value range
2025-09-01 15:27:43,889 - INFO - composites.py:353 -                           
2025-09-01 15:27:43,889 - INFO - composites.py:354 - Computing spectral indices:
2025-09-01 15:27:43,889 - INFO - composites.py:357 -     EVI...
2025-09-01 15:27:44,482 - INFO - composites.py:359 -     NDVI...
2025-09-01 15:27:44,676 - INFO - composites.py:361 -     PSRI2...
2025-09-01 15:27:44,930 - INFO - composites.py:364 - Clip to typical value range
2025-09-01 15:27:45,116 - INFO - composites.py:371 - Reducing to median value temporal composite
2025-09-01 15:28:10,934 - INFO - composites.py:390 - Scale and Define data types & nodata per band
2025-09-01 15:28:11,060 - INFO - composites.py:411 - Assign time range and tile ID in metadata
2025-09-01 15:28:11,060 - INFO - composites.py:419 - Write bands to raster COG files
2025-09-01 15:28:15,259 - INFO - composites.py:432 - Write B02 -> //nas-rs.topo.auth.gr/Latomeia/DROUGHT/composites/x10/y11/2024/02/01/S2L2A_medcomp_x10y11_202402_B02.tif
2025-09-01 15:28:19,585 - INFO - composites.py:432 - Write B03 -> //nas-rs.topo.auth.gr/Latomeia/DROUGHT/composites/x10/y11/2024/02/01/S2L2A_medcomp_x10y11_202402_B03.tif
2025-09-01 15:28:23,758 - INFO - composites.py:432 - Write B04 -> //nas-rs.topo.auth.gr/Latomeia/DROUGHT/composites/x10/y11/2024/02/01/S2L2A_medcomp_x10y11_202402_B04.tif
2025-09-01 15:28:27,701 - INFO - composites.py:432 - Write B05 -> //nas-rs.topo.auth.gr/Latomeia/DROUGHT/composites/x10/y11/2024/02/01/S2L2A_medcomp_x10y11_202402_B05.tif
2025-09-01 15:28:31,646 - INFO - composites.py:432 - Write B07 -> //nas-rs.topo.auth.gr/Latomeia/DROUGHT/composites/x10/y11/2024/02/01/S2L2A_medcomp_x10y11_202402_B07.tif
2025-09-01 15:28:35,632 - INFO - composites.py:432 - Write B8A -> //nas-rs.topo.auth.gr/Latomeia/DROUGHT/composites/x10/y11/2024/02/01/S2L2A_medcomp_x10y11_202402_B8A.tif
2025-09-01 15:28:39,539 - INFO - composites.py:432 - Write EVI -> //nas-rs.topo.auth.gr/Latomeia/DROUGHT/composites/x10/y11/2024/02/01/S2L2A_medcomp_x10y11_202402_EVI.tif
2025-09-01 15:28:43,468 - INFO - composites.py:432 - Write NDVI -> //nas-rs.topo.auth.gr/Latomeia/DROUGHT/composites/x10/y11/2024/02/01/S2L2A_medcomp_x10y11_202402_NDVI.tif
2025-09-01 15:28:47,247 - INFO - composites.py:432 - Write PSRI2 -> //nas-rs.topo.auth.gr/Latomeia/DROUGHT/composites/x10/y11/2024/02/01/S2L2A_medcomp_x10y11_202402_PSRI2.tif
2025-09-01 15:28:47,262 - INFO - composites.py:436 - Prepare metadata YAML document
2025-09-01 15:28:47,748 - INFO - composites.py:458 - Write metadata YAML document to disk
2025-09-01 15:28:47,770 - INFO - composites.py:463 - Create datacube.model.Dataset from eo3 metadata
2025-09-01 15:28:47,782 - INFO - composites.py:476 - Index to datacube
2025-09-01 15:28:47,782 - INFO - _datasets.py:191 - Indexing 0a1e6bcf-1db7-4257-9568-f4fd07363396
2025-09-01 15:28:47,789 - INFO - composites.py:479 - 
2025-09-01 15:28:47,789 - INFO - composites.py:480 -              ✔✔✔ COMPLETED: Tile x10_y11 | Time: 2024-02 | In 5.4 minutes
2025-09-01 15:28:47,789 - INFO - composites.py:481 - 
2025-09-01 15:28:47,791 - INFO - composites.py:489 - Closing Dask client
2025-09-01 15:28:47,792 - INFO - composites.py:493 - Closing Dask cluster
2025-09-01 15:28:47,792 - INFO - composites.py:494 - #######################################################################
