2025-09-01 16:43:38,291 - INFO - composites.py:102 - #######################################################################
2025-09-01 16:43:38,291 - INFO - composites.py:104 - Processing started
2025-09-01 16:43:38,291 - INFO - composites.py:105 -         Tile: x08_y12
2025-09-01 16:43:38,291 - INFO - composites.py:106 -         Time: 2024-03
2025-09-01 16:43:38,291 - INFO - composites.py:109 -                           
2025-09-01 16:43:38,291 - INFO - composites.py:110 - Establishing connection to datacube
2025-09-01 16:43:38,852 - INFO - composites.py:113 -                           
2025-09-01 16:43:38,852 - INFO - composites.py:114 - Sanity test: Check if dataset already exists in the datacube
2025-09-01 16:43:38,872 - INFO - composites.py:133 - The composite requested was not found and it will be computed
2025-09-01 16:43:38,872 - INFO - composites.py:136 -                                  
2025-09-01 16:43:38,872 - INFO - composites.py:137 - Initializing Dask cluster for parallelization
2025-09-01 16:43:44,252 - INFO - composites.py:161 - Dask dashboard is available at: http://127.0.0.1:8787/status
2025-09-01 16:43:44,252 - INFO - composites.py:164 - Create directories and naming conversions
2025-09-01 16:43:44,266 - INFO - composites.py:177 - Dataset location: //nas-rs.topo.auth.gr/Latomeia/DROUGHT/composites/x08/y12/2024/03/01
2025-09-01 16:43:44,266 - INFO - composites.py:180 -                           
2025-09-01 16:43:44,266 - INFO - composites.py:181 - Retrieve tile geometry
2025-09-01 16:43:44,296 - INFO - composites.py:192 - Create the Bounding Box (φ,λ)
2025-09-01 16:43:44,296 - INFO - composites.py:198 - Create the Bounding Box (x,y)
2025-09-01 16:43:44,296 - INFO - composites.py:211 -                           
2025-09-01 16:43:44,296 - INFO - composites.py:212 - Connect to Planetary Computer STAC Catalog
2025-09-01 16:43:44,546 - INFO - composites.py:220 - Search the STAC Catalog
2025-09-01 16:43:44,628 - INFO - composites.py:232 -         Query parameters:
2025-09-01 16:43:44,628 - INFO - composites.py:233 -             url:          https://planetarycomputer.microsoft.com/api/stac/v1/search
2025-09-01 16:43:44,628 - INFO - composites.py:234 -             client:       microsoft-pc
2025-09-01 16:43:44,628 - INFO - composites.py:235 -             collection:   sentinel-2-l2a
2025-09-01 16:43:44,628 - INFO - composites.py:236 -             bbox:         (21.54502923200265, 38.72053801140399, 22.218704170873913, 39.26725432685642)
2025-09-01 16:43:44,628 - INFO - composites.py:237 -             time range:   2024-03-01T00:00:00Z/2024-03-31T23:59:59Z
2025-09-01 16:43:44,628 - INFO - composites.py:238 -             cloud cover:  0% - 70%
2025-09-01 16:43:44,628 - INFO - composites.py:239 -             nodata cover: 0% - 33%
2025-09-01 16:43:44,628 - INFO - composites.py:241 -                           
2025-09-01 16:43:44,628 - INFO - composites.py:242 - Searching...
2025-09-01 16:43:45,363 - INFO - composites.py:245 - Query found 23 items
2025-09-01 16:43:45,363 - INFO - composites.py:247 - Searching for GRI REFINED scenes:
2025-09-01 16:43:51,990 - INFO - sentinel2.py:78 - 1/23 - S2B_MSIL2A_20240328T091559_R093_T34SFJ_20240330T044325 -> REFINED
2025-09-01 16:43:59,483 - INFO - sentinel2.py:78 - 2/23 - S2B_MSIL2A_20240328T091559_R093_T34SFH_20240330T050705 -> REFINED
2025-09-01 16:44:05,203 - INFO - sentinel2.py:78 - 3/23 - S2B_MSIL2A_20240328T091559_R093_T34SEJ_20240330T044927 -> REFINED
2025-09-01 16:44:12,487 - INFO - sentinel2.py:78 - 4/23 - S2B_MSIL2A_20240328T091559_R093_T34SEH_20240330T044537 -> REFINED
2025-09-01 16:44:19,277 - INFO - sentinel2.py:78 - 5/23 - S2A_MSIL2A_20240323T092031_R093_T34SFJ_20240323T141746 -> REFINED
2025-09-01 16:44:26,016 - INFO - sentinel2.py:78 - 6/23 - S2A_MSIL2A_20240323T092031_R093_T34SFH_20240323T141745 -> REFINED
2025-09-01 16:44:33,025 - INFO - sentinel2.py:78 - 7/23 - S2A_MSIL2A_20240323T092031_R093_T34SEJ_20240323T141753 -> REFINED
2025-09-01 16:44:38,695 - INFO - sentinel2.py:78 - 8/23 - S2A_MSIL2A_20240323T092031_R093_T34SEH_20240323T141747 -> REFINED
2025-09-01 16:44:45,380 - INFO - sentinel2.py:78 - 9/23 - S2B_MSIL2A_20240318T091659_R093_T34SFJ_20240318T141606 -> REFINED
2025-09-01 16:44:52,876 - INFO - sentinel2.py:78 - 10/23 - S2B_MSIL2A_20240318T091659_R093_T34SFH_20240318T144544 -> REFINED
2025-09-01 16:44:59,706 - INFO - sentinel2.py:78 - 11/23 - S2B_MSIL2A_20240318T091659_R093_T34SEJ_20240318T144527 -> REFINED
2025-09-01 16:45:06,595 - INFO - sentinel2.py:78 - 12/23 - S2B_MSIL2A_20240318T091659_R093_T34SEH_20240318T141613 -> REFINED
2025-09-01 16:45:13,673 - INFO - sentinel2.py:78 - 13/23 - S2A_MSIL2A_20240313T092031_R093_T34SFJ_20240313T194023 -> REFINED
2025-09-01 16:45:20,133 - INFO - sentinel2.py:78 - 14/23 - S2A_MSIL2A_20240313T092031_R093_T34SEJ_20240313T193704 -> REFINED
2025-09-01 16:45:26,129 - INFO - sentinel2.py:78 - 15/23 - S2A_MSIL2A_20240313T092031_R093_T34SEH_20240313T232303 -> REFINED
2025-09-01 16:45:33,455 - INFO - sentinel2.py:78 - 16/23 - S2B_MSIL2A_20240308T091719_R093_T34SFJ_20240308T141008 -> REFINED
2025-09-01 16:45:39,394 - INFO - sentinel2.py:78 - 17/23 - S2B_MSIL2A_20240308T091719_R093_T34SFH_20240308T141008 -> REFINED
2025-09-01 16:45:46,053 - INFO - sentinel2.py:78 - 18/23 - S2B_MSIL2A_20240308T091719_R093_T34SEJ_20240308T141010 -> REFINED
2025-09-01 16:45:52,664 - INFO - sentinel2.py:78 - 19/23 - S2B_MSIL2A_20240308T091719_R093_T34SEH_20240308T141009 -> REFINED
2025-09-01 16:45:59,165 - INFO - sentinel2.py:78 - 20/23 - S2A_MSIL2A_20240303T092031_R093_T34SFJ_20240303T164238 -> REFINED
2025-09-01 16:46:05,005 - INFO - sentinel2.py:78 - 21/23 - S2A_MSIL2A_20240303T092031_R093_T34SFH_20240303T164241 -> REFINED
2025-09-01 16:46:11,373 - INFO - sentinel2.py:78 - 22/23 - S2A_MSIL2A_20240303T092031_R093_T34SEJ_20240303T164315 -> REFINED
2025-09-01 16:46:17,202 - INFO - sentinel2.py:78 - 23/23 - S2A_MSIL2A_20240303T092031_R093_T34SEH_20240303T164120 -> REFINED
2025-09-01 16:46:17,241 - INFO - composites.py:250 -                                  
2025-09-01 16:46:17,242 - INFO - composites.py:251 - 23/23 were refined by GRI.
2025-09-01 16:46:17,242 - INFO - composites.py:263 - Looking for up to 10 cleanest images within spatiotemporal range of each MGRS tile
2025-09-01 16:46:17,242 - INFO - composites.py:277 - Filtered cleanest scenes: Kept 23 out of 23 items. 
2025-09-01 16:46:17,244 - INFO - composites.py:278 -         Included MGRS Tiles: ['34SEH' '34SEJ' '34SFH' '34SFJ']
2025-09-01 16:46:17,244 - INFO - composites.py:279 -         Included EPSG codes: [32634]
2025-09-01 16:46:17,244 - INFO - composites.py:281 - Selected scenes:
2025-09-01 16:46:17,244 - INFO - composites.py:283 -         S2B_MSIL2A_20240308T091719_R093_T34SEH_20240308T141009
2025-09-01 16:46:17,245 - INFO - composites.py:283 -         S2A_MSIL2A_20240323T092031_R093_T34SEH_20240323T141747
2025-09-01 16:46:17,254 - INFO - composites.py:283 -         S2B_MSIL2A_20240328T091559_R093_T34SEH_20240330T044537
2025-09-01 16:46:17,260 - INFO - composites.py:283 -         S2B_MSIL2A_20240318T091659_R093_T34SEH_20240318T141613
2025-09-01 16:46:17,260 - INFO - composites.py:283 -         S2A_MSIL2A_20240303T092031_R093_T34SEH_20240303T164120
2025-09-01 16:46:17,261 - INFO - composites.py:283 -         S2A_MSIL2A_20240313T092031_R093_T34SEH_20240313T232303
2025-09-01 16:46:17,261 - INFO - composites.py:283 -         S2B_MSIL2A_20240308T091719_R093_T34SEJ_20240308T141010
2025-09-01 16:46:17,261 - INFO - composites.py:283 -         S2A_MSIL2A_20240323T092031_R093_T34SEJ_20240323T141753
2025-09-01 16:46:17,261 - INFO - composites.py:283 -         S2A_MSIL2A_20240303T092031_R093_T34SEJ_20240303T164315
2025-09-01 16:46:17,261 - INFO - composites.py:283 -         S2B_MSIL2A_20240328T091559_R093_T34SEJ_20240330T044927
2025-09-01 16:46:17,261 - INFO - composites.py:283 -         S2B_MSIL2A_20240318T091659_R093_T34SEJ_20240318T144527
2025-09-01 16:46:17,261 - INFO - composites.py:283 -         S2A_MSIL2A_20240313T092031_R093_T34SEJ_20240313T193704
2025-09-01 16:46:17,261 - INFO - composites.py:283 -         S2A_MSIL2A_20240323T092031_R093_T34SFH_20240323T141745
2025-09-01 16:46:17,261 - INFO - composites.py:283 -         S2B_MSIL2A_20240308T091719_R093_T34SFH_20240308T141008
2025-09-01 16:46:17,261 - INFO - composites.py:283 -         S2B_MSIL2A_20240318T091659_R093_T34SFH_20240318T144544
2025-09-01 16:46:17,261 - INFO - composites.py:283 -         S2B_MSIL2A_20240328T091559_R093_T34SFH_20240330T050705
2025-09-01 16:46:17,261 - INFO - composites.py:283 -         S2A_MSIL2A_20240303T092031_R093_T34SFH_20240303T164241
2025-09-01 16:46:17,261 - INFO - composites.py:283 -         S2A_MSIL2A_20240313T092031_R093_T34SFJ_20240313T194023
2025-09-01 16:46:17,261 - INFO - composites.py:283 -         S2B_MSIL2A_20240318T091659_R093_T34SFJ_20240318T141606
2025-09-01 16:46:17,261 - INFO - composites.py:283 -         S2A_MSIL2A_20240323T092031_R093_T34SFJ_20240323T141746
2025-09-01 16:46:17,261 - INFO - composites.py:283 -         S2B_MSIL2A_20240328T091559_R093_T34SFJ_20240330T044325
2025-09-01 16:46:17,261 - INFO - composites.py:283 -         S2B_MSIL2A_20240308T091719_R093_T34SFJ_20240308T141008
2025-09-01 16:46:17,261 - INFO - composites.py:283 -         S2A_MSIL2A_20240303T092031_R093_T34SFJ_20240303T164238
2025-09-01 16:46:17,668 - INFO - sentinel2.py:154 - Matplotlib backend: Agg
2025-09-01 16:46:18,010 - INFO - sentinel2.py:224 - Write input scenes footprint overlay: //nas-rs.topo.auth.gr/Latomeia/DROUGHT/composites/x08/y12/2024/03/01/S2L2A_medcomp_x08y12_202403_InDataFootprint.jpeg
2025-09-01 16:46:18,279 - INFO - composites.py:297 -                                  
2025-09-01 16:46:18,279 - INFO - composites.py:298 - Downstream STAC items from Planetary Computer
2025-09-01 16:46:18,279 - INFO - timeseries_processing.py:115 -                                  
2025-09-01 16:46:18,279 - INFO - timeseries_processing.py:116 - Loading bands of diferent resolutions in EPSG:32634
2025-09-01 16:46:18,279 - INFO - timeseries_processing.py:120 -     Filtering items with native UTM EPSG:32634
2025-09-01 16:46:18,279 - INFO - timeseries_processing.py:122 -     23 Items in EPSG:32634
2025-09-01 16:46:18,279 - INFO - timeseries_processing.py:129 -                        
2025-09-01 16:46:18,279 - INFO - timeseries_processing.py:130 -     Loading parameters:
2025-09-01 16:46:18,279 - INFO - timeseries_processing.py:131 -         Bands: ['B05', 'B07', 'B8A', 'SCL']
2025-09-01 16:46:18,279 - INFO - timeseries_processing.py:132 -         Spatial resolution: 20
2025-09-01 16:46:18,279 - INFO - timeseries_processing.py:134 -         Get Assets from STAC Items
2025-09-01 16:46:18,279 - INFO - timeseries_processing.py:47 -         Initialize the STAC client
2025-09-01 16:46:18,981 - INFO - timeseries_processing.py:137 -         Loading 23 STAC Items....
2025-09-01 16:46:50,347 - INFO - timeseries_processing.py:146 -         Cube has been downloaded
2025-09-01 16:46:50,347 - INFO - timeseries_processing.py:156 -         Fix order of dimensions
2025-09-01 16:46:50,348 - INFO - timeseries_processing.py:161 -         Append bands to the band-list of EPSG:32634
2025-09-01 16:46:50,348 - INFO - timeseries_processing.py:129 -                        
2025-09-01 16:46:50,348 - INFO - timeseries_processing.py:130 -     Loading parameters:
2025-09-01 16:46:50,350 - INFO - timeseries_processing.py:131 -         Bands: ['B02', 'B03', 'B04']
2025-09-01 16:46:50,351 - INFO - timeseries_processing.py:132 -         Spatial resolution: 10
2025-09-01 16:46:50,351 - INFO - timeseries_processing.py:134 -         Get Assets from STAC Items
2025-09-01 16:46:50,351 - INFO - timeseries_processing.py:47 -         Initialize the STAC client
2025-09-01 16:46:50,999 - INFO - timeseries_processing.py:137 -         Loading 23 STAC Items....
2025-09-01 16:49:18,070 - INFO - timeseries_processing.py:146 -         Cube has been downloaded
2025-09-01 16:49:18,082 - INFO - timeseries_processing.py:149 -         Reproject to downsample 10m bands to 20m by Resampling.average 2x2 binning and shape matching with odc.geo.GeoBox
2025-09-01 16:49:27,634 - INFO - timeseries_processing.py:161 -         Append bands to the band-list of EPSG:32634
2025-09-01 16:49:27,634 - INFO - timeseries_processing.py:165 -                        
2025-09-01 16:49:27,634 - INFO - timeseries_processing.py:166 -     Merging bands in a single dataset
2025-09-01 16:49:27,634 - INFO - timeseries_processing.py:167 -     Ensure all partial datasets are at (x=20, y=-20) resolution
2025-09-01 16:49:27,634 - INFO - timeseries_processing.py:171 -     Clip to the intersection of indexes
2025-09-01 16:49:28,929 - INFO - timeseries_processing.py:180 -     Make a list of bands to merge
2025-09-01 16:49:28,930 - INFO - timeseries_processing.py:184 -     Merge on intersection
2025-09-01 16:49:28,931 - INFO - timeseries_processing.py:192 -     Apply masks on clouds, shadows, thin cirrus, and snow/ice
2025-09-01 16:49:28,931 - INFO - sentinel2.py:122 -                Masking bits: [3, 7, 8, 9, 10, 11]
2025-09-01 16:49:29,746 - INFO - composites.py:307 - Reproject from UTM Zone to Tile geometry -> CRS(EPSG:32634), Resampling.bilinear
2025-09-01 16:49:34,014 - INFO - composites.py:310 -     New shape of datasets: Shape2d(x=2400, y=2400)
2025-09-01 16:49:34,576 - INFO - composites.py:329 - Scale SR to Sen2Cor Baseline 4.00 - Subtract 1000 in dates post 2022-01-25
2025-09-01 16:49:35,547 - INFO - composites.py:342 - Creating preview plot of input scenes
2025-09-01 16:50:02,482 - INFO - timeseries_processing.py:349 - Saved preview for 'B04' to //nas-rs.topo.auth.gr/Latomeia/DROUGHT/composites/x08/y12/2024/03/01/S2L2A_medcomp_x08y12_202403_InDataPreview.jpeg
2025-09-01 16:50:02,486 - INFO - composites.py:348 - Clip value range
2025-09-01 16:50:03,749 - INFO - composites.py:353 -                           
2025-09-01 16:50:03,750 - INFO - composites.py:354 - Computing spectral indices:
2025-09-01 16:50:03,750 - INFO - composites.py:357 -     EVI...
2025-09-01 16:50:04,491 - INFO - composites.py:359 -     NDVI...
2025-09-01 16:50:04,806 - INFO - composites.py:361 -     PSRI2...
2025-09-01 16:50:04,981 - INFO - composites.py:364 - Clip to typical value range
2025-09-01 16:50:05,209 - INFO - composites.py:371 - Reducing to median value temporal composite
2025-09-01 16:50:32,347 - INFO - composites.py:390 - Scale and Define data types & nodata per band
2025-09-01 16:50:32,468 - INFO - composites.py:411 - Assign time range and tile ID in metadata
2025-09-01 16:50:32,468 - INFO - composites.py:419 - Write bands to raster COG files
2025-09-01 16:50:36,571 - INFO - composites.py:432 - Write B02 -> //nas-rs.topo.auth.gr/Latomeia/DROUGHT/composites/x08/y12/2024/03/01/S2L2A_medcomp_x08y12_202403_B02.tif
2025-09-01 16:50:40,576 - INFO - composites.py:432 - Write B03 -> //nas-rs.topo.auth.gr/Latomeia/DROUGHT/composites/x08/y12/2024/03/01/S2L2A_medcomp_x08y12_202403_B03.tif
2025-09-01 16:50:44,672 - INFO - composites.py:432 - Write B04 -> //nas-rs.topo.auth.gr/Latomeia/DROUGHT/composites/x08/y12/2024/03/01/S2L2A_medcomp_x08y12_202403_B04.tif
2025-09-01 16:50:48,917 - INFO - composites.py:432 - Write B05 -> //nas-rs.topo.auth.gr/Latomeia/DROUGHT/composites/x08/y12/2024/03/01/S2L2A_medcomp_x08y12_202403_B05.tif
2025-09-01 16:50:53,273 - INFO - composites.py:432 - Write B07 -> //nas-rs.topo.auth.gr/Latomeia/DROUGHT/composites/x08/y12/2024/03/01/S2L2A_medcomp_x08y12_202403_B07.tif
2025-09-01 16:50:57,782 - INFO - composites.py:432 - Write B8A -> //nas-rs.topo.auth.gr/Latomeia/DROUGHT/composites/x08/y12/2024/03/01/S2L2A_medcomp_x08y12_202403_B8A.tif
2025-09-01 16:51:01,814 - INFO - composites.py:432 - Write EVI -> //nas-rs.topo.auth.gr/Latomeia/DROUGHT/composites/x08/y12/2024/03/01/S2L2A_medcomp_x08y12_202403_EVI.tif
2025-09-01 16:51:06,424 - INFO - composites.py:432 - Write NDVI -> //nas-rs.topo.auth.gr/Latomeia/DROUGHT/composites/x08/y12/2024/03/01/S2L2A_medcomp_x08y12_202403_NDVI.tif
2025-09-01 16:51:10,487 - INFO - composites.py:432 - Write PSRI2 -> //nas-rs.topo.auth.gr/Latomeia/DROUGHT/composites/x08/y12/2024/03/01/S2L2A_medcomp_x08y12_202403_PSRI2.tif
2025-09-01 16:51:10,487 - INFO - composites.py:436 - Prepare metadata YAML document
2025-09-01 16:51:11,020 - INFO - composites.py:458 - Write metadata YAML document to disk
2025-09-01 16:51:11,079 - INFO - composites.py:463 - Create datacube.model.Dataset from eo3 metadata
2025-09-01 16:51:11,090 - INFO - composites.py:476 - Index to datacube
2025-09-01 16:51:11,090 - INFO - _datasets.py:191 - Indexing 2c681395-29db-4352-9344-a475ec63404a
2025-09-01 16:51:11,099 - INFO - composites.py:479 - 
2025-09-01 16:51:11,099 - INFO - composites.py:480 -              ✔✔✔ COMPLETED: Tile x08_y12 | Time: 2024-03 | In 7.55 minutes
2025-09-01 16:51:11,099 - INFO - composites.py:481 - 
2025-09-01 16:51:11,099 - INFO - composites.py:489 - Closing Dask client
2025-09-01 16:51:11,101 - INFO - composites.py:493 - Closing Dask cluster
2025-09-01 16:51:11,101 - INFO - composites.py:494 - #######################################################################
