2025-09-03 08:07:54,574 - INFO - composites.py:102 - #######################################################################
2025-09-03 08:07:54,574 - INFO - composites.py:104 - Processing started
2025-09-03 08:07:54,574 - INFO - composites.py:105 -         Tile: x10_y11
2025-09-03 08:07:54,574 - INFO - composites.py:106 -         Time: 2025-04
2025-09-03 08:07:54,574 - INFO - composites.py:109 -                           
2025-09-03 08:07:54,574 - INFO - composites.py:110 - Establishing connection to datacube
2025-09-03 08:07:55,094 - INFO - composites.py:113 -                           
2025-09-03 08:07:55,095 - INFO - composites.py:114 - Sanity test: Check if dataset already exists in the datacube
2025-09-03 08:07:55,116 - INFO - composites.py:133 - The composite requested was not found and it will be computed
2025-09-03 08:07:55,116 - INFO - composites.py:136 -                                  
2025-09-03 08:07:55,116 - INFO - composites.py:137 - Initializing Dask cluster for parallelization
2025-09-03 08:08:00,225 - INFO - composites.py:161 - Dask dashboard is available at: http://127.0.0.1:8787/status
2025-09-03 08:08:00,225 - INFO - composites.py:164 - Create directories and naming conversions
2025-09-03 08:08:00,237 - INFO - composites.py:177 - Dataset location: //nas-rs.topo.auth.gr/Latomeia/DROUGHT/composites/x10/y11/2025/04/01
2025-09-03 08:08:00,237 - INFO - composites.py:180 -                           
2025-09-03 08:08:00,237 - INFO - composites.py:181 - Retrieve tile geometry
2025-09-03 08:08:00,266 - INFO - composites.py:192 - Create the Bounding Box (φ,λ)
2025-09-03 08:08:00,266 - INFO - composites.py:198 - Create the Bounding Box (x,y)
2025-09-03 08:08:00,266 - INFO - composites.py:211 -                           
2025-09-03 08:08:00,267 - INFO - composites.py:212 - Connect to Planetary Computer STAC Catalog
2025-09-03 08:08:00,478 - INFO - composites.py:220 - Search the STAC Catalog
2025-09-03 08:08:00,547 - INFO - composites.py:232 -         Query parameters:
2025-09-03 08:08:00,547 - INFO - composites.py:233 -             url:          https://planetarycomputer.microsoft.com/api/stac/v1/search
2025-09-03 08:08:00,547 - INFO - composites.py:234 -             client:       microsoft-pc
2025-09-03 08:08:00,547 - INFO - composites.py:235 -             collection:   sentinel-2-l2a
2025-09-03 08:08:00,547 - INFO - composites.py:236 -             bbox:         (22.551446150749733, 38.14853968883684, 23.225034627134395, 38.70012671670289)
2025-09-03 08:08:00,547 - INFO - composites.py:237 -             time range:   2025-04-01T00:00:00Z/2025-04-30T23:59:59Z
2025-09-03 08:08:00,547 - INFO - composites.py:238 -             cloud cover:  0% - 70%
2025-09-03 08:08:00,547 - INFO - composites.py:239 -             nodata cover: 0% - 33%
2025-09-03 08:08:00,547 - INFO - composites.py:241 -                           
2025-09-03 08:08:00,547 - INFO - composites.py:242 - Searching...
2025-09-03 08:08:00,923 - INFO - composites.py:245 - Query found 3 items
2025-09-03 08:08:00,923 - INFO - composites.py:247 - Searching for GRI REFINED scenes:
2025-09-03 08:08:03,704 - INFO - sentinel2.py:78 - 1/3 - S2A_MSIL2A_20250419T092231_R093_T34SFH_20250419T122712 -> REFINED
2025-09-03 08:08:05,829 - INFO - sentinel2.py:78 - 2/3 - S2C_MSIL2A_20250417T092051_R093_T34SFH_20250417T150029 -> REFINED
2025-09-03 08:08:08,311 - INFO - sentinel2.py:78 - 3/3 - S2B_MSIL2A_20250412T092029_R093_T34SFH_20250412T114858 -> REFINED
2025-09-03 08:08:08,327 - INFO - composites.py:250 -                                  
2025-09-03 08:08:08,327 - INFO - composites.py:251 - 3/3 were refined by GRI.
2025-09-03 08:08:08,328 - INFO - composites.py:263 - Looking for up to 10 cleanest images within spatiotemporal range of each MGRS tile
2025-09-03 08:08:08,328 - INFO - composites.py:277 - Filtered cleanest scenes: Kept 3 out of 3 items. 
2025-09-03 08:08:08,329 - INFO - composites.py:278 -         Included MGRS Tiles: ['34SFH']
2025-09-03 08:08:08,329 - INFO - composites.py:279 -         Included EPSG codes: [32634]
2025-09-03 08:08:08,329 - INFO - composites.py:281 - Selected scenes:
2025-09-03 08:08:08,329 - INFO - composites.py:283 -         S2A_MSIL2A_20250419T092231_R093_T34SFH_20250419T122712
2025-09-03 08:08:08,329 - INFO - composites.py:283 -         S2B_MSIL2A_20250412T092029_R093_T34SFH_20250412T114858
2025-09-03 08:08:08,329 - INFO - composites.py:283 -         S2C_MSIL2A_20250417T092051_R093_T34SFH_20250417T150029
2025-09-03 08:08:08,692 - INFO - sentinel2.py:154 - Matplotlib backend: Agg
2025-09-03 08:08:08,813 - INFO - sentinel2.py:224 - Write input scenes footprint overlay: //nas-rs.topo.auth.gr/Latomeia/DROUGHT/composites/x10/y11/2025/04/01/S2L2A_medcomp_x10y11_202504_InDataFootprint.jpeg
2025-09-03 08:08:08,982 - INFO - composites.py:297 -                                  
2025-09-03 08:08:08,982 - INFO - composites.py:298 - Downstream STAC items from Planetary Computer
2025-09-03 08:08:08,982 - INFO - timeseries_processing.py:115 -                                  
2025-09-03 08:08:08,982 - INFO - timeseries_processing.py:116 - Loading bands of diferent resolutions in EPSG:32634
2025-09-03 08:08:08,982 - INFO - timeseries_processing.py:120 -     Filtering items with native UTM EPSG:32634
2025-09-03 08:08:08,982 - INFO - timeseries_processing.py:122 -     3 Items in EPSG:32634
2025-09-03 08:08:08,982 - INFO - timeseries_processing.py:129 -                        
2025-09-03 08:08:08,982 - INFO - timeseries_processing.py:130 -     Loading parameters:
2025-09-03 08:08:08,982 - INFO - timeseries_processing.py:131 -         Bands: ['B05', 'B07', 'B8A', 'SCL']
2025-09-03 08:08:08,982 - INFO - timeseries_processing.py:132 -         Spatial resolution: 20
2025-09-03 08:08:08,982 - INFO - timeseries_processing.py:134 -         Get Assets from STAC Items
2025-09-03 08:08:08,982 - INFO - timeseries_processing.py:47 -         Initialize the STAC client
2025-09-03 08:08:09,459 - INFO - timeseries_processing.py:137 -         Loading 3 STAC Items....
2025-09-03 08:08:40,397 - INFO - timeseries_processing.py:146 -         Cube has been downloaded
2025-09-03 08:08:40,398 - INFO - timeseries_processing.py:156 -         Fix order of dimensions
2025-09-03 08:08:40,398 - INFO - timeseries_processing.py:161 -         Append bands to the band-list of EPSG:32634
2025-09-03 08:08:40,398 - INFO - timeseries_processing.py:129 -                        
2025-09-03 08:08:40,400 - INFO - timeseries_processing.py:130 -     Loading parameters:
2025-09-03 08:08:40,400 - INFO - timeseries_processing.py:131 -         Bands: ['B02', 'B03', 'B04']
2025-09-03 08:08:40,400 - INFO - timeseries_processing.py:132 -         Spatial resolution: 10
2025-09-03 08:08:40,400 - INFO - timeseries_processing.py:134 -         Get Assets from STAC Items
2025-09-03 08:08:40,400 - INFO - timeseries_processing.py:47 -         Initialize the STAC client
2025-09-03 08:08:40,846 - INFO - timeseries_processing.py:137 -         Loading 3 STAC Items....
2025-09-03 08:09:55,893 - INFO - timeseries_processing.py:146 -         Cube has been downloaded
2025-09-03 08:09:55,893 - INFO - timeseries_processing.py:149 -         Reproject to downsample 10m bands to 20m by Resampling.average 2x2 binning and shape matching with odc.geo.GeoBox
2025-09-03 08:10:00,518 - INFO - timeseries_processing.py:161 -         Append bands to the band-list of EPSG:32634
2025-09-03 08:10:00,518 - INFO - timeseries_processing.py:165 -                        
2025-09-03 08:10:00,518 - INFO - timeseries_processing.py:166 -     Merging bands in a single dataset
2025-09-03 08:10:00,519 - INFO - timeseries_processing.py:167 -     Ensure all partial datasets are at (x=20, y=-20) resolution
2025-09-03 08:10:00,519 - INFO - timeseries_processing.py:171 -     Clip to the intersection of indexes
2025-09-03 08:10:01,519 - INFO - timeseries_processing.py:180 -     Make a list of bands to merge
2025-09-03 08:10:01,521 - INFO - timeseries_processing.py:184 -     Merge on intersection
2025-09-03 08:10:01,523 - INFO - timeseries_processing.py:192 -     Apply masks on clouds, shadows, thin cirrus, and snow/ice
2025-09-03 08:10:01,524 - INFO - sentinel2.py:122 -                Masking bits: [3, 7, 8, 9, 10, 11]
2025-09-03 08:10:01,906 - INFO - composites.py:307 - Reproject from UTM Zone to Tile geometry -> CRS(EPSG:32634), Resampling.bilinear
2025-09-03 08:10:03,936 - INFO - composites.py:310 -     New shape of datasets: Shape2d(x=2400, y=2400)
2025-09-03 08:10:04,480 - INFO - composites.py:329 - Scale SR to Sen2Cor Baseline 4.00 - Subtract 1000 in dates post 2022-01-25
2025-09-03 08:10:04,981 - INFO - composites.py:342 - Creating preview plot of input scenes
2025-09-03 08:10:24,030 - INFO - timeseries_processing.py:349 - Saved preview for 'B04' to //nas-rs.topo.auth.gr/Latomeia/DROUGHT/composites/x10/y11/2025/04/01/S2L2A_medcomp_x10y11_202504_InDataPreview.jpeg
2025-09-03 08:10:24,032 - INFO - composites.py:348 - Clip value range
2025-09-03 08:10:24,634 - INFO - composites.py:353 -                           
2025-09-03 08:10:24,642 - INFO - composites.py:354 - Computing spectral indices:
2025-09-03 08:10:24,643 - INFO - composites.py:357 -     EVI...
2025-09-03 08:10:25,078 - INFO - composites.py:359 -     NDVI...
2025-09-03 08:10:25,229 - INFO - composites.py:361 -     PSRI2...
2025-09-03 08:10:25,317 - INFO - composites.py:364 - Clip to typical value range
2025-09-03 08:10:25,430 - INFO - composites.py:371 - Reducing to median value temporal composite
2025-09-03 08:10:50,941 - INFO - composites.py:390 - Scale and Define data types & nodata per band
2025-09-03 08:10:51,056 - INFO - composites.py:411 - Assign time range and tile ID in metadata
2025-09-03 08:10:51,056 - INFO - composites.py:419 - Write bands to raster COG files
2025-09-03 08:10:54,935 - INFO - composites.py:432 - Write B02 -> //nas-rs.topo.auth.gr/Latomeia/DROUGHT/composites/x10/y11/2025/04/01/S2L2A_medcomp_x10y11_202504_B02.tif
2025-09-03 08:10:58,978 - INFO - composites.py:432 - Write B03 -> //nas-rs.topo.auth.gr/Latomeia/DROUGHT/composites/x10/y11/2025/04/01/S2L2A_medcomp_x10y11_202504_B03.tif
2025-09-03 08:11:02,862 - INFO - composites.py:432 - Write B04 -> //nas-rs.topo.auth.gr/Latomeia/DROUGHT/composites/x10/y11/2025/04/01/S2L2A_medcomp_x10y11_202504_B04.tif
2025-09-03 08:11:06,766 - INFO - composites.py:432 - Write B05 -> //nas-rs.topo.auth.gr/Latomeia/DROUGHT/composites/x10/y11/2025/04/01/S2L2A_medcomp_x10y11_202504_B05.tif
2025-09-03 08:11:10,600 - INFO - composites.py:432 - Write B07 -> //nas-rs.topo.auth.gr/Latomeia/DROUGHT/composites/x10/y11/2025/04/01/S2L2A_medcomp_x10y11_202504_B07.tif
2025-09-03 08:11:14,831 - INFO - composites.py:432 - Write B8A -> //nas-rs.topo.auth.gr/Latomeia/DROUGHT/composites/x10/y11/2025/04/01/S2L2A_medcomp_x10y11_202504_B8A.tif
2025-09-03 08:11:18,673 - INFO - composites.py:432 - Write EVI -> //nas-rs.topo.auth.gr/Latomeia/DROUGHT/composites/x10/y11/2025/04/01/S2L2A_medcomp_x10y11_202504_EVI.tif
2025-09-03 08:11:22,512 - INFO - composites.py:432 - Write NDVI -> //nas-rs.topo.auth.gr/Latomeia/DROUGHT/composites/x10/y11/2025/04/01/S2L2A_medcomp_x10y11_202504_NDVI.tif
2025-09-03 08:11:26,272 - INFO - composites.py:432 - Write PSRI2 -> //nas-rs.topo.auth.gr/Latomeia/DROUGHT/composites/x10/y11/2025/04/01/S2L2A_medcomp_x10y11_202504_PSRI2.tif
2025-09-03 08:11:26,286 - INFO - composites.py:436 - Prepare metadata YAML document
2025-09-03 08:11:26,840 - INFO - composites.py:458 - Write metadata YAML document to disk
2025-09-03 08:11:26,863 - INFO - composites.py:463 - Create datacube.model.Dataset from eo3 metadata
2025-09-03 08:11:26,875 - INFO - composites.py:476 - Index to datacube
2025-09-03 08:11:26,876 - INFO - _datasets.py:191 - Indexing 076913ad-1413-4c5c-9f81-42d90892e2e3
2025-09-03 08:11:26,884 - INFO - composites.py:479 - 
2025-09-03 08:11:26,884 - INFO - composites.py:480 -              ✔✔✔ COMPLETED: Tile x10_y11 | Time: 2025-04 | In 3.54 minutes
2025-09-03 08:11:26,884 - INFO - composites.py:481 - 
2025-09-03 08:11:26,884 - INFO - composites.py:489 - Closing Dask client
2025-09-03 08:11:26,887 - INFO - composites.py:493 - Closing Dask cluster
2025-09-03 08:11:26,887 - INFO - composites.py:494 - #######################################################################
