2025-09-04 23:32:11,504 - INFO - composites.py:102 - #######################################################################
2025-09-04 23:32:11,504 - INFO - composites.py:104 - Processing started
2025-09-04 23:32:11,504 - INFO - composites.py:105 -         Tile: x08_y10
2025-09-04 23:32:11,504 - INFO - composites.py:106 -         Time: 2025-09
2025-09-04 23:32:11,504 - INFO - composites.py:109 -                           
2025-09-04 23:32:11,504 - INFO - composites.py:110 - Establishing connection to datacube
2025-09-04 23:32:12,064 - INFO - composites.py:113 -                           
2025-09-04 23:32:12,064 - INFO - composites.py:114 - Sanity test: Check if dataset already exists in the datacube
2025-09-04 23:32:12,086 - INFO - composites.py:133 - The composite requested was not found and it will be computed
2025-09-04 23:32:12,086 - INFO - composites.py:136 -                                  
2025-09-04 23:32:12,086 - INFO - composites.py:137 - Initializing Dask cluster for parallelization
2025-09-04 23:32:17,158 - INFO - composites.py:161 - Dask dashboard is available at: http://127.0.0.1:8787/status
2025-09-04 23:32:17,158 - INFO - composites.py:164 - Create directories and naming conversions
2025-09-04 23:32:17,170 - INFO - composites.py:177 - Dataset location: //nas-rs.topo.auth.gr/Latomeia/DROUGHT/composites/x08/y10/2025/09/01
2025-09-04 23:32:17,170 - INFO - composites.py:180 -                           
2025-09-04 23:32:17,171 - INFO - composites.py:181 - Retrieve tile geometry
2025-09-04 23:32:17,208 - INFO - composites.py:192 - Create the Bounding Box (φ,λ)
2025-09-04 23:32:17,208 - INFO - composites.py:198 - Create the Bounding Box (x,y)
2025-09-04 23:32:17,208 - INFO - composites.py:211 -                           
2025-09-04 23:32:17,208 - INFO - composites.py:212 - Connect to Planetary Computer STAC Catalog
2025-09-04 23:32:17,446 - INFO - composites.py:220 - Search the STAC Catalog
2025-09-04 23:32:17,512 - INFO - composites.py:232 -         Query parameters:
2025-09-04 23:32:17,512 - INFO - composites.py:233 -             url:          https://planetarycomputer.microsoft.com/api/stac/v1/search
2025-09-04 23:32:17,512 - INFO - composites.py:234 -             client:       microsoft-pc
2025-09-04 23:32:17,512 - INFO - composites.py:235 -             collection:   sentinel-2-l2a
2025-09-04 23:32:17,512 - INFO - composites.py:236 -             bbox:         (21.39721400014901, 37.8618519319046, 22.06142649589928, 38.40819969704171)
2025-09-04 23:32:17,512 - INFO - composites.py:237 -             time range:   2025-09-01T00:00:00Z/2025-09-30T23:59:59Z
2025-09-04 23:32:17,512 - INFO - composites.py:238 -             cloud cover:  0% - 70%
2025-09-04 23:32:17,512 - INFO - composites.py:239 -             nodata cover: 0% - 33%
2025-09-04 23:32:17,512 - INFO - composites.py:241 -                           
2025-09-04 23:32:17,512 - INFO - composites.py:242 - Searching...
2025-09-04 23:32:17,893 - INFO - composites.py:245 - Query found 2 items
2025-09-04 23:32:17,893 - INFO - composites.py:247 - Searching for GRI REFINED scenes:
2025-09-04 23:32:21,339 - INFO - sentinel2.py:78 - 1/2 - S2C_MSIL2A_20250904T092051_R093_T34SEH_20250904T131114 -> REFINED
2025-09-04 23:32:25,454 - INFO - sentinel2.py:78 - 2/2 - S2C_MSIL2A_20250904T092051_R093_T34SEG_20250904T131114 -> REFINED
2025-09-04 23:32:25,478 - INFO - composites.py:250 -                                  
2025-09-04 23:32:25,478 - INFO - composites.py:251 - 2/2 were refined by GRI.
2025-09-04 23:32:25,479 - INFO - composites.py:263 - Looking for up to 8 cleanest images within spatiotemporal range of each MGRS tile
2025-09-04 23:32:25,479 - INFO - composites.py:277 - Filtered cleanest scenes: Kept 2 out of 2 items. 
2025-09-04 23:32:25,479 - INFO - composites.py:278 -         Included MGRS Tiles: ['34SEG' '34SEH']
2025-09-04 23:32:25,479 - INFO - composites.py:279 -         Included EPSG codes: [32634]
2025-09-04 23:32:25,480 - INFO - composites.py:281 - Selected scenes:
2025-09-04 23:32:25,480 - INFO - composites.py:283 -         S2C_MSIL2A_20250904T092051_R093_T34SEG_20250904T131114
2025-09-04 23:32:25,480 - INFO - composites.py:283 -         S2C_MSIL2A_20250904T092051_R093_T34SEH_20250904T131114
2025-09-04 23:32:25,854 - INFO - sentinel2.py:154 - Matplotlib backend: Agg
2025-09-04 23:32:25,993 - INFO - sentinel2.py:224 - Write input scenes footprint overlay: //nas-rs.topo.auth.gr/Latomeia/DROUGHT/composites/x08/y10/2025/09/01/S2L2A_medcomp_x08y10_202509_InDataFootprint.jpeg
2025-09-04 23:32:26,223 - INFO - composites.py:297 -                                  
2025-09-04 23:32:26,223 - INFO - composites.py:298 - Downstream STAC items from Planetary Computer
2025-09-04 23:32:26,223 - INFO - timeseries_processing.py:115 -                                  
2025-09-04 23:32:26,223 - INFO - timeseries_processing.py:116 - Loading bands of diferent resolutions in EPSG:32634
2025-09-04 23:32:26,223 - INFO - timeseries_processing.py:120 -     Filtering items with native UTM EPSG:32634
2025-09-04 23:32:26,223 - INFO - timeseries_processing.py:122 -     2 Items in EPSG:32634
2025-09-04 23:32:26,223 - INFO - timeseries_processing.py:129 -                        
2025-09-04 23:32:26,223 - INFO - timeseries_processing.py:130 -     Loading parameters:
2025-09-04 23:32:26,223 - INFO - timeseries_processing.py:131 -         Bands: ['B05', 'B07', 'B8A', 'SCL']
2025-09-04 23:32:26,223 - INFO - timeseries_processing.py:132 -         Spatial resolution: 20
2025-09-04 23:32:26,223 - INFO - timeseries_processing.py:134 -         Get Assets from STAC Items
2025-09-04 23:32:26,223 - INFO - timeseries_processing.py:47 -         Initialize the STAC client
2025-09-04 23:32:26,677 - INFO - timeseries_processing.py:137 -         Loading 2 STAC Items....
2025-09-04 23:32:41,321 - INFO - timeseries_processing.py:146 -         Cube has been downloaded
2025-09-04 23:32:41,322 - INFO - timeseries_processing.py:156 -         Fix order of dimensions
2025-09-04 23:32:41,323 - INFO - timeseries_processing.py:161 -         Append bands to the band-list of EPSG:32634
2025-09-04 23:32:41,324 - INFO - timeseries_processing.py:129 -                        
2025-09-04 23:32:41,324 - INFO - timeseries_processing.py:130 -     Loading parameters:
2025-09-04 23:32:41,324 - INFO - timeseries_processing.py:131 -         Bands: ['B02', 'B03', 'B04']
2025-09-04 23:32:41,324 - INFO - timeseries_processing.py:132 -         Spatial resolution: 10
2025-09-04 23:32:41,324 - INFO - timeseries_processing.py:134 -         Get Assets from STAC Items
2025-09-04 23:32:41,324 - INFO - timeseries_processing.py:47 -         Initialize the STAC client
2025-09-04 23:32:41,758 - INFO - timeseries_processing.py:137 -         Loading 2 STAC Items....
2025-09-04 23:32:57,047 - INFO - timeseries_processing.py:146 -         Cube has been downloaded
2025-09-04 23:32:57,048 - INFO - timeseries_processing.py:149 -         Reproject to downsample 10m bands to 20m by Resampling.average 2x2 binning and shape matching with odc.geo.GeoBox
2025-09-04 23:32:58,639 - INFO - timeseries_processing.py:161 -         Append bands to the band-list of EPSG:32634
2025-09-04 23:32:58,639 - INFO - timeseries_processing.py:165 -                        
2025-09-04 23:32:58,639 - INFO - timeseries_processing.py:166 -     Merging bands in a single dataset
2025-09-04 23:32:58,644 - INFO - timeseries_processing.py:167 -     Ensure all partial datasets are at (x=20, y=-20) resolution
2025-09-04 23:32:58,646 - INFO - timeseries_processing.py:171 -     Clip to the intersection of indexes
2025-09-04 23:32:59,743 - INFO - timeseries_processing.py:180 -     Make a list of bands to merge
2025-09-04 23:32:59,744 - INFO - timeseries_processing.py:184 -     Merge on intersection
2025-09-04 23:32:59,744 - INFO - timeseries_processing.py:192 -     Apply masks on clouds, shadows, thin cirrus, and snow/ice
2025-09-04 23:32:59,744 - INFO - sentinel2.py:122 -                Masking bits: [3, 7, 8, 9, 10, 11]
2025-09-04 23:32:59,856 - INFO - composites.py:307 - Reproject from UTM Zone to Tile geometry -> CRS(EPSG:32634), Resampling.bilinear
2025-09-04 23:33:00,579 - INFO - composites.py:310 -     New shape of datasets: Shape2d(x=2400, y=2400)
2025-09-04 23:33:01,051 - INFO - composites.py:329 - Scale SR to Sen2Cor Baseline 4.00 - Subtract 1000 in dates post 2022-01-25
2025-09-04 23:33:01,229 - INFO - composites.py:342 - Creating preview plot of input scenes
2025-09-04 23:33:16,768 - INFO - timeseries_processing.py:349 - Saved preview for 'B04' to //nas-rs.topo.auth.gr/Latomeia/DROUGHT/composites/x08/y10/2025/09/01/S2L2A_medcomp_x08y10_202509_InDataPreview.jpeg
2025-09-04 23:33:16,769 - INFO - composites.py:348 - Clip value range
2025-09-04 23:33:16,980 - INFO - composites.py:353 -                           
2025-09-04 23:33:16,980 - INFO - composites.py:354 - Computing spectral indices:
2025-09-04 23:33:16,980 - INFO - composites.py:357 -     EVI...
2025-09-04 23:33:17,106 - INFO - composites.py:359 -     NDVI...
2025-09-04 23:33:17,163 - INFO - composites.py:361 -     PSRI2...
2025-09-04 23:33:17,191 - INFO - composites.py:364 - Clip to typical value range
2025-09-04 23:33:17,229 - INFO - composites.py:371 - Reducing to median value temporal composite
2025-09-04 23:33:35,750 - INFO - composites.py:390 - Scale and Define data types & nodata per band
2025-09-04 23:33:35,892 - INFO - composites.py:411 - Assign time range and tile ID in metadata
2025-09-04 23:33:35,892 - INFO - composites.py:419 - Write bands to raster COG files
2025-09-04 23:33:39,843 - INFO - composites.py:432 - Write B02 -> //nas-rs.topo.auth.gr/Latomeia/DROUGHT/composites/x08/y10/2025/09/01/S2L2A_medcomp_x08y10_202509_B02.tif
2025-09-04 23:33:43,642 - INFO - composites.py:432 - Write B03 -> //nas-rs.topo.auth.gr/Latomeia/DROUGHT/composites/x08/y10/2025/09/01/S2L2A_medcomp_x08y10_202509_B03.tif
2025-09-04 23:33:47,527 - INFO - composites.py:432 - Write B04 -> //nas-rs.topo.auth.gr/Latomeia/DROUGHT/composites/x08/y10/2025/09/01/S2L2A_medcomp_x08y10_202509_B04.tif
2025-09-04 23:33:51,447 - INFO - composites.py:432 - Write B05 -> //nas-rs.topo.auth.gr/Latomeia/DROUGHT/composites/x08/y10/2025/09/01/S2L2A_medcomp_x08y10_202509_B05.tif
2025-09-04 23:33:55,304 - INFO - composites.py:432 - Write B07 -> //nas-rs.topo.auth.gr/Latomeia/DROUGHT/composites/x08/y10/2025/09/01/S2L2A_medcomp_x08y10_202509_B07.tif
2025-09-04 23:33:59,206 - INFO - composites.py:432 - Write B8A -> //nas-rs.topo.auth.gr/Latomeia/DROUGHT/composites/x08/y10/2025/09/01/S2L2A_medcomp_x08y10_202509_B8A.tif
2025-09-04 23:34:03,045 - INFO - composites.py:432 - Write EVI -> //nas-rs.topo.auth.gr/Latomeia/DROUGHT/composites/x08/y10/2025/09/01/S2L2A_medcomp_x08y10_202509_EVI.tif
2025-09-04 23:34:06,940 - INFO - composites.py:432 - Write NDVI -> //nas-rs.topo.auth.gr/Latomeia/DROUGHT/composites/x08/y10/2025/09/01/S2L2A_medcomp_x08y10_202509_NDVI.tif
2025-09-04 23:34:11,102 - INFO - composites.py:432 - Write PSRI2 -> //nas-rs.topo.auth.gr/Latomeia/DROUGHT/composites/x08/y10/2025/09/01/S2L2A_medcomp_x08y10_202509_PSRI2.tif
2025-09-04 23:34:11,102 - INFO - composites.py:436 - Prepare metadata YAML document
2025-09-04 23:34:11,557 - INFO - composites.py:458 - Write metadata YAML document to disk
2025-09-04 23:34:11,628 - INFO - composites.py:463 - Create datacube.model.Dataset from eo3 metadata
2025-09-04 23:34:11,639 - INFO - composites.py:476 - Index to datacube
2025-09-04 23:34:11,639 - INFO - _datasets.py:191 - Indexing 18d97273-f939-4916-b405-9fe01649caa1
2025-09-04 23:34:11,658 - INFO - composites.py:479 - 
2025-09-04 23:34:11,658 - INFO - composites.py:480 -              ✔✔✔ COMPLETED: Tile x08_y10 | Time: 2025-09 | In 2.0 minutes
2025-09-04 23:34:11,658 - INFO - composites.py:481 - 
2025-09-04 23:34:11,658 - INFO - composites.py:489 - Closing Dask client
2025-09-04 23:34:11,660 - INFO - composites.py:493 - Closing Dask cluster
2025-09-04 23:34:11,660 - INFO - composites.py:494 - #######################################################################
