2025-08-30 17:36:22,045 - INFO - composites.py:102 - #######################################################################
2025-08-30 17:36:22,045 - INFO - composites.py:104 - Processing started
2025-08-30 17:36:22,045 - INFO - composites.py:105 -         Tile: x11_y10
2025-08-30 17:36:22,045 - INFO - composites.py:106 -         Time: 2022-12
2025-08-30 17:36:22,045 - INFO - composites.py:109 -                           
2025-08-30 17:36:22,045 - INFO - composites.py:110 - Establishing connection to datacube
2025-08-30 17:36:22,547 - INFO - composites.py:113 -                           
2025-08-30 17:36:22,548 - INFO - composites.py:114 - Sanity test: Check if dataset already exists in the datacube
2025-08-30 17:36:22,566 - INFO - composites.py:133 - The composite requested was not found and it will be computed
2025-08-30 17:36:22,566 - INFO - composites.py:136 -                                  
2025-08-30 17:36:22,566 - INFO - composites.py:137 - Initializing Dask cluster for parallelization
2025-08-30 17:36:27,612 - INFO - composites.py:161 - Dask dashboard is available at: http://127.0.0.1:8787/status
2025-08-30 17:36:27,612 - INFO - composites.py:164 - Create directories and naming conversions
2025-08-30 17:36:27,625 - INFO - composites.py:177 - Dataset location: //nas-rs.topo.auth.gr/Latomeia/DROUGHT/composites/x11/y10/2022/12/01
2025-08-30 17:36:27,625 - INFO - composites.py:180 -                           
2025-08-30 17:36:27,625 - INFO - composites.py:181 - Retrieve tile geometry
2025-08-30 17:36:27,654 - INFO - composites.py:192 - Create the Bounding Box (φ,λ)
2025-08-30 17:36:27,654 - INFO - composites.py:198 - Create the Bounding Box (x,y)
2025-08-30 17:36:27,654 - INFO - composites.py:211 -                           
2025-08-30 17:36:27,654 - INFO - composites.py:212 - Connect to Planetary Computer STAC Catalog
2025-08-30 17:36:27,864 - INFO - composites.py:220 - Search the STAC Catalog
2025-08-30 17:36:27,933 - INFO - composites.py:232 -         Query parameters:
2025-08-30 17:36:27,933 - INFO - composites.py:233 -             url:          https://planetarycomputer.microsoft.com/api/stac/v1/search
2025-08-30 17:36:27,933 - INFO - composites.py:234 -             client:       microsoft-pc
2025-08-30 17:36:27,933 - INFO - composites.py:235 -             collection:   sentinel-2-l2a
2025-08-30 17:36:27,933 - INFO - composites.py:236 -             bbox:         (23.00741948027706, 37.64467818172542, 23.67848359322628, 38.19853968883684)
2025-08-30 17:36:27,933 - INFO - composites.py:237 -             time range:   2022-12-01T00:00:00Z/2022-12-31T23:59:59Z
2025-08-30 17:36:27,933 - INFO - composites.py:238 -             cloud cover:  0% - 70%
2025-08-30 17:36:27,933 - INFO - composites.py:239 -             nodata cover: 0% - 33%
2025-08-30 17:36:27,933 - INFO - composites.py:241 -                           
2025-08-30 17:36:27,933 - INFO - composites.py:242 - Searching...
2025-08-30 17:36:28,498 - INFO - composites.py:245 - Query found 34 items
2025-08-30 17:36:28,499 - INFO - composites.py:247 - Searching for GRI REFINED scenes:
2025-08-30 17:36:34,692 - INFO - sentinel2.py:78 - 1/34 - S2B_MSIL2A_20221231T091309_R050_T35SKC_20230101T054514 -> REFINED
2025-08-30 17:36:40,622 - INFO - sentinel2.py:78 - 2/34 - S2B_MSIL2A_20221231T091309_R050_T35SKB_20230101T053233 -> REFINED
2025-08-30 17:36:46,008 - INFO - sentinel2.py:78 - 3/34 - S2B_MSIL2A_20221231T091309_R050_T34SGH_20230101T045959 -> REFINED
2025-08-30 17:36:50,994 - INFO - sentinel2.py:78 - 4/34 - S2B_MSIL2A_20221231T091309_R050_T34SGG_20230101T044841 -> REFINED
2025-08-30 17:36:56,153 - INFO - sentinel2.py:78 - 5/34 - S2B_MSIL2A_20221231T091309_R050_T34SFG_20230101T050734 -> REFINED
2025-08-30 17:37:02,274 - INFO - sentinel2.py:78 - 6/34 - S2A_MSIL2A_20221229T092411_R093_T34SFH_20221230T143154 -> REFINED
2025-08-30 17:37:07,576 - INFO - sentinel2.py:78 - 7/34 - S2A_MSIL2A_20221229T092411_R093_T34SFG_20221230T150250 -> REFINED
2025-08-30 17:37:13,923 - INFO - sentinel2.py:78 - 8/34 - S2A_MSIL2A_20221226T091401_R050_T35SKC_20221227T020124 -> REFINED
2025-08-30 17:37:19,099 - INFO - sentinel2.py:78 - 9/34 - S2A_MSIL2A_20221226T091401_R050_T35SKB_20221227T004915 -> REFINED
2025-08-30 17:37:24,649 - INFO - sentinel2.py:78 - 10/34 - S2A_MSIL2A_20221226T091401_R050_T34SGH_20221227T013835 -> REFINED
2025-08-30 17:37:30,340 - INFO - sentinel2.py:78 - 11/34 - S2A_MSIL2A_20221226T091401_R050_T34SGG_20221227T021032 -> REFINED
2025-08-30 17:37:35,986 - INFO - sentinel2.py:78 - 12/34 - S2A_MSIL2A_20221226T091401_R050_T34SFG_20221227T013618 -> REFINED
2025-08-30 17:37:40,851 - INFO - sentinel2.py:78 - 13/34 - S2B_MSIL2A_20221224T092319_R093_T34SFH_20221225T105922 -> REFINED
2025-08-30 17:37:46,976 - INFO - sentinel2.py:78 - 14/34 - S2B_MSIL2A_20221224T092319_R093_T34SFG_20221225T104400 -> REFINED
2025-08-30 17:37:51,900 - INFO - sentinel2.py:78 - 15/34 - S2B_MSIL2A_20221221T091309_R050_T35SKC_20221222T021514 -> REFINED
2025-08-30 17:37:57,926 - INFO - sentinel2.py:78 - 16/34 - S2B_MSIL2A_20221221T091309_R050_T35SKB_20221222T010902 -> REFINED
2025-08-30 17:38:03,821 - INFO - sentinel2.py:78 - 17/34 - S2B_MSIL2A_20221221T091309_R050_T34SGH_20221222T022944 -> REFINED
2025-08-30 17:38:09,426 - INFO - sentinel2.py:78 - 18/34 - S2B_MSIL2A_20221221T091309_R050_T34SGG_20221222T030157 -> REFINED
2025-08-30 17:38:14,288 - INFO - sentinel2.py:78 - 19/34 - S2B_MSIL2A_20221221T091309_R050_T34SFG_20221222T020108 -> REFINED
2025-08-30 17:38:19,631 - INFO - sentinel2.py:78 - 20/34 - S2A_MSIL2A_20221219T092411_R093_T34SFG_20221220T053938 -> REFINED
2025-08-30 17:38:25,611 - INFO - sentinel2.py:78 - 21/34 - S2A_MSIL2A_20221216T091401_R050_T35SKB_20221217T053156 -> REFINED
2025-08-30 17:38:30,816 - INFO - sentinel2.py:78 - 22/34 - S2A_MSIL2A_20221216T091401_R050_T34SGG_20221217T063533 -> REFINED
2025-08-30 17:38:36,228 - INFO - sentinel2.py:78 - 23/34 - S2A_MSIL2A_20221216T091401_R050_T34SFG_20221217T055234 -> REFINED
2025-08-30 17:38:41,186 - INFO - sentinel2.py:78 - 24/34 - S2A_MSIL2A_20221209T092401_R093_T34SFH_20221210T062805 -> REFINED
2025-08-30 17:38:46,277 - INFO - sentinel2.py:78 - 25/34 - S2A_MSIL2A_20221209T092401_R093_T34SFG_20221210T070642 -> REFINED
2025-08-30 17:38:53,159 - INFO - sentinel2.py:78 - 26/34 - S2A_MSIL2A_20221206T091351_R050_T35SKC_20221207T081655 -> REFINED
2025-08-30 17:38:59,339 - INFO - sentinel2.py:78 - 27/34 - S2A_MSIL2A_20221206T091351_R050_T35SKB_20221207T072556 -> REFINED
2025-08-30 17:39:05,333 - INFO - sentinel2.py:78 - 28/34 - S2A_MSIL2A_20221206T091351_R050_T34SGH_20221207T082726 -> REFINED
2025-08-30 17:39:11,172 - INFO - sentinel2.py:78 - 29/34 - S2A_MSIL2A_20221206T091351_R050_T34SGG_20221207T070445 -> REFINED
2025-08-30 17:39:17,238 - INFO - sentinel2.py:78 - 30/34 - S2B_MSIL2A_20221204T092249_R093_T34SFH_20221204T190930 -> REFINED
2025-08-30 17:39:22,669 - INFO - sentinel2.py:78 - 31/34 - S2B_MSIL2A_20221201T091239_R050_T35SKC_20221203T094920 -> REFINED
2025-08-30 17:39:28,639 - INFO - sentinel2.py:78 - 32/34 - S2B_MSIL2A_20221201T091239_R050_T35SKB_20221203T095653 -> REFINED
2025-08-30 17:39:34,415 - INFO - sentinel2.py:78 - 33/34 - S2B_MSIL2A_20221201T091239_R050_T34SGH_20221203T094121 -> REFINED
2025-08-30 17:39:40,737 - INFO - sentinel2.py:78 - 34/34 - S2B_MSIL2A_20221201T091239_R050_T34SGG_20221203T101542 -> REFINED
2025-08-30 17:39:40,775 - INFO - composites.py:250 -                                  
2025-08-30 17:39:40,776 - INFO - composites.py:251 - 34/34 were refined by GRI.
2025-08-30 17:39:40,776 - INFO - composites.py:263 - Looking for up to 10 cleanest images within spatiotemporal range of each MGRS tile
2025-08-30 17:39:40,777 - INFO - composites.py:277 - Filtered cleanest scenes: Kept 34 out of 34 items. 
2025-08-30 17:39:40,777 - INFO - composites.py:278 -         Included MGRS Tiles: ['34SFG' '34SFH' '34SGG' '34SGH' '35SKB' '35SKC']
2025-08-30 17:39:40,777 - INFO - composites.py:279 -         Included EPSG codes: [32634 32635]
2025-08-30 17:39:40,777 - INFO - composites.py:281 - Selected scenes:
2025-08-30 17:39:40,777 - INFO - composites.py:283 -         S2A_MSIL2A_20221226T091401_R050_T34SFG_20221227T013618
2025-08-30 17:39:40,787 - INFO - composites.py:283 -         S2B_MSIL2A_20221224T092319_R093_T34SFG_20221225T104400
2025-08-30 17:39:40,787 - INFO - composites.py:283 -         S2B_MSIL2A_20221221T091309_R050_T34SFG_20221222T020108
2025-08-30 17:39:40,787 - INFO - composites.py:283 -         S2A_MSIL2A_20221216T091401_R050_T34SFG_20221217T055234
2025-08-30 17:39:40,787 - INFO - composites.py:283 -         S2A_MSIL2A_20221209T092401_R093_T34SFG_20221210T070642
2025-08-30 17:39:40,789 - INFO - composites.py:283 -         S2A_MSIL2A_20221229T092411_R093_T34SFG_20221230T150250
2025-08-30 17:39:40,789 - INFO - composites.py:283 -         S2B_MSIL2A_20221231T091309_R050_T34SFG_20230101T050734
2025-08-30 17:39:40,789 - INFO - composites.py:283 -         S2A_MSIL2A_20221219T092411_R093_T34SFG_20221220T053938
2025-08-30 17:39:40,789 - INFO - composites.py:283 -         S2A_MSIL2A_20221229T092411_R093_T34SFH_20221230T143154
2025-08-30 17:39:40,789 - INFO - composites.py:283 -         S2A_MSIL2A_20221209T092401_R093_T34SFH_20221210T062805
2025-08-30 17:39:40,790 - INFO - composites.py:283 -         S2B_MSIL2A_20221224T092319_R093_T34SFH_20221225T105922
2025-08-30 17:39:40,790 - INFO - composites.py:283 -         S2B_MSIL2A_20221204T092249_R093_T34SFH_20221204T190930
2025-08-30 17:39:40,790 - INFO - composites.py:283 -         S2A_MSIL2A_20221226T091401_R050_T34SGG_20221227T021032
2025-08-30 17:39:40,790 - INFO - composites.py:283 -         S2B_MSIL2A_20221231T091309_R050_T34SGG_20230101T044841
2025-08-30 17:39:40,790 - INFO - composites.py:283 -         S2B_MSIL2A_20221201T091239_R050_T34SGG_20221203T101542
2025-08-30 17:39:40,790 - INFO - composites.py:283 -         S2B_MSIL2A_20221221T091309_R050_T34SGG_20221222T030157
2025-08-30 17:39:40,790 - INFO - composites.py:283 -         S2A_MSIL2A_20221216T091401_R050_T34SGG_20221217T063533
2025-08-30 17:39:40,790 - INFO - composites.py:283 -         S2A_MSIL2A_20221206T091351_R050_T34SGG_20221207T070445
2025-08-30 17:39:40,790 - INFO - composites.py:283 -         S2A_MSIL2A_20221226T091401_R050_T34SGH_20221227T013835
2025-08-30 17:39:40,790 - INFO - composites.py:283 -         S2B_MSIL2A_20221231T091309_R050_T34SGH_20230101T045959
2025-08-30 17:39:40,790 - INFO - composites.py:283 -         S2A_MSIL2A_20221206T091351_R050_T34SGH_20221207T082726
2025-08-30 17:39:40,790 - INFO - composites.py:283 -         S2B_MSIL2A_20221201T091239_R050_T34SGH_20221203T094121
2025-08-30 17:39:40,790 - INFO - composites.py:283 -         S2B_MSIL2A_20221221T091309_R050_T34SGH_20221222T022944
2025-08-30 17:39:40,790 - INFO - composites.py:283 -         S2A_MSIL2A_20221226T091401_R050_T35SKB_20221227T004915
2025-08-30 17:39:40,790 - INFO - composites.py:283 -         S2B_MSIL2A_20221201T091239_R050_T35SKB_20221203T095653
2025-08-30 17:39:40,790 - INFO - composites.py:283 -         S2B_MSIL2A_20221231T091309_R050_T35SKB_20230101T053233
2025-08-30 17:39:40,790 - INFO - composites.py:283 -         S2A_MSIL2A_20221206T091351_R050_T35SKB_20221207T072556
2025-08-30 17:39:40,790 - INFO - composites.py:283 -         S2A_MSIL2A_20221216T091401_R050_T35SKB_20221217T053156
2025-08-30 17:39:40,790 - INFO - composites.py:283 -         S2B_MSIL2A_20221221T091309_R050_T35SKB_20221222T010902
2025-08-30 17:39:40,790 - INFO - composites.py:283 -         S2A_MSIL2A_20221226T091401_R050_T35SKC_20221227T020124
2025-08-30 17:39:40,790 - INFO - composites.py:283 -         S2B_MSIL2A_20221231T091309_R050_T35SKC_20230101T054514
2025-08-30 17:39:40,790 - INFO - composites.py:283 -         S2A_MSIL2A_20221206T091351_R050_T35SKC_20221207T081655
2025-08-30 17:39:40,790 - INFO - composites.py:283 -         S2B_MSIL2A_20221201T091239_R050_T35SKC_20221203T094920
2025-08-30 17:39:40,790 - INFO - composites.py:283 -         S2B_MSIL2A_20221221T091309_R050_T35SKC_20221222T021514
2025-08-30 17:39:41,239 - INFO - sentinel2.py:154 - Matplotlib backend: Agg
2025-08-30 17:39:41,562 - INFO - sentinel2.py:224 - Write input scenes footprint overlay: //nas-rs.topo.auth.gr/Latomeia/DROUGHT/composites/x11/y10/2022/12/01/S2L2A_medcomp_x11y10_202212_InDataFootprint.jpeg
2025-08-30 17:39:41,807 - INFO - composites.py:297 -                                  
2025-08-30 17:39:41,807 - INFO - composites.py:298 - Downstream STAC items from Planetary Computer
2025-08-30 17:39:41,807 - INFO - timeseries_processing.py:115 -                                  
2025-08-30 17:39:41,807 - INFO - timeseries_processing.py:116 - Loading bands of diferent resolutions in EPSG:32634
2025-08-30 17:39:41,807 - INFO - timeseries_processing.py:120 -     Filtering items with native UTM EPSG:32634
2025-08-30 17:39:41,807 - INFO - timeseries_processing.py:122 -     23 Items in EPSG:32634
2025-08-30 17:39:41,807 - INFO - timeseries_processing.py:129 -                        
2025-08-30 17:39:41,807 - INFO - timeseries_processing.py:130 -     Loading parameters:
2025-08-30 17:39:41,807 - INFO - timeseries_processing.py:131 -         Bands: ['B05', 'B07', 'B8A', 'SCL']
2025-08-30 17:39:41,807 - INFO - timeseries_processing.py:132 -         Spatial resolution: 20
2025-08-30 17:39:41,807 - INFO - timeseries_processing.py:134 -         Get Assets from STAC Items
2025-08-30 17:39:41,807 - INFO - timeseries_processing.py:47 -         Initialize the STAC client
2025-08-30 17:39:42,402 - INFO - timeseries_processing.py:137 -         Loading 23 STAC Items....
2025-08-30 17:40:59,884 - INFO - timeseries_processing.py:146 -         Cube has been downloaded
2025-08-30 17:40:59,884 - INFO - timeseries_processing.py:156 -         Fix order of dimensions
2025-08-30 17:40:59,885 - INFO - timeseries_processing.py:161 -         Append bands to the band-list of EPSG:32634
2025-08-30 17:40:59,885 - INFO - timeseries_processing.py:129 -                        
2025-08-30 17:40:59,888 - INFO - timeseries_processing.py:130 -     Loading parameters:
2025-08-30 17:40:59,888 - INFO - timeseries_processing.py:131 -         Bands: ['B02', 'B03', 'B04']
2025-08-30 17:40:59,889 - INFO - timeseries_processing.py:132 -         Spatial resolution: 10
2025-08-30 17:40:59,889 - INFO - timeseries_processing.py:134 -         Get Assets from STAC Items
2025-08-30 17:40:59,889 - INFO - timeseries_processing.py:47 -         Initialize the STAC client
2025-08-30 17:41:00,506 - INFO - timeseries_processing.py:137 -         Loading 23 STAC Items....
2025-08-30 17:42:56,186 - INFO - timeseries_processing.py:146 -         Cube has been downloaded
2025-08-30 17:42:56,186 - INFO - timeseries_processing.py:149 -         Reproject to downsample 10m bands to 20m by Resampling.average 2x2 binning and shape matching with odc.geo.GeoBox
2025-08-30 17:43:11,271 - INFO - timeseries_processing.py:161 -         Append bands to the band-list of EPSG:32634
2025-08-30 17:43:11,271 - INFO - timeseries_processing.py:165 -                        
2025-08-30 17:43:11,271 - INFO - timeseries_processing.py:166 -     Merging bands in a single dataset
2025-08-30 17:43:11,271 - INFO - timeseries_processing.py:167 -     Ensure all partial datasets are at (x=20, y=-20) resolution
2025-08-30 17:43:11,271 - INFO - timeseries_processing.py:171 -     Clip to the intersection of indexes
2025-08-30 17:43:12,551 - INFO - timeseries_processing.py:180 -     Make a list of bands to merge
2025-08-30 17:43:12,551 - INFO - timeseries_processing.py:184 -     Merge on intersection
2025-08-30 17:43:12,553 - INFO - timeseries_processing.py:192 -     Apply masks on clouds, shadows, thin cirrus, and snow/ice
2025-08-30 17:43:12,553 - INFO - sentinel2.py:122 -                Masking bits: [3, 7, 8, 9, 10, 11]
2025-08-30 17:43:14,005 - INFO - timeseries_processing.py:115 -                                  
2025-08-30 17:43:14,005 - INFO - timeseries_processing.py:116 - Loading bands of diferent resolutions in EPSG:32635
2025-08-30 17:43:14,005 - INFO - timeseries_processing.py:120 -     Filtering items with native UTM EPSG:32635
2025-08-30 17:43:14,005 - INFO - timeseries_processing.py:122 -     11 Items in EPSG:32635
2025-08-30 17:43:14,005 - INFO - timeseries_processing.py:129 -                        
2025-08-30 17:43:14,007 - INFO - timeseries_processing.py:130 -     Loading parameters:
2025-08-30 17:43:14,007 - INFO - timeseries_processing.py:131 -         Bands: ['B05', 'B07', 'B8A', 'SCL']
2025-08-30 17:43:14,007 - INFO - timeseries_processing.py:132 -         Spatial resolution: 20
2025-08-30 17:43:14,022 - INFO - timeseries_processing.py:134 -         Get Assets from STAC Items
2025-08-30 17:43:14,028 - INFO - timeseries_processing.py:47 -         Initialize the STAC client
2025-08-30 17:43:14,667 - INFO - timeseries_processing.py:137 -         Loading 11 STAC Items....
2025-08-30 17:43:30,693 - INFO - timeseries_processing.py:146 -         Cube has been downloaded
2025-08-30 17:43:30,693 - INFO - timeseries_processing.py:156 -         Fix order of dimensions
2025-08-30 17:43:30,694 - INFO - timeseries_processing.py:161 -         Append bands to the band-list of EPSG:32635
2025-08-30 17:43:30,694 - INFO - timeseries_processing.py:129 -                        
2025-08-30 17:43:30,694 - INFO - timeseries_processing.py:130 -     Loading parameters:
2025-08-30 17:43:30,696 - INFO - timeseries_processing.py:131 -         Bands: ['B02', 'B03', 'B04']
2025-08-30 17:43:30,696 - INFO - timeseries_processing.py:132 -         Spatial resolution: 10
2025-08-30 17:43:30,696 - INFO - timeseries_processing.py:134 -         Get Assets from STAC Items
2025-08-30 17:43:30,696 - INFO - timeseries_processing.py:47 -         Initialize the STAC client
2025-08-30 17:43:31,209 - INFO - timeseries_processing.py:137 -         Loading 11 STAC Items....
2025-08-30 17:43:50,979 - INFO - timeseries_processing.py:146 -         Cube has been downloaded
2025-08-30 17:43:50,979 - INFO - timeseries_processing.py:149 -         Reproject to downsample 10m bands to 20m by Resampling.average 2x2 binning and shape matching with odc.geo.GeoBox
2025-08-30 17:43:58,057 - INFO - timeseries_processing.py:161 -         Append bands to the band-list of EPSG:32635
2025-08-30 17:43:58,057 - INFO - timeseries_processing.py:165 -                        
2025-08-30 17:43:58,058 - INFO - timeseries_processing.py:166 -     Merging bands in a single dataset
2025-08-30 17:43:58,059 - INFO - timeseries_processing.py:167 -     Ensure all partial datasets are at (x=20, y=-20) resolution
2025-08-30 17:43:58,060 - INFO - timeseries_processing.py:171 -     Clip to the intersection of indexes
2025-08-30 17:43:58,061 - INFO - timeseries_processing.py:180 -     Make a list of bands to merge
2025-08-30 17:43:58,062 - INFO - timeseries_processing.py:184 -     Merge on intersection
2025-08-30 17:43:58,063 - INFO - timeseries_processing.py:192 -     Apply masks on clouds, shadows, thin cirrus, and snow/ice
2025-08-30 17:43:58,063 - INFO - sentinel2.py:122 -                Masking bits: [3, 7, 8, 9, 10, 11]
2025-08-30 17:43:58,842 - INFO - composites.py:307 - Reproject from UTM Zone to Tile geometry -> CRS(EPSG:32635), Resampling.bilinear
2025-08-30 17:44:10,444 - INFO - composites.py:310 -     New shape of datasets: Shape2d(x=2400, y=2400)
2025-08-30 17:44:10,963 - INFO - composites.py:315 -                           
2025-08-30 17:44:10,963 - INFO - composites.py:316 - Mosaic datasets to a single dataset
2025-08-30 17:44:20,014 - INFO - composites.py:329 - Scale SR to Sen2Cor Baseline 4.00 - Subtract 1000 in dates post 2022-01-25
2025-08-30 17:44:21,664 - INFO - composites.py:342 - Creating preview plot of input scenes
2025-08-30 17:44:57,191 - INFO - timeseries_processing.py:349 - Saved preview for 'B04' to //nas-rs.topo.auth.gr/Latomeia/DROUGHT/composites/x11/y10/2022/12/01/S2L2A_medcomp_x11y10_202212_InDataPreview.jpeg
2025-08-30 17:44:57,213 - INFO - composites.py:348 - Clip value range
2025-08-30 17:44:59,369 - INFO - composites.py:353 -                           
2025-08-30 17:44:59,370 - INFO - composites.py:354 - Computing spectral indices:
2025-08-30 17:44:59,370 - INFO - composites.py:357 -     EVI...
2025-08-30 17:45:00,685 - INFO - composites.py:359 -     NDVI...
2025-08-30 17:45:01,111 - INFO - composites.py:361 -     PSRI2...
2025-08-30 17:45:01,427 - INFO - composites.py:364 - Clip to typical value range
2025-08-30 17:45:01,829 - INFO - composites.py:371 - Reducing to median value temporal composite
2025-08-30 17:45:28,289 - INFO - composites.py:390 - Scale and Define data types & nodata per band
2025-08-30 17:45:28,413 - INFO - composites.py:411 - Assign time range and tile ID in metadata
2025-08-30 17:45:28,413 - INFO - composites.py:419 - Write bands to raster COG files
2025-08-30 17:45:32,253 - INFO - composites.py:432 - Write B02 -> //nas-rs.topo.auth.gr/Latomeia/DROUGHT/composites/x11/y10/2022/12/01/S2L2A_medcomp_x11y10_202212_B02.tif
2025-08-30 17:45:36,116 - INFO - composites.py:432 - Write B03 -> //nas-rs.topo.auth.gr/Latomeia/DROUGHT/composites/x11/y10/2022/12/01/S2L2A_medcomp_x11y10_202212_B03.tif
2025-08-30 17:45:40,079 - INFO - composites.py:432 - Write B04 -> //nas-rs.topo.auth.gr/Latomeia/DROUGHT/composites/x11/y10/2022/12/01/S2L2A_medcomp_x11y10_202212_B04.tif
2025-08-30 17:45:44,360 - INFO - composites.py:432 - Write B05 -> //nas-rs.topo.auth.gr/Latomeia/DROUGHT/composites/x11/y10/2022/12/01/S2L2A_medcomp_x11y10_202212_B05.tif
2025-08-30 17:45:48,207 - INFO - composites.py:432 - Write B07 -> //nas-rs.topo.auth.gr/Latomeia/DROUGHT/composites/x11/y10/2022/12/01/S2L2A_medcomp_x11y10_202212_B07.tif
2025-08-30 17:45:52,132 - INFO - composites.py:432 - Write B8A -> //nas-rs.topo.auth.gr/Latomeia/DROUGHT/composites/x11/y10/2022/12/01/S2L2A_medcomp_x11y10_202212_B8A.tif
2025-08-30 17:45:55,912 - INFO - composites.py:432 - Write EVI -> //nas-rs.topo.auth.gr/Latomeia/DROUGHT/composites/x11/y10/2022/12/01/S2L2A_medcomp_x11y10_202212_EVI.tif
2025-08-30 17:46:00,463 - INFO - composites.py:432 - Write NDVI -> //nas-rs.topo.auth.gr/Latomeia/DROUGHT/composites/x11/y10/2022/12/01/S2L2A_medcomp_x11y10_202212_NDVI.tif
2025-08-30 17:46:05,573 - INFO - composites.py:432 - Write PSRI2 -> //nas-rs.topo.auth.gr/Latomeia/DROUGHT/composites/x11/y10/2022/12/01/S2L2A_medcomp_x11y10_202212_PSRI2.tif
2025-08-30 17:46:05,586 - INFO - composites.py:436 - Prepare metadata YAML document
2025-08-30 17:46:06,221 - INFO - composites.py:458 - Write metadata YAML document to disk
2025-08-30 17:46:06,281 - INFO - composites.py:463 - Create datacube.model.Dataset from eo3 metadata
2025-08-30 17:46:06,292 - INFO - composites.py:476 - Index to datacube
2025-08-30 17:46:06,292 - INFO - _datasets.py:191 - Indexing 12b1450e-5b08-451d-a56b-64b44e44f99b
2025-08-30 17:46:06,304 - INFO - composites.py:479 - 
2025-08-30 17:46:06,305 - INFO - composites.py:480 -              ✔✔✔ COMPLETED: Tile x11_y10 | Time: 2022-12 | In 9.74 minutes
2025-08-30 17:46:06,305 - INFO - composites.py:481 - 
2025-08-30 17:46:06,305 - INFO - composites.py:489 - Closing Dask client
2025-08-30 17:46:06,307 - INFO - composites.py:493 - Closing Dask cluster
2025-08-30 17:46:06,307 - INFO - composites.py:494 - #######################################################################
