2025-09-04 07:10:55,554 - INFO - composites.py:102 - #######################################################################
2025-09-04 07:10:55,554 - INFO - composites.py:104 - Processing started
2025-09-04 07:10:55,554 - INFO - composites.py:105 -         Tile: x09_y10
2025-09-04 07:10:55,554 - INFO - composites.py:106 -         Time: 2025-07
2025-09-04 07:10:55,554 - INFO - composites.py:109 -                           
2025-09-04 07:10:55,554 - INFO - composites.py:110 - Establishing connection to datacube
2025-09-04 07:10:56,081 - INFO - composites.py:113 -                           
2025-09-04 07:10:56,081 - INFO - composites.py:114 - Sanity test: Check if dataset already exists in the datacube
2025-09-04 07:10:56,103 - INFO - composites.py:133 - The composite requested was not found and it will be computed
2025-09-04 07:10:56,103 - INFO - composites.py:136 -                                  
2025-09-04 07:10:56,103 - INFO - composites.py:137 - Initializing Dask cluster for parallelization
2025-09-04 07:11:01,110 - INFO - composites.py:161 - Dask dashboard is available at: http://127.0.0.1:8787/status
2025-09-04 07:11:01,110 - INFO - composites.py:164 - Create directories and naming conversions
2025-09-04 07:11:01,128 - INFO - composites.py:177 - Dataset location: //nas-rs.topo.auth.gr/Latomeia/DROUGHT/composites/x09/y10/2025/07/01
2025-09-04 07:11:01,128 - INFO - composites.py:180 -                           
2025-09-04 07:11:01,128 - INFO - composites.py:181 - Retrieve tile geometry
2025-09-04 07:11:01,156 - INFO - composites.py:192 - Create the Bounding Box (φ,λ)
2025-09-04 07:11:01,157 - INFO - composites.py:198 - Create the Bounding Box (x,y)
2025-09-04 07:11:01,157 - INFO - composites.py:211 -                           
2025-09-04 07:11:01,157 - INFO - composites.py:212 - Connect to Planetary Computer STAC Catalog
2025-09-04 07:11:01,479 - INFO - composites.py:220 - Search the STAC Catalog
2025-09-04 07:11:01,547 - INFO - composites.py:232 -         Query parameters:
2025-09-04 07:11:01,547 - INFO - composites.py:233 -             url:          https://planetarycomputer.microsoft.com/api/stac/v1/search
2025-09-04 07:11:01,547 - INFO - composites.py:234 -             client:       microsoft-pc
2025-09-04 07:11:01,547 - INFO - composites.py:235 -             collection:   sentinel-2-l2a
2025-09-04 07:11:01,547 - INFO - composites.py:236 -             bbox:         (21.934886085480986, 37.792474572166405, 22.60144615074973, 38.34135632905737)
2025-09-04 07:11:01,547 - INFO - composites.py:237 -             time range:   2025-07-01T00:00:00Z/2025-07-31T23:59:59Z
2025-09-04 07:11:01,547 - INFO - composites.py:238 -             cloud cover:  0% - 70%
2025-09-04 07:11:01,547 - INFO - composites.py:239 -             nodata cover: 0% - 33%
2025-09-04 07:11:01,547 - INFO - composites.py:241 -                           
2025-09-04 07:11:01,547 - INFO - composites.py:242 - Searching...
2025-09-04 07:11:02,097 - INFO - composites.py:245 - Query found 47 items
2025-09-04 07:11:02,111 - INFO - composites.py:247 - Searching for GRI REFINED scenes:
2025-09-04 07:11:08,491 - INFO - sentinel2.py:78 - 1/47 - S2B_MSIL2A_20250731T092029_R093_T34SFH_20250731T115523 -> REFINED
2025-09-04 07:11:13,510 - INFO - sentinel2.py:78 - 2/47 - S2B_MSIL2A_20250731T092029_R093_T34SFG_20250731T115523 -> REFINED
2025-09-04 07:11:18,341 - INFO - sentinel2.py:78 - 3/47 - S2B_MSIL2A_20250731T092029_R093_T34SEH_20250731T115523 -> REFINED
2025-09-04 07:11:24,244 - INFO - sentinel2.py:78 - 4/47 - S2B_MSIL2A_20250731T092029_R093_T34SEG_20250731T115523 -> REFINED
2025-09-04 07:11:29,771 - INFO - sentinel2.py:78 - 5/47 - S2A_MSIL2A_20250728T092231_R093_T34SFH_20250728T111018 -> REFINED
2025-09-04 07:11:34,719 - INFO - sentinel2.py:78 - 6/47 - S2A_MSIL2A_20250728T092231_R093_T34SFG_20250728T111018 -> REFINED
2025-09-04 07:11:40,891 - INFO - sentinel2.py:78 - 7/47 - S2A_MSIL2A_20250728T092231_R093_T34SEH_20250728T111018 -> REFINED
2025-09-04 07:11:45,827 - INFO - sentinel2.py:78 - 8/47 - S2A_MSIL2A_20250728T092231_R093_T34SEG_20250728T111018 -> REFINED
2025-09-04 07:11:51,660 - INFO - sentinel2.py:78 - 9/47 - S2B_MSIL2A_20250728T090559_R050_T34SFG_20250728T101128 -> REFINED
2025-09-04 07:11:57,066 - INFO - sentinel2.py:78 - 10/47 - S2C_MSIL2A_20250726T092051_R093_T34SFH_20250726T125415 -> REFINED
2025-09-04 07:12:02,444 - INFO - sentinel2.py:78 - 11/47 - S2C_MSIL2A_20250726T092051_R093_T34SFG_20250726T125415 -> REFINED
2025-09-04 07:12:09,337 - INFO - sentinel2.py:78 - 12/47 - S2C_MSIL2A_20250726T092051_R093_T34SEH_20250726T125415 -> REFINED
2025-09-04 07:12:14,791 - INFO - sentinel2.py:78 - 13/47 - S2C_MSIL2A_20250726T092051_R093_T34SEG_20250726T125415 -> REFINED
2025-09-04 07:12:20,467 - INFO - sentinel2.py:78 - 14/47 - S2A_MSIL2A_20250725T091041_R050_T34SFG_20250725T131619 -> REFINED
2025-09-04 07:12:25,649 - INFO - sentinel2.py:78 - 15/47 - S2B_MSIL2A_20250721T092029_R093_T34SFH_20250721T120259 -> REFINED
2025-09-04 07:12:31,063 - INFO - sentinel2.py:78 - 16/47 - S2B_MSIL2A_20250721T092029_R093_T34SFG_20250721T120259 -> REFINED
2025-09-04 07:12:36,660 - INFO - sentinel2.py:78 - 17/47 - S2B_MSIL2A_20250721T092029_R093_T34SEH_20250721T120259 -> REFINED
2025-09-04 07:12:41,515 - INFO - sentinel2.py:78 - 18/47 - S2B_MSIL2A_20250721T092029_R093_T34SEG_20250721T120259 -> REFINED
2025-09-04 07:12:46,540 - INFO - sentinel2.py:78 - 19/47 - S2A_MSIL2A_20250718T092051_R093_T34SFH_20250718T125020 -> REFINED
2025-09-04 07:12:52,591 - INFO - sentinel2.py:78 - 20/47 - S2A_MSIL2A_20250718T092051_R093_T34SFG_20250718T125020 -> REFINED
2025-09-04 07:12:58,047 - INFO - sentinel2.py:78 - 21/47 - S2A_MSIL2A_20250718T092051_R093_T34SEH_20250718T125020 -> REFINED
2025-09-04 07:13:04,138 - INFO - sentinel2.py:78 - 22/47 - S2A_MSIL2A_20250718T092051_R093_T34SEG_20250718T125020 -> REFINED
2025-09-04 07:13:10,418 - INFO - sentinel2.py:78 - 23/47 - S2B_MSIL2A_20250718T090559_R050_T34SFG_20250718T120206 -> REFINED
2025-09-04 07:13:16,335 - INFO - sentinel2.py:78 - 24/47 - S2C_MSIL2A_20250716T092051_R093_T34SFH_20250716T143214 -> REFINED
2025-09-04 07:13:22,025 - INFO - sentinel2.py:78 - 25/47 - S2C_MSIL2A_20250716T092051_R093_T34SFG_20250716T143214 -> REFINED
2025-09-04 07:13:27,098 - INFO - sentinel2.py:78 - 26/47 - S2C_MSIL2A_20250716T092051_R093_T34SEH_20250716T143214 -> REFINED
2025-09-04 07:13:32,726 - INFO - sentinel2.py:78 - 27/47 - S2C_MSIL2A_20250716T092051_R093_T34SEG_20250716T143214 -> REFINED
2025-09-04 07:13:37,894 - INFO - sentinel2.py:78 - 28/47 - S2A_MSIL2A_20250715T091331_R050_T34SFG_20250715T105310 -> REFINED
2025-09-04 07:13:43,915 - INFO - sentinel2.py:78 - 29/47 - S2C_MSIL2A_20250713T090621_R050_T34SFG_20250713T130516 -> REFINED
2025-09-04 07:13:49,839 - INFO - sentinel2.py:78 - 30/47 - S2B_MSIL2A_20250711T092029_R093_T34SFH_20250711T114113 -> REFINED
2025-09-04 07:13:55,648 - INFO - sentinel2.py:78 - 31/47 - S2B_MSIL2A_20250711T092029_R093_T34SFG_20250711T114113 -> REFINED
2025-09-04 07:14:01,240 - INFO - sentinel2.py:78 - 32/47 - S2B_MSIL2A_20250711T092029_R093_T34SEH_20250711T114113 -> REFINED
2025-09-04 07:14:06,685 - INFO - sentinel2.py:78 - 33/47 - S2B_MSIL2A_20250711T092029_R093_T34SEG_20250711T114113 -> REFINED
2025-09-04 07:14:12,615 - INFO - sentinel2.py:78 - 34/47 - S2A_MSIL2A_20250708T092231_R093_T34SFH_20250708T122113 -> REFINED
2025-09-04 07:14:19,616 - INFO - sentinel2.py:78 - 35/47 - S2A_MSIL2A_20250708T092231_R093_T34SFG_20250708T124914 -> REFINED
2025-09-04 07:14:24,461 - INFO - sentinel2.py:78 - 36/47 - S2A_MSIL2A_20250708T092231_R093_T34SEG_20250708T124914 -> REFINED
2025-09-04 07:14:30,574 - INFO - sentinel2.py:78 - 37/47 - S2B_MSIL2A_20250708T090559_R050_T34SFG_20250708T113616 -> REFINED
2025-09-04 07:14:36,077 - INFO - sentinel2.py:78 - 38/47 - S2C_MSIL2A_20250706T092051_R093_T34SFH_20250706T131358 -> REFINED
2025-09-04 07:14:41,516 - INFO - sentinel2.py:78 - 39/47 - S2C_MSIL2A_20250706T092051_R093_T34SFG_20250706T131358 -> REFINED
2025-09-04 07:14:47,541 - INFO - sentinel2.py:78 - 40/47 - S2C_MSIL2A_20250706T092051_R093_T34SEH_20250706T131358 -> REFINED
2025-09-04 07:14:53,301 - INFO - sentinel2.py:78 - 41/47 - S2C_MSIL2A_20250706T092051_R093_T34SEG_20250706T131358 -> REFINED
2025-09-04 07:14:59,284 - INFO - sentinel2.py:78 - 42/47 - S2A_MSIL2A_20250705T091041_R050_T34SFG_20250705T111415 -> REFINED
2025-09-04 07:15:05,275 - INFO - sentinel2.py:78 - 43/47 - S2C_MSIL2A_20250703T090621_R050_T34SFG_20250703T145718 -> REFINED
2025-09-04 07:15:11,520 - INFO - sentinel2.py:78 - 44/47 - S2B_MSIL2A_20250701T092029_R093_T34SFH_20250701T115535 -> REFINED
2025-09-04 07:15:17,352 - INFO - sentinel2.py:78 - 45/47 - S2B_MSIL2A_20250701T092029_R093_T34SFG_20250701T115535 -> REFINED
2025-09-04 07:15:23,583 - INFO - sentinel2.py:78 - 46/47 - S2B_MSIL2A_20250701T092029_R093_T34SEH_20250701T115535 -> REFINED
2025-09-04 07:15:30,339 - INFO - sentinel2.py:78 - 47/47 - S2B_MSIL2A_20250701T092029_R093_T34SEG_20250701T115535 -> REFINED
2025-09-04 07:15:30,392 - INFO - composites.py:250 -                                  
2025-09-04 07:15:30,392 - INFO - composites.py:251 - 47/47 were refined by GRI.
2025-09-04 07:15:30,393 - INFO - composites.py:263 - Looking for up to 10 cleanest images within spatiotemporal range of each MGRS tile
2025-09-04 07:15:30,393 - INFO - composites.py:277 - Filtered cleanest scenes: Kept 39 out of 47 items. 
2025-09-04 07:15:30,393 - INFO - composites.py:278 -         Included MGRS Tiles: ['34SEG' '34SEH' '34SFG' '34SFH']
2025-09-04 07:15:30,393 - INFO - composites.py:279 -         Included EPSG codes: [32634]
2025-09-04 07:15:30,394 - INFO - composites.py:281 - Selected scenes:
2025-09-04 07:15:30,394 - INFO - composites.py:283 -         S2A_MSIL2A_20250708T092231_R093_T34SEG_20250708T124914
2025-09-04 07:15:30,394 - INFO - composites.py:283 -         S2C_MSIL2A_20250726T092051_R093_T34SEG_20250726T125415
2025-09-04 07:15:30,394 - INFO - composites.py:283 -         S2C_MSIL2A_20250706T092051_R093_T34SEG_20250706T131358
2025-09-04 07:15:30,394 - INFO - composites.py:283 -         S2A_MSIL2A_20250728T092231_R093_T34SEG_20250728T111018
2025-09-04 07:15:30,395 - INFO - composites.py:283 -         S2B_MSIL2A_20250721T092029_R093_T34SEG_20250721T120259
2025-09-04 07:15:30,395 - INFO - composites.py:283 -         S2A_MSIL2A_20250718T092051_R093_T34SEG_20250718T125020
2025-09-04 07:15:30,395 - INFO - composites.py:283 -         S2C_MSIL2A_20250716T092051_R093_T34SEG_20250716T143214
2025-09-04 07:15:30,395 - INFO - composites.py:283 -         S2B_MSIL2A_20250731T092029_R093_T34SEG_20250731T115523
2025-09-04 07:15:30,395 - INFO - composites.py:283 -         S2B_MSIL2A_20250701T092029_R093_T34SEG_20250701T115535
2025-09-04 07:15:30,395 - INFO - composites.py:283 -         S2B_MSIL2A_20250711T092029_R093_T34SEG_20250711T114113
2025-09-04 07:15:30,395 - INFO - composites.py:283 -         S2C_MSIL2A_20250706T092051_R093_T34SEH_20250706T131358
2025-09-04 07:15:30,395 - INFO - composites.py:283 -         S2C_MSIL2A_20250726T092051_R093_T34SEH_20250726T125415
2025-09-04 07:15:30,395 - INFO - composites.py:283 -         S2B_MSIL2A_20250721T092029_R093_T34SEH_20250721T120259
2025-09-04 07:15:30,395 - INFO - composites.py:283 -         S2A_MSIL2A_20250728T092231_R093_T34SEH_20250728T111018
2025-09-04 07:15:30,396 - INFO - composites.py:283 -         S2C_MSIL2A_20250716T092051_R093_T34SEH_20250716T143214
2025-09-04 07:15:30,396 - INFO - composites.py:283 -         S2A_MSIL2A_20250718T092051_R093_T34SEH_20250718T125020
2025-09-04 07:15:30,396 - INFO - composites.py:283 -         S2B_MSIL2A_20250701T092029_R093_T34SEH_20250701T115535
2025-09-04 07:15:30,396 - INFO - composites.py:283 -         S2B_MSIL2A_20250711T092029_R093_T34SEH_20250711T114113
2025-09-04 07:15:30,396 - INFO - composites.py:283 -         S2B_MSIL2A_20250731T092029_R093_T34SEH_20250731T115523
2025-09-04 07:15:30,396 - INFO - composites.py:283 -         S2A_MSIL2A_20250725T091041_R050_T34SFG_20250725T131619
2025-09-04 07:15:30,396 - INFO - composites.py:283 -         S2C_MSIL2A_20250713T090621_R050_T34SFG_20250713T130516
2025-09-04 07:15:30,396 - INFO - composites.py:283 -         S2B_MSIL2A_20250708T090559_R050_T34SFG_20250708T113616
2025-09-04 07:15:30,396 - INFO - composites.py:283 -         S2A_MSIL2A_20250715T091331_R050_T34SFG_20250715T105310
2025-09-04 07:15:30,396 - INFO - composites.py:283 -         S2A_MSIL2A_20250705T091041_R050_T34SFG_20250705T111415
2025-09-04 07:15:30,396 - INFO - composites.py:283 -         S2B_MSIL2A_20250718T090559_R050_T34SFG_20250718T120206
2025-09-04 07:15:30,396 - INFO - composites.py:283 -         S2B_MSIL2A_20250728T090559_R050_T34SFG_20250728T101128
2025-09-04 07:15:30,396 - INFO - composites.py:283 -         S2C_MSIL2A_20250703T090621_R050_T34SFG_20250703T145718
2025-09-04 07:15:30,396 - INFO - composites.py:283 -         S2C_MSIL2A_20250726T092051_R093_T34SFG_20250726T125415
2025-09-04 07:15:30,396 - INFO - composites.py:283 -         S2A_MSIL2A_20250728T092231_R093_T34SFG_20250728T111018
2025-09-04 07:15:30,396 - INFO - composites.py:283 -         S2C_MSIL2A_20250726T092051_R093_T34SFH_20250726T125415
2025-09-04 07:15:30,396 - INFO - composites.py:283 -         S2A_MSIL2A_20250728T092231_R093_T34SFH_20250728T111018
2025-09-04 07:15:30,397 - INFO - composites.py:283 -         S2B_MSIL2A_20250721T092029_R093_T34SFH_20250721T120259
2025-09-04 07:15:30,397 - INFO - composites.py:283 -         S2A_MSIL2A_20250708T092231_R093_T34SFH_20250708T122113
2025-09-04 07:15:30,397 - INFO - composites.py:283 -         S2C_MSIL2A_20250716T092051_R093_T34SFH_20250716T143214
2025-09-04 07:15:30,397 - INFO - composites.py:283 -         S2A_MSIL2A_20250718T092051_R093_T34SFH_20250718T125020
2025-09-04 07:15:30,397 - INFO - composites.py:283 -         S2C_MSIL2A_20250706T092051_R093_T34SFH_20250706T131358
2025-09-04 07:15:30,397 - INFO - composites.py:283 -         S2B_MSIL2A_20250701T092029_R093_T34SFH_20250701T115535
2025-09-04 07:15:30,397 - INFO - composites.py:283 -         S2B_MSIL2A_20250711T092029_R093_T34SFH_20250711T114113
2025-09-04 07:15:30,397 - INFO - composites.py:283 -         S2B_MSIL2A_20250731T092029_R093_T34SFH_20250731T115523
2025-09-04 07:15:30,857 - INFO - sentinel2.py:154 - Matplotlib backend: Agg
2025-09-04 07:15:31,157 - INFO - sentinel2.py:224 - Write input scenes footprint overlay: //nas-rs.topo.auth.gr/Latomeia/DROUGHT/composites/x09/y10/2025/07/01/S2L2A_medcomp_x09y10_202507_InDataFootprint.jpeg
2025-09-04 07:15:31,417 - INFO - composites.py:297 -                                  
2025-09-04 07:15:31,417 - INFO - composites.py:298 - Downstream STAC items from Planetary Computer
2025-09-04 07:15:31,417 - INFO - timeseries_processing.py:115 -                                  
2025-09-04 07:15:31,417 - INFO - timeseries_processing.py:116 - Loading bands of diferent resolutions in EPSG:32634
2025-09-04 07:15:31,417 - INFO - timeseries_processing.py:120 -     Filtering items with native UTM EPSG:32634
2025-09-04 07:15:31,417 - INFO - timeseries_processing.py:122 -     39 Items in EPSG:32634
2025-09-04 07:15:31,417 - INFO - timeseries_processing.py:129 -                        
2025-09-04 07:15:31,417 - INFO - timeseries_processing.py:130 -     Loading parameters:
2025-09-04 07:15:31,417 - INFO - timeseries_processing.py:131 -         Bands: ['B05', 'B07', 'B8A', 'SCL']
2025-09-04 07:15:31,417 - INFO - timeseries_processing.py:132 -         Spatial resolution: 20
2025-09-04 07:15:31,417 - INFO - timeseries_processing.py:134 -         Get Assets from STAC Items
2025-09-04 07:15:31,417 - INFO - timeseries_processing.py:47 -         Initialize the STAC client
2025-09-04 07:15:32,157 - INFO - timeseries_processing.py:137 -         Loading 39 STAC Items....
2025-09-04 07:17:22,767 - INFO - timeseries_processing.py:146 -         Cube has been downloaded
2025-09-04 07:17:22,768 - INFO - timeseries_processing.py:156 -         Fix order of dimensions
2025-09-04 07:17:22,769 - INFO - timeseries_processing.py:161 -         Append bands to the band-list of EPSG:32634
2025-09-04 07:17:22,769 - INFO - timeseries_processing.py:129 -                        
2025-09-04 07:17:22,769 - INFO - timeseries_processing.py:130 -     Loading parameters:
2025-09-04 07:17:22,774 - INFO - timeseries_processing.py:131 -         Bands: ['B02', 'B03', 'B04']
2025-09-04 07:17:22,774 - INFO - timeseries_processing.py:132 -         Spatial resolution: 10
2025-09-04 07:17:22,774 - INFO - timeseries_processing.py:134 -         Get Assets from STAC Items
2025-09-04 07:17:22,774 - INFO - timeseries_processing.py:47 -         Initialize the STAC client
2025-09-04 07:17:23,496 - INFO - timeseries_processing.py:137 -         Loading 39 STAC Items....
2025-09-04 07:53:25,544 - ERROR - composites.py:484 -              ✖✖✖ FAILED loading for : Tile x09_y10 | Time: 2025-07 | with Exception: Attempted to run task 'finalize-hlgfinalizecompute-bce984b42df646cab89fd3ebee8bceca' on 21 different workers, but all those workers died while running it. The last worker that attempt to run the task was tcp://127.0.0.1:56957. Inspecting worker logs is often a good next step to diagnose what went wrong. For more information see https://distributed.dask.org/en/stable/killed.html.
2025-09-04 07:53:25,549 - INFO - composites.py:489 - Closing Dask client
2025-09-04 07:53:25,649 - INFO - composites.py:493 - Closing Dask cluster
2025-09-04 07:53:25,650 - INFO - composites.py:494 - #######################################################################
2025-09-04 07:53:29,125 - ERROR - composites.py:523 - Fatal error in composites.py
Traceback (most recent call last):
  File "C:\Users\fotakidis\AUTH_PROJECTS\drought\src\composites.py", line 519, in <module>
    generate_composite(year_month=year_month, tile_id=tile_id, tile_geom=tile_geom)
  File "C:\Users\fotakidis\AUTH_PROJECTS\drought\src\composites.py", line 304, in generate_composite
    processed_epsgs.append(process_epsg(filtered_items, aoi_bbox, EPSG))
                           ^^^^^^^^^^^^^^^^^^^^^^^^^^^^^^^^^^^^^^^^^^^^
  File "C:\Users\fotakidis\AUTH_PROJECTS\drought\src\utils\timeseries_processing.py", line 138, in process_epsg
    ds_cube = odc_stac_load_Items(
              ^^^^^^^^^^^^^^^^^^^^
  File "C:\Users\fotakidis\AUTH_PROJECTS\drought\src\utils\timeseries_processing.py", line 110, in odc_stac_load_Items
    ).compute()
      ^^^^^^^^^
  File "C:\Users\fotakidis\anaconda3\envs\drought\Lib\site-packages\xarray\core\dataset.py", line 1072, in compute
    return new.load(**kwargs)
           ^^^^^^^^^^^^^^^^^^
  File "C:\Users\fotakidis\anaconda3\envs\drought\Lib\site-packages\xarray\core\dataset.py", line 899, in load
    evaluated_data: tuple[np.ndarray[Any, Any], ...] = chunkmanager.compute(
                                                       ^^^^^^^^^^^^^^^^^^^^^
  File "C:\Users\fotakidis\anaconda3\envs\drought\Lib\site-packages\xarray\namedarray\daskmanager.py", line 85, in compute
    return compute(*data, **kwargs)  # type: ignore[no-untyped-call, no-any-return]
           ^^^^^^^^^^^^^^^^^^^^^^^^
  File "C:\Users\fotakidis\anaconda3\envs\drought\Lib\site-packages\dask\base.py", line 681, in compute
    results = schedule(expr, keys, **kwargs)
              ^^^^^^^^^^^^^^^^^^^^^^^^^^^^^^
  File "C:\Users\fotakidis\anaconda3\envs\drought\Lib\site-packages\distributed\client.py", line 2403, in _gather
    raise exception.with_traceback(traceback)
distributed.scheduler.KilledWorker: Attempted to run task 'finalize-hlgfinalizecompute-bce984b42df646cab89fd3ebee8bceca' on 21 different workers, but all those workers died while running it. The last worker that attempt to run the task was tcp://127.0.0.1:56957. Inspecting worker logs is often a good next step to diagnose what went wrong. For more information see https://distributed.dask.org/en/stable/killed.html.
