2025-09-01 04:16:13,057 - INFO - composites.py:102 - #######################################################################
2025-09-01 04:16:13,057 - INFO - composites.py:104 - Processing started
2025-09-01 04:16:13,057 - INFO - composites.py:105 -         Tile: x10_y10
2025-09-01 04:16:13,057 - INFO - composites.py:106 -         Time: 2023-10
2025-09-01 04:16:13,057 - INFO - composites.py:109 -                           
2025-09-01 04:16:13,057 - INFO - composites.py:110 - Establishing connection to datacube
2025-09-01 04:16:13,677 - INFO - composites.py:113 -                           
2025-09-01 04:16:13,677 - INFO - composites.py:114 - Sanity test: Check if dataset already exists in the datacube
2025-09-01 04:16:13,698 - INFO - composites.py:133 - The composite requested was not found and it will be computed
2025-09-01 04:16:13,698 - INFO - composites.py:136 -                                  
2025-09-01 04:16:13,698 - INFO - composites.py:137 - Initializing Dask cluster for parallelization
2025-09-01 04:16:18,825 - INFO - composites.py:161 - Dask dashboard is available at: http://127.0.0.1:8787/status
2025-09-01 04:16:18,825 - INFO - composites.py:164 - Create directories and naming conversions
2025-09-01 04:16:18,836 - INFO - composites.py:177 - Dataset location: //nas-rs.topo.auth.gr/Latomeia/DROUGHT/composites/x10/y10/2023/10/01
2025-09-01 04:16:18,836 - INFO - composites.py:180 -                           
2025-09-01 04:16:18,836 - INFO - composites.py:181 - Retrieve tile geometry
2025-09-01 04:16:18,866 - INFO - composites.py:192 - Create the Bounding Box (φ,λ)
2025-09-01 04:16:18,866 - INFO - composites.py:198 - Create the Bounding Box (x,y)
2025-09-01 04:16:18,866 - INFO - composites.py:211 -                           
2025-09-01 04:16:18,866 - INFO - composites.py:212 - Connect to Planetary Computer STAC Catalog
2025-09-01 04:16:19,111 - INFO - composites.py:220 - Search the STAC Catalog
2025-09-01 04:16:19,176 - INFO - composites.py:232 -         Query parameters:
2025-09-01 04:16:19,176 - INFO - composites.py:233 -             url:          https://planetarycomputer.microsoft.com/api/stac/v1/search
2025-09-01 04:16:19,176 - INFO - composites.py:234 -             client:       microsoft-pc
2025-09-01 04:16:19,176 - INFO - composites.py:235 -             collection:   sentinel-2-l2a
2025-09-01 04:16:19,176 - INFO - composites.py:236 -             bbox:         (22.471633479946853, 37.72008040922633, 23.140477503527134, 38.27146676750315)
2025-09-01 04:16:19,176 - INFO - composites.py:237 -             time range:   2023-10-01T00:00:00Z/2023-10-31T23:59:59Z
2025-09-01 04:16:19,176 - INFO - composites.py:238 -             cloud cover:  0% - 70%
2025-09-01 04:16:19,176 - INFO - composites.py:239 -             nodata cover: 0% - 33%
2025-09-01 04:16:19,176 - INFO - composites.py:241 -                           
2025-09-01 04:16:19,176 - INFO - composites.py:242 - Searching...
2025-09-01 04:16:19,655 - INFO - composites.py:245 - Query found 27 items
2025-09-01 04:16:19,655 - INFO - composites.py:247 - Searching for GRI REFINED scenes:
2025-09-01 04:16:23,541 - INFO - sentinel2.py:78 - 1/27 - S2B_MSIL2A_20231030T092029_R093_T34SFH_20241103T014235 -> NOT_REFINED
2025-09-01 04:16:27,685 - INFO - sentinel2.py:78 - 2/27 - S2B_MSIL2A_20231030T092029_R093_T34SFH_20231030T200951 -> NOT_REFINED
2025-09-01 04:16:31,562 - INFO - sentinel2.py:78 - 3/27 - S2B_MSIL2A_20231030T092029_R093_T34SFG_20241103T014235 -> NOT_REFINED
2025-09-01 04:16:34,796 - INFO - sentinel2.py:78 - 4/27 - S2B_MSIL2A_20231030T092029_R093_T34SFG_20231030T201009 -> NOT_REFINED
2025-09-01 04:16:38,157 - INFO - sentinel2.py:78 - 5/27 - S2B_MSIL2A_20231027T091019_R050_T34SFG_20241108T135706 -> NOT_REFINED
2025-09-01 04:16:42,038 - INFO - sentinel2.py:78 - 6/27 - S2B_MSIL2A_20231027T091019_R050_T34SFG_20231027T123043 -> NOT_REFINED
2025-09-01 04:16:46,453 - INFO - sentinel2.py:78 - 7/27 - S2A_MSIL2A_20231022T091021_R050_T34SFG_20241103T191831 -> NOT_REFINED
2025-09-01 04:16:49,814 - INFO - sentinel2.py:78 - 8/27 - S2A_MSIL2A_20231022T091021_R050_T34SFG_20231022T151333 -> NOT_REFINED
2025-09-01 04:16:54,192 - INFO - sentinel2.py:78 - 9/27 - S2B_MSIL2A_20231020T091919_R093_T34SFH_20241102T122657 -> NOT_REFINED
2025-09-01 04:16:57,892 - INFO - sentinel2.py:78 - 10/27 - S2B_MSIL2A_20231020T091919_R093_T34SFH_20231020T214813 -> NOT_REFINED
2025-09-01 04:17:01,393 - INFO - sentinel2.py:78 - 11/27 - S2B_MSIL2A_20231020T091919_R093_T34SFG_20241103T102904 -> NOT_REFINED
2025-09-01 04:17:05,142 - INFO - sentinel2.py:78 - 12/27 - S2B_MSIL2A_20231020T091919_R093_T34SFG_20231020T220015 -> NOT_REFINED
2025-09-01 04:17:09,110 - INFO - sentinel2.py:78 - 13/27 - S2B_MSIL2A_20231017T090859_R050_T34SFG_20231017T145437 -> NOT_REFINED
2025-09-01 04:17:12,383 - INFO - sentinel2.py:78 - 14/27 - S2A_MSIL2A_20231015T092031_R093_T34SFH_20241103T140930 -> NOT_REFINED
2025-09-01 04:17:16,228 - INFO - sentinel2.py:78 - 15/27 - S2A_MSIL2A_20231015T092031_R093_T34SFH_20231015T151322 -> NOT_REFINED
2025-09-01 04:17:19,796 - INFO - sentinel2.py:78 - 16/27 - S2A_MSIL2A_20231015T092031_R093_T34SFG_20241103T140930 -> NOT_REFINED
2025-09-01 04:17:23,161 - INFO - sentinel2.py:78 - 17/27 - S2A_MSIL2A_20231015T092031_R093_T34SFG_20231015T161600 -> NOT_REFINED
2025-09-01 04:17:27,406 - INFO - sentinel2.py:78 - 18/27 - S2A_MSIL2A_20231012T090911_R050_T34SFG_20241103T183743 -> NOT_REFINED
2025-09-01 04:17:31,513 - INFO - sentinel2.py:78 - 19/27 - S2A_MSIL2A_20231012T090911_R050_T34SFG_20231012T152048 -> NOT_REFINED
2025-09-01 04:17:35,908 - INFO - sentinel2.py:78 - 20/27 - S2B_MSIL2A_20231010T091819_R093_T34SFH_20231010T151211 -> NOT_REFINED
2025-09-01 04:17:40,816 - INFO - sentinel2.py:78 - 21/27 - S2B_MSIL2A_20231010T091819_R093_T34SFG_20241102T071234 -> NOT_REFINED
2025-09-01 04:17:44,262 - INFO - sentinel2.py:78 - 22/27 - S2B_MSIL2A_20231010T091819_R093_T34SFG_20231010T151827 -> NOT_REFINED
2025-09-01 04:17:48,718 - INFO - sentinel2.py:78 - 23/27 - S2B_MSIL2A_20231007T090749_R050_T34SFG_20231007T133551 -> NOT_REFINED
2025-09-01 04:17:52,075 - INFO - sentinel2.py:78 - 24/27 - S2A_MSIL2A_20231005T092031_R093_T34SFH_20231005T172304 -> NOT_REFINED
2025-09-01 04:17:56,322 - INFO - sentinel2.py:78 - 25/27 - S2A_MSIL2A_20231005T092031_R093_T34SFG_20241027T180637 -> NOT_REFINED
2025-09-01 04:17:59,534 - INFO - sentinel2.py:78 - 26/27 - S2A_MSIL2A_20231005T092031_R093_T34SFG_20231005T172302 -> NOT_REFINED
2025-09-01 04:18:03,991 - INFO - sentinel2.py:78 - 27/27 - S2A_MSIL2A_20231002T090811_R050_T34SFG_20231002T182419 -> NOT_REFINED
2025-09-01 04:18:04,061 - INFO - composites.py:250 -                                  
2025-09-01 04:18:04,061 - INFO - composites.py:251 - 0/27 were refined by GRI.
2025-09-01 04:18:04,061 - WARNING - composites.py:255 - Tile x10_y10 | Time: 2023-10: All scenes are flagged NOT REFINED.
2025-09-01 04:18:04,062 - WARNING - composites.py:256 - Tile x10_y10 | Time: 2023-10: The composite will be flagged with _NOREFINED.
2025-09-01 04:18:04,062 - INFO - composites.py:263 - Looking for up to 10 cleanest images within spatiotemporal range of each MGRS tile
2025-09-01 04:18:04,062 - INFO - composites.py:277 - Filtered cleanest scenes: Kept 18 out of 27 items. 
2025-09-01 04:18:04,062 - INFO - composites.py:278 -         Included MGRS Tiles: ['34SFG' '34SFH']
2025-09-01 04:18:04,062 - INFO - composites.py:279 -         Included EPSG codes: [32634]
2025-09-01 04:18:04,062 - INFO - composites.py:281 - Selected scenes:
2025-09-01 04:18:04,062 - INFO - composites.py:283 -         S2B_MSIL2A_20231010T091819_R093_T34SFG_20231010T151827
2025-09-01 04:18:04,062 - INFO - composites.py:283 -         S2B_MSIL2A_20231010T091819_R093_T34SFG_20241102T071234
2025-09-01 04:18:04,062 - INFO - composites.py:283 -         S2B_MSIL2A_20231020T091919_R093_T34SFG_20241103T102904
2025-09-01 04:18:04,062 - INFO - composites.py:283 -         S2B_MSIL2A_20231020T091919_R093_T34SFG_20231020T220015
2025-09-01 04:18:04,063 - INFO - composites.py:283 -         S2A_MSIL2A_20231012T090911_R050_T34SFG_20241103T183743
2025-09-01 04:18:04,063 - INFO - composites.py:283 -         S2A_MSIL2A_20231012T090911_R050_T34SFG_20231012T152048
2025-09-01 04:18:04,064 - INFO - composites.py:283 -         S2A_MSIL2A_20231015T092031_R093_T34SFG_20231015T161600
2025-09-01 04:18:04,065 - INFO - composites.py:283 -         S2A_MSIL2A_20231015T092031_R093_T34SFG_20241103T140930
2025-09-01 04:18:04,065 - INFO - composites.py:283 -         S2A_MSIL2A_20231005T092031_R093_T34SFG_20231005T172302
2025-09-01 04:18:04,065 - INFO - composites.py:283 -         S2A_MSIL2A_20231005T092031_R093_T34SFG_20241027T180637
2025-09-01 04:18:04,065 - INFO - composites.py:283 -         S2B_MSIL2A_20231020T091919_R093_T34SFH_20231020T214813
2025-09-01 04:18:04,065 - INFO - composites.py:283 -         S2B_MSIL2A_20231020T091919_R093_T34SFH_20241102T122657
2025-09-01 04:18:04,065 - INFO - composites.py:283 -         S2B_MSIL2A_20231010T091819_R093_T34SFH_20231010T151211
2025-09-01 04:18:04,065 - INFO - composites.py:283 -         S2A_MSIL2A_20231015T092031_R093_T34SFH_20241103T140930
2025-09-01 04:18:04,065 - INFO - composites.py:283 -         S2A_MSIL2A_20231015T092031_R093_T34SFH_20231015T151322
2025-09-01 04:18:04,065 - INFO - composites.py:283 -         S2B_MSIL2A_20231030T092029_R093_T34SFH_20231030T200951
2025-09-01 04:18:04,065 - INFO - composites.py:283 -         S2B_MSIL2A_20231030T092029_R093_T34SFH_20241103T014235
2025-09-01 04:18:04,067 - INFO - composites.py:283 -         S2A_MSIL2A_20231005T092031_R093_T34SFH_20231005T172304
2025-09-01 04:18:04,632 - INFO - sentinel2.py:154 - Matplotlib backend: Agg
2025-09-01 04:18:04,884 - INFO - sentinel2.py:224 - Write input scenes footprint overlay: //nas-rs.topo.auth.gr/Latomeia/DROUGHT/composites/x10/y10/2023/10/01/S2L2A_medcomp_x10y10_202310_InDataFootprint.jpeg
2025-09-01 04:18:05,163 - INFO - composites.py:297 -                                  
2025-09-01 04:18:05,163 - INFO - composites.py:298 - Downstream STAC items from Planetary Computer
2025-09-01 04:18:05,163 - INFO - timeseries_processing.py:115 -                                  
2025-09-01 04:18:05,163 - INFO - timeseries_processing.py:116 - Loading bands of diferent resolutions in EPSG:32634
2025-09-01 04:18:05,170 - INFO - timeseries_processing.py:120 -     Filtering items with native UTM EPSG:32634
2025-09-01 04:18:05,170 - INFO - timeseries_processing.py:122 -     18 Items in EPSG:32634
2025-09-01 04:18:05,170 - INFO - timeseries_processing.py:129 -                        
2025-09-01 04:18:05,170 - INFO - timeseries_processing.py:130 -     Loading parameters:
2025-09-01 04:18:05,170 - INFO - timeseries_processing.py:131 -         Bands: ['B05', 'B07', 'B8A', 'SCL']
2025-09-01 04:18:05,170 - INFO - timeseries_processing.py:132 -         Spatial resolution: 20
2025-09-01 04:18:05,170 - INFO - timeseries_processing.py:134 -         Get Assets from STAC Items
2025-09-01 04:18:05,170 - INFO - timeseries_processing.py:47 -         Initialize the STAC client
2025-09-01 04:18:05,720 - INFO - timeseries_processing.py:137 -         Loading 18 STAC Items....
2025-09-01 04:20:30,227 - INFO - timeseries_processing.py:146 -         Cube has been downloaded
2025-09-01 04:20:30,227 - INFO - timeseries_processing.py:156 -         Fix order of dimensions
2025-09-01 04:20:30,228 - INFO - timeseries_processing.py:161 -         Append bands to the band-list of EPSG:32634
2025-09-01 04:20:30,229 - INFO - timeseries_processing.py:129 -                        
2025-09-01 04:20:30,230 - INFO - timeseries_processing.py:130 -     Loading parameters:
2025-09-01 04:20:30,230 - INFO - timeseries_processing.py:131 -         Bands: ['B02', 'B03', 'B04']
2025-09-01 04:20:30,230 - INFO - timeseries_processing.py:132 -         Spatial resolution: 10
2025-09-01 04:20:30,231 - INFO - timeseries_processing.py:134 -         Get Assets from STAC Items
2025-09-01 04:20:30,231 - INFO - timeseries_processing.py:47 -         Initialize the STAC client
2025-09-01 04:20:31,160 - INFO - timeseries_processing.py:137 -         Loading 18 STAC Items....
2025-09-01 04:24:51,953 - INFO - timeseries_processing.py:146 -         Cube has been downloaded
2025-09-01 04:24:51,953 - INFO - timeseries_processing.py:149 -         Reproject to downsample 10m bands to 20m by Resampling.average 2x2 binning and shape matching with odc.geo.GeoBox
2025-09-01 04:25:00,790 - INFO - timeseries_processing.py:161 -         Append bands to the band-list of EPSG:32634
2025-09-01 04:25:00,791 - INFO - timeseries_processing.py:165 -                        
2025-09-01 04:25:00,791 - INFO - timeseries_processing.py:166 -     Merging bands in a single dataset
2025-09-01 04:25:00,791 - INFO - timeseries_processing.py:167 -     Ensure all partial datasets are at (x=20, y=-20) resolution
2025-09-01 04:25:00,791 - INFO - timeseries_processing.py:171 -     Clip to the intersection of indexes
2025-09-01 04:25:01,791 - INFO - timeseries_processing.py:180 -     Make a list of bands to merge
2025-09-01 04:25:01,793 - INFO - timeseries_processing.py:184 -     Merge on intersection
2025-09-01 04:25:01,793 - INFO - timeseries_processing.py:192 -     Apply masks on clouds, shadows, thin cirrus, and snow/ice
2025-09-01 04:25:01,793 - INFO - sentinel2.py:122 -                Masking bits: [3, 7, 8, 9, 10, 11]
2025-09-01 04:25:02,523 - INFO - composites.py:307 - Reproject from UTM Zone to Tile geometry -> CRS(EPSG:32634), Resampling.bilinear
2025-09-01 04:25:06,559 - INFO - composites.py:310 -     New shape of datasets: Shape2d(x=2400, y=2400)
2025-09-01 04:25:07,338 - INFO - composites.py:329 - Scale SR to Sen2Cor Baseline 4.00 - Subtract 1000 in dates post 2022-01-25
2025-09-01 04:25:08,232 - INFO - composites.py:342 - Creating preview plot of input scenes
2025-09-01 04:25:33,229 - INFO - timeseries_processing.py:349 - Saved preview for 'B04' to //nas-rs.topo.auth.gr/Latomeia/DROUGHT/composites/x10/y10/2023/10/01/S2L2A_medcomp_x10y10_202310_InDataPreview.jpeg
2025-09-01 04:25:33,233 - INFO - composites.py:348 - Clip value range
2025-09-01 04:25:34,452 - INFO - composites.py:353 -                           
2025-09-01 04:25:34,452 - INFO - composites.py:354 - Computing spectral indices:
2025-09-01 04:25:34,452 - INFO - composites.py:357 -     EVI...
2025-09-01 04:25:35,203 - INFO - composites.py:359 -     NDVI...
2025-09-01 04:25:35,453 - INFO - composites.py:361 -     PSRI2...
2025-09-01 04:25:35,611 - INFO - composites.py:364 - Clip to typical value range
2025-09-01 04:25:35,838 - INFO - composites.py:371 - Reducing to median value temporal composite
2025-09-01 04:26:02,390 - INFO - composites.py:390 - Scale and Define data types & nodata per band
2025-09-01 04:26:02,515 - INFO - composites.py:411 - Assign time range and tile ID in metadata
2025-09-01 04:26:02,515 - INFO - composites.py:419 - Write bands to raster COG files
2025-09-01 04:26:06,318 - INFO - composites.py:432 - Write B02 -> //nas-rs.topo.auth.gr/Latomeia/DROUGHT/composites/x10/y10/2023/10/01/S2L2A_medcomp_x10y10_202310_B02.tif
2025-09-01 04:26:10,217 - INFO - composites.py:432 - Write B03 -> //nas-rs.topo.auth.gr/Latomeia/DROUGHT/composites/x10/y10/2023/10/01/S2L2A_medcomp_x10y10_202310_B03.tif
2025-09-01 04:26:14,113 - INFO - composites.py:432 - Write B04 -> //nas-rs.topo.auth.gr/Latomeia/DROUGHT/composites/x10/y10/2023/10/01/S2L2A_medcomp_x10y10_202310_B04.tif
2025-09-01 04:26:18,405 - INFO - composites.py:432 - Write B05 -> //nas-rs.topo.auth.gr/Latomeia/DROUGHT/composites/x10/y10/2023/10/01/S2L2A_medcomp_x10y10_202310_B05.tif
2025-09-01 04:26:22,221 - INFO - composites.py:432 - Write B07 -> //nas-rs.topo.auth.gr/Latomeia/DROUGHT/composites/x10/y10/2023/10/01/S2L2A_medcomp_x10y10_202310_B07.tif
2025-09-01 04:26:26,123 - INFO - composites.py:432 - Write B8A -> //nas-rs.topo.auth.gr/Latomeia/DROUGHT/composites/x10/y10/2023/10/01/S2L2A_medcomp_x10y10_202310_B8A.tif
2025-09-01 04:26:30,457 - INFO - composites.py:432 - Write EVI -> //nas-rs.topo.auth.gr/Latomeia/DROUGHT/composites/x10/y10/2023/10/01/S2L2A_medcomp_x10y10_202310_EVI.tif
2025-09-01 04:26:34,291 - INFO - composites.py:432 - Write NDVI -> //nas-rs.topo.auth.gr/Latomeia/DROUGHT/composites/x10/y10/2023/10/01/S2L2A_medcomp_x10y10_202310_NDVI.tif
2025-09-01 04:26:38,088 - INFO - composites.py:432 - Write PSRI2 -> //nas-rs.topo.auth.gr/Latomeia/DROUGHT/composites/x10/y10/2023/10/01/S2L2A_medcomp_x10y10_202310_PSRI2.tif
2025-09-01 04:26:38,108 - INFO - composites.py:436 - Prepare metadata YAML document
2025-09-01 04:26:38,605 - INFO - composites.py:458 - Write metadata YAML document to disk
2025-09-01 04:26:38,630 - INFO - composites.py:463 - Create datacube.model.Dataset from eo3 metadata
2025-09-01 04:26:38,641 - INFO - composites.py:476 - Index to datacube
2025-09-01 04:26:38,642 - INFO - _datasets.py:191 - Indexing 7a4cfb00-7067-4e27-a7a4-9cf424fc438e
2025-09-01 04:26:38,649 - INFO - composites.py:479 - 
2025-09-01 04:26:38,649 - INFO - composites.py:480 -              ✔✔✔ COMPLETED: Tile x10_y10 | Time: 2023-10 | In 10.43 minutes
2025-09-01 04:26:38,649 - INFO - composites.py:481 - 
2025-09-01 04:26:38,649 - INFO - composites.py:489 - Closing Dask client
2025-09-01 04:26:38,651 - INFO - composites.py:493 - Closing Dask cluster
2025-09-01 04:26:38,653 - INFO - composites.py:494 - #######################################################################
