2025-09-04 20:56:04,157 - INFO - composites.py:102 - #######################################################################
2025-09-04 20:56:04,157 - INFO - composites.py:104 - Processing started
2025-09-04 20:56:04,157 - INFO - composites.py:105 -         Tile: x10_y09
2025-09-04 20:56:04,157 - INFO - composites.py:106 -         Time: 2025-08
2025-09-04 20:56:04,157 - INFO - composites.py:109 -                           
2025-09-04 20:56:04,157 - INFO - composites.py:110 - Establishing connection to datacube
2025-09-04 20:56:04,679 - INFO - composites.py:113 -                           
2025-09-04 20:56:04,679 - INFO - composites.py:114 - Sanity test: Check if dataset already exists in the datacube
2025-09-04 20:56:04,701 - INFO - composites.py:133 - The composite requested was not found and it will be computed
2025-09-04 20:56:04,701 - INFO - composites.py:136 -                                  
2025-09-04 20:56:04,701 - INFO - composites.py:137 - Initializing Dask cluster for parallelization
2025-09-04 20:56:09,723 - INFO - composites.py:161 - Dask dashboard is available at: http://127.0.0.1:8787/status
2025-09-04 20:56:09,723 - INFO - composites.py:164 - Create directories and naming conversions
2025-09-04 20:56:09,735 - INFO - composites.py:177 - Dataset location: //nas-rs.topo.auth.gr/Latomeia/DROUGHT/composites/x10/y09/2025/08/01
2025-09-04 20:56:09,736 - INFO - composites.py:180 -                           
2025-09-04 20:56:09,736 - INFO - composites.py:181 - Retrieve tile geometry
2025-09-04 20:56:09,764 - INFO - composites.py:192 - Create the Bounding Box (φ,λ)
2025-09-04 20:56:09,764 - INFO - composites.py:198 - Create the Bounding Box (x,y)
2025-09-04 20:56:09,764 - INFO - composites.py:211 -                           
2025-09-04 20:56:09,764 - INFO - composites.py:212 - Connect to Planetary Computer STAC Catalog
2025-09-04 20:56:10,132 - INFO - composites.py:220 - Search the STAC Catalog
2025-09-04 20:56:10,201 - INFO - composites.py:232 -         Query parameters:
2025-09-04 20:56:10,201 - INFO - composites.py:233 -             url:          https://planetarycomputer.microsoft.com/api/stac/v1/search
2025-09-04 20:56:10,201 - INFO - composites.py:234 -             client:       microsoft-pc
2025-09-04 20:56:10,201 - INFO - composites.py:235 -             collection:   sentinel-2-l2a
2025-09-04 20:56:10,201 - INFO - composites.py:236 -             bbox:         (22.393231098837152, 37.29127558081356, 23.05741948027706, 37.8424745721664)
2025-09-04 20:56:10,201 - INFO - composites.py:237 -             time range:   2025-08-01T00:00:00Z/2025-08-31T23:59:59Z
2025-09-04 20:56:10,201 - INFO - composites.py:238 -             cloud cover:  0% - 70%
2025-09-04 20:56:10,201 - INFO - composites.py:239 -             nodata cover: 0% - 33%
2025-09-04 20:56:10,201 - INFO - composites.py:241 -                           
2025-09-04 20:56:10,201 - INFO - composites.py:242 - Searching...
2025-09-04 20:56:10,699 - INFO - composites.py:245 - Query found 27 items
2025-09-04 20:56:10,699 - INFO - composites.py:247 - Searching for GRI REFINED scenes:
2025-09-04 20:56:15,115 - INFO - sentinel2.py:78 - 1/27 - S2B_MSIL2A_20250830T092029_R093_T34SFH_20250830T113855 -> REFINED
2025-09-04 20:56:20,102 - INFO - sentinel2.py:78 - 2/27 - S2B_MSIL2A_20250830T092029_R093_T34SFG_20250830T113855 -> REFINED
2025-09-04 20:56:24,542 - INFO - sentinel2.py:78 - 3/27 - S2A_MSIL2A_20250827T092041_R093_T34SFH_20250827T120914 -> REFINED
2025-09-04 20:56:30,094 - INFO - sentinel2.py:78 - 4/27 - S2A_MSIL2A_20250827T092041_R093_T34SFG_20250827T120914 -> REFINED
2025-09-04 20:56:34,594 - INFO - sentinel2.py:78 - 5/27 - S2B_MSIL2A_20250827T090559_R050_T34SFG_20250827T101153 -> REFINED
2025-09-04 20:56:40,775 - INFO - sentinel2.py:78 - 6/27 - S2C_MSIL2A_20250825T092051_R093_T34SFH_20250825T125221 -> REFINED
2025-09-04 20:56:46,156 - INFO - sentinel2.py:78 - 7/27 - S2C_MSIL2A_20250825T092051_R093_T34SFG_20250825T125221 -> REFINED
2025-09-04 20:56:50,503 - INFO - sentinel2.py:78 - 8/27 - S2A_MSIL2A_20250824T091321_R050_T34SFG_20250824T113416 -> REFINED
2025-09-04 20:56:56,129 - INFO - sentinel2.py:78 - 9/27 - S2C_MSIL2A_20250822T090611_R050_T34SFG_20250822T131014 -> REFINED
2025-09-04 20:57:00,628 - INFO - sentinel2.py:78 - 10/27 - S2B_MSIL2A_20250820T092029_R093_T34SFH_20250820T120536 -> REFINED
2025-09-04 20:57:05,105 - INFO - sentinel2.py:78 - 11/27 - S2B_MSIL2A_20250820T092029_R093_T34SFG_20250820T120536 -> REFINED
2025-09-04 20:57:09,967 - INFO - sentinel2.py:78 - 12/27 - S2A_MSIL2A_20250817T092231_R093_T34SFH_20250817T114620 -> REFINED
2025-09-04 20:57:14,837 - INFO - sentinel2.py:78 - 13/27 - S2A_MSIL2A_20250817T092231_R093_T34SFG_20250817T114620 -> REFINED
2025-09-04 20:57:21,989 - INFO - sentinel2.py:78 - 14/27 - S2B_MSIL2A_20250817T090559_R050_T34SFG_20250817T113544 -> REFINED
2025-09-04 20:57:27,474 - INFO - sentinel2.py:78 - 15/27 - S2C_MSIL2A_20250815T092051_R093_T34SFH_20250815T150218 -> REFINED
2025-09-04 20:57:32,839 - INFO - sentinel2.py:78 - 16/27 - S2C_MSIL2A_20250815T092051_R093_T34SFG_20250815T150218 -> REFINED
2025-09-04 20:57:38,282 - INFO - sentinel2.py:78 - 17/27 - S2A_MSIL2A_20250814T091031_R050_T34SFG_20250814T125014 -> REFINED
2025-09-04 20:57:43,292 - INFO - sentinel2.py:78 - 18/27 - S2C_MSIL2A_20250812T090611_R050_T34SFG_20250812T150020 -> REFINED
2025-09-04 20:57:47,694 - INFO - sentinel2.py:78 - 19/27 - S2B_MSIL2A_20250810T092029_R093_T34SFH_20250810T114025 -> REFINED
2025-09-04 20:57:52,012 - INFO - sentinel2.py:78 - 20/27 - S2B_MSIL2A_20250810T092029_R093_T34SFG_20250810T114025 -> REFINED
2025-09-04 20:57:57,503 - INFO - sentinel2.py:78 - 21/27 - S2A_MSIL2A_20250807T092041_R093_T34SFH_20250807T121601 -> REFINED
2025-09-04 20:58:01,879 - INFO - sentinel2.py:78 - 22/27 - S2A_MSIL2A_20250807T092041_R093_T34SFG_20250807T121601 -> REFINED
2025-09-04 20:58:07,374 - INFO - sentinel2.py:78 - 23/27 - S2B_MSIL2A_20250807T090559_R050_T34SFG_20250807T101514 -> REFINED
2025-09-04 20:58:11,382 - INFO - sentinel2.py:78 - 24/27 - S2C_MSIL2A_20250805T092051_R093_T34SFH_20250805T115314 -> REFINED
2025-09-04 20:58:18,199 - INFO - sentinel2.py:78 - 25/27 - S2C_MSIL2A_20250805T092051_R093_T34SFG_20250805T115314 -> REFINED
2025-09-04 20:58:23,766 - INFO - sentinel2.py:78 - 26/27 - S2A_MSIL2A_20250804T091331_R050_T34SFG_20250804T120007 -> REFINED
2025-09-04 20:58:29,087 - INFO - sentinel2.py:78 - 27/27 - S2C_MSIL2A_20250802T090611_R050_T34SFG_20250802T124515 -> REFINED
2025-09-04 20:58:29,154 - INFO - composites.py:250 -                                  
2025-09-04 20:58:29,154 - INFO - composites.py:251 - 27/27 were refined by GRI.
2025-09-04 20:58:29,154 - INFO - composites.py:263 - Looking for up to 8 cleanest images within spatiotemporal range of each MGRS tile
2025-09-04 20:58:29,155 - INFO - composites.py:277 - Filtered cleanest scenes: Kept 16 out of 27 items. 
2025-09-04 20:58:29,155 - INFO - composites.py:278 -         Included MGRS Tiles: ['34SFG' '34SFH']
2025-09-04 20:58:29,155 - INFO - composites.py:279 -         Included EPSG codes: [32634]
2025-09-04 20:58:29,155 - INFO - composites.py:281 - Selected scenes:
2025-09-04 20:58:29,155 - INFO - composites.py:283 -         S2B_MSIL2A_20250830T092029_R093_T34SFG_20250830T113855
2025-09-04 20:58:29,155 - INFO - composites.py:283 -         S2C_MSIL2A_20250822T090611_R050_T34SFG_20250822T131014
2025-09-04 20:58:29,170 - INFO - composites.py:283 -         S2B_MSIL2A_20250810T092029_R093_T34SFG_20250810T114025
2025-09-04 20:58:29,170 - INFO - composites.py:283 -         S2C_MSIL2A_20250812T090611_R050_T34SFG_20250812T150020
2025-09-04 20:58:29,184 - INFO - composites.py:283 -         S2B_MSIL2A_20250807T090559_R050_T34SFG_20250807T101514
2025-09-04 20:58:29,185 - INFO - composites.py:283 -         S2A_MSIL2A_20250804T091331_R050_T34SFG_20250804T120007
2025-09-04 20:58:29,185 - INFO - composites.py:283 -         S2B_MSIL2A_20250817T090559_R050_T34SFG_20250817T113544
2025-09-04 20:58:29,185 - INFO - composites.py:283 -         S2A_MSIL2A_20250814T091031_R050_T34SFG_20250814T125014
2025-09-04 20:58:29,191 - INFO - composites.py:283 -         S2B_MSIL2A_20250830T092029_R093_T34SFH_20250830T113855
2025-09-04 20:58:29,191 - INFO - composites.py:283 -         S2B_MSIL2A_20250810T092029_R093_T34SFH_20250810T114025
2025-09-04 20:58:29,191 - INFO - composites.py:283 -         S2C_MSIL2A_20250825T092051_R093_T34SFH_20250825T125221
2025-09-04 20:58:29,191 - INFO - composites.py:283 -         S2A_MSIL2A_20250827T092041_R093_T34SFH_20250827T120914
2025-09-04 20:58:29,191 - INFO - composites.py:283 -         S2A_MSIL2A_20250817T092231_R093_T34SFH_20250817T114620
2025-09-04 20:58:29,191 - INFO - composites.py:283 -         S2B_MSIL2A_20250820T092029_R093_T34SFH_20250820T120536
2025-09-04 20:58:29,191 - INFO - composites.py:283 -         S2A_MSIL2A_20250807T092041_R093_T34SFH_20250807T121601
2025-09-04 20:58:29,191 - INFO - composites.py:283 -         S2C_MSIL2A_20250805T092051_R093_T34SFH_20250805T115314
2025-09-04 20:58:29,535 - INFO - sentinel2.py:154 - Matplotlib backend: Agg
2025-09-04 20:58:29,831 - INFO - sentinel2.py:224 - Write input scenes footprint overlay: //nas-rs.topo.auth.gr/Latomeia/DROUGHT/composites/x10/y09/2025/08/01/S2L2A_medcomp_x10y09_202508_InDataFootprint.jpeg
2025-09-04 20:58:30,065 - INFO - composites.py:297 -                                  
2025-09-04 20:58:30,065 - INFO - composites.py:298 - Downstream STAC items from Planetary Computer
2025-09-04 20:58:30,065 - INFO - timeseries_processing.py:115 -                                  
2025-09-04 20:58:30,065 - INFO - timeseries_processing.py:116 - Loading bands of diferent resolutions in EPSG:32634
2025-09-04 20:58:30,065 - INFO - timeseries_processing.py:120 -     Filtering items with native UTM EPSG:32634
2025-09-04 20:58:30,065 - INFO - timeseries_processing.py:122 -     16 Items in EPSG:32634
2025-09-04 20:58:30,065 - INFO - timeseries_processing.py:129 -                        
2025-09-04 20:58:30,065 - INFO - timeseries_processing.py:130 -     Loading parameters:
2025-09-04 20:58:30,065 - INFO - timeseries_processing.py:131 -         Bands: ['B05', 'B07', 'B8A', 'SCL']
2025-09-04 20:58:30,065 - INFO - timeseries_processing.py:132 -         Spatial resolution: 20
2025-09-04 20:58:30,065 - INFO - timeseries_processing.py:134 -         Get Assets from STAC Items
2025-09-04 20:58:30,065 - INFO - timeseries_processing.py:47 -         Initialize the STAC client
2025-09-04 20:58:30,606 - INFO - timeseries_processing.py:137 -         Loading 16 STAC Items....
2025-09-04 20:59:40,756 - INFO - timeseries_processing.py:146 -         Cube has been downloaded
2025-09-04 20:59:40,756 - INFO - timeseries_processing.py:156 -         Fix order of dimensions
2025-09-04 20:59:40,759 - INFO - timeseries_processing.py:161 -         Append bands to the band-list of EPSG:32634
2025-09-04 20:59:40,760 - INFO - timeseries_processing.py:129 -                        
2025-09-04 20:59:40,761 - INFO - timeseries_processing.py:130 -     Loading parameters:
2025-09-04 20:59:40,761 - INFO - timeseries_processing.py:131 -         Bands: ['B02', 'B03', 'B04']
2025-09-04 20:59:40,761 - INFO - timeseries_processing.py:132 -         Spatial resolution: 10
2025-09-04 20:59:40,769 - INFO - timeseries_processing.py:134 -         Get Assets from STAC Items
2025-09-04 20:59:40,771 - INFO - timeseries_processing.py:47 -         Initialize the STAC client
2025-09-04 20:59:41,357 - INFO - timeseries_processing.py:137 -         Loading 16 STAC Items....
2025-09-04 21:02:17,267 - INFO - timeseries_processing.py:146 -         Cube has been downloaded
2025-09-04 21:02:17,268 - INFO - timeseries_processing.py:149 -         Reproject to downsample 10m bands to 20m by Resampling.average 2x2 binning and shape matching with odc.geo.GeoBox
2025-09-04 21:02:36,247 - INFO - timeseries_processing.py:161 -         Append bands to the band-list of EPSG:32634
2025-09-04 21:02:36,247 - INFO - timeseries_processing.py:165 -                        
2025-09-04 21:02:36,247 - INFO - timeseries_processing.py:166 -     Merging bands in a single dataset
2025-09-04 21:02:36,247 - INFO - timeseries_processing.py:167 -     Ensure all partial datasets are at (x=20, y=-20) resolution
2025-09-04 21:02:36,248 - INFO - timeseries_processing.py:171 -     Clip to the intersection of indexes
2025-09-04 21:02:37,525 - INFO - timeseries_processing.py:180 -     Make a list of bands to merge
2025-09-04 21:02:37,526 - INFO - timeseries_processing.py:184 -     Merge on intersection
2025-09-04 21:02:37,526 - INFO - timeseries_processing.py:192 -     Apply masks on clouds, shadows, thin cirrus, and snow/ice
2025-09-04 21:02:37,527 - INFO - sentinel2.py:122 -                Masking bits: [3, 7, 8, 9, 10, 11]
2025-09-04 21:02:39,397 - INFO - composites.py:307 - Reproject from UTM Zone to Tile geometry -> CRS(EPSG:32634), Resampling.bilinear
2025-09-04 21:02:49,101 - INFO - composites.py:310 -     New shape of datasets: Shape2d(x=2400, y=2400)
2025-09-04 21:02:49,864 - INFO - composites.py:329 - Scale SR to Sen2Cor Baseline 4.00 - Subtract 1000 in dates post 2022-01-25
2025-09-04 21:02:51,995 - INFO - composites.py:342 - Creating preview plot of input scenes
2025-09-04 21:03:33,566 - INFO - timeseries_processing.py:349 - Saved preview for 'B04' to //nas-rs.topo.auth.gr/Latomeia/DROUGHT/composites/x10/y09/2025/08/01/S2L2A_medcomp_x10y09_202508_InDataPreview.jpeg
2025-09-04 21:03:33,582 - INFO - composites.py:348 - Clip value range
2025-09-04 21:03:36,396 - INFO - composites.py:353 -                           
2025-09-04 21:03:36,397 - INFO - composites.py:354 - Computing spectral indices:
2025-09-04 21:03:36,397 - INFO - composites.py:357 -     EVI...
2025-09-04 21:03:38,104 - INFO - composites.py:359 -     NDVI...
2025-09-04 21:03:38,653 - INFO - composites.py:361 -     PSRI2...
2025-09-04 21:03:39,089 - INFO - composites.py:364 - Clip to typical value range
2025-09-04 21:03:39,591 - INFO - composites.py:371 - Reducing to median value temporal composite
2025-09-04 21:04:10,537 - INFO - composites.py:390 - Scale and Define data types & nodata per band
2025-09-04 21:04:10,696 - INFO - composites.py:411 - Assign time range and tile ID in metadata
2025-09-04 21:04:10,696 - INFO - composites.py:419 - Write bands to raster COG files
2025-09-04 21:04:14,703 - INFO - composites.py:432 - Write B02 -> //nas-rs.topo.auth.gr/Latomeia/DROUGHT/composites/x10/y09/2025/08/01/S2L2A_medcomp_x10y09_202508_B02.tif
2025-09-04 21:04:18,602 - INFO - composites.py:432 - Write B03 -> //nas-rs.topo.auth.gr/Latomeia/DROUGHT/composites/x10/y09/2025/08/01/S2L2A_medcomp_x10y09_202508_B03.tif
2025-09-04 21:04:22,551 - INFO - composites.py:432 - Write B04 -> //nas-rs.topo.auth.gr/Latomeia/DROUGHT/composites/x10/y09/2025/08/01/S2L2A_medcomp_x10y09_202508_B04.tif
2025-09-04 21:04:26,550 - INFO - composites.py:432 - Write B05 -> //nas-rs.topo.auth.gr/Latomeia/DROUGHT/composites/x10/y09/2025/08/01/S2L2A_medcomp_x10y09_202508_B05.tif
2025-09-04 21:04:31,199 - INFO - composites.py:432 - Write B07 -> //nas-rs.topo.auth.gr/Latomeia/DROUGHT/composites/x10/y09/2025/08/01/S2L2A_medcomp_x10y09_202508_B07.tif
2025-09-04 21:04:35,269 - INFO - composites.py:432 - Write B8A -> //nas-rs.topo.auth.gr/Latomeia/DROUGHT/composites/x10/y09/2025/08/01/S2L2A_medcomp_x10y09_202508_B8A.tif
2025-09-04 21:04:39,135 - INFO - composites.py:432 - Write EVI -> //nas-rs.topo.auth.gr/Latomeia/DROUGHT/composites/x10/y09/2025/08/01/S2L2A_medcomp_x10y09_202508_EVI.tif
2025-09-04 21:04:43,116 - INFO - composites.py:432 - Write NDVI -> //nas-rs.topo.auth.gr/Latomeia/DROUGHT/composites/x10/y09/2025/08/01/S2L2A_medcomp_x10y09_202508_NDVI.tif
2025-09-04 21:04:47,032 - INFO - composites.py:432 - Write PSRI2 -> //nas-rs.topo.auth.gr/Latomeia/DROUGHT/composites/x10/y09/2025/08/01/S2L2A_medcomp_x10y09_202508_PSRI2.tif
2025-09-04 21:04:47,033 - INFO - composites.py:436 - Prepare metadata YAML document
2025-09-04 21:04:47,625 - INFO - composites.py:458 - Write metadata YAML document to disk
2025-09-04 21:04:47,690 - INFO - composites.py:463 - Create datacube.model.Dataset from eo3 metadata
2025-09-04 21:04:47,700 - INFO - composites.py:476 - Index to datacube
2025-09-04 21:04:47,700 - INFO - _datasets.py:191 - Indexing 564d278b-c517-4e1f-ae01-6b2f2e603dd0
2025-09-04 21:04:47,714 - INFO - composites.py:479 - 
2025-09-04 21:04:47,714 - INFO - composites.py:480 -              ✔✔✔ COMPLETED: Tile x10_y09 | Time: 2025-08 | In 8.73 minutes
2025-09-04 21:04:47,714 - INFO - composites.py:481 - 
2025-09-04 21:04:47,714 - INFO - composites.py:489 - Closing Dask client
2025-09-04 21:04:47,716 - INFO - composites.py:493 - Closing Dask cluster
2025-09-04 21:04:47,716 - INFO - composites.py:494 - #######################################################################
