2025-09-02 04:04:53,582 - INFO - composites.py:102 - #######################################################################
2025-09-02 04:04:53,582 - INFO - composites.py:104 - Processing started
2025-09-02 04:04:53,582 - INFO - composites.py:105 -         Tile: x08_y11
2025-09-02 04:04:53,582 - INFO - composites.py:106 -         Time: 2024-07
2025-09-02 04:04:53,582 - INFO - composites.py:109 -                           
2025-09-02 04:04:53,582 - INFO - composites.py:110 - Establishing connection to datacube
2025-09-02 04:04:54,129 - INFO - composites.py:113 -                           
2025-09-02 04:04:54,129 - INFO - composites.py:114 - Sanity test: Check if dataset already exists in the datacube
2025-09-02 04:04:54,151 - INFO - composites.py:133 - The composite requested was not found and it will be computed
2025-09-02 04:04:54,151 - INFO - composites.py:136 -                                  
2025-09-02 04:04:54,151 - INFO - composites.py:137 - Initializing Dask cluster for parallelization
2025-09-02 04:04:59,158 - INFO - composites.py:161 - Dask dashboard is available at: http://127.0.0.1:8787/status
2025-09-02 04:04:59,158 - INFO - composites.py:164 - Create directories and naming conversions
2025-09-02 04:04:59,168 - INFO - composites.py:177 - Dataset location: //nas-rs.topo.auth.gr/Latomeia/DROUGHT/composites/x08/y11/2024/07/01
2025-09-02 04:04:59,168 - INFO - composites.py:180 -                           
2025-09-02 04:04:59,168 - INFO - composites.py:181 - Retrieve tile geometry
2025-09-02 04:04:59,198 - INFO - composites.py:192 - Create the Bounding Box (φ,λ)
2025-09-02 04:04:59,198 - INFO - composites.py:198 - Create the Bounding Box (x,y)
2025-09-02 04:04:59,198 - INFO - composites.py:211 -                           
2025-09-02 04:04:59,198 - INFO - composites.py:212 - Connect to Planetary Computer STAC Catalog
2025-09-02 04:04:59,457 - INFO - composites.py:220 - Search the STAC Catalog
2025-09-02 04:04:59,527 - INFO - composites.py:232 -         Query parameters:
2025-09-02 04:04:59,527 - INFO - composites.py:233 -             url:          https://planetarycomputer.microsoft.com/api/stac/v1/search
2025-09-02 04:04:59,527 - INFO - composites.py:234 -             client:       microsoft-pc
2025-09-02 04:04:59,527 - INFO - composites.py:235 -             collection:   sentinel-2-l2a
2025-09-02 04:04:59,527 - INFO - composites.py:236 -             bbox:         (21.470456200843422, 38.29135632905737, 22.139354689000736, 38.83788179019963)
2025-09-02 04:04:59,527 - INFO - composites.py:237 -             time range:   2024-07-01T00:00:00Z/2024-07-31T23:59:59Z
2025-09-02 04:04:59,527 - INFO - composites.py:238 -             cloud cover:  0% - 70%
2025-09-02 04:04:59,527 - INFO - composites.py:239 -             nodata cover: 0% - 33%
2025-09-02 04:04:59,527 - INFO - composites.py:241 -                           
2025-09-02 04:04:59,527 - INFO - composites.py:242 - Searching...
2025-09-02 04:05:00,039 - INFO - composites.py:245 - Query found 14 items
2025-09-02 04:05:00,039 - INFO - composites.py:247 - Searching for GRI REFINED scenes:
2025-09-02 04:05:04,875 - INFO - sentinel2.py:78 - 1/14 - S2A_MSIL2A_20240731T092031_R093_T34SEJ_20240731T132944 -> REFINED
2025-09-02 04:05:09,025 - INFO - sentinel2.py:78 - 2/14 - S2A_MSIL2A_20240731T092031_R093_T34SEH_20240731T132944 -> REFINED
2025-09-02 04:05:13,125 - INFO - sentinel2.py:78 - 3/14 - S2B_MSIL2A_20240726T091559_R093_T34SEJ_20240726T122410 -> REFINED
2025-09-02 04:05:17,312 - INFO - sentinel2.py:78 - 4/14 - S2B_MSIL2A_20240726T091559_R093_T34SEH_20240726T122410 -> REFINED
2025-09-02 04:05:22,054 - INFO - sentinel2.py:78 - 5/14 - S2A_MSIL2A_20240721T092031_R093_T34SEJ_20240721T161714 -> REFINED
2025-09-02 04:05:26,660 - INFO - sentinel2.py:78 - 6/14 - S2A_MSIL2A_20240721T092031_R093_T34SEH_20240721T162708 -> REFINED
2025-09-02 04:05:30,809 - INFO - sentinel2.py:78 - 7/14 - S2B_MSIL2A_20240716T091559_R093_T34SEJ_20240716T125337 -> REFINED
2025-09-02 04:05:35,029 - INFO - sentinel2.py:78 - 8/14 - S2B_MSIL2A_20240716T091559_R093_T34SEH_20240716T122518 -> REFINED
2025-09-02 04:05:38,577 - INFO - sentinel2.py:78 - 9/14 - S2A_MSIL2A_20240711T092031_R093_T34SEJ_20240711T152124 -> REFINED
2025-09-02 04:05:42,752 - INFO - sentinel2.py:78 - 10/14 - S2A_MSIL2A_20240711T092031_R093_T34SEH_20240711T152306 -> REFINED
2025-09-02 04:05:47,499 - INFO - sentinel2.py:78 - 11/14 - S2B_MSIL2A_20240706T091559_R093_T34SEJ_20240706T134206 -> REFINED
2025-09-02 04:05:51,926 - INFO - sentinel2.py:78 - 12/14 - S2B_MSIL2A_20240706T091559_R093_T34SEH_20240706T133933 -> REFINED
2025-09-02 04:05:56,829 - INFO - sentinel2.py:78 - 13/14 - S2A_MSIL2A_20240701T092031_R093_T34SEJ_20240701T235641 -> REFINED
2025-09-02 04:06:00,324 - INFO - sentinel2.py:78 - 14/14 - S2A_MSIL2A_20240701T092031_R093_T34SEH_20240701T235547 -> REFINED
2025-09-02 04:06:00,370 - INFO - composites.py:250 -                                  
2025-09-02 04:06:00,370 - INFO - composites.py:251 - 14/14 were refined by GRI.
2025-09-02 04:06:00,376 - INFO - composites.py:263 - Looking for up to 10 cleanest images within spatiotemporal range of each MGRS tile
2025-09-02 04:06:00,388 - INFO - composites.py:277 - Filtered cleanest scenes: Kept 14 out of 14 items. 
2025-09-02 04:06:00,389 - INFO - composites.py:278 -         Included MGRS Tiles: ['34SEH' '34SEJ']
2025-09-02 04:06:00,389 - INFO - composites.py:279 -         Included EPSG codes: [32634]
2025-09-02 04:06:00,389 - INFO - composites.py:281 - Selected scenes:
2025-09-02 04:06:00,389 - INFO - composites.py:283 -         S2A_MSIL2A_20240701T092031_R093_T34SEH_20240701T235547
2025-09-02 04:06:00,390 - INFO - composites.py:283 -         S2B_MSIL2A_20240716T091559_R093_T34SEH_20240716T122518
2025-09-02 04:06:00,390 - INFO - composites.py:283 -         S2A_MSIL2A_20240711T092031_R093_T34SEH_20240711T152306
2025-09-02 04:06:00,390 - INFO - composites.py:283 -         S2B_MSIL2A_20240706T091559_R093_T34SEH_20240706T133933
2025-09-02 04:06:00,390 - INFO - composites.py:283 -         S2A_MSIL2A_20240721T092031_R093_T34SEH_20240721T162708
2025-09-02 04:06:00,390 - INFO - composites.py:283 -         S2A_MSIL2A_20240731T092031_R093_T34SEH_20240731T132944
2025-09-02 04:06:00,391 - INFO - composites.py:283 -         S2B_MSIL2A_20240726T091559_R093_T34SEH_20240726T122410
2025-09-02 04:06:00,391 - INFO - composites.py:283 -         S2A_MSIL2A_20240701T092031_R093_T34SEJ_20240701T235641
2025-09-02 04:06:00,391 - INFO - composites.py:283 -         S2B_MSIL2A_20240716T091559_R093_T34SEJ_20240716T125337
2025-09-02 04:06:00,391 - INFO - composites.py:283 -         S2A_MSIL2A_20240721T092031_R093_T34SEJ_20240721T161714
2025-09-02 04:06:00,392 - INFO - composites.py:283 -         S2B_MSIL2A_20240706T091559_R093_T34SEJ_20240706T134206
2025-09-02 04:06:00,392 - INFO - composites.py:283 -         S2A_MSIL2A_20240711T092031_R093_T34SEJ_20240711T152124
2025-09-02 04:06:00,392 - INFO - composites.py:283 -         S2A_MSIL2A_20240731T092031_R093_T34SEJ_20240731T132944
2025-09-02 04:06:00,392 - INFO - composites.py:283 -         S2B_MSIL2A_20240726T091559_R093_T34SEJ_20240726T122410
2025-09-02 04:06:00,787 - INFO - sentinel2.py:154 - Matplotlib backend: Agg
2025-09-02 04:06:00,938 - INFO - sentinel2.py:224 - Write input scenes footprint overlay: //nas-rs.topo.auth.gr/Latomeia/DROUGHT/composites/x08/y11/2024/07/01/S2L2A_medcomp_x08y11_202407_InDataFootprint.jpeg
2025-09-02 04:06:01,216 - INFO - composites.py:297 -                                  
2025-09-02 04:06:01,216 - INFO - composites.py:298 - Downstream STAC items from Planetary Computer
2025-09-02 04:06:01,216 - INFO - timeseries_processing.py:115 -                                  
2025-09-02 04:06:01,216 - INFO - timeseries_processing.py:116 - Loading bands of diferent resolutions in EPSG:32634
2025-09-02 04:06:01,217 - INFO - timeseries_processing.py:120 -     Filtering items with native UTM EPSG:32634
2025-09-02 04:06:01,217 - INFO - timeseries_processing.py:122 -     14 Items in EPSG:32634
2025-09-02 04:06:01,217 - INFO - timeseries_processing.py:129 -                        
2025-09-02 04:06:01,217 - INFO - timeseries_processing.py:130 -     Loading parameters:
2025-09-02 04:06:01,217 - INFO - timeseries_processing.py:131 -         Bands: ['B05', 'B07', 'B8A', 'SCL']
2025-09-02 04:06:01,217 - INFO - timeseries_processing.py:132 -         Spatial resolution: 20
2025-09-02 04:06:01,217 - INFO - timeseries_processing.py:134 -         Get Assets from STAC Items
2025-09-02 04:06:01,217 - INFO - timeseries_processing.py:47 -         Initialize the STAC client
2025-09-02 04:06:01,850 - INFO - timeseries_processing.py:137 -         Loading 14 STAC Items....
2025-09-02 04:06:31,443 - INFO - timeseries_processing.py:146 -         Cube has been downloaded
2025-09-02 04:06:31,443 - INFO - timeseries_processing.py:156 -         Fix order of dimensions
2025-09-02 04:06:31,444 - INFO - timeseries_processing.py:161 -         Append bands to the band-list of EPSG:32634
2025-09-02 04:06:31,444 - INFO - timeseries_processing.py:129 -                        
2025-09-02 04:06:31,447 - INFO - timeseries_processing.py:130 -     Loading parameters:
2025-09-02 04:06:31,447 - INFO - timeseries_processing.py:131 -         Bands: ['B02', 'B03', 'B04']
2025-09-02 04:06:31,447 - INFO - timeseries_processing.py:132 -         Spatial resolution: 10
2025-09-02 04:06:31,447 - INFO - timeseries_processing.py:134 -         Get Assets from STAC Items
2025-09-02 04:06:31,447 - INFO - timeseries_processing.py:47 -         Initialize the STAC client
2025-09-02 04:06:31,936 - INFO - timeseries_processing.py:137 -         Loading 14 STAC Items....
2025-09-02 04:07:56,838 - INFO - timeseries_processing.py:146 -         Cube has been downloaded
2025-09-02 04:07:56,838 - INFO - timeseries_processing.py:149 -         Reproject to downsample 10m bands to 20m by Resampling.average 2x2 binning and shape matching with odc.geo.GeoBox
2025-09-02 04:08:07,318 - INFO - timeseries_processing.py:161 -         Append bands to the band-list of EPSG:32634
2025-09-02 04:08:07,318 - INFO - timeseries_processing.py:165 -                        
2025-09-02 04:08:07,318 - INFO - timeseries_processing.py:166 -     Merging bands in a single dataset
2025-09-02 04:08:07,318 - INFO - timeseries_processing.py:167 -     Ensure all partial datasets are at (x=20, y=-20) resolution
2025-09-02 04:08:07,318 - INFO - timeseries_processing.py:171 -     Clip to the intersection of indexes
2025-09-02 04:08:08,531 - INFO - timeseries_processing.py:180 -     Make a list of bands to merge
2025-09-02 04:08:08,532 - INFO - timeseries_processing.py:184 -     Merge on intersection
2025-09-02 04:08:08,533 - INFO - timeseries_processing.py:192 -     Apply masks on clouds, shadows, thin cirrus, and snow/ice
2025-09-02 04:08:08,533 - INFO - sentinel2.py:122 -                Masking bits: [3, 7, 8, 9, 10, 11]
2025-09-02 04:08:09,353 - INFO - composites.py:307 - Reproject from UTM Zone to Tile geometry -> CRS(EPSG:32634), Resampling.bilinear
2025-09-02 04:08:14,279 - INFO - composites.py:310 -     New shape of datasets: Shape2d(x=2400, y=2400)
2025-09-02 04:08:14,864 - INFO - composites.py:329 - Scale SR to Sen2Cor Baseline 4.00 - Subtract 1000 in dates post 2022-01-25
2025-09-02 04:08:15,960 - INFO - composites.py:342 - Creating preview plot of input scenes
2025-09-02 04:08:43,171 - INFO - timeseries_processing.py:349 - Saved preview for 'B04' to //nas-rs.topo.auth.gr/Latomeia/DROUGHT/composites/x08/y11/2024/07/01/S2L2A_medcomp_x08y11_202407_InDataPreview.jpeg
2025-09-02 04:08:43,177 - INFO - composites.py:348 - Clip value range
2025-09-02 04:08:44,629 - INFO - composites.py:353 -                           
2025-09-02 04:08:44,639 - INFO - composites.py:354 - Computing spectral indices:
2025-09-02 04:08:44,639 - INFO - composites.py:357 -     EVI...
2025-09-02 04:08:45,495 - INFO - composites.py:359 -     NDVI...
2025-09-02 04:08:45,827 - INFO - composites.py:361 -     PSRI2...
2025-09-02 04:08:46,013 - INFO - composites.py:364 - Clip to typical value range
2025-09-02 04:08:46,277 - INFO - composites.py:371 - Reducing to median value temporal composite
2025-09-02 04:09:11,779 - INFO - composites.py:390 - Scale and Define data types & nodata per band
2025-09-02 04:09:11,911 - INFO - composites.py:411 - Assign time range and tile ID in metadata
2025-09-02 04:09:11,911 - INFO - composites.py:419 - Write bands to raster COG files
2025-09-02 04:09:16,074 - INFO - composites.py:432 - Write B02 -> //nas-rs.topo.auth.gr/Latomeia/DROUGHT/composites/x08/y11/2024/07/01/S2L2A_medcomp_x08y11_202407_B02.tif
2025-09-02 04:09:20,023 - INFO - composites.py:432 - Write B03 -> //nas-rs.topo.auth.gr/Latomeia/DROUGHT/composites/x08/y11/2024/07/01/S2L2A_medcomp_x08y11_202407_B03.tif
2025-09-02 04:09:23,992 - INFO - composites.py:432 - Write B04 -> //nas-rs.topo.auth.gr/Latomeia/DROUGHT/composites/x08/y11/2024/07/01/S2L2A_medcomp_x08y11_202407_B04.tif
2025-09-02 04:09:27,924 - INFO - composites.py:432 - Write B05 -> //nas-rs.topo.auth.gr/Latomeia/DROUGHT/composites/x08/y11/2024/07/01/S2L2A_medcomp_x08y11_202407_B05.tif
2025-09-02 04:09:31,823 - INFO - composites.py:432 - Write B07 -> //nas-rs.topo.auth.gr/Latomeia/DROUGHT/composites/x08/y11/2024/07/01/S2L2A_medcomp_x08y11_202407_B07.tif
2025-09-02 04:09:36,520 - INFO - composites.py:432 - Write B8A -> //nas-rs.topo.auth.gr/Latomeia/DROUGHT/composites/x08/y11/2024/07/01/S2L2A_medcomp_x08y11_202407_B8A.tif
2025-09-02 04:09:40,378 - INFO - composites.py:432 - Write EVI -> //nas-rs.topo.auth.gr/Latomeia/DROUGHT/composites/x08/y11/2024/07/01/S2L2A_medcomp_x08y11_202407_EVI.tif
2025-09-02 04:09:44,333 - INFO - composites.py:432 - Write NDVI -> //nas-rs.topo.auth.gr/Latomeia/DROUGHT/composites/x08/y11/2024/07/01/S2L2A_medcomp_x08y11_202407_NDVI.tif
2025-09-02 04:09:48,132 - INFO - composites.py:432 - Write PSRI2 -> //nas-rs.topo.auth.gr/Latomeia/DROUGHT/composites/x08/y11/2024/07/01/S2L2A_medcomp_x08y11_202407_PSRI2.tif
2025-09-02 04:09:48,134 - INFO - composites.py:436 - Prepare metadata YAML document
2025-09-02 04:09:48,630 - INFO - composites.py:458 - Write metadata YAML document to disk
2025-09-02 04:09:48,680 - INFO - composites.py:463 - Create datacube.model.Dataset from eo3 metadata
2025-09-02 04:09:48,691 - INFO - composites.py:476 - Index to datacube
2025-09-02 04:09:48,691 - INFO - _datasets.py:191 - Indexing e3f34118-cc9d-4dda-bd6e-28dc531d4747
2025-09-02 04:09:48,699 - INFO - composites.py:479 - 
2025-09-02 04:09:48,699 - INFO - composites.py:480 -              ✔✔✔ COMPLETED: Tile x08_y11 | Time: 2024-07 | In 4.92 minutes
2025-09-02 04:09:48,699 - INFO - composites.py:481 - 
2025-09-02 04:09:48,699 - INFO - composites.py:489 - Closing Dask client
2025-09-02 04:09:48,701 - INFO - composites.py:493 - Closing Dask cluster
2025-09-02 04:09:48,701 - INFO - composites.py:494 - #######################################################################
