2025-08-30 14:17:24,223 - INFO - composites.py:102 - #######################################################################
2025-08-30 14:17:24,223 - INFO - composites.py:104 - Processing started
2025-08-30 14:17:24,223 - INFO - composites.py:105 -         Tile: x10_y08
2025-08-30 14:17:24,223 - INFO - composites.py:106 -         Time: 2022-11
2025-08-30 14:17:24,223 - INFO - composites.py:109 -                           
2025-08-30 14:17:24,223 - INFO - composites.py:110 - Establishing connection to datacube
2025-08-30 14:17:25,049 - INFO - composites.py:113 -                           
2025-08-30 14:17:25,050 - INFO - composites.py:114 - Sanity test: Check if dataset already exists in the datacube
2025-08-30 14:17:25,073 - INFO - composites.py:133 - The composite requested was not found and it will be computed
2025-08-30 14:17:25,073 - INFO - composites.py:136 -                                  
2025-08-30 14:17:25,073 - INFO - composites.py:137 - Initializing Dask cluster for parallelization
2025-08-30 14:17:32,880 - INFO - composites.py:161 - Dask dashboard is available at: http://127.0.0.1:55628/status
2025-08-30 14:17:32,880 - INFO - composites.py:164 - Create directories and naming conversions
2025-08-30 14:17:32,921 - INFO - composites.py:177 - Dataset location: //nas-rs.topo.auth.gr/Latomeia/DROUGHT/composites/x10/y08/2022/11/01
2025-08-30 14:17:32,921 - INFO - composites.py:180 -                           
2025-08-30 14:17:32,921 - INFO - composites.py:181 - Retrieve tile geometry
2025-08-30 14:17:32,994 - INFO - composites.py:192 - Create the Bounding Box (φ,λ)
2025-08-30 14:17:32,994 - INFO - composites.py:198 - Create the Bounding Box (x,y)
2025-08-30 14:17:32,994 - INFO - composites.py:211 -                           
2025-08-30 14:17:32,994 - INFO - composites.py:212 - Connect to Planetary Computer STAC Catalog
2025-08-30 14:17:33,218 - INFO - composites.py:220 - Search the STAC Catalog
2025-08-30 14:17:33,290 - INFO - composites.py:232 -         Query parameters:
2025-08-30 14:17:33,290 - INFO - composites.py:233 -             url:          https://planetarycomputer.microsoft.com/api/stac/v1/search
2025-08-30 14:17:33,290 - INFO - composites.py:234 -             client:       microsoft-pc
2025-08-30 14:17:33,290 - INFO - composites.py:235 -             collection:   sentinel-2-l2a
2025-08-30 14:17:33,290 - INFO - composites.py:236 -             bbox:         (22.316206507160903, 36.86212166478193, 22.975825813790852, 37.413146481379215)
2025-08-30 14:17:33,291 - INFO - composites.py:237 -             time range:   2022-11-01T00:00:00Z/2022-11-30T23:59:59Z
2025-08-30 14:17:33,291 - INFO - composites.py:238 -             cloud cover:  0% - 70%
2025-08-30 14:17:33,291 - INFO - composites.py:239 -             nodata cover: 0% - 33%
2025-08-30 14:17:33,291 - INFO - composites.py:241 -                           
2025-08-30 14:17:33,291 - INFO - composites.py:242 - Searching...
2025-08-30 14:17:33,770 - INFO - composites.py:245 - Query found 24 items
2025-08-30 14:17:33,770 - INFO - composites.py:247 - Searching for GRI REFINED scenes:
2025-08-30 14:17:39,206 - INFO - sentinel2.py:78 - 1/24 - S2A_MSIL2A_20221129T092331_R093_T34SFG_20221201T032707 -> REFINED
2025-08-30 14:17:44,059 - INFO - sentinel2.py:78 - 2/24 - S2A_MSIL2A_20221129T092331_R093_T34SFF_20221201T045441 -> REFINED
2025-08-30 14:17:50,410 - INFO - sentinel2.py:78 - 3/24 - S2B_MSIL2A_20221124T092219_R093_T34SFG_20221125T134104 -> REFINED
2025-08-30 14:17:55,276 - INFO - sentinel2.py:78 - 4/24 - S2B_MSIL2A_20221124T092219_R093_T34SFF_20221125T145728 -> REFINED
2025-08-30 14:18:01,261 - INFO - sentinel2.py:78 - 5/24 - S2B_MSIL2A_20221121T091209_R050_T34SFG_20221121T180525 -> REFINED
2025-08-30 14:18:14,467 - INFO - sentinel2.py:78 - 6/24 - S2B_MSIL2A_20221121T091209_R050_T34SFF_20221121T173632 -> REFINED
2025-08-30 14:18:19,511 - INFO - sentinel2.py:78 - 7/24 - S2A_MSIL2A_20221119T092301_R093_T34SFG_20240803T214708 -> REFINED
2025-08-30 14:18:25,644 - INFO - sentinel2.py:78 - 8/24 - S2A_MSIL2A_20221119T092301_R093_T34SFG_20221120T002746 -> REFINED
2025-08-30 14:18:31,870 - INFO - sentinel2.py:78 - 9/24 - S2A_MSIL2A_20221119T092301_R093_T34SFF_20221120T001618 -> REFINED
2025-08-30 14:18:37,784 - INFO - sentinel2.py:78 - 10/24 - S2A_MSIL2A_20221116T091241_R050_T34SFG_20221117T030244 -> REFINED
2025-08-30 14:18:44,079 - INFO - sentinel2.py:78 - 11/24 - S2A_MSIL2A_20221116T091241_R050_T34SFF_20221117T025747 -> REFINED
2025-08-30 14:18:50,174 - INFO - sentinel2.py:78 - 12/24 - S2B_MSIL2A_20221114T092139_R093_T34SFG_20221115T035611 -> REFINED
2025-08-30 14:18:55,182 - INFO - sentinel2.py:78 - 13/24 - S2B_MSIL2A_20221114T092139_R093_T34SFF_20221115T025556 -> REFINED
2025-08-30 14:19:00,080 - INFO - sentinel2.py:78 - 14/24 - S2B_MSIL2A_20221111T091119_R050_T34SFG_20221111T235446 -> REFINED
2025-08-30 14:19:05,699 - INFO - sentinel2.py:78 - 15/24 - S2B_MSIL2A_20221111T091119_R050_T34SFF_20221112T000539 -> REFINED
2025-08-30 14:19:10,986 - INFO - sentinel2.py:78 - 16/24 - S2A_MSIL2A_20221109T092211_R093_T34SFG_20221110T025527 -> REFINED
2025-08-30 14:19:16,997 - INFO - sentinel2.py:78 - 17/24 - S2A_MSIL2A_20221109T092211_R093_T34SFF_20221110T030636 -> REFINED
2025-08-30 14:19:21,780 - INFO - sentinel2.py:78 - 18/24 - S2B_MSIL2A_20221104T092049_R093_T34SFG_20221104T222413 -> REFINED
2025-08-30 14:19:26,529 - INFO - sentinel2.py:78 - 19/24 - S2B_MSIL2A_20221104T092049_R093_T34SFF_20240803T104532 -> REFINED
2025-08-30 14:19:31,335 - INFO - sentinel2.py:78 - 20/24 - S2B_MSIL2A_20221104T092049_R093_T34SFF_20221104T225457 -> REFINED
2025-08-30 14:19:37,443 - INFO - sentinel2.py:78 - 21/24 - S2B_MSIL2A_20221101T091029_R050_T34SFG_20240805T144021 -> REFINED
2025-08-30 14:19:42,358 - INFO - sentinel2.py:78 - 22/24 - S2B_MSIL2A_20221101T091029_R050_T34SFG_20221101T191826 -> REFINED
2025-08-30 14:19:48,365 - INFO - sentinel2.py:78 - 23/24 - S2B_MSIL2A_20221101T091029_R050_T34SFF_20240805T144021 -> REFINED
2025-08-30 14:19:55,563 - INFO - sentinel2.py:78 - 24/24 - S2B_MSIL2A_20221101T091029_R050_T34SFF_20221101T193913 -> REFINED
2025-08-30 14:19:55,625 - INFO - composites.py:250 -                                  
2025-08-30 14:19:55,625 - INFO - composites.py:251 - 24/24 were refined by GRI.
2025-08-30 14:19:55,625 - INFO - composites.py:263 - Looking for up to 10 cleanest images within spatiotemporal range of each MGRS tile
2025-08-30 14:19:55,626 - INFO - composites.py:277 - Filtered cleanest scenes: Kept 20 out of 24 items. 
2025-08-30 14:19:55,626 - INFO - composites.py:278 -         Included MGRS Tiles: ['34SFF' '34SFG']
2025-08-30 14:19:55,626 - INFO - composites.py:279 -         Included EPSG codes: [32634]
2025-08-30 14:19:55,626 - INFO - composites.py:281 - Selected scenes:
2025-08-30 14:19:55,628 - INFO - composites.py:283 -         S2B_MSIL2A_20221104T092049_R093_T34SFF_20221104T225457
2025-08-30 14:19:55,635 - INFO - composites.py:283 -         S2B_MSIL2A_20221104T092049_R093_T34SFF_20240803T104532
2025-08-30 14:19:55,635 - INFO - composites.py:283 -         S2B_MSIL2A_20221101T091029_R050_T34SFF_20221101T193913
2025-08-30 14:19:55,635 - INFO - composites.py:283 -         S2B_MSIL2A_20221101T091029_R050_T34SFF_20240805T144021
2025-08-30 14:19:55,654 - INFO - composites.py:283 -         S2A_MSIL2A_20221109T092211_R093_T34SFF_20221110T030636
2025-08-30 14:19:55,654 - INFO - composites.py:283 -         S2B_MSIL2A_20221124T092219_R093_T34SFF_20221125T145728
2025-08-30 14:19:55,655 - INFO - composites.py:283 -         S2A_MSIL2A_20221116T091241_R050_T34SFF_20221117T025747
2025-08-30 14:19:55,655 - INFO - composites.py:283 -         S2B_MSIL2A_20221114T092139_R093_T34SFF_20221115T025556
2025-08-30 14:19:55,656 - INFO - composites.py:283 -         S2A_MSIL2A_20221129T092331_R093_T34SFF_20221201T045441
2025-08-30 14:19:55,656 - INFO - composites.py:283 -         S2B_MSIL2A_20221111T091119_R050_T34SFF_20221112T000539
2025-08-30 14:19:55,656 - INFO - composites.py:283 -         S2B_MSIL2A_20221104T092049_R093_T34SFG_20221104T222413
2025-08-30 14:19:55,657 - INFO - composites.py:283 -         S2A_MSIL2A_20221109T092211_R093_T34SFG_20221110T025527
2025-08-30 14:19:55,670 - INFO - composites.py:283 -         S2B_MSIL2A_20221101T091029_R050_T34SFG_20221101T191826
2025-08-30 14:19:55,670 - INFO - composites.py:283 -         S2B_MSIL2A_20221101T091029_R050_T34SFG_20240805T144021
2025-08-30 14:19:55,670 - INFO - composites.py:283 -         S2B_MSIL2A_20221124T092219_R093_T34SFG_20221125T134104
2025-08-30 14:19:55,672 - INFO - composites.py:283 -         S2B_MSIL2A_20221114T092139_R093_T34SFG_20221115T035611
2025-08-30 14:19:55,678 - INFO - composites.py:283 -         S2B_MSIL2A_20221111T091119_R050_T34SFG_20221111T235446
2025-08-30 14:19:55,678 - INFO - composites.py:283 -         S2A_MSIL2A_20221116T091241_R050_T34SFG_20221117T030244
2025-08-30 14:19:55,678 - INFO - composites.py:283 -         S2B_MSIL2A_20221121T091209_R050_T34SFG_20221121T180525
2025-08-30 14:19:55,678 - INFO - composites.py:283 -         S2A_MSIL2A_20221129T092331_R093_T34SFG_20221201T032707
2025-08-30 14:19:56,266 - INFO - sentinel2.py:154 - Matplotlib backend: Agg
2025-08-30 14:19:56,691 - INFO - sentinel2.py:224 - Write input scenes footprint overlay: //nas-rs.topo.auth.gr/Latomeia/DROUGHT/composites/x10/y08/2022/11/01/S2L2A_medcomp_x10y08_202211_InDataFootprint.jpeg
2025-08-30 14:19:57,061 - INFO - composites.py:297 -                                  
2025-08-30 14:19:57,061 - INFO - composites.py:298 - Downstream STAC items from Planetary Computer
2025-08-30 14:19:57,061 - INFO - timeseries_processing.py:115 -                                  
2025-08-30 14:19:57,061 - INFO - timeseries_processing.py:116 - Loading bands of diferent resolutions in EPSG:32634
2025-08-30 14:19:57,061 - INFO - timeseries_processing.py:120 -     Filtering items with native UTM EPSG:32634
2025-08-30 14:19:57,061 - INFO - timeseries_processing.py:122 -     20 Items in EPSG:32634
2025-08-30 14:19:57,061 - INFO - timeseries_processing.py:129 -                        
2025-08-30 14:19:57,061 - INFO - timeseries_processing.py:130 -     Loading parameters:
2025-08-30 14:19:57,061 - INFO - timeseries_processing.py:131 -         Bands: ['B05', 'B07', 'B8A', 'SCL']
2025-08-30 14:19:57,061 - INFO - timeseries_processing.py:132 -         Spatial resolution: 20
2025-08-30 14:19:57,061 - INFO - timeseries_processing.py:134 -         Get Assets from STAC Items
2025-08-30 14:19:57,061 - INFO - timeseries_processing.py:47 -         Initialize the STAC client
2025-08-30 14:19:57,762 - INFO - timeseries_processing.py:137 -         Loading 20 STAC Items....
2025-08-30 14:21:28,772 - INFO - timeseries_processing.py:146 -         Cube has been downloaded
2025-08-30 14:21:28,772 - INFO - timeseries_processing.py:156 -         Fix order of dimensions
2025-08-30 14:21:28,774 - INFO - timeseries_processing.py:161 -         Append bands to the band-list of EPSG:32634
2025-08-30 14:21:28,775 - INFO - timeseries_processing.py:129 -                        
2025-08-30 14:21:28,775 - INFO - timeseries_processing.py:130 -     Loading parameters:
2025-08-30 14:21:28,776 - INFO - timeseries_processing.py:131 -         Bands: ['B02', 'B03', 'B04']
2025-08-30 14:21:28,778 - INFO - timeseries_processing.py:132 -         Spatial resolution: 10
2025-08-30 14:21:28,778 - INFO - timeseries_processing.py:134 -         Get Assets from STAC Items
2025-08-30 14:21:28,778 - INFO - timeseries_processing.py:47 -         Initialize the STAC client
2025-08-30 14:21:29,353 - INFO - timeseries_processing.py:137 -         Loading 20 STAC Items....
2025-08-30 14:25:38,390 - INFO - timeseries_processing.py:146 -         Cube has been downloaded
2025-08-30 14:25:38,390 - INFO - timeseries_processing.py:149 -         Reproject to downsample 10m bands to 20m by Resampling.average 2x2 binning and shape matching with odc.geo.GeoBox
2025-08-30 14:25:58,665 - INFO - timeseries_processing.py:161 -         Append bands to the band-list of EPSG:32634
2025-08-30 14:25:58,665 - INFO - timeseries_processing.py:165 -                        
2025-08-30 14:25:58,665 - INFO - timeseries_processing.py:166 -     Merging bands in a single dataset
2025-08-30 14:25:58,665 - INFO - timeseries_processing.py:167 -     Ensure all partial datasets are at (x=20, y=-20) resolution
2025-08-30 14:25:58,666 - INFO - timeseries_processing.py:171 -     Clip to the intersection of indexes
2025-08-30 14:26:00,500 - INFO - timeseries_processing.py:180 -     Make a list of bands to merge
2025-08-30 14:26:00,507 - INFO - timeseries_processing.py:184 -     Merge on intersection
2025-08-30 14:26:00,511 - INFO - timeseries_processing.py:192 -     Apply masks on clouds, shadows, thin cirrus, and snow/ice
2025-08-30 14:26:00,511 - INFO - sentinel2.py:122 -                Masking bits: [3, 7, 8, 9, 10, 11]
2025-08-30 14:26:02,950 - INFO - composites.py:307 - Reproject from UTM Zone to Tile geometry -> CRS(EPSG:32634), Resampling.bilinear
2025-08-30 14:26:13,055 - INFO - composites.py:310 -     New shape of datasets: Shape2d(x=2400, y=2400)
2025-08-30 14:26:14,683 - INFO - composites.py:329 - Scale SR to Sen2Cor Baseline 4.00 - Subtract 1000 in dates post 2022-01-25
2025-08-30 14:26:17,123 - INFO - composites.py:342 - Creating preview plot of input scenes
2025-08-30 14:27:03,431 - INFO - timeseries_processing.py:349 - Saved preview for 'B04' to //nas-rs.topo.auth.gr/Latomeia/DROUGHT/composites/x10/y08/2022/11/01/S2L2A_medcomp_x10y08_202211_InDataPreview.jpeg
2025-08-30 14:27:03,440 - INFO - composites.py:348 - Clip value range
2025-08-30 14:27:06,020 - INFO - composites.py:353 -                           
2025-08-30 14:27:06,026 - INFO - composites.py:354 - Computing spectral indices:
2025-08-30 14:27:06,026 - INFO - composites.py:357 -     EVI...
2025-08-30 14:27:07,288 - INFO - composites.py:359 -     NDVI...
2025-08-30 14:27:07,929 - INFO - composites.py:361 -     PSRI2...
2025-08-30 14:27:08,344 - INFO - composites.py:364 - Clip to typical value range
2025-08-30 14:27:08,806 - INFO - composites.py:371 - Reducing to median value temporal composite
2025-08-30 14:27:42,982 - INFO - composites.py:390 - Scale and Define data types & nodata per band
2025-08-30 14:27:43,190 - INFO - composites.py:411 - Assign time range and tile ID in metadata
2025-08-30 14:27:43,190 - INFO - composites.py:419 - Write bands to raster COG files
2025-08-30 14:27:49,290 - INFO - composites.py:432 - Write B02 -> //nas-rs.topo.auth.gr/Latomeia/DROUGHT/composites/x10/y08/2022/11/01/S2L2A_medcomp_x10y08_202211_B02.tif
2025-08-30 14:27:55,792 - INFO - composites.py:432 - Write B03 -> //nas-rs.topo.auth.gr/Latomeia/DROUGHT/composites/x10/y08/2022/11/01/S2L2A_medcomp_x10y08_202211_B03.tif
2025-08-30 14:28:01,675 - INFO - composites.py:432 - Write B04 -> //nas-rs.topo.auth.gr/Latomeia/DROUGHT/composites/x10/y08/2022/11/01/S2L2A_medcomp_x10y08_202211_B04.tif
2025-08-30 14:28:07,625 - INFO - composites.py:432 - Write B05 -> //nas-rs.topo.auth.gr/Latomeia/DROUGHT/composites/x10/y08/2022/11/01/S2L2A_medcomp_x10y08_202211_B05.tif
2025-08-30 14:28:13,965 - INFO - composites.py:432 - Write B07 -> //nas-rs.topo.auth.gr/Latomeia/DROUGHT/composites/x10/y08/2022/11/01/S2L2A_medcomp_x10y08_202211_B07.tif
2025-08-30 14:28:20,178 - INFO - composites.py:432 - Write B8A -> //nas-rs.topo.auth.gr/Latomeia/DROUGHT/composites/x10/y08/2022/11/01/S2L2A_medcomp_x10y08_202211_B8A.tif
2025-08-30 14:28:26,434 - INFO - composites.py:432 - Write EVI -> //nas-rs.topo.auth.gr/Latomeia/DROUGHT/composites/x10/y08/2022/11/01/S2L2A_medcomp_x10y08_202211_EVI.tif
2025-08-30 14:28:32,660 - INFO - composites.py:432 - Write NDVI -> //nas-rs.topo.auth.gr/Latomeia/DROUGHT/composites/x10/y08/2022/11/01/S2L2A_medcomp_x10y08_202211_NDVI.tif
2025-08-30 14:28:38,776 - INFO - composites.py:432 - Write PSRI2 -> //nas-rs.topo.auth.gr/Latomeia/DROUGHT/composites/x10/y08/2022/11/01/S2L2A_medcomp_x10y08_202211_PSRI2.tif
2025-08-30 14:28:38,788 - INFO - composites.py:436 - Prepare metadata YAML document
2025-08-30 14:28:39,969 - INFO - composites.py:458 - Write metadata YAML document to disk
2025-08-30 14:28:40,033 - INFO - composites.py:463 - Create datacube.model.Dataset from eo3 metadata
2025-08-30 14:28:40,052 - INFO - composites.py:476 - Index to datacube
2025-08-30 14:28:40,053 - INFO - _datasets.py:191 - Indexing d3130f11-977c-4ade-847e-899418e4dee1
2025-08-30 14:28:40,069 - INFO - composites.py:479 - 
2025-08-30 14:28:40,069 - INFO - composites.py:480 -              ✔✔✔ COMPLETED: Tile x10_y08 | Time: 2022-11 | In 11.26 minutes
2025-08-30 14:28:40,069 - INFO - composites.py:481 - 
2025-08-30 14:28:40,069 - INFO - composites.py:489 - Closing Dask client
2025-08-30 14:28:40,072 - INFO - composites.py:493 - Closing Dask cluster
2025-08-30 14:28:40,073 - INFO - composites.py:494 - #######################################################################
