2025-12-01 05:09:01,171 - INFO - composites.py:102 - #######################################################################
2025-12-01 05:09:01,171 - INFO - composites.py:104 - Processing started
2025-12-01 05:09:01,171 - INFO - composites.py:105 -         Tile: x07_y11
2025-12-01 05:09:01,171 - INFO - composites.py:106 -         Time: 2023-12
2025-12-01 05:09:01,171 - INFO - composites.py:109 -                           
2025-12-01 05:09:01,171 - INFO - composites.py:110 - Establishing connection to datacube
2025-12-01 05:09:01,684 - INFO - composites.py:113 -                           
2025-12-01 05:09:01,693 - INFO - composites.py:114 - Sanity test: Check if dataset already exists in the datacube
2025-12-01 05:09:01,714 - INFO - composites.py:133 - The composite requested was not found and it will be computed
2025-12-01 05:09:01,714 - INFO - composites.py:136 -                                  
2025-12-01 05:09:01,714 - INFO - composites.py:137 - Initializing Dask cluster for parallelization
2025-12-01 05:09:06,705 - INFO - composites.py:161 - Dask dashboard is available at: http://127.0.0.1:8787/status
2025-12-01 05:09:06,705 - INFO - composites.py:164 - Create directories and naming conversions
2025-12-01 05:09:06,715 - INFO - composites.py:177 - Dataset location: //nas-rs.topo.auth.gr/Latomeia/DROUGHT/composites/x07/y11/2023/12/01
2025-12-01 05:09:06,716 - INFO - composites.py:180 -                           
2025-12-01 05:09:06,716 - INFO - composites.py:181 - Retrieve tile geometry
2025-12-01 05:09:06,745 - INFO - composites.py:192 - Create the Bounding Box (φ,λ)
2025-12-01 05:09:06,745 - INFO - composites.py:198 - Create the Bounding Box (x,y)
2025-12-01 05:09:06,745 - INFO - composites.py:211 -                           
2025-12-01 05:09:06,745 - INFO - composites.py:212 - Connect to Planetary Computer STAC Catalog
2025-12-01 05:09:07,116 - INFO - composites.py:220 - Search the STAC Catalog
2025-12-01 05:09:07,202 - INFO - composites.py:232 -         Query parameters:
2025-12-01 05:09:07,202 - INFO - composites.py:233 -             url:          https://planetarycomputer.microsoft.com/api/stac/v1/search
2025-12-01 05:09:07,202 - INFO - composites.py:234 -             client:       microsoft-pc
2025-12-01 05:09:07,202 - INFO - composites.py:235 -             collection:   sentinel-2-l2a
2025-12-01 05:09:07,202 - INFO - composites.py:236 -             bbox:         (20.928573606105775, 38.35819969704171, 21.59502923200265, 38.902149455513275)
2025-12-01 05:09:07,202 - INFO - composites.py:237 -             time range:   2023-12-01T00:00:00Z/2023-12-31T23:59:59Z
2025-12-01 05:09:07,202 - INFO - composites.py:238 -             cloud cover:  0% - 70%
2025-12-01 05:09:07,202 - INFO - composites.py:239 -             nodata cover: 0% - 33%
2025-12-01 05:09:07,202 - INFO - composites.py:241 -                           
2025-12-01 05:09:07,202 - INFO - composites.py:242 - Searching...
2025-12-01 05:09:07,902 - INFO - composites.py:245 - Query found 30 items
2025-12-01 05:09:07,902 - INFO - composites.py:247 - Searching for GRI REFINED scenes:
2025-12-01 05:09:12,891 - INFO - sentinel2.py:78 - 1/30 - S2B_MSIL2A_20231229T092319_R093_T34SEJ_20231229T131806 -> REFINED
2025-12-01 05:09:17,438 - INFO - sentinel2.py:78 - 2/30 - S2B_MSIL2A_20231229T092319_R093_T34SEH_20231229T121528 -> REFINED
2025-12-01 05:09:22,084 - INFO - sentinel2.py:78 - 3/30 - S2A_MSIL2A_20231227T093411_R136_T34SDJ_20231227T141558 -> REFINED
2025-12-01 05:09:27,088 - INFO - sentinel2.py:78 - 4/30 - S2A_MSIL2A_20231227T093411_R136_T34SDH_20231227T141547 -> REFINED
2025-12-01 05:09:30,920 - INFO - sentinel2.py:78 - 5/30 - S2A_MSIL2A_20231224T092411_R093_T34SEJ_20231224T142919 -> REFINED
2025-12-01 05:09:34,396 - INFO - sentinel2.py:78 - 6/30 - S2A_MSIL2A_20231224T092411_R093_T34SEH_20231224T131900 -> REFINED
2025-12-01 05:09:39,554 - INFO - sentinel2.py:78 - 7/30 - S2A_MSIL2A_20231224T092411_R093_T34SDH_20231224T142911 -> REFINED
2025-12-01 05:09:43,656 - INFO - sentinel2.py:78 - 8/30 - S2B_MSIL2A_20231219T092319_R093_T34SEJ_20231220T125135 -> REFINED
2025-12-01 05:09:48,111 - INFO - sentinel2.py:78 - 9/30 - S2B_MSIL2A_20231219T092319_R093_T34SEH_20231220T125445 -> REFINED
2025-12-01 05:09:52,287 - INFO - sentinel2.py:78 - 10/30 - S2B_MSIL2A_20231219T092319_R093_T34SDH_20231220T125150 -> REFINED
2025-12-01 05:09:57,388 - INFO - sentinel2.py:78 - 11/30 - S2A_MSIL2A_20231217T093411_R136_T34SDJ_20231220T063135 -> REFINED
2025-12-01 05:10:01,504 - INFO - sentinel2.py:78 - 12/30 - S2A_MSIL2A_20231217T093411_R136_T34SDH_20231220T063049 -> REFINED
2025-12-01 05:10:05,944 - INFO - sentinel2.py:78 - 13/30 - S2A_MSIL2A_20231214T092401_R093_T34SEJ_20231219T220629 -> REFINED
2025-12-01 05:10:11,015 - INFO - sentinel2.py:78 - 14/30 - S2A_MSIL2A_20231214T092401_R093_T34SDH_20231219T220650 -> REFINED
2025-12-01 05:10:15,025 - INFO - sentinel2.py:78 - 15/30 - S2B_MSIL2A_20231212T093309_R136_T34SDJ_20241112T184056 -> REFINED
2025-12-01 05:10:19,581 - INFO - sentinel2.py:78 - 16/30 - S2B_MSIL2A_20231212T093309_R136_T34SDJ_20231213T040633 -> REFINED
2025-12-01 05:10:24,066 - INFO - sentinel2.py:78 - 17/30 - S2B_MSIL2A_20231212T093309_R136_T34SDH_20241112T184056 -> REFINED
2025-12-01 05:10:28,682 - INFO - sentinel2.py:78 - 18/30 - S2B_MSIL2A_20231212T093309_R136_T34SDH_20231213T040709 -> REFINED
2025-12-01 05:10:33,234 - INFO - sentinel2.py:78 - 19/30 - S2B_MSIL2A_20231209T092259_R093_T34SEJ_20241113T230105 -> REFINED
2025-12-01 05:10:37,919 - INFO - sentinel2.py:78 - 20/30 - S2B_MSIL2A_20231209T092259_R093_T34SEJ_20231209T131540 -> REFINED
2025-12-01 05:10:42,453 - INFO - sentinel2.py:78 - 21/30 - S2A_MSIL2A_20231207T093351_R136_T34SDJ_20241031T231832 -> REFINED
2025-12-01 05:10:46,373 - INFO - sentinel2.py:78 - 22/30 - S2A_MSIL2A_20231207T093351_R136_T34SDJ_20231207T143026 -> REFINED
2025-12-01 05:10:51,444 - INFO - sentinel2.py:78 - 23/30 - S2A_MSIL2A_20231207T093351_R136_T34SDH_20241031T231832 -> REFINED
2025-12-01 05:10:56,203 - INFO - sentinel2.py:78 - 24/30 - S2A_MSIL2A_20231207T093351_R136_T34SDH_20231207T143022 -> REFINED
2025-12-01 05:11:00,026 - INFO - sentinel2.py:78 - 25/30 - S2A_MSIL2A_20231204T092341_R093_T34SEJ_20241113T121906 -> REFINED
2025-12-01 05:11:05,002 - INFO - sentinel2.py:78 - 26/30 - S2A_MSIL2A_20231204T092341_R093_T34SEJ_20231204T130834 -> REFINED
2025-12-01 05:11:09,764 - INFO - sentinel2.py:78 - 27/30 - S2A_MSIL2A_20231204T092341_R093_T34SEH_20241113T121906 -> REFINED
2025-12-01 05:11:14,211 - INFO - sentinel2.py:78 - 28/30 - S2A_MSIL2A_20231204T092341_R093_T34SEH_20231204T131424 -> REFINED
2025-12-01 05:11:20,147 - INFO - sentinel2.py:78 - 29/30 - S2A_MSIL2A_20231204T092341_R093_T34SDH_20241113T121906 -> REFINED
2025-12-01 05:11:24,497 - INFO - sentinel2.py:78 - 30/30 - S2A_MSIL2A_20231204T092341_R093_T34SDH_20231204T131418 -> REFINED
2025-12-01 05:11:24,544 - INFO - composites.py:250 -                                  
2025-12-01 05:11:24,544 - INFO - composites.py:251 - 30/30 were refined by GRI.
2025-12-01 05:11:24,545 - INFO - composites.py:263 - Looking for up to 7 cleanest images within spatiotemporal range of each MGRS tile
2025-12-01 05:11:24,546 - INFO - composites.py:277 - Filtered cleanest scenes: Kept 25 out of 30 items. 
2025-12-01 05:11:24,546 - INFO - composites.py:278 -         Included MGRS Tiles: ['34SDH' '34SDJ' '34SEH' '34SEJ']
2025-12-01 05:11:24,546 - INFO - composites.py:279 -         Included EPSG codes: [32634]
2025-12-01 05:11:24,546 - INFO - composites.py:281 - Selected scenes:
2025-12-01 05:11:24,546 - INFO - composites.py:283 -         S2B_MSIL2A_20231219T092319_R093_T34SDH_20231220T125150
2025-12-01 05:11:24,546 - INFO - composites.py:283 -         S2A_MSIL2A_20231217T093411_R136_T34SDH_20231220T063049
2025-12-01 05:11:24,546 - INFO - composites.py:283 -         S2A_MSIL2A_20231204T092341_R093_T34SDH_20231204T131418
2025-12-01 05:11:24,546 - INFO - composites.py:283 -         S2A_MSIL2A_20231204T092341_R093_T34SDH_20241113T121906
2025-12-01 05:11:24,546 - INFO - composites.py:283 -         S2A_MSIL2A_20231224T092411_R093_T34SDH_20231224T142911
2025-12-01 05:11:24,546 - INFO - composites.py:283 -         S2A_MSIL2A_20231227T093411_R136_T34SDH_20231227T141547
2025-12-01 05:11:24,546 - INFO - composites.py:283 -         S2B_MSIL2A_20231212T093309_R136_T34SDH_20231213T040709
2025-12-01 05:11:24,546 - INFO - composites.py:283 -         S2A_MSIL2A_20231217T093411_R136_T34SDJ_20231220T063135
2025-12-01 05:11:24,546 - INFO - composites.py:283 -         S2A_MSIL2A_20231227T093411_R136_T34SDJ_20231227T141558
2025-12-01 05:11:24,549 - INFO - composites.py:283 -         S2B_MSIL2A_20231212T093309_R136_T34SDJ_20231213T040633
2025-12-01 05:11:24,549 - INFO - composites.py:283 -         S2B_MSIL2A_20231212T093309_R136_T34SDJ_20241112T184056
2025-12-01 05:11:24,549 - INFO - composites.py:283 -         S2A_MSIL2A_20231207T093351_R136_T34SDJ_20241031T231832
2025-12-01 05:11:24,549 - INFO - composites.py:283 -         S2A_MSIL2A_20231207T093351_R136_T34SDJ_20231207T143026
2025-12-01 05:11:24,549 - INFO - composites.py:283 -         S2B_MSIL2A_20231219T092319_R093_T34SEH_20231220T125445
2025-12-01 05:11:24,549 - INFO - composites.py:283 -         S2A_MSIL2A_20231204T092341_R093_T34SEH_20241113T121906
2025-12-01 05:11:24,549 - INFO - composites.py:283 -         S2A_MSIL2A_20231204T092341_R093_T34SEH_20231204T131424
2025-12-01 05:11:24,549 - INFO - composites.py:283 -         S2A_MSIL2A_20231224T092411_R093_T34SEH_20231224T131900
2025-12-01 05:11:24,549 - INFO - composites.py:283 -         S2B_MSIL2A_20231229T092319_R093_T34SEH_20231229T121528
2025-12-01 05:11:24,549 - INFO - composites.py:283 -         S2B_MSIL2A_20231219T092319_R093_T34SEJ_20231220T125135
2025-12-01 05:11:24,549 - INFO - composites.py:283 -         S2A_MSIL2A_20231224T092411_R093_T34SEJ_20231224T142919
2025-12-01 05:11:24,549 - INFO - composites.py:283 -         S2B_MSIL2A_20231229T092319_R093_T34SEJ_20231229T131806
2025-12-01 05:11:24,549 - INFO - composites.py:283 -         S2B_MSIL2A_20231209T092259_R093_T34SEJ_20241113T230105
2025-12-01 05:11:24,549 - INFO - composites.py:283 -         S2B_MSIL2A_20231209T092259_R093_T34SEJ_20231209T131540
2025-12-01 05:11:24,549 - INFO - composites.py:283 -         S2A_MSIL2A_20231204T092341_R093_T34SEJ_20231204T130834
2025-12-01 05:11:24,549 - INFO - composites.py:283 -         S2A_MSIL2A_20231204T092341_R093_T34SEJ_20241113T121906
2025-12-01 05:11:25,005 - INFO - sentinel2.py:154 - Matplotlib backend: Agg
2025-12-01 05:11:25,278 - INFO - sentinel2.py:224 - Write input scenes footprint overlay: //nas-rs.topo.auth.gr/Latomeia/DROUGHT/composites/x07/y11/2023/12/01/S2L2A_medcomp_x07y11_202312_InDataFootprint.jpeg
2025-12-01 05:11:25,496 - INFO - composites.py:297 -                                  
2025-12-01 05:11:25,496 - INFO - composites.py:298 - Downstream STAC items from Planetary Computer
2025-12-01 05:11:25,496 - INFO - timeseries_processing.py:115 -                                  
2025-12-01 05:11:25,499 - INFO - timeseries_processing.py:116 - Loading bands of diferent resolutions in EPSG:32634
2025-12-01 05:11:25,499 - INFO - timeseries_processing.py:120 -     Filtering items with native UTM EPSG:32634
2025-12-01 05:11:25,499 - INFO - timeseries_processing.py:122 -     25 Items in EPSG:32634
2025-12-01 05:11:25,499 - INFO - timeseries_processing.py:129 -                        
2025-12-01 05:11:25,499 - INFO - timeseries_processing.py:130 -     Loading parameters:
2025-12-01 05:11:25,499 - INFO - timeseries_processing.py:131 -         Bands: ['B05', 'B07', 'B8A', 'SCL']
2025-12-01 05:11:25,499 - INFO - timeseries_processing.py:132 -         Spatial resolution: 20
2025-12-01 05:11:25,499 - INFO - timeseries_processing.py:134 -         Get Assets from STAC Items
2025-12-01 05:11:25,499 - INFO - timeseries_processing.py:47 -         Initialize the STAC client
2025-12-01 05:11:26,289 - INFO - timeseries_processing.py:137 -         Loading 25 STAC Items....
2025-12-01 05:13:07,620 - INFO - timeseries_processing.py:146 -         Cube has been downloaded
2025-12-01 05:13:07,620 - INFO - timeseries_processing.py:156 -         Fix order of dimensions
2025-12-01 05:13:07,620 - INFO - timeseries_processing.py:161 -         Append bands to the band-list of EPSG:32634
2025-12-01 05:13:07,625 - INFO - timeseries_processing.py:129 -                        
2025-12-01 05:13:07,625 - INFO - timeseries_processing.py:130 -     Loading parameters:
2025-12-01 05:13:07,625 - INFO - timeseries_processing.py:131 -         Bands: ['B02', 'B03', 'B04']
2025-12-01 05:13:07,625 - INFO - timeseries_processing.py:132 -         Spatial resolution: 10
2025-12-01 05:13:07,625 - INFO - timeseries_processing.py:134 -         Get Assets from STAC Items
2025-12-01 05:13:07,626 - INFO - timeseries_processing.py:47 -         Initialize the STAC client
2025-12-01 05:13:08,320 - INFO - timeseries_processing.py:137 -         Loading 25 STAC Items....
2025-12-01 05:16:53,371 - INFO - timeseries_processing.py:146 -         Cube has been downloaded
2025-12-01 05:16:53,371 - INFO - timeseries_processing.py:149 -         Reproject to downsample 10m bands to 20m by Resampling.average 2x2 binning and shape matching with odc.geo.GeoBox
2025-12-01 05:17:04,713 - INFO - timeseries_processing.py:161 -         Append bands to the band-list of EPSG:32634
2025-12-01 05:17:04,713 - INFO - timeseries_processing.py:165 -                        
2025-12-01 05:17:04,713 - INFO - timeseries_processing.py:166 -     Merging bands in a single dataset
2025-12-01 05:17:04,713 - INFO - timeseries_processing.py:167 -     Ensure all partial datasets are at (x=20, y=-20) resolution
2025-12-01 05:17:04,714 - INFO - timeseries_processing.py:171 -     Clip to the intersection of indexes
2025-12-01 05:17:06,003 - INFO - timeseries_processing.py:180 -     Make a list of bands to merge
2025-12-01 05:17:06,003 - INFO - timeseries_processing.py:184 -     Merge on intersection
2025-12-01 05:17:06,005 - INFO - timeseries_processing.py:192 -     Apply masks on clouds, shadows, thin cirrus, and snow/ice
2025-12-01 05:17:06,005 - INFO - sentinel2.py:122 -                Masking bits: [3, 7, 8, 9, 10, 11]
2025-12-01 05:17:07,017 - INFO - composites.py:307 - Reproject from UTM Zone to Tile geometry -> CRS(EPSG:32634), Resampling.bilinear
2025-12-01 05:17:13,032 - INFO - composites.py:310 -     New shape of datasets: Shape2d(x=2400, y=2400)
2025-12-01 05:17:13,640 - INFO - composites.py:329 - Scale SR to Sen2Cor Baseline 4.00 - Subtract 1000 in dates post 2022-01-25
2025-12-01 05:17:15,028 - INFO - composites.py:342 - Creating preview plot of input scenes
2025-12-01 05:17:46,835 - INFO - timeseries_processing.py:349 - Saved preview for 'B04' to //nas-rs.topo.auth.gr/Latomeia/DROUGHT/composites/x07/y11/2023/12/01/S2L2A_medcomp_x07y11_202312_InDataPreview.jpeg
2025-12-01 05:17:46,840 - INFO - composites.py:348 - Clip value range
2025-12-01 05:17:48,573 - INFO - composites.py:353 -                           
2025-12-01 05:17:48,573 - INFO - composites.py:354 - Computing spectral indices:
2025-12-01 05:17:48,573 - INFO - composites.py:357 -     EVI...
2025-12-01 05:17:49,704 - INFO - composites.py:359 -     NDVI...
2025-12-01 05:17:50,123 - INFO - composites.py:361 -     PSRI2...
2025-12-01 05:17:50,363 - INFO - composites.py:364 - Clip to typical value range
2025-12-01 05:17:50,697 - INFO - composites.py:371 - Reducing to median value temporal composite
2025-12-01 05:18:16,498 - INFO - composites.py:390 - Scale and Define data types & nodata per band
2025-12-01 05:18:16,602 - INFO - composites.py:411 - Assign time range and tile ID in metadata
2025-12-01 05:18:16,602 - INFO - composites.py:419 - Write bands to raster COG files
2025-12-01 05:18:20,498 - INFO - composites.py:432 - Write B02 -> //nas-rs.topo.auth.gr/Latomeia/DROUGHT/composites/x07/y11/2023/12/01/S2L2A_medcomp_x07y11_202312_B02.tif
2025-12-01 05:18:24,431 - INFO - composites.py:432 - Write B03 -> //nas-rs.topo.auth.gr/Latomeia/DROUGHT/composites/x07/y11/2023/12/01/S2L2A_medcomp_x07y11_202312_B03.tif
2025-12-01 05:18:28,400 - INFO - composites.py:432 - Write B04 -> //nas-rs.topo.auth.gr/Latomeia/DROUGHT/composites/x07/y11/2023/12/01/S2L2A_medcomp_x07y11_202312_B04.tif
2025-12-01 05:18:32,935 - INFO - composites.py:432 - Write B05 -> //nas-rs.topo.auth.gr/Latomeia/DROUGHT/composites/x07/y11/2023/12/01/S2L2A_medcomp_x07y11_202312_B05.tif
2025-12-01 05:18:37,033 - INFO - composites.py:432 - Write B07 -> //nas-rs.topo.auth.gr/Latomeia/DROUGHT/composites/x07/y11/2023/12/01/S2L2A_medcomp_x07y11_202312_B07.tif
2025-12-01 05:18:40,942 - INFO - composites.py:432 - Write B8A -> //nas-rs.topo.auth.gr/Latomeia/DROUGHT/composites/x07/y11/2023/12/01/S2L2A_medcomp_x07y11_202312_B8A.tif
2025-12-01 05:18:44,915 - INFO - composites.py:432 - Write EVI -> //nas-rs.topo.auth.gr/Latomeia/DROUGHT/composites/x07/y11/2023/12/01/S2L2A_medcomp_x07y11_202312_EVI.tif
2025-12-01 05:18:49,051 - INFO - composites.py:432 - Write NDVI -> //nas-rs.topo.auth.gr/Latomeia/DROUGHT/composites/x07/y11/2023/12/01/S2L2A_medcomp_x07y11_202312_NDVI.tif
2025-12-01 05:18:52,919 - INFO - composites.py:432 - Write PSRI2 -> //nas-rs.topo.auth.gr/Latomeia/DROUGHT/composites/x07/y11/2023/12/01/S2L2A_medcomp_x07y11_202312_PSRI2.tif
2025-12-01 05:18:52,919 - INFO - composites.py:436 - Prepare metadata YAML document
2025-12-01 05:18:53,500 - INFO - composites.py:458 - Write metadata YAML document to disk
2025-12-01 05:18:53,527 - INFO - composites.py:463 - Create datacube.model.Dataset from eo3 metadata
2025-12-01 05:18:53,537 - INFO - composites.py:476 - Index to datacube
2025-12-01 05:18:53,537 - INFO - _datasets.py:191 - Indexing 782343bc-a4f3-4394-8e61-ef33748a71a1
2025-12-01 05:18:53,546 - INFO - composites.py:479 - 
2025-12-01 05:18:53,546 - INFO - composites.py:480 -              ✔✔✔ COMPLETED: Tile x07_y11 | Time: 2023-12 | In 9.87 minutes
2025-12-01 05:18:53,546 - INFO - composites.py:481 - 
2025-12-01 05:18:53,546 - INFO - composites.py:489 - Closing Dask client
2025-12-01 05:18:53,548 - INFO - composites.py:493 - Closing Dask cluster
2025-12-01 05:18:53,548 - INFO - composites.py:494 - #######################################################################
