2025-09-02 08:45:18,088 - INFO - composites.py:102 - #######################################################################
2025-09-02 08:45:18,088 - INFO - composites.py:104 - Processing started
2025-09-02 08:45:18,088 - INFO - composites.py:105 -         Tile: x10_y09
2025-09-02 08:45:18,089 - INFO - composites.py:106 -         Time: 2024-08
2025-09-02 08:45:18,089 - INFO - composites.py:109 -                           
2025-09-02 08:45:18,089 - INFO - composites.py:110 - Establishing connection to datacube
2025-09-02 08:45:18,610 - INFO - composites.py:113 -                           
2025-09-02 08:45:18,610 - INFO - composites.py:114 - Sanity test: Check if dataset already exists in the datacube
2025-09-02 08:45:18,628 - INFO - composites.py:133 - The composite requested was not found and it will be computed
2025-09-02 08:45:18,628 - INFO - composites.py:136 -                                  
2025-09-02 08:45:18,628 - INFO - composites.py:137 - Initializing Dask cluster for parallelization
2025-09-02 08:45:23,571 - INFO - composites.py:161 - Dask dashboard is available at: http://127.0.0.1:8787/status
2025-09-02 08:45:23,571 - INFO - composites.py:164 - Create directories and naming conversions
2025-09-02 08:45:23,583 - INFO - composites.py:177 - Dataset location: //nas-rs.topo.auth.gr/Latomeia/DROUGHT/composites/x10/y09/2024/08/01
2025-09-02 08:45:23,583 - INFO - composites.py:180 -                           
2025-09-02 08:45:23,583 - INFO - composites.py:181 - Retrieve tile geometry
2025-09-02 08:45:23,611 - INFO - composites.py:192 - Create the Bounding Box (φ,λ)
2025-09-02 08:45:23,611 - INFO - composites.py:198 - Create the Bounding Box (x,y)
2025-09-02 08:45:23,611 - INFO - composites.py:211 -                           
2025-09-02 08:45:23,611 - INFO - composites.py:212 - Connect to Planetary Computer STAC Catalog
2025-09-02 08:45:23,825 - INFO - composites.py:220 - Search the STAC Catalog
2025-09-02 08:45:23,894 - INFO - composites.py:232 -         Query parameters:
2025-09-02 08:45:23,894 - INFO - composites.py:233 -             url:          https://planetarycomputer.microsoft.com/api/stac/v1/search
2025-09-02 08:45:23,894 - INFO - composites.py:234 -             client:       microsoft-pc
2025-09-02 08:45:23,894 - INFO - composites.py:235 -             collection:   sentinel-2-l2a
2025-09-02 08:45:23,895 - INFO - composites.py:236 -             bbox:         (22.393231098837152, 37.29127558081356, 23.05741948027706, 37.8424745721664)
2025-09-02 08:45:23,895 - INFO - composites.py:237 -             time range:   2024-08-01T00:00:00Z/2024-08-31T23:59:59Z
2025-09-02 08:45:23,895 - INFO - composites.py:238 -             cloud cover:  0% - 70%
2025-09-02 08:45:23,895 - INFO - composites.py:239 -             nodata cover: 0% - 33%
2025-09-02 08:45:23,895 - INFO - composites.py:241 -                           
2025-09-02 08:45:23,895 - INFO - composites.py:242 - Searching...
2025-09-02 08:45:24,340 - INFO - composites.py:245 - Query found 16 items
2025-09-02 08:45:24,340 - INFO - composites.py:247 - Searching for GRI REFINED scenes:
2025-09-02 08:45:30,440 - INFO - sentinel2.py:78 - 1/16 - S2A_MSIL2A_20240827T090551_R050_T34SFG_20240827T135751 -> REFINED
2025-09-02 08:45:37,201 - INFO - sentinel2.py:78 - 2/16 - S2B_MSIL2A_20240825T091549_R093_T34SFH_20240826T145644 -> REFINED
2025-09-02 08:45:42,951 - INFO - sentinel2.py:78 - 3/16 - S2B_MSIL2A_20240825T091549_R093_T34SFG_20240826T145644 -> REFINED
2025-09-02 08:45:48,605 - INFO - sentinel2.py:78 - 4/16 - S2B_MSIL2A_20240822T090549_R050_T34SFG_20240822T134558 -> REFINED
2025-09-02 08:45:54,760 - INFO - sentinel2.py:78 - 5/16 - S2A_MSIL2A_20240820T092031_R093_T34SFH_20240820T140151 -> REFINED
2025-09-02 08:46:00,127 - INFO - sentinel2.py:78 - 6/16 - S2A_MSIL2A_20240820T092031_R093_T34SFG_20240820T140151 -> REFINED
2025-09-02 08:46:07,720 - INFO - sentinel2.py:78 - 7/16 - S2A_MSIL2A_20240817T090551_R050_T34SFG_20240817T134550 -> REFINED
2025-09-02 08:46:12,929 - INFO - sentinel2.py:78 - 8/16 - S2B_MSIL2A_20240815T091559_R093_T34SFH_20240815T120839 -> REFINED
2025-09-02 08:46:18,439 - INFO - sentinel2.py:78 - 9/16 - S2B_MSIL2A_20240815T091559_R093_T34SFG_20240815T120839 -> REFINED
2025-09-02 08:46:23,474 - INFO - sentinel2.py:78 - 10/16 - S2B_MSIL2A_20240812T090559_R050_T34SFG_20240812T121111 -> REFINED
2025-09-02 08:46:29,595 - INFO - sentinel2.py:78 - 11/16 - S2A_MSIL2A_20240810T092031_R093_T34SFH_20240810T141351 -> REFINED
2025-09-02 08:46:35,702 - INFO - sentinel2.py:78 - 12/16 - S2A_MSIL2A_20240810T092031_R093_T34SFG_20240810T141351 -> REFINED
2025-09-02 08:46:41,140 - INFO - sentinel2.py:78 - 13/16 - S2A_MSIL2A_20240807T090551_R050_T34SFG_20240807T153203 -> REFINED
2025-09-02 08:46:47,151 - INFO - sentinel2.py:78 - 14/16 - S2B_MSIL2A_20240805T091559_R093_T34SFH_20240805T134825 -> REFINED
2025-09-02 08:46:53,341 - INFO - sentinel2.py:78 - 15/16 - S2B_MSIL2A_20240805T091559_R093_T34SFG_20240805T134825 -> REFINED
2025-09-02 08:46:59,461 - INFO - sentinel2.py:78 - 16/16 - S2B_MSIL2A_20240802T090559_R050_T34SFG_20240802T103527 -> REFINED
2025-09-02 08:46:59,531 - INFO - composites.py:250 -                                  
2025-09-02 08:46:59,532 - INFO - composites.py:251 - 16/16 were refined by GRI.
2025-09-02 08:46:59,532 - INFO - composites.py:263 - Looking for up to 10 cleanest images within spatiotemporal range of each MGRS tile
2025-09-02 08:46:59,532 - INFO - composites.py:277 - Filtered cleanest scenes: Kept 15 out of 16 items. 
2025-09-02 08:46:59,533 - INFO - composites.py:278 -         Included MGRS Tiles: ['34SFG' '34SFH']
2025-09-02 08:46:59,533 - INFO - composites.py:279 -         Included EPSG codes: [32634]
2025-09-02 08:46:59,533 - INFO - composites.py:281 - Selected scenes:
2025-09-02 08:46:59,533 - INFO - composites.py:283 -         S2B_MSIL2A_20240802T090559_R050_T34SFG_20240802T103527
2025-09-02 08:46:59,534 - INFO - composites.py:283 -         S2B_MSIL2A_20240812T090559_R050_T34SFG_20240812T121111
2025-09-02 08:46:59,534 - INFO - composites.py:283 -         S2B_MSIL2A_20240815T091559_R093_T34SFG_20240815T120839
2025-09-02 08:46:59,534 - INFO - composites.py:283 -         S2A_MSIL2A_20240817T090551_R050_T34SFG_20240817T134550
2025-09-02 08:46:59,535 - INFO - composites.py:283 -         S2A_MSIL2A_20240807T090551_R050_T34SFG_20240807T153203
2025-09-02 08:46:59,552 - INFO - composites.py:283 -         S2A_MSIL2A_20240810T092031_R093_T34SFG_20240810T141351
2025-09-02 08:46:59,558 - INFO - composites.py:283 -         S2B_MSIL2A_20240822T090549_R050_T34SFG_20240822T134558
2025-09-02 08:46:59,558 - INFO - composites.py:283 -         S2B_MSIL2A_20240805T091559_R093_T34SFG_20240805T134825
2025-09-02 08:46:59,559 - INFO - composites.py:283 -         S2A_MSIL2A_20240820T092031_R093_T34SFG_20240820T140151
2025-09-02 08:46:59,566 - INFO - composites.py:283 -         S2A_MSIL2A_20240827T090551_R050_T34SFG_20240827T135751
2025-09-02 08:46:59,578 - INFO - composites.py:283 -         S2B_MSIL2A_20240815T091559_R093_T34SFH_20240815T120839
2025-09-02 08:46:59,578 - INFO - composites.py:283 -         S2B_MSIL2A_20240825T091549_R093_T34SFH_20240826T145644
2025-09-02 08:46:59,585 - INFO - composites.py:283 -         S2B_MSIL2A_20240805T091559_R093_T34SFH_20240805T134825
2025-09-02 08:46:59,586 - INFO - composites.py:283 -         S2A_MSIL2A_20240810T092031_R093_T34SFH_20240810T141351
2025-09-02 08:46:59,593 - INFO - composites.py:283 -         S2A_MSIL2A_20240820T092031_R093_T34SFH_20240820T140151
2025-09-02 08:47:00,042 - INFO - sentinel2.py:154 - Matplotlib backend: Agg
2025-09-02 08:47:00,366 - INFO - sentinel2.py:224 - Write input scenes footprint overlay: //nas-rs.topo.auth.gr/Latomeia/DROUGHT/composites/x10/y09/2024/08/01/S2L2A_medcomp_x10y09_202408_InDataFootprint.jpeg
2025-09-02 08:47:00,655 - INFO - composites.py:297 -                                  
2025-09-02 08:47:00,655 - INFO - composites.py:298 - Downstream STAC items from Planetary Computer
2025-09-02 08:47:00,655 - INFO - timeseries_processing.py:115 -                                  
2025-09-02 08:47:00,655 - INFO - timeseries_processing.py:116 - Loading bands of diferent resolutions in EPSG:32634
2025-09-02 08:47:00,655 - INFO - timeseries_processing.py:120 -     Filtering items with native UTM EPSG:32634
2025-09-02 08:47:00,655 - INFO - timeseries_processing.py:122 -     15 Items in EPSG:32634
2025-09-02 08:47:00,655 - INFO - timeseries_processing.py:129 -                        
2025-09-02 08:47:00,655 - INFO - timeseries_processing.py:130 -     Loading parameters:
2025-09-02 08:47:00,655 - INFO - timeseries_processing.py:131 -         Bands: ['B05', 'B07', 'B8A', 'SCL']
2025-09-02 08:47:00,655 - INFO - timeseries_processing.py:132 -         Spatial resolution: 20
2025-09-02 08:47:00,655 - INFO - timeseries_processing.py:134 -         Get Assets from STAC Items
2025-09-02 08:47:00,655 - INFO - timeseries_processing.py:47 -         Initialize the STAC client
2025-09-02 08:47:01,176 - INFO - timeseries_processing.py:137 -         Loading 15 STAC Items....
2025-09-02 08:48:04,528 - INFO - timeseries_processing.py:146 -         Cube has been downloaded
2025-09-02 08:48:04,543 - INFO - timeseries_processing.py:156 -         Fix order of dimensions
2025-09-02 08:48:04,545 - INFO - timeseries_processing.py:161 -         Append bands to the band-list of EPSG:32634
2025-09-02 08:48:04,545 - INFO - timeseries_processing.py:129 -                        
2025-09-02 08:48:04,546 - INFO - timeseries_processing.py:130 -     Loading parameters:
2025-09-02 08:48:04,546 - INFO - timeseries_processing.py:131 -         Bands: ['B02', 'B03', 'B04']
2025-09-02 08:48:04,546 - INFO - timeseries_processing.py:132 -         Spatial resolution: 10
2025-09-02 08:48:04,546 - INFO - timeseries_processing.py:134 -         Get Assets from STAC Items
2025-09-02 08:48:04,546 - INFO - timeseries_processing.py:47 -         Initialize the STAC client
2025-09-02 08:48:05,112 - INFO - timeseries_processing.py:137 -         Loading 15 STAC Items....
2025-09-02 08:50:44,589 - INFO - timeseries_processing.py:146 -         Cube has been downloaded
2025-09-02 08:50:44,590 - INFO - timeseries_processing.py:149 -         Reproject to downsample 10m bands to 20m by Resampling.average 2x2 binning and shape matching with odc.geo.GeoBox
2025-09-02 08:51:00,873 - INFO - timeseries_processing.py:161 -         Append bands to the band-list of EPSG:32634
2025-09-02 08:51:00,873 - INFO - timeseries_processing.py:165 -                        
2025-09-02 08:51:00,873 - INFO - timeseries_processing.py:166 -     Merging bands in a single dataset
2025-09-02 08:51:00,873 - INFO - timeseries_processing.py:167 -     Ensure all partial datasets are at (x=20, y=-20) resolution
2025-09-02 08:51:00,874 - INFO - timeseries_processing.py:171 -     Clip to the intersection of indexes
2025-09-02 08:51:01,896 - INFO - timeseries_processing.py:180 -     Make a list of bands to merge
2025-09-02 08:51:01,897 - INFO - timeseries_processing.py:184 -     Merge on intersection
2025-09-02 08:51:01,898 - INFO - timeseries_processing.py:192 -     Apply masks on clouds, shadows, thin cirrus, and snow/ice
2025-09-02 08:51:01,899 - INFO - sentinel2.py:122 -                Masking bits: [3, 7, 8, 9, 10, 11]
2025-09-02 08:51:03,238 - INFO - composites.py:307 - Reproject from UTM Zone to Tile geometry -> CRS(EPSG:32634), Resampling.bilinear
2025-09-02 08:51:10,752 - INFO - composites.py:310 -     New shape of datasets: Shape2d(x=2400, y=2400)
2025-09-02 08:51:11,750 - INFO - composites.py:329 - Scale SR to Sen2Cor Baseline 4.00 - Subtract 1000 in dates post 2022-01-25
2025-09-02 08:51:13,620 - INFO - composites.py:342 - Creating preview plot of input scenes
2025-09-02 08:51:49,954 - INFO - timeseries_processing.py:349 - Saved preview for 'B04' to //nas-rs.topo.auth.gr/Latomeia/DROUGHT/composites/x10/y09/2024/08/01/S2L2A_medcomp_x10y09_202408_InDataPreview.jpeg
2025-09-02 08:51:49,960 - INFO - composites.py:348 - Clip value range
2025-09-02 08:51:52,184 - INFO - composites.py:353 -                           
2025-09-02 08:51:52,206 - INFO - composites.py:354 - Computing spectral indices:
2025-09-02 08:51:52,206 - INFO - composites.py:357 -     EVI...
2025-09-02 08:51:53,464 - INFO - composites.py:359 -     NDVI...
2025-09-02 08:51:53,951 - INFO - composites.py:361 -     PSRI2...
2025-09-02 08:51:54,300 - INFO - composites.py:364 - Clip to typical value range
2025-09-02 08:51:54,675 - INFO - composites.py:371 - Reducing to median value temporal composite
2025-09-02 08:52:23,126 - INFO - composites.py:390 - Scale and Define data types & nodata per band
2025-09-02 08:52:23,310 - INFO - composites.py:411 - Assign time range and tile ID in metadata
2025-09-02 08:52:23,311 - INFO - composites.py:419 - Write bands to raster COG files
2025-09-02 08:52:27,533 - INFO - composites.py:432 - Write B02 -> //nas-rs.topo.auth.gr/Latomeia/DROUGHT/composites/x10/y09/2024/08/01/S2L2A_medcomp_x10y09_202408_B02.tif
2025-09-02 08:52:31,420 - INFO - composites.py:432 - Write B03 -> //nas-rs.topo.auth.gr/Latomeia/DROUGHT/composites/x10/y09/2024/08/01/S2L2A_medcomp_x10y09_202408_B03.tif
2025-09-02 08:52:35,362 - INFO - composites.py:432 - Write B04 -> //nas-rs.topo.auth.gr/Latomeia/DROUGHT/composites/x10/y09/2024/08/01/S2L2A_medcomp_x10y09_202408_B04.tif
2025-09-02 08:52:39,249 - INFO - composites.py:432 - Write B05 -> //nas-rs.topo.auth.gr/Latomeia/DROUGHT/composites/x10/y09/2024/08/01/S2L2A_medcomp_x10y09_202408_B05.tif
2025-09-02 08:52:43,172 - INFO - composites.py:432 - Write B07 -> //nas-rs.topo.auth.gr/Latomeia/DROUGHT/composites/x10/y09/2024/08/01/S2L2A_medcomp_x10y09_202408_B07.tif
2025-09-02 08:52:47,106 - INFO - composites.py:432 - Write B8A -> //nas-rs.topo.auth.gr/Latomeia/DROUGHT/composites/x10/y09/2024/08/01/S2L2A_medcomp_x10y09_202408_B8A.tif
2025-09-02 08:52:50,882 - INFO - composites.py:432 - Write EVI -> //nas-rs.topo.auth.gr/Latomeia/DROUGHT/composites/x10/y09/2024/08/01/S2L2A_medcomp_x10y09_202408_EVI.tif
2025-09-02 08:52:54,750 - INFO - composites.py:432 - Write NDVI -> //nas-rs.topo.auth.gr/Latomeia/DROUGHT/composites/x10/y09/2024/08/01/S2L2A_medcomp_x10y09_202408_NDVI.tif
2025-09-02 08:52:58,617 - INFO - composites.py:432 - Write PSRI2 -> //nas-rs.topo.auth.gr/Latomeia/DROUGHT/composites/x10/y09/2024/08/01/S2L2A_medcomp_x10y09_202408_PSRI2.tif
2025-09-02 08:52:58,618 - INFO - composites.py:436 - Prepare metadata YAML document
2025-09-02 08:52:59,162 - INFO - composites.py:458 - Write metadata YAML document to disk
2025-09-02 08:52:59,206 - INFO - composites.py:463 - Create datacube.model.Dataset from eo3 metadata
2025-09-02 08:52:59,215 - INFO - composites.py:476 - Index to datacube
2025-09-02 08:52:59,215 - INFO - _datasets.py:191 - Indexing 83fd8eba-c127-4e01-a958-b610138f3e02
2025-09-02 08:52:59,224 - INFO - composites.py:479 - 
2025-09-02 08:52:59,224 - INFO - composites.py:480 -              ✔✔✔ COMPLETED: Tile x10_y09 | Time: 2024-08 | In 7.69 minutes
2025-09-02 08:52:59,224 - INFO - composites.py:481 - 
2025-09-02 08:52:59,224 - INFO - composites.py:489 - Closing Dask client
2025-09-02 08:52:59,226 - INFO - composites.py:493 - Closing Dask cluster
2025-09-02 08:52:59,226 - INFO - composites.py:494 - #######################################################################
