2025-09-03 00:57:35,912 - INFO - composites.py:102 - #######################################################################
2025-09-03 00:57:35,912 - INFO - composites.py:104 - Processing started
2025-09-03 00:57:35,912 - INFO - composites.py:105 -         Tile: x09_y08
2025-09-03 00:57:35,912 - INFO - composites.py:106 -         Time: 2025-02
2025-09-03 00:57:35,912 - INFO - composites.py:109 -                           
2025-09-03 00:57:35,912 - INFO - composites.py:110 - Establishing connection to datacube
2025-09-03 00:57:36,543 - INFO - composites.py:113 -                           
2025-09-03 00:57:36,544 - INFO - composites.py:114 - Sanity test: Check if dataset already exists in the datacube
2025-09-03 00:57:36,569 - INFO - composites.py:133 - The composite requested was not found and it will be computed
2025-09-03 00:57:36,569 - INFO - composites.py:136 -                                  
2025-09-03 00:57:36,569 - INFO - composites.py:137 - Initializing Dask cluster for parallelization
2025-09-03 00:57:41,958 - INFO - composites.py:161 - Dask dashboard is available at: http://127.0.0.1:8787/status
2025-09-03 00:57:41,958 - INFO - composites.py:164 - Create directories and naming conversions
2025-09-03 00:57:41,971 - INFO - composites.py:177 - Dataset location: //nas-rs.topo.auth.gr/Latomeia/DROUGHT/composites/x09/y08/2025/02/01
2025-09-03 00:57:41,971 - INFO - composites.py:180 -                           
2025-09-03 00:57:41,971 - INFO - composites.py:181 - Retrieve tile geometry
2025-09-03 00:57:42,000 - INFO - composites.py:192 - Create the Bounding Box (φ,λ)
2025-09-03 00:57:42,000 - INFO - composites.py:198 - Create the Bounding Box (x,y)
2025-09-03 00:57:42,000 - INFO - composites.py:211 -                           
2025-09-03 00:57:42,000 - INFO - composites.py:212 - Connect to Planetary Computer STAC Catalog
2025-09-03 00:57:42,262 - INFO - composites.py:220 - Search the STAC Catalog
2025-09-03 00:57:42,357 - INFO - composites.py:232 -         Query parameters:
2025-09-03 00:57:42,358 - INFO - composites.py:233 -             url:          https://planetarycomputer.microsoft.com/api/stac/v1/search
2025-09-03 00:57:42,358 - INFO - composites.py:234 -             client:       microsoft-pc
2025-09-03 00:57:42,358 - INFO - composites.py:235 -             collection:   sentinel-2-l2a
2025-09-03 00:57:42,358 - INFO - composites.py:236 -             bbox:         (21.78584004803282, 36.93347873319104, 22.44323109883715, 37.48202094723898)
2025-09-03 00:57:42,358 - INFO - composites.py:237 -             time range:   2025-02-01T00:00:00Z/2025-02-28T23:59:59Z
2025-09-03 00:57:42,358 - INFO - composites.py:238 -             cloud cover:  0% - 70%
2025-09-03 00:57:42,358 - INFO - composites.py:239 -             nodata cover: 0% - 33%
2025-09-03 00:57:42,358 - INFO - composites.py:241 -                           
2025-09-03 00:57:42,358 - INFO - composites.py:242 - Searching...
2025-09-03 00:57:42,805 - INFO - composites.py:245 - Query found 23 items
2025-09-03 00:57:42,805 - INFO - composites.py:247 - Searching for GRI REFINED scenes:
2025-09-03 00:57:48,740 - INFO - sentinel2.py:78 - 1/23 - S2B_MSIL2A_20250228T090829_R050_T34SFF_20250228T101632 -> REFINED
2025-09-03 00:57:54,412 - INFO - sentinel2.py:78 - 2/23 - S2C_MSIL2A_20250226T092051_R093_T34SFG_20250226T130213 -> REFINED
2025-09-03 00:57:59,638 - INFO - sentinel2.py:78 - 3/23 - S2C_MSIL2A_20250226T092051_R093_T34SFF_20250226T130213 -> REFINED
2025-09-03 00:58:05,879 - INFO - sentinel2.py:78 - 4/23 - S2C_MSIL2A_20250226T092051_R093_T34SEG_20250226T130213 -> REFINED
2025-09-03 00:58:11,300 - INFO - sentinel2.py:78 - 5/23 - S2C_MSIL2A_20250226T092051_R093_T34SEF_20250226T130213 -> REFINED
2025-09-03 00:58:16,234 - INFO - sentinel2.py:78 - 6/23 - S2C_MSIL2A_20250223T091021_R050_T34SFF_20250223T124910 -> REFINED
2025-09-03 00:58:22,430 - INFO - sentinel2.py:78 - 7/23 - S2B_MSIL2A_20250221T092029_R093_T34SFF_20250221T113743 -> REFINED
2025-09-03 00:58:28,699 - INFO - sentinel2.py:78 - 8/23 - S2B_MSIL2A_20250221T092029_R093_T34SEG_20250221T113743 -> REFINED
2025-09-03 00:58:34,854 - INFO - sentinel2.py:78 - 9/23 - S2B_MSIL2A_20250221T092029_R093_T34SEF_20250221T113743 -> REFINED
2025-09-03 00:58:40,170 - INFO - sentinel2.py:78 - 10/23 - S2B_MSIL2A_20250218T090939_R050_T34SFF_20250218T101504 -> REFINED
2025-09-03 00:58:45,761 - INFO - sentinel2.py:78 - 11/23 - S2B_MSIL2A_20250211T092029_R093_T34SFG_20250211T102421 -> REFINED
2025-09-03 00:58:51,445 - INFO - sentinel2.py:78 - 12/23 - S2B_MSIL2A_20250211T092029_R093_T34SFF_20250211T102421 -> REFINED
2025-09-03 00:58:57,163 - INFO - sentinel2.py:78 - 13/23 - S2B_MSIL2A_20250211T092029_R093_T34SEG_20250211T102421 -> REFINED
2025-09-03 00:59:03,302 - INFO - sentinel2.py:78 - 14/23 - S2B_MSIL2A_20250208T091039_R050_T34SFF_20250208T101846 -> REFINED
2025-09-03 00:59:08,359 - INFO - sentinel2.py:78 - 15/23 - S2C_MSIL2A_20250206T092211_R093_T34SFG_20250206T131411 -> REFINED
2025-09-03 00:59:14,488 - INFO - sentinel2.py:78 - 16/23 - S2C_MSIL2A_20250206T092211_R093_T34SEG_20250206T131411 -> REFINED
2025-09-03 00:59:20,207 - INFO - sentinel2.py:78 - 17/23 - S2C_MSIL2A_20250206T092211_R093_T34SEF_20250206T131411 -> REFINED
2025-09-03 00:59:26,466 - INFO - sentinel2.py:78 - 18/23 - S2C_MSIL2A_20250203T091231_R050_T34SFG_20250203T124749 -> REFINED
2025-09-03 00:59:31,936 - INFO - sentinel2.py:78 - 19/23 - S2C_MSIL2A_20250203T091231_R050_T34SFF_20250203T124749 -> REFINED
2025-09-03 00:59:38,337 - INFO - sentinel2.py:78 - 20/23 - S2B_MSIL2A_20250201T092119_R093_T34SFG_20250201T102424 -> REFINED
2025-09-03 00:59:45,919 - INFO - sentinel2.py:78 - 21/23 - S2B_MSIL2A_20250201T092119_R093_T34SFF_20250201T102424 -> REFINED
2025-09-03 00:59:52,190 - INFO - sentinel2.py:78 - 22/23 - S2B_MSIL2A_20250201T092119_R093_T34SEG_20250201T102424 -> REFINED
2025-09-03 00:59:58,358 - INFO - sentinel2.py:78 - 23/23 - S2B_MSIL2A_20250201T092119_R093_T34SEF_20250201T102424 -> REFINED
2025-09-03 00:59:58,413 - INFO - composites.py:250 -                                  
2025-09-03 00:59:58,413 - INFO - composites.py:251 - 23/23 were refined by GRI.
2025-09-03 00:59:58,413 - INFO - composites.py:263 - Looking for up to 10 cleanest images within spatiotemporal range of each MGRS tile
2025-09-03 00:59:58,414 - INFO - composites.py:277 - Filtered cleanest scenes: Kept 23 out of 23 items. 
2025-09-03 00:59:58,414 - INFO - composites.py:278 -         Included MGRS Tiles: ['34SEF' '34SEG' '34SFF' '34SFG']
2025-09-03 00:59:58,415 - INFO - composites.py:279 -         Included EPSG codes: [32634]
2025-09-03 00:59:58,415 - INFO - composites.py:281 - Selected scenes:
2025-09-03 00:59:58,415 - INFO - composites.py:283 -         S2B_MSIL2A_20250201T092119_R093_T34SEF_20250201T102424
2025-09-03 00:59:58,415 - INFO - composites.py:283 -         S2C_MSIL2A_20250226T092051_R093_T34SEF_20250226T130213
2025-09-03 00:59:58,415 - INFO - composites.py:283 -         S2B_MSIL2A_20250221T092029_R093_T34SEF_20250221T113743
2025-09-03 00:59:58,416 - INFO - composites.py:283 -         S2C_MSIL2A_20250206T092211_R093_T34SEF_20250206T131411
2025-09-03 00:59:58,436 - INFO - composites.py:283 -         S2B_MSIL2A_20250201T092119_R093_T34SEG_20250201T102424
2025-09-03 00:59:58,445 - INFO - composites.py:283 -         S2C_MSIL2A_20250206T092211_R093_T34SEG_20250206T131411
2025-09-03 00:59:58,445 - INFO - composites.py:283 -         S2B_MSIL2A_20250221T092029_R093_T34SEG_20250221T113743
2025-09-03 00:59:58,446 - INFO - composites.py:283 -         S2C_MSIL2A_20250226T092051_R093_T34SEG_20250226T130213
2025-09-03 00:59:58,446 - INFO - composites.py:283 -         S2B_MSIL2A_20250211T092029_R093_T34SEG_20250211T102421
2025-09-03 00:59:58,456 - INFO - composites.py:283 -         S2B_MSIL2A_20250201T092119_R093_T34SFF_20250201T102424
2025-09-03 00:59:58,457 - INFO - composites.py:283 -         S2B_MSIL2A_20250228T090829_R050_T34SFF_20250228T101632
2025-09-03 00:59:58,457 - INFO - composites.py:283 -         S2C_MSIL2A_20250226T092051_R093_T34SFF_20250226T130213
2025-09-03 00:59:58,457 - INFO - composites.py:283 -         S2B_MSIL2A_20250221T092029_R093_T34SFF_20250221T113743
2025-09-03 00:59:58,457 - INFO - composites.py:283 -         S2C_MSIL2A_20250223T091021_R050_T34SFF_20250223T124910
2025-09-03 00:59:58,457 - INFO - composites.py:283 -         S2C_MSIL2A_20250203T091231_R050_T34SFF_20250203T124749
2025-09-03 00:59:58,457 - INFO - composites.py:283 -         S2B_MSIL2A_20250218T090939_R050_T34SFF_20250218T101504
2025-09-03 00:59:58,457 - INFO - composites.py:283 -         S2B_MSIL2A_20250211T092029_R093_T34SFF_20250211T102421
2025-09-03 00:59:58,457 - INFO - composites.py:283 -         S2B_MSIL2A_20250208T091039_R050_T34SFF_20250208T101846
2025-09-03 00:59:58,457 - INFO - composites.py:283 -         S2B_MSIL2A_20250201T092119_R093_T34SFG_20250201T102424
2025-09-03 00:59:58,457 - INFO - composites.py:283 -         S2C_MSIL2A_20250226T092051_R093_T34SFG_20250226T130213
2025-09-03 00:59:58,457 - INFO - composites.py:283 -         S2B_MSIL2A_20250211T092029_R093_T34SFG_20250211T102421
2025-09-03 00:59:58,457 - INFO - composites.py:283 -         S2C_MSIL2A_20250203T091231_R050_T34SFG_20250203T124749
2025-09-03 00:59:58,457 - INFO - composites.py:283 -         S2C_MSIL2A_20250206T092211_R093_T34SFG_20250206T131411
2025-09-03 00:59:58,778 - INFO - sentinel2.py:154 - Matplotlib backend: Agg
2025-09-03 00:59:59,124 - INFO - sentinel2.py:224 - Write input scenes footprint overlay: //nas-rs.topo.auth.gr/Latomeia/DROUGHT/composites/x09/y08/2025/02/01/S2L2A_medcomp_x09y08_202502_InDataFootprint.jpeg
2025-09-03 00:59:59,348 - INFO - composites.py:297 -                                  
2025-09-03 00:59:59,348 - INFO - composites.py:298 - Downstream STAC items from Planetary Computer
2025-09-03 00:59:59,348 - INFO - timeseries_processing.py:115 -                                  
2025-09-03 00:59:59,348 - INFO - timeseries_processing.py:116 - Loading bands of diferent resolutions in EPSG:32634
2025-09-03 00:59:59,348 - INFO - timeseries_processing.py:120 -     Filtering items with native UTM EPSG:32634
2025-09-03 00:59:59,348 - INFO - timeseries_processing.py:122 -     23 Items in EPSG:32634
2025-09-03 00:59:59,348 - INFO - timeseries_processing.py:129 -                        
2025-09-03 00:59:59,348 - INFO - timeseries_processing.py:130 -     Loading parameters:
2025-09-03 00:59:59,348 - INFO - timeseries_processing.py:131 -         Bands: ['B05', 'B07', 'B8A', 'SCL']
2025-09-03 00:59:59,348 - INFO - timeseries_processing.py:132 -         Spatial resolution: 20
2025-09-03 00:59:59,348 - INFO - timeseries_processing.py:134 -         Get Assets from STAC Items
2025-09-03 00:59:59,348 - INFO - timeseries_processing.py:47 -         Initialize the STAC client
2025-09-03 00:59:59,941 - INFO - timeseries_processing.py:137 -         Loading 23 STAC Items....
2025-09-03 01:01:05,802 - INFO - timeseries_processing.py:146 -         Cube has been downloaded
2025-09-03 01:01:05,803 - INFO - timeseries_processing.py:156 -         Fix order of dimensions
2025-09-03 01:01:05,805 - INFO - timeseries_processing.py:161 -         Append bands to the band-list of EPSG:32634
2025-09-03 01:01:05,806 - INFO - timeseries_processing.py:129 -                        
2025-09-03 01:01:05,806 - INFO - timeseries_processing.py:130 -     Loading parameters:
2025-09-03 01:01:05,806 - INFO - timeseries_processing.py:131 -         Bands: ['B02', 'B03', 'B04']
2025-09-03 01:01:05,806 - INFO - timeseries_processing.py:132 -         Spatial resolution: 10
2025-09-03 01:01:05,806 - INFO - timeseries_processing.py:134 -         Get Assets from STAC Items
2025-09-03 01:01:05,806 - INFO - timeseries_processing.py:47 -         Initialize the STAC client
2025-09-03 01:01:06,411 - INFO - timeseries_processing.py:137 -         Loading 23 STAC Items....
2025-09-03 01:04:51,301 - INFO - timeseries_processing.py:146 -         Cube has been downloaded
2025-09-03 01:04:51,301 - INFO - timeseries_processing.py:149 -         Reproject to downsample 10m bands to 20m by Resampling.average 2x2 binning and shape matching with odc.geo.GeoBox
2025-09-03 01:05:04,001 - INFO - timeseries_processing.py:161 -         Append bands to the band-list of EPSG:32634
2025-09-03 01:05:04,002 - INFO - timeseries_processing.py:165 -                        
2025-09-03 01:05:04,002 - INFO - timeseries_processing.py:166 -     Merging bands in a single dataset
2025-09-03 01:05:04,002 - INFO - timeseries_processing.py:167 -     Ensure all partial datasets are at (x=20, y=-20) resolution
2025-09-03 01:05:04,002 - INFO - timeseries_processing.py:171 -     Clip to the intersection of indexes
2025-09-03 01:05:04,978 - INFO - timeseries_processing.py:180 -     Make a list of bands to merge
2025-09-03 01:05:04,979 - INFO - timeseries_processing.py:184 -     Merge on intersection
2025-09-03 01:05:04,980 - INFO - timeseries_processing.py:192 -     Apply masks on clouds, shadows, thin cirrus, and snow/ice
2025-09-03 01:05:04,980 - INFO - sentinel2.py:122 -                Masking bits: [3, 7, 8, 9, 10, 11]
2025-09-03 01:05:06,264 - INFO - composites.py:307 - Reproject from UTM Zone to Tile geometry -> CRS(EPSG:32634), Resampling.bilinear
2025-09-03 01:05:13,561 - INFO - composites.py:310 -     New shape of datasets: Shape2d(x=2400, y=2400)
2025-09-03 01:05:14,517 - INFO - composites.py:329 - Scale SR to Sen2Cor Baseline 4.00 - Subtract 1000 in dates post 2022-01-25
2025-09-03 01:05:16,004 - INFO - composites.py:342 - Creating preview plot of input scenes
2025-09-03 01:05:48,898 - INFO - timeseries_processing.py:349 - Saved preview for 'B04' to //nas-rs.topo.auth.gr/Latomeia/DROUGHT/composites/x09/y08/2025/02/01/S2L2A_medcomp_x09y08_202502_InDataPreview.jpeg
2025-09-03 01:05:48,912 - INFO - composites.py:348 - Clip value range
2025-09-03 01:05:50,831 - INFO - composites.py:353 -                           
2025-09-03 01:05:50,831 - INFO - composites.py:354 - Computing spectral indices:
2025-09-03 01:05:50,832 - INFO - composites.py:357 -     EVI...
2025-09-03 01:05:52,030 - INFO - composites.py:359 -     NDVI...
2025-09-03 01:05:52,428 - INFO - composites.py:361 -     PSRI2...
2025-09-03 01:05:52,709 - INFO - composites.py:364 - Clip to typical value range
2025-09-03 01:05:53,065 - INFO - composites.py:371 - Reducing to median value temporal composite
2025-09-03 01:06:20,664 - INFO - composites.py:390 - Scale and Define data types & nodata per band
2025-09-03 01:06:20,774 - INFO - composites.py:411 - Assign time range and tile ID in metadata
2025-09-03 01:06:20,774 - INFO - composites.py:419 - Write bands to raster COG files
2025-09-03 01:06:24,768 - INFO - composites.py:432 - Write B02 -> //nas-rs.topo.auth.gr/Latomeia/DROUGHT/composites/x09/y08/2025/02/01/S2L2A_medcomp_x09y08_202502_B02.tif
2025-09-03 01:06:28,622 - INFO - composites.py:432 - Write B03 -> //nas-rs.topo.auth.gr/Latomeia/DROUGHT/composites/x09/y08/2025/02/01/S2L2A_medcomp_x09y08_202502_B03.tif
2025-09-03 01:06:32,448 - INFO - composites.py:432 - Write B04 -> //nas-rs.topo.auth.gr/Latomeia/DROUGHT/composites/x09/y08/2025/02/01/S2L2A_medcomp_x09y08_202502_B04.tif
2025-09-03 01:06:36,337 - INFO - composites.py:432 - Write B05 -> //nas-rs.topo.auth.gr/Latomeia/DROUGHT/composites/x09/y08/2025/02/01/S2L2A_medcomp_x09y08_202502_B05.tif
2025-09-03 01:06:40,247 - INFO - composites.py:432 - Write B07 -> //nas-rs.topo.auth.gr/Latomeia/DROUGHT/composites/x09/y08/2025/02/01/S2L2A_medcomp_x09y08_202502_B07.tif
2025-09-03 01:06:44,126 - INFO - composites.py:432 - Write B8A -> //nas-rs.topo.auth.gr/Latomeia/DROUGHT/composites/x09/y08/2025/02/01/S2L2A_medcomp_x09y08_202502_B8A.tif
2025-09-03 01:06:48,001 - INFO - composites.py:432 - Write EVI -> //nas-rs.topo.auth.gr/Latomeia/DROUGHT/composites/x09/y08/2025/02/01/S2L2A_medcomp_x09y08_202502_EVI.tif
2025-09-03 01:06:51,874 - INFO - composites.py:432 - Write NDVI -> //nas-rs.topo.auth.gr/Latomeia/DROUGHT/composites/x09/y08/2025/02/01/S2L2A_medcomp_x09y08_202502_NDVI.tif
2025-09-03 01:06:55,634 - INFO - composites.py:432 - Write PSRI2 -> //nas-rs.topo.auth.gr/Latomeia/DROUGHT/composites/x09/y08/2025/02/01/S2L2A_medcomp_x09y08_202502_PSRI2.tif
2025-09-03 01:06:55,634 - INFO - composites.py:436 - Prepare metadata YAML document
2025-09-03 01:06:56,156 - INFO - composites.py:458 - Write metadata YAML document to disk
2025-09-03 01:06:56,183 - INFO - composites.py:463 - Create datacube.model.Dataset from eo3 metadata
2025-09-03 01:06:56,199 - INFO - composites.py:476 - Index to datacube
2025-09-03 01:06:56,200 - INFO - _datasets.py:191 - Indexing 801d5365-a3f1-453c-97c3-3cac33e4b9cd
2025-09-03 01:06:56,210 - INFO - composites.py:479 - 
2025-09-03 01:06:56,210 - INFO - composites.py:480 -              ✔✔✔ COMPLETED: Tile x09_y08 | Time: 2025-02 | In 9.34 minutes
2025-09-03 01:06:56,210 - INFO - composites.py:481 - 
2025-09-03 01:06:56,210 - INFO - composites.py:489 - Closing Dask client
2025-09-03 01:06:56,212 - INFO - composites.py:493 - Closing Dask cluster
2025-09-03 01:06:56,212 - INFO - composites.py:494 - #######################################################################
