2025-08-30 20:46:21,142 - INFO - composites.py:102 - #######################################################################
2025-08-30 20:46:21,142 - INFO - composites.py:104 - Processing started
2025-08-30 20:46:21,142 - INFO - composites.py:105 -         Tile: x11_y12
2025-08-30 20:46:21,142 - INFO - composites.py:106 -         Time: 2023-01
2025-08-30 20:46:21,142 - INFO - composites.py:109 -                           
2025-08-30 20:46:21,142 - INFO - composites.py:110 - Establishing connection to datacube
2025-08-30 20:46:22,170 - INFO - composites.py:113 -                           
2025-08-30 20:46:22,170 - INFO - composites.py:114 - Sanity test: Check if dataset already exists in the datacube
2025-08-30 20:46:22,199 - INFO - composites.py:133 - The composite requested was not found and it will be computed
2025-08-30 20:46:22,199 - INFO - composites.py:136 -                                  
2025-08-30 20:46:22,199 - INFO - composites.py:137 - Initializing Dask cluster for parallelization
2025-08-30 20:46:31,473 - INFO - composites.py:161 - Dask dashboard is available at: http://127.0.0.1:55416/status
2025-08-30 20:46:31,473 - INFO - composites.py:164 - Create directories and naming conversions
2025-08-30 20:46:31,492 - INFO - composites.py:177 - Dataset location: //nas-rs.topo.auth.gr/Latomeia/DROUGHT/composites/x11/y12/2023/01/01
2025-08-30 20:46:31,492 - INFO - composites.py:180 -                           
2025-08-30 20:46:31,493 - INFO - composites.py:181 - Retrieve tile geometry
2025-08-30 20:46:31,540 - INFO - composites.py:192 - Create the Bounding Box (φ,λ)
2025-08-30 20:46:31,542 - INFO - composites.py:198 - Create the Bounding Box (x,y)
2025-08-30 20:46:31,542 - INFO - composites.py:211 -                           
2025-08-30 20:46:31,542 - INFO - composites.py:212 - Connect to Planetary Computer STAC Catalog
2025-08-30 20:46:31,880 - INFO - composites.py:220 - Search the STAC Catalog
2025-08-30 20:46:31,969 - INFO - composites.py:232 -         Query parameters:
2025-08-30 20:46:31,969 - INFO - composites.py:233 -             url:          https://planetarycomputer.microsoft.com/api/stac/v1/search
2025-08-30 20:46:31,969 - INFO - composites.py:234 -             client:       microsoft-pc
2025-08-30 20:46:31,969 - INFO - composites.py:235 -             collection:   sentinel-2-l2a
2025-08-30 20:46:31,969 - INFO - composites.py:236 -             bbox:         (23.175034627134398, 38.50013763603257, 23.85573196352452, 39.05443515421176)
2025-08-30 20:46:31,969 - INFO - composites.py:237 -             time range:   2023-01-01T00:00:00Z/2023-01-31T23:59:59Z
2025-08-30 20:46:31,969 - INFO - composites.py:238 -             cloud cover:  0% - 70%
2025-08-30 20:46:31,969 - INFO - composites.py:239 -             nodata cover: 0% - 33%
2025-08-30 20:46:31,969 - INFO - composites.py:241 -                           
2025-08-30 20:46:31,969 - INFO - composites.py:242 - Searching...
2025-08-30 20:46:32,434 - INFO - composites.py:245 - Query found 16 items
2025-08-30 20:46:32,434 - INFO - composites.py:247 - Searching for GRI REFINED scenes:
2025-08-30 20:46:38,110 - INFO - sentinel2.py:78 - 1/16 - S2A_MSIL2A_20230128T092241_R093_T34SFJ_20230129T220142 -> REFINED
2025-08-30 20:46:43,019 - INFO - sentinel2.py:78 - 2/16 - S2A_MSIL2A_20230128T092241_R093_T34SFH_20240812T040650 -> REFINED
2025-08-30 20:46:47,840 - INFO - sentinel2.py:78 - 3/16 - S2A_MSIL2A_20230128T092241_R093_T34SFH_20230129T214705 -> REFINED
2025-08-30 20:46:53,296 - INFO - sentinel2.py:78 - 4/16 - S2B_MSIL2A_20230123T092159_R093_T34SFH_20230124T152629 -> REFINED
2025-08-30 20:46:57,865 - INFO - sentinel2.py:78 - 5/16 - S2A_MSIL2A_20230118T092321_R093_T34SFJ_20230120T045856 -> REFINED
2025-08-30 20:47:02,544 - INFO - sentinel2.py:78 - 6/16 - S2A_MSIL2A_20230118T092321_R093_T34SFH_20230120T054820 -> REFINED
2025-08-30 20:47:07,148 - INFO - sentinel2.py:78 - 7/16 - S2B_MSIL2A_20230113T092239_R093_T34SFJ_20230114T005457 -> REFINED
2025-08-30 20:47:11,765 - INFO - sentinel2.py:78 - 8/16 - S2B_MSIL2A_20230113T092239_R093_T34SFH_20230113T233416 -> REFINED
2025-08-30 20:47:17,131 - INFO - sentinel2.py:78 - 9/16 - S2A_MSIL2A_20230108T092351_R093_T34SFJ_20230109T005357 -> REFINED
2025-08-30 20:47:21,864 - INFO - sentinel2.py:78 - 10/16 - S2A_MSIL2A_20230108T092351_R093_T34SFH_20230109T013750 -> REFINED
2025-08-30 20:47:26,556 - INFO - sentinel2.py:78 - 11/16 - S2A_MSIL2A_20230105T091351_R050_T35SKD_20230105T233856 -> REFINED
2025-08-30 20:47:31,544 - INFO - sentinel2.py:78 - 12/16 - S2A_MSIL2A_20230105T091351_R050_T35SKC_20230105T222133 -> REFINED
2025-08-30 20:47:37,281 - INFO - sentinel2.py:78 - 13/16 - S2A_MSIL2A_20230105T091351_R050_T34SGJ_20230105T233108 -> REFINED
2025-08-30 20:47:42,029 - INFO - sentinel2.py:78 - 14/16 - S2A_MSIL2A_20230105T091351_R050_T34SGH_20230105T214333 -> REFINED
2025-08-30 20:47:46,808 - INFO - sentinel2.py:78 - 15/16 - S2B_MSIL2A_20230103T092309_R093_T34SFJ_20230103T193558 -> REFINED
2025-08-30 20:47:51,454 - INFO - sentinel2.py:78 - 16/16 - S2B_MSIL2A_20230103T092309_R093_T34SFH_20230103T204932 -> REFINED
2025-08-30 20:47:51,587 - INFO - composites.py:250 -                                  
2025-08-30 20:47:51,587 - INFO - composites.py:251 - 16/16 were refined by GRI.
2025-08-30 20:47:51,587 - INFO - composites.py:263 - Looking for up to 10 cleanest images within spatiotemporal range of each MGRS tile
2025-08-30 20:47:51,587 - INFO - composites.py:277 - Filtered cleanest scenes: Kept 16 out of 16 items. 
2025-08-30 20:47:51,588 - INFO - composites.py:278 -         Included MGRS Tiles: ['34SFH' '34SFJ' '34SGH' '34SGJ' '35SKC' '35SKD']
2025-08-30 20:47:51,588 - INFO - composites.py:279 -         Included EPSG codes: [32634 32635]
2025-08-30 20:47:51,588 - INFO - composites.py:281 - Selected scenes:
2025-08-30 20:47:51,590 - INFO - composites.py:283 -         S2B_MSIL2A_20230103T092309_R093_T34SFH_20230103T204932
2025-08-30 20:47:51,590 - INFO - composites.py:283 -         S2A_MSIL2A_20230108T092351_R093_T34SFH_20230109T013750
2025-08-30 20:47:51,590 - INFO - composites.py:283 -         S2B_MSIL2A_20230113T092239_R093_T34SFH_20230113T233416
2025-08-30 20:47:51,590 - INFO - composites.py:283 -         S2A_MSIL2A_20230128T092241_R093_T34SFH_20230129T214705
2025-08-30 20:47:51,591 - INFO - composites.py:283 -         S2A_MSIL2A_20230128T092241_R093_T34SFH_20240812T040650
2025-08-30 20:47:51,591 - INFO - composites.py:283 -         S2B_MSIL2A_20230123T092159_R093_T34SFH_20230124T152629
2025-08-30 20:47:51,591 - INFO - composites.py:283 -         S2A_MSIL2A_20230118T092321_R093_T34SFH_20230120T054820
2025-08-30 20:47:51,592 - INFO - composites.py:283 -         S2B_MSIL2A_20230113T092239_R093_T34SFJ_20230114T005457
2025-08-30 20:47:51,592 - INFO - composites.py:283 -         S2A_MSIL2A_20230108T092351_R093_T34SFJ_20230109T005357
2025-08-30 20:47:51,599 - INFO - composites.py:283 -         S2B_MSIL2A_20230103T092309_R093_T34SFJ_20230103T193558
2025-08-30 20:47:51,599 - INFO - composites.py:283 -         S2A_MSIL2A_20230128T092241_R093_T34SFJ_20230129T220142
2025-08-30 20:47:51,599 - INFO - composites.py:283 -         S2A_MSIL2A_20230118T092321_R093_T34SFJ_20230120T045856
2025-08-30 20:47:51,599 - INFO - composites.py:283 -         S2A_MSIL2A_20230105T091351_R050_T34SGH_20230105T214333
2025-08-30 20:47:51,601 - INFO - composites.py:283 -         S2A_MSIL2A_20230105T091351_R050_T34SGJ_20230105T233108
2025-08-30 20:47:51,606 - INFO - composites.py:283 -         S2A_MSIL2A_20230105T091351_R050_T35SKC_20230105T222133
2025-08-30 20:47:51,614 - INFO - composites.py:283 -         S2A_MSIL2A_20230105T091351_R050_T35SKD_20230105T233856
2025-08-30 20:47:52,272 - INFO - sentinel2.py:154 - Matplotlib backend: Agg
2025-08-30 20:47:53,174 - INFO - sentinel2.py:224 - Write input scenes footprint overlay: //nas-rs.topo.auth.gr/Latomeia/DROUGHT/composites/x11/y12/2023/01/01/S2L2A_medcomp_x11y12_202301_InDataFootprint.jpeg
2025-08-30 20:47:53,531 - INFO - composites.py:297 -                                  
2025-08-30 20:47:53,532 - INFO - composites.py:298 - Downstream STAC items from Planetary Computer
2025-08-30 20:47:53,532 - INFO - timeseries_processing.py:115 -                                  
2025-08-30 20:47:53,532 - INFO - timeseries_processing.py:116 - Loading bands of diferent resolutions in EPSG:32634
2025-08-30 20:47:53,532 - INFO - timeseries_processing.py:120 -     Filtering items with native UTM EPSG:32634
2025-08-30 20:47:53,532 - INFO - timeseries_processing.py:122 -     14 Items in EPSG:32634
2025-08-30 20:47:53,532 - INFO - timeseries_processing.py:129 -                        
2025-08-30 20:47:53,532 - INFO - timeseries_processing.py:130 -     Loading parameters:
2025-08-30 20:47:53,532 - INFO - timeseries_processing.py:131 -         Bands: ['B05', 'B07', 'B8A', 'SCL']
2025-08-30 20:47:53,532 - INFO - timeseries_processing.py:132 -         Spatial resolution: 20
2025-08-30 20:47:53,533 - INFO - timeseries_processing.py:134 -         Get Assets from STAC Items
2025-08-30 20:47:53,533 - INFO - timeseries_processing.py:47 -         Initialize the STAC client
2025-08-30 20:47:54,115 - INFO - timeseries_processing.py:137 -         Loading 14 STAC Items....
2025-08-30 20:48:30,181 - INFO - timeseries_processing.py:146 -         Cube has been downloaded
2025-08-30 20:48:30,181 - INFO - timeseries_processing.py:156 -         Fix order of dimensions
2025-08-30 20:48:30,183 - INFO - timeseries_processing.py:161 -         Append bands to the band-list of EPSG:32634
2025-08-30 20:48:30,184 - INFO - timeseries_processing.py:129 -                        
2025-08-30 20:48:30,184 - INFO - timeseries_processing.py:130 -     Loading parameters:
2025-08-30 20:48:30,185 - INFO - timeseries_processing.py:131 -         Bands: ['B02', 'B03', 'B04']
2025-08-30 20:48:30,185 - INFO - timeseries_processing.py:132 -         Spatial resolution: 10
2025-08-30 20:48:30,188 - INFO - timeseries_processing.py:134 -         Get Assets from STAC Items
2025-08-30 20:48:30,188 - INFO - timeseries_processing.py:47 -         Initialize the STAC client
2025-08-30 20:48:30,804 - INFO - timeseries_processing.py:137 -         Loading 14 STAC Items....
2025-08-30 20:49:37,023 - INFO - timeseries_processing.py:146 -         Cube has been downloaded
2025-08-30 20:49:37,023 - INFO - timeseries_processing.py:149 -         Reproject to downsample 10m bands to 20m by Resampling.average 2x2 binning and shape matching with odc.geo.GeoBox
2025-08-30 20:49:50,705 - INFO - timeseries_processing.py:161 -         Append bands to the band-list of EPSG:32634
2025-08-30 20:49:50,706 - INFO - timeseries_processing.py:165 -                        
2025-08-30 20:49:50,713 - INFO - timeseries_processing.py:166 -     Merging bands in a single dataset
2025-08-30 20:49:50,713 - INFO - timeseries_processing.py:167 -     Ensure all partial datasets are at (x=20, y=-20) resolution
2025-08-30 20:49:50,716 - INFO - timeseries_processing.py:171 -     Clip to the intersection of indexes
2025-08-30 20:49:53,215 - INFO - timeseries_processing.py:180 -     Make a list of bands to merge
2025-08-30 20:49:53,217 - INFO - timeseries_processing.py:184 -     Merge on intersection
2025-08-30 20:49:53,219 - INFO - timeseries_processing.py:192 -     Apply masks on clouds, shadows, thin cirrus, and snow/ice
2025-08-30 20:49:53,219 - INFO - sentinel2.py:122 -                Masking bits: [3, 7, 8, 9, 10, 11]
2025-08-30 20:49:55,166 - INFO - timeseries_processing.py:115 -                                  
2025-08-30 20:49:55,191 - INFO - timeseries_processing.py:116 - Loading bands of diferent resolutions in EPSG:32635
2025-08-30 20:49:55,192 - INFO - timeseries_processing.py:120 -     Filtering items with native UTM EPSG:32635
2025-08-30 20:49:55,193 - INFO - timeseries_processing.py:122 -     2 Items in EPSG:32635
2025-08-30 20:49:55,193 - INFO - timeseries_processing.py:129 -                        
2025-08-30 20:49:55,193 - INFO - timeseries_processing.py:130 -     Loading parameters:
2025-08-30 20:49:55,194 - INFO - timeseries_processing.py:131 -         Bands: ['B05', 'B07', 'B8A', 'SCL']
2025-08-30 20:49:55,194 - INFO - timeseries_processing.py:132 -         Spatial resolution: 20
2025-08-30 20:49:55,194 - INFO - timeseries_processing.py:134 -         Get Assets from STAC Items
2025-08-30 20:49:55,195 - INFO - timeseries_processing.py:47 -         Initialize the STAC client
2025-08-30 20:49:55,711 - INFO - timeseries_processing.py:137 -         Loading 2 STAC Items....
2025-08-30 20:50:04,280 - INFO - timeseries_processing.py:146 -         Cube has been downloaded
2025-08-30 20:50:04,280 - INFO - timeseries_processing.py:156 -         Fix order of dimensions
2025-08-30 20:50:04,282 - INFO - timeseries_processing.py:161 -         Append bands to the band-list of EPSG:32635
2025-08-30 20:50:04,282 - INFO - timeseries_processing.py:129 -                        
2025-08-30 20:50:04,282 - INFO - timeseries_processing.py:130 -     Loading parameters:
2025-08-30 20:50:04,282 - INFO - timeseries_processing.py:131 -         Bands: ['B02', 'B03', 'B04']
2025-08-30 20:50:04,282 - INFO - timeseries_processing.py:132 -         Spatial resolution: 10
2025-08-30 20:50:04,282 - INFO - timeseries_processing.py:134 -         Get Assets from STAC Items
2025-08-30 20:50:04,282 - INFO - timeseries_processing.py:47 -         Initialize the STAC client
2025-08-30 20:50:04,791 - INFO - timeseries_processing.py:137 -         Loading 2 STAC Items....
2025-08-30 20:50:22,282 - INFO - timeseries_processing.py:146 -         Cube has been downloaded
2025-08-30 20:50:22,283 - INFO - timeseries_processing.py:149 -         Reproject to downsample 10m bands to 20m by Resampling.average 2x2 binning and shape matching with odc.geo.GeoBox
2025-08-30 20:50:24,247 - INFO - timeseries_processing.py:161 -         Append bands to the band-list of EPSG:32635
2025-08-30 20:50:24,248 - INFO - timeseries_processing.py:165 -                        
2025-08-30 20:50:24,249 - INFO - timeseries_processing.py:166 -     Merging bands in a single dataset
2025-08-30 20:50:24,249 - INFO - timeseries_processing.py:167 -     Ensure all partial datasets are at (x=20, y=-20) resolution
2025-08-30 20:50:24,250 - INFO - timeseries_processing.py:171 -     Clip to the intersection of indexes
2025-08-30 20:50:24,252 - INFO - timeseries_processing.py:180 -     Make a list of bands to merge
2025-08-30 20:50:24,252 - INFO - timeseries_processing.py:184 -     Merge on intersection
2025-08-30 20:50:24,254 - INFO - timeseries_processing.py:192 -     Apply masks on clouds, shadows, thin cirrus, and snow/ice
2025-08-30 20:50:24,254 - INFO - sentinel2.py:122 -                Masking bits: [3, 7, 8, 9, 10, 11]
2025-08-30 20:50:24,553 - INFO - composites.py:307 - Reproject from UTM Zone to Tile geometry -> CRS(EPSG:32635), Resampling.bilinear
2025-08-30 20:50:33,891 - INFO - composites.py:310 -     New shape of datasets: Shape2d(x=2400, y=2400)
2025-08-30 20:50:34,466 - INFO - composites.py:315 -                           
2025-08-30 20:50:34,467 - INFO - composites.py:316 - Mosaic datasets to a single dataset
2025-08-30 20:50:46,369 - INFO - composites.py:329 - Scale SR to Sen2Cor Baseline 4.00 - Subtract 1000 in dates post 2022-01-25
2025-08-30 20:50:48,793 - INFO - composites.py:342 - Creating preview plot of input scenes
2025-08-30 20:51:34,259 - INFO - timeseries_processing.py:349 - Saved preview for 'B04' to //nas-rs.topo.auth.gr/Latomeia/DROUGHT/composites/x11/y12/2023/01/01/S2L2A_medcomp_x11y12_202301_InDataPreview.jpeg
2025-08-30 20:51:34,266 - INFO - composites.py:348 - Clip value range
2025-08-30 20:51:36,142 - INFO - composites.py:353 -                           
2025-08-30 20:51:36,149 - INFO - composites.py:354 - Computing spectral indices:
2025-08-30 20:51:36,149 - INFO - composites.py:357 -     EVI...
2025-08-30 20:51:37,268 - INFO - composites.py:359 -     NDVI...
2025-08-30 20:51:37,682 - INFO - composites.py:361 -     PSRI2...
2025-08-30 20:51:37,953 - INFO - composites.py:364 - Clip to typical value range
2025-08-30 20:51:38,319 - INFO - composites.py:371 - Reducing to median value temporal composite
2025-08-30 20:51:54,156 - INFO - composites.py:390 - Scale and Define data types & nodata per band
2025-08-30 20:51:54,379 - INFO - composites.py:411 - Assign time range and tile ID in metadata
2025-08-30 20:51:54,379 - INFO - composites.py:419 - Write bands to raster COG files
2025-08-30 20:52:00,067 - INFO - composites.py:432 - Write B02 -> //nas-rs.topo.auth.gr/Latomeia/DROUGHT/composites/x11/y12/2023/01/01/S2L2A_medcomp_x11y12_202301_B02.tif
2025-08-30 20:52:06,240 - INFO - composites.py:432 - Write B03 -> //nas-rs.topo.auth.gr/Latomeia/DROUGHT/composites/x11/y12/2023/01/01/S2L2A_medcomp_x11y12_202301_B03.tif
2025-08-30 20:52:12,331 - INFO - composites.py:432 - Write B04 -> //nas-rs.topo.auth.gr/Latomeia/DROUGHT/composites/x11/y12/2023/01/01/S2L2A_medcomp_x11y12_202301_B04.tif
2025-08-30 20:52:18,188 - INFO - composites.py:432 - Write B05 -> //nas-rs.topo.auth.gr/Latomeia/DROUGHT/composites/x11/y12/2023/01/01/S2L2A_medcomp_x11y12_202301_B05.tif
2025-08-30 20:52:24,456 - INFO - composites.py:432 - Write B07 -> //nas-rs.topo.auth.gr/Latomeia/DROUGHT/composites/x11/y12/2023/01/01/S2L2A_medcomp_x11y12_202301_B07.tif
2025-08-30 20:52:31,017 - INFO - composites.py:432 - Write B8A -> //nas-rs.topo.auth.gr/Latomeia/DROUGHT/composites/x11/y12/2023/01/01/S2L2A_medcomp_x11y12_202301_B8A.tif
2025-08-30 20:52:37,252 - INFO - composites.py:432 - Write EVI -> //nas-rs.topo.auth.gr/Latomeia/DROUGHT/composites/x11/y12/2023/01/01/S2L2A_medcomp_x11y12_202301_EVI.tif
2025-08-30 20:52:43,761 - INFO - composites.py:432 - Write NDVI -> //nas-rs.topo.auth.gr/Latomeia/DROUGHT/composites/x11/y12/2023/01/01/S2L2A_medcomp_x11y12_202301_NDVI.tif
2025-08-30 20:52:50,023 - INFO - composites.py:432 - Write PSRI2 -> //nas-rs.topo.auth.gr/Latomeia/DROUGHT/composites/x11/y12/2023/01/01/S2L2A_medcomp_x11y12_202301_PSRI2.tif
2025-08-30 20:52:50,039 - INFO - composites.py:436 - Prepare metadata YAML document
2025-08-30 20:52:51,169 - INFO - composites.py:458 - Write metadata YAML document to disk
2025-08-30 20:52:51,251 - INFO - composites.py:463 - Create datacube.model.Dataset from eo3 metadata
2025-08-30 20:52:51,271 - INFO - composites.py:476 - Index to datacube
2025-08-30 20:52:51,271 - INFO - _datasets.py:191 - Indexing 8a393eb6-7a37-4595-b02a-4c3d785e89db
2025-08-30 20:52:51,286 - INFO - composites.py:479 - 
2025-08-30 20:52:51,287 - INFO - composites.py:480 -              ✔✔✔ COMPLETED: Tile x11_y12 | Time: 2023-01 | In 6.5 minutes
2025-08-30 20:52:51,287 - INFO - composites.py:481 - 
2025-08-30 20:52:51,287 - INFO - composites.py:489 - Closing Dask client
2025-08-30 20:52:51,290 - INFO - composites.py:493 - Closing Dask cluster
2025-08-30 20:52:51,290 - INFO - composites.py:494 - #######################################################################
