2025-08-30 19:47:54,642 - INFO - composites.py:102 - #######################################################################
2025-08-30 19:47:54,642 - INFO - composites.py:104 - Processing started
2025-08-30 19:47:54,642 - INFO - composites.py:105 -         Tile: x10_y08
2025-08-30 19:47:54,642 - INFO - composites.py:106 -         Time: 2023-01
2025-08-30 19:47:54,642 - INFO - composites.py:109 -                           
2025-08-30 19:47:54,642 - INFO - composites.py:110 - Establishing connection to datacube
2025-08-30 19:47:55,155 - INFO - composites.py:113 -                           
2025-08-30 19:47:55,155 - INFO - composites.py:114 - Sanity test: Check if dataset already exists in the datacube
2025-08-30 19:47:55,173 - INFO - composites.py:133 - The composite requested was not found and it will be computed
2025-08-30 19:47:55,173 - INFO - composites.py:136 -                                  
2025-08-30 19:47:55,173 - INFO - composites.py:137 - Initializing Dask cluster for parallelization
2025-08-30 19:48:00,383 - INFO - composites.py:161 - Dask dashboard is available at: http://127.0.0.1:8787/status
2025-08-30 19:48:00,383 - INFO - composites.py:164 - Create directories and naming conversions
2025-08-30 19:48:00,400 - INFO - composites.py:177 - Dataset location: //nas-rs.topo.auth.gr/Latomeia/DROUGHT/composites/x10/y08/2023/01/01
2025-08-30 19:48:00,400 - INFO - composites.py:180 -                           
2025-08-30 19:48:00,400 - INFO - composites.py:181 - Retrieve tile geometry
2025-08-30 19:48:00,432 - INFO - composites.py:192 - Create the Bounding Box (φ,λ)
2025-08-30 19:48:00,432 - INFO - composites.py:198 - Create the Bounding Box (x,y)
2025-08-30 19:48:00,432 - INFO - composites.py:211 -                           
2025-08-30 19:48:00,432 - INFO - composites.py:212 - Connect to Planetary Computer STAC Catalog
2025-08-30 19:48:00,779 - INFO - composites.py:220 - Search the STAC Catalog
2025-08-30 19:48:00,847 - INFO - composites.py:232 -         Query parameters:
2025-08-30 19:48:00,847 - INFO - composites.py:233 -             url:          https://planetarycomputer.microsoft.com/api/stac/v1/search
2025-08-30 19:48:00,847 - INFO - composites.py:234 -             client:       microsoft-pc
2025-08-30 19:48:00,847 - INFO - composites.py:235 -             collection:   sentinel-2-l2a
2025-08-30 19:48:00,847 - INFO - composites.py:236 -             bbox:         (22.316206507160903, 36.86212166478193, 22.975825813790852, 37.413146481379215)
2025-08-30 19:48:00,848 - INFO - composites.py:237 -             time range:   2023-01-01T00:00:00Z/2023-01-31T23:59:59Z
2025-08-30 19:48:00,848 - INFO - composites.py:238 -             cloud cover:  0% - 70%
2025-08-30 19:48:00,848 - INFO - composites.py:239 -             nodata cover: 0% - 33%
2025-08-30 19:48:00,848 - INFO - composites.py:241 -                           
2025-08-30 19:48:00,848 - INFO - composites.py:242 - Searching...
2025-08-30 19:48:01,287 - INFO - composites.py:245 - Query found 24 items
2025-08-30 19:48:01,287 - INFO - composites.py:247 - Searching for GRI REFINED scenes:
2025-08-30 19:48:06,681 - INFO - sentinel2.py:78 - 1/24 - S2B_MSIL2A_20230130T091129_R050_T34SFG_20230131T161628 -> NOT_REFINED
2025-08-30 19:48:12,036 - INFO - sentinel2.py:78 - 2/24 - S2B_MSIL2A_20230130T091129_R050_T34SFF_20240811T061804 -> NOT_REFINED
2025-08-30 19:48:17,027 - INFO - sentinel2.py:78 - 3/24 - S2B_MSIL2A_20230130T091129_R050_T34SFF_20230131T162224 -> NOT_REFINED
2025-08-30 19:48:22,286 - INFO - sentinel2.py:78 - 4/24 - S2A_MSIL2A_20230128T092241_R093_T34SFG_20240812T040650 -> NOT_REFINED
2025-08-30 19:48:27,174 - INFO - sentinel2.py:78 - 5/24 - S2A_MSIL2A_20230128T092241_R093_T34SFG_20230129T212045 -> NOT_REFINED
2025-08-30 19:48:31,620 - INFO - sentinel2.py:78 - 6/24 - S2A_MSIL2A_20230128T092241_R093_T34SFF_20240812T040650 -> NOT_REFINED
2025-08-30 19:48:36,966 - INFO - sentinel2.py:78 - 7/24 - S2A_MSIL2A_20230128T092241_R093_T34SFF_20230129T221423 -> NOT_REFINED
2025-08-30 19:48:41,285 - INFO - sentinel2.py:78 - 8/24 - S2B_MSIL2A_20230123T092159_R093_T34SFG_20230124T141920 -> NOT_REFINED
2025-08-30 19:48:46,448 - INFO - sentinel2.py:78 - 9/24 - S2B_MSIL2A_20230123T092159_R093_T34SFF_20240810T083424 -> NOT_REFINED
2025-08-30 19:48:51,022 - INFO - sentinel2.py:78 - 10/24 - S2B_MSIL2A_20230123T092159_R093_T34SFF_20230124T155332 -> NOT_REFINED
2025-08-30 19:48:56,795 - INFO - sentinel2.py:78 - 11/24 - S2B_MSIL2A_20230120T091209_R050_T34SFG_20230122T014601 -> NOT_REFINED
2025-08-30 19:49:01,406 - INFO - sentinel2.py:78 - 12/24 - S2B_MSIL2A_20230120T091209_R050_T34SFF_20230122T004703 -> NOT_REFINED
2025-08-30 19:49:06,342 - INFO - sentinel2.py:78 - 13/24 - S2A_MSIL2A_20230118T092321_R093_T34SFG_20230120T055049 -> NOT_REFINED
2025-08-30 19:49:10,687 - INFO - sentinel2.py:78 - 14/24 - S2A_MSIL2A_20230118T092321_R093_T34SFF_20230120T063059 -> NOT_REFINED
2025-08-30 19:49:16,038 - INFO - sentinel2.py:78 - 15/24 - S2A_MSIL2A_20230115T091321_R050_T34SFG_20240813T115034 -> NOT_REFINED
2025-08-30 19:49:21,252 - INFO - sentinel2.py:78 - 16/24 - S2A_MSIL2A_20230115T091321_R050_T34SFG_20230115T211033 -> NOT_REFINED
2025-08-30 19:49:25,644 - INFO - sentinel2.py:78 - 17/24 - S2B_MSIL2A_20230113T092239_R093_T34SFG_20230113T233917 -> NOT_REFINED
2025-08-30 19:49:30,051 - INFO - sentinel2.py:78 - 18/24 - S2B_MSIL2A_20230113T092239_R093_T34SFF_20230114T004951 -> NOT_REFINED
2025-08-30 19:49:34,379 - INFO - sentinel2.py:78 - 19/24 - S2A_MSIL2A_20230108T092351_R093_T34SFG_20230109T010415 -> NOT_REFINED
2025-08-30 19:49:39,348 - INFO - sentinel2.py:78 - 20/24 - S2A_MSIL2A_20230108T092351_R093_T34SFF_20230109T023601 -> NOT_REFINED
2025-08-30 19:49:44,103 - INFO - sentinel2.py:78 - 21/24 - S2A_MSIL2A_20230105T091351_R050_T34SFG_20230105T230354 -> NOT_REFINED
2025-08-30 19:49:49,219 - INFO - sentinel2.py:78 - 22/24 - S2A_MSIL2A_20230105T091351_R050_T34SFF_20230105T224657 -> NOT_REFINED
2025-08-30 19:49:54,193 - INFO - sentinel2.py:78 - 23/24 - S2B_MSIL2A_20230103T092309_R093_T34SFG_20230103T201152 -> NOT_REFINED
2025-08-30 19:50:00,246 - INFO - sentinel2.py:78 - 24/24 - S2B_MSIL2A_20230103T092309_R093_T34SFF_20230103T202307 -> NOT_REFINED
2025-08-30 19:50:00,284 - INFO - composites.py:250 -                                  
2025-08-30 19:50:00,284 - INFO - composites.py:251 - 0/24 were refined by GRI.
2025-08-30 19:50:00,284 - WARNING - composites.py:255 - Tile x10_y08 | Time: 2023-01: All scenes are flagged NOT REFINED.
2025-08-30 19:50:00,284 - WARNING - composites.py:256 - Tile x10_y08 | Time: 2023-01: The composite will be flagged with _NOREFINED.
2025-08-30 19:50:00,285 - INFO - composites.py:263 - Looking for up to 10 cleanest images within spatiotemporal range of each MGRS tile
2025-08-30 19:50:00,285 - INFO - composites.py:277 - Filtered cleanest scenes: Kept 20 out of 24 items. 
2025-08-30 19:50:00,285 - INFO - composites.py:278 -         Included MGRS Tiles: ['34SFF' '34SFG']
2025-08-30 19:50:00,287 - INFO - composites.py:279 -         Included EPSG codes: [32634]
2025-08-30 19:50:00,287 - INFO - composites.py:281 - Selected scenes:
2025-08-30 19:50:00,287 - INFO - composites.py:283 -         S2A_MSIL2A_20230108T092351_R093_T34SFF_20230109T023601
2025-08-30 19:50:00,287 - INFO - composites.py:283 -         S2B_MSIL2A_20230103T092309_R093_T34SFF_20230103T202307
2025-08-30 19:50:00,296 - INFO - composites.py:283 -         S2B_MSIL2A_20230113T092239_R093_T34SFF_20230114T004951
2025-08-30 19:50:00,296 - INFO - composites.py:283 -         S2A_MSIL2A_20230105T091351_R050_T34SFF_20230105T224657
2025-08-30 19:50:00,312 - INFO - composites.py:283 -         S2A_MSIL2A_20230128T092241_R093_T34SFF_20240812T040650
2025-08-30 19:50:00,318 - INFO - composites.py:283 -         S2A_MSIL2A_20230128T092241_R093_T34SFF_20230129T221423
2025-08-30 19:50:00,318 - INFO - composites.py:283 -         S2B_MSIL2A_20230123T092159_R093_T34SFF_20240810T083424
2025-08-30 19:50:00,318 - INFO - composites.py:283 -         S2B_MSIL2A_20230123T092159_R093_T34SFF_20230124T155332
2025-08-30 19:50:00,318 - INFO - composites.py:283 -         S2B_MSIL2A_20230120T091209_R050_T34SFF_20230122T004703
2025-08-30 19:50:00,318 - INFO - composites.py:283 -         S2A_MSIL2A_20230118T092321_R093_T34SFF_20230120T063059
2025-08-30 19:50:00,318 - INFO - composites.py:283 -         S2A_MSIL2A_20230108T092351_R093_T34SFG_20230109T010415
2025-08-30 19:50:00,318 - INFO - composites.py:283 -         S2B_MSIL2A_20230103T092309_R093_T34SFG_20230103T201152
2025-08-30 19:50:00,318 - INFO - composites.py:283 -         S2B_MSIL2A_20230113T092239_R093_T34SFG_20230113T233917
2025-08-30 19:50:00,318 - INFO - composites.py:283 -         S2A_MSIL2A_20230105T091351_R050_T34SFG_20230105T230354
2025-08-30 19:50:00,318 - INFO - composites.py:283 -         S2A_MSIL2A_20230128T092241_R093_T34SFG_20240812T040650
2025-08-30 19:50:00,318 - INFO - composites.py:283 -         S2A_MSIL2A_20230128T092241_R093_T34SFG_20230129T212045
2025-08-30 19:50:00,318 - INFO - composites.py:283 -         S2B_MSIL2A_20230123T092159_R093_T34SFG_20230124T141920
2025-08-30 19:50:00,319 - INFO - composites.py:283 -         S2B_MSIL2A_20230130T091129_R050_T34SFG_20230131T161628
2025-08-30 19:50:00,319 - INFO - composites.py:283 -         S2B_MSIL2A_20230120T091209_R050_T34SFG_20230122T014601
2025-08-30 19:50:00,319 - INFO - composites.py:283 -         S2A_MSIL2A_20230118T092321_R093_T34SFG_20230120T055049
2025-08-30 19:50:00,660 - INFO - sentinel2.py:154 - Matplotlib backend: Agg
2025-08-30 19:50:00,958 - INFO - sentinel2.py:224 - Write input scenes footprint overlay: //nas-rs.topo.auth.gr/Latomeia/DROUGHT/composites/x10/y08/2023/01/01/S2L2A_medcomp_x10y08_202301_InDataFootprint.jpeg
2025-08-30 19:50:01,233 - INFO - composites.py:297 -                                  
2025-08-30 19:50:01,234 - INFO - composites.py:298 - Downstream STAC items from Planetary Computer
2025-08-30 19:50:01,234 - INFO - timeseries_processing.py:115 -                                  
2025-08-30 19:50:01,234 - INFO - timeseries_processing.py:116 - Loading bands of diferent resolutions in EPSG:32634
2025-08-30 19:50:01,234 - INFO - timeseries_processing.py:120 -     Filtering items with native UTM EPSG:32634
2025-08-30 19:50:01,234 - INFO - timeseries_processing.py:122 -     20 Items in EPSG:32634
2025-08-30 19:50:01,234 - INFO - timeseries_processing.py:129 -                        
2025-08-30 19:50:01,234 - INFO - timeseries_processing.py:130 -     Loading parameters:
2025-08-30 19:50:01,234 - INFO - timeseries_processing.py:131 -         Bands: ['B05', 'B07', 'B8A', 'SCL']
2025-08-30 19:50:01,234 - INFO - timeseries_processing.py:132 -         Spatial resolution: 20
2025-08-30 19:50:01,234 - INFO - timeseries_processing.py:134 -         Get Assets from STAC Items
2025-08-30 19:50:01,234 - INFO - timeseries_processing.py:47 -         Initialize the STAC client
2025-08-30 19:50:01,860 - INFO - timeseries_processing.py:137 -         Loading 20 STAC Items....
2025-08-30 19:51:23,665 - INFO - timeseries_processing.py:146 -         Cube has been downloaded
2025-08-30 19:51:23,665 - INFO - timeseries_processing.py:156 -         Fix order of dimensions
2025-08-30 19:51:23,666 - INFO - timeseries_processing.py:161 -         Append bands to the band-list of EPSG:32634
2025-08-30 19:51:23,667 - INFO - timeseries_processing.py:129 -                        
2025-08-30 19:51:23,667 - INFO - timeseries_processing.py:130 -     Loading parameters:
2025-08-30 19:51:23,667 - INFO - timeseries_processing.py:131 -         Bands: ['B02', 'B03', 'B04']
2025-08-30 19:51:23,668 - INFO - timeseries_processing.py:132 -         Spatial resolution: 10
2025-08-30 19:51:23,668 - INFO - timeseries_processing.py:134 -         Get Assets from STAC Items
2025-08-30 19:51:23,671 - INFO - timeseries_processing.py:47 -         Initialize the STAC client
2025-08-30 19:51:24,222 - INFO - timeseries_processing.py:137 -         Loading 20 STAC Items....
2025-08-30 19:55:10,176 - INFO - timeseries_processing.py:146 -         Cube has been downloaded
2025-08-30 19:55:10,176 - INFO - timeseries_processing.py:149 -         Reproject to downsample 10m bands to 20m by Resampling.average 2x2 binning and shape matching with odc.geo.GeoBox
2025-08-30 19:55:23,888 - INFO - timeseries_processing.py:161 -         Append bands to the band-list of EPSG:32634
2025-08-30 19:55:23,888 - INFO - timeseries_processing.py:165 -                        
2025-08-30 19:55:23,888 - INFO - timeseries_processing.py:166 -     Merging bands in a single dataset
2025-08-30 19:55:23,888 - INFO - timeseries_processing.py:167 -     Ensure all partial datasets are at (x=20, y=-20) resolution
2025-08-30 19:55:23,889 - INFO - timeseries_processing.py:171 -     Clip to the intersection of indexes
2025-08-30 19:55:24,892 - INFO - timeseries_processing.py:180 -     Make a list of bands to merge
2025-08-30 19:55:24,893 - INFO - timeseries_processing.py:184 -     Merge on intersection
2025-08-30 19:55:24,894 - INFO - timeseries_processing.py:192 -     Apply masks on clouds, shadows, thin cirrus, and snow/ice
2025-08-30 19:55:24,894 - INFO - sentinel2.py:122 -                Masking bits: [3, 7, 8, 9, 10, 11]
2025-08-30 19:55:25,996 - INFO - composites.py:307 - Reproject from UTM Zone to Tile geometry -> CRS(EPSG:32634), Resampling.bilinear
2025-08-30 19:55:32,186 - INFO - composites.py:310 -     New shape of datasets: Shape2d(x=2400, y=2400)
2025-08-30 19:55:33,070 - INFO - composites.py:329 - Scale SR to Sen2Cor Baseline 4.00 - Subtract 1000 in dates post 2022-01-25
2025-08-30 19:55:34,404 - INFO - composites.py:342 - Creating preview plot of input scenes
2025-08-30 19:56:06,183 - INFO - timeseries_processing.py:349 - Saved preview for 'B04' to //nas-rs.topo.auth.gr/Latomeia/DROUGHT/composites/x10/y08/2023/01/01/S2L2A_medcomp_x10y08_202301_InDataPreview.jpeg
2025-08-30 19:56:06,189 - INFO - composites.py:348 - Clip value range
2025-08-30 19:56:08,029 - INFO - composites.py:353 -                           
2025-08-30 19:56:08,030 - INFO - composites.py:354 - Computing spectral indices:
2025-08-30 19:56:08,030 - INFO - composites.py:357 -     EVI...
2025-08-30 19:56:09,109 - INFO - composites.py:359 -     NDVI...
2025-08-30 19:56:09,496 - INFO - composites.py:361 -     PSRI2...
2025-08-30 19:56:09,771 - INFO - composites.py:364 - Clip to typical value range
2025-08-30 19:56:10,108 - INFO - composites.py:371 - Reducing to median value temporal composite
2025-08-30 19:56:37,010 - INFO - composites.py:390 - Scale and Define data types & nodata per band
2025-08-30 19:56:37,130 - INFO - composites.py:411 - Assign time range and tile ID in metadata
2025-08-30 19:56:37,131 - INFO - composites.py:419 - Write bands to raster COG files
2025-08-30 19:56:40,969 - INFO - composites.py:432 - Write B02 -> //nas-rs.topo.auth.gr/Latomeia/DROUGHT/composites/x10/y08/2023/01/01/S2L2A_medcomp_x10y08_202301_B02.tif
2025-08-30 19:56:44,889 - INFO - composites.py:432 - Write B03 -> //nas-rs.topo.auth.gr/Latomeia/DROUGHT/composites/x10/y08/2023/01/01/S2L2A_medcomp_x10y08_202301_B03.tif
2025-08-30 19:56:49,165 - INFO - composites.py:432 - Write B04 -> //nas-rs.topo.auth.gr/Latomeia/DROUGHT/composites/x10/y08/2023/01/01/S2L2A_medcomp_x10y08_202301_B04.tif
2025-08-30 19:56:53,129 - INFO - composites.py:432 - Write B05 -> //nas-rs.topo.auth.gr/Latomeia/DROUGHT/composites/x10/y08/2023/01/01/S2L2A_medcomp_x10y08_202301_B05.tif
2025-08-30 19:56:57,092 - INFO - composites.py:432 - Write B07 -> //nas-rs.topo.auth.gr/Latomeia/DROUGHT/composites/x10/y08/2023/01/01/S2L2A_medcomp_x10y08_202301_B07.tif
2025-08-30 19:57:01,024 - INFO - composites.py:432 - Write B8A -> //nas-rs.topo.auth.gr/Latomeia/DROUGHT/composites/x10/y08/2023/01/01/S2L2A_medcomp_x10y08_202301_B8A.tif
2025-08-30 19:57:04,911 - INFO - composites.py:432 - Write EVI -> //nas-rs.topo.auth.gr/Latomeia/DROUGHT/composites/x10/y08/2023/01/01/S2L2A_medcomp_x10y08_202301_EVI.tif
2025-08-30 19:57:08,790 - INFO - composites.py:432 - Write NDVI -> //nas-rs.topo.auth.gr/Latomeia/DROUGHT/composites/x10/y08/2023/01/01/S2L2A_medcomp_x10y08_202301_NDVI.tif
2025-08-30 19:57:12,557 - INFO - composites.py:432 - Write PSRI2 -> //nas-rs.topo.auth.gr/Latomeia/DROUGHT/composites/x10/y08/2023/01/01/S2L2A_medcomp_x10y08_202301_PSRI2.tif
2025-08-30 19:57:12,576 - INFO - composites.py:436 - Prepare metadata YAML document
2025-08-30 19:57:13,085 - INFO - composites.py:458 - Write metadata YAML document to disk
2025-08-30 19:57:13,123 - INFO - composites.py:463 - Create datacube.model.Dataset from eo3 metadata
2025-08-30 19:57:13,134 - INFO - composites.py:476 - Index to datacube
2025-08-30 19:57:13,134 - INFO - _datasets.py:191 - Indexing 592c742d-bc27-4fb2-92a2-f11d6d34373b
2025-08-30 19:57:13,143 - INFO - composites.py:479 - 
2025-08-30 19:57:13,143 - INFO - composites.py:480 -              ✔✔✔ COMPLETED: Tile x10_y08 | Time: 2023-01 | In 9.31 minutes
2025-08-30 19:57:13,143 - INFO - composites.py:481 - 
2025-08-30 19:57:13,143 - INFO - composites.py:489 - Closing Dask client
2025-08-30 19:57:13,161 - INFO - composites.py:493 - Closing Dask cluster
2025-08-30 19:57:13,162 - INFO - composites.py:494 - #######################################################################
