2025-09-01 22:26:35,248 - INFO - composites.py:102 - #######################################################################
2025-09-01 22:26:35,248 - INFO - composites.py:104 - Processing started
2025-09-01 22:26:35,248 - INFO - composites.py:105 -         Tile: x12_y12
2025-09-01 22:26:35,248 - INFO - composites.py:106 -         Time: 2024-04
2025-09-01 22:26:35,248 - INFO - composites.py:109 -                           
2025-09-01 22:26:35,249 - INFO - composites.py:110 - Establishing connection to datacube
2025-09-01 22:26:35,770 - INFO - composites.py:113 -                           
2025-09-01 22:26:35,770 - INFO - composites.py:114 - Sanity test: Check if dataset already exists in the datacube
2025-09-01 22:26:35,792 - INFO - composites.py:133 - The composite requested was not found and it will be computed
2025-09-01 22:26:35,793 - INFO - composites.py:136 -                                  
2025-09-01 22:26:35,793 - INFO - composites.py:137 - Initializing Dask cluster for parallelization
2025-09-01 22:26:41,004 - INFO - composites.py:161 - Dask dashboard is available at: http://127.0.0.1:8787/status
2025-09-01 22:26:41,004 - INFO - composites.py:164 - Create directories and naming conversions
2025-09-01 22:26:41,016 - INFO - composites.py:177 - Dataset location: //nas-rs.topo.auth.gr/Latomeia/DROUGHT/composites/x12/y12/2024/04/01
2025-09-01 22:26:41,016 - INFO - composites.py:180 -                           
2025-09-01 22:26:41,016 - INFO - composites.py:181 - Retrieve tile geometry
2025-09-01 22:26:41,045 - INFO - composites.py:192 - Create the Bounding Box (φ,λ)
2025-09-01 22:26:41,045 - INFO - composites.py:198 - Create the Bounding Box (x,y)
2025-09-01 22:26:41,046 - INFO - composites.py:211 -                           
2025-09-01 22:26:41,046 - INFO - composites.py:212 - Connect to Planetary Computer STAC Catalog
2025-09-01 22:26:41,327 - INFO - composites.py:220 - Search the STAC Catalog
2025-09-01 22:26:41,399 - INFO - composites.py:232 -         Query parameters:
2025-09-01 22:26:41,399 - INFO - composites.py:233 -             url:          https://planetarycomputer.microsoft.com/api/stac/v1/search
2025-09-01 22:26:41,399 - INFO - composites.py:234 -             client:       microsoft-pc
2025-09-01 22:26:41,399 - INFO - composites.py:235 -             collection:   sentinel-2-l2a
2025-09-01 22:26:41,399 - INFO - composites.py:236 -             bbox:         (23.716312541714892, 38.42057868621947, 24.399215341225577, 38.9773418780241)
2025-09-01 22:26:41,399 - INFO - composites.py:237 -             time range:   2024-04-01T00:00:00Z/2024-04-30T23:59:59Z
2025-09-01 22:26:41,399 - INFO - composites.py:238 -             cloud cover:  0% - 70%
2025-09-01 22:26:41,399 - INFO - composites.py:239 -             nodata cover: 0% - 33%
2025-09-01 22:26:41,399 - INFO - composites.py:241 -                           
2025-09-01 22:26:41,399 - INFO - composites.py:242 - Searching...
2025-09-01 22:26:41,832 - INFO - composites.py:245 - Query found 20 items
2025-09-01 22:26:41,832 - INFO - composites.py:247 - Searching for GRI REFINED scenes:
2025-09-01 22:26:48,065 - INFO - sentinel2.py:78 - 1/20 - S2A_MSIL2A_20240429T090601_R050_T35SKD_20240429T141311 -> REFINED
2025-09-01 22:26:53,793 - INFO - sentinel2.py:78 - 2/20 - S2A_MSIL2A_20240429T090601_R050_T35SKC_20240429T141313 -> REFINED
2025-09-01 22:26:58,769 - INFO - sentinel2.py:78 - 3/20 - S2A_MSIL2A_20240429T090601_R050_T34SGJ_20240429T141310 -> REFINED
2025-09-01 22:27:04,622 - INFO - sentinel2.py:78 - 4/20 - S2A_MSIL2A_20240429T090601_R050_T34SGH_20240429T141313 -> REFINED
2025-09-01 22:27:10,722 - INFO - sentinel2.py:78 - 5/20 - S2A_MSIL2A_20240419T090601_R050_T35SKD_20240419T142728 -> REFINED
2025-09-01 22:27:16,856 - INFO - sentinel2.py:78 - 6/20 - S2A_MSIL2A_20240419T090601_R050_T35SKC_20240419T142734 -> REFINED
2025-09-01 22:27:22,992 - INFO - sentinel2.py:78 - 7/20 - S2A_MSIL2A_20240419T090601_R050_T34SGJ_20240419T142909 -> REFINED
2025-09-01 22:27:28,881 - INFO - sentinel2.py:78 - 8/20 - S2A_MSIL2A_20240419T090601_R050_T34SGH_20240419T142734 -> REFINED
2025-09-01 22:27:35,092 - INFO - sentinel2.py:78 - 9/20 - S2B_MSIL2A_20240414T090559_R050_T35SKD_20240414T121446 -> REFINED
2025-09-01 22:27:40,381 - INFO - sentinel2.py:78 - 10/20 - S2B_MSIL2A_20240414T090559_R050_T35SKC_20240414T121448 -> REFINED
2025-09-01 22:27:46,218 - INFO - sentinel2.py:78 - 11/20 - S2B_MSIL2A_20240414T090559_R050_T34SGJ_20240414T121445 -> REFINED
2025-09-01 22:27:52,383 - INFO - sentinel2.py:78 - 12/20 - S2B_MSIL2A_20240414T090559_R050_T34SGH_20240414T121545 -> REFINED
2025-09-01 22:27:57,840 - INFO - sentinel2.py:78 - 13/20 - S2A_MSIL2A_20240409T090551_R050_T35SKD_20240410T184419 -> REFINED
2025-09-01 22:28:03,293 - INFO - sentinel2.py:78 - 14/20 - S2A_MSIL2A_20240409T090551_R050_T35SKC_20240410T183940 -> REFINED
2025-09-01 22:28:08,565 - INFO - sentinel2.py:78 - 15/20 - S2A_MSIL2A_20240409T090551_R050_T34SGJ_20240410T184415 -> REFINED
2025-09-01 22:28:14,632 - INFO - sentinel2.py:78 - 16/20 - S2A_MSIL2A_20240409T090551_R050_T34SGH_20240410T182831 -> REFINED
2025-09-01 22:28:20,855 - INFO - sentinel2.py:78 - 17/20 - S2B_MSIL2A_20240404T090549_R050_T35SKD_20240404T145354 -> REFINED
2025-09-01 22:28:26,643 - INFO - sentinel2.py:78 - 18/20 - S2B_MSIL2A_20240404T090549_R050_T35SKC_20240404T144824 -> REFINED
2025-09-01 22:28:32,873 - INFO - sentinel2.py:78 - 19/20 - S2B_MSIL2A_20240404T090549_R050_T34SGJ_20240404T141542 -> REFINED
2025-09-01 22:28:38,360 - INFO - sentinel2.py:78 - 20/20 - S2B_MSIL2A_20240404T090549_R050_T34SGH_20240404T135840 -> REFINED
2025-09-01 22:28:38,414 - INFO - composites.py:250 -                                  
2025-09-01 22:28:38,432 - INFO - composites.py:251 - 20/20 were refined by GRI.
2025-09-01 22:28:38,439 - INFO - composites.py:263 - Looking for up to 10 cleanest images within spatiotemporal range of each MGRS tile
2025-09-01 22:28:38,439 - INFO - composites.py:277 - Filtered cleanest scenes: Kept 20 out of 20 items. 
2025-09-01 22:28:38,440 - INFO - composites.py:278 -         Included MGRS Tiles: ['34SGH' '34SGJ' '35SKC' '35SKD']
2025-09-01 22:28:38,440 - INFO - composites.py:279 -         Included EPSG codes: [32634 32635]
2025-09-01 22:28:38,440 - INFO - composites.py:281 - Selected scenes:
2025-09-01 22:28:38,440 - INFO - composites.py:283 -         S2A_MSIL2A_20240409T090551_R050_T34SGH_20240410T182831
2025-09-01 22:28:38,441 - INFO - composites.py:283 -         S2B_MSIL2A_20240414T090559_R050_T34SGH_20240414T121545
2025-09-01 22:28:38,441 - INFO - composites.py:283 -         S2A_MSIL2A_20240429T090601_R050_T34SGH_20240429T141313
2025-09-01 22:28:38,445 - INFO - composites.py:283 -         S2A_MSIL2A_20240419T090601_R050_T34SGH_20240419T142734
2025-09-01 22:28:38,446 - INFO - composites.py:283 -         S2B_MSIL2A_20240404T090549_R050_T34SGH_20240404T135840
2025-09-01 22:28:38,446 - INFO - composites.py:283 -         S2A_MSIL2A_20240409T090551_R050_T34SGJ_20240410T184415
2025-09-01 22:28:38,446 - INFO - composites.py:283 -         S2B_MSIL2A_20240414T090559_R050_T34SGJ_20240414T121445
2025-09-01 22:28:38,446 - INFO - composites.py:283 -         S2A_MSIL2A_20240429T090601_R050_T34SGJ_20240429T141310
2025-09-01 22:28:38,446 - INFO - composites.py:283 -         S2A_MSIL2A_20240419T090601_R050_T34SGJ_20240419T142909
2025-09-01 22:28:38,446 - INFO - composites.py:283 -         S2B_MSIL2A_20240404T090549_R050_T34SGJ_20240404T141542
2025-09-01 22:28:38,446 - INFO - composites.py:283 -         S2A_MSIL2A_20240409T090551_R050_T35SKC_20240410T183940
2025-09-01 22:28:38,446 - INFO - composites.py:283 -         S2B_MSIL2A_20240414T090559_R050_T35SKC_20240414T121448
2025-09-01 22:28:38,446 - INFO - composites.py:283 -         S2A_MSIL2A_20240429T090601_R050_T35SKC_20240429T141313
2025-09-01 22:28:38,446 - INFO - composites.py:283 -         S2A_MSIL2A_20240419T090601_R050_T35SKC_20240419T142734
2025-09-01 22:28:38,446 - INFO - composites.py:283 -         S2B_MSIL2A_20240404T090549_R050_T35SKC_20240404T144824
2025-09-01 22:28:38,446 - INFO - composites.py:283 -         S2B_MSIL2A_20240414T090559_R050_T35SKD_20240414T121446
2025-09-01 22:28:38,446 - INFO - composites.py:283 -         S2A_MSIL2A_20240409T090551_R050_T35SKD_20240410T184419
2025-09-01 22:28:38,446 - INFO - composites.py:283 -         S2A_MSIL2A_20240429T090601_R050_T35SKD_20240429T141311
2025-09-01 22:28:38,446 - INFO - composites.py:283 -         S2A_MSIL2A_20240419T090601_R050_T35SKD_20240419T142728
2025-09-01 22:28:38,446 - INFO - composites.py:283 -         S2B_MSIL2A_20240404T090549_R050_T35SKD_20240404T145354
2025-09-01 22:28:38,806 - INFO - sentinel2.py:154 - Matplotlib backend: Agg
2025-09-01 22:28:39,144 - INFO - sentinel2.py:224 - Write input scenes footprint overlay: //nas-rs.topo.auth.gr/Latomeia/DROUGHT/composites/x12/y12/2024/04/01/S2L2A_medcomp_x12y12_202404_InDataFootprint.jpeg
2025-09-01 22:28:39,465 - INFO - composites.py:297 -                                  
2025-09-01 22:28:39,466 - INFO - composites.py:298 - Downstream STAC items from Planetary Computer
2025-09-01 22:28:39,466 - INFO - timeseries_processing.py:115 -                                  
2025-09-01 22:28:39,466 - INFO - timeseries_processing.py:116 - Loading bands of diferent resolutions in EPSG:32634
2025-09-01 22:28:39,466 - INFO - timeseries_processing.py:120 -     Filtering items with native UTM EPSG:32634
2025-09-01 22:28:39,466 - INFO - timeseries_processing.py:122 -     10 Items in EPSG:32634
2025-09-01 22:28:39,466 - INFO - timeseries_processing.py:129 -                        
2025-09-01 22:28:39,466 - INFO - timeseries_processing.py:130 -     Loading parameters:
2025-09-01 22:28:39,466 - INFO - timeseries_processing.py:131 -         Bands: ['B05', 'B07', 'B8A', 'SCL']
2025-09-01 22:28:39,466 - INFO - timeseries_processing.py:132 -         Spatial resolution: 20
2025-09-01 22:28:39,466 - INFO - timeseries_processing.py:134 -         Get Assets from STAC Items
2025-09-01 22:28:39,466 - INFO - timeseries_processing.py:47 -         Initialize the STAC client
2025-09-01 22:28:40,043 - INFO - timeseries_processing.py:137 -         Loading 10 STAC Items....
2025-09-01 22:29:46,646 - INFO - timeseries_processing.py:146 -         Cube has been downloaded
2025-09-01 22:29:46,646 - INFO - timeseries_processing.py:156 -         Fix order of dimensions
2025-09-01 22:29:46,649 - INFO - timeseries_processing.py:161 -         Append bands to the band-list of EPSG:32634
2025-09-01 22:29:46,649 - INFO - timeseries_processing.py:129 -                        
2025-09-01 22:29:46,649 - INFO - timeseries_processing.py:130 -     Loading parameters:
2025-09-01 22:29:46,650 - INFO - timeseries_processing.py:131 -         Bands: ['B02', 'B03', 'B04']
2025-09-01 22:29:46,650 - INFO - timeseries_processing.py:132 -         Spatial resolution: 10
2025-09-01 22:29:46,650 - INFO - timeseries_processing.py:134 -         Get Assets from STAC Items
2025-09-01 22:29:46,650 - INFO - timeseries_processing.py:47 -         Initialize the STAC client
2025-09-01 22:29:47,172 - INFO - timeseries_processing.py:137 -         Loading 10 STAC Items....
2025-09-01 22:32:11,440 - INFO - timeseries_processing.py:146 -         Cube has been downloaded
2025-09-01 22:32:11,440 - INFO - timeseries_processing.py:149 -         Reproject to downsample 10m bands to 20m by Resampling.average 2x2 binning and shape matching with odc.geo.GeoBox
2025-09-01 22:32:19,781 - INFO - timeseries_processing.py:161 -         Append bands to the band-list of EPSG:32634
2025-09-01 22:32:19,781 - INFO - timeseries_processing.py:165 -                        
2025-09-01 22:32:19,781 - INFO - timeseries_processing.py:166 -     Merging bands in a single dataset
2025-09-01 22:32:19,781 - INFO - timeseries_processing.py:167 -     Ensure all partial datasets are at (x=20, y=-20) resolution
2025-09-01 22:32:19,783 - INFO - timeseries_processing.py:171 -     Clip to the intersection of indexes
2025-09-01 22:32:21,047 - INFO - timeseries_processing.py:180 -     Make a list of bands to merge
2025-09-01 22:32:21,048 - INFO - timeseries_processing.py:184 -     Merge on intersection
2025-09-01 22:32:21,048 - INFO - timeseries_processing.py:192 -     Apply masks on clouds, shadows, thin cirrus, and snow/ice
2025-09-01 22:32:21,048 - INFO - sentinel2.py:122 -                Masking bits: [3, 7, 8, 9, 10, 11]
2025-09-01 22:32:21,683 - INFO - timeseries_processing.py:115 -                                  
2025-09-01 22:32:21,683 - INFO - timeseries_processing.py:116 - Loading bands of diferent resolutions in EPSG:32635
2025-09-01 22:32:21,683 - INFO - timeseries_processing.py:120 -     Filtering items with native UTM EPSG:32635
2025-09-01 22:32:21,683 - INFO - timeseries_processing.py:122 -     10 Items in EPSG:32635
2025-09-01 22:32:21,683 - INFO - timeseries_processing.py:129 -                        
2025-09-01 22:32:21,683 - INFO - timeseries_processing.py:130 -     Loading parameters:
2025-09-01 22:32:21,683 - INFO - timeseries_processing.py:131 -         Bands: ['B05', 'B07', 'B8A', 'SCL']
2025-09-01 22:32:21,683 - INFO - timeseries_processing.py:132 -         Spatial resolution: 20
2025-09-01 22:32:21,683 - INFO - timeseries_processing.py:134 -         Get Assets from STAC Items
2025-09-01 22:32:21,683 - INFO - timeseries_processing.py:47 -         Initialize the STAC client
2025-09-01 22:32:22,173 - INFO - timeseries_processing.py:137 -         Loading 10 STAC Items....
2025-09-01 22:33:22,535 - INFO - timeseries_processing.py:146 -         Cube has been downloaded
2025-09-01 22:33:22,535 - INFO - timeseries_processing.py:156 -         Fix order of dimensions
2025-09-01 22:33:22,536 - INFO - timeseries_processing.py:161 -         Append bands to the band-list of EPSG:32635
2025-09-01 22:33:22,536 - INFO - timeseries_processing.py:129 -                        
2025-09-01 22:33:22,536 - INFO - timeseries_processing.py:130 -     Loading parameters:
2025-09-01 22:33:22,536 - INFO - timeseries_processing.py:131 -         Bands: ['B02', 'B03', 'B04']
2025-09-01 22:33:22,537 - INFO - timeseries_processing.py:132 -         Spatial resolution: 10
2025-09-01 22:33:22,537 - INFO - timeseries_processing.py:134 -         Get Assets from STAC Items
2025-09-01 22:33:22,537 - INFO - timeseries_processing.py:47 -         Initialize the STAC client
2025-09-01 22:33:23,096 - INFO - timeseries_processing.py:137 -         Loading 10 STAC Items....
2025-09-01 22:35:35,626 - INFO - timeseries_processing.py:146 -         Cube has been downloaded
2025-09-01 22:35:35,626 - INFO - timeseries_processing.py:149 -         Reproject to downsample 10m bands to 20m by Resampling.average 2x2 binning and shape matching with odc.geo.GeoBox
2025-09-01 22:35:43,822 - INFO - timeseries_processing.py:161 -         Append bands to the band-list of EPSG:32635
2025-09-01 22:35:43,822 - INFO - timeseries_processing.py:165 -                        
2025-09-01 22:35:43,822 - INFO - timeseries_processing.py:166 -     Merging bands in a single dataset
2025-09-01 22:35:43,822 - INFO - timeseries_processing.py:167 -     Ensure all partial datasets are at (x=20, y=-20) resolution
2025-09-01 22:35:43,823 - INFO - timeseries_processing.py:171 -     Clip to the intersection of indexes
2025-09-01 22:35:43,824 - INFO - timeseries_processing.py:180 -     Make a list of bands to merge
2025-09-01 22:35:43,824 - INFO - timeseries_processing.py:184 -     Merge on intersection
2025-09-01 22:35:43,826 - INFO - timeseries_processing.py:192 -     Apply masks on clouds, shadows, thin cirrus, and snow/ice
2025-09-01 22:35:43,826 - INFO - sentinel2.py:122 -                Masking bits: [3, 7, 8, 9, 10, 11]
2025-09-01 22:35:44,465 - INFO - composites.py:307 - Reproject from UTM Zone to Tile geometry -> CRS(EPSG:32635), Resampling.bilinear
2025-09-01 22:35:51,460 - INFO - composites.py:310 -     New shape of datasets: Shape2d(x=2400, y=2400)
2025-09-01 22:35:51,706 - INFO - composites.py:315 -                           
2025-09-01 22:35:51,706 - INFO - composites.py:316 - Mosaic datasets to a single dataset
2025-09-01 22:35:55,933 - INFO - composites.py:329 - Scale SR to Sen2Cor Baseline 4.00 - Subtract 1000 in dates post 2022-01-25
2025-09-01 22:35:56,724 - INFO - composites.py:342 - Creating preview plot of input scenes
2025-09-01 22:36:20,864 - INFO - timeseries_processing.py:349 - Saved preview for 'B04' to //nas-rs.topo.auth.gr/Latomeia/DROUGHT/composites/x12/y12/2024/04/01/S2L2A_medcomp_x12y12_202404_InDataPreview.jpeg
2025-09-01 22:36:20,867 - INFO - composites.py:348 - Clip value range
2025-09-01 22:36:21,907 - INFO - composites.py:353 -                           
2025-09-01 22:36:21,907 - INFO - composites.py:354 - Computing spectral indices:
2025-09-01 22:36:21,907 - INFO - composites.py:357 -     EVI...
2025-09-01 22:36:22,499 - INFO - composites.py:359 -     NDVI...
2025-09-01 22:36:22,795 - INFO - composites.py:361 -     PSRI2...
2025-09-01 22:36:22,934 - INFO - composites.py:364 - Clip to typical value range
2025-09-01 22:36:23,109 - INFO - composites.py:371 - Reducing to median value temporal composite
2025-09-01 22:36:46,873 - INFO - composites.py:390 - Scale and Define data types & nodata per band
2025-09-01 22:36:47,008 - INFO - composites.py:411 - Assign time range and tile ID in metadata
2025-09-01 22:36:47,009 - INFO - composites.py:419 - Write bands to raster COG files
2025-09-01 22:36:50,863 - INFO - composites.py:432 - Write B02 -> //nas-rs.topo.auth.gr/Latomeia/DROUGHT/composites/x12/y12/2024/04/01/S2L2A_medcomp_x12y12_202404_B02.tif
2025-09-01 22:36:54,769 - INFO - composites.py:432 - Write B03 -> //nas-rs.topo.auth.gr/Latomeia/DROUGHT/composites/x12/y12/2024/04/01/S2L2A_medcomp_x12y12_202404_B03.tif
2025-09-01 22:36:58,686 - INFO - composites.py:432 - Write B04 -> //nas-rs.topo.auth.gr/Latomeia/DROUGHT/composites/x12/y12/2024/04/01/S2L2A_medcomp_x12y12_202404_B04.tif
2025-09-01 22:37:02,607 - INFO - composites.py:432 - Write B05 -> //nas-rs.topo.auth.gr/Latomeia/DROUGHT/composites/x12/y12/2024/04/01/S2L2A_medcomp_x12y12_202404_B05.tif
2025-09-01 22:37:07,120 - INFO - composites.py:432 - Write B07 -> //nas-rs.topo.auth.gr/Latomeia/DROUGHT/composites/x12/y12/2024/04/01/S2L2A_medcomp_x12y12_202404_B07.tif
2025-09-01 22:37:11,115 - INFO - composites.py:432 - Write B8A -> //nas-rs.topo.auth.gr/Latomeia/DROUGHT/composites/x12/y12/2024/04/01/S2L2A_medcomp_x12y12_202404_B8A.tif
2025-09-01 22:37:14,967 - INFO - composites.py:432 - Write EVI -> //nas-rs.topo.auth.gr/Latomeia/DROUGHT/composites/x12/y12/2024/04/01/S2L2A_medcomp_x12y12_202404_EVI.tif
2025-09-01 22:37:18,887 - INFO - composites.py:432 - Write NDVI -> //nas-rs.topo.auth.gr/Latomeia/DROUGHT/composites/x12/y12/2024/04/01/S2L2A_medcomp_x12y12_202404_NDVI.tif
2025-09-01 22:37:22,794 - INFO - composites.py:432 - Write PSRI2 -> //nas-rs.topo.auth.gr/Latomeia/DROUGHT/composites/x12/y12/2024/04/01/S2L2A_medcomp_x12y12_202404_PSRI2.tif
2025-09-01 22:37:22,804 - INFO - composites.py:436 - Prepare metadata YAML document
2025-09-01 22:37:23,474 - INFO - composites.py:458 - Write metadata YAML document to disk
2025-09-01 22:37:23,505 - INFO - composites.py:463 - Create datacube.model.Dataset from eo3 metadata
2025-09-01 22:37:23,517 - INFO - composites.py:476 - Index to datacube
2025-09-01 22:37:23,517 - INFO - _datasets.py:191 - Indexing abe38222-3c5f-4364-9fe8-06fd08547cb0
2025-09-01 22:37:23,525 - INFO - composites.py:479 - 
2025-09-01 22:37:23,525 - INFO - composites.py:480 -              ✔✔✔ COMPLETED: Tile x12_y12 | Time: 2024-04 | In 10.8 minutes
2025-09-01 22:37:23,525 - INFO - composites.py:481 - 
2025-09-01 22:37:23,525 - INFO - composites.py:489 - Closing Dask client
2025-09-01 22:37:23,527 - INFO - composites.py:493 - Closing Dask cluster
2025-09-01 22:37:23,527 - INFO - composites.py:494 - #######################################################################
