2025-08-30 22:42:00,683 - INFO - composites.py:102 - #######################################################################
2025-08-30 22:42:00,684 - INFO - composites.py:104 - Processing started
2025-08-30 22:42:00,684 - INFO - composites.py:105 -         Tile: x10_y10
2025-08-30 22:42:00,684 - INFO - composites.py:106 -         Time: 2023-02
2025-08-30 22:42:00,684 - INFO - composites.py:109 -                           
2025-08-30 22:42:00,684 - INFO - composites.py:110 - Establishing connection to datacube
2025-08-30 22:42:01,220 - INFO - composites.py:113 -                           
2025-08-30 22:42:01,220 - INFO - composites.py:114 - Sanity test: Check if dataset already exists in the datacube
2025-08-30 22:42:01,238 - INFO - composites.py:133 - The composite requested was not found and it will be computed
2025-08-30 22:42:01,238 - INFO - composites.py:136 -                                  
2025-08-30 22:42:01,238 - INFO - composites.py:137 - Initializing Dask cluster for parallelization
2025-08-30 22:42:06,248 - INFO - composites.py:161 - Dask dashboard is available at: http://127.0.0.1:8787/status
2025-08-30 22:42:06,248 - INFO - composites.py:164 - Create directories and naming conversions
2025-08-30 22:42:06,262 - INFO - composites.py:177 - Dataset location: //nas-rs.topo.auth.gr/Latomeia/DROUGHT/composites/x10/y10/2023/02/01
2025-08-30 22:42:06,262 - INFO - composites.py:180 -                           
2025-08-30 22:42:06,262 - INFO - composites.py:181 - Retrieve tile geometry
2025-08-30 22:42:06,290 - INFO - composites.py:192 - Create the Bounding Box (φ,λ)
2025-08-30 22:42:06,290 - INFO - composites.py:198 - Create the Bounding Box (x,y)
2025-08-30 22:42:06,291 - INFO - composites.py:211 -                           
2025-08-30 22:42:06,291 - INFO - composites.py:212 - Connect to Planetary Computer STAC Catalog
2025-08-30 22:42:06,496 - INFO - composites.py:220 - Search the STAC Catalog
2025-08-30 22:42:06,564 - INFO - composites.py:232 -         Query parameters:
2025-08-30 22:42:06,564 - INFO - composites.py:233 -             url:          https://planetarycomputer.microsoft.com/api/stac/v1/search
2025-08-30 22:42:06,564 - INFO - composites.py:234 -             client:       microsoft-pc
2025-08-30 22:42:06,564 - INFO - composites.py:235 -             collection:   sentinel-2-l2a
2025-08-30 22:42:06,564 - INFO - composites.py:236 -             bbox:         (22.471633479946853, 37.72008040922633, 23.140477503527134, 38.27146676750315)
2025-08-30 22:42:06,564 - INFO - composites.py:237 -             time range:   2023-02-01T00:00:00Z/2023-02-28T23:59:59Z
2025-08-30 22:42:06,564 - INFO - composites.py:238 -             cloud cover:  0% - 70%
2025-08-30 22:42:06,564 - INFO - composites.py:239 -             nodata cover: 0% - 33%
2025-08-30 22:42:06,564 - INFO - composites.py:241 -                           
2025-08-30 22:42:06,564 - INFO - composites.py:242 - Searching...
2025-08-30 22:42:07,007 - INFO - composites.py:245 - Query found 19 items
2025-08-30 22:42:07,007 - INFO - composites.py:247 - Searching for GRI REFINED scenes:
2025-08-30 22:42:11,665 - INFO - sentinel2.py:78 - 1/19 - S2A_MSIL2A_20230227T092031_R093_T34SFG_20240822T230201 -> REFINED
2025-08-30 22:42:16,115 - INFO - sentinel2.py:78 - 2/19 - S2A_MSIL2A_20230227T092031_R093_T34SFG_20230228T132355 -> REFINED
2025-08-30 22:42:20,938 - INFO - sentinel2.py:78 - 3/19 - S2A_MSIL2A_20230224T090941_R050_T34SFG_20230227T104632 -> REFINED
2025-08-30 22:42:26,137 - INFO - sentinel2.py:78 - 4/19 - S2B_MSIL2A_20230222T092029_R093_T34SFH_20230226T135702 -> REFINED
2025-08-30 22:42:31,412 - INFO - sentinel2.py:78 - 5/19 - S2B_MSIL2A_20230222T092029_R093_T34SFG_20230223T102723 -> REFINED
2025-08-30 22:42:36,396 - INFO - sentinel2.py:78 - 6/19 - S2B_MSIL2A_20230219T091019_R050_T34SFG_20230220T130135 -> REFINED
2025-08-30 22:42:40,676 - INFO - sentinel2.py:78 - 7/19 - S2A_MSIL2A_20230217T092041_R093_T34SFH_20240819T131825 -> REFINED
2025-08-30 22:42:45,078 - INFO - sentinel2.py:78 - 8/19 - S2A_MSIL2A_20230217T092041_R093_T34SFH_20230218T051246 -> REFINED
2025-08-30 22:42:51,051 - INFO - sentinel2.py:78 - 9/19 - S2A_MSIL2A_20230217T092041_R093_T34SFG_20230218T054949 -> REFINED
2025-08-30 22:42:56,010 - INFO - sentinel2.py:78 - 10/19 - S2A_MSIL2A_20230214T091051_R050_T34SFG_20240814T203653 -> REFINED
2025-08-30 22:43:01,550 - INFO - sentinel2.py:78 - 11/19 - S2A_MSIL2A_20230214T091051_R050_T34SFG_20230214T213404 -> REFINED
2025-08-30 22:43:06,403 - INFO - sentinel2.py:78 - 12/19 - S2B_MSIL2A_20230212T092029_R093_T34SFH_20240814T202852 -> REFINED
2025-08-30 22:43:11,252 - INFO - sentinel2.py:78 - 13/19 - S2B_MSIL2A_20230212T092029_R093_T34SFH_20230212T211421 -> REFINED
2025-08-30 22:43:17,251 - INFO - sentinel2.py:78 - 14/19 - S2B_MSIL2A_20230212T092029_R093_T34SFG_20240814T202852 -> REFINED
2025-08-30 22:43:22,027 - INFO - sentinel2.py:78 - 15/19 - S2B_MSIL2A_20230212T092029_R093_T34SFG_20230212T222720 -> REFINED
2025-08-30 22:43:27,400 - INFO - sentinel2.py:78 - 16/19 - S2B_MSIL2A_20230202T092109_R093_T34SFH_20240815T155145 -> REFINED
2025-08-30 22:43:32,171 - INFO - sentinel2.py:78 - 17/19 - S2B_MSIL2A_20230202T092109_R093_T34SFH_20230203T052501 -> REFINED
2025-08-30 22:43:38,024 - INFO - sentinel2.py:78 - 18/19 - S2B_MSIL2A_20230202T092109_R093_T34SFG_20240815T155145 -> REFINED
2025-08-30 22:43:43,277 - INFO - sentinel2.py:78 - 19/19 - S2B_MSIL2A_20230202T092109_R093_T34SFG_20230203T032413 -> REFINED
2025-08-30 22:43:43,313 - INFO - composites.py:250 -                                  
2025-08-30 22:43:43,314 - INFO - composites.py:251 - 19/19 were refined by GRI.
2025-08-30 22:43:43,314 - INFO - composites.py:263 - Looking for up to 10 cleanest images within spatiotemporal range of each MGRS tile
2025-08-30 22:43:43,334 - INFO - composites.py:277 - Filtered cleanest scenes: Kept 17 out of 19 items. 
2025-08-30 22:43:43,334 - INFO - composites.py:278 -         Included MGRS Tiles: ['34SFG' '34SFH']
2025-08-30 22:43:43,334 - INFO - composites.py:279 -         Included EPSG codes: [32634]
2025-08-30 22:43:43,334 - INFO - composites.py:281 - Selected scenes:
2025-08-30 22:43:43,334 - INFO - composites.py:283 -         S2B_MSIL2A_20230222T092029_R093_T34SFG_20230223T102723
2025-08-30 22:43:43,336 - INFO - composites.py:283 -         S2B_MSIL2A_20230219T091019_R050_T34SFG_20230220T130135
2025-08-30 22:43:43,341 - INFO - composites.py:283 -         S2B_MSIL2A_20230212T092029_R093_T34SFG_20240814T202852
2025-08-30 22:43:43,341 - INFO - composites.py:283 -         S2B_MSIL2A_20230212T092029_R093_T34SFG_20230212T222720
2025-08-30 22:43:43,341 - INFO - composites.py:283 -         S2B_MSIL2A_20230202T092109_R093_T34SFG_20240815T155145
2025-08-30 22:43:43,341 - INFO - composites.py:283 -         S2B_MSIL2A_20230202T092109_R093_T34SFG_20230203T032413
2025-08-30 22:43:43,342 - INFO - composites.py:283 -         S2A_MSIL2A_20230214T091051_R050_T34SFG_20240814T203653
2025-08-30 22:43:43,342 - INFO - composites.py:283 -         S2A_MSIL2A_20230214T091051_R050_T34SFG_20230214T213404
2025-08-30 22:43:43,342 - INFO - composites.py:283 -         S2A_MSIL2A_20230217T092041_R093_T34SFG_20230218T054949
2025-08-30 22:43:43,342 - INFO - composites.py:283 -         S2A_MSIL2A_20230224T090941_R050_T34SFG_20230227T104632
2025-08-30 22:43:43,342 - INFO - composites.py:283 -         S2B_MSIL2A_20230222T092029_R093_T34SFH_20230226T135702
2025-08-30 22:43:43,342 - INFO - composites.py:283 -         S2B_MSIL2A_20230202T092109_R093_T34SFH_20240815T155145
2025-08-30 22:43:43,342 - INFO - composites.py:283 -         S2B_MSIL2A_20230202T092109_R093_T34SFH_20230203T052501
2025-08-30 22:43:43,342 - INFO - composites.py:283 -         S2B_MSIL2A_20230212T092029_R093_T34SFH_20230212T211421
2025-08-30 22:43:43,342 - INFO - composites.py:283 -         S2B_MSIL2A_20230212T092029_R093_T34SFH_20240814T202852
2025-08-30 22:43:43,342 - INFO - composites.py:283 -         S2A_MSIL2A_20230217T092041_R093_T34SFH_20230218T051246
2025-08-30 22:43:43,342 - INFO - composites.py:283 -         S2A_MSIL2A_20230217T092041_R093_T34SFH_20240819T131825
2025-08-30 22:43:43,766 - INFO - sentinel2.py:154 - Matplotlib backend: Agg
2025-08-30 22:43:44,004 - INFO - sentinel2.py:224 - Write input scenes footprint overlay: //nas-rs.topo.auth.gr/Latomeia/DROUGHT/composites/x10/y10/2023/02/01/S2L2A_medcomp_x10y10_202302_InDataFootprint.jpeg
2025-08-30 22:43:44,289 - INFO - composites.py:297 -                                  
2025-08-30 22:43:44,289 - INFO - composites.py:298 - Downstream STAC items from Planetary Computer
2025-08-30 22:43:44,290 - INFO - timeseries_processing.py:115 -                                  
2025-08-30 22:43:44,290 - INFO - timeseries_processing.py:116 - Loading bands of diferent resolutions in EPSG:32634
2025-08-30 22:43:44,290 - INFO - timeseries_processing.py:120 -     Filtering items with native UTM EPSG:32634
2025-08-30 22:43:44,290 - INFO - timeseries_processing.py:122 -     17 Items in EPSG:32634
2025-08-30 22:43:44,290 - INFO - timeseries_processing.py:129 -                        
2025-08-30 22:43:44,290 - INFO - timeseries_processing.py:130 -     Loading parameters:
2025-08-30 22:43:44,290 - INFO - timeseries_processing.py:131 -         Bands: ['B05', 'B07', 'B8A', 'SCL']
2025-08-30 22:43:44,290 - INFO - timeseries_processing.py:132 -         Spatial resolution: 20
2025-08-30 22:43:44,290 - INFO - timeseries_processing.py:134 -         Get Assets from STAC Items
2025-08-30 22:43:44,290 - INFO - timeseries_processing.py:47 -         Initialize the STAC client
2025-08-30 22:43:44,987 - INFO - timeseries_processing.py:137 -         Loading 17 STAC Items....
2025-08-30 22:46:07,844 - INFO - timeseries_processing.py:146 -         Cube has been downloaded
2025-08-30 22:46:07,844 - INFO - timeseries_processing.py:156 -         Fix order of dimensions
2025-08-30 22:46:07,845 - INFO - timeseries_processing.py:161 -         Append bands to the band-list of EPSG:32634
2025-08-30 22:46:07,845 - INFO - timeseries_processing.py:129 -                        
2025-08-30 22:46:07,847 - INFO - timeseries_processing.py:130 -     Loading parameters:
2025-08-30 22:46:07,847 - INFO - timeseries_processing.py:131 -         Bands: ['B02', 'B03', 'B04']
2025-08-30 22:46:07,847 - INFO - timeseries_processing.py:132 -         Spatial resolution: 10
2025-08-30 22:46:07,847 - INFO - timeseries_processing.py:134 -         Get Assets from STAC Items
2025-08-30 22:46:07,847 - INFO - timeseries_processing.py:47 -         Initialize the STAC client
2025-08-30 22:46:08,587 - INFO - timeseries_processing.py:137 -         Loading 17 STAC Items....
2025-08-30 22:50:17,219 - INFO - timeseries_processing.py:146 -         Cube has been downloaded
2025-08-30 22:50:17,239 - INFO - timeseries_processing.py:149 -         Reproject to downsample 10m bands to 20m by Resampling.average 2x2 binning and shape matching with odc.geo.GeoBox
2025-08-30 22:50:27,144 - INFO - timeseries_processing.py:161 -         Append bands to the band-list of EPSG:32634
2025-08-30 22:50:27,144 - INFO - timeseries_processing.py:165 -                        
2025-08-30 22:50:27,145 - INFO - timeseries_processing.py:166 -     Merging bands in a single dataset
2025-08-30 22:50:27,145 - INFO - timeseries_processing.py:167 -     Ensure all partial datasets are at (x=20, y=-20) resolution
2025-08-30 22:50:27,157 - INFO - timeseries_processing.py:171 -     Clip to the intersection of indexes
2025-08-30 22:50:28,134 - INFO - timeseries_processing.py:180 -     Make a list of bands to merge
2025-08-30 22:50:28,134 - INFO - timeseries_processing.py:184 -     Merge on intersection
2025-08-30 22:50:28,135 - INFO - timeseries_processing.py:192 -     Apply masks on clouds, shadows, thin cirrus, and snow/ice
2025-08-30 22:50:28,135 - INFO - sentinel2.py:122 -                Masking bits: [3, 7, 8, 9, 10, 11]
2025-08-30 22:50:28,994 - INFO - composites.py:307 - Reproject from UTM Zone to Tile geometry -> CRS(EPSG:32634), Resampling.bilinear
2025-08-30 22:50:33,783 - INFO - composites.py:310 -     New shape of datasets: Shape2d(x=2400, y=2400)
2025-08-30 22:50:34,422 - INFO - composites.py:329 - Scale SR to Sen2Cor Baseline 4.00 - Subtract 1000 in dates post 2022-01-25
2025-08-30 22:50:35,553 - INFO - composites.py:342 - Creating preview plot of input scenes
2025-08-30 22:51:02,384 - INFO - timeseries_processing.py:349 - Saved preview for 'B04' to //nas-rs.topo.auth.gr/Latomeia/DROUGHT/composites/x10/y10/2023/02/01/S2L2A_medcomp_x10y10_202302_InDataPreview.jpeg
2025-08-30 22:51:02,390 - INFO - composites.py:348 - Clip value range
2025-08-30 22:51:03,786 - INFO - composites.py:353 -                           
2025-08-30 22:51:03,787 - INFO - composites.py:354 - Computing spectral indices:
2025-08-30 22:51:03,787 - INFO - composites.py:357 -     EVI...
2025-08-30 22:51:04,644 - INFO - composites.py:359 -     NDVI...
2025-08-30 22:51:04,964 - INFO - composites.py:361 -     PSRI2...
2025-08-30 22:51:05,152 - INFO - composites.py:364 - Clip to typical value range
2025-08-30 22:51:05,401 - INFO - composites.py:371 - Reducing to median value temporal composite
2025-08-30 22:51:29,833 - INFO - composites.py:390 - Scale and Define data types & nodata per band
2025-08-30 22:51:29,956 - INFO - composites.py:411 - Assign time range and tile ID in metadata
2025-08-30 22:51:29,956 - INFO - composites.py:419 - Write bands to raster COG files
2025-08-30 22:51:33,779 - INFO - composites.py:432 - Write B02 -> //nas-rs.topo.auth.gr/Latomeia/DROUGHT/composites/x10/y10/2023/02/01/S2L2A_medcomp_x10y10_202302_B02.tif
2025-08-30 22:51:37,638 - INFO - composites.py:432 - Write B03 -> //nas-rs.topo.auth.gr/Latomeia/DROUGHT/composites/x10/y10/2023/02/01/S2L2A_medcomp_x10y10_202302_B03.tif
2025-08-30 22:51:41,489 - INFO - composites.py:432 - Write B04 -> //nas-rs.topo.auth.gr/Latomeia/DROUGHT/composites/x10/y10/2023/02/01/S2L2A_medcomp_x10y10_202302_B04.tif
2025-08-30 22:51:45,402 - INFO - composites.py:432 - Write B05 -> //nas-rs.topo.auth.gr/Latomeia/DROUGHT/composites/x10/y10/2023/02/01/S2L2A_medcomp_x10y10_202302_B05.tif
2025-08-30 22:51:49,248 - INFO - composites.py:432 - Write B07 -> //nas-rs.topo.auth.gr/Latomeia/DROUGHT/composites/x10/y10/2023/02/01/S2L2A_medcomp_x10y10_202302_B07.tif
2025-08-30 22:51:53,135 - INFO - composites.py:432 - Write B8A -> //nas-rs.topo.auth.gr/Latomeia/DROUGHT/composites/x10/y10/2023/02/01/S2L2A_medcomp_x10y10_202302_B8A.tif
2025-08-30 22:51:57,070 - INFO - composites.py:432 - Write EVI -> //nas-rs.topo.auth.gr/Latomeia/DROUGHT/composites/x10/y10/2023/02/01/S2L2A_medcomp_x10y10_202302_EVI.tif
2025-08-30 22:52:00,972 - INFO - composites.py:432 - Write NDVI -> //nas-rs.topo.auth.gr/Latomeia/DROUGHT/composites/x10/y10/2023/02/01/S2L2A_medcomp_x10y10_202302_NDVI.tif
2025-08-30 22:52:04,862 - INFO - composites.py:432 - Write PSRI2 -> //nas-rs.topo.auth.gr/Latomeia/DROUGHT/composites/x10/y10/2023/02/01/S2L2A_medcomp_x10y10_202302_PSRI2.tif
2025-08-30 22:52:04,862 - INFO - composites.py:436 - Prepare metadata YAML document
2025-08-30 22:52:05,373 - INFO - composites.py:458 - Write metadata YAML document to disk
2025-08-30 22:52:05,418 - INFO - composites.py:463 - Create datacube.model.Dataset from eo3 metadata
2025-08-30 22:52:05,429 - INFO - composites.py:476 - Index to datacube
2025-08-30 22:52:05,429 - INFO - _datasets.py:191 - Indexing 4add02ca-e4d2-4650-bcc8-4aff81a21669
2025-08-30 22:52:05,437 - INFO - composites.py:479 - 
2025-08-30 22:52:05,437 - INFO - composites.py:480 -              ✔✔✔ COMPLETED: Tile x10_y10 | Time: 2023-02 | In 10.08 minutes
2025-08-30 22:52:05,437 - INFO - composites.py:481 - 
2025-08-30 22:52:05,437 - INFO - composites.py:489 - Closing Dask client
2025-08-30 22:52:05,439 - INFO - composites.py:493 - Closing Dask cluster
2025-08-30 22:52:05,439 - INFO - composites.py:494 - #######################################################################
