2025-09-03 04:42:06,148 - INFO - composites.py:102 - #######################################################################
2025-09-03 04:42:06,148 - INFO - composites.py:104 - Processing started
2025-09-03 04:42:06,148 - INFO - composites.py:105 -         Tile: x11_y11
2025-09-03 04:42:06,148 - INFO - composites.py:106 -         Time: 2025-03
2025-09-03 04:42:06,149 - INFO - composites.py:109 -                           
2025-09-03 04:42:06,149 - INFO - composites.py:110 - Establishing connection to datacube
2025-09-03 04:42:06,677 - INFO - composites.py:113 -                           
2025-09-03 04:42:06,677 - INFO - composites.py:114 - Sanity test: Check if dataset already exists in the datacube
2025-09-03 04:42:06,699 - INFO - composites.py:133 - The composite requested was not found and it will be computed
2025-09-03 04:42:06,699 - INFO - composites.py:136 -                                  
2025-09-03 04:42:06,699 - INFO - composites.py:137 - Initializing Dask cluster for parallelization
2025-09-03 04:42:12,072 - INFO - composites.py:161 - Dask dashboard is available at: http://127.0.0.1:8787/status
2025-09-03 04:42:12,072 - INFO - composites.py:164 - Create directories and naming conversions
2025-09-03 04:42:12,085 - INFO - composites.py:177 - Dataset location: //nas-rs.topo.auth.gr/Latomeia/DROUGHT/composites/x11/y11/2025/03/01
2025-09-03 04:42:12,085 - INFO - composites.py:180 -                           
2025-09-03 04:42:12,085 - INFO - composites.py:181 - Retrieve tile geometry
2025-09-03 04:42:12,124 - INFO - composites.py:192 - Create the Bounding Box (φ,λ)
2025-09-03 04:42:12,124 - INFO - composites.py:198 - Create the Bounding Box (x,y)
2025-09-03 04:42:12,124 - INFO - composites.py:211 -                           
2025-09-03 04:42:12,124 - INFO - composites.py:212 - Connect to Planetary Computer STAC Catalog
2025-09-03 04:42:12,404 - INFO - composites.py:220 - Search the STAC Catalog
2025-09-03 04:42:12,475 - INFO - composites.py:232 -         Query parameters:
2025-09-03 04:42:12,476 - INFO - composites.py:233 -             url:          https://planetarycomputer.microsoft.com/api/stac/v1/search
2025-09-03 04:42:12,476 - INFO - composites.py:234 -             client:       microsoft-pc
2025-09-03 04:42:12,476 - INFO - composites.py:235 -             collection:   sentinel-2-l2a
2025-09-03 04:42:12,476 - INFO - composites.py:236 -             bbox:         (23.090477503527136, 38.072584087612974, 23.76631254171489, 38.62665683856133)
2025-09-03 04:42:12,476 - INFO - composites.py:237 -             time range:   2025-03-01T00:00:00Z/2025-03-31T23:59:59Z
2025-09-03 04:42:12,476 - INFO - composites.py:238 -             cloud cover:  0% - 70%
2025-09-03 04:42:12,476 - INFO - composites.py:239 -             nodata cover: 0% - 33%
2025-09-03 04:42:12,476 - INFO - composites.py:241 -                           
2025-09-03 04:42:12,476 - INFO - composites.py:242 - Searching...
2025-09-03 04:42:13,076 - INFO - composites.py:245 - Query found 16 items
2025-09-03 04:42:13,076 - INFO - composites.py:247 - Searching for GRI REFINED scenes:
2025-09-03 04:42:18,959 - INFO - sentinel2.py:78 - 1/16 - S2B_MSIL2A_20250330T090559_R050_T35SKC_20250330T101722 -> REFINED
2025-09-03 04:42:24,147 - INFO - sentinel2.py:78 - 2/16 - S2B_MSIL2A_20250330T090559_R050_T34SGH_20250330T101722 -> REFINED
2025-09-03 04:42:30,347 - INFO - sentinel2.py:78 - 3/16 - S2C_MSIL2A_20250328T092051_R093_T34SFH_20250328T145510 -> REFINED
2025-09-03 04:42:35,427 - INFO - sentinel2.py:78 - 4/16 - S2A_MSIL2A_20250327T091031_R050_T35SKC_20250327T122215 -> REFINED
2025-09-03 04:42:41,097 - INFO - sentinel2.py:78 - 5/16 - S2A_MSIL2A_20250327T091031_R050_T34SGH_20250327T122215 -> REFINED
2025-09-03 04:42:47,307 - INFO - sentinel2.py:78 - 6/16 - S2A_MSIL2A_20250320T092231_R093_T34SFH_20250320T124113 -> REFINED
2025-09-03 04:42:53,442 - INFO - sentinel2.py:78 - 7/16 - S2B_MSIL2A_20250320T090559_R050_T35SKC_20250320T131802 -> REFINED
2025-09-03 04:42:58,851 - INFO - sentinel2.py:78 - 8/16 - S2B_MSIL2A_20250320T090559_R050_T34SGH_20250320T131802 -> REFINED
2025-09-03 04:43:04,622 - INFO - sentinel2.py:78 - 9/16 - S2C_MSIL2A_20250315T090751_R050_T35SKC_20250315T125257 -> REFINED
2025-09-03 04:43:10,558 - INFO - sentinel2.py:78 - 10/16 - S2C_MSIL2A_20250315T090751_R050_T34SGH_20250315T125257 -> REFINED
2025-09-03 04:43:16,283 - INFO - sentinel2.py:78 - 11/16 - S2B_MSIL2A_20250313T092029_R093_T34SFH_20250313T132014 -> REFINED
2025-09-03 04:43:21,545 - INFO - sentinel2.py:78 - 12/16 - S2B_MSIL2A_20250310T090709_R050_T35SKC_20250310T102257 -> REFINED
2025-09-03 04:43:27,765 - INFO - sentinel2.py:78 - 13/16 - S2B_MSIL2A_20250310T090709_R050_T34SGH_20250310T102257 -> REFINED
2025-09-03 04:43:33,917 - INFO - sentinel2.py:78 - 14/16 - S2C_MSIL2A_20250308T092051_R093_T34SFH_20250308T130013 -> REFINED
2025-09-03 04:43:40,204 - INFO - sentinel2.py:78 - 15/16 - S2C_MSIL2A_20250305T090911_R050_T35SKC_20250305T130914 -> REFINED
2025-09-03 04:43:46,762 - INFO - sentinel2.py:78 - 16/16 - S2C_MSIL2A_20250305T090911_R050_T34SGH_20250305T130914 -> REFINED
2025-09-03 04:43:46,820 - INFO - composites.py:250 -                                  
2025-09-03 04:43:46,821 - INFO - composites.py:251 - 16/16 were refined by GRI.
2025-09-03 04:43:46,821 - INFO - composites.py:263 - Looking for up to 10 cleanest images within spatiotemporal range of each MGRS tile
2025-09-03 04:43:46,821 - INFO - composites.py:277 - Filtered cleanest scenes: Kept 16 out of 16 items. 
2025-09-03 04:43:46,822 - INFO - composites.py:278 -         Included MGRS Tiles: ['34SFH' '34SGH' '35SKC']
2025-09-03 04:43:46,822 - INFO - composites.py:279 -         Included EPSG codes: [32634 32635]
2025-09-03 04:43:46,823 - INFO - composites.py:281 - Selected scenes:
2025-09-03 04:43:46,823 - INFO - composites.py:283 -         S2A_MSIL2A_20250320T092231_R093_T34SFH_20250320T124113
2025-09-03 04:43:46,828 - INFO - composites.py:283 -         S2C_MSIL2A_20250308T092051_R093_T34SFH_20250308T130013
2025-09-03 04:43:46,828 - INFO - composites.py:283 -         S2C_MSIL2A_20250328T092051_R093_T34SFH_20250328T145510
2025-09-03 04:43:46,829 - INFO - composites.py:283 -         S2B_MSIL2A_20250313T092029_R093_T34SFH_20250313T132014
2025-09-03 04:43:46,833 - INFO - composites.py:283 -         S2B_MSIL2A_20250310T090709_R050_T34SGH_20250310T102257
2025-09-03 04:43:46,833 - INFO - composites.py:283 -         S2C_MSIL2A_20250315T090751_R050_T34SGH_20250315T125257
2025-09-03 04:43:46,833 - INFO - composites.py:283 -         S2A_MSIL2A_20250327T091031_R050_T34SGH_20250327T122215
2025-09-03 04:43:46,833 - INFO - composites.py:283 -         S2C_MSIL2A_20250305T090911_R050_T34SGH_20250305T130914
2025-09-03 04:43:46,834 - INFO - composites.py:283 -         S2B_MSIL2A_20250330T090559_R050_T34SGH_20250330T101722
2025-09-03 04:43:46,834 - INFO - composites.py:283 -         S2B_MSIL2A_20250320T090559_R050_T34SGH_20250320T131802
2025-09-03 04:43:46,834 - INFO - composites.py:283 -         S2B_MSIL2A_20250310T090709_R050_T35SKC_20250310T102257
2025-09-03 04:43:46,834 - INFO - composites.py:283 -         S2C_MSIL2A_20250315T090751_R050_T35SKC_20250315T125257
2025-09-03 04:43:46,834 - INFO - composites.py:283 -         S2C_MSIL2A_20250305T090911_R050_T35SKC_20250305T130914
2025-09-03 04:43:46,834 - INFO - composites.py:283 -         S2A_MSIL2A_20250327T091031_R050_T35SKC_20250327T122215
2025-09-03 04:43:46,834 - INFO - composites.py:283 -         S2B_MSIL2A_20250330T090559_R050_T35SKC_20250330T101722
2025-09-03 04:43:46,834 - INFO - composites.py:283 -         S2B_MSIL2A_20250320T090559_R050_T35SKC_20250320T131802
2025-09-03 04:43:47,189 - INFO - sentinel2.py:154 - Matplotlib backend: Agg
2025-09-03 04:43:47,512 - INFO - sentinel2.py:224 - Write input scenes footprint overlay: //nas-rs.topo.auth.gr/Latomeia/DROUGHT/composites/x11/y11/2025/03/01/S2L2A_medcomp_x11y11_202503_InDataFootprint.jpeg
2025-09-03 04:43:47,724 - INFO - composites.py:297 -                                  
2025-09-03 04:43:47,724 - INFO - composites.py:298 - Downstream STAC items from Planetary Computer
2025-09-03 04:43:47,724 - INFO - timeseries_processing.py:115 -                                  
2025-09-03 04:43:47,724 - INFO - timeseries_processing.py:116 - Loading bands of diferent resolutions in EPSG:32634
2025-09-03 04:43:47,724 - INFO - timeseries_processing.py:120 -     Filtering items with native UTM EPSG:32634
2025-09-03 04:43:47,724 - INFO - timeseries_processing.py:122 -     10 Items in EPSG:32634
2025-09-03 04:43:47,724 - INFO - timeseries_processing.py:129 -                        
2025-09-03 04:43:47,724 - INFO - timeseries_processing.py:130 -     Loading parameters:
2025-09-03 04:43:47,724 - INFO - timeseries_processing.py:131 -         Bands: ['B05', 'B07', 'B8A', 'SCL']
2025-09-03 04:43:47,724 - INFO - timeseries_processing.py:132 -         Spatial resolution: 20
2025-09-03 04:43:47,724 - INFO - timeseries_processing.py:134 -         Get Assets from STAC Items
2025-09-03 04:43:47,725 - INFO - timeseries_processing.py:47 -         Initialize the STAC client
2025-09-03 04:43:48,287 - INFO - timeseries_processing.py:137 -         Loading 10 STAC Items....
2025-09-03 04:44:52,836 - INFO - timeseries_processing.py:146 -         Cube has been downloaded
2025-09-03 04:44:52,837 - INFO - timeseries_processing.py:156 -         Fix order of dimensions
2025-09-03 04:44:52,838 - INFO - timeseries_processing.py:161 -         Append bands to the band-list of EPSG:32634
2025-09-03 04:44:52,839 - INFO - timeseries_processing.py:129 -                        
2025-09-03 04:44:52,839 - INFO - timeseries_processing.py:130 -     Loading parameters:
2025-09-03 04:44:52,839 - INFO - timeseries_processing.py:131 -         Bands: ['B02', 'B03', 'B04']
2025-09-03 04:44:52,842 - INFO - timeseries_processing.py:132 -         Spatial resolution: 10
2025-09-03 04:44:52,842 - INFO - timeseries_processing.py:134 -         Get Assets from STAC Items
2025-09-03 04:44:52,842 - INFO - timeseries_processing.py:47 -         Initialize the STAC client
2025-09-03 04:44:53,384 - INFO - timeseries_processing.py:137 -         Loading 10 STAC Items....
2025-09-03 04:47:20,916 - INFO - timeseries_processing.py:146 -         Cube has been downloaded
2025-09-03 04:47:20,916 - INFO - timeseries_processing.py:149 -         Reproject to downsample 10m bands to 20m by Resampling.average 2x2 binning and shape matching with odc.geo.GeoBox
2025-09-03 04:47:34,996 - INFO - timeseries_processing.py:161 -         Append bands to the band-list of EPSG:32634
2025-09-03 04:47:34,996 - INFO - timeseries_processing.py:165 -                        
2025-09-03 04:47:34,996 - INFO - timeseries_processing.py:166 -     Merging bands in a single dataset
2025-09-03 04:47:34,996 - INFO - timeseries_processing.py:167 -     Ensure all partial datasets are at (x=20, y=-20) resolution
2025-09-03 04:47:34,996 - INFO - timeseries_processing.py:171 -     Clip to the intersection of indexes
2025-09-03 04:47:35,973 - INFO - timeseries_processing.py:180 -     Make a list of bands to merge
2025-09-03 04:47:35,974 - INFO - timeseries_processing.py:184 -     Merge on intersection
2025-09-03 04:47:35,975 - INFO - timeseries_processing.py:192 -     Apply masks on clouds, shadows, thin cirrus, and snow/ice
2025-09-03 04:47:35,975 - INFO - sentinel2.py:122 -                Masking bits: [3, 7, 8, 9, 10, 11]
2025-09-03 04:47:37,190 - INFO - timeseries_processing.py:115 -                                  
2025-09-03 04:47:37,190 - INFO - timeseries_processing.py:116 - Loading bands of diferent resolutions in EPSG:32635
2025-09-03 04:47:37,190 - INFO - timeseries_processing.py:120 -     Filtering items with native UTM EPSG:32635
2025-09-03 04:47:37,195 - INFO - timeseries_processing.py:122 -     6 Items in EPSG:32635
2025-09-03 04:47:37,195 - INFO - timeseries_processing.py:129 -                        
2025-09-03 04:47:37,195 - INFO - timeseries_processing.py:130 -     Loading parameters:
2025-09-03 04:47:37,195 - INFO - timeseries_processing.py:131 -         Bands: ['B05', 'B07', 'B8A', 'SCL']
2025-09-03 04:47:37,195 - INFO - timeseries_processing.py:132 -         Spatial resolution: 20
2025-09-03 04:47:37,197 - INFO - timeseries_processing.py:134 -         Get Assets from STAC Items
2025-09-03 04:47:37,197 - INFO - timeseries_processing.py:47 -         Initialize the STAC client
2025-09-03 04:47:37,681 - INFO - timeseries_processing.py:137 -         Loading 6 STAC Items....
2025-09-03 04:48:02,703 - INFO - timeseries_processing.py:146 -         Cube has been downloaded
2025-09-03 04:48:02,704 - INFO - timeseries_processing.py:156 -         Fix order of dimensions
2025-09-03 04:48:02,706 - INFO - timeseries_processing.py:161 -         Append bands to the band-list of EPSG:32635
2025-09-03 04:48:02,706 - INFO - timeseries_processing.py:129 -                        
2025-09-03 04:48:02,706 - INFO - timeseries_processing.py:130 -     Loading parameters:
2025-09-03 04:48:02,706 - INFO - timeseries_processing.py:131 -         Bands: ['B02', 'B03', 'B04']
2025-09-03 04:48:02,706 - INFO - timeseries_processing.py:132 -         Spatial resolution: 10
2025-09-03 04:48:02,706 - INFO - timeseries_processing.py:134 -         Get Assets from STAC Items
2025-09-03 04:48:02,706 - INFO - timeseries_processing.py:47 -         Initialize the STAC client
2025-09-03 04:48:03,180 - INFO - timeseries_processing.py:137 -         Loading 6 STAC Items....
2025-09-03 04:48:58,493 - INFO - timeseries_processing.py:146 -         Cube has been downloaded
2025-09-03 04:48:58,494 - INFO - timeseries_processing.py:149 -         Reproject to downsample 10m bands to 20m by Resampling.average 2x2 binning and shape matching with odc.geo.GeoBox
2025-09-03 04:49:06,071 - INFO - timeseries_processing.py:161 -         Append bands to the band-list of EPSG:32635
2025-09-03 04:49:06,071 - INFO - timeseries_processing.py:165 -                        
2025-09-03 04:49:06,071 - INFO - timeseries_processing.py:166 -     Merging bands in a single dataset
2025-09-03 04:49:06,071 - INFO - timeseries_processing.py:167 -     Ensure all partial datasets are at (x=20, y=-20) resolution
2025-09-03 04:49:06,071 - INFO - timeseries_processing.py:171 -     Clip to the intersection of indexes
2025-09-03 04:49:06,073 - INFO - timeseries_processing.py:180 -     Make a list of bands to merge
2025-09-03 04:49:06,074 - INFO - timeseries_processing.py:184 -     Merge on intersection
2025-09-03 04:49:06,075 - INFO - timeseries_processing.py:192 -     Apply masks on clouds, shadows, thin cirrus, and snow/ice
2025-09-03 04:49:06,075 - INFO - sentinel2.py:122 -                Masking bits: [3, 7, 8, 9, 10, 11]
2025-09-03 04:49:06,857 - INFO - composites.py:307 - Reproject from UTM Zone to Tile geometry -> CRS(EPSG:32635), Resampling.bilinear
2025-09-03 04:49:17,667 - INFO - composites.py:310 -     New shape of datasets: Shape2d(x=2400, y=2400)
2025-09-03 04:49:17,960 - INFO - composites.py:315 -                           
2025-09-03 04:49:17,978 - INFO - composites.py:316 - Mosaic datasets to a single dataset
2025-09-03 04:49:26,280 - INFO - composites.py:329 - Scale SR to Sen2Cor Baseline 4.00 - Subtract 1000 in dates post 2022-01-25
2025-09-03 04:49:27,754 - INFO - composites.py:342 - Creating preview plot of input scenes
2025-09-03 04:50:01,208 - INFO - timeseries_processing.py:349 - Saved preview for 'B04' to //nas-rs.topo.auth.gr/Latomeia/DROUGHT/composites/x11/y11/2025/03/01/S2L2A_medcomp_x11y11_202503_InDataPreview.jpeg
2025-09-03 04:50:01,220 - INFO - composites.py:348 - Clip value range
2025-09-03 04:50:03,170 - INFO - composites.py:353 -                           
2025-09-03 04:50:03,172 - INFO - composites.py:354 - Computing spectral indices:
2025-09-03 04:50:03,172 - INFO - composites.py:357 -     EVI...
2025-09-03 04:50:04,390 - INFO - composites.py:359 -     NDVI...
2025-09-03 04:50:04,819 - INFO - composites.py:361 -     PSRI2...
2025-09-03 04:50:05,091 - INFO - composites.py:364 - Clip to typical value range
2025-09-03 04:50:05,476 - INFO - composites.py:371 - Reducing to median value temporal composite
2025-09-03 04:50:32,838 - INFO - composites.py:390 - Scale and Define data types & nodata per band
2025-09-03 04:50:32,995 - INFO - composites.py:411 - Assign time range and tile ID in metadata
2025-09-03 04:50:32,995 - INFO - composites.py:419 - Write bands to raster COG files
2025-09-03 04:50:36,992 - INFO - composites.py:432 - Write B02 -> //nas-rs.topo.auth.gr/Latomeia/DROUGHT/composites/x11/y11/2025/03/01/S2L2A_medcomp_x11y11_202503_B02.tif
2025-09-03 04:50:40,839 - INFO - composites.py:432 - Write B03 -> //nas-rs.topo.auth.gr/Latomeia/DROUGHT/composites/x11/y11/2025/03/01/S2L2A_medcomp_x11y11_202503_B03.tif
2025-09-03 04:50:44,948 - INFO - composites.py:432 - Write B04 -> //nas-rs.topo.auth.gr/Latomeia/DROUGHT/composites/x11/y11/2025/03/01/S2L2A_medcomp_x11y11_202503_B04.tif
2025-09-03 04:50:49,262 - INFO - composites.py:432 - Write B05 -> //nas-rs.topo.auth.gr/Latomeia/DROUGHT/composites/x11/y11/2025/03/01/S2L2A_medcomp_x11y11_202503_B05.tif
2025-09-03 04:50:53,162 - INFO - composites.py:432 - Write B07 -> //nas-rs.topo.auth.gr/Latomeia/DROUGHT/composites/x11/y11/2025/03/01/S2L2A_medcomp_x11y11_202503_B07.tif
2025-09-03 04:50:57,038 - INFO - composites.py:432 - Write B8A -> //nas-rs.topo.auth.gr/Latomeia/DROUGHT/composites/x11/y11/2025/03/01/S2L2A_medcomp_x11y11_202503_B8A.tif
2025-09-03 04:51:00,873 - INFO - composites.py:432 - Write EVI -> //nas-rs.topo.auth.gr/Latomeia/DROUGHT/composites/x11/y11/2025/03/01/S2L2A_medcomp_x11y11_202503_EVI.tif
2025-09-03 04:51:04,711 - INFO - composites.py:432 - Write NDVI -> //nas-rs.topo.auth.gr/Latomeia/DROUGHT/composites/x11/y11/2025/03/01/S2L2A_medcomp_x11y11_202503_NDVI.tif
2025-09-03 04:51:08,485 - INFO - composites.py:432 - Write PSRI2 -> //nas-rs.topo.auth.gr/Latomeia/DROUGHT/composites/x11/y11/2025/03/01/S2L2A_medcomp_x11y11_202503_PSRI2.tif
2025-09-03 04:51:08,491 - INFO - composites.py:436 - Prepare metadata YAML document
2025-09-03 04:51:09,046 - INFO - composites.py:458 - Write metadata YAML document to disk
2025-09-03 04:51:09,092 - INFO - composites.py:463 - Create datacube.model.Dataset from eo3 metadata
2025-09-03 04:51:09,103 - INFO - composites.py:476 - Index to datacube
2025-09-03 04:51:09,103 - INFO - _datasets.py:191 - Indexing 87131f93-fd50-4bac-b3a6-7940a24543fb
2025-09-03 04:51:09,112 - INFO - composites.py:479 - 
2025-09-03 04:51:09,112 - INFO - composites.py:480 -              ✔✔✔ COMPLETED: Tile x11_y11 | Time: 2025-03 | In 9.05 minutes
2025-09-03 04:51:09,112 - INFO - composites.py:481 - 
2025-09-03 04:51:09,112 - INFO - composites.py:489 - Closing Dask client
2025-09-03 04:51:09,114 - INFO - composites.py:493 - Closing Dask cluster
2025-09-03 04:51:09,115 - INFO - composites.py:494 - #######################################################################
