2025-09-05 08:46:23,319 - INFO - composites.py:102 - #######################################################################
2025-09-05 08:46:23,319 - INFO - composites.py:104 - Processing started
2025-09-05 08:46:23,319 - INFO - composites.py:105 -         Tile: x11_y12
2025-09-05 08:46:23,319 - INFO - composites.py:106 -         Time: 2025-06
2025-09-05 08:46:23,319 - INFO - composites.py:109 -                           
2025-09-05 08:46:23,319 - INFO - composites.py:110 - Establishing connection to datacube
2025-09-05 08:46:23,877 - INFO - composites.py:113 -                           
2025-09-05 08:46:23,877 - INFO - composites.py:114 - Sanity test: Check if dataset already exists in the datacube
2025-09-05 08:46:23,901 - INFO - composites.py:133 - The composite requested was not found and it will be computed
2025-09-05 08:46:23,901 - INFO - composites.py:136 -                                  
2025-09-05 08:46:23,901 - INFO - composites.py:137 - Initializing Dask cluster for parallelization
2025-09-05 08:46:29,772 - INFO - composites.py:161 - Dask dashboard is available at: http://127.0.0.1:8787/status
2025-09-05 08:46:29,773 - INFO - composites.py:164 - Create directories and naming conversions
2025-09-05 08:46:29,787 - INFO - composites.py:177 - Dataset location: //nas-rs.topo.auth.gr/Latomeia/DROUGHT/composites/x11/y12/2025/06/01
2025-09-05 08:46:29,787 - INFO - composites.py:180 -                           
2025-09-05 08:46:29,787 - INFO - composites.py:181 - Retrieve tile geometry
2025-09-05 08:46:29,824 - INFO - composites.py:192 - Create the Bounding Box (φ,λ)
2025-09-05 08:46:29,824 - INFO - composites.py:198 - Create the Bounding Box (x,y)
2025-09-05 08:46:29,824 - INFO - composites.py:211 -                           
2025-09-05 08:46:29,824 - INFO - composites.py:212 - Connect to Planetary Computer STAC Catalog
2025-09-05 08:46:30,053 - INFO - composites.py:220 - Search the STAC Catalog
2025-09-05 08:46:30,122 - INFO - composites.py:232 -         Query parameters:
2025-09-05 08:46:30,122 - INFO - composites.py:233 -             url:          https://planetarycomputer.microsoft.com/api/stac/v1/search
2025-09-05 08:46:30,122 - INFO - composites.py:234 -             client:       microsoft-pc
2025-09-05 08:46:30,122 - INFO - composites.py:235 -             collection:   sentinel-2-l2a
2025-09-05 08:46:30,122 - INFO - composites.py:236 -             bbox:         (23.175034627134398, 38.50013763603257, 23.85573196352452, 39.05443515421176)
2025-09-05 08:46:30,122 - INFO - composites.py:237 -             time range:   2025-06-01T00:00:00Z/2025-06-30T23:59:59Z
2025-09-05 08:46:30,122 - INFO - composites.py:238 -             cloud cover:  0% - 70%
2025-09-05 08:46:30,122 - INFO - composites.py:239 -             nodata cover: 0% - 33%
2025-09-05 08:46:30,122 - INFO - composites.py:241 -                           
2025-09-05 08:46:30,122 - INFO - composites.py:242 - Searching...
2025-09-05 08:46:30,802 - INFO - composites.py:245 - Query found 54 items
2025-09-05 08:46:30,802 - INFO - composites.py:247 - Searching for GRI REFINED scenes:
2025-09-05 08:46:38,985 - INFO - sentinel2.py:78 - 1/54 - S2A_MSIL2A_20250628T092041_R093_T34SFJ_20250628T125303 -> REFINED
2025-09-05 08:46:57,544 - INFO - sentinel2.py:78 - 2/54 - S2A_MSIL2A_20250628T092041_R093_T34SFH_20250628T125303 -> REFINED
2025-09-05 08:47:06,923 - INFO - sentinel2.py:78 - 3/54 - S2B_MSIL2A_20250628T090559_R050_T35SKD_20250628T102339 -> REFINED
2025-09-05 08:47:39,297 - INFO - sentinel2.py:78 - 4/54 - S2B_MSIL2A_20250628T090559_R050_T35SKC_20250628T102339 -> REFINED
2025-09-05 08:48:00,872 - INFO - sentinel2.py:78 - 5/54 - S2B_MSIL2A_20250628T090559_R050_T34SGJ_20250628T102339 -> REFINED
2025-09-05 08:48:20,455 - INFO - sentinel2.py:78 - 6/54 - S2B_MSIL2A_20250628T090559_R050_T34SGH_20250628T102339 -> REFINED
2025-09-05 08:48:41,789 - INFO - sentinel2.py:78 - 7/54 - S2C_MSIL2A_20250626T092051_R093_T34SFJ_20250626T131216 -> REFINED
2025-09-05 08:48:53,539 - INFO - sentinel2.py:78 - 8/54 - S2C_MSIL2A_20250626T092051_R093_T34SFH_20250626T131216 -> REFINED
2025-09-05 08:49:04,758 - INFO - sentinel2.py:78 - 9/54 - S2A_MSIL2A_20250625T091331_R050_T35SKD_20250625T123418 -> REFINED
2025-09-05 08:49:21,436 - INFO - sentinel2.py:78 - 10/54 - S2A_MSIL2A_20250625T091331_R050_T35SKC_20250625T123418 -> REFINED
2025-09-05 08:49:30,108 - INFO - sentinel2.py:78 - 11/54 - S2A_MSIL2A_20250625T091331_R050_T34SGJ_20250625T123418 -> REFINED
2025-09-05 08:49:39,037 - INFO - sentinel2.py:78 - 12/54 - S2A_MSIL2A_20250625T091331_R050_T34SGH_20250625T123418 -> REFINED
2025-09-05 08:49:51,930 - INFO - sentinel2.py:78 - 13/54 - S2C_MSIL2A_20250623T090611_R050_T35SKD_20250623T131516 -> REFINED
2025-09-05 08:50:02,540 - INFO - sentinel2.py:78 - 14/54 - S2C_MSIL2A_20250623T090611_R050_T35SKC_20250623T131516 -> REFINED
2025-09-05 08:50:11,808 - INFO - sentinel2.py:78 - 15/54 - S2C_MSIL2A_20250623T090611_R050_T34SGJ_20250623T131516 -> REFINED
2025-09-05 08:50:27,090 - INFO - sentinel2.py:78 - 16/54 - S2C_MSIL2A_20250623T090611_R050_T34SGH_20250623T131516 -> REFINED
2025-09-05 08:50:35,028 - INFO - sentinel2.py:78 - 17/54 - S2B_MSIL2A_20250621T092029_R093_T34SFJ_20250621T102719 -> REFINED
2025-09-05 08:50:41,983 - INFO - sentinel2.py:78 - 18/54 - S2B_MSIL2A_20250621T092029_R093_T34SFH_20250621T102719 -> REFINED
2025-09-05 08:50:49,595 - INFO - sentinel2.py:78 - 19/54 - S2A_MSIL2A_20250618T092231_R093_T34SFJ_20250618T114601 -> REFINED
2025-09-05 08:50:58,807 - INFO - sentinel2.py:78 - 20/54 - S2A_MSIL2A_20250618T092231_R093_T34SFH_20250618T114601 -> REFINED
2025-09-05 08:51:06,139 - INFO - sentinel2.py:78 - 21/54 - S2B_MSIL2A_20250618T090559_R050_T35SKD_20250618T113950 -> REFINED
2025-09-05 08:51:16,475 - INFO - sentinel2.py:78 - 22/54 - S2B_MSIL2A_20250618T090559_R050_T35SKC_20250618T113950 -> REFINED
2025-09-05 08:51:24,298 - INFO - sentinel2.py:78 - 23/54 - S2B_MSIL2A_20250618T090559_R050_T34SGJ_20250618T113950 -> REFINED
2025-09-05 08:51:36,111 - INFO - sentinel2.py:78 - 24/54 - S2B_MSIL2A_20250618T090559_R050_T34SGH_20250618T113950 -> REFINED
2025-09-05 08:52:01,998 - INFO - sentinel2.py:78 - 25/54 - S2C_MSIL2A_20250616T092051_R093_T34SFJ_20250616T120017 -> REFINED
2025-09-05 08:52:21,740 - INFO - sentinel2.py:78 - 26/54 - S2C_MSIL2A_20250616T092051_R093_T34SFH_20250616T120017 -> REFINED
2025-09-05 08:52:35,260 - INFO - sentinel2.py:78 - 27/54 - S2A_MSIL2A_20250615T091041_R050_T35SKD_20250615T120216 -> REFINED
2025-09-05 08:52:57,255 - INFO - sentinel2.py:78 - 28/54 - S2A_MSIL2A_20250615T091041_R050_T35SKC_20250615T120216 -> REFINED
2025-09-05 08:53:04,989 - INFO - sentinel2.py:78 - 29/54 - S2A_MSIL2A_20250615T091041_R050_T34SGJ_20250615T120216 -> REFINED
2025-09-05 08:53:15,021 - INFO - sentinel2.py:78 - 30/54 - S2A_MSIL2A_20250615T091041_R050_T34SGH_20250615T120216 -> REFINED
2025-09-05 08:53:27,239 - INFO - sentinel2.py:78 - 31/54 - S2C_MSIL2A_20250613T090611_R050_T35SKD_20250613T120117 -> REFINED
2025-09-05 08:53:43,175 - INFO - sentinel2.py:78 - 32/54 - S2C_MSIL2A_20250613T090611_R050_T35SKC_20250613T120117 -> REFINED
2025-09-05 08:53:52,984 - INFO - sentinel2.py:78 - 33/54 - S2C_MSIL2A_20250613T090611_R050_T34SGJ_20250613T120117 -> REFINED
2025-09-05 08:54:02,949 - INFO - sentinel2.py:78 - 34/54 - S2C_MSIL2A_20250613T090611_R050_T34SGH_20250613T120117 -> REFINED
2025-09-05 08:54:21,196 - INFO - sentinel2.py:78 - 35/54 - S2B_MSIL2A_20250611T092029_R093_T34SFJ_20250611T121714 -> REFINED
2025-09-05 08:54:38,911 - INFO - sentinel2.py:78 - 36/54 - S2B_MSIL2A_20250611T092029_R093_T34SFH_20250611T121714 -> REFINED
2025-09-05 08:54:58,134 - INFO - sentinel2.py:78 - 37/54 - S2A_MSIL2A_20250608T092041_R093_T34SFJ_20250608T121913 -> REFINED
2025-09-05 08:55:07,428 - INFO - sentinel2.py:78 - 38/54 - S2A_MSIL2A_20250608T092041_R093_T34SFH_20250608T121913 -> REFINED
2025-09-05 08:55:14,537 - INFO - sentinel2.py:78 - 39/54 - S2B_MSIL2A_20250608T090549_R050_T35SKD_20250608T101931 -> REFINED
2025-09-05 08:55:28,700 - INFO - sentinel2.py:78 - 40/54 - S2B_MSIL2A_20250608T090549_R050_T35SKC_20250608T101931 -> REFINED
2025-09-05 08:55:45,528 - INFO - sentinel2.py:78 - 41/54 - S2B_MSIL2A_20250608T090549_R050_T34SGJ_20250608T101931 -> REFINED
2025-09-05 08:56:02,518 - INFO - sentinel2.py:78 - 42/54 - S2B_MSIL2A_20250608T090549_R050_T34SGH_20250608T101931 -> REFINED
2025-09-05 08:56:09,498 - INFO - sentinel2.py:78 - 43/54 - S2C_MSIL2A_20250606T092051_R093_T34SFJ_20250606T121513 -> REFINED
2025-09-05 08:56:16,720 - INFO - sentinel2.py:78 - 44/54 - S2C_MSIL2A_20250606T092051_R093_T34SFH_20250606T121513 -> REFINED
2025-09-05 08:56:22,911 - INFO - sentinel2.py:78 - 45/54 - S2A_MSIL2A_20250605T091331_R050_T35SKD_20250605T120211 -> REFINED
2025-09-05 08:56:29,853 - INFO - sentinel2.py:78 - 46/54 - S2A_MSIL2A_20250605T091331_R050_T35SKC_20250605T120211 -> REFINED
2025-09-05 08:56:37,600 - INFO - sentinel2.py:78 - 47/54 - S2A_MSIL2A_20250605T091331_R050_T34SGJ_20250605T120211 -> REFINED
2025-09-05 08:56:49,356 - INFO - sentinel2.py:78 - 48/54 - S2A_MSIL2A_20250605T091331_R050_T34SGH_20250605T120211 -> REFINED
2025-09-05 08:56:57,739 - INFO - sentinel2.py:78 - 49/54 - S2C_MSIL2A_20250603T090611_R050_T35SKD_20250603T114518 -> REFINED
2025-09-05 08:57:08,528 - INFO - sentinel2.py:78 - 50/54 - S2C_MSIL2A_20250603T090611_R050_T35SKC_20250603T114518 -> REFINED
2025-09-05 08:57:16,356 - INFO - sentinel2.py:78 - 51/54 - S2C_MSIL2A_20250603T090611_R050_T34SGJ_20250603T114518 -> REFINED
2025-09-05 08:57:23,473 - INFO - sentinel2.py:78 - 52/54 - S2C_MSIL2A_20250603T090611_R050_T34SGH_20250603T114518 -> REFINED
2025-09-05 08:57:30,356 - INFO - sentinel2.py:78 - 53/54 - S2B_MSIL2A_20250601T092029_R093_T34SFJ_20250601T113837 -> REFINED
2025-09-05 08:57:47,426 - INFO - sentinel2.py:78 - 54/54 - S2B_MSIL2A_20250601T092029_R093_T34SFH_20250601T113837 -> REFINED
2025-09-05 08:57:47,474 - INFO - composites.py:250 -                                  
2025-09-05 08:57:47,474 - INFO - composites.py:251 - 54/54 were refined by GRI.
2025-09-05 08:57:47,474 - INFO - composites.py:263 - Looking for up to 8 cleanest images within spatiotemporal range of each MGRS tile
2025-09-05 08:57:47,475 - INFO - composites.py:277 - Filtered cleanest scenes: Kept 48 out of 54 items. 
2025-09-05 08:57:47,475 - INFO - composites.py:278 -         Included MGRS Tiles: ['34SFH' '34SFJ' '34SGH' '34SGJ' '35SKC' '35SKD']
2025-09-05 08:57:47,475 - INFO - composites.py:279 -         Included EPSG codes: [32634 32635]
2025-09-05 08:57:47,476 - INFO - composites.py:281 - Selected scenes:
2025-09-05 08:57:47,487 - INFO - composites.py:283 -         S2B_MSIL2A_20250611T092029_R093_T34SFH_20250611T121714
2025-09-05 08:57:47,487 - INFO - composites.py:283 -         S2C_MSIL2A_20250626T092051_R093_T34SFH_20250626T131216
2025-09-05 08:57:47,496 - INFO - composites.py:283 -         S2A_MSIL2A_20250608T092041_R093_T34SFH_20250608T121913
2025-09-05 08:57:47,511 - INFO - composites.py:283 -         S2C_MSIL2A_20250616T092051_R093_T34SFH_20250616T120017
2025-09-05 08:57:47,521 - INFO - composites.py:283 -         S2C_MSIL2A_20250606T092051_R093_T34SFH_20250606T121513
2025-09-05 08:57:47,521 - INFO - composites.py:283 -         S2A_MSIL2A_20250628T092041_R093_T34SFH_20250628T125303
2025-09-05 08:57:47,522 - INFO - composites.py:283 -         S2A_MSIL2A_20250618T092231_R093_T34SFH_20250618T114601
2025-09-05 08:57:47,522 - INFO - composites.py:283 -         S2B_MSIL2A_20250601T092029_R093_T34SFH_20250601T113837
2025-09-05 08:57:47,522 - INFO - composites.py:283 -         S2C_MSIL2A_20250626T092051_R093_T34SFJ_20250626T131216
2025-09-05 08:57:47,522 - INFO - composites.py:283 -         S2A_MSIL2A_20250608T092041_R093_T34SFJ_20250608T121913
2025-09-05 08:57:47,522 - INFO - composites.py:283 -         S2B_MSIL2A_20250611T092029_R093_T34SFJ_20250611T121714
2025-09-05 08:57:47,522 - INFO - composites.py:283 -         S2C_MSIL2A_20250616T092051_R093_T34SFJ_20250616T120017
2025-09-05 08:57:47,522 - INFO - composites.py:283 -         S2A_MSIL2A_20250628T092041_R093_T34SFJ_20250628T125303
2025-09-05 08:57:47,522 - INFO - composites.py:283 -         S2A_MSIL2A_20250618T092231_R093_T34SFJ_20250618T114601
2025-09-05 08:57:47,522 - INFO - composites.py:283 -         S2C_MSIL2A_20250606T092051_R093_T34SFJ_20250606T121513
2025-09-05 08:57:47,522 - INFO - composites.py:283 -         S2B_MSIL2A_20250621T092029_R093_T34SFJ_20250621T102719
2025-09-05 08:57:47,522 - INFO - composites.py:283 -         S2A_MSIL2A_20250625T091331_R050_T34SGH_20250625T123418
2025-09-05 08:57:47,522 - INFO - composites.py:283 -         S2C_MSIL2A_20250623T090611_R050_T34SGH_20250623T131516
2025-09-05 08:57:47,522 - INFO - composites.py:283 -         S2C_MSIL2A_20250603T090611_R050_T34SGH_20250603T114518
2025-09-05 08:57:47,522 - INFO - composites.py:283 -         S2B_MSIL2A_20250608T090549_R050_T34SGH_20250608T101931
2025-09-05 08:57:47,522 - INFO - composites.py:283 -         S2B_MSIL2A_20250618T090559_R050_T34SGH_20250618T113950
2025-09-05 08:57:47,522 - INFO - composites.py:283 -         S2C_MSIL2A_20250613T090611_R050_T34SGH_20250613T120117
2025-09-05 08:57:47,522 - INFO - composites.py:283 -         S2A_MSIL2A_20250615T091041_R050_T34SGH_20250615T120216
2025-09-05 08:57:47,522 - INFO - composites.py:283 -         S2B_MSIL2A_20250628T090559_R050_T34SGH_20250628T102339
2025-09-05 08:57:47,522 - INFO - composites.py:283 -         S2C_MSIL2A_20250603T090611_R050_T34SGJ_20250603T114518
2025-09-05 08:57:47,522 - INFO - composites.py:283 -         S2B_MSIL2A_20250608T090549_R050_T34SGJ_20250608T101931
2025-09-05 08:57:47,522 - INFO - composites.py:283 -         S2A_MSIL2A_20250625T091331_R050_T34SGJ_20250625T123418
2025-09-05 08:57:47,522 - INFO - composites.py:283 -         S2C_MSIL2A_20250623T090611_R050_T34SGJ_20250623T131516
2025-09-05 08:57:47,522 - INFO - composites.py:283 -         S2B_MSIL2A_20250628T090559_R050_T34SGJ_20250628T102339
2025-09-05 08:57:47,522 - INFO - composites.py:283 -         S2B_MSIL2A_20250618T090559_R050_T34SGJ_20250618T113950
2025-09-05 08:57:47,522 - INFO - composites.py:283 -         S2A_MSIL2A_20250615T091041_R050_T34SGJ_20250615T120216
2025-09-05 08:57:47,522 - INFO - composites.py:283 -         S2C_MSIL2A_20250613T090611_R050_T34SGJ_20250613T120117
2025-09-05 08:57:47,522 - INFO - composites.py:283 -         S2A_MSIL2A_20250625T091331_R050_T35SKC_20250625T123418
2025-09-05 08:57:47,522 - INFO - composites.py:283 -         S2C_MSIL2A_20250623T090611_R050_T35SKC_20250623T131516
2025-09-05 08:57:47,522 - INFO - composites.py:283 -         S2C_MSIL2A_20250603T090611_R050_T35SKC_20250603T114518
2025-09-05 08:57:47,522 - INFO - composites.py:283 -         S2B_MSIL2A_20250618T090559_R050_T35SKC_20250618T113950
2025-09-05 08:57:47,522 - INFO - composites.py:283 -         S2B_MSIL2A_20250608T090549_R050_T35SKC_20250608T101931
2025-09-05 08:57:47,522 - INFO - composites.py:283 -         S2C_MSIL2A_20250613T090611_R050_T35SKC_20250613T120117
2025-09-05 08:57:47,522 - INFO - composites.py:283 -         S2B_MSIL2A_20250628T090559_R050_T35SKC_20250628T102339
2025-09-05 08:57:47,522 - INFO - composites.py:283 -         S2A_MSIL2A_20250615T091041_R050_T35SKC_20250615T120216
2025-09-05 08:57:47,522 - INFO - composites.py:283 -         S2C_MSIL2A_20250603T090611_R050_T35SKD_20250603T114518
2025-09-05 08:57:47,522 - INFO - composites.py:283 -         S2A_MSIL2A_20250625T091331_R050_T35SKD_20250625T123418
2025-09-05 08:57:47,522 - INFO - composites.py:283 -         S2B_MSIL2A_20250608T090549_R050_T35SKD_20250608T101931
2025-09-05 08:57:47,522 - INFO - composites.py:283 -         S2C_MSIL2A_20250623T090611_R050_T35SKD_20250623T131516
2025-09-05 08:57:47,522 - INFO - composites.py:283 -         S2B_MSIL2A_20250628T090559_R050_T35SKD_20250628T102339
2025-09-05 08:57:47,522 - INFO - composites.py:283 -         S2B_MSIL2A_20250618T090559_R050_T35SKD_20250618T113950
2025-09-05 08:57:47,522 - INFO - composites.py:283 -         S2A_MSIL2A_20250615T091041_R050_T35SKD_20250615T120216
2025-09-05 08:57:47,522 - INFO - composites.py:283 -         S2C_MSIL2A_20250613T090611_R050_T35SKD_20250613T120117
2025-09-05 08:57:48,038 - INFO - sentinel2.py:154 - Matplotlib backend: Agg
2025-09-05 08:57:48,380 - INFO - sentinel2.py:224 - Write input scenes footprint overlay: //nas-rs.topo.auth.gr/Latomeia/DROUGHT/composites/x11/y12/2025/06/01/S2L2A_medcomp_x11y12_202506_InDataFootprint.jpeg
2025-09-05 08:57:48,718 - INFO - composites.py:297 -                                  
2025-09-05 08:57:48,718 - INFO - composites.py:298 - Downstream STAC items from Planetary Computer
2025-09-05 08:57:48,719 - INFO - timeseries_processing.py:115 -                                  
2025-09-05 08:57:48,719 - INFO - timeseries_processing.py:116 - Loading bands of diferent resolutions in EPSG:32634
2025-09-05 08:57:48,719 - INFO - timeseries_processing.py:120 -     Filtering items with native UTM EPSG:32634
2025-09-05 08:57:48,719 - INFO - timeseries_processing.py:122 -     32 Items in EPSG:32634
2025-09-05 08:57:48,719 - INFO - timeseries_processing.py:129 -                        
2025-09-05 08:57:48,719 - INFO - timeseries_processing.py:130 -     Loading parameters:
2025-09-05 08:57:48,719 - INFO - timeseries_processing.py:131 -         Bands: ['B05', 'B07', 'B8A', 'SCL']
2025-09-05 08:57:48,719 - INFO - timeseries_processing.py:132 -         Spatial resolution: 20
2025-09-05 08:57:48,719 - INFO - timeseries_processing.py:134 -         Get Assets from STAC Items
2025-09-05 08:57:48,719 - INFO - timeseries_processing.py:47 -         Initialize the STAC client
2025-09-05 08:57:49,384 - INFO - timeseries_processing.py:137 -         Loading 32 STAC Items....
2025-09-05 08:59:33,992 - INFO - timeseries_processing.py:146 -         Cube has been downloaded
2025-09-05 08:59:33,993 - INFO - timeseries_processing.py:156 -         Fix order of dimensions
2025-09-05 08:59:33,995 - INFO - timeseries_processing.py:161 -         Append bands to the band-list of EPSG:32634
2025-09-05 08:59:33,996 - INFO - timeseries_processing.py:129 -                        
2025-09-05 08:59:34,006 - INFO - timeseries_processing.py:130 -     Loading parameters:
2025-09-05 08:59:34,006 - INFO - timeseries_processing.py:131 -         Bands: ['B02', 'B03', 'B04']
2025-09-05 08:59:34,007 - INFO - timeseries_processing.py:132 -         Spatial resolution: 10
2025-09-05 08:59:34,007 - INFO - timeseries_processing.py:134 -         Get Assets from STAC Items
2025-09-05 08:59:34,007 - INFO - timeseries_processing.py:47 -         Initialize the STAC client
2025-09-05 08:59:34,690 - INFO - timeseries_processing.py:137 -         Loading 32 STAC Items....
2025-09-05 09:28:10,620 - ERROR - composites.py:484 -              ✖✖✖ FAILED loading for : Tile x11_y12 | Time: 2025-06 | with Exception: Attempted to run task 'finalize-hlgfinalizecompute-f038d067d1e443848f5e50f23b5944d6' on 21 different workers, but all those workers died while running it. The last worker that attempt to run the task was tcp://127.0.0.1:56822. Inspecting worker logs is often a good next step to diagnose what went wrong. For more information see https://distributed.dask.org/en/stable/killed.html.
2025-09-05 09:28:10,621 - INFO - composites.py:489 - Closing Dask client
2025-09-05 09:28:10,662 - INFO - composites.py:493 - Closing Dask cluster
2025-09-05 09:28:10,662 - INFO - composites.py:494 - #######################################################################
2025-09-05 09:28:14,730 - ERROR - composites.py:523 - Fatal error in composites.py
Traceback (most recent call last):
  File "C:\Users\fotakidis\AUTH_PROJECTS\drought\src\composites.py", line 519, in <module>
    generate_composite(year_month=year_month, tile_id=tile_id, tile_geom=tile_geom)
  File "C:\Users\fotakidis\AUTH_PROJECTS\drought\src\composites.py", line 304, in generate_composite
    processed_epsgs.append(process_epsg(filtered_items, aoi_bbox, EPSG))
                           ^^^^^^^^^^^^^^^^^^^^^^^^^^^^^^^^^^^^^^^^^^^^
  File "C:\Users\fotakidis\AUTH_PROJECTS\drought\src\utils\timeseries_processing.py", line 138, in process_epsg
    ds_cube = odc_stac_load_Items(
              ^^^^^^^^^^^^^^^^^^^^
  File "C:\Users\fotakidis\AUTH_PROJECTS\drought\src\utils\timeseries_processing.py", line 110, in odc_stac_load_Items
    ).compute()
      ^^^^^^^^^
  File "C:\Users\fotakidis\anaconda3\envs\drought\Lib\site-packages\xarray\core\dataset.py", line 1072, in compute
    return new.load(**kwargs)
           ^^^^^^^^^^^^^^^^^^
  File "C:\Users\fotakidis\anaconda3\envs\drought\Lib\site-packages\xarray\core\dataset.py", line 899, in load
    evaluated_data: tuple[np.ndarray[Any, Any], ...] = chunkmanager.compute(
                                                       ^^^^^^^^^^^^^^^^^^^^^
  File "C:\Users\fotakidis\anaconda3\envs\drought\Lib\site-packages\xarray\namedarray\daskmanager.py", line 85, in compute
    return compute(*data, **kwargs)  # type: ignore[no-untyped-call, no-any-return]
           ^^^^^^^^^^^^^^^^^^^^^^^^
  File "C:\Users\fotakidis\anaconda3\envs\drought\Lib\site-packages\dask\base.py", line 681, in compute
    results = schedule(expr, keys, **kwargs)
              ^^^^^^^^^^^^^^^^^^^^^^^^^^^^^^
  File "C:\Users\fotakidis\anaconda3\envs\drought\Lib\site-packages\distributed\client.py", line 2403, in _gather
    raise exception.with_traceback(traceback)
distributed.scheduler.KilledWorker: Attempted to run task 'finalize-hlgfinalizecompute-f038d067d1e443848f5e50f23b5944d6' on 21 different workers, but all those workers died while running it. The last worker that attempt to run the task was tcp://127.0.0.1:56822. Inspecting worker logs is often a good next step to diagnose what went wrong. For more information see https://distributed.dask.org/en/stable/killed.html.
