2025-09-01 07:32:42,694 - INFO - composites.py:102 - #######################################################################
2025-09-01 07:32:42,694 - INFO - composites.py:104 - Processing started
2025-09-01 07:32:42,694 - INFO - composites.py:105 -         Tile: x10_y11
2025-09-01 07:32:42,694 - INFO - composites.py:106 -         Time: 2023-11
2025-09-01 07:32:42,694 - INFO - composites.py:109 -                           
2025-09-01 07:32:42,694 - INFO - composites.py:110 - Establishing connection to datacube
2025-09-01 07:32:43,303 - INFO - composites.py:113 -                           
2025-09-01 07:32:43,303 - INFO - composites.py:114 - Sanity test: Check if dataset already exists in the datacube
2025-09-01 07:32:43,326 - INFO - composites.py:133 - The composite requested was not found and it will be computed
2025-09-01 07:32:43,326 - INFO - composites.py:136 -                                  
2025-09-01 07:32:43,326 - INFO - composites.py:137 - Initializing Dask cluster for parallelization
2025-09-01 07:32:48,310 - INFO - composites.py:161 - Dask dashboard is available at: http://127.0.0.1:8787/status
2025-09-01 07:32:48,310 - INFO - composites.py:164 - Create directories and naming conversions
2025-09-01 07:32:48,323 - INFO - composites.py:177 - Dataset location: //nas-rs.topo.auth.gr/Latomeia/DROUGHT/composites/x10/y11/2023/11/01
2025-09-01 07:32:48,323 - INFO - composites.py:180 -                           
2025-09-01 07:32:48,323 - INFO - composites.py:181 - Retrieve tile geometry
2025-09-01 07:32:48,354 - INFO - composites.py:192 - Create the Bounding Box (φ,λ)
2025-09-01 07:32:48,354 - INFO - composites.py:198 - Create the Bounding Box (x,y)
2025-09-01 07:32:48,354 - INFO - composites.py:211 -                           
2025-09-01 07:32:48,354 - INFO - composites.py:212 - Connect to Planetary Computer STAC Catalog
2025-09-01 07:32:48,598 - INFO - composites.py:220 - Search the STAC Catalog
2025-09-01 07:32:48,665 - INFO - composites.py:232 -         Query parameters:
2025-09-01 07:32:48,665 - INFO - composites.py:233 -             url:          https://planetarycomputer.microsoft.com/api/stac/v1/search
2025-09-01 07:32:48,665 - INFO - composites.py:234 -             client:       microsoft-pc
2025-09-01 07:32:48,665 - INFO - composites.py:235 -             collection:   sentinel-2-l2a
2025-09-01 07:32:48,665 - INFO - composites.py:236 -             bbox:         (22.551446150749733, 38.14853968883684, 23.225034627134395, 38.70012671670289)
2025-09-01 07:32:48,665 - INFO - composites.py:237 -             time range:   2023-11-01T00:00:00Z/2023-11-30T23:59:59Z
2025-09-01 07:32:48,665 - INFO - composites.py:238 -             cloud cover:  0% - 70%
2025-09-01 07:32:48,665 - INFO - composites.py:239 -             nodata cover: 0% - 33%
2025-09-01 07:32:48,665 - INFO - composites.py:241 -                           
2025-09-01 07:32:48,665 - INFO - composites.py:242 - Searching...
2025-09-01 07:32:49,048 - INFO - composites.py:245 - Query found 6 items
2025-09-01 07:32:49,048 - INFO - composites.py:247 - Searching for GRI REFINED scenes:
2025-09-01 07:32:53,101 - INFO - sentinel2.py:78 - 1/6 - S2B_MSIL2A_20231129T092239_R093_T34SFH_20241110T221044 -> REFINED
2025-09-01 07:32:57,274 - INFO - sentinel2.py:78 - 2/6 - S2B_MSIL2A_20231129T092239_R093_T34SFH_20231129T121512 -> REFINED
2025-09-01 07:33:01,177 - INFO - sentinel2.py:78 - 3/6 - S2B_MSIL2A_20231119T092159_R093_T34SFH_20231119T124209 -> REFINED
2025-09-01 07:33:05,260 - INFO - sentinel2.py:78 - 4/6 - S2A_MSIL2A_20231114T092231_R093_T34SFH_20231114T152832 -> REFINED
2025-09-01 07:33:09,362 - INFO - sentinel2.py:78 - 5/6 - S2B_MSIL2A_20231109T092119_R093_T34SFH_20241109T182729 -> REFINED
2025-09-01 07:33:12,701 - INFO - sentinel2.py:78 - 6/6 - S2B_MSIL2A_20231109T092119_R093_T34SFH_20231109T142013 -> REFINED
2025-09-01 07:33:12,731 - INFO - composites.py:250 -                                  
2025-09-01 07:33:12,731 - INFO - composites.py:251 - 6/6 were refined by GRI.
2025-09-01 07:33:12,731 - INFO - composites.py:263 - Looking for up to 10 cleanest images within spatiotemporal range of each MGRS tile
2025-09-01 07:33:12,732 - INFO - composites.py:277 - Filtered cleanest scenes: Kept 6 out of 6 items. 
2025-09-01 07:33:12,732 - INFO - composites.py:278 -         Included MGRS Tiles: ['34SFH']
2025-09-01 07:33:12,732 - INFO - composites.py:279 -         Included EPSG codes: [32634]
2025-09-01 07:33:12,747 - INFO - composites.py:281 - Selected scenes:
2025-09-01 07:33:12,752 - INFO - composites.py:283 -         S2B_MSIL2A_20231119T092159_R093_T34SFH_20231119T124209
2025-09-01 07:33:12,752 - INFO - composites.py:283 -         S2A_MSIL2A_20231114T092231_R093_T34SFH_20231114T152832
2025-09-01 07:33:12,752 - INFO - composites.py:283 -         S2B_MSIL2A_20231129T092239_R093_T34SFH_20231129T121512
2025-09-01 07:33:12,753 - INFO - composites.py:283 -         S2B_MSIL2A_20231129T092239_R093_T34SFH_20241110T221044
2025-09-01 07:33:12,753 - INFO - composites.py:283 -         S2B_MSIL2A_20231109T092119_R093_T34SFH_20231109T142013
2025-09-01 07:33:12,762 - INFO - composites.py:283 -         S2B_MSIL2A_20231109T092119_R093_T34SFH_20241109T182729
2025-09-01 07:33:13,106 - INFO - sentinel2.py:154 - Matplotlib backend: Agg
2025-09-01 07:33:13,264 - INFO - sentinel2.py:224 - Write input scenes footprint overlay: //nas-rs.topo.auth.gr/Latomeia/DROUGHT/composites/x10/y11/2023/11/01/S2L2A_medcomp_x10y11_202311_InDataFootprint.jpeg
2025-09-01 07:33:13,476 - INFO - composites.py:297 -                                  
2025-09-01 07:33:13,476 - INFO - composites.py:298 - Downstream STAC items from Planetary Computer
2025-09-01 07:33:13,476 - INFO - timeseries_processing.py:115 -                                  
2025-09-01 07:33:13,476 - INFO - timeseries_processing.py:116 - Loading bands of diferent resolutions in EPSG:32634
2025-09-01 07:33:13,476 - INFO - timeseries_processing.py:120 -     Filtering items with native UTM EPSG:32634
2025-09-01 07:33:13,476 - INFO - timeseries_processing.py:122 -     6 Items in EPSG:32634
2025-09-01 07:33:13,476 - INFO - timeseries_processing.py:129 -                        
2025-09-01 07:33:13,476 - INFO - timeseries_processing.py:130 -     Loading parameters:
2025-09-01 07:33:13,476 - INFO - timeseries_processing.py:131 -         Bands: ['B05', 'B07', 'B8A', 'SCL']
2025-09-01 07:33:13,476 - INFO - timeseries_processing.py:132 -         Spatial resolution: 20
2025-09-01 07:33:13,476 - INFO - timeseries_processing.py:134 -         Get Assets from STAC Items
2025-09-01 07:33:13,476 - INFO - timeseries_processing.py:47 -         Initialize the STAC client
2025-09-01 07:33:13,939 - INFO - timeseries_processing.py:137 -         Loading 6 STAC Items....
2025-09-01 07:34:02,319 - INFO - timeseries_processing.py:146 -         Cube has been downloaded
2025-09-01 07:34:02,319 - INFO - timeseries_processing.py:156 -         Fix order of dimensions
2025-09-01 07:34:02,320 - INFO - timeseries_processing.py:161 -         Append bands to the band-list of EPSG:32634
2025-09-01 07:34:02,320 - INFO - timeseries_processing.py:129 -                        
2025-09-01 07:34:02,320 - INFO - timeseries_processing.py:130 -     Loading parameters:
2025-09-01 07:34:02,320 - INFO - timeseries_processing.py:131 -         Bands: ['B02', 'B03', 'B04']
2025-09-01 07:34:02,320 - INFO - timeseries_processing.py:132 -         Spatial resolution: 10
2025-09-01 07:34:02,322 - INFO - timeseries_processing.py:134 -         Get Assets from STAC Items
2025-09-01 07:34:02,322 - INFO - timeseries_processing.py:47 -         Initialize the STAC client
2025-09-01 07:34:02,841 - INFO - timeseries_processing.py:137 -         Loading 6 STAC Items....
2025-09-01 07:35:46,910 - INFO - timeseries_processing.py:146 -         Cube has been downloaded
2025-09-01 07:35:46,910 - INFO - timeseries_processing.py:149 -         Reproject to downsample 10m bands to 20m by Resampling.average 2x2 binning and shape matching with odc.geo.GeoBox
2025-09-01 07:35:53,123 - INFO - timeseries_processing.py:161 -         Append bands to the band-list of EPSG:32634
2025-09-01 07:35:53,123 - INFO - timeseries_processing.py:165 -                        
2025-09-01 07:35:53,123 - INFO - timeseries_processing.py:166 -     Merging bands in a single dataset
2025-09-01 07:35:53,123 - INFO - timeseries_processing.py:167 -     Ensure all partial datasets are at (x=20, y=-20) resolution
2025-09-01 07:35:53,124 - INFO - timeseries_processing.py:171 -     Clip to the intersection of indexes
2025-09-01 07:35:54,118 - INFO - timeseries_processing.py:180 -     Make a list of bands to merge
2025-09-01 07:35:54,119 - INFO - timeseries_processing.py:184 -     Merge on intersection
2025-09-01 07:35:54,120 - INFO - timeseries_processing.py:192 -     Apply masks on clouds, shadows, thin cirrus, and snow/ice
2025-09-01 07:35:54,120 - INFO - sentinel2.py:122 -                Masking bits: [3, 7, 8, 9, 10, 11]
2025-09-01 07:35:54,608 - INFO - composites.py:307 - Reproject from UTM Zone to Tile geometry -> CRS(EPSG:32634), Resampling.bilinear
2025-09-01 07:35:57,320 - INFO - composites.py:310 -     New shape of datasets: Shape2d(x=2400, y=2400)
2025-09-01 07:35:57,827 - INFO - composites.py:329 - Scale SR to Sen2Cor Baseline 4.00 - Subtract 1000 in dates post 2022-01-25
2025-09-01 07:35:58,504 - INFO - composites.py:342 - Creating preview plot of input scenes
2025-09-01 07:36:19,564 - INFO - timeseries_processing.py:349 - Saved preview for 'B04' to //nas-rs.topo.auth.gr/Latomeia/DROUGHT/composites/x10/y11/2023/11/01/S2L2A_medcomp_x10y11_202311_InDataPreview.jpeg
2025-09-01 07:36:19,566 - INFO - composites.py:348 - Clip value range
2025-09-01 07:36:20,383 - INFO - composites.py:353 -                           
2025-09-01 07:36:20,383 - INFO - composites.py:354 - Computing spectral indices:
2025-09-01 07:36:20,383 - INFO - composites.py:357 -     EVI...
2025-09-01 07:36:20,868 - INFO - composites.py:359 -     NDVI...
2025-09-01 07:36:21,109 - INFO - composites.py:361 -     PSRI2...
2025-09-01 07:36:21,224 - INFO - composites.py:364 - Clip to typical value range
2025-09-01 07:36:21,372 - INFO - composites.py:371 - Reducing to median value temporal composite
2025-09-01 07:36:45,741 - INFO - composites.py:390 - Scale and Define data types & nodata per band
2025-09-01 07:36:45,936 - INFO - composites.py:411 - Assign time range and tile ID in metadata
2025-09-01 07:36:45,936 - INFO - composites.py:419 - Write bands to raster COG files
2025-09-01 07:36:49,955 - INFO - composites.py:432 - Write B02 -> //nas-rs.topo.auth.gr/Latomeia/DROUGHT/composites/x10/y11/2023/11/01/S2L2A_medcomp_x10y11_202311_B02.tif
2025-09-01 07:36:53,810 - INFO - composites.py:432 - Write B03 -> //nas-rs.topo.auth.gr/Latomeia/DROUGHT/composites/x10/y11/2023/11/01/S2L2A_medcomp_x10y11_202311_B03.tif
2025-09-01 07:36:57,728 - INFO - composites.py:432 - Write B04 -> //nas-rs.topo.auth.gr/Latomeia/DROUGHT/composites/x10/y11/2023/11/01/S2L2A_medcomp_x10y11_202311_B04.tif
2025-09-01 07:37:01,641 - INFO - composites.py:432 - Write B05 -> //nas-rs.topo.auth.gr/Latomeia/DROUGHT/composites/x10/y11/2023/11/01/S2L2A_medcomp_x10y11_202311_B05.tif
2025-09-01 07:37:05,628 - INFO - composites.py:432 - Write B07 -> //nas-rs.topo.auth.gr/Latomeia/DROUGHT/composites/x10/y11/2023/11/01/S2L2A_medcomp_x10y11_202311_B07.tif
2025-09-01 07:37:09,538 - INFO - composites.py:432 - Write B8A -> //nas-rs.topo.auth.gr/Latomeia/DROUGHT/composites/x10/y11/2023/11/01/S2L2A_medcomp_x10y11_202311_B8A.tif
2025-09-01 07:37:13,464 - INFO - composites.py:432 - Write EVI -> //nas-rs.topo.auth.gr/Latomeia/DROUGHT/composites/x10/y11/2023/11/01/S2L2A_medcomp_x10y11_202311_EVI.tif
2025-09-01 07:37:17,961 - INFO - composites.py:432 - Write NDVI -> //nas-rs.topo.auth.gr/Latomeia/DROUGHT/composites/x10/y11/2023/11/01/S2L2A_medcomp_x10y11_202311_NDVI.tif
2025-09-01 07:37:21,756 - INFO - composites.py:432 - Write PSRI2 -> //nas-rs.topo.auth.gr/Latomeia/DROUGHT/composites/x10/y11/2023/11/01/S2L2A_medcomp_x10y11_202311_PSRI2.tif
2025-09-01 07:37:21,756 - INFO - composites.py:436 - Prepare metadata YAML document
2025-09-01 07:37:22,238 - INFO - composites.py:458 - Write metadata YAML document to disk
2025-09-01 07:37:22,286 - INFO - composites.py:463 - Create datacube.model.Dataset from eo3 metadata
2025-09-01 07:37:22,296 - INFO - composites.py:476 - Index to datacube
2025-09-01 07:37:22,296 - INFO - _datasets.py:191 - Indexing c7673a85-a966-4f72-acd8-54a814c2e67f
2025-09-01 07:37:22,314 - INFO - composites.py:479 - 
2025-09-01 07:37:22,314 - INFO - composites.py:480 -              ✔✔✔ COMPLETED: Tile x10_y11 | Time: 2023-11 | In 4.66 minutes
2025-09-01 07:37:22,314 - INFO - composites.py:481 - 
2025-09-01 07:37:22,314 - INFO - composites.py:489 - Closing Dask client
2025-09-01 07:37:22,316 - INFO - composites.py:493 - Closing Dask cluster
2025-09-01 07:37:22,316 - INFO - composites.py:494 - #######################################################################
