2025-09-05 17:00:06,926 - INFO - composites.py:102 - #######################################################################
2025-09-05 17:00:06,926 - INFO - composites.py:104 - Processing started
2025-09-05 17:00:06,926 - INFO - composites.py:105 -         Tile: x11_y10
2025-09-05 17:00:06,926 - INFO - composites.py:106 -         Time: 2025-07
2025-09-05 17:00:06,926 - INFO - composites.py:109 -                           
2025-09-05 17:00:06,926 - INFO - composites.py:110 - Establishing connection to datacube
2025-09-05 17:00:07,443 - INFO - composites.py:113 -                           
2025-09-05 17:00:07,443 - INFO - composites.py:114 - Sanity test: Check if dataset already exists in the datacube
2025-09-05 17:00:07,463 - INFO - composites.py:133 - The composite requested was not found and it will be computed
2025-09-05 17:00:07,463 - INFO - composites.py:136 -                                  
2025-09-05 17:00:07,463 - INFO - composites.py:137 - Initializing Dask cluster for parallelization
2025-09-05 17:00:12,615 - INFO - composites.py:161 - Dask dashboard is available at: http://127.0.0.1:8787/status
2025-09-05 17:00:12,615 - INFO - composites.py:164 - Create directories and naming conversions
2025-09-05 17:00:12,624 - INFO - composites.py:177 - Dataset location: //nas-rs.topo.auth.gr/Latomeia/DROUGHT/composites/x11/y10/2025/07/01
2025-09-05 17:00:12,624 - INFO - composites.py:180 -                           
2025-09-05 17:00:12,624 - INFO - composites.py:181 - Retrieve tile geometry
2025-09-05 17:00:12,659 - INFO - composites.py:192 - Create the Bounding Box (φ,λ)
2025-09-05 17:00:12,660 - INFO - composites.py:198 - Create the Bounding Box (x,y)
2025-09-05 17:00:12,660 - INFO - composites.py:211 -                           
2025-09-05 17:00:12,660 - INFO - composites.py:212 - Connect to Planetary Computer STAC Catalog
2025-09-05 17:00:12,873 - INFO - composites.py:220 - Search the STAC Catalog
2025-09-05 17:00:12,949 - INFO - composites.py:232 -         Query parameters:
2025-09-05 17:00:12,949 - INFO - composites.py:233 -             url:          https://planetarycomputer.microsoft.com/api/stac/v1/search
2025-09-05 17:00:12,949 - INFO - composites.py:234 -             client:       microsoft-pc
2025-09-05 17:00:12,949 - INFO - composites.py:235 -             collection:   sentinel-2-l2a
2025-09-05 17:00:12,949 - INFO - composites.py:236 -             bbox:         (23.00741948027706, 37.64467818172542, 23.67848359322628, 38.19853968883684)
2025-09-05 17:00:12,949 - INFO - composites.py:237 -             time range:   2025-07-01T00:00:00Z/2025-07-31T23:59:59Z
2025-09-05 17:00:12,949 - INFO - composites.py:238 -             cloud cover:  0% - 70%
2025-09-05 17:00:12,949 - INFO - composites.py:239 -             nodata cover: 0% - 33%
2025-09-05 17:00:12,949 - INFO - composites.py:241 -                           
2025-09-05 17:00:12,949 - INFO - composites.py:242 - Searching...
2025-09-05 17:00:13,751 - INFO - composites.py:245 - Query found 64 items
2025-09-05 17:00:13,751 - INFO - composites.py:247 - Searching for GRI REFINED scenes:
2025-09-05 17:00:18,892 - INFO - sentinel2.py:78 - 1/64 - S2B_MSIL2A_20250731T092029_R093_T34SFH_20250731T115523 -> REFINED
2025-09-05 17:00:23,877 - INFO - sentinel2.py:78 - 2/64 - S2B_MSIL2A_20250731T092029_R093_T34SFG_20250731T115523 -> REFINED
2025-09-05 17:00:28,889 - INFO - sentinel2.py:78 - 3/64 - S2A_MSIL2A_20250728T092231_R093_T34SFH_20250728T111018 -> REFINED
2025-09-05 17:00:34,311 - INFO - sentinel2.py:78 - 4/64 - S2A_MSIL2A_20250728T092231_R093_T34SFG_20250728T111018 -> REFINED
2025-09-05 17:00:40,320 - INFO - sentinel2.py:78 - 5/64 - S2B_MSIL2A_20250728T090559_R050_T35SKC_20250728T101128 -> REFINED
2025-09-05 17:00:46,325 - INFO - sentinel2.py:78 - 6/64 - S2B_MSIL2A_20250728T090559_R050_T35SKB_20250728T101128 -> REFINED
2025-09-05 17:00:52,138 - INFO - sentinel2.py:78 - 7/64 - S2B_MSIL2A_20250728T090559_R050_T34SGH_20250728T101128 -> REFINED
2025-09-05 17:00:57,488 - INFO - sentinel2.py:78 - 8/64 - S2B_MSIL2A_20250728T090559_R050_T34SGG_20250728T101128 -> REFINED
2025-09-05 17:01:03,737 - INFO - sentinel2.py:78 - 9/64 - S2B_MSIL2A_20250728T090559_R050_T34SFG_20250728T101128 -> REFINED
2025-09-05 17:01:09,295 - INFO - sentinel2.py:78 - 10/64 - S2C_MSIL2A_20250726T092051_R093_T34SFH_20250726T125415 -> REFINED
2025-09-05 17:01:15,326 - INFO - sentinel2.py:78 - 11/64 - S2C_MSIL2A_20250726T092051_R093_T34SFG_20250726T125415 -> REFINED
2025-09-05 17:01:20,615 - INFO - sentinel2.py:78 - 12/64 - S2A_MSIL2A_20250725T091041_R050_T35SKC_20250725T131619 -> REFINED
2025-09-05 17:01:25,477 - INFO - sentinel2.py:78 - 13/64 - S2A_MSIL2A_20250725T091041_R050_T35SKB_20250725T131619 -> REFINED
2025-09-05 17:01:31,515 - INFO - sentinel2.py:78 - 14/64 - S2A_MSIL2A_20250725T091041_R050_T34SGH_20250725T131619 -> REFINED
2025-09-05 17:01:37,520 - INFO - sentinel2.py:78 - 15/64 - S2A_MSIL2A_20250725T091041_R050_T34SGG_20250725T131619 -> REFINED
2025-09-05 17:01:43,188 - INFO - sentinel2.py:78 - 16/64 - S2A_MSIL2A_20250725T091041_R050_T34SFG_20250725T131619 -> REFINED
2025-09-05 17:01:48,813 - INFO - sentinel2.py:78 - 17/64 - S2C_MSIL2A_20250723T090621_R050_T35SKC_20250723T125814 -> REFINED
2025-09-05 17:01:54,917 - INFO - sentinel2.py:78 - 18/64 - S2C_MSIL2A_20250723T090621_R050_T35SKB_20250723T125814 -> REFINED
2025-09-05 17:02:00,973 - INFO - sentinel2.py:78 - 19/64 - S2C_MSIL2A_20250723T090621_R050_T34SGH_20250723T125814 -> REFINED
2025-09-05 17:02:07,362 - INFO - sentinel2.py:78 - 20/64 - S2C_MSIL2A_20250723T090621_R050_T34SGG_20250723T125814 -> REFINED
2025-09-05 17:02:12,510 - INFO - sentinel2.py:78 - 21/64 - S2B_MSIL2A_20250721T092029_R093_T34SFH_20250721T120259 -> REFINED
2025-09-05 17:02:18,788 - INFO - sentinel2.py:78 - 22/64 - S2B_MSIL2A_20250721T092029_R093_T34SFG_20250721T120259 -> REFINED
2025-09-05 17:02:24,631 - INFO - sentinel2.py:78 - 23/64 - S2A_MSIL2A_20250718T092051_R093_T34SFH_20250718T125020 -> REFINED
2025-09-05 17:02:30,078 - INFO - sentinel2.py:78 - 24/64 - S2A_MSIL2A_20250718T092051_R093_T34SFG_20250718T125020 -> REFINED
2025-09-05 17:02:35,639 - INFO - sentinel2.py:78 - 25/64 - S2B_MSIL2A_20250718T090559_R050_T35SKC_20250718T120206 -> REFINED
2025-09-05 17:02:40,799 - INFO - sentinel2.py:78 - 26/64 - S2B_MSIL2A_20250718T090559_R050_T35SKB_20250718T120206 -> REFINED
2025-09-05 17:02:46,838 - INFO - sentinel2.py:78 - 27/64 - S2B_MSIL2A_20250718T090559_R050_T34SGH_20250718T120206 -> REFINED
2025-09-05 17:02:52,005 - INFO - sentinel2.py:78 - 28/64 - S2B_MSIL2A_20250718T090559_R050_T34SGG_20250718T120206 -> REFINED
2025-09-05 17:02:58,017 - INFO - sentinel2.py:78 - 29/64 - S2B_MSIL2A_20250718T090559_R050_T34SFG_20250718T120206 -> REFINED
2025-09-05 17:03:04,049 - INFO - sentinel2.py:78 - 30/64 - S2C_MSIL2A_20250716T092051_R093_T34SFH_20250716T143214 -> REFINED
2025-09-05 17:03:10,490 - INFO - sentinel2.py:78 - 31/64 - S2C_MSIL2A_20250716T092051_R093_T34SFG_20250716T143214 -> REFINED
2025-09-05 17:03:16,591 - INFO - sentinel2.py:78 - 32/64 - S2A_MSIL2A_20250715T091331_R050_T35SKC_20250715T105310 -> REFINED
2025-09-05 17:03:22,883 - INFO - sentinel2.py:78 - 33/64 - S2A_MSIL2A_20250715T091331_R050_T35SKB_20250715T105310 -> REFINED
2025-09-05 17:03:28,621 - INFO - sentinel2.py:78 - 34/64 - S2A_MSIL2A_20250715T091331_R050_T34SGH_20250715T105310 -> REFINED
2025-09-05 17:03:34,800 - INFO - sentinel2.py:78 - 35/64 - S2A_MSIL2A_20250715T091331_R050_T34SGG_20250715T105310 -> REFINED
2025-09-05 17:03:39,995 - INFO - sentinel2.py:78 - 36/64 - S2A_MSIL2A_20250715T091331_R050_T34SFG_20250715T105310 -> REFINED
2025-09-05 17:03:45,556 - INFO - sentinel2.py:78 - 37/64 - S2C_MSIL2A_20250713T090621_R050_T35SKC_20250713T130516 -> REFINED
2025-09-05 17:03:51,125 - INFO - sentinel2.py:78 - 38/64 - S2C_MSIL2A_20250713T090621_R050_T35SKB_20250713T130516 -> REFINED
2025-09-05 17:03:56,977 - INFO - sentinel2.py:78 - 39/64 - S2C_MSIL2A_20250713T090621_R050_T34SGH_20250713T130516 -> REFINED
2025-09-05 17:04:03,121 - INFO - sentinel2.py:78 - 40/64 - S2C_MSIL2A_20250713T090621_R050_T34SGG_20250713T130516 -> REFINED
2025-09-05 17:04:08,867 - INFO - sentinel2.py:78 - 41/64 - S2C_MSIL2A_20250713T090621_R050_T34SFG_20250713T130516 -> REFINED
2025-09-05 17:04:14,966 - INFO - sentinel2.py:78 - 42/64 - S2B_MSIL2A_20250711T092029_R093_T34SFH_20250711T114113 -> REFINED
2025-09-05 17:04:19,854 - INFO - sentinel2.py:78 - 43/64 - S2B_MSIL2A_20250711T092029_R093_T34SFG_20250711T114113 -> REFINED
2025-09-05 17:04:25,018 - INFO - sentinel2.py:78 - 44/64 - S2A_MSIL2A_20250708T092231_R093_T34SFH_20250708T122113 -> REFINED
2025-09-05 17:04:31,239 - INFO - sentinel2.py:78 - 45/64 - S2A_MSIL2A_20250708T092231_R093_T34SFG_20250708T124914 -> REFINED
2025-09-05 17:04:37,194 - INFO - sentinel2.py:78 - 46/64 - S2B_MSIL2A_20250708T090559_R050_T35SKC_20250708T113616 -> REFINED
2025-09-05 17:04:42,759 - INFO - sentinel2.py:78 - 47/64 - S2B_MSIL2A_20250708T090559_R050_T35SKB_20250708T113616 -> REFINED
2025-09-05 17:04:48,832 - INFO - sentinel2.py:78 - 48/64 - S2B_MSIL2A_20250708T090559_R050_T34SGH_20250708T113616 -> REFINED
2025-09-05 17:04:53,440 - INFO - sentinel2.py:78 - 49/64 - S2B_MSIL2A_20250708T090559_R050_T34SGG_20250708T113616 -> REFINED
2025-09-05 17:04:58,945 - INFO - sentinel2.py:78 - 50/64 - S2B_MSIL2A_20250708T090559_R050_T34SFG_20250708T113616 -> REFINED
2025-09-05 17:05:03,904 - INFO - sentinel2.py:78 - 51/64 - S2C_MSIL2A_20250706T092051_R093_T34SFH_20250706T131358 -> REFINED
2025-09-05 17:05:09,343 - INFO - sentinel2.py:78 - 52/64 - S2C_MSIL2A_20250706T092051_R093_T34SFG_20250706T131358 -> REFINED
2025-09-05 17:05:14,900 - INFO - sentinel2.py:78 - 53/64 - S2A_MSIL2A_20250705T091041_R050_T35SKC_20250705T111415 -> REFINED
2025-09-05 17:05:20,941 - INFO - sentinel2.py:78 - 54/64 - S2A_MSIL2A_20250705T091041_R050_T35SKB_20250705T111415 -> REFINED
2025-09-05 17:05:26,488 - INFO - sentinel2.py:78 - 55/64 - S2A_MSIL2A_20250705T091041_R050_T34SGH_20250705T111415 -> REFINED
2025-09-05 17:05:32,639 - INFO - sentinel2.py:78 - 56/64 - S2A_MSIL2A_20250705T091041_R050_T34SGG_20250705T111415 -> REFINED
2025-09-05 17:05:38,721 - INFO - sentinel2.py:78 - 57/64 - S2A_MSIL2A_20250705T091041_R050_T34SFG_20250705T111415 -> REFINED
2025-09-05 17:05:44,561 - INFO - sentinel2.py:78 - 58/64 - S2C_MSIL2A_20250703T090621_R050_T35SKC_20250703T122414 -> REFINED
2025-09-05 17:05:50,391 - INFO - sentinel2.py:78 - 59/64 - S2C_MSIL2A_20250703T090621_R050_T35SKB_20250703T145718 -> REFINED
2025-09-05 17:05:55,602 - INFO - sentinel2.py:78 - 60/64 - S2C_MSIL2A_20250703T090621_R050_T34SGH_20250703T122414 -> REFINED
2025-09-05 17:06:01,465 - INFO - sentinel2.py:78 - 61/64 - S2C_MSIL2A_20250703T090621_R050_T34SGG_20250703T145718 -> REFINED
2025-09-05 17:06:06,493 - INFO - sentinel2.py:78 - 62/64 - S2C_MSIL2A_20250703T090621_R050_T34SFG_20250703T145718 -> REFINED
2025-09-05 17:06:12,433 - INFO - sentinel2.py:78 - 63/64 - S2B_MSIL2A_20250701T092029_R093_T34SFH_20250701T115535 -> REFINED
2025-09-05 17:06:17,445 - INFO - sentinel2.py:78 - 64/64 - S2B_MSIL2A_20250701T092029_R093_T34SFG_20250701T115535 -> REFINED
2025-09-05 17:06:17,481 - INFO - composites.py:250 -                                  
2025-09-05 17:06:17,481 - INFO - composites.py:251 - 64/64 were refined by GRI.
2025-09-05 17:06:17,481 - INFO - composites.py:263 - Looking for up to 6 cleanest images within spatiotemporal range of each MGRS tile
2025-09-05 17:06:17,482 - INFO - composites.py:277 - Filtered cleanest scenes: Kept 36 out of 64 items. 
2025-09-05 17:06:17,483 - INFO - composites.py:278 -         Included MGRS Tiles: ['34SFG' '34SFH' '34SGG' '34SGH' '35SKB' '35SKC']
2025-09-05 17:06:17,483 - INFO - composites.py:279 -         Included EPSG codes: [32634 32635]
2025-09-05 17:06:17,484 - INFO - composites.py:281 - Selected scenes:
2025-09-05 17:06:17,489 - INFO - composites.py:283 -         S2A_MSIL2A_20250725T091041_R050_T34SFG_20250725T131619
2025-09-05 17:06:17,489 - INFO - composites.py:283 -         S2C_MSIL2A_20250713T090621_R050_T34SFG_20250713T130516
2025-09-05 17:06:17,489 - INFO - composites.py:283 -         S2B_MSIL2A_20250708T090559_R050_T34SFG_20250708T113616
2025-09-05 17:06:17,489 - INFO - composites.py:283 -         S2A_MSIL2A_20250715T091331_R050_T34SFG_20250715T105310
2025-09-05 17:06:17,489 - INFO - composites.py:283 -         S2A_MSIL2A_20250705T091041_R050_T34SFG_20250705T111415
2025-09-05 17:06:17,489 - INFO - composites.py:283 -         S2B_MSIL2A_20250718T090559_R050_T34SFG_20250718T120206
2025-09-05 17:06:17,489 - INFO - composites.py:283 -         S2C_MSIL2A_20250726T092051_R093_T34SFH_20250726T125415
2025-09-05 17:06:17,489 - INFO - composites.py:283 -         S2A_MSIL2A_20250728T092231_R093_T34SFH_20250728T111018
2025-09-05 17:06:17,489 - INFO - composites.py:283 -         S2B_MSIL2A_20250721T092029_R093_T34SFH_20250721T120259
2025-09-05 17:06:17,489 - INFO - composites.py:283 -         S2A_MSIL2A_20250708T092231_R093_T34SFH_20250708T122113
2025-09-05 17:06:17,490 - INFO - composites.py:283 -         S2C_MSIL2A_20250716T092051_R093_T34SFH_20250716T143214
2025-09-05 17:06:17,490 - INFO - composites.py:283 -         S2A_MSIL2A_20250718T092051_R093_T34SFH_20250718T125020
2025-09-05 17:06:17,490 - INFO - composites.py:283 -         S2B_MSIL2A_20250718T090559_R050_T34SGG_20250718T120206
2025-09-05 17:06:17,490 - INFO - composites.py:283 -         S2B_MSIL2A_20250708T090559_R050_T34SGG_20250708T113616
2025-09-05 17:06:17,490 - INFO - composites.py:283 -         S2C_MSIL2A_20250723T090621_R050_T34SGG_20250723T125814
2025-09-05 17:06:17,490 - INFO - composites.py:283 -         S2B_MSIL2A_20250728T090559_R050_T34SGG_20250728T101128
2025-09-05 17:06:17,490 - INFO - composites.py:283 -         S2A_MSIL2A_20250725T091041_R050_T34SGG_20250725T131619
2025-09-05 17:06:17,490 - INFO - composites.py:283 -         S2A_MSIL2A_20250705T091041_R050_T34SGG_20250705T111415
2025-09-05 17:06:17,490 - INFO - composites.py:283 -         S2A_MSIL2A_20250725T091041_R050_T34SGH_20250725T131619
2025-09-05 17:06:17,490 - INFO - composites.py:283 -         S2C_MSIL2A_20250723T090621_R050_T34SGH_20250723T125814
2025-09-05 17:06:17,490 - INFO - composites.py:283 -         S2B_MSIL2A_20250708T090559_R050_T34SGH_20250708T113616
2025-09-05 17:06:17,490 - INFO - composites.py:283 -         S2A_MSIL2A_20250705T091041_R050_T34SGH_20250705T111415
2025-09-05 17:06:17,490 - INFO - composites.py:283 -         S2A_MSIL2A_20250715T091331_R050_T34SGH_20250715T105310
2025-09-05 17:06:17,490 - INFO - composites.py:283 -         S2B_MSIL2A_20250728T090559_R050_T34SGH_20250728T101128
2025-09-05 17:06:17,490 - INFO - composites.py:283 -         S2B_MSIL2A_20250718T090559_R050_T35SKB_20250718T120206
2025-09-05 17:06:17,490 - INFO - composites.py:283 -         S2C_MSIL2A_20250723T090621_R050_T35SKB_20250723T125814
2025-09-05 17:06:17,490 - INFO - composites.py:283 -         S2B_MSIL2A_20250728T090559_R050_T35SKB_20250728T101128
2025-09-05 17:06:17,490 - INFO - composites.py:283 -         S2B_MSIL2A_20250708T090559_R050_T35SKB_20250708T113616
2025-09-05 17:06:17,491 - INFO - composites.py:283 -         S2A_MSIL2A_20250705T091041_R050_T35SKB_20250705T111415
2025-09-05 17:06:17,491 - INFO - composites.py:283 -         S2A_MSIL2A_20250725T091041_R050_T35SKB_20250725T131619
2025-09-05 17:06:17,491 - INFO - composites.py:283 -         S2C_MSIL2A_20250723T090621_R050_T35SKC_20250723T125814
2025-09-05 17:06:17,491 - INFO - composites.py:283 -         S2B_MSIL2A_20250708T090559_R050_T35SKC_20250708T113616
2025-09-05 17:06:17,491 - INFO - composites.py:283 -         S2A_MSIL2A_20250725T091041_R050_T35SKC_20250725T131619
2025-09-05 17:06:17,491 - INFO - composites.py:283 -         S2A_MSIL2A_20250705T091041_R050_T35SKC_20250705T111415
2025-09-05 17:06:17,491 - INFO - composites.py:283 -         S2B_MSIL2A_20250728T090559_R050_T35SKC_20250728T101128
2025-09-05 17:06:17,491 - INFO - composites.py:283 -         S2C_MSIL2A_20250703T090621_R050_T35SKC_20250703T122414
2025-09-05 17:06:17,975 - INFO - sentinel2.py:154 - Matplotlib backend: Agg
2025-09-05 17:06:18,292 - INFO - sentinel2.py:224 - Write input scenes footprint overlay: //nas-rs.topo.auth.gr/Latomeia/DROUGHT/composites/x11/y10/2025/07/01/S2L2A_medcomp_x11y10_202507_InDataFootprint.jpeg
2025-09-05 17:06:18,549 - INFO - composites.py:297 -                                  
2025-09-05 17:06:18,549 - INFO - composites.py:298 - Downstream STAC items from Planetary Computer
2025-09-05 17:06:18,549 - INFO - timeseries_processing.py:115 -                                  
2025-09-05 17:06:18,549 - INFO - timeseries_processing.py:116 - Loading bands of diferent resolutions in EPSG:32634
2025-09-05 17:06:18,549 - INFO - timeseries_processing.py:120 -     Filtering items with native UTM EPSG:32634
2025-09-05 17:06:18,551 - INFO - timeseries_processing.py:122 -     24 Items in EPSG:32634
2025-09-05 17:06:18,551 - INFO - timeseries_processing.py:129 -                        
2025-09-05 17:06:18,551 - INFO - timeseries_processing.py:130 -     Loading parameters:
2025-09-05 17:06:18,551 - INFO - timeseries_processing.py:131 -         Bands: ['B05', 'B07', 'B8A', 'SCL']
2025-09-05 17:06:18,551 - INFO - timeseries_processing.py:132 -         Spatial resolution: 20
2025-09-05 17:06:18,551 - INFO - timeseries_processing.py:134 -         Get Assets from STAC Items
2025-09-05 17:06:18,551 - INFO - timeseries_processing.py:47 -         Initialize the STAC client
2025-09-05 17:06:19,154 - INFO - timeseries_processing.py:137 -         Loading 24 STAC Items....
2025-09-05 17:07:59,765 - INFO - timeseries_processing.py:146 -         Cube has been downloaded
2025-09-05 17:07:59,765 - INFO - timeseries_processing.py:156 -         Fix order of dimensions
2025-09-05 17:07:59,767 - INFO - timeseries_processing.py:161 -         Append bands to the band-list of EPSG:32634
2025-09-05 17:07:59,769 - INFO - timeseries_processing.py:129 -                        
2025-09-05 17:07:59,770 - INFO - timeseries_processing.py:130 -     Loading parameters:
2025-09-05 17:07:59,770 - INFO - timeseries_processing.py:131 -         Bands: ['B02', 'B03', 'B04']
2025-09-05 17:07:59,770 - INFO - timeseries_processing.py:132 -         Spatial resolution: 10
2025-09-05 17:07:59,770 - INFO - timeseries_processing.py:134 -         Get Assets from STAC Items
2025-09-05 17:07:59,770 - INFO - timeseries_processing.py:47 -         Initialize the STAC client
2025-09-05 17:08:00,574 - INFO - timeseries_processing.py:137 -         Loading 24 STAC Items....
2025-09-05 17:34:53,474 - INFO - timeseries_processing.py:146 -         Cube has been downloaded
2025-09-05 17:34:53,474 - INFO - timeseries_processing.py:149 -         Reproject to downsample 10m bands to 20m by Resampling.average 2x2 binning and shape matching with odc.geo.GeoBox
2025-09-05 17:35:13,566 - INFO - timeseries_processing.py:161 -         Append bands to the band-list of EPSG:32634
2025-09-05 17:35:13,566 - INFO - timeseries_processing.py:165 -                        
2025-09-05 17:35:13,566 - INFO - timeseries_processing.py:166 -     Merging bands in a single dataset
2025-09-05 17:35:13,566 - INFO - timeseries_processing.py:167 -     Ensure all partial datasets are at (x=20, y=-20) resolution
2025-09-05 17:35:13,566 - INFO - timeseries_processing.py:171 -     Clip to the intersection of indexes
2025-09-05 17:35:14,656 - INFO - timeseries_processing.py:180 -     Make a list of bands to merge
2025-09-05 17:35:14,657 - INFO - timeseries_processing.py:184 -     Merge on intersection
2025-09-05 17:35:14,659 - INFO - timeseries_processing.py:192 -     Apply masks on clouds, shadows, thin cirrus, and snow/ice
2025-09-05 17:35:14,659 - INFO - sentinel2.py:122 -                Masking bits: [3, 7, 8, 9, 10, 11]
2025-09-05 17:35:16,625 - INFO - timeseries_processing.py:115 -                                  
2025-09-05 17:35:16,635 - INFO - timeseries_processing.py:116 - Loading bands of diferent resolutions in EPSG:32635
2025-09-05 17:35:16,652 - INFO - timeseries_processing.py:120 -     Filtering items with native UTM EPSG:32635
2025-09-05 17:35:16,669 - INFO - timeseries_processing.py:122 -     12 Items in EPSG:32635
2025-09-05 17:35:16,673 - INFO - timeseries_processing.py:129 -                        
2025-09-05 17:35:16,673 - INFO - timeseries_processing.py:130 -     Loading parameters:
2025-09-05 17:35:16,674 - INFO - timeseries_processing.py:131 -         Bands: ['B05', 'B07', 'B8A', 'SCL']
2025-09-05 17:35:16,674 - INFO - timeseries_processing.py:132 -         Spatial resolution: 20
2025-09-05 17:35:16,674 - INFO - timeseries_processing.py:134 -         Get Assets from STAC Items
2025-09-05 17:35:16,675 - INFO - timeseries_processing.py:47 -         Initialize the STAC client
2025-09-05 17:35:17,314 - INFO - timeseries_processing.py:137 -         Loading 12 STAC Items....
2025-09-05 17:35:37,064 - INFO - timeseries_processing.py:146 -         Cube has been downloaded
2025-09-05 17:35:37,064 - INFO - timeseries_processing.py:156 -         Fix order of dimensions
2025-09-05 17:35:37,066 - INFO - timeseries_processing.py:161 -         Append bands to the band-list of EPSG:32635
2025-09-05 17:35:37,066 - INFO - timeseries_processing.py:129 -                        
2025-09-05 17:35:37,066 - INFO - timeseries_processing.py:130 -     Loading parameters:
2025-09-05 17:35:37,066 - INFO - timeseries_processing.py:131 -         Bands: ['B02', 'B03', 'B04']
2025-09-05 17:35:37,066 - INFO - timeseries_processing.py:132 -         Spatial resolution: 10
2025-09-05 17:35:37,067 - INFO - timeseries_processing.py:134 -         Get Assets from STAC Items
2025-09-05 17:35:37,068 - INFO - timeseries_processing.py:47 -         Initialize the STAC client
2025-09-05 17:35:37,575 - INFO - timeseries_processing.py:137 -         Loading 12 STAC Items....
2025-09-05 17:36:14,696 - INFO - timeseries_processing.py:146 -         Cube has been downloaded
2025-09-05 17:36:14,696 - INFO - timeseries_processing.py:149 -         Reproject to downsample 10m bands to 20m by Resampling.average 2x2 binning and shape matching with odc.geo.GeoBox
2025-09-05 17:36:22,981 - INFO - timeseries_processing.py:161 -         Append bands to the band-list of EPSG:32635
2025-09-05 17:36:22,981 - INFO - timeseries_processing.py:165 -                        
2025-09-05 17:36:22,981 - INFO - timeseries_processing.py:166 -     Merging bands in a single dataset
2025-09-05 17:36:22,981 - INFO - timeseries_processing.py:167 -     Ensure all partial datasets are at (x=20, y=-20) resolution
2025-09-05 17:36:22,982 - INFO - timeseries_processing.py:171 -     Clip to the intersection of indexes
2025-09-05 17:36:22,983 - INFO - timeseries_processing.py:180 -     Make a list of bands to merge
2025-09-05 17:36:22,984 - INFO - timeseries_processing.py:184 -     Merge on intersection
2025-09-05 17:36:22,985 - INFO - timeseries_processing.py:192 -     Apply masks on clouds, shadows, thin cirrus, and snow/ice
2025-09-05 17:36:22,985 - INFO - sentinel2.py:122 -                Masking bits: [3, 7, 8, 9, 10, 11]
2025-09-05 17:36:23,925 - INFO - composites.py:307 - Reproject from UTM Zone to Tile geometry -> CRS(EPSG:32635), Resampling.bilinear
2025-09-05 17:36:38,400 - INFO - composites.py:310 -     New shape of datasets: Shape2d(x=2400, y=2400)
2025-09-05 17:36:38,739 - INFO - composites.py:315 -                           
2025-09-05 17:36:38,739 - INFO - composites.py:316 - Mosaic datasets to a single dataset
2025-09-05 17:36:52,460 - INFO - composites.py:329 - Scale SR to Sen2Cor Baseline 4.00 - Subtract 1000 in dates post 2022-01-25
2025-09-05 17:36:54,804 - INFO - composites.py:342 - Creating preview plot of input scenes
2025-09-05 17:37:38,905 - INFO - timeseries_processing.py:349 - Saved preview for 'B04' to //nas-rs.topo.auth.gr/Latomeia/DROUGHT/composites/x11/y10/2025/07/01/S2L2A_medcomp_x11y10_202507_InDataPreview.jpeg
2025-09-05 17:37:38,917 - INFO - composites.py:348 - Clip value range
2025-09-05 17:37:42,002 - INFO - composites.py:353 -                           
2025-09-05 17:37:42,009 - INFO - composites.py:354 - Computing spectral indices:
2025-09-05 17:37:42,015 - INFO - composites.py:357 -     EVI...
2025-09-05 17:37:44,135 - INFO - composites.py:359 -     NDVI...
2025-09-05 17:37:44,822 - INFO - composites.py:361 -     PSRI2...
2025-09-05 17:37:45,332 - INFO - composites.py:364 - Clip to typical value range
2025-09-05 17:37:45,936 - INFO - composites.py:371 - Reducing to median value temporal composite
2025-09-05 17:38:18,409 - INFO - composites.py:390 - Scale and Define data types & nodata per band
2025-09-05 17:38:18,647 - INFO - composites.py:411 - Assign time range and tile ID in metadata
2025-09-05 17:38:18,648 - INFO - composites.py:419 - Write bands to raster COG files
2025-09-05 17:38:23,044 - INFO - composites.py:432 - Write B02 -> //nas-rs.topo.auth.gr/Latomeia/DROUGHT/composites/x11/y10/2025/07/01/S2L2A_medcomp_x11y10_202507_B02.tif
2025-09-05 17:38:27,021 - INFO - composites.py:432 - Write B03 -> //nas-rs.topo.auth.gr/Latomeia/DROUGHT/composites/x11/y10/2025/07/01/S2L2A_medcomp_x11y10_202507_B03.tif
2025-09-05 17:38:31,151 - INFO - composites.py:432 - Write B04 -> //nas-rs.topo.auth.gr/Latomeia/DROUGHT/composites/x11/y10/2025/07/01/S2L2A_medcomp_x11y10_202507_B04.tif
2025-09-05 17:38:35,103 - INFO - composites.py:432 - Write B05 -> //nas-rs.topo.auth.gr/Latomeia/DROUGHT/composites/x11/y10/2025/07/01/S2L2A_medcomp_x11y10_202507_B05.tif
2025-09-05 17:38:39,044 - INFO - composites.py:432 - Write B07 -> //nas-rs.topo.auth.gr/Latomeia/DROUGHT/composites/x11/y10/2025/07/01/S2L2A_medcomp_x11y10_202507_B07.tif
2025-09-05 17:38:43,053 - INFO - composites.py:432 - Write B8A -> //nas-rs.topo.auth.gr/Latomeia/DROUGHT/composites/x11/y10/2025/07/01/S2L2A_medcomp_x11y10_202507_B8A.tif
2025-09-05 17:38:46,860 - INFO - composites.py:432 - Write EVI -> //nas-rs.topo.auth.gr/Latomeia/DROUGHT/composites/x11/y10/2025/07/01/S2L2A_medcomp_x11y10_202507_EVI.tif
2025-09-05 17:38:50,848 - INFO - composites.py:432 - Write NDVI -> //nas-rs.topo.auth.gr/Latomeia/DROUGHT/composites/x11/y10/2025/07/01/S2L2A_medcomp_x11y10_202507_NDVI.tif
2025-09-05 17:38:54,741 - INFO - composites.py:432 - Write PSRI2 -> //nas-rs.topo.auth.gr/Latomeia/DROUGHT/composites/x11/y10/2025/07/01/S2L2A_medcomp_x11y10_202507_PSRI2.tif
2025-09-05 17:38:54,741 - INFO - composites.py:436 - Prepare metadata YAML document
2025-09-05 17:38:55,372 - INFO - composites.py:458 - Write metadata YAML document to disk
2025-09-05 17:38:55,402 - INFO - composites.py:463 - Create datacube.model.Dataset from eo3 metadata
2025-09-05 17:38:55,413 - INFO - composites.py:476 - Index to datacube
2025-09-05 17:38:55,414 - INFO - _datasets.py:191 - Indexing 1a45bbef-f87a-4723-a80a-54eeca8aee14
2025-09-05 17:38:55,424 - INFO - composites.py:479 - 
2025-09-05 17:38:55,424 - INFO - composites.py:480 -              ✔✔✔ COMPLETED: Tile x11_y10 | Time: 2025-07 | In 38.81 minutes
2025-09-05 17:38:55,424 - INFO - composites.py:481 - 
2025-09-05 17:38:55,424 - INFO - composites.py:489 - Closing Dask client
2025-09-05 17:38:55,427 - INFO - composites.py:493 - Closing Dask cluster
2025-09-05 17:38:55,427 - INFO - composites.py:494 - #######################################################################
