2025-08-30 16:39:52,058 - INFO - composites.py:102 - #######################################################################
2025-08-30 16:39:52,058 - INFO - composites.py:104 - Processing started
2025-08-30 16:39:52,058 - INFO - composites.py:105 -         Tile: x09_y11
2025-08-30 16:39:52,058 - INFO - composites.py:106 -         Time: 2022-12
2025-08-30 16:39:52,058 - INFO - composites.py:109 -                           
2025-08-30 16:39:52,058 - INFO - composites.py:110 - Establishing connection to datacube
2025-08-30 16:39:52,591 - INFO - composites.py:113 -                           
2025-08-30 16:39:52,591 - INFO - composites.py:114 - Sanity test: Check if dataset already exists in the datacube
2025-08-30 16:39:52,609 - INFO - composites.py:133 - The composite requested was not found and it will be computed
2025-08-30 16:39:52,609 - INFO - composites.py:136 -                                  
2025-08-30 16:39:52,609 - INFO - composites.py:137 - Initializing Dask cluster for parallelization
2025-08-30 16:39:57,575 - INFO - composites.py:161 - Dask dashboard is available at: http://127.0.0.1:8787/status
2025-08-30 16:39:57,575 - INFO - composites.py:164 - Create directories and naming conversions
2025-08-30 16:39:57,588 - INFO - composites.py:177 - Dataset location: //nas-rs.topo.auth.gr/Latomeia/DROUGHT/composites/x09/y11/2022/12/01
2025-08-30 16:39:57,588 - INFO - composites.py:180 -                           
2025-08-30 16:39:57,588 - INFO - composites.py:181 - Retrieve tile geometry
2025-08-30 16:39:57,618 - INFO - composites.py:192 - Create the Bounding Box (φ,λ)
2025-08-30 16:39:57,618 - INFO - composites.py:198 - Create the Bounding Box (x,y)
2025-08-30 16:39:57,618 - INFO - composites.py:211 -                           
2025-08-30 16:39:57,618 - INFO - composites.py:212 - Connect to Planetary Computer STAC Catalog
2025-08-30 16:39:57,824 - INFO - composites.py:220 - Search the STAC Catalog
2025-08-30 16:39:57,891 - INFO - composites.py:232 -         Query parameters:
2025-08-30 16:39:57,891 - INFO - composites.py:233 -             url:          https://planetarycomputer.microsoft.com/api/stac/v1/search
2025-08-30 16:39:57,891 - INFO - composites.py:234 -             client:       microsoft-pc
2025-08-30 16:39:57,891 - INFO - composites.py:235 -             collection:   sentinel-2-l2a
2025-08-30 16:39:57,891 - INFO - composites.py:236 -             bbox:         (22.011426495899283, 38.22146676750315, 22.68270270334575, 38.770538011403985)
2025-08-30 16:39:57,892 - INFO - composites.py:237 -             time range:   2022-12-01T00:00:00Z/2022-12-31T23:59:59Z
2025-08-30 16:39:57,892 - INFO - composites.py:238 -             cloud cover:  0% - 70%
2025-08-30 16:39:57,892 - INFO - composites.py:239 -             nodata cover: 0% - 33%
2025-08-30 16:39:57,892 - INFO - composites.py:241 -                           
2025-08-30 16:39:57,892 - INFO - composites.py:242 - Searching...
2025-08-30 16:39:58,292 - INFO - composites.py:245 - Query found 13 items
2025-08-30 16:39:58,292 - INFO - composites.py:247 - Searching for GRI REFINED scenes:
2025-08-30 16:40:03,770 - INFO - sentinel2.py:78 - 1/13 - S2A_MSIL2A_20221229T092411_R093_T34SFJ_20221230T154033 -> REFINED
2025-08-30 16:40:09,166 - INFO - sentinel2.py:78 - 2/13 - S2A_MSIL2A_20221229T092411_R093_T34SFH_20221230T143154 -> REFINED
2025-08-30 16:40:14,364 - INFO - sentinel2.py:78 - 3/13 - S2A_MSIL2A_20221229T092411_R093_T34SEJ_20221230T151223 -> REFINED
2025-08-30 16:40:19,588 - INFO - sentinel2.py:78 - 4/13 - S2A_MSIL2A_20221229T092411_R093_T34SEH_20221230T161444 -> REFINED
2025-08-30 16:40:24,580 - INFO - sentinel2.py:78 - 5/13 - S2B_MSIL2A_20221224T092319_R093_T34SFJ_20221225T103047 -> REFINED
2025-08-30 16:40:29,181 - INFO - sentinel2.py:78 - 6/13 - S2B_MSIL2A_20221224T092319_R093_T34SFH_20221225T105922 -> REFINED
2025-08-30 16:40:34,916 - INFO - sentinel2.py:78 - 7/13 - S2B_MSIL2A_20221224T092319_R093_T34SEJ_20221225T113838 -> REFINED
2025-08-30 16:40:40,025 - INFO - sentinel2.py:78 - 8/13 - S2B_MSIL2A_20221224T092319_R093_T34SEH_20221225T121118 -> REFINED
2025-08-30 16:40:45,099 - INFO - sentinel2.py:78 - 9/13 - S2A_MSIL2A_20221219T092411_R093_T34SEJ_20221220T060234 -> REFINED
2025-08-30 16:40:50,777 - INFO - sentinel2.py:78 - 10/13 - S2A_MSIL2A_20221219T092411_R093_T34SEH_20221220T061409 -> REFINED
2025-08-30 16:40:56,419 - INFO - sentinel2.py:78 - 11/13 - S2A_MSIL2A_20221209T092401_R093_T34SFJ_20221210T063830 -> REFINED
2025-08-30 16:41:01,031 - INFO - sentinel2.py:78 - 12/13 - S2A_MSIL2A_20221209T092401_R093_T34SFH_20221210T062805 -> REFINED
2025-08-30 16:41:06,688 - INFO - sentinel2.py:78 - 13/13 - S2B_MSIL2A_20221204T092249_R093_T34SFH_20221204T190930 -> REFINED
2025-08-30 16:41:06,731 - INFO - composites.py:250 -                                  
2025-08-30 16:41:06,731 - INFO - composites.py:251 - 13/13 were refined by GRI.
2025-08-30 16:41:06,731 - INFO - composites.py:263 - Looking for up to 10 cleanest images within spatiotemporal range of each MGRS tile
2025-08-30 16:41:06,731 - INFO - composites.py:277 - Filtered cleanest scenes: Kept 13 out of 13 items. 
2025-08-30 16:41:06,731 - INFO - composites.py:278 -         Included MGRS Tiles: ['34SEH' '34SEJ' '34SFH' '34SFJ']
2025-08-30 16:41:06,733 - INFO - composites.py:279 -         Included EPSG codes: [32634]
2025-08-30 16:41:06,733 - INFO - composites.py:281 - Selected scenes:
2025-08-30 16:41:06,733 - INFO - composites.py:283 -         S2A_MSIL2A_20221229T092411_R093_T34SEH_20221230T161444
2025-08-30 16:41:06,733 - INFO - composites.py:283 -         S2A_MSIL2A_20221219T092411_R093_T34SEH_20221220T061409
2025-08-30 16:41:06,733 - INFO - composites.py:283 -         S2B_MSIL2A_20221224T092319_R093_T34SEH_20221225T121118
2025-08-30 16:41:06,735 - INFO - composites.py:283 -         S2A_MSIL2A_20221229T092411_R093_T34SEJ_20221230T151223
2025-08-30 16:41:06,735 - INFO - composites.py:283 -         S2B_MSIL2A_20221224T092319_R093_T34SEJ_20221225T113838
2025-08-30 16:41:06,735 - INFO - composites.py:283 -         S2A_MSIL2A_20221219T092411_R093_T34SEJ_20221220T060234
2025-08-30 16:41:06,735 - INFO - composites.py:283 -         S2A_MSIL2A_20221229T092411_R093_T34SFH_20221230T143154
2025-08-30 16:41:06,735 - INFO - composites.py:283 -         S2A_MSIL2A_20221209T092401_R093_T34SFH_20221210T062805
2025-08-30 16:41:06,735 - INFO - composites.py:283 -         S2B_MSIL2A_20221224T092319_R093_T34SFH_20221225T105922
2025-08-30 16:41:06,735 - INFO - composites.py:283 -         S2B_MSIL2A_20221204T092249_R093_T34SFH_20221204T190930
2025-08-30 16:41:06,735 - INFO - composites.py:283 -         S2A_MSIL2A_20221229T092411_R093_T34SFJ_20221230T154033
2025-08-30 16:41:06,735 - INFO - composites.py:283 -         S2B_MSIL2A_20221224T092319_R093_T34SFJ_20221225T103047
2025-08-30 16:41:06,735 - INFO - composites.py:283 -         S2A_MSIL2A_20221209T092401_R093_T34SFJ_20221210T063830
2025-08-30 16:41:07,118 - INFO - sentinel2.py:154 - Matplotlib backend: Agg
2025-08-30 16:41:07,307 - INFO - sentinel2.py:224 - Write input scenes footprint overlay: //nas-rs.topo.auth.gr/Latomeia/DROUGHT/composites/x09/y11/2022/12/01/S2L2A_medcomp_x09y11_202212_InDataFootprint.jpeg
2025-08-30 16:41:07,534 - INFO - composites.py:297 -                                  
2025-08-30 16:41:07,534 - INFO - composites.py:298 - Downstream STAC items from Planetary Computer
2025-08-30 16:41:07,534 - INFO - timeseries_processing.py:115 -                                  
2025-08-30 16:41:07,534 - INFO - timeseries_processing.py:116 - Loading bands of diferent resolutions in EPSG:32634
2025-08-30 16:41:07,534 - INFO - timeseries_processing.py:120 -     Filtering items with native UTM EPSG:32634
2025-08-30 16:41:07,534 - INFO - timeseries_processing.py:122 -     13 Items in EPSG:32634
2025-08-30 16:41:07,534 - INFO - timeseries_processing.py:129 -                        
2025-08-30 16:41:07,534 - INFO - timeseries_processing.py:130 -     Loading parameters:
2025-08-30 16:41:07,534 - INFO - timeseries_processing.py:131 -         Bands: ['B05', 'B07', 'B8A', 'SCL']
2025-08-30 16:41:07,534 - INFO - timeseries_processing.py:132 -         Spatial resolution: 20
2025-08-30 16:41:07,535 - INFO - timeseries_processing.py:134 -         Get Assets from STAC Items
2025-08-30 16:41:07,535 - INFO - timeseries_processing.py:47 -         Initialize the STAC client
2025-08-30 16:41:08,206 - INFO - timeseries_processing.py:137 -         Loading 13 STAC Items....
2025-08-30 16:41:55,586 - INFO - timeseries_processing.py:146 -         Cube has been downloaded
2025-08-30 16:41:55,586 - INFO - timeseries_processing.py:156 -         Fix order of dimensions
2025-08-30 16:41:55,587 - INFO - timeseries_processing.py:161 -         Append bands to the band-list of EPSG:32634
2025-08-30 16:41:55,588 - INFO - timeseries_processing.py:129 -                        
2025-08-30 16:41:55,588 - INFO - timeseries_processing.py:130 -     Loading parameters:
2025-08-30 16:41:55,588 - INFO - timeseries_processing.py:131 -         Bands: ['B02', 'B03', 'B04']
2025-08-30 16:41:55,588 - INFO - timeseries_processing.py:132 -         Spatial resolution: 10
2025-08-30 16:41:55,588 - INFO - timeseries_processing.py:134 -         Get Assets from STAC Items
2025-08-30 16:41:55,589 - INFO - timeseries_processing.py:47 -         Initialize the STAC client
2025-08-30 16:41:56,128 - INFO - timeseries_processing.py:137 -         Loading 13 STAC Items....
2025-08-30 16:43:10,448 - INFO - timeseries_processing.py:146 -         Cube has been downloaded
2025-08-30 16:43:10,448 - INFO - timeseries_processing.py:149 -         Reproject to downsample 10m bands to 20m by Resampling.average 2x2 binning and shape matching with odc.geo.GeoBox
2025-08-30 16:43:17,687 - INFO - timeseries_processing.py:161 -         Append bands to the band-list of EPSG:32634
2025-08-30 16:43:17,687 - INFO - timeseries_processing.py:165 -                        
2025-08-30 16:43:17,687 - INFO - timeseries_processing.py:166 -     Merging bands in a single dataset
2025-08-30 16:43:17,687 - INFO - timeseries_processing.py:167 -     Ensure all partial datasets are at (x=20, y=-20) resolution
2025-08-30 16:43:17,688 - INFO - timeseries_processing.py:171 -     Clip to the intersection of indexes
2025-08-30 16:43:18,886 - INFO - timeseries_processing.py:180 -     Make a list of bands to merge
2025-08-30 16:43:18,886 - INFO - timeseries_processing.py:184 -     Merge on intersection
2025-08-30 16:43:18,888 - INFO - timeseries_processing.py:192 -     Apply masks on clouds, shadows, thin cirrus, and snow/ice
2025-08-30 16:43:18,888 - INFO - sentinel2.py:122 -                Masking bits: [3, 7, 8, 9, 10, 11]
2025-08-30 16:43:19,490 - INFO - composites.py:307 - Reproject from UTM Zone to Tile geometry -> CRS(EPSG:32634), Resampling.bilinear
2025-08-30 16:43:23,352 - INFO - composites.py:310 -     New shape of datasets: Shape2d(x=2400, y=2400)
2025-08-30 16:43:23,916 - INFO - composites.py:329 - Scale SR to Sen2Cor Baseline 4.00 - Subtract 1000 in dates post 2022-01-25
2025-08-30 16:43:24,669 - INFO - composites.py:342 - Creating preview plot of input scenes
2025-08-30 16:43:47,392 - INFO - timeseries_processing.py:349 - Saved preview for 'B04' to //nas-rs.topo.auth.gr/Latomeia/DROUGHT/composites/x09/y11/2022/12/01/S2L2A_medcomp_x09y11_202212_InDataPreview.jpeg
2025-08-30 16:43:47,396 - INFO - composites.py:348 - Clip value range
2025-08-30 16:43:48,349 - INFO - composites.py:353 -                           
2025-08-30 16:43:48,350 - INFO - composites.py:354 - Computing spectral indices:
2025-08-30 16:43:48,350 - INFO - composites.py:357 -     EVI...
2025-08-30 16:43:49,037 - INFO - composites.py:359 -     NDVI...
2025-08-30 16:43:49,222 - INFO - composites.py:361 -     PSRI2...
2025-08-30 16:43:49,353 - INFO - composites.py:364 - Clip to typical value range
2025-08-30 16:43:49,549 - INFO - composites.py:371 - Reducing to median value temporal composite
2025-08-30 16:44:12,584 - INFO - composites.py:390 - Scale and Define data types & nodata per band
2025-08-30 16:44:12,730 - INFO - composites.py:411 - Assign time range and tile ID in metadata
2025-08-30 16:44:12,730 - INFO - composites.py:419 - Write bands to raster COG files
2025-08-30 16:44:16,645 - INFO - composites.py:432 - Write B02 -> //nas-rs.topo.auth.gr/Latomeia/DROUGHT/composites/x09/y11/2022/12/01/S2L2A_medcomp_x09y11_202212_B02.tif
2025-08-30 16:44:20,434 - INFO - composites.py:432 - Write B03 -> //nas-rs.topo.auth.gr/Latomeia/DROUGHT/composites/x09/y11/2022/12/01/S2L2A_medcomp_x09y11_202212_B03.tif
2025-08-30 16:44:24,451 - INFO - composites.py:432 - Write B04 -> //nas-rs.topo.auth.gr/Latomeia/DROUGHT/composites/x09/y11/2022/12/01/S2L2A_medcomp_x09y11_202212_B04.tif
2025-08-30 16:44:28,792 - INFO - composites.py:432 - Write B05 -> //nas-rs.topo.auth.gr/Latomeia/DROUGHT/composites/x09/y11/2022/12/01/S2L2A_medcomp_x09y11_202212_B05.tif
2025-08-30 16:44:32,613 - INFO - composites.py:432 - Write B07 -> //nas-rs.topo.auth.gr/Latomeia/DROUGHT/composites/x09/y11/2022/12/01/S2L2A_medcomp_x09y11_202212_B07.tif
2025-08-30 16:44:36,556 - INFO - composites.py:432 - Write B8A -> //nas-rs.topo.auth.gr/Latomeia/DROUGHT/composites/x09/y11/2022/12/01/S2L2A_medcomp_x09y11_202212_B8A.tif
2025-08-30 16:44:40,279 - INFO - composites.py:432 - Write EVI -> //nas-rs.topo.auth.gr/Latomeia/DROUGHT/composites/x09/y11/2022/12/01/S2L2A_medcomp_x09y11_202212_EVI.tif
2025-08-30 16:44:44,132 - INFO - composites.py:432 - Write NDVI -> //nas-rs.topo.auth.gr/Latomeia/DROUGHT/composites/x09/y11/2022/12/01/S2L2A_medcomp_x09y11_202212_NDVI.tif
2025-08-30 16:44:47,912 - INFO - composites.py:432 - Write PSRI2 -> //nas-rs.topo.auth.gr/Latomeia/DROUGHT/composites/x09/y11/2022/12/01/S2L2A_medcomp_x09y11_202212_PSRI2.tif
2025-08-30 16:44:47,918 - INFO - composites.py:436 - Prepare metadata YAML document
2025-08-30 16:44:48,388 - INFO - composites.py:458 - Write metadata YAML document to disk
2025-08-30 16:44:48,416 - INFO - composites.py:463 - Create datacube.model.Dataset from eo3 metadata
2025-08-30 16:44:48,427 - INFO - composites.py:476 - Index to datacube
2025-08-30 16:44:48,427 - INFO - _datasets.py:191 - Indexing f94b7b09-467a-4f7a-8adf-1132c77d3bd3
2025-08-30 16:44:48,447 - INFO - composites.py:479 - 
2025-08-30 16:44:48,447 - INFO - composites.py:480 -              ✔✔✔ COMPLETED: Tile x09_y11 | Time: 2022-12 | In 4.94 minutes
2025-08-30 16:44:48,449 - INFO - composites.py:481 - 
2025-08-30 16:44:48,449 - INFO - composites.py:489 - Closing Dask client
2025-08-30 16:44:48,450 - INFO - composites.py:493 - Closing Dask cluster
2025-08-30 16:44:48,450 - INFO - composites.py:494 - #######################################################################
