2025-09-02 21:14:15,838 - INFO - composites.py:102 - #######################################################################
2025-09-02 21:14:15,839 - INFO - composites.py:104 - Processing started
2025-09-02 21:14:15,839 - INFO - composites.py:105 -         Tile: x10_y09
2025-09-02 21:14:15,839 - INFO - composites.py:106 -         Time: 2024-12
2025-09-02 21:14:15,839 - INFO - composites.py:109 -                           
2025-09-02 21:14:15,839 - INFO - composites.py:110 - Establishing connection to datacube
2025-09-02 21:14:16,387 - INFO - composites.py:113 -                           
2025-09-02 21:14:16,387 - INFO - composites.py:114 - Sanity test: Check if dataset already exists in the datacube
2025-09-02 21:14:16,409 - INFO - composites.py:133 - The composite requested was not found and it will be computed
2025-09-02 21:14:16,409 - INFO - composites.py:136 -                                  
2025-09-02 21:14:16,409 - INFO - composites.py:137 - Initializing Dask cluster for parallelization
2025-09-02 21:14:21,396 - INFO - composites.py:161 - Dask dashboard is available at: http://127.0.0.1:8787/status
2025-09-02 21:14:21,396 - INFO - composites.py:164 - Create directories and naming conversions
2025-09-02 21:14:21,407 - INFO - composites.py:177 - Dataset location: //nas-rs.topo.auth.gr/Latomeia/DROUGHT/composites/x10/y09/2024/12/01
2025-09-02 21:14:21,407 - INFO - composites.py:180 -                           
2025-09-02 21:14:21,407 - INFO - composites.py:181 - Retrieve tile geometry
2025-09-02 21:14:21,436 - INFO - composites.py:192 - Create the Bounding Box (φ,λ)
2025-09-02 21:14:21,436 - INFO - composites.py:198 - Create the Bounding Box (x,y)
2025-09-02 21:14:21,436 - INFO - composites.py:211 -                           
2025-09-02 21:14:21,436 - INFO - composites.py:212 - Connect to Planetary Computer STAC Catalog
2025-09-02 21:14:21,725 - INFO - composites.py:220 - Search the STAC Catalog
2025-09-02 21:14:21,795 - INFO - composites.py:232 -         Query parameters:
2025-09-02 21:14:21,795 - INFO - composites.py:233 -             url:          https://planetarycomputer.microsoft.com/api/stac/v1/search
2025-09-02 21:14:21,795 - INFO - composites.py:234 -             client:       microsoft-pc
2025-09-02 21:14:21,795 - INFO - composites.py:235 -             collection:   sentinel-2-l2a
2025-09-02 21:14:21,795 - INFO - composites.py:236 -             bbox:         (22.393231098837152, 37.29127558081356, 23.05741948027706, 37.8424745721664)
2025-09-02 21:14:21,795 - INFO - composites.py:237 -             time range:   2024-12-01T00:00:00Z/2024-12-31T23:59:59Z
2025-09-02 21:14:21,795 - INFO - composites.py:238 -             cloud cover:  0% - 70%
2025-09-02 21:14:21,795 - INFO - composites.py:239 -             nodata cover: 0% - 33%
2025-09-02 21:14:21,795 - INFO - composites.py:241 -                           
2025-09-02 21:14:21,795 - INFO - composites.py:242 - Searching...
2025-09-02 21:14:22,202 - INFO - composites.py:245 - Query found 12 items
2025-09-02 21:14:22,202 - INFO - composites.py:247 - Searching for GRI REFINED scenes:
2025-09-02 21:14:26,950 - INFO - sentinel2.py:78 - 1/12 - S2B_MSIL2A_20241230T091309_R050_T34SFG_20241230T101149 -> REFINED
2025-09-02 21:14:31,190 - INFO - sentinel2.py:78 - 2/12 - S2A_MSIL2A_20241228T092411_R093_T34SFH_20241228T124054 -> REFINED
2025-09-02 21:14:35,884 - INFO - sentinel2.py:78 - 3/12 - S2A_MSIL2A_20241228T092411_R093_T34SFG_20241228T124054 -> REFINED
2025-09-02 21:14:40,498 - INFO - sentinel2.py:78 - 4/12 - S2B_MSIL2A_20241220T091309_R050_T34SFG_20241220T101331 -> REFINED
2025-09-02 21:14:45,124 - INFO - sentinel2.py:78 - 5/12 - S2A_MSIL2A_20241218T092411_R093_T34SFH_20241218T133205 -> REFINED
2025-09-02 21:14:48,335 - INFO - sentinel2.py:78 - 6/12 - S2A_MSIL2A_20241218T092411_R093_T34SFG_20241218T133205 -> REFINED
2025-09-02 21:14:52,894 - INFO - sentinel2.py:78 - 7/12 - S2B_MSIL2A_20241213T092309_R093_T34SFH_20241213T115257 -> REFINED
2025-09-02 21:14:57,655 - INFO - sentinel2.py:78 - 8/12 - S2B_MSIL2A_20241213T092309_R093_T34SFG_20241213T115257 -> REFINED
2025-09-02 21:15:02,267 - INFO - sentinel2.py:78 - 9/12 - S2B_MSIL2A_20241210T091309_R050_T34SFG_20241210T101328 -> REFINED
2025-09-02 21:15:06,588 - INFO - sentinel2.py:78 - 10/12 - S2A_MSIL2A_20241208T092401_R093_T34SFH_20241208T135805 -> REFINED
2025-09-02 21:15:11,257 - INFO - sentinel2.py:78 - 11/12 - S2B_MSIL2A_20241203T092259_R093_T34SFH_20241203T105527 -> REFINED
2025-09-02 21:15:15,432 - INFO - sentinel2.py:78 - 12/12 - S2B_MSIL2A_20241203T092259_R093_T34SFG_20241203T105527 -> REFINED
2025-09-02 21:15:15,487 - INFO - composites.py:250 -                                  
2025-09-02 21:15:15,488 - INFO - composites.py:251 - 12/12 were refined by GRI.
2025-09-02 21:15:15,489 - INFO - composites.py:263 - Looking for up to 10 cleanest images within spatiotemporal range of each MGRS tile
2025-09-02 21:15:15,489 - INFO - composites.py:277 - Filtered cleanest scenes: Kept 12 out of 12 items. 
2025-09-02 21:15:15,490 - INFO - composites.py:278 -         Included MGRS Tiles: ['34SFG' '34SFH']
2025-09-02 21:15:15,490 - INFO - composites.py:279 -         Included EPSG codes: [32634]
2025-09-02 21:15:15,490 - INFO - composites.py:281 - Selected scenes:
2025-09-02 21:15:15,490 - INFO - composites.py:283 -         S2B_MSIL2A_20241230T091309_R050_T34SFG_20241230T101149
2025-09-02 21:15:15,490 - INFO - composites.py:283 -         S2A_MSIL2A_20241218T092411_R093_T34SFG_20241218T133205
2025-09-02 21:15:15,490 - INFO - composites.py:283 -         S2B_MSIL2A_20241213T092309_R093_T34SFG_20241213T115257
2025-09-02 21:15:15,491 - INFO - composites.py:283 -         S2A_MSIL2A_20241228T092411_R093_T34SFG_20241228T124054
2025-09-02 21:15:15,491 - INFO - composites.py:283 -         S2B_MSIL2A_20241203T092259_R093_T34SFG_20241203T105527
2025-09-02 21:15:15,491 - INFO - composites.py:283 -         S2B_MSIL2A_20241210T091309_R050_T34SFG_20241210T101328
2025-09-02 21:15:15,491 - INFO - composites.py:283 -         S2B_MSIL2A_20241220T091309_R050_T34SFG_20241220T101331
2025-09-02 21:15:15,491 - INFO - composites.py:283 -         S2A_MSIL2A_20241218T092411_R093_T34SFH_20241218T133205
2025-09-02 21:15:15,491 - INFO - composites.py:283 -         S2B_MSIL2A_20241213T092309_R093_T34SFH_20241213T115257
2025-09-02 21:15:15,491 - INFO - composites.py:283 -         S2A_MSIL2A_20241228T092411_R093_T34SFH_20241228T124054
2025-09-02 21:15:15,491 - INFO - composites.py:283 -         S2B_MSIL2A_20241203T092259_R093_T34SFH_20241203T105527
2025-09-02 21:15:15,491 - INFO - composites.py:283 -         S2A_MSIL2A_20241208T092401_R093_T34SFH_20241208T135805
2025-09-02 21:15:15,866 - INFO - sentinel2.py:154 - Matplotlib backend: Agg
2025-09-02 21:15:16,036 - INFO - sentinel2.py:224 - Write input scenes footprint overlay: //nas-rs.topo.auth.gr/Latomeia/DROUGHT/composites/x10/y09/2024/12/01/S2L2A_medcomp_x10y09_202412_InDataFootprint.jpeg
2025-09-02 21:15:16,243 - INFO - composites.py:297 -                                  
2025-09-02 21:15:16,243 - INFO - composites.py:298 - Downstream STAC items from Planetary Computer
2025-09-02 21:15:16,243 - INFO - timeseries_processing.py:115 -                                  
2025-09-02 21:15:16,243 - INFO - timeseries_processing.py:116 - Loading bands of diferent resolutions in EPSG:32634
2025-09-02 21:15:16,243 - INFO - timeseries_processing.py:120 -     Filtering items with native UTM EPSG:32634
2025-09-02 21:15:16,243 - INFO - timeseries_processing.py:122 -     12 Items in EPSG:32634
2025-09-02 21:15:16,243 - INFO - timeseries_processing.py:129 -                        
2025-09-02 21:15:16,243 - INFO - timeseries_processing.py:130 -     Loading parameters:
2025-09-02 21:15:16,243 - INFO - timeseries_processing.py:131 -         Bands: ['B05', 'B07', 'B8A', 'SCL']
2025-09-02 21:15:16,243 - INFO - timeseries_processing.py:132 -         Spatial resolution: 20
2025-09-02 21:15:16,243 - INFO - timeseries_processing.py:134 -         Get Assets from STAC Items
2025-09-02 21:15:16,243 - INFO - timeseries_processing.py:47 -         Initialize the STAC client
2025-09-02 21:15:16,851 - INFO - timeseries_processing.py:137 -         Loading 12 STAC Items....
2025-09-02 21:16:09,983 - INFO - timeseries_processing.py:146 -         Cube has been downloaded
2025-09-02 21:16:09,983 - INFO - timeseries_processing.py:156 -         Fix order of dimensions
2025-09-02 21:16:09,986 - INFO - timeseries_processing.py:161 -         Append bands to the band-list of EPSG:32634
2025-09-02 21:16:09,986 - INFO - timeseries_processing.py:129 -                        
2025-09-02 21:16:09,987 - INFO - timeseries_processing.py:130 -     Loading parameters:
2025-09-02 21:16:09,987 - INFO - timeseries_processing.py:131 -         Bands: ['B02', 'B03', 'B04']
2025-09-02 21:16:09,990 - INFO - timeseries_processing.py:132 -         Spatial resolution: 10
2025-09-02 21:16:09,990 - INFO - timeseries_processing.py:134 -         Get Assets from STAC Items
2025-09-02 21:16:09,990 - INFO - timeseries_processing.py:47 -         Initialize the STAC client
2025-09-02 21:16:10,583 - INFO - timeseries_processing.py:137 -         Loading 12 STAC Items....
2025-09-02 21:18:12,586 - INFO - timeseries_processing.py:146 -         Cube has been downloaded
2025-09-02 21:18:12,586 - INFO - timeseries_processing.py:149 -         Reproject to downsample 10m bands to 20m by Resampling.average 2x2 binning and shape matching with odc.geo.GeoBox
2025-09-02 21:18:24,353 - INFO - timeseries_processing.py:161 -         Append bands to the band-list of EPSG:32634
2025-09-02 21:18:24,353 - INFO - timeseries_processing.py:165 -                        
2025-09-02 21:18:24,353 - INFO - timeseries_processing.py:166 -     Merging bands in a single dataset
2025-09-02 21:18:24,354 - INFO - timeseries_processing.py:167 -     Ensure all partial datasets are at (x=20, y=-20) resolution
2025-09-02 21:18:24,354 - INFO - timeseries_processing.py:171 -     Clip to the intersection of indexes
2025-09-02 21:18:25,586 - INFO - timeseries_processing.py:180 -     Make a list of bands to merge
2025-09-02 21:18:25,587 - INFO - timeseries_processing.py:184 -     Merge on intersection
2025-09-02 21:18:25,589 - INFO - timeseries_processing.py:192 -     Apply masks on clouds, shadows, thin cirrus, and snow/ice
2025-09-02 21:18:25,589 - INFO - sentinel2.py:122 -                Masking bits: [3, 7, 8, 9, 10, 11]
2025-09-02 21:18:26,593 - INFO - composites.py:307 - Reproject from UTM Zone to Tile geometry -> CRS(EPSG:32634), Resampling.bilinear
2025-09-02 21:18:32,313 - INFO - composites.py:310 -     New shape of datasets: Shape2d(x=2400, y=2400)
2025-09-02 21:18:32,889 - INFO - composites.py:329 - Scale SR to Sen2Cor Baseline 4.00 - Subtract 1000 in dates post 2022-01-25
2025-09-02 21:18:34,175 - INFO - composites.py:342 - Creating preview plot of input scenes
2025-09-02 21:19:03,260 - INFO - timeseries_processing.py:349 - Saved preview for 'B04' to //nas-rs.topo.auth.gr/Latomeia/DROUGHT/composites/x10/y09/2024/12/01/S2L2A_medcomp_x10y09_202412_InDataPreview.jpeg
2025-09-02 21:19:03,268 - INFO - composites.py:348 - Clip value range
2025-09-02 21:19:05,091 - INFO - composites.py:353 -                           
2025-09-02 21:19:05,092 - INFO - composites.py:354 - Computing spectral indices:
2025-09-02 21:19:05,092 - INFO - composites.py:357 -     EVI...
2025-09-02 21:19:06,066 - INFO - composites.py:359 -     NDVI...
2025-09-02 21:19:06,466 - INFO - composites.py:361 -     PSRI2...
2025-09-02 21:19:06,708 - INFO - composites.py:364 - Clip to typical value range
2025-09-02 21:19:07,062 - INFO - composites.py:371 - Reducing to median value temporal composite
2025-09-02 21:19:37,825 - INFO - composites.py:390 - Scale and Define data types & nodata per band
2025-09-02 21:19:38,056 - INFO - composites.py:411 - Assign time range and tile ID in metadata
2025-09-02 21:19:38,058 - INFO - composites.py:419 - Write bands to raster COG files
2025-09-02 21:19:43,490 - INFO - composites.py:432 - Write B02 -> //nas-rs.topo.auth.gr/Latomeia/DROUGHT/composites/x10/y09/2024/12/01/S2L2A_medcomp_x10y09_202412_B02.tif
2025-09-02 21:19:48,397 - INFO - composites.py:432 - Write B03 -> //nas-rs.topo.auth.gr/Latomeia/DROUGHT/composites/x10/y09/2024/12/01/S2L2A_medcomp_x10y09_202412_B03.tif
2025-09-02 21:19:52,879 - INFO - composites.py:432 - Write B04 -> //nas-rs.topo.auth.gr/Latomeia/DROUGHT/composites/x10/y09/2024/12/01/S2L2A_medcomp_x10y09_202412_B04.tif
2025-09-02 21:19:57,459 - INFO - composites.py:432 - Write B05 -> //nas-rs.topo.auth.gr/Latomeia/DROUGHT/composites/x10/y09/2024/12/01/S2L2A_medcomp_x10y09_202412_B05.tif
2025-09-02 21:20:01,610 - INFO - composites.py:432 - Write B07 -> //nas-rs.topo.auth.gr/Latomeia/DROUGHT/composites/x10/y09/2024/12/01/S2L2A_medcomp_x10y09_202412_B07.tif
2025-09-02 21:20:05,493 - INFO - composites.py:432 - Write B8A -> //nas-rs.topo.auth.gr/Latomeia/DROUGHT/composites/x10/y09/2024/12/01/S2L2A_medcomp_x10y09_202412_B8A.tif
2025-09-02 21:20:10,213 - INFO - composites.py:432 - Write EVI -> //nas-rs.topo.auth.gr/Latomeia/DROUGHT/composites/x10/y09/2024/12/01/S2L2A_medcomp_x10y09_202412_EVI.tif
2025-09-02 21:20:14,241 - INFO - composites.py:432 - Write NDVI -> //nas-rs.topo.auth.gr/Latomeia/DROUGHT/composites/x10/y09/2024/12/01/S2L2A_medcomp_x10y09_202412_NDVI.tif
2025-09-02 21:20:18,073 - INFO - composites.py:432 - Write PSRI2 -> //nas-rs.topo.auth.gr/Latomeia/DROUGHT/composites/x10/y09/2024/12/01/S2L2A_medcomp_x10y09_202412_PSRI2.tif
2025-09-02 21:20:18,073 - INFO - composites.py:436 - Prepare metadata YAML document
2025-09-02 21:20:18,553 - INFO - composites.py:458 - Write metadata YAML document to disk
2025-09-02 21:20:18,597 - INFO - composites.py:463 - Create datacube.model.Dataset from eo3 metadata
2025-09-02 21:20:18,608 - INFO - composites.py:476 - Index to datacube
2025-09-02 21:20:18,608 - INFO - _datasets.py:191 - Indexing 6fd53448-d0a9-4d85-bf38-3017a1353342
2025-09-02 21:20:18,614 - INFO - composites.py:479 - 
2025-09-02 21:20:18,616 - INFO - composites.py:480 -              ✔✔✔ COMPLETED: Tile x10_y09 | Time: 2024-12 | In 6.05 minutes
2025-09-02 21:20:18,616 - INFO - composites.py:481 - 
2025-09-02 21:20:18,616 - INFO - composites.py:489 - Closing Dask client
2025-09-02 21:20:18,618 - INFO - composites.py:493 - Closing Dask cluster
2025-09-02 21:20:18,618 - INFO - composites.py:494 - #######################################################################
