2025-09-02 20:09:55,513 - INFO - composites.py:102 - #######################################################################
2025-09-02 20:09:55,513 - INFO - composites.py:104 - Processing started
2025-09-02 20:09:55,513 - INFO - composites.py:105 -         Tile: x09_y07
2025-09-02 20:09:55,513 - INFO - composites.py:106 -         Time: 2024-12
2025-09-02 20:09:55,513 - INFO - composites.py:109 -                           
2025-09-02 20:09:55,513 - INFO - composites.py:110 - Establishing connection to datacube
2025-09-02 20:09:56,025 - INFO - composites.py:113 -                           
2025-09-02 20:09:56,025 - INFO - composites.py:114 - Sanity test: Check if dataset already exists in the datacube
2025-09-02 20:09:56,047 - INFO - composites.py:133 - The composite requested was not found and it will be computed
2025-09-02 20:09:56,047 - INFO - composites.py:136 -                                  
2025-09-02 20:09:56,047 - INFO - composites.py:137 - Initializing Dask cluster for parallelization
2025-09-02 20:10:01,009 - INFO - composites.py:161 - Dask dashboard is available at: http://127.0.0.1:8787/status
2025-09-02 20:10:01,009 - INFO - composites.py:164 - Create directories and naming conversions
2025-09-02 20:10:01,021 - INFO - composites.py:177 - Dataset location: //nas-rs.topo.auth.gr/Latomeia/DROUGHT/composites/x09/y07/2024/12/01
2025-09-02 20:10:01,021 - INFO - composites.py:180 -                           
2025-09-02 20:10:01,021 - INFO - composites.py:181 - Retrieve tile geometry
2025-09-02 20:10:01,050 - INFO - composites.py:192 - Create the Bounding Box (φ,λ)
2025-09-02 20:10:01,050 - INFO - composites.py:198 - Create the Bounding Box (x,y)
2025-09-02 20:10:01,050 - INFO - composites.py:211 -                           
2025-09-02 20:10:01,050 - INFO - composites.py:212 - Connect to Planetary Computer STAC Catalog
2025-09-02 20:10:01,258 - INFO - composites.py:220 - Search the STAC Catalog
2025-09-02 20:10:01,328 - INFO - composites.py:232 -         Query parameters:
2025-09-02 20:10:01,328 - INFO - composites.py:233 -             url:          https://planetarycomputer.microsoft.com/api/stac/v1/search
2025-09-02 20:10:01,328 - INFO - composites.py:234 -             client:       microsoft-pc
2025-09-02 20:10:01,328 - INFO - composites.py:235 -             collection:   sentinel-2-l2a
2025-09-02 20:10:01,328 - INFO - composites.py:236 -             bbox:         (21.713272741353347, 36.503467455742786, 22.3662065071609, 37.05185939680514)
2025-09-02 20:10:01,328 - INFO - composites.py:237 -             time range:   2024-12-01T00:00:00Z/2024-12-31T23:59:59Z
2025-09-02 20:10:01,328 - INFO - composites.py:238 -             cloud cover:  0% - 70%
2025-09-02 20:10:01,328 - INFO - composites.py:239 -             nodata cover: 0% - 33%
2025-09-02 20:10:01,328 - INFO - composites.py:241 -                           
2025-09-02 20:10:01,328 - INFO - composites.py:242 - Searching...
2025-09-02 20:10:01,868 - INFO - composites.py:245 - Query found 25 items
2025-09-02 20:10:01,868 - INFO - composites.py:247 - Searching for GRI REFINED scenes:
2025-09-02 20:10:06,602 - INFO - sentinel2.py:78 - 1/25 - S2B_MSIL2A_20241230T091309_R050_T34SFG_20241230T101149 -> REFINED
2025-09-02 20:10:10,837 - INFO - sentinel2.py:78 - 2/25 - S2B_MSIL2A_20241230T091309_R050_T34SFF_20241230T101149 -> REFINED
2025-09-02 20:10:15,402 - INFO - sentinel2.py:78 - 3/25 - S2A_MSIL2A_20241228T092411_R093_T34SFG_20241228T124054 -> REFINED
2025-09-02 20:10:19,880 - INFO - sentinel2.py:78 - 4/25 - S2A_MSIL2A_20241228T092411_R093_T34SFF_20241228T124054 -> REFINED
2025-09-02 20:10:23,827 - INFO - sentinel2.py:78 - 5/25 - S2A_MSIL2A_20241228T092411_R093_T34SEG_20241228T124054 -> REFINED
2025-09-02 20:10:28,713 - INFO - sentinel2.py:78 - 6/25 - S2A_MSIL2A_20241228T092411_R093_T34SEF_20241228T124054 -> REFINED
2025-09-02 20:10:33,264 - INFO - sentinel2.py:78 - 7/25 - S2B_MSIL2A_20241223T092319_R093_T34SFF_20241223T115136 -> REFINED
2025-09-02 20:10:37,893 - INFO - sentinel2.py:78 - 8/25 - S2B_MSIL2A_20241220T091309_R050_T34SFG_20241220T101331 -> REFINED
2025-09-02 20:10:42,446 - INFO - sentinel2.py:78 - 9/25 - S2B_MSIL2A_20241220T091309_R050_T34SFF_20241220T101331 -> REFINED
2025-09-02 20:10:47,128 - INFO - sentinel2.py:78 - 10/25 - S2A_MSIL2A_20241218T092411_R093_T34SFG_20241218T133205 -> REFINED
2025-09-02 20:10:50,698 - INFO - sentinel2.py:78 - 11/25 - S2A_MSIL2A_20241218T092411_R093_T34SFF_20241218T133205 -> REFINED
2025-09-02 20:10:55,311 - INFO - sentinel2.py:78 - 12/25 - S2A_MSIL2A_20241218T092411_R093_T34SEG_20241218T133205 -> REFINED
2025-09-02 20:10:59,397 - INFO - sentinel2.py:78 - 13/25 - S2A_MSIL2A_20241218T092411_R093_T34SEF_20241218T133205 -> REFINED
2025-09-02 20:11:03,553 - INFO - sentinel2.py:78 - 14/25 - S2B_MSIL2A_20241213T092309_R093_T34SFG_20241213T115257 -> REFINED
2025-09-02 20:11:08,024 - INFO - sentinel2.py:78 - 15/25 - S2B_MSIL2A_20241213T092309_R093_T34SFF_20241213T115257 -> REFINED
2025-09-02 20:11:12,105 - INFO - sentinel2.py:78 - 16/25 - S2B_MSIL2A_20241213T092309_R093_T34SEG_20241213T115257 -> REFINED
2025-09-02 20:11:16,275 - INFO - sentinel2.py:78 - 17/25 - S2B_MSIL2A_20241213T092309_R093_T34SEF_20241213T115257 -> REFINED
2025-09-02 20:11:20,400 - INFO - sentinel2.py:78 - 18/25 - S2B_MSIL2A_20241210T091309_R050_T34SFG_20241210T101328 -> REFINED
2025-09-02 20:11:24,488 - INFO - sentinel2.py:78 - 19/25 - S2B_MSIL2A_20241210T091309_R050_T34SFF_20241210T101328 -> REFINED
2025-09-02 20:11:27,939 - INFO - sentinel2.py:78 - 20/25 - S2A_MSIL2A_20241208T092401_R093_T34SEG_20241208T135805 -> REFINED
2025-09-02 20:11:31,335 - INFO - sentinel2.py:78 - 21/25 - S2A_MSIL2A_20241208T092401_R093_T34SEF_20241208T135805 -> REFINED
2025-09-02 20:11:35,956 - INFO - sentinel2.py:78 - 22/25 - S2B_MSIL2A_20241203T092259_R093_T34SFG_20241203T105527 -> REFINED
2025-09-02 20:11:39,383 - INFO - sentinel2.py:78 - 23/25 - S2B_MSIL2A_20241203T092259_R093_T34SFF_20241203T105527 -> REFINED
2025-09-02 20:11:42,857 - INFO - sentinel2.py:78 - 24/25 - S2B_MSIL2A_20241203T092259_R093_T34SEG_20241203T105527 -> REFINED
2025-09-02 20:11:46,943 - INFO - sentinel2.py:78 - 25/25 - S2B_MSIL2A_20241203T092259_R093_T34SEF_20241203T105527 -> REFINED
2025-09-02 20:11:46,985 - INFO - composites.py:250 -                                  
2025-09-02 20:11:46,990 - INFO - composites.py:251 - 25/25 were refined by GRI.
2025-09-02 20:11:46,991 - INFO - composites.py:263 - Looking for up to 10 cleanest images within spatiotemporal range of each MGRS tile
2025-09-02 20:11:46,992 - INFO - composites.py:277 - Filtered cleanest scenes: Kept 25 out of 25 items. 
2025-09-02 20:11:46,992 - INFO - composites.py:278 -         Included MGRS Tiles: ['34SEF' '34SEG' '34SFF' '34SFG']
2025-09-02 20:11:46,992 - INFO - composites.py:279 -         Included EPSG codes: [32634]
2025-09-02 20:11:47,002 - INFO - composites.py:281 - Selected scenes:
2025-09-02 20:11:47,012 - INFO - composites.py:283 -         S2B_MSIL2A_20241213T092309_R093_T34SEF_20241213T115257
2025-09-02 20:11:47,012 - INFO - composites.py:283 -         S2A_MSIL2A_20241218T092411_R093_T34SEF_20241218T133205
2025-09-02 20:11:47,013 - INFO - composites.py:283 -         S2B_MSIL2A_20241203T092259_R093_T34SEF_20241203T105527
2025-09-02 20:11:47,013 - INFO - composites.py:283 -         S2A_MSIL2A_20241228T092411_R093_T34SEF_20241228T124054
2025-09-02 20:11:47,013 - INFO - composites.py:283 -         S2A_MSIL2A_20241208T092401_R093_T34SEF_20241208T135805
2025-09-02 20:11:47,013 - INFO - composites.py:283 -         S2A_MSIL2A_20241218T092411_R093_T34SEG_20241218T133205
2025-09-02 20:11:47,019 - INFO - composites.py:283 -         S2B_MSIL2A_20241213T092309_R093_T34SEG_20241213T115257
2025-09-02 20:11:47,023 - INFO - composites.py:283 -         S2A_MSIL2A_20241228T092411_R093_T34SEG_20241228T124054
2025-09-02 20:11:47,028 - INFO - composites.py:283 -         S2B_MSIL2A_20241203T092259_R093_T34SEG_20241203T105527
2025-09-02 20:11:47,029 - INFO - composites.py:283 -         S2A_MSIL2A_20241208T092401_R093_T34SEG_20241208T135805
2025-09-02 20:11:47,029 - INFO - composites.py:283 -         S2A_MSIL2A_20241218T092411_R093_T34SFF_20241218T133205
2025-09-02 20:11:47,029 - INFO - composites.py:283 -         S2B_MSIL2A_20241213T092309_R093_T34SFF_20241213T115257
2025-09-02 20:11:47,029 - INFO - composites.py:283 -         S2B_MSIL2A_20241203T092259_R093_T34SFF_20241203T105527
2025-09-02 20:11:47,029 - INFO - composites.py:283 -         S2B_MSIL2A_20241230T091309_R050_T34SFF_20241230T101149
2025-09-02 20:11:47,029 - INFO - composites.py:283 -         S2A_MSIL2A_20241228T092411_R093_T34SFF_20241228T124054
2025-09-02 20:11:47,030 - INFO - composites.py:283 -         S2B_MSIL2A_20241210T091309_R050_T34SFF_20241210T101328
2025-09-02 20:11:47,030 - INFO - composites.py:283 -         S2B_MSIL2A_20241220T091309_R050_T34SFF_20241220T101331
2025-09-02 20:11:47,030 - INFO - composites.py:283 -         S2B_MSIL2A_20241223T092319_R093_T34SFF_20241223T115136
2025-09-02 20:11:47,030 - INFO - composites.py:283 -         S2B_MSIL2A_20241230T091309_R050_T34SFG_20241230T101149
2025-09-02 20:11:47,030 - INFO - composites.py:283 -         S2A_MSIL2A_20241218T092411_R093_T34SFG_20241218T133205
2025-09-02 20:11:47,030 - INFO - composites.py:283 -         S2B_MSIL2A_20241213T092309_R093_T34SFG_20241213T115257
2025-09-02 20:11:47,030 - INFO - composites.py:283 -         S2A_MSIL2A_20241228T092411_R093_T34SFG_20241228T124054
2025-09-02 20:11:47,030 - INFO - composites.py:283 -         S2B_MSIL2A_20241203T092259_R093_T34SFG_20241203T105527
2025-09-02 20:11:47,030 - INFO - composites.py:283 -         S2B_MSIL2A_20241210T091309_R050_T34SFG_20241210T101328
2025-09-02 20:11:47,030 - INFO - composites.py:283 -         S2B_MSIL2A_20241220T091309_R050_T34SFG_20241220T101331
2025-09-02 20:11:47,341 - INFO - sentinel2.py:154 - Matplotlib backend: Agg
2025-09-02 20:11:47,684 - INFO - sentinel2.py:224 - Write input scenes footprint overlay: //nas-rs.topo.auth.gr/Latomeia/DROUGHT/composites/x09/y07/2024/12/01/S2L2A_medcomp_x09y07_202412_InDataFootprint.jpeg
2025-09-02 20:11:47,905 - INFO - composites.py:297 -                                  
2025-09-02 20:11:47,905 - INFO - composites.py:298 - Downstream STAC items from Planetary Computer
2025-09-02 20:11:47,905 - INFO - timeseries_processing.py:115 -                                  
2025-09-02 20:11:47,905 - INFO - timeseries_processing.py:116 - Loading bands of diferent resolutions in EPSG:32634
2025-09-02 20:11:47,905 - INFO - timeseries_processing.py:120 -     Filtering items with native UTM EPSG:32634
2025-09-02 20:11:47,905 - INFO - timeseries_processing.py:122 -     25 Items in EPSG:32634
2025-09-02 20:11:47,905 - INFO - timeseries_processing.py:129 -                        
2025-09-02 20:11:47,905 - INFO - timeseries_processing.py:130 -     Loading parameters:
2025-09-02 20:11:47,905 - INFO - timeseries_processing.py:131 -         Bands: ['B05', 'B07', 'B8A', 'SCL']
2025-09-02 20:11:47,905 - INFO - timeseries_processing.py:132 -         Spatial resolution: 20
2025-09-02 20:11:47,905 - INFO - timeseries_processing.py:134 -         Get Assets from STAC Items
2025-09-02 20:11:47,906 - INFO - timeseries_processing.py:47 -         Initialize the STAC client
2025-09-02 20:11:48,657 - INFO - timeseries_processing.py:137 -         Loading 25 STAC Items....
2025-09-02 20:12:57,716 - INFO - timeseries_processing.py:146 -         Cube has been downloaded
2025-09-02 20:12:57,716 - INFO - timeseries_processing.py:156 -         Fix order of dimensions
2025-09-02 20:12:57,718 - INFO - timeseries_processing.py:161 -         Append bands to the band-list of EPSG:32634
2025-09-02 20:12:57,719 - INFO - timeseries_processing.py:129 -                        
2025-09-02 20:12:57,719 - INFO - timeseries_processing.py:130 -     Loading parameters:
2025-09-02 20:12:57,719 - INFO - timeseries_processing.py:131 -         Bands: ['B02', 'B03', 'B04']
2025-09-02 20:12:57,719 - INFO - timeseries_processing.py:132 -         Spatial resolution: 10
2025-09-02 20:12:57,719 - INFO - timeseries_processing.py:134 -         Get Assets from STAC Items
2025-09-02 20:12:57,719 - INFO - timeseries_processing.py:47 -         Initialize the STAC client
2025-09-02 20:12:58,366 - INFO - timeseries_processing.py:137 -         Loading 25 STAC Items....
2025-09-02 20:16:06,380 - INFO - timeseries_processing.py:146 -         Cube has been downloaded
2025-09-02 20:16:06,380 - INFO - timeseries_processing.py:149 -         Reproject to downsample 10m bands to 20m by Resampling.average 2x2 binning and shape matching with odc.geo.GeoBox
2025-09-02 20:16:18,921 - INFO - timeseries_processing.py:161 -         Append bands to the band-list of EPSG:32634
2025-09-02 20:16:18,921 - INFO - timeseries_processing.py:165 -                        
2025-09-02 20:16:18,922 - INFO - timeseries_processing.py:166 -     Merging bands in a single dataset
2025-09-02 20:16:18,922 - INFO - timeseries_processing.py:167 -     Ensure all partial datasets are at (x=20, y=-20) resolution
2025-09-02 20:16:18,922 - INFO - timeseries_processing.py:171 -     Clip to the intersection of indexes
2025-09-02 20:16:19,928 - INFO - timeseries_processing.py:180 -     Make a list of bands to merge
2025-09-02 20:16:19,929 - INFO - timeseries_processing.py:184 -     Merge on intersection
2025-09-02 20:16:19,929 - INFO - timeseries_processing.py:192 -     Apply masks on clouds, shadows, thin cirrus, and snow/ice
2025-09-02 20:16:19,929 - INFO - sentinel2.py:122 -                Masking bits: [3, 7, 8, 9, 10, 11]
2025-09-02 20:16:20,974 - INFO - composites.py:307 - Reproject from UTM Zone to Tile geometry -> CRS(EPSG:32634), Resampling.bilinear
2025-09-02 20:16:27,106 - INFO - composites.py:310 -     New shape of datasets: Shape2d(x=2400, y=2400)
2025-09-02 20:16:27,881 - INFO - composites.py:329 - Scale SR to Sen2Cor Baseline 4.00 - Subtract 1000 in dates post 2022-01-25
2025-09-02 20:16:29,304 - INFO - composites.py:342 - Creating preview plot of input scenes
2025-09-02 20:17:00,798 - INFO - timeseries_processing.py:349 - Saved preview for 'B04' to //nas-rs.topo.auth.gr/Latomeia/DROUGHT/composites/x09/y07/2024/12/01/S2L2A_medcomp_x09y07_202412_InDataPreview.jpeg
2025-09-02 20:17:00,804 - INFO - composites.py:348 - Clip value range
2025-09-02 20:17:02,600 - INFO - composites.py:353 -                           
2025-09-02 20:17:02,611 - INFO - composites.py:354 - Computing spectral indices:
2025-09-02 20:17:02,613 - INFO - composites.py:357 -     EVI...
2025-09-02 20:17:03,848 - INFO - composites.py:359 -     NDVI...
2025-09-02 20:17:04,255 - INFO - composites.py:361 -     PSRI2...
2025-09-02 20:17:04,511 - INFO - composites.py:364 - Clip to typical value range
2025-09-02 20:17:04,810 - INFO - composites.py:371 - Reducing to median value temporal composite
2025-09-02 20:17:31,518 - INFO - composites.py:390 - Scale and Define data types & nodata per band
2025-09-02 20:17:31,660 - INFO - composites.py:411 - Assign time range and tile ID in metadata
2025-09-02 20:17:31,660 - INFO - composites.py:419 - Write bands to raster COG files
2025-09-02 20:17:35,394 - INFO - composites.py:432 - Write B02 -> //nas-rs.topo.auth.gr/Latomeia/DROUGHT/composites/x09/y07/2024/12/01/S2L2A_medcomp_x09y07_202412_B02.tif
2025-09-02 20:17:39,192 - INFO - composites.py:432 - Write B03 -> //nas-rs.topo.auth.gr/Latomeia/DROUGHT/composites/x09/y07/2024/12/01/S2L2A_medcomp_x09y07_202412_B03.tif
2025-09-02 20:17:42,986 - INFO - composites.py:432 - Write B04 -> //nas-rs.topo.auth.gr/Latomeia/DROUGHT/composites/x09/y07/2024/12/01/S2L2A_medcomp_x09y07_202412_B04.tif
2025-09-02 20:17:47,185 - INFO - composites.py:432 - Write B05 -> //nas-rs.topo.auth.gr/Latomeia/DROUGHT/composites/x09/y07/2024/12/01/S2L2A_medcomp_x09y07_202412_B05.tif
2025-09-02 20:17:51,423 - INFO - composites.py:432 - Write B07 -> //nas-rs.topo.auth.gr/Latomeia/DROUGHT/composites/x09/y07/2024/12/01/S2L2A_medcomp_x09y07_202412_B07.tif
2025-09-02 20:17:55,275 - INFO - composites.py:432 - Write B8A -> //nas-rs.topo.auth.gr/Latomeia/DROUGHT/composites/x09/y07/2024/12/01/S2L2A_medcomp_x09y07_202412_B8A.tif
2025-09-02 20:17:59,338 - INFO - composites.py:432 - Write EVI -> //nas-rs.topo.auth.gr/Latomeia/DROUGHT/composites/x09/y07/2024/12/01/S2L2A_medcomp_x09y07_202412_EVI.tif
2025-09-02 20:18:03,199 - INFO - composites.py:432 - Write NDVI -> //nas-rs.topo.auth.gr/Latomeia/DROUGHT/composites/x09/y07/2024/12/01/S2L2A_medcomp_x09y07_202412_NDVI.tif
2025-09-02 20:18:06,885 - INFO - composites.py:432 - Write PSRI2 -> //nas-rs.topo.auth.gr/Latomeia/DROUGHT/composites/x09/y07/2024/12/01/S2L2A_medcomp_x09y07_202412_PSRI2.tif
2025-09-02 20:18:06,885 - INFO - composites.py:436 - Prepare metadata YAML document
2025-09-02 20:18:07,416 - INFO - composites.py:458 - Write metadata YAML document to disk
2025-09-02 20:18:07,445 - INFO - composites.py:463 - Create datacube.model.Dataset from eo3 metadata
2025-09-02 20:18:07,484 - INFO - composites.py:476 - Index to datacube
2025-09-02 20:18:07,485 - INFO - _datasets.py:191 - Indexing 58126e10-bc8d-4cbe-80d2-32f5cc90233c
2025-09-02 20:18:07,492 - INFO - composites.py:479 - 
2025-09-02 20:18:07,492 - INFO - composites.py:480 -              ✔✔✔ COMPLETED: Tile x09_y07 | Time: 2024-12 | In 8.2 minutes
2025-09-02 20:18:07,492 - INFO - composites.py:481 - 
2025-09-02 20:18:07,492 - INFO - composites.py:489 - Closing Dask client
2025-09-02 20:18:07,505 - INFO - composites.py:493 - Closing Dask cluster
2025-09-02 20:18:07,505 - INFO - composites.py:494 - #######################################################################
