2025-08-31 03:25:21,783 - INFO - composites.py:102 - #######################################################################
2025-08-31 03:25:21,783 - INFO - composites.py:104 - Processing started
2025-08-31 03:25:21,783 - INFO - composites.py:105 -         Tile: x08_y10
2025-08-31 03:25:21,783 - INFO - composites.py:106 -         Time: 2023-04
2025-08-31 03:25:21,783 - INFO - composites.py:109 -                           
2025-08-31 03:25:21,783 - INFO - composites.py:110 - Establishing connection to datacube
2025-08-31 03:25:22,323 - INFO - composites.py:113 -                           
2025-08-31 03:25:22,323 - INFO - composites.py:114 - Sanity test: Check if dataset already exists in the datacube
2025-08-31 03:25:22,343 - INFO - composites.py:133 - The composite requested was not found and it will be computed
2025-08-31 03:25:22,343 - INFO - composites.py:136 -                                  
2025-08-31 03:25:22,343 - INFO - composites.py:137 - Initializing Dask cluster for parallelization
2025-08-31 03:25:27,385 - INFO - composites.py:161 - Dask dashboard is available at: http://127.0.0.1:8787/status
2025-08-31 03:25:27,385 - INFO - composites.py:164 - Create directories and naming conversions
2025-08-31 03:25:27,397 - INFO - composites.py:177 - Dataset location: //nas-rs.topo.auth.gr/Latomeia/DROUGHT/composites/x08/y10/2023/04/01
2025-08-31 03:25:27,397 - INFO - composites.py:180 -                           
2025-08-31 03:25:27,398 - INFO - composites.py:181 - Retrieve tile geometry
2025-08-31 03:25:27,432 - INFO - composites.py:192 - Create the Bounding Box (φ,λ)
2025-08-31 03:25:27,432 - INFO - composites.py:198 - Create the Bounding Box (x,y)
2025-08-31 03:25:27,432 - INFO - composites.py:211 -                           
2025-08-31 03:25:27,432 - INFO - composites.py:212 - Connect to Planetary Computer STAC Catalog
2025-08-31 03:25:27,640 - INFO - composites.py:220 - Search the STAC Catalog
2025-08-31 03:25:27,711 - INFO - composites.py:232 -         Query parameters:
2025-08-31 03:25:27,711 - INFO - composites.py:233 -             url:          https://planetarycomputer.microsoft.com/api/stac/v1/search
2025-08-31 03:25:27,711 - INFO - composites.py:234 -             client:       microsoft-pc
2025-08-31 03:25:27,711 - INFO - composites.py:235 -             collection:   sentinel-2-l2a
2025-08-31 03:25:27,711 - INFO - composites.py:236 -             bbox:         (21.39721400014901, 37.8618519319046, 22.06142649589928, 38.40819969704171)
2025-08-31 03:25:27,711 - INFO - composites.py:237 -             time range:   2023-04-01T00:00:00Z/2023-04-30T23:59:59Z
2025-08-31 03:25:27,711 - INFO - composites.py:238 -             cloud cover:  0% - 70%
2025-08-31 03:25:27,711 - INFO - composites.py:239 -             nodata cover: 0% - 33%
2025-08-31 03:25:27,711 - INFO - composites.py:241 -                           
2025-08-31 03:25:27,712 - INFO - composites.py:242 - Searching...
2025-08-31 03:25:28,168 - INFO - composites.py:245 - Query found 12 items
2025-08-31 03:25:28,168 - INFO - composites.py:247 - Searching for GRI REFINED scenes:
2025-08-31 03:25:32,788 - INFO - sentinel2.py:78 - 1/12 - S2A_MSIL2A_20230428T092031_R093_T34SEH_20230428T144223 -> REFINED
2025-08-31 03:25:37,406 - INFO - sentinel2.py:78 - 2/12 - S2A_MSIL2A_20230428T092031_R093_T34SEG_20230428T144645 -> REFINED
2025-08-31 03:25:41,519 - INFO - sentinel2.py:78 - 3/12 - S2B_MSIL2A_20230423T092029_R093_T34SEH_20230424T062449 -> REFINED
2025-08-31 03:25:46,212 - INFO - sentinel2.py:78 - 4/12 - S2B_MSIL2A_20230423T092029_R093_T34SEG_20230424T042529 -> REFINED
2025-08-31 03:25:51,145 - INFO - sentinel2.py:78 - 5/12 - S2A_MSIL2A_20230418T092031_R093_T34SEH_20240905T193357 -> REFINED
2025-08-31 03:25:55,826 - INFO - sentinel2.py:78 - 6/12 - S2A_MSIL2A_20230418T092031_R093_T34SEH_20230418T182402 -> REFINED
2025-08-31 03:26:00,945 - INFO - sentinel2.py:78 - 7/12 - S2A_MSIL2A_20230418T092031_R093_T34SEG_20230418T162457 -> REFINED
2025-08-31 03:26:05,192 - INFO - sentinel2.py:78 - 8/12 - S2B_MSIL2A_20230413T092029_R093_T34SEH_20240829T164005 -> REFINED
2025-08-31 03:26:11,138 - INFO - sentinel2.py:78 - 9/12 - S2B_MSIL2A_20230413T092029_R093_T34SEH_20230414T042354 -> REFINED
2025-08-31 03:26:15,325 - INFO - sentinel2.py:78 - 10/12 - S2B_MSIL2A_20230413T092029_R093_T34SEG_20240829T164005 -> REFINED
2025-08-31 03:26:19,399 - INFO - sentinel2.py:78 - 11/12 - S2B_MSIL2A_20230413T092029_R093_T34SEG_20230414T042731 -> REFINED
2025-08-31 03:26:23,950 - INFO - sentinel2.py:78 - 12/12 - S2A_MSIL2A_20230408T092031_R093_T34SEH_20230408T152710 -> REFINED
2025-08-31 03:26:23,984 - INFO - composites.py:250 -                                  
2025-08-31 03:26:23,984 - INFO - composites.py:251 - 12/12 were refined by GRI.
2025-08-31 03:26:23,986 - INFO - composites.py:263 - Looking for up to 10 cleanest images within spatiotemporal range of each MGRS tile
2025-08-31 03:26:23,986 - INFO - composites.py:277 - Filtered cleanest scenes: Kept 12 out of 12 items. 
2025-08-31 03:26:23,987 - INFO - composites.py:278 -         Included MGRS Tiles: ['34SEG' '34SEH']
2025-08-31 03:26:23,987 - INFO - composites.py:279 -         Included EPSG codes: [32634]
2025-08-31 03:26:23,997 - INFO - composites.py:281 - Selected scenes:
2025-08-31 03:26:23,997 - INFO - composites.py:283 -         S2B_MSIL2A_20230413T092029_R093_T34SEG_20230414T042731
2025-08-31 03:26:24,012 - INFO - composites.py:283 -         S2B_MSIL2A_20230413T092029_R093_T34SEG_20240829T164005
2025-08-31 03:26:24,012 - INFO - composites.py:283 -         S2B_MSIL2A_20230423T092029_R093_T34SEG_20230424T042529
2025-08-31 03:26:24,014 - INFO - composites.py:283 -         S2A_MSIL2A_20230428T092031_R093_T34SEG_20230428T144645
2025-08-31 03:26:24,014 - INFO - composites.py:283 -         S2A_MSIL2A_20230418T092031_R093_T34SEG_20230418T162457
2025-08-31 03:26:24,014 - INFO - composites.py:283 -         S2B_MSIL2A_20230413T092029_R093_T34SEH_20230414T042354
2025-08-31 03:26:24,014 - INFO - composites.py:283 -         S2B_MSIL2A_20230413T092029_R093_T34SEH_20240829T164005
2025-08-31 03:26:24,014 - INFO - composites.py:283 -         S2A_MSIL2A_20230428T092031_R093_T34SEH_20230428T144223
2025-08-31 03:26:24,014 - INFO - composites.py:283 -         S2B_MSIL2A_20230423T092029_R093_T34SEH_20230424T062449
2025-08-31 03:26:24,014 - INFO - composites.py:283 -         S2A_MSIL2A_20230408T092031_R093_T34SEH_20230408T152710
2025-08-31 03:26:24,014 - INFO - composites.py:283 -         S2A_MSIL2A_20230418T092031_R093_T34SEH_20240905T193357
2025-08-31 03:26:24,014 - INFO - composites.py:283 -         S2A_MSIL2A_20230418T092031_R093_T34SEH_20230418T182402
2025-08-31 03:26:24,372 - INFO - sentinel2.py:154 - Matplotlib backend: Agg
2025-08-31 03:26:24,561 - INFO - sentinel2.py:224 - Write input scenes footprint overlay: //nas-rs.topo.auth.gr/Latomeia/DROUGHT/composites/x08/y10/2023/04/01/S2L2A_medcomp_x08y10_202304_InDataFootprint.jpeg
2025-08-31 03:26:24,784 - INFO - composites.py:297 -                                  
2025-08-31 03:26:24,784 - INFO - composites.py:298 - Downstream STAC items from Planetary Computer
2025-08-31 03:26:24,784 - INFO - timeseries_processing.py:115 -                                  
2025-08-31 03:26:24,784 - INFO - timeseries_processing.py:116 - Loading bands of diferent resolutions in EPSG:32634
2025-08-31 03:26:24,784 - INFO - timeseries_processing.py:120 -     Filtering items with native UTM EPSG:32634
2025-08-31 03:26:24,784 - INFO - timeseries_processing.py:122 -     12 Items in EPSG:32634
2025-08-31 03:26:24,784 - INFO - timeseries_processing.py:129 -                        
2025-08-31 03:26:24,784 - INFO - timeseries_processing.py:130 -     Loading parameters:
2025-08-31 03:26:24,784 - INFO - timeseries_processing.py:131 -         Bands: ['B05', 'B07', 'B8A', 'SCL']
2025-08-31 03:26:24,784 - INFO - timeseries_processing.py:132 -         Spatial resolution: 20
2025-08-31 03:26:24,784 - INFO - timeseries_processing.py:134 -         Get Assets from STAC Items
2025-08-31 03:26:24,784 - INFO - timeseries_processing.py:47 -         Initialize the STAC client
2025-08-31 03:26:25,431 - INFO - timeseries_processing.py:137 -         Loading 12 STAC Items....
2025-08-31 03:27:13,908 - INFO - timeseries_processing.py:146 -         Cube has been downloaded
2025-08-31 03:27:13,908 - INFO - timeseries_processing.py:156 -         Fix order of dimensions
2025-08-31 03:27:13,910 - INFO - timeseries_processing.py:161 -         Append bands to the band-list of EPSG:32634
2025-08-31 03:27:13,911 - INFO - timeseries_processing.py:129 -                        
2025-08-31 03:27:13,911 - INFO - timeseries_processing.py:130 -     Loading parameters:
2025-08-31 03:27:13,911 - INFO - timeseries_processing.py:131 -         Bands: ['B02', 'B03', 'B04']
2025-08-31 03:27:13,911 - INFO - timeseries_processing.py:132 -         Spatial resolution: 10
2025-08-31 03:27:13,911 - INFO - timeseries_processing.py:134 -         Get Assets from STAC Items
2025-08-31 03:27:13,912 - INFO - timeseries_processing.py:47 -         Initialize the STAC client
2025-08-31 03:27:14,404 - INFO - timeseries_processing.py:137 -         Loading 12 STAC Items....
2025-08-31 03:28:25,524 - INFO - timeseries_processing.py:146 -         Cube has been downloaded
2025-08-31 03:28:25,525 - INFO - timeseries_processing.py:149 -         Reproject to downsample 10m bands to 20m by Resampling.average 2x2 binning and shape matching with odc.geo.GeoBox
2025-08-31 03:28:32,955 - INFO - timeseries_processing.py:161 -         Append bands to the band-list of EPSG:32634
2025-08-31 03:28:32,955 - INFO - timeseries_processing.py:165 -                        
2025-08-31 03:28:32,955 - INFO - timeseries_processing.py:166 -     Merging bands in a single dataset
2025-08-31 03:28:32,955 - INFO - timeseries_processing.py:167 -     Ensure all partial datasets are at (x=20, y=-20) resolution
2025-08-31 03:28:32,956 - INFO - timeseries_processing.py:171 -     Clip to the intersection of indexes
2025-08-31 03:28:34,129 - INFO - timeseries_processing.py:180 -     Make a list of bands to merge
2025-08-31 03:28:34,129 - INFO - timeseries_processing.py:184 -     Merge on intersection
2025-08-31 03:28:34,131 - INFO - timeseries_processing.py:192 -     Apply masks on clouds, shadows, thin cirrus, and snow/ice
2025-08-31 03:28:34,131 - INFO - sentinel2.py:122 -                Masking bits: [3, 7, 8, 9, 10, 11]
2025-08-31 03:28:34,721 - INFO - composites.py:307 - Reproject from UTM Zone to Tile geometry -> CRS(EPSG:32634), Resampling.bilinear
2025-08-31 03:28:38,447 - INFO - composites.py:310 -     New shape of datasets: Shape2d(x=2400, y=2400)
2025-08-31 03:28:38,933 - INFO - composites.py:329 - Scale SR to Sen2Cor Baseline 4.00 - Subtract 1000 in dates post 2022-01-25
2025-08-31 03:28:39,731 - INFO - composites.py:342 - Creating preview plot of input scenes
2025-08-31 03:29:02,514 - INFO - timeseries_processing.py:349 - Saved preview for 'B04' to //nas-rs.topo.auth.gr/Latomeia/DROUGHT/composites/x08/y10/2023/04/01/S2L2A_medcomp_x08y10_202304_InDataPreview.jpeg
2025-08-31 03:29:02,527 - INFO - composites.py:348 - Clip value range
2025-08-31 03:29:03,502 - INFO - composites.py:353 -                           
2025-08-31 03:29:03,502 - INFO - composites.py:354 - Computing spectral indices:
2025-08-31 03:29:03,502 - INFO - composites.py:357 -     EVI...
2025-08-31 03:29:04,147 - INFO - composites.py:359 -     NDVI...
2025-08-31 03:29:04,348 - INFO - composites.py:361 -     PSRI2...
2025-08-31 03:29:04,495 - INFO - composites.py:364 - Clip to typical value range
2025-08-31 03:29:04,749 - INFO - composites.py:371 - Reducing to median value temporal composite
2025-08-31 03:29:29,886 - INFO - composites.py:390 - Scale and Define data types & nodata per band
2025-08-31 03:29:30,023 - INFO - composites.py:411 - Assign time range and tile ID in metadata
2025-08-31 03:29:30,023 - INFO - composites.py:419 - Write bands to raster COG files
2025-08-31 03:29:33,953 - INFO - composites.py:432 - Write B02 -> //nas-rs.topo.auth.gr/Latomeia/DROUGHT/composites/x08/y10/2023/04/01/S2L2A_medcomp_x08y10_202304_B02.tif
2025-08-31 03:29:37,895 - INFO - composites.py:432 - Write B03 -> //nas-rs.topo.auth.gr/Latomeia/DROUGHT/composites/x08/y10/2023/04/01/S2L2A_medcomp_x08y10_202304_B03.tif
2025-08-31 03:29:42,289 - INFO - composites.py:432 - Write B04 -> //nas-rs.topo.auth.gr/Latomeia/DROUGHT/composites/x08/y10/2023/04/01/S2L2A_medcomp_x08y10_202304_B04.tif
2025-08-31 03:29:46,209 - INFO - composites.py:432 - Write B05 -> //nas-rs.topo.auth.gr/Latomeia/DROUGHT/composites/x08/y10/2023/04/01/S2L2A_medcomp_x08y10_202304_B05.tif
2025-08-31 03:29:50,159 - INFO - composites.py:432 - Write B07 -> //nas-rs.topo.auth.gr/Latomeia/DROUGHT/composites/x08/y10/2023/04/01/S2L2A_medcomp_x08y10_202304_B07.tif
2025-08-31 03:29:54,058 - INFO - composites.py:432 - Write B8A -> //nas-rs.topo.auth.gr/Latomeia/DROUGHT/composites/x08/y10/2023/04/01/S2L2A_medcomp_x08y10_202304_B8A.tif
2025-08-31 03:29:57,971 - INFO - composites.py:432 - Write EVI -> //nas-rs.topo.auth.gr/Latomeia/DROUGHT/composites/x08/y10/2023/04/01/S2L2A_medcomp_x08y10_202304_EVI.tif
2025-08-31 03:30:01,854 - INFO - composites.py:432 - Write NDVI -> //nas-rs.topo.auth.gr/Latomeia/DROUGHT/composites/x08/y10/2023/04/01/S2L2A_medcomp_x08y10_202304_NDVI.tif
2025-08-31 03:30:05,728 - INFO - composites.py:432 - Write PSRI2 -> //nas-rs.topo.auth.gr/Latomeia/DROUGHT/composites/x08/y10/2023/04/01/S2L2A_medcomp_x08y10_202304_PSRI2.tif
2025-08-31 03:30:05,736 - INFO - composites.py:436 - Prepare metadata YAML document
2025-08-31 03:30:06,199 - INFO - composites.py:458 - Write metadata YAML document to disk
2025-08-31 03:30:06,222 - INFO - composites.py:463 - Create datacube.model.Dataset from eo3 metadata
2025-08-31 03:30:06,233 - INFO - composites.py:476 - Index to datacube
2025-08-31 03:30:06,234 - INFO - _datasets.py:191 - Indexing ace9630e-c155-46a6-a598-cfbfa5a6285a
2025-08-31 03:30:06,243 - INFO - composites.py:479 - 
2025-08-31 03:30:06,243 - INFO - composites.py:480 -              ✔✔✔ COMPLETED: Tile x08_y10 | Time: 2023-04 | In 4.74 minutes
2025-08-31 03:30:06,243 - INFO - composites.py:481 - 
2025-08-31 03:30:06,243 - INFO - composites.py:489 - Closing Dask client
2025-08-31 03:30:06,244 - INFO - composites.py:493 - Closing Dask cluster
2025-08-31 03:30:06,245 - INFO - composites.py:494 - #######################################################################
