2025-08-30 17:53:46,209 - INFO - composites.py:102 - #######################################################################
2025-08-30 17:53:46,209 - INFO - composites.py:104 - Processing started
2025-08-30 17:53:46,209 - INFO - composites.py:105 -         Tile: x11_y12
2025-08-30 17:53:46,209 - INFO - composites.py:106 -         Time: 2022-12
2025-08-30 17:53:46,209 - INFO - composites.py:109 -                           
2025-08-30 17:53:46,209 - INFO - composites.py:110 - Establishing connection to datacube
2025-08-30 17:53:46,861 - INFO - composites.py:113 -                           
2025-08-30 17:53:46,862 - INFO - composites.py:114 - Sanity test: Check if dataset already exists in the datacube
2025-08-30 17:53:46,882 - INFO - composites.py:133 - The composite requested was not found and it will be computed
2025-08-30 17:53:46,882 - INFO - composites.py:136 -                                  
2025-08-30 17:53:46,882 - INFO - composites.py:137 - Initializing Dask cluster for parallelization
2025-08-30 17:53:52,093 - INFO - composites.py:161 - Dask dashboard is available at: http://127.0.0.1:8787/status
2025-08-30 17:53:52,093 - INFO - composites.py:164 - Create directories and naming conversions
2025-08-30 17:53:52,105 - INFO - composites.py:177 - Dataset location: //nas-rs.topo.auth.gr/Latomeia/DROUGHT/composites/x11/y12/2022/12/01
2025-08-30 17:53:52,105 - INFO - composites.py:180 -                           
2025-08-30 17:53:52,105 - INFO - composites.py:181 - Retrieve tile geometry
2025-08-30 17:53:52,149 - INFO - composites.py:192 - Create the Bounding Box (φ,λ)
2025-08-30 17:53:52,149 - INFO - composites.py:198 - Create the Bounding Box (x,y)
2025-08-30 17:53:52,151 - INFO - composites.py:211 -                           
2025-08-30 17:53:52,151 - INFO - composites.py:212 - Connect to Planetary Computer STAC Catalog
2025-08-30 17:53:52,427 - INFO - composites.py:220 - Search the STAC Catalog
2025-08-30 17:53:52,507 - INFO - composites.py:232 -         Query parameters:
2025-08-30 17:53:52,507 - INFO - composites.py:233 -             url:          https://planetarycomputer.microsoft.com/api/stac/v1/search
2025-08-30 17:53:52,507 - INFO - composites.py:234 -             client:       microsoft-pc
2025-08-30 17:53:52,507 - INFO - composites.py:235 -             collection:   sentinel-2-l2a
2025-08-30 17:53:52,507 - INFO - composites.py:236 -             bbox:         (23.175034627134398, 38.50013763603257, 23.85573196352452, 39.05443515421176)
2025-08-30 17:53:52,507 - INFO - composites.py:237 -             time range:   2022-12-01T00:00:00Z/2022-12-31T23:59:59Z
2025-08-30 17:53:52,507 - INFO - composites.py:238 -             cloud cover:  0% - 70%
2025-08-30 17:53:52,507 - INFO - composites.py:239 -             nodata cover: 0% - 33%
2025-08-30 17:53:52,507 - INFO - composites.py:241 -                           
2025-08-30 17:53:52,507 - INFO - composites.py:242 - Searching...
2025-08-30 17:53:53,269 - INFO - composites.py:245 - Query found 25 items
2025-08-30 17:53:53,269 - INFO - composites.py:247 - Searching for GRI REFINED scenes:
2025-08-30 17:53:59,723 - INFO - sentinel2.py:78 - 1/25 - S2B_MSIL2A_20221231T091309_R050_T35SKD_20230101T052637 -> REFINED
2025-08-30 17:54:05,926 - INFO - sentinel2.py:78 - 2/25 - S2B_MSIL2A_20221231T091309_R050_T35SKC_20230101T054514 -> REFINED
2025-08-30 17:54:11,580 - INFO - sentinel2.py:78 - 3/25 - S2B_MSIL2A_20221231T091309_R050_T34SGJ_20230101T035143 -> REFINED
2025-08-30 17:54:16,440 - INFO - sentinel2.py:78 - 4/25 - S2B_MSIL2A_20221231T091309_R050_T34SGH_20230101T045959 -> REFINED
2025-08-30 17:54:22,462 - INFO - sentinel2.py:78 - 5/25 - S2A_MSIL2A_20221229T092411_R093_T34SFJ_20221230T154033 -> REFINED
2025-08-30 17:54:27,433 - INFO - sentinel2.py:78 - 6/25 - S2A_MSIL2A_20221229T092411_R093_T34SFH_20221230T143154 -> REFINED
2025-08-30 17:54:33,916 - INFO - sentinel2.py:78 - 7/25 - S2A_MSIL2A_20221226T091401_R050_T35SKD_20221227T011348 -> REFINED
2025-08-30 17:54:39,174 - INFO - sentinel2.py:78 - 8/25 - S2A_MSIL2A_20221226T091401_R050_T35SKC_20221227T020124 -> REFINED
2025-08-30 17:54:45,132 - INFO - sentinel2.py:78 - 9/25 - S2A_MSIL2A_20221226T091401_R050_T34SGJ_20221227T020748 -> REFINED
2025-08-30 17:54:50,277 - INFO - sentinel2.py:78 - 10/25 - S2A_MSIL2A_20221226T091401_R050_T34SGH_20221227T013835 -> REFINED
2025-08-30 17:54:55,231 - INFO - sentinel2.py:78 - 11/25 - S2B_MSIL2A_20221224T092319_R093_T34SFJ_20221225T103047 -> REFINED
2025-08-30 17:55:01,631 - INFO - sentinel2.py:78 - 12/25 - S2B_MSIL2A_20221224T092319_R093_T34SFH_20221225T105922 -> REFINED
2025-08-30 17:55:07,736 - INFO - sentinel2.py:78 - 13/25 - S2B_MSIL2A_20221221T091309_R050_T35SKC_20221222T021514 -> REFINED
2025-08-30 17:55:13,658 - INFO - sentinel2.py:78 - 14/25 - S2B_MSIL2A_20221221T091309_R050_T34SGH_20221222T022944 -> REFINED
2025-08-30 17:55:18,632 - INFO - sentinel2.py:78 - 15/25 - S2A_MSIL2A_20221209T092401_R093_T34SFJ_20221210T063830 -> REFINED
2025-08-30 17:55:24,737 - INFO - sentinel2.py:78 - 16/25 - S2A_MSIL2A_20221209T092401_R093_T34SFH_20221210T062805 -> REFINED
2025-08-30 17:55:30,974 - INFO - sentinel2.py:78 - 17/25 - S2A_MSIL2A_20221206T091351_R050_T35SKD_20221207T094541 -> REFINED
2025-08-30 17:55:36,953 - INFO - sentinel2.py:78 - 18/25 - S2A_MSIL2A_20221206T091351_R050_T35SKC_20221207T081655 -> REFINED
2025-08-30 17:55:43,158 - INFO - sentinel2.py:78 - 19/25 - S2A_MSIL2A_20221206T091351_R050_T34SGJ_20221207T091634 -> REFINED
2025-08-30 17:55:49,270 - INFO - sentinel2.py:78 - 20/25 - S2A_MSIL2A_20221206T091351_R050_T34SGH_20221207T082726 -> REFINED
2025-08-30 17:55:54,638 - INFO - sentinel2.py:78 - 21/25 - S2B_MSIL2A_20221204T092249_R093_T34SFH_20221204T190930 -> REFINED
2025-08-30 17:56:00,172 - INFO - sentinel2.py:78 - 22/25 - S2B_MSIL2A_20221201T091239_R050_T35SKD_20221203T102543 -> REFINED
2025-08-30 17:56:06,196 - INFO - sentinel2.py:78 - 23/25 - S2B_MSIL2A_20221201T091239_R050_T35SKC_20221203T094920 -> REFINED
2025-08-30 17:56:12,098 - INFO - sentinel2.py:78 - 24/25 - S2B_MSIL2A_20221201T091239_R050_T34SGJ_20221203T102045 -> REFINED
2025-08-30 17:56:18,321 - INFO - sentinel2.py:78 - 25/25 - S2B_MSIL2A_20221201T091239_R050_T34SGH_20221203T094121 -> REFINED
2025-08-30 17:56:18,361 - INFO - composites.py:250 -                                  
2025-08-30 17:56:18,362 - INFO - composites.py:251 - 25/25 were refined by GRI.
2025-08-30 17:56:18,363 - INFO - composites.py:263 - Looking for up to 10 cleanest images within spatiotemporal range of each MGRS tile
2025-08-30 17:56:18,363 - INFO - composites.py:277 - Filtered cleanest scenes: Kept 25 out of 25 items. 
2025-08-30 17:56:18,363 - INFO - composites.py:278 -         Included MGRS Tiles: ['34SFH' '34SFJ' '34SGH' '34SGJ' '35SKC' '35SKD']
2025-08-30 17:56:18,364 - INFO - composites.py:279 -         Included EPSG codes: [32634 32635]
2025-08-30 17:56:18,364 - INFO - composites.py:281 - Selected scenes:
2025-08-30 17:56:18,364 - INFO - composites.py:283 -         S2A_MSIL2A_20221229T092411_R093_T34SFH_20221230T143154
2025-08-30 17:56:18,364 - INFO - composites.py:283 -         S2A_MSIL2A_20221209T092401_R093_T34SFH_20221210T062805
2025-08-30 17:56:18,365 - INFO - composites.py:283 -         S2B_MSIL2A_20221224T092319_R093_T34SFH_20221225T105922
2025-08-30 17:56:18,365 - INFO - composites.py:283 -         S2B_MSIL2A_20221204T092249_R093_T34SFH_20221204T190930
2025-08-30 17:56:18,365 - INFO - composites.py:283 -         S2A_MSIL2A_20221229T092411_R093_T34SFJ_20221230T154033
2025-08-30 17:56:18,365 - INFO - composites.py:283 -         S2B_MSIL2A_20221224T092319_R093_T34SFJ_20221225T103047
2025-08-30 17:56:18,365 - INFO - composites.py:283 -         S2A_MSIL2A_20221209T092401_R093_T34SFJ_20221210T063830
2025-08-30 17:56:18,365 - INFO - composites.py:283 -         S2A_MSIL2A_20221226T091401_R050_T34SGH_20221227T013835
2025-08-30 17:56:18,366 - INFO - composites.py:283 -         S2B_MSIL2A_20221231T091309_R050_T34SGH_20230101T045959
2025-08-30 17:56:18,366 - INFO - composites.py:283 -         S2A_MSIL2A_20221206T091351_R050_T34SGH_20221207T082726
2025-08-30 17:56:18,366 - INFO - composites.py:283 -         S2B_MSIL2A_20221201T091239_R050_T34SGH_20221203T094121
2025-08-30 17:56:18,367 - INFO - composites.py:283 -         S2B_MSIL2A_20221221T091309_R050_T34SGH_20221222T022944
2025-08-30 17:56:18,367 - INFO - composites.py:283 -         S2A_MSIL2A_20221226T091401_R050_T34SGJ_20221227T020748
2025-08-30 17:56:18,367 - INFO - composites.py:283 -         S2A_MSIL2A_20221206T091351_R050_T34SGJ_20221207T091634
2025-08-30 17:56:18,367 - INFO - composites.py:283 -         S2B_MSIL2A_20221201T091239_R050_T34SGJ_20221203T102045
2025-08-30 17:56:18,367 - INFO - composites.py:283 -         S2B_MSIL2A_20221231T091309_R050_T34SGJ_20230101T035143
2025-08-30 17:56:18,367 - INFO - composites.py:283 -         S2A_MSIL2A_20221226T091401_R050_T35SKC_20221227T020124
2025-08-30 17:56:18,367 - INFO - composites.py:283 -         S2B_MSIL2A_20221231T091309_R050_T35SKC_20230101T054514
2025-08-30 17:56:18,367 - INFO - composites.py:283 -         S2A_MSIL2A_20221206T091351_R050_T35SKC_20221207T081655
2025-08-30 17:56:18,367 - INFO - composites.py:283 -         S2B_MSIL2A_20221201T091239_R050_T35SKC_20221203T094920
2025-08-30 17:56:18,367 - INFO - composites.py:283 -         S2B_MSIL2A_20221221T091309_R050_T35SKC_20221222T021514
2025-08-30 17:56:18,367 - INFO - composites.py:283 -         S2A_MSIL2A_20221226T091401_R050_T35SKD_20221227T011348
2025-08-30 17:56:18,367 - INFO - composites.py:283 -         S2A_MSIL2A_20221206T091351_R050_T35SKD_20221207T094541
2025-08-30 17:56:18,367 - INFO - composites.py:283 -         S2B_MSIL2A_20221201T091239_R050_T35SKD_20221203T102543
2025-08-30 17:56:18,367 - INFO - composites.py:283 -         S2B_MSIL2A_20221231T091309_R050_T35SKD_20230101T052637
2025-08-30 17:56:18,913 - INFO - sentinel2.py:154 - Matplotlib backend: Agg
2025-08-30 17:56:19,278 - INFO - sentinel2.py:224 - Write input scenes footprint overlay: //nas-rs.topo.auth.gr/Latomeia/DROUGHT/composites/x11/y12/2022/12/01/S2L2A_medcomp_x11y12_202212_InDataFootprint.jpeg
2025-08-30 17:56:19,560 - INFO - composites.py:297 -                                  
2025-08-30 17:56:19,560 - INFO - composites.py:298 - Downstream STAC items from Planetary Computer
2025-08-30 17:56:19,560 - INFO - timeseries_processing.py:115 -                                  
2025-08-30 17:56:19,560 - INFO - timeseries_processing.py:116 - Loading bands of diferent resolutions in EPSG:32634
2025-08-30 17:56:19,560 - INFO - timeseries_processing.py:120 -     Filtering items with native UTM EPSG:32634
2025-08-30 17:56:19,560 - INFO - timeseries_processing.py:122 -     16 Items in EPSG:32634
2025-08-30 17:56:19,560 - INFO - timeseries_processing.py:129 -                        
2025-08-30 17:56:19,560 - INFO - timeseries_processing.py:130 -     Loading parameters:
2025-08-30 17:56:19,560 - INFO - timeseries_processing.py:131 -         Bands: ['B05', 'B07', 'B8A', 'SCL']
2025-08-30 17:56:19,560 - INFO - timeseries_processing.py:132 -         Spatial resolution: 20
2025-08-30 17:56:19,560 - INFO - timeseries_processing.py:134 -         Get Assets from STAC Items
2025-08-30 17:56:19,560 - INFO - timeseries_processing.py:47 -         Initialize the STAC client
2025-08-30 17:56:20,293 - INFO - timeseries_processing.py:137 -         Loading 16 STAC Items....
2025-08-30 17:57:12,369 - INFO - timeseries_processing.py:146 -         Cube has been downloaded
2025-08-30 17:57:12,369 - INFO - timeseries_processing.py:156 -         Fix order of dimensions
2025-08-30 17:57:12,371 - INFO - timeseries_processing.py:161 -         Append bands to the band-list of EPSG:32634
2025-08-30 17:57:12,371 - INFO - timeseries_processing.py:129 -                        
2025-08-30 17:57:12,371 - INFO - timeseries_processing.py:130 -     Loading parameters:
2025-08-30 17:57:12,371 - INFO - timeseries_processing.py:131 -         Bands: ['B02', 'B03', 'B04']
2025-08-30 17:57:12,371 - INFO - timeseries_processing.py:132 -         Spatial resolution: 10
2025-08-30 17:57:12,371 - INFO - timeseries_processing.py:134 -         Get Assets from STAC Items
2025-08-30 17:57:12,371 - INFO - timeseries_processing.py:47 -         Initialize the STAC client
2025-08-30 17:57:13,567 - INFO - timeseries_processing.py:137 -         Loading 16 STAC Items....
2025-08-30 17:58:58,930 - INFO - timeseries_processing.py:146 -         Cube has been downloaded
2025-08-30 17:58:58,930 - INFO - timeseries_processing.py:149 -         Reproject to downsample 10m bands to 20m by Resampling.average 2x2 binning and shape matching with odc.geo.GeoBox
2025-08-30 17:59:12,311 - INFO - timeseries_processing.py:161 -         Append bands to the band-list of EPSG:32634
2025-08-30 17:59:12,311 - INFO - timeseries_processing.py:165 -                        
2025-08-30 17:59:12,311 - INFO - timeseries_processing.py:166 -     Merging bands in a single dataset
2025-08-30 17:59:12,311 - INFO - timeseries_processing.py:167 -     Ensure all partial datasets are at (x=20, y=-20) resolution
2025-08-30 17:59:12,311 - INFO - timeseries_processing.py:171 -     Clip to the intersection of indexes
2025-08-30 17:59:13,432 - INFO - timeseries_processing.py:180 -     Make a list of bands to merge
2025-08-30 17:59:13,433 - INFO - timeseries_processing.py:184 -     Merge on intersection
2025-08-30 17:59:13,436 - INFO - timeseries_processing.py:192 -     Apply masks on clouds, shadows, thin cirrus, and snow/ice
2025-08-30 17:59:13,436 - INFO - sentinel2.py:122 -                Masking bits: [3, 7, 8, 9, 10, 11]
2025-08-30 17:59:14,679 - INFO - timeseries_processing.py:115 -                                  
2025-08-30 17:59:14,685 - INFO - timeseries_processing.py:116 - Loading bands of diferent resolutions in EPSG:32635
2025-08-30 17:59:14,685 - INFO - timeseries_processing.py:120 -     Filtering items with native UTM EPSG:32635
2025-08-30 17:59:14,685 - INFO - timeseries_processing.py:122 -     9 Items in EPSG:32635
2025-08-30 17:59:14,685 - INFO - timeseries_processing.py:129 -                        
2025-08-30 17:59:14,685 - INFO - timeseries_processing.py:130 -     Loading parameters:
2025-08-30 17:59:14,685 - INFO - timeseries_processing.py:131 -         Bands: ['B05', 'B07', 'B8A', 'SCL']
2025-08-30 17:59:14,685 - INFO - timeseries_processing.py:132 -         Spatial resolution: 20
2025-08-30 17:59:14,685 - INFO - timeseries_processing.py:134 -         Get Assets from STAC Items
2025-08-30 17:59:14,686 - INFO - timeseries_processing.py:47 -         Initialize the STAC client
2025-08-30 17:59:15,236 - INFO - timeseries_processing.py:137 -         Loading 9 STAC Items....
2025-08-30 17:59:44,422 - INFO - timeseries_processing.py:146 -         Cube has been downloaded
2025-08-30 17:59:44,424 - INFO - timeseries_processing.py:156 -         Fix order of dimensions
2025-08-30 17:59:44,427 - INFO - timeseries_processing.py:161 -         Append bands to the band-list of EPSG:32635
2025-08-30 17:59:44,427 - INFO - timeseries_processing.py:129 -                        
2025-08-30 17:59:44,427 - INFO - timeseries_processing.py:130 -     Loading parameters:
2025-08-30 17:59:44,427 - INFO - timeseries_processing.py:131 -         Bands: ['B02', 'B03', 'B04']
2025-08-30 17:59:44,427 - INFO - timeseries_processing.py:132 -         Spatial resolution: 10
2025-08-30 17:59:44,427 - INFO - timeseries_processing.py:134 -         Get Assets from STAC Items
2025-08-30 17:59:44,427 - INFO - timeseries_processing.py:47 -         Initialize the STAC client
2025-08-30 17:59:44,939 - INFO - timeseries_processing.py:137 -         Loading 9 STAC Items....
2025-08-30 18:01:00,375 - INFO - timeseries_processing.py:146 -         Cube has been downloaded
2025-08-30 18:01:00,375 - INFO - timeseries_processing.py:149 -         Reproject to downsample 10m bands to 20m by Resampling.average 2x2 binning and shape matching with odc.geo.GeoBox
2025-08-30 18:01:07,448 - INFO - timeseries_processing.py:161 -         Append bands to the band-list of EPSG:32635
2025-08-30 18:01:07,448 - INFO - timeseries_processing.py:165 -                        
2025-08-30 18:01:07,448 - INFO - timeseries_processing.py:166 -     Merging bands in a single dataset
2025-08-30 18:01:07,448 - INFO - timeseries_processing.py:167 -     Ensure all partial datasets are at (x=20, y=-20) resolution
2025-08-30 18:01:07,449 - INFO - timeseries_processing.py:171 -     Clip to the intersection of indexes
2025-08-30 18:01:07,450 - INFO - timeseries_processing.py:180 -     Make a list of bands to merge
2025-08-30 18:01:07,451 - INFO - timeseries_processing.py:184 -     Merge on intersection
2025-08-30 18:01:07,452 - INFO - timeseries_processing.py:192 -     Apply masks on clouds, shadows, thin cirrus, and snow/ice
2025-08-30 18:01:07,452 - INFO - sentinel2.py:122 -                Masking bits: [3, 7, 8, 9, 10, 11]
2025-08-30 18:01:08,180 - INFO - composites.py:307 - Reproject from UTM Zone to Tile geometry -> CRS(EPSG:32635), Resampling.bilinear
2025-08-30 18:01:18,451 - INFO - composites.py:310 -     New shape of datasets: Shape2d(x=2400, y=2400)
2025-08-30 18:01:18,762 - INFO - composites.py:315 -                           
2025-08-30 18:01:18,763 - INFO - composites.py:316 - Mosaic datasets to a single dataset
2025-08-30 18:01:26,609 - INFO - composites.py:329 - Scale SR to Sen2Cor Baseline 4.00 - Subtract 1000 in dates post 2022-01-25
2025-08-30 18:01:28,156 - INFO - composites.py:342 - Creating preview plot of input scenes
2025-08-30 18:02:03,208 - INFO - timeseries_processing.py:349 - Saved preview for 'B04' to //nas-rs.topo.auth.gr/Latomeia/DROUGHT/composites/x11/y12/2022/12/01/S2L2A_medcomp_x11y12_202212_InDataPreview.jpeg
2025-08-30 18:02:03,214 - INFO - composites.py:348 - Clip value range
2025-08-30 18:02:05,014 - INFO - composites.py:353 -                           
2025-08-30 18:02:05,014 - INFO - composites.py:354 - Computing spectral indices:
2025-08-30 18:02:05,014 - INFO - composites.py:357 -     EVI...
2025-08-30 18:02:06,184 - INFO - composites.py:359 -     NDVI...
2025-08-30 18:02:06,600 - INFO - composites.py:361 -     PSRI2...
2025-08-30 18:02:06,888 - INFO - composites.py:364 - Clip to typical value range
2025-08-30 18:02:07,233 - INFO - composites.py:371 - Reducing to median value temporal composite
2025-08-30 18:02:32,987 - INFO - composites.py:390 - Scale and Define data types & nodata per band
2025-08-30 18:02:33,134 - INFO - composites.py:411 - Assign time range and tile ID in metadata
2025-08-30 18:02:33,135 - INFO - composites.py:419 - Write bands to raster COG files
2025-08-30 18:02:38,015 - INFO - composites.py:432 - Write B02 -> //nas-rs.topo.auth.gr/Latomeia/DROUGHT/composites/x11/y12/2022/12/01/S2L2A_medcomp_x11y12_202212_B02.tif
2025-08-30 18:02:42,497 - INFO - composites.py:432 - Write B03 -> //nas-rs.topo.auth.gr/Latomeia/DROUGHT/composites/x11/y12/2022/12/01/S2L2A_medcomp_x11y12_202212_B03.tif
2025-08-30 18:02:46,907 - INFO - composites.py:432 - Write B04 -> //nas-rs.topo.auth.gr/Latomeia/DROUGHT/composites/x11/y12/2022/12/01/S2L2A_medcomp_x11y12_202212_B04.tif
2025-08-30 18:02:51,376 - INFO - composites.py:432 - Write B05 -> //nas-rs.topo.auth.gr/Latomeia/DROUGHT/composites/x11/y12/2022/12/01/S2L2A_medcomp_x11y12_202212_B05.tif
2025-08-30 18:02:55,818 - INFO - composites.py:432 - Write B07 -> //nas-rs.topo.auth.gr/Latomeia/DROUGHT/composites/x11/y12/2022/12/01/S2L2A_medcomp_x11y12_202212_B07.tif
2025-08-30 18:03:00,236 - INFO - composites.py:432 - Write B8A -> //nas-rs.topo.auth.gr/Latomeia/DROUGHT/composites/x11/y12/2022/12/01/S2L2A_medcomp_x11y12_202212_B8A.tif
2025-08-30 18:03:04,541 - INFO - composites.py:432 - Write EVI -> //nas-rs.topo.auth.gr/Latomeia/DROUGHT/composites/x11/y12/2022/12/01/S2L2A_medcomp_x11y12_202212_EVI.tif
2025-08-30 18:03:08,860 - INFO - composites.py:432 - Write NDVI -> //nas-rs.topo.auth.gr/Latomeia/DROUGHT/composites/x11/y12/2022/12/01/S2L2A_medcomp_x11y12_202212_NDVI.tif
2025-08-30 18:03:13,086 - INFO - composites.py:432 - Write PSRI2 -> //nas-rs.topo.auth.gr/Latomeia/DROUGHT/composites/x11/y12/2022/12/01/S2L2A_medcomp_x11y12_202212_PSRI2.tif
2025-08-30 18:03:13,103 - INFO - composites.py:436 - Prepare metadata YAML document
2025-08-30 18:03:13,657 - INFO - composites.py:458 - Write metadata YAML document to disk
2025-08-30 18:03:13,724 - INFO - composites.py:463 - Create datacube.model.Dataset from eo3 metadata
2025-08-30 18:03:13,738 - INFO - composites.py:476 - Index to datacube
2025-08-30 18:03:13,739 - INFO - _datasets.py:191 - Indexing dcf2eeb3-3ab2-40ef-a7d2-9e0bbc5b53d2
2025-08-30 18:03:13,749 - INFO - composites.py:479 - 
2025-08-30 18:03:13,749 - INFO - composites.py:480 -              ✔✔✔ COMPLETED: Tile x11_y12 | Time: 2022-12 | In 9.46 minutes
2025-08-30 18:03:13,749 - INFO - composites.py:481 - 
2025-08-30 18:03:13,749 - INFO - composites.py:489 - Closing Dask client
2025-08-30 18:03:13,751 - INFO - composites.py:493 - Closing Dask cluster
2025-08-30 18:03:13,751 - INFO - composites.py:494 - #######################################################################
