2025-08-30 18:53:24,369 - INFO - composites.py:102 - #######################################################################
2025-08-30 18:53:24,369 - INFO - composites.py:104 - Processing started
2025-08-30 18:53:24,369 - INFO - composites.py:105 -         Tile: x09_y08
2025-08-30 18:53:24,369 - INFO - composites.py:106 -         Time: 2023-01
2025-08-30 18:53:24,369 - INFO - composites.py:109 -                           
2025-08-30 18:53:24,369 - INFO - composites.py:110 - Establishing connection to datacube
2025-08-30 18:53:24,877 - INFO - composites.py:113 -                           
2025-08-30 18:53:24,877 - INFO - composites.py:114 - Sanity test: Check if dataset already exists in the datacube
2025-08-30 18:53:24,896 - INFO - composites.py:133 - The composite requested was not found and it will be computed
2025-08-30 18:53:24,896 - INFO - composites.py:136 -                                  
2025-08-30 18:53:24,896 - INFO - composites.py:137 - Initializing Dask cluster for parallelization
2025-08-30 18:53:30,146 - INFO - composites.py:161 - Dask dashboard is available at: http://127.0.0.1:8787/status
2025-08-30 18:53:30,146 - INFO - composites.py:164 - Create directories and naming conversions
2025-08-30 18:53:30,163 - INFO - composites.py:177 - Dataset location: //nas-rs.topo.auth.gr/Latomeia/DROUGHT/composites/x09/y08/2023/01/01
2025-08-30 18:53:30,163 - INFO - composites.py:180 -                           
2025-08-30 18:53:30,163 - INFO - composites.py:181 - Retrieve tile geometry
2025-08-30 18:53:30,194 - INFO - composites.py:192 - Create the Bounding Box (φ,λ)
2025-08-30 18:53:30,194 - INFO - composites.py:198 - Create the Bounding Box (x,y)
2025-08-30 18:53:30,194 - INFO - composites.py:211 -                           
2025-08-30 18:53:30,194 - INFO - composites.py:212 - Connect to Planetary Computer STAC Catalog
2025-08-30 18:53:30,424 - INFO - composites.py:220 - Search the STAC Catalog
2025-08-30 18:53:30,493 - INFO - composites.py:232 -         Query parameters:
2025-08-30 18:53:30,493 - INFO - composites.py:233 -             url:          https://planetarycomputer.microsoft.com/api/stac/v1/search
2025-08-30 18:53:30,493 - INFO - composites.py:234 -             client:       microsoft-pc
2025-08-30 18:53:30,493 - INFO - composites.py:235 -             collection:   sentinel-2-l2a
2025-08-30 18:53:30,493 - INFO - composites.py:236 -             bbox:         (21.78584004803282, 36.93347873319104, 22.44323109883715, 37.48202094723898)
2025-08-30 18:53:30,493 - INFO - composites.py:237 -             time range:   2023-01-01T00:00:00Z/2023-01-31T23:59:59Z
2025-08-30 18:53:30,493 - INFO - composites.py:238 -             cloud cover:  0% - 70%
2025-08-30 18:53:30,493 - INFO - composites.py:239 -             nodata cover: 0% - 33%
2025-08-30 18:53:30,493 - INFO - composites.py:241 -                           
2025-08-30 18:53:30,493 - INFO - composites.py:242 - Searching...
2025-08-30 18:53:31,005 - INFO - composites.py:245 - Query found 35 items
2025-08-30 18:53:31,005 - INFO - composites.py:247 - Searching for GRI REFINED scenes:
2025-08-30 18:53:36,050 - INFO - sentinel2.py:78 - 1/35 - S2B_MSIL2A_20230130T091129_R050_T34SFG_20230131T161628 -> NOT_REFINED
2025-08-30 18:53:41,027 - INFO - sentinel2.py:78 - 2/35 - S2B_MSIL2A_20230130T091129_R050_T34SFF_20240811T061804 -> NOT_REFINED
2025-08-30 18:53:46,490 - INFO - sentinel2.py:78 - 3/35 - S2B_MSIL2A_20230130T091129_R050_T34SFF_20230131T162224 -> NOT_REFINED
2025-08-30 18:53:52,177 - INFO - sentinel2.py:78 - 4/35 - S2A_MSIL2A_20230128T092241_R093_T34SFG_20240812T040650 -> NOT_REFINED
2025-08-30 18:53:57,395 - INFO - sentinel2.py:78 - 5/35 - S2A_MSIL2A_20230128T092241_R093_T34SFG_20230129T212045 -> NOT_REFINED
2025-08-30 18:54:03,086 - INFO - sentinel2.py:78 - 6/35 - S2A_MSIL2A_20230128T092241_R093_T34SFF_20240812T040650 -> NOT_REFINED
2025-08-30 18:54:08,908 - INFO - sentinel2.py:78 - 7/35 - S2A_MSIL2A_20230128T092241_R093_T34SFF_20230129T221423 -> NOT_REFINED
2025-08-30 18:54:14,536 - INFO - sentinel2.py:78 - 8/35 - S2A_MSIL2A_20230128T092241_R093_T34SEG_20230129T224200 -> NOT_REFINED
2025-08-30 18:54:20,706 - INFO - sentinel2.py:78 - 9/35 - S2A_MSIL2A_20230128T092241_R093_T34SEF_20230129T221955 -> NOT_REFINED
2025-08-30 18:54:26,362 - INFO - sentinel2.py:78 - 10/35 - S2B_MSIL2A_20230123T092159_R093_T34SFG_20230124T141920 -> NOT_REFINED
2025-08-30 18:54:31,325 - INFO - sentinel2.py:78 - 11/35 - S2B_MSIL2A_20230123T092159_R093_T34SFF_20240810T083424 -> NOT_REFINED
2025-08-30 18:54:37,506 - INFO - sentinel2.py:78 - 12/35 - S2B_MSIL2A_20230123T092159_R093_T34SFF_20230124T155332 -> NOT_REFINED
2025-08-30 18:54:43,056 - INFO - sentinel2.py:78 - 13/35 - S2B_MSIL2A_20230123T092159_R093_T34SEF_20230124T151036 -> NOT_REFINED
2025-08-30 18:54:48,623 - INFO - sentinel2.py:78 - 14/35 - S2B_MSIL2A_20230120T091209_R050_T34SFG_20230122T014601 -> NOT_REFINED
2025-08-30 18:54:54,571 - INFO - sentinel2.py:78 - 15/35 - S2B_MSIL2A_20230120T091209_R050_T34SFF_20230122T004703 -> NOT_REFINED
2025-08-30 18:55:00,279 - INFO - sentinel2.py:78 - 16/35 - S2A_MSIL2A_20230118T092321_R093_T34SFG_20230120T055049 -> NOT_REFINED
2025-08-30 18:55:05,332 - INFO - sentinel2.py:78 - 17/35 - S2A_MSIL2A_20230118T092321_R093_T34SFF_20230120T063059 -> NOT_REFINED
2025-08-30 18:55:10,964 - INFO - sentinel2.py:78 - 18/35 - S2A_MSIL2A_20230118T092321_R093_T34SEG_20230120T072201 -> NOT_REFINED
2025-08-30 18:55:17,137 - INFO - sentinel2.py:78 - 19/35 - S2A_MSIL2A_20230118T092321_R093_T34SEF_20230120T065739 -> NOT_REFINED
2025-08-30 18:55:23,032 - INFO - sentinel2.py:78 - 20/35 - S2A_MSIL2A_20230115T091321_R050_T34SFG_20240813T115034 -> NOT_REFINED
2025-08-30 18:55:28,085 - INFO - sentinel2.py:78 - 21/35 - S2A_MSIL2A_20230115T091321_R050_T34SFG_20230115T211033 -> NOT_REFINED
2025-08-30 18:55:34,182 - INFO - sentinel2.py:78 - 22/35 - S2B_MSIL2A_20230113T092239_R093_T34SFG_20230113T233917 -> NOT_REFINED
2025-08-30 18:55:40,346 - INFO - sentinel2.py:78 - 23/35 - S2B_MSIL2A_20230113T092239_R093_T34SFF_20230114T004951 -> NOT_REFINED
2025-08-30 18:55:46,608 - INFO - sentinel2.py:78 - 24/35 - S2B_MSIL2A_20230113T092239_R093_T34SEG_20230114T000843 -> NOT_REFINED
2025-08-30 18:55:52,386 - INFO - sentinel2.py:78 - 25/35 - S2B_MSIL2A_20230113T092239_R093_T34SEF_20230113T234448 -> NOT_REFINED
2025-08-30 18:55:58,003 - INFO - sentinel2.py:78 - 26/35 - S2A_MSIL2A_20230108T092351_R093_T34SFG_20230109T010415 -> NOT_REFINED
2025-08-30 18:56:03,594 - INFO - sentinel2.py:78 - 27/35 - S2A_MSIL2A_20230108T092351_R093_T34SFF_20230109T023601 -> NOT_REFINED
2025-08-30 18:56:09,020 - INFO - sentinel2.py:78 - 28/35 - S2A_MSIL2A_20230108T092351_R093_T34SEG_20230109T020329 -> NOT_REFINED
2025-08-30 18:56:15,518 - INFO - sentinel2.py:78 - 29/35 - S2A_MSIL2A_20230108T092351_R093_T34SEF_20230109T011009 -> NOT_REFINED
2025-08-30 18:56:21,171 - INFO - sentinel2.py:78 - 30/35 - S2A_MSIL2A_20230105T091351_R050_T34SFG_20230105T230354 -> NOT_REFINED
2025-08-30 18:56:27,045 - INFO - sentinel2.py:78 - 31/35 - S2A_MSIL2A_20230105T091351_R050_T34SFF_20230105T224657 -> NOT_REFINED
2025-08-30 18:56:32,456 - INFO - sentinel2.py:78 - 32/35 - S2B_MSIL2A_20230103T092309_R093_T34SFG_20230103T201152 -> NOT_REFINED
2025-08-30 18:56:37,678 - INFO - sentinel2.py:78 - 33/35 - S2B_MSIL2A_20230103T092309_R093_T34SFF_20230103T202307 -> NOT_REFINED
2025-08-30 18:56:43,840 - INFO - sentinel2.py:78 - 34/35 - S2B_MSIL2A_20230103T092309_R093_T34SEG_20230103T212319 -> NOT_REFINED
2025-08-30 18:56:49,621 - INFO - sentinel2.py:78 - 35/35 - S2B_MSIL2A_20230103T092309_R093_T34SEF_20230103T192842 -> NOT_REFINED
2025-08-30 18:56:49,673 - INFO - composites.py:250 -                                  
2025-08-30 18:56:49,673 - INFO - composites.py:251 - 0/35 were refined by GRI.
2025-08-30 18:56:49,685 - WARNING - composites.py:255 - Tile x09_y08 | Time: 2023-01: All scenes are flagged NOT REFINED.
2025-08-30 18:56:49,685 - WARNING - composites.py:256 - Tile x09_y08 | Time: 2023-01: The composite will be flagged with _NOREFINED.
2025-08-30 18:56:49,685 - INFO - composites.py:263 - Looking for up to 10 cleanest images within spatiotemporal range of each MGRS tile
2025-08-30 18:56:49,685 - INFO - composites.py:277 - Filtered cleanest scenes: Kept 31 out of 35 items. 
2025-08-30 18:56:49,685 - INFO - composites.py:278 -         Included MGRS Tiles: ['34SEF' '34SEG' '34SFF' '34SFG']
2025-08-30 18:56:49,685 - INFO - composites.py:279 -         Included EPSG codes: [32634]
2025-08-30 18:56:49,687 - INFO - composites.py:281 - Selected scenes:
2025-08-30 18:56:49,687 - INFO - composites.py:283 -         S2B_MSIL2A_20230113T092239_R093_T34SEF_20230113T234448
2025-08-30 18:56:49,701 - INFO - composites.py:283 -         S2A_MSIL2A_20230118T092321_R093_T34SEF_20230120T065739
2025-08-30 18:56:49,713 - INFO - composites.py:283 -         S2B_MSIL2A_20230103T092309_R093_T34SEF_20230103T192842
2025-08-30 18:56:49,713 - INFO - composites.py:283 -         S2A_MSIL2A_20230108T092351_R093_T34SEF_20230109T011009
2025-08-30 18:56:49,713 - INFO - composites.py:283 -         S2A_MSIL2A_20230128T092241_R093_T34SEF_20230129T221955
2025-08-30 18:56:49,713 - INFO - composites.py:283 -         S2B_MSIL2A_20230123T092159_R093_T34SEF_20230124T151036
2025-08-30 18:56:49,713 - INFO - composites.py:283 -         S2B_MSIL2A_20230113T092239_R093_T34SEG_20230114T000843
2025-08-30 18:56:49,714 - INFO - composites.py:283 -         S2A_MSIL2A_20230108T092351_R093_T34SEG_20230109T020329
2025-08-30 18:56:49,714 - INFO - composites.py:283 -         S2B_MSIL2A_20230103T092309_R093_T34SEG_20230103T212319
2025-08-30 18:56:49,714 - INFO - composites.py:283 -         S2A_MSIL2A_20230128T092241_R093_T34SEG_20230129T224200
2025-08-30 18:56:49,714 - INFO - composites.py:283 -         S2A_MSIL2A_20230118T092321_R093_T34SEG_20230120T072201
2025-08-30 18:56:49,714 - INFO - composites.py:283 -         S2A_MSIL2A_20230108T092351_R093_T34SFF_20230109T023601
2025-08-30 18:56:49,714 - INFO - composites.py:283 -         S2B_MSIL2A_20230103T092309_R093_T34SFF_20230103T202307
2025-08-30 18:56:49,714 - INFO - composites.py:283 -         S2B_MSIL2A_20230113T092239_R093_T34SFF_20230114T004951
2025-08-30 18:56:49,714 - INFO - composites.py:283 -         S2A_MSIL2A_20230105T091351_R050_T34SFF_20230105T224657
2025-08-30 18:56:49,714 - INFO - composites.py:283 -         S2A_MSIL2A_20230128T092241_R093_T34SFF_20240812T040650
2025-08-30 18:56:49,714 - INFO - composites.py:283 -         S2A_MSIL2A_20230128T092241_R093_T34SFF_20230129T221423
2025-08-30 18:56:49,714 - INFO - composites.py:283 -         S2B_MSIL2A_20230123T092159_R093_T34SFF_20240810T083424
2025-08-30 18:56:49,714 - INFO - composites.py:283 -         S2B_MSIL2A_20230123T092159_R093_T34SFF_20230124T155332
2025-08-30 18:56:49,714 - INFO - composites.py:283 -         S2B_MSIL2A_20230120T091209_R050_T34SFF_20230122T004703
2025-08-30 18:56:49,714 - INFO - composites.py:283 -         S2A_MSIL2A_20230118T092321_R093_T34SFF_20230120T063059
2025-08-30 18:56:49,714 - INFO - composites.py:283 -         S2A_MSIL2A_20230108T092351_R093_T34SFG_20230109T010415
2025-08-30 18:56:49,714 - INFO - composites.py:283 -         S2B_MSIL2A_20230103T092309_R093_T34SFG_20230103T201152
2025-08-30 18:56:49,714 - INFO - composites.py:283 -         S2B_MSIL2A_20230113T092239_R093_T34SFG_20230113T233917
2025-08-30 18:56:49,714 - INFO - composites.py:283 -         S2A_MSIL2A_20230105T091351_R050_T34SFG_20230105T230354
2025-08-30 18:56:49,714 - INFO - composites.py:283 -         S2A_MSIL2A_20230128T092241_R093_T34SFG_20240812T040650
2025-08-30 18:56:49,714 - INFO - composites.py:283 -         S2A_MSIL2A_20230128T092241_R093_T34SFG_20230129T212045
2025-08-30 18:56:49,714 - INFO - composites.py:283 -         S2B_MSIL2A_20230123T092159_R093_T34SFG_20230124T141920
2025-08-30 18:56:49,714 - INFO - composites.py:283 -         S2B_MSIL2A_20230130T091129_R050_T34SFG_20230131T161628
2025-08-30 18:56:49,714 - INFO - composites.py:283 -         S2B_MSIL2A_20230120T091209_R050_T34SFG_20230122T014601
2025-08-30 18:56:49,714 - INFO - composites.py:283 -         S2A_MSIL2A_20230118T092321_R093_T34SFG_20230120T055049
2025-08-30 18:56:50,173 - INFO - sentinel2.py:154 - Matplotlib backend: Agg
2025-08-30 18:56:50,415 - INFO - sentinel2.py:224 - Write input scenes footprint overlay: //nas-rs.topo.auth.gr/Latomeia/DROUGHT/composites/x09/y08/2023/01/01/S2L2A_medcomp_x09y08_202301_InDataFootprint.jpeg
2025-08-30 18:56:50,716 - INFO - composites.py:297 -                                  
2025-08-30 18:56:50,716 - INFO - composites.py:298 - Downstream STAC items from Planetary Computer
2025-08-30 18:56:50,716 - INFO - timeseries_processing.py:115 -                                  
2025-08-30 18:56:50,716 - INFO - timeseries_processing.py:116 - Loading bands of diferent resolutions in EPSG:32634
2025-08-30 18:56:50,716 - INFO - timeseries_processing.py:120 -     Filtering items with native UTM EPSG:32634
2025-08-30 18:56:50,716 - INFO - timeseries_processing.py:122 -     31 Items in EPSG:32634
2025-08-30 18:56:50,716 - INFO - timeseries_processing.py:129 -                        
2025-08-30 18:56:50,716 - INFO - timeseries_processing.py:130 -     Loading parameters:
2025-08-30 18:56:50,716 - INFO - timeseries_processing.py:131 -         Bands: ['B05', 'B07', 'B8A', 'SCL']
2025-08-30 18:56:50,716 - INFO - timeseries_processing.py:132 -         Spatial resolution: 20
2025-08-30 18:56:50,716 - INFO - timeseries_processing.py:134 -         Get Assets from STAC Items
2025-08-30 18:56:50,717 - INFO - timeseries_processing.py:47 -         Initialize the STAC client
2025-08-30 18:56:51,348 - INFO - timeseries_processing.py:137 -         Loading 31 STAC Items....
2025-08-30 18:58:04,000 - INFO - timeseries_processing.py:146 -         Cube has been downloaded
2025-08-30 18:58:04,000 - INFO - timeseries_processing.py:156 -         Fix order of dimensions
2025-08-30 18:58:04,002 - INFO - timeseries_processing.py:161 -         Append bands to the band-list of EPSG:32634
2025-08-30 18:58:04,002 - INFO - timeseries_processing.py:129 -                        
2025-08-30 18:58:04,002 - INFO - timeseries_processing.py:130 -     Loading parameters:
2025-08-30 18:58:04,002 - INFO - timeseries_processing.py:131 -         Bands: ['B02', 'B03', 'B04']
2025-08-30 18:58:04,002 - INFO - timeseries_processing.py:132 -         Spatial resolution: 10
2025-08-30 18:58:04,002 - INFO - timeseries_processing.py:134 -         Get Assets from STAC Items
2025-08-30 18:58:04,002 - INFO - timeseries_processing.py:47 -         Initialize the STAC client
2025-08-30 18:58:04,629 - INFO - timeseries_processing.py:137 -         Loading 31 STAC Items....
2025-08-30 19:02:15,360 - INFO - timeseries_processing.py:146 -         Cube has been downloaded
2025-08-30 19:02:15,360 - INFO - timeseries_processing.py:149 -         Reproject to downsample 10m bands to 20m by Resampling.average 2x2 binning and shape matching with odc.geo.GeoBox
2025-08-30 19:02:27,551 - INFO - timeseries_processing.py:161 -         Append bands to the band-list of EPSG:32634
2025-08-30 19:02:27,551 - INFO - timeseries_processing.py:165 -                        
2025-08-30 19:02:27,551 - INFO - timeseries_processing.py:166 -     Merging bands in a single dataset
2025-08-30 19:02:27,551 - INFO - timeseries_processing.py:167 -     Ensure all partial datasets are at (x=20, y=-20) resolution
2025-08-30 19:02:27,551 - INFO - timeseries_processing.py:171 -     Clip to the intersection of indexes
2025-08-30 19:02:28,865 - INFO - timeseries_processing.py:180 -     Make a list of bands to merge
2025-08-30 19:02:28,866 - INFO - timeseries_processing.py:184 -     Merge on intersection
2025-08-30 19:02:28,866 - INFO - timeseries_processing.py:192 -     Apply masks on clouds, shadows, thin cirrus, and snow/ice
2025-08-30 19:02:28,866 - INFO - sentinel2.py:122 -                Masking bits: [3, 7, 8, 9, 10, 11]
2025-08-30 19:02:29,922 - INFO - composites.py:307 - Reproject from UTM Zone to Tile geometry -> CRS(EPSG:32634), Resampling.bilinear
2025-08-30 19:02:35,954 - INFO - composites.py:310 -     New shape of datasets: Shape2d(x=2400, y=2400)
2025-08-30 19:02:36,556 - INFO - composites.py:329 - Scale SR to Sen2Cor Baseline 4.00 - Subtract 1000 in dates post 2022-01-25
2025-08-30 19:02:37,945 - INFO - composites.py:342 - Creating preview plot of input scenes
2025-08-30 19:03:09,396 - INFO - timeseries_processing.py:349 - Saved preview for 'B04' to //nas-rs.topo.auth.gr/Latomeia/DROUGHT/composites/x09/y08/2023/01/01/S2L2A_medcomp_x09y08_202301_InDataPreview.jpeg
2025-08-30 19:03:09,402 - INFO - composites.py:348 - Clip value range
2025-08-30 19:03:11,186 - INFO - composites.py:353 -                           
2025-08-30 19:03:11,192 - INFO - composites.py:354 - Computing spectral indices:
2025-08-30 19:03:11,207 - INFO - composites.py:357 -     EVI...
2025-08-30 19:03:12,260 - INFO - composites.py:359 -     NDVI...
2025-08-30 19:03:12,661 - INFO - composites.py:361 -     PSRI2...
2025-08-30 19:03:12,926 - INFO - composites.py:364 - Clip to typical value range
2025-08-30 19:03:13,238 - INFO - composites.py:371 - Reducing to median value temporal composite
2025-08-30 19:03:38,267 - INFO - composites.py:390 - Scale and Define data types & nodata per band
2025-08-30 19:03:38,378 - INFO - composites.py:411 - Assign time range and tile ID in metadata
2025-08-30 19:03:38,378 - INFO - composites.py:419 - Write bands to raster COG files
2025-08-30 19:03:42,310 - INFO - composites.py:432 - Write B02 -> //nas-rs.topo.auth.gr/Latomeia/DROUGHT/composites/x09/y08/2023/01/01/S2L2A_medcomp_x09y08_202301_B02.tif
2025-08-30 19:03:46,304 - INFO - composites.py:432 - Write B03 -> //nas-rs.topo.auth.gr/Latomeia/DROUGHT/composites/x09/y08/2023/01/01/S2L2A_medcomp_x09y08_202301_B03.tif
2025-08-30 19:03:50,251 - INFO - composites.py:432 - Write B04 -> //nas-rs.topo.auth.gr/Latomeia/DROUGHT/composites/x09/y08/2023/01/01/S2L2A_medcomp_x09y08_202301_B04.tif
2025-08-30 19:03:54,309 - INFO - composites.py:432 - Write B05 -> //nas-rs.topo.auth.gr/Latomeia/DROUGHT/composites/x09/y08/2023/01/01/S2L2A_medcomp_x09y08_202301_B05.tif
2025-08-30 19:03:58,249 - INFO - composites.py:432 - Write B07 -> //nas-rs.topo.auth.gr/Latomeia/DROUGHT/composites/x09/y08/2023/01/01/S2L2A_medcomp_x09y08_202301_B07.tif
2025-08-30 19:04:02,638 - INFO - composites.py:432 - Write B8A -> //nas-rs.topo.auth.gr/Latomeia/DROUGHT/composites/x09/y08/2023/01/01/S2L2A_medcomp_x09y08_202301_B8A.tif
2025-08-30 19:04:06,702 - INFO - composites.py:432 - Write EVI -> //nas-rs.topo.auth.gr/Latomeia/DROUGHT/composites/x09/y08/2023/01/01/S2L2A_medcomp_x09y08_202301_EVI.tif
2025-08-30 19:04:10,603 - INFO - composites.py:432 - Write NDVI -> //nas-rs.topo.auth.gr/Latomeia/DROUGHT/composites/x09/y08/2023/01/01/S2L2A_medcomp_x09y08_202301_NDVI.tif
2025-08-30 19:04:14,454 - INFO - composites.py:432 - Write PSRI2 -> //nas-rs.topo.auth.gr/Latomeia/DROUGHT/composites/x09/y08/2023/01/01/S2L2A_medcomp_x09y08_202301_PSRI2.tif
2025-08-30 19:04:14,454 - INFO - composites.py:436 - Prepare metadata YAML document
2025-08-30 19:04:14,988 - INFO - composites.py:458 - Write metadata YAML document to disk
2025-08-30 19:04:15,019 - INFO - composites.py:463 - Create datacube.model.Dataset from eo3 metadata
2025-08-30 19:04:15,039 - INFO - composites.py:476 - Index to datacube
2025-08-30 19:04:15,039 - INFO - _datasets.py:191 - Indexing 2e1f6cec-b1a1-4cc2-85fe-766e5a6bcbb4
2025-08-30 19:04:15,049 - INFO - composites.py:479 - 
2025-08-30 19:04:15,049 - INFO - composites.py:480 -              ✔✔✔ COMPLETED: Tile x09_y08 | Time: 2023-01 | In 10.84 minutes
2025-08-30 19:04:15,049 - INFO - composites.py:481 - 
2025-08-30 19:04:15,049 - INFO - composites.py:489 - Closing Dask client
2025-08-30 19:04:15,051 - INFO - composites.py:493 - Closing Dask cluster
2025-08-30 19:04:15,051 - INFO - composites.py:494 - #######################################################################
