2025-09-03 03:03:32,874 - INFO - composites.py:102 - #######################################################################
2025-09-03 03:03:32,874 - INFO - composites.py:104 - Processing started
2025-09-03 03:03:32,874 - INFO - composites.py:105 -         Tile: x09_y08
2025-09-03 03:03:32,874 - INFO - composites.py:106 -         Time: 2025-03
2025-09-03 03:03:32,874 - INFO - composites.py:109 -                           
2025-09-03 03:03:32,874 - INFO - composites.py:110 - Establishing connection to datacube
2025-09-03 03:03:33,383 - INFO - composites.py:113 -                           
2025-09-03 03:03:33,383 - INFO - composites.py:114 - Sanity test: Check if dataset already exists in the datacube
2025-09-03 03:03:33,405 - INFO - composites.py:133 - The composite requested was not found and it will be computed
2025-09-03 03:03:33,405 - INFO - composites.py:136 -                                  
2025-09-03 03:03:33,405 - INFO - composites.py:137 - Initializing Dask cluster for parallelization
2025-09-03 03:03:38,523 - INFO - composites.py:161 - Dask dashboard is available at: http://127.0.0.1:8787/status
2025-09-03 03:03:38,523 - INFO - composites.py:164 - Create directories and naming conversions
2025-09-03 03:03:38,535 - INFO - composites.py:177 - Dataset location: //nas-rs.topo.auth.gr/Latomeia/DROUGHT/composites/x09/y08/2025/03/01
2025-09-03 03:03:38,535 - INFO - composites.py:180 -                           
2025-09-03 03:03:38,535 - INFO - composites.py:181 - Retrieve tile geometry
2025-09-03 03:03:38,571 - INFO - composites.py:192 - Create the Bounding Box (φ,λ)
2025-09-03 03:03:38,571 - INFO - composites.py:198 - Create the Bounding Box (x,y)
2025-09-03 03:03:38,572 - INFO - composites.py:211 -                           
2025-09-03 03:03:38,572 - INFO - composites.py:212 - Connect to Planetary Computer STAC Catalog
2025-09-03 03:03:38,831 - INFO - composites.py:220 - Search the STAC Catalog
2025-09-03 03:03:38,903 - INFO - composites.py:232 -         Query parameters:
2025-09-03 03:03:38,903 - INFO - composites.py:233 -             url:          https://planetarycomputer.microsoft.com/api/stac/v1/search
2025-09-03 03:03:38,903 - INFO - composites.py:234 -             client:       microsoft-pc
2025-09-03 03:03:38,903 - INFO - composites.py:235 -             collection:   sentinel-2-l2a
2025-09-03 03:03:38,903 - INFO - composites.py:236 -             bbox:         (21.78584004803282, 36.93347873319104, 22.44323109883715, 37.48202094723898)
2025-09-03 03:03:38,903 - INFO - composites.py:237 -             time range:   2025-03-01T00:00:00Z/2025-03-31T23:59:59Z
2025-09-03 03:03:38,903 - INFO - composites.py:238 -             cloud cover:  0% - 70%
2025-09-03 03:03:38,903 - INFO - composites.py:239 -             nodata cover: 0% - 33%
2025-09-03 03:03:38,903 - INFO - composites.py:241 -                           
2025-09-03 03:03:38,903 - INFO - composites.py:242 - Searching...
2025-09-03 03:03:40,399 - INFO - composites.py:245 - Query found 25 items
2025-09-03 03:03:40,399 - INFO - composites.py:247 - Searching for GRI REFINED scenes:
2025-09-03 03:03:42,429 - INFO - sentinel2.py:78 - 1/25 - S2A_MSIL2A_20250330T092221_R093_T34SEF_20250330T130717 -> REFINED
2025-09-03 03:03:44,398 - INFO - sentinel2.py:78 - 2/25 - S2B_MSIL2A_20250330T090559_R050_T34SFG_20250330T101722 -> REFINED
2025-09-03 03:03:46,246 - INFO - sentinel2.py:78 - 3/25 - S2C_MSIL2A_20250328T092051_R093_T34SFG_20250328T145510 -> REFINED
2025-09-03 03:03:48,123 - INFO - sentinel2.py:78 - 4/25 - S2C_MSIL2A_20250328T092051_R093_T34SFF_20250328T145510 -> REFINED
2025-09-03 03:03:49,675 - INFO - sentinel2.py:78 - 5/25 - S2C_MSIL2A_20250328T092051_R093_T34SEG_20250328T145510 -> REFINED
2025-09-03 03:03:51,194 - INFO - sentinel2.py:78 - 6/25 - S2C_MSIL2A_20250328T092051_R093_T34SEF_20250328T145510 -> REFINED
2025-09-03 03:03:53,050 - INFO - sentinel2.py:78 - 7/25 - S2A_MSIL2A_20250320T092231_R093_T34SFG_20250320T124113 -> REFINED
2025-09-03 03:03:54,685 - INFO - sentinel2.py:78 - 8/25 - S2A_MSIL2A_20250320T092231_R093_T34SFF_20250320T124113 -> REFINED
2025-09-03 03:03:56,660 - INFO - sentinel2.py:78 - 9/25 - S2A_MSIL2A_20250320T092231_R093_T34SEG_20250320T124113 -> REFINED
2025-09-03 03:03:58,169 - INFO - sentinel2.py:78 - 10/25 - S2A_MSIL2A_20250320T092231_R093_T34SEF_20250320T124113 -> REFINED
2025-09-03 03:03:59,821 - INFO - sentinel2.py:78 - 11/25 - S2B_MSIL2A_20250320T090559_R050_T34SFG_20250320T131802 -> REFINED
2025-09-03 03:04:01,394 - INFO - sentinel2.py:78 - 12/25 - S2B_MSIL2A_20250320T090559_R050_T34SFF_20250320T131802 -> REFINED
2025-09-03 03:04:04,691 - INFO - sentinel2.py:78 - 13/25 - S2C_MSIL2A_20250318T092051_R093_T34SFF_20250318T130156 -> REFINED
2025-09-03 03:04:06,567 - INFO - sentinel2.py:78 - 14/25 - S2A_MSIL2A_20250317T091321_R050_T34SFG_20250317T124913 -> REFINED
2025-09-03 03:04:08,197 - INFO - sentinel2.py:78 - 15/25 - S2A_MSIL2A_20250317T091321_R050_T34SFF_20250317T124913 -> REFINED
2025-09-03 03:04:10,070 - INFO - sentinel2.py:78 - 16/25 - S2C_MSIL2A_20250315T090751_R050_T34SFG_20250315T122516 -> REFINED
2025-09-03 03:04:11,939 - INFO - sentinel2.py:78 - 17/25 - S2C_MSIL2A_20250315T090751_R050_T34SFF_20250315T122516 -> REFINED
2025-09-03 03:04:13,488 - INFO - sentinel2.py:78 - 18/25 - S2B_MSIL2A_20250313T092029_R093_T34SFG_20250313T132014 -> REFINED
2025-09-03 03:04:15,329 - INFO - sentinel2.py:78 - 19/25 - S2B_MSIL2A_20250313T092029_R093_T34SFF_20250313T132014 -> REFINED
2025-09-03 03:04:17,035 - INFO - sentinel2.py:78 - 20/25 - S2B_MSIL2A_20250313T092029_R093_T34SEG_20250313T132014 -> REFINED
2025-09-03 03:04:18,744 - INFO - sentinel2.py:78 - 21/25 - S2B_MSIL2A_20250313T092029_R093_T34SEF_20250313T132014 -> REFINED
2025-09-03 03:04:20,570 - INFO - sentinel2.py:78 - 22/25 - S2B_MSIL2A_20250310T090709_R050_T34SFG_20250310T102257 -> REFINED
2025-09-03 03:04:22,016 - INFO - sentinel2.py:78 - 23/25 - S2B_MSIL2A_20250310T090709_R050_T34SFF_20250310T102257 -> REFINED
2025-09-03 03:04:23,707 - INFO - sentinel2.py:78 - 24/25 - S2C_MSIL2A_20250305T090911_R050_T34SFG_20250305T130914 -> REFINED
2025-09-03 03:04:25,596 - INFO - sentinel2.py:78 - 25/25 - S2C_MSIL2A_20250305T090911_R050_T34SFF_20250305T130914 -> REFINED
2025-09-03 03:04:25,611 - INFO - composites.py:250 -                                  
2025-09-03 03:04:25,611 - INFO - composites.py:251 - 25/25 were refined by GRI.
2025-09-03 03:04:25,611 - INFO - composites.py:263 - Looking for up to 10 cleanest images within spatiotemporal range of each MGRS tile
2025-09-03 03:04:25,611 - INFO - composites.py:277 - Filtered cleanest scenes: Kept 25 out of 25 items. 
2025-09-03 03:04:25,611 - INFO - composites.py:278 -         Included MGRS Tiles: ['34SEF' '34SEG' '34SFF' '34SFG']
2025-09-03 03:04:25,611 - INFO - composites.py:279 -         Included EPSG codes: [32634]
2025-09-03 03:04:25,611 - INFO - composites.py:281 - Selected scenes:
2025-09-03 03:04:25,611 - INFO - composites.py:283 -         S2A_MSIL2A_20250320T092231_R093_T34SEF_20250320T124113
2025-09-03 03:04:25,611 - INFO - composites.py:283 -         S2C_MSIL2A_20250328T092051_R093_T34SEF_20250328T145510
2025-09-03 03:04:25,611 - INFO - composites.py:283 -         S2B_MSIL2A_20250313T092029_R093_T34SEF_20250313T132014
2025-09-03 03:04:25,611 - INFO - composites.py:283 -         S2A_MSIL2A_20250330T092221_R093_T34SEF_20250330T130717
2025-09-03 03:04:25,611 - INFO - composites.py:283 -         S2A_MSIL2A_20250320T092231_R093_T34SEG_20250320T124113
2025-09-03 03:04:25,611 - INFO - composites.py:283 -         S2C_MSIL2A_20250328T092051_R093_T34SEG_20250328T145510
2025-09-03 03:04:25,611 - INFO - composites.py:283 -         S2B_MSIL2A_20250313T092029_R093_T34SEG_20250313T132014
2025-09-03 03:04:25,611 - INFO - composites.py:283 -         S2B_MSIL2A_20250310T090709_R050_T34SFF_20250310T102257
2025-09-03 03:04:25,611 - INFO - composites.py:283 -         S2B_MSIL2A_20250313T092029_R093_T34SFF_20250313T132014
2025-09-03 03:04:25,611 - INFO - composites.py:283 -         S2C_MSIL2A_20250305T090911_R050_T34SFF_20250305T130914
2025-09-03 03:04:25,611 - INFO - composites.py:283 -         S2A_MSIL2A_20250320T092231_R093_T34SFF_20250320T124113
2025-09-03 03:04:25,611 - INFO - composites.py:283 -         S2C_MSIL2A_20250315T090751_R050_T34SFF_20250315T122516
2025-09-03 03:04:25,611 - INFO - composites.py:283 -         S2B_MSIL2A_20250320T090559_R050_T34SFF_20250320T131802
2025-09-03 03:04:25,611 - INFO - composites.py:283 -         S2C_MSIL2A_20250328T092051_R093_T34SFF_20250328T145510
2025-09-03 03:04:25,611 - INFO - composites.py:283 -         S2A_MSIL2A_20250317T091321_R050_T34SFF_20250317T124913
2025-09-03 03:04:25,611 - INFO - composites.py:283 -         S2C_MSIL2A_20250318T092051_R093_T34SFF_20250318T130156
2025-09-03 03:04:25,611 - INFO - composites.py:283 -         S2B_MSIL2A_20250310T090709_R050_T34SFG_20250310T102257
2025-09-03 03:04:25,611 - INFO - composites.py:283 -         S2C_MSIL2A_20250305T090911_R050_T34SFG_20250305T130914
2025-09-03 03:04:25,611 - INFO - composites.py:283 -         S2A_MSIL2A_20250320T092231_R093_T34SFG_20250320T124113
2025-09-03 03:04:25,611 - INFO - composites.py:283 -         S2C_MSIL2A_20250315T090751_R050_T34SFG_20250315T122516
2025-09-03 03:04:25,612 - INFO - composites.py:283 -         S2B_MSIL2A_20250320T090559_R050_T34SFG_20250320T131802
2025-09-03 03:04:25,612 - INFO - composites.py:283 -         S2A_MSIL2A_20250317T091321_R050_T34SFG_20250317T124913
2025-09-03 03:04:25,612 - INFO - composites.py:283 -         S2C_MSIL2A_20250328T092051_R093_T34SFG_20250328T145510
2025-09-03 03:04:25,612 - INFO - composites.py:283 -         S2B_MSIL2A_20250313T092029_R093_T34SFG_20250313T132014
2025-09-03 03:04:25,612 - INFO - composites.py:283 -         S2B_MSIL2A_20250330T090559_R050_T34SFG_20250330T101722
2025-09-03 03:04:25,974 - INFO - sentinel2.py:154 - Matplotlib backend: Agg
2025-09-03 03:04:26,273 - INFO - sentinel2.py:224 - Write input scenes footprint overlay: //nas-rs.topo.auth.gr/Latomeia/DROUGHT/composites/x09/y08/2025/03/01/S2L2A_medcomp_x09y08_202503_InDataFootprint.jpeg
2025-09-03 03:04:26,540 - INFO - composites.py:297 -                                  
2025-09-03 03:04:26,542 - INFO - composites.py:298 - Downstream STAC items from Planetary Computer
2025-09-03 03:04:26,542 - INFO - timeseries_processing.py:115 -                                  
2025-09-03 03:04:26,542 - INFO - timeseries_processing.py:116 - Loading bands of diferent resolutions in EPSG:32634
2025-09-03 03:04:26,542 - INFO - timeseries_processing.py:120 -     Filtering items with native UTM EPSG:32634
2025-09-03 03:04:26,542 - INFO - timeseries_processing.py:122 -     25 Items in EPSG:32634
2025-09-03 03:04:26,542 - INFO - timeseries_processing.py:129 -                        
2025-09-03 03:04:26,542 - INFO - timeseries_processing.py:130 -     Loading parameters:
2025-09-03 03:04:26,542 - INFO - timeseries_processing.py:131 -         Bands: ['B05', 'B07', 'B8A', 'SCL']
2025-09-03 03:04:26,542 - INFO - timeseries_processing.py:132 -         Spatial resolution: 20
2025-09-03 03:04:26,542 - INFO - timeseries_processing.py:134 -         Get Assets from STAC Items
2025-09-03 03:04:26,542 - INFO - timeseries_processing.py:47 -         Initialize the STAC client
2025-09-03 03:04:27,160 - INFO - timeseries_processing.py:137 -         Loading 25 STAC Items....
2025-09-03 03:05:35,944 - INFO - timeseries_processing.py:146 -         Cube has been downloaded
2025-09-03 03:05:35,944 - INFO - timeseries_processing.py:156 -         Fix order of dimensions
2025-09-03 03:05:35,947 - INFO - timeseries_processing.py:161 -         Append bands to the band-list of EPSG:32634
2025-09-03 03:05:35,947 - INFO - timeseries_processing.py:129 -                        
2025-09-03 03:05:35,948 - INFO - timeseries_processing.py:130 -     Loading parameters:
2025-09-03 03:05:35,948 - INFO - timeseries_processing.py:131 -         Bands: ['B02', 'B03', 'B04']
2025-09-03 03:05:35,948 - INFO - timeseries_processing.py:132 -         Spatial resolution: 10
2025-09-03 03:05:35,948 - INFO - timeseries_processing.py:134 -         Get Assets from STAC Items
2025-09-03 03:05:35,948 - INFO - timeseries_processing.py:47 -         Initialize the STAC client
2025-09-03 03:05:36,616 - INFO - timeseries_processing.py:137 -         Loading 25 STAC Items....
2025-09-03 03:09:25,820 - INFO - timeseries_processing.py:146 -         Cube has been downloaded
2025-09-03 03:09:25,820 - INFO - timeseries_processing.py:149 -         Reproject to downsample 10m bands to 20m by Resampling.average 2x2 binning and shape matching with odc.geo.GeoBox
2025-09-03 03:09:39,170 - INFO - timeseries_processing.py:161 -         Append bands to the band-list of EPSG:32634
2025-09-03 03:09:39,170 - INFO - timeseries_processing.py:165 -                        
2025-09-03 03:09:39,170 - INFO - timeseries_processing.py:166 -     Merging bands in a single dataset
2025-09-03 03:09:39,170 - INFO - timeseries_processing.py:167 -     Ensure all partial datasets are at (x=20, y=-20) resolution
2025-09-03 03:09:39,172 - INFO - timeseries_processing.py:171 -     Clip to the intersection of indexes
2025-09-03 03:09:40,483 - INFO - timeseries_processing.py:180 -     Make a list of bands to merge
2025-09-03 03:09:40,484 - INFO - timeseries_processing.py:184 -     Merge on intersection
2025-09-03 03:09:40,487 - INFO - timeseries_processing.py:192 -     Apply masks on clouds, shadows, thin cirrus, and snow/ice
2025-09-03 03:09:40,487 - INFO - sentinel2.py:122 -                Masking bits: [3, 7, 8, 9, 10, 11]
2025-09-03 03:09:41,881 - INFO - composites.py:307 - Reproject from UTM Zone to Tile geometry -> CRS(EPSG:32634), Resampling.bilinear
2025-09-03 03:09:49,311 - INFO - composites.py:310 -     New shape of datasets: Shape2d(x=2400, y=2400)
2025-09-03 03:09:50,039 - INFO - composites.py:329 - Scale SR to Sen2Cor Baseline 4.00 - Subtract 1000 in dates post 2022-01-25
2025-09-03 03:09:51,618 - INFO - composites.py:342 - Creating preview plot of input scenes
2025-09-03 03:10:27,067 - INFO - timeseries_processing.py:349 - Saved preview for 'B04' to //nas-rs.topo.auth.gr/Latomeia/DROUGHT/composites/x09/y08/2025/03/01/S2L2A_medcomp_x09y08_202503_InDataPreview.jpeg
2025-09-03 03:10:27,074 - INFO - composites.py:348 - Clip value range
2025-09-03 03:10:29,145 - INFO - composites.py:353 -                           
2025-09-03 03:10:29,145 - INFO - composites.py:354 - Computing spectral indices:
2025-09-03 03:10:29,145 - INFO - composites.py:357 -     EVI...
2025-09-03 03:10:30,437 - INFO - composites.py:359 -     NDVI...
2025-09-03 03:10:30,980 - INFO - composites.py:361 -     PSRI2...
2025-09-03 03:10:31,410 - INFO - composites.py:364 - Clip to typical value range
2025-09-03 03:10:31,856 - INFO - composites.py:371 - Reducing to median value temporal composite
2025-09-03 03:11:01,579 - INFO - composites.py:390 - Scale and Define data types & nodata per band
2025-09-03 03:11:01,685 - INFO - composites.py:411 - Assign time range and tile ID in metadata
2025-09-03 03:11:01,685 - INFO - composites.py:419 - Write bands to raster COG files
2025-09-03 03:11:05,593 - INFO - composites.py:432 - Write B02 -> //nas-rs.topo.auth.gr/Latomeia/DROUGHT/composites/x09/y08/2025/03/01/S2L2A_medcomp_x09y08_202503_B02.tif
2025-09-03 03:11:09,515 - INFO - composites.py:432 - Write B03 -> //nas-rs.topo.auth.gr/Latomeia/DROUGHT/composites/x09/y08/2025/03/01/S2L2A_medcomp_x09y08_202503_B03.tif
2025-09-03 03:11:13,667 - INFO - composites.py:432 - Write B04 -> //nas-rs.topo.auth.gr/Latomeia/DROUGHT/composites/x09/y08/2025/03/01/S2L2A_medcomp_x09y08_202503_B04.tif
2025-09-03 03:11:17,668 - INFO - composites.py:432 - Write B05 -> //nas-rs.topo.auth.gr/Latomeia/DROUGHT/composites/x09/y08/2025/03/01/S2L2A_medcomp_x09y08_202503_B05.tif
2025-09-03 03:11:21,593 - INFO - composites.py:432 - Write B07 -> //nas-rs.topo.auth.gr/Latomeia/DROUGHT/composites/x09/y08/2025/03/01/S2L2A_medcomp_x09y08_202503_B07.tif
2025-09-03 03:11:26,168 - INFO - composites.py:432 - Write B8A -> //nas-rs.topo.auth.gr/Latomeia/DROUGHT/composites/x09/y08/2025/03/01/S2L2A_medcomp_x09y08_202503_B8A.tif
2025-09-03 03:11:30,026 - INFO - composites.py:432 - Write EVI -> //nas-rs.topo.auth.gr/Latomeia/DROUGHT/composites/x09/y08/2025/03/01/S2L2A_medcomp_x09y08_202503_EVI.tif
2025-09-03 03:11:33,884 - INFO - composites.py:432 - Write NDVI -> //nas-rs.topo.auth.gr/Latomeia/DROUGHT/composites/x09/y08/2025/03/01/S2L2A_medcomp_x09y08_202503_NDVI.tif
2025-09-03 03:11:37,653 - INFO - composites.py:432 - Write PSRI2 -> //nas-rs.topo.auth.gr/Latomeia/DROUGHT/composites/x09/y08/2025/03/01/S2L2A_medcomp_x09y08_202503_PSRI2.tif
2025-09-03 03:11:37,653 - INFO - composites.py:436 - Prepare metadata YAML document
2025-09-03 03:11:38,154 - INFO - composites.py:458 - Write metadata YAML document to disk
2025-09-03 03:11:38,178 - INFO - composites.py:463 - Create datacube.model.Dataset from eo3 metadata
2025-09-03 03:11:38,189 - INFO - composites.py:476 - Index to datacube
2025-09-03 03:11:38,190 - INFO - _datasets.py:191 - Indexing 0d1e2a7c-e833-45be-ab8f-5ed1817bb9dd
2025-09-03 03:11:38,198 - INFO - composites.py:479 - 
2025-09-03 03:11:38,198 - INFO - composites.py:480 -              ✔✔✔ COMPLETED: Tile x09_y08 | Time: 2025-03 | In 8.09 minutes
2025-09-03 03:11:38,198 - INFO - composites.py:481 - 
2025-09-03 03:11:38,198 - INFO - composites.py:489 - Closing Dask client
2025-09-03 03:11:38,200 - INFO - composites.py:493 - Closing Dask cluster
2025-09-03 03:11:38,200 - INFO - composites.py:494 - #######################################################################
