2025-09-02 23:56:11,198 - INFO - composites.py:102 - #######################################################################
2025-09-02 23:56:11,198 - INFO - composites.py:104 - Processing started
2025-09-02 23:56:11,198 - INFO - composites.py:105 -         Tile: x11_y10
2025-09-02 23:56:11,198 - INFO - composites.py:106 -         Time: 2025-01
2025-09-02 23:56:11,198 - INFO - composites.py:109 -                           
2025-09-02 23:56:11,198 - INFO - composites.py:110 - Establishing connection to datacube
2025-09-02 23:56:11,721 - INFO - composites.py:113 -                           
2025-09-02 23:56:11,722 - INFO - composites.py:114 - Sanity test: Check if dataset already exists in the datacube
2025-09-02 23:56:11,747 - INFO - composites.py:133 - The composite requested was not found and it will be computed
2025-09-02 23:56:11,747 - INFO - composites.py:136 -                                  
2025-09-02 23:56:11,747 - INFO - composites.py:137 - Initializing Dask cluster for parallelization
2025-09-02 23:56:17,163 - INFO - composites.py:161 - Dask dashboard is available at: http://127.0.0.1:8787/status
2025-09-02 23:56:17,163 - INFO - composites.py:164 - Create directories and naming conversions
2025-09-02 23:56:17,181 - INFO - composites.py:177 - Dataset location: //nas-rs.topo.auth.gr/Latomeia/DROUGHT/composites/x11/y10/2025/01/01
2025-09-02 23:56:17,181 - INFO - composites.py:180 -                           
2025-09-02 23:56:17,181 - INFO - composites.py:181 - Retrieve tile geometry
2025-09-02 23:56:17,210 - INFO - composites.py:192 - Create the Bounding Box (φ,λ)
2025-09-02 23:56:17,210 - INFO - composites.py:198 - Create the Bounding Box (x,y)
2025-09-02 23:56:17,210 - INFO - composites.py:211 -                           
2025-09-02 23:56:17,210 - INFO - composites.py:212 - Connect to Planetary Computer STAC Catalog
2025-09-02 23:56:17,447 - INFO - composites.py:220 - Search the STAC Catalog
2025-09-02 23:56:17,516 - INFO - composites.py:232 -         Query parameters:
2025-09-02 23:56:17,516 - INFO - composites.py:233 -             url:          https://planetarycomputer.microsoft.com/api/stac/v1/search
2025-09-02 23:56:17,516 - INFO - composites.py:234 -             client:       microsoft-pc
2025-09-02 23:56:17,516 - INFO - composites.py:235 -             collection:   sentinel-2-l2a
2025-09-02 23:56:17,516 - INFO - composites.py:236 -             bbox:         (23.00741948027706, 37.64467818172542, 23.67848359322628, 38.19853968883684)
2025-09-02 23:56:17,516 - INFO - composites.py:237 -             time range:   2025-01-01T00:00:00Z/2025-01-31T23:59:59Z
2025-09-02 23:56:17,516 - INFO - composites.py:238 -             cloud cover:  0% - 70%
2025-09-02 23:56:17,516 - INFO - composites.py:239 -             nodata cover: 0% - 33%
2025-09-02 23:56:17,516 - INFO - composites.py:241 -                           
2025-09-02 23:56:17,516 - INFO - composites.py:242 - Searching...
2025-09-02 23:56:17,990 - INFO - composites.py:245 - Query found 24 items
2025-09-02 23:56:17,990 - INFO - composites.py:247 - Searching for GRI REFINED scenes:
2025-09-02 23:56:22,490 - INFO - sentinel2.py:78 - 1/24 - S2B_MSIL2A_20250129T091129_R050_T35SKC_20250129T133949 -> NOT_REFINED
2025-09-02 23:56:26,966 - INFO - sentinel2.py:78 - 2/24 - S2B_MSIL2A_20250129T091129_R050_T35SKB_20250129T133949 -> NOT_REFINED
2025-09-02 23:56:31,579 - INFO - sentinel2.py:78 - 3/24 - S2B_MSIL2A_20250129T091129_R050_T34SGH_20250129T133949 -> NOT_REFINED
2025-09-02 23:56:36,059 - INFO - sentinel2.py:78 - 4/24 - S2B_MSIL2A_20250129T091129_R050_T34SGG_20250129T133949 -> NOT_REFINED
2025-09-02 23:56:39,294 - INFO - sentinel2.py:78 - 5/24 - S2B_MSIL2A_20250129T091129_R050_T34SFG_20250129T133949 -> NOT_REFINED
2025-09-02 23:56:42,708 - INFO - sentinel2.py:78 - 6/24 - S2C_MSIL2A_20250127T092311_R093_T34SFH_20250127T130112 -> NOT_REFINED
2025-09-02 23:56:47,152 - INFO - sentinel2.py:78 - 7/24 - S2C_MSIL2A_20250127T092311_R093_T34SFG_20250127T130112 -> NOT_REFINED
2025-09-02 23:56:51,884 - INFO - sentinel2.py:78 - 8/24 - S2B_MSIL2A_20250122T092209_R093_T34SFH_20250122T114937 -> NOT_REFINED
2025-09-02 23:56:55,772 - INFO - sentinel2.py:78 - 9/24 - S2B_MSIL2A_20250122T092209_R093_T34SFG_20250122T114937 -> NOT_REFINED
2025-09-02 23:57:00,227 - INFO - sentinel2.py:78 - 10/24 - S2B_MSIL2A_20250119T091219_R050_T35SKC_20250119T113022 -> NOT_REFINED
2025-09-02 23:57:03,562 - INFO - sentinel2.py:78 - 11/24 - S2B_MSIL2A_20250119T091219_R050_T35SKB_20250119T113022 -> NOT_REFINED
2025-09-02 23:57:08,014 - INFO - sentinel2.py:78 - 12/24 - S2B_MSIL2A_20250119T091219_R050_T34SGH_20250119T113022 -> NOT_REFINED
2025-09-02 23:57:11,990 - INFO - sentinel2.py:78 - 13/24 - S2B_MSIL2A_20250119T091219_R050_T34SGG_20250119T113022 -> NOT_REFINED
2025-09-02 23:57:16,558 - INFO - sentinel2.py:78 - 14/24 - S2B_MSIL2A_20250119T091219_R050_T34SFG_20250119T113022 -> NOT_REFINED
2025-09-02 23:57:20,748 - INFO - sentinel2.py:78 - 15/24 - S2A_MSIL2A_20250117T092321_R093_T34SFH_20250117T130404 -> NOT_REFINED
2025-09-02 23:57:24,275 - INFO - sentinel2.py:78 - 16/24 - S2A_MSIL2A_20250117T092321_R093_T34SFG_20250117T130404 -> NOT_REFINED
2025-09-02 23:57:27,437 - INFO - sentinel2.py:78 - 17/24 - S2B_MSIL2A_20250112T092239_R093_T34SFG_20250112T114846 -> NOT_REFINED
2025-09-02 23:57:30,581 - INFO - sentinel2.py:78 - 18/24 - S2B_MSIL2A_20250109T091249_R050_T35SKC_20250109T113211 -> NOT_REFINED
2025-09-02 23:57:35,030 - INFO - sentinel2.py:78 - 19/24 - S2B_MSIL2A_20250109T091249_R050_T35SKB_20250109T113211 -> NOT_REFINED
2025-09-02 23:57:38,618 - INFO - sentinel2.py:78 - 20/24 - S2B_MSIL2A_20250109T091249_R050_T34SGH_20250109T113211 -> NOT_REFINED
2025-09-02 23:57:43,045 - INFO - sentinel2.py:78 - 21/24 - S2B_MSIL2A_20250109T091249_R050_T34SGG_20250109T113211 -> NOT_REFINED
2025-09-02 23:57:47,472 - INFO - sentinel2.py:78 - 22/24 - S2B_MSIL2A_20250109T091249_R050_T34SFG_20250109T113211 -> NOT_REFINED
2025-09-02 23:57:51,407 - INFO - sentinel2.py:78 - 23/24 - S2B_MSIL2A_20250102T092309_R093_T34SFH_20250102T113432 -> NOT_REFINED
2025-09-02 23:57:55,246 - INFO - sentinel2.py:78 - 24/24 - S2B_MSIL2A_20250102T092309_R093_T34SFG_20250102T113432 -> NOT_REFINED
2025-09-02 23:57:55,274 - INFO - composites.py:250 -                                  
2025-09-02 23:57:55,275 - INFO - composites.py:251 - 0/24 were refined by GRI.
2025-09-02 23:57:55,275 - WARNING - composites.py:255 - Tile x11_y10 | Time: 2025-01: All scenes are flagged NOT REFINED.
2025-09-02 23:57:55,275 - WARNING - composites.py:256 - Tile x11_y10 | Time: 2025-01: The composite will be flagged with _NOREFINED.
2025-09-02 23:57:55,275 - INFO - composites.py:263 - Looking for up to 10 cleanest images within spatiotemporal range of each MGRS tile
2025-09-02 23:57:55,275 - INFO - composites.py:277 - Filtered cleanest scenes: Kept 24 out of 24 items. 
2025-09-02 23:57:55,275 - INFO - composites.py:278 -         Included MGRS Tiles: ['34SFG' '34SFH' '34SGG' '34SGH' '35SKB' '35SKC']
2025-09-02 23:57:55,276 - INFO - composites.py:279 -         Included EPSG codes: [32634 32635]
2025-09-02 23:57:55,276 - INFO - composites.py:281 - Selected scenes:
2025-09-02 23:57:55,277 - INFO - composites.py:283 -         S2B_MSIL2A_20250119T091219_R050_T34SFG_20250119T113022
2025-09-02 23:57:55,277 - INFO - composites.py:283 -         S2B_MSIL2A_20250122T092209_R093_T34SFG_20250122T114937
2025-09-02 23:57:55,277 - INFO - composites.py:283 -         S2B_MSIL2A_20250129T091129_R050_T34SFG_20250129T133949
2025-09-02 23:57:55,277 - INFO - composites.py:283 -         S2B_MSIL2A_20250109T091249_R050_T34SFG_20250109T113211
2025-09-02 23:57:55,277 - INFO - composites.py:283 -         S2C_MSIL2A_20250127T092311_R093_T34SFG_20250127T130112
2025-09-02 23:57:55,277 - INFO - composites.py:283 -         S2A_MSIL2A_20250117T092321_R093_T34SFG_20250117T130404
2025-09-02 23:57:55,277 - INFO - composites.py:283 -         S2B_MSIL2A_20250112T092239_R093_T34SFG_20250112T114846
2025-09-02 23:57:55,277 - INFO - composites.py:283 -         S2B_MSIL2A_20250102T092309_R093_T34SFG_20250102T113432
2025-09-02 23:57:55,277 - INFO - composites.py:283 -         S2B_MSIL2A_20250122T092209_R093_T34SFH_20250122T114937
2025-09-02 23:57:55,277 - INFO - composites.py:283 -         S2C_MSIL2A_20250127T092311_R093_T34SFH_20250127T130112
2025-09-02 23:57:55,277 - INFO - composites.py:283 -         S2B_MSIL2A_20250102T092309_R093_T34SFH_20250102T113432
2025-09-02 23:57:55,277 - INFO - composites.py:283 -         S2A_MSIL2A_20250117T092321_R093_T34SFH_20250117T130404
2025-09-02 23:57:55,277 - INFO - composites.py:283 -         S2B_MSIL2A_20250119T091219_R050_T34SGG_20250119T113022
2025-09-02 23:57:55,277 - INFO - composites.py:283 -         S2B_MSIL2A_20250109T091249_R050_T34SGG_20250109T113211
2025-09-02 23:57:55,278 - INFO - composites.py:283 -         S2B_MSIL2A_20250129T091129_R050_T34SGG_20250129T133949
2025-09-02 23:57:55,278 - INFO - composites.py:283 -         S2B_MSIL2A_20250119T091219_R050_T34SGH_20250119T113022
2025-09-02 23:57:55,278 - INFO - composites.py:283 -         S2B_MSIL2A_20250129T091129_R050_T34SGH_20250129T133949
2025-09-02 23:57:55,278 - INFO - composites.py:283 -         S2B_MSIL2A_20250109T091249_R050_T34SGH_20250109T113211
2025-09-02 23:57:55,278 - INFO - composites.py:283 -         S2B_MSIL2A_20250119T091219_R050_T35SKB_20250119T113022
2025-09-02 23:57:55,278 - INFO - composites.py:283 -         S2B_MSIL2A_20250109T091249_R050_T35SKB_20250109T113211
2025-09-02 23:57:55,278 - INFO - composites.py:283 -         S2B_MSIL2A_20250129T091129_R050_T35SKB_20250129T133949
2025-09-02 23:57:55,278 - INFO - composites.py:283 -         S2B_MSIL2A_20250119T091219_R050_T35SKC_20250119T113022
2025-09-02 23:57:55,278 - INFO - composites.py:283 -         S2B_MSIL2A_20250129T091129_R050_T35SKC_20250129T133949
2025-09-02 23:57:55,278 - INFO - composites.py:283 -         S2B_MSIL2A_20250109T091249_R050_T35SKC_20250109T113211
2025-09-02 23:57:55,627 - INFO - sentinel2.py:154 - Matplotlib backend: Agg
2025-09-02 23:57:56,004 - INFO - sentinel2.py:224 - Write input scenes footprint overlay: //nas-rs.topo.auth.gr/Latomeia/DROUGHT/composites/x11/y10/2025/01/01/S2L2A_medcomp_x11y10_202501_InDataFootprint.jpeg
2025-09-02 23:57:56,263 - INFO - composites.py:297 -                                  
2025-09-02 23:57:56,263 - INFO - composites.py:298 - Downstream STAC items from Planetary Computer
2025-09-02 23:57:56,263 - INFO - timeseries_processing.py:115 -                                  
2025-09-02 23:57:56,263 - INFO - timeseries_processing.py:116 - Loading bands of diferent resolutions in EPSG:32634
2025-09-02 23:57:56,263 - INFO - timeseries_processing.py:120 -     Filtering items with native UTM EPSG:32634
2025-09-02 23:57:56,263 - INFO - timeseries_processing.py:122 -     18 Items in EPSG:32634
2025-09-02 23:57:56,263 - INFO - timeseries_processing.py:129 -                        
2025-09-02 23:57:56,263 - INFO - timeseries_processing.py:130 -     Loading parameters:
2025-09-02 23:57:56,263 - INFO - timeseries_processing.py:131 -         Bands: ['B05', 'B07', 'B8A', 'SCL']
2025-09-02 23:57:56,263 - INFO - timeseries_processing.py:132 -         Spatial resolution: 20
2025-09-02 23:57:56,263 - INFO - timeseries_processing.py:134 -         Get Assets from STAC Items
2025-09-02 23:57:56,263 - INFO - timeseries_processing.py:47 -         Initialize the STAC client
2025-09-02 23:57:56,787 - INFO - timeseries_processing.py:137 -         Loading 18 STAC Items....
2025-09-02 23:59:03,842 - INFO - timeseries_processing.py:146 -         Cube has been downloaded
2025-09-02 23:59:03,842 - INFO - timeseries_processing.py:156 -         Fix order of dimensions
2025-09-02 23:59:03,847 - INFO - timeseries_processing.py:161 -         Append bands to the band-list of EPSG:32634
2025-09-02 23:59:03,847 - INFO - timeseries_processing.py:129 -                        
2025-09-02 23:59:03,847 - INFO - timeseries_processing.py:130 -     Loading parameters:
2025-09-02 23:59:03,849 - INFO - timeseries_processing.py:131 -         Bands: ['B02', 'B03', 'B04']
2025-09-02 23:59:03,849 - INFO - timeseries_processing.py:132 -         Spatial resolution: 10
2025-09-02 23:59:03,849 - INFO - timeseries_processing.py:134 -         Get Assets from STAC Items
2025-09-02 23:59:03,849 - INFO - timeseries_processing.py:47 -         Initialize the STAC client
2025-09-02 23:59:04,443 - INFO - timeseries_processing.py:137 -         Loading 18 STAC Items....
2025-09-03 00:00:42,913 - INFO - timeseries_processing.py:146 -         Cube has been downloaded
2025-09-03 00:00:42,913 - INFO - timeseries_processing.py:149 -         Reproject to downsample 10m bands to 20m by Resampling.average 2x2 binning and shape matching with odc.geo.GeoBox
2025-09-03 00:00:54,594 - INFO - timeseries_processing.py:161 -         Append bands to the band-list of EPSG:32634
2025-09-03 00:00:54,594 - INFO - timeseries_processing.py:165 -                        
2025-09-03 00:00:54,594 - INFO - timeseries_processing.py:166 -     Merging bands in a single dataset
2025-09-03 00:00:54,594 - INFO - timeseries_processing.py:167 -     Ensure all partial datasets are at (x=20, y=-20) resolution
2025-09-03 00:00:54,594 - INFO - timeseries_processing.py:171 -     Clip to the intersection of indexes
2025-09-03 00:00:55,604 - INFO - timeseries_processing.py:180 -     Make a list of bands to merge
2025-09-03 00:00:55,604 - INFO - timeseries_processing.py:184 -     Merge on intersection
2025-09-03 00:00:55,604 - INFO - timeseries_processing.py:192 -     Apply masks on clouds, shadows, thin cirrus, and snow/ice
2025-09-03 00:00:55,604 - INFO - sentinel2.py:122 -                Masking bits: [3, 7, 8, 9, 10, 11]
2025-09-03 00:00:56,616 - INFO - timeseries_processing.py:115 -                                  
2025-09-03 00:00:56,623 - INFO - timeseries_processing.py:116 - Loading bands of diferent resolutions in EPSG:32635
2025-09-03 00:00:56,623 - INFO - timeseries_processing.py:120 -     Filtering items with native UTM EPSG:32635
2025-09-03 00:00:56,623 - INFO - timeseries_processing.py:122 -     6 Items in EPSG:32635
2025-09-03 00:00:56,623 - INFO - timeseries_processing.py:129 -                        
2025-09-03 00:00:56,624 - INFO - timeseries_processing.py:130 -     Loading parameters:
2025-09-03 00:00:56,624 - INFO - timeseries_processing.py:131 -         Bands: ['B05', 'B07', 'B8A', 'SCL']
2025-09-03 00:00:56,624 - INFO - timeseries_processing.py:132 -         Spatial resolution: 20
2025-09-03 00:00:56,624 - INFO - timeseries_processing.py:134 -         Get Assets from STAC Items
2025-09-03 00:00:56,625 - INFO - timeseries_processing.py:47 -         Initialize the STAC client
2025-09-03 00:00:57,151 - INFO - timeseries_processing.py:137 -         Loading 6 STAC Items....
2025-09-03 00:01:06,934 - INFO - timeseries_processing.py:146 -         Cube has been downloaded
2025-09-03 00:01:06,934 - INFO - timeseries_processing.py:156 -         Fix order of dimensions
2025-09-03 00:01:06,936 - INFO - timeseries_processing.py:161 -         Append bands to the band-list of EPSG:32635
2025-09-03 00:01:06,936 - INFO - timeseries_processing.py:129 -                        
2025-09-03 00:01:06,936 - INFO - timeseries_processing.py:130 -     Loading parameters:
2025-09-03 00:01:06,937 - INFO - timeseries_processing.py:131 -         Bands: ['B02', 'B03', 'B04']
2025-09-03 00:01:06,937 - INFO - timeseries_processing.py:132 -         Spatial resolution: 10
2025-09-03 00:01:06,937 - INFO - timeseries_processing.py:134 -         Get Assets from STAC Items
2025-09-03 00:01:06,937 - INFO - timeseries_processing.py:47 -         Initialize the STAC client
2025-09-03 00:01:07,430 - INFO - timeseries_processing.py:137 -         Loading 6 STAC Items....
2025-09-03 00:01:22,454 - INFO - timeseries_processing.py:146 -         Cube has been downloaded
2025-09-03 00:01:22,454 - INFO - timeseries_processing.py:149 -         Reproject to downsample 10m bands to 20m by Resampling.average 2x2 binning and shape matching with odc.geo.GeoBox
2025-09-03 00:01:26,074 - INFO - timeseries_processing.py:161 -         Append bands to the band-list of EPSG:32635
2025-09-03 00:01:26,074 - INFO - timeseries_processing.py:165 -                        
2025-09-03 00:01:26,074 - INFO - timeseries_processing.py:166 -     Merging bands in a single dataset
2025-09-03 00:01:26,075 - INFO - timeseries_processing.py:167 -     Ensure all partial datasets are at (x=20, y=-20) resolution
2025-09-03 00:01:26,075 - INFO - timeseries_processing.py:171 -     Clip to the intersection of indexes
2025-09-03 00:01:26,077 - INFO - timeseries_processing.py:180 -     Make a list of bands to merge
2025-09-03 00:01:26,077 - INFO - timeseries_processing.py:184 -     Merge on intersection
2025-09-03 00:01:26,077 - INFO - timeseries_processing.py:192 -     Apply masks on clouds, shadows, thin cirrus, and snow/ice
2025-09-03 00:01:26,077 - INFO - sentinel2.py:122 -                Masking bits: [3, 7, 8, 9, 10, 11]
2025-09-03 00:01:26,474 - INFO - composites.py:307 - Reproject from UTM Zone to Tile geometry -> CRS(EPSG:32635), Resampling.bilinear
2025-09-03 00:01:34,061 - INFO - composites.py:310 -     New shape of datasets: Shape2d(x=2400, y=2400)
2025-09-03 00:01:34,279 - INFO - composites.py:315 -                           
2025-09-03 00:01:34,279 - INFO - composites.py:316 - Mosaic datasets to a single dataset
2025-09-03 00:01:41,004 - INFO - composites.py:329 - Scale SR to Sen2Cor Baseline 4.00 - Subtract 1000 in dates post 2022-01-25
2025-09-03 00:01:42,261 - INFO - composites.py:342 - Creating preview plot of input scenes
2025-09-03 00:02:12,981 - INFO - timeseries_processing.py:349 - Saved preview for 'B04' to //nas-rs.topo.auth.gr/Latomeia/DROUGHT/composites/x11/y10/2025/01/01/S2L2A_medcomp_x11y10_202501_InDataPreview.jpeg
2025-09-03 00:02:12,986 - INFO - composites.py:348 - Clip value range
2025-09-03 00:02:14,553 - INFO - composites.py:353 -                           
2025-09-03 00:02:14,559 - INFO - composites.py:354 - Computing spectral indices:
2025-09-03 00:02:14,560 - INFO - composites.py:357 -     EVI...
2025-09-03 00:02:15,495 - INFO - composites.py:359 -     NDVI...
2025-09-03 00:02:15,832 - INFO - composites.py:361 -     PSRI2...
2025-09-03 00:02:16,074 - INFO - composites.py:364 - Clip to typical value range
2025-09-03 00:02:16,374 - INFO - composites.py:371 - Reducing to median value temporal composite
2025-09-03 00:02:39,457 - INFO - composites.py:390 - Scale and Define data types & nodata per band
2025-09-03 00:02:39,562 - INFO - composites.py:411 - Assign time range and tile ID in metadata
2025-09-03 00:02:39,562 - INFO - composites.py:419 - Write bands to raster COG files
2025-09-03 00:02:43,370 - INFO - composites.py:432 - Write B02 -> //nas-rs.topo.auth.gr/Latomeia/DROUGHT/composites/x11/y10/2025/01/01/S2L2A_medcomp_x11y10_202501_B02.tif
2025-09-03 00:02:47,324 - INFO - composites.py:432 - Write B03 -> //nas-rs.topo.auth.gr/Latomeia/DROUGHT/composites/x11/y10/2025/01/01/S2L2A_medcomp_x11y10_202501_B03.tif
2025-09-03 00:02:51,109 - INFO - composites.py:432 - Write B04 -> //nas-rs.topo.auth.gr/Latomeia/DROUGHT/composites/x11/y10/2025/01/01/S2L2A_medcomp_x11y10_202501_B04.tif
2025-09-03 00:02:54,919 - INFO - composites.py:432 - Write B05 -> //nas-rs.topo.auth.gr/Latomeia/DROUGHT/composites/x11/y10/2025/01/01/S2L2A_medcomp_x11y10_202501_B05.tif
2025-09-03 00:02:59,427 - INFO - composites.py:432 - Write B07 -> //nas-rs.topo.auth.gr/Latomeia/DROUGHT/composites/x11/y10/2025/01/01/S2L2A_medcomp_x11y10_202501_B07.tif
2025-09-03 00:03:03,313 - INFO - composites.py:432 - Write B8A -> //nas-rs.topo.auth.gr/Latomeia/DROUGHT/composites/x11/y10/2025/01/01/S2L2A_medcomp_x11y10_202501_B8A.tif
2025-09-03 00:03:07,023 - INFO - composites.py:432 - Write EVI -> //nas-rs.topo.auth.gr/Latomeia/DROUGHT/composites/x11/y10/2025/01/01/S2L2A_medcomp_x11y10_202501_EVI.tif
2025-09-03 00:03:10,878 - INFO - composites.py:432 - Write NDVI -> //nas-rs.topo.auth.gr/Latomeia/DROUGHT/composites/x11/y10/2025/01/01/S2L2A_medcomp_x11y10_202501_NDVI.tif
2025-09-03 00:03:15,005 - INFO - composites.py:432 - Write PSRI2 -> //nas-rs.topo.auth.gr/Latomeia/DROUGHT/composites/x11/y10/2025/01/01/S2L2A_medcomp_x11y10_202501_PSRI2.tif
2025-09-03 00:03:15,020 - INFO - composites.py:436 - Prepare metadata YAML document
2025-09-03 00:03:15,609 - INFO - composites.py:458 - Write metadata YAML document to disk
2025-09-03 00:03:15,649 - INFO - composites.py:463 - Create datacube.model.Dataset from eo3 metadata
2025-09-03 00:03:15,674 - INFO - composites.py:476 - Index to datacube
2025-09-03 00:03:15,674 - INFO - _datasets.py:191 - Indexing b8e5877c-19de-4912-8461-4c881e412f89
2025-09-03 00:03:15,690 - INFO - composites.py:479 - 
2025-09-03 00:03:15,691 - INFO - composites.py:480 -              ✔✔✔ COMPLETED: Tile x11_y10 | Time: 2025-01 | In 7.07 minutes
2025-09-03 00:03:15,691 - INFO - composites.py:481 - 
2025-09-03 00:03:15,691 - INFO - composites.py:489 - Closing Dask client
2025-09-03 00:03:15,693 - INFO - composites.py:493 - Closing Dask cluster
2025-09-03 00:03:15,693 - INFO - composites.py:494 - #######################################################################
