2025-09-02 20:18:12,190 - INFO - composites.py:102 - #######################################################################
2025-09-02 20:18:12,190 - INFO - composites.py:104 - Processing started
2025-09-02 20:18:12,190 - INFO - composites.py:105 -         Tile: x09_y08
2025-09-02 20:18:12,190 - INFO - composites.py:106 -         Time: 2024-12
2025-09-02 20:18:12,190 - INFO - composites.py:109 -                           
2025-09-02 20:18:12,190 - INFO - composites.py:110 - Establishing connection to datacube
2025-09-02 20:18:12,692 - INFO - composites.py:113 -                           
2025-09-02 20:18:12,692 - INFO - composites.py:114 - Sanity test: Check if dataset already exists in the datacube
2025-09-02 20:18:12,713 - INFO - composites.py:133 - The composite requested was not found and it will be computed
2025-09-02 20:18:12,714 - INFO - composites.py:136 -                                  
2025-09-02 20:18:12,714 - INFO - composites.py:137 - Initializing Dask cluster for parallelization
2025-09-02 20:18:17,698 - INFO - composites.py:161 - Dask dashboard is available at: http://127.0.0.1:8787/status
2025-09-02 20:18:17,698 - INFO - composites.py:164 - Create directories and naming conversions
2025-09-02 20:18:17,712 - INFO - composites.py:177 - Dataset location: //nas-rs.topo.auth.gr/Latomeia/DROUGHT/composites/x09/y08/2024/12/01
2025-09-02 20:18:17,712 - INFO - composites.py:180 -                           
2025-09-02 20:18:17,712 - INFO - composites.py:181 - Retrieve tile geometry
2025-09-02 20:18:17,741 - INFO - composites.py:192 - Create the Bounding Box (φ,λ)
2025-09-02 20:18:17,741 - INFO - composites.py:198 - Create the Bounding Box (x,y)
2025-09-02 20:18:17,741 - INFO - composites.py:211 -                           
2025-09-02 20:18:17,741 - INFO - composites.py:212 - Connect to Planetary Computer STAC Catalog
2025-09-02 20:18:17,952 - INFO - composites.py:220 - Search the STAC Catalog
2025-09-02 20:18:18,021 - INFO - composites.py:232 -         Query parameters:
2025-09-02 20:18:18,021 - INFO - composites.py:233 -             url:          https://planetarycomputer.microsoft.com/api/stac/v1/search
2025-09-02 20:18:18,021 - INFO - composites.py:234 -             client:       microsoft-pc
2025-09-02 20:18:18,021 - INFO - composites.py:235 -             collection:   sentinel-2-l2a
2025-09-02 20:18:18,021 - INFO - composites.py:236 -             bbox:         (21.78584004803282, 36.93347873319104, 22.44323109883715, 37.48202094723898)
2025-09-02 20:18:18,022 - INFO - composites.py:237 -             time range:   2024-12-01T00:00:00Z/2024-12-31T23:59:59Z
2025-09-02 20:18:18,022 - INFO - composites.py:238 -             cloud cover:  0% - 70%
2025-09-02 20:18:18,022 - INFO - composites.py:239 -             nodata cover: 0% - 33%
2025-09-02 20:18:18,022 - INFO - composites.py:241 -                           
2025-09-02 20:18:18,022 - INFO - composites.py:242 - Searching...
2025-09-02 20:18:18,518 - INFO - composites.py:245 - Query found 25 items
2025-09-02 20:18:18,518 - INFO - composites.py:247 - Searching for GRI REFINED scenes:
2025-09-02 20:18:22,317 - INFO - sentinel2.py:78 - 1/25 - S2B_MSIL2A_20241230T091309_R050_T34SFG_20241230T101149 -> REFINED
2025-09-02 20:18:25,853 - INFO - sentinel2.py:78 - 2/25 - S2B_MSIL2A_20241230T091309_R050_T34SFF_20241230T101149 -> REFINED
2025-09-02 20:18:30,441 - INFO - sentinel2.py:78 - 3/25 - S2A_MSIL2A_20241228T092411_R093_T34SFG_20241228T124054 -> REFINED
2025-09-02 20:18:35,135 - INFO - sentinel2.py:78 - 4/25 - S2A_MSIL2A_20241228T092411_R093_T34SFF_20241228T124054 -> REFINED
2025-09-02 20:18:39,313 - INFO - sentinel2.py:78 - 5/25 - S2A_MSIL2A_20241228T092411_R093_T34SEG_20241228T124054 -> REFINED
2025-09-02 20:18:43,902 - INFO - sentinel2.py:78 - 6/25 - S2A_MSIL2A_20241228T092411_R093_T34SEF_20241228T124054 -> REFINED
2025-09-02 20:18:48,621 - INFO - sentinel2.py:78 - 7/25 - S2B_MSIL2A_20241223T092319_R093_T34SFF_20241223T115136 -> REFINED
2025-09-02 20:18:53,187 - INFO - sentinel2.py:78 - 8/25 - S2B_MSIL2A_20241220T091309_R050_T34SFG_20241220T101331 -> REFINED
2025-09-02 20:18:56,694 - INFO - sentinel2.py:78 - 9/25 - S2B_MSIL2A_20241220T091309_R050_T34SFF_20241220T101331 -> REFINED
2025-09-02 20:19:01,302 - INFO - sentinel2.py:78 - 10/25 - S2A_MSIL2A_20241218T092411_R093_T34SFG_20241218T133205 -> REFINED
2025-09-02 20:19:05,715 - INFO - sentinel2.py:78 - 11/25 - S2A_MSIL2A_20241218T092411_R093_T34SFF_20241218T133205 -> REFINED
2025-09-02 20:19:10,316 - INFO - sentinel2.py:78 - 12/25 - S2A_MSIL2A_20241218T092411_R093_T34SEG_20241218T133205 -> REFINED
2025-09-02 20:19:14,909 - INFO - sentinel2.py:78 - 13/25 - S2A_MSIL2A_20241218T092411_R093_T34SEF_20241218T133205 -> REFINED
2025-09-02 20:19:18,925 - INFO - sentinel2.py:78 - 14/25 - S2B_MSIL2A_20241213T092309_R093_T34SFG_20241213T115257 -> REFINED
2025-09-02 20:19:23,641 - INFO - sentinel2.py:78 - 15/25 - S2B_MSIL2A_20241213T092309_R093_T34SFF_20241213T115257 -> REFINED
2025-09-02 20:19:27,664 - INFO - sentinel2.py:78 - 16/25 - S2B_MSIL2A_20241213T092309_R093_T34SEG_20241213T115257 -> REFINED
2025-09-02 20:19:31,169 - INFO - sentinel2.py:78 - 17/25 - S2B_MSIL2A_20241213T092309_R093_T34SEF_20241213T115257 -> REFINED
2025-09-02 20:19:35,702 - INFO - sentinel2.py:78 - 18/25 - S2B_MSIL2A_20241210T091309_R050_T34SFG_20241210T101328 -> REFINED
2025-09-02 20:19:40,190 - INFO - sentinel2.py:78 - 19/25 - S2B_MSIL2A_20241210T091309_R050_T34SFF_20241210T101328 -> REFINED
2025-09-02 20:19:44,203 - INFO - sentinel2.py:78 - 20/25 - S2A_MSIL2A_20241208T092401_R093_T34SEG_20241208T135805 -> REFINED
2025-09-02 20:19:48,376 - INFO - sentinel2.py:78 - 21/25 - S2A_MSIL2A_20241208T092401_R093_T34SEF_20241208T135805 -> REFINED
2025-09-02 20:19:53,324 - INFO - sentinel2.py:78 - 22/25 - S2B_MSIL2A_20241203T092259_R093_T34SFG_20241203T105527 -> REFINED
2025-09-02 20:19:57,495 - INFO - sentinel2.py:78 - 23/25 - S2B_MSIL2A_20241203T092259_R093_T34SFF_20241203T105527 -> REFINED
2025-09-02 20:20:02,134 - INFO - sentinel2.py:78 - 24/25 - S2B_MSIL2A_20241203T092259_R093_T34SEG_20241203T105527 -> REFINED
2025-09-02 20:20:06,366 - INFO - sentinel2.py:78 - 25/25 - S2B_MSIL2A_20241203T092259_R093_T34SEF_20241203T105527 -> REFINED
2025-09-02 20:20:06,409 - INFO - composites.py:250 -                                  
2025-09-02 20:20:06,409 - INFO - composites.py:251 - 25/25 were refined by GRI.
2025-09-02 20:20:06,409 - INFO - composites.py:263 - Looking for up to 10 cleanest images within spatiotemporal range of each MGRS tile
2025-09-02 20:20:06,410 - INFO - composites.py:277 - Filtered cleanest scenes: Kept 25 out of 25 items. 
2025-09-02 20:20:06,410 - INFO - composites.py:278 -         Included MGRS Tiles: ['34SEF' '34SEG' '34SFF' '34SFG']
2025-09-02 20:20:06,411 - INFO - composites.py:279 -         Included EPSG codes: [32634]
2025-09-02 20:20:06,411 - INFO - composites.py:281 - Selected scenes:
2025-09-02 20:20:06,411 - INFO - composites.py:283 -         S2B_MSIL2A_20241213T092309_R093_T34SEF_20241213T115257
2025-09-02 20:20:06,411 - INFO - composites.py:283 -         S2A_MSIL2A_20241218T092411_R093_T34SEF_20241218T133205
2025-09-02 20:20:06,412 - INFO - composites.py:283 -         S2B_MSIL2A_20241203T092259_R093_T34SEF_20241203T105527
2025-09-02 20:20:06,412 - INFO - composites.py:283 -         S2A_MSIL2A_20241228T092411_R093_T34SEF_20241228T124054
2025-09-02 20:20:06,412 - INFO - composites.py:283 -         S2A_MSIL2A_20241208T092401_R093_T34SEF_20241208T135805
2025-09-02 20:20:06,412 - INFO - composites.py:283 -         S2A_MSIL2A_20241218T092411_R093_T34SEG_20241218T133205
2025-09-02 20:20:06,412 - INFO - composites.py:283 -         S2B_MSIL2A_20241213T092309_R093_T34SEG_20241213T115257
2025-09-02 20:20:06,412 - INFO - composites.py:283 -         S2A_MSIL2A_20241228T092411_R093_T34SEG_20241228T124054
2025-09-02 20:20:06,412 - INFO - composites.py:283 -         S2B_MSIL2A_20241203T092259_R093_T34SEG_20241203T105527
2025-09-02 20:20:06,412 - INFO - composites.py:283 -         S2A_MSIL2A_20241208T092401_R093_T34SEG_20241208T135805
2025-09-02 20:20:06,412 - INFO - composites.py:283 -         S2A_MSIL2A_20241218T092411_R093_T34SFF_20241218T133205
2025-09-02 20:20:06,413 - INFO - composites.py:283 -         S2B_MSIL2A_20241213T092309_R093_T34SFF_20241213T115257
2025-09-02 20:20:06,413 - INFO - composites.py:283 -         S2B_MSIL2A_20241203T092259_R093_T34SFF_20241203T105527
2025-09-02 20:20:06,413 - INFO - composites.py:283 -         S2B_MSIL2A_20241230T091309_R050_T34SFF_20241230T101149
2025-09-02 20:20:06,413 - INFO - composites.py:283 -         S2A_MSIL2A_20241228T092411_R093_T34SFF_20241228T124054
2025-09-02 20:20:06,413 - INFO - composites.py:283 -         S2B_MSIL2A_20241210T091309_R050_T34SFF_20241210T101328
2025-09-02 20:20:06,413 - INFO - composites.py:283 -         S2B_MSIL2A_20241220T091309_R050_T34SFF_20241220T101331
2025-09-02 20:20:06,413 - INFO - composites.py:283 -         S2B_MSIL2A_20241223T092319_R093_T34SFF_20241223T115136
2025-09-02 20:20:06,413 - INFO - composites.py:283 -         S2B_MSIL2A_20241230T091309_R050_T34SFG_20241230T101149
2025-09-02 20:20:06,413 - INFO - composites.py:283 -         S2A_MSIL2A_20241218T092411_R093_T34SFG_20241218T133205
2025-09-02 20:20:06,413 - INFO - composites.py:283 -         S2B_MSIL2A_20241213T092309_R093_T34SFG_20241213T115257
2025-09-02 20:20:06,413 - INFO - composites.py:283 -         S2A_MSIL2A_20241228T092411_R093_T34SFG_20241228T124054
2025-09-02 20:20:06,413 - INFO - composites.py:283 -         S2B_MSIL2A_20241203T092259_R093_T34SFG_20241203T105527
2025-09-02 20:20:06,413 - INFO - composites.py:283 -         S2B_MSIL2A_20241210T091309_R050_T34SFG_20241210T101328
2025-09-02 20:20:06,413 - INFO - composites.py:283 -         S2B_MSIL2A_20241220T091309_R050_T34SFG_20241220T101331
2025-09-02 20:20:06,863 - INFO - sentinel2.py:154 - Matplotlib backend: Agg
2025-09-02 20:20:07,092 - INFO - sentinel2.py:224 - Write input scenes footprint overlay: //nas-rs.topo.auth.gr/Latomeia/DROUGHT/composites/x09/y08/2024/12/01/S2L2A_medcomp_x09y08_202412_InDataFootprint.jpeg
2025-09-02 20:20:07,376 - INFO - composites.py:297 -                                  
2025-09-02 20:20:07,376 - INFO - composites.py:298 - Downstream STAC items from Planetary Computer
2025-09-02 20:20:07,376 - INFO - timeseries_processing.py:115 -                                  
2025-09-02 20:20:07,376 - INFO - timeseries_processing.py:116 - Loading bands of diferent resolutions in EPSG:32634
2025-09-02 20:20:07,376 - INFO - timeseries_processing.py:120 -     Filtering items with native UTM EPSG:32634
2025-09-02 20:20:07,376 - INFO - timeseries_processing.py:122 -     25 Items in EPSG:32634
2025-09-02 20:20:07,376 - INFO - timeseries_processing.py:129 -                        
2025-09-02 20:20:07,376 - INFO - timeseries_processing.py:130 -     Loading parameters:
2025-09-02 20:20:07,376 - INFO - timeseries_processing.py:131 -         Bands: ['B05', 'B07', 'B8A', 'SCL']
2025-09-02 20:20:07,376 - INFO - timeseries_processing.py:132 -         Spatial resolution: 20
2025-09-02 20:20:07,376 - INFO - timeseries_processing.py:134 -         Get Assets from STAC Items
2025-09-02 20:20:07,376 - INFO - timeseries_processing.py:47 -         Initialize the STAC client
2025-09-02 20:20:07,987 - INFO - timeseries_processing.py:137 -         Loading 25 STAC Items....
2025-09-02 20:21:22,597 - INFO - timeseries_processing.py:146 -         Cube has been downloaded
2025-09-02 20:21:22,598 - INFO - timeseries_processing.py:156 -         Fix order of dimensions
2025-09-02 20:21:22,599 - INFO - timeseries_processing.py:161 -         Append bands to the band-list of EPSG:32634
2025-09-02 20:21:22,599 - INFO - timeseries_processing.py:129 -                        
2025-09-02 20:21:22,599 - INFO - timeseries_processing.py:130 -     Loading parameters:
2025-09-02 20:21:22,599 - INFO - timeseries_processing.py:131 -         Bands: ['B02', 'B03', 'B04']
2025-09-02 20:21:22,599 - INFO - timeseries_processing.py:132 -         Spatial resolution: 10
2025-09-02 20:21:22,599 - INFO - timeseries_processing.py:134 -         Get Assets from STAC Items
2025-09-02 20:21:22,599 - INFO - timeseries_processing.py:47 -         Initialize the STAC client
2025-09-02 20:21:23,169 - INFO - timeseries_processing.py:137 -         Loading 25 STAC Items....
2025-09-02 20:25:25,120 - INFO - timeseries_processing.py:146 -         Cube has been downloaded
2025-09-02 20:25:25,137 - INFO - timeseries_processing.py:149 -         Reproject to downsample 10m bands to 20m by Resampling.average 2x2 binning and shape matching with odc.geo.GeoBox
2025-09-02 20:25:37,291 - INFO - timeseries_processing.py:161 -         Append bands to the band-list of EPSG:32634
2025-09-02 20:25:37,291 - INFO - timeseries_processing.py:165 -                        
2025-09-02 20:25:37,291 - INFO - timeseries_processing.py:166 -     Merging bands in a single dataset
2025-09-02 20:25:37,291 - INFO - timeseries_processing.py:167 -     Ensure all partial datasets are at (x=20, y=-20) resolution
2025-09-02 20:25:37,291 - INFO - timeseries_processing.py:171 -     Clip to the intersection of indexes
2025-09-02 20:25:38,279 - INFO - timeseries_processing.py:180 -     Make a list of bands to merge
2025-09-02 20:25:38,280 - INFO - timeseries_processing.py:184 -     Merge on intersection
2025-09-02 20:25:38,281 - INFO - timeseries_processing.py:192 -     Apply masks on clouds, shadows, thin cirrus, and snow/ice
2025-09-02 20:25:38,281 - INFO - sentinel2.py:122 -                Masking bits: [3, 7, 8, 9, 10, 11]
2025-09-02 20:25:39,365 - INFO - composites.py:307 - Reproject from UTM Zone to Tile geometry -> CRS(EPSG:32634), Resampling.bilinear
2025-09-02 20:25:45,398 - INFO - composites.py:310 -     New shape of datasets: Shape2d(x=2400, y=2400)
2025-09-02 20:25:46,238 - INFO - composites.py:329 - Scale SR to Sen2Cor Baseline 4.00 - Subtract 1000 in dates post 2022-01-25
2025-09-02 20:25:47,530 - INFO - composites.py:342 - Creating preview plot of input scenes
2025-09-02 20:26:18,785 - INFO - timeseries_processing.py:349 - Saved preview for 'B04' to //nas-rs.topo.auth.gr/Latomeia/DROUGHT/composites/x09/y08/2024/12/01/S2L2A_medcomp_x09y08_202412_InDataPreview.jpeg
2025-09-02 20:26:18,792 - INFO - composites.py:348 - Clip value range
2025-09-02 20:26:20,756 - INFO - composites.py:353 -                           
2025-09-02 20:26:20,756 - INFO - composites.py:354 - Computing spectral indices:
2025-09-02 20:26:20,757 - INFO - composites.py:357 -     EVI...
2025-09-02 20:26:21,967 - INFO - composites.py:359 -     NDVI...
2025-09-02 20:26:22,376 - INFO - composites.py:361 -     PSRI2...
2025-09-02 20:26:22,652 - INFO - composites.py:364 - Clip to typical value range
2025-09-02 20:26:23,024 - INFO - composites.py:371 - Reducing to median value temporal composite
2025-09-02 20:26:49,243 - INFO - composites.py:390 - Scale and Define data types & nodata per band
2025-09-02 20:26:49,391 - INFO - composites.py:411 - Assign time range and tile ID in metadata
2025-09-02 20:26:49,391 - INFO - composites.py:419 - Write bands to raster COG files
2025-09-02 20:26:53,342 - INFO - composites.py:432 - Write B02 -> //nas-rs.topo.auth.gr/Latomeia/DROUGHT/composites/x09/y08/2024/12/01/S2L2A_medcomp_x09y08_202412_B02.tif
2025-09-02 20:26:57,196 - INFO - composites.py:432 - Write B03 -> //nas-rs.topo.auth.gr/Latomeia/DROUGHT/composites/x09/y08/2024/12/01/S2L2A_medcomp_x09y08_202412_B03.tif
2025-09-02 20:27:01,091 - INFO - composites.py:432 - Write B04 -> //nas-rs.topo.auth.gr/Latomeia/DROUGHT/composites/x09/y08/2024/12/01/S2L2A_medcomp_x09y08_202412_B04.tif
2025-09-02 20:27:04,985 - INFO - composites.py:432 - Write B05 -> //nas-rs.topo.auth.gr/Latomeia/DROUGHT/composites/x09/y08/2024/12/01/S2L2A_medcomp_x09y08_202412_B05.tif
2025-09-02 20:27:08,886 - INFO - composites.py:432 - Write B07 -> //nas-rs.topo.auth.gr/Latomeia/DROUGHT/composites/x09/y08/2024/12/01/S2L2A_medcomp_x09y08_202412_B07.tif
2025-09-02 20:27:12,817 - INFO - composites.py:432 - Write B8A -> //nas-rs.topo.auth.gr/Latomeia/DROUGHT/composites/x09/y08/2024/12/01/S2L2A_medcomp_x09y08_202412_B8A.tif
2025-09-02 20:27:16,755 - INFO - composites.py:432 - Write EVI -> //nas-rs.topo.auth.gr/Latomeia/DROUGHT/composites/x09/y08/2024/12/01/S2L2A_medcomp_x09y08_202412_EVI.tif
2025-09-02 20:27:20,653 - INFO - composites.py:432 - Write NDVI -> //nas-rs.topo.auth.gr/Latomeia/DROUGHT/composites/x09/y08/2024/12/01/S2L2A_medcomp_x09y08_202412_NDVI.tif
2025-09-02 20:27:24,508 - INFO - composites.py:432 - Write PSRI2 -> //nas-rs.topo.auth.gr/Latomeia/DROUGHT/composites/x09/y08/2024/12/01/S2L2A_medcomp_x09y08_202412_PSRI2.tif
2025-09-02 20:27:24,524 - INFO - composites.py:436 - Prepare metadata YAML document
2025-09-02 20:27:25,124 - INFO - composites.py:458 - Write metadata YAML document to disk
2025-09-02 20:27:25,165 - INFO - composites.py:463 - Create datacube.model.Dataset from eo3 metadata
2025-09-02 20:27:25,175 - INFO - composites.py:476 - Index to datacube
2025-09-02 20:27:25,176 - INFO - _datasets.py:191 - Indexing bf7f4093-a6b1-4d22-8602-eb19671fed0c
2025-09-02 20:27:25,186 - INFO - composites.py:479 - 
2025-09-02 20:27:25,186 - INFO - composites.py:480 -              ✔✔✔ COMPLETED: Tile x09_y08 | Time: 2024-12 | In 9.22 minutes
2025-09-02 20:27:25,186 - INFO - composites.py:481 - 
2025-09-02 20:27:25,186 - INFO - composites.py:489 - Closing Dask client
2025-09-02 20:27:25,223 - INFO - composites.py:493 - Closing Dask cluster
2025-09-02 20:27:25,223 - INFO - composites.py:494 - #######################################################################
