2025-09-03 23:35:21,883 - INFO - composites.py:102 - #######################################################################
2025-09-03 23:35:21,883 - INFO - composites.py:104 - Processing started
2025-09-03 23:35:21,883 - INFO - composites.py:105 -         Tile: x09_y09
2025-09-03 23:35:21,883 - INFO - composites.py:106 -         Time: 2025-06
2025-09-03 23:35:21,883 - INFO - composites.py:109 -                           
2025-09-03 23:35:21,883 - INFO - composites.py:110 - Establishing connection to datacube
2025-09-03 23:35:22,444 - INFO - composites.py:113 -                           
2025-09-03 23:35:22,445 - INFO - composites.py:114 - Sanity test: Check if dataset already exists in the datacube
2025-09-03 23:35:22,467 - INFO - composites.py:133 - The composite requested was not found and it will be computed
2025-09-03 23:35:22,467 - INFO - composites.py:136 -                                  
2025-09-03 23:35:22,467 - INFO - composites.py:137 - Initializing Dask cluster for parallelization
2025-09-03 23:35:27,851 - INFO - composites.py:161 - Dask dashboard is available at: http://127.0.0.1:8787/status
2025-09-03 23:35:27,851 - INFO - composites.py:164 - Create directories and naming conversions
2025-09-03 23:35:27,867 - INFO - composites.py:177 - Dataset location: //nas-rs.topo.auth.gr/Latomeia/DROUGHT/composites/x09/y09/2025/06/01
2025-09-03 23:35:27,868 - INFO - composites.py:180 -                           
2025-09-03 23:35:27,868 - INFO - composites.py:181 - Retrieve tile geometry
2025-09-03 23:35:27,907 - INFO - composites.py:192 - Create the Bounding Box (φ,λ)
2025-09-03 23:35:27,907 - INFO - composites.py:198 - Create the Bounding Box (x,y)
2025-09-03 23:35:27,907 - INFO - composites.py:211 -                           
2025-09-03 23:35:27,907 - INFO - composites.py:212 - Connect to Planetary Computer STAC Catalog
2025-09-03 23:35:28,207 - INFO - composites.py:220 - Search the STAC Catalog
2025-09-03 23:35:28,279 - INFO - composites.py:232 -         Query parameters:
2025-09-03 23:35:28,279 - INFO - composites.py:233 -             url:          https://planetarycomputer.microsoft.com/api/stac/v1/search
2025-09-03 23:35:28,279 - INFO - composites.py:234 -             client:       microsoft-pc
2025-09-03 23:35:28,279 - INFO - composites.py:235 -             collection:   sentinel-2-l2a
2025-09-03 23:35:28,279 - INFO - composites.py:236 -             bbox:         (21.85970105220835, 37.36314648137922, 22.52163347994685, 37.9118519319046)
2025-09-03 23:35:28,279 - INFO - composites.py:237 -             time range:   2025-06-01T00:00:00Z/2025-06-30T23:59:59Z
2025-09-03 23:35:28,279 - INFO - composites.py:238 -             cloud cover:  0% - 70%
2025-09-03 23:35:28,279 - INFO - composites.py:239 -             nodata cover: 0% - 33%
2025-09-03 23:35:28,279 - INFO - composites.py:241 -                           
2025-09-03 23:35:28,280 - INFO - composites.py:242 - Searching...
2025-09-03 23:35:28,903 - INFO - composites.py:245 - Query found 45 items
2025-09-03 23:35:28,904 - INFO - composites.py:247 - Searching for GRI REFINED scenes:
2025-09-03 23:35:35,958 - INFO - sentinel2.py:78 - 1/45 - S2A_MSIL2A_20250628T092041_R093_T34SFH_20250628T125303 -> REFINED
2025-09-03 23:35:43,533 - INFO - sentinel2.py:78 - 2/45 - S2A_MSIL2A_20250628T092041_R093_T34SFG_20250628T125303 -> REFINED
2025-09-03 23:35:49,822 - INFO - sentinel2.py:78 - 3/45 - S2A_MSIL2A_20250628T092041_R093_T34SEH_20250628T125303 -> REFINED
2025-09-03 23:35:55,945 - INFO - sentinel2.py:78 - 4/45 - S2A_MSIL2A_20250628T092041_R093_T34SEG_20250628T125303 -> REFINED
2025-09-03 23:36:03,515 - INFO - sentinel2.py:78 - 5/45 - S2B_MSIL2A_20250628T090559_R050_T34SFG_20250628T102339 -> REFINED
2025-09-03 23:36:09,641 - INFO - sentinel2.py:78 - 6/45 - S2C_MSIL2A_20250626T092051_R093_T34SFH_20250626T131216 -> REFINED
2025-09-03 23:36:16,887 - INFO - sentinel2.py:78 - 7/45 - S2C_MSIL2A_20250626T092051_R093_T34SFG_20250626T131216 -> REFINED
2025-09-03 23:36:23,053 - INFO - sentinel2.py:78 - 8/45 - S2C_MSIL2A_20250626T092051_R093_T34SEH_20250626T131216 -> REFINED
2025-09-03 23:36:30,910 - INFO - sentinel2.py:78 - 9/45 - S2C_MSIL2A_20250626T092051_R093_T34SEG_20250626T131216 -> REFINED
2025-09-03 23:36:37,608 - INFO - sentinel2.py:78 - 10/45 - S2A_MSIL2A_20250625T091331_R050_T34SFG_20250625T123418 -> REFINED
2025-09-03 23:36:45,011 - INFO - sentinel2.py:78 - 11/45 - S2C_MSIL2A_20250623T090611_R050_T34SFG_20250623T131516 -> REFINED
2025-09-03 23:36:52,067 - INFO - sentinel2.py:78 - 12/45 - S2B_MSIL2A_20250621T092029_R093_T34SFH_20250621T102719 -> REFINED
2025-09-03 23:36:59,248 - INFO - sentinel2.py:78 - 13/45 - S2B_MSIL2A_20250621T092029_R093_T34SFG_20250621T102719 -> REFINED
2025-09-03 23:37:06,946 - INFO - sentinel2.py:78 - 14/45 - S2B_MSIL2A_20250621T092029_R093_T34SEH_20250621T102719 -> REFINED
2025-09-03 23:37:13,872 - INFO - sentinel2.py:78 - 15/45 - S2B_MSIL2A_20250621T092029_R093_T34SEG_20250621T102719 -> REFINED
2025-09-03 23:37:20,087 - INFO - sentinel2.py:78 - 16/45 - S2A_MSIL2A_20250618T092231_R093_T34SFH_20250618T114601 -> REFINED
2025-09-03 23:37:27,615 - INFO - sentinel2.py:78 - 17/45 - S2A_MSIL2A_20250618T092231_R093_T34SFG_20250618T114601 -> REFINED
2025-09-03 23:37:35,042 - INFO - sentinel2.py:78 - 18/45 - S2A_MSIL2A_20250618T092231_R093_T34SEH_20250618T114601 -> REFINED
2025-09-03 23:37:42,037 - INFO - sentinel2.py:78 - 19/45 - S2A_MSIL2A_20250618T092231_R093_T34SEG_20250618T114601 -> REFINED
2025-09-03 23:37:49,577 - INFO - sentinel2.py:78 - 20/45 - S2B_MSIL2A_20250618T090559_R050_T34SFG_20250618T113950 -> REFINED
2025-09-03 23:37:56,714 - INFO - sentinel2.py:78 - 21/45 - S2C_MSIL2A_20250616T092051_R093_T34SFH_20250616T120017 -> REFINED
2025-09-03 23:38:05,314 - INFO - sentinel2.py:78 - 22/45 - S2C_MSIL2A_20250616T092051_R093_T34SFG_20250616T120017 -> REFINED
2025-09-03 23:38:12,363 - INFO - sentinel2.py:78 - 23/45 - S2C_MSIL2A_20250616T092051_R093_T34SEH_20250616T120017 -> REFINED
2025-09-03 23:38:20,073 - INFO - sentinel2.py:78 - 24/45 - S2C_MSIL2A_20250616T092051_R093_T34SEG_20250616T120017 -> REFINED
2025-09-03 23:38:26,800 - INFO - sentinel2.py:78 - 25/45 - S2A_MSIL2A_20250615T091041_R050_T34SFG_20250615T120216 -> REFINED
2025-09-03 23:38:34,436 - INFO - sentinel2.py:78 - 26/45 - S2C_MSIL2A_20250613T090611_R050_T34SFG_20250613T120117 -> REFINED
2025-09-03 23:38:41,907 - INFO - sentinel2.py:78 - 27/45 - S2B_MSIL2A_20250611T092029_R093_T34SFH_20250611T121714 -> REFINED
2025-09-03 23:38:49,683 - INFO - sentinel2.py:78 - 28/45 - S2B_MSIL2A_20250611T092029_R093_T34SFG_20250611T121714 -> REFINED
2025-09-03 23:38:56,561 - INFO - sentinel2.py:78 - 29/45 - S2B_MSIL2A_20250611T092029_R093_T34SEH_20250611T121714 -> REFINED
2025-09-03 23:39:03,987 - INFO - sentinel2.py:78 - 30/45 - S2B_MSIL2A_20250611T092029_R093_T34SEG_20250611T121714 -> REFINED
2025-09-03 23:39:11,270 - INFO - sentinel2.py:78 - 31/45 - S2A_MSIL2A_20250608T092041_R093_T34SFH_20250608T121913 -> REFINED
2025-09-03 23:39:18,620 - INFO - sentinel2.py:78 - 32/45 - S2A_MSIL2A_20250608T092041_R093_T34SFG_20250608T121913 -> REFINED
2025-09-03 23:39:27,320 - INFO - sentinel2.py:78 - 33/45 - S2A_MSIL2A_20250608T092041_R093_T34SEH_20250608T121913 -> REFINED
2025-09-03 23:39:34,357 - INFO - sentinel2.py:78 - 34/45 - S2A_MSIL2A_20250608T092041_R093_T34SEG_20250608T121913 -> REFINED
2025-09-03 23:39:41,432 - INFO - sentinel2.py:78 - 35/45 - S2B_MSIL2A_20250608T090549_R050_T34SFG_20250608T101931 -> REFINED
2025-09-03 23:39:48,493 - INFO - sentinel2.py:78 - 36/45 - S2C_MSIL2A_20250606T092051_R093_T34SFH_20250606T121513 -> REFINED
2025-09-03 23:39:55,918 - INFO - sentinel2.py:78 - 37/45 - S2C_MSIL2A_20250606T092051_R093_T34SFG_20250606T121513 -> REFINED
2025-09-03 23:40:02,383 - INFO - sentinel2.py:78 - 38/45 - S2C_MSIL2A_20250606T092051_R093_T34SEH_20250606T121513 -> REFINED
2025-09-03 23:40:08,684 - INFO - sentinel2.py:78 - 39/45 - S2C_MSIL2A_20250606T092051_R093_T34SEG_20250606T121513 -> REFINED
2025-09-03 23:40:15,812 - INFO - sentinel2.py:78 - 40/45 - S2A_MSIL2A_20250605T091331_R050_T34SFG_20250605T120211 -> REFINED
2025-09-03 23:40:23,220 - INFO - sentinel2.py:78 - 41/45 - S2C_MSIL2A_20250603T090611_R050_T34SFG_20250603T114518 -> REFINED
2025-09-03 23:40:29,611 - INFO - sentinel2.py:78 - 42/45 - S2B_MSIL2A_20250601T092029_R093_T34SFH_20250601T113837 -> REFINED
2025-09-03 23:40:35,928 - INFO - sentinel2.py:78 - 43/45 - S2B_MSIL2A_20250601T092029_R093_T34SFG_20250601T113837 -> REFINED
2025-09-03 23:40:43,137 - INFO - sentinel2.py:78 - 44/45 - S2B_MSIL2A_20250601T092029_R093_T34SEH_20250601T113837 -> REFINED
2025-09-03 23:40:50,713 - INFO - sentinel2.py:78 - 45/45 - S2B_MSIL2A_20250601T092029_R093_T34SEG_20250601T113837 -> REFINED
2025-09-03 23:40:50,818 - INFO - composites.py:250 -                                  
2025-09-03 23:40:50,819 - INFO - composites.py:251 - 45/45 were refined by GRI.
2025-09-03 23:40:50,820 - INFO - composites.py:263 - Looking for up to 10 cleanest images within spatiotemporal range of each MGRS tile
2025-09-03 23:40:50,820 - INFO - composites.py:277 - Filtered cleanest scenes: Kept 37 out of 45 items. 
2025-09-03 23:40:50,820 - INFO - composites.py:278 -         Included MGRS Tiles: ['34SEG' '34SEH' '34SFG' '34SFH']
2025-09-03 23:40:50,821 - INFO - composites.py:279 -         Included EPSG codes: [32634]
2025-09-03 23:40:50,821 - INFO - composites.py:281 - Selected scenes:
2025-09-03 23:40:50,821 - INFO - composites.py:283 -         S2C_MSIL2A_20250626T092051_R093_T34SEG_20250626T131216
2025-09-03 23:40:50,821 - INFO - composites.py:283 -         S2A_MSIL2A_20250618T092231_R093_T34SEG_20250618T114601
2025-09-03 23:40:50,822 - INFO - composites.py:283 -         S2B_MSIL2A_20250611T092029_R093_T34SEG_20250611T121714
2025-09-03 23:40:50,839 - INFO - composites.py:283 -         S2A_MSIL2A_20250608T092041_R093_T34SEG_20250608T121913
2025-09-03 23:40:50,863 - INFO - composites.py:283 -         S2C_MSIL2A_20250606T092051_R093_T34SEG_20250606T121513
2025-09-03 23:40:50,864 - INFO - composites.py:283 -         S2A_MSIL2A_20250628T092041_R093_T34SEG_20250628T125303
2025-09-03 23:40:50,864 - INFO - composites.py:283 -         S2C_MSIL2A_20250616T092051_R093_T34SEG_20250616T120017
2025-09-03 23:40:50,864 - INFO - composites.py:283 -         S2B_MSIL2A_20250601T092029_R093_T34SEG_20250601T113837
2025-09-03 23:40:50,864 - INFO - composites.py:283 -         S2B_MSIL2A_20250621T092029_R093_T34SEG_20250621T102719
2025-09-03 23:40:50,864 - INFO - composites.py:283 -         S2C_MSIL2A_20250626T092051_R093_T34SEH_20250626T131216
2025-09-03 23:40:50,864 - INFO - composites.py:283 -         S2B_MSIL2A_20250611T092029_R093_T34SEH_20250611T121714
2025-09-03 23:40:50,864 - INFO - composites.py:283 -         S2A_MSIL2A_20250618T092231_R093_T34SEH_20250618T114601
2025-09-03 23:40:50,864 - INFO - composites.py:283 -         S2A_MSIL2A_20250608T092041_R093_T34SEH_20250608T121913
2025-09-03 23:40:50,864 - INFO - composites.py:283 -         S2C_MSIL2A_20250606T092051_R093_T34SEH_20250606T121513
2025-09-03 23:40:50,864 - INFO - composites.py:283 -         S2C_MSIL2A_20250616T092051_R093_T34SEH_20250616T120017
2025-09-03 23:40:50,864 - INFO - composites.py:283 -         S2B_MSIL2A_20250621T092029_R093_T34SEH_20250621T102719
2025-09-03 23:40:50,864 - INFO - composites.py:283 -         S2A_MSIL2A_20250628T092041_R093_T34SEH_20250628T125303
2025-09-03 23:40:50,864 - INFO - composites.py:283 -         S2B_MSIL2A_20250601T092029_R093_T34SEH_20250601T113837
2025-09-03 23:40:50,864 - INFO - composites.py:283 -         S2A_MSIL2A_20250625T091331_R050_T34SFG_20250625T123418
2025-09-03 23:40:50,864 - INFO - composites.py:283 -         S2C_MSIL2A_20250623T090611_R050_T34SFG_20250623T131516
2025-09-03 23:40:50,864 - INFO - composites.py:283 -         S2B_MSIL2A_20250618T090559_R050_T34SFG_20250618T113950
2025-09-03 23:40:50,864 - INFO - composites.py:283 -         S2C_MSIL2A_20250603T090611_R050_T34SFG_20250603T114518
2025-09-03 23:40:50,864 - INFO - composites.py:283 -         S2B_MSIL2A_20250608T090549_R050_T34SFG_20250608T101931
2025-09-03 23:40:50,864 - INFO - composites.py:283 -         S2A_MSIL2A_20250615T091041_R050_T34SFG_20250615T120216
2025-09-03 23:40:50,864 - INFO - composites.py:283 -         S2C_MSIL2A_20250613T090611_R050_T34SFG_20250613T120117
2025-09-03 23:40:50,864 - INFO - composites.py:283 -         S2A_MSIL2A_20250605T091331_R050_T34SFG_20250605T120211
2025-09-03 23:40:50,864 - INFO - composites.py:283 -         S2B_MSIL2A_20250628T090559_R050_T34SFG_20250628T102339
2025-09-03 23:40:50,864 - INFO - composites.py:283 -         S2B_MSIL2A_20250611T092029_R093_T34SFG_20250611T121714
2025-09-03 23:40:50,864 - INFO - composites.py:283 -         S2B_MSIL2A_20250611T092029_R093_T34SFH_20250611T121714
2025-09-03 23:40:50,864 - INFO - composites.py:283 -         S2C_MSIL2A_20250626T092051_R093_T34SFH_20250626T131216
2025-09-03 23:40:50,864 - INFO - composites.py:283 -         S2A_MSIL2A_20250608T092041_R093_T34SFH_20250608T121913
2025-09-03 23:40:50,864 - INFO - composites.py:283 -         S2C_MSIL2A_20250616T092051_R093_T34SFH_20250616T120017
2025-09-03 23:40:50,864 - INFO - composites.py:283 -         S2C_MSIL2A_20250606T092051_R093_T34SFH_20250606T121513
2025-09-03 23:40:50,864 - INFO - composites.py:283 -         S2A_MSIL2A_20250628T092041_R093_T34SFH_20250628T125303
2025-09-03 23:40:50,864 - INFO - composites.py:283 -         S2A_MSIL2A_20250618T092231_R093_T34SFH_20250618T114601
2025-09-03 23:40:50,864 - INFO - composites.py:283 -         S2B_MSIL2A_20250601T092029_R093_T34SFH_20250601T113837
2025-09-03 23:40:50,864 - INFO - composites.py:283 -         S2B_MSIL2A_20250621T092029_R093_T34SFH_20250621T102719
2025-09-03 23:40:51,476 - INFO - sentinel2.py:154 - Matplotlib backend: Agg
2025-09-03 23:40:51,782 - INFO - sentinel2.py:224 - Write input scenes footprint overlay: //nas-rs.topo.auth.gr/Latomeia/DROUGHT/composites/x09/y09/2025/06/01/S2L2A_medcomp_x09y09_202506_InDataFootprint.jpeg
2025-09-03 23:40:52,104 - INFO - composites.py:297 -                                  
2025-09-03 23:40:52,104 - INFO - composites.py:298 - Downstream STAC items from Planetary Computer
2025-09-03 23:40:52,104 - INFO - timeseries_processing.py:115 -                                  
2025-09-03 23:40:52,104 - INFO - timeseries_processing.py:116 - Loading bands of diferent resolutions in EPSG:32634
2025-09-03 23:40:52,104 - INFO - timeseries_processing.py:120 -     Filtering items with native UTM EPSG:32634
2025-09-03 23:40:52,104 - INFO - timeseries_processing.py:122 -     37 Items in EPSG:32634
2025-09-03 23:40:52,104 - INFO - timeseries_processing.py:129 -                        
2025-09-03 23:40:52,104 - INFO - timeseries_processing.py:130 -     Loading parameters:
2025-09-03 23:40:52,104 - INFO - timeseries_processing.py:131 -         Bands: ['B05', 'B07', 'B8A', 'SCL']
2025-09-03 23:40:52,104 - INFO - timeseries_processing.py:132 -         Spatial resolution: 20
2025-09-03 23:40:52,104 - INFO - timeseries_processing.py:134 -         Get Assets from STAC Items
2025-09-03 23:40:52,104 - INFO - timeseries_processing.py:47 -         Initialize the STAC client
2025-09-03 23:40:52,815 - INFO - timeseries_processing.py:137 -         Loading 37 STAC Items....
2025-09-03 23:43:00,669 - INFO - timeseries_processing.py:146 -         Cube has been downloaded
2025-09-03 23:43:00,669 - INFO - timeseries_processing.py:156 -         Fix order of dimensions
2025-09-03 23:43:00,670 - INFO - timeseries_processing.py:161 -         Append bands to the band-list of EPSG:32634
2025-09-03 23:43:00,673 - INFO - timeseries_processing.py:129 -                        
2025-09-03 23:43:00,673 - INFO - timeseries_processing.py:130 -     Loading parameters:
2025-09-03 23:43:00,673 - INFO - timeseries_processing.py:131 -         Bands: ['B02', 'B03', 'B04']
2025-09-03 23:43:00,673 - INFO - timeseries_processing.py:132 -         Spatial resolution: 10
2025-09-03 23:43:00,673 - INFO - timeseries_processing.py:134 -         Get Assets from STAC Items
2025-09-03 23:43:00,673 - INFO - timeseries_processing.py:47 -         Initialize the STAC client
2025-09-03 23:43:01,331 - INFO - timeseries_processing.py:137 -         Loading 37 STAC Items....
2025-09-04 00:11:50,251 - ERROR - composites.py:484 -              ✖✖✖ FAILED loading for : Tile x09_y09 | Time: 2025-06 | with Exception: Attempted to run task 'finalize-hlgfinalizecompute-f9888eba6ebf47c6b47eb9834c640965' on 21 different workers, but all those workers died while running it. The last worker that attempt to run the task was tcp://127.0.0.1:54801. Inspecting worker logs is often a good next step to diagnose what went wrong. For more information see https://distributed.dask.org/en/stable/killed.html.
2025-09-04 00:11:50,251 - INFO - composites.py:489 - Closing Dask client
2025-09-04 00:11:50,380 - INFO - composites.py:493 - Closing Dask cluster
2025-09-04 00:11:50,380 - INFO - composites.py:494 - #######################################################################
2025-09-04 00:11:54,207 - ERROR - composites.py:523 - Fatal error in composites.py
Traceback (most recent call last):
  File "C:\Users\fotakidis\AUTH_PROJECTS\drought\src\composites.py", line 519, in <module>
    generate_composite(year_month=year_month, tile_id=tile_id, tile_geom=tile_geom)
  File "C:\Users\fotakidis\AUTH_PROJECTS\drought\src\composites.py", line 304, in generate_composite
    processed_epsgs.append(process_epsg(filtered_items, aoi_bbox, EPSG))
                           ^^^^^^^^^^^^^^^^^^^^^^^^^^^^^^^^^^^^^^^^^^^^
  File "C:\Users\fotakidis\AUTH_PROJECTS\drought\src\utils\timeseries_processing.py", line 138, in process_epsg
    ds_cube = odc_stac_load_Items(
              ^^^^^^^^^^^^^^^^^^^^
  File "C:\Users\fotakidis\AUTH_PROJECTS\drought\src\utils\timeseries_processing.py", line 110, in odc_stac_load_Items
    ).compute()
      ^^^^^^^^^
  File "C:\Users\fotakidis\anaconda3\envs\drought\Lib\site-packages\xarray\core\dataset.py", line 1072, in compute
    return new.load(**kwargs)
           ^^^^^^^^^^^^^^^^^^
  File "C:\Users\fotakidis\anaconda3\envs\drought\Lib\site-packages\xarray\core\dataset.py", line 899, in load
    evaluated_data: tuple[np.ndarray[Any, Any], ...] = chunkmanager.compute(
                                                       ^^^^^^^^^^^^^^^^^^^^^
  File "C:\Users\fotakidis\anaconda3\envs\drought\Lib\site-packages\xarray\namedarray\daskmanager.py", line 85, in compute
    return compute(*data, **kwargs)  # type: ignore[no-untyped-call, no-any-return]
           ^^^^^^^^^^^^^^^^^^^^^^^^
  File "C:\Users\fotakidis\anaconda3\envs\drought\Lib\site-packages\dask\base.py", line 681, in compute
    results = schedule(expr, keys, **kwargs)
              ^^^^^^^^^^^^^^^^^^^^^^^^^^^^^^
  File "C:\Users\fotakidis\anaconda3\envs\drought\Lib\site-packages\distributed\client.py", line 2403, in _gather
    raise exception.with_traceback(traceback)
distributed.scheduler.KilledWorker: Attempted to run task 'finalize-hlgfinalizecompute-f9888eba6ebf47c6b47eb9834c640965' on 21 different workers, but all those workers died while running it. The last worker that attempt to run the task was tcp://127.0.0.1:54801. Inspecting worker logs is often a good next step to diagnose what went wrong. For more information see https://distributed.dask.org/en/stable/killed.html.
