2025-09-01 23:39:35,885 - INFO - composites.py:102 - #######################################################################
2025-09-01 23:39:35,886 - INFO - composites.py:104 - Processing started
2025-09-01 23:39:35,886 - INFO - composites.py:105 -         Tile: x10_y07
2025-09-01 23:39:35,886 - INFO - composites.py:106 -         Time: 2024-05
2025-09-01 23:39:35,886 - INFO - composites.py:109 -                           
2025-09-01 23:39:35,886 - INFO - composites.py:110 - Establishing connection to datacube
2025-09-01 23:39:36,407 - INFO - composites.py:113 -                           
2025-09-01 23:39:36,407 - INFO - composites.py:114 - Sanity test: Check if dataset already exists in the datacube
2025-09-01 23:39:36,428 - INFO - composites.py:133 - The composite requested was not found and it will be computed
2025-09-01 23:39:36,428 - INFO - composites.py:136 -                                  
2025-09-01 23:39:36,428 - INFO - composites.py:137 - Initializing Dask cluster for parallelization
2025-09-01 23:39:41,520 - INFO - composites.py:161 - Dask dashboard is available at: http://127.0.0.1:8787/status
2025-09-01 23:39:41,520 - INFO - composites.py:164 - Create directories and naming conversions
2025-09-01 23:39:41,534 - INFO - composites.py:177 - Dataset location: //nas-rs.topo.auth.gr/Latomeia/DROUGHT/composites/x10/y07/2024/05/01
2025-09-01 23:39:41,534 - INFO - composites.py:180 -                           
2025-09-01 23:39:41,534 - INFO - composites.py:181 - Retrieve tile geometry
2025-09-01 23:39:41,563 - INFO - composites.py:192 - Create the Bounding Box (φ,λ)
2025-09-01 23:39:41,563 - INFO - composites.py:198 - Create the Bounding Box (x,y)
2025-09-01 23:39:41,563 - INFO - composites.py:211 -                           
2025-09-01 23:39:41,563 - INFO - composites.py:212 - Connect to Planetary Computer STAC Catalog
2025-09-01 23:39:41,917 - INFO - composites.py:220 - Search the STAC Catalog
2025-09-01 23:39:41,986 - INFO - composites.py:232 -         Query parameters:
2025-09-01 23:39:41,986 - INFO - composites.py:233 -             url:          https://planetarycomputer.microsoft.com/api/stac/v1/search
2025-09-01 23:39:41,988 - INFO - composites.py:234 -             client:       microsoft-pc
2025-09-01 23:39:41,988 - INFO - composites.py:235 -             collection:   sentinel-2-l2a
2025-09-01 23:39:41,988 - INFO - composites.py:236 -             bbox:         (22.240528254350007, 36.43261500541467, 22.895662885042924, 36.983478733191035)
2025-09-01 23:39:41,988 - INFO - composites.py:237 -             time range:   2024-05-01T00:00:00Z/2024-05-31T23:59:59Z
2025-09-01 23:39:41,988 - INFO - composites.py:238 -             cloud cover:  0% - 70%
2025-09-01 23:39:41,988 - INFO - composites.py:239 -             nodata cover: 0% - 33%
2025-09-01 23:39:41,988 - INFO - composites.py:241 -                           
2025-09-01 23:39:41,988 - INFO - composites.py:242 - Searching...
2025-09-01 23:39:42,414 - INFO - composites.py:245 - Query found 19 items
2025-09-01 23:39:42,414 - INFO - composites.py:247 - Searching for GRI REFINED scenes:
2025-09-01 23:39:46,553 - INFO - sentinel2.py:78 - 1/19 - S2A_MSIL2A_20240529T090641_R050_T34SFG_20240529T162030 -> REFINED
2025-09-01 23:39:50,432 - INFO - sentinel2.py:78 - 2/19 - S2A_MSIL2A_20240529T090641_R050_T34SFF_20240529T162211 -> REFINED
2025-09-01 23:39:54,792 - INFO - sentinel2.py:78 - 3/19 - S2B_MSIL2A_20240527T091549_R093_T34SFG_20240527T131620 -> REFINED
2025-09-01 23:39:58,841 - INFO - sentinel2.py:78 - 4/19 - S2B_MSIL2A_20240527T091549_R093_T34SFF_20240527T131333 -> REFINED
2025-09-01 23:40:03,245 - INFO - sentinel2.py:78 - 5/19 - S2B_MSIL2A_20240524T090559_R050_T34SFG_20240524T131207 -> REFINED
2025-09-01 23:40:08,354 - INFO - sentinel2.py:78 - 6/19 - S2B_MSIL2A_20240524T090559_R050_T34SFF_20240524T131211 -> REFINED
2025-09-01 23:40:12,504 - INFO - sentinel2.py:78 - 7/19 - S2A_MSIL2A_20240522T092031_R093_T34SFG_20240522T151721 -> REFINED
2025-09-01 23:40:17,252 - INFO - sentinel2.py:78 - 8/19 - S2A_MSIL2A_20240522T092031_R093_T34SFF_20240522T151718 -> REFINED
2025-09-01 23:40:22,554 - INFO - sentinel2.py:78 - 9/19 - S2A_MSIL2A_20240519T090601_R050_T34SFG_20240519T160847 -> REFINED
2025-09-01 23:40:27,754 - INFO - sentinel2.py:78 - 10/19 - S2A_MSIL2A_20240519T090601_R050_T34SFF_20240519T160854 -> REFINED
2025-09-01 23:40:32,410 - INFO - sentinel2.py:78 - 11/19 - S2B_MSIL2A_20240514T090549_R050_T34SFF_20240514T134628 -> REFINED
2025-09-01 23:40:37,723 - INFO - sentinel2.py:78 - 12/19 - S2A_MSIL2A_20240512T092031_R093_T34SFG_20240512T141552 -> REFINED
2025-09-01 23:40:42,959 - INFO - sentinel2.py:78 - 13/19 - S2A_MSIL2A_20240512T092031_R093_T34SFF_20240512T141550 -> REFINED
2025-09-01 23:40:47,731 - INFO - sentinel2.py:78 - 14/19 - S2B_MSIL2A_20240507T091549_R093_T34SFG_20240507T121928 -> REFINED
2025-09-01 23:40:52,889 - INFO - sentinel2.py:78 - 15/19 - S2B_MSIL2A_20240507T091549_R093_T34SFF_20240507T121922 -> REFINED
2025-09-01 23:40:56,859 - INFO - sentinel2.py:78 - 16/19 - S2B_MSIL2A_20240504T090559_R050_T34SFG_20240504T122410 -> REFINED
2025-09-01 23:41:01,578 - INFO - sentinel2.py:78 - 17/19 - S2B_MSIL2A_20240504T090559_R050_T34SFF_20240504T122412 -> REFINED
2025-09-01 23:41:05,536 - INFO - sentinel2.py:78 - 18/19 - S2A_MSIL2A_20240502T092031_R093_T34SFG_20240502T141650 -> REFINED
2025-09-01 23:41:10,808 - INFO - sentinel2.py:78 - 19/19 - S2A_MSIL2A_20240502T092031_R093_T34SFF_20240502T141646 -> REFINED
2025-09-01 23:41:10,839 - INFO - composites.py:250 -                                  
2025-09-01 23:41:10,839 - INFO - composites.py:251 - 19/19 were refined by GRI.
2025-09-01 23:41:10,839 - INFO - composites.py:263 - Looking for up to 10 cleanest images within spatiotemporal range of each MGRS tile
2025-09-01 23:41:10,840 - INFO - composites.py:277 - Filtered cleanest scenes: Kept 19 out of 19 items. 
2025-09-01 23:41:10,841 - INFO - composites.py:278 -         Included MGRS Tiles: ['34SFF' '34SFG']
2025-09-01 23:41:10,841 - INFO - composites.py:279 -         Included EPSG codes: [32634]
2025-09-01 23:41:10,841 - INFO - composites.py:281 - Selected scenes:
2025-09-01 23:41:10,842 - INFO - composites.py:283 -         S2B_MSIL2A_20240524T090559_R050_T34SFF_20240524T131211
2025-09-01 23:41:10,858 - INFO - composites.py:283 -         S2A_MSIL2A_20240512T092031_R093_T34SFF_20240512T141550
2025-09-01 23:41:10,858 - INFO - composites.py:283 -         S2A_MSIL2A_20240522T092031_R093_T34SFF_20240522T151718
2025-09-01 23:41:10,859 - INFO - composites.py:283 -         S2A_MSIL2A_20240529T090641_R050_T34SFF_20240529T162211
2025-09-01 23:41:10,859 - INFO - composites.py:283 -         S2A_MSIL2A_20240502T092031_R093_T34SFF_20240502T141646
2025-09-01 23:41:10,859 - INFO - composites.py:283 -         S2B_MSIL2A_20240507T091549_R093_T34SFF_20240507T121922
2025-09-01 23:41:10,859 - INFO - composites.py:283 -         S2B_MSIL2A_20240527T091549_R093_T34SFF_20240527T131333
2025-09-01 23:41:10,859 - INFO - composites.py:283 -         S2A_MSIL2A_20240519T090601_R050_T34SFF_20240519T160854
2025-09-01 23:41:10,859 - INFO - composites.py:283 -         S2B_MSIL2A_20240504T090559_R050_T34SFF_20240504T122412
2025-09-01 23:41:10,859 - INFO - composites.py:283 -         S2B_MSIL2A_20240514T090549_R050_T34SFF_20240514T134628
2025-09-01 23:41:10,859 - INFO - composites.py:283 -         S2A_MSIL2A_20240519T090601_R050_T34SFG_20240519T160847
2025-09-01 23:41:10,859 - INFO - composites.py:283 -         S2A_MSIL2A_20240522T092031_R093_T34SFG_20240522T151721
2025-09-01 23:41:10,859 - INFO - composites.py:283 -         S2A_MSIL2A_20240512T092031_R093_T34SFG_20240512T141552
2025-09-01 23:41:10,859 - INFO - composites.py:283 -         S2B_MSIL2A_20240524T090559_R050_T34SFG_20240524T131207
2025-09-01 23:41:10,859 - INFO - composites.py:283 -         S2A_MSIL2A_20240529T090641_R050_T34SFG_20240529T162030
2025-09-01 23:41:10,859 - INFO - composites.py:283 -         S2A_MSIL2A_20240502T092031_R093_T34SFG_20240502T141650
2025-09-01 23:41:10,859 - INFO - composites.py:283 -         S2B_MSIL2A_20240507T091549_R093_T34SFG_20240507T121928
2025-09-01 23:41:10,859 - INFO - composites.py:283 -         S2B_MSIL2A_20240527T091549_R093_T34SFG_20240527T131620
2025-09-01 23:41:10,859 - INFO - composites.py:283 -         S2B_MSIL2A_20240504T090559_R050_T34SFG_20240504T122410
2025-09-01 23:41:11,253 - INFO - sentinel2.py:154 - Matplotlib backend: Agg
2025-09-01 23:41:11,589 - INFO - sentinel2.py:224 - Write input scenes footprint overlay: //nas-rs.topo.auth.gr/Latomeia/DROUGHT/composites/x10/y07/2024/05/01/S2L2A_medcomp_x10y07_202405_InDataFootprint.jpeg
2025-09-01 23:41:11,870 - INFO - composites.py:297 -                                  
2025-09-01 23:41:11,871 - INFO - composites.py:298 - Downstream STAC items from Planetary Computer
2025-09-01 23:41:11,871 - INFO - timeseries_processing.py:115 -                                  
2025-09-01 23:41:11,871 - INFO - timeseries_processing.py:116 - Loading bands of diferent resolutions in EPSG:32634
2025-09-01 23:41:11,871 - INFO - timeseries_processing.py:120 -     Filtering items with native UTM EPSG:32634
2025-09-01 23:41:11,871 - INFO - timeseries_processing.py:122 -     19 Items in EPSG:32634
2025-09-01 23:41:11,871 - INFO - timeseries_processing.py:129 -                        
2025-09-01 23:41:11,871 - INFO - timeseries_processing.py:130 -     Loading parameters:
2025-09-01 23:41:11,871 - INFO - timeseries_processing.py:131 -         Bands: ['B05', 'B07', 'B8A', 'SCL']
2025-09-01 23:41:11,871 - INFO - timeseries_processing.py:132 -         Spatial resolution: 20
2025-09-01 23:41:11,871 - INFO - timeseries_processing.py:134 -         Get Assets from STAC Items
2025-09-01 23:41:11,871 - INFO - timeseries_processing.py:47 -         Initialize the STAC client
2025-09-01 23:41:12,467 - INFO - timeseries_processing.py:137 -         Loading 19 STAC Items....
2025-09-01 23:42:52,972 - INFO - timeseries_processing.py:146 -         Cube has been downloaded
2025-09-01 23:42:52,972 - INFO - timeseries_processing.py:156 -         Fix order of dimensions
2025-09-01 23:42:52,974 - INFO - timeseries_processing.py:161 -         Append bands to the band-list of EPSG:32634
2025-09-01 23:42:52,974 - INFO - timeseries_processing.py:129 -                        
2025-09-01 23:42:52,974 - INFO - timeseries_processing.py:130 -     Loading parameters:
2025-09-01 23:42:52,974 - INFO - timeseries_processing.py:131 -         Bands: ['B02', 'B03', 'B04']
2025-09-01 23:42:52,977 - INFO - timeseries_processing.py:132 -         Spatial resolution: 10
2025-09-01 23:42:52,977 - INFO - timeseries_processing.py:134 -         Get Assets from STAC Items
2025-09-01 23:42:52,977 - INFO - timeseries_processing.py:47 -         Initialize the STAC client
2025-09-01 23:42:53,509 - INFO - timeseries_processing.py:137 -         Loading 19 STAC Items....
2025-09-01 23:45:49,754 - INFO - timeseries_processing.py:146 -         Cube has been downloaded
2025-09-01 23:45:49,754 - INFO - timeseries_processing.py:149 -         Reproject to downsample 10m bands to 20m by Resampling.average 2x2 binning and shape matching with odc.geo.GeoBox
2025-09-01 23:46:06,701 - INFO - timeseries_processing.py:161 -         Append bands to the band-list of EPSG:32634
2025-09-01 23:46:06,701 - INFO - timeseries_processing.py:165 -                        
2025-09-01 23:46:06,701 - INFO - timeseries_processing.py:166 -     Merging bands in a single dataset
2025-09-01 23:46:06,701 - INFO - timeseries_processing.py:167 -     Ensure all partial datasets are at (x=20, y=-20) resolution
2025-09-01 23:46:06,702 - INFO - timeseries_processing.py:171 -     Clip to the intersection of indexes
2025-09-01 23:46:08,022 - INFO - timeseries_processing.py:180 -     Make a list of bands to merge
2025-09-01 23:46:08,023 - INFO - timeseries_processing.py:184 -     Merge on intersection
2025-09-01 23:46:08,024 - INFO - timeseries_processing.py:192 -     Apply masks on clouds, shadows, thin cirrus, and snow/ice
2025-09-01 23:46:08,024 - INFO - sentinel2.py:122 -                Masking bits: [3, 7, 8, 9, 10, 11]
2025-09-01 23:46:09,366 - INFO - composites.py:307 - Reproject from UTM Zone to Tile geometry -> CRS(EPSG:32634), Resampling.bilinear
2025-09-01 23:46:16,492 - INFO - composites.py:310 -     New shape of datasets: Shape2d(x=2400, y=2400)
2025-09-01 23:46:17,191 - INFO - composites.py:329 - Scale SR to Sen2Cor Baseline 4.00 - Subtract 1000 in dates post 2022-01-25
2025-09-01 23:46:18,870 - INFO - composites.py:342 - Creating preview plot of input scenes
2025-09-01 23:46:52,046 - INFO - timeseries_processing.py:349 - Saved preview for 'B04' to //nas-rs.topo.auth.gr/Latomeia/DROUGHT/composites/x10/y07/2024/05/01/S2L2A_medcomp_x10y07_202405_InDataPreview.jpeg
2025-09-01 23:46:52,073 - INFO - composites.py:348 - Clip value range
2025-09-01 23:46:54,061 - INFO - composites.py:353 -                           
2025-09-01 23:46:54,062 - INFO - composites.py:354 - Computing spectral indices:
2025-09-01 23:46:54,062 - INFO - composites.py:357 -     EVI...
2025-09-01 23:46:55,329 - INFO - composites.py:359 -     NDVI...
2025-09-01 23:46:55,767 - INFO - composites.py:361 -     PSRI2...
2025-09-01 23:46:56,039 - INFO - composites.py:364 - Clip to typical value range
2025-09-01 23:46:56,451 - INFO - composites.py:371 - Reducing to median value temporal composite
2025-09-01 23:47:24,126 - INFO - composites.py:390 - Scale and Define data types & nodata per band
2025-09-01 23:47:24,237 - INFO - composites.py:411 - Assign time range and tile ID in metadata
2025-09-01 23:47:24,237 - INFO - composites.py:419 - Write bands to raster COG files
2025-09-01 23:47:28,139 - INFO - composites.py:432 - Write B02 -> //nas-rs.topo.auth.gr/Latomeia/DROUGHT/composites/x10/y07/2024/05/01/S2L2A_medcomp_x10y07_202405_B02.tif
2025-09-01 23:47:32,035 - INFO - composites.py:432 - Write B03 -> //nas-rs.topo.auth.gr/Latomeia/DROUGHT/composites/x10/y07/2024/05/01/S2L2A_medcomp_x10y07_202405_B03.tif
2025-09-01 23:47:35,999 - INFO - composites.py:432 - Write B04 -> //nas-rs.topo.auth.gr/Latomeia/DROUGHT/composites/x10/y07/2024/05/01/S2L2A_medcomp_x10y07_202405_B04.tif
2025-09-01 23:47:40,493 - INFO - composites.py:432 - Write B05 -> //nas-rs.topo.auth.gr/Latomeia/DROUGHT/composites/x10/y07/2024/05/01/S2L2A_medcomp_x10y07_202405_B05.tif
2025-09-01 23:47:44,349 - INFO - composites.py:432 - Write B07 -> //nas-rs.topo.auth.gr/Latomeia/DROUGHT/composites/x10/y07/2024/05/01/S2L2A_medcomp_x10y07_202405_B07.tif
2025-09-01 23:47:48,271 - INFO - composites.py:432 - Write B8A -> //nas-rs.topo.auth.gr/Latomeia/DROUGHT/composites/x10/y07/2024/05/01/S2L2A_medcomp_x10y07_202405_B8A.tif
2025-09-01 23:47:52,110 - INFO - composites.py:432 - Write EVI -> //nas-rs.topo.auth.gr/Latomeia/DROUGHT/composites/x10/y07/2024/05/01/S2L2A_medcomp_x10y07_202405_EVI.tif
2025-09-01 23:47:55,919 - INFO - composites.py:432 - Write NDVI -> //nas-rs.topo.auth.gr/Latomeia/DROUGHT/composites/x10/y07/2024/05/01/S2L2A_medcomp_x10y07_202405_NDVI.tif
2025-09-01 23:47:59,748 - INFO - composites.py:432 - Write PSRI2 -> //nas-rs.topo.auth.gr/Latomeia/DROUGHT/composites/x10/y07/2024/05/01/S2L2A_medcomp_x10y07_202405_PSRI2.tif
2025-09-01 23:47:59,748 - INFO - composites.py:436 - Prepare metadata YAML document
2025-09-01 23:48:00,373 - INFO - composites.py:458 - Write metadata YAML document to disk
2025-09-01 23:48:00,433 - INFO - composites.py:463 - Create datacube.model.Dataset from eo3 metadata
2025-09-01 23:48:00,444 - INFO - composites.py:476 - Index to datacube
2025-09-01 23:48:00,444 - INFO - _datasets.py:191 - Indexing f4fc5b86-90c3-4704-8c07-908a4b920cda
2025-09-01 23:48:00,453 - INFO - composites.py:479 - 
2025-09-01 23:48:00,453 - INFO - composites.py:480 -              ✔✔✔ COMPLETED: Tile x10_y07 | Time: 2024-05 | In 8.41 minutes
2025-09-01 23:48:00,453 - INFO - composites.py:481 - 
2025-09-01 23:48:00,454 - INFO - composites.py:489 - Closing Dask client
2025-09-01 23:48:00,455 - INFO - composites.py:493 - Closing Dask cluster
2025-09-01 23:48:00,456 - INFO - composites.py:494 - #######################################################################
