2025-09-02 06:55:05,682 - INFO - composites.py:102 - #######################################################################
2025-09-02 06:55:05,682 - INFO - composites.py:104 - Processing started
2025-09-02 06:55:05,682 - INFO - composites.py:105 -         Tile: x12_y12
2025-09-02 06:55:05,682 - INFO - composites.py:106 -         Time: 2024-07
2025-09-02 06:55:05,682 - INFO - composites.py:109 -                           
2025-09-02 06:55:05,682 - INFO - composites.py:110 - Establishing connection to datacube
2025-09-02 06:55:06,235 - INFO - composites.py:113 -                           
2025-09-02 06:55:06,236 - INFO - composites.py:114 - Sanity test: Check if dataset already exists in the datacube
2025-09-02 06:55:06,261 - INFO - composites.py:133 - The composite requested was not found and it will be computed
2025-09-02 06:55:06,261 - INFO - composites.py:136 -                                  
2025-09-02 06:55:06,261 - INFO - composites.py:137 - Initializing Dask cluster for parallelization
2025-09-02 06:55:11,680 - INFO - composites.py:161 - Dask dashboard is available at: http://127.0.0.1:8787/status
2025-09-02 06:55:11,680 - INFO - composites.py:164 - Create directories and naming conversions
2025-09-02 06:55:11,693 - INFO - composites.py:177 - Dataset location: //nas-rs.topo.auth.gr/Latomeia/DROUGHT/composites/x12/y12/2024/07/01
2025-09-02 06:55:11,693 - INFO - composites.py:180 -                           
2025-09-02 06:55:11,693 - INFO - composites.py:181 - Retrieve tile geometry
2025-09-02 06:55:11,725 - INFO - composites.py:192 - Create the Bounding Box (φ,λ)
2025-09-02 06:55:11,725 - INFO - composites.py:198 - Create the Bounding Box (x,y)
2025-09-02 06:55:11,725 - INFO - composites.py:211 -                           
2025-09-02 06:55:11,725 - INFO - composites.py:212 - Connect to Planetary Computer STAC Catalog
2025-09-02 06:55:11,992 - INFO - composites.py:220 - Search the STAC Catalog
2025-09-02 06:55:12,064 - INFO - composites.py:232 -         Query parameters:
2025-09-02 06:55:12,064 - INFO - composites.py:233 -             url:          https://planetarycomputer.microsoft.com/api/stac/v1/search
2025-09-02 06:55:12,064 - INFO - composites.py:234 -             client:       microsoft-pc
2025-09-02 06:55:12,065 - INFO - composites.py:235 -             collection:   sentinel-2-l2a
2025-09-02 06:55:12,065 - INFO - composites.py:236 -             bbox:         (23.716312541714892, 38.42057868621947, 24.399215341225577, 38.9773418780241)
2025-09-02 06:55:12,065 - INFO - composites.py:237 -             time range:   2024-07-01T00:00:00Z/2024-07-31T23:59:59Z
2025-09-02 06:55:12,065 - INFO - composites.py:238 -             cloud cover:  0% - 70%
2025-09-02 06:55:12,065 - INFO - composites.py:239 -             nodata cover: 0% - 33%
2025-09-02 06:55:12,065 - INFO - composites.py:241 -                           
2025-09-02 06:55:12,065 - INFO - composites.py:242 - Searching...
2025-09-02 06:55:12,521 - INFO - composites.py:245 - Query found 24 items
2025-09-02 06:55:12,527 - INFO - composites.py:247 - Searching for GRI REFINED scenes:
2025-09-02 06:55:18,181 - INFO - sentinel2.py:78 - 1/24 - S2A_MSIL2A_20240728T090601_R050_T35SKD_20240728T152859 -> REFINED
2025-09-02 06:55:24,351 - INFO - sentinel2.py:78 - 2/24 - S2A_MSIL2A_20240728T090601_R050_T35SKC_20240728T152859 -> REFINED
2025-09-02 06:55:29,902 - INFO - sentinel2.py:78 - 3/24 - S2A_MSIL2A_20240728T090601_R050_T34SGJ_20240728T152859 -> REFINED
2025-09-02 06:55:35,003 - INFO - sentinel2.py:78 - 4/24 - S2A_MSIL2A_20240728T090601_R050_T34SGH_20240728T152859 -> REFINED
2025-09-02 06:55:40,556 - INFO - sentinel2.py:78 - 5/24 - S2B_MSIL2A_20240723T090559_R050_T35SKD_20240723T120201 -> REFINED
2025-09-02 06:55:46,656 - INFO - sentinel2.py:78 - 6/24 - S2B_MSIL2A_20240723T090559_R050_T35SKC_20240723T120201 -> REFINED
2025-09-02 06:55:52,537 - INFO - sentinel2.py:78 - 7/24 - S2B_MSIL2A_20240723T090559_R050_T34SGJ_20240723T120201 -> REFINED
2025-09-02 06:55:58,389 - INFO - sentinel2.py:78 - 8/24 - S2B_MSIL2A_20240723T090559_R050_T34SGH_20240723T120201 -> REFINED
2025-09-02 06:56:03,399 - INFO - sentinel2.py:78 - 9/24 - S2A_MSIL2A_20240718T090551_R050_T35SKD_20240718T133445 -> REFINED
2025-09-02 06:56:09,461 - INFO - sentinel2.py:78 - 10/24 - S2A_MSIL2A_20240718T090551_R050_T35SKC_20240718T134722 -> REFINED
2025-09-02 06:56:15,878 - INFO - sentinel2.py:78 - 11/24 - S2A_MSIL2A_20240718T090551_R050_T34SGJ_20240718T134907 -> REFINED
2025-09-02 06:56:20,774 - INFO - sentinel2.py:78 - 12/24 - S2A_MSIL2A_20240718T090551_R050_T34SGH_20240718T135254 -> REFINED
2025-09-02 06:56:26,872 - INFO - sentinel2.py:78 - 13/24 - S2B_MSIL2A_20240713T090559_R050_T35SKD_20240713T124253 -> REFINED
2025-09-02 06:56:32,392 - INFO - sentinel2.py:78 - 14/24 - S2B_MSIL2A_20240713T090559_R050_T35SKC_20240713T124025 -> REFINED
2025-09-02 06:56:38,542 - INFO - sentinel2.py:78 - 15/24 - S2B_MSIL2A_20240713T090559_R050_T34SGJ_20240713T124306 -> REFINED
2025-09-02 06:56:43,518 - INFO - sentinel2.py:78 - 16/24 - S2B_MSIL2A_20240713T090559_R050_T34SGH_20240713T124351 -> REFINED
2025-09-02 06:56:48,721 - INFO - sentinel2.py:78 - 17/24 - S2A_MSIL2A_20240708T090601_R050_T35SKD_20240708T132200 -> REFINED
2025-09-02 06:56:54,931 - INFO - sentinel2.py:78 - 18/24 - S2A_MSIL2A_20240708T090601_R050_T35SKC_20240708T132451 -> REFINED
2025-09-02 06:57:01,276 - INFO - sentinel2.py:78 - 19/24 - S2A_MSIL2A_20240708T090601_R050_T34SGJ_20240708T131913 -> REFINED
2025-09-02 06:57:06,771 - INFO - sentinel2.py:78 - 20/24 - S2A_MSIL2A_20240708T090601_R050_T34SGH_20240708T132042 -> REFINED
2025-09-02 06:57:12,813 - INFO - sentinel2.py:78 - 21/24 - S2B_MSIL2A_20240703T090559_R050_T35SKD_20240703T131014 -> REFINED
2025-09-02 06:57:18,609 - INFO - sentinel2.py:78 - 22/24 - S2B_MSIL2A_20240703T090559_R050_T35SKC_20240703T131021 -> REFINED
2025-09-02 06:57:23,676 - INFO - sentinel2.py:78 - 23/24 - S2B_MSIL2A_20240703T090559_R050_T34SGJ_20240703T130811 -> REFINED
2025-09-02 06:57:29,564 - INFO - sentinel2.py:78 - 24/24 - S2B_MSIL2A_20240703T090559_R050_T34SGH_20240703T132628 -> REFINED
2025-09-02 06:57:29,603 - INFO - composites.py:250 -                                  
2025-09-02 06:57:29,603 - INFO - composites.py:251 - 24/24 were refined by GRI.
2025-09-02 06:57:29,603 - INFO - composites.py:263 - Looking for up to 10 cleanest images within spatiotemporal range of each MGRS tile
2025-09-02 06:57:29,603 - INFO - composites.py:277 - Filtered cleanest scenes: Kept 24 out of 24 items. 
2025-09-02 06:57:29,605 - INFO - composites.py:278 -         Included MGRS Tiles: ['34SGH' '34SGJ' '35SKC' '35SKD']
2025-09-02 06:57:29,605 - INFO - composites.py:279 -         Included EPSG codes: [32634 32635]
2025-09-02 06:57:29,605 - INFO - composites.py:281 - Selected scenes:
2025-09-02 06:57:29,605 - INFO - composites.py:283 -         S2B_MSIL2A_20240713T090559_R050_T34SGH_20240713T124351
2025-09-02 06:57:29,615 - INFO - composites.py:283 -         S2A_MSIL2A_20240718T090551_R050_T34SGH_20240718T135254
2025-09-02 06:57:29,615 - INFO - composites.py:283 -         S2A_MSIL2A_20240708T090601_R050_T34SGH_20240708T132042
2025-09-02 06:57:29,629 - INFO - composites.py:283 -         S2B_MSIL2A_20240723T090559_R050_T34SGH_20240723T120201
2025-09-02 06:57:29,639 - INFO - composites.py:283 -         S2A_MSIL2A_20240728T090601_R050_T34SGH_20240728T152859
2025-09-02 06:57:29,639 - INFO - composites.py:283 -         S2B_MSIL2A_20240703T090559_R050_T34SGH_20240703T132628
2025-09-02 06:57:29,639 - INFO - composites.py:283 -         S2B_MSIL2A_20240713T090559_R050_T34SGJ_20240713T124306
2025-09-02 06:57:29,640 - INFO - composites.py:283 -         S2A_MSIL2A_20240718T090551_R050_T34SGJ_20240718T134907
2025-09-02 06:57:29,640 - INFO - composites.py:283 -         S2A_MSIL2A_20240708T090601_R050_T34SGJ_20240708T131913
2025-09-02 06:57:29,640 - INFO - composites.py:283 -         S2A_MSIL2A_20240728T090601_R050_T34SGJ_20240728T152859
2025-09-02 06:57:29,640 - INFO - composites.py:283 -         S2B_MSIL2A_20240703T090559_R050_T34SGJ_20240703T130811
2025-09-02 06:57:29,640 - INFO - composites.py:283 -         S2B_MSIL2A_20240723T090559_R050_T34SGJ_20240723T120201
2025-09-02 06:57:29,640 - INFO - composites.py:283 -         S2B_MSIL2A_20240713T090559_R050_T35SKC_20240713T124025
2025-09-02 06:57:29,640 - INFO - composites.py:283 -         S2A_MSIL2A_20240718T090551_R050_T35SKC_20240718T134722
2025-09-02 06:57:29,640 - INFO - composites.py:283 -         S2A_MSIL2A_20240708T090601_R050_T35SKC_20240708T132451
2025-09-02 06:57:29,640 - INFO - composites.py:283 -         S2B_MSIL2A_20240723T090559_R050_T35SKC_20240723T120201
2025-09-02 06:57:29,640 - INFO - composites.py:283 -         S2A_MSIL2A_20240728T090601_R050_T35SKC_20240728T152859
2025-09-02 06:57:29,640 - INFO - composites.py:283 -         S2B_MSIL2A_20240703T090559_R050_T35SKC_20240703T131021
2025-09-02 06:57:29,640 - INFO - composites.py:283 -         S2B_MSIL2A_20240713T090559_R050_T35SKD_20240713T124253
2025-09-02 06:57:29,640 - INFO - composites.py:283 -         S2A_MSIL2A_20240718T090551_R050_T35SKD_20240718T133445
2025-09-02 06:57:29,640 - INFO - composites.py:283 -         S2A_MSIL2A_20240708T090601_R050_T35SKD_20240708T132200
2025-09-02 06:57:29,640 - INFO - composites.py:283 -         S2A_MSIL2A_20240728T090601_R050_T35SKD_20240728T152859
2025-09-02 06:57:29,640 - INFO - composites.py:283 -         S2B_MSIL2A_20240703T090559_R050_T35SKD_20240703T131014
2025-09-02 06:57:29,640 - INFO - composites.py:283 -         S2B_MSIL2A_20240723T090559_R050_T35SKD_20240723T120201
2025-09-02 06:57:29,969 - INFO - sentinel2.py:154 - Matplotlib backend: Agg
2025-09-02 06:57:30,322 - INFO - sentinel2.py:224 - Write input scenes footprint overlay: //nas-rs.topo.auth.gr/Latomeia/DROUGHT/composites/x12/y12/2024/07/01/S2L2A_medcomp_x12y12_202407_InDataFootprint.jpeg
2025-09-02 06:57:30,656 - INFO - composites.py:297 -                                  
2025-09-02 06:57:30,656 - INFO - composites.py:298 - Downstream STAC items from Planetary Computer
2025-09-02 06:57:30,656 - INFO - timeseries_processing.py:115 -                                  
2025-09-02 06:57:30,656 - INFO - timeseries_processing.py:116 - Loading bands of diferent resolutions in EPSG:32634
2025-09-02 06:57:30,656 - INFO - timeseries_processing.py:120 -     Filtering items with native UTM EPSG:32634
2025-09-02 06:57:30,656 - INFO - timeseries_processing.py:122 -     12 Items in EPSG:32634
2025-09-02 06:57:30,656 - INFO - timeseries_processing.py:129 -                        
2025-09-02 06:57:30,656 - INFO - timeseries_processing.py:130 -     Loading parameters:
2025-09-02 06:57:30,656 - INFO - timeseries_processing.py:131 -         Bands: ['B05', 'B07', 'B8A', 'SCL']
2025-09-02 06:57:30,656 - INFO - timeseries_processing.py:132 -         Spatial resolution: 20
2025-09-02 06:57:30,656 - INFO - timeseries_processing.py:134 -         Get Assets from STAC Items
2025-09-02 06:57:30,656 - INFO - timeseries_processing.py:47 -         Initialize the STAC client
2025-09-02 06:57:31,217 - INFO - timeseries_processing.py:137 -         Loading 12 STAC Items....
2025-09-02 06:59:06,655 - INFO - timeseries_processing.py:146 -         Cube has been downloaded
2025-09-02 06:59:06,655 - INFO - timeseries_processing.py:156 -         Fix order of dimensions
2025-09-02 06:59:06,657 - INFO - timeseries_processing.py:161 -         Append bands to the band-list of EPSG:32634
2025-09-02 06:59:06,657 - INFO - timeseries_processing.py:129 -                        
2025-09-02 06:59:06,657 - INFO - timeseries_processing.py:130 -     Loading parameters:
2025-09-02 06:59:06,657 - INFO - timeseries_processing.py:131 -         Bands: ['B02', 'B03', 'B04']
2025-09-02 06:59:06,657 - INFO - timeseries_processing.py:132 -         Spatial resolution: 10
2025-09-02 06:59:06,657 - INFO - timeseries_processing.py:134 -         Get Assets from STAC Items
2025-09-02 06:59:06,658 - INFO - timeseries_processing.py:47 -         Initialize the STAC client
2025-09-02 06:59:07,209 - INFO - timeseries_processing.py:137 -         Loading 12 STAC Items....
2025-09-02 07:02:19,727 - INFO - timeseries_processing.py:146 -         Cube has been downloaded
2025-09-02 07:02:19,727 - INFO - timeseries_processing.py:149 -         Reproject to downsample 10m bands to 20m by Resampling.average 2x2 binning and shape matching with odc.geo.GeoBox
2025-09-02 07:02:29,573 - INFO - timeseries_processing.py:161 -         Append bands to the band-list of EPSG:32634
2025-09-02 07:02:29,573 - INFO - timeseries_processing.py:165 -                        
2025-09-02 07:02:29,573 - INFO - timeseries_processing.py:166 -     Merging bands in a single dataset
2025-09-02 07:02:29,573 - INFO - timeseries_processing.py:167 -     Ensure all partial datasets are at (x=20, y=-20) resolution
2025-09-02 07:02:29,573 - INFO - timeseries_processing.py:171 -     Clip to the intersection of indexes
2025-09-02 07:02:30,777 - INFO - timeseries_processing.py:180 -     Make a list of bands to merge
2025-09-02 07:02:30,778 - INFO - timeseries_processing.py:184 -     Merge on intersection
2025-09-02 07:02:30,779 - INFO - timeseries_processing.py:192 -     Apply masks on clouds, shadows, thin cirrus, and snow/ice
2025-09-02 07:02:30,779 - INFO - sentinel2.py:122 -                Masking bits: [3, 7, 8, 9, 10, 11]
2025-09-02 07:02:31,553 - INFO - timeseries_processing.py:115 -                                  
2025-09-02 07:02:31,563 - INFO - timeseries_processing.py:116 - Loading bands of diferent resolutions in EPSG:32635
2025-09-02 07:02:31,563 - INFO - timeseries_processing.py:120 -     Filtering items with native UTM EPSG:32635
2025-09-02 07:02:31,563 - INFO - timeseries_processing.py:122 -     12 Items in EPSG:32635
2025-09-02 07:02:31,563 - INFO - timeseries_processing.py:129 -                        
2025-09-02 07:02:31,563 - INFO - timeseries_processing.py:130 -     Loading parameters:
2025-09-02 07:02:31,563 - INFO - timeseries_processing.py:131 -         Bands: ['B05', 'B07', 'B8A', 'SCL']
2025-09-02 07:02:31,563 - INFO - timeseries_processing.py:132 -         Spatial resolution: 20
2025-09-02 07:02:31,563 - INFO - timeseries_processing.py:134 -         Get Assets from STAC Items
2025-09-02 07:02:31,563 - INFO - timeseries_processing.py:47 -         Initialize the STAC client
2025-09-02 07:02:32,158 - INFO - timeseries_processing.py:137 -         Loading 12 STAC Items....
2025-09-02 07:03:49,209 - INFO - timeseries_processing.py:146 -         Cube has been downloaded
2025-09-02 07:03:49,210 - INFO - timeseries_processing.py:156 -         Fix order of dimensions
2025-09-02 07:03:49,211 - INFO - timeseries_processing.py:161 -         Append bands to the band-list of EPSG:32635
2025-09-02 07:03:49,211 - INFO - timeseries_processing.py:129 -                        
2025-09-02 07:03:49,211 - INFO - timeseries_processing.py:130 -     Loading parameters:
2025-09-02 07:03:49,211 - INFO - timeseries_processing.py:131 -         Bands: ['B02', 'B03', 'B04']
2025-09-02 07:03:49,211 - INFO - timeseries_processing.py:132 -         Spatial resolution: 10
2025-09-02 07:03:49,214 - INFO - timeseries_processing.py:134 -         Get Assets from STAC Items
2025-09-02 07:03:49,214 - INFO - timeseries_processing.py:47 -         Initialize the STAC client
2025-09-02 07:03:49,795 - INFO - timeseries_processing.py:137 -         Loading 12 STAC Items....
2025-09-02 07:06:47,997 - INFO - timeseries_processing.py:146 -         Cube has been downloaded
2025-09-02 07:06:47,997 - INFO - timeseries_processing.py:149 -         Reproject to downsample 10m bands to 20m by Resampling.average 2x2 binning and shape matching with odc.geo.GeoBox
2025-09-02 07:06:57,734 - INFO - timeseries_processing.py:161 -         Append bands to the band-list of EPSG:32635
2025-09-02 07:06:57,734 - INFO - timeseries_processing.py:165 -                        
2025-09-02 07:06:57,734 - INFO - timeseries_processing.py:166 -     Merging bands in a single dataset
2025-09-02 07:06:57,734 - INFO - timeseries_processing.py:167 -     Ensure all partial datasets are at (x=20, y=-20) resolution
2025-09-02 07:06:57,734 - INFO - timeseries_processing.py:171 -     Clip to the intersection of indexes
2025-09-02 07:06:57,735 - INFO - timeseries_processing.py:180 -     Make a list of bands to merge
2025-09-02 07:06:57,737 - INFO - timeseries_processing.py:184 -     Merge on intersection
2025-09-02 07:06:57,738 - INFO - timeseries_processing.py:192 -     Apply masks on clouds, shadows, thin cirrus, and snow/ice
2025-09-02 07:06:57,738 - INFO - sentinel2.py:122 -                Masking bits: [3, 7, 8, 9, 10, 11]
2025-09-02 07:06:58,508 - INFO - composites.py:307 - Reproject from UTM Zone to Tile geometry -> CRS(EPSG:32635), Resampling.bilinear
2025-09-02 07:07:06,734 - INFO - composites.py:310 -     New shape of datasets: Shape2d(x=2400, y=2400)
2025-09-02 07:07:07,006 - INFO - composites.py:315 -                           
2025-09-02 07:07:07,023 - INFO - composites.py:316 - Mosaic datasets to a single dataset
2025-09-02 07:07:11,839 - INFO - composites.py:329 - Scale SR to Sen2Cor Baseline 4.00 - Subtract 1000 in dates post 2022-01-25
2025-09-02 07:07:12,763 - INFO - composites.py:342 - Creating preview plot of input scenes
2025-09-02 07:07:38,259 - INFO - timeseries_processing.py:349 - Saved preview for 'B04' to //nas-rs.topo.auth.gr/Latomeia/DROUGHT/composites/x12/y12/2024/07/01/S2L2A_medcomp_x12y12_202407_InDataPreview.jpeg
2025-09-02 07:07:38,262 - INFO - composites.py:348 - Clip value range
2025-09-02 07:07:39,491 - INFO - composites.py:353 -                           
2025-09-02 07:07:39,491 - INFO - composites.py:354 - Computing spectral indices:
2025-09-02 07:07:39,493 - INFO - composites.py:357 -     EVI...
2025-09-02 07:07:40,175 - INFO - composites.py:359 -     NDVI...
2025-09-02 07:07:40,527 - INFO - composites.py:361 -     PSRI2...
2025-09-02 07:07:40,704 - INFO - composites.py:364 - Clip to typical value range
2025-09-02 07:07:40,899 - INFO - composites.py:371 - Reducing to median value temporal composite
2025-09-02 07:08:10,950 - INFO - composites.py:390 - Scale and Define data types & nodata per band
2025-09-02 07:08:11,092 - INFO - composites.py:411 - Assign time range and tile ID in metadata
2025-09-02 07:08:11,094 - INFO - composites.py:419 - Write bands to raster COG files
2025-09-02 07:08:15,282 - INFO - composites.py:432 - Write B02 -> //nas-rs.topo.auth.gr/Latomeia/DROUGHT/composites/x12/y12/2024/07/01/S2L2A_medcomp_x12y12_202407_B02.tif
2025-09-02 07:08:19,165 - INFO - composites.py:432 - Write B03 -> //nas-rs.topo.auth.gr/Latomeia/DROUGHT/composites/x12/y12/2024/07/01/S2L2A_medcomp_x12y12_202407_B03.tif
2025-09-02 07:08:23,612 - INFO - composites.py:432 - Write B04 -> //nas-rs.topo.auth.gr/Latomeia/DROUGHT/composites/x12/y12/2024/07/01/S2L2A_medcomp_x12y12_202407_B04.tif
2025-09-02 07:08:27,456 - INFO - composites.py:432 - Write B05 -> //nas-rs.topo.auth.gr/Latomeia/DROUGHT/composites/x12/y12/2024/07/01/S2L2A_medcomp_x12y12_202407_B05.tif
2025-09-02 07:08:31,262 - INFO - composites.py:432 - Write B07 -> //nas-rs.topo.auth.gr/Latomeia/DROUGHT/composites/x12/y12/2024/07/01/S2L2A_medcomp_x12y12_202407_B07.tif
2025-09-02 07:08:35,128 - INFO - composites.py:432 - Write B8A -> //nas-rs.topo.auth.gr/Latomeia/DROUGHT/composites/x12/y12/2024/07/01/S2L2A_medcomp_x12y12_202407_B8A.tif
2025-09-02 07:08:38,953 - INFO - composites.py:432 - Write EVI -> //nas-rs.topo.auth.gr/Latomeia/DROUGHT/composites/x12/y12/2024/07/01/S2L2A_medcomp_x12y12_202407_EVI.tif
2025-09-02 07:08:42,890 - INFO - composites.py:432 - Write NDVI -> //nas-rs.topo.auth.gr/Latomeia/DROUGHT/composites/x12/y12/2024/07/01/S2L2A_medcomp_x12y12_202407_NDVI.tif
2025-09-02 07:08:46,739 - INFO - composites.py:432 - Write PSRI2 -> //nas-rs.topo.auth.gr/Latomeia/DROUGHT/composites/x12/y12/2024/07/01/S2L2A_medcomp_x12y12_202407_PSRI2.tif
2025-09-02 07:08:46,739 - INFO - composites.py:436 - Prepare metadata YAML document
2025-09-02 07:08:47,268 - INFO - composites.py:458 - Write metadata YAML document to disk
2025-09-02 07:08:47,311 - INFO - composites.py:463 - Create datacube.model.Dataset from eo3 metadata
2025-09-02 07:08:47,322 - INFO - composites.py:476 - Index to datacube
2025-09-02 07:08:47,322 - INFO - _datasets.py:191 - Indexing 8433cb61-9f7e-4748-b9db-e1278250ef87
2025-09-02 07:08:47,332 - INFO - composites.py:479 - 
2025-09-02 07:08:47,332 - INFO - composites.py:480 -              ✔✔✔ COMPLETED: Tile x12_y12 | Time: 2024-07 | In 13.69 minutes
2025-09-02 07:08:47,332 - INFO - composites.py:481 - 
2025-09-02 07:08:47,332 - INFO - composites.py:489 - Closing Dask client
2025-09-02 07:08:47,334 - INFO - composites.py:493 - Closing Dask cluster
2025-09-02 07:08:47,334 - INFO - composites.py:494 - #######################################################################
