2025-11-30 13:28:45,850 - INFO - composites.py:102 - #######################################################################
2025-11-30 13:28:45,850 - INFO - composites.py:104 - Processing started
2025-11-30 13:28:45,850 - INFO - composites.py:105 -         Tile: x07_y11
2025-11-30 13:28:45,850 - INFO - composites.py:106 -         Time: 2020-03
2025-11-30 13:28:45,850 - INFO - composites.py:109 -                           
2025-11-30 13:28:45,850 - INFO - composites.py:110 - Establishing connection to datacube
2025-11-30 13:28:46,420 - INFO - composites.py:113 -                           
2025-11-30 13:28:46,420 - INFO - composites.py:114 - Sanity test: Check if dataset already exists in the datacube
2025-11-30 13:28:46,442 - INFO - composites.py:133 - The composite requested was not found and it will be computed
2025-11-30 13:28:46,442 - INFO - composites.py:136 -                                  
2025-11-30 13:28:46,442 - INFO - composites.py:137 - Initializing Dask cluster for parallelization
2025-11-30 13:28:51,626 - INFO - composites.py:161 - Dask dashboard is available at: http://127.0.0.1:8787/status
2025-11-30 13:28:51,626 - INFO - composites.py:164 - Create directories and naming conversions
2025-11-30 13:28:51,637 - INFO - composites.py:177 - Dataset location: //nas-rs.topo.auth.gr/Latomeia/DROUGHT/composites/x07/y11/2020/03/01
2025-11-30 13:28:51,637 - INFO - composites.py:180 -                           
2025-11-30 13:28:51,637 - INFO - composites.py:181 - Retrieve tile geometry
2025-11-30 13:28:51,671 - INFO - composites.py:192 - Create the Bounding Box (φ,λ)
2025-11-30 13:28:51,671 - INFO - composites.py:198 - Create the Bounding Box (x,y)
2025-11-30 13:28:51,671 - INFO - composites.py:211 -                           
2025-11-30 13:28:51,671 - INFO - composites.py:212 - Connect to Planetary Computer STAC Catalog
2025-11-30 13:28:52,038 - INFO - composites.py:220 - Search the STAC Catalog
2025-11-30 13:28:52,118 - INFO - composites.py:232 -         Query parameters:
2025-11-30 13:28:52,118 - INFO - composites.py:233 -             url:          https://planetarycomputer.microsoft.com/api/stac/v1/search
2025-11-30 13:28:52,118 - INFO - composites.py:234 -             client:       microsoft-pc
2025-11-30 13:28:52,118 - INFO - composites.py:235 -             collection:   sentinel-2-l2a
2025-11-30 13:28:52,118 - INFO - composites.py:236 -             bbox:         (20.928573606105775, 38.35819969704171, 21.59502923200265, 38.902149455513275)
2025-11-30 13:28:52,118 - INFO - composites.py:237 -             time range:   2020-03-01T00:00:00Z/2020-03-31T23:59:59Z
2025-11-30 13:28:52,118 - INFO - composites.py:238 -             cloud cover:  0% - 70%
2025-11-30 13:28:52,118 - INFO - composites.py:239 -             nodata cover: 0% - 33%
2025-11-30 13:28:52,118 - INFO - composites.py:241 -                           
2025-11-30 13:28:52,118 - INFO - composites.py:242 - Searching...
2025-11-30 13:28:52,694 - INFO - composites.py:245 - Query found 18 items
2025-11-30 13:28:52,694 - INFO - composites.py:247 - Searching for GRI REFINED scenes:
2025-11-30 13:28:58,633 - INFO - sentinel2.py:78 - 1/18 - S2B_MSIL2A_20200329T092029_R093_T34SEJ_20201020T204301 -> Not Found
2025-11-30 13:29:04,252 - INFO - sentinel2.py:78 - 2/18 - S2B_MSIL2A_20200329T092029_R093_T34SEH_20201020T204238 -> Not Found
2025-11-30 13:29:09,477 - INFO - sentinel2.py:78 - 3/18 - S2B_MSIL2A_20200329T092029_R093_T34SDH_20201020T204147 -> Not Found
2025-11-30 13:29:14,979 - INFO - sentinel2.py:78 - 4/18 - S2A_MSIL2A_20200327T093031_R136_T34SDH_20201027T112909 -> Not Found
2025-11-30 13:29:19,897 - INFO - sentinel2.py:78 - 5/18 - S2A_MSIL2A_20200324T092031_R093_T34SEJ_20201018T204835 -> Not Found
2025-11-30 13:29:25,569 - INFO - sentinel2.py:78 - 6/18 - S2A_MSIL2A_20200324T092031_R093_T34SEH_20201018T204819 -> Not Found
2025-11-30 13:29:30,569 - INFO - sentinel2.py:78 - 7/18 - S2A_MSIL2A_20200324T092031_R093_T34SDH_20201018T205039 -> Not Found
2025-11-30 13:29:36,120 - INFO - sentinel2.py:78 - 8/18 - S2B_MSIL2A_20200319T092029_R093_T34SEJ_20201012T164420 -> Not Found
2025-11-30 13:29:42,265 - INFO - sentinel2.py:78 - 9/18 - S2B_MSIL2A_20200319T092029_R093_T34SEH_20201012T164421 -> Not Found
2025-11-30 13:29:48,602 - INFO - sentinel2.py:78 - 10/18 - S2B_MSIL2A_20200319T092029_R093_T34SDH_20201101T174632 -> Not Found
2025-11-30 13:29:54,720 - INFO - sentinel2.py:78 - 11/18 - S2A_MSIL2A_20200317T093031_R136_T34SDJ_20201010T111000 -> Not Found
2025-11-30 13:30:00,361 - INFO - sentinel2.py:78 - 12/18 - S2A_MSIL2A_20200317T093031_R136_T34SDH_20201010T111021 -> Not Found
2025-11-30 13:30:05,811 - INFO - sentinel2.py:78 - 13/18 - S2A_MSIL2A_20200314T092031_R093_T34SEH_20201009T235407 -> Not Found
2025-11-30 13:30:11,934 - INFO - sentinel2.py:78 - 14/18 - S2A_MSIL2A_20200314T092031_R093_T34SDH_20201009T235936 -> Not Found
2025-11-30 13:30:17,970 - INFO - sentinel2.py:78 - 15/18 - S2B_MSIL2A_20200312T093029_R136_T34SDJ_20201006T172344 -> Not Found
2025-11-30 13:30:24,053 - INFO - sentinel2.py:78 - 16/18 - S2B_MSIL2A_20200312T093029_R136_T34SDH_20201006T172957 -> Not Found
2025-11-30 13:30:29,056 - INFO - sentinel2.py:78 - 17/18 - S2B_MSIL2A_20200309T092029_R093_T34SDH_20201002T210256 -> Not Found
2025-11-30 13:30:34,778 - INFO - sentinel2.py:78 - 18/18 - S2B_MSIL2A_20200302T093029_R136_T34SDH_20200926T013751 -> Not Found
2025-11-30 13:30:34,829 - INFO - composites.py:250 -                                  
2025-11-30 13:30:34,829 - INFO - composites.py:251 - 0/18 were refined by GRI.
2025-11-30 13:30:34,830 - WARNING - composites.py:255 - Tile x07_y11 | Time: 2020-03: All scenes are flagged NOT REFINED.
2025-11-30 13:30:34,830 - WARNING - composites.py:256 - Tile x07_y11 | Time: 2020-03: The composite will be flagged with _NOREFINED.
2025-11-30 13:30:34,831 - INFO - composites.py:263 - Looking for up to 7 cleanest images within spatiotemporal range of each MGRS tile
2025-11-30 13:30:34,831 - INFO - composites.py:277 - Filtered cleanest scenes: Kept 16 out of 18 items. 
2025-11-30 13:30:34,831 - INFO - composites.py:278 -         Included MGRS Tiles: ['34SDH' '34SDJ' '34SEH' '34SEJ']
2025-11-30 13:30:34,838 - INFO - composites.py:279 -         Included EPSG codes: [32634]
2025-11-30 13:30:34,838 - INFO - composites.py:281 - Selected scenes:
2025-11-30 13:30:34,838 - INFO - composites.py:283 -         S2B_MSIL2A_20200312T093029_R136_T34SDH_20201006T172957
2025-11-30 13:30:34,838 - INFO - composites.py:283 -         S2B_MSIL2A_20200319T092029_R093_T34SDH_20201101T174632
2025-11-30 13:30:34,838 - INFO - composites.py:283 -         S2A_MSIL2A_20200324T092031_R093_T34SDH_20201018T205039
2025-11-30 13:30:34,838 - INFO - composites.py:283 -         S2A_MSIL2A_20200317T093031_R136_T34SDH_20201010T111021
2025-11-30 13:30:34,838 - INFO - composites.py:283 -         S2B_MSIL2A_20200329T092029_R093_T34SDH_20201020T204147
2025-11-30 13:30:34,838 - INFO - composites.py:283 -         S2A_MSIL2A_20200327T093031_R136_T34SDH_20201027T112909
2025-11-30 13:30:34,838 - INFO - composites.py:283 -         S2B_MSIL2A_20200302T093029_R136_T34SDH_20200926T013751
2025-11-30 13:30:34,838 - INFO - composites.py:283 -         S2B_MSIL2A_20200312T093029_R136_T34SDJ_20201006T172344
2025-11-30 13:30:34,838 - INFO - composites.py:283 -         S2A_MSIL2A_20200317T093031_R136_T34SDJ_20201010T111000
2025-11-30 13:30:34,838 - INFO - composites.py:283 -         S2B_MSIL2A_20200319T092029_R093_T34SEH_20201012T164421
2025-11-30 13:30:34,838 - INFO - composites.py:283 -         S2A_MSIL2A_20200324T092031_R093_T34SEH_20201018T204819
2025-11-30 13:30:34,838 - INFO - composites.py:283 -         S2A_MSIL2A_20200314T092031_R093_T34SEH_20201009T235407
2025-11-30 13:30:34,838 - INFO - composites.py:283 -         S2B_MSIL2A_20200329T092029_R093_T34SEH_20201020T204238
2025-11-30 13:30:34,838 - INFO - composites.py:283 -         S2B_MSIL2A_20200319T092029_R093_T34SEJ_20201012T164420
2025-11-30 13:30:34,838 - INFO - composites.py:283 -         S2A_MSIL2A_20200324T092031_R093_T34SEJ_20201018T204835
2025-11-30 13:30:34,838 - INFO - composites.py:283 -         S2B_MSIL2A_20200329T092029_R093_T34SEJ_20201020T204301
2025-11-30 13:30:35,240 - INFO - sentinel2.py:154 - Matplotlib backend: Agg
2025-11-30 13:30:35,609 - INFO - sentinel2.py:224 - Write input scenes footprint overlay: //nas-rs.topo.auth.gr/Latomeia/DROUGHT/composites/x07/y11/2020/03/01/S2L2A_medcomp_x07y11_202003_InDataFootprint.jpeg
2025-11-30 13:30:35,807 - INFO - composites.py:297 -                                  
2025-11-30 13:30:35,807 - INFO - composites.py:298 - Downstream STAC items from Planetary Computer
2025-11-30 13:30:35,807 - INFO - timeseries_processing.py:115 -                                  
2025-11-30 13:30:35,807 - INFO - timeseries_processing.py:116 - Loading bands of diferent resolutions in EPSG:32634
2025-11-30 13:30:35,807 - INFO - timeseries_processing.py:120 -     Filtering items with native UTM EPSG:32634
2025-11-30 13:30:35,807 - INFO - timeseries_processing.py:122 -     16 Items in EPSG:32634
2025-11-30 13:30:35,807 - INFO - timeseries_processing.py:129 -                        
2025-11-30 13:30:35,807 - INFO - timeseries_processing.py:130 -     Loading parameters:
2025-11-30 13:30:35,807 - INFO - timeseries_processing.py:131 -         Bands: ['B05', 'B07', 'B8A', 'SCL']
2025-11-30 13:30:35,807 - INFO - timeseries_processing.py:132 -         Spatial resolution: 20
2025-11-30 13:30:35,807 - INFO - timeseries_processing.py:134 -         Get Assets from STAC Items
2025-11-30 13:30:35,808 - INFO - timeseries_processing.py:47 -         Initialize the STAC client
2025-11-30 13:30:36,528 - INFO - timeseries_processing.py:137 -         Loading 16 STAC Items....
2025-11-30 13:31:47,425 - INFO - timeseries_processing.py:146 -         Cube has been downloaded
2025-11-30 13:31:47,425 - INFO - timeseries_processing.py:156 -         Fix order of dimensions
2025-11-30 13:31:47,428 - INFO - timeseries_processing.py:161 -         Append bands to the band-list of EPSG:32634
2025-11-30 13:31:47,429 - INFO - timeseries_processing.py:129 -                        
2025-11-30 13:31:47,429 - INFO - timeseries_processing.py:130 -     Loading parameters:
2025-11-30 13:31:47,429 - INFO - timeseries_processing.py:131 -         Bands: ['B02', 'B03', 'B04']
2025-11-30 13:31:47,429 - INFO - timeseries_processing.py:132 -         Spatial resolution: 10
2025-11-30 13:31:47,429 - INFO - timeseries_processing.py:134 -         Get Assets from STAC Items
2025-11-30 13:31:47,429 - INFO - timeseries_processing.py:47 -         Initialize the STAC client
2025-11-30 13:31:48,064 - INFO - timeseries_processing.py:137 -         Loading 16 STAC Items....
2025-11-30 13:34:26,890 - INFO - timeseries_processing.py:146 -         Cube has been downloaded
2025-11-30 13:34:26,893 - INFO - timeseries_processing.py:149 -         Reproject to downsample 10m bands to 20m by Resampling.average 2x2 binning and shape matching with odc.geo.GeoBox
2025-11-30 13:34:37,382 - INFO - timeseries_processing.py:161 -         Append bands to the band-list of EPSG:32634
2025-11-30 13:34:37,382 - INFO - timeseries_processing.py:165 -                        
2025-11-30 13:34:37,382 - INFO - timeseries_processing.py:166 -     Merging bands in a single dataset
2025-11-30 13:34:37,382 - INFO - timeseries_processing.py:167 -     Ensure all partial datasets are at (x=20, y=-20) resolution
2025-11-30 13:34:37,382 - INFO - timeseries_processing.py:171 -     Clip to the intersection of indexes
2025-11-30 13:34:38,778 - INFO - timeseries_processing.py:180 -     Make a list of bands to merge
2025-11-30 13:34:38,778 - INFO - timeseries_processing.py:184 -     Merge on intersection
2025-11-30 13:34:38,779 - INFO - timeseries_processing.py:192 -     Apply masks on clouds, shadows, thin cirrus, and snow/ice
2025-11-30 13:34:38,780 - INFO - sentinel2.py:122 -                Masking bits: [3, 7, 8, 9, 10, 11]
2025-11-30 13:34:39,728 - INFO - composites.py:307 - Reproject from UTM Zone to Tile geometry -> CRS(EPSG:32634), Resampling.bilinear
2025-11-30 13:34:45,191 - INFO - composites.py:310 -     New shape of datasets: Shape2d(x=2400, y=2400)
2025-11-30 13:34:45,849 - INFO - composites.py:342 - Creating preview plot of input scenes
2025-11-30 13:35:16,629 - INFO - timeseries_processing.py:349 - Saved preview for 'B04' to //nas-rs.topo.auth.gr/Latomeia/DROUGHT/composites/x07/y11/2020/03/01/S2L2A_medcomp_x07y11_202003_InDataPreview.jpeg
2025-11-30 13:35:16,633 - INFO - composites.py:348 - Clip value range
2025-11-30 13:35:18,221 - INFO - composites.py:353 -                           
2025-11-30 13:35:18,221 - INFO - composites.py:354 - Computing spectral indices:
2025-11-30 13:35:18,221 - INFO - composites.py:357 -     EVI...
2025-11-30 13:35:19,313 - INFO - composites.py:359 -     NDVI...
2025-11-30 13:35:19,639 - INFO - composites.py:361 -     PSRI2...
2025-11-30 13:35:19,854 - INFO - composites.py:364 - Clip to typical value range
2025-11-30 13:35:20,143 - INFO - composites.py:371 - Reducing to median value temporal composite
2025-11-30 13:35:46,409 - INFO - composites.py:390 - Scale and Define data types & nodata per band
2025-11-30 13:35:46,728 - INFO - composites.py:411 - Assign time range and tile ID in metadata
2025-11-30 13:35:46,728 - INFO - composites.py:419 - Write bands to raster COG files
2025-11-30 13:35:54,930 - INFO - composites.py:432 - Write B02 -> //nas-rs.topo.auth.gr/Latomeia/DROUGHT/composites/x07/y11/2020/03/01/S2L2A_medcomp_x07y11_202003_B02.tif
2025-11-30 13:35:59,199 - INFO - composites.py:432 - Write B03 -> //nas-rs.topo.auth.gr/Latomeia/DROUGHT/composites/x07/y11/2020/03/01/S2L2A_medcomp_x07y11_202003_B03.tif
2025-11-30 13:36:03,867 - INFO - composites.py:432 - Write B04 -> //nas-rs.topo.auth.gr/Latomeia/DROUGHT/composites/x07/y11/2020/03/01/S2L2A_medcomp_x07y11_202003_B04.tif
2025-11-30 13:36:08,368 - INFO - composites.py:432 - Write B05 -> //nas-rs.topo.auth.gr/Latomeia/DROUGHT/composites/x07/y11/2020/03/01/S2L2A_medcomp_x07y11_202003_B05.tif
2025-11-30 13:36:12,716 - INFO - composites.py:432 - Write B07 -> //nas-rs.topo.auth.gr/Latomeia/DROUGHT/composites/x07/y11/2020/03/01/S2L2A_medcomp_x07y11_202003_B07.tif
2025-11-30 13:36:17,523 - INFO - composites.py:432 - Write B8A -> //nas-rs.topo.auth.gr/Latomeia/DROUGHT/composites/x07/y11/2020/03/01/S2L2A_medcomp_x07y11_202003_B8A.tif
2025-11-30 13:36:21,529 - INFO - composites.py:432 - Write EVI -> //nas-rs.topo.auth.gr/Latomeia/DROUGHT/composites/x07/y11/2020/03/01/S2L2A_medcomp_x07y11_202003_EVI.tif
2025-11-30 13:36:25,512 - INFO - composites.py:432 - Write NDVI -> //nas-rs.topo.auth.gr/Latomeia/DROUGHT/composites/x07/y11/2020/03/01/S2L2A_medcomp_x07y11_202003_NDVI.tif
2025-11-30 13:36:29,446 - INFO - composites.py:432 - Write PSRI2 -> //nas-rs.topo.auth.gr/Latomeia/DROUGHT/composites/x07/y11/2020/03/01/S2L2A_medcomp_x07y11_202003_PSRI2.tif
2025-11-30 13:36:29,450 - INFO - composites.py:436 - Prepare metadata YAML document
2025-11-30 13:36:29,987 - INFO - composites.py:458 - Write metadata YAML document to disk
2025-11-30 13:36:30,049 - INFO - composites.py:463 - Create datacube.model.Dataset from eo3 metadata
2025-11-30 13:36:30,059 - INFO - composites.py:476 - Index to datacube
2025-11-30 13:36:30,059 - INFO - _datasets.py:191 - Indexing 1255494b-d7c6-4677-af12-3bea349e9bf2
2025-11-30 13:36:30,069 - INFO - composites.py:479 - 
2025-11-30 13:36:30,069 - INFO - composites.py:480 -              ✔✔✔ COMPLETED: Tile x07_y11 | Time: 2020-03 | In 7.74 minutes
2025-11-30 13:36:30,069 - INFO - composites.py:481 - 
2025-11-30 13:36:30,069 - INFO - composites.py:489 - Closing Dask client
2025-11-30 13:36:30,074 - INFO - composites.py:493 - Closing Dask cluster
2025-11-30 13:36:30,074 - INFO - composites.py:494 - #######################################################################
