2025-09-03 07:21:44,603 - INFO - composites.py:102 - #######################################################################
2025-09-03 07:21:44,603 - INFO - composites.py:104 - Processing started
2025-09-03 07:21:44,603 - INFO - composites.py:105 -         Tile: x09_y12
2025-09-03 07:21:44,603 - INFO - composites.py:106 -         Time: 2025-04
2025-09-03 07:21:44,603 - INFO - composites.py:109 -                           
2025-09-03 07:21:44,603 - INFO - composites.py:110 - Establishing connection to datacube
2025-09-03 07:21:45,324 - INFO - composites.py:113 -                           
2025-09-03 07:21:45,324 - INFO - composites.py:114 - Sanity test: Check if dataset already exists in the datacube
2025-09-03 07:21:45,350 - INFO - composites.py:133 - The composite requested was not found and it will be computed
2025-09-03 07:21:45,350 - INFO - composites.py:136 -                                  
2025-09-03 07:21:45,350 - INFO - composites.py:137 - Initializing Dask cluster for parallelization
2025-09-03 07:21:50,558 - INFO - composites.py:161 - Dask dashboard is available at: http://127.0.0.1:8787/status
2025-09-03 07:21:50,559 - INFO - composites.py:164 - Create directories and naming conversions
2025-09-03 07:21:50,569 - INFO - composites.py:177 - Dataset location: //nas-rs.topo.auth.gr/Latomeia/DROUGHT/composites/x09/y12/2025/04/01
2025-09-03 07:21:50,569 - INFO - composites.py:180 -                           
2025-09-03 07:21:50,569 - INFO - composites.py:181 - Retrieve tile geometry
2025-09-03 07:21:50,597 - INFO - composites.py:192 - Create the Bounding Box (φ,λ)
2025-09-03 07:21:50,599 - INFO - composites.py:198 - Create the Bounding Box (x,y)
2025-09-03 07:21:50,599 - INFO - composites.py:211 -                           
2025-09-03 07:21:50,599 - INFO - composites.py:212 - Connect to Planetary Computer STAC Catalog
2025-09-03 07:21:50,807 - INFO - composites.py:220 - Search the STAC Catalog
2025-09-03 07:21:50,879 - INFO - composites.py:232 -         Query parameters:
2025-09-03 07:21:50,879 - INFO - composites.py:233 -             url:          https://planetarycomputer.microsoft.com/api/stac/v1/search
2025-09-03 07:21:50,879 - INFO - composites.py:234 -             client:       microsoft-pc
2025-09-03 07:21:50,879 - INFO - composites.py:235 -             collection:   sentinel-2-l2a
2025-09-03 07:21:50,879 - INFO - composites.py:236 -             bbox:         (22.08935468900074, 38.65012671670289, 22.765437865885517, 39.19940074346311)
2025-09-03 07:21:50,879 - INFO - composites.py:237 -             time range:   2025-04-01T00:00:00Z/2025-04-30T23:59:59Z
2025-09-03 07:21:50,879 - INFO - composites.py:238 -             cloud cover:  0% - 70%
2025-09-03 07:21:50,879 - INFO - composites.py:239 -             nodata cover: 0% - 33%
2025-09-03 07:21:50,879 - INFO - composites.py:241 -                           
2025-09-03 07:21:50,879 - INFO - composites.py:242 - Searching...
2025-09-03 07:21:51,331 - INFO - composites.py:245 - Query found 17 items
2025-09-03 07:21:51,331 - INFO - composites.py:247 - Searching for GRI REFINED scenes:
2025-09-03 07:21:57,359 - INFO - sentinel2.py:78 - 1/17 - S2B_MSIL2A_20250422T092029_R093_T34SFJ_20250422T121814 -> REFINED
2025-09-03 07:22:03,322 - INFO - sentinel2.py:78 - 2/17 - S2B_MSIL2A_20250422T092029_R093_T34SEJ_20250422T121814 -> REFINED
2025-09-03 07:22:09,626 - INFO - sentinel2.py:78 - 3/17 - S2A_MSIL2A_20250419T092231_R093_T34SFJ_20250419T122712 -> REFINED
2025-09-03 07:22:15,274 - INFO - sentinel2.py:78 - 4/17 - S2A_MSIL2A_20250419T092231_R093_T34SFH_20250419T122712 -> REFINED
2025-09-03 07:22:20,966 - INFO - sentinel2.py:78 - 5/17 - S2A_MSIL2A_20250419T092231_R093_T34SEJ_20250419T122712 -> REFINED
2025-09-03 07:22:27,229 - INFO - sentinel2.py:78 - 6/17 - S2A_MSIL2A_20250419T092231_R093_T34SEH_20250419T122712 -> REFINED
2025-09-03 07:22:33,390 - INFO - sentinel2.py:78 - 7/17 - S2C_MSIL2A_20250417T092051_R093_T34SFJ_20250417T150029 -> REFINED
2025-09-03 07:22:38,801 - INFO - sentinel2.py:78 - 8/17 - S2C_MSIL2A_20250417T092051_R093_T34SFH_20250417T150029 -> REFINED
2025-09-03 07:22:46,844 - INFO - sentinel2.py:78 - 9/17 - S2B_MSIL2A_20250412T092029_R093_T34SFJ_20250412T114858 -> REFINED
2025-09-03 07:22:52,872 - INFO - sentinel2.py:78 - 10/17 - S2B_MSIL2A_20250412T092029_R093_T34SFH_20250412T114858 -> REFINED
2025-09-03 07:22:58,084 - INFO - sentinel2.py:78 - 11/17 - S2B_MSIL2A_20250412T092029_R093_T34SEJ_20250412T114858 -> REFINED
2025-09-03 07:23:03,916 - INFO - sentinel2.py:78 - 12/17 - S2B_MSIL2A_20250412T092029_R093_T34SEH_20250412T114858 -> REFINED
2025-09-03 07:23:08,855 - INFO - sentinel2.py:78 - 13/17 - S2A_MSIL2A_20250409T092041_R093_T34SFJ_20250409T125513 -> REFINED
2025-09-03 07:23:14,507 - INFO - sentinel2.py:78 - 14/17 - S2A_MSIL2A_20250409T092041_R093_T34SEJ_20250409T125513 -> REFINED
2025-09-03 07:23:19,539 - INFO - sentinel2.py:78 - 15/17 - S2A_MSIL2A_20250409T092041_R093_T34SEH_20250409T125513 -> REFINED
2025-09-03 07:23:24,817 - INFO - sentinel2.py:78 - 16/17 - S2C_MSIL2A_20250407T092051_R093_T34SEH_20250407T152018 -> REFINED
2025-09-03 07:23:29,974 - INFO - sentinel2.py:78 - 17/17 - S2B_MSIL2A_20250402T092029_R093_T34SEH_20250402T133021 -> REFINED
2025-09-03 07:23:30,016 - INFO - composites.py:250 -                                  
2025-09-03 07:23:30,016 - INFO - composites.py:251 - 17/17 were refined by GRI.
2025-09-03 07:23:30,016 - INFO - composites.py:263 - Looking for up to 10 cleanest images within spatiotemporal range of each MGRS tile
2025-09-03 07:23:30,017 - INFO - composites.py:277 - Filtered cleanest scenes: Kept 17 out of 17 items. 
2025-09-03 07:23:30,017 - INFO - composites.py:278 -         Included MGRS Tiles: ['34SEH' '34SEJ' '34SFH' '34SFJ']
2025-09-03 07:23:30,017 - INFO - composites.py:279 -         Included EPSG codes: [32634]
2025-09-03 07:23:30,018 - INFO - composites.py:281 - Selected scenes:
2025-09-03 07:23:30,018 - INFO - composites.py:283 -         S2A_MSIL2A_20250419T092231_R093_T34SEH_20250419T122712
2025-09-03 07:23:30,034 - INFO - composites.py:283 -         S2C_MSIL2A_20250407T092051_R093_T34SEH_20250407T152018
2025-09-03 07:23:30,034 - INFO - composites.py:283 -         S2B_MSIL2A_20250412T092029_R093_T34SEH_20250412T114858
2025-09-03 07:23:30,034 - INFO - composites.py:283 -         S2A_MSIL2A_20250409T092041_R093_T34SEH_20250409T125513
2025-09-03 07:23:30,034 - INFO - composites.py:283 -         S2B_MSIL2A_20250402T092029_R093_T34SEH_20250402T133021
2025-09-03 07:23:30,040 - INFO - composites.py:283 -         S2A_MSIL2A_20250419T092231_R093_T34SEJ_20250419T122712
2025-09-03 07:23:30,040 - INFO - composites.py:283 -         S2B_MSIL2A_20250412T092029_R093_T34SEJ_20250412T114858
2025-09-03 07:23:30,049 - INFO - composites.py:283 -         S2B_MSIL2A_20250422T092029_R093_T34SEJ_20250422T121814
2025-09-03 07:23:30,049 - INFO - composites.py:283 -         S2A_MSIL2A_20250409T092041_R093_T34SEJ_20250409T125513
2025-09-03 07:23:30,050 - INFO - composites.py:283 -         S2A_MSIL2A_20250419T092231_R093_T34SFH_20250419T122712
2025-09-03 07:23:30,064 - INFO - composites.py:283 -         S2B_MSIL2A_20250412T092029_R093_T34SFH_20250412T114858
2025-09-03 07:23:30,064 - INFO - composites.py:283 -         S2C_MSIL2A_20250417T092051_R093_T34SFH_20250417T150029
2025-09-03 07:23:30,064 - INFO - composites.py:283 -         S2A_MSIL2A_20250419T092231_R093_T34SFJ_20250419T122712
2025-09-03 07:23:30,064 - INFO - composites.py:283 -         S2B_MSIL2A_20250412T092029_R093_T34SFJ_20250412T114858
2025-09-03 07:23:30,064 - INFO - composites.py:283 -         S2B_MSIL2A_20250422T092029_R093_T34SFJ_20250422T121814
2025-09-03 07:23:30,064 - INFO - composites.py:283 -         S2A_MSIL2A_20250409T092041_R093_T34SFJ_20250409T125513
2025-09-03 07:23:30,064 - INFO - composites.py:283 -         S2C_MSIL2A_20250417T092051_R093_T34SFJ_20250417T150029
2025-09-03 07:23:30,378 - INFO - sentinel2.py:154 - Matplotlib backend: Agg
2025-09-03 07:23:30,716 - INFO - sentinel2.py:224 - Write input scenes footprint overlay: //nas-rs.topo.auth.gr/Latomeia/DROUGHT/composites/x09/y12/2025/04/01/S2L2A_medcomp_x09y12_202504_InDataFootprint.jpeg
2025-09-03 07:23:30,915 - INFO - composites.py:297 -                                  
2025-09-03 07:23:30,915 - INFO - composites.py:298 - Downstream STAC items from Planetary Computer
2025-09-03 07:23:30,915 - INFO - timeseries_processing.py:115 -                                  
2025-09-03 07:23:30,915 - INFO - timeseries_processing.py:116 - Loading bands of diferent resolutions in EPSG:32634
2025-09-03 07:23:30,915 - INFO - timeseries_processing.py:120 -     Filtering items with native UTM EPSG:32634
2025-09-03 07:23:30,915 - INFO - timeseries_processing.py:122 -     17 Items in EPSG:32634
2025-09-03 07:23:30,915 - INFO - timeseries_processing.py:129 -                        
2025-09-03 07:23:30,915 - INFO - timeseries_processing.py:130 -     Loading parameters:
2025-09-03 07:23:30,915 - INFO - timeseries_processing.py:131 -         Bands: ['B05', 'B07', 'B8A', 'SCL']
2025-09-03 07:23:30,915 - INFO - timeseries_processing.py:132 -         Spatial resolution: 20
2025-09-03 07:23:30,915 - INFO - timeseries_processing.py:134 -         Get Assets from STAC Items
2025-09-03 07:23:30,916 - INFO - timeseries_processing.py:47 -         Initialize the STAC client
2025-09-03 07:23:31,438 - INFO - timeseries_processing.py:137 -         Loading 17 STAC Items....
2025-09-03 07:24:45,765 - INFO - timeseries_processing.py:146 -         Cube has been downloaded
2025-09-03 07:24:45,765 - INFO - timeseries_processing.py:156 -         Fix order of dimensions
2025-09-03 07:24:45,766 - INFO - timeseries_processing.py:161 -         Append bands to the band-list of EPSG:32634
2025-09-03 07:24:45,766 - INFO - timeseries_processing.py:129 -                        
2025-09-03 07:24:45,767 - INFO - timeseries_processing.py:130 -     Loading parameters:
2025-09-03 07:24:45,767 - INFO - timeseries_processing.py:131 -         Bands: ['B02', 'B03', 'B04']
2025-09-03 07:24:45,767 - INFO - timeseries_processing.py:132 -         Spatial resolution: 10
2025-09-03 07:24:45,767 - INFO - timeseries_processing.py:134 -         Get Assets from STAC Items
2025-09-03 07:24:45,768 - INFO - timeseries_processing.py:47 -         Initialize the STAC client
2025-09-03 07:24:46,316 - INFO - timeseries_processing.py:137 -         Loading 17 STAC Items....
2025-09-03 07:27:30,361 - INFO - timeseries_processing.py:146 -         Cube has been downloaded
2025-09-03 07:27:30,361 - INFO - timeseries_processing.py:149 -         Reproject to downsample 10m bands to 20m by Resampling.average 2x2 binning and shape matching with odc.geo.GeoBox
2025-09-03 07:27:40,349 - INFO - timeseries_processing.py:161 -         Append bands to the band-list of EPSG:32634
2025-09-03 07:27:40,349 - INFO - timeseries_processing.py:165 -                        
2025-09-03 07:27:40,349 - INFO - timeseries_processing.py:166 -     Merging bands in a single dataset
2025-09-03 07:27:40,349 - INFO - timeseries_processing.py:167 -     Ensure all partial datasets are at (x=20, y=-20) resolution
2025-09-03 07:27:40,349 - INFO - timeseries_processing.py:171 -     Clip to the intersection of indexes
2025-09-03 07:27:41,819 - INFO - timeseries_processing.py:180 -     Make a list of bands to merge
2025-09-03 07:27:41,819 - INFO - timeseries_processing.py:184 -     Merge on intersection
2025-09-03 07:27:41,820 - INFO - timeseries_processing.py:192 -     Apply masks on clouds, shadows, thin cirrus, and snow/ice
2025-09-03 07:27:41,820 - INFO - sentinel2.py:122 -                Masking bits: [3, 7, 8, 9, 10, 11]
2025-09-03 07:27:42,654 - INFO - composites.py:307 - Reproject from UTM Zone to Tile geometry -> CRS(EPSG:32634), Resampling.bilinear
2025-09-03 07:27:47,310 - INFO - composites.py:310 -     New shape of datasets: Shape2d(x=2400, y=2400)
2025-09-03 07:27:47,904 - INFO - composites.py:329 - Scale SR to Sen2Cor Baseline 4.00 - Subtract 1000 in dates post 2022-01-25
2025-09-03 07:27:48,938 - INFO - composites.py:342 - Creating preview plot of input scenes
2025-09-03 07:28:15,598 - INFO - timeseries_processing.py:349 - Saved preview for 'B04' to //nas-rs.topo.auth.gr/Latomeia/DROUGHT/composites/x09/y12/2025/04/01/S2L2A_medcomp_x09y12_202504_InDataPreview.jpeg
2025-09-03 07:28:15,626 - INFO - composites.py:348 - Clip value range
2025-09-03 07:28:16,963 - INFO - composites.py:353 -                           
2025-09-03 07:28:16,963 - INFO - composites.py:354 - Computing spectral indices:
2025-09-03 07:28:16,963 - INFO - composites.py:357 -     EVI...
2025-09-03 07:28:17,825 - INFO - composites.py:359 -     NDVI...
2025-09-03 07:28:18,137 - INFO - composites.py:361 -     PSRI2...
2025-09-03 07:28:18,319 - INFO - composites.py:364 - Clip to typical value range
2025-09-03 07:28:18,565 - INFO - composites.py:371 - Reducing to median value temporal composite
2025-09-03 07:28:42,834 - INFO - composites.py:390 - Scale and Define data types & nodata per band
2025-09-03 07:28:42,974 - INFO - composites.py:411 - Assign time range and tile ID in metadata
2025-09-03 07:28:42,975 - INFO - composites.py:419 - Write bands to raster COG files
2025-09-03 07:28:47,389 - INFO - composites.py:432 - Write B02 -> //nas-rs.topo.auth.gr/Latomeia/DROUGHT/composites/x09/y12/2025/04/01/S2L2A_medcomp_x09y12_202504_B02.tif
2025-09-03 07:28:51,257 - INFO - composites.py:432 - Write B03 -> //nas-rs.topo.auth.gr/Latomeia/DROUGHT/composites/x09/y12/2025/04/01/S2L2A_medcomp_x09y12_202504_B03.tif
2025-09-03 07:28:55,418 - INFO - composites.py:432 - Write B04 -> //nas-rs.topo.auth.gr/Latomeia/DROUGHT/composites/x09/y12/2025/04/01/S2L2A_medcomp_x09y12_202504_B04.tif
2025-09-03 07:28:59,359 - INFO - composites.py:432 - Write B05 -> //nas-rs.topo.auth.gr/Latomeia/DROUGHT/composites/x09/y12/2025/04/01/S2L2A_medcomp_x09y12_202504_B05.tif
2025-09-03 07:29:03,236 - INFO - composites.py:432 - Write B07 -> //nas-rs.topo.auth.gr/Latomeia/DROUGHT/composites/x09/y12/2025/04/01/S2L2A_medcomp_x09y12_202504_B07.tif
2025-09-03 07:29:07,100 - INFO - composites.py:432 - Write B8A -> //nas-rs.topo.auth.gr/Latomeia/DROUGHT/composites/x09/y12/2025/04/01/S2L2A_medcomp_x09y12_202504_B8A.tif
2025-09-03 07:29:10,862 - INFO - composites.py:432 - Write EVI -> //nas-rs.topo.auth.gr/Latomeia/DROUGHT/composites/x09/y12/2025/04/01/S2L2A_medcomp_x09y12_202504_EVI.tif
2025-09-03 07:29:14,899 - INFO - composites.py:432 - Write NDVI -> //nas-rs.topo.auth.gr/Latomeia/DROUGHT/composites/x09/y12/2025/04/01/S2L2A_medcomp_x09y12_202504_NDVI.tif
2025-09-03 07:29:18,669 - INFO - composites.py:432 - Write PSRI2 -> //nas-rs.topo.auth.gr/Latomeia/DROUGHT/composites/x09/y12/2025/04/01/S2L2A_medcomp_x09y12_202504_PSRI2.tif
2025-09-03 07:29:18,688 - INFO - composites.py:436 - Prepare metadata YAML document
2025-09-03 07:29:19,185 - INFO - composites.py:458 - Write metadata YAML document to disk
2025-09-03 07:29:19,221 - INFO - composites.py:463 - Create datacube.model.Dataset from eo3 metadata
2025-09-03 07:29:19,231 - INFO - composites.py:476 - Index to datacube
2025-09-03 07:29:19,231 - INFO - _datasets.py:191 - Indexing e8a5d302-46cc-4475-b5c5-4f6a1897bfac
2025-09-03 07:29:19,241 - INFO - composites.py:479 - 
2025-09-03 07:29:19,241 - INFO - composites.py:480 -              ✔✔✔ COMPLETED: Tile x09_y12 | Time: 2025-04 | In 7.58 minutes
2025-09-03 07:29:19,241 - INFO - composites.py:481 - 
2025-09-03 07:29:19,241 - INFO - composites.py:489 - Closing Dask client
2025-09-03 07:29:19,243 - INFO - composites.py:493 - Closing Dask cluster
2025-09-03 07:29:19,243 - INFO - composites.py:494 - #######################################################################
