2025-09-01 06:33:48,247 - INFO - composites.py:102 - #######################################################################
2025-09-01 06:33:48,248 - INFO - composites.py:104 - Processing started
2025-09-01 06:33:48,248 - INFO - composites.py:105 -         Tile: x09_y10
2025-09-01 06:33:48,248 - INFO - composites.py:106 -         Time: 2023-11
2025-09-01 06:33:48,248 - INFO - composites.py:109 -                           
2025-09-01 06:33:48,248 - INFO - composites.py:110 - Establishing connection to datacube
2025-09-01 06:33:48,758 - INFO - composites.py:113 -                           
2025-09-01 06:33:48,758 - INFO - composites.py:114 - Sanity test: Check if dataset already exists in the datacube
2025-09-01 06:33:48,778 - INFO - composites.py:133 - The composite requested was not found and it will be computed
2025-09-01 06:33:48,779 - INFO - composites.py:136 -                                  
2025-09-01 06:33:48,779 - INFO - composites.py:137 - Initializing Dask cluster for parallelization
2025-09-01 06:33:53,699 - INFO - composites.py:161 - Dask dashboard is available at: http://127.0.0.1:8787/status
2025-09-01 06:33:53,699 - INFO - composites.py:164 - Create directories and naming conversions
2025-09-01 06:33:53,710 - INFO - composites.py:177 - Dataset location: //nas-rs.topo.auth.gr/Latomeia/DROUGHT/composites/x09/y10/2023/11/01
2025-09-01 06:33:53,710 - INFO - composites.py:180 -                           
2025-09-01 06:33:53,710 - INFO - composites.py:181 - Retrieve tile geometry
2025-09-01 06:33:53,738 - INFO - composites.py:192 - Create the Bounding Box (φ,λ)
2025-09-01 06:33:53,738 - INFO - composites.py:198 - Create the Bounding Box (x,y)
2025-09-01 06:33:53,738 - INFO - composites.py:211 -                           
2025-09-01 06:33:53,738 - INFO - composites.py:212 - Connect to Planetary Computer STAC Catalog
2025-09-01 06:33:53,994 - INFO - composites.py:220 - Search the STAC Catalog
2025-09-01 06:33:54,062 - INFO - composites.py:232 -         Query parameters:
2025-09-01 06:33:54,062 - INFO - composites.py:233 -             url:          https://planetarycomputer.microsoft.com/api/stac/v1/search
2025-09-01 06:33:54,062 - INFO - composites.py:234 -             client:       microsoft-pc
2025-09-01 06:33:54,062 - INFO - composites.py:235 -             collection:   sentinel-2-l2a
2025-09-01 06:33:54,062 - INFO - composites.py:236 -             bbox:         (21.934886085480986, 37.792474572166405, 22.60144615074973, 38.34135632905737)
2025-09-01 06:33:54,062 - INFO - composites.py:237 -             time range:   2023-11-01T00:00:00Z/2023-11-30T23:59:59Z
2025-09-01 06:33:54,062 - INFO - composites.py:238 -             cloud cover:  0% - 70%
2025-09-01 06:33:54,062 - INFO - composites.py:239 -             nodata cover: 0% - 33%
2025-09-01 06:33:54,062 - INFO - composites.py:241 -                           
2025-09-01 06:33:54,062 - INFO - composites.py:242 - Searching...
2025-09-01 06:33:54,576 - INFO - composites.py:245 - Query found 34 items
2025-09-01 06:33:54,576 - INFO - composites.py:247 - Searching for GRI REFINED scenes:
2025-09-01 06:33:57,994 - INFO - sentinel2.py:78 - 1/34 - S2B_MSIL2A_20231129T092239_R093_T34SFH_20241110T221044 -> REFINED
2025-09-01 06:34:02,417 - INFO - sentinel2.py:78 - 2/34 - S2B_MSIL2A_20231129T092239_R093_T34SFH_20231129T121512 -> REFINED
2025-09-01 06:34:06,706 - INFO - sentinel2.py:78 - 3/34 - S2B_MSIL2A_20231126T091219_R050_T34SFG_20241031T052659 -> REFINED
2025-09-01 06:34:10,003 - INFO - sentinel2.py:78 - 4/34 - S2B_MSIL2A_20231126T091219_R050_T34SFG_20231126T122725 -> REFINED
2025-09-01 06:34:13,904 - INFO - sentinel2.py:78 - 5/34 - S2A_MSIL2A_20231124T092311_R093_T34SFG_20241029T055108 -> REFINED
2025-09-01 06:34:17,538 - INFO - sentinel2.py:78 - 6/34 - S2A_MSIL2A_20231124T092311_R093_T34SFG_20231124T152159 -> REFINED
2025-09-01 06:34:23,212 - INFO - sentinel2.py:78 - 7/34 - S2A_MSIL2A_20231124T092311_R093_T34SEH_20241029T055108 -> REFINED
2025-09-01 06:34:26,574 - INFO - sentinel2.py:78 - 8/34 - S2A_MSIL2A_20231124T092311_R093_T34SEH_20231124T152211 -> REFINED
2025-09-01 06:34:30,439 - INFO - sentinel2.py:78 - 9/34 - S2A_MSIL2A_20231124T092311_R093_T34SEG_20241029T055108 -> REFINED
2025-09-01 06:34:34,987 - INFO - sentinel2.py:78 - 10/34 - S2A_MSIL2A_20231124T092311_R093_T34SEG_20231124T152201 -> REFINED
2025-09-01 06:34:38,325 - INFO - sentinel2.py:78 - 11/34 - S2B_MSIL2A_20231119T092159_R093_T34SFH_20231119T124209 -> REFINED
2025-09-01 06:34:42,069 - INFO - sentinel2.py:78 - 12/34 - S2B_MSIL2A_20231119T092159_R093_T34SFG_20241103T010102 -> REFINED
2025-09-01 06:34:45,822 - INFO - sentinel2.py:78 - 13/34 - S2B_MSIL2A_20231119T092159_R093_T34SFG_20231119T124204 -> REFINED
2025-09-01 06:34:49,124 - INFO - sentinel2.py:78 - 14/34 - S2B_MSIL2A_20231119T092159_R093_T34SEH_20231119T124205 -> REFINED
2025-09-01 06:34:52,681 - INFO - sentinel2.py:78 - 15/34 - S2B_MSIL2A_20231119T092159_R093_T34SEG_20231119T124210 -> REFINED
2025-09-01 06:34:56,479 - INFO - sentinel2.py:78 - 16/34 - S2B_MSIL2A_20231116T091149_R050_T34SFG_20241103T043642 -> REFINED
2025-09-01 06:34:59,914 - INFO - sentinel2.py:78 - 17/34 - S2B_MSIL2A_20231116T091149_R050_T34SFG_20231116T121106 -> REFINED
2025-09-01 06:35:04,262 - INFO - sentinel2.py:78 - 18/34 - S2A_MSIL2A_20231114T092231_R093_T34SFH_20231114T152832 -> REFINED
2025-09-01 06:35:07,630 - INFO - sentinel2.py:78 - 19/34 - S2A_MSIL2A_20231114T092231_R093_T34SFG_20231114T152840 -> REFINED
2025-09-01 06:35:10,965 - INFO - sentinel2.py:78 - 20/34 - S2A_MSIL2A_20231114T092231_R093_T34SEH_20231114T152841 -> REFINED
2025-09-01 06:35:15,254 - INFO - sentinel2.py:78 - 21/34 - S2A_MSIL2A_20231114T092231_R093_T34SEG_20241102T174538 -> REFINED
2025-09-01 06:35:19,268 - INFO - sentinel2.py:78 - 22/34 - S2A_MSIL2A_20231114T092231_R093_T34SEG_20231114T152835 -> REFINED
2025-09-01 06:35:22,514 - INFO - sentinel2.py:78 - 23/34 - S2B_MSIL2A_20231109T092119_R093_T34SFH_20241109T182729 -> REFINED
2025-09-01 06:35:26,844 - INFO - sentinel2.py:78 - 24/34 - S2B_MSIL2A_20231109T092119_R093_T34SFH_20231109T142013 -> REFINED
2025-09-01 06:35:31,192 - INFO - sentinel2.py:78 - 25/34 - S2B_MSIL2A_20231109T092119_R093_T34SFG_20241109T182729 -> REFINED
2025-09-01 06:35:34,856 - INFO - sentinel2.py:78 - 26/34 - S2B_MSIL2A_20231109T092119_R093_T34SFG_20231109T130356 -> REFINED
2025-09-01 06:35:38,987 - INFO - sentinel2.py:78 - 27/34 - S2B_MSIL2A_20231109T092119_R093_T34SEH_20241109T182729 -> REFINED
2025-09-01 06:35:43,420 - INFO - sentinel2.py:78 - 28/34 - S2B_MSIL2A_20231109T092119_R093_T34SEH_20231109T130402 -> REFINED
2025-09-01 06:35:47,768 - INFO - sentinel2.py:78 - 29/34 - S2B_MSIL2A_20231109T092119_R093_T34SEG_20241109T182729 -> REFINED
2025-09-01 06:35:51,120 - INFO - sentinel2.py:78 - 30/34 - S2B_MSIL2A_20231109T092119_R093_T34SEG_20231109T130358 -> REFINED
2025-09-01 06:35:55,190 - INFO - sentinel2.py:78 - 31/34 - S2B_MSIL2A_20231106T091059_R050_T34SFG_20241031T071212 -> REFINED
2025-09-01 06:35:59,183 - INFO - sentinel2.py:78 - 32/34 - S2B_MSIL2A_20231106T091059_R050_T34SFG_20231106T131140 -> REFINED
2025-09-01 06:36:03,654 - INFO - sentinel2.py:78 - 33/34 - S2A_MSIL2A_20231101T091121_R050_T34SFG_20241028T143242 -> REFINED
2025-09-01 06:36:09,379 - INFO - sentinel2.py:78 - 34/34 - S2A_MSIL2A_20231101T091121_R050_T34SFG_20231101T143949 -> REFINED
2025-09-01 06:36:09,434 - INFO - composites.py:250 -                                  
2025-09-01 06:36:09,434 - INFO - composites.py:251 - 34/34 were refined by GRI.
2025-09-01 06:36:09,434 - INFO - composites.py:263 - Looking for up to 10 cleanest images within spatiotemporal range of each MGRS tile
2025-09-01 06:36:09,435 - INFO - composites.py:277 - Filtered cleanest scenes: Kept 29 out of 34 items. 
2025-09-01 06:36:09,435 - INFO - composites.py:278 -         Included MGRS Tiles: ['34SEG' '34SEH' '34SFG' '34SFH']
2025-09-01 06:36:09,435 - INFO - composites.py:279 -         Included EPSG codes: [32634]
2025-09-01 06:36:09,436 - INFO - composites.py:281 - Selected scenes:
2025-09-01 06:36:09,436 - INFO - composites.py:283 -         S2B_MSIL2A_20231119T092159_R093_T34SEG_20231119T124210
2025-09-01 06:36:09,436 - INFO - composites.py:283 -         S2B_MSIL2A_20231109T092119_R093_T34SEG_20241109T182729
2025-09-01 06:36:09,436 - INFO - composites.py:283 -         S2B_MSIL2A_20231109T092119_R093_T34SEG_20231109T130358
2025-09-01 06:36:09,436 - INFO - composites.py:283 -         S2A_MSIL2A_20231114T092231_R093_T34SEG_20241102T174538
2025-09-01 06:36:09,436 - INFO - composites.py:283 -         S2A_MSIL2A_20231114T092231_R093_T34SEG_20231114T152835
2025-09-01 06:36:09,438 - INFO - composites.py:283 -         S2A_MSIL2A_20231124T092311_R093_T34SEG_20241029T055108
2025-09-01 06:36:09,438 - INFO - composites.py:283 -         S2A_MSIL2A_20231124T092311_R093_T34SEG_20231124T152201
2025-09-01 06:36:09,438 - INFO - composites.py:283 -         S2B_MSIL2A_20231119T092159_R093_T34SEH_20231119T124205
2025-09-01 06:36:09,438 - INFO - composites.py:283 -         S2B_MSIL2A_20231109T092119_R093_T34SEH_20241109T182729
2025-09-01 06:36:09,438 - INFO - composites.py:283 -         S2B_MSIL2A_20231109T092119_R093_T34SEH_20231109T130402
2025-09-01 06:36:09,438 - INFO - composites.py:283 -         S2A_MSIL2A_20231114T092231_R093_T34SEH_20231114T152841
2025-09-01 06:36:09,438 - INFO - composites.py:283 -         S2A_MSIL2A_20231124T092311_R093_T34SEH_20241029T055108
2025-09-01 06:36:09,438 - INFO - composites.py:283 -         S2A_MSIL2A_20231124T092311_R093_T34SEH_20231124T152211
2025-09-01 06:36:09,438 - INFO - composites.py:283 -         S2B_MSIL2A_20231119T092159_R093_T34SFG_20241103T010102
2025-09-01 06:36:09,438 - INFO - composites.py:283 -         S2B_MSIL2A_20231119T092159_R093_T34SFG_20231119T124204
2025-09-01 06:36:09,438 - INFO - composites.py:283 -         S2B_MSIL2A_20231106T091059_R050_T34SFG_20241031T071212
2025-09-01 06:36:09,438 - INFO - composites.py:283 -         S2B_MSIL2A_20231106T091059_R050_T34SFG_20231106T131140
2025-09-01 06:36:09,438 - INFO - composites.py:283 -         S2B_MSIL2A_20231116T091149_R050_T34SFG_20231116T121106
2025-09-01 06:36:09,438 - INFO - composites.py:283 -         S2B_MSIL2A_20231116T091149_R050_T34SFG_20241103T043642
2025-09-01 06:36:09,438 - INFO - composites.py:283 -         S2A_MSIL2A_20231114T092231_R093_T34SFG_20231114T152840
2025-09-01 06:36:09,438 - INFO - composites.py:283 -         S2B_MSIL2A_20231126T091219_R050_T34SFG_20241031T052659
2025-09-01 06:36:09,438 - INFO - composites.py:283 -         S2B_MSIL2A_20231126T091219_R050_T34SFG_20231126T122725
2025-09-01 06:36:09,438 - INFO - composites.py:283 -         S2B_MSIL2A_20231109T092119_R093_T34SFG_20241109T182729
2025-09-01 06:36:09,438 - INFO - composites.py:283 -         S2B_MSIL2A_20231119T092159_R093_T34SFH_20231119T124209
2025-09-01 06:36:09,438 - INFO - composites.py:283 -         S2A_MSIL2A_20231114T092231_R093_T34SFH_20231114T152832
2025-09-01 06:36:09,438 - INFO - composites.py:283 -         S2B_MSIL2A_20231129T092239_R093_T34SFH_20231129T121512
2025-09-01 06:36:09,438 - INFO - composites.py:283 -         S2B_MSIL2A_20231129T092239_R093_T34SFH_20241110T221044
2025-09-01 06:36:09,438 - INFO - composites.py:283 -         S2B_MSIL2A_20231109T092119_R093_T34SFH_20231109T142013
2025-09-01 06:36:09,438 - INFO - composites.py:283 -         S2B_MSIL2A_20231109T092119_R093_T34SFH_20241109T182729
2025-09-01 06:36:09,896 - INFO - sentinel2.py:154 - Matplotlib backend: Agg
2025-09-01 06:36:10,146 - INFO - sentinel2.py:224 - Write input scenes footprint overlay: //nas-rs.topo.auth.gr/Latomeia/DROUGHT/composites/x09/y10/2023/11/01/S2L2A_medcomp_x09y10_202311_InDataFootprint.jpeg
2025-09-01 06:36:10,406 - INFO - composites.py:297 -                                  
2025-09-01 06:36:10,406 - INFO - composites.py:298 - Downstream STAC items from Planetary Computer
2025-09-01 06:36:10,406 - INFO - timeseries_processing.py:115 -                                  
2025-09-01 06:36:10,406 - INFO - timeseries_processing.py:116 - Loading bands of diferent resolutions in EPSG:32634
2025-09-01 06:36:10,406 - INFO - timeseries_processing.py:120 -     Filtering items with native UTM EPSG:32634
2025-09-01 06:36:10,406 - INFO - timeseries_processing.py:122 -     29 Items in EPSG:32634
2025-09-01 06:36:10,406 - INFO - timeseries_processing.py:129 -                        
2025-09-01 06:36:10,406 - INFO - timeseries_processing.py:130 -     Loading parameters:
2025-09-01 06:36:10,406 - INFO - timeseries_processing.py:131 -         Bands: ['B05', 'B07', 'B8A', 'SCL']
2025-09-01 06:36:10,406 - INFO - timeseries_processing.py:132 -         Spatial resolution: 20
2025-09-01 06:36:10,408 - INFO - timeseries_processing.py:134 -         Get Assets from STAC Items
2025-09-01 06:36:10,408 - INFO - timeseries_processing.py:47 -         Initialize the STAC client
2025-09-01 06:36:11,348 - INFO - timeseries_processing.py:137 -         Loading 29 STAC Items....
2025-09-01 06:37:30,156 - INFO - timeseries_processing.py:146 -         Cube has been downloaded
2025-09-01 06:37:30,156 - INFO - timeseries_processing.py:156 -         Fix order of dimensions
2025-09-01 06:37:30,158 - INFO - timeseries_processing.py:161 -         Append bands to the band-list of EPSG:32634
2025-09-01 06:37:30,158 - INFO - timeseries_processing.py:129 -                        
2025-09-01 06:37:30,158 - INFO - timeseries_processing.py:130 -     Loading parameters:
2025-09-01 06:37:30,158 - INFO - timeseries_processing.py:131 -         Bands: ['B02', 'B03', 'B04']
2025-09-01 06:37:30,158 - INFO - timeseries_processing.py:132 -         Spatial resolution: 10
2025-09-01 06:37:30,159 - INFO - timeseries_processing.py:134 -         Get Assets from STAC Items
2025-09-01 06:37:30,159 - INFO - timeseries_processing.py:47 -         Initialize the STAC client
2025-09-01 06:37:30,961 - INFO - timeseries_processing.py:137 -         Loading 29 STAC Items....
2025-09-01 06:40:17,934 - INFO - timeseries_processing.py:146 -         Cube has been downloaded
2025-09-01 06:40:17,936 - INFO - timeseries_processing.py:149 -         Reproject to downsample 10m bands to 20m by Resampling.average 2x2 binning and shape matching with odc.geo.GeoBox
2025-09-01 06:40:28,591 - INFO - timeseries_processing.py:161 -         Append bands to the band-list of EPSG:32634
2025-09-01 06:40:28,591 - INFO - timeseries_processing.py:165 -                        
2025-09-01 06:40:28,591 - INFO - timeseries_processing.py:166 -     Merging bands in a single dataset
2025-09-01 06:40:28,591 - INFO - timeseries_processing.py:167 -     Ensure all partial datasets are at (x=20, y=-20) resolution
2025-09-01 06:40:28,592 - INFO - timeseries_processing.py:171 -     Clip to the intersection of indexes
2025-09-01 06:40:29,581 - INFO - timeseries_processing.py:180 -     Make a list of bands to merge
2025-09-01 06:40:29,581 - INFO - timeseries_processing.py:184 -     Merge on intersection
2025-09-01 06:40:29,582 - INFO - timeseries_processing.py:192 -     Apply masks on clouds, shadows, thin cirrus, and snow/ice
2025-09-01 06:40:29,582 - INFO - sentinel2.py:122 -                Masking bits: [3, 7, 8, 9, 10, 11]
2025-09-01 06:40:30,540 - INFO - composites.py:307 - Reproject from UTM Zone to Tile geometry -> CRS(EPSG:32634), Resampling.bilinear
2025-09-01 06:40:35,797 - INFO - composites.py:310 -     New shape of datasets: Shape2d(x=2400, y=2400)
2025-09-01 06:40:36,449 - INFO - composites.py:329 - Scale SR to Sen2Cor Baseline 4.00 - Subtract 1000 in dates post 2022-01-25
2025-09-01 06:40:37,754 - INFO - composites.py:342 - Creating preview plot of input scenes
2025-09-01 06:41:06,180 - INFO - timeseries_processing.py:349 - Saved preview for 'B04' to //nas-rs.topo.auth.gr/Latomeia/DROUGHT/composites/x09/y10/2023/11/01/S2L2A_medcomp_x09y10_202311_InDataPreview.jpeg
2025-09-01 06:41:06,200 - INFO - composites.py:348 - Clip value range
2025-09-01 06:41:07,719 - INFO - composites.py:353 -                           
2025-09-01 06:41:07,719 - INFO - composites.py:354 - Computing spectral indices:
2025-09-01 06:41:07,732 - INFO - composites.py:357 -     EVI...
2025-09-01 06:41:08,728 - INFO - composites.py:359 -     NDVI...
2025-09-01 06:41:09,128 - INFO - composites.py:361 -     PSRI2...
2025-09-01 06:41:09,346 - INFO - composites.py:364 - Clip to typical value range
2025-09-01 06:41:09,608 - INFO - composites.py:371 - Reducing to median value temporal composite
2025-09-01 06:41:35,461 - INFO - composites.py:390 - Scale and Define data types & nodata per band
2025-09-01 06:41:35,578 - INFO - composites.py:411 - Assign time range and tile ID in metadata
2025-09-01 06:41:35,578 - INFO - composites.py:419 - Write bands to raster COG files
2025-09-01 06:41:39,497 - INFO - composites.py:432 - Write B02 -> //nas-rs.topo.auth.gr/Latomeia/DROUGHT/composites/x09/y10/2023/11/01/S2L2A_medcomp_x09y10_202311_B02.tif
2025-09-01 06:41:43,348 - INFO - composites.py:432 - Write B03 -> //nas-rs.topo.auth.gr/Latomeia/DROUGHT/composites/x09/y10/2023/11/01/S2L2A_medcomp_x09y10_202311_B03.tif
2025-09-01 06:41:47,271 - INFO - composites.py:432 - Write B04 -> //nas-rs.topo.auth.gr/Latomeia/DROUGHT/composites/x09/y10/2023/11/01/S2L2A_medcomp_x09y10_202311_B04.tif
2025-09-01 06:41:51,176 - INFO - composites.py:432 - Write B05 -> //nas-rs.topo.auth.gr/Latomeia/DROUGHT/composites/x09/y10/2023/11/01/S2L2A_medcomp_x09y10_202311_B05.tif
2025-09-01 06:41:55,084 - INFO - composites.py:432 - Write B07 -> //nas-rs.topo.auth.gr/Latomeia/DROUGHT/composites/x09/y10/2023/11/01/S2L2A_medcomp_x09y10_202311_B07.tif
2025-09-01 06:41:59,218 - INFO - composites.py:432 - Write B8A -> //nas-rs.topo.auth.gr/Latomeia/DROUGHT/composites/x09/y10/2023/11/01/S2L2A_medcomp_x09y10_202311_B8A.tif
2025-09-01 06:42:04,113 - INFO - composites.py:432 - Write EVI -> //nas-rs.topo.auth.gr/Latomeia/DROUGHT/composites/x09/y10/2023/11/01/S2L2A_medcomp_x09y10_202311_EVI.tif
2025-09-01 06:42:09,025 - INFO - composites.py:432 - Write NDVI -> //nas-rs.topo.auth.gr/Latomeia/DROUGHT/composites/x09/y10/2023/11/01/S2L2A_medcomp_x09y10_202311_NDVI.tif
2025-09-01 06:42:13,127 - INFO - composites.py:432 - Write PSRI2 -> //nas-rs.topo.auth.gr/Latomeia/DROUGHT/composites/x09/y10/2023/11/01/S2L2A_medcomp_x09y10_202311_PSRI2.tif
2025-09-01 06:42:13,133 - INFO - composites.py:436 - Prepare metadata YAML document
2025-09-01 06:42:13,750 - INFO - composites.py:458 - Write metadata YAML document to disk
2025-09-01 06:42:13,816 - INFO - composites.py:463 - Create datacube.model.Dataset from eo3 metadata
2025-09-01 06:42:13,826 - INFO - composites.py:476 - Index to datacube
2025-09-01 06:42:13,826 - INFO - _datasets.py:191 - Indexing 5bf934a1-bb8a-4768-9b4c-4cb338a7ef3a
2025-09-01 06:42:13,834 - INFO - composites.py:479 - 
2025-09-01 06:42:13,834 - INFO - composites.py:480 -              ✔✔✔ COMPLETED: Tile x09_y10 | Time: 2023-11 | In 8.43 minutes
2025-09-01 06:42:13,834 - INFO - composites.py:481 - 
2025-09-01 06:42:13,834 - INFO - composites.py:489 - Closing Dask client
2025-09-01 06:42:13,836 - INFO - composites.py:493 - Closing Dask cluster
2025-09-01 06:42:13,836 - INFO - composites.py:494 - #######################################################################
