2025-12-01 00:56:18,687 - INFO - composites.py:102 - #######################################################################
2025-12-01 00:56:18,687 - INFO - composites.py:104 - Processing started
2025-12-01 00:56:18,687 - INFO - composites.py:105 -         Tile: x07_y11
2025-12-01 00:56:18,687 - INFO - composites.py:106 -         Time: 2023-01
2025-12-01 00:56:18,687 - INFO - composites.py:109 -                           
2025-12-01 00:56:18,687 - INFO - composites.py:110 - Establishing connection to datacube
2025-12-01 00:56:19,237 - INFO - composites.py:113 -                           
2025-12-01 00:56:19,237 - INFO - composites.py:114 - Sanity test: Check if dataset already exists in the datacube
2025-12-01 00:56:19,257 - INFO - composites.py:133 - The composite requested was not found and it will be computed
2025-12-01 00:56:19,257 - INFO - composites.py:136 -                                  
2025-12-01 00:56:19,257 - INFO - composites.py:137 - Initializing Dask cluster for parallelization
2025-12-01 00:56:24,254 - INFO - composites.py:161 - Dask dashboard is available at: http://127.0.0.1:8787/status
2025-12-01 00:56:24,254 - INFO - composites.py:164 - Create directories and naming conversions
2025-12-01 00:56:24,270 - INFO - composites.py:177 - Dataset location: //nas-rs.topo.auth.gr/Latomeia/DROUGHT/composites/x07/y11/2023/01/01
2025-12-01 00:56:24,270 - INFO - composites.py:180 -                           
2025-12-01 00:56:24,270 - INFO - composites.py:181 - Retrieve tile geometry
2025-12-01 00:56:24,297 - INFO - composites.py:192 - Create the Bounding Box (φ,λ)
2025-12-01 00:56:24,297 - INFO - composites.py:198 - Create the Bounding Box (x,y)
2025-12-01 00:56:24,297 - INFO - composites.py:211 -                           
2025-12-01 00:56:24,297 - INFO - composites.py:212 - Connect to Planetary Computer STAC Catalog
2025-12-01 00:56:24,613 - INFO - composites.py:220 - Search the STAC Catalog
2025-12-01 00:56:24,680 - INFO - composites.py:232 -         Query parameters:
2025-12-01 00:56:24,680 - INFO - composites.py:233 -             url:          https://planetarycomputer.microsoft.com/api/stac/v1/search
2025-12-01 00:56:24,680 - INFO - composites.py:234 -             client:       microsoft-pc
2025-12-01 00:56:24,682 - INFO - composites.py:235 -             collection:   sentinel-2-l2a
2025-12-01 00:56:24,682 - INFO - composites.py:236 -             bbox:         (20.928573606105775, 38.35819969704171, 21.59502923200265, 38.902149455513275)
2025-12-01 00:56:24,682 - INFO - composites.py:237 -             time range:   2023-01-01T00:00:00Z/2023-01-31T23:59:59Z
2025-12-01 00:56:24,682 - INFO - composites.py:238 -             cloud cover:  0% - 70%
2025-12-01 00:56:24,682 - INFO - composites.py:239 -             nodata cover: 0% - 33%
2025-12-01 00:56:24,682 - INFO - composites.py:241 -                           
2025-12-01 00:56:24,682 - INFO - composites.py:242 - Searching...
2025-12-01 00:56:25,269 - INFO - composites.py:245 - Query found 25 items
2025-12-01 00:56:25,269 - INFO - composites.py:247 - Searching for GRI REFINED scenes:
2025-12-01 00:56:31,368 - INFO - sentinel2.py:78 - 1/25 - S2A_MSIL2A_20230128T092241_R093_T34SEJ_20230129T223523 -> REFINED
2025-12-01 00:56:36,331 - INFO - sentinel2.py:78 - 2/25 - S2A_MSIL2A_20230128T092241_R093_T34SEH_20230129T213708 -> REFINED
2025-12-01 00:56:41,943 - INFO - sentinel2.py:78 - 3/25 - S2A_MSIL2A_20230128T092241_R093_T34SDH_20230129T222534 -> REFINED
2025-12-01 00:56:47,631 - INFO - sentinel2.py:78 - 4/25 - S2B_MSIL2A_20230126T093159_R136_T34SDJ_20230127T103740 -> REFINED
2025-12-01 00:56:53,179 - INFO - sentinel2.py:78 - 5/25 - S2B_MSIL2A_20230126T093159_R136_T34SDH_20230127T120708 -> REFINED
2025-12-01 00:56:58,137 - INFO - sentinel2.py:78 - 6/25 - S2A_MSIL2A_20230118T092321_R093_T34SEJ_20230120T060603 -> REFINED
2025-12-01 00:57:03,292 - INFO - sentinel2.py:78 - 7/25 - S2A_MSIL2A_20230118T092321_R093_T34SEH_20230120T052515 -> REFINED
2025-12-01 00:57:08,422 - INFO - sentinel2.py:78 - 8/25 - S2A_MSIL2A_20230118T092321_R093_T34SDH_20230120T071910 -> REFINED
2025-12-01 00:57:14,879 - INFO - sentinel2.py:78 - 9/25 - S2B_MSIL2A_20230113T092239_R093_T34SEJ_20230113T234632 -> REFINED
2025-12-01 00:57:20,673 - INFO - sentinel2.py:78 - 10/25 - S2B_MSIL2A_20230113T092239_R093_T34SEH_20230114T000010 -> REFINED
2025-12-01 00:57:26,150 - INFO - sentinel2.py:78 - 11/25 - S2B_MSIL2A_20230113T092239_R093_T34SDH_20230113T230510 -> REFINED
2025-12-01 00:57:31,691 - INFO - sentinel2.py:78 - 12/25 - S2A_MSIL2A_20230111T093351_R136_T34SDH_20230112T034939 -> REFINED
2025-12-01 00:57:37,441 - INFO - sentinel2.py:78 - 13/25 - S2A_MSIL2A_20230108T092351_R093_T34SEJ_20240812T095616 -> REFINED
2025-12-01 00:57:43,576 - INFO - sentinel2.py:78 - 14/25 - S2A_MSIL2A_20230108T092351_R093_T34SEJ_20230109T024034 -> REFINED
2025-12-01 00:57:49,768 - INFO - sentinel2.py:78 - 15/25 - S2A_MSIL2A_20230108T092351_R093_T34SEH_20240812T095616 -> REFINED
2025-12-01 00:57:55,712 - INFO - sentinel2.py:78 - 16/25 - S2A_MSIL2A_20230108T092351_R093_T34SEH_20230109T021014 -> REFINED
2025-12-01 00:58:00,790 - INFO - sentinel2.py:78 - 17/25 - S2A_MSIL2A_20230108T092351_R093_T34SDH_20240812T095616 -> REFINED
2025-12-01 00:58:06,069 - INFO - sentinel2.py:78 - 18/25 - S2A_MSIL2A_20230108T092351_R093_T34SDH_20230109T031029 -> REFINED
2025-12-01 00:58:11,741 - INFO - sentinel2.py:78 - 19/25 - S2B_MSIL2A_20230106T093259_R136_T34SDJ_20230106T225923 -> REFINED
2025-12-01 00:58:17,675 - INFO - sentinel2.py:78 - 20/25 - S2B_MSIL2A_20230106T093259_R136_T34SDH_20230106T222531 -> REFINED
2025-12-01 00:58:22,999 - INFO - sentinel2.py:78 - 21/25 - S2B_MSIL2A_20230103T092309_R093_T34SEJ_20230103T214111 -> REFINED
2025-12-01 00:58:28,661 - INFO - sentinel2.py:78 - 22/25 - S2B_MSIL2A_20230103T092309_R093_T34SEH_20230103T203306 -> REFINED
2025-12-01 00:58:35,223 - INFO - sentinel2.py:78 - 23/25 - S2B_MSIL2A_20230103T092309_R093_T34SDH_20230103T205441 -> REFINED
2025-12-01 00:58:40,956 - INFO - sentinel2.py:78 - 24/25 - S2A_MSIL2A_20230101T093411_R136_T34SDJ_20230102T010252 -> REFINED
2025-12-01 00:58:46,532 - INFO - sentinel2.py:78 - 25/25 - S2A_MSIL2A_20230101T093411_R136_T34SDH_20230102T002234 -> REFINED
2025-12-01 00:58:46,579 - INFO - composites.py:250 -                                  
2025-12-01 00:58:46,579 - INFO - composites.py:251 - 25/25 were refined by GRI.
2025-12-01 00:58:46,579 - INFO - composites.py:263 - Looking for up to 7 cleanest images within spatiotemporal range of each MGRS tile
2025-12-01 00:58:46,580 - INFO - composites.py:277 - Filtered cleanest scenes: Kept 22 out of 25 items. 
2025-12-01 00:58:46,580 - INFO - composites.py:278 -         Included MGRS Tiles: ['34SDH' '34SDJ' '34SEH' '34SEJ']
2025-12-01 00:58:46,580 - INFO - composites.py:279 -         Included EPSG codes: [32634]
2025-12-01 00:58:46,580 - INFO - composites.py:281 - Selected scenes:
2025-12-01 00:58:46,580 - INFO - composites.py:283 -         S2A_MSIL2A_20230101T093411_R136_T34SDH_20230102T002234
2025-12-01 00:58:46,580 - INFO - composites.py:283 -         S2A_MSIL2A_20230108T092351_R093_T34SDH_20240812T095616
2025-12-01 00:58:46,580 - INFO - composites.py:283 -         S2A_MSIL2A_20230108T092351_R093_T34SDH_20230109T031029
2025-12-01 00:58:46,580 - INFO - composites.py:283 -         S2B_MSIL2A_20230113T092239_R093_T34SDH_20230113T230510
2025-12-01 00:58:46,580 - INFO - composites.py:283 -         S2A_MSIL2A_20230128T092241_R093_T34SDH_20230129T222534
2025-12-01 00:58:46,582 - INFO - composites.py:283 -         S2B_MSIL2A_20230106T093259_R136_T34SDH_20230106T222531
2025-12-01 00:58:46,582 - INFO - composites.py:283 -         S2A_MSIL2A_20230118T092321_R093_T34SDH_20230120T071910
2025-12-01 00:58:46,582 - INFO - composites.py:283 -         S2B_MSIL2A_20230106T093259_R136_T34SDJ_20230106T225923
2025-12-01 00:58:46,582 - INFO - composites.py:283 -         S2A_MSIL2A_20230101T093411_R136_T34SDJ_20230102T010252
2025-12-01 00:58:46,582 - INFO - composites.py:283 -         S2B_MSIL2A_20230126T093159_R136_T34SDJ_20230127T103740
2025-12-01 00:58:46,582 - INFO - composites.py:283 -         S2A_MSIL2A_20230108T092351_R093_T34SEH_20230109T021014
2025-12-01 00:58:46,584 - INFO - composites.py:283 -         S2A_MSIL2A_20230108T092351_R093_T34SEH_20240812T095616
2025-12-01 00:58:46,584 - INFO - composites.py:283 -         S2B_MSIL2A_20230113T092239_R093_T34SEH_20230114T000010
2025-12-01 00:58:46,584 - INFO - composites.py:283 -         S2A_MSIL2A_20230128T092241_R093_T34SEH_20230129T213708
2025-12-01 00:58:46,584 - INFO - composites.py:283 -         S2B_MSIL2A_20230103T092309_R093_T34SEH_20230103T203306
2025-12-01 00:58:46,584 - INFO - composites.py:283 -         S2A_MSIL2A_20230118T092321_R093_T34SEH_20230120T052515
2025-12-01 00:58:46,584 - INFO - composites.py:283 -         S2A_MSIL2A_20230108T092351_R093_T34SEJ_20230109T024034
2025-12-01 00:58:46,584 - INFO - composites.py:283 -         S2A_MSIL2A_20230108T092351_R093_T34SEJ_20240812T095616
2025-12-01 00:58:46,584 - INFO - composites.py:283 -         S2B_MSIL2A_20230113T092239_R093_T34SEJ_20230113T234632
2025-12-01 00:58:46,584 - INFO - composites.py:283 -         S2B_MSIL2A_20230103T092309_R093_T34SEJ_20230103T214111
2025-12-01 00:58:46,584 - INFO - composites.py:283 -         S2A_MSIL2A_20230128T092241_R093_T34SEJ_20230129T223523
2025-12-01 00:58:46,584 - INFO - composites.py:283 -         S2A_MSIL2A_20230118T092321_R093_T34SEJ_20230120T060603
2025-12-01 00:58:47,039 - INFO - sentinel2.py:154 - Matplotlib backend: Agg
2025-12-01 00:58:47,299 - INFO - sentinel2.py:224 - Write input scenes footprint overlay: //nas-rs.topo.auth.gr/Latomeia/DROUGHT/composites/x07/y11/2023/01/01/S2L2A_medcomp_x07y11_202301_InDataFootprint.jpeg
2025-12-01 00:58:47,511 - INFO - composites.py:297 -                                  
2025-12-01 00:58:47,511 - INFO - composites.py:298 - Downstream STAC items from Planetary Computer
2025-12-01 00:58:47,511 - INFO - timeseries_processing.py:115 -                                  
2025-12-01 00:58:47,511 - INFO - timeseries_processing.py:116 - Loading bands of diferent resolutions in EPSG:32634
2025-12-01 00:58:47,511 - INFO - timeseries_processing.py:120 -     Filtering items with native UTM EPSG:32634
2025-12-01 00:58:47,511 - INFO - timeseries_processing.py:122 -     22 Items in EPSG:32634
2025-12-01 00:58:47,511 - INFO - timeseries_processing.py:129 -                        
2025-12-01 00:58:47,511 - INFO - timeseries_processing.py:130 -     Loading parameters:
2025-12-01 00:58:47,511 - INFO - timeseries_processing.py:131 -         Bands: ['B05', 'B07', 'B8A', 'SCL']
2025-12-01 00:58:47,511 - INFO - timeseries_processing.py:132 -         Spatial resolution: 20
2025-12-01 00:58:47,511 - INFO - timeseries_processing.py:134 -         Get Assets from STAC Items
2025-12-01 00:58:47,511 - INFO - timeseries_processing.py:47 -         Initialize the STAC client
2025-12-01 00:58:48,271 - INFO - timeseries_processing.py:137 -         Loading 22 STAC Items....
2025-12-01 01:00:25,042 - INFO - timeseries_processing.py:146 -         Cube has been downloaded
2025-12-01 01:00:25,042 - INFO - timeseries_processing.py:156 -         Fix order of dimensions
2025-12-01 01:00:25,042 - INFO - timeseries_processing.py:161 -         Append bands to the band-list of EPSG:32634
2025-12-01 01:00:25,042 - INFO - timeseries_processing.py:129 -                        
2025-12-01 01:00:25,044 - INFO - timeseries_processing.py:130 -     Loading parameters:
2025-12-01 01:00:25,044 - INFO - timeseries_processing.py:131 -         Bands: ['B02', 'B03', 'B04']
2025-12-01 01:00:25,044 - INFO - timeseries_processing.py:132 -         Spatial resolution: 10
2025-12-01 01:00:25,044 - INFO - timeseries_processing.py:134 -         Get Assets from STAC Items
2025-12-01 01:00:25,044 - INFO - timeseries_processing.py:47 -         Initialize the STAC client
2025-12-01 01:00:25,729 - INFO - timeseries_processing.py:137 -         Loading 22 STAC Items....
2025-12-01 01:04:12,846 - INFO - timeseries_processing.py:146 -         Cube has been downloaded
2025-12-01 01:04:12,846 - INFO - timeseries_processing.py:149 -         Reproject to downsample 10m bands to 20m by Resampling.average 2x2 binning and shape matching with odc.geo.GeoBox
2025-12-01 01:04:23,387 - INFO - timeseries_processing.py:161 -         Append bands to the band-list of EPSG:32634
2025-12-01 01:04:23,387 - INFO - timeseries_processing.py:165 -                        
2025-12-01 01:04:23,388 - INFO - timeseries_processing.py:166 -     Merging bands in a single dataset
2025-12-01 01:04:23,388 - INFO - timeseries_processing.py:167 -     Ensure all partial datasets are at (x=20, y=-20) resolution
2025-12-01 01:04:23,388 - INFO - timeseries_processing.py:171 -     Clip to the intersection of indexes
2025-12-01 01:04:24,614 - INFO - timeseries_processing.py:180 -     Make a list of bands to merge
2025-12-01 01:04:24,615 - INFO - timeseries_processing.py:184 -     Merge on intersection
2025-12-01 01:04:24,616 - INFO - timeseries_processing.py:192 -     Apply masks on clouds, shadows, thin cirrus, and snow/ice
2025-12-01 01:04:24,616 - INFO - sentinel2.py:122 -                Masking bits: [3, 7, 8, 9, 10, 11]
2025-12-01 01:04:25,528 - INFO - composites.py:307 - Reproject from UTM Zone to Tile geometry -> CRS(EPSG:32634), Resampling.bilinear
2025-12-01 01:04:31,570 - INFO - composites.py:310 -     New shape of datasets: Shape2d(x=2400, y=2400)
2025-12-01 01:04:32,284 - INFO - composites.py:329 - Scale SR to Sen2Cor Baseline 4.00 - Subtract 1000 in dates post 2022-01-25
2025-12-01 01:04:33,470 - INFO - composites.py:342 - Creating preview plot of input scenes
2025-12-01 01:05:02,459 - INFO - timeseries_processing.py:349 - Saved preview for 'B04' to //nas-rs.topo.auth.gr/Latomeia/DROUGHT/composites/x07/y11/2023/01/01/S2L2A_medcomp_x07y11_202301_InDataPreview.jpeg
2025-12-01 01:05:02,465 - INFO - composites.py:348 - Clip value range
2025-12-01 01:05:03,985 - INFO - composites.py:353 -                           
2025-12-01 01:05:03,985 - INFO - composites.py:354 - Computing spectral indices:
2025-12-01 01:05:03,985 - INFO - composites.py:357 -     EVI...
2025-12-01 01:05:04,961 - INFO - composites.py:359 -     NDVI...
2025-12-01 01:05:05,382 - INFO - composites.py:361 -     PSRI2...
2025-12-01 01:05:05,594 - INFO - composites.py:364 - Clip to typical value range
2025-12-01 01:05:05,875 - INFO - composites.py:371 - Reducing to median value temporal composite
2025-12-01 01:05:32,028 - INFO - composites.py:390 - Scale and Define data types & nodata per band
2025-12-01 01:05:32,211 - INFO - composites.py:411 - Assign time range and tile ID in metadata
2025-12-01 01:05:32,211 - INFO - composites.py:419 - Write bands to raster COG files
2025-12-01 01:05:39,000 - INFO - composites.py:432 - Write B02 -> //nas-rs.topo.auth.gr/Latomeia/DROUGHT/composites/x07/y11/2023/01/01/S2L2A_medcomp_x07y11_202301_B02.tif
2025-12-01 01:05:45,607 - INFO - composites.py:432 - Write B03 -> //nas-rs.topo.auth.gr/Latomeia/DROUGHT/composites/x07/y11/2023/01/01/S2L2A_medcomp_x07y11_202301_B03.tif
2025-12-01 01:05:49,643 - INFO - composites.py:432 - Write B04 -> //nas-rs.topo.auth.gr/Latomeia/DROUGHT/composites/x07/y11/2023/01/01/S2L2A_medcomp_x07y11_202301_B04.tif
2025-12-01 01:05:53,653 - INFO - composites.py:432 - Write B05 -> //nas-rs.topo.auth.gr/Latomeia/DROUGHT/composites/x07/y11/2023/01/01/S2L2A_medcomp_x07y11_202301_B05.tif
2025-12-01 01:05:57,938 - INFO - composites.py:432 - Write B07 -> //nas-rs.topo.auth.gr/Latomeia/DROUGHT/composites/x07/y11/2023/01/01/S2L2A_medcomp_x07y11_202301_B07.tif
2025-12-01 01:06:02,252 - INFO - composites.py:432 - Write B8A -> //nas-rs.topo.auth.gr/Latomeia/DROUGHT/composites/x07/y11/2023/01/01/S2L2A_medcomp_x07y11_202301_B8A.tif
2025-12-01 01:06:06,493 - INFO - composites.py:432 - Write EVI -> //nas-rs.topo.auth.gr/Latomeia/DROUGHT/composites/x07/y11/2023/01/01/S2L2A_medcomp_x07y11_202301_EVI.tif
2025-12-01 01:06:10,693 - INFO - composites.py:432 - Write NDVI -> //nas-rs.topo.auth.gr/Latomeia/DROUGHT/composites/x07/y11/2023/01/01/S2L2A_medcomp_x07y11_202301_NDVI.tif
2025-12-01 01:06:14,573 - INFO - composites.py:432 - Write PSRI2 -> //nas-rs.topo.auth.gr/Latomeia/DROUGHT/composites/x07/y11/2023/01/01/S2L2A_medcomp_x07y11_202301_PSRI2.tif
2025-12-01 01:06:14,592 - INFO - composites.py:436 - Prepare metadata YAML document
2025-12-01 01:06:15,198 - INFO - composites.py:458 - Write metadata YAML document to disk
2025-12-01 01:06:15,269 - INFO - composites.py:463 - Create datacube.model.Dataset from eo3 metadata
2025-12-01 01:06:15,281 - INFO - composites.py:476 - Index to datacube
2025-12-01 01:06:15,281 - INFO - _datasets.py:191 - Indexing a8fb73d1-77e1-4c90-a680-0659480bca34
2025-12-01 01:06:15,289 - INFO - composites.py:479 - 
2025-12-01 01:06:15,289 - INFO - composites.py:480 -              ✔✔✔ COMPLETED: Tile x07_y11 | Time: 2023-01 | In 9.94 minutes
2025-12-01 01:06:15,289 - INFO - composites.py:481 - 
2025-12-01 01:06:15,289 - INFO - composites.py:489 - Closing Dask client
2025-12-01 01:06:15,291 - INFO - composites.py:493 - Closing Dask cluster
2025-12-01 01:06:15,291 - INFO - composites.py:494 - #######################################################################
