2025-12-01 04:11:10,409 - INFO - composites.py:102 - #######################################################################
2025-12-01 04:11:10,409 - INFO - composites.py:104 - Processing started
2025-12-01 04:11:10,409 - INFO - composites.py:105 -         Tile: x07_y12
2025-12-01 04:11:10,409 - INFO - composites.py:106 -         Time: 2023-09
2025-12-01 04:11:10,409 - INFO - composites.py:109 -                           
2025-12-01 04:11:10,409 - INFO - composites.py:110 - Establishing connection to datacube
2025-12-01 04:11:10,958 - INFO - composites.py:113 -                           
2025-12-01 04:11:10,958 - INFO - composites.py:114 - Sanity test: Check if dataset already exists in the datacube
2025-12-01 04:11:10,980 - INFO - composites.py:133 - The composite requested was not found and it will be computed
2025-12-01 04:11:10,980 - INFO - composites.py:136 -                                  
2025-12-01 04:11:10,980 - INFO - composites.py:137 - Initializing Dask cluster for parallelization
2025-12-01 04:11:16,172 - INFO - composites.py:161 - Dask dashboard is available at: http://127.0.0.1:8787/status
2025-12-01 04:11:16,173 - INFO - composites.py:164 - Create directories and naming conversions
2025-12-01 04:11:16,183 - INFO - composites.py:177 - Dataset location: //nas-rs.topo.auth.gr/Latomeia/DROUGHT/composites/x07/y12/2023/09/01
2025-12-01 04:11:16,184 - INFO - composites.py:180 -                           
2025-12-01 04:11:16,184 - INFO - composites.py:181 - Retrieve tile geometry
2025-12-01 04:11:16,221 - INFO - composites.py:192 - Create the Bounding Box (φ,λ)
2025-12-01 04:11:16,221 - INFO - composites.py:198 - Create the Bounding Box (x,y)
2025-12-01 04:11:16,221 - INFO - composites.py:211 -                           
2025-12-01 04:11:16,222 - INFO - composites.py:212 - Connect to Planetary Computer STAC Catalog
2025-12-01 04:11:16,500 - INFO - composites.py:220 - Search the STAC Catalog
2025-12-01 04:11:16,568 - INFO - composites.py:232 -         Query parameters:
2025-12-01 04:11:16,568 - INFO - composites.py:233 -             url:          https://planetarycomputer.microsoft.com/api/stac/v1/search
2025-12-01 04:11:16,568 - INFO - composites.py:234 -             client:       microsoft-pc
2025-12-01 04:11:16,568 - INFO - composites.py:235 -             collection:   sentinel-2-l2a
2025-12-01 04:11:16,568 - INFO - composites.py:236 -             bbox:         (20.999765686564626, 38.787881790199634, 21.67096534182257, 39.332009850489634)
2025-12-01 04:11:16,568 - INFO - composites.py:237 -             time range:   2023-09-01T00:00:00Z/2023-09-30T23:59:59Z
2025-12-01 04:11:16,568 - INFO - composites.py:238 -             cloud cover:  0% - 70%
2025-12-01 04:11:16,568 - INFO - composites.py:239 -             nodata cover: 0% - 33%
2025-12-01 04:11:16,568 - INFO - composites.py:241 -                           
2025-12-01 04:11:16,568 - INFO - composites.py:242 - Searching...
2025-12-01 04:11:17,101 - INFO - composites.py:245 - Query found 48 items
2025-12-01 04:11:17,112 - INFO - composites.py:247 - Searching for GRI REFINED scenes:
2025-12-01 04:11:23,240 - INFO - sentinel2.py:78 - 1/48 - S2B_MSIL2A_20230930T091709_R093_T34SEJ_20230930T151855 -> REFINED
2025-12-01 04:11:29,071 - INFO - sentinel2.py:78 - 2/48 - S2B_MSIL2A_20230930T091709_R093_T34SEH_20241026T053021 -> REFINED
2025-12-01 04:11:35,224 - INFO - sentinel2.py:78 - 3/48 - S2B_MSIL2A_20230930T091709_R093_T34SEH_20230930T161730 -> REFINED
2025-12-01 04:11:40,258 - INFO - sentinel2.py:78 - 4/48 - S2B_MSIL2A_20230930T091709_R093_T34SDH_20241026T053021 -> REFINED
2025-12-01 04:11:46,374 - INFO - sentinel2.py:78 - 5/48 - S2B_MSIL2A_20230930T091709_R093_T34SDH_20230930T151856 -> REFINED
2025-12-01 04:11:52,037 - INFO - sentinel2.py:78 - 6/48 - S2A_MSIL2A_20230928T093031_R136_T34SDJ_20230928T153924 -> REFINED
2025-12-01 04:11:58,216 - INFO - sentinel2.py:78 - 7/48 - S2A_MSIL2A_20230928T093031_R136_T34SDH_20230928T151921 -> REFINED
2025-12-01 04:12:04,377 - INFO - sentinel2.py:78 - 8/48 - S2A_MSIL2A_20230925T092031_R093_T34SEH_20230925T151901 -> REFINED
2025-12-01 04:12:10,169 - INFO - sentinel2.py:78 - 9/48 - S2A_MSIL2A_20230925T092031_R093_T34SDH_20241027T094830 -> REFINED
2025-12-01 04:12:15,014 - INFO - sentinel2.py:78 - 10/48 - S2A_MSIL2A_20230925T092031_R093_T34SDH_20230925T151646 -> REFINED
2025-12-01 04:12:20,533 - INFO - sentinel2.py:78 - 11/48 - S2B_MSIL2A_20230923T092659_R136_T34SDJ_20241026T113851 -> REFINED
2025-12-01 04:12:27,398 - INFO - sentinel2.py:78 - 12/48 - S2B_MSIL2A_20230923T092659_R136_T34SDJ_20230923T143624 -> REFINED
2025-12-01 04:12:32,227 - INFO - sentinel2.py:78 - 13/48 - S2B_MSIL2A_20230923T092659_R136_T34SDH_20241026T113851 -> REFINED
2025-12-01 04:12:37,832 - INFO - sentinel2.py:78 - 14/48 - S2B_MSIL2A_20230923T092659_R136_T34SDH_20230923T145816 -> REFINED
2025-12-01 04:12:43,551 - INFO - sentinel2.py:78 - 15/48 - S2B_MSIL2A_20230920T091649_R093_T34SEJ_20241027T071431 -> REFINED
2025-12-01 04:12:49,003 - INFO - sentinel2.py:78 - 16/48 - S2B_MSIL2A_20230920T091649_R093_T34SEJ_20230920T162411 -> REFINED
2025-12-01 04:12:56,688 - INFO - sentinel2.py:78 - 17/48 - S2B_MSIL2A_20230920T091649_R093_T34SEH_20241027T071431 -> REFINED
2025-12-01 04:13:02,377 - INFO - sentinel2.py:78 - 18/48 - S2B_MSIL2A_20230920T091649_R093_T34SEH_20230920T152928 -> REFINED
2025-12-01 04:13:08,483 - INFO - sentinel2.py:78 - 19/48 - S2B_MSIL2A_20230920T091649_R093_T34SDH_20241027T071431 -> REFINED
2025-12-01 04:13:13,238 - INFO - sentinel2.py:78 - 20/48 - S2B_MSIL2A_20230920T091649_R093_T34SDH_20230920T154751 -> REFINED
2025-12-01 04:13:18,796 - INFO - sentinel2.py:78 - 21/48 - S2A_MSIL2A_20230918T093041_R136_T34SDJ_20241105T035212 -> REFINED
2025-12-01 04:13:24,872 - INFO - sentinel2.py:78 - 22/48 - S2A_MSIL2A_20230918T093041_R136_T34SDJ_20230918T173957 -> REFINED
2025-12-01 04:13:30,588 - INFO - sentinel2.py:78 - 23/48 - S2A_MSIL2A_20230918T093041_R136_T34SDH_20241105T033953 -> REFINED
2025-12-01 04:13:35,719 - INFO - sentinel2.py:78 - 24/48 - S2A_MSIL2A_20230918T093041_R136_T34SDH_20230918T154744 -> REFINED
2025-12-01 04:13:41,599 - INFO - sentinel2.py:78 - 25/48 - S2A_MSIL2A_20230915T092031_R093_T34SEJ_20240908T124156 -> REFINED
2025-12-01 04:13:47,181 - INFO - sentinel2.py:78 - 26/48 - S2A_MSIL2A_20230915T092031_R093_T34SEJ_20230915T171407 -> REFINED
2025-12-01 04:13:53,179 - INFO - sentinel2.py:78 - 27/48 - S2A_MSIL2A_20230915T092031_R093_T34SEH_20240908T124156 -> REFINED
2025-12-01 04:13:58,661 - INFO - sentinel2.py:78 - 28/48 - S2A_MSIL2A_20230915T092031_R093_T34SEH_20230915T164753 -> REFINED
2025-12-01 04:14:04,597 - INFO - sentinel2.py:78 - 29/48 - S2A_MSIL2A_20230915T092031_R093_T34SDH_20240908T124156 -> REFINED
2025-12-01 04:14:09,476 - INFO - sentinel2.py:78 - 30/48 - S2A_MSIL2A_20230915T092031_R093_T34SDH_20230915T164751 -> REFINED
2025-12-01 04:14:14,234 - INFO - sentinel2.py:78 - 31/48 - S2B_MSIL2A_20230913T092609_R136_T34SDJ_20241026T140722 -> REFINED
2025-12-01 04:14:19,389 - INFO - sentinel2.py:78 - 32/48 - S2B_MSIL2A_20230913T092609_R136_T34SDJ_20230913T152815 -> REFINED
2025-12-01 04:14:24,245 - INFO - sentinel2.py:78 - 33/48 - S2B_MSIL2A_20230913T092609_R136_T34SDH_20241026T140722 -> REFINED
2025-12-01 04:14:30,228 - INFO - sentinel2.py:78 - 34/48 - S2B_MSIL2A_20230913T092609_R136_T34SDH_20230913T155145 -> REFINED
2025-12-01 04:14:36,414 - INFO - sentinel2.py:78 - 35/48 - S2B_MSIL2A_20230910T091559_R093_T34SEJ_20241024T012616 -> REFINED
2025-12-01 04:14:41,434 - INFO - sentinel2.py:78 - 36/48 - S2B_MSIL2A_20230910T091559_R093_T34SEJ_20230910T161436 -> REFINED
2025-12-01 04:14:47,344 - INFO - sentinel2.py:78 - 37/48 - S2B_MSIL2A_20230910T091559_R093_T34SEH_20241024T012616 -> REFINED
2025-12-01 04:14:52,470 - INFO - sentinel2.py:78 - 38/48 - S2B_MSIL2A_20230910T091559_R093_T34SEH_20230910T173002 -> REFINED
2025-12-01 04:14:57,386 - INFO - sentinel2.py:78 - 39/48 - S2B_MSIL2A_20230910T091559_R093_T34SDH_20241024T012616 -> REFINED
2025-12-01 04:15:02,907 - INFO - sentinel2.py:78 - 40/48 - S2B_MSIL2A_20230910T091559_R093_T34SDH_20230910T162410 -> REFINED
2025-12-01 04:15:08,899 - INFO - sentinel2.py:78 - 41/48 - S2A_MSIL2A_20230908T093041_R136_T34SDJ_20241023T134424 -> REFINED
2025-12-01 04:15:14,411 - INFO - sentinel2.py:78 - 42/48 - S2A_MSIL2A_20230908T093041_R136_T34SDJ_20230908T201900 -> REFINED
2025-12-01 04:15:19,544 - INFO - sentinel2.py:78 - 43/48 - S2A_MSIL2A_20230908T093041_R136_T34SDH_20241023T134424 -> REFINED
2025-12-01 04:15:25,332 - INFO - sentinel2.py:78 - 44/48 - S2A_MSIL2A_20230908T093041_R136_T34SDH_20230908T194827 -> REFINED
2025-12-01 04:15:31,258 - INFO - sentinel2.py:78 - 45/48 - S2B_MSIL2A_20230903T092559_R136_T34SDJ_20241023T082557 -> REFINED
2025-12-01 04:15:36,912 - INFO - sentinel2.py:78 - 46/48 - S2B_MSIL2A_20230903T092559_R136_T34SDJ_20230903T151417 -> REFINED
2025-12-01 04:15:43,177 - INFO - sentinel2.py:78 - 47/48 - S2B_MSIL2A_20230903T092559_R136_T34SDH_20241023T082557 -> REFINED
2025-12-01 04:15:49,306 - INFO - sentinel2.py:78 - 48/48 - S2B_MSIL2A_20230903T092559_R136_T34SDH_20230903T165214 -> REFINED
2025-12-01 04:15:49,343 - INFO - composites.py:250 -                                  
2025-12-01 04:15:49,343 - INFO - composites.py:251 - 48/48 were refined by GRI.
2025-12-01 04:15:49,343 - INFO - composites.py:263 - Looking for up to 7 cleanest images within spatiotemporal range of each MGRS tile
2025-12-01 04:15:49,343 - INFO - composites.py:277 - Filtered cleanest scenes: Kept 28 out of 48 items. 
2025-12-01 04:15:49,343 - INFO - composites.py:278 -         Included MGRS Tiles: ['34SDH' '34SDJ' '34SEH' '34SEJ']
2025-12-01 04:15:49,343 - INFO - composites.py:279 -         Included EPSG codes: [32634]
2025-12-01 04:15:49,348 - INFO - composites.py:281 - Selected scenes:
2025-12-01 04:15:49,348 - INFO - composites.py:283 -         S2B_MSIL2A_20230913T092609_R136_T34SDH_20241026T140722
2025-12-01 04:15:49,350 - INFO - composites.py:283 -         S2B_MSIL2A_20230913T092609_R136_T34SDH_20230913T155145
2025-12-01 04:15:49,350 - INFO - composites.py:283 -         S2A_MSIL2A_20230918T093041_R136_T34SDH_20230918T154744
2025-12-01 04:15:49,350 - INFO - composites.py:283 -         S2A_MSIL2A_20230918T093041_R136_T34SDH_20241105T033953
2025-12-01 04:15:49,350 - INFO - composites.py:283 -         S2B_MSIL2A_20230923T092659_R136_T34SDH_20241026T113851
2025-12-01 04:15:49,351 - INFO - composites.py:283 -         S2B_MSIL2A_20230923T092659_R136_T34SDH_20230923T145816
2025-12-01 04:15:49,351 - INFO - composites.py:283 -         S2B_MSIL2A_20230910T091559_R093_T34SDH_20230910T162410
2025-12-01 04:15:49,351 - INFO - composites.py:283 -         S2B_MSIL2A_20230923T092659_R136_T34SDJ_20241026T113851
2025-12-01 04:15:49,351 - INFO - composites.py:283 -         S2B_MSIL2A_20230913T092609_R136_T34SDJ_20230913T152815
2025-12-01 04:15:49,351 - INFO - composites.py:283 -         S2B_MSIL2A_20230913T092609_R136_T34SDJ_20241026T140722
2025-12-01 04:15:49,351 - INFO - composites.py:283 -         S2B_MSIL2A_20230923T092659_R136_T34SDJ_20230923T143624
2025-12-01 04:15:49,351 - INFO - composites.py:283 -         S2A_MSIL2A_20230918T093041_R136_T34SDJ_20230918T173957
2025-12-01 04:15:49,351 - INFO - composites.py:283 -         S2A_MSIL2A_20230918T093041_R136_T34SDJ_20241105T035212
2025-12-01 04:15:49,351 - INFO - composites.py:283 -         S2B_MSIL2A_20230903T092559_R136_T34SDJ_20241023T082557
2025-12-01 04:15:49,351 - INFO - composites.py:283 -         S2B_MSIL2A_20230910T091559_R093_T34SEH_20230910T173002
2025-12-01 04:15:49,351 - INFO - composites.py:283 -         S2B_MSIL2A_20230910T091559_R093_T34SEH_20241024T012616
2025-12-01 04:15:49,351 - INFO - composites.py:283 -         S2A_MSIL2A_20230915T092031_R093_T34SEH_20240908T124156
2025-12-01 04:15:49,351 - INFO - composites.py:283 -         S2A_MSIL2A_20230915T092031_R093_T34SEH_20230915T164753
2025-12-01 04:15:49,351 - INFO - composites.py:283 -         S2B_MSIL2A_20230920T091649_R093_T34SEH_20241027T071431
2025-12-01 04:15:49,351 - INFO - composites.py:283 -         S2B_MSIL2A_20230920T091649_R093_T34SEH_20230920T152928
2025-12-01 04:15:49,352 - INFO - composites.py:283 -         S2A_MSIL2A_20230925T092031_R093_T34SEH_20230925T151901
2025-12-01 04:15:49,352 - INFO - composites.py:283 -         S2B_MSIL2A_20230910T091559_R093_T34SEJ_20241024T012616
2025-12-01 04:15:49,352 - INFO - composites.py:283 -         S2B_MSIL2A_20230910T091559_R093_T34SEJ_20230910T161436
2025-12-01 04:15:49,352 - INFO - composites.py:283 -         S2A_MSIL2A_20230915T092031_R093_T34SEJ_20240908T124156
2025-12-01 04:15:49,352 - INFO - composites.py:283 -         S2A_MSIL2A_20230915T092031_R093_T34SEJ_20230915T171407
2025-12-01 04:15:49,352 - INFO - composites.py:283 -         S2B_MSIL2A_20230920T091649_R093_T34SEJ_20230920T162411
2025-12-01 04:15:49,352 - INFO - composites.py:283 -         S2B_MSIL2A_20230920T091649_R093_T34SEJ_20241027T071431
2025-12-01 04:15:49,352 - INFO - composites.py:283 -         S2B_MSIL2A_20230930T091709_R093_T34SEJ_20230930T151855
2025-12-01 04:15:49,838 - INFO - sentinel2.py:154 - Matplotlib backend: Agg
2025-12-01 04:15:50,068 - INFO - sentinel2.py:224 - Write input scenes footprint overlay: //nas-rs.topo.auth.gr/Latomeia/DROUGHT/composites/x07/y12/2023/09/01/S2L2A_medcomp_x07y12_202309_InDataFootprint.jpeg
2025-12-01 04:15:50,341 - INFO - composites.py:297 -                                  
2025-12-01 04:15:50,341 - INFO - composites.py:298 - Downstream STAC items from Planetary Computer
2025-12-01 04:15:50,341 - INFO - timeseries_processing.py:115 -                                  
2025-12-01 04:15:50,341 - INFO - timeseries_processing.py:116 - Loading bands of diferent resolutions in EPSG:32634
2025-12-01 04:15:50,343 - INFO - timeseries_processing.py:120 -     Filtering items with native UTM EPSG:32634
2025-12-01 04:15:50,343 - INFO - timeseries_processing.py:122 -     28 Items in EPSG:32634
2025-12-01 04:15:50,343 - INFO - timeseries_processing.py:129 -                        
2025-12-01 04:15:50,343 - INFO - timeseries_processing.py:130 -     Loading parameters:
2025-12-01 04:15:50,343 - INFO - timeseries_processing.py:131 -         Bands: ['B05', 'B07', 'B8A', 'SCL']
2025-12-01 04:15:50,343 - INFO - timeseries_processing.py:132 -         Spatial resolution: 20
2025-12-01 04:15:50,343 - INFO - timeseries_processing.py:134 -         Get Assets from STAC Items
2025-12-01 04:15:50,343 - INFO - timeseries_processing.py:47 -         Initialize the STAC client
2025-12-01 04:15:51,009 - INFO - timeseries_processing.py:137 -         Loading 28 STAC Items....
2025-12-01 04:17:20,482 - INFO - timeseries_processing.py:146 -         Cube has been downloaded
2025-12-01 04:17:20,483 - INFO - timeseries_processing.py:156 -         Fix order of dimensions
2025-12-01 04:17:20,483 - INFO - timeseries_processing.py:161 -         Append bands to the band-list of EPSG:32634
2025-12-01 04:17:20,486 - INFO - timeseries_processing.py:129 -                        
2025-12-01 04:17:20,486 - INFO - timeseries_processing.py:130 -     Loading parameters:
2025-12-01 04:17:20,486 - INFO - timeseries_processing.py:131 -         Bands: ['B02', 'B03', 'B04']
2025-12-01 04:17:20,486 - INFO - timeseries_processing.py:132 -         Spatial resolution: 10
2025-12-01 04:17:20,486 - INFO - timeseries_processing.py:134 -         Get Assets from STAC Items
2025-12-01 04:17:20,486 - INFO - timeseries_processing.py:47 -         Initialize the STAC client
2025-12-01 04:17:21,219 - INFO - timeseries_processing.py:137 -         Loading 28 STAC Items....
2025-12-01 04:22:19,988 - INFO - timeseries_processing.py:146 -         Cube has been downloaded
2025-12-01 04:22:19,988 - INFO - timeseries_processing.py:149 -         Reproject to downsample 10m bands to 20m by Resampling.average 2x2 binning and shape matching with odc.geo.GeoBox
2025-12-01 04:22:31,564 - INFO - timeseries_processing.py:161 -         Append bands to the band-list of EPSG:32634
2025-12-01 04:22:31,564 - INFO - timeseries_processing.py:165 -                        
2025-12-01 04:22:31,564 - INFO - timeseries_processing.py:166 -     Merging bands in a single dataset
2025-12-01 04:22:31,564 - INFO - timeseries_processing.py:167 -     Ensure all partial datasets are at (x=20, y=-20) resolution
2025-12-01 04:22:31,564 - INFO - timeseries_processing.py:171 -     Clip to the intersection of indexes
2025-12-01 04:22:32,880 - INFO - timeseries_processing.py:180 -     Make a list of bands to merge
2025-12-01 04:22:32,882 - INFO - timeseries_processing.py:184 -     Merge on intersection
2025-12-01 04:22:32,882 - INFO - timeseries_processing.py:192 -     Apply masks on clouds, shadows, thin cirrus, and snow/ice
2025-12-01 04:22:32,882 - INFO - sentinel2.py:122 -                Masking bits: [3, 7, 8, 9, 10, 11]
2025-12-01 04:22:33,919 - INFO - composites.py:307 - Reproject from UTM Zone to Tile geometry -> CRS(EPSG:32634), Resampling.bilinear
2025-12-01 04:22:39,866 - INFO - composites.py:310 -     New shape of datasets: Shape2d(x=2400, y=2400)
2025-12-01 04:22:40,545 - INFO - composites.py:329 - Scale SR to Sen2Cor Baseline 4.00 - Subtract 1000 in dates post 2022-01-25
2025-12-01 04:22:41,837 - INFO - composites.py:342 - Creating preview plot of input scenes
2025-12-01 04:23:12,907 - INFO - timeseries_processing.py:349 - Saved preview for 'B04' to //nas-rs.topo.auth.gr/Latomeia/DROUGHT/composites/x07/y12/2023/09/01/S2L2A_medcomp_x07y12_202309_InDataPreview.jpeg
2025-12-01 04:23:12,913 - INFO - composites.py:348 - Clip value range
2025-12-01 04:23:14,626 - INFO - composites.py:353 -                           
2025-12-01 04:23:14,632 - INFO - composites.py:354 - Computing spectral indices:
2025-12-01 04:23:14,647 - INFO - composites.py:357 -     EVI...
2025-12-01 04:23:15,794 - INFO - composites.py:359 -     NDVI...
2025-12-01 04:23:16,210 - INFO - composites.py:361 -     PSRI2...
2025-12-01 04:23:16,449 - INFO - composites.py:364 - Clip to typical value range
2025-12-01 04:23:16,757 - INFO - composites.py:371 - Reducing to median value temporal composite
2025-12-01 04:23:42,387 - INFO - composites.py:390 - Scale and Define data types & nodata per band
2025-12-01 04:23:42,504 - INFO - composites.py:411 - Assign time range and tile ID in metadata
2025-12-01 04:23:42,504 - INFO - composites.py:419 - Write bands to raster COG files
2025-12-01 04:23:46,405 - INFO - composites.py:432 - Write B02 -> //nas-rs.topo.auth.gr/Latomeia/DROUGHT/composites/x07/y12/2023/09/01/S2L2A_medcomp_x07y12_202309_B02.tif
2025-12-01 04:23:50,340 - INFO - composites.py:432 - Write B03 -> //nas-rs.topo.auth.gr/Latomeia/DROUGHT/composites/x07/y12/2023/09/01/S2L2A_medcomp_x07y12_202309_B03.tif
2025-12-01 04:23:54,238 - INFO - composites.py:432 - Write B04 -> //nas-rs.topo.auth.gr/Latomeia/DROUGHT/composites/x07/y12/2023/09/01/S2L2A_medcomp_x07y12_202309_B04.tif
2025-12-01 04:23:58,152 - INFO - composites.py:432 - Write B05 -> //nas-rs.topo.auth.gr/Latomeia/DROUGHT/composites/x07/y12/2023/09/01/S2L2A_medcomp_x07y12_202309_B05.tif
2025-12-01 04:24:02,138 - INFO - composites.py:432 - Write B07 -> //nas-rs.topo.auth.gr/Latomeia/DROUGHT/composites/x07/y12/2023/09/01/S2L2A_medcomp_x07y12_202309_B07.tif
2025-12-01 04:24:06,506 - INFO - composites.py:432 - Write B8A -> //nas-rs.topo.auth.gr/Latomeia/DROUGHT/composites/x07/y12/2023/09/01/S2L2A_medcomp_x07y12_202309_B8A.tif
2025-12-01 04:24:10,598 - INFO - composites.py:432 - Write EVI -> //nas-rs.topo.auth.gr/Latomeia/DROUGHT/composites/x07/y12/2023/09/01/S2L2A_medcomp_x07y12_202309_EVI.tif
2025-12-01 04:24:14,559 - INFO - composites.py:432 - Write NDVI -> //nas-rs.topo.auth.gr/Latomeia/DROUGHT/composites/x07/y12/2023/09/01/S2L2A_medcomp_x07y12_202309_NDVI.tif
2025-12-01 04:24:18,358 - INFO - composites.py:432 - Write PSRI2 -> //nas-rs.topo.auth.gr/Latomeia/DROUGHT/composites/x07/y12/2023/09/01/S2L2A_medcomp_x07y12_202309_PSRI2.tif
2025-12-01 04:24:18,373 - INFO - composites.py:436 - Prepare metadata YAML document
2025-12-01 04:24:18,915 - INFO - composites.py:458 - Write metadata YAML document to disk
2025-12-01 04:24:18,943 - INFO - composites.py:463 - Create datacube.model.Dataset from eo3 metadata
2025-12-01 04:24:18,953 - INFO - composites.py:476 - Index to datacube
2025-12-01 04:24:18,953 - INFO - _datasets.py:191 - Indexing 00ef18f6-6375-4a9f-9843-f7664b8ba15a
2025-12-01 04:24:18,961 - INFO - composites.py:479 - 
2025-12-01 04:24:18,961 - INFO - composites.py:480 -              ✔✔✔ COMPLETED: Tile x07_y12 | Time: 2023-09 | In 13.14 minutes
2025-12-01 04:24:18,961 - INFO - composites.py:481 - 
2025-12-01 04:24:18,961 - INFO - composites.py:489 - Closing Dask client
2025-12-01 04:24:18,961 - INFO - composites.py:493 - Closing Dask cluster
2025-12-01 04:24:18,964 - INFO - composites.py:494 - #######################################################################
