2025-12-01 10:14:38,916 - INFO - composites.py:102 - #######################################################################
2025-12-01 10:14:38,916 - INFO - composites.py:104 - Processing started
2025-12-01 10:14:38,916 - INFO - composites.py:105 -         Tile: x07_y11
2025-12-01 10:14:38,916 - INFO - composites.py:106 -         Time: 2025-05
2025-12-01 10:14:38,917 - INFO - composites.py:109 -                           
2025-12-01 10:14:38,917 - INFO - composites.py:110 - Establishing connection to datacube
2025-12-01 10:14:39,794 - INFO - composites.py:113 -                           
2025-12-01 10:14:39,794 - INFO - composites.py:114 - Sanity test: Check if dataset already exists in the datacube
2025-12-01 10:14:39,826 - INFO - composites.py:133 - The composite requested was not found and it will be computed
2025-12-01 10:14:39,826 - INFO - composites.py:136 -                                  
2025-12-01 10:14:39,826 - INFO - composites.py:137 - Initializing Dask cluster for parallelization
2025-12-01 10:14:46,170 - INFO - composites.py:161 - Dask dashboard is available at: http://127.0.0.1:8787/status
2025-12-01 10:14:46,170 - INFO - composites.py:164 - Create directories and naming conversions
2025-12-01 10:14:46,181 - INFO - composites.py:177 - Dataset location: //nas-rs.topo.auth.gr/Latomeia/DROUGHT/composites/x07/y11/2025/05/01
2025-12-01 10:14:46,181 - INFO - composites.py:180 -                           
2025-12-01 10:14:46,181 - INFO - composites.py:181 - Retrieve tile geometry
2025-12-01 10:14:46,219 - INFO - composites.py:192 - Create the Bounding Box (φ,λ)
2025-12-01 10:14:46,221 - INFO - composites.py:198 - Create the Bounding Box (x,y)
2025-12-01 10:14:46,221 - INFO - composites.py:211 -                           
2025-12-01 10:14:46,221 - INFO - composites.py:212 - Connect to Planetary Computer STAC Catalog
2025-12-01 10:14:46,507 - INFO - composites.py:220 - Search the STAC Catalog
2025-12-01 10:14:46,588 - INFO - composites.py:232 -         Query parameters:
2025-12-01 10:14:46,588 - INFO - composites.py:233 -             url:          https://planetarycomputer.microsoft.com/api/stac/v1/search
2025-12-01 10:14:46,588 - INFO - composites.py:234 -             client:       microsoft-pc
2025-12-01 10:14:46,588 - INFO - composites.py:235 -             collection:   sentinel-2-l2a
2025-12-01 10:14:46,588 - INFO - composites.py:236 -             bbox:         (20.928573606105775, 38.35819969704171, 21.59502923200265, 38.902149455513275)
2025-12-01 10:14:46,588 - INFO - composites.py:237 -             time range:   2025-05-01T00:00:00Z/2025-05-31T23:59:59Z
2025-12-01 10:14:46,588 - INFO - composites.py:238 -             cloud cover:  0% - 70%
2025-12-01 10:14:46,588 - INFO - composites.py:239 -             nodata cover: 0% - 33%
2025-12-01 10:14:46,588 - INFO - composites.py:241 -                           
2025-12-01 10:14:46,588 - INFO - composites.py:242 - Searching...
2025-12-01 10:14:47,217 - INFO - composites.py:245 - Query found 32 items
2025-12-01 10:14:47,217 - INFO - composites.py:247 - Searching for GRI REFINED scenes:
2025-12-01 10:14:53,224 - INFO - sentinel2.py:78 - 1/32 - S2C_MSIL2A_20250530T093051_R136_T34SDJ_20250530T122013 -> REFINED
2025-12-01 10:14:57,871 - INFO - sentinel2.py:78 - 2/32 - S2C_MSIL2A_20250530T093051_R136_T34SDH_20250530T122013 -> REFINED
2025-12-01 10:15:03,761 - INFO - sentinel2.py:78 - 3/32 - S2C_MSIL2A_20250527T092051_R093_T34SEJ_20250527T150317 -> REFINED
2025-12-01 10:15:08,482 - INFO - sentinel2.py:78 - 4/32 - S2C_MSIL2A_20250527T092051_R093_T34SEH_20250527T150317 -> REFINED
2025-12-01 10:15:13,639 - INFO - sentinel2.py:78 - 5/32 - S2C_MSIL2A_20250527T092051_R093_T34SDH_20250527T150317 -> REFINED
2025-12-01 10:15:18,132 - INFO - sentinel2.py:78 - 6/32 - S2B_MSIL2A_20250525T093039_R136_T34SDJ_20250525T125314 -> REFINED
2025-12-01 10:15:24,029 - INFO - sentinel2.py:78 - 7/32 - S2B_MSIL2A_20250525T093039_R136_T34SDH_20250525T125314 -> REFINED
2025-12-01 10:15:29,569 - INFO - sentinel2.py:78 - 8/32 - S2A_MSIL2A_20250522T093051_R136_T34SDJ_20250522T123518 -> REFINED
2025-12-01 10:15:34,307 - INFO - sentinel2.py:78 - 9/32 - S2A_MSIL2A_20250522T093051_R136_T34SDH_20250522T123518 -> REFINED
2025-12-01 10:15:39,458 - INFO - sentinel2.py:78 - 10/32 - S2B_MSIL2A_20250522T092029_R093_T34SEJ_20250522T102824 -> REFINED
2025-12-01 10:15:44,875 - INFO - sentinel2.py:78 - 11/32 - S2B_MSIL2A_20250522T092029_R093_T34SEH_20250522T102824 -> REFINED
2025-12-01 10:15:50,736 - INFO - sentinel2.py:78 - 12/32 - S2B_MSIL2A_20250522T092029_R093_T34SDH_20250522T102824 -> REFINED
2025-12-01 10:15:56,047 - INFO - sentinel2.py:78 - 13/32 - S2C_MSIL2A_20250520T093051_R136_T34SDJ_20250520T121812 -> REFINED
2025-12-01 10:16:01,431 - INFO - sentinel2.py:78 - 14/32 - S2C_MSIL2A_20250520T093051_R136_T34SDH_20250520T121812 -> REFINED
2025-12-01 10:16:07,107 - INFO - sentinel2.py:78 - 15/32 - S2A_MSIL2A_20250519T092041_R093_T34SEJ_20250519T125816 -> REFINED
2025-12-01 10:16:13,078 - INFO - sentinel2.py:78 - 16/32 - S2A_MSIL2A_20250519T092041_R093_T34SEH_20250519T125816 -> REFINED
2025-12-01 10:16:18,817 - INFO - sentinel2.py:78 - 17/32 - S2A_MSIL2A_20250519T092041_R093_T34SDH_20250519T125816 -> REFINED
2025-12-01 10:16:24,770 - INFO - sentinel2.py:78 - 18/32 - S2C_MSIL2A_20250517T092051_R093_T34SEH_20250517T150713 -> REFINED
2025-12-01 10:16:30,026 - INFO - sentinel2.py:78 - 19/32 - S2C_MSIL2A_20250517T092051_R093_T34SDH_20250517T150713 -> REFINED
2025-12-01 10:16:36,210 - INFO - sentinel2.py:78 - 20/32 - S2C_MSIL2A_20250510T093051_R136_T34SDH_20250510T151513 -> REFINED
2025-12-01 10:16:42,008 - INFO - sentinel2.py:78 - 21/32 - S2A_MSIL2A_20250509T092231_R093_T34SEH_20250509T115912 -> REFINED
2025-12-01 10:16:47,715 - INFO - sentinel2.py:78 - 22/32 - S2A_MSIL2A_20250509T092231_R093_T34SDH_20250509T115912 -> REFINED
2025-12-01 10:16:53,211 - INFO - sentinel2.py:78 - 23/32 - S2C_MSIL2A_20250507T092051_R093_T34SEJ_20250507T120216 -> REFINED
2025-12-01 10:16:59,288 - INFO - sentinel2.py:78 - 24/32 - S2C_MSIL2A_20250507T092051_R093_T34SEH_20250507T120216 -> REFINED
2025-12-01 10:17:03,923 - INFO - sentinel2.py:78 - 25/32 - S2C_MSIL2A_20250507T092051_R093_T34SDH_20250507T120216 -> REFINED
2025-12-01 10:17:09,902 - INFO - sentinel2.py:78 - 26/32 - S2B_MSIL2A_20250505T093039_R136_T34SDJ_20250505T123358 -> REFINED
2025-12-01 10:17:15,698 - INFO - sentinel2.py:78 - 27/32 - S2B_MSIL2A_20250505T093039_R136_T34SDH_20250505T123358 -> REFINED
2025-12-01 10:17:20,863 - INFO - sentinel2.py:78 - 28/32 - S2A_MSIL2A_20250502T093051_R136_T34SDJ_20250502T155814 -> REFINED
2025-12-01 10:17:25,611 - INFO - sentinel2.py:78 - 29/32 - S2A_MSIL2A_20250502T093051_R136_T34SDH_20250502T155814 -> REFINED
2025-12-01 10:17:32,302 - INFO - sentinel2.py:78 - 30/32 - S2B_MSIL2A_20250502T092029_R093_T34SEJ_20250502T121809 -> REFINED
2025-12-01 10:17:36,827 - INFO - sentinel2.py:78 - 31/32 - S2B_MSIL2A_20250502T092029_R093_T34SEH_20250502T121809 -> REFINED
2025-12-01 10:17:42,234 - INFO - sentinel2.py:78 - 32/32 - S2B_MSIL2A_20250502T092029_R093_T34SDH_20250502T121809 -> REFINED
2025-12-01 10:17:42,284 - INFO - composites.py:250 -                                  
2025-12-01 10:17:42,284 - INFO - composites.py:251 - 32/32 were refined by GRI.
2025-12-01 10:17:42,285 - INFO - composites.py:263 - Looking for up to 7 cleanest images within spatiotemporal range of each MGRS tile
2025-12-01 10:17:42,285 - INFO - composites.py:277 - Filtered cleanest scenes: Kept 25 out of 32 items. 
2025-12-01 10:17:42,297 - INFO - composites.py:278 -         Included MGRS Tiles: ['34SDH' '34SDJ' '34SEH' '34SEJ']
2025-12-01 10:17:42,297 - INFO - composites.py:279 -         Included EPSG codes: [32634]
2025-12-01 10:17:42,298 - INFO - composites.py:281 - Selected scenes:
2025-12-01 10:17:42,298 - INFO - composites.py:283 -         S2B_MSIL2A_20250502T092029_R093_T34SDH_20250502T121809
2025-12-01 10:17:42,298 - INFO - composites.py:283 -         S2C_MSIL2A_20250510T093051_R136_T34SDH_20250510T151513
2025-12-01 10:17:42,298 - INFO - composites.py:283 -         S2A_MSIL2A_20250502T093051_R136_T34SDH_20250502T155814
2025-12-01 10:17:42,299 - INFO - composites.py:283 -         S2C_MSIL2A_20250527T092051_R093_T34SDH_20250527T150317
2025-12-01 10:17:42,299 - INFO - composites.py:283 -         S2A_MSIL2A_20250519T092041_R093_T34SDH_20250519T125816
2025-12-01 10:17:42,299 - INFO - composites.py:283 -         S2A_MSIL2A_20250522T093051_R136_T34SDH_20250522T123518
2025-12-01 10:17:42,300 - INFO - composites.py:283 -         S2B_MSIL2A_20250522T092029_R093_T34SDH_20250522T102824
2025-12-01 10:17:42,300 - INFO - composites.py:283 -         S2A_MSIL2A_20250502T093051_R136_T34SDJ_20250502T155814
2025-12-01 10:17:42,300 - INFO - composites.py:283 -         S2C_MSIL2A_20250520T093051_R136_T34SDJ_20250520T121812
2025-12-01 10:17:42,300 - INFO - composites.py:283 -         S2B_MSIL2A_20250505T093039_R136_T34SDJ_20250505T123358
2025-12-01 10:17:42,300 - INFO - composites.py:283 -         S2A_MSIL2A_20250522T093051_R136_T34SDJ_20250522T123518
2025-12-01 10:17:42,300 - INFO - composites.py:283 -         S2B_MSIL2A_20250525T093039_R136_T34SDJ_20250525T125314
2025-12-01 10:17:42,300 - INFO - composites.py:283 -         S2C_MSIL2A_20250530T093051_R136_T34SDJ_20250530T122013
2025-12-01 10:17:42,300 - INFO - composites.py:283 -         S2C_MSIL2A_20250527T092051_R093_T34SEH_20250527T150317
2025-12-01 10:17:42,300 - INFO - composites.py:283 -         S2A_MSIL2A_20250519T092041_R093_T34SEH_20250519T125816
2025-12-01 10:17:42,300 - INFO - composites.py:283 -         S2B_MSIL2A_20250502T092029_R093_T34SEH_20250502T121809
2025-12-01 10:17:42,300 - INFO - composites.py:283 -         S2B_MSIL2A_20250522T092029_R093_T34SEH_20250522T102824
2025-12-01 10:17:42,300 - INFO - composites.py:283 -         S2C_MSIL2A_20250507T092051_R093_T34SEH_20250507T120216
2025-12-01 10:17:42,300 - INFO - composites.py:283 -         S2A_MSIL2A_20250509T092231_R093_T34SEH_20250509T115912
2025-12-01 10:17:42,301 - INFO - composites.py:283 -         S2C_MSIL2A_20250517T092051_R093_T34SEH_20250517T150713
2025-12-01 10:17:42,301 - INFO - composites.py:283 -         S2C_MSIL2A_20250527T092051_R093_T34SEJ_20250527T150317
2025-12-01 10:17:42,301 - INFO - composites.py:283 -         S2C_MSIL2A_20250507T092051_R093_T34SEJ_20250507T120216
2025-12-01 10:17:42,301 - INFO - composites.py:283 -         S2A_MSIL2A_20250519T092041_R093_T34SEJ_20250519T125816
2025-12-01 10:17:42,301 - INFO - composites.py:283 -         S2B_MSIL2A_20250522T092029_R093_T34SEJ_20250522T102824
2025-12-01 10:17:42,301 - INFO - composites.py:283 -         S2B_MSIL2A_20250502T092029_R093_T34SEJ_20250502T121809
2025-12-01 10:17:42,804 - INFO - sentinel2.py:154 - Matplotlib backend: Agg
2025-12-01 10:17:43,084 - INFO - sentinel2.py:224 - Write input scenes footprint overlay: //nas-rs.topo.auth.gr/Latomeia/DROUGHT/composites/x07/y11/2025/05/01/S2L2A_medcomp_x07y11_202505_InDataFootprint.jpeg
2025-12-01 10:17:43,335 - INFO - composites.py:297 -                                  
2025-12-01 10:17:43,335 - INFO - composites.py:298 - Downstream STAC items from Planetary Computer
2025-12-01 10:17:43,335 - INFO - timeseries_processing.py:115 -                                  
2025-12-01 10:17:43,335 - INFO - timeseries_processing.py:116 - Loading bands of diferent resolutions in EPSG:32634
2025-12-01 10:17:43,335 - INFO - timeseries_processing.py:120 -     Filtering items with native UTM EPSG:32634
2025-12-01 10:17:43,335 - INFO - timeseries_processing.py:122 -     25 Items in EPSG:32634
2025-12-01 10:17:43,335 - INFO - timeseries_processing.py:129 -                        
2025-12-01 10:17:43,335 - INFO - timeseries_processing.py:130 -     Loading parameters:
2025-12-01 10:17:43,335 - INFO - timeseries_processing.py:131 -         Bands: ['B05', 'B07', 'B8A', 'SCL']
2025-12-01 10:17:43,335 - INFO - timeseries_processing.py:132 -         Spatial resolution: 20
2025-12-01 10:17:43,335 - INFO - timeseries_processing.py:134 -         Get Assets from STAC Items
2025-12-01 10:17:43,335 - INFO - timeseries_processing.py:47 -         Initialize the STAC client
2025-12-01 10:17:44,125 - INFO - timeseries_processing.py:137 -         Loading 25 STAC Items....
2025-12-01 10:19:46,473 - INFO - timeseries_processing.py:146 -         Cube has been downloaded
2025-12-01 10:19:46,474 - INFO - timeseries_processing.py:156 -         Fix order of dimensions
2025-12-01 10:19:46,476 - INFO - timeseries_processing.py:161 -         Append bands to the band-list of EPSG:32634
2025-12-01 10:19:46,476 - INFO - timeseries_processing.py:129 -                        
2025-12-01 10:19:46,477 - INFO - timeseries_processing.py:130 -     Loading parameters:
2025-12-01 10:19:46,477 - INFO - timeseries_processing.py:131 -         Bands: ['B02', 'B03', 'B04']
2025-12-01 10:19:46,484 - INFO - timeseries_processing.py:132 -         Spatial resolution: 10
2025-12-01 10:19:46,484 - INFO - timeseries_processing.py:134 -         Get Assets from STAC Items
2025-12-01 10:19:46,484 - INFO - timeseries_processing.py:47 -         Initialize the STAC client
2025-12-01 10:19:47,156 - INFO - timeseries_processing.py:137 -         Loading 25 STAC Items....
2025-12-01 11:05:28,478 - INFO - timeseries_processing.py:146 -         Cube has been downloaded
2025-12-01 11:05:28,493 - INFO - timeseries_processing.py:149 -         Reproject to downsample 10m bands to 20m by Resampling.average 2x2 binning and shape matching with odc.geo.GeoBox
2025-12-01 11:05:50,650 - INFO - timeseries_processing.py:161 -         Append bands to the band-list of EPSG:32634
2025-12-01 11:05:50,650 - INFO - timeseries_processing.py:165 -                        
2025-12-01 11:05:50,650 - INFO - timeseries_processing.py:166 -     Merging bands in a single dataset
2025-12-01 11:05:50,650 - INFO - timeseries_processing.py:167 -     Ensure all partial datasets are at (x=20, y=-20) resolution
2025-12-01 11:05:50,650 - INFO - timeseries_processing.py:171 -     Clip to the intersection of indexes
2025-12-01 11:05:51,812 - INFO - timeseries_processing.py:180 -     Make a list of bands to merge
2025-12-01 11:05:51,812 - INFO - timeseries_processing.py:184 -     Merge on intersection
2025-12-01 11:05:51,814 - INFO - timeseries_processing.py:192 -     Apply masks on clouds, shadows, thin cirrus, and snow/ice
2025-12-01 11:05:51,814 - INFO - sentinel2.py:122 -                Masking bits: [3, 7, 8, 9, 10, 11]
2025-12-01 11:05:53,799 - INFO - composites.py:307 - Reproject from UTM Zone to Tile geometry -> CRS(EPSG:32634), Resampling.bilinear
2025-12-01 11:06:03,875 - INFO - composites.py:310 -     New shape of datasets: Shape2d(x=2400, y=2400)
2025-12-01 11:06:05,148 - INFO - composites.py:329 - Scale SR to Sen2Cor Baseline 4.00 - Subtract 1000 in dates post 2022-01-25
2025-12-01 11:06:07,381 - INFO - composites.py:342 - Creating preview plot of input scenes
2025-12-01 11:06:53,115 - INFO - timeseries_processing.py:349 - Saved preview for 'B04' to //nas-rs.topo.auth.gr/Latomeia/DROUGHT/composites/x07/y11/2025/05/01/S2L2A_medcomp_x07y11_202505_InDataPreview.jpeg
2025-12-01 11:06:53,129 - INFO - composites.py:348 - Clip value range
2025-12-01 11:06:56,244 - INFO - composites.py:353 -                           
2025-12-01 11:06:56,259 - INFO - composites.py:354 - Computing spectral indices:
2025-12-01 11:06:56,260 - INFO - composites.py:357 -     EVI...
2025-12-01 11:06:58,318 - INFO - composites.py:359 -     NDVI...
2025-12-01 11:06:58,989 - INFO - composites.py:361 -     PSRI2...
2025-12-01 11:06:59,507 - INFO - composites.py:364 - Clip to typical value range
2025-12-01 11:07:00,130 - INFO - composites.py:371 - Reducing to median value temporal composite
2025-12-01 11:07:30,072 - INFO - composites.py:390 - Scale and Define data types & nodata per band
2025-12-01 11:07:30,247 - INFO - composites.py:411 - Assign time range and tile ID in metadata
2025-12-01 11:07:30,247 - INFO - composites.py:419 - Write bands to raster COG files
2025-12-01 11:07:34,778 - INFO - composites.py:432 - Write B02 -> //nas-rs.topo.auth.gr/Latomeia/DROUGHT/composites/x07/y11/2025/05/01/S2L2A_medcomp_x07y11_202505_B02.tif
2025-12-01 11:07:39,617 - INFO - composites.py:432 - Write B03 -> //nas-rs.topo.auth.gr/Latomeia/DROUGHT/composites/x07/y11/2025/05/01/S2L2A_medcomp_x07y11_202505_B03.tif
2025-12-01 11:07:44,093 - INFO - composites.py:432 - Write B04 -> //nas-rs.topo.auth.gr/Latomeia/DROUGHT/composites/x07/y11/2025/05/01/S2L2A_medcomp_x07y11_202505_B04.tif
2025-12-01 11:07:48,384 - INFO - composites.py:432 - Write B05 -> //nas-rs.topo.auth.gr/Latomeia/DROUGHT/composites/x07/y11/2025/05/01/S2L2A_medcomp_x07y11_202505_B05.tif
2025-12-01 11:07:52,958 - INFO - composites.py:432 - Write B07 -> //nas-rs.topo.auth.gr/Latomeia/DROUGHT/composites/x07/y11/2025/05/01/S2L2A_medcomp_x07y11_202505_B07.tif
2025-12-01 11:07:57,672 - INFO - composites.py:432 - Write B8A -> //nas-rs.topo.auth.gr/Latomeia/DROUGHT/composites/x07/y11/2025/05/01/S2L2A_medcomp_x07y11_202505_B8A.tif
2025-12-01 11:08:03,219 - INFO - composites.py:432 - Write EVI -> //nas-rs.topo.auth.gr/Latomeia/DROUGHT/composites/x07/y11/2025/05/01/S2L2A_medcomp_x07y11_202505_EVI.tif
2025-12-01 11:08:07,944 - INFO - composites.py:432 - Write NDVI -> //nas-rs.topo.auth.gr/Latomeia/DROUGHT/composites/x07/y11/2025/05/01/S2L2A_medcomp_x07y11_202505_NDVI.tif
2025-12-01 11:08:12,560 - INFO - composites.py:432 - Write PSRI2 -> //nas-rs.topo.auth.gr/Latomeia/DROUGHT/composites/x07/y11/2025/05/01/S2L2A_medcomp_x07y11_202505_PSRI2.tif
2025-12-01 11:08:12,560 - INFO - composites.py:436 - Prepare metadata YAML document
2025-12-01 11:08:13,254 - INFO - composites.py:458 - Write metadata YAML document to disk
2025-12-01 11:08:13,313 - INFO - composites.py:463 - Create datacube.model.Dataset from eo3 metadata
2025-12-01 11:08:13,324 - INFO - composites.py:476 - Index to datacube
2025-12-01 11:08:13,324 - INFO - _datasets.py:191 - Indexing 8716a9d8-f607-48fe-99dd-4937de813864
2025-12-01 11:08:13,333 - INFO - composites.py:479 - 
2025-12-01 11:08:13,333 - INFO - composites.py:480 -              ✔✔✔ COMPLETED: Tile x07_y11 | Time: 2025-05 | In 53.57 minutes
2025-12-01 11:08:13,333 - INFO - composites.py:481 - 
2025-12-01 11:08:13,333 - INFO - composites.py:489 - Closing Dask client
2025-12-01 11:08:13,337 - INFO - composites.py:493 - Closing Dask cluster
2025-12-01 11:08:13,337 - INFO - composites.py:494 - #######################################################################
