2025-09-02 13:35:37,902 - INFO - composites.py:102 - #######################################################################
2025-09-02 13:35:37,902 - INFO - composites.py:104 - Processing started
2025-09-02 13:35:37,902 - INFO - composites.py:105 -         Tile: x08_y10
2025-09-02 13:35:37,902 - INFO - composites.py:106 -         Time: 2024-10
2025-09-02 13:35:37,902 - INFO - composites.py:109 -                           
2025-09-02 13:35:37,902 - INFO - composites.py:110 - Establishing connection to datacube
2025-09-02 13:35:38,451 - INFO - composites.py:113 -                           
2025-09-02 13:35:38,451 - INFO - composites.py:114 - Sanity test: Check if dataset already exists in the datacube
2025-09-02 13:35:38,472 - INFO - composites.py:133 - The composite requested was not found and it will be computed
2025-09-02 13:35:38,472 - INFO - composites.py:136 -                                  
2025-09-02 13:35:38,472 - INFO - composites.py:137 - Initializing Dask cluster for parallelization
2025-09-02 13:35:43,589 - INFO - composites.py:161 - Dask dashboard is available at: http://127.0.0.1:8787/status
2025-09-02 13:35:43,589 - INFO - composites.py:164 - Create directories and naming conversions
2025-09-02 13:35:43,600 - INFO - composites.py:177 - Dataset location: //nas-rs.topo.auth.gr/Latomeia/DROUGHT/composites/x08/y10/2024/10/01
2025-09-02 13:35:43,600 - INFO - composites.py:180 -                           
2025-09-02 13:35:43,600 - INFO - composites.py:181 - Retrieve tile geometry
2025-09-02 13:35:43,640 - INFO - composites.py:192 - Create the Bounding Box (φ,λ)
2025-09-02 13:35:43,640 - INFO - composites.py:198 - Create the Bounding Box (x,y)
2025-09-02 13:35:43,640 - INFO - composites.py:211 -                           
2025-09-02 13:35:43,640 - INFO - composites.py:212 - Connect to Planetary Computer STAC Catalog
2025-09-02 13:35:43,931 - INFO - composites.py:220 - Search the STAC Catalog
2025-09-02 13:35:44,002 - INFO - composites.py:232 -         Query parameters:
2025-09-02 13:35:44,002 - INFO - composites.py:233 -             url:          https://planetarycomputer.microsoft.com/api/stac/v1/search
2025-09-02 13:35:44,002 - INFO - composites.py:234 -             client:       microsoft-pc
2025-09-02 13:35:44,002 - INFO - composites.py:235 -             collection:   sentinel-2-l2a
2025-09-02 13:35:44,002 - INFO - composites.py:236 -             bbox:         (21.39721400014901, 37.8618519319046, 22.06142649589928, 38.40819969704171)
2025-09-02 13:35:44,002 - INFO - composites.py:237 -             time range:   2024-10-01T00:00:00Z/2024-10-31T23:59:59Z
2025-09-02 13:35:44,002 - INFO - composites.py:238 -             cloud cover:  0% - 70%
2025-09-02 13:35:44,002 - INFO - composites.py:239 -             nodata cover: 0% - 33%
2025-09-02 13:35:44,002 - INFO - composites.py:241 -                           
2025-09-02 13:35:44,003 - INFO - composites.py:242 - Searching...
2025-09-02 13:35:44,466 - INFO - composites.py:245 - Query found 10 items
2025-09-02 13:35:44,466 - INFO - composites.py:247 - Searching for GRI REFINED scenes:
2025-09-02 13:35:49,641 - INFO - sentinel2.py:78 - 1/10 - S2A_MSIL2A_20241029T092111_R093_T34SEH_20241029T123853 -> NOT_REFINED
2025-09-02 13:35:55,276 - INFO - sentinel2.py:78 - 2/10 - S2A_MSIL2A_20241029T092111_R093_T34SEG_20241029T123853 -> NOT_REFINED
2025-09-02 13:36:00,949 - INFO - sentinel2.py:78 - 3/10 - S2B_MSIL2A_20241024T091939_R093_T34SEH_20241024T105557 -> NOT_REFINED
2025-09-02 13:36:07,037 - INFO - sentinel2.py:78 - 4/10 - S2B_MSIL2A_20241024T091939_R093_T34SEG_20241024T105557 -> NOT_REFINED
2025-09-02 13:36:12,967 - INFO - sentinel2.py:78 - 5/10 - S2B_MSIL2A_20241014T092029_R093_T34SEH_20241014T121124 -> NOT_REFINED
2025-09-02 13:36:18,488 - INFO - sentinel2.py:78 - 6/10 - S2B_MSIL2A_20241014T092029_R093_T34SEG_20241014T121124 -> NOT_REFINED
2025-09-02 13:36:24,009 - INFO - sentinel2.py:78 - 7/10 - S2A_MSIL2A_20241009T092031_R093_T34SEH_20241009T135549 -> NOT_REFINED
2025-09-02 13:36:29,615 - INFO - sentinel2.py:78 - 8/10 - S2A_MSIL2A_20241009T092031_R093_T34SEG_20241009T135549 -> NOT_REFINED
2025-09-02 13:36:35,689 - INFO - sentinel2.py:78 - 9/10 - S2B_MSIL2A_20241004T092029_R093_T34SEH_20241004T121058 -> NOT_REFINED
2025-09-02 13:36:41,590 - INFO - sentinel2.py:78 - 10/10 - S2B_MSIL2A_20241004T092029_R093_T34SEG_20241004T121058 -> NOT_REFINED
2025-09-02 13:36:41,631 - INFO - composites.py:250 -                                  
2025-09-02 13:36:41,632 - INFO - composites.py:251 - 0/10 were refined by GRI.
2025-09-02 13:36:41,632 - WARNING - composites.py:255 - Tile x08_y10 | Time: 2024-10: All scenes are flagged NOT REFINED.
2025-09-02 13:36:41,632 - WARNING - composites.py:256 - Tile x08_y10 | Time: 2024-10: The composite will be flagged with _NOREFINED.
2025-09-02 13:36:41,634 - INFO - composites.py:263 - Looking for up to 10 cleanest images within spatiotemporal range of each MGRS tile
2025-09-02 13:36:41,634 - INFO - composites.py:277 - Filtered cleanest scenes: Kept 10 out of 10 items. 
2025-09-02 13:36:41,644 - INFO - composites.py:278 -         Included MGRS Tiles: ['34SEG' '34SEH']
2025-09-02 13:36:41,660 - INFO - composites.py:279 -         Included EPSG codes: [32634]
2025-09-02 13:36:41,660 - INFO - composites.py:281 - Selected scenes:
2025-09-02 13:36:41,660 - INFO - composites.py:283 -         S2A_MSIL2A_20241029T092111_R093_T34SEG_20241029T123853
2025-09-02 13:36:41,660 - INFO - composites.py:283 -         S2B_MSIL2A_20241024T091939_R093_T34SEG_20241024T105557
2025-09-02 13:36:41,660 - INFO - composites.py:283 -         S2B_MSIL2A_20241004T092029_R093_T34SEG_20241004T121058
2025-09-02 13:36:41,660 - INFO - composites.py:283 -         S2B_MSIL2A_20241014T092029_R093_T34SEG_20241014T121124
2025-09-02 13:36:41,660 - INFO - composites.py:283 -         S2A_MSIL2A_20241009T092031_R093_T34SEG_20241009T135549
2025-09-02 13:36:41,661 - INFO - composites.py:283 -         S2A_MSIL2A_20241029T092111_R093_T34SEH_20241029T123853
2025-09-02 13:36:41,661 - INFO - composites.py:283 -         S2B_MSIL2A_20241024T091939_R093_T34SEH_20241024T105557
2025-09-02 13:36:41,661 - INFO - composites.py:283 -         S2B_MSIL2A_20241004T092029_R093_T34SEH_20241004T121058
2025-09-02 13:36:41,661 - INFO - composites.py:283 -         S2B_MSIL2A_20241014T092029_R093_T34SEH_20241014T121124
2025-09-02 13:36:41,661 - INFO - composites.py:283 -         S2A_MSIL2A_20241009T092031_R093_T34SEH_20241009T135549
2025-09-02 13:36:42,008 - INFO - sentinel2.py:154 - Matplotlib backend: Agg
2025-09-02 13:36:42,202 - INFO - sentinel2.py:224 - Write input scenes footprint overlay: //nas-rs.topo.auth.gr/Latomeia/DROUGHT/composites/x08/y10/2024/10/01/S2L2A_medcomp_x08y10_202410_InDataFootprint.jpeg
2025-09-02 13:36:42,411 - INFO - composites.py:297 -                                  
2025-09-02 13:36:42,411 - INFO - composites.py:298 - Downstream STAC items from Planetary Computer
2025-09-02 13:36:42,411 - INFO - timeseries_processing.py:115 -                                  
2025-09-02 13:36:42,411 - INFO - timeseries_processing.py:116 - Loading bands of diferent resolutions in EPSG:32634
2025-09-02 13:36:42,411 - INFO - timeseries_processing.py:120 -     Filtering items with native UTM EPSG:32634
2025-09-02 13:36:42,411 - INFO - timeseries_processing.py:122 -     10 Items in EPSG:32634
2025-09-02 13:36:42,412 - INFO - timeseries_processing.py:129 -                        
2025-09-02 13:36:42,412 - INFO - timeseries_processing.py:130 -     Loading parameters:
2025-09-02 13:36:42,412 - INFO - timeseries_processing.py:131 -         Bands: ['B05', 'B07', 'B8A', 'SCL']
2025-09-02 13:36:42,412 - INFO - timeseries_processing.py:132 -         Spatial resolution: 20
2025-09-02 13:36:42,412 - INFO - timeseries_processing.py:134 -         Get Assets from STAC Items
2025-09-02 13:36:42,412 - INFO - timeseries_processing.py:47 -         Initialize the STAC client
2025-09-02 13:36:42,933 - INFO - timeseries_processing.py:137 -         Loading 10 STAC Items....
2025-09-02 13:37:38,532 - INFO - timeseries_processing.py:146 -         Cube has been downloaded
2025-09-02 13:37:38,532 - INFO - timeseries_processing.py:156 -         Fix order of dimensions
2025-09-02 13:37:38,534 - INFO - timeseries_processing.py:161 -         Append bands to the band-list of EPSG:32634
2025-09-02 13:37:38,547 - INFO - timeseries_processing.py:129 -                        
2025-09-02 13:37:38,549 - INFO - timeseries_processing.py:130 -     Loading parameters:
2025-09-02 13:37:38,549 - INFO - timeseries_processing.py:131 -         Bands: ['B02', 'B03', 'B04']
2025-09-02 13:37:38,549 - INFO - timeseries_processing.py:132 -         Spatial resolution: 10
2025-09-02 13:37:38,549 - INFO - timeseries_processing.py:134 -         Get Assets from STAC Items
2025-09-02 13:37:38,549 - INFO - timeseries_processing.py:47 -         Initialize the STAC client
2025-09-02 13:37:39,048 - INFO - timeseries_processing.py:137 -         Loading 10 STAC Items....
2025-09-02 13:38:49,931 - INFO - timeseries_processing.py:146 -         Cube has been downloaded
2025-09-02 13:38:49,931 - INFO - timeseries_processing.py:149 -         Reproject to downsample 10m bands to 20m by Resampling.average 2x2 binning and shape matching with odc.geo.GeoBox
2025-09-02 13:38:57,803 - INFO - timeseries_processing.py:161 -         Append bands to the band-list of EPSG:32634
2025-09-02 13:38:57,803 - INFO - timeseries_processing.py:165 -                        
2025-09-02 13:38:57,803 - INFO - timeseries_processing.py:166 -     Merging bands in a single dataset
2025-09-02 13:38:57,803 - INFO - timeseries_processing.py:167 -     Ensure all partial datasets are at (x=20, y=-20) resolution
2025-09-02 13:38:57,803 - INFO - timeseries_processing.py:171 -     Clip to the intersection of indexes
2025-09-02 13:38:59,026 - INFO - timeseries_processing.py:180 -     Make a list of bands to merge
2025-09-02 13:38:59,027 - INFO - timeseries_processing.py:184 -     Merge on intersection
2025-09-02 13:38:59,027 - INFO - timeseries_processing.py:192 -     Apply masks on clouds, shadows, thin cirrus, and snow/ice
2025-09-02 13:38:59,028 - INFO - sentinel2.py:122 -                Masking bits: [3, 7, 8, 9, 10, 11]
2025-09-02 13:38:59,694 - INFO - composites.py:307 - Reproject from UTM Zone to Tile geometry -> CRS(EPSG:32634), Resampling.bilinear
2025-09-02 13:39:03,164 - INFO - composites.py:310 -     New shape of datasets: Shape2d(x=2400, y=2400)
2025-09-02 13:39:03,676 - INFO - composites.py:329 - Scale SR to Sen2Cor Baseline 4.00 - Subtract 1000 in dates post 2022-01-25
2025-09-02 13:39:04,473 - INFO - composites.py:342 - Creating preview plot of input scenes
2025-09-02 13:39:29,489 - INFO - timeseries_processing.py:349 - Saved preview for 'B04' to //nas-rs.topo.auth.gr/Latomeia/DROUGHT/composites/x08/y10/2024/10/01/S2L2A_medcomp_x08y10_202410_InDataPreview.jpeg
2025-09-02 13:39:29,498 - INFO - composites.py:348 - Clip value range
2025-09-02 13:39:30,575 - INFO - composites.py:353 -                           
2025-09-02 13:39:30,580 - INFO - composites.py:354 - Computing spectral indices:
2025-09-02 13:39:30,580 - INFO - composites.py:357 -     EVI...
2025-09-02 13:39:31,229 - INFO - composites.py:359 -     NDVI...
2025-09-02 13:39:31,464 - INFO - composites.py:361 -     PSRI2...
2025-09-02 13:39:31,611 - INFO - composites.py:364 - Clip to typical value range
2025-09-02 13:39:31,780 - INFO - composites.py:371 - Reducing to median value temporal composite
2025-09-02 13:39:57,310 - INFO - composites.py:390 - Scale and Define data types & nodata per band
2025-09-02 13:39:57,435 - INFO - composites.py:411 - Assign time range and tile ID in metadata
2025-09-02 13:39:57,435 - INFO - composites.py:419 - Write bands to raster COG files
2025-09-02 13:40:01,493 - INFO - composites.py:432 - Write B02 -> //nas-rs.topo.auth.gr/Latomeia/DROUGHT/composites/x08/y10/2024/10/01/S2L2A_medcomp_x08y10_202410_B02.tif
2025-09-02 13:40:05,495 - INFO - composites.py:432 - Write B03 -> //nas-rs.topo.auth.gr/Latomeia/DROUGHT/composites/x08/y10/2024/10/01/S2L2A_medcomp_x08y10_202410_B03.tif
2025-09-02 13:40:09,532 - INFO - composites.py:432 - Write B04 -> //nas-rs.topo.auth.gr/Latomeia/DROUGHT/composites/x08/y10/2024/10/01/S2L2A_medcomp_x08y10_202410_B04.tif
2025-09-02 13:40:13,564 - INFO - composites.py:432 - Write B05 -> //nas-rs.topo.auth.gr/Latomeia/DROUGHT/composites/x08/y10/2024/10/01/S2L2A_medcomp_x08y10_202410_B05.tif
2025-09-02 13:40:18,257 - INFO - composites.py:432 - Write B07 -> //nas-rs.topo.auth.gr/Latomeia/DROUGHT/composites/x08/y10/2024/10/01/S2L2A_medcomp_x08y10_202410_B07.tif
2025-09-02 13:40:22,368 - INFO - composites.py:432 - Write B8A -> //nas-rs.topo.auth.gr/Latomeia/DROUGHT/composites/x08/y10/2024/10/01/S2L2A_medcomp_x08y10_202410_B8A.tif
2025-09-02 13:40:26,359 - INFO - composites.py:432 - Write EVI -> //nas-rs.topo.auth.gr/Latomeia/DROUGHT/composites/x08/y10/2024/10/01/S2L2A_medcomp_x08y10_202410_EVI.tif
2025-09-02 13:40:30,395 - INFO - composites.py:432 - Write NDVI -> //nas-rs.topo.auth.gr/Latomeia/DROUGHT/composites/x08/y10/2024/10/01/S2L2A_medcomp_x08y10_202410_NDVI.tif
2025-09-02 13:40:34,742 - INFO - composites.py:432 - Write PSRI2 -> //nas-rs.topo.auth.gr/Latomeia/DROUGHT/composites/x08/y10/2024/10/01/S2L2A_medcomp_x08y10_202410_PSRI2.tif
2025-09-02 13:40:34,742 - INFO - composites.py:436 - Prepare metadata YAML document
2025-09-02 13:40:35,259 - INFO - composites.py:458 - Write metadata YAML document to disk
2025-09-02 13:40:35,280 - INFO - composites.py:463 - Create datacube.model.Dataset from eo3 metadata
2025-09-02 13:40:35,290 - INFO - composites.py:476 - Index to datacube
2025-09-02 13:40:35,290 - INFO - _datasets.py:191 - Indexing 51b374e9-ce81-478c-9a41-a2afafd057fb
2025-09-02 13:40:35,299 - INFO - composites.py:479 - 
2025-09-02 13:40:35,299 - INFO - composites.py:480 -              ✔✔✔ COMPLETED: Tile x08_y10 | Time: 2024-10 | In 4.96 minutes
2025-09-02 13:40:35,299 - INFO - composites.py:481 - 
2025-09-02 13:40:35,299 - INFO - composites.py:489 - Closing Dask client
2025-09-02 13:40:35,300 - INFO - composites.py:493 - Closing Dask cluster
2025-09-02 13:40:35,300 - INFO - composites.py:494 - #######################################################################
