2025-09-02 21:06:01,386 - INFO - composites.py:102 - #######################################################################
2025-09-02 21:06:01,386 - INFO - composites.py:104 - Processing started
2025-09-02 21:06:01,386 - INFO - composites.py:105 -         Tile: x10_y08
2025-09-02 21:06:01,386 - INFO - composites.py:106 -         Time: 2024-12
2025-09-02 21:06:01,386 - INFO - composites.py:109 -                           
2025-09-02 21:06:01,387 - INFO - composites.py:110 - Establishing connection to datacube
2025-09-02 21:06:01,913 - INFO - composites.py:113 -                           
2025-09-02 21:06:01,913 - INFO - composites.py:114 - Sanity test: Check if dataset already exists in the datacube
2025-09-02 21:06:01,934 - INFO - composites.py:133 - The composite requested was not found and it will be computed
2025-09-02 21:06:01,934 - INFO - composites.py:136 -                                  
2025-09-02 21:06:01,934 - INFO - composites.py:137 - Initializing Dask cluster for parallelization
2025-09-02 21:06:07,215 - INFO - composites.py:161 - Dask dashboard is available at: http://127.0.0.1:8787/status
2025-09-02 21:06:07,217 - INFO - composites.py:164 - Create directories and naming conversions
2025-09-02 21:06:07,228 - INFO - composites.py:177 - Dataset location: //nas-rs.topo.auth.gr/Latomeia/DROUGHT/composites/x10/y08/2024/12/01
2025-09-02 21:06:07,228 - INFO - composites.py:180 -                           
2025-09-02 21:06:07,229 - INFO - composites.py:181 - Retrieve tile geometry
2025-09-02 21:06:07,264 - INFO - composites.py:192 - Create the Bounding Box (φ,λ)
2025-09-02 21:06:07,264 - INFO - composites.py:198 - Create the Bounding Box (x,y)
2025-09-02 21:06:07,264 - INFO - composites.py:211 -                           
2025-09-02 21:06:07,264 - INFO - composites.py:212 - Connect to Planetary Computer STAC Catalog
2025-09-02 21:06:07,482 - INFO - composites.py:220 - Search the STAC Catalog
2025-09-02 21:06:07,556 - INFO - composites.py:232 -         Query parameters:
2025-09-02 21:06:07,556 - INFO - composites.py:233 -             url:          https://planetarycomputer.microsoft.com/api/stac/v1/search
2025-09-02 21:06:07,557 - INFO - composites.py:234 -             client:       microsoft-pc
2025-09-02 21:06:07,557 - INFO - composites.py:235 -             collection:   sentinel-2-l2a
2025-09-02 21:06:07,557 - INFO - composites.py:236 -             bbox:         (22.316206507160903, 36.86212166478193, 22.975825813790852, 37.413146481379215)
2025-09-02 21:06:07,557 - INFO - composites.py:237 -             time range:   2024-12-01T00:00:00Z/2024-12-31T23:59:59Z
2025-09-02 21:06:07,557 - INFO - composites.py:238 -             cloud cover:  0% - 70%
2025-09-02 21:06:07,557 - INFO - composites.py:239 -             nodata cover: 0% - 33%
2025-09-02 21:06:07,557 - INFO - composites.py:241 -                           
2025-09-02 21:06:07,557 - INFO - composites.py:242 - Searching...
2025-09-02 21:06:07,977 - INFO - composites.py:245 - Query found 15 items
2025-09-02 21:06:07,978 - INFO - composites.py:247 - Searching for GRI REFINED scenes:
2025-09-02 21:06:11,727 - INFO - sentinel2.py:78 - 1/15 - S2B_MSIL2A_20241230T091309_R050_T34SFG_20241230T101149 -> REFINED
2025-09-02 21:06:15,825 - INFO - sentinel2.py:78 - 2/15 - S2B_MSIL2A_20241230T091309_R050_T34SFF_20241230T101149 -> REFINED
2025-09-02 21:06:19,278 - INFO - sentinel2.py:78 - 3/15 - S2A_MSIL2A_20241228T092411_R093_T34SFG_20241228T124054 -> REFINED
2025-09-02 21:06:23,469 - INFO - sentinel2.py:78 - 4/15 - S2A_MSIL2A_20241228T092411_R093_T34SFF_20241228T124054 -> REFINED
2025-09-02 21:06:28,088 - INFO - sentinel2.py:78 - 5/15 - S2B_MSIL2A_20241223T092319_R093_T34SFF_20241223T115136 -> REFINED
2025-09-02 21:06:31,443 - INFO - sentinel2.py:78 - 6/15 - S2B_MSIL2A_20241220T091309_R050_T34SFG_20241220T101331 -> REFINED
2025-09-02 21:06:35,555 - INFO - sentinel2.py:78 - 7/15 - S2B_MSIL2A_20241220T091309_R050_T34SFF_20241220T101331 -> REFINED
2025-09-02 21:06:39,963 - INFO - sentinel2.py:78 - 8/15 - S2A_MSIL2A_20241218T092411_R093_T34SFG_20241218T133205 -> REFINED
2025-09-02 21:06:43,078 - INFO - sentinel2.py:78 - 9/15 - S2A_MSIL2A_20241218T092411_R093_T34SFF_20241218T133205 -> REFINED
2025-09-02 21:06:47,838 - INFO - sentinel2.py:78 - 10/15 - S2B_MSIL2A_20241213T092309_R093_T34SFG_20241213T115257 -> REFINED
2025-09-02 21:06:52,362 - INFO - sentinel2.py:78 - 11/15 - S2B_MSIL2A_20241213T092309_R093_T34SFF_20241213T115257 -> REFINED
2025-09-02 21:06:55,612 - INFO - sentinel2.py:78 - 12/15 - S2B_MSIL2A_20241210T091309_R050_T34SFG_20241210T101328 -> REFINED
2025-09-02 21:07:00,207 - INFO - sentinel2.py:78 - 13/15 - S2B_MSIL2A_20241210T091309_R050_T34SFF_20241210T101328 -> REFINED
2025-09-02 21:07:03,704 - INFO - sentinel2.py:78 - 14/15 - S2B_MSIL2A_20241203T092259_R093_T34SFG_20241203T105527 -> REFINED
2025-09-02 21:07:07,763 - INFO - sentinel2.py:78 - 15/15 - S2B_MSIL2A_20241203T092259_R093_T34SFF_20241203T105527 -> REFINED
2025-09-02 21:07:07,795 - INFO - composites.py:250 -                                  
2025-09-02 21:07:07,795 - INFO - composites.py:251 - 15/15 were refined by GRI.
2025-09-02 21:07:07,795 - INFO - composites.py:263 - Looking for up to 10 cleanest images within spatiotemporal range of each MGRS tile
2025-09-02 21:07:07,796 - INFO - composites.py:277 - Filtered cleanest scenes: Kept 15 out of 15 items. 
2025-09-02 21:07:07,796 - INFO - composites.py:278 -         Included MGRS Tiles: ['34SFF' '34SFG']
2025-09-02 21:07:07,797 - INFO - composites.py:279 -         Included EPSG codes: [32634]
2025-09-02 21:07:07,797 - INFO - composites.py:281 - Selected scenes:
2025-09-02 21:07:07,797 - INFO - composites.py:283 -         S2A_MSIL2A_20241218T092411_R093_T34SFF_20241218T133205
2025-09-02 21:07:07,797 - INFO - composites.py:283 -         S2B_MSIL2A_20241213T092309_R093_T34SFF_20241213T115257
2025-09-02 21:07:07,797 - INFO - composites.py:283 -         S2B_MSIL2A_20241203T092259_R093_T34SFF_20241203T105527
2025-09-02 21:07:07,797 - INFO - composites.py:283 -         S2B_MSIL2A_20241230T091309_R050_T34SFF_20241230T101149
2025-09-02 21:07:07,797 - INFO - composites.py:283 -         S2A_MSIL2A_20241228T092411_R093_T34SFF_20241228T124054
2025-09-02 21:07:07,802 - INFO - composites.py:283 -         S2B_MSIL2A_20241210T091309_R050_T34SFF_20241210T101328
2025-09-02 21:07:07,803 - INFO - composites.py:283 -         S2B_MSIL2A_20241220T091309_R050_T34SFF_20241220T101331
2025-09-02 21:07:07,803 - INFO - composites.py:283 -         S2B_MSIL2A_20241223T092319_R093_T34SFF_20241223T115136
2025-09-02 21:07:07,803 - INFO - composites.py:283 -         S2B_MSIL2A_20241230T091309_R050_T34SFG_20241230T101149
2025-09-02 21:07:07,803 - INFO - composites.py:283 -         S2A_MSIL2A_20241218T092411_R093_T34SFG_20241218T133205
2025-09-02 21:07:07,803 - INFO - composites.py:283 -         S2B_MSIL2A_20241213T092309_R093_T34SFG_20241213T115257
2025-09-02 21:07:07,803 - INFO - composites.py:283 -         S2A_MSIL2A_20241228T092411_R093_T34SFG_20241228T124054
2025-09-02 21:07:07,803 - INFO - composites.py:283 -         S2B_MSIL2A_20241203T092259_R093_T34SFG_20241203T105527
2025-09-02 21:07:07,803 - INFO - composites.py:283 -         S2B_MSIL2A_20241210T091309_R050_T34SFG_20241210T101328
2025-09-02 21:07:07,803 - INFO - composites.py:283 -         S2B_MSIL2A_20241220T091309_R050_T34SFG_20241220T101331
2025-09-02 21:07:08,169 - INFO - sentinel2.py:154 - Matplotlib backend: Agg
2025-09-02 21:07:08,427 - INFO - sentinel2.py:224 - Write input scenes footprint overlay: //nas-rs.topo.auth.gr/Latomeia/DROUGHT/composites/x10/y08/2024/12/01/S2L2A_medcomp_x10y08_202412_InDataFootprint.jpeg
2025-09-02 21:07:08,697 - INFO - composites.py:297 -                                  
2025-09-02 21:07:08,697 - INFO - composites.py:298 - Downstream STAC items from Planetary Computer
2025-09-02 21:07:08,697 - INFO - timeseries_processing.py:115 -                                  
2025-09-02 21:07:08,697 - INFO - timeseries_processing.py:116 - Loading bands of diferent resolutions in EPSG:32634
2025-09-02 21:07:08,697 - INFO - timeseries_processing.py:120 -     Filtering items with native UTM EPSG:32634
2025-09-02 21:07:08,698 - INFO - timeseries_processing.py:122 -     15 Items in EPSG:32634
2025-09-02 21:07:08,698 - INFO - timeseries_processing.py:129 -                        
2025-09-02 21:07:08,698 - INFO - timeseries_processing.py:130 -     Loading parameters:
2025-09-02 21:07:08,698 - INFO - timeseries_processing.py:131 -         Bands: ['B05', 'B07', 'B8A', 'SCL']
2025-09-02 21:07:08,698 - INFO - timeseries_processing.py:132 -         Spatial resolution: 20
2025-09-02 21:07:08,698 - INFO - timeseries_processing.py:134 -         Get Assets from STAC Items
2025-09-02 21:07:08,698 - INFO - timeseries_processing.py:47 -         Initialize the STAC client
2025-09-02 21:07:09,231 - INFO - timeseries_processing.py:137 -         Loading 15 STAC Items....
2025-09-02 21:08:35,011 - INFO - timeseries_processing.py:146 -         Cube has been downloaded
2025-09-02 21:08:35,011 - INFO - timeseries_processing.py:156 -         Fix order of dimensions
2025-09-02 21:08:35,014 - INFO - timeseries_processing.py:161 -         Append bands to the band-list of EPSG:32634
2025-09-02 21:08:35,015 - INFO - timeseries_processing.py:129 -                        
2025-09-02 21:08:35,015 - INFO - timeseries_processing.py:130 -     Loading parameters:
2025-09-02 21:08:35,015 - INFO - timeseries_processing.py:131 -         Bands: ['B02', 'B03', 'B04']
2025-09-02 21:08:35,016 - INFO - timeseries_processing.py:132 -         Spatial resolution: 10
2025-09-02 21:08:35,016 - INFO - timeseries_processing.py:134 -         Get Assets from STAC Items
2025-09-02 21:08:35,020 - INFO - timeseries_processing.py:47 -         Initialize the STAC client
2025-09-02 21:08:35,571 - INFO - timeseries_processing.py:137 -         Loading 15 STAC Items....
2025-09-02 21:12:13,401 - INFO - timeseries_processing.py:146 -         Cube has been downloaded
2025-09-02 21:12:13,401 - INFO - timeseries_processing.py:149 -         Reproject to downsample 10m bands to 20m by Resampling.average 2x2 binning and shape matching with odc.geo.GeoBox
2025-09-02 21:12:25,507 - INFO - timeseries_processing.py:161 -         Append bands to the band-list of EPSG:32634
2025-09-02 21:12:25,507 - INFO - timeseries_processing.py:165 -                        
2025-09-02 21:12:25,507 - INFO - timeseries_processing.py:166 -     Merging bands in a single dataset
2025-09-02 21:12:25,507 - INFO - timeseries_processing.py:167 -     Ensure all partial datasets are at (x=20, y=-20) resolution
2025-09-02 21:12:25,507 - INFO - timeseries_processing.py:171 -     Clip to the intersection of indexes
2025-09-02 21:12:26,498 - INFO - timeseries_processing.py:180 -     Make a list of bands to merge
2025-09-02 21:12:26,500 - INFO - timeseries_processing.py:184 -     Merge on intersection
2025-09-02 21:12:26,501 - INFO - timeseries_processing.py:192 -     Apply masks on clouds, shadows, thin cirrus, and snow/ice
2025-09-02 21:12:26,502 - INFO - sentinel2.py:122 -                Masking bits: [3, 7, 8, 9, 10, 11]
2025-09-02 21:12:27,510 - INFO - composites.py:307 - Reproject from UTM Zone to Tile geometry -> CRS(EPSG:32634), Resampling.bilinear
2025-09-02 21:12:33,010 - INFO - composites.py:310 -     New shape of datasets: Shape2d(x=2400, y=2400)
2025-09-02 21:12:33,792 - INFO - composites.py:329 - Scale SR to Sen2Cor Baseline 4.00 - Subtract 1000 in dates post 2022-01-25
2025-09-02 21:12:35,251 - INFO - composites.py:342 - Creating preview plot of input scenes
2025-09-02 21:13:04,431 - INFO - timeseries_processing.py:349 - Saved preview for 'B04' to //nas-rs.topo.auth.gr/Latomeia/DROUGHT/composites/x10/y08/2024/12/01/S2L2A_medcomp_x10y08_202412_InDataPreview.jpeg
2025-09-02 21:13:04,435 - INFO - composites.py:348 - Clip value range
2025-09-02 21:13:06,056 - INFO - composites.py:353 -                           
2025-09-02 21:13:06,071 - INFO - composites.py:354 - Computing spectral indices:
2025-09-02 21:13:06,075 - INFO - composites.py:357 -     EVI...
2025-09-02 21:13:07,042 - INFO - composites.py:359 -     NDVI...
2025-09-02 21:13:07,371 - INFO - composites.py:361 -     PSRI2...
2025-09-02 21:13:07,623 - INFO - composites.py:364 - Clip to typical value range
2025-09-02 21:13:07,913 - INFO - composites.py:371 - Reducing to median value temporal composite
2025-09-02 21:13:34,371 - INFO - composites.py:390 - Scale and Define data types & nodata per band
2025-09-02 21:13:34,500 - INFO - composites.py:411 - Assign time range and tile ID in metadata
2025-09-02 21:13:34,500 - INFO - composites.py:419 - Write bands to raster COG files
2025-09-02 21:13:38,363 - INFO - composites.py:432 - Write B02 -> //nas-rs.topo.auth.gr/Latomeia/DROUGHT/composites/x10/y08/2024/12/01/S2L2A_medcomp_x10y08_202412_B02.tif
2025-09-02 21:13:42,892 - INFO - composites.py:432 - Write B03 -> //nas-rs.topo.auth.gr/Latomeia/DROUGHT/composites/x10/y08/2024/12/01/S2L2A_medcomp_x10y08_202412_B03.tif
2025-09-02 21:13:46,853 - INFO - composites.py:432 - Write B04 -> //nas-rs.topo.auth.gr/Latomeia/DROUGHT/composites/x10/y08/2024/12/01/S2L2A_medcomp_x10y08_202412_B04.tif
2025-09-02 21:13:50,782 - INFO - composites.py:432 - Write B05 -> //nas-rs.topo.auth.gr/Latomeia/DROUGHT/composites/x10/y08/2024/12/01/S2L2A_medcomp_x10y08_202412_B05.tif
2025-09-02 21:13:54,720 - INFO - composites.py:432 - Write B07 -> //nas-rs.topo.auth.gr/Latomeia/DROUGHT/composites/x10/y08/2024/12/01/S2L2A_medcomp_x10y08_202412_B07.tif
2025-09-02 21:13:58,645 - INFO - composites.py:432 - Write B8A -> //nas-rs.topo.auth.gr/Latomeia/DROUGHT/composites/x10/y08/2024/12/01/S2L2A_medcomp_x10y08_202412_B8A.tif
2025-09-02 21:14:02,487 - INFO - composites.py:432 - Write EVI -> //nas-rs.topo.auth.gr/Latomeia/DROUGHT/composites/x10/y08/2024/12/01/S2L2A_medcomp_x10y08_202412_EVI.tif
2025-09-02 21:14:06,392 - INFO - composites.py:432 - Write NDVI -> //nas-rs.topo.auth.gr/Latomeia/DROUGHT/composites/x10/y08/2024/12/01/S2L2A_medcomp_x10y08_202412_NDVI.tif
2025-09-02 21:14:10,217 - INFO - composites.py:432 - Write PSRI2 -> //nas-rs.topo.auth.gr/Latomeia/DROUGHT/composites/x10/y08/2024/12/01/S2L2A_medcomp_x10y08_202412_PSRI2.tif
2025-09-02 21:14:10,233 - INFO - composites.py:436 - Prepare metadata YAML document
2025-09-02 21:14:10,744 - INFO - composites.py:458 - Write metadata YAML document to disk
2025-09-02 21:14:10,773 - INFO - composites.py:463 - Create datacube.model.Dataset from eo3 metadata
2025-09-02 21:14:10,783 - INFO - composites.py:476 - Index to datacube
2025-09-02 21:14:10,783 - INFO - _datasets.py:191 - Indexing 229dfec0-4787-403b-ad94-167d7157f287
2025-09-02 21:14:10,792 - INFO - composites.py:479 - 
2025-09-02 21:14:10,792 - INFO - composites.py:480 -              ✔✔✔ COMPLETED: Tile x10_y08 | Time: 2024-12 | In 8.16 minutes
2025-09-02 21:14:10,792 - INFO - composites.py:481 - 
2025-09-02 21:14:10,792 - INFO - composites.py:489 - Closing Dask client
2025-09-02 21:14:10,794 - INFO - composites.py:493 - Closing Dask cluster
2025-09-02 21:14:10,794 - INFO - composites.py:494 - #######################################################################
