2025-12-01 11:46:53,857 - INFO - composites.py:102 - #######################################################################
2025-12-01 11:46:53,857 - INFO - composites.py:104 - Processing started
2025-12-01 11:46:53,857 - INFO - composites.py:105 -         Tile: x07_y11
2025-12-01 11:46:53,857 - INFO - composites.py:106 -         Time: 2025-07
2025-12-01 11:46:53,857 - INFO - composites.py:109 -                           
2025-12-01 11:46:53,857 - INFO - composites.py:110 - Establishing connection to datacube
2025-12-01 11:46:54,508 - INFO - composites.py:113 -                           
2025-12-01 11:46:54,508 - INFO - composites.py:114 - Sanity test: Check if dataset already exists in the datacube
2025-12-01 11:46:54,539 - INFO - composites.py:133 - The composite requested was not found and it will be computed
2025-12-01 11:46:54,539 - INFO - composites.py:136 -                                  
2025-12-01 11:46:54,539 - INFO - composites.py:137 - Initializing Dask cluster for parallelization
2025-12-01 11:46:59,900 - INFO - composites.py:161 - Dask dashboard is available at: http://127.0.0.1:8787/status
2025-12-01 11:46:59,900 - INFO - composites.py:164 - Create directories and naming conversions
2025-12-01 11:46:59,912 - INFO - composites.py:177 - Dataset location: //nas-rs.topo.auth.gr/Latomeia/DROUGHT/composites/x07/y11/2025/07/01
2025-12-01 11:46:59,913 - INFO - composites.py:180 -                           
2025-12-01 11:46:59,913 - INFO - composites.py:181 - Retrieve tile geometry
2025-12-01 11:46:59,947 - INFO - composites.py:192 - Create the Bounding Box (φ,λ)
2025-12-01 11:46:59,947 - INFO - composites.py:198 - Create the Bounding Box (x,y)
2025-12-01 11:46:59,947 - INFO - composites.py:211 -                           
2025-12-01 11:46:59,947 - INFO - composites.py:212 - Connect to Planetary Computer STAC Catalog
2025-12-01 11:47:00,239 - INFO - composites.py:220 - Search the STAC Catalog
2025-12-01 11:47:00,312 - INFO - composites.py:232 -         Query parameters:
2025-12-01 11:47:00,312 - INFO - composites.py:233 -             url:          https://planetarycomputer.microsoft.com/api/stac/v1/search
2025-12-01 11:47:00,312 - INFO - composites.py:234 -             client:       microsoft-pc
2025-12-01 11:47:00,312 - INFO - composites.py:235 -             collection:   sentinel-2-l2a
2025-12-01 11:47:00,314 - INFO - composites.py:236 -             bbox:         (20.928573606105775, 38.35819969704171, 21.59502923200265, 38.902149455513275)
2025-12-01 11:47:00,314 - INFO - composites.py:237 -             time range:   2025-07-01T00:00:00Z/2025-07-31T23:59:59Z
2025-12-01 11:47:00,314 - INFO - composites.py:238 -             cloud cover:  0% - 70%
2025-12-01 11:47:00,314 - INFO - composites.py:239 -             nodata cover: 0% - 33%
2025-12-01 11:47:00,314 - INFO - composites.py:241 -                           
2025-12-01 11:47:00,314 - INFO - composites.py:242 - Searching...
2025-12-01 11:47:01,092 - INFO - composites.py:245 - Query found 47 items
2025-12-01 11:47:01,092 - INFO - composites.py:247 - Searching for GRI REFINED scenes:
2025-12-01 11:47:04,917 - INFO - sentinel2.py:78 - 1/47 - S2A_MSIL2A_20250731T093151_R136_T34SDJ_20250731T121514 -> REFINED
2025-12-01 11:47:08,041 - INFO - sentinel2.py:78 - 2/47 - S2A_MSIL2A_20250731T093151_R136_T34SDH_20250731T121514 -> REFINED
2025-12-01 11:47:10,658 - INFO - sentinel2.py:78 - 3/47 - S2B_MSIL2A_20250731T092029_R093_T34SEH_20250731T115523 -> REFINED
2025-12-01 11:47:13,451 - INFO - sentinel2.py:78 - 4/47 - S2B_MSIL2A_20250731T092029_R093_T34SDH_20250731T115523 -> REFINED
2025-12-01 11:47:17,039 - INFO - sentinel2.py:78 - 5/47 - S2C_MSIL2A_20250729T093051_R136_T34SDJ_20250729T131756 -> REFINED
2025-12-01 11:47:20,065 - INFO - sentinel2.py:78 - 6/47 - S2C_MSIL2A_20250729T093051_R136_T34SDH_20250729T131756 -> REFINED
2025-12-01 11:47:22,595 - INFO - sentinel2.py:78 - 7/47 - S2A_MSIL2A_20250728T092231_R093_T34SEJ_20250728T111018 -> REFINED
2025-12-01 11:47:25,530 - INFO - sentinel2.py:78 - 8/47 - S2A_MSIL2A_20250728T092231_R093_T34SEH_20250728T111018 -> REFINED
2025-12-01 11:47:28,087 - INFO - sentinel2.py:78 - 9/47 - S2A_MSIL2A_20250728T092231_R093_T34SDH_20250728T111018 -> REFINED
2025-12-01 11:47:30,818 - INFO - sentinel2.py:78 - 10/47 - S2C_MSIL2A_20250726T092051_R093_T34SEJ_20250726T125415 -> REFINED
2025-12-01 11:47:33,458 - INFO - sentinel2.py:78 - 11/47 - S2C_MSIL2A_20250726T092051_R093_T34SEH_20250726T125415 -> REFINED
2025-12-01 11:47:37,098 - INFO - sentinel2.py:78 - 12/47 - S2C_MSIL2A_20250726T092051_R093_T34SDH_20250726T125415 -> REFINED
2025-12-01 11:47:40,897 - INFO - sentinel2.py:78 - 13/47 - S2B_MSIL2A_20250724T093039_R136_T34SDJ_20250724T121124 -> REFINED
2025-12-01 11:47:43,534 - INFO - sentinel2.py:78 - 14/47 - S2B_MSIL2A_20250724T093039_R136_T34SDH_20250724T121124 -> REFINED
2025-12-01 11:47:46,680 - INFO - sentinel2.py:78 - 15/47 - S2A_MSIL2A_20250721T093051_R136_T34SDJ_20250721T131822 -> REFINED
2025-12-01 11:47:50,206 - INFO - sentinel2.py:78 - 16/47 - S2A_MSIL2A_20250721T093051_R136_T34SDH_20250721T131822 -> REFINED
2025-12-01 11:47:52,985 - INFO - sentinel2.py:78 - 17/47 - S2B_MSIL2A_20250721T092029_R093_T34SEJ_20250721T120259 -> REFINED
2025-12-01 11:47:57,021 - INFO - sentinel2.py:78 - 18/47 - S2B_MSIL2A_20250721T092029_R093_T34SEH_20250721T120259 -> REFINED
2025-12-01 11:48:00,472 - INFO - sentinel2.py:78 - 19/47 - S2B_MSIL2A_20250721T092029_R093_T34SDH_20250721T120259 -> REFINED
2025-12-01 11:48:04,299 - INFO - sentinel2.py:78 - 20/47 - S2C_MSIL2A_20250719T093101_R136_T34SDJ_20250719T130112 -> REFINED
2025-12-01 11:48:07,524 - INFO - sentinel2.py:78 - 21/47 - S2C_MSIL2A_20250719T093101_R136_T34SDH_20250719T130112 -> REFINED
2025-12-01 11:48:11,222 - INFO - sentinel2.py:78 - 22/47 - S2A_MSIL2A_20250718T092051_R093_T34SEJ_20250718T125020 -> REFINED
2025-12-01 11:48:14,981 - INFO - sentinel2.py:78 - 23/47 - S2A_MSIL2A_20250718T092051_R093_T34SEH_20250718T125020 -> REFINED
2025-12-01 11:48:18,185 - INFO - sentinel2.py:78 - 24/47 - S2A_MSIL2A_20250718T092051_R093_T34SDH_20250718T125020 -> REFINED
2025-12-01 11:48:21,061 - INFO - sentinel2.py:78 - 25/47 - S2C_MSIL2A_20250716T092051_R093_T34SEJ_20250716T143214 -> REFINED
2025-12-01 11:48:24,664 - INFO - sentinel2.py:78 - 26/47 - S2C_MSIL2A_20250716T092051_R093_T34SEH_20250716T143214 -> REFINED
2025-12-01 11:48:27,852 - INFO - sentinel2.py:78 - 27/47 - S2C_MSIL2A_20250716T092051_R093_T34SDH_20250716T143214 -> REFINED
2025-12-01 11:48:30,876 - INFO - sentinel2.py:78 - 28/47 - S2B_MSIL2A_20250714T093039_R136_T34SDJ_20250714T120526 -> REFINED
2025-12-01 11:48:34,131 - INFO - sentinel2.py:78 - 29/47 - S2B_MSIL2A_20250714T093039_R136_T34SDH_20250714T120526 -> REFINED
2025-12-01 11:48:36,739 - INFO - sentinel2.py:78 - 30/47 - S2A_MSIL2A_20250711T093151_R136_T34SDJ_20250711T120414 -> REFINED
2025-12-01 11:48:39,707 - INFO - sentinel2.py:78 - 31/47 - S2A_MSIL2A_20250711T093151_R136_T34SDH_20250711T120414 -> REFINED
2025-12-01 11:48:42,318 - INFO - sentinel2.py:78 - 32/47 - S2B_MSIL2A_20250711T092029_R093_T34SEJ_20250711T114113 -> REFINED
2025-12-01 11:48:45,181 - INFO - sentinel2.py:78 - 33/47 - S2B_MSIL2A_20250711T092029_R093_T34SEH_20250711T114113 -> REFINED
2025-12-01 11:48:49,019 - INFO - sentinel2.py:78 - 34/47 - S2B_MSIL2A_20250711T092029_R093_T34SDH_20250711T114113 -> REFINED
2025-12-01 11:48:52,903 - INFO - sentinel2.py:78 - 35/47 - S2C_MSIL2A_20250709T093101_R136_T34SDJ_20250709T130618 -> REFINED
2025-12-01 11:48:56,548 - INFO - sentinel2.py:78 - 36/47 - S2C_MSIL2A_20250709T093101_R136_T34SDH_20250709T130618 -> REFINED
2025-12-01 11:48:59,459 - INFO - sentinel2.py:78 - 37/47 - S2A_MSIL2A_20250708T092231_R093_T34SEJ_20250708T122113 -> REFINED
2025-12-01 11:49:02,438 - INFO - sentinel2.py:78 - 38/47 - S2C_MSIL2A_20250706T092051_R093_T34SEJ_20250706T131358 -> REFINED
2025-12-01 11:49:06,136 - INFO - sentinel2.py:78 - 39/47 - S2C_MSIL2A_20250706T092051_R093_T34SEH_20250706T131358 -> REFINED
2025-12-01 11:49:09,306 - INFO - sentinel2.py:78 - 40/47 - S2C_MSIL2A_20250706T092051_R093_T34SDH_20250706T131358 -> REFINED
2025-12-01 11:49:12,170 - INFO - sentinel2.py:78 - 41/47 - S2B_MSIL2A_20250704T093039_R136_T34SDJ_20250704T122623 -> REFINED
2025-12-01 11:49:15,814 - INFO - sentinel2.py:78 - 42/47 - S2B_MSIL2A_20250704T093039_R136_T34SDH_20250704T122623 -> REFINED
2025-12-01 11:49:18,666 - INFO - sentinel2.py:78 - 43/47 - S2A_MSIL2A_20250701T093051_R136_T34SDJ_20250701T124117 -> REFINED
2025-12-01 11:49:21,909 - INFO - sentinel2.py:78 - 44/47 - S2A_MSIL2A_20250701T093051_R136_T34SDH_20250701T124117 -> REFINED
2025-12-01 11:49:25,965 - INFO - sentinel2.py:78 - 45/47 - S2B_MSIL2A_20250701T092029_R093_T34SEJ_20250701T115535 -> REFINED
2025-12-01 11:49:28,539 - INFO - sentinel2.py:78 - 46/47 - S2B_MSIL2A_20250701T092029_R093_T34SEH_20250701T115535 -> REFINED
2025-12-01 11:49:32,176 - INFO - sentinel2.py:78 - 47/47 - S2B_MSIL2A_20250701T092029_R093_T34SDH_20250701T115535 -> REFINED
2025-12-01 11:49:32,199 - INFO - composites.py:250 -                                  
2025-12-01 11:49:32,199 - INFO - composites.py:251 - 47/47 were refined by GRI.
2025-12-01 11:49:32,199 - INFO - composites.py:263 - Looking for up to 7 cleanest images within spatiotemporal range of each MGRS tile
2025-12-01 11:49:32,201 - INFO - composites.py:277 - Filtered cleanest scenes: Kept 28 out of 47 items. 
2025-12-01 11:49:32,201 - INFO - composites.py:278 -         Included MGRS Tiles: ['34SDH' '34SDJ' '34SEH' '34SEJ']
2025-12-01 11:49:32,201 - INFO - composites.py:279 -         Included EPSG codes: [32634]
2025-12-01 11:49:32,207 - INFO - composites.py:281 - Selected scenes:
2025-12-01 11:49:32,207 - INFO - composites.py:283 -         S2C_MSIL2A_20250706T092051_R093_T34SDH_20250706T131358
2025-12-01 11:49:32,207 - INFO - composites.py:283 -         S2C_MSIL2A_20250726T092051_R093_T34SDH_20250726T125415
2025-12-01 11:49:32,207 - INFO - composites.py:283 -         S2B_MSIL2A_20250721T092029_R093_T34SDH_20250721T120259
2025-12-01 11:49:32,208 - INFO - composites.py:283 -         S2C_MSIL2A_20250716T092051_R093_T34SDH_20250716T143214
2025-12-01 11:49:32,208 - INFO - composites.py:283 -         S2A_MSIL2A_20250721T093051_R136_T34SDH_20250721T131822
2025-12-01 11:49:32,208 - INFO - composites.py:283 -         S2A_MSIL2A_20250718T092051_R093_T34SDH_20250718T125020
2025-12-01 11:49:32,208 - INFO - composites.py:283 -         S2B_MSIL2A_20250724T093039_R136_T34SDH_20250724T121124
2025-12-01 11:49:32,208 - INFO - composites.py:283 -         S2B_MSIL2A_20250724T093039_R136_T34SDJ_20250724T121124
2025-12-01 11:49:32,208 - INFO - composites.py:283 -         S2A_MSIL2A_20250721T093051_R136_T34SDJ_20250721T131822
2025-12-01 11:49:32,208 - INFO - composites.py:283 -         S2B_MSIL2A_20250714T093039_R136_T34SDJ_20250714T120526
2025-12-01 11:49:32,208 - INFO - composites.py:283 -         S2C_MSIL2A_20250719T093101_R136_T34SDJ_20250719T130112
2025-12-01 11:49:32,208 - INFO - composites.py:283 -         S2B_MSIL2A_20250704T093039_R136_T34SDJ_20250704T122623
2025-12-01 11:49:32,208 - INFO - composites.py:283 -         S2C_MSIL2A_20250709T093101_R136_T34SDJ_20250709T130618
2025-12-01 11:49:32,208 - INFO - composites.py:283 -         S2A_MSIL2A_20250701T093051_R136_T34SDJ_20250701T124117
2025-12-01 11:49:32,208 - INFO - composites.py:283 -         S2C_MSIL2A_20250706T092051_R093_T34SEH_20250706T131358
2025-12-01 11:49:32,208 - INFO - composites.py:283 -         S2C_MSIL2A_20250726T092051_R093_T34SEH_20250726T125415
2025-12-01 11:49:32,208 - INFO - composites.py:283 -         S2B_MSIL2A_20250721T092029_R093_T34SEH_20250721T120259
2025-12-01 11:49:32,208 - INFO - composites.py:283 -         S2A_MSIL2A_20250728T092231_R093_T34SEH_20250728T111018
2025-12-01 11:49:32,208 - INFO - composites.py:283 -         S2C_MSIL2A_20250716T092051_R093_T34SEH_20250716T143214
2025-12-01 11:49:32,208 - INFO - composites.py:283 -         S2A_MSIL2A_20250718T092051_R093_T34SEH_20250718T125020
2025-12-01 11:49:32,208 - INFO - composites.py:283 -         S2B_MSIL2A_20250701T092029_R093_T34SEH_20250701T115535
2025-12-01 11:49:32,208 - INFO - composites.py:283 -         S2C_MSIL2A_20250706T092051_R093_T34SEJ_20250706T131358
2025-12-01 11:49:32,208 - INFO - composites.py:283 -         S2C_MSIL2A_20250726T092051_R093_T34SEJ_20250726T125415
2025-12-01 11:49:32,208 - INFO - composites.py:283 -         S2B_MSIL2A_20250721T092029_R093_T34SEJ_20250721T120259
2025-12-01 11:49:32,208 - INFO - composites.py:283 -         S2A_MSIL2A_20250728T092231_R093_T34SEJ_20250728T111018
2025-12-01 11:49:32,208 - INFO - composites.py:283 -         S2A_MSIL2A_20250708T092231_R093_T34SEJ_20250708T122113
2025-12-01 11:49:32,208 - INFO - composites.py:283 -         S2C_MSIL2A_20250716T092051_R093_T34SEJ_20250716T143214
2025-12-01 11:49:32,208 - INFO - composites.py:283 -         S2A_MSIL2A_20250718T092051_R093_T34SEJ_20250718T125020
2025-12-01 11:49:32,704 - INFO - sentinel2.py:154 - Matplotlib backend: Agg
2025-12-01 11:49:32,998 - INFO - sentinel2.py:224 - Write input scenes footprint overlay: //nas-rs.topo.auth.gr/Latomeia/DROUGHT/composites/x07/y11/2025/07/01/S2L2A_medcomp_x07y11_202507_InDataFootprint.jpeg
2025-12-01 11:49:33,257 - INFO - composites.py:297 -                                  
2025-12-01 11:49:33,257 - INFO - composites.py:298 - Downstream STAC items from Planetary Computer
2025-12-01 11:49:33,257 - INFO - timeseries_processing.py:115 -                                  
2025-12-01 11:49:33,257 - INFO - timeseries_processing.py:116 - Loading bands of diferent resolutions in EPSG:32634
2025-12-01 11:49:33,257 - INFO - timeseries_processing.py:120 -     Filtering items with native UTM EPSG:32634
2025-12-01 11:49:33,257 - INFO - timeseries_processing.py:122 -     28 Items in EPSG:32634
2025-12-01 11:49:33,257 - INFO - timeseries_processing.py:129 -                        
2025-12-01 11:49:33,257 - INFO - timeseries_processing.py:130 -     Loading parameters:
2025-12-01 11:49:33,257 - INFO - timeseries_processing.py:131 -         Bands: ['B05', 'B07', 'B8A', 'SCL']
2025-12-01 11:49:33,257 - INFO - timeseries_processing.py:132 -         Spatial resolution: 20
2025-12-01 11:49:33,257 - INFO - timeseries_processing.py:134 -         Get Assets from STAC Items
2025-12-01 11:49:33,259 - INFO - timeseries_processing.py:47 -         Initialize the STAC client
2025-12-01 11:49:34,054 - INFO - timeseries_processing.py:137 -         Loading 28 STAC Items....
2025-12-01 11:51:49,182 - INFO - timeseries_processing.py:146 -         Cube has been downloaded
2025-12-01 11:51:49,182 - INFO - timeseries_processing.py:156 -         Fix order of dimensions
2025-12-01 11:51:49,184 - INFO - timeseries_processing.py:161 -         Append bands to the band-list of EPSG:32634
2025-12-01 11:51:49,184 - INFO - timeseries_processing.py:129 -                        
2025-12-01 11:51:49,188 - INFO - timeseries_processing.py:130 -     Loading parameters:
2025-12-01 11:51:49,188 - INFO - timeseries_processing.py:131 -         Bands: ['B02', 'B03', 'B04']
2025-12-01 11:51:49,188 - INFO - timeseries_processing.py:132 -         Spatial resolution: 10
2025-12-01 11:51:49,188 - INFO - timeseries_processing.py:134 -         Get Assets from STAC Items
2025-12-01 11:51:49,188 - INFO - timeseries_processing.py:47 -         Initialize the STAC client
2025-12-01 11:51:50,146 - INFO - timeseries_processing.py:137 -         Loading 28 STAC Items....
2025-12-01 11:57:24,980 - INFO - timeseries_processing.py:146 -         Cube has been downloaded
2025-12-01 11:57:24,980 - INFO - timeseries_processing.py:149 -         Reproject to downsample 10m bands to 20m by Resampling.average 2x2 binning and shape matching with odc.geo.GeoBox
2025-12-01 11:57:45,060 - INFO - timeseries_processing.py:161 -         Append bands to the band-list of EPSG:32634
2025-12-01 11:57:45,060 - INFO - timeseries_processing.py:165 -                        
2025-12-01 11:57:45,060 - INFO - timeseries_processing.py:166 -     Merging bands in a single dataset
2025-12-01 11:57:45,060 - INFO - timeseries_processing.py:167 -     Ensure all partial datasets are at (x=20, y=-20) resolution
2025-12-01 11:57:45,061 - INFO - timeseries_processing.py:171 -     Clip to the intersection of indexes
2025-12-01 11:57:46,762 - INFO - timeseries_processing.py:180 -     Make a list of bands to merge
2025-12-01 11:57:46,762 - INFO - timeseries_processing.py:184 -     Merge on intersection
2025-12-01 11:57:46,764 - INFO - timeseries_processing.py:192 -     Apply masks on clouds, shadows, thin cirrus, and snow/ice
2025-12-01 11:57:46,764 - INFO - sentinel2.py:122 -                Masking bits: [3, 7, 8, 9, 10, 11]
2025-12-01 11:57:48,747 - INFO - composites.py:307 - Reproject from UTM Zone to Tile geometry -> CRS(EPSG:32634), Resampling.bilinear
2025-12-01 11:57:59,402 - INFO - composites.py:310 -     New shape of datasets: Shape2d(x=2400, y=2400)
2025-12-01 11:58:00,298 - INFO - composites.py:329 - Scale SR to Sen2Cor Baseline 4.00 - Subtract 1000 in dates post 2022-01-25
2025-12-01 11:58:02,581 - INFO - composites.py:342 - Creating preview plot of input scenes
2025-12-01 11:58:48,929 - INFO - timeseries_processing.py:349 - Saved preview for 'B04' to //nas-rs.topo.auth.gr/Latomeia/DROUGHT/composites/x07/y11/2025/07/01/S2L2A_medcomp_x07y11_202507_InDataPreview.jpeg
2025-12-01 11:58:48,949 - INFO - composites.py:348 - Clip value range
2025-12-01 11:58:52,225 - INFO - composites.py:353 -                           
2025-12-01 11:58:52,235 - INFO - composites.py:354 - Computing spectral indices:
2025-12-01 11:58:52,235 - INFO - composites.py:357 -     EVI...
2025-12-01 11:58:54,175 - INFO - composites.py:359 -     NDVI...
2025-12-01 11:58:54,850 - INFO - composites.py:361 -     PSRI2...
2025-12-01 11:58:55,309 - INFO - composites.py:364 - Clip to typical value range
2025-12-01 11:58:56,001 - INFO - composites.py:371 - Reducing to median value temporal composite
2025-12-01 11:59:25,692 - INFO - composites.py:390 - Scale and Define data types & nodata per band
2025-12-01 11:59:25,820 - INFO - composites.py:411 - Assign time range and tile ID in metadata
2025-12-01 11:59:25,820 - INFO - composites.py:419 - Write bands to raster COG files
2025-12-01 11:59:29,888 - INFO - composites.py:432 - Write B02 -> //nas-rs.topo.auth.gr/Latomeia/DROUGHT/composites/x07/y11/2025/07/01/S2L2A_medcomp_x07y11_202507_B02.tif
2025-12-01 11:59:34,077 - INFO - composites.py:432 - Write B03 -> //nas-rs.topo.auth.gr/Latomeia/DROUGHT/composites/x07/y11/2025/07/01/S2L2A_medcomp_x07y11_202507_B03.tif
2025-12-01 11:59:38,907 - INFO - composites.py:432 - Write B04 -> //nas-rs.topo.auth.gr/Latomeia/DROUGHT/composites/x07/y11/2025/07/01/S2L2A_medcomp_x07y11_202507_B04.tif
2025-12-01 11:59:43,780 - INFO - composites.py:432 - Write B05 -> //nas-rs.topo.auth.gr/Latomeia/DROUGHT/composites/x07/y11/2025/07/01/S2L2A_medcomp_x07y11_202507_B05.tif
2025-12-01 11:59:48,167 - INFO - composites.py:432 - Write B07 -> //nas-rs.topo.auth.gr/Latomeia/DROUGHT/composites/x07/y11/2025/07/01/S2L2A_medcomp_x07y11_202507_B07.tif
2025-12-01 11:59:52,376 - INFO - composites.py:432 - Write B8A -> //nas-rs.topo.auth.gr/Latomeia/DROUGHT/composites/x07/y11/2025/07/01/S2L2A_medcomp_x07y11_202507_B8A.tif
2025-12-01 11:59:56,753 - INFO - composites.py:432 - Write EVI -> //nas-rs.topo.auth.gr/Latomeia/DROUGHT/composites/x07/y11/2025/07/01/S2L2A_medcomp_x07y11_202507_EVI.tif
2025-12-01 12:00:01,202 - INFO - composites.py:432 - Write NDVI -> //nas-rs.topo.auth.gr/Latomeia/DROUGHT/composites/x07/y11/2025/07/01/S2L2A_medcomp_x07y11_202507_NDVI.tif
2025-12-01 12:00:05,602 - INFO - composites.py:432 - Write PSRI2 -> //nas-rs.topo.auth.gr/Latomeia/DROUGHT/composites/x07/y11/2025/07/01/S2L2A_medcomp_x07y11_202507_PSRI2.tif
2025-12-01 12:00:05,619 - INFO - composites.py:436 - Prepare metadata YAML document
2025-12-01 12:00:06,207 - INFO - composites.py:458 - Write metadata YAML document to disk
2025-12-01 12:00:06,255 - INFO - composites.py:463 - Create datacube.model.Dataset from eo3 metadata
2025-12-01 12:00:06,268 - INFO - composites.py:476 - Index to datacube
2025-12-01 12:00:06,269 - INFO - _datasets.py:191 - Indexing 074eeeb9-de14-40ee-ba92-91c0b5f341e0
2025-12-01 12:00:06,280 - INFO - composites.py:479 - 
2025-12-01 12:00:06,280 - INFO - composites.py:480 -              ✔✔✔ COMPLETED: Tile x07_y11 | Time: 2025-07 | In 13.21 minutes
2025-12-01 12:00:06,280 - INFO - composites.py:481 - 
2025-12-01 12:00:06,280 - INFO - composites.py:489 - Closing Dask client
2025-12-01 12:00:06,285 - INFO - composites.py:493 - Closing Dask cluster
2025-12-01 12:00:06,286 - INFO - composites.py:494 - #######################################################################
