2025-09-01 02:29:30,005 - INFO - composites.py:102 - #######################################################################
2025-09-01 02:29:30,005 - INFO - composites.py:104 - Processing started
2025-09-01 02:29:30,005 - INFO - composites.py:105 -         Tile: x08_y10
2025-09-01 02:29:30,005 - INFO - composites.py:106 -         Time: 2023-10
2025-09-01 02:29:30,006 - INFO - composites.py:109 -                           
2025-09-01 02:29:30,006 - INFO - composites.py:110 - Establishing connection to datacube
2025-09-01 02:29:30,515 - INFO - composites.py:113 -                           
2025-09-01 02:29:30,516 - INFO - composites.py:114 - Sanity test: Check if dataset already exists in the datacube
2025-09-01 02:29:30,537 - INFO - composites.py:133 - The composite requested was not found and it will be computed
2025-09-01 02:29:30,537 - INFO - composites.py:136 -                                  
2025-09-01 02:29:30,537 - INFO - composites.py:137 - Initializing Dask cluster for parallelization
2025-09-01 02:29:35,454 - INFO - composites.py:161 - Dask dashboard is available at: http://127.0.0.1:8787/status
2025-09-01 02:29:35,454 - INFO - composites.py:164 - Create directories and naming conversions
2025-09-01 02:29:35,466 - INFO - composites.py:177 - Dataset location: //nas-rs.topo.auth.gr/Latomeia/DROUGHT/composites/x08/y10/2023/10/01
2025-09-01 02:29:35,466 - INFO - composites.py:180 -                           
2025-09-01 02:29:35,466 - INFO - composites.py:181 - Retrieve tile geometry
2025-09-01 02:29:35,495 - INFO - composites.py:192 - Create the Bounding Box (φ,λ)
2025-09-01 02:29:35,495 - INFO - composites.py:198 - Create the Bounding Box (x,y)
2025-09-01 02:29:35,495 - INFO - composites.py:211 -                           
2025-09-01 02:29:35,495 - INFO - composites.py:212 - Connect to Planetary Computer STAC Catalog
2025-09-01 02:29:35,738 - INFO - composites.py:220 - Search the STAC Catalog
2025-09-01 02:29:35,805 - INFO - composites.py:232 -         Query parameters:
2025-09-01 02:29:35,805 - INFO - composites.py:233 -             url:          https://planetarycomputer.microsoft.com/api/stac/v1/search
2025-09-01 02:29:35,805 - INFO - composites.py:234 -             client:       microsoft-pc
2025-09-01 02:29:35,805 - INFO - composites.py:235 -             collection:   sentinel-2-l2a
2025-09-01 02:29:35,805 - INFO - composites.py:236 -             bbox:         (21.39721400014901, 37.8618519319046, 22.06142649589928, 38.40819969704171)
2025-09-01 02:29:35,805 - INFO - composites.py:237 -             time range:   2023-10-01T00:00:00Z/2023-10-31T23:59:59Z
2025-09-01 02:29:35,805 - INFO - composites.py:238 -             cloud cover:  0% - 70%
2025-09-01 02:29:35,805 - INFO - composites.py:239 -             nodata cover: 0% - 33%
2025-09-01 02:29:35,805 - INFO - composites.py:241 -                           
2025-09-01 02:29:35,805 - INFO - composites.py:242 - Searching...
2025-09-01 02:29:36,491 - INFO - composites.py:245 - Query found 17 items
2025-09-01 02:29:36,498 - INFO - composites.py:247 - Searching for GRI REFINED scenes:
2025-09-01 02:29:40,604 - INFO - sentinel2.py:78 - 1/17 - S2B_MSIL2A_20231030T092029_R093_T34SEH_20241103T014235 -> NOT_REFINED
2025-09-01 02:29:44,835 - INFO - sentinel2.py:78 - 2/17 - S2B_MSIL2A_20231030T092029_R093_T34SEH_20231030T201002 -> NOT_REFINED
2025-09-01 02:29:48,093 - INFO - sentinel2.py:78 - 3/17 - S2B_MSIL2A_20231030T092029_R093_T34SEG_20241103T014235 -> NOT_REFINED
2025-09-01 02:29:52,301 - INFO - sentinel2.py:78 - 4/17 - S2B_MSIL2A_20231030T092029_R093_T34SEG_20231030T200952 -> NOT_REFINED
2025-09-01 02:29:56,330 - INFO - sentinel2.py:78 - 5/17 - S2B_MSIL2A_20231020T091919_R093_T34SEH_20241102T122657 -> NOT_REFINED
2025-09-01 02:30:00,026 - INFO - sentinel2.py:78 - 6/17 - S2B_MSIL2A_20231020T091919_R093_T34SEH_20231020T215717 -> NOT_REFINED
2025-09-01 02:30:03,499 - INFO - sentinel2.py:78 - 7/17 - S2B_MSIL2A_20231020T091919_R093_T34SEG_20241103T102904 -> NOT_REFINED
2025-09-01 02:30:06,888 - INFO - sentinel2.py:78 - 8/17 - S2B_MSIL2A_20231020T091919_R093_T34SEG_20231020T220403 -> NOT_REFINED
2025-09-01 02:30:10,773 - INFO - sentinel2.py:78 - 9/17 - S2A_MSIL2A_20231015T092031_R093_T34SEH_20241103T140930 -> NOT_REFINED
2025-09-01 02:30:14,244 - INFO - sentinel2.py:78 - 10/17 - S2A_MSIL2A_20231015T092031_R093_T34SEH_20231015T151453 -> NOT_REFINED
2025-09-01 02:30:17,949 - INFO - sentinel2.py:78 - 11/17 - S2A_MSIL2A_20231015T092031_R093_T34SEG_20241103T140930 -> NOT_REFINED
2025-09-01 02:30:21,872 - INFO - sentinel2.py:78 - 12/17 - S2A_MSIL2A_20231015T092031_R093_T34SEG_20231015T151315 -> NOT_REFINED
2025-09-01 02:30:25,846 - INFO - sentinel2.py:78 - 13/17 - S2B_MSIL2A_20231010T091819_R093_T34SEH_20241102T071234 -> NOT_REFINED
2025-09-01 02:30:30,135 - INFO - sentinel2.py:78 - 14/17 - S2B_MSIL2A_20231010T091819_R093_T34SEH_20231010T153344 -> NOT_REFINED
2025-09-01 02:30:34,217 - INFO - sentinel2.py:78 - 15/17 - S2B_MSIL2A_20231010T091819_R093_T34SEG_20231010T151826 -> NOT_REFINED
2025-09-01 02:30:38,593 - INFO - sentinel2.py:78 - 16/17 - S2A_MSIL2A_20231005T092031_R093_T34SEH_20231005T172309 -> NOT_REFINED
2025-09-01 02:30:41,909 - INFO - sentinel2.py:78 - 17/17 - S2A_MSIL2A_20231005T092031_R093_T34SEG_20231005T191846 -> NOT_REFINED
2025-09-01 02:30:41,939 - INFO - composites.py:250 -                                  
2025-09-01 02:30:41,939 - INFO - composites.py:251 - 0/17 were refined by GRI.
2025-09-01 02:30:41,944 - WARNING - composites.py:255 - Tile x08_y10 | Time: 2023-10: All scenes are flagged NOT REFINED.
2025-09-01 02:30:41,963 - WARNING - composites.py:256 - Tile x08_y10 | Time: 2023-10: The composite will be flagged with _NOREFINED.
2025-09-01 02:30:41,968 - INFO - composites.py:263 - Looking for up to 10 cleanest images within spatiotemporal range of each MGRS tile
2025-09-01 02:30:41,968 - INFO - composites.py:277 - Filtered cleanest scenes: Kept 17 out of 17 items. 
2025-09-01 02:30:41,968 - INFO - composites.py:278 -         Included MGRS Tiles: ['34SEG' '34SEH']
2025-09-01 02:30:41,968 - INFO - composites.py:279 -         Included EPSG codes: [32634]
2025-09-01 02:30:41,969 - INFO - composites.py:281 - Selected scenes:
2025-09-01 02:30:41,969 - INFO - composites.py:283 -         S2B_MSIL2A_20231010T091819_R093_T34SEG_20231010T151826
2025-09-01 02:30:41,969 - INFO - composites.py:283 -         S2B_MSIL2A_20231030T092029_R093_T34SEG_20241103T014235
2025-09-01 02:30:41,969 - INFO - composites.py:283 -         S2B_MSIL2A_20231030T092029_R093_T34SEG_20231030T200952
2025-09-01 02:30:41,970 - INFO - composites.py:283 -         S2A_MSIL2A_20231015T092031_R093_T34SEG_20231015T151315
2025-09-01 02:30:41,970 - INFO - composites.py:283 -         S2A_MSIL2A_20231015T092031_R093_T34SEG_20241103T140930
2025-09-01 02:30:41,970 - INFO - composites.py:283 -         S2B_MSIL2A_20231020T091919_R093_T34SEG_20241103T102904
2025-09-01 02:30:41,979 - INFO - composites.py:283 -         S2B_MSIL2A_20231020T091919_R093_T34SEG_20231020T220403
2025-09-01 02:30:41,991 - INFO - composites.py:283 -         S2A_MSIL2A_20231005T092031_R093_T34SEG_20231005T191846
2025-09-01 02:30:41,991 - INFO - composites.py:283 -         S2B_MSIL2A_20231010T091819_R093_T34SEH_20241102T071234
2025-09-01 02:30:41,992 - INFO - composites.py:283 -         S2B_MSIL2A_20231010T091819_R093_T34SEH_20231010T153344
2025-09-01 02:30:41,992 - INFO - composites.py:283 -         S2B_MSIL2A_20231030T092029_R093_T34SEH_20241103T014235
2025-09-01 02:30:41,992 - INFO - composites.py:283 -         S2B_MSIL2A_20231030T092029_R093_T34SEH_20231030T201002
2025-09-01 02:30:41,992 - INFO - composites.py:283 -         S2A_MSIL2A_20231015T092031_R093_T34SEH_20241103T140930
2025-09-01 02:30:41,992 - INFO - composites.py:283 -         S2A_MSIL2A_20231015T092031_R093_T34SEH_20231015T151453
2025-09-01 02:30:41,992 - INFO - composites.py:283 -         S2B_MSIL2A_20231020T091919_R093_T34SEH_20241102T122657
2025-09-01 02:30:41,992 - INFO - composites.py:283 -         S2B_MSIL2A_20231020T091919_R093_T34SEH_20231020T215717
2025-09-01 02:30:41,992 - INFO - composites.py:283 -         S2A_MSIL2A_20231005T092031_R093_T34SEH_20231005T172309
2025-09-01 02:30:42,302 - INFO - sentinel2.py:154 - Matplotlib backend: Agg
2025-09-01 02:30:42,605 - INFO - sentinel2.py:224 - Write input scenes footprint overlay: //nas-rs.topo.auth.gr/Latomeia/DROUGHT/composites/x08/y10/2023/10/01/S2L2A_medcomp_x08y10_202310_InDataFootprint.jpeg
2025-09-01 02:30:42,839 - INFO - composites.py:297 -                                  
2025-09-01 02:30:42,840 - INFO - composites.py:298 - Downstream STAC items from Planetary Computer
2025-09-01 02:30:42,840 - INFO - timeseries_processing.py:115 -                                  
2025-09-01 02:30:42,840 - INFO - timeseries_processing.py:116 - Loading bands of diferent resolutions in EPSG:32634
2025-09-01 02:30:42,840 - INFO - timeseries_processing.py:120 -     Filtering items with native UTM EPSG:32634
2025-09-01 02:30:42,840 - INFO - timeseries_processing.py:122 -     17 Items in EPSG:32634
2025-09-01 02:30:42,840 - INFO - timeseries_processing.py:129 -                        
2025-09-01 02:30:42,840 - INFO - timeseries_processing.py:130 -     Loading parameters:
2025-09-01 02:30:42,840 - INFO - timeseries_processing.py:131 -         Bands: ['B05', 'B07', 'B8A', 'SCL']
2025-09-01 02:30:42,840 - INFO - timeseries_processing.py:132 -         Spatial resolution: 20
2025-09-01 02:30:42,840 - INFO - timeseries_processing.py:134 -         Get Assets from STAC Items
2025-09-01 02:30:42,840 - INFO - timeseries_processing.py:47 -         Initialize the STAC client
2025-09-01 02:30:43,428 - INFO - timeseries_processing.py:137 -         Loading 17 STAC Items....
2025-09-01 02:31:54,600 - INFO - timeseries_processing.py:146 -         Cube has been downloaded
2025-09-01 02:31:54,601 - INFO - timeseries_processing.py:156 -         Fix order of dimensions
2025-09-01 02:31:54,601 - INFO - timeseries_processing.py:161 -         Append bands to the band-list of EPSG:32634
2025-09-01 02:31:54,601 - INFO - timeseries_processing.py:129 -                        
2025-09-01 02:31:54,603 - INFO - timeseries_processing.py:130 -     Loading parameters:
2025-09-01 02:31:54,603 - INFO - timeseries_processing.py:131 -         Bands: ['B02', 'B03', 'B04']
2025-09-01 02:31:54,603 - INFO - timeseries_processing.py:132 -         Spatial resolution: 10
2025-09-01 02:31:54,603 - INFO - timeseries_processing.py:134 -         Get Assets from STAC Items
2025-09-01 02:31:54,603 - INFO - timeseries_processing.py:47 -         Initialize the STAC client
2025-09-01 02:31:55,201 - INFO - timeseries_processing.py:137 -         Loading 17 STAC Items....
2025-09-01 02:33:28,221 - INFO - timeseries_processing.py:146 -         Cube has been downloaded
2025-09-01 02:33:28,223 - INFO - timeseries_processing.py:149 -         Reproject to downsample 10m bands to 20m by Resampling.average 2x2 binning and shape matching with odc.geo.GeoBox
2025-09-01 02:33:35,471 - INFO - timeseries_processing.py:161 -         Append bands to the band-list of EPSG:32634
2025-09-01 02:33:35,471 - INFO - timeseries_processing.py:165 -                        
2025-09-01 02:33:35,471 - INFO - timeseries_processing.py:166 -     Merging bands in a single dataset
2025-09-01 02:33:35,471 - INFO - timeseries_processing.py:167 -     Ensure all partial datasets are at (x=20, y=-20) resolution
2025-09-01 02:33:35,472 - INFO - timeseries_processing.py:171 -     Clip to the intersection of indexes
2025-09-01 02:33:36,713 - INFO - timeseries_processing.py:180 -     Make a list of bands to merge
2025-09-01 02:33:36,714 - INFO - timeseries_processing.py:184 -     Merge on intersection
2025-09-01 02:33:36,714 - INFO - timeseries_processing.py:192 -     Apply masks on clouds, shadows, thin cirrus, and snow/ice
2025-09-01 02:33:36,714 - INFO - sentinel2.py:122 -                Masking bits: [3, 7, 8, 9, 10, 11]
2025-09-01 02:33:37,319 - INFO - composites.py:307 - Reproject from UTM Zone to Tile geometry -> CRS(EPSG:32634), Resampling.bilinear
2025-09-01 02:33:40,659 - INFO - composites.py:310 -     New shape of datasets: Shape2d(x=2400, y=2400)
2025-09-01 02:33:41,209 - INFO - composites.py:329 - Scale SR to Sen2Cor Baseline 4.00 - Subtract 1000 in dates post 2022-01-25
2025-09-01 02:33:41,958 - INFO - composites.py:342 - Creating preview plot of input scenes
2025-09-01 02:34:05,318 - INFO - timeseries_processing.py:349 - Saved preview for 'B04' to //nas-rs.topo.auth.gr/Latomeia/DROUGHT/composites/x08/y10/2023/10/01/S2L2A_medcomp_x08y10_202310_InDataPreview.jpeg
2025-09-01 02:34:05,321 - INFO - composites.py:348 - Clip value range
2025-09-01 02:34:06,337 - INFO - composites.py:353 -                           
2025-09-01 02:34:06,337 - INFO - composites.py:354 - Computing spectral indices:
2025-09-01 02:34:06,337 - INFO - composites.py:357 -     EVI...
2025-09-01 02:34:06,937 - INFO - composites.py:359 -     NDVI...
2025-09-01 02:34:07,235 - INFO - composites.py:361 -     PSRI2...
2025-09-01 02:34:07,371 - INFO - composites.py:364 - Clip to typical value range
2025-09-01 02:34:07,557 - INFO - composites.py:371 - Reducing to median value temporal composite
2025-09-01 02:34:31,435 - INFO - composites.py:390 - Scale and Define data types & nodata per band
2025-09-01 02:34:31,573 - INFO - composites.py:411 - Assign time range and tile ID in metadata
2025-09-01 02:34:31,573 - INFO - composites.py:419 - Write bands to raster COG files
2025-09-01 02:34:35,450 - INFO - composites.py:432 - Write B02 -> //nas-rs.topo.auth.gr/Latomeia/DROUGHT/composites/x08/y10/2023/10/01/S2L2A_medcomp_x08y10_202310_B02.tif
2025-09-01 02:34:39,296 - INFO - composites.py:432 - Write B03 -> //nas-rs.topo.auth.gr/Latomeia/DROUGHT/composites/x08/y10/2023/10/01/S2L2A_medcomp_x08y10_202310_B03.tif
2025-09-01 02:34:43,153 - INFO - composites.py:432 - Write B04 -> //nas-rs.topo.auth.gr/Latomeia/DROUGHT/composites/x08/y10/2023/10/01/S2L2A_medcomp_x08y10_202310_B04.tif
2025-09-01 02:34:47,045 - INFO - composites.py:432 - Write B05 -> //nas-rs.topo.auth.gr/Latomeia/DROUGHT/composites/x08/y10/2023/10/01/S2L2A_medcomp_x08y10_202310_B05.tif
2025-09-01 02:34:50,928 - INFO - composites.py:432 - Write B07 -> //nas-rs.topo.auth.gr/Latomeia/DROUGHT/composites/x08/y10/2023/10/01/S2L2A_medcomp_x08y10_202310_B07.tif
2025-09-01 02:34:55,399 - INFO - composites.py:432 - Write B8A -> //nas-rs.topo.auth.gr/Latomeia/DROUGHT/composites/x08/y10/2023/10/01/S2L2A_medcomp_x08y10_202310_B8A.tif
2025-09-01 02:34:59,204 - INFO - composites.py:432 - Write EVI -> //nas-rs.topo.auth.gr/Latomeia/DROUGHT/composites/x08/y10/2023/10/01/S2L2A_medcomp_x08y10_202310_EVI.tif
2025-09-01 02:35:03,017 - INFO - composites.py:432 - Write NDVI -> //nas-rs.topo.auth.gr/Latomeia/DROUGHT/composites/x08/y10/2023/10/01/S2L2A_medcomp_x08y10_202310_NDVI.tif
2025-09-01 02:35:06,747 - INFO - composites.py:432 - Write PSRI2 -> //nas-rs.topo.auth.gr/Latomeia/DROUGHT/composites/x08/y10/2023/10/01/S2L2A_medcomp_x08y10_202310_PSRI2.tif
2025-09-01 02:35:06,757 - INFO - composites.py:436 - Prepare metadata YAML document
2025-09-01 02:35:07,244 - INFO - composites.py:458 - Write metadata YAML document to disk
2025-09-01 02:35:07,267 - INFO - composites.py:463 - Create datacube.model.Dataset from eo3 metadata
2025-09-01 02:35:07,276 - INFO - composites.py:476 - Index to datacube
2025-09-01 02:35:07,278 - INFO - _datasets.py:191 - Indexing 7e65b047-aba6-4536-90a9-8c3d0f710976
2025-09-01 02:35:07,286 - INFO - composites.py:479 - 
2025-09-01 02:35:07,286 - INFO - composites.py:480 -              ✔✔✔ COMPLETED: Tile x08_y10 | Time: 2023-10 | In 5.62 minutes
2025-09-01 02:35:07,286 - INFO - composites.py:481 - 
2025-09-01 02:35:07,286 - INFO - composites.py:489 - Closing Dask client
2025-09-01 02:35:07,289 - INFO - composites.py:493 - Closing Dask cluster
2025-09-01 02:35:07,289 - INFO - composites.py:494 - #######################################################################
