2025-09-02 04:38:55,575 - INFO - composites.py:102 - #######################################################################
2025-09-02 04:38:55,575 - INFO - composites.py:104 - Processing started
2025-09-02 04:38:55,575 - INFO - composites.py:105 -         Tile: x09_y09
2025-09-02 04:38:55,575 - INFO - composites.py:106 -         Time: 2024-07
2025-09-02 04:38:55,575 - INFO - composites.py:109 -                           
2025-09-02 04:38:55,576 - INFO - composites.py:110 - Establishing connection to datacube
2025-09-02 04:38:56,119 - INFO - composites.py:113 -                           
2025-09-02 04:38:56,119 - INFO - composites.py:114 - Sanity test: Check if dataset already exists in the datacube
2025-09-02 04:38:56,141 - INFO - composites.py:133 - The composite requested was not found and it will be computed
2025-09-02 04:38:56,141 - INFO - composites.py:136 -                                  
2025-09-02 04:38:56,141 - INFO - composites.py:137 - Initializing Dask cluster for parallelization
2025-09-02 04:39:01,446 - INFO - composites.py:161 - Dask dashboard is available at: http://127.0.0.1:8787/status
2025-09-02 04:39:01,446 - INFO - composites.py:164 - Create directories and naming conversions
2025-09-02 04:39:01,459 - INFO - composites.py:177 - Dataset location: //nas-rs.topo.auth.gr/Latomeia/DROUGHT/composites/x09/y09/2024/07/01
2025-09-02 04:39:01,459 - INFO - composites.py:180 -                           
2025-09-02 04:39:01,460 - INFO - composites.py:181 - Retrieve tile geometry
2025-09-02 04:39:01,492 - INFO - composites.py:192 - Create the Bounding Box (φ,λ)
2025-09-02 04:39:01,492 - INFO - composites.py:198 - Create the Bounding Box (x,y)
2025-09-02 04:39:01,492 - INFO - composites.py:211 -                           
2025-09-02 04:39:01,492 - INFO - composites.py:212 - Connect to Planetary Computer STAC Catalog
2025-09-02 04:39:01,750 - INFO - composites.py:220 - Search the STAC Catalog
2025-09-02 04:39:01,820 - INFO - composites.py:232 -         Query parameters:
2025-09-02 04:39:01,820 - INFO - composites.py:233 -             url:          https://planetarycomputer.microsoft.com/api/stac/v1/search
2025-09-02 04:39:01,820 - INFO - composites.py:234 -             client:       microsoft-pc
2025-09-02 04:39:01,820 - INFO - composites.py:235 -             collection:   sentinel-2-l2a
2025-09-02 04:39:01,820 - INFO - composites.py:236 -             bbox:         (21.85970105220835, 37.36314648137922, 22.52163347994685, 37.9118519319046)
2025-09-02 04:39:01,820 - INFO - composites.py:237 -             time range:   2024-07-01T00:00:00Z/2024-07-31T23:59:59Z
2025-09-02 04:39:01,820 - INFO - composites.py:238 -             cloud cover:  0% - 70%
2025-09-02 04:39:01,820 - INFO - composites.py:239 -             nodata cover: 0% - 33%
2025-09-02 04:39:01,820 - INFO - composites.py:241 -                           
2025-09-02 04:39:01,820 - INFO - composites.py:242 - Searching...
2025-09-02 04:39:02,343 - INFO - composites.py:245 - Query found 34 items
2025-09-02 04:39:02,350 - INFO - composites.py:247 - Searching for GRI REFINED scenes:
2025-09-02 04:39:06,917 - INFO - sentinel2.py:78 - 1/34 - S2A_MSIL2A_20240731T092031_R093_T34SFH_20240731T132944 -> REFINED
2025-09-02 04:39:11,264 - INFO - sentinel2.py:78 - 2/34 - S2A_MSIL2A_20240731T092031_R093_T34SFG_20240731T132944 -> REFINED
2025-09-02 04:39:15,136 - INFO - sentinel2.py:78 - 3/34 - S2A_MSIL2A_20240731T092031_R093_T34SEH_20240731T132944 -> REFINED
2025-09-02 04:39:19,827 - INFO - sentinel2.py:78 - 4/34 - S2A_MSIL2A_20240731T092031_R093_T34SEG_20240731T132944 -> REFINED
2025-09-02 04:39:23,789 - INFO - sentinel2.py:78 - 5/34 - S2A_MSIL2A_20240728T090601_R050_T34SFG_20240728T152859 -> REFINED
2025-09-02 04:39:27,830 - INFO - sentinel2.py:78 - 6/34 - S2B_MSIL2A_20240726T091559_R093_T34SFH_20240726T122410 -> REFINED
2025-09-02 04:39:32,517 - INFO - sentinel2.py:78 - 7/34 - S2B_MSIL2A_20240726T091559_R093_T34SFG_20240726T122410 -> REFINED
2025-09-02 04:39:36,634 - INFO - sentinel2.py:78 - 8/34 - S2B_MSIL2A_20240726T091559_R093_T34SEH_20240726T122410 -> REFINED
2025-09-02 04:39:41,201 - INFO - sentinel2.py:78 - 9/34 - S2B_MSIL2A_20240726T091559_R093_T34SEG_20240726T122410 -> REFINED
2025-09-02 04:39:45,337 - INFO - sentinel2.py:78 - 10/34 - S2B_MSIL2A_20240723T090559_R050_T34SFG_20240723T120201 -> REFINED
2025-09-02 04:39:49,328 - INFO - sentinel2.py:78 - 11/34 - S2A_MSIL2A_20240721T092031_R093_T34SFH_20240721T162027 -> REFINED
2025-09-02 04:39:54,047 - INFO - sentinel2.py:78 - 12/34 - S2A_MSIL2A_20240721T092031_R093_T34SFG_20240721T162303 -> REFINED
2025-09-02 04:39:57,457 - INFO - sentinel2.py:78 - 13/34 - S2A_MSIL2A_20240721T092031_R093_T34SEH_20240721T162708 -> REFINED
2025-09-02 04:40:01,639 - INFO - sentinel2.py:78 - 14/34 - S2A_MSIL2A_20240721T092031_R093_T34SEG_20240721T161905 -> REFINED
2025-09-02 04:40:05,822 - INFO - sentinel2.py:78 - 15/34 - S2A_MSIL2A_20240718T090551_R050_T34SFG_20240718T132454 -> REFINED
2025-09-02 04:40:10,056 - INFO - sentinel2.py:78 - 16/34 - S2B_MSIL2A_20240716T091559_R093_T34SFH_20240716T122521 -> REFINED
2025-09-02 04:40:14,737 - INFO - sentinel2.py:78 - 17/34 - S2B_MSIL2A_20240716T091559_R093_T34SFG_20240716T125154 -> REFINED
2025-09-02 04:40:18,570 - INFO - sentinel2.py:78 - 18/34 - S2B_MSIL2A_20240716T091559_R093_T34SEH_20240716T122518 -> REFINED
2025-09-02 04:40:22,744 - INFO - sentinel2.py:78 - 19/34 - S2B_MSIL2A_20240716T091559_R093_T34SEG_20240716T122518 -> REFINED
2025-09-02 04:40:26,315 - INFO - sentinel2.py:78 - 20/34 - S2B_MSIL2A_20240713T090559_R050_T34SFG_20240713T124303 -> REFINED
2025-09-02 04:40:31,115 - INFO - sentinel2.py:78 - 21/34 - S2A_MSIL2A_20240711T092031_R093_T34SFH_20240711T152305 -> REFINED
2025-09-02 04:40:35,342 - INFO - sentinel2.py:78 - 22/34 - S2A_MSIL2A_20240711T092031_R093_T34SFG_20240711T151939 -> REFINED
2025-09-02 04:40:40,875 - INFO - sentinel2.py:78 - 23/34 - S2A_MSIL2A_20240711T092031_R093_T34SEH_20240711T152306 -> REFINED
2025-09-02 04:40:45,511 - INFO - sentinel2.py:78 - 24/34 - S2A_MSIL2A_20240711T092031_R093_T34SEG_20240711T152630 -> REFINED
2025-09-02 04:40:50,115 - INFO - sentinel2.py:78 - 25/34 - S2A_MSIL2A_20240708T090601_R050_T34SFG_20240708T131744 -> REFINED
2025-09-02 04:40:53,613 - INFO - sentinel2.py:78 - 26/34 - S2B_MSIL2A_20240706T091559_R093_T34SFH_20240706T134009 -> REFINED
2025-09-02 04:40:57,752 - INFO - sentinel2.py:78 - 27/34 - S2B_MSIL2A_20240706T091559_R093_T34SFG_20240706T133943 -> REFINED
2025-09-02 04:41:02,466 - INFO - sentinel2.py:78 - 28/34 - S2B_MSIL2A_20240706T091559_R093_T34SEH_20240706T133933 -> REFINED
2025-09-02 04:41:06,531 - INFO - sentinel2.py:78 - 29/34 - S2B_MSIL2A_20240706T091559_R093_T34SEG_20240706T134613 -> REFINED
2025-09-02 04:41:10,827 - INFO - sentinel2.py:78 - 30/34 - S2B_MSIL2A_20240703T090559_R050_T34SFG_20240703T131807 -> REFINED
2025-09-02 04:41:14,310 - INFO - sentinel2.py:78 - 31/34 - S2A_MSIL2A_20240701T092031_R093_T34SFH_20240701T235759 -> REFINED
2025-09-02 04:41:18,073 - INFO - sentinel2.py:78 - 32/34 - S2A_MSIL2A_20240701T092031_R093_T34SFG_20240702T001203 -> REFINED
2025-09-02 04:41:22,712 - INFO - sentinel2.py:78 - 33/34 - S2A_MSIL2A_20240701T092031_R093_T34SEH_20240701T235547 -> REFINED
2025-09-02 04:41:26,314 - INFO - sentinel2.py:78 - 34/34 - S2A_MSIL2A_20240701T092031_R093_T34SEG_20240702T001300 -> REFINED
2025-09-02 04:41:26,343 - INFO - composites.py:250 -                                  
2025-09-02 04:41:26,343 - INFO - composites.py:251 - 34/34 were refined by GRI.
2025-09-02 04:41:26,343 - INFO - composites.py:263 - Looking for up to 10 cleanest images within spatiotemporal range of each MGRS tile
2025-09-02 04:41:26,345 - INFO - composites.py:277 - Filtered cleanest scenes: Kept 31 out of 34 items. 
2025-09-02 04:41:26,345 - INFO - composites.py:278 -         Included MGRS Tiles: ['34SEG' '34SEH' '34SFG' '34SFH']
2025-09-02 04:41:26,346 - INFO - composites.py:279 -         Included EPSG codes: [32634]
2025-09-02 04:41:26,346 - INFO - composites.py:281 - Selected scenes:
2025-09-02 04:41:26,366 - INFO - composites.py:283 -         S2A_MSIL2A_20240701T092031_R093_T34SEG_20240702T001300
2025-09-02 04:41:26,379 - INFO - composites.py:283 -         S2B_MSIL2A_20240716T091559_R093_T34SEG_20240716T122518
2025-09-02 04:41:26,379 - INFO - composites.py:283 -         S2A_MSIL2A_20240721T092031_R093_T34SEG_20240721T161905
2025-09-02 04:41:26,379 - INFO - composites.py:283 -         S2B_MSIL2A_20240706T091559_R093_T34SEG_20240706T134613
2025-09-02 04:41:26,379 - INFO - composites.py:283 -         S2A_MSIL2A_20240711T092031_R093_T34SEG_20240711T152630
2025-09-02 04:41:26,379 - INFO - composites.py:283 -         S2A_MSIL2A_20240731T092031_R093_T34SEG_20240731T132944
2025-09-02 04:41:26,379 - INFO - composites.py:283 -         S2B_MSIL2A_20240726T091559_R093_T34SEG_20240726T122410
2025-09-02 04:41:26,379 - INFO - composites.py:283 -         S2A_MSIL2A_20240701T092031_R093_T34SEH_20240701T235547
2025-09-02 04:41:26,379 - INFO - composites.py:283 -         S2B_MSIL2A_20240716T091559_R093_T34SEH_20240716T122518
2025-09-02 04:41:26,379 - INFO - composites.py:283 -         S2A_MSIL2A_20240711T092031_R093_T34SEH_20240711T152306
2025-09-02 04:41:26,379 - INFO - composites.py:283 -         S2B_MSIL2A_20240706T091559_R093_T34SEH_20240706T133933
2025-09-02 04:41:26,379 - INFO - composites.py:283 -         S2A_MSIL2A_20240721T092031_R093_T34SEH_20240721T162708
2025-09-02 04:41:26,379 - INFO - composites.py:283 -         S2A_MSIL2A_20240731T092031_R093_T34SEH_20240731T132944
2025-09-02 04:41:26,379 - INFO - composites.py:283 -         S2B_MSIL2A_20240726T091559_R093_T34SEH_20240726T122410
2025-09-02 04:41:26,379 - INFO - composites.py:283 -         S2A_MSIL2A_20240708T090601_R050_T34SFG_20240708T131744
2025-09-02 04:41:26,379 - INFO - composites.py:283 -         S2A_MSIL2A_20240718T090551_R050_T34SFG_20240718T132454
2025-09-02 04:41:26,379 - INFO - composites.py:283 -         S2A_MSIL2A_20240728T090601_R050_T34SFG_20240728T152859
2025-09-02 04:41:26,379 - INFO - composites.py:283 -         S2B_MSIL2A_20240723T090559_R050_T34SFG_20240723T120201
2025-09-02 04:41:26,379 - INFO - composites.py:283 -         S2B_MSIL2A_20240716T091559_R093_T34SFG_20240716T125154
2025-09-02 04:41:26,379 - INFO - composites.py:283 -         S2B_MSIL2A_20240713T090559_R050_T34SFG_20240713T124303
2025-09-02 04:41:26,379 - INFO - composites.py:283 -         S2A_MSIL2A_20240711T092031_R093_T34SFG_20240711T151939
2025-09-02 04:41:26,379 - INFO - composites.py:283 -         S2A_MSIL2A_20240731T092031_R093_T34SFG_20240731T132944
2025-09-02 04:41:26,379 - INFO - composites.py:283 -         S2A_MSIL2A_20240701T092031_R093_T34SFG_20240702T001203
2025-09-02 04:41:26,379 - INFO - composites.py:283 -         S2B_MSIL2A_20240703T090559_R050_T34SFG_20240703T131807
2025-09-02 04:41:26,381 - INFO - composites.py:283 -         S2B_MSIL2A_20240716T091559_R093_T34SFH_20240716T122521
2025-09-02 04:41:26,381 - INFO - composites.py:283 -         S2A_MSIL2A_20240701T092031_R093_T34SFH_20240701T235759
2025-09-02 04:41:26,381 - INFO - composites.py:283 -         S2A_MSIL2A_20240721T092031_R093_T34SFH_20240721T162027
2025-09-02 04:41:26,381 - INFO - composites.py:283 -         S2A_MSIL2A_20240711T092031_R093_T34SFH_20240711T152305
2025-09-02 04:41:26,381 - INFO - composites.py:283 -         S2B_MSIL2A_20240706T091559_R093_T34SFH_20240706T134009
2025-09-02 04:41:26,381 - INFO - composites.py:283 -         S2A_MSIL2A_20240731T092031_R093_T34SFH_20240731T132944
2025-09-02 04:41:26,381 - INFO - composites.py:283 -         S2B_MSIL2A_20240726T091559_R093_T34SFH_20240726T122410
2025-09-02 04:41:26,850 - INFO - sentinel2.py:154 - Matplotlib backend: Agg
2025-09-02 04:41:27,101 - INFO - sentinel2.py:224 - Write input scenes footprint overlay: //nas-rs.topo.auth.gr/Latomeia/DROUGHT/composites/x09/y09/2024/07/01/S2L2A_medcomp_x09y09_202407_InDataFootprint.jpeg
2025-09-02 04:41:27,410 - INFO - composites.py:297 -                                  
2025-09-02 04:41:27,410 - INFO - composites.py:298 - Downstream STAC items from Planetary Computer
2025-09-02 04:41:27,410 - INFO - timeseries_processing.py:115 -                                  
2025-09-02 04:41:27,410 - INFO - timeseries_processing.py:116 - Loading bands of diferent resolutions in EPSG:32634
2025-09-02 04:41:27,410 - INFO - timeseries_processing.py:120 -     Filtering items with native UTM EPSG:32634
2025-09-02 04:41:27,410 - INFO - timeseries_processing.py:122 -     31 Items in EPSG:32634
2025-09-02 04:41:27,410 - INFO - timeseries_processing.py:129 -                        
2025-09-02 04:41:27,410 - INFO - timeseries_processing.py:130 -     Loading parameters:
2025-09-02 04:41:27,410 - INFO - timeseries_processing.py:131 -         Bands: ['B05', 'B07', 'B8A', 'SCL']
2025-09-02 04:41:27,410 - INFO - timeseries_processing.py:132 -         Spatial resolution: 20
2025-09-02 04:41:27,410 - INFO - timeseries_processing.py:134 -         Get Assets from STAC Items
2025-09-02 04:41:27,410 - INFO - timeseries_processing.py:47 -         Initialize the STAC client
2025-09-02 04:41:28,087 - INFO - timeseries_processing.py:137 -         Loading 31 STAC Items....
2025-09-02 04:43:12,030 - INFO - timeseries_processing.py:146 -         Cube has been downloaded
2025-09-02 04:43:12,030 - INFO - timeseries_processing.py:156 -         Fix order of dimensions
2025-09-02 04:43:12,031 - INFO - timeseries_processing.py:161 -         Append bands to the band-list of EPSG:32634
2025-09-02 04:43:12,032 - INFO - timeseries_processing.py:129 -                        
2025-09-02 04:43:12,032 - INFO - timeseries_processing.py:130 -     Loading parameters:
2025-09-02 04:43:12,032 - INFO - timeseries_processing.py:131 -         Bands: ['B02', 'B03', 'B04']
2025-09-02 04:43:12,034 - INFO - timeseries_processing.py:132 -         Spatial resolution: 10
2025-09-02 04:43:12,034 - INFO - timeseries_processing.py:134 -         Get Assets from STAC Items
2025-09-02 04:43:12,034 - INFO - timeseries_processing.py:47 -         Initialize the STAC client
2025-09-02 04:43:12,699 - INFO - timeseries_processing.py:137 -         Loading 31 STAC Items....
2025-09-02 04:46:14,565 - INFO - timeseries_processing.py:146 -         Cube has been downloaded
2025-09-02 04:46:14,565 - INFO - timeseries_processing.py:149 -         Reproject to downsample 10m bands to 20m by Resampling.average 2x2 binning and shape matching with odc.geo.GeoBox
2025-09-02 04:46:31,216 - INFO - timeseries_processing.py:161 -         Append bands to the band-list of EPSG:32634
2025-09-02 04:46:31,216 - INFO - timeseries_processing.py:165 -                        
2025-09-02 04:46:31,216 - INFO - timeseries_processing.py:166 -     Merging bands in a single dataset
2025-09-02 04:46:31,216 - INFO - timeseries_processing.py:167 -     Ensure all partial datasets are at (x=20, y=-20) resolution
2025-09-02 04:46:31,216 - INFO - timeseries_processing.py:171 -     Clip to the intersection of indexes
2025-09-02 04:46:32,639 - INFO - timeseries_processing.py:180 -     Make a list of bands to merge
2025-09-02 04:46:32,640 - INFO - timeseries_processing.py:184 -     Merge on intersection
2025-09-02 04:46:32,642 - INFO - timeseries_processing.py:192 -     Apply masks on clouds, shadows, thin cirrus, and snow/ice
2025-09-02 04:46:32,642 - INFO - sentinel2.py:122 -                Masking bits: [3, 7, 8, 9, 10, 11]
2025-09-02 04:46:34,192 - INFO - composites.py:307 - Reproject from UTM Zone to Tile geometry -> CRS(EPSG:32634), Resampling.bilinear
2025-09-02 04:46:42,896 - INFO - composites.py:310 -     New shape of datasets: Shape2d(x=2400, y=2400)
2025-09-02 04:46:43,663 - INFO - composites.py:329 - Scale SR to Sen2Cor Baseline 4.00 - Subtract 1000 in dates post 2022-01-25
2025-09-02 04:46:45,563 - INFO - composites.py:342 - Creating preview plot of input scenes
2025-09-02 04:47:24,843 - INFO - timeseries_processing.py:349 - Saved preview for 'B04' to //nas-rs.topo.auth.gr/Latomeia/DROUGHT/composites/x09/y09/2024/07/01/S2L2A_medcomp_x09y09_202407_InDataPreview.jpeg
2025-09-02 04:47:24,872 - INFO - composites.py:348 - Clip value range
2025-09-02 04:47:27,383 - INFO - composites.py:353 -                           
2025-09-02 04:47:27,383 - INFO - composites.py:354 - Computing spectral indices:
2025-09-02 04:47:27,384 - INFO - composites.py:357 -     EVI...
2025-09-02 04:47:28,926 - INFO - composites.py:359 -     NDVI...
2025-09-02 04:47:29,427 - INFO - composites.py:361 -     PSRI2...
2025-09-02 04:47:29,803 - INFO - composites.py:364 - Clip to typical value range
2025-09-02 04:47:30,285 - INFO - composites.py:371 - Reducing to median value temporal composite
2025-09-02 04:47:59,186 - INFO - composites.py:390 - Scale and Define data types & nodata per band
2025-09-02 04:47:59,319 - INFO - composites.py:411 - Assign time range and tile ID in metadata
2025-09-02 04:47:59,319 - INFO - composites.py:419 - Write bands to raster COG files
2025-09-02 04:48:03,241 - INFO - composites.py:432 - Write B02 -> //nas-rs.topo.auth.gr/Latomeia/DROUGHT/composites/x09/y09/2024/07/01/S2L2A_medcomp_x09y09_202407_B02.tif
2025-09-02 04:48:07,865 - INFO - composites.py:432 - Write B03 -> //nas-rs.topo.auth.gr/Latomeia/DROUGHT/composites/x09/y09/2024/07/01/S2L2A_medcomp_x09y09_202407_B03.tif
2025-09-02 04:48:11,819 - INFO - composites.py:432 - Write B04 -> //nas-rs.topo.auth.gr/Latomeia/DROUGHT/composites/x09/y09/2024/07/01/S2L2A_medcomp_x09y09_202407_B04.tif
2025-09-02 04:48:16,173 - INFO - composites.py:432 - Write B05 -> //nas-rs.topo.auth.gr/Latomeia/DROUGHT/composites/x09/y09/2024/07/01/S2L2A_medcomp_x09y09_202407_B05.tif
2025-09-02 04:48:20,119 - INFO - composites.py:432 - Write B07 -> //nas-rs.topo.auth.gr/Latomeia/DROUGHT/composites/x09/y09/2024/07/01/S2L2A_medcomp_x09y09_202407_B07.tif
2025-09-02 04:48:23,991 - INFO - composites.py:432 - Write B8A -> //nas-rs.topo.auth.gr/Latomeia/DROUGHT/composites/x09/y09/2024/07/01/S2L2A_medcomp_x09y09_202407_B8A.tif
2025-09-02 04:48:27,889 - INFO - composites.py:432 - Write EVI -> //nas-rs.topo.auth.gr/Latomeia/DROUGHT/composites/x09/y09/2024/07/01/S2L2A_medcomp_x09y09_202407_EVI.tif
2025-09-02 04:48:31,820 - INFO - composites.py:432 - Write NDVI -> //nas-rs.topo.auth.gr/Latomeia/DROUGHT/composites/x09/y09/2024/07/01/S2L2A_medcomp_x09y09_202407_NDVI.tif
2025-09-02 04:48:35,651 - INFO - composites.py:432 - Write PSRI2 -> //nas-rs.topo.auth.gr/Latomeia/DROUGHT/composites/x09/y09/2024/07/01/S2L2A_medcomp_x09y09_202407_PSRI2.tif
2025-09-02 04:48:35,651 - INFO - composites.py:436 - Prepare metadata YAML document
2025-09-02 04:48:36,208 - INFO - composites.py:458 - Write metadata YAML document to disk
2025-09-02 04:48:36,244 - INFO - composites.py:463 - Create datacube.model.Dataset from eo3 metadata
2025-09-02 04:48:36,266 - INFO - composites.py:476 - Index to datacube
2025-09-02 04:48:36,266 - INFO - _datasets.py:191 - Indexing a0899824-6218-41b9-af53-3dc158bf7baf
2025-09-02 04:48:36,290 - INFO - composites.py:479 - 
2025-09-02 04:48:36,290 - INFO - composites.py:480 -              ✔✔✔ COMPLETED: Tile x09_y09 | Time: 2024-07 | In 9.68 minutes
2025-09-02 04:48:36,290 - INFO - composites.py:481 - 
2025-09-02 04:48:36,290 - INFO - composites.py:489 - Closing Dask client
2025-09-02 04:48:36,292 - INFO - composites.py:493 - Closing Dask cluster
2025-09-02 04:48:36,292 - INFO - composites.py:494 - #######################################################################
