2025-09-02 03:16:12,134 - INFO - composites.py:102 - #######################################################################
2025-09-02 03:16:12,135 - INFO - composites.py:104 - Processing started
2025-09-02 03:16:12,135 - INFO - composites.py:105 -         Tile: x11_y11
2025-09-02 03:16:12,135 - INFO - composites.py:106 -         Time: 2024-06
2025-09-02 03:16:12,135 - INFO - composites.py:109 -                           
2025-09-02 03:16:12,135 - INFO - composites.py:110 - Establishing connection to datacube
2025-09-02 03:16:12,818 - INFO - composites.py:113 -                           
2025-09-02 03:16:12,818 - INFO - composites.py:114 - Sanity test: Check if dataset already exists in the datacube
2025-09-02 03:16:12,843 - INFO - composites.py:133 - The composite requested was not found and it will be computed
2025-09-02 03:16:12,843 - INFO - composites.py:136 -                                  
2025-09-02 03:16:12,843 - INFO - composites.py:137 - Initializing Dask cluster for parallelization
2025-09-02 03:16:18,214 - INFO - composites.py:161 - Dask dashboard is available at: http://127.0.0.1:8787/status
2025-09-02 03:16:18,214 - INFO - composites.py:164 - Create directories and naming conversions
2025-09-02 03:16:18,229 - INFO - composites.py:177 - Dataset location: //nas-rs.topo.auth.gr/Latomeia/DROUGHT/composites/x11/y11/2024/06/01
2025-09-02 03:16:18,229 - INFO - composites.py:180 -                           
2025-09-02 03:16:18,229 - INFO - composites.py:181 - Retrieve tile geometry
2025-09-02 03:16:18,258 - INFO - composites.py:192 - Create the Bounding Box (φ,λ)
2025-09-02 03:16:18,258 - INFO - composites.py:198 - Create the Bounding Box (x,y)
2025-09-02 03:16:18,258 - INFO - composites.py:211 -                           
2025-09-02 03:16:18,258 - INFO - composites.py:212 - Connect to Planetary Computer STAC Catalog
2025-09-02 03:16:18,521 - INFO - composites.py:220 - Search the STAC Catalog
2025-09-02 03:16:18,591 - INFO - composites.py:232 -         Query parameters:
2025-09-02 03:16:18,591 - INFO - composites.py:233 -             url:          https://planetarycomputer.microsoft.com/api/stac/v1/search
2025-09-02 03:16:18,591 - INFO - composites.py:234 -             client:       microsoft-pc
2025-09-02 03:16:18,591 - INFO - composites.py:235 -             collection:   sentinel-2-l2a
2025-09-02 03:16:18,591 - INFO - composites.py:236 -             bbox:         (23.090477503527136, 38.072584087612974, 23.76631254171489, 38.62665683856133)
2025-09-02 03:16:18,591 - INFO - composites.py:237 -             time range:   2024-06-01T00:00:00Z/2024-06-30T23:59:59Z
2025-09-02 03:16:18,591 - INFO - composites.py:238 -             cloud cover:  0% - 70%
2025-09-02 03:16:18,592 - INFO - composites.py:239 -             nodata cover: 0% - 33%
2025-09-02 03:16:18,592 - INFO - composites.py:241 -                           
2025-09-02 03:16:18,592 - INFO - composites.py:242 - Searching...
2025-09-02 03:16:19,008 - INFO - composites.py:245 - Query found 14 items
2025-09-02 03:16:19,009 - INFO - composites.py:247 - Searching for GRI REFINED scenes:
2025-09-02 03:16:24,177 - INFO - sentinel2.py:78 - 1/14 - S2A_MSIL2A_20240628T090601_R050_T35SKC_20240628T152412 -> REFINED
2025-09-02 03:16:30,286 - INFO - sentinel2.py:78 - 2/14 - S2A_MSIL2A_20240628T090601_R050_T34SGH_20240628T152219 -> REFINED
2025-09-02 03:16:36,817 - INFO - sentinel2.py:78 - 3/14 - S2B_MSIL2A_20240626T091559_R093_T34SFH_20240626T144409 -> REFINED
2025-09-02 03:16:42,804 - INFO - sentinel2.py:78 - 4/14 - S2B_MSIL2A_20240623T090559_R050_T35SKC_20240623T132125 -> REFINED
2025-09-02 03:16:48,379 - INFO - sentinel2.py:78 - 5/14 - S2B_MSIL2A_20240623T090559_R050_T34SGH_20240623T132126 -> REFINED
2025-09-02 03:16:54,754 - INFO - sentinel2.py:78 - 6/14 - S2A_MSIL2A_20240621T092031_R093_T34SFH_20240621T131555 -> REFINED
2025-09-02 03:17:01,390 - INFO - sentinel2.py:78 - 7/14 - S2A_MSIL2A_20240618T090601_R050_T35SKC_20240618T135419 -> REFINED
2025-09-02 03:17:07,020 - INFO - sentinel2.py:78 - 8/14 - S2A_MSIL2A_20240618T090601_R050_T34SGH_20240618T134524 -> REFINED
2025-09-02 03:17:12,097 - INFO - sentinel2.py:78 - 9/14 - S2B_MSIL2A_20240616T091559_R093_T34SFH_20240616T133612 -> REFINED
2025-09-02 03:17:19,243 - INFO - sentinel2.py:78 - 10/14 - S2A_MSIL2A_20240608T090601_R050_T35SKC_20240608T132546 -> REFINED
2025-09-02 03:17:25,241 - INFO - sentinel2.py:78 - 11/14 - S2A_MSIL2A_20240608T090601_R050_T34SGH_20240608T132620 -> REFINED
2025-09-02 03:17:31,218 - INFO - sentinel2.py:78 - 12/14 - S2B_MSIL2A_20240603T090559_R050_T35SKC_20240603T121842 -> REFINED
2025-09-02 03:17:37,145 - INFO - sentinel2.py:78 - 13/14 - S2B_MSIL2A_20240603T090559_R050_T34SGH_20240603T121628 -> REFINED
2025-09-02 03:17:44,823 - INFO - sentinel2.py:78 - 14/14 - S2A_MSIL2A_20240601T092031_R093_T34SFH_20240601T143913 -> REFINED
2025-09-02 03:17:44,859 - INFO - composites.py:250 -                                  
2025-09-02 03:17:44,859 - INFO - composites.py:251 - 14/14 were refined by GRI.
2025-09-02 03:17:44,859 - INFO - composites.py:263 - Looking for up to 10 cleanest images within spatiotemporal range of each MGRS tile
2025-09-02 03:17:44,860 - INFO - composites.py:277 - Filtered cleanest scenes: Kept 14 out of 14 items. 
2025-09-02 03:17:44,860 - INFO - composites.py:278 -         Included MGRS Tiles: ['34SFH' '34SGH' '35SKC']
2025-09-02 03:17:44,860 - INFO - composites.py:279 -         Included EPSG codes: [32634 32635]
2025-09-02 03:17:44,861 - INFO - composites.py:281 - Selected scenes:
2025-09-02 03:17:44,861 - INFO - composites.py:283 -         S2A_MSIL2A_20240621T092031_R093_T34SFH_20240621T131555
2025-09-02 03:17:44,866 - INFO - composites.py:283 -         S2A_MSIL2A_20240601T092031_R093_T34SFH_20240601T143913
2025-09-02 03:17:44,867 - INFO - composites.py:283 -         S2B_MSIL2A_20240626T091559_R093_T34SFH_20240626T144409
2025-09-02 03:17:44,867 - INFO - composites.py:283 -         S2B_MSIL2A_20240616T091559_R093_T34SFH_20240616T133612
2025-09-02 03:17:44,867 - INFO - composites.py:283 -         S2B_MSIL2A_20240623T090559_R050_T34SGH_20240623T132126
2025-09-02 03:17:44,867 - INFO - composites.py:283 -         S2A_MSIL2A_20240618T090601_R050_T34SGH_20240618T134524
2025-09-02 03:17:44,867 - INFO - composites.py:283 -         S2A_MSIL2A_20240608T090601_R050_T34SGH_20240608T132620
2025-09-02 03:17:44,867 - INFO - composites.py:283 -         S2A_MSIL2A_20240628T090601_R050_T34SGH_20240628T152219
2025-09-02 03:17:44,867 - INFO - composites.py:283 -         S2B_MSIL2A_20240603T090559_R050_T34SGH_20240603T121628
2025-09-02 03:17:44,867 - INFO - composites.py:283 -         S2A_MSIL2A_20240618T090601_R050_T35SKC_20240618T135419
2025-09-02 03:17:44,867 - INFO - composites.py:283 -         S2A_MSIL2A_20240608T090601_R050_T35SKC_20240608T132546
2025-09-02 03:17:44,867 - INFO - composites.py:283 -         S2B_MSIL2A_20240623T090559_R050_T35SKC_20240623T132125
2025-09-02 03:17:44,867 - INFO - composites.py:283 -         S2A_MSIL2A_20240628T090601_R050_T35SKC_20240628T152412
2025-09-02 03:17:44,867 - INFO - composites.py:283 -         S2B_MSIL2A_20240603T090559_R050_T35SKC_20240603T121842
2025-09-02 03:17:45,243 - INFO - sentinel2.py:154 - Matplotlib backend: Agg
2025-09-02 03:17:45,421 - INFO - sentinel2.py:224 - Write input scenes footprint overlay: //nas-rs.topo.auth.gr/Latomeia/DROUGHT/composites/x11/y11/2024/06/01/S2L2A_medcomp_x11y11_202406_InDataFootprint.jpeg
2025-09-02 03:17:45,628 - INFO - composites.py:297 -                                  
2025-09-02 03:17:45,628 - INFO - composites.py:298 - Downstream STAC items from Planetary Computer
2025-09-02 03:17:45,628 - INFO - timeseries_processing.py:115 -                                  
2025-09-02 03:17:45,628 - INFO - timeseries_processing.py:116 - Loading bands of diferent resolutions in EPSG:32634
2025-09-02 03:17:45,628 - INFO - timeseries_processing.py:120 -     Filtering items with native UTM EPSG:32634
2025-09-02 03:17:45,628 - INFO - timeseries_processing.py:122 -     9 Items in EPSG:32634
2025-09-02 03:17:45,628 - INFO - timeseries_processing.py:129 -                        
2025-09-02 03:17:45,628 - INFO - timeseries_processing.py:130 -     Loading parameters:
2025-09-02 03:17:45,629 - INFO - timeseries_processing.py:131 -         Bands: ['B05', 'B07', 'B8A', 'SCL']
2025-09-02 03:17:45,629 - INFO - timeseries_processing.py:132 -         Spatial resolution: 20
2025-09-02 03:17:45,629 - INFO - timeseries_processing.py:134 -         Get Assets from STAC Items
2025-09-02 03:17:45,629 - INFO - timeseries_processing.py:47 -         Initialize the STAC client
2025-09-02 03:17:46,269 - INFO - timeseries_processing.py:137 -         Loading 9 STAC Items....
2025-09-02 03:18:34,274 - INFO - timeseries_processing.py:146 -         Cube has been downloaded
2025-09-02 03:18:34,274 - INFO - timeseries_processing.py:156 -         Fix order of dimensions
2025-09-02 03:18:34,276 - INFO - timeseries_processing.py:161 -         Append bands to the band-list of EPSG:32634
2025-09-02 03:18:34,276 - INFO - timeseries_processing.py:129 -                        
2025-09-02 03:18:34,276 - INFO - timeseries_processing.py:130 -     Loading parameters:
2025-09-02 03:18:34,276 - INFO - timeseries_processing.py:131 -         Bands: ['B02', 'B03', 'B04']
2025-09-02 03:18:34,276 - INFO - timeseries_processing.py:132 -         Spatial resolution: 10
2025-09-02 03:18:34,280 - INFO - timeseries_processing.py:134 -         Get Assets from STAC Items
2025-09-02 03:18:34,280 - INFO - timeseries_processing.py:47 -         Initialize the STAC client
2025-09-02 03:18:34,763 - INFO - timeseries_processing.py:137 -         Loading 9 STAC Items....
2025-09-02 03:20:25,319 - INFO - timeseries_processing.py:146 -         Cube has been downloaded
2025-09-02 03:20:25,319 - INFO - timeseries_processing.py:149 -         Reproject to downsample 10m bands to 20m by Resampling.average 2x2 binning and shape matching with odc.geo.GeoBox
2025-09-02 03:20:38,155 - INFO - timeseries_processing.py:161 -         Append bands to the band-list of EPSG:32634
2025-09-02 03:20:38,155 - INFO - timeseries_processing.py:165 -                        
2025-09-02 03:20:38,155 - INFO - timeseries_processing.py:166 -     Merging bands in a single dataset
2025-09-02 03:20:38,155 - INFO - timeseries_processing.py:167 -     Ensure all partial datasets are at (x=20, y=-20) resolution
2025-09-02 03:20:38,156 - INFO - timeseries_processing.py:171 -     Clip to the intersection of indexes
2025-09-02 03:20:39,450 - INFO - timeseries_processing.py:180 -     Make a list of bands to merge
2025-09-02 03:20:39,452 - INFO - timeseries_processing.py:184 -     Merge on intersection
2025-09-02 03:20:39,454 - INFO - timeseries_processing.py:192 -     Apply masks on clouds, shadows, thin cirrus, and snow/ice
2025-09-02 03:20:39,455 - INFO - sentinel2.py:122 -                Masking bits: [3, 7, 8, 9, 10, 11]
2025-09-02 03:20:40,603 - INFO - timeseries_processing.py:115 -                                  
2025-09-02 03:20:40,603 - INFO - timeseries_processing.py:116 - Loading bands of diferent resolutions in EPSG:32635
2025-09-02 03:20:40,603 - INFO - timeseries_processing.py:120 -     Filtering items with native UTM EPSG:32635
2025-09-02 03:20:40,613 - INFO - timeseries_processing.py:122 -     5 Items in EPSG:32635
2025-09-02 03:20:40,631 - INFO - timeseries_processing.py:129 -                        
2025-09-02 03:20:40,631 - INFO - timeseries_processing.py:130 -     Loading parameters:
2025-09-02 03:20:40,633 - INFO - timeseries_processing.py:131 -         Bands: ['B05', 'B07', 'B8A', 'SCL']
2025-09-02 03:20:40,633 - INFO - timeseries_processing.py:132 -         Spatial resolution: 20
2025-09-02 03:20:40,634 - INFO - timeseries_processing.py:134 -         Get Assets from STAC Items
2025-09-02 03:20:40,634 - INFO - timeseries_processing.py:47 -         Initialize the STAC client
2025-09-02 03:20:41,167 - INFO - timeseries_processing.py:137 -         Loading 5 STAC Items....
2025-09-02 03:21:00,149 - INFO - timeseries_processing.py:146 -         Cube has been downloaded
2025-09-02 03:21:00,149 - INFO - timeseries_processing.py:156 -         Fix order of dimensions
2025-09-02 03:21:00,151 - INFO - timeseries_processing.py:161 -         Append bands to the band-list of EPSG:32635
2025-09-02 03:21:00,151 - INFO - timeseries_processing.py:129 -                        
2025-09-02 03:21:00,152 - INFO - timeseries_processing.py:130 -     Loading parameters:
2025-09-02 03:21:00,152 - INFO - timeseries_processing.py:131 -         Bands: ['B02', 'B03', 'B04']
2025-09-02 03:21:00,152 - INFO - timeseries_processing.py:132 -         Spatial resolution: 10
2025-09-02 03:21:00,152 - INFO - timeseries_processing.py:134 -         Get Assets from STAC Items
2025-09-02 03:21:00,152 - INFO - timeseries_processing.py:47 -         Initialize the STAC client
2025-09-02 03:21:00,635 - INFO - timeseries_processing.py:137 -         Loading 5 STAC Items....
2025-09-02 03:21:40,532 - INFO - timeseries_processing.py:146 -         Cube has been downloaded
2025-09-02 03:21:40,532 - INFO - timeseries_processing.py:149 -         Reproject to downsample 10m bands to 20m by Resampling.average 2x2 binning and shape matching with odc.geo.GeoBox
2025-09-02 03:21:46,942 - INFO - timeseries_processing.py:161 -         Append bands to the band-list of EPSG:32635
2025-09-02 03:21:46,942 - INFO - timeseries_processing.py:165 -                        
2025-09-02 03:21:46,942 - INFO - timeseries_processing.py:166 -     Merging bands in a single dataset
2025-09-02 03:21:46,942 - INFO - timeseries_processing.py:167 -     Ensure all partial datasets are at (x=20, y=-20) resolution
2025-09-02 03:21:46,942 - INFO - timeseries_processing.py:171 -     Clip to the intersection of indexes
2025-09-02 03:21:46,944 - INFO - timeseries_processing.py:180 -     Make a list of bands to merge
2025-09-02 03:21:46,944 - INFO - timeseries_processing.py:184 -     Merge on intersection
2025-09-02 03:21:46,945 - INFO - timeseries_processing.py:192 -     Apply masks on clouds, shadows, thin cirrus, and snow/ice
2025-09-02 03:21:46,945 - INFO - sentinel2.py:122 -                Masking bits: [3, 7, 8, 9, 10, 11]
2025-09-02 03:21:47,632 - INFO - composites.py:307 - Reproject from UTM Zone to Tile geometry -> CRS(EPSG:32635), Resampling.bilinear
2025-09-02 03:21:57,254 - INFO - composites.py:310 -     New shape of datasets: Shape2d(x=2400, y=2400)
2025-09-02 03:21:57,556 - INFO - composites.py:315 -                           
2025-09-02 03:21:57,568 - INFO - composites.py:316 - Mosaic datasets to a single dataset
2025-09-02 03:22:05,027 - INFO - composites.py:329 - Scale SR to Sen2Cor Baseline 4.00 - Subtract 1000 in dates post 2022-01-25
2025-09-02 03:22:06,358 - INFO - composites.py:342 - Creating preview plot of input scenes
2025-09-02 03:22:38,065 - INFO - timeseries_processing.py:349 - Saved preview for 'B04' to //nas-rs.topo.auth.gr/Latomeia/DROUGHT/composites/x11/y11/2024/06/01/S2L2A_medcomp_x11y11_202406_InDataPreview.jpeg
2025-09-02 03:22:38,082 - INFO - composites.py:348 - Clip value range
2025-09-02 03:22:39,854 - INFO - composites.py:353 -                           
2025-09-02 03:22:39,855 - INFO - composites.py:354 - Computing spectral indices:
2025-09-02 03:22:39,855 - INFO - composites.py:357 -     EVI...
2025-09-02 03:22:40,970 - INFO - composites.py:359 -     NDVI...
2025-09-02 03:22:41,364 - INFO - composites.py:361 -     PSRI2...
2025-09-02 03:22:41,641 - INFO - composites.py:364 - Clip to typical value range
2025-09-02 03:22:41,939 - INFO - composites.py:371 - Reducing to median value temporal composite
2025-09-02 03:23:08,584 - INFO - composites.py:390 - Scale and Define data types & nodata per band
2025-09-02 03:23:08,731 - INFO - composites.py:411 - Assign time range and tile ID in metadata
2025-09-02 03:23:08,731 - INFO - composites.py:419 - Write bands to raster COG files
2025-09-02 03:23:12,699 - INFO - composites.py:432 - Write B02 -> //nas-rs.topo.auth.gr/Latomeia/DROUGHT/composites/x11/y11/2024/06/01/S2L2A_medcomp_x11y11_202406_B02.tif
2025-09-02 03:23:16,980 - INFO - composites.py:432 - Write B03 -> //nas-rs.topo.auth.gr/Latomeia/DROUGHT/composites/x11/y11/2024/06/01/S2L2A_medcomp_x11y11_202406_B03.tif
2025-09-02 03:23:20,991 - INFO - composites.py:432 - Write B04 -> //nas-rs.topo.auth.gr/Latomeia/DROUGHT/composites/x11/y11/2024/06/01/S2L2A_medcomp_x11y11_202406_B04.tif
2025-09-02 03:23:24,975 - INFO - composites.py:432 - Write B05 -> //nas-rs.topo.auth.gr/Latomeia/DROUGHT/composites/x11/y11/2024/06/01/S2L2A_medcomp_x11y11_202406_B05.tif
2025-09-02 03:23:28,937 - INFO - composites.py:432 - Write B07 -> //nas-rs.topo.auth.gr/Latomeia/DROUGHT/composites/x11/y11/2024/06/01/S2L2A_medcomp_x11y11_202406_B07.tif
2025-09-02 03:23:32,902 - INFO - composites.py:432 - Write B8A -> //nas-rs.topo.auth.gr/Latomeia/DROUGHT/composites/x11/y11/2024/06/01/S2L2A_medcomp_x11y11_202406_B8A.tif
2025-09-02 03:23:37,343 - INFO - composites.py:432 - Write EVI -> //nas-rs.topo.auth.gr/Latomeia/DROUGHT/composites/x11/y11/2024/06/01/S2L2A_medcomp_x11y11_202406_EVI.tif
2025-09-02 03:23:41,377 - INFO - composites.py:432 - Write NDVI -> //nas-rs.topo.auth.gr/Latomeia/DROUGHT/composites/x11/y11/2024/06/01/S2L2A_medcomp_x11y11_202406_NDVI.tif
2025-09-02 03:23:45,337 - INFO - composites.py:432 - Write PSRI2 -> //nas-rs.topo.auth.gr/Latomeia/DROUGHT/composites/x11/y11/2024/06/01/S2L2A_medcomp_x11y11_202406_PSRI2.tif
2025-09-02 03:23:45,337 - INFO - composites.py:436 - Prepare metadata YAML document
2025-09-02 03:23:45,942 - INFO - composites.py:458 - Write metadata YAML document to disk
2025-09-02 03:23:45,979 - INFO - composites.py:463 - Create datacube.model.Dataset from eo3 metadata
2025-09-02 03:23:45,989 - INFO - composites.py:476 - Index to datacube
2025-09-02 03:23:45,990 - INFO - _datasets.py:191 - Indexing ba8b2047-7b64-4244-9a97-9a199c570256
2025-09-02 03:23:45,998 - INFO - composites.py:479 - 
2025-09-02 03:23:45,998 - INFO - composites.py:480 -              ✔✔✔ COMPLETED: Tile x11_y11 | Time: 2024-06 | In 7.56 minutes
2025-09-02 03:23:45,998 - INFO - composites.py:481 - 
2025-09-02 03:23:45,998 - INFO - composites.py:489 - Closing Dask client
2025-09-02 03:23:46,008 - INFO - composites.py:493 - Closing Dask cluster
2025-09-02 03:23:46,008 - INFO - composites.py:494 - #######################################################################
