2025-11-30 14:38:32,979 - INFO - composites.py:102 - #######################################################################
2025-11-30 14:38:32,979 - INFO - composites.py:104 - Processing started
2025-11-30 14:38:32,979 - INFO - composites.py:105 -         Tile: x07_y11
2025-11-30 14:38:32,979 - INFO - composites.py:106 -         Time: 2020-07
2025-11-30 14:38:32,979 - INFO - composites.py:109 -                           
2025-11-30 14:38:32,979 - INFO - composites.py:110 - Establishing connection to datacube
2025-11-30 14:38:33,512 - INFO - composites.py:113 -                           
2025-11-30 14:38:33,512 - INFO - composites.py:114 - Sanity test: Check if dataset already exists in the datacube
2025-11-30 14:38:33,534 - INFO - composites.py:133 - The composite requested was not found and it will be computed
2025-11-30 14:38:33,534 - INFO - composites.py:136 -                                  
2025-11-30 14:38:33,534 - INFO - composites.py:137 - Initializing Dask cluster for parallelization
2025-11-30 14:38:38,948 - INFO - composites.py:161 - Dask dashboard is available at: http://127.0.0.1:8787/status
2025-11-30 14:38:38,949 - INFO - composites.py:164 - Create directories and naming conversions
2025-11-30 14:38:38,959 - INFO - composites.py:177 - Dataset location: //nas-rs.topo.auth.gr/Latomeia/DROUGHT/composites/x07/y11/2020/07/01
2025-11-30 14:38:38,959 - INFO - composites.py:180 -                           
2025-11-30 14:38:38,959 - INFO - composites.py:181 - Retrieve tile geometry
2025-11-30 14:38:38,998 - INFO - composites.py:192 - Create the Bounding Box (φ,λ)
2025-11-30 14:38:38,999 - INFO - composites.py:198 - Create the Bounding Box (x,y)
2025-11-30 14:38:38,999 - INFO - composites.py:211 -                           
2025-11-30 14:38:38,999 - INFO - composites.py:212 - Connect to Planetary Computer STAC Catalog
2025-11-30 14:38:39,304 - INFO - composites.py:220 - Search the STAC Catalog
2025-11-30 14:38:39,377 - INFO - composites.py:232 -         Query parameters:
2025-11-30 14:38:39,377 - INFO - composites.py:233 -             url:          https://planetarycomputer.microsoft.com/api/stac/v1/search
2025-11-30 14:38:39,377 - INFO - composites.py:234 -             client:       microsoft-pc
2025-11-30 14:38:39,377 - INFO - composites.py:235 -             collection:   sentinel-2-l2a
2025-11-30 14:38:39,377 - INFO - composites.py:236 -             bbox:         (20.928573606105775, 38.35819969704171, 21.59502923200265, 38.902149455513275)
2025-11-30 14:38:39,377 - INFO - composites.py:237 -             time range:   2020-07-01T00:00:00Z/2020-07-31T23:59:59Z
2025-11-30 14:38:39,377 - INFO - composites.py:238 -             cloud cover:  0% - 70%
2025-11-30 14:38:39,377 - INFO - composites.py:239 -             nodata cover: 0% - 33%
2025-11-30 14:38:39,377 - INFO - composites.py:241 -                           
2025-11-30 14:38:39,377 - INFO - composites.py:242 - Searching...
2025-11-30 14:38:39,952 - INFO - composites.py:245 - Query found 30 items
2025-11-30 14:38:39,952 - INFO - composites.py:247 - Searching for GRI REFINED scenes:
2025-11-30 14:38:46,876 - INFO - sentinel2.py:78 - 1/30 - S2B_MSIL2A_20200730T093039_R136_T34SDJ_20200818T045726 -> Not Found
2025-11-30 14:38:52,999 - INFO - sentinel2.py:78 - 2/30 - S2B_MSIL2A_20200730T093039_R136_T34SDH_20200818T045726 -> Not Found
2025-11-30 14:38:58,474 - INFO - sentinel2.py:78 - 3/30 - S2B_MSIL2A_20200727T092029_R093_T34SEJ_20200817T190502 -> Not Found
2025-11-30 14:39:04,076 - INFO - sentinel2.py:78 - 4/30 - S2B_MSIL2A_20200727T092029_R093_T34SEH_20200817T190500 -> Not Found
2025-11-30 14:39:10,177 - INFO - sentinel2.py:78 - 5/30 - S2B_MSIL2A_20200727T092029_R093_T34SDH_20200817T190443 -> Not Found
2025-11-30 14:39:15,639 - INFO - sentinel2.py:78 - 6/30 - S2A_MSIL2A_20200725T093041_R136_T34SDJ_20200817T112721 -> Not Found
2025-11-30 14:39:20,782 - INFO - sentinel2.py:78 - 7/30 - S2A_MSIL2A_20200725T093041_R136_T34SDH_20200817T112717 -> Not Found
2025-11-30 14:39:27,328 - INFO - sentinel2.py:78 - 8/30 - S2A_MSIL2A_20200722T092031_R093_T34SEJ_20200817T022438 -> Not Found
2025-11-30 14:39:32,355 - INFO - sentinel2.py:78 - 9/30 - S2A_MSIL2A_20200722T092031_R093_T34SEH_20200817T022438 -> Not Found
2025-11-30 14:39:37,990 - INFO - sentinel2.py:78 - 10/30 - S2A_MSIL2A_20200722T092031_R093_T34SDH_20200817T022426 -> Not Found
2025-11-30 14:39:43,733 - INFO - sentinel2.py:78 - 11/30 - S2B_MSIL2A_20200720T093039_R136_T34SDJ_20200816T214340 -> Not Found
2025-11-30 14:39:49,419 - INFO - sentinel2.py:78 - 12/30 - S2B_MSIL2A_20200720T093039_R136_T34SDH_20200816T214340 -> Not Found
2025-11-30 14:39:55,762 - INFO - sentinel2.py:78 - 13/30 - S2B_MSIL2A_20200717T092029_R093_T34SEJ_20200816T124326 -> Not Found
2025-11-30 14:40:01,890 - INFO - sentinel2.py:78 - 14/30 - S2B_MSIL2A_20200717T092029_R093_T34SEH_20200816T124329 -> Not Found
2025-11-30 14:40:07,201 - INFO - sentinel2.py:78 - 15/30 - S2B_MSIL2A_20200717T092029_R093_T34SDH_20200816T124315 -> Not Found
2025-11-30 14:40:13,358 - INFO - sentinel2.py:78 - 16/30 - S2A_MSIL2A_20200715T093041_R136_T34SDJ_20200919T033144 -> Not Found
2025-11-30 14:40:19,028 - INFO - sentinel2.py:78 - 17/30 - S2A_MSIL2A_20200715T093041_R136_T34SDH_20200912T034853 -> Not Found
2025-11-30 14:40:24,105 - INFO - sentinel2.py:78 - 18/30 - S2A_MSIL2A_20200712T092031_R093_T34SEJ_20200912T221247 -> Not Found
2025-11-30 14:40:29,904 - INFO - sentinel2.py:78 - 19/30 - S2A_MSIL2A_20200712T092031_R093_T34SEH_20200912T221245 -> Not Found
2025-11-30 14:40:35,737 - INFO - sentinel2.py:78 - 20/30 - S2A_MSIL2A_20200712T092031_R093_T34SDH_20200912T221230 -> Not Found
2025-11-30 14:40:41,610 - INFO - sentinel2.py:78 - 21/30 - S2B_MSIL2A_20200710T093039_R136_T34SDJ_20200912T175555 -> Not Found
2025-11-30 14:40:47,217 - INFO - sentinel2.py:78 - 22/30 - S2B_MSIL2A_20200710T093039_R136_T34SDH_20200912T175553 -> Not Found
2025-11-30 14:40:53,514 - INFO - sentinel2.py:78 - 23/30 - S2B_MSIL2A_20200707T092029_R093_T34SEJ_20200912T092021 -> Not Found
2025-11-30 14:40:58,555 - INFO - sentinel2.py:78 - 24/30 - S2B_MSIL2A_20200707T092029_R093_T34SEH_20200912T092019 -> Not Found
2025-11-30 14:41:04,205 - INFO - sentinel2.py:78 - 25/30 - S2B_MSIL2A_20200707T092029_R093_T34SDH_20200912T092006 -> Not Found
2025-11-30 14:41:09,209 - INFO - sentinel2.py:78 - 26/30 - S2A_MSIL2A_20200705T093041_R136_T34SDJ_20200825T065657 -> Not Found
2025-11-30 14:41:14,864 - INFO - sentinel2.py:78 - 27/30 - S2A_MSIL2A_20200705T093041_R136_T34SDH_20200825T065701 -> Not Found
2025-11-30 14:41:20,077 - INFO - sentinel2.py:78 - 28/30 - S2A_MSIL2A_20200702T092031_R093_T34SEJ_20200824T221355 -> Not Found
2025-11-30 14:41:25,479 - INFO - sentinel2.py:78 - 29/30 - S2A_MSIL2A_20200702T092031_R093_T34SEH_20200824T221354 -> Not Found
2025-11-30 14:41:31,188 - INFO - sentinel2.py:78 - 30/30 - S2A_MSIL2A_20200702T092031_R093_T34SDH_20200824T221338 -> Not Found
2025-11-30 14:41:31,239 - INFO - composites.py:250 -                                  
2025-11-30 14:41:31,241 - INFO - composites.py:251 - 0/30 were refined by GRI.
2025-11-30 14:41:31,241 - WARNING - composites.py:255 - Tile x07_y11 | Time: 2020-07: All scenes are flagged NOT REFINED.
2025-11-30 14:41:31,241 - WARNING - composites.py:256 - Tile x07_y11 | Time: 2020-07: The composite will be flagged with _NOREFINED.
2025-11-30 14:41:31,242 - INFO - composites.py:263 - Looking for up to 7 cleanest images within spatiotemporal range of each MGRS tile
2025-11-30 14:41:31,243 - INFO - composites.py:277 - Filtered cleanest scenes: Kept 25 out of 30 items. 
2025-11-30 14:41:31,243 - INFO - composites.py:278 -         Included MGRS Tiles: ['34SDH' '34SDJ' '34SEH' '34SEJ']
2025-11-30 14:41:31,243 - INFO - composites.py:279 -         Included EPSG codes: [32634]
2025-11-30 14:41:31,243 - INFO - composites.py:281 - Selected scenes:
2025-11-30 14:41:31,245 - INFO - composites.py:283 -         S2A_MSIL2A_20200712T092031_R093_T34SDH_20200912T221230
2025-11-30 14:41:31,245 - INFO - composites.py:283 -         S2B_MSIL2A_20200730T093039_R136_T34SDH_20200818T045726
2025-11-30 14:41:31,245 - INFO - composites.py:283 -         S2B_MSIL2A_20200727T092029_R093_T34SDH_20200817T190443
2025-11-30 14:41:31,245 - INFO - composites.py:283 -         S2A_MSIL2A_20200722T092031_R093_T34SDH_20200817T022426
2025-11-30 14:41:31,245 - INFO - composites.py:283 -         S2B_MSIL2A_20200707T092029_R093_T34SDH_20200912T092006
2025-11-30 14:41:31,245 - INFO - composites.py:283 -         S2A_MSIL2A_20200725T093041_R136_T34SDH_20200817T112717
2025-11-30 14:41:31,245 - INFO - composites.py:283 -         S2B_MSIL2A_20200720T093039_R136_T34SDH_20200816T214340
2025-11-30 14:41:31,245 - INFO - composites.py:283 -         S2B_MSIL2A_20200720T093039_R136_T34SDJ_20200816T214340
2025-11-30 14:41:31,245 - INFO - composites.py:283 -         S2B_MSIL2A_20200730T093039_R136_T34SDJ_20200818T045726
2025-11-30 14:41:31,245 - INFO - composites.py:283 -         S2A_MSIL2A_20200725T093041_R136_T34SDJ_20200817T112721
2025-11-30 14:41:31,245 - INFO - composites.py:283 -         S2B_MSIL2A_20200710T093039_R136_T34SDJ_20200912T175555
2025-11-30 14:41:31,245 - INFO - composites.py:283 -         S2A_MSIL2A_20200715T093041_R136_T34SDJ_20200919T033144
2025-11-30 14:41:31,245 - INFO - composites.py:283 -         S2A_MSIL2A_20200705T093041_R136_T34SDJ_20200825T065657
2025-11-30 14:41:31,245 - INFO - composites.py:283 -         S2A_MSIL2A_20200702T092031_R093_T34SEH_20200824T221354
2025-11-30 14:41:31,245 - INFO - composites.py:283 -         S2A_MSIL2A_20200712T092031_R093_T34SEH_20200912T221245
2025-11-30 14:41:31,245 - INFO - composites.py:283 -         S2B_MSIL2A_20200727T092029_R093_T34SEH_20200817T190500
2025-11-30 14:41:31,245 - INFO - composites.py:283 -         S2A_MSIL2A_20200722T092031_R093_T34SEH_20200817T022438
2025-11-30 14:41:31,245 - INFO - composites.py:283 -         S2B_MSIL2A_20200717T092029_R093_T34SEH_20200816T124329
2025-11-30 14:41:31,245 - INFO - composites.py:283 -         S2B_MSIL2A_20200707T092029_R093_T34SEH_20200912T092019
2025-11-30 14:41:31,245 - INFO - composites.py:283 -         S2A_MSIL2A_20200702T092031_R093_T34SEJ_20200824T221355
2025-11-30 14:41:31,245 - INFO - composites.py:283 -         S2A_MSIL2A_20200712T092031_R093_T34SEJ_20200912T221247
2025-11-30 14:41:31,245 - INFO - composites.py:283 -         S2B_MSIL2A_20200727T092029_R093_T34SEJ_20200817T190502
2025-11-30 14:41:31,245 - INFO - composites.py:283 -         S2A_MSIL2A_20200722T092031_R093_T34SEJ_20200817T022438
2025-11-30 14:41:31,245 - INFO - composites.py:283 -         S2B_MSIL2A_20200717T092029_R093_T34SEJ_20200816T124326
2025-11-30 14:41:31,245 - INFO - composites.py:283 -         S2B_MSIL2A_20200707T092029_R093_T34SEJ_20200912T092021
2025-11-30 14:41:31,732 - INFO - sentinel2.py:154 - Matplotlib backend: Agg
2025-11-30 14:41:32,008 - INFO - sentinel2.py:224 - Write input scenes footprint overlay: //nas-rs.topo.auth.gr/Latomeia/DROUGHT/composites/x07/y11/2020/07/01/S2L2A_medcomp_x07y11_202007_InDataFootprint.jpeg
2025-11-30 14:41:32,228 - INFO - composites.py:297 -                                  
2025-11-30 14:41:32,228 - INFO - composites.py:298 - Downstream STAC items from Planetary Computer
2025-11-30 14:41:32,228 - INFO - timeseries_processing.py:115 -                                  
2025-11-30 14:41:32,228 - INFO - timeseries_processing.py:116 - Loading bands of diferent resolutions in EPSG:32634
2025-11-30 14:41:32,228 - INFO - timeseries_processing.py:120 -     Filtering items with native UTM EPSG:32634
2025-11-30 14:41:32,228 - INFO - timeseries_processing.py:122 -     25 Items in EPSG:32634
2025-11-30 14:41:32,228 - INFO - timeseries_processing.py:129 -                        
2025-11-30 14:41:32,228 - INFO - timeseries_processing.py:130 -     Loading parameters:
2025-11-30 14:41:32,228 - INFO - timeseries_processing.py:131 -         Bands: ['B05', 'B07', 'B8A', 'SCL']
2025-11-30 14:41:32,228 - INFO - timeseries_processing.py:132 -         Spatial resolution: 20
2025-11-30 14:41:32,228 - INFO - timeseries_processing.py:134 -         Get Assets from STAC Items
2025-11-30 14:41:32,228 - INFO - timeseries_processing.py:47 -         Initialize the STAC client
2025-11-30 14:41:33,568 - INFO - timeseries_processing.py:137 -         Loading 25 STAC Items....
2025-11-30 14:43:18,199 - INFO - timeseries_processing.py:146 -         Cube has been downloaded
2025-11-30 14:43:18,199 - INFO - timeseries_processing.py:156 -         Fix order of dimensions
2025-11-30 14:43:18,202 - INFO - timeseries_processing.py:161 -         Append bands to the band-list of EPSG:32634
2025-11-30 14:43:18,203 - INFO - timeseries_processing.py:129 -                        
2025-11-30 14:43:18,204 - INFO - timeseries_processing.py:130 -     Loading parameters:
2025-11-30 14:43:18,204 - INFO - timeseries_processing.py:131 -         Bands: ['B02', 'B03', 'B04']
2025-11-30 14:43:18,204 - INFO - timeseries_processing.py:132 -         Spatial resolution: 10
2025-11-30 14:43:18,204 - INFO - timeseries_processing.py:134 -         Get Assets from STAC Items
2025-11-30 14:43:18,204 - INFO - timeseries_processing.py:47 -         Initialize the STAC client
2025-11-30 14:43:18,912 - INFO - timeseries_processing.py:137 -         Loading 25 STAC Items....
2025-11-30 14:47:33,692 - INFO - timeseries_processing.py:146 -         Cube has been downloaded
2025-11-30 14:47:33,692 - INFO - timeseries_processing.py:149 -         Reproject to downsample 10m bands to 20m by Resampling.average 2x2 binning and shape matching with odc.geo.GeoBox
2025-11-30 14:47:48,918 - INFO - timeseries_processing.py:161 -         Append bands to the band-list of EPSG:32634
2025-11-30 14:47:48,918 - INFO - timeseries_processing.py:165 -                        
2025-11-30 14:47:48,918 - INFO - timeseries_processing.py:166 -     Merging bands in a single dataset
2025-11-30 14:47:48,918 - INFO - timeseries_processing.py:167 -     Ensure all partial datasets are at (x=20, y=-20) resolution
2025-11-30 14:47:48,919 - INFO - timeseries_processing.py:171 -     Clip to the intersection of indexes
2025-11-30 14:47:50,012 - INFO - timeseries_processing.py:180 -     Make a list of bands to merge
2025-11-30 14:47:50,015 - INFO - timeseries_processing.py:184 -     Merge on intersection
2025-11-30 14:47:50,015 - INFO - timeseries_processing.py:192 -     Apply masks on clouds, shadows, thin cirrus, and snow/ice
2025-11-30 14:47:50,015 - INFO - sentinel2.py:122 -                Masking bits: [3, 7, 8, 9, 10, 11]
2025-11-30 14:47:51,445 - INFO - composites.py:307 - Reproject from UTM Zone to Tile geometry -> CRS(EPSG:32634), Resampling.bilinear
2025-11-30 14:47:59,636 - INFO - composites.py:310 -     New shape of datasets: Shape2d(x=2400, y=2400)
2025-11-30 14:48:00,620 - INFO - composites.py:342 - Creating preview plot of input scenes
2025-11-30 14:48:43,675 - INFO - timeseries_processing.py:349 - Saved preview for 'B04' to //nas-rs.topo.auth.gr/Latomeia/DROUGHT/composites/x07/y11/2020/07/01/S2L2A_medcomp_x07y11_202007_InDataPreview.jpeg
2025-11-30 14:48:43,693 - INFO - composites.py:348 - Clip value range
2025-11-30 14:48:46,071 - INFO - composites.py:353 -                           
2025-11-30 14:48:46,084 - INFO - composites.py:354 - Computing spectral indices:
2025-11-30 14:48:46,084 - INFO - composites.py:357 -     EVI...
2025-11-30 14:48:47,511 - INFO - composites.py:359 -     NDVI...
2025-11-30 14:48:48,013 - INFO - composites.py:361 -     PSRI2...
2025-11-30 14:48:48,392 - INFO - composites.py:364 - Clip to typical value range
2025-11-30 14:48:48,809 - INFO - composites.py:371 - Reducing to median value temporal composite
2025-11-30 14:49:16,235 - INFO - composites.py:390 - Scale and Define data types & nodata per band
2025-11-30 14:49:16,372 - INFO - composites.py:411 - Assign time range and tile ID in metadata
2025-11-30 14:49:16,372 - INFO - composites.py:419 - Write bands to raster COG files
2025-11-30 14:49:20,366 - INFO - composites.py:432 - Write B02 -> //nas-rs.topo.auth.gr/Latomeia/DROUGHT/composites/x07/y11/2020/07/01/S2L2A_medcomp_x07y11_202007_B02.tif
2025-11-30 14:49:24,358 - INFO - composites.py:432 - Write B03 -> //nas-rs.topo.auth.gr/Latomeia/DROUGHT/composites/x07/y11/2020/07/01/S2L2A_medcomp_x07y11_202007_B03.tif
2025-11-30 14:49:28,363 - INFO - composites.py:432 - Write B04 -> //nas-rs.topo.auth.gr/Latomeia/DROUGHT/composites/x07/y11/2020/07/01/S2L2A_medcomp_x07y11_202007_B04.tif
2025-11-30 14:49:32,669 - INFO - composites.py:432 - Write B05 -> //nas-rs.topo.auth.gr/Latomeia/DROUGHT/composites/x07/y11/2020/07/01/S2L2A_medcomp_x07y11_202007_B05.tif
2025-11-30 14:49:37,047 - INFO - composites.py:432 - Write B07 -> //nas-rs.topo.auth.gr/Latomeia/DROUGHT/composites/x07/y11/2020/07/01/S2L2A_medcomp_x07y11_202007_B07.tif
2025-11-30 14:49:41,018 - INFO - composites.py:432 - Write B8A -> //nas-rs.topo.auth.gr/Latomeia/DROUGHT/composites/x07/y11/2020/07/01/S2L2A_medcomp_x07y11_202007_B8A.tif
2025-11-30 14:49:44,976 - INFO - composites.py:432 - Write EVI -> //nas-rs.topo.auth.gr/Latomeia/DROUGHT/composites/x07/y11/2020/07/01/S2L2A_medcomp_x07y11_202007_EVI.tif
2025-11-30 14:49:49,264 - INFO - composites.py:432 - Write NDVI -> //nas-rs.topo.auth.gr/Latomeia/DROUGHT/composites/x07/y11/2020/07/01/S2L2A_medcomp_x07y11_202007_NDVI.tif
2025-11-30 14:49:53,250 - INFO - composites.py:432 - Write PSRI2 -> //nas-rs.topo.auth.gr/Latomeia/DROUGHT/composites/x07/y11/2020/07/01/S2L2A_medcomp_x07y11_202007_PSRI2.tif
2025-11-30 14:49:53,250 - INFO - composites.py:436 - Prepare metadata YAML document
2025-11-30 14:49:53,817 - INFO - composites.py:458 - Write metadata YAML document to disk
2025-11-30 14:49:53,869 - INFO - composites.py:463 - Create datacube.model.Dataset from eo3 metadata
2025-11-30 14:49:53,881 - INFO - composites.py:476 - Index to datacube
2025-11-30 14:49:53,882 - INFO - _datasets.py:191 - Indexing 76335e39-e0f1-4853-acc6-f2a1afb876d9
2025-11-30 14:49:53,898 - INFO - composites.py:479 - 
2025-11-30 14:49:53,898 - INFO - composites.py:480 -              ✔✔✔ COMPLETED: Tile x07_y11 | Time: 2020-07 | In 11.35 minutes
2025-11-30 14:49:53,898 - INFO - composites.py:481 - 
2025-11-30 14:49:53,898 - INFO - composites.py:489 - Closing Dask client
2025-11-30 14:49:53,900 - INFO - composites.py:493 - Closing Dask cluster
2025-11-30 14:49:53,900 - INFO - composites.py:494 - #######################################################################
