2025-11-30 22:48:04,069 - INFO - composites.py:102 - #######################################################################
2025-11-30 22:48:04,069 - INFO - composites.py:104 - Processing started
2025-11-30 22:48:04,069 - INFO - composites.py:105 -         Tile: x07_y12
2025-11-30 22:48:04,069 - INFO - composites.py:106 -         Time: 2022-07
2025-11-30 22:48:04,069 - INFO - composites.py:109 -                           
2025-11-30 22:48:04,069 - INFO - composites.py:110 - Establishing connection to datacube
2025-11-30 22:48:04,633 - INFO - composites.py:113 -                           
2025-11-30 22:48:04,633 - INFO - composites.py:114 - Sanity test: Check if dataset already exists in the datacube
2025-11-30 22:48:04,658 - INFO - composites.py:133 - The composite requested was not found and it will be computed
2025-11-30 22:48:04,658 - INFO - composites.py:136 -                                  
2025-11-30 22:48:04,658 - INFO - composites.py:137 - Initializing Dask cluster for parallelization
2025-11-30 22:48:09,897 - INFO - composites.py:161 - Dask dashboard is available at: http://127.0.0.1:8787/status
2025-11-30 22:48:09,897 - INFO - composites.py:164 - Create directories and naming conversions
2025-11-30 22:48:09,908 - INFO - composites.py:177 - Dataset location: //nas-rs.topo.auth.gr/Latomeia/DROUGHT/composites/x07/y12/2022/07/01
2025-11-30 22:48:09,908 - INFO - composites.py:180 -                           
2025-11-30 22:48:09,908 - INFO - composites.py:181 - Retrieve tile geometry
2025-11-30 22:48:09,943 - INFO - composites.py:192 - Create the Bounding Box (φ,λ)
2025-11-30 22:48:09,943 - INFO - composites.py:198 - Create the Bounding Box (x,y)
2025-11-30 22:48:09,947 - INFO - composites.py:211 -                           
2025-11-30 22:48:09,947 - INFO - composites.py:212 - Connect to Planetary Computer STAC Catalog
2025-11-30 22:48:10,295 - INFO - composites.py:220 - Search the STAC Catalog
2025-11-30 22:48:10,376 - INFO - composites.py:232 -         Query parameters:
2025-11-30 22:48:10,393 - INFO - composites.py:233 -             url:          https://planetarycomputer.microsoft.com/api/stac/v1/search
2025-11-30 22:48:10,394 - INFO - composites.py:234 -             client:       microsoft-pc
2025-11-30 22:48:10,406 - INFO - composites.py:235 -             collection:   sentinel-2-l2a
2025-11-30 22:48:10,406 - INFO - composites.py:236 -             bbox:         (20.999765686564626, 38.787881790199634, 21.67096534182257, 39.332009850489634)
2025-11-30 22:48:10,406 - INFO - composites.py:237 -             time range:   2022-07-01T00:00:00Z/2022-07-31T23:59:59Z
2025-11-30 22:48:10,406 - INFO - composites.py:238 -             cloud cover:  0% - 70%
2025-11-30 22:48:10,406 - INFO - composites.py:239 -             nodata cover: 0% - 33%
2025-11-30 22:48:10,406 - INFO - composites.py:241 -                           
2025-11-30 22:48:10,406 - INFO - composites.py:242 - Searching...
2025-11-30 22:48:11,041 - INFO - composites.py:245 - Query found 53 items
2025-11-30 22:48:11,042 - INFO - composites.py:247 - Searching for GRI REFINED scenes:
2025-11-30 22:48:16,720 - INFO - sentinel2.py:78 - 1/53 - S2B_MSIL2A_20220730T092559_R136_T34SDJ_20240716T231426 -> REFINED
2025-11-30 22:48:22,999 - INFO - sentinel2.py:78 - 2/53 - S2B_MSIL2A_20220730T092559_R136_T34SDJ_20220731T105410 -> REFINED
2025-11-30 22:48:28,947 - INFO - sentinel2.py:78 - 3/53 - S2B_MSIL2A_20220730T092559_R136_T34SDH_20240716T231426 -> REFINED
2025-11-30 22:48:35,011 - INFO - sentinel2.py:78 - 4/53 - S2B_MSIL2A_20220730T092559_R136_T34SDH_20220731T093942 -> REFINED
2025-11-30 22:48:40,963 - INFO - sentinel2.py:78 - 5/53 - S2B_MSIL2A_20220727T091559_R093_T34SEJ_20240714T220116 -> REFINED
2025-11-30 22:48:47,291 - INFO - sentinel2.py:78 - 6/53 - S2B_MSIL2A_20220727T091559_R093_T34SEJ_20220728T183658 -> REFINED
2025-11-30 22:48:51,455 - INFO - sentinel2.py:78 - 7/53 - S2B_MSIL2A_20220727T091559_R093_T34SEH_20240714T220116 -> REFINED
2025-11-30 22:48:56,955 - INFO - sentinel2.py:78 - 8/53 - S2B_MSIL2A_20220727T091559_R093_T34SEH_20220728T190451 -> REFINED
2025-11-30 22:49:03,172 - INFO - sentinel2.py:78 - 9/53 - S2B_MSIL2A_20220727T091559_R093_T34SDH_20240714T220116 -> REFINED
2025-11-30 22:49:08,567 - INFO - sentinel2.py:78 - 10/53 - S2B_MSIL2A_20220727T091559_R093_T34SDH_20220728T193702 -> REFINED
2025-11-30 22:49:14,957 - INFO - sentinel2.py:78 - 11/53 - S2A_MSIL2A_20220725T093041_R136_T34SDJ_20240715T042335 -> REFINED
2025-11-30 22:49:21,175 - INFO - sentinel2.py:78 - 12/53 - S2A_MSIL2A_20220725T093041_R136_T34SDJ_20220727T025229 -> REFINED
2025-11-30 22:49:26,591 - INFO - sentinel2.py:78 - 13/53 - S2A_MSIL2A_20220725T093041_R136_T34SDH_20240715T042335 -> REFINED
2025-11-30 22:49:32,121 - INFO - sentinel2.py:78 - 14/53 - S2A_MSIL2A_20220725T093041_R136_T34SDH_20220727T034914 -> REFINED
2025-11-30 22:49:37,811 - INFO - sentinel2.py:78 - 15/53 - S2A_MSIL2A_20220722T092041_R093_T34SEJ_20240711T113555 -> REFINED
2025-11-30 22:49:43,480 - INFO - sentinel2.py:78 - 16/53 - S2A_MSIL2A_20220722T092041_R093_T34SEJ_20220724T134045 -> REFINED
2025-11-30 22:49:49,780 - INFO - sentinel2.py:78 - 17/53 - S2A_MSIL2A_20220722T092041_R093_T34SEH_20240711T113555 -> REFINED
2025-11-30 22:49:56,660 - INFO - sentinel2.py:78 - 18/53 - S2A_MSIL2A_20220722T092041_R093_T34SEH_20220724T125724 -> REFINED
2025-11-30 22:50:02,692 - INFO - sentinel2.py:78 - 19/53 - S2A_MSIL2A_20220722T092041_R093_T34SDH_20240711T113555 -> REFINED
2025-11-30 22:50:08,214 - INFO - sentinel2.py:78 - 20/53 - S2A_MSIL2A_20220722T092041_R093_T34SDH_20220724T125102 -> REFINED
2025-11-30 22:50:13,407 - INFO - sentinel2.py:78 - 21/53 - S2B_MSIL2A_20220720T092559_R136_T34SDJ_20240712T190641 -> REFINED
2025-11-30 22:50:19,627 - INFO - sentinel2.py:78 - 22/53 - S2B_MSIL2A_20220720T092559_R136_T34SDJ_20220720T200118 -> REFINED
2025-11-30 22:50:24,637 - INFO - sentinel2.py:78 - 23/53 - S2B_MSIL2A_20220720T092559_R136_T34SDH_20240712T190641 -> REFINED
2025-11-30 22:50:30,851 - INFO - sentinel2.py:78 - 24/53 - S2B_MSIL2A_20220720T092559_R136_T34SDH_20220720T203322 -> REFINED
2025-11-30 22:50:35,832 - INFO - sentinel2.py:78 - 25/53 - S2B_MSIL2A_20220717T091559_R093_T34SEJ_20240714T072952 -> REFINED
2025-11-30 22:50:41,951 - INFO - sentinel2.py:78 - 26/53 - S2B_MSIL2A_20220717T091559_R093_T34SEJ_20220717T204248 -> REFINED
2025-11-30 22:50:47,105 - INFO - sentinel2.py:78 - 27/53 - S2B_MSIL2A_20220717T091559_R093_T34SEH_20240714T072952 -> REFINED
2025-11-30 22:50:53,056 - INFO - sentinel2.py:78 - 28/53 - S2B_MSIL2A_20220717T091559_R093_T34SEH_20220717T203813 -> REFINED
2025-11-30 22:50:58,448 - INFO - sentinel2.py:78 - 29/53 - S2B_MSIL2A_20220717T091559_R093_T34SDH_20240714T072952 -> REFINED
2025-11-30 22:51:04,129 - INFO - sentinel2.py:78 - 30/53 - S2B_MSIL2A_20220717T091559_R093_T34SDH_20220717T215221 -> REFINED
2025-11-30 22:51:10,352 - INFO - sentinel2.py:78 - 31/53 - S2A_MSIL2A_20220715T093051_R136_T34SDJ_20220715T224216 -> REFINED
2025-11-30 22:51:16,564 - INFO - sentinel2.py:78 - 32/53 - S2A_MSIL2A_20220715T093051_R136_T34SDH_20220715T230023 -> REFINED
2025-11-30 22:51:21,615 - INFO - sentinel2.py:78 - 33/53 - S2A_MSIL2A_20220712T092041_R093_T34SEJ_20220713T185541 -> REFINED
2025-11-30 22:51:27,126 - INFO - sentinel2.py:78 - 34/53 - S2A_MSIL2A_20220712T092041_R093_T34SEH_20220713T200909 -> REFINED
2025-11-30 22:51:33,467 - INFO - sentinel2.py:78 - 35/53 - S2A_MSIL2A_20220712T092041_R093_T34SDH_20220713T200640 -> REFINED
2025-11-30 22:51:39,494 - INFO - sentinel2.py:78 - 36/53 - S2B_MSIL2A_20220710T093039_R136_T34SDJ_20220712T094034 -> REFINED
2025-11-30 22:51:45,495 - INFO - sentinel2.py:78 - 37/53 - S2B_MSIL2A_20220710T093039_R136_T34SDH_20220713T070457 -> REFINED
2025-11-30 22:51:51,259 - INFO - sentinel2.py:78 - 38/53 - S2B_MSIL2A_20220707T092039_R093_T34SEJ_20240701T101053 -> REFINED
2025-11-30 22:51:57,280 - INFO - sentinel2.py:78 - 39/53 - S2B_MSIL2A_20220707T092039_R093_T34SEJ_20220708T062623 -> REFINED
2025-11-30 22:52:03,442 - INFO - sentinel2.py:78 - 40/53 - S2B_MSIL2A_20220707T092039_R093_T34SEH_20240701T101053 -> REFINED
2025-11-30 22:52:09,197 - INFO - sentinel2.py:78 - 41/53 - S2B_MSIL2A_20220707T092039_R093_T34SEH_20220708T063542 -> REFINED
2025-11-30 22:52:14,907 - INFO - sentinel2.py:78 - 42/53 - S2B_MSIL2A_20220707T092039_R093_T34SDH_20240701T101053 -> REFINED
2025-11-30 22:52:20,544 - INFO - sentinel2.py:78 - 43/53 - S2B_MSIL2A_20220707T092039_R093_T34SDH_20220708T065557 -> REFINED
2025-11-30 22:52:28,674 - INFO - sentinel2.py:78 - 44/53 - S2A_MSIL2A_20220705T093051_R136_T34SDJ_20240630T215107 -> REFINED
2025-11-30 22:52:45,483 - INFO - sentinel2.py:78 - 45/53 - S2A_MSIL2A_20220705T093051_R136_T34SDJ_20220707T043134 -> REFINED
2025-11-30 22:52:51,386 - INFO - sentinel2.py:78 - 46/53 - S2A_MSIL2A_20220705T093051_R136_T34SDH_20240630T215107 -> REFINED
2025-11-30 22:52:56,907 - INFO - sentinel2.py:78 - 47/53 - S2A_MSIL2A_20220705T093051_R136_T34SDH_20220707T045444 -> REFINED
2025-11-30 22:53:02,787 - INFO - sentinel2.py:78 - 48/53 - S2A_MSIL2A_20220702T092041_R093_T34SEJ_20240701T055146 -> REFINED
2025-11-30 22:53:08,705 - INFO - sentinel2.py:78 - 49/53 - S2A_MSIL2A_20220702T092041_R093_T34SEJ_20220702T235649 -> REFINED
2025-11-30 22:53:14,851 - INFO - sentinel2.py:78 - 50/53 - S2A_MSIL2A_20220702T092041_R093_T34SEH_20240701T055146 -> REFINED
2025-11-30 22:53:20,364 - INFO - sentinel2.py:78 - 51/53 - S2A_MSIL2A_20220702T092041_R093_T34SEH_20220702T224247 -> REFINED
2025-11-30 22:53:26,706 - INFO - sentinel2.py:78 - 52/53 - S2A_MSIL2A_20220702T092041_R093_T34SDH_20240701T055146 -> REFINED
2025-11-30 22:53:32,409 - INFO - sentinel2.py:78 - 53/53 - S2A_MSIL2A_20220702T092041_R093_T34SDH_20220702T230718 -> REFINED
2025-11-30 22:53:32,472 - INFO - composites.py:250 -                                  
2025-11-30 22:53:32,472 - INFO - composites.py:251 - 53/53 were refined by GRI.
2025-11-30 22:53:32,482 - INFO - composites.py:263 - Looking for up to 7 cleanest images within spatiotemporal range of each MGRS tile
2025-11-30 22:53:32,483 - INFO - composites.py:277 - Filtered cleanest scenes: Kept 28 out of 53 items. 
2025-11-30 22:53:32,483 - INFO - composites.py:278 -         Included MGRS Tiles: ['34SDH' '34SDJ' '34SEH' '34SEJ']
2025-11-30 22:53:32,483 - INFO - composites.py:279 -         Included EPSG codes: [32634]
2025-11-30 22:53:32,484 - INFO - composites.py:281 - Selected scenes:
2025-11-30 22:53:32,484 - INFO - composites.py:283 -         S2A_MSIL2A_20220722T092041_R093_T34SDH_20220724T125102
2025-11-30 22:53:32,484 - INFO - composites.py:283 -         S2A_MSIL2A_20220722T092041_R093_T34SDH_20240711T113555
2025-11-30 22:53:32,498 - INFO - composites.py:283 -         S2A_MSIL2A_20220702T092041_R093_T34SDH_20220702T230718
2025-11-30 22:53:32,498 - INFO - composites.py:283 -         S2A_MSIL2A_20220702T092041_R093_T34SDH_20240701T055146
2025-11-30 22:53:32,499 - INFO - composites.py:283 -         S2B_MSIL2A_20220717T091559_R093_T34SDH_20240714T072952
2025-11-30 22:53:32,499 - INFO - composites.py:283 -         S2B_MSIL2A_20220717T091559_R093_T34SDH_20220717T215221
2025-11-30 22:53:32,499 - INFO - composites.py:283 -         S2B_MSIL2A_20220730T092559_R136_T34SDH_20240716T231426
2025-11-30 22:53:32,499 - INFO - composites.py:283 -         S2A_MSIL2A_20220715T093051_R136_T34SDJ_20220715T224216
2025-11-30 22:53:32,499 - INFO - composites.py:283 -         S2A_MSIL2A_20220725T093041_R136_T34SDJ_20220727T025229
2025-11-30 22:53:32,499 - INFO - composites.py:283 -         S2A_MSIL2A_20220725T093041_R136_T34SDJ_20240715T042335
2025-11-30 22:53:32,499 - INFO - composites.py:283 -         S2B_MSIL2A_20220730T092559_R136_T34SDJ_20220731T105410
2025-11-30 22:53:32,499 - INFO - composites.py:283 -         S2B_MSIL2A_20220730T092559_R136_T34SDJ_20240716T231426
2025-11-30 22:53:32,499 - INFO - composites.py:283 -         S2A_MSIL2A_20220705T093051_R136_T34SDJ_20240630T215107
2025-11-30 22:53:32,499 - INFO - composites.py:283 -         S2A_MSIL2A_20220705T093051_R136_T34SDJ_20220707T043134
2025-11-30 22:53:32,499 - INFO - composites.py:283 -         S2A_MSIL2A_20220722T092041_R093_T34SEH_20240711T113555
2025-11-30 22:53:32,499 - INFO - composites.py:283 -         S2A_MSIL2A_20220722T092041_R093_T34SEH_20220724T125724
2025-11-30 22:53:32,499 - INFO - composites.py:283 -         S2A_MSIL2A_20220702T092041_R093_T34SEH_20220702T224247
2025-11-30 22:53:32,499 - INFO - composites.py:283 -         S2A_MSIL2A_20220702T092041_R093_T34SEH_20240701T055146
2025-11-30 22:53:32,499 - INFO - composites.py:283 -         S2B_MSIL2A_20220717T091559_R093_T34SEH_20220717T203813
2025-11-30 22:53:32,499 - INFO - composites.py:283 -         S2B_MSIL2A_20220717T091559_R093_T34SEH_20240714T072952
2025-11-30 22:53:32,499 - INFO - composites.py:283 -         S2B_MSIL2A_20220727T091559_R093_T34SEH_20220728T190451
2025-11-30 22:53:32,499 - INFO - composites.py:283 -         S2A_MSIL2A_20220722T092041_R093_T34SEJ_20220724T134045
2025-11-30 22:53:32,499 - INFO - composites.py:283 -         S2A_MSIL2A_20220722T092041_R093_T34SEJ_20240711T113555
2025-11-30 22:53:32,499 - INFO - composites.py:283 -         S2A_MSIL2A_20220702T092041_R093_T34SEJ_20220702T235649
2025-11-30 22:53:32,499 - INFO - composites.py:283 -         S2A_MSIL2A_20220702T092041_R093_T34SEJ_20240701T055146
2025-11-30 22:53:32,499 - INFO - composites.py:283 -         S2B_MSIL2A_20220717T091559_R093_T34SEJ_20220717T204248
2025-11-30 22:53:32,499 - INFO - composites.py:283 -         S2B_MSIL2A_20220717T091559_R093_T34SEJ_20240714T072952
2025-11-30 22:53:32,499 - INFO - composites.py:283 -         S2B_MSIL2A_20220707T092039_R093_T34SEJ_20220708T062623
2025-11-30 22:53:32,967 - INFO - sentinel2.py:154 - Matplotlib backend: Agg
2025-11-30 22:53:33,185 - INFO - sentinel2.py:224 - Write input scenes footprint overlay: //nas-rs.topo.auth.gr/Latomeia/DROUGHT/composites/x07/y12/2022/07/01/S2L2A_medcomp_x07y12_202207_InDataFootprint.jpeg
2025-11-30 22:53:33,458 - INFO - composites.py:297 -                                  
2025-11-30 22:53:33,458 - INFO - composites.py:298 - Downstream STAC items from Planetary Computer
2025-11-30 22:53:33,458 - INFO - timeseries_processing.py:115 -                                  
2025-11-30 22:53:33,458 - INFO - timeseries_processing.py:116 - Loading bands of diferent resolutions in EPSG:32634
2025-11-30 22:53:33,458 - INFO - timeseries_processing.py:120 -     Filtering items with native UTM EPSG:32634
2025-11-30 22:53:33,458 - INFO - timeseries_processing.py:122 -     28 Items in EPSG:32634
2025-11-30 22:53:33,458 - INFO - timeseries_processing.py:129 -                        
2025-11-30 22:53:33,458 - INFO - timeseries_processing.py:130 -     Loading parameters:
2025-11-30 22:53:33,458 - INFO - timeseries_processing.py:131 -         Bands: ['B05', 'B07', 'B8A', 'SCL']
2025-11-30 22:53:33,458 - INFO - timeseries_processing.py:132 -         Spatial resolution: 20
2025-11-30 22:53:33,458 - INFO - timeseries_processing.py:134 -         Get Assets from STAC Items
2025-11-30 22:53:33,458 - INFO - timeseries_processing.py:47 -         Initialize the STAC client
2025-11-30 22:53:34,249 - INFO - timeseries_processing.py:137 -         Loading 28 STAC Items....
2025-11-30 22:55:01,450 - INFO - timeseries_processing.py:146 -         Cube has been downloaded
2025-11-30 22:55:01,450 - INFO - timeseries_processing.py:156 -         Fix order of dimensions
2025-11-30 22:55:01,454 - INFO - timeseries_processing.py:161 -         Append bands to the band-list of EPSG:32634
2025-11-30 22:55:01,454 - INFO - timeseries_processing.py:129 -                        
2025-11-30 22:55:01,454 - INFO - timeseries_processing.py:130 -     Loading parameters:
2025-11-30 22:55:01,454 - INFO - timeseries_processing.py:131 -         Bands: ['B02', 'B03', 'B04']
2025-11-30 22:55:01,454 - INFO - timeseries_processing.py:132 -         Spatial resolution: 10
2025-11-30 22:55:01,454 - INFO - timeseries_processing.py:134 -         Get Assets from STAC Items
2025-11-30 22:55:01,454 - INFO - timeseries_processing.py:47 -         Initialize the STAC client
2025-11-30 22:55:02,253 - INFO - timeseries_processing.py:137 -         Loading 28 STAC Items....
2025-11-30 22:59:59,053 - INFO - timeseries_processing.py:146 -         Cube has been downloaded
2025-11-30 22:59:59,053 - INFO - timeseries_processing.py:149 -         Reproject to downsample 10m bands to 20m by Resampling.average 2x2 binning and shape matching with odc.geo.GeoBox
2025-11-30 23:00:10,517 - INFO - timeseries_processing.py:161 -         Append bands to the band-list of EPSG:32634
2025-11-30 23:00:10,517 - INFO - timeseries_processing.py:165 -                        
2025-11-30 23:00:10,517 - INFO - timeseries_processing.py:166 -     Merging bands in a single dataset
2025-11-30 23:00:10,517 - INFO - timeseries_processing.py:167 -     Ensure all partial datasets are at (x=20, y=-20) resolution
2025-11-30 23:00:10,517 - INFO - timeseries_processing.py:171 -     Clip to the intersection of indexes
2025-11-30 23:00:12,034 - INFO - timeseries_processing.py:180 -     Make a list of bands to merge
2025-11-30 23:00:12,035 - INFO - timeseries_processing.py:184 -     Merge on intersection
2025-11-30 23:00:12,037 - INFO - timeseries_processing.py:192 -     Apply masks on clouds, shadows, thin cirrus, and snow/ice
2025-11-30 23:00:12,037 - INFO - sentinel2.py:122 -                Masking bits: [3, 7, 8, 9, 10, 11]
2025-11-30 23:00:13,171 - INFO - composites.py:307 - Reproject from UTM Zone to Tile geometry -> CRS(EPSG:32634), Resampling.bilinear
2025-11-30 23:00:19,687 - INFO - composites.py:310 -     New shape of datasets: Shape2d(x=2400, y=2400)
2025-11-30 23:00:20,392 - INFO - composites.py:329 - Scale SR to Sen2Cor Baseline 4.00 - Subtract 1000 in dates post 2022-01-25
2025-11-30 23:00:21,686 - INFO - composites.py:342 - Creating preview plot of input scenes
2025-11-30 23:00:52,926 - INFO - timeseries_processing.py:349 - Saved preview for 'B04' to //nas-rs.topo.auth.gr/Latomeia/DROUGHT/composites/x07/y12/2022/07/01/S2L2A_medcomp_x07y12_202207_InDataPreview.jpeg
2025-11-30 23:00:52,940 - INFO - composites.py:348 - Clip value range
2025-11-30 23:00:54,669 - INFO - composites.py:353 -                           
2025-11-30 23:00:54,672 - INFO - composites.py:354 - Computing spectral indices:
2025-11-30 23:00:54,672 - INFO - composites.py:357 -     EVI...
2025-11-30 23:00:55,815 - INFO - composites.py:359 -     NDVI...
2025-11-30 23:00:56,162 - INFO - composites.py:361 -     PSRI2...
2025-11-30 23:00:56,465 - INFO - composites.py:364 - Clip to typical value range
2025-11-30 23:00:56,784 - INFO - composites.py:371 - Reducing to median value temporal composite
2025-11-30 23:01:23,051 - INFO - composites.py:390 - Scale and Define data types & nodata per band
2025-11-30 23:01:23,215 - INFO - composites.py:411 - Assign time range and tile ID in metadata
2025-11-30 23:01:23,215 - INFO - composites.py:419 - Write bands to raster COG files
2025-11-30 23:01:27,269 - INFO - composites.py:432 - Write B02 -> //nas-rs.topo.auth.gr/Latomeia/DROUGHT/composites/x07/y12/2022/07/01/S2L2A_medcomp_x07y12_202207_B02.tif
2025-11-30 23:01:31,233 - INFO - composites.py:432 - Write B03 -> //nas-rs.topo.auth.gr/Latomeia/DROUGHT/composites/x07/y12/2022/07/01/S2L2A_medcomp_x07y12_202207_B03.tif
2025-11-30 23:01:35,169 - INFO - composites.py:432 - Write B04 -> //nas-rs.topo.auth.gr/Latomeia/DROUGHT/composites/x07/y12/2022/07/01/S2L2A_medcomp_x07y12_202207_B04.tif
2025-11-30 23:01:39,132 - INFO - composites.py:432 - Write B05 -> //nas-rs.topo.auth.gr/Latomeia/DROUGHT/composites/x07/y12/2022/07/01/S2L2A_medcomp_x07y12_202207_B05.tif
2025-11-30 23:01:43,093 - INFO - composites.py:432 - Write B07 -> //nas-rs.topo.auth.gr/Latomeia/DROUGHT/composites/x07/y12/2022/07/01/S2L2A_medcomp_x07y12_202207_B07.tif
2025-11-30 23:01:47,026 - INFO - composites.py:432 - Write B8A -> //nas-rs.topo.auth.gr/Latomeia/DROUGHT/composites/x07/y12/2022/07/01/S2L2A_medcomp_x07y12_202207_B8A.tif
2025-11-30 23:01:50,944 - INFO - composites.py:432 - Write EVI -> //nas-rs.topo.auth.gr/Latomeia/DROUGHT/composites/x07/y12/2022/07/01/S2L2A_medcomp_x07y12_202207_EVI.tif
2025-11-30 23:01:54,862 - INFO - composites.py:432 - Write NDVI -> //nas-rs.topo.auth.gr/Latomeia/DROUGHT/composites/x07/y12/2022/07/01/S2L2A_medcomp_x07y12_202207_NDVI.tif
2025-11-30 23:01:58,673 - INFO - composites.py:432 - Write PSRI2 -> //nas-rs.topo.auth.gr/Latomeia/DROUGHT/composites/x07/y12/2022/07/01/S2L2A_medcomp_x07y12_202207_PSRI2.tif
2025-11-30 23:01:58,684 - INFO - composites.py:436 - Prepare metadata YAML document
2025-11-30 23:01:59,217 - INFO - composites.py:458 - Write metadata YAML document to disk
2025-11-30 23:01:59,248 - INFO - composites.py:463 - Create datacube.model.Dataset from eo3 metadata
2025-11-30 23:01:59,259 - INFO - composites.py:476 - Index to datacube
2025-11-30 23:01:59,259 - INFO - _datasets.py:191 - Indexing ef1a13b9-c1c6-487c-bc62-eeef7ea0072f
2025-11-30 23:01:59,269 - INFO - composites.py:479 - 
2025-11-30 23:01:59,269 - INFO - composites.py:480 -              ✔✔✔ COMPLETED: Tile x07_y12 | Time: 2022-07 | In 13.92 minutes
2025-11-30 23:01:59,269 - INFO - composites.py:481 - 
2025-11-30 23:01:59,269 - INFO - composites.py:489 - Closing Dask client
2025-11-30 23:01:59,276 - INFO - composites.py:493 - Closing Dask cluster
2025-11-30 23:01:59,276 - INFO - composites.py:494 - #######################################################################
