2025-09-03 10:56:17,301 - INFO - composites.py:102 - #######################################################################
2025-09-03 10:56:17,301 - INFO - composites.py:104 - Processing started
2025-09-03 10:56:17,301 - INFO - composites.py:105 -         Tile: x09_y12
2025-09-03 10:56:17,301 - INFO - composites.py:106 -         Time: 2025-05
2025-09-03 10:56:17,301 - INFO - composites.py:109 -                           
2025-09-03 10:56:17,301 - INFO - composites.py:110 - Establishing connection to datacube
2025-09-03 10:56:17,849 - INFO - composites.py:113 -                           
2025-09-03 10:56:17,850 - INFO - composites.py:114 - Sanity test: Check if dataset already exists in the datacube
2025-09-03 10:56:17,872 - INFO - composites.py:133 - The composite requested was not found and it will be computed
2025-09-03 10:56:17,872 - INFO - composites.py:136 -                                  
2025-09-03 10:56:17,872 - INFO - composites.py:137 - Initializing Dask cluster for parallelization
2025-09-03 10:56:22,838 - INFO - composites.py:161 - Dask dashboard is available at: http://127.0.0.1:8787/status
2025-09-03 10:56:22,838 - INFO - composites.py:164 - Create directories and naming conversions
2025-09-03 10:56:22,847 - INFO - composites.py:177 - Dataset location: //nas-rs.topo.auth.gr/Latomeia/DROUGHT/composites/x09/y12/2025/05/01
2025-09-03 10:56:22,847 - INFO - composites.py:180 -                           
2025-09-03 10:56:22,847 - INFO - composites.py:181 - Retrieve tile geometry
2025-09-03 10:56:22,876 - INFO - composites.py:192 - Create the Bounding Box (φ,λ)
2025-09-03 10:56:22,876 - INFO - composites.py:198 - Create the Bounding Box (x,y)
2025-09-03 10:56:22,876 - INFO - composites.py:211 -                           
2025-09-03 10:56:22,877 - INFO - composites.py:212 - Connect to Planetary Computer STAC Catalog
2025-09-03 10:56:23,127 - INFO - composites.py:220 - Search the STAC Catalog
2025-09-03 10:56:23,201 - INFO - composites.py:232 -         Query parameters:
2025-09-03 10:56:23,201 - INFO - composites.py:233 -             url:          https://planetarycomputer.microsoft.com/api/stac/v1/search
2025-09-03 10:56:23,201 - INFO - composites.py:234 -             client:       microsoft-pc
2025-09-03 10:56:23,201 - INFO - composites.py:235 -             collection:   sentinel-2-l2a
2025-09-03 10:56:23,201 - INFO - composites.py:236 -             bbox:         (22.08935468900074, 38.65012671670289, 22.765437865885517, 39.19940074346311)
2025-09-03 10:56:23,201 - INFO - composites.py:237 -             time range:   2025-05-01T00:00:00Z/2025-05-31T23:59:59Z
2025-09-03 10:56:23,201 - INFO - composites.py:238 -             cloud cover:  0% - 70%
2025-09-03 10:56:23,201 - INFO - composites.py:239 -             nodata cover: 0% - 33%
2025-09-03 10:56:23,201 - INFO - composites.py:241 -                           
2025-09-03 10:56:23,201 - INFO - composites.py:242 - Searching...
2025-09-03 10:56:23,667 - INFO - composites.py:245 - Query found 24 items
2025-09-03 10:56:23,668 - INFO - composites.py:247 - Searching for GRI REFINED scenes:
2025-09-03 10:56:29,184 - INFO - sentinel2.py:78 - 1/24 - S2C_MSIL2A_20250527T092051_R093_T34SFJ_20250527T150317 -> REFINED
2025-09-03 10:56:34,306 - INFO - sentinel2.py:78 - 2/24 - S2C_MSIL2A_20250527T092051_R093_T34SFH_20250527T150317 -> REFINED
2025-09-03 10:56:39,633 - INFO - sentinel2.py:78 - 3/24 - S2C_MSIL2A_20250527T092051_R093_T34SEJ_20250527T150317 -> REFINED
2025-09-03 10:56:45,359 - INFO - sentinel2.py:78 - 4/24 - S2C_MSIL2A_20250527T092051_R093_T34SEH_20250527T150317 -> REFINED
2025-09-03 10:56:50,499 - INFO - sentinel2.py:78 - 5/24 - S2B_MSIL2A_20250522T092029_R093_T34SFJ_20250522T102824 -> REFINED
2025-09-03 10:56:55,652 - INFO - sentinel2.py:78 - 6/24 - S2B_MSIL2A_20250522T092029_R093_T34SEJ_20250522T102824 -> REFINED
2025-09-03 10:57:00,179 - INFO - sentinel2.py:78 - 7/24 - S2B_MSIL2A_20250522T092029_R093_T34SEH_20250522T102824 -> REFINED
2025-09-03 10:57:05,297 - INFO - sentinel2.py:78 - 8/24 - S2A_MSIL2A_20250519T092041_R093_T34SFJ_20250519T125816 -> REFINED
2025-09-03 10:57:10,060 - INFO - sentinel2.py:78 - 9/24 - S2A_MSIL2A_20250519T092041_R093_T34SFH_20250519T125816 -> REFINED
2025-09-03 10:57:15,374 - INFO - sentinel2.py:78 - 10/24 - S2A_MSIL2A_20250519T092041_R093_T34SEJ_20250519T125816 -> REFINED
2025-09-03 10:57:20,907 - INFO - sentinel2.py:78 - 11/24 - S2A_MSIL2A_20250519T092041_R093_T34SEH_20250519T125816 -> REFINED
2025-09-03 10:57:27,321 - INFO - sentinel2.py:78 - 12/24 - S2C_MSIL2A_20250517T092051_R093_T34SFJ_20250517T150713 -> REFINED
2025-09-03 10:57:33,349 - INFO - sentinel2.py:78 - 13/24 - S2C_MSIL2A_20250517T092051_R093_T34SFH_20250517T150713 -> REFINED
2025-09-03 10:57:37,981 - INFO - sentinel2.py:78 - 14/24 - S2C_MSIL2A_20250517T092051_R093_T34SEH_20250517T150713 -> REFINED
2025-09-03 10:57:51,687 - INFO - sentinel2.py:78 - 15/24 - S2B_MSIL2A_20250512T092029_R093_T34SFJ_20250512T122448 -> REFINED
2025-09-03 10:57:57,154 - INFO - sentinel2.py:78 - 16/24 - S2A_MSIL2A_20250509T092231_R093_T34SEH_20250509T115912 -> REFINED
2025-09-03 10:58:02,442 - INFO - sentinel2.py:78 - 17/24 - S2C_MSIL2A_20250507T092051_R093_T34SFJ_20250507T120216 -> REFINED
2025-09-03 10:58:08,899 - INFO - sentinel2.py:78 - 18/24 - S2C_MSIL2A_20250507T092051_R093_T34SFH_20250507T120216 -> REFINED
2025-09-03 10:58:15,234 - INFO - sentinel2.py:78 - 19/24 - S2C_MSIL2A_20250507T092051_R093_T34SEJ_20250507T120216 -> REFINED
2025-09-03 10:58:20,559 - INFO - sentinel2.py:78 - 20/24 - S2C_MSIL2A_20250507T092051_R093_T34SEH_20250507T120216 -> REFINED
2025-09-03 10:58:25,829 - INFO - sentinel2.py:78 - 21/24 - S2B_MSIL2A_20250502T092029_R093_T34SFJ_20250502T121809 -> REFINED
2025-09-03 10:58:31,228 - INFO - sentinel2.py:78 - 22/24 - S2B_MSIL2A_20250502T092029_R093_T34SFH_20250502T121809 -> REFINED
2025-09-03 10:58:36,579 - INFO - sentinel2.py:78 - 23/24 - S2B_MSIL2A_20250502T092029_R093_T34SEJ_20250502T121809 -> REFINED
2025-09-03 10:58:41,644 - INFO - sentinel2.py:78 - 24/24 - S2B_MSIL2A_20250502T092029_R093_T34SEH_20250502T121809 -> REFINED
2025-09-03 10:58:41,680 - INFO - composites.py:250 -                                  
2025-09-03 10:58:41,681 - INFO - composites.py:251 - 24/24 were refined by GRI.
2025-09-03 10:58:41,681 - INFO - composites.py:263 - Looking for up to 10 cleanest images within spatiotemporal range of each MGRS tile
2025-09-03 10:58:41,681 - INFO - composites.py:277 - Filtered cleanest scenes: Kept 24 out of 24 items. 
2025-09-03 10:58:41,681 - INFO - composites.py:278 -         Included MGRS Tiles: ['34SEH' '34SEJ' '34SFH' '34SFJ']
2025-09-03 10:58:41,682 - INFO - composites.py:279 -         Included EPSG codes: [32634]
2025-09-03 10:58:41,682 - INFO - composites.py:281 - Selected scenes:
2025-09-03 10:58:41,683 - INFO - composites.py:283 -         S2C_MSIL2A_20250527T092051_R093_T34SEH_20250527T150317
2025-09-03 10:58:41,683 - INFO - composites.py:283 -         S2A_MSIL2A_20250519T092041_R093_T34SEH_20250519T125816
2025-09-03 10:58:41,693 - INFO - composites.py:283 -         S2B_MSIL2A_20250502T092029_R093_T34SEH_20250502T121809
2025-09-03 10:58:41,693 - INFO - composites.py:283 -         S2B_MSIL2A_20250522T092029_R093_T34SEH_20250522T102824
2025-09-03 10:58:41,693 - INFO - composites.py:283 -         S2C_MSIL2A_20250507T092051_R093_T34SEH_20250507T120216
2025-09-03 10:58:41,693 - INFO - composites.py:283 -         S2A_MSIL2A_20250509T092231_R093_T34SEH_20250509T115912
2025-09-03 10:58:41,693 - INFO - composites.py:283 -         S2C_MSIL2A_20250517T092051_R093_T34SEH_20250517T150713
2025-09-03 10:58:41,694 - INFO - composites.py:283 -         S2C_MSIL2A_20250527T092051_R093_T34SEJ_20250527T150317
2025-09-03 10:58:41,694 - INFO - composites.py:283 -         S2C_MSIL2A_20250507T092051_R093_T34SEJ_20250507T120216
2025-09-03 10:58:41,694 - INFO - composites.py:283 -         S2A_MSIL2A_20250519T092041_R093_T34SEJ_20250519T125816
2025-09-03 10:58:41,694 - INFO - composites.py:283 -         S2B_MSIL2A_20250522T092029_R093_T34SEJ_20250522T102824
2025-09-03 10:58:41,694 - INFO - composites.py:283 -         S2B_MSIL2A_20250502T092029_R093_T34SEJ_20250502T121809
2025-09-03 10:58:41,694 - INFO - composites.py:283 -         S2A_MSIL2A_20250519T092041_R093_T34SFH_20250519T125816
2025-09-03 10:58:41,695 - INFO - composites.py:283 -         S2C_MSIL2A_20250527T092051_R093_T34SFH_20250527T150317
2025-09-03 10:58:41,695 - INFO - composites.py:283 -         S2B_MSIL2A_20250502T092029_R093_T34SFH_20250502T121809
2025-09-03 10:58:41,695 - INFO - composites.py:283 -         S2C_MSIL2A_20250517T092051_R093_T34SFH_20250517T150713
2025-09-03 10:58:41,695 - INFO - composites.py:283 -         S2C_MSIL2A_20250507T092051_R093_T34SFH_20250507T120216
2025-09-03 10:58:41,695 - INFO - composites.py:283 -         S2C_MSIL2A_20250507T092051_R093_T34SFJ_20250507T120216
2025-09-03 10:58:41,695 - INFO - composites.py:283 -         S2A_MSIL2A_20250519T092041_R093_T34SFJ_20250519T125816
2025-09-03 10:58:41,695 - INFO - composites.py:283 -         S2C_MSIL2A_20250527T092051_R093_T34SFJ_20250527T150317
2025-09-03 10:58:41,695 - INFO - composites.py:283 -         S2B_MSIL2A_20250502T092029_R093_T34SFJ_20250502T121809
2025-09-03 10:58:41,695 - INFO - composites.py:283 -         S2B_MSIL2A_20250522T092029_R093_T34SFJ_20250522T102824
2025-09-03 10:58:41,695 - INFO - composites.py:283 -         S2C_MSIL2A_20250517T092051_R093_T34SFJ_20250517T150713
2025-09-03 10:58:41,695 - INFO - composites.py:283 -         S2B_MSIL2A_20250512T092029_R093_T34SFJ_20250512T122448
2025-09-03 10:58:42,144 - INFO - sentinel2.py:154 - Matplotlib backend: Agg
2025-09-03 10:58:42,412 - INFO - sentinel2.py:224 - Write input scenes footprint overlay: //nas-rs.topo.auth.gr/Latomeia/DROUGHT/composites/x09/y12/2025/05/01/S2L2A_medcomp_x09y12_202505_InDataFootprint.jpeg
2025-09-03 10:58:42,640 - INFO - composites.py:297 -                                  
2025-09-03 10:58:42,640 - INFO - composites.py:298 - Downstream STAC items from Planetary Computer
2025-09-03 10:58:42,640 - INFO - timeseries_processing.py:115 -                                  
2025-09-03 10:58:42,640 - INFO - timeseries_processing.py:116 - Loading bands of diferent resolutions in EPSG:32634
2025-09-03 10:58:42,640 - INFO - timeseries_processing.py:120 -     Filtering items with native UTM EPSG:32634
2025-09-03 10:58:42,640 - INFO - timeseries_processing.py:122 -     24 Items in EPSG:32634
2025-09-03 10:58:42,640 - INFO - timeseries_processing.py:129 -                        
2025-09-03 10:58:42,640 - INFO - timeseries_processing.py:130 -     Loading parameters:
2025-09-03 10:58:42,640 - INFO - timeseries_processing.py:131 -         Bands: ['B05', 'B07', 'B8A', 'SCL']
2025-09-03 10:58:42,640 - INFO - timeseries_processing.py:132 -         Spatial resolution: 20
2025-09-03 10:58:42,640 - INFO - timeseries_processing.py:134 -         Get Assets from STAC Items
2025-09-03 10:58:42,640 - INFO - timeseries_processing.py:47 -         Initialize the STAC client
2025-09-03 10:58:43,385 - INFO - timeseries_processing.py:137 -         Loading 24 STAC Items....
2025-09-03 11:00:34,191 - INFO - timeseries_processing.py:146 -         Cube has been downloaded
2025-09-03 11:00:34,193 - INFO - timeseries_processing.py:156 -         Fix order of dimensions
2025-09-03 11:00:34,194 - INFO - timeseries_processing.py:161 -         Append bands to the band-list of EPSG:32634
2025-09-03 11:00:34,194 - INFO - timeseries_processing.py:129 -                        
2025-09-03 11:00:34,194 - INFO - timeseries_processing.py:130 -     Loading parameters:
2025-09-03 11:00:34,194 - INFO - timeseries_processing.py:131 -         Bands: ['B02', 'B03', 'B04']
2025-09-03 11:00:34,195 - INFO - timeseries_processing.py:132 -         Spatial resolution: 10
2025-09-03 11:00:34,195 - INFO - timeseries_processing.py:134 -         Get Assets from STAC Items
2025-09-03 11:00:34,195 - INFO - timeseries_processing.py:47 -         Initialize the STAC client
2025-09-03 11:00:34,710 - INFO - timeseries_processing.py:137 -         Loading 24 STAC Items....
2025-09-03 11:04:47,413 - INFO - timeseries_processing.py:146 -         Cube has been downloaded
2025-09-03 11:04:47,413 - INFO - timeseries_processing.py:149 -         Reproject to downsample 10m bands to 20m by Resampling.average 2x2 binning and shape matching with odc.geo.GeoBox
2025-09-03 11:04:59,018 - INFO - timeseries_processing.py:161 -         Append bands to the band-list of EPSG:32634
2025-09-03 11:04:59,018 - INFO - timeseries_processing.py:165 -                        
2025-09-03 11:04:59,018 - INFO - timeseries_processing.py:166 -     Merging bands in a single dataset
2025-09-03 11:04:59,018 - INFO - timeseries_processing.py:167 -     Ensure all partial datasets are at (x=20, y=-20) resolution
2025-09-03 11:04:59,018 - INFO - timeseries_processing.py:171 -     Clip to the intersection of indexes
2025-09-03 11:05:00,016 - INFO - timeseries_processing.py:180 -     Make a list of bands to merge
2025-09-03 11:05:00,017 - INFO - timeseries_processing.py:184 -     Merge on intersection
2025-09-03 11:05:00,019 - INFO - timeseries_processing.py:192 -     Apply masks on clouds, shadows, thin cirrus, and snow/ice
2025-09-03 11:05:00,019 - INFO - sentinel2.py:122 -                Masking bits: [3, 7, 8, 9, 10, 11]
2025-09-03 11:05:00,975 - INFO - composites.py:307 - Reproject from UTM Zone to Tile geometry -> CRS(EPSG:32634), Resampling.bilinear
2025-09-03 11:05:06,785 - INFO - composites.py:310 -     New shape of datasets: Shape2d(x=2400, y=2400)
2025-09-03 11:05:07,544 - INFO - composites.py:329 - Scale SR to Sen2Cor Baseline 4.00 - Subtract 1000 in dates post 2022-01-25
2025-09-03 11:05:08,898 - INFO - composites.py:342 - Creating preview plot of input scenes
2025-09-03 11:05:38,837 - INFO - timeseries_processing.py:349 - Saved preview for 'B04' to //nas-rs.topo.auth.gr/Latomeia/DROUGHT/composites/x09/y12/2025/05/01/S2L2A_medcomp_x09y12_202505_InDataPreview.jpeg
2025-09-03 11:05:38,844 - INFO - composites.py:348 - Clip value range
2025-09-03 11:05:40,432 - INFO - composites.py:353 -                           
2025-09-03 11:05:40,432 - INFO - composites.py:354 - Computing spectral indices:
2025-09-03 11:05:40,432 - INFO - composites.py:357 -     EVI...
2025-09-03 11:05:41,437 - INFO - composites.py:359 -     NDVI...
2025-09-03 11:05:41,861 - INFO - composites.py:361 -     PSRI2...
2025-09-03 11:05:42,073 - INFO - composites.py:364 - Clip to typical value range
2025-09-03 11:05:42,366 - INFO - composites.py:371 - Reducing to median value temporal composite
2025-09-03 11:06:10,285 - INFO - composites.py:390 - Scale and Define data types & nodata per band
2025-09-03 11:06:10,455 - INFO - composites.py:411 - Assign time range and tile ID in metadata
2025-09-03 11:06:10,455 - INFO - composites.py:419 - Write bands to raster COG files
2025-09-03 11:06:15,350 - INFO - composites.py:432 - Write B02 -> //nas-rs.topo.auth.gr/Latomeia/DROUGHT/composites/x09/y12/2025/05/01/S2L2A_medcomp_x09y12_202505_B02.tif
2025-09-03 11:06:20,062 - INFO - composites.py:432 - Write B03 -> //nas-rs.topo.auth.gr/Latomeia/DROUGHT/composites/x09/y12/2025/05/01/S2L2A_medcomp_x09y12_202505_B03.tif
2025-09-03 11:06:24,886 - INFO - composites.py:432 - Write B04 -> //nas-rs.topo.auth.gr/Latomeia/DROUGHT/composites/x09/y12/2025/05/01/S2L2A_medcomp_x09y12_202505_B04.tif
2025-09-03 11:06:29,954 - INFO - composites.py:432 - Write B05 -> //nas-rs.topo.auth.gr/Latomeia/DROUGHT/composites/x09/y12/2025/05/01/S2L2A_medcomp_x09y12_202505_B05.tif
2025-09-03 11:06:34,464 - INFO - composites.py:432 - Write B07 -> //nas-rs.topo.auth.gr/Latomeia/DROUGHT/composites/x09/y12/2025/05/01/S2L2A_medcomp_x09y12_202505_B07.tif
2025-09-03 11:06:38,376 - INFO - composites.py:432 - Write B8A -> //nas-rs.topo.auth.gr/Latomeia/DROUGHT/composites/x09/y12/2025/05/01/S2L2A_medcomp_x09y12_202505_B8A.tif
2025-09-03 11:06:42,249 - INFO - composites.py:432 - Write EVI -> //nas-rs.topo.auth.gr/Latomeia/DROUGHT/composites/x09/y12/2025/05/01/S2L2A_medcomp_x09y12_202505_EVI.tif
2025-09-03 11:06:46,176 - INFO - composites.py:432 - Write NDVI -> //nas-rs.topo.auth.gr/Latomeia/DROUGHT/composites/x09/y12/2025/05/01/S2L2A_medcomp_x09y12_202505_NDVI.tif
2025-09-03 11:06:49,963 - INFO - composites.py:432 - Write PSRI2 -> //nas-rs.topo.auth.gr/Latomeia/DROUGHT/composites/x09/y12/2025/05/01/S2L2A_medcomp_x09y12_202505_PSRI2.tif
2025-09-03 11:06:49,973 - INFO - composites.py:436 - Prepare metadata YAML document
2025-09-03 11:06:50,508 - INFO - composites.py:458 - Write metadata YAML document to disk
2025-09-03 11:06:50,534 - INFO - composites.py:463 - Create datacube.model.Dataset from eo3 metadata
2025-09-03 11:06:50,545 - INFO - composites.py:476 - Index to datacube
2025-09-03 11:06:50,545 - INFO - _datasets.py:191 - Indexing 1e1e6ab6-7329-47b4-9642-e1676bb703fc
2025-09-03 11:06:50,555 - INFO - composites.py:479 - 
2025-09-03 11:06:50,555 - INFO - composites.py:480 -              ✔✔✔ COMPLETED: Tile x09_y12 | Time: 2025-05 | In 10.55 minutes
2025-09-03 11:06:50,555 - INFO - composites.py:481 - 
2025-09-03 11:06:50,555 - INFO - composites.py:489 - Closing Dask client
2025-09-03 11:06:50,558 - INFO - composites.py:493 - Closing Dask cluster
2025-09-03 11:06:50,558 - INFO - composites.py:494 - #######################################################################
