2025-09-01 12:57:29,829 - INFO - composites.py:102 - #######################################################################
2025-09-01 12:57:29,829 - INFO - composites.py:104 - Processing started
2025-09-01 12:57:29,829 - INFO - composites.py:105 -         Tile: x11_y08
2025-09-01 12:57:29,829 - INFO - composites.py:106 -         Time: 2024-01
2025-09-01 12:57:29,829 - INFO - composites.py:109 -                           
2025-09-01 12:57:29,829 - INFO - composites.py:110 - Establishing connection to datacube
2025-09-01 12:57:30,348 - INFO - composites.py:113 -                           
2025-09-01 12:57:30,348 - INFO - composites.py:114 - Sanity test: Check if dataset already exists in the datacube
2025-09-01 12:57:30,370 - INFO - composites.py:133 - The composite requested was not found and it will be computed
2025-09-01 12:57:30,370 - INFO - composites.py:136 -                                  
2025-09-01 12:57:30,370 - INFO - composites.py:137 - Initializing Dask cluster for parallelization
2025-09-01 12:57:36,334 - INFO - composites.py:161 - Dask dashboard is available at: http://127.0.0.1:8787/status
2025-09-01 12:57:36,334 - INFO - composites.py:164 - Create directories and naming conversions
2025-09-01 12:57:36,351 - INFO - composites.py:177 - Dataset location: //nas-rs.topo.auth.gr/Latomeia/DROUGHT/composites/x11/y08/2024/01/01
2025-09-01 12:57:36,351 - INFO - composites.py:180 -                           
2025-09-01 12:57:36,351 - INFO - composites.py:181 - Retrieve tile geometry
2025-09-01 12:57:36,390 - INFO - composites.py:192 - Create the Bounding Box (φ,λ)
2025-09-01 12:57:36,390 - INFO - composites.py:198 - Create the Bounding Box (x,y)
2025-09-01 12:57:36,390 - INFO - composites.py:211 -                           
2025-09-01 12:57:36,391 - INFO - composites.py:212 - Connect to Planetary Computer STAC Catalog
2025-09-01 12:57:36,698 - INFO - composites.py:220 - Search the STAC Catalog
2025-09-01 12:57:36,770 - INFO - composites.py:232 -         Query parameters:
2025-09-01 12:57:36,770 - INFO - composites.py:233 -             url:          https://planetarycomputer.microsoft.com/api/stac/v1/search
2025-09-01 12:57:36,770 - INFO - composites.py:234 -             client:       microsoft-pc
2025-09-01 12:57:36,770 - INFO - composites.py:235 -             collection:   sentinel-2-l2a
2025-09-01 12:57:36,770 - INFO - composites.py:236 -             bbox:         (22.845662885042927, 36.78779644280391, 23.507450073915326, 37.34127558081356)
2025-09-01 12:57:36,770 - INFO - composites.py:237 -             time range:   2024-01-01T00:00:00Z/2024-01-31T23:59:59Z
2025-09-01 12:57:36,770 - INFO - composites.py:238 -             cloud cover:  0% - 70%
2025-09-01 12:57:36,770 - INFO - composites.py:239 -             nodata cover: 0% - 33%
2025-09-01 12:57:36,770 - INFO - composites.py:241 -                           
2025-09-01 12:57:36,771 - INFO - composites.py:242 - Searching...
2025-09-01 12:57:37,288 - INFO - composites.py:245 - Query found 21 items
2025-09-01 12:57:37,289 - INFO - composites.py:247 - Searching for GRI REFINED scenes:
2025-09-01 12:57:42,694 - INFO - sentinel2.py:78 - 1/21 - S2A_MSIL2A_20240130T091221_R050_T34SFF_20240130T131416 -> REFINED
2025-09-01 12:57:48,583 - INFO - sentinel2.py:78 - 2/21 - S2A_MSIL2A_20240123T092301_R093_T34SFG_20240123T135853 -> REFINED
2025-09-01 12:57:54,569 - INFO - sentinel2.py:78 - 3/21 - S2A_MSIL2A_20240123T092301_R093_T34SFF_20240123T140027 -> REFINED
2025-09-01 12:58:02,708 - INFO - sentinel2.py:78 - 4/21 - S2A_MSIL2A_20240120T091301_R050_T34SFG_20240120T132649 -> REFINED
2025-09-01 12:58:08,184 - INFO - sentinel2.py:78 - 5/21 - S2A_MSIL2A_20240120T091301_R050_T34SFF_20240120T134232 -> REFINED
2025-09-01 12:58:14,104 - INFO - sentinel2.py:78 - 6/21 - S2B_MSIL2A_20240118T092229_R093_T34SFG_20240118T121428 -> REFINED
2025-09-01 12:58:18,660 - INFO - sentinel2.py:78 - 7/21 - S2B_MSIL2A_20240118T092229_R093_T34SFF_20240118T121307 -> REFINED
2025-09-01 12:58:24,817 - INFO - sentinel2.py:78 - 8/21 - S2A_MSIL2A_20240113T092331_R093_T34SFG_20240113T132007 -> REFINED
2025-09-01 12:58:30,346 - INFO - sentinel2.py:78 - 9/21 - S2A_MSIL2A_20240113T092331_R093_T34SFF_20240113T131958 -> REFINED
2025-09-01 12:58:35,654 - INFO - sentinel2.py:78 - 10/21 - S2A_MSIL2A_20240110T091341_R050_T34SGG_20240110T133727 -> REFINED
2025-09-01 12:58:41,373 - INFO - sentinel2.py:78 - 11/21 - S2A_MSIL2A_20240110T091341_R050_T34SGF_20240110T133206 -> REFINED
2025-09-01 12:58:47,089 - INFO - sentinel2.py:78 - 12/21 - S2A_MSIL2A_20240110T091341_R050_T34SFG_20240110T131209 -> REFINED
2025-09-01 12:58:52,170 - INFO - sentinel2.py:78 - 13/21 - S2A_MSIL2A_20240110T091341_R050_T34SFF_20240110T133615 -> REFINED
2025-09-01 12:58:57,061 - INFO - sentinel2.py:78 - 14/21 - S2B_MSIL2A_20240108T092259_R093_T34SFG_20240108T121533 -> REFINED
2025-09-01 12:59:03,025 - INFO - sentinel2.py:78 - 15/21 - S2B_MSIL2A_20240108T092259_R093_T34SFF_20240108T121818 -> REFINED
2025-09-01 12:59:08,419 - INFO - sentinel2.py:78 - 16/21 - S2B_MSIL2A_20240105T091259_R050_T34SGG_20240105T121009 -> REFINED
2025-09-01 12:59:13,779 - INFO - sentinel2.py:78 - 17/21 - S2B_MSIL2A_20240105T091259_R050_T34SGF_20240105T131232 -> REFINED
2025-09-01 12:59:19,804 - INFO - sentinel2.py:78 - 18/21 - S2B_MSIL2A_20240105T091259_R050_T34SFG_20240105T121019 -> REFINED
2025-09-01 12:59:25,576 - INFO - sentinel2.py:78 - 19/21 - S2B_MSIL2A_20240105T091259_R050_T34SFF_20240105T121003 -> REFINED
2025-09-01 12:59:30,741 - INFO - sentinel2.py:78 - 20/21 - S2A_MSIL2A_20240103T092401_R093_T34SFG_20240103T142451 -> REFINED
2025-09-01 12:59:36,159 - INFO - sentinel2.py:78 - 21/21 - S2A_MSIL2A_20240103T092401_R093_T34SFF_20240103T144050 -> REFINED
2025-09-01 12:59:36,201 - INFO - composites.py:250 -                                  
2025-09-01 12:59:36,201 - INFO - composites.py:251 - 21/21 were refined by GRI.
2025-09-01 12:59:36,201 - INFO - composites.py:263 - Looking for up to 10 cleanest images within spatiotemporal range of each MGRS tile
2025-09-01 12:59:36,202 - INFO - composites.py:277 - Filtered cleanest scenes: Kept 21 out of 21 items. 
2025-09-01 12:59:36,203 - INFO - composites.py:278 -         Included MGRS Tiles: ['34SFF' '34SFG' '34SGF' '34SGG']
2025-09-01 12:59:36,203 - INFO - composites.py:279 -         Included EPSG codes: [32634]
2025-09-01 12:59:36,203 - INFO - composites.py:281 - Selected scenes:
2025-09-01 12:59:36,203 - INFO - composites.py:283 -         S2A_MSIL2A_20240110T091341_R050_T34SFF_20240110T133615
2025-09-01 12:59:36,204 - INFO - composites.py:283 -         S2B_MSIL2A_20240105T091259_R050_T34SFF_20240105T121003
2025-09-01 12:59:36,204 - INFO - composites.py:283 -         S2A_MSIL2A_20240103T092401_R093_T34SFF_20240103T144050
2025-09-01 12:59:36,204 - INFO - composites.py:283 -         S2B_MSIL2A_20240118T092229_R093_T34SFF_20240118T121307
2025-09-01 12:59:36,214 - INFO - composites.py:283 -         S2A_MSIL2A_20240120T091301_R050_T34SFF_20240120T134232
2025-09-01 12:59:36,229 - INFO - composites.py:283 -         S2A_MSIL2A_20240123T092301_R093_T34SFF_20240123T140027
2025-09-01 12:59:36,239 - INFO - composites.py:283 -         S2A_MSIL2A_20240113T092331_R093_T34SFF_20240113T131958
2025-09-01 12:59:36,240 - INFO - composites.py:283 -         S2A_MSIL2A_20240130T091221_R050_T34SFF_20240130T131416
2025-09-01 12:59:36,240 - INFO - composites.py:283 -         S2B_MSIL2A_20240108T092259_R093_T34SFF_20240108T121818
2025-09-01 12:59:36,240 - INFO - composites.py:283 -         S2B_MSIL2A_20240105T091259_R050_T34SFG_20240105T121019
2025-09-01 12:59:36,240 - INFO - composites.py:283 -         S2A_MSIL2A_20240123T092301_R093_T34SFG_20240123T135853
2025-09-01 12:59:36,240 - INFO - composites.py:283 -         S2B_MSIL2A_20240118T092229_R093_T34SFG_20240118T121428
2025-09-01 12:59:36,240 - INFO - composites.py:283 -         S2A_MSIL2A_20240110T091341_R050_T34SFG_20240110T131209
2025-09-01 12:59:36,240 - INFO - composites.py:283 -         S2A_MSIL2A_20240103T092401_R093_T34SFG_20240103T142451
2025-09-01 12:59:36,240 - INFO - composites.py:283 -         S2B_MSIL2A_20240108T092259_R093_T34SFG_20240108T121533
2025-09-01 12:59:36,240 - INFO - composites.py:283 -         S2A_MSIL2A_20240113T092331_R093_T34SFG_20240113T132007
2025-09-01 12:59:36,240 - INFO - composites.py:283 -         S2A_MSIL2A_20240120T091301_R050_T34SFG_20240120T132649
2025-09-01 12:59:36,240 - INFO - composites.py:283 -         S2B_MSIL2A_20240105T091259_R050_T34SGF_20240105T131232
2025-09-01 12:59:36,240 - INFO - composites.py:283 -         S2A_MSIL2A_20240110T091341_R050_T34SGF_20240110T133206
2025-09-01 12:59:36,240 - INFO - composites.py:283 -         S2B_MSIL2A_20240105T091259_R050_T34SGG_20240105T121009
2025-09-01 12:59:36,240 - INFO - composites.py:283 -         S2A_MSIL2A_20240110T091341_R050_T34SGG_20240110T133727
2025-09-01 12:59:36,612 - INFO - sentinel2.py:154 - Matplotlib backend: Agg
2025-09-01 12:59:36,962 - INFO - sentinel2.py:224 - Write input scenes footprint overlay: //nas-rs.topo.auth.gr/Latomeia/DROUGHT/composites/x11/y08/2024/01/01/S2L2A_medcomp_x11y08_202401_InDataFootprint.jpeg
2025-09-01 12:59:37,231 - INFO - composites.py:297 -                                  
2025-09-01 12:59:37,231 - INFO - composites.py:298 - Downstream STAC items from Planetary Computer
2025-09-01 12:59:37,231 - INFO - timeseries_processing.py:115 -                                  
2025-09-01 12:59:37,231 - INFO - timeseries_processing.py:116 - Loading bands of diferent resolutions in EPSG:32634
2025-09-01 12:59:37,231 - INFO - timeseries_processing.py:120 -     Filtering items with native UTM EPSG:32634
2025-09-01 12:59:37,231 - INFO - timeseries_processing.py:122 -     21 Items in EPSG:32634
2025-09-01 12:59:37,231 - INFO - timeseries_processing.py:129 -                        
2025-09-01 12:59:37,231 - INFO - timeseries_processing.py:130 -     Loading parameters:
2025-09-01 12:59:37,231 - INFO - timeseries_processing.py:131 -         Bands: ['B05', 'B07', 'B8A', 'SCL']
2025-09-01 12:59:37,231 - INFO - timeseries_processing.py:132 -         Spatial resolution: 20
2025-09-01 12:59:37,231 - INFO - timeseries_processing.py:134 -         Get Assets from STAC Items
2025-09-01 12:59:37,231 - INFO - timeseries_processing.py:47 -         Initialize the STAC client
2025-09-01 12:59:37,945 - INFO - timeseries_processing.py:137 -         Loading 21 STAC Items....
2025-09-01 13:01:16,891 - INFO - timeseries_processing.py:146 -         Cube has been downloaded
2025-09-01 13:01:16,891 - INFO - timeseries_processing.py:156 -         Fix order of dimensions
2025-09-01 13:01:16,893 - INFO - timeseries_processing.py:161 -         Append bands to the band-list of EPSG:32634
2025-09-01 13:01:16,893 - INFO - timeseries_processing.py:129 -                        
2025-09-01 13:01:16,894 - INFO - timeseries_processing.py:130 -     Loading parameters:
2025-09-01 13:01:16,894 - INFO - timeseries_processing.py:131 -         Bands: ['B02', 'B03', 'B04']
2025-09-01 13:01:16,894 - INFO - timeseries_processing.py:132 -         Spatial resolution: 10
2025-09-01 13:01:16,894 - INFO - timeseries_processing.py:134 -         Get Assets from STAC Items
2025-09-01 13:01:16,894 - INFO - timeseries_processing.py:47 -         Initialize the STAC client
2025-09-01 13:01:17,452 - INFO - timeseries_processing.py:137 -         Loading 21 STAC Items....
2025-09-01 13:03:19,732 - INFO - timeseries_processing.py:146 -         Cube has been downloaded
2025-09-01 13:03:19,733 - INFO - timeseries_processing.py:149 -         Reproject to downsample 10m bands to 20m by Resampling.average 2x2 binning and shape matching with odc.geo.GeoBox
2025-09-01 13:03:32,465 - INFO - timeseries_processing.py:161 -         Append bands to the band-list of EPSG:32634
2025-09-01 13:03:32,465 - INFO - timeseries_processing.py:165 -                        
2025-09-01 13:03:32,465 - INFO - timeseries_processing.py:166 -     Merging bands in a single dataset
2025-09-01 13:03:32,465 - INFO - timeseries_processing.py:167 -     Ensure all partial datasets are at (x=20, y=-20) resolution
2025-09-01 13:03:32,465 - INFO - timeseries_processing.py:171 -     Clip to the intersection of indexes
2025-09-01 13:03:33,482 - INFO - timeseries_processing.py:180 -     Make a list of bands to merge
2025-09-01 13:03:33,482 - INFO - timeseries_processing.py:184 -     Merge on intersection
2025-09-01 13:03:33,484 - INFO - timeseries_processing.py:192 -     Apply masks on clouds, shadows, thin cirrus, and snow/ice
2025-09-01 13:03:33,484 - INFO - sentinel2.py:122 -                Masking bits: [3, 7, 8, 9, 10, 11]
2025-09-01 13:03:34,705 - INFO - composites.py:307 - Reproject from UTM Zone to Tile geometry -> CRS(EPSG:32634), Resampling.bilinear
2025-09-01 13:03:41,037 - INFO - composites.py:310 -     New shape of datasets: Shape2d(x=2400, y=2400)
2025-09-01 13:03:41,792 - INFO - composites.py:329 - Scale SR to Sen2Cor Baseline 4.00 - Subtract 1000 in dates post 2022-01-25
2025-09-01 13:03:43,304 - INFO - composites.py:342 - Creating preview plot of input scenes
2025-09-01 13:04:15,592 - INFO - timeseries_processing.py:349 - Saved preview for 'B04' to //nas-rs.topo.auth.gr/Latomeia/DROUGHT/composites/x11/y08/2024/01/01/S2L2A_medcomp_x11y08_202401_InDataPreview.jpeg
2025-09-01 13:04:15,615 - INFO - composites.py:348 - Clip value range
2025-09-01 13:04:17,481 - INFO - composites.py:353 -                           
2025-09-01 13:04:17,482 - INFO - composites.py:354 - Computing spectral indices:
2025-09-01 13:04:17,482 - INFO - composites.py:357 -     EVI...
2025-09-01 13:04:18,581 - INFO - composites.py:359 -     NDVI...
2025-09-01 13:04:18,947 - INFO - composites.py:361 -     PSRI2...
2025-09-01 13:04:19,224 - INFO - composites.py:364 - Clip to typical value range
2025-09-01 13:04:19,553 - INFO - composites.py:371 - Reducing to median value temporal composite
2025-09-01 13:04:43,371 - INFO - composites.py:390 - Scale and Define data types & nodata per band
2025-09-01 13:04:43,496 - INFO - composites.py:411 - Assign time range and tile ID in metadata
2025-09-01 13:04:43,496 - INFO - composites.py:419 - Write bands to raster COG files
2025-09-01 13:04:47,620 - INFO - composites.py:432 - Write B02 -> //nas-rs.topo.auth.gr/Latomeia/DROUGHT/composites/x11/y08/2024/01/01/S2L2A_medcomp_x11y08_202401_B02.tif
2025-09-01 13:04:51,582 - INFO - composites.py:432 - Write B03 -> //nas-rs.topo.auth.gr/Latomeia/DROUGHT/composites/x11/y08/2024/01/01/S2L2A_medcomp_x11y08_202401_B03.tif
2025-09-01 13:04:55,625 - INFO - composites.py:432 - Write B04 -> //nas-rs.topo.auth.gr/Latomeia/DROUGHT/composites/x11/y08/2024/01/01/S2L2A_medcomp_x11y08_202401_B04.tif
2025-09-01 13:04:59,677 - INFO - composites.py:432 - Write B05 -> //nas-rs.topo.auth.gr/Latomeia/DROUGHT/composites/x11/y08/2024/01/01/S2L2A_medcomp_x11y08_202401_B05.tif
2025-09-01 13:05:04,149 - INFO - composites.py:432 - Write B07 -> //nas-rs.topo.auth.gr/Latomeia/DROUGHT/composites/x11/y08/2024/01/01/S2L2A_medcomp_x11y08_202401_B07.tif
2025-09-01 13:05:08,119 - INFO - composites.py:432 - Write B8A -> //nas-rs.topo.auth.gr/Latomeia/DROUGHT/composites/x11/y08/2024/01/01/S2L2A_medcomp_x11y08_202401_B8A.tif
2025-09-01 13:05:11,976 - INFO - composites.py:432 - Write EVI -> //nas-rs.topo.auth.gr/Latomeia/DROUGHT/composites/x11/y08/2024/01/01/S2L2A_medcomp_x11y08_202401_EVI.tif
2025-09-01 13:05:16,059 - INFO - composites.py:432 - Write NDVI -> //nas-rs.topo.auth.gr/Latomeia/DROUGHT/composites/x11/y08/2024/01/01/S2L2A_medcomp_x11y08_202401_NDVI.tif
2025-09-01 13:05:20,183 - INFO - composites.py:432 - Write PSRI2 -> //nas-rs.topo.auth.gr/Latomeia/DROUGHT/composites/x11/y08/2024/01/01/S2L2A_medcomp_x11y08_202401_PSRI2.tif
2025-09-01 13:05:20,185 - INFO - composites.py:436 - Prepare metadata YAML document
2025-09-01 13:05:20,746 - INFO - composites.py:458 - Write metadata YAML document to disk
2025-09-01 13:05:20,797 - INFO - composites.py:463 - Create datacube.model.Dataset from eo3 metadata
2025-09-01 13:05:20,808 - INFO - composites.py:476 - Index to datacube
2025-09-01 13:05:20,808 - INFO - _datasets.py:191 - Indexing 40bcfbd0-a21f-4f79-8d13-c13050fc6287
2025-09-01 13:05:20,816 - INFO - composites.py:479 - 
2025-09-01 13:05:20,816 - INFO - composites.py:480 -              ✔✔✔ COMPLETED: Tile x11_y08 | Time: 2024-01 | In 7.85 minutes
2025-09-01 13:05:20,816 - INFO - composites.py:481 - 
2025-09-01 13:05:20,816 - INFO - composites.py:489 - Closing Dask client
2025-09-01 13:05:20,823 - INFO - composites.py:493 - Closing Dask cluster
2025-09-01 13:05:20,824 - INFO - composites.py:494 - #######################################################################
