2025-11-30 20:05:04,445 - INFO - composites.py:102 - #######################################################################
2025-11-30 20:05:04,445 - INFO - composites.py:104 - Processing started
2025-11-30 20:05:04,445 - INFO - composites.py:105 -         Tile: x07_y12
2025-11-30 20:05:04,445 - INFO - composites.py:106 -         Time: 2021-11
2025-11-30 20:05:04,445 - INFO - composites.py:109 -                           
2025-11-30 20:05:04,445 - INFO - composites.py:110 - Establishing connection to datacube
2025-11-30 20:05:05,002 - INFO - composites.py:113 -                           
2025-11-30 20:05:05,002 - INFO - composites.py:114 - Sanity test: Check if dataset already exists in the datacube
2025-11-30 20:05:05,030 - INFO - composites.py:133 - The composite requested was not found and it will be computed
2025-11-30 20:05:05,030 - INFO - composites.py:136 -                                  
2025-11-30 20:05:05,030 - INFO - composites.py:137 - Initializing Dask cluster for parallelization
2025-11-30 20:05:10,120 - INFO - composites.py:161 - Dask dashboard is available at: http://127.0.0.1:8787/status
2025-11-30 20:05:10,120 - INFO - composites.py:164 - Create directories and naming conversions
2025-11-30 20:05:10,130 - INFO - composites.py:177 - Dataset location: //nas-rs.topo.auth.gr/Latomeia/DROUGHT/composites/x07/y12/2021/11/01
2025-11-30 20:05:10,130 - INFO - composites.py:180 -                           
2025-11-30 20:05:10,130 - INFO - composites.py:181 - Retrieve tile geometry
2025-11-30 20:05:10,161 - INFO - composites.py:192 - Create the Bounding Box (φ,λ)
2025-11-30 20:05:10,161 - INFO - composites.py:198 - Create the Bounding Box (x,y)
2025-11-30 20:05:10,161 - INFO - composites.py:211 -                           
2025-11-30 20:05:10,161 - INFO - composites.py:212 - Connect to Planetary Computer STAC Catalog
2025-11-30 20:05:10,461 - INFO - composites.py:220 - Search the STAC Catalog
2025-11-30 20:05:10,532 - INFO - composites.py:232 -         Query parameters:
2025-11-30 20:05:10,532 - INFO - composites.py:233 -             url:          https://planetarycomputer.microsoft.com/api/stac/v1/search
2025-11-30 20:05:10,532 - INFO - composites.py:234 -             client:       microsoft-pc
2025-11-30 20:05:10,532 - INFO - composites.py:235 -             collection:   sentinel-2-l2a
2025-11-30 20:05:10,532 - INFO - composites.py:236 -             bbox:         (20.999765686564626, 38.787881790199634, 21.67096534182257, 39.332009850489634)
2025-11-30 20:05:10,532 - INFO - composites.py:237 -             time range:   2021-11-01T00:00:00Z/2021-11-30T23:59:59Z
2025-11-30 20:05:10,532 - INFO - composites.py:238 -             cloud cover:  0% - 70%
2025-11-30 20:05:10,532 - INFO - composites.py:239 -             nodata cover: 0% - 33%
2025-11-30 20:05:10,532 - INFO - composites.py:241 -                           
2025-11-30 20:05:10,532 - INFO - composites.py:242 - Searching...
2025-11-30 20:05:11,013 - INFO - composites.py:245 - Query found 15 items
2025-11-30 20:05:11,013 - INFO - composites.py:247 - Searching for GRI REFINED scenes:
2025-11-30 20:05:17,287 - INFO - sentinel2.py:78 - 1/15 - S2B_MSIL2A_20211129T092239_R093_T34SEJ_20211130T035006 -> REFINED
2025-11-30 20:05:23,306 - INFO - sentinel2.py:78 - 2/15 - S2B_MSIL2A_20211129T092239_R093_T34SDH_20211130T041406 -> REFINED
2025-11-30 20:05:29,402 - INFO - sentinel2.py:78 - 3/15 - S2A_MSIL2A_20211124T092321_R093_T34SEH_20211124T223422 -> REFINED
2025-11-30 20:05:35,635 - INFO - sentinel2.py:78 - 4/15 - S2A_MSIL2A_20211124T092321_R093_T34SDH_20211124T193228 -> REFINED
2025-11-30 20:05:42,463 - INFO - sentinel2.py:78 - 5/15 - S2B_MSIL2A_20211119T092159_R093_T34SEJ_20211120T022851 -> REFINED
2025-11-30 20:05:47,797 - INFO - sentinel2.py:78 - 6/15 - S2B_MSIL2A_20211119T092159_R093_T34SEH_20211120T001206 -> REFINED
2025-11-30 20:05:53,515 - INFO - sentinel2.py:78 - 7/15 - S2B_MSIL2A_20211119T092159_R093_T34SDH_20211119T221346 -> REFINED
2025-11-30 20:05:59,168 - INFO - sentinel2.py:78 - 8/15 - S2B_MSIL2A_20211112T093139_R136_T34SDJ_20211112T204913 -> REFINED
2025-11-30 20:06:04,458 - INFO - sentinel2.py:78 - 9/15 - S2B_MSIL2A_20211112T093139_R136_T34SDH_20211112T191742 -> REFINED
2025-11-30 20:06:09,517 - INFO - sentinel2.py:78 - 10/15 - S2A_MSIL2A_20211107T093211_R136_T34SDJ_20211107T203712 -> REFINED
2025-11-30 20:06:14,745 - INFO - sentinel2.py:78 - 11/15 - S2A_MSIL2A_20211107T093211_R136_T34SDH_20211107T194617 -> REFINED
2025-11-30 20:06:19,803 - INFO - sentinel2.py:78 - 12/15 - S2A_MSIL2A_20211104T092151_R093_T34SEJ_20211110T024618 -> REFINED
2025-11-30 20:06:25,699 - INFO - sentinel2.py:78 - 13/15 - S2A_MSIL2A_20211104T092151_R093_T34SEH_20211110T011256 -> REFINED
2025-11-30 20:06:31,261 - INFO - sentinel2.py:78 - 14/15 - S2A_MSIL2A_20211104T092151_R093_T34SDH_20211110T021544 -> REFINED
2025-11-30 20:06:36,748 - INFO - sentinel2.py:78 - 15/15 - S2B_MSIL2A_20211102T093049_R136_T34SDH_20211103T205004 -> REFINED
2025-11-30 20:06:36,824 - INFO - composites.py:250 -                                  
2025-11-30 20:06:36,841 - INFO - composites.py:251 - 15/15 were refined by GRI.
2025-11-30 20:06:36,841 - INFO - composites.py:263 - Looking for up to 7 cleanest images within spatiotemporal range of each MGRS tile
2025-11-30 20:06:36,843 - INFO - composites.py:277 - Filtered cleanest scenes: Kept 15 out of 15 items. 
2025-11-30 20:06:36,843 - INFO - composites.py:278 -         Included MGRS Tiles: ['34SDH' '34SDJ' '34SEH' '34SEJ']
2025-11-30 20:06:36,843 - INFO - composites.py:279 -         Included EPSG codes: [32634]
2025-11-30 20:06:36,843 - INFO - composites.py:281 - Selected scenes:
2025-11-30 20:06:36,845 - INFO - composites.py:283 -         S2A_MSIL2A_20211104T092151_R093_T34SDH_20211110T021544
2025-11-30 20:06:36,845 - INFO - composites.py:283 -         S2B_MSIL2A_20211119T092159_R093_T34SDH_20211119T221346
2025-11-30 20:06:36,845 - INFO - composites.py:283 -         S2B_MSIL2A_20211112T093139_R136_T34SDH_20211112T191742
2025-11-30 20:06:36,845 - INFO - composites.py:283 -         S2A_MSIL2A_20211107T093211_R136_T34SDH_20211107T194617
2025-11-30 20:06:36,846 - INFO - composites.py:283 -         S2B_MSIL2A_20211102T093049_R136_T34SDH_20211103T205004
2025-11-30 20:06:36,846 - INFO - composites.py:283 -         S2A_MSIL2A_20211124T092321_R093_T34SDH_20211124T193228
2025-11-30 20:06:36,846 - INFO - composites.py:283 -         S2B_MSIL2A_20211129T092239_R093_T34SDH_20211130T041406
2025-11-30 20:06:36,846 - INFO - composites.py:283 -         S2B_MSIL2A_20211112T093139_R136_T34SDJ_20211112T204913
2025-11-30 20:06:36,846 - INFO - composites.py:283 -         S2A_MSIL2A_20211107T093211_R136_T34SDJ_20211107T203712
2025-11-30 20:06:36,846 - INFO - composites.py:283 -         S2A_MSIL2A_20211104T092151_R093_T34SEH_20211110T011256
2025-11-30 20:06:36,846 - INFO - composites.py:283 -         S2B_MSIL2A_20211119T092159_R093_T34SEH_20211120T001206
2025-11-30 20:06:36,846 - INFO - composites.py:283 -         S2A_MSIL2A_20211124T092321_R093_T34SEH_20211124T223422
2025-11-30 20:06:36,846 - INFO - composites.py:283 -         S2A_MSIL2A_20211104T092151_R093_T34SEJ_20211110T024618
2025-11-30 20:06:36,846 - INFO - composites.py:283 -         S2B_MSIL2A_20211129T092239_R093_T34SEJ_20211130T035006
2025-11-30 20:06:36,846 - INFO - composites.py:283 -         S2B_MSIL2A_20211119T092159_R093_T34SEJ_20211120T022851
2025-11-30 20:06:37,338 - INFO - sentinel2.py:154 - Matplotlib backend: Agg
2025-11-30 20:06:37,625 - INFO - sentinel2.py:224 - Write input scenes footprint overlay: //nas-rs.topo.auth.gr/Latomeia/DROUGHT/composites/x07/y12/2021/11/01/S2L2A_medcomp_x07y12_202111_InDataFootprint.jpeg
2025-11-30 20:06:37,919 - INFO - composites.py:297 -                                  
2025-11-30 20:06:37,919 - INFO - composites.py:298 - Downstream STAC items from Planetary Computer
2025-11-30 20:06:37,919 - INFO - timeseries_processing.py:115 -                                  
2025-11-30 20:06:37,919 - INFO - timeseries_processing.py:116 - Loading bands of diferent resolutions in EPSG:32634
2025-11-30 20:06:37,919 - INFO - timeseries_processing.py:120 -     Filtering items with native UTM EPSG:32634
2025-11-30 20:06:37,919 - INFO - timeseries_processing.py:122 -     15 Items in EPSG:32634
2025-11-30 20:06:37,919 - INFO - timeseries_processing.py:129 -                        
2025-11-30 20:06:37,919 - INFO - timeseries_processing.py:130 -     Loading parameters:
2025-11-30 20:06:37,919 - INFO - timeseries_processing.py:131 -         Bands: ['B05', 'B07', 'B8A', 'SCL']
2025-11-30 20:06:37,919 - INFO - timeseries_processing.py:132 -         Spatial resolution: 20
2025-11-30 20:06:37,919 - INFO - timeseries_processing.py:134 -         Get Assets from STAC Items
2025-11-30 20:06:37,919 - INFO - timeseries_processing.py:47 -         Initialize the STAC client
2025-11-30 20:06:38,700 - INFO - timeseries_processing.py:137 -         Loading 15 STAC Items....
2025-11-30 20:07:21,645 - INFO - timeseries_processing.py:146 -         Cube has been downloaded
2025-11-30 20:07:21,645 - INFO - timeseries_processing.py:156 -         Fix order of dimensions
2025-11-30 20:07:21,648 - INFO - timeseries_processing.py:161 -         Append bands to the band-list of EPSG:32634
2025-11-30 20:07:21,649 - INFO - timeseries_processing.py:129 -                        
2025-11-30 20:07:21,649 - INFO - timeseries_processing.py:130 -     Loading parameters:
2025-11-30 20:07:21,649 - INFO - timeseries_processing.py:131 -         Bands: ['B02', 'B03', 'B04']
2025-11-30 20:07:21,649 - INFO - timeseries_processing.py:132 -         Spatial resolution: 10
2025-11-30 20:07:21,649 - INFO - timeseries_processing.py:134 -         Get Assets from STAC Items
2025-11-30 20:07:21,649 - INFO - timeseries_processing.py:47 -         Initialize the STAC client
2025-11-30 20:07:22,347 - INFO - timeseries_processing.py:137 -         Loading 15 STAC Items....
2025-11-30 20:09:19,268 - INFO - timeseries_processing.py:146 -         Cube has been downloaded
2025-11-30 20:09:19,268 - INFO - timeseries_processing.py:149 -         Reproject to downsample 10m bands to 20m by Resampling.average 2x2 binning and shape matching with odc.geo.GeoBox
2025-11-30 20:09:27,894 - INFO - timeseries_processing.py:161 -         Append bands to the band-list of EPSG:32634
2025-11-30 20:09:27,894 - INFO - timeseries_processing.py:165 -                        
2025-11-30 20:09:27,894 - INFO - timeseries_processing.py:166 -     Merging bands in a single dataset
2025-11-30 20:09:27,894 - INFO - timeseries_processing.py:167 -     Ensure all partial datasets are at (x=20, y=-20) resolution
2025-11-30 20:09:27,894 - INFO - timeseries_processing.py:171 -     Clip to the intersection of indexes
2025-11-30 20:09:28,940 - INFO - timeseries_processing.py:180 -     Make a list of bands to merge
2025-11-30 20:09:28,940 - INFO - timeseries_processing.py:184 -     Merge on intersection
2025-11-30 20:09:28,942 - INFO - timeseries_processing.py:192 -     Apply masks on clouds, shadows, thin cirrus, and snow/ice
2025-11-30 20:09:28,942 - INFO - sentinel2.py:122 -                Masking bits: [3, 7, 8, 9, 10, 11]
2025-11-30 20:09:29,761 - INFO - composites.py:307 - Reproject from UTM Zone to Tile geometry -> CRS(EPSG:32634), Resampling.bilinear
2025-11-30 20:09:34,386 - INFO - composites.py:310 -     New shape of datasets: Shape2d(x=2400, y=2400)
2025-11-30 20:09:35,044 - INFO - composites.py:342 - Creating preview plot of input scenes
2025-11-30 20:10:02,375 - INFO - timeseries_processing.py:349 - Saved preview for 'B04' to //nas-rs.topo.auth.gr/Latomeia/DROUGHT/composites/x07/y12/2021/11/01/S2L2A_medcomp_x07y12_202111_InDataPreview.jpeg
2025-11-30 20:10:02,380 - INFO - composites.py:348 - Clip value range
2025-11-30 20:10:03,711 - INFO - composites.py:353 -                           
2025-11-30 20:10:03,711 - INFO - composites.py:354 - Computing spectral indices:
2025-11-30 20:10:03,712 - INFO - composites.py:357 -     EVI...
2025-11-30 20:10:04,598 - INFO - composites.py:359 -     NDVI...
2025-11-30 20:10:04,858 - INFO - composites.py:361 -     PSRI2...
2025-11-30 20:10:05,045 - INFO - composites.py:364 - Clip to typical value range
2025-11-30 20:10:05,342 - INFO - composites.py:371 - Reducing to median value temporal composite
2025-11-30 20:10:31,538 - INFO - composites.py:390 - Scale and Define data types & nodata per band
2025-11-30 20:10:31,674 - INFO - composites.py:411 - Assign time range and tile ID in metadata
2025-11-30 20:10:31,674 - INFO - composites.py:419 - Write bands to raster COG files
2025-11-30 20:10:35,544 - INFO - composites.py:432 - Write B02 -> //nas-rs.topo.auth.gr/Latomeia/DROUGHT/composites/x07/y12/2021/11/01/S2L2A_medcomp_x07y12_202111_B02.tif
2025-11-30 20:10:39,426 - INFO - composites.py:432 - Write B03 -> //nas-rs.topo.auth.gr/Latomeia/DROUGHT/composites/x07/y12/2021/11/01/S2L2A_medcomp_x07y12_202111_B03.tif
2025-11-30 20:10:43,740 - INFO - composites.py:432 - Write B04 -> //nas-rs.topo.auth.gr/Latomeia/DROUGHT/composites/x07/y12/2021/11/01/S2L2A_medcomp_x07y12_202111_B04.tif
2025-11-30 20:10:47,679 - INFO - composites.py:432 - Write B05 -> //nas-rs.topo.auth.gr/Latomeia/DROUGHT/composites/x07/y12/2021/11/01/S2L2A_medcomp_x07y12_202111_B05.tif
2025-11-30 20:10:51,621 - INFO - composites.py:432 - Write B07 -> //nas-rs.topo.auth.gr/Latomeia/DROUGHT/composites/x07/y12/2021/11/01/S2L2A_medcomp_x07y12_202111_B07.tif
2025-11-30 20:10:55,554 - INFO - composites.py:432 - Write B8A -> //nas-rs.topo.auth.gr/Latomeia/DROUGHT/composites/x07/y12/2021/11/01/S2L2A_medcomp_x07y12_202111_B8A.tif
2025-11-30 20:10:59,937 - INFO - composites.py:432 - Write EVI -> //nas-rs.topo.auth.gr/Latomeia/DROUGHT/composites/x07/y12/2021/11/01/S2L2A_medcomp_x07y12_202111_EVI.tif
2025-11-30 20:11:04,060 - INFO - composites.py:432 - Write NDVI -> //nas-rs.topo.auth.gr/Latomeia/DROUGHT/composites/x07/y12/2021/11/01/S2L2A_medcomp_x07y12_202111_NDVI.tif
2025-11-30 20:11:07,819 - INFO - composites.py:432 - Write PSRI2 -> //nas-rs.topo.auth.gr/Latomeia/DROUGHT/composites/x07/y12/2021/11/01/S2L2A_medcomp_x07y12_202111_PSRI2.tif
2025-11-30 20:11:07,835 - INFO - composites.py:436 - Prepare metadata YAML document
2025-11-30 20:11:08,339 - INFO - composites.py:458 - Write metadata YAML document to disk
2025-11-30 20:11:08,364 - INFO - composites.py:463 - Create datacube.model.Dataset from eo3 metadata
2025-11-30 20:11:08,375 - INFO - composites.py:476 - Index to datacube
2025-11-30 20:11:08,375 - INFO - _datasets.py:191 - Indexing cbd77307-e274-4cc1-9ef8-ea3a87e111ce
2025-11-30 20:11:08,381 - INFO - composites.py:479 - 
2025-11-30 20:11:08,381 - INFO - composites.py:480 -              ✔✔✔ COMPLETED: Tile x07_y12 | Time: 2021-11 | In 6.07 minutes
2025-11-30 20:11:08,381 - INFO - composites.py:481 - 
2025-11-30 20:11:08,381 - INFO - composites.py:489 - Closing Dask client
2025-11-30 20:11:08,385 - INFO - composites.py:493 - Closing Dask cluster
2025-11-30 20:11:08,385 - INFO - composites.py:494 - #######################################################################
