2025-09-01 06:42:18,522 - INFO - composites.py:102 - #######################################################################
2025-09-01 06:42:18,522 - INFO - composites.py:104 - Processing started
2025-09-01 06:42:18,522 - INFO - composites.py:105 -         Tile: x09_y11
2025-09-01 06:42:18,522 - INFO - composites.py:106 -         Time: 2023-11
2025-09-01 06:42:18,522 - INFO - composites.py:109 -                           
2025-09-01 06:42:18,522 - INFO - composites.py:110 - Establishing connection to datacube
2025-09-01 06:42:19,023 - INFO - composites.py:113 -                           
2025-09-01 06:42:19,024 - INFO - composites.py:114 - Sanity test: Check if dataset already exists in the datacube
2025-09-01 06:42:19,043 - INFO - composites.py:133 - The composite requested was not found and it will be computed
2025-09-01 06:42:19,043 - INFO - composites.py:136 -                                  
2025-09-01 06:42:19,043 - INFO - composites.py:137 - Initializing Dask cluster for parallelization
2025-09-01 06:42:24,005 - INFO - composites.py:161 - Dask dashboard is available at: http://127.0.0.1:8787/status
2025-09-01 06:42:24,005 - INFO - composites.py:164 - Create directories and naming conversions
2025-09-01 06:42:24,018 - INFO - composites.py:177 - Dataset location: //nas-rs.topo.auth.gr/Latomeia/DROUGHT/composites/x09/y11/2023/11/01
2025-09-01 06:42:24,018 - INFO - composites.py:180 -                           
2025-09-01 06:42:24,018 - INFO - composites.py:181 - Retrieve tile geometry
2025-09-01 06:42:24,050 - INFO - composites.py:192 - Create the Bounding Box (φ,λ)
2025-09-01 06:42:24,050 - INFO - composites.py:198 - Create the Bounding Box (x,y)
2025-09-01 06:42:24,050 - INFO - composites.py:211 -                           
2025-09-01 06:42:24,050 - INFO - composites.py:212 - Connect to Planetary Computer STAC Catalog
2025-09-01 06:42:24,299 - INFO - composites.py:220 - Search the STAC Catalog
2025-09-01 06:42:24,368 - INFO - composites.py:232 -         Query parameters:
2025-09-01 06:42:24,368 - INFO - composites.py:233 -             url:          https://planetarycomputer.microsoft.com/api/stac/v1/search
2025-09-01 06:42:24,368 - INFO - composites.py:234 -             client:       microsoft-pc
2025-09-01 06:42:24,369 - INFO - composites.py:235 -             collection:   sentinel-2-l2a
2025-09-01 06:42:24,369 - INFO - composites.py:236 -             bbox:         (22.011426495899283, 38.22146676750315, 22.68270270334575, 38.770538011403985)
2025-09-01 06:42:24,369 - INFO - composites.py:237 -             time range:   2023-11-01T00:00:00Z/2023-11-30T23:59:59Z
2025-09-01 06:42:24,369 - INFO - composites.py:238 -             cloud cover:  0% - 70%
2025-09-01 06:42:24,369 - INFO - composites.py:239 -             nodata cover: 0% - 33%
2025-09-01 06:42:24,369 - INFO - composites.py:241 -                           
2025-09-01 06:42:24,369 - INFO - composites.py:242 - Searching...
2025-09-01 06:42:24,805 - INFO - composites.py:245 - Query found 26 items
2025-09-01 06:42:24,805 - INFO - composites.py:247 - Searching for GRI REFINED scenes:
2025-09-01 06:42:29,173 - INFO - sentinel2.py:78 - 1/26 - S2B_MSIL2A_20231129T092239_R093_T34SFJ_20231129T121537 -> REFINED
2025-09-01 06:42:32,849 - INFO - sentinel2.py:78 - 2/26 - S2B_MSIL2A_20231129T092239_R093_T34SFH_20241110T221044 -> REFINED
2025-09-01 06:42:37,231 - INFO - sentinel2.py:78 - 3/26 - S2B_MSIL2A_20231129T092239_R093_T34SFH_20231129T121512 -> REFINED
2025-09-01 06:42:43,232 - INFO - sentinel2.py:78 - 4/26 - S2A_MSIL2A_20231124T092311_R093_T34SFJ_20241029T055108 -> REFINED
2025-09-01 06:42:47,165 - INFO - sentinel2.py:78 - 5/26 - S2A_MSIL2A_20231124T092311_R093_T34SFJ_20231124T152200 -> REFINED
2025-09-01 06:42:51,026 - INFO - sentinel2.py:78 - 6/26 - S2A_MSIL2A_20231124T092311_R093_T34SEH_20241029T055108 -> REFINED
2025-09-01 06:42:54,758 - INFO - sentinel2.py:78 - 7/26 - S2A_MSIL2A_20231124T092311_R093_T34SEH_20231124T152211 -> REFINED
2025-09-01 06:42:59,002 - INFO - sentinel2.py:78 - 8/26 - S2B_MSIL2A_20231119T092159_R093_T34SFJ_20241103T010102 -> REFINED
2025-09-01 06:43:02,737 - INFO - sentinel2.py:78 - 9/26 - S2B_MSIL2A_20231119T092159_R093_T34SFJ_20231119T124210 -> REFINED
2025-09-01 06:43:07,107 - INFO - sentinel2.py:78 - 10/26 - S2B_MSIL2A_20231119T092159_R093_T34SFH_20231119T124209 -> REFINED
2025-09-01 06:43:11,246 - INFO - sentinel2.py:78 - 11/26 - S2B_MSIL2A_20231119T092159_R093_T34SEJ_20241103T010102 -> REFINED
2025-09-01 06:43:14,987 - INFO - sentinel2.py:78 - 12/26 - S2B_MSIL2A_20231119T092159_R093_T34SEJ_20231119T124211 -> REFINED
2025-09-01 06:43:18,328 - INFO - sentinel2.py:78 - 13/26 - S2B_MSIL2A_20231119T092159_R093_T34SEH_20231119T124205 -> REFINED
2025-09-01 06:43:22,586 - INFO - sentinel2.py:78 - 14/26 - S2A_MSIL2A_20231114T092231_R093_T34SFJ_20231114T152838 -> REFINED
2025-09-01 06:43:27,101 - INFO - sentinel2.py:78 - 15/26 - S2A_MSIL2A_20231114T092231_R093_T34SFH_20231114T152832 -> REFINED
2025-09-01 06:43:31,456 - INFO - sentinel2.py:78 - 16/26 - S2A_MSIL2A_20231114T092231_R093_T34SEJ_20241102T174538 -> REFINED
2025-09-01 06:43:35,756 - INFO - sentinel2.py:78 - 17/26 - S2A_MSIL2A_20231114T092231_R093_T34SEJ_20231114T153429 -> REFINED
2025-09-01 06:43:39,593 - INFO - sentinel2.py:78 - 18/26 - S2A_MSIL2A_20231114T092231_R093_T34SEH_20231114T152841 -> REFINED
2025-09-01 06:43:43,297 - INFO - sentinel2.py:78 - 19/26 - S2B_MSIL2A_20231109T092119_R093_T34SFJ_20241109T182729 -> REFINED
2025-09-01 06:43:47,104 - INFO - sentinel2.py:78 - 20/26 - S2B_MSIL2A_20231109T092119_R093_T34SFJ_20231109T142016 -> REFINED
2025-09-01 06:43:50,353 - INFO - sentinel2.py:78 - 21/26 - S2B_MSIL2A_20231109T092119_R093_T34SFH_20241109T182729 -> REFINED
2025-09-01 06:43:54,025 - INFO - sentinel2.py:78 - 22/26 - S2B_MSIL2A_20231109T092119_R093_T34SFH_20231109T142013 -> REFINED
2025-09-01 06:43:59,718 - INFO - sentinel2.py:78 - 23/26 - S2B_MSIL2A_20231109T092119_R093_T34SEJ_20241109T182729 -> REFINED
2025-09-01 06:44:04,093 - INFO - sentinel2.py:78 - 24/26 - S2B_MSIL2A_20231109T092119_R093_T34SEJ_20231109T130359 -> REFINED
2025-09-01 06:44:07,173 - INFO - sentinel2.py:78 - 25/26 - S2B_MSIL2A_20231109T092119_R093_T34SEH_20241109T182729 -> REFINED
2025-09-01 06:44:11,492 - INFO - sentinel2.py:78 - 26/26 - S2B_MSIL2A_20231109T092119_R093_T34SEH_20231109T130402 -> REFINED
2025-09-01 06:44:11,529 - INFO - composites.py:250 -                                  
2025-09-01 06:44:11,530 - INFO - composites.py:251 - 26/26 were refined by GRI.
2025-09-01 06:44:11,535 - INFO - composites.py:263 - Looking for up to 10 cleanest images within spatiotemporal range of each MGRS tile
2025-09-01 06:44:11,535 - INFO - composites.py:277 - Filtered cleanest scenes: Kept 26 out of 26 items. 
2025-09-01 06:44:11,555 - INFO - composites.py:278 -         Included MGRS Tiles: ['34SEH' '34SEJ' '34SFH' '34SFJ']
2025-09-01 06:44:11,555 - INFO - composites.py:279 -         Included EPSG codes: [32634]
2025-09-01 06:44:11,555 - INFO - composites.py:281 - Selected scenes:
2025-09-01 06:44:11,556 - INFO - composites.py:283 -         S2B_MSIL2A_20231119T092159_R093_T34SEH_20231119T124205
2025-09-01 06:44:11,556 - INFO - composites.py:283 -         S2B_MSIL2A_20231109T092119_R093_T34SEH_20241109T182729
2025-09-01 06:44:11,556 - INFO - composites.py:283 -         S2B_MSIL2A_20231109T092119_R093_T34SEH_20231109T130402
2025-09-01 06:44:11,556 - INFO - composites.py:283 -         S2A_MSIL2A_20231114T092231_R093_T34SEH_20231114T152841
2025-09-01 06:44:11,556 - INFO - composites.py:283 -         S2A_MSIL2A_20231124T092311_R093_T34SEH_20241029T055108
2025-09-01 06:44:11,556 - INFO - composites.py:283 -         S2A_MSIL2A_20231124T092311_R093_T34SEH_20231124T152211
2025-09-01 06:44:11,556 - INFO - composites.py:283 -         S2B_MSIL2A_20231119T092159_R093_T34SEJ_20231119T124211
2025-09-01 06:44:11,556 - INFO - composites.py:283 -         S2B_MSIL2A_20231119T092159_R093_T34SEJ_20241103T010102
2025-09-01 06:44:11,567 - INFO - composites.py:283 -         S2B_MSIL2A_20231109T092119_R093_T34SEJ_20231109T130359
2025-09-01 06:44:11,573 - INFO - composites.py:283 -         S2B_MSIL2A_20231109T092119_R093_T34SEJ_20241109T182729
2025-09-01 06:44:11,573 - INFO - composites.py:283 -         S2A_MSIL2A_20231114T092231_R093_T34SEJ_20231114T153429
2025-09-01 06:44:11,573 - INFO - composites.py:283 -         S2A_MSIL2A_20231114T092231_R093_T34SEJ_20241102T174538
2025-09-01 06:44:11,574 - INFO - composites.py:283 -         S2B_MSIL2A_20231119T092159_R093_T34SFH_20231119T124209
2025-09-01 06:44:11,574 - INFO - composites.py:283 -         S2A_MSIL2A_20231114T092231_R093_T34SFH_20231114T152832
2025-09-01 06:44:11,574 - INFO - composites.py:283 -         S2B_MSIL2A_20231129T092239_R093_T34SFH_20231129T121512
2025-09-01 06:44:11,574 - INFO - composites.py:283 -         S2B_MSIL2A_20231129T092239_R093_T34SFH_20241110T221044
2025-09-01 06:44:11,574 - INFO - composites.py:283 -         S2B_MSIL2A_20231109T092119_R093_T34SFH_20231109T142013
2025-09-01 06:44:11,574 - INFO - composites.py:283 -         S2B_MSIL2A_20231109T092119_R093_T34SFH_20241109T182729
2025-09-01 06:44:11,574 - INFO - composites.py:283 -         S2B_MSIL2A_20231119T092159_R093_T34SFJ_20241103T010102
2025-09-01 06:44:11,574 - INFO - composites.py:283 -         S2B_MSIL2A_20231119T092159_R093_T34SFJ_20231119T124210
2025-09-01 06:44:11,574 - INFO - composites.py:283 -         S2B_MSIL2A_20231109T092119_R093_T34SFJ_20241109T182729
2025-09-01 06:44:11,574 - INFO - composites.py:283 -         S2B_MSIL2A_20231109T092119_R093_T34SFJ_20231109T142016
2025-09-01 06:44:11,574 - INFO - composites.py:283 -         S2B_MSIL2A_20231129T092239_R093_T34SFJ_20231129T121537
2025-09-01 06:44:11,574 - INFO - composites.py:283 -         S2A_MSIL2A_20231124T092311_R093_T34SFJ_20231124T152200
2025-09-01 06:44:11,574 - INFO - composites.py:283 -         S2A_MSIL2A_20231124T092311_R093_T34SFJ_20241029T055108
2025-09-01 06:44:11,574 - INFO - composites.py:283 -         S2A_MSIL2A_20231114T092231_R093_T34SFJ_20231114T152838
2025-09-01 06:44:11,924 - INFO - sentinel2.py:154 - Matplotlib backend: Agg
2025-09-01 06:44:12,267 - INFO - sentinel2.py:224 - Write input scenes footprint overlay: //nas-rs.topo.auth.gr/Latomeia/DROUGHT/composites/x09/y11/2023/11/01/S2L2A_medcomp_x09y11_202311_InDataFootprint.jpeg
2025-09-01 06:44:12,547 - INFO - composites.py:297 -                                  
2025-09-01 06:44:12,547 - INFO - composites.py:298 - Downstream STAC items from Planetary Computer
2025-09-01 06:44:12,547 - INFO - timeseries_processing.py:115 -                                  
2025-09-01 06:44:12,547 - INFO - timeseries_processing.py:116 - Loading bands of diferent resolutions in EPSG:32634
2025-09-01 06:44:12,547 - INFO - timeseries_processing.py:120 -     Filtering items with native UTM EPSG:32634
2025-09-01 06:44:12,547 - INFO - timeseries_processing.py:122 -     26 Items in EPSG:32634
2025-09-01 06:44:12,547 - INFO - timeseries_processing.py:129 -                        
2025-09-01 06:44:12,547 - INFO - timeseries_processing.py:130 -     Loading parameters:
2025-09-01 06:44:12,547 - INFO - timeseries_processing.py:131 -         Bands: ['B05', 'B07', 'B8A', 'SCL']
2025-09-01 06:44:12,547 - INFO - timeseries_processing.py:132 -         Spatial resolution: 20
2025-09-01 06:44:12,547 - INFO - timeseries_processing.py:134 -         Get Assets from STAC Items
2025-09-01 06:44:12,548 - INFO - timeseries_processing.py:47 -         Initialize the STAC client
2025-09-01 06:44:13,124 - INFO - timeseries_processing.py:137 -         Loading 26 STAC Items....
2025-09-01 06:45:45,768 - INFO - timeseries_processing.py:146 -         Cube has been downloaded
2025-09-01 06:45:45,768 - INFO - timeseries_processing.py:156 -         Fix order of dimensions
2025-09-01 06:45:45,769 - INFO - timeseries_processing.py:161 -         Append bands to the band-list of EPSG:32634
2025-09-01 06:45:45,769 - INFO - timeseries_processing.py:129 -                        
2025-09-01 06:45:45,771 - INFO - timeseries_processing.py:130 -     Loading parameters:
2025-09-01 06:45:45,772 - INFO - timeseries_processing.py:131 -         Bands: ['B02', 'B03', 'B04']
2025-09-01 06:45:45,772 - INFO - timeseries_processing.py:132 -         Spatial resolution: 10
2025-09-01 06:45:45,772 - INFO - timeseries_processing.py:134 -         Get Assets from STAC Items
2025-09-01 06:45:45,772 - INFO - timeseries_processing.py:47 -         Initialize the STAC client
2025-09-01 06:45:46,427 - INFO - timeseries_processing.py:137 -         Loading 26 STAC Items....
2025-09-01 06:47:56,634 - INFO - timeseries_processing.py:146 -         Cube has been downloaded
2025-09-01 06:47:56,634 - INFO - timeseries_processing.py:149 -         Reproject to downsample 10m bands to 20m by Resampling.average 2x2 binning and shape matching with odc.geo.GeoBox
2025-09-01 06:48:03,808 - INFO - timeseries_processing.py:161 -         Append bands to the band-list of EPSG:32634
2025-09-01 06:48:03,808 - INFO - timeseries_processing.py:165 -                        
2025-09-01 06:48:03,808 - INFO - timeseries_processing.py:166 -     Merging bands in a single dataset
2025-09-01 06:48:03,808 - INFO - timeseries_processing.py:167 -     Ensure all partial datasets are at (x=20, y=-20) resolution
2025-09-01 06:48:03,808 - INFO - timeseries_processing.py:171 -     Clip to the intersection of indexes
2025-09-01 06:48:04,812 - INFO - timeseries_processing.py:180 -     Make a list of bands to merge
2025-09-01 06:48:04,813 - INFO - timeseries_processing.py:184 -     Merge on intersection
2025-09-01 06:48:04,814 - INFO - timeseries_processing.py:192 -     Apply masks on clouds, shadows, thin cirrus, and snow/ice
2025-09-01 06:48:04,814 - INFO - sentinel2.py:122 -                Masking bits: [3, 7, 8, 9, 10, 11]
2025-09-01 06:48:05,442 - INFO - composites.py:307 - Reproject from UTM Zone to Tile geometry -> CRS(EPSG:32634), Resampling.bilinear
2025-09-01 06:48:08,875 - INFO - composites.py:310 -     New shape of datasets: Shape2d(x=2400, y=2400)
2025-09-01 06:48:09,488 - INFO - composites.py:329 - Scale SR to Sen2Cor Baseline 4.00 - Subtract 1000 in dates post 2022-01-25
2025-09-01 06:48:10,302 - INFO - composites.py:342 - Creating preview plot of input scenes
2025-09-01 06:48:33,743 - INFO - timeseries_processing.py:349 - Saved preview for 'B04' to //nas-rs.topo.auth.gr/Latomeia/DROUGHT/composites/x09/y11/2023/11/01/S2L2A_medcomp_x09y11_202311_InDataPreview.jpeg
2025-09-01 06:48:33,748 - INFO - composites.py:348 - Clip value range
2025-09-01 06:48:34,700 - INFO - composites.py:353 -                           
2025-09-01 06:48:34,700 - INFO - composites.py:354 - Computing spectral indices:
2025-09-01 06:48:34,700 - INFO - composites.py:357 -     EVI...
2025-09-01 06:48:35,348 - INFO - composites.py:359 -     NDVI...
2025-09-01 06:48:35,561 - INFO - composites.py:361 -     PSRI2...
2025-09-01 06:48:35,710 - INFO - composites.py:364 - Clip to typical value range
2025-09-01 06:48:35,878 - INFO - composites.py:371 - Reducing to median value temporal composite
2025-09-01 06:49:00,964 - INFO - composites.py:390 - Scale and Define data types & nodata per band
2025-09-01 06:49:01,120 - INFO - composites.py:411 - Assign time range and tile ID in metadata
2025-09-01 06:49:01,120 - INFO - composites.py:419 - Write bands to raster COG files
2025-09-01 06:49:05,067 - INFO - composites.py:432 - Write B02 -> //nas-rs.topo.auth.gr/Latomeia/DROUGHT/composites/x09/y11/2023/11/01/S2L2A_medcomp_x09y11_202311_B02.tif
2025-09-01 06:49:08,938 - INFO - composites.py:432 - Write B03 -> //nas-rs.topo.auth.gr/Latomeia/DROUGHT/composites/x09/y11/2023/11/01/S2L2A_medcomp_x09y11_202311_B03.tif
2025-09-01 06:49:12,884 - INFO - composites.py:432 - Write B04 -> //nas-rs.topo.auth.gr/Latomeia/DROUGHT/composites/x09/y11/2023/11/01/S2L2A_medcomp_x09y11_202311_B04.tif
2025-09-01 06:49:16,832 - INFO - composites.py:432 - Write B05 -> //nas-rs.topo.auth.gr/Latomeia/DROUGHT/composites/x09/y11/2023/11/01/S2L2A_medcomp_x09y11_202311_B05.tif
2025-09-01 06:49:20,749 - INFO - composites.py:432 - Write B07 -> //nas-rs.topo.auth.gr/Latomeia/DROUGHT/composites/x09/y11/2023/11/01/S2L2A_medcomp_x09y11_202311_B07.tif
2025-09-01 06:49:24,702 - INFO - composites.py:432 - Write B8A -> //nas-rs.topo.auth.gr/Latomeia/DROUGHT/composites/x09/y11/2023/11/01/S2L2A_medcomp_x09y11_202311_B8A.tif
2025-09-01 06:49:28,550 - INFO - composites.py:432 - Write EVI -> //nas-rs.topo.auth.gr/Latomeia/DROUGHT/composites/x09/y11/2023/11/01/S2L2A_medcomp_x09y11_202311_EVI.tif
2025-09-01 06:49:32,421 - INFO - composites.py:432 - Write NDVI -> //nas-rs.topo.auth.gr/Latomeia/DROUGHT/composites/x09/y11/2023/11/01/S2L2A_medcomp_x09y11_202311_NDVI.tif
2025-09-01 06:49:36,224 - INFO - composites.py:432 - Write PSRI2 -> //nas-rs.topo.auth.gr/Latomeia/DROUGHT/composites/x09/y11/2023/11/01/S2L2A_medcomp_x09y11_202311_PSRI2.tif
2025-09-01 06:49:36,239 - INFO - composites.py:436 - Prepare metadata YAML document
2025-09-01 06:49:36,757 - INFO - composites.py:458 - Write metadata YAML document to disk
2025-09-01 06:49:36,780 - INFO - composites.py:463 - Create datacube.model.Dataset from eo3 metadata
2025-09-01 06:49:36,791 - INFO - composites.py:476 - Index to datacube
2025-09-01 06:49:36,791 - INFO - _datasets.py:191 - Indexing 32219a05-e655-4d2c-ba55-9fd8237c686f
2025-09-01 06:49:36,799 - INFO - composites.py:479 - 
2025-09-01 06:49:36,799 - INFO - composites.py:480 -              ✔✔✔ COMPLETED: Tile x09_y11 | Time: 2023-11 | In 7.3 minutes
2025-09-01 06:49:36,799 - INFO - composites.py:481 - 
2025-09-01 06:49:36,799 - INFO - composites.py:489 - Closing Dask client
2025-09-01 06:49:36,801 - INFO - composites.py:493 - Closing Dask cluster
2025-09-01 06:49:36,801 - INFO - composites.py:494 - #######################################################################
