2025-11-30 23:02:04,257 - INFO - composites.py:102 - #######################################################################
2025-11-30 23:02:04,257 - INFO - composites.py:104 - Processing started
2025-11-30 23:02:04,257 - INFO - composites.py:105 -         Tile: x07_y11
2025-11-30 23:02:04,257 - INFO - composites.py:106 -         Time: 2022-08
2025-11-30 23:02:04,257 - INFO - composites.py:109 -                           
2025-11-30 23:02:04,257 - INFO - composites.py:110 - Establishing connection to datacube
2025-11-30 23:02:04,819 - INFO - composites.py:113 -                           
2025-11-30 23:02:04,819 - INFO - composites.py:114 - Sanity test: Check if dataset already exists in the datacube
2025-11-30 23:02:04,842 - INFO - composites.py:133 - The composite requested was not found and it will be computed
2025-11-30 23:02:04,842 - INFO - composites.py:136 -                                  
2025-11-30 23:02:04,842 - INFO - composites.py:137 - Initializing Dask cluster for parallelization
2025-11-30 23:02:09,874 - INFO - composites.py:161 - Dask dashboard is available at: http://127.0.0.1:8787/status
2025-11-30 23:02:09,874 - INFO - composites.py:164 - Create directories and naming conversions
2025-11-30 23:02:09,889 - INFO - composites.py:177 - Dataset location: //nas-rs.topo.auth.gr/Latomeia/DROUGHT/composites/x07/y11/2022/08/01
2025-11-30 23:02:09,889 - INFO - composites.py:180 -                           
2025-11-30 23:02:09,889 - INFO - composites.py:181 - Retrieve tile geometry
2025-11-30 23:02:09,918 - INFO - composites.py:192 - Create the Bounding Box (φ,λ)
2025-11-30 23:02:09,918 - INFO - composites.py:198 - Create the Bounding Box (x,y)
2025-11-30 23:02:09,918 - INFO - composites.py:211 -                           
2025-11-30 23:02:09,918 - INFO - composites.py:212 - Connect to Planetary Computer STAC Catalog
2025-11-30 23:02:10,308 - INFO - composites.py:220 - Search the STAC Catalog
2025-11-30 23:02:10,381 - INFO - composites.py:232 -         Query parameters:
2025-11-30 23:02:10,381 - INFO - composites.py:233 -             url:          https://planetarycomputer.microsoft.com/api/stac/v1/search
2025-11-30 23:02:10,381 - INFO - composites.py:234 -             client:       microsoft-pc
2025-11-30 23:02:10,381 - INFO - composites.py:235 -             collection:   sentinel-2-l2a
2025-11-30 23:02:10,381 - INFO - composites.py:236 -             bbox:         (20.928573606105775, 38.35819969704171, 21.59502923200265, 38.902149455513275)
2025-11-30 23:02:10,381 - INFO - composites.py:237 -             time range:   2022-08-01T00:00:00Z/2022-08-31T23:59:59Z
2025-11-30 23:02:10,381 - INFO - composites.py:238 -             cloud cover:  0% - 70%
2025-11-30 23:02:10,381 - INFO - composites.py:239 -             nodata cover: 0% - 33%
2025-11-30 23:02:10,381 - INFO - composites.py:241 -                           
2025-11-30 23:02:10,381 - INFO - composites.py:242 - Searching...
2025-11-30 23:02:11,425 - INFO - composites.py:245 - Query found 65 items
2025-11-30 23:02:11,425 - INFO - composites.py:247 - Searching for GRI REFINED scenes:
2025-11-30 23:02:17,060 - INFO - sentinel2.py:78 - 1/65 - S2A_MSIL2A_20220831T091611_R093_T34SEJ_20240703T111010 -> REFINED
2025-11-30 23:02:23,277 - INFO - sentinel2.py:78 - 2/65 - S2A_MSIL2A_20220831T091611_R093_T34SEJ_20220901T122222 -> REFINED
2025-11-30 23:02:29,166 - INFO - sentinel2.py:78 - 3/65 - S2A_MSIL2A_20220831T091611_R093_T34SEH_20240703T111010 -> REFINED
2025-11-30 23:02:34,816 - INFO - sentinel2.py:78 - 4/65 - S2A_MSIL2A_20220831T091611_R093_T34SEH_20220901T095904 -> REFINED
2025-11-30 23:02:40,367 - INFO - sentinel2.py:78 - 5/65 - S2A_MSIL2A_20220831T091611_R093_T34SDH_20240703T111010 -> REFINED
2025-11-30 23:02:46,139 - INFO - sentinel2.py:78 - 6/65 - S2A_MSIL2A_20220831T091611_R093_T34SDH_20220901T113518 -> REFINED
2025-11-30 23:02:52,417 - INFO - sentinel2.py:78 - 7/65 - S2B_MSIL2A_20220829T092549_R136_T34SDJ_20240715T020230 -> REFINED
2025-11-30 23:02:57,806 - INFO - sentinel2.py:78 - 8/65 - S2B_MSIL2A_20220829T092549_R136_T34SDJ_20220830T235531 -> REFINED
2025-11-30 23:03:03,652 - INFO - sentinel2.py:78 - 9/65 - S2B_MSIL2A_20220829T092549_R136_T34SDH_20240715T020230 -> REFINED
2025-11-30 23:03:08,655 - INFO - sentinel2.py:78 - 10/65 - S2B_MSIL2A_20220829T092549_R136_T34SDH_20220830T232935 -> REFINED
2025-11-30 23:03:14,777 - INFO - sentinel2.py:78 - 11/65 - S2B_MSIL2A_20220826T091549_R093_T34SEJ_20240709T095216 -> REFINED
2025-11-30 23:03:20,463 - INFO - sentinel2.py:78 - 12/65 - S2B_MSIL2A_20220826T091549_R093_T34SEH_20240709T095216 -> REFINED
2025-11-30 23:03:26,217 - INFO - sentinel2.py:78 - 13/65 - S2B_MSIL2A_20220826T091549_R093_T34SEH_20220826T223045 -> REFINED
2025-11-30 23:03:31,316 - INFO - sentinel2.py:78 - 14/65 - S2B_MSIL2A_20220826T091549_R093_T34SDH_20240709T095216 -> REFINED
2025-11-30 23:03:37,048 - INFO - sentinel2.py:78 - 15/65 - S2B_MSIL2A_20220826T091549_R093_T34SDH_20220826T223650 -> REFINED
2025-11-30 23:03:43,084 - INFO - sentinel2.py:78 - 16/65 - S2A_MSIL2A_20220824T093051_R136_T34SDJ_20240703T070321 -> REFINED
2025-11-30 23:03:49,110 - INFO - sentinel2.py:78 - 17/65 - S2A_MSIL2A_20220824T093051_R136_T34SDJ_20220825T081154 -> REFINED
2025-11-30 23:03:55,297 - INFO - sentinel2.py:78 - 18/65 - S2A_MSIL2A_20220824T093051_R136_T34SDH_20240703T070321 -> REFINED
2025-11-30 23:04:01,204 - INFO - sentinel2.py:78 - 19/65 - S2A_MSIL2A_20220824T093051_R136_T34SDH_20220825T071632 -> REFINED
2025-11-30 23:04:06,903 - INFO - sentinel2.py:78 - 20/65 - S2A_MSIL2A_20220821T091611_R093_T34SEJ_20240716T063019 -> REFINED
2025-11-30 23:04:12,969 - INFO - sentinel2.py:78 - 21/65 - S2A_MSIL2A_20220821T091611_R093_T34SEJ_20220821T222859 -> REFINED
2025-11-30 23:04:18,343 - INFO - sentinel2.py:78 - 22/65 - S2A_MSIL2A_20220821T091611_R093_T34SEH_20240716T063019 -> REFINED
2025-11-30 23:04:24,028 - INFO - sentinel2.py:78 - 23/65 - S2A_MSIL2A_20220821T091611_R093_T34SEH_20220821T231325 -> REFINED
2025-11-30 23:04:30,551 - INFO - sentinel2.py:78 - 24/65 - S2A_MSIL2A_20220821T091611_R093_T34SDH_20240716T063019 -> REFINED
2025-11-30 23:04:36,638 - INFO - sentinel2.py:78 - 25/65 - S2A_MSIL2A_20220821T091611_R093_T34SDH_20220821T232032 -> REFINED
2025-11-30 23:04:42,595 - INFO - sentinel2.py:78 - 26/65 - S2B_MSIL2A_20220819T092549_R136_T34SDJ_20240703T121416 -> REFINED
2025-11-30 23:04:48,715 - INFO - sentinel2.py:78 - 27/65 - S2B_MSIL2A_20220819T092549_R136_T34SDJ_20220819T212852 -> REFINED
2025-11-30 23:04:53,607 - INFO - sentinel2.py:78 - 28/65 - S2B_MSIL2A_20220819T092549_R136_T34SDH_20240703T121416 -> REFINED
2025-11-30 23:04:59,703 - INFO - sentinel2.py:78 - 29/65 - S2B_MSIL2A_20220819T092549_R136_T34SDH_20220820T011833 -> REFINED
2025-11-30 23:05:04,588 - INFO - sentinel2.py:78 - 30/65 - S2B_MSIL2A_20220816T091559_R093_T34SEJ_20240703T141936 -> REFINED
2025-11-30 23:05:10,576 - INFO - sentinel2.py:78 - 31/65 - S2B_MSIL2A_20220816T091559_R093_T34SEJ_20220816T194148 -> REFINED
2025-11-30 23:05:16,403 - INFO - sentinel2.py:78 - 32/65 - S2B_MSIL2A_20220816T091559_R093_T34SEH_20240703T141936 -> REFINED
2025-11-30 23:05:22,449 - INFO - sentinel2.py:78 - 33/65 - S2B_MSIL2A_20220816T091559_R093_T34SEH_20220816T193826 -> REFINED
2025-11-30 23:05:28,636 - INFO - sentinel2.py:78 - 34/65 - S2B_MSIL2A_20220816T091559_R093_T34SDH_20240703T141936 -> REFINED
2025-11-30 23:05:34,493 - INFO - sentinel2.py:78 - 35/65 - S2B_MSIL2A_20220816T091559_R093_T34SDH_20220816T192939 -> REFINED
2025-11-30 23:05:41,543 - INFO - sentinel2.py:78 - 36/65 - S2A_MSIL2A_20220814T092601_R136_T34SDJ_20240703T131758 -> REFINED
2025-11-30 23:05:47,363 - INFO - sentinel2.py:78 - 37/65 - S2A_MSIL2A_20220814T092601_R136_T34SDJ_20220814T191419 -> REFINED
2025-11-30 23:05:53,462 - INFO - sentinel2.py:78 - 38/65 - S2A_MSIL2A_20220814T092601_R136_T34SDH_20240703T131758 -> REFINED
2025-11-30 23:05:58,616 - INFO - sentinel2.py:78 - 39/65 - S2A_MSIL2A_20220814T092601_R136_T34SDH_20220814T190207 -> REFINED
2025-11-30 23:06:03,675 - INFO - sentinel2.py:78 - 40/65 - S2A_MSIL2A_20220811T091611_R093_T34SEJ_20240713T182800 -> REFINED
2025-11-30 23:06:09,756 - INFO - sentinel2.py:78 - 41/65 - S2A_MSIL2A_20220811T091611_R093_T34SEJ_20220812T081837 -> REFINED
2025-11-30 23:06:16,012 - INFO - sentinel2.py:78 - 42/65 - S2A_MSIL2A_20220811T091611_R093_T34SEH_20240713T182800 -> REFINED
2025-11-30 23:06:21,103 - INFO - sentinel2.py:78 - 43/65 - S2A_MSIL2A_20220811T091611_R093_T34SEH_20220812T075441 -> REFINED
2025-11-30 23:06:27,418 - INFO - sentinel2.py:78 - 44/65 - S2A_MSIL2A_20220811T091611_R093_T34SDH_20240713T182800 -> REFINED
2025-11-30 23:06:34,300 - INFO - sentinel2.py:78 - 45/65 - S2A_MSIL2A_20220811T091611_R093_T34SDH_20220812T081339 -> REFINED
2025-11-30 23:06:39,320 - INFO - sentinel2.py:78 - 46/65 - S2B_MSIL2A_20220809T092559_R136_T34SDJ_20240711T211339 -> REFINED
2025-11-30 23:06:45,336 - INFO - sentinel2.py:78 - 47/65 - S2B_MSIL2A_20220809T092559_R136_T34SDJ_20220810T214131 -> REFINED
2025-11-30 23:06:50,377 - INFO - sentinel2.py:78 - 48/65 - S2B_MSIL2A_20220809T092559_R136_T34SDH_20240711T211339 -> REFINED
2025-11-30 23:06:56,148 - INFO - sentinel2.py:78 - 49/65 - S2B_MSIL2A_20220809T092559_R136_T34SDH_20220810T215147 -> REFINED
2025-11-30 23:07:02,138 - INFO - sentinel2.py:78 - 50/65 - S2B_MSIL2A_20220806T091559_R093_T34SEJ_20240715T201207 -> REFINED
2025-11-30 23:07:08,052 - INFO - sentinel2.py:78 - 51/65 - S2B_MSIL2A_20220806T091559_R093_T34SEJ_20220807T105009 -> REFINED
2025-11-30 23:07:13,802 - INFO - sentinel2.py:78 - 52/65 - S2B_MSIL2A_20220806T091559_R093_T34SEH_20240715T201207 -> REFINED
2025-11-30 23:07:18,877 - INFO - sentinel2.py:78 - 53/65 - S2B_MSIL2A_20220806T091559_R093_T34SEH_20220807T121637 -> REFINED
2025-11-30 23:07:24,914 - INFO - sentinel2.py:78 - 54/65 - S2B_MSIL2A_20220806T091559_R093_T34SDH_20240715T201207 -> REFINED
2025-11-30 23:07:29,882 - INFO - sentinel2.py:78 - 55/65 - S2B_MSIL2A_20220806T091559_R093_T34SDH_20220807T122034 -> REFINED
2025-11-30 23:07:36,296 - INFO - sentinel2.py:78 - 56/65 - S2A_MSIL2A_20220804T093051_R136_T34SDJ_20240715T223031 -> REFINED
2025-11-30 23:07:41,286 - INFO - sentinel2.py:78 - 57/65 - S2A_MSIL2A_20220804T093051_R136_T34SDJ_20220804T212317 -> REFINED
2025-11-30 23:07:46,190 - INFO - sentinel2.py:78 - 58/65 - S2A_MSIL2A_20220804T093051_R136_T34SDH_20240715T223031 -> REFINED
2025-11-30 23:07:52,473 - INFO - sentinel2.py:78 - 59/65 - S2A_MSIL2A_20220804T093051_R136_T34SDH_20220804T220358 -> REFINED
2025-11-30 23:07:58,486 - INFO - sentinel2.py:78 - 60/65 - S2A_MSIL2A_20220801T092041_R093_T34SEJ_20240718T073955 -> REFINED
2025-11-30 23:08:04,597 - INFO - sentinel2.py:78 - 61/65 - S2A_MSIL2A_20220801T092041_R093_T34SEJ_20220802T071448 -> REFINED
2025-11-30 23:08:09,556 - INFO - sentinel2.py:78 - 62/65 - S2A_MSIL2A_20220801T092041_R093_T34SEH_20240718T073955 -> REFINED
2025-11-30 23:08:16,012 - INFO - sentinel2.py:78 - 63/65 - S2A_MSIL2A_20220801T092041_R093_T34SEH_20220802T072716 -> REFINED
2025-11-30 23:08:20,848 - INFO - sentinel2.py:78 - 64/65 - S2A_MSIL2A_20220801T092041_R093_T34SDH_20240718T073955 -> REFINED
2025-11-30 23:08:27,032 - INFO - sentinel2.py:78 - 65/65 - S2A_MSIL2A_20220801T092041_R093_T34SDH_20220802T063536 -> REFINED
2025-11-30 23:08:27,097 - INFO - composites.py:250 -                                  
2025-11-30 23:08:27,097 - INFO - composites.py:251 - 65/65 were refined by GRI.
2025-11-30 23:08:27,097 - INFO - composites.py:263 - Looking for up to 7 cleanest images within spatiotemporal range of each MGRS tile
2025-11-30 23:08:27,098 - INFO - composites.py:277 - Filtered cleanest scenes: Kept 28 out of 65 items. 
2025-11-30 23:08:27,098 - INFO - composites.py:278 -         Included MGRS Tiles: ['34SDH' '34SDJ' '34SEH' '34SEJ']
2025-11-30 23:08:27,098 - INFO - composites.py:279 -         Included EPSG codes: [32634]
2025-11-30 23:08:27,098 - INFO - composites.py:281 - Selected scenes:
2025-11-30 23:08:27,100 - INFO - composites.py:283 -         S2B_MSIL2A_20220819T092549_R136_T34SDH_20240703T121416
2025-11-30 23:08:27,100 - INFO - composites.py:283 -         S2B_MSIL2A_20220819T092549_R136_T34SDH_20220820T011833
2025-11-30 23:08:27,100 - INFO - composites.py:283 -         S2B_MSIL2A_20220809T092559_R136_T34SDH_20220810T215147
2025-11-30 23:08:27,101 - INFO - composites.py:283 -         S2B_MSIL2A_20220809T092559_R136_T34SDH_20240711T211339
2025-11-30 23:08:27,101 - INFO - composites.py:283 -         S2A_MSIL2A_20220831T091611_R093_T34SDH_20220901T113518
2025-11-30 23:08:27,101 - INFO - composites.py:283 -         S2A_MSIL2A_20220831T091611_R093_T34SDH_20240703T111010
2025-11-30 23:08:27,101 - INFO - composites.py:283 -         S2A_MSIL2A_20220804T093051_R136_T34SDH_20240715T223031
2025-11-30 23:08:27,101 - INFO - composites.py:283 -         S2B_MSIL2A_20220819T092549_R136_T34SDJ_20220819T212852
2025-11-30 23:08:27,101 - INFO - composites.py:283 -         S2B_MSIL2A_20220819T092549_R136_T34SDJ_20240703T121416
2025-11-30 23:08:27,101 - INFO - composites.py:283 -         S2A_MSIL2A_20220804T093051_R136_T34SDJ_20240715T223031
2025-11-30 23:08:27,101 - INFO - composites.py:283 -         S2A_MSIL2A_20220804T093051_R136_T34SDJ_20220804T212317
2025-11-30 23:08:27,101 - INFO - composites.py:283 -         S2B_MSIL2A_20220829T092549_R136_T34SDJ_20220830T235531
2025-11-30 23:08:27,101 - INFO - composites.py:283 -         S2B_MSIL2A_20220829T092549_R136_T34SDJ_20240715T020230
2025-11-30 23:08:27,101 - INFO - composites.py:283 -         S2B_MSIL2A_20220809T092559_R136_T34SDJ_20240711T211339
2025-11-30 23:08:27,101 - INFO - composites.py:283 -         S2B_MSIL2A_20220816T091559_R093_T34SEH_20220816T193826
2025-11-30 23:08:27,101 - INFO - composites.py:283 -         S2B_MSIL2A_20220816T091559_R093_T34SEH_20240703T141936
2025-11-30 23:08:27,101 - INFO - composites.py:283 -         S2A_MSIL2A_20220831T091611_R093_T34SEH_20240703T111010
2025-11-30 23:08:27,101 - INFO - composites.py:283 -         S2A_MSIL2A_20220831T091611_R093_T34SEH_20220901T095904
2025-11-30 23:08:27,101 - INFO - composites.py:283 -         S2A_MSIL2A_20220801T092041_R093_T34SEH_20240718T073955
2025-11-30 23:08:27,101 - INFO - composites.py:283 -         S2A_MSIL2A_20220801T092041_R093_T34SEH_20220802T072716
2025-11-30 23:08:27,101 - INFO - composites.py:283 -         S2A_MSIL2A_20220821T091611_R093_T34SEH_20240716T063019
2025-11-30 23:08:27,101 - INFO - composites.py:283 -         S2B_MSIL2A_20220816T091559_R093_T34SEJ_20220816T194148
2025-11-30 23:08:27,101 - INFO - composites.py:283 -         S2B_MSIL2A_20220816T091559_R093_T34SEJ_20240703T141936
2025-11-30 23:08:27,101 - INFO - composites.py:283 -         S2A_MSIL2A_20220831T091611_R093_T34SEJ_20220901T122222
2025-11-30 23:08:27,101 - INFO - composites.py:283 -         S2A_MSIL2A_20220831T091611_R093_T34SEJ_20240703T111010
2025-11-30 23:08:27,101 - INFO - composites.py:283 -         S2A_MSIL2A_20220801T092041_R093_T34SEJ_20240718T073955
2025-11-30 23:08:27,101 - INFO - composites.py:283 -         S2A_MSIL2A_20220801T092041_R093_T34SEJ_20220802T071448
2025-11-30 23:08:27,101 - INFO - composites.py:283 -         S2B_MSIL2A_20220826T091549_R093_T34SEJ_20240709T095216
2025-11-30 23:08:27,579 - INFO - sentinel2.py:154 - Matplotlib backend: Agg
2025-11-30 23:08:27,845 - INFO - sentinel2.py:224 - Write input scenes footprint overlay: //nas-rs.topo.auth.gr/Latomeia/DROUGHT/composites/x07/y11/2022/08/01/S2L2A_medcomp_x07y11_202208_InDataFootprint.jpeg
2025-11-30 23:08:28,072 - INFO - composites.py:297 -                                  
2025-11-30 23:08:28,072 - INFO - composites.py:298 - Downstream STAC items from Planetary Computer
2025-11-30 23:08:28,072 - INFO - timeseries_processing.py:115 -                                  
2025-11-30 23:08:28,072 - INFO - timeseries_processing.py:116 - Loading bands of diferent resolutions in EPSG:32634
2025-11-30 23:08:28,072 - INFO - timeseries_processing.py:120 -     Filtering items with native UTM EPSG:32634
2025-11-30 23:08:28,072 - INFO - timeseries_processing.py:122 -     28 Items in EPSG:32634
2025-11-30 23:08:28,072 - INFO - timeseries_processing.py:129 -                        
2025-11-30 23:08:28,072 - INFO - timeseries_processing.py:130 -     Loading parameters:
2025-11-30 23:08:28,072 - INFO - timeseries_processing.py:131 -         Bands: ['B05', 'B07', 'B8A', 'SCL']
2025-11-30 23:08:28,072 - INFO - timeseries_processing.py:132 -         Spatial resolution: 20
2025-11-30 23:08:28,072 - INFO - timeseries_processing.py:134 -         Get Assets from STAC Items
2025-11-30 23:08:28,072 - INFO - timeseries_processing.py:47 -         Initialize the STAC client
2025-11-30 23:08:30,589 - INFO - timeseries_processing.py:137 -         Loading 28 STAC Items....
2025-11-30 23:10:33,906 - INFO - timeseries_processing.py:146 -         Cube has been downloaded
2025-11-30 23:10:33,906 - INFO - timeseries_processing.py:156 -         Fix order of dimensions
2025-11-30 23:10:33,906 - INFO - timeseries_processing.py:161 -         Append bands to the band-list of EPSG:32634
2025-11-30 23:10:33,906 - INFO - timeseries_processing.py:129 -                        
2025-11-30 23:10:33,909 - INFO - timeseries_processing.py:130 -     Loading parameters:
2025-11-30 23:10:33,909 - INFO - timeseries_processing.py:131 -         Bands: ['B02', 'B03', 'B04']
2025-11-30 23:10:33,910 - INFO - timeseries_processing.py:132 -         Spatial resolution: 10
2025-11-30 23:10:33,910 - INFO - timeseries_processing.py:134 -         Get Assets from STAC Items
2025-11-30 23:10:33,910 - INFO - timeseries_processing.py:47 -         Initialize the STAC client
2025-11-30 23:10:34,709 - INFO - timeseries_processing.py:137 -         Loading 28 STAC Items....
2025-11-30 23:15:28,270 - INFO - timeseries_processing.py:146 -         Cube has been downloaded
2025-11-30 23:15:28,272 - INFO - timeseries_processing.py:149 -         Reproject to downsample 10m bands to 20m by Resampling.average 2x2 binning and shape matching with odc.geo.GeoBox
2025-11-30 23:15:44,072 - INFO - timeseries_processing.py:161 -         Append bands to the band-list of EPSG:32634
2025-11-30 23:15:44,072 - INFO - timeseries_processing.py:165 -                        
2025-11-30 23:15:44,072 - INFO - timeseries_processing.py:166 -     Merging bands in a single dataset
2025-11-30 23:15:44,072 - INFO - timeseries_processing.py:167 -     Ensure all partial datasets are at (x=20, y=-20) resolution
2025-11-30 23:15:44,073 - INFO - timeseries_processing.py:171 -     Clip to the intersection of indexes
2025-11-30 23:15:45,305 - INFO - timeseries_processing.py:180 -     Make a list of bands to merge
2025-11-30 23:15:45,316 - INFO - timeseries_processing.py:184 -     Merge on intersection
2025-11-30 23:15:45,317 - INFO - timeseries_processing.py:192 -     Apply masks on clouds, shadows, thin cirrus, and snow/ice
2025-11-30 23:15:45,317 - INFO - sentinel2.py:122 -                Masking bits: [3, 7, 8, 9, 10, 11]
2025-11-30 23:15:46,427 - INFO - composites.py:307 - Reproject from UTM Zone to Tile geometry -> CRS(EPSG:32634), Resampling.bilinear
2025-11-30 23:15:52,447 - INFO - composites.py:310 -     New shape of datasets: Shape2d(x=2400, y=2400)
2025-11-30 23:15:53,203 - INFO - composites.py:329 - Scale SR to Sen2Cor Baseline 4.00 - Subtract 1000 in dates post 2022-01-25
2025-11-30 23:15:54,659 - INFO - composites.py:342 - Creating preview plot of input scenes
2025-11-30 23:16:26,524 - INFO - timeseries_processing.py:349 - Saved preview for 'B04' to //nas-rs.topo.auth.gr/Latomeia/DROUGHT/composites/x07/y11/2022/08/01/S2L2A_medcomp_x07y11_202208_InDataPreview.jpeg
2025-11-30 23:16:26,528 - INFO - composites.py:348 - Clip value range
2025-11-30 23:16:28,274 - INFO - composites.py:353 -                           
2025-11-30 23:16:28,282 - INFO - composites.py:354 - Computing spectral indices:
2025-11-30 23:16:28,295 - INFO - composites.py:357 -     EVI...
2025-11-30 23:16:29,375 - INFO - composites.py:359 -     NDVI...
2025-11-30 23:16:29,708 - INFO - composites.py:361 -     PSRI2...
2025-11-30 23:16:30,037 - INFO - composites.py:364 - Clip to typical value range
2025-11-30 23:16:30,373 - INFO - composites.py:371 - Reducing to median value temporal composite
2025-11-30 23:17:00,068 - INFO - composites.py:390 - Scale and Define data types & nodata per band
2025-11-30 23:17:00,209 - INFO - composites.py:411 - Assign time range and tile ID in metadata
2025-11-30 23:17:00,209 - INFO - composites.py:419 - Write bands to raster COG files
2025-11-30 23:17:04,210 - INFO - composites.py:432 - Write B02 -> //nas-rs.topo.auth.gr/Latomeia/DROUGHT/composites/x07/y11/2022/08/01/S2L2A_medcomp_x07y11_202208_B02.tif
2025-11-30 23:17:08,135 - INFO - composites.py:432 - Write B03 -> //nas-rs.topo.auth.gr/Latomeia/DROUGHT/composites/x07/y11/2022/08/01/S2L2A_medcomp_x07y11_202208_B03.tif
2025-11-30 23:17:12,140 - INFO - composites.py:432 - Write B04 -> //nas-rs.topo.auth.gr/Latomeia/DROUGHT/composites/x07/y11/2022/08/01/S2L2A_medcomp_x07y11_202208_B04.tif
2025-11-30 23:17:16,077 - INFO - composites.py:432 - Write B05 -> //nas-rs.topo.auth.gr/Latomeia/DROUGHT/composites/x07/y11/2022/08/01/S2L2A_medcomp_x07y11_202208_B05.tif
2025-11-30 23:17:19,996 - INFO - composites.py:432 - Write B07 -> //nas-rs.topo.auth.gr/Latomeia/DROUGHT/composites/x07/y11/2022/08/01/S2L2A_medcomp_x07y11_202208_B07.tif
2025-11-30 23:17:23,923 - INFO - composites.py:432 - Write B8A -> //nas-rs.topo.auth.gr/Latomeia/DROUGHT/composites/x07/y11/2022/08/01/S2L2A_medcomp_x07y11_202208_B8A.tif
2025-11-30 23:17:27,839 - INFO - composites.py:432 - Write EVI -> //nas-rs.topo.auth.gr/Latomeia/DROUGHT/composites/x07/y11/2022/08/01/S2L2A_medcomp_x07y11_202208_EVI.tif
2025-11-30 23:17:31,741 - INFO - composites.py:432 - Write NDVI -> //nas-rs.topo.auth.gr/Latomeia/DROUGHT/composites/x07/y11/2022/08/01/S2L2A_medcomp_x07y11_202208_NDVI.tif
2025-11-30 23:17:35,572 - INFO - composites.py:432 - Write PSRI2 -> //nas-rs.topo.auth.gr/Latomeia/DROUGHT/composites/x07/y11/2022/08/01/S2L2A_medcomp_x07y11_202208_PSRI2.tif
2025-11-30 23:17:35,581 - INFO - composites.py:436 - Prepare metadata YAML document
2025-11-30 23:17:36,147 - INFO - composites.py:458 - Write metadata YAML document to disk
2025-11-30 23:17:36,173 - INFO - composites.py:463 - Create datacube.model.Dataset from eo3 metadata
2025-11-30 23:17:36,185 - INFO - composites.py:476 - Index to datacube
2025-11-30 23:17:36,185 - INFO - _datasets.py:191 - Indexing 6d9f8827-3d7c-4aec-b456-e6312632e502
2025-11-30 23:17:36,194 - INFO - composites.py:479 - 
2025-11-30 23:17:36,194 - INFO - composites.py:480 -              ✔✔✔ COMPLETED: Tile x07_y11 | Time: 2022-08 | In 15.53 minutes
2025-11-30 23:17:36,194 - INFO - composites.py:481 - 
2025-11-30 23:17:36,194 - INFO - composites.py:489 - Closing Dask client
2025-11-30 23:17:36,196 - INFO - composites.py:493 - Closing Dask cluster
2025-11-30 23:17:36,196 - INFO - composites.py:494 - #######################################################################
