2025-09-02 16:17:47,825 - INFO - composites.py:102 - #######################################################################
2025-09-02 16:17:47,825 - INFO - composites.py:104 - Processing started
2025-09-02 16:17:47,825 - INFO - composites.py:105 -         Tile: x11_y12
2025-09-02 16:17:47,825 - INFO - composites.py:106 -         Time: 2024-10
2025-09-02 16:17:47,825 - INFO - composites.py:109 -                           
2025-09-02 16:17:47,825 - INFO - composites.py:110 - Establishing connection to datacube
2025-09-02 16:17:48,380 - INFO - composites.py:113 -                           
2025-09-02 16:17:48,380 - INFO - composites.py:114 - Sanity test: Check if dataset already exists in the datacube
2025-09-02 16:17:48,401 - INFO - composites.py:133 - The composite requested was not found and it will be computed
2025-09-02 16:17:48,401 - INFO - composites.py:136 -                                  
2025-09-02 16:17:48,401 - INFO - composites.py:137 - Initializing Dask cluster for parallelization
2025-09-02 16:17:53,623 - INFO - composites.py:161 - Dask dashboard is available at: http://127.0.0.1:8787/status
2025-09-02 16:17:53,623 - INFO - composites.py:164 - Create directories and naming conversions
2025-09-02 16:17:53,634 - INFO - composites.py:177 - Dataset location: //nas-rs.topo.auth.gr/Latomeia/DROUGHT/composites/x11/y12/2024/10/01
2025-09-02 16:17:53,634 - INFO - composites.py:180 -                           
2025-09-02 16:17:53,634 - INFO - composites.py:181 - Retrieve tile geometry
2025-09-02 16:17:53,670 - INFO - composites.py:192 - Create the Bounding Box (φ,λ)
2025-09-02 16:17:53,670 - INFO - composites.py:198 - Create the Bounding Box (x,y)
2025-09-02 16:17:53,671 - INFO - composites.py:211 -                           
2025-09-02 16:17:53,671 - INFO - composites.py:212 - Connect to Planetary Computer STAC Catalog
2025-09-02 16:17:53,913 - INFO - composites.py:220 - Search the STAC Catalog
2025-09-02 16:17:53,982 - INFO - composites.py:232 -         Query parameters:
2025-09-02 16:17:53,982 - INFO - composites.py:233 -             url:          https://planetarycomputer.microsoft.com/api/stac/v1/search
2025-09-02 16:17:53,982 - INFO - composites.py:234 -             client:       microsoft-pc
2025-09-02 16:17:53,982 - INFO - composites.py:235 -             collection:   sentinel-2-l2a
2025-09-02 16:17:53,982 - INFO - composites.py:236 -             bbox:         (23.175034627134398, 38.50013763603257, 23.85573196352452, 39.05443515421176)
2025-09-02 16:17:53,982 - INFO - composites.py:237 -             time range:   2024-10-01T00:00:00Z/2024-10-31T23:59:59Z
2025-09-02 16:17:53,982 - INFO - composites.py:238 -             cloud cover:  0% - 70%
2025-09-02 16:17:53,982 - INFO - composites.py:239 -             nodata cover: 0% - 33%
2025-09-02 16:17:53,982 - INFO - composites.py:241 -                           
2025-09-02 16:17:53,982 - INFO - composites.py:242 - Searching...
2025-09-02 16:17:54,584 - INFO - composites.py:245 - Query found 36 items
2025-09-02 16:17:54,585 - INFO - composites.py:247 - Searching for GRI REFINED scenes:
2025-09-02 16:18:00,925 - INFO - sentinel2.py:78 - 1/36 - S2B_MSIL2A_20241031T091029_R050_T35SKD_20241031T104221 -> NOT_REFINED
2025-09-02 16:18:07,511 - INFO - sentinel2.py:78 - 2/36 - S2B_MSIL2A_20241031T091029_R050_T35SKC_20241031T104221 -> NOT_REFINED
2025-09-02 16:18:13,629 - INFO - sentinel2.py:78 - 3/36 - S2B_MSIL2A_20241031T091029_R050_T34SGJ_20241031T104221 -> NOT_REFINED
2025-09-02 16:18:19,890 - INFO - sentinel2.py:78 - 4/36 - S2B_MSIL2A_20241031T091029_R050_T34SGH_20241031T104221 -> NOT_REFINED
2025-09-02 16:18:24,857 - INFO - sentinel2.py:78 - 5/36 - S2A_MSIL2A_20241029T092111_R093_T34SFJ_20241029T123853 -> NOT_REFINED
2025-09-02 16:18:30,887 - INFO - sentinel2.py:78 - 6/36 - S2A_MSIL2A_20241029T092111_R093_T34SFH_20241029T123853 -> NOT_REFINED
2025-09-02 16:18:36,802 - INFO - sentinel2.py:78 - 7/36 - S2A_MSIL2A_20241026T091051_R050_T35SKD_20241026T122806 -> NOT_REFINED
2025-09-02 16:18:42,620 - INFO - sentinel2.py:78 - 8/36 - S2A_MSIL2A_20241026T091051_R050_T35SKC_20241026T122806 -> NOT_REFINED
2025-09-02 16:18:47,682 - INFO - sentinel2.py:78 - 9/36 - S2A_MSIL2A_20241026T091051_R050_T34SGJ_20241026T122806 -> NOT_REFINED
2025-09-02 16:18:53,259 - INFO - sentinel2.py:78 - 10/36 - S2A_MSIL2A_20241026T091051_R050_T34SGH_20241026T122806 -> NOT_REFINED
2025-09-02 16:18:58,966 - INFO - sentinel2.py:78 - 11/36 - S2B_MSIL2A_20241024T091939_R093_T34SFJ_20241024T105557 -> NOT_REFINED
2025-09-02 16:19:04,638 - INFO - sentinel2.py:78 - 12/36 - S2B_MSIL2A_20241024T091939_R093_T34SFH_20241024T105557 -> NOT_REFINED
2025-09-02 16:19:10,110 - INFO - sentinel2.py:78 - 13/36 - S2B_MSIL2A_20241021T090929_R050_T35SKD_20241021T111444 -> NOT_REFINED
2025-09-02 16:19:21,860 - INFO - sentinel2.py:78 - 14/36 - S2B_MSIL2A_20241021T090929_R050_T35SKC_20241021T111444 -> NOT_REFINED
2025-09-02 16:19:27,974 - INFO - sentinel2.py:78 - 15/36 - S2B_MSIL2A_20241021T090929_R050_T34SGJ_20241021T111444 -> NOT_REFINED
2025-09-02 16:19:33,126 - INFO - sentinel2.py:78 - 16/36 - S2B_MSIL2A_20241021T090929_R050_T34SGH_20241021T111444 -> NOT_REFINED
2025-09-02 16:19:38,124 - INFO - sentinel2.py:78 - 17/36 - S2A_MSIL2A_20241016T090941_R050_T35SKD_20241016T122451 -> NOT_REFINED
2025-09-02 16:19:44,233 - INFO - sentinel2.py:78 - 18/36 - S2A_MSIL2A_20241016T090941_R050_T35SKC_20241016T122451 -> NOT_REFINED
2025-09-02 16:19:50,514 - INFO - sentinel2.py:78 - 19/36 - S2A_MSIL2A_20241016T090941_R050_T34SGJ_20241016T122451 -> NOT_REFINED
2025-09-02 16:19:56,435 - INFO - sentinel2.py:78 - 20/36 - S2A_MSIL2A_20241016T090941_R050_T34SGH_20241016T122451 -> NOT_REFINED
2025-09-02 16:20:02,287 - INFO - sentinel2.py:78 - 21/36 - S2B_MSIL2A_20241014T092029_R093_T34SFJ_20241014T121124 -> NOT_REFINED
2025-09-02 16:20:07,564 - INFO - sentinel2.py:78 - 22/36 - S2B_MSIL2A_20241014T092029_R093_T34SFH_20241014T121124 -> NOT_REFINED
2025-09-02 16:20:13,287 - INFO - sentinel2.py:78 - 23/36 - S2B_MSIL2A_20241011T090819_R050_T35SKD_20241011T123047 -> NOT_REFINED
2025-09-02 16:20:18,914 - INFO - sentinel2.py:78 - 24/36 - S2B_MSIL2A_20241011T090819_R050_T35SKC_20241011T123047 -> NOT_REFINED
2025-09-02 16:20:25,226 - INFO - sentinel2.py:78 - 25/36 - S2B_MSIL2A_20241011T090819_R050_T34SGJ_20241011T123047 -> NOT_REFINED
2025-09-02 16:20:31,103 - INFO - sentinel2.py:78 - 26/36 - S2B_MSIL2A_20241011T090819_R050_T34SGH_20241011T123047 -> NOT_REFINED
2025-09-02 16:20:36,995 - INFO - sentinel2.py:78 - 27/36 - S2A_MSIL2A_20241009T092031_R093_T34SFJ_20241009T135549 -> NOT_REFINED
2025-09-02 16:20:42,250 - INFO - sentinel2.py:78 - 28/36 - S2A_MSIL2A_20241009T092031_R093_T34SFH_20241009T135549 -> NOT_REFINED
2025-09-02 16:20:48,130 - INFO - sentinel2.py:78 - 29/36 - S2A_MSIL2A_20241006T090841_R050_T35SKD_20241006T125859 -> NOT_REFINED
2025-09-02 16:20:53,263 - INFO - sentinel2.py:78 - 30/36 - S2A_MSIL2A_20241006T090841_R050_T34SGJ_20241006T125859 -> NOT_REFINED
2025-09-02 16:21:00,529 - INFO - sentinel2.py:78 - 31/36 - S2B_MSIL2A_20241004T092029_R093_T34SFJ_20241004T121058 -> NOT_REFINED
2025-09-02 16:21:06,374 - INFO - sentinel2.py:78 - 32/36 - S2B_MSIL2A_20241004T092029_R093_T34SFH_20241004T121058 -> NOT_REFINED
2025-09-02 16:21:12,643 - INFO - sentinel2.py:78 - 33/36 - S2B_MSIL2A_20241001T090709_R050_T35SKD_20241001T104121 -> NOT_REFINED
2025-09-02 16:21:18,828 - INFO - sentinel2.py:78 - 34/36 - S2B_MSIL2A_20241001T090709_R050_T35SKC_20241001T104121 -> NOT_REFINED
2025-09-02 16:21:24,158 - INFO - sentinel2.py:78 - 35/36 - S2B_MSIL2A_20241001T090709_R050_T34SGJ_20241001T104121 -> NOT_REFINED
2025-09-02 16:21:30,302 - INFO - sentinel2.py:78 - 36/36 - S2B_MSIL2A_20241001T090709_R050_T34SGH_20241001T104121 -> NOT_REFINED
2025-09-02 16:21:30,347 - INFO - composites.py:250 -                                  
2025-09-02 16:21:30,347 - INFO - composites.py:251 - 0/36 were refined by GRI.
2025-09-02 16:21:30,347 - WARNING - composites.py:255 - Tile x11_y12 | Time: 2024-10: All scenes are flagged NOT REFINED.
2025-09-02 16:21:30,347 - WARNING - composites.py:256 - Tile x11_y12 | Time: 2024-10: The composite will be flagged with _NOREFINED.
2025-09-02 16:21:30,347 - INFO - composites.py:263 - Looking for up to 10 cleanest images within spatiotemporal range of each MGRS tile
2025-09-02 16:21:30,348 - INFO - composites.py:277 - Filtered cleanest scenes: Kept 36 out of 36 items. 
2025-09-02 16:21:30,348 - INFO - composites.py:278 -         Included MGRS Tiles: ['34SFH' '34SFJ' '34SGH' '34SGJ' '35SKC' '35SKD']
2025-09-02 16:21:30,348 - INFO - composites.py:279 -         Included EPSG codes: [32634 32635]
2025-09-02 16:21:30,348 - INFO - composites.py:281 - Selected scenes:
2025-09-02 16:21:30,350 - INFO - composites.py:283 -         S2A_MSIL2A_20241029T092111_R093_T34SFH_20241029T123853
2025-09-02 16:21:30,350 - INFO - composites.py:283 -         S2B_MSIL2A_20241004T092029_R093_T34SFH_20241004T121058
2025-09-02 16:21:30,350 - INFO - composites.py:283 -         S2B_MSIL2A_20241024T091939_R093_T34SFH_20241024T105557
2025-09-02 16:21:30,350 - INFO - composites.py:283 -         S2A_MSIL2A_20241009T092031_R093_T34SFH_20241009T135549
2025-09-02 16:21:30,350 - INFO - composites.py:283 -         S2B_MSIL2A_20241014T092029_R093_T34SFH_20241014T121124
2025-09-02 16:21:30,351 - INFO - composites.py:283 -         S2B_MSIL2A_20241004T092029_R093_T34SFJ_20241004T121058
2025-09-02 16:21:30,351 - INFO - composites.py:283 -         S2A_MSIL2A_20241029T092111_R093_T34SFJ_20241029T123853
2025-09-02 16:21:30,351 - INFO - composites.py:283 -         S2B_MSIL2A_20241024T091939_R093_T34SFJ_20241024T105557
2025-09-02 16:21:30,351 - INFO - composites.py:283 -         S2A_MSIL2A_20241009T092031_R093_T34SFJ_20241009T135549
2025-09-02 16:21:30,351 - INFO - composites.py:283 -         S2B_MSIL2A_20241014T092029_R093_T34SFJ_20241014T121124
2025-09-02 16:21:30,351 - INFO - composites.py:283 -         S2A_MSIL2A_20241026T091051_R050_T34SGH_20241026T122806
2025-09-02 16:21:30,351 - INFO - composites.py:283 -         S2A_MSIL2A_20241016T090941_R050_T34SGH_20241016T122451
2025-09-02 16:21:30,351 - INFO - composites.py:283 -         S2B_MSIL2A_20241001T090709_R050_T34SGH_20241001T104121
2025-09-02 16:21:30,351 - INFO - composites.py:283 -         S2B_MSIL2A_20241011T090819_R050_T34SGH_20241011T123047
2025-09-02 16:21:30,351 - INFO - composites.py:283 -         S2B_MSIL2A_20241021T090929_R050_T34SGH_20241021T111444
2025-09-02 16:21:30,351 - INFO - composites.py:283 -         S2B_MSIL2A_20241031T091029_R050_T34SGH_20241031T104221
2025-09-02 16:21:30,351 - INFO - composites.py:283 -         S2B_MSIL2A_20241001T090709_R050_T34SGJ_20241001T104121
2025-09-02 16:21:30,351 - INFO - composites.py:283 -         S2A_MSIL2A_20241026T091051_R050_T34SGJ_20241026T122806
2025-09-02 16:21:30,351 - INFO - composites.py:283 -         S2A_MSIL2A_20241016T090941_R050_T34SGJ_20241016T122451
2025-09-02 16:21:30,351 - INFO - composites.py:283 -         S2B_MSIL2A_20241021T090929_R050_T34SGJ_20241021T111444
2025-09-02 16:21:30,351 - INFO - composites.py:283 -         S2B_MSIL2A_20241031T091029_R050_T34SGJ_20241031T104221
2025-09-02 16:21:30,351 - INFO - composites.py:283 -         S2A_MSIL2A_20241006T090841_R050_T34SGJ_20241006T125859
2025-09-02 16:21:30,351 - INFO - composites.py:283 -         S2B_MSIL2A_20241011T090819_R050_T34SGJ_20241011T123047
2025-09-02 16:21:30,351 - INFO - composites.py:283 -         S2A_MSIL2A_20241016T090941_R050_T35SKC_20241016T122451
2025-09-02 16:21:30,351 - INFO - composites.py:283 -         S2B_MSIL2A_20241001T090709_R050_T35SKC_20241001T104121
2025-09-02 16:21:30,351 - INFO - composites.py:283 -         S2A_MSIL2A_20241026T091051_R050_T35SKC_20241026T122806
2025-09-02 16:21:30,351 - INFO - composites.py:283 -         S2B_MSIL2A_20241031T091029_R050_T35SKC_20241031T104221
2025-09-02 16:21:30,351 - INFO - composites.py:283 -         S2B_MSIL2A_20241011T090819_R050_T35SKC_20241011T123047
2025-09-02 16:21:30,351 - INFO - composites.py:283 -         S2B_MSIL2A_20241021T090929_R050_T35SKC_20241021T111444
2025-09-02 16:21:30,351 - INFO - composites.py:283 -         S2B_MSIL2A_20241001T090709_R050_T35SKD_20241001T104121
2025-09-02 16:21:30,351 - INFO - composites.py:283 -         S2A_MSIL2A_20241026T091051_R050_T35SKD_20241026T122806
2025-09-02 16:21:30,351 - INFO - composites.py:283 -         S2A_MSIL2A_20241016T090941_R050_T35SKD_20241016T122451
2025-09-02 16:21:30,351 - INFO - composites.py:283 -         S2B_MSIL2A_20241021T090929_R050_T35SKD_20241021T111444
2025-09-02 16:21:30,351 - INFO - composites.py:283 -         S2B_MSIL2A_20241031T091029_R050_T35SKD_20241031T104221
2025-09-02 16:21:30,353 - INFO - composites.py:283 -         S2A_MSIL2A_20241006T090841_R050_T35SKD_20241006T125859
2025-09-02 16:21:30,353 - INFO - composites.py:283 -         S2B_MSIL2A_20241011T090819_R050_T35SKD_20241011T123047
2025-09-02 16:21:30,834 - INFO - sentinel2.py:154 - Matplotlib backend: Agg
2025-09-02 16:21:31,218 - INFO - sentinel2.py:224 - Write input scenes footprint overlay: //nas-rs.topo.auth.gr/Latomeia/DROUGHT/composites/x11/y12/2024/10/01/S2L2A_medcomp_x11y12_202410_InDataFootprint.jpeg
2025-09-02 16:21:31,471 - INFO - composites.py:297 -                                  
2025-09-02 16:21:31,471 - INFO - composites.py:298 - Downstream STAC items from Planetary Computer
2025-09-02 16:21:31,471 - INFO - timeseries_processing.py:115 -                                  
2025-09-02 16:21:31,472 - INFO - timeseries_processing.py:116 - Loading bands of diferent resolutions in EPSG:32634
2025-09-02 16:21:31,472 - INFO - timeseries_processing.py:120 -     Filtering items with native UTM EPSG:32634
2025-09-02 16:21:31,472 - INFO - timeseries_processing.py:122 -     23 Items in EPSG:32634
2025-09-02 16:21:31,472 - INFO - timeseries_processing.py:129 -                        
2025-09-02 16:21:31,472 - INFO - timeseries_processing.py:130 -     Loading parameters:
2025-09-02 16:21:31,472 - INFO - timeseries_processing.py:131 -         Bands: ['B05', 'B07', 'B8A', 'SCL']
2025-09-02 16:21:31,472 - INFO - timeseries_processing.py:132 -         Spatial resolution: 20
2025-09-02 16:21:31,472 - INFO - timeseries_processing.py:134 -         Get Assets from STAC Items
2025-09-02 16:21:31,472 - INFO - timeseries_processing.py:47 -         Initialize the STAC client
2025-09-02 16:21:32,068 - INFO - timeseries_processing.py:137 -         Loading 23 STAC Items....
2025-09-02 16:22:45,462 - INFO - timeseries_processing.py:146 -         Cube has been downloaded
2025-09-02 16:22:45,462 - INFO - timeseries_processing.py:156 -         Fix order of dimensions
2025-09-02 16:22:45,463 - INFO - timeseries_processing.py:161 -         Append bands to the band-list of EPSG:32634
2025-09-02 16:22:45,463 - INFO - timeseries_processing.py:129 -                        
2025-09-02 16:22:45,465 - INFO - timeseries_processing.py:130 -     Loading parameters:
2025-09-02 16:22:45,465 - INFO - timeseries_processing.py:131 -         Bands: ['B02', 'B03', 'B04']
2025-09-02 16:22:45,465 - INFO - timeseries_processing.py:132 -         Spatial resolution: 10
2025-09-02 16:22:45,466 - INFO - timeseries_processing.py:134 -         Get Assets from STAC Items
2025-09-02 16:22:45,466 - INFO - timeseries_processing.py:47 -         Initialize the STAC client
2025-09-02 16:22:46,055 - INFO - timeseries_processing.py:137 -         Loading 23 STAC Items....
2025-09-02 16:25:36,751 - INFO - timeseries_processing.py:146 -         Cube has been downloaded
2025-09-02 16:25:36,751 - INFO - timeseries_processing.py:149 -         Reproject to downsample 10m bands to 20m by Resampling.average 2x2 binning and shape matching with odc.geo.GeoBox
2025-09-02 16:25:53,732 - INFO - timeseries_processing.py:161 -         Append bands to the band-list of EPSG:32634
2025-09-02 16:25:53,732 - INFO - timeseries_processing.py:165 -                        
2025-09-02 16:25:53,732 - INFO - timeseries_processing.py:166 -     Merging bands in a single dataset
2025-09-02 16:25:53,732 - INFO - timeseries_processing.py:167 -     Ensure all partial datasets are at (x=20, y=-20) resolution
2025-09-02 16:25:53,732 - INFO - timeseries_processing.py:171 -     Clip to the intersection of indexes
2025-09-02 16:25:55,144 - INFO - timeseries_processing.py:180 -     Make a list of bands to merge
2025-09-02 16:25:55,147 - INFO - timeseries_processing.py:184 -     Merge on intersection
2025-09-02 16:25:55,149 - INFO - timeseries_processing.py:192 -     Apply masks on clouds, shadows, thin cirrus, and snow/ice
2025-09-02 16:25:55,149 - INFO - sentinel2.py:122 -                Masking bits: [3, 7, 8, 9, 10, 11]
2025-09-02 16:25:56,817 - INFO - timeseries_processing.py:115 -                                  
2025-09-02 16:25:56,817 - INFO - timeseries_processing.py:116 - Loading bands of diferent resolutions in EPSG:32635
2025-09-02 16:25:56,817 - INFO - timeseries_processing.py:120 -     Filtering items with native UTM EPSG:32635
2025-09-02 16:25:56,818 - INFO - timeseries_processing.py:122 -     13 Items in EPSG:32635
2025-09-02 16:25:56,818 - INFO - timeseries_processing.py:129 -                        
2025-09-02 16:25:56,818 - INFO - timeseries_processing.py:130 -     Loading parameters:
2025-09-02 16:25:56,818 - INFO - timeseries_processing.py:131 -         Bands: ['B05', 'B07', 'B8A', 'SCL']
2025-09-02 16:25:56,818 - INFO - timeseries_processing.py:132 -         Spatial resolution: 20
2025-09-02 16:25:56,818 - INFO - timeseries_processing.py:134 -         Get Assets from STAC Items
2025-09-02 16:25:56,818 - INFO - timeseries_processing.py:47 -         Initialize the STAC client
2025-09-02 16:25:57,437 - INFO - timeseries_processing.py:137 -         Loading 13 STAC Items....
2025-09-02 16:26:40,376 - INFO - timeseries_processing.py:146 -         Cube has been downloaded
2025-09-02 16:26:40,376 - INFO - timeseries_processing.py:156 -         Fix order of dimensions
2025-09-02 16:26:40,378 - INFO - timeseries_processing.py:161 -         Append bands to the band-list of EPSG:32635
2025-09-02 16:26:40,379 - INFO - timeseries_processing.py:129 -                        
2025-09-02 16:26:40,379 - INFO - timeseries_processing.py:130 -     Loading parameters:
2025-09-02 16:26:40,379 - INFO - timeseries_processing.py:131 -         Bands: ['B02', 'B03', 'B04']
2025-09-02 16:26:40,379 - INFO - timeseries_processing.py:132 -         Spatial resolution: 10
2025-09-02 16:26:40,379 - INFO - timeseries_processing.py:134 -         Get Assets from STAC Items
2025-09-02 16:26:40,379 - INFO - timeseries_processing.py:47 -         Initialize the STAC client
2025-09-02 16:26:40,908 - INFO - timeseries_processing.py:137 -         Loading 13 STAC Items....
2025-09-02 16:28:34,121 - INFO - timeseries_processing.py:146 -         Cube has been downloaded
2025-09-02 16:28:34,123 - INFO - timeseries_processing.py:149 -         Reproject to downsample 10m bands to 20m by Resampling.average 2x2 binning and shape matching with odc.geo.GeoBox
2025-09-02 16:28:44,332 - INFO - timeseries_processing.py:161 -         Append bands to the band-list of EPSG:32635
2025-09-02 16:28:44,333 - INFO - timeseries_processing.py:165 -                        
2025-09-02 16:28:44,333 - INFO - timeseries_processing.py:166 -     Merging bands in a single dataset
2025-09-02 16:28:44,333 - INFO - timeseries_processing.py:167 -     Ensure all partial datasets are at (x=20, y=-20) resolution
2025-09-02 16:28:44,333 - INFO - timeseries_processing.py:171 -     Clip to the intersection of indexes
2025-09-02 16:28:44,335 - INFO - timeseries_processing.py:180 -     Make a list of bands to merge
2025-09-02 16:28:44,336 - INFO - timeseries_processing.py:184 -     Merge on intersection
2025-09-02 16:28:44,337 - INFO - timeseries_processing.py:192 -     Apply masks on clouds, shadows, thin cirrus, and snow/ice
2025-09-02 16:28:44,337 - INFO - sentinel2.py:122 -                Masking bits: [3, 7, 8, 9, 10, 11]
2025-09-02 16:28:45,313 - INFO - composites.py:307 - Reproject from UTM Zone to Tile geometry -> CRS(EPSG:32635), Resampling.bilinear
2025-09-02 16:28:58,936 - INFO - composites.py:310 -     New shape of datasets: Shape2d(x=2400, y=2400)
2025-09-02 16:28:59,417 - INFO - composites.py:315 -                           
2025-09-02 16:28:59,418 - INFO - composites.py:316 - Mosaic datasets to a single dataset
2025-09-02 16:29:09,839 - INFO - composites.py:329 - Scale SR to Sen2Cor Baseline 4.00 - Subtract 1000 in dates post 2022-01-25
2025-09-02 16:29:11,734 - INFO - composites.py:342 - Creating preview plot of input scenes
2025-09-02 16:29:50,874 - INFO - timeseries_processing.py:349 - Saved preview for 'B04' to //nas-rs.topo.auth.gr/Latomeia/DROUGHT/composites/x11/y12/2024/10/01/S2L2A_medcomp_x11y12_202410_InDataPreview.jpeg
2025-09-02 16:29:50,882 - INFO - composites.py:348 - Clip value range
2025-09-02 16:29:53,359 - INFO - composites.py:353 -                           
2025-09-02 16:29:53,359 - INFO - composites.py:354 - Computing spectral indices:
2025-09-02 16:29:53,359 - INFO - composites.py:357 -     EVI...
2025-09-02 16:29:54,871 - INFO - composites.py:359 -     NDVI...
2025-09-02 16:29:55,414 - INFO - composites.py:361 -     PSRI2...
2025-09-02 16:29:55,794 - INFO - composites.py:364 - Clip to typical value range
2025-09-02 16:29:56,245 - INFO - composites.py:371 - Reducing to median value temporal composite
2025-09-02 16:30:24,274 - INFO - composites.py:390 - Scale and Define data types & nodata per band
2025-09-02 16:30:24,427 - INFO - composites.py:411 - Assign time range and tile ID in metadata
2025-09-02 16:30:24,428 - INFO - composites.py:419 - Write bands to raster COG files
2025-09-02 16:30:28,437 - INFO - composites.py:432 - Write B02 -> //nas-rs.topo.auth.gr/Latomeia/DROUGHT/composites/x11/y12/2024/10/01/S2L2A_medcomp_x11y12_202410_B02.tif
2025-09-02 16:30:32,889 - INFO - composites.py:432 - Write B03 -> //nas-rs.topo.auth.gr/Latomeia/DROUGHT/composites/x11/y12/2024/10/01/S2L2A_medcomp_x11y12_202410_B03.tif
2025-09-02 16:30:37,153 - INFO - composites.py:432 - Write B04 -> //nas-rs.topo.auth.gr/Latomeia/DROUGHT/composites/x11/y12/2024/10/01/S2L2A_medcomp_x11y12_202410_B04.tif
2025-09-02 16:30:42,746 - INFO - composites.py:432 - Write B05 -> //nas-rs.topo.auth.gr/Latomeia/DROUGHT/composites/x11/y12/2024/10/01/S2L2A_medcomp_x11y12_202410_B05.tif
2025-09-02 16:30:47,968 - INFO - composites.py:432 - Write B07 -> //nas-rs.topo.auth.gr/Latomeia/DROUGHT/composites/x11/y12/2024/10/01/S2L2A_medcomp_x11y12_202410_B07.tif
2025-09-02 16:30:52,408 - INFO - composites.py:432 - Write B8A -> //nas-rs.topo.auth.gr/Latomeia/DROUGHT/composites/x11/y12/2024/10/01/S2L2A_medcomp_x11y12_202410_B8A.tif
2025-09-02 16:30:56,424 - INFO - composites.py:432 - Write EVI -> //nas-rs.topo.auth.gr/Latomeia/DROUGHT/composites/x11/y12/2024/10/01/S2L2A_medcomp_x11y12_202410_EVI.tif
2025-09-02 16:31:00,871 - INFO - composites.py:432 - Write NDVI -> //nas-rs.topo.auth.gr/Latomeia/DROUGHT/composites/x11/y12/2024/10/01/S2L2A_medcomp_x11y12_202410_NDVI.tif
2025-09-02 16:31:05,099 - INFO - composites.py:432 - Write PSRI2 -> //nas-rs.topo.auth.gr/Latomeia/DROUGHT/composites/x11/y12/2024/10/01/S2L2A_medcomp_x11y12_202410_PSRI2.tif
2025-09-02 16:31:05,113 - INFO - composites.py:436 - Prepare metadata YAML document
2025-09-02 16:31:05,684 - INFO - composites.py:458 - Write metadata YAML document to disk
2025-09-02 16:31:05,739 - INFO - composites.py:463 - Create datacube.model.Dataset from eo3 metadata
2025-09-02 16:31:05,750 - INFO - composites.py:476 - Index to datacube
2025-09-02 16:31:05,750 - INFO - _datasets.py:191 - Indexing 0bc864e6-0e71-4213-bd7a-b9b509c373a8
2025-09-02 16:31:05,760 - INFO - composites.py:479 - 
2025-09-02 16:31:05,760 - INFO - composites.py:480 -              ✔✔✔ COMPLETED: Tile x11_y12 | Time: 2024-10 | In 13.3 minutes
2025-09-02 16:31:05,760 - INFO - composites.py:481 - 
2025-09-02 16:31:05,761 - INFO - composites.py:489 - Closing Dask client
2025-09-02 16:31:05,763 - INFO - composites.py:493 - Closing Dask cluster
2025-09-02 16:31:05,763 - INFO - composites.py:494 - #######################################################################
