2025-08-30 12:25:47,711 - INFO - composites.py:102 - #######################################################################
2025-08-30 12:25:47,711 - INFO - composites.py:104 - Processing started
2025-08-30 12:25:47,711 - INFO - composites.py:105 -         Tile: x12_y12
2025-08-30 12:25:47,711 - INFO - composites.py:106 -         Time: 2022-10
2025-08-30 12:25:47,711 - INFO - composites.py:109 -                           
2025-08-30 12:25:47,711 - INFO - composites.py:110 - Establishing connection to datacube
2025-08-30 12:25:48,241 - INFO - composites.py:113 -                           
2025-08-30 12:25:48,241 - INFO - composites.py:114 - Sanity test: Check if dataset already exists in the datacube
2025-08-30 12:25:48,261 - INFO - composites.py:133 - The composite requested was not found and it will be computed
2025-08-30 12:25:48,261 - INFO - composites.py:136 -                                  
2025-08-30 12:25:48,261 - INFO - composites.py:137 - Initializing Dask cluster for parallelization
2025-08-30 12:25:53,447 - INFO - composites.py:161 - Dask dashboard is available at: http://127.0.0.1:8787/status
2025-08-30 12:25:53,447 - INFO - composites.py:164 - Create directories and naming conversions
2025-08-30 12:25:53,459 - INFO - composites.py:177 - Dataset location: //nas-rs.topo.auth.gr/Latomeia/DROUGHT/composites/x12/y12/2022/10/01
2025-08-30 12:25:53,459 - INFO - composites.py:180 -                           
2025-08-30 12:25:53,459 - INFO - composites.py:181 - Retrieve tile geometry
2025-08-30 12:25:53,488 - INFO - composites.py:192 - Create the Bounding Box (φ,λ)
2025-08-30 12:25:53,488 - INFO - composites.py:198 - Create the Bounding Box (x,y)
2025-08-30 12:25:53,489 - INFO - composites.py:211 -                           
2025-08-30 12:25:53,489 - INFO - composites.py:212 - Connect to Planetary Computer STAC Catalog
2025-08-30 12:25:53,780 - INFO - composites.py:220 - Search the STAC Catalog
2025-08-30 12:25:53,847 - INFO - composites.py:232 -         Query parameters:
2025-08-30 12:25:53,847 - INFO - composites.py:233 -             url:          https://planetarycomputer.microsoft.com/api/stac/v1/search
2025-08-30 12:25:53,847 - INFO - composites.py:234 -             client:       microsoft-pc
2025-08-30 12:25:53,847 - INFO - composites.py:235 -             collection:   sentinel-2-l2a
2025-08-30 12:25:53,847 - INFO - composites.py:236 -             bbox:         (23.716312541714892, 38.42057868621947, 24.399215341225577, 38.9773418780241)
2025-08-30 12:25:53,847 - INFO - composites.py:237 -             time range:   2022-10-01T00:00:00Z/2022-10-31T23:59:59Z
2025-08-30 12:25:53,847 - INFO - composites.py:238 -             cloud cover:  0% - 70%
2025-08-30 12:25:53,847 - INFO - composites.py:239 -             nodata cover: 0% - 33%
2025-08-30 12:25:53,847 - INFO - composites.py:241 -                           
2025-08-30 12:25:53,847 - INFO - composites.py:242 - Searching...
2025-08-30 12:25:54,469 - INFO - composites.py:245 - Query found 44 items
2025-08-30 12:25:54,469 - INFO - composites.py:247 - Searching for GRI REFINED scenes:
2025-08-30 12:26:00,298 - INFO - sentinel2.py:78 - 1/44 - S2A_MSIL2A_20221027T091101_R050_T35SKD_20221027T205835 -> REFINED
2025-08-30 12:26:05,605 - INFO - sentinel2.py:78 - 2/44 - S2A_MSIL2A_20221027T091101_R050_T35SKC_20221027T224735 -> REFINED
2025-08-30 12:26:11,211 - INFO - sentinel2.py:78 - 3/44 - S2A_MSIL2A_20221027T091101_R050_T34SGJ_20221027T214302 -> REFINED
2025-08-30 12:26:16,281 - INFO - sentinel2.py:78 - 4/44 - S2A_MSIL2A_20221027T091101_R050_T34SGH_20221027T212311 -> REFINED
2025-08-30 12:26:21,476 - INFO - sentinel2.py:78 - 5/44 - S2B_MSIL2A_20221022T090929_R050_T35SKD_20240802T131741 -> REFINED
2025-08-30 12:26:27,566 - INFO - sentinel2.py:78 - 6/44 - S2B_MSIL2A_20221022T090929_R050_T35SKD_20221023T062610 -> REFINED
2025-08-30 12:26:33,148 - INFO - sentinel2.py:78 - 7/44 - S2B_MSIL2A_20221022T090929_R050_T35SKC_20240802T131741 -> REFINED
2025-08-30 12:26:38,835 - INFO - sentinel2.py:78 - 8/44 - S2B_MSIL2A_20221022T090929_R050_T35SKC_20221023T061803 -> REFINED
2025-08-30 12:26:44,515 - INFO - sentinel2.py:78 - 9/44 - S2B_MSIL2A_20221022T090929_R050_T34SGJ_20240802T131741 -> REFINED
2025-08-30 12:26:50,072 - INFO - sentinel2.py:78 - 10/44 - S2B_MSIL2A_20221022T090929_R050_T34SGJ_20221023T070835 -> REFINED
2025-08-30 12:26:55,617 - INFO - sentinel2.py:78 - 11/44 - S2B_MSIL2A_20221022T090929_R050_T34SGH_20240802T131741 -> REFINED
2025-08-30 12:27:01,741 - INFO - sentinel2.py:78 - 12/44 - S2B_MSIL2A_20221022T090929_R050_T34SGH_20221023T071056 -> REFINED
2025-08-30 12:27:07,697 - INFO - sentinel2.py:78 - 13/44 - S2A_MSIL2A_20221017T090941_R050_T35SKD_20240723T163532 -> REFINED
2025-08-30 12:27:12,519 - INFO - sentinel2.py:78 - 14/44 - S2A_MSIL2A_20221017T090941_R050_T35SKD_20221017T200812 -> REFINED
2025-08-30 12:27:18,713 - INFO - sentinel2.py:78 - 15/44 - S2A_MSIL2A_20221017T090941_R050_T35SKC_20240723T163532 -> REFINED
2025-08-30 12:27:24,313 - INFO - sentinel2.py:78 - 16/44 - S2A_MSIL2A_20221017T090941_R050_T35SKC_20221017T213329 -> REFINED
2025-08-30 12:27:29,234 - INFO - sentinel2.py:78 - 17/44 - S2A_MSIL2A_20221017T090941_R050_T34SGJ_20240723T163532 -> REFINED
2025-08-30 12:27:34,321 - INFO - sentinel2.py:78 - 18/44 - S2A_MSIL2A_20221017T090941_R050_T34SGJ_20221017T202754 -> REFINED
2025-08-30 12:27:40,512 - INFO - sentinel2.py:78 - 19/44 - S2A_MSIL2A_20221017T090941_R050_T34SGH_20240723T163532 -> REFINED
2025-08-30 12:27:46,152 - INFO - sentinel2.py:78 - 20/44 - S2A_MSIL2A_20221017T090941_R050_T34SGH_20221017T213255 -> REFINED
2025-08-30 12:27:51,097 - INFO - sentinel2.py:78 - 21/44 - S2B_MSIL2A_20221012T090819_R050_T35SKD_20240801T031807 -> REFINED
2025-08-30 12:27:56,456 - INFO - sentinel2.py:78 - 22/44 - S2B_MSIL2A_20221012T090819_R050_T35SKD_20221012T191931 -> REFINED
2025-08-30 12:28:02,539 - INFO - sentinel2.py:78 - 23/44 - S2B_MSIL2A_20221012T090819_R050_T35SKC_20240801T031807 -> REFINED
2025-08-30 12:28:08,511 - INFO - sentinel2.py:78 - 24/44 - S2B_MSIL2A_20221012T090819_R050_T35SKC_20221012T192749 -> REFINED
2025-08-30 12:28:14,565 - INFO - sentinel2.py:78 - 25/44 - S2B_MSIL2A_20221012T090819_R050_T34SGJ_20240801T031807 -> REFINED
2025-08-30 12:28:19,896 - INFO - sentinel2.py:78 - 26/44 - S2B_MSIL2A_20221012T090819_R050_T34SGJ_20221012T192841 -> REFINED
2025-08-30 12:28:25,840 - INFO - sentinel2.py:78 - 27/44 - S2B_MSIL2A_20221012T090819_R050_T34SGH_20240801T031807 -> REFINED
2025-08-30 12:28:31,900 - INFO - sentinel2.py:78 - 28/44 - S2B_MSIL2A_20221012T090819_R050_T34SGH_20221012T183249 -> REFINED
2025-08-30 12:28:37,048 - INFO - sentinel2.py:78 - 29/44 - S2A_MSIL2A_20221007T090851_R050_T35SKD_20240801T185721 -> REFINED
2025-08-30 12:28:43,052 - INFO - sentinel2.py:78 - 30/44 - S2A_MSIL2A_20221007T090851_R050_T35SKD_20221008T004941 -> REFINED
2025-08-30 12:28:48,016 - INFO - sentinel2.py:78 - 31/44 - S2A_MSIL2A_20221007T090851_R050_T35SKC_20240801T185721 -> REFINED
2025-08-30 12:28:54,449 - INFO - sentinel2.py:78 - 32/44 - S2A_MSIL2A_20221007T090851_R050_T35SKC_20221007T230340 -> REFINED
2025-08-30 12:28:59,340 - INFO - sentinel2.py:78 - 33/44 - S2A_MSIL2A_20221007T090851_R050_T34SGJ_20240801T185721 -> REFINED
2025-08-30 12:29:04,369 - INFO - sentinel2.py:78 - 34/44 - S2A_MSIL2A_20221007T090851_R050_T34SGJ_20221008T004133 -> REFINED
2025-08-30 12:29:10,518 - INFO - sentinel2.py:78 - 35/44 - S2A_MSIL2A_20221007T090851_R050_T34SGH_20240801T185721 -> REFINED
2025-08-30 12:29:16,001 - INFO - sentinel2.py:78 - 36/44 - S2A_MSIL2A_20221007T090851_R050_T34SGH_20221007T231815 -> REFINED
2025-08-30 12:29:21,418 - INFO - sentinel2.py:78 - 37/44 - S2B_MSIL2A_20221002T090709_R050_T35SKD_20240723T042347 -> REFINED
2025-08-30 12:29:27,527 - INFO - sentinel2.py:78 - 38/44 - S2B_MSIL2A_20221002T090709_R050_T35SKD_20221003T004556 -> REFINED
2025-08-30 12:29:33,102 - INFO - sentinel2.py:78 - 39/44 - S2B_MSIL2A_20221002T090709_R050_T35SKC_20240723T042347 -> REFINED
2025-08-30 12:29:39,090 - INFO - sentinel2.py:78 - 40/44 - S2B_MSIL2A_20221002T090709_R050_T35SKC_20221003T005253 -> REFINED
2025-08-30 12:29:45,282 - INFO - sentinel2.py:78 - 41/44 - S2B_MSIL2A_20221002T090709_R050_T34SGJ_20240723T042347 -> REFINED
2025-08-30 12:29:49,835 - INFO - sentinel2.py:78 - 42/44 - S2B_MSIL2A_20221002T090709_R050_T34SGJ_20221003T012531 -> REFINED
2025-08-30 12:29:55,397 - INFO - sentinel2.py:78 - 43/44 - S2B_MSIL2A_20221002T090709_R050_T34SGH_20240723T042347 -> REFINED
2025-08-30 12:30:00,972 - INFO - sentinel2.py:78 - 44/44 - S2B_MSIL2A_20221002T090709_R050_T34SGH_20221003T002510 -> REFINED
2025-08-30 12:30:01,021 - INFO - composites.py:250 -                                  
2025-08-30 12:30:01,022 - INFO - composites.py:251 - 44/44 were refined by GRI.
2025-08-30 12:30:01,022 - INFO - composites.py:263 - Looking for up to 10 cleanest images within spatiotemporal range of each MGRS tile
2025-08-30 12:30:01,022 - INFO - composites.py:277 - Filtered cleanest scenes: Kept 40 out of 44 items. 
2025-08-30 12:30:01,022 - INFO - composites.py:278 -         Included MGRS Tiles: ['34SGH' '34SGJ' '35SKC' '35SKD']
2025-08-30 12:30:01,023 - INFO - composites.py:279 -         Included EPSG codes: [32634 32635]
2025-08-30 12:30:01,023 - INFO - composites.py:281 - Selected scenes:
2025-08-30 12:30:01,023 - INFO - composites.py:283 -         S2B_MSIL2A_20221002T090709_R050_T34SGH_20221003T002510
2025-08-30 12:30:01,023 - INFO - composites.py:283 -         S2B_MSIL2A_20221002T090709_R050_T34SGH_20240723T042347
2025-08-30 12:30:01,023 - INFO - composites.py:283 -         S2B_MSIL2A_20221022T090929_R050_T34SGH_20240802T131741
2025-08-30 12:30:01,023 - INFO - composites.py:283 -         S2B_MSIL2A_20221022T090929_R050_T34SGH_20221023T071056
2025-08-30 12:30:01,023 - INFO - composites.py:283 -         S2A_MSIL2A_20221027T091101_R050_T34SGH_20221027T212311
2025-08-30 12:30:01,034 - INFO - composites.py:283 -         S2A_MSIL2A_20221017T090941_R050_T34SGH_20240723T163532
2025-08-30 12:30:01,035 - INFO - composites.py:283 -         S2A_MSIL2A_20221017T090941_R050_T34SGH_20221017T213255
2025-08-30 12:30:01,035 - INFO - composites.py:283 -         S2B_MSIL2A_20221012T090819_R050_T34SGH_20221012T183249
2025-08-30 12:30:01,035 - INFO - composites.py:283 -         S2B_MSIL2A_20221012T090819_R050_T34SGH_20240801T031807
2025-08-30 12:30:01,035 - INFO - composites.py:283 -         S2A_MSIL2A_20221007T090851_R050_T34SGH_20240801T185721
2025-08-30 12:30:01,035 - INFO - composites.py:283 -         S2B_MSIL2A_20221002T090709_R050_T34SGJ_20240723T042347
2025-08-30 12:30:01,036 - INFO - composites.py:283 -         S2B_MSIL2A_20221002T090709_R050_T34SGJ_20221003T012531
2025-08-30 12:30:01,036 - INFO - composites.py:283 -         S2A_MSIL2A_20221017T090941_R050_T34SGJ_20240723T163532
2025-08-30 12:30:01,036 - INFO - composites.py:283 -         S2A_MSIL2A_20221017T090941_R050_T34SGJ_20221017T202754
2025-08-30 12:30:01,036 - INFO - composites.py:283 -         S2B_MSIL2A_20221022T090929_R050_T34SGJ_20240802T131741
2025-08-30 12:30:01,036 - INFO - composites.py:283 -         S2B_MSIL2A_20221022T090929_R050_T34SGJ_20221023T070835
2025-08-30 12:30:01,036 - INFO - composites.py:283 -         S2A_MSIL2A_20221007T090851_R050_T34SGJ_20240801T185721
2025-08-30 12:30:01,036 - INFO - composites.py:283 -         S2A_MSIL2A_20221007T090851_R050_T34SGJ_20221008T004133
2025-08-30 12:30:01,036 - INFO - composites.py:283 -         S2A_MSIL2A_20221027T091101_R050_T34SGJ_20221027T214302
2025-08-30 12:30:01,036 - INFO - composites.py:283 -         S2B_MSIL2A_20221012T090819_R050_T34SGJ_20221012T192841
2025-08-30 12:30:01,036 - INFO - composites.py:283 -         S2B_MSIL2A_20221002T090709_R050_T35SKC_20221003T005253
2025-08-30 12:30:01,036 - INFO - composites.py:283 -         S2B_MSIL2A_20221002T090709_R050_T35SKC_20240723T042347
2025-08-30 12:30:01,036 - INFO - composites.py:283 -         S2B_MSIL2A_20221022T090929_R050_T35SKC_20240802T131741
2025-08-30 12:30:01,036 - INFO - composites.py:283 -         S2B_MSIL2A_20221022T090929_R050_T35SKC_20221023T061803
2025-08-30 12:30:01,036 - INFO - composites.py:283 -         S2A_MSIL2A_20221027T091101_R050_T35SKC_20221027T224735
2025-08-30 12:30:01,036 - INFO - composites.py:283 -         S2A_MSIL2A_20221017T090941_R050_T35SKC_20221017T213329
2025-08-30 12:30:01,036 - INFO - composites.py:283 -         S2A_MSIL2A_20221017T090941_R050_T35SKC_20240723T163532
2025-08-30 12:30:01,036 - INFO - composites.py:283 -         S2B_MSIL2A_20221012T090819_R050_T35SKC_20221012T192749
2025-08-30 12:30:01,036 - INFO - composites.py:283 -         S2B_MSIL2A_20221012T090819_R050_T35SKC_20240801T031807
2025-08-30 12:30:01,036 - INFO - composites.py:283 -         S2A_MSIL2A_20221007T090851_R050_T35SKC_20240801T185721
2025-08-30 12:30:01,036 - INFO - composites.py:283 -         S2B_MSIL2A_20221002T090709_R050_T35SKD_20221003T004556
2025-08-30 12:30:01,036 - INFO - composites.py:283 -         S2B_MSIL2A_20221002T090709_R050_T35SKD_20240723T042347
2025-08-30 12:30:01,036 - INFO - composites.py:283 -         S2A_MSIL2A_20221017T090941_R050_T35SKD_20221017T200812
2025-08-30 12:30:01,036 - INFO - composites.py:283 -         S2A_MSIL2A_20221017T090941_R050_T35SKD_20240723T163532
2025-08-30 12:30:01,036 - INFO - composites.py:283 -         S2B_MSIL2A_20221022T090929_R050_T35SKD_20240802T131741
2025-08-30 12:30:01,036 - INFO - composites.py:283 -         S2B_MSIL2A_20221022T090929_R050_T35SKD_20221023T062610
2025-08-30 12:30:01,036 - INFO - composites.py:283 -         S2A_MSIL2A_20221007T090851_R050_T35SKD_20240801T185721
2025-08-30 12:30:01,036 - INFO - composites.py:283 -         S2A_MSIL2A_20221007T090851_R050_T35SKD_20221008T004941
2025-08-30 12:30:01,037 - INFO - composites.py:283 -         S2A_MSIL2A_20221027T091101_R050_T35SKD_20221027T205835
2025-08-30 12:30:01,037 - INFO - composites.py:283 -         S2B_MSIL2A_20221012T090819_R050_T35SKD_20240801T031807
2025-08-30 12:30:01,484 - INFO - sentinel2.py:154 - Matplotlib backend: Agg
2025-08-30 12:30:01,780 - INFO - sentinel2.py:224 - Write input scenes footprint overlay: //nas-rs.topo.auth.gr/Latomeia/DROUGHT/composites/x12/y12/2022/10/01/S2L2A_medcomp_x12y12_202210_InDataFootprint.jpeg
2025-08-30 12:30:02,184 - INFO - composites.py:297 -                                  
2025-08-30 12:30:02,184 - INFO - composites.py:298 - Downstream STAC items from Planetary Computer
2025-08-30 12:30:02,184 - INFO - timeseries_processing.py:115 -                                  
2025-08-30 12:30:02,184 - INFO - timeseries_processing.py:116 - Loading bands of diferent resolutions in EPSG:32634
2025-08-30 12:30:02,184 - INFO - timeseries_processing.py:120 -     Filtering items with native UTM EPSG:32634
2025-08-30 12:30:02,184 - INFO - timeseries_processing.py:122 -     20 Items in EPSG:32634
2025-08-30 12:30:02,184 - INFO - timeseries_processing.py:129 -                        
2025-08-30 12:30:02,184 - INFO - timeseries_processing.py:130 -     Loading parameters:
2025-08-30 12:30:02,184 - INFO - timeseries_processing.py:131 -         Bands: ['B05', 'B07', 'B8A', 'SCL']
2025-08-30 12:30:02,184 - INFO - timeseries_processing.py:132 -         Spatial resolution: 20
2025-08-30 12:30:02,184 - INFO - timeseries_processing.py:134 -         Get Assets from STAC Items
2025-08-30 12:30:02,184 - INFO - timeseries_processing.py:47 -         Initialize the STAC client
2025-08-30 12:30:02,764 - INFO - timeseries_processing.py:137 -         Loading 20 STAC Items....
2025-08-30 12:32:35,664 - INFO - timeseries_processing.py:146 -         Cube has been downloaded
2025-08-30 12:32:35,665 - INFO - timeseries_processing.py:156 -         Fix order of dimensions
2025-08-30 12:32:35,666 - INFO - timeseries_processing.py:161 -         Append bands to the band-list of EPSG:32634
2025-08-30 12:32:35,666 - INFO - timeseries_processing.py:129 -                        
2025-08-30 12:32:35,666 - INFO - timeseries_processing.py:130 -     Loading parameters:
2025-08-30 12:32:35,666 - INFO - timeseries_processing.py:131 -         Bands: ['B02', 'B03', 'B04']
2025-08-30 12:32:35,666 - INFO - timeseries_processing.py:132 -         Spatial resolution: 10
2025-08-30 12:32:35,666 - INFO - timeseries_processing.py:134 -         Get Assets from STAC Items
2025-08-30 12:32:35,666 - INFO - timeseries_processing.py:47 -         Initialize the STAC client
2025-08-30 12:32:36,181 - INFO - timeseries_processing.py:137 -         Loading 20 STAC Items....
2025-08-30 12:37:56,356 - INFO - timeseries_processing.py:146 -         Cube has been downloaded
2025-08-30 12:37:56,357 - INFO - timeseries_processing.py:149 -         Reproject to downsample 10m bands to 20m by Resampling.average 2x2 binning and shape matching with odc.geo.GeoBox
2025-08-30 12:38:06,180 - INFO - timeseries_processing.py:161 -         Append bands to the band-list of EPSG:32634
2025-08-30 12:38:06,180 - INFO - timeseries_processing.py:165 -                        
2025-08-30 12:38:06,180 - INFO - timeseries_processing.py:166 -     Merging bands in a single dataset
2025-08-30 12:38:06,180 - INFO - timeseries_processing.py:167 -     Ensure all partial datasets are at (x=20, y=-20) resolution
2025-08-30 12:38:06,180 - INFO - timeseries_processing.py:171 -     Clip to the intersection of indexes
2025-08-30 12:38:07,200 - INFO - timeseries_processing.py:180 -     Make a list of bands to merge
2025-08-30 12:38:07,201 - INFO - timeseries_processing.py:184 -     Merge on intersection
2025-08-30 12:38:07,203 - INFO - timeseries_processing.py:192 -     Apply masks on clouds, shadows, thin cirrus, and snow/ice
2025-08-30 12:38:07,208 - INFO - sentinel2.py:122 -                Masking bits: [3, 7, 8, 9, 10, 11]
2025-08-30 12:38:08,036 - INFO - timeseries_processing.py:115 -                                  
2025-08-30 12:38:08,036 - INFO - timeseries_processing.py:116 - Loading bands of diferent resolutions in EPSG:32635
2025-08-30 12:38:08,036 - INFO - timeseries_processing.py:120 -     Filtering items with native UTM EPSG:32635
2025-08-30 12:38:08,036 - INFO - timeseries_processing.py:122 -     20 Items in EPSG:32635
2025-08-30 12:38:08,036 - INFO - timeseries_processing.py:129 -                        
2025-08-30 12:38:08,036 - INFO - timeseries_processing.py:130 -     Loading parameters:
2025-08-30 12:38:08,036 - INFO - timeseries_processing.py:131 -         Bands: ['B05', 'B07', 'B8A', 'SCL']
2025-08-30 12:38:08,036 - INFO - timeseries_processing.py:132 -         Spatial resolution: 20
2025-08-30 12:38:08,036 - INFO - timeseries_processing.py:134 -         Get Assets from STAC Items
2025-08-30 12:38:08,036 - INFO - timeseries_processing.py:47 -         Initialize the STAC client
2025-08-30 12:38:08,614 - INFO - timeseries_processing.py:137 -         Loading 20 STAC Items....
2025-08-30 12:40:17,867 - INFO - timeseries_processing.py:146 -         Cube has been downloaded
2025-08-30 12:40:17,867 - INFO - timeseries_processing.py:156 -         Fix order of dimensions
2025-08-30 12:40:17,869 - INFO - timeseries_processing.py:161 -         Append bands to the band-list of EPSG:32635
2025-08-30 12:40:17,869 - INFO - timeseries_processing.py:129 -                        
2025-08-30 12:40:17,869 - INFO - timeseries_processing.py:130 -     Loading parameters:
2025-08-30 12:40:17,869 - INFO - timeseries_processing.py:131 -         Bands: ['B02', 'B03', 'B04']
2025-08-30 12:40:17,869 - INFO - timeseries_processing.py:132 -         Spatial resolution: 10
2025-08-30 12:40:17,870 - INFO - timeseries_processing.py:134 -         Get Assets from STAC Items
2025-08-30 12:40:17,870 - INFO - timeseries_processing.py:47 -         Initialize the STAC client
2025-08-30 12:40:18,396 - INFO - timeseries_processing.py:137 -         Loading 20 STAC Items....
2025-08-30 12:45:20,708 - INFO - timeseries_processing.py:146 -         Cube has been downloaded
2025-08-30 12:45:20,709 - INFO - timeseries_processing.py:149 -         Reproject to downsample 10m bands to 20m by Resampling.average 2x2 binning and shape matching with odc.geo.GeoBox
2025-08-30 12:45:35,283 - INFO - timeseries_processing.py:161 -         Append bands to the band-list of EPSG:32635
2025-08-30 12:45:35,283 - INFO - timeseries_processing.py:165 -                        
2025-08-30 12:45:35,283 - INFO - timeseries_processing.py:166 -     Merging bands in a single dataset
2025-08-30 12:45:35,283 - INFO - timeseries_processing.py:167 -     Ensure all partial datasets are at (x=20, y=-20) resolution
2025-08-30 12:45:35,285 - INFO - timeseries_processing.py:171 -     Clip to the intersection of indexes
2025-08-30 12:45:35,288 - INFO - timeseries_processing.py:180 -     Make a list of bands to merge
2025-08-30 12:45:35,289 - INFO - timeseries_processing.py:184 -     Merge on intersection
2025-08-30 12:45:35,290 - INFO - timeseries_processing.py:192 -     Apply masks on clouds, shadows, thin cirrus, and snow/ice
2025-08-30 12:45:35,291 - INFO - sentinel2.py:122 -                Masking bits: [3, 7, 8, 9, 10, 11]
2025-08-30 12:45:36,405 - INFO - composites.py:307 - Reproject from UTM Zone to Tile geometry -> CRS(EPSG:32635), Resampling.bilinear
2025-08-30 12:45:48,313 - INFO - composites.py:310 -     New shape of datasets: Shape2d(x=2400, y=2400)
2025-08-30 12:45:48,713 - INFO - composites.py:315 -                           
2025-08-30 12:45:48,713 - INFO - composites.py:316 - Mosaic datasets to a single dataset
2025-08-30 12:45:54,856 - INFO - composites.py:329 - Scale SR to Sen2Cor Baseline 4.00 - Subtract 1000 in dates post 2022-01-25
2025-08-30 12:45:56,074 - INFO - composites.py:342 - Creating preview plot of input scenes
2025-08-30 12:46:34,405 - INFO - timeseries_processing.py:349 - Saved preview for 'B04' to //nas-rs.topo.auth.gr/Latomeia/DROUGHT/composites/x12/y12/2022/10/01/S2L2A_medcomp_x12y12_202210_InDataPreview.jpeg
2025-08-30 12:46:34,425 - INFO - composites.py:348 - Clip value range
2025-08-30 12:46:35,980 - INFO - composites.py:353 -                           
2025-08-30 12:46:35,988 - INFO - composites.py:354 - Computing spectral indices:
2025-08-30 12:46:35,988 - INFO - composites.py:357 -     EVI...
2025-08-30 12:46:36,885 - INFO - composites.py:359 -     NDVI...
2025-08-30 12:46:37,167 - INFO - composites.py:361 -     PSRI2...
2025-08-30 12:46:37,373 - INFO - composites.py:364 - Clip to typical value range
2025-08-30 12:46:37,640 - INFO - composites.py:371 - Reducing to median value temporal composite
2025-08-30 12:47:07,266 - INFO - composites.py:390 - Scale and Define data types & nodata per band
2025-08-30 12:47:07,416 - INFO - composites.py:411 - Assign time range and tile ID in metadata
2025-08-30 12:47:07,416 - INFO - composites.py:419 - Write bands to raster COG files
2025-08-30 12:47:11,417 - INFO - composites.py:432 - Write B02 -> //nas-rs.topo.auth.gr/Latomeia/DROUGHT/composites/x12/y12/2022/10/01/S2L2A_medcomp_x12y12_202210_B02.tif
2025-08-30 12:47:15,433 - INFO - composites.py:432 - Write B03 -> //nas-rs.topo.auth.gr/Latomeia/DROUGHT/composites/x12/y12/2022/10/01/S2L2A_medcomp_x12y12_202210_B03.tif
2025-08-30 12:47:19,485 - INFO - composites.py:432 - Write B04 -> //nas-rs.topo.auth.gr/Latomeia/DROUGHT/composites/x12/y12/2022/10/01/S2L2A_medcomp_x12y12_202210_B04.tif
2025-08-30 12:47:23,883 - INFO - composites.py:432 - Write B05 -> //nas-rs.topo.auth.gr/Latomeia/DROUGHT/composites/x12/y12/2022/10/01/S2L2A_medcomp_x12y12_202210_B05.tif
2025-08-30 12:47:28,364 - INFO - composites.py:432 - Write B07 -> //nas-rs.topo.auth.gr/Latomeia/DROUGHT/composites/x12/y12/2022/10/01/S2L2A_medcomp_x12y12_202210_B07.tif
2025-08-30 12:47:32,457 - INFO - composites.py:432 - Write B8A -> //nas-rs.topo.auth.gr/Latomeia/DROUGHT/composites/x12/y12/2022/10/01/S2L2A_medcomp_x12y12_202210_B8A.tif
2025-08-30 12:47:37,000 - INFO - composites.py:432 - Write EVI -> //nas-rs.topo.auth.gr/Latomeia/DROUGHT/composites/x12/y12/2022/10/01/S2L2A_medcomp_x12y12_202210_EVI.tif
2025-08-30 12:47:41,314 - INFO - composites.py:432 - Write NDVI -> //nas-rs.topo.auth.gr/Latomeia/DROUGHT/composites/x12/y12/2022/10/01/S2L2A_medcomp_x12y12_202210_NDVI.tif
2025-08-30 12:47:45,480 - INFO - composites.py:432 - Write PSRI2 -> //nas-rs.topo.auth.gr/Latomeia/DROUGHT/composites/x12/y12/2022/10/01/S2L2A_medcomp_x12y12_202210_PSRI2.tif
2025-08-30 12:47:45,480 - INFO - composites.py:436 - Prepare metadata YAML document
2025-08-30 12:47:46,051 - INFO - composites.py:458 - Write metadata YAML document to disk
2025-08-30 12:47:46,079 - INFO - composites.py:463 - Create datacube.model.Dataset from eo3 metadata
2025-08-30 12:47:46,089 - INFO - composites.py:476 - Index to datacube
2025-08-30 12:47:46,089 - INFO - _datasets.py:191 - Indexing a275cd32-b6ef-4642-953e-47e88fc838db
2025-08-30 12:47:46,100 - INFO - composites.py:479 - 
2025-08-30 12:47:46,100 - INFO - composites.py:480 -              ✔✔✔ COMPLETED: Tile x12_y12 | Time: 2022-10 | In 21.97 minutes
2025-08-30 12:47:46,100 - INFO - composites.py:481 - 
2025-08-30 12:47:46,100 - INFO - composites.py:489 - Closing Dask client
2025-08-30 12:47:46,101 - INFO - composites.py:493 - Closing Dask cluster
2025-08-30 12:47:46,101 - INFO - composites.py:494 - #######################################################################
