2025-09-05 16:34:32,356 - INFO - composites.py:102 - #######################################################################
2025-09-05 16:34:32,356 - INFO - composites.py:104 - Processing started
2025-09-05 16:34:32,356 - INFO - composites.py:105 -         Tile: x09_y09
2025-09-05 16:34:32,356 - INFO - composites.py:106 -         Time: 2025-07
2025-09-05 16:34:32,356 - INFO - composites.py:109 -                           
2025-09-05 16:34:32,356 - INFO - composites.py:110 - Establishing connection to datacube
2025-09-05 16:34:32,894 - INFO - composites.py:113 -                           
2025-09-05 16:34:32,894 - INFO - composites.py:114 - Sanity test: Check if dataset already exists in the datacube
2025-09-05 16:34:32,915 - INFO - composites.py:133 - The composite requested was not found and it will be computed
2025-09-05 16:34:32,915 - INFO - composites.py:136 -                                  
2025-09-05 16:34:32,915 - INFO - composites.py:137 - Initializing Dask cluster for parallelization
2025-09-05 16:34:37,994 - INFO - composites.py:161 - Dask dashboard is available at: http://127.0.0.1:8787/status
2025-09-05 16:34:37,994 - INFO - composites.py:164 - Create directories and naming conversions
2025-09-05 16:34:38,004 - INFO - composites.py:177 - Dataset location: //nas-rs.topo.auth.gr/Latomeia/DROUGHT/composites/x09/y09/2025/07/01
2025-09-05 16:34:38,004 - INFO - composites.py:180 -                           
2025-09-05 16:34:38,004 - INFO - composites.py:181 - Retrieve tile geometry
2025-09-05 16:34:38,040 - INFO - composites.py:192 - Create the Bounding Box (φ,λ)
2025-09-05 16:34:38,040 - INFO - composites.py:198 - Create the Bounding Box (x,y)
2025-09-05 16:34:38,040 - INFO - composites.py:211 -                           
2025-09-05 16:34:38,040 - INFO - composites.py:212 - Connect to Planetary Computer STAC Catalog
2025-09-05 16:34:38,341 - INFO - composites.py:220 - Search the STAC Catalog
2025-09-05 16:34:38,410 - INFO - composites.py:232 -         Query parameters:
2025-09-05 16:34:38,410 - INFO - composites.py:233 -             url:          https://planetarycomputer.microsoft.com/api/stac/v1/search
2025-09-05 16:34:38,410 - INFO - composites.py:234 -             client:       microsoft-pc
2025-09-05 16:34:38,410 - INFO - composites.py:235 -             collection:   sentinel-2-l2a
2025-09-05 16:34:38,410 - INFO - composites.py:236 -             bbox:         (21.85970105220835, 37.36314648137922, 22.52163347994685, 37.9118519319046)
2025-09-05 16:34:38,410 - INFO - composites.py:237 -             time range:   2025-07-01T00:00:00Z/2025-07-31T23:59:59Z
2025-09-05 16:34:38,410 - INFO - composites.py:238 -             cloud cover:  0% - 70%
2025-09-05 16:34:38,410 - INFO - composites.py:239 -             nodata cover: 0% - 33%
2025-09-05 16:34:38,410 - INFO - composites.py:241 -                           
2025-09-05 16:34:38,410 - INFO - composites.py:242 - Searching...
2025-09-05 16:34:38,956 - INFO - composites.py:245 - Query found 46 items
2025-09-05 16:34:38,956 - INFO - composites.py:247 - Searching for GRI REFINED scenes:
2025-09-05 16:34:45,069 - INFO - sentinel2.py:78 - 1/46 - S2B_MSIL2A_20250731T092029_R093_T34SFH_20250731T115523 -> REFINED
2025-09-05 16:34:49,970 - INFO - sentinel2.py:78 - 2/46 - S2B_MSIL2A_20250731T092029_R093_T34SFG_20250731T115523 -> REFINED
2025-09-05 16:34:55,536 - INFO - sentinel2.py:78 - 3/46 - S2B_MSIL2A_20250731T092029_R093_T34SEH_20250731T115523 -> REFINED
2025-09-05 16:35:01,651 - INFO - sentinel2.py:78 - 4/46 - S2B_MSIL2A_20250731T092029_R093_T34SEG_20250731T115523 -> REFINED
2025-09-05 16:35:07,091 - INFO - sentinel2.py:78 - 5/46 - S2A_MSIL2A_20250728T092231_R093_T34SFH_20250728T111018 -> REFINED
2025-09-05 16:35:13,137 - INFO - sentinel2.py:78 - 6/46 - S2A_MSIL2A_20250728T092231_R093_T34SFG_20250728T111018 -> REFINED
2025-09-05 16:35:19,549 - INFO - sentinel2.py:78 - 7/46 - S2A_MSIL2A_20250728T092231_R093_T34SEH_20250728T111018 -> REFINED
2025-09-05 16:35:25,550 - INFO - sentinel2.py:78 - 8/46 - S2A_MSIL2A_20250728T092231_R093_T34SEG_20250728T111018 -> REFINED
2025-09-05 16:35:31,798 - INFO - sentinel2.py:78 - 9/46 - S2B_MSIL2A_20250728T090559_R050_T34SFG_20250728T101128 -> REFINED
2025-09-05 16:35:37,121 - INFO - sentinel2.py:78 - 10/46 - S2C_MSIL2A_20250726T092051_R093_T34SFH_20250726T125415 -> REFINED
2025-09-05 16:35:42,877 - INFO - sentinel2.py:78 - 11/46 - S2C_MSIL2A_20250726T092051_R093_T34SFG_20250726T125415 -> REFINED
2025-09-05 16:35:48,538 - INFO - sentinel2.py:78 - 12/46 - S2C_MSIL2A_20250726T092051_R093_T34SEH_20250726T125415 -> REFINED
2025-09-05 16:35:54,398 - INFO - sentinel2.py:78 - 13/46 - S2C_MSIL2A_20250726T092051_R093_T34SEG_20250726T125415 -> REFINED
2025-09-05 16:35:59,930 - INFO - sentinel2.py:78 - 14/46 - S2A_MSIL2A_20250725T091041_R050_T34SFG_20250725T131619 -> REFINED
2025-09-05 16:36:05,522 - INFO - sentinel2.py:78 - 15/46 - S2B_MSIL2A_20250721T092029_R093_T34SFH_20250721T120259 -> REFINED
2025-09-05 16:36:10,589 - INFO - sentinel2.py:78 - 16/46 - S2B_MSIL2A_20250721T092029_R093_T34SFG_20250721T120259 -> REFINED
2025-09-05 16:36:16,677 - INFO - sentinel2.py:78 - 17/46 - S2B_MSIL2A_20250721T092029_R093_T34SEH_20250721T120259 -> REFINED
2025-09-05 16:36:22,274 - INFO - sentinel2.py:78 - 18/46 - S2B_MSIL2A_20250721T092029_R093_T34SEG_20250721T120259 -> REFINED
2025-09-05 16:36:28,040 - INFO - sentinel2.py:78 - 19/46 - S2A_MSIL2A_20250718T092051_R093_T34SFH_20250718T125020 -> REFINED
2025-09-05 16:36:32,972 - INFO - sentinel2.py:78 - 20/46 - S2A_MSIL2A_20250718T092051_R093_T34SFG_20250718T125020 -> REFINED
2025-09-05 16:36:39,699 - INFO - sentinel2.py:78 - 21/46 - S2A_MSIL2A_20250718T092051_R093_T34SEH_20250718T125020 -> REFINED
2025-09-05 16:36:46,798 - INFO - sentinel2.py:78 - 22/46 - S2A_MSIL2A_20250718T092051_R093_T34SEG_20250718T125020 -> REFINED
2025-09-05 16:36:52,882 - INFO - sentinel2.py:78 - 23/46 - S2B_MSIL2A_20250718T090559_R050_T34SFG_20250718T120206 -> REFINED
2025-09-05 16:36:58,984 - INFO - sentinel2.py:78 - 24/46 - S2C_MSIL2A_20250716T092051_R093_T34SFH_20250716T143214 -> REFINED
2025-09-05 16:37:03,824 - INFO - sentinel2.py:78 - 25/46 - S2C_MSIL2A_20250716T092051_R093_T34SFG_20250716T143214 -> REFINED
2025-09-05 16:37:09,254 - INFO - sentinel2.py:78 - 26/46 - S2C_MSIL2A_20250716T092051_R093_T34SEH_20250716T143214 -> REFINED
2025-09-05 16:37:15,370 - INFO - sentinel2.py:78 - 27/46 - S2C_MSIL2A_20250716T092051_R093_T34SEG_20250716T143214 -> REFINED
2025-09-05 16:37:20,437 - INFO - sentinel2.py:78 - 28/46 - S2A_MSIL2A_20250715T091331_R050_T34SFG_20250715T105310 -> REFINED
2025-09-05 16:37:25,468 - INFO - sentinel2.py:78 - 29/46 - S2C_MSIL2A_20250713T090621_R050_T34SFG_20250713T130516 -> REFINED
2025-09-05 16:37:30,603 - INFO - sentinel2.py:78 - 30/46 - S2B_MSIL2A_20250711T092029_R093_T34SFH_20250711T114113 -> REFINED
2025-09-05 16:37:35,720 - INFO - sentinel2.py:78 - 31/46 - S2B_MSIL2A_20250711T092029_R093_T34SFG_20250711T114113 -> REFINED
2025-09-05 16:37:41,892 - INFO - sentinel2.py:78 - 32/46 - S2B_MSIL2A_20250711T092029_R093_T34SEH_20250711T114113 -> REFINED
2025-09-05 16:37:47,907 - INFO - sentinel2.py:78 - 33/46 - S2B_MSIL2A_20250711T092029_R093_T34SEG_20250711T114113 -> REFINED
2025-09-05 16:37:53,574 - INFO - sentinel2.py:78 - 34/46 - S2A_MSIL2A_20250708T092231_R093_T34SFG_20250708T124914 -> REFINED
2025-09-05 16:37:59,656 - INFO - sentinel2.py:78 - 35/46 - S2A_MSIL2A_20250708T092231_R093_T34SEG_20250708T124914 -> REFINED
2025-09-05 16:38:06,131 - INFO - sentinel2.py:78 - 36/46 - S2B_MSIL2A_20250708T090559_R050_T34SFG_20250708T113616 -> REFINED
2025-09-05 16:38:11,851 - INFO - sentinel2.py:78 - 37/46 - S2C_MSIL2A_20250706T092051_R093_T34SFH_20250706T131358 -> REFINED
2025-09-05 16:38:17,325 - INFO - sentinel2.py:78 - 38/46 - S2C_MSIL2A_20250706T092051_R093_T34SFG_20250706T131358 -> REFINED
2025-09-05 16:38:23,290 - INFO - sentinel2.py:78 - 39/46 - S2C_MSIL2A_20250706T092051_R093_T34SEH_20250706T131358 -> REFINED
2025-09-05 16:38:29,029 - INFO - sentinel2.py:78 - 40/46 - S2C_MSIL2A_20250706T092051_R093_T34SEG_20250706T131358 -> REFINED
2025-09-05 16:38:34,560 - INFO - sentinel2.py:78 - 41/46 - S2A_MSIL2A_20250705T091041_R050_T34SFG_20250705T111415 -> REFINED
2025-09-05 16:38:40,681 - INFO - sentinel2.py:78 - 42/46 - S2C_MSIL2A_20250703T090621_R050_T34SFG_20250703T145718 -> REFINED
2025-09-05 16:38:46,844 - INFO - sentinel2.py:78 - 43/46 - S2B_MSIL2A_20250701T092029_R093_T34SFH_20250701T115535 -> REFINED
2025-09-05 16:38:52,280 - INFO - sentinel2.py:78 - 44/46 - S2B_MSIL2A_20250701T092029_R093_T34SFG_20250701T115535 -> REFINED
2025-09-05 16:38:57,726 - INFO - sentinel2.py:78 - 45/46 - S2B_MSIL2A_20250701T092029_R093_T34SEH_20250701T115535 -> REFINED
2025-09-05 16:39:03,691 - INFO - sentinel2.py:78 - 46/46 - S2B_MSIL2A_20250701T092029_R093_T34SEG_20250701T115535 -> REFINED
2025-09-05 16:39:03,729 - INFO - composites.py:250 -                                  
2025-09-05 16:39:03,729 - INFO - composites.py:251 - 46/46 were refined by GRI.
2025-09-05 16:39:03,729 - INFO - composites.py:263 - Looking for up to 6 cleanest images within spatiotemporal range of each MGRS tile
2025-09-05 16:39:03,731 - INFO - composites.py:277 - Filtered cleanest scenes: Kept 24 out of 46 items. 
2025-09-05 16:39:03,731 - INFO - composites.py:278 -         Included MGRS Tiles: ['34SEG' '34SEH' '34SFG' '34SFH']
2025-09-05 16:39:03,731 - INFO - composites.py:279 -         Included EPSG codes: [32634]
2025-09-05 16:39:03,731 - INFO - composites.py:281 - Selected scenes:
2025-09-05 16:39:03,731 - INFO - composites.py:283 -         S2A_MSIL2A_20250708T092231_R093_T34SEG_20250708T124914
2025-09-05 16:39:03,731 - INFO - composites.py:283 -         S2C_MSIL2A_20250726T092051_R093_T34SEG_20250726T125415
2025-09-05 16:39:03,731 - INFO - composites.py:283 -         S2C_MSIL2A_20250706T092051_R093_T34SEG_20250706T131358
2025-09-05 16:39:03,732 - INFO - composites.py:283 -         S2A_MSIL2A_20250728T092231_R093_T34SEG_20250728T111018
2025-09-05 16:39:03,732 - INFO - composites.py:283 -         S2B_MSIL2A_20250721T092029_R093_T34SEG_20250721T120259
2025-09-05 16:39:03,732 - INFO - composites.py:283 -         S2A_MSIL2A_20250718T092051_R093_T34SEG_20250718T125020
2025-09-05 16:39:03,733 - INFO - composites.py:283 -         S2C_MSIL2A_20250706T092051_R093_T34SEH_20250706T131358
2025-09-05 16:39:03,733 - INFO - composites.py:283 -         S2C_MSIL2A_20250726T092051_R093_T34SEH_20250726T125415
2025-09-05 16:39:03,733 - INFO - composites.py:283 -         S2B_MSIL2A_20250721T092029_R093_T34SEH_20250721T120259
2025-09-05 16:39:03,733 - INFO - composites.py:283 -         S2A_MSIL2A_20250728T092231_R093_T34SEH_20250728T111018
2025-09-05 16:39:03,733 - INFO - composites.py:283 -         S2C_MSIL2A_20250716T092051_R093_T34SEH_20250716T143214
2025-09-05 16:39:03,733 - INFO - composites.py:283 -         S2A_MSIL2A_20250718T092051_R093_T34SEH_20250718T125020
2025-09-05 16:39:03,733 - INFO - composites.py:283 -         S2A_MSIL2A_20250725T091041_R050_T34SFG_20250725T131619
2025-09-05 16:39:03,733 - INFO - composites.py:283 -         S2C_MSIL2A_20250713T090621_R050_T34SFG_20250713T130516
2025-09-05 16:39:03,733 - INFO - composites.py:283 -         S2B_MSIL2A_20250708T090559_R050_T34SFG_20250708T113616
2025-09-05 16:39:03,733 - INFO - composites.py:283 -         S2A_MSIL2A_20250715T091331_R050_T34SFG_20250715T105310
2025-09-05 16:39:03,733 - INFO - composites.py:283 -         S2A_MSIL2A_20250705T091041_R050_T34SFG_20250705T111415
2025-09-05 16:39:03,733 - INFO - composites.py:283 -         S2B_MSIL2A_20250718T090559_R050_T34SFG_20250718T120206
2025-09-05 16:39:03,733 - INFO - composites.py:283 -         S2C_MSIL2A_20250726T092051_R093_T34SFH_20250726T125415
2025-09-05 16:39:03,733 - INFO - composites.py:283 -         S2A_MSIL2A_20250728T092231_R093_T34SFH_20250728T111018
2025-09-05 16:39:03,733 - INFO - composites.py:283 -         S2B_MSIL2A_20250721T092029_R093_T34SFH_20250721T120259
2025-09-05 16:39:03,733 - INFO - composites.py:283 -         S2C_MSIL2A_20250716T092051_R093_T34SFH_20250716T143214
2025-09-05 16:39:03,733 - INFO - composites.py:283 -         S2A_MSIL2A_20250718T092051_R093_T34SFH_20250718T125020
2025-09-05 16:39:03,733 - INFO - composites.py:283 -         S2C_MSIL2A_20250706T092051_R093_T34SFH_20250706T131358
2025-09-05 16:39:04,212 - INFO - sentinel2.py:154 - Matplotlib backend: Agg
2025-09-05 16:39:04,464 - INFO - sentinel2.py:224 - Write input scenes footprint overlay: //nas-rs.topo.auth.gr/Latomeia/DROUGHT/composites/x09/y09/2025/07/01/S2L2A_medcomp_x09y09_202507_InDataFootprint.jpeg
2025-09-05 16:39:04,711 - INFO - composites.py:297 -                                  
2025-09-05 16:39:04,711 - INFO - composites.py:298 - Downstream STAC items from Planetary Computer
2025-09-05 16:39:04,711 - INFO - timeseries_processing.py:115 -                                  
2025-09-05 16:39:04,711 - INFO - timeseries_processing.py:116 - Loading bands of diferent resolutions in EPSG:32634
2025-09-05 16:39:04,711 - INFO - timeseries_processing.py:120 -     Filtering items with native UTM EPSG:32634
2025-09-05 16:39:04,711 - INFO - timeseries_processing.py:122 -     24 Items in EPSG:32634
2025-09-05 16:39:04,711 - INFO - timeseries_processing.py:129 -                        
2025-09-05 16:39:04,711 - INFO - timeseries_processing.py:130 -     Loading parameters:
2025-09-05 16:39:04,711 - INFO - timeseries_processing.py:131 -         Bands: ['B05', 'B07', 'B8A', 'SCL']
2025-09-05 16:39:04,711 - INFO - timeseries_processing.py:132 -         Spatial resolution: 20
2025-09-05 16:39:04,711 - INFO - timeseries_processing.py:134 -         Get Assets from STAC Items
2025-09-05 16:39:04,711 - INFO - timeseries_processing.py:47 -         Initialize the STAC client
2025-09-05 16:39:05,281 - INFO - timeseries_processing.py:137 -         Loading 24 STAC Items....
2025-09-05 16:40:36,914 - INFO - timeseries_processing.py:146 -         Cube has been downloaded
2025-09-05 16:40:36,915 - INFO - timeseries_processing.py:156 -         Fix order of dimensions
2025-09-05 16:40:36,916 - INFO - timeseries_processing.py:161 -         Append bands to the band-list of EPSG:32634
2025-09-05 16:40:36,916 - INFO - timeseries_processing.py:129 -                        
2025-09-05 16:40:36,916 - INFO - timeseries_processing.py:130 -     Loading parameters:
2025-09-05 16:40:36,916 - INFO - timeseries_processing.py:131 -         Bands: ['B02', 'B03', 'B04']
2025-09-05 16:40:36,917 - INFO - timeseries_processing.py:132 -         Spatial resolution: 10
2025-09-05 16:40:36,927 - INFO - timeseries_processing.py:134 -         Get Assets from STAC Items
2025-09-05 16:40:36,927 - INFO - timeseries_processing.py:47 -         Initialize the STAC client
2025-09-05 16:40:37,501 - INFO - timeseries_processing.py:137 -         Loading 24 STAC Items....
2025-09-05 16:44:07,495 - INFO - timeseries_processing.py:146 -         Cube has been downloaded
2025-09-05 16:44:07,496 - INFO - timeseries_processing.py:149 -         Reproject to downsample 10m bands to 20m by Resampling.average 2x2 binning and shape matching with odc.geo.GeoBox
2025-09-05 16:44:23,401 - INFO - timeseries_processing.py:161 -         Append bands to the band-list of EPSG:32634
2025-09-05 16:44:23,401 - INFO - timeseries_processing.py:165 -                        
2025-09-05 16:44:23,401 - INFO - timeseries_processing.py:166 -     Merging bands in a single dataset
2025-09-05 16:44:23,401 - INFO - timeseries_processing.py:167 -     Ensure all partial datasets are at (x=20, y=-20) resolution
2025-09-05 16:44:23,402 - INFO - timeseries_processing.py:171 -     Clip to the intersection of indexes
2025-09-05 16:44:24,381 - INFO - timeseries_processing.py:180 -     Make a list of bands to merge
2025-09-05 16:44:24,398 - INFO - timeseries_processing.py:184 -     Merge on intersection
2025-09-05 16:44:24,400 - INFO - timeseries_processing.py:192 -     Apply masks on clouds, shadows, thin cirrus, and snow/ice
2025-09-05 16:44:24,401 - INFO - sentinel2.py:122 -                Masking bits: [3, 7, 8, 9, 10, 11]
2025-09-05 16:44:26,035 - INFO - composites.py:307 - Reproject from UTM Zone to Tile geometry -> CRS(EPSG:32634), Resampling.bilinear
2025-09-05 16:44:34,681 - INFO - composites.py:310 -     New shape of datasets: Shape2d(x=2400, y=2400)
2025-09-05 16:44:35,808 - INFO - composites.py:329 - Scale SR to Sen2Cor Baseline 4.00 - Subtract 1000 in dates post 2022-01-25
2025-09-05 16:44:37,734 - INFO - composites.py:342 - Creating preview plot of input scenes
2025-09-05 16:45:17,428 - INFO - timeseries_processing.py:349 - Saved preview for 'B04' to //nas-rs.topo.auth.gr/Latomeia/DROUGHT/composites/x09/y09/2025/07/01/S2L2A_medcomp_x09y09_202507_InDataPreview.jpeg
2025-09-05 16:45:17,436 - INFO - composites.py:348 - Clip value range
2025-09-05 16:45:19,938 - INFO - composites.py:353 -                           
2025-09-05 16:45:19,938 - INFO - composites.py:354 - Computing spectral indices:
2025-09-05 16:45:19,938 - INFO - composites.py:357 -     EVI...
2025-09-05 16:45:21,565 - INFO - composites.py:359 -     NDVI...
2025-09-05 16:45:22,059 - INFO - composites.py:361 -     PSRI2...
2025-09-05 16:45:22,552 - INFO - composites.py:364 - Clip to typical value range
2025-09-05 16:45:22,993 - INFO - composites.py:371 - Reducing to median value temporal composite
2025-09-05 16:45:44,862 - INFO - composites.py:390 - Scale and Define data types & nodata per band
2025-09-05 16:45:44,990 - INFO - composites.py:411 - Assign time range and tile ID in metadata
2025-09-05 16:45:44,990 - INFO - composites.py:419 - Write bands to raster COG files
2025-09-05 16:45:49,204 - INFO - composites.py:432 - Write B02 -> //nas-rs.topo.auth.gr/Latomeia/DROUGHT/composites/x09/y09/2025/07/01/S2L2A_medcomp_x09y09_202507_B02.tif
2025-09-05 16:45:53,286 - INFO - composites.py:432 - Write B03 -> //nas-rs.topo.auth.gr/Latomeia/DROUGHT/composites/x09/y09/2025/07/01/S2L2A_medcomp_x09y09_202507_B03.tif
2025-09-05 16:45:57,033 - INFO - composites.py:432 - Write B04 -> //nas-rs.topo.auth.gr/Latomeia/DROUGHT/composites/x09/y09/2025/07/01/S2L2A_medcomp_x09y09_202507_B04.tif
2025-09-05 16:46:00,854 - INFO - composites.py:432 - Write B05 -> //nas-rs.topo.auth.gr/Latomeia/DROUGHT/composites/x09/y09/2025/07/01/S2L2A_medcomp_x09y09_202507_B05.tif
2025-09-05 16:46:04,556 - INFO - composites.py:432 - Write B07 -> //nas-rs.topo.auth.gr/Latomeia/DROUGHT/composites/x09/y09/2025/07/01/S2L2A_medcomp_x09y09_202507_B07.tif
2025-09-05 16:46:08,279 - INFO - composites.py:432 - Write B8A -> //nas-rs.topo.auth.gr/Latomeia/DROUGHT/composites/x09/y09/2025/07/01/S2L2A_medcomp_x09y09_202507_B8A.tif
2025-09-05 16:46:12,239 - INFO - composites.py:432 - Write EVI -> //nas-rs.topo.auth.gr/Latomeia/DROUGHT/composites/x09/y09/2025/07/01/S2L2A_medcomp_x09y09_202507_EVI.tif
2025-09-05 16:46:16,218 - INFO - composites.py:432 - Write NDVI -> //nas-rs.topo.auth.gr/Latomeia/DROUGHT/composites/x09/y09/2025/07/01/S2L2A_medcomp_x09y09_202507_NDVI.tif
2025-09-05 16:46:19,849 - INFO - composites.py:432 - Write PSRI2 -> //nas-rs.topo.auth.gr/Latomeia/DROUGHT/composites/x09/y09/2025/07/01/S2L2A_medcomp_x09y09_202507_PSRI2.tif
2025-09-05 16:46:19,850 - INFO - composites.py:436 - Prepare metadata YAML document
2025-09-05 16:46:20,410 - INFO - composites.py:458 - Write metadata YAML document to disk
2025-09-05 16:46:20,462 - INFO - composites.py:463 - Create datacube.model.Dataset from eo3 metadata
2025-09-05 16:46:20,473 - INFO - composites.py:476 - Index to datacube
2025-09-05 16:46:20,473 - INFO - _datasets.py:191 - Indexing 384c10d3-0dd2-4adc-a0f8-00d1e96875cc
2025-09-05 16:46:20,481 - INFO - composites.py:479 - 
2025-09-05 16:46:20,481 - INFO - composites.py:480 -              ✔✔✔ COMPLETED: Tile x09_y09 | Time: 2025-07 | In 11.8 minutes
2025-09-05 16:46:20,481 - INFO - composites.py:481 - 
2025-09-05 16:46:20,481 - INFO - composites.py:489 - Closing Dask client
2025-09-05 16:46:20,507 - INFO - composites.py:493 - Closing Dask cluster
2025-09-05 16:46:20,507 - INFO - composites.py:494 - #######################################################################
