2025-09-02 06:45:45,052 - INFO - composites.py:102 - #######################################################################
2025-09-02 06:45:45,052 - INFO - composites.py:104 - Processing started
2025-09-02 06:45:45,052 - INFO - composites.py:105 -         Tile: x12_y11
2025-09-02 06:45:45,052 - INFO - composites.py:106 -         Time: 2024-07
2025-09-02 06:45:45,052 - INFO - composites.py:109 -                           
2025-09-02 06:45:45,052 - INFO - composites.py:110 - Establishing connection to datacube
2025-09-02 06:45:45,559 - INFO - composites.py:113 -                           
2025-09-02 06:45:45,559 - INFO - composites.py:114 - Sanity test: Check if dataset already exists in the datacube
2025-09-02 06:45:45,578 - INFO - composites.py:133 - The composite requested was not found and it will be computed
2025-09-02 06:45:45,578 - INFO - composites.py:136 -                                  
2025-09-02 06:45:45,578 - INFO - composites.py:137 - Initializing Dask cluster for parallelization
2025-09-02 06:45:50,732 - INFO - composites.py:161 - Dask dashboard is available at: http://127.0.0.1:8787/status
2025-09-02 06:45:50,733 - INFO - composites.py:164 - Create directories and naming conversions
2025-09-02 06:45:50,746 - INFO - composites.py:177 - Dataset location: //nas-rs.topo.auth.gr/Latomeia/DROUGHT/composites/x12/y11/2024/07/01
2025-09-02 06:45:50,746 - INFO - composites.py:180 -                           
2025-09-02 06:45:50,746 - INFO - composites.py:181 - Retrieve tile geometry
2025-09-02 06:45:50,774 - INFO - composites.py:192 - Create the Bounding Box (φ,λ)
2025-09-02 06:45:50,774 - INFO - composites.py:198 - Create the Bounding Box (x,y)
2025-09-02 06:45:50,775 - INFO - composites.py:211 -                           
2025-09-02 06:45:50,775 - INFO - composites.py:212 - Connect to Planetary Computer STAC Catalog
2025-09-02 06:45:51,043 - INFO - composites.py:220 - Search the STAC Catalog
2025-09-02 06:45:51,123 - INFO - composites.py:232 -         Query parameters:
2025-09-02 06:45:51,123 - INFO - composites.py:233 -             url:          https://planetarycomputer.microsoft.com/api/stac/v1/search
2025-09-02 06:45:51,123 - INFO - composites.py:234 -             client:       microsoft-pc
2025-09-02 06:45:51,123 - INFO - composites.py:235 -             collection:   sentinel-2-l2a
2025-09-02 06:45:51,123 - INFO - composites.py:236 -             bbox:         (23.62848359322628, 37.99360926828161, 24.306499279548976, 38.55013763603257)
2025-09-02 06:45:51,123 - INFO - composites.py:237 -             time range:   2024-07-01T00:00:00Z/2024-07-31T23:59:59Z
2025-09-02 06:45:51,123 - INFO - composites.py:238 -             cloud cover:  0% - 70%
2025-09-02 06:45:51,123 - INFO - composites.py:239 -             nodata cover: 0% - 33%
2025-09-02 06:45:51,123 - INFO - composites.py:241 -                           
2025-09-02 06:45:51,123 - INFO - composites.py:242 - Searching...
2025-09-02 06:45:51,525 - INFO - composites.py:245 - Query found 12 items
2025-09-02 06:45:51,525 - INFO - composites.py:247 - Searching for GRI REFINED scenes:
2025-09-02 06:45:57,403 - INFO - sentinel2.py:78 - 1/12 - S2A_MSIL2A_20240728T090601_R050_T35SKC_20240728T152859 -> REFINED
2025-09-02 06:46:02,519 - INFO - sentinel2.py:78 - 2/12 - S2A_MSIL2A_20240728T090601_R050_T34SGH_20240728T152859 -> REFINED
2025-09-02 06:46:08,075 - INFO - sentinel2.py:78 - 3/12 - S2B_MSIL2A_20240723T090559_R050_T35SKC_20240723T120201 -> REFINED
2025-09-02 06:46:13,294 - INFO - sentinel2.py:78 - 4/12 - S2B_MSIL2A_20240723T090559_R050_T34SGH_20240723T120201 -> REFINED
2025-09-02 06:46:19,679 - INFO - sentinel2.py:78 - 5/12 - S2A_MSIL2A_20240718T090551_R050_T35SKC_20240718T134722 -> REFINED
2025-09-02 06:46:25,752 - INFO - sentinel2.py:78 - 6/12 - S2A_MSIL2A_20240718T090551_R050_T34SGH_20240718T135254 -> REFINED
2025-09-02 06:46:31,916 - INFO - sentinel2.py:78 - 7/12 - S2B_MSIL2A_20240713T090559_R050_T35SKC_20240713T124025 -> REFINED
2025-09-02 06:46:37,599 - INFO - sentinel2.py:78 - 8/12 - S2B_MSIL2A_20240713T090559_R050_T34SGH_20240713T124351 -> REFINED
2025-09-02 06:46:43,467 - INFO - sentinel2.py:78 - 9/12 - S2A_MSIL2A_20240708T090601_R050_T35SKC_20240708T132451 -> REFINED
2025-09-02 06:46:48,705 - INFO - sentinel2.py:78 - 10/12 - S2A_MSIL2A_20240708T090601_R050_T34SGH_20240708T132042 -> REFINED
2025-09-02 06:46:53,789 - INFO - sentinel2.py:78 - 11/12 - S2B_MSIL2A_20240703T090559_R050_T35SKC_20240703T131021 -> REFINED
2025-09-02 06:47:00,134 - INFO - sentinel2.py:78 - 12/12 - S2B_MSIL2A_20240703T090559_R050_T34SGH_20240703T132628 -> REFINED
2025-09-02 06:47:00,194 - INFO - composites.py:250 -                                  
2025-09-02 06:47:00,194 - INFO - composites.py:251 - 12/12 were refined by GRI.
2025-09-02 06:47:00,194 - INFO - composites.py:263 - Looking for up to 10 cleanest images within spatiotemporal range of each MGRS tile
2025-09-02 06:47:00,195 - INFO - composites.py:277 - Filtered cleanest scenes: Kept 12 out of 12 items. 
2025-09-02 06:47:00,196 - INFO - composites.py:278 -         Included MGRS Tiles: ['34SGH' '35SKC']
2025-09-02 06:47:00,215 - INFO - composites.py:279 -         Included EPSG codes: [32634 32635]
2025-09-02 06:47:00,215 - INFO - composites.py:281 - Selected scenes:
2025-09-02 06:47:00,215 - INFO - composites.py:283 -         S2B_MSIL2A_20240713T090559_R050_T34SGH_20240713T124351
2025-09-02 06:47:00,215 - INFO - composites.py:283 -         S2A_MSIL2A_20240718T090551_R050_T34SGH_20240718T135254
2025-09-02 06:47:00,215 - INFO - composites.py:283 -         S2A_MSIL2A_20240708T090601_R050_T34SGH_20240708T132042
2025-09-02 06:47:00,217 - INFO - composites.py:283 -         S2B_MSIL2A_20240723T090559_R050_T34SGH_20240723T120201
2025-09-02 06:47:00,217 - INFO - composites.py:283 -         S2A_MSIL2A_20240728T090601_R050_T34SGH_20240728T152859
2025-09-02 06:47:00,217 - INFO - composites.py:283 -         S2B_MSIL2A_20240703T090559_R050_T34SGH_20240703T132628
2025-09-02 06:47:00,217 - INFO - composites.py:283 -         S2B_MSIL2A_20240713T090559_R050_T35SKC_20240713T124025
2025-09-02 06:47:00,217 - INFO - composites.py:283 -         S2A_MSIL2A_20240718T090551_R050_T35SKC_20240718T134722
2025-09-02 06:47:00,217 - INFO - composites.py:283 -         S2A_MSIL2A_20240708T090601_R050_T35SKC_20240708T132451
2025-09-02 06:47:00,217 - INFO - composites.py:283 -         S2B_MSIL2A_20240723T090559_R050_T35SKC_20240723T120201
2025-09-02 06:47:00,217 - INFO - composites.py:283 -         S2A_MSIL2A_20240728T090601_R050_T35SKC_20240728T152859
2025-09-02 06:47:00,217 - INFO - composites.py:283 -         S2B_MSIL2A_20240703T090559_R050_T35SKC_20240703T131021
2025-09-02 06:47:00,602 - INFO - sentinel2.py:154 - Matplotlib backend: Agg
2025-09-02 06:47:00,781 - INFO - sentinel2.py:224 - Write input scenes footprint overlay: //nas-rs.topo.auth.gr/Latomeia/DROUGHT/composites/x12/y11/2024/07/01/S2L2A_medcomp_x12y11_202407_InDataFootprint.jpeg
2025-09-02 06:47:01,008 - INFO - composites.py:297 -                                  
2025-09-02 06:47:01,008 - INFO - composites.py:298 - Downstream STAC items from Planetary Computer
2025-09-02 06:47:01,009 - INFO - timeseries_processing.py:115 -                                  
2025-09-02 06:47:01,009 - INFO - timeseries_processing.py:116 - Loading bands of diferent resolutions in EPSG:32634
2025-09-02 06:47:01,009 - INFO - timeseries_processing.py:120 -     Filtering items with native UTM EPSG:32634
2025-09-02 06:47:01,009 - INFO - timeseries_processing.py:122 -     6 Items in EPSG:32634
2025-09-02 06:47:01,009 - INFO - timeseries_processing.py:129 -                        
2025-09-02 06:47:01,009 - INFO - timeseries_processing.py:130 -     Loading parameters:
2025-09-02 06:47:01,009 - INFO - timeseries_processing.py:131 -         Bands: ['B05', 'B07', 'B8A', 'SCL']
2025-09-02 06:47:01,009 - INFO - timeseries_processing.py:132 -         Spatial resolution: 20
2025-09-02 06:47:01,009 - INFO - timeseries_processing.py:134 -         Get Assets from STAC Items
2025-09-02 06:47:01,009 - INFO - timeseries_processing.py:47 -         Initialize the STAC client
2025-09-02 06:47:01,553 - INFO - timeseries_processing.py:137 -         Loading 6 STAC Items....
2025-09-02 06:47:52,842 - INFO - timeseries_processing.py:146 -         Cube has been downloaded
2025-09-02 06:47:52,842 - INFO - timeseries_processing.py:156 -         Fix order of dimensions
2025-09-02 06:47:52,843 - INFO - timeseries_processing.py:161 -         Append bands to the band-list of EPSG:32634
2025-09-02 06:47:52,843 - INFO - timeseries_processing.py:129 -                        
2025-09-02 06:47:52,843 - INFO - timeseries_processing.py:130 -     Loading parameters:
2025-09-02 06:47:52,843 - INFO - timeseries_processing.py:131 -         Bands: ['B02', 'B03', 'B04']
2025-09-02 06:47:52,844 - INFO - timeseries_processing.py:132 -         Spatial resolution: 10
2025-09-02 06:47:52,844 - INFO - timeseries_processing.py:134 -         Get Assets from STAC Items
2025-09-02 06:47:52,844 - INFO - timeseries_processing.py:47 -         Initialize the STAC client
2025-09-02 06:47:53,310 - INFO - timeseries_processing.py:137 -         Loading 6 STAC Items....
2025-09-02 06:49:59,829 - INFO - timeseries_processing.py:146 -         Cube has been downloaded
2025-09-02 06:49:59,830 - INFO - timeseries_processing.py:149 -         Reproject to downsample 10m bands to 20m by Resampling.average 2x2 binning and shape matching with odc.geo.GeoBox
2025-09-02 06:50:09,805 - INFO - timeseries_processing.py:161 -         Append bands to the band-list of EPSG:32634
2025-09-02 06:50:09,805 - INFO - timeseries_processing.py:165 -                        
2025-09-02 06:50:09,805 - INFO - timeseries_processing.py:166 -     Merging bands in a single dataset
2025-09-02 06:50:09,805 - INFO - timeseries_processing.py:167 -     Ensure all partial datasets are at (x=20, y=-20) resolution
2025-09-02 06:50:09,806 - INFO - timeseries_processing.py:171 -     Clip to the intersection of indexes
2025-09-02 06:50:11,323 - INFO - timeseries_processing.py:180 -     Make a list of bands to merge
2025-09-02 06:50:11,323 - INFO - timeseries_processing.py:184 -     Merge on intersection
2025-09-02 06:50:11,326 - INFO - timeseries_processing.py:192 -     Apply masks on clouds, shadows, thin cirrus, and snow/ice
2025-09-02 06:50:11,326 - INFO - sentinel2.py:122 -                Masking bits: [3, 7, 8, 9, 10, 11]
2025-09-02 06:50:12,183 - INFO - timeseries_processing.py:115 -                                  
2025-09-02 06:50:12,183 - INFO - timeseries_processing.py:116 - Loading bands of diferent resolutions in EPSG:32635
2025-09-02 06:50:12,183 - INFO - timeseries_processing.py:120 -     Filtering items with native UTM EPSG:32635
2025-09-02 06:50:12,184 - INFO - timeseries_processing.py:122 -     6 Items in EPSG:32635
2025-09-02 06:50:12,184 - INFO - timeseries_processing.py:129 -                        
2025-09-02 06:50:12,184 - INFO - timeseries_processing.py:130 -     Loading parameters:
2025-09-02 06:50:12,184 - INFO - timeseries_processing.py:131 -         Bands: ['B05', 'B07', 'B8A', 'SCL']
2025-09-02 06:50:12,184 - INFO - timeseries_processing.py:132 -         Spatial resolution: 20
2025-09-02 06:50:12,184 - INFO - timeseries_processing.py:134 -         Get Assets from STAC Items
2025-09-02 06:50:12,184 - INFO - timeseries_processing.py:47 -         Initialize the STAC client
2025-09-02 06:50:12,855 - INFO - timeseries_processing.py:137 -         Loading 6 STAC Items....
2025-09-02 06:51:02,548 - INFO - timeseries_processing.py:146 -         Cube has been downloaded
2025-09-02 06:51:02,548 - INFO - timeseries_processing.py:156 -         Fix order of dimensions
2025-09-02 06:51:02,549 - INFO - timeseries_processing.py:161 -         Append bands to the band-list of EPSG:32635
2025-09-02 06:51:02,549 - INFO - timeseries_processing.py:129 -                        
2025-09-02 06:51:02,549 - INFO - timeseries_processing.py:130 -     Loading parameters:
2025-09-02 06:51:02,549 - INFO - timeseries_processing.py:131 -         Bands: ['B02', 'B03', 'B04']
2025-09-02 06:51:02,549 - INFO - timeseries_processing.py:132 -         Spatial resolution: 10
2025-09-02 06:51:02,549 - INFO - timeseries_processing.py:134 -         Get Assets from STAC Items
2025-09-02 06:51:02,552 - INFO - timeseries_processing.py:47 -         Initialize the STAC client
2025-09-02 06:51:03,026 - INFO - timeseries_processing.py:137 -         Loading 6 STAC Items....
2025-09-02 06:53:04,534 - INFO - timeseries_processing.py:146 -         Cube has been downloaded
2025-09-02 06:53:04,534 - INFO - timeseries_processing.py:149 -         Reproject to downsample 10m bands to 20m by Resampling.average 2x2 binning and shape matching with odc.geo.GeoBox
2025-09-02 06:53:14,470 - INFO - timeseries_processing.py:161 -         Append bands to the band-list of EPSG:32635
2025-09-02 06:53:14,470 - INFO - timeseries_processing.py:165 -                        
2025-09-02 06:53:14,470 - INFO - timeseries_processing.py:166 -     Merging bands in a single dataset
2025-09-02 06:53:14,470 - INFO - timeseries_processing.py:167 -     Ensure all partial datasets are at (x=20, y=-20) resolution
2025-09-02 06:53:14,471 - INFO - timeseries_processing.py:171 -     Clip to the intersection of indexes
2025-09-02 06:53:14,473 - INFO - timeseries_processing.py:180 -     Make a list of bands to merge
2025-09-02 06:53:14,475 - INFO - timeseries_processing.py:184 -     Merge on intersection
2025-09-02 06:53:14,476 - INFO - timeseries_processing.py:192 -     Apply masks on clouds, shadows, thin cirrus, and snow/ice
2025-09-02 06:53:14,476 - INFO - sentinel2.py:122 -                Masking bits: [3, 7, 8, 9, 10, 11]
2025-09-02 06:53:15,265 - INFO - composites.py:307 - Reproject from UTM Zone to Tile geometry -> CRS(EPSG:32635), Resampling.bilinear
2025-09-02 06:53:23,868 - INFO - composites.py:310 -     New shape of datasets: Shape2d(x=2400, y=2400)
2025-09-02 06:53:24,265 - INFO - composites.py:315 -                           
2025-09-02 06:53:24,265 - INFO - composites.py:316 - Mosaic datasets to a single dataset
2025-09-02 06:53:29,191 - INFO - composites.py:329 - Scale SR to Sen2Cor Baseline 4.00 - Subtract 1000 in dates post 2022-01-25
2025-09-02 06:53:30,182 - INFO - composites.py:342 - Creating preview plot of input scenes
2025-09-02 06:53:54,788 - INFO - timeseries_processing.py:349 - Saved preview for 'B04' to //nas-rs.topo.auth.gr/Latomeia/DROUGHT/composites/x12/y11/2024/07/01/S2L2A_medcomp_x12y11_202407_InDataPreview.jpeg
2025-09-02 06:53:54,792 - INFO - composites.py:348 - Clip value range
2025-09-02 06:53:56,005 - INFO - composites.py:353 -                           
2025-09-02 06:53:56,005 - INFO - composites.py:354 - Computing spectral indices:
2025-09-02 06:53:56,005 - INFO - composites.py:357 -     EVI...
2025-09-02 06:53:56,766 - INFO - composites.py:359 -     NDVI...
2025-09-02 06:53:56,988 - INFO - composites.py:361 -     PSRI2...
2025-09-02 06:53:57,153 - INFO - composites.py:364 - Clip to typical value range
2025-09-02 06:53:57,425 - INFO - composites.py:371 - Reducing to median value temporal composite
2025-09-02 06:54:24,244 - INFO - composites.py:390 - Scale and Define data types & nodata per band
2025-09-02 06:54:24,407 - INFO - composites.py:411 - Assign time range and tile ID in metadata
2025-09-02 06:54:24,407 - INFO - composites.py:419 - Write bands to raster COG files
2025-09-02 06:54:28,913 - INFO - composites.py:432 - Write B02 -> //nas-rs.topo.auth.gr/Latomeia/DROUGHT/composites/x12/y11/2024/07/01/S2L2A_medcomp_x12y11_202407_B02.tif
2025-09-02 06:54:33,010 - INFO - composites.py:432 - Write B03 -> //nas-rs.topo.auth.gr/Latomeia/DROUGHT/composites/x12/y11/2024/07/01/S2L2A_medcomp_x12y11_202407_B03.tif
2025-09-02 06:54:37,055 - INFO - composites.py:432 - Write B04 -> //nas-rs.topo.auth.gr/Latomeia/DROUGHT/composites/x12/y11/2024/07/01/S2L2A_medcomp_x12y11_202407_B04.tif
2025-09-02 06:54:40,967 - INFO - composites.py:432 - Write B05 -> //nas-rs.topo.auth.gr/Latomeia/DROUGHT/composites/x12/y11/2024/07/01/S2L2A_medcomp_x12y11_202407_B05.tif
2025-09-02 06:54:44,917 - INFO - composites.py:432 - Write B07 -> //nas-rs.topo.auth.gr/Latomeia/DROUGHT/composites/x12/y11/2024/07/01/S2L2A_medcomp_x12y11_202407_B07.tif
2025-09-02 06:54:48,811 - INFO - composites.py:432 - Write B8A -> //nas-rs.topo.auth.gr/Latomeia/DROUGHT/composites/x12/y11/2024/07/01/S2L2A_medcomp_x12y11_202407_B8A.tif
2025-09-02 06:54:52,688 - INFO - composites.py:432 - Write EVI -> //nas-rs.topo.auth.gr/Latomeia/DROUGHT/composites/x12/y11/2024/07/01/S2L2A_medcomp_x12y11_202407_EVI.tif
2025-09-02 06:54:56,545 - INFO - composites.py:432 - Write NDVI -> //nas-rs.topo.auth.gr/Latomeia/DROUGHT/composites/x12/y11/2024/07/01/S2L2A_medcomp_x12y11_202407_NDVI.tif
2025-09-02 06:55:00,393 - INFO - composites.py:432 - Write PSRI2 -> //nas-rs.topo.auth.gr/Latomeia/DROUGHT/composites/x12/y11/2024/07/01/S2L2A_medcomp_x12y11_202407_PSRI2.tif
2025-09-02 06:55:00,393 - INFO - composites.py:436 - Prepare metadata YAML document
2025-09-02 06:55:00,957 - INFO - composites.py:458 - Write metadata YAML document to disk
2025-09-02 06:55:00,986 - INFO - composites.py:463 - Create datacube.model.Dataset from eo3 metadata
2025-09-02 06:55:01,000 - INFO - composites.py:476 - Index to datacube
2025-09-02 06:55:01,000 - INFO - _datasets.py:191 - Indexing f1d162d5-8552-4b56-8fa8-749fa88b2fe2
2025-09-02 06:55:01,009 - INFO - composites.py:479 - 
2025-09-02 06:55:01,009 - INFO - composites.py:480 -              ✔✔✔ COMPLETED: Tile x12_y11 | Time: 2024-07 | In 9.27 minutes
2025-09-02 06:55:01,010 - INFO - composites.py:481 - 
2025-09-02 06:55:01,010 - INFO - composites.py:489 - Closing Dask client
2025-09-02 06:55:01,034 - INFO - composites.py:493 - Closing Dask cluster
2025-09-02 06:55:01,034 - INFO - composites.py:494 - #######################################################################
