2025-12-01 02:22:54,521 - INFO - composites.py:102 - #######################################################################
2025-12-01 02:22:54,521 - INFO - composites.py:104 - Processing started
2025-12-01 02:22:54,521 - INFO - composites.py:105 -         Tile: x07_y11
2025-12-01 02:22:54,521 - INFO - composites.py:106 -         Time: 2023-05
2025-12-01 02:22:54,521 - INFO - composites.py:109 -                           
2025-12-01 02:22:54,521 - INFO - composites.py:110 - Establishing connection to datacube
2025-12-01 02:22:55,057 - INFO - composites.py:113 -                           
2025-12-01 02:22:55,057 - INFO - composites.py:114 - Sanity test: Check if dataset already exists in the datacube
2025-12-01 02:22:55,078 - INFO - composites.py:133 - The composite requested was not found and it will be computed
2025-12-01 02:22:55,078 - INFO - composites.py:136 -                                  
2025-12-01 02:22:55,078 - INFO - composites.py:137 - Initializing Dask cluster for parallelization
2025-12-01 02:23:00,137 - INFO - composites.py:161 - Dask dashboard is available at: http://127.0.0.1:8787/status
2025-12-01 02:23:00,137 - INFO - composites.py:164 - Create directories and naming conversions
2025-12-01 02:23:00,149 - INFO - composites.py:177 - Dataset location: //nas-rs.topo.auth.gr/Latomeia/DROUGHT/composites/x07/y11/2023/05/01
2025-12-01 02:23:00,149 - INFO - composites.py:180 -                           
2025-12-01 02:23:00,149 - INFO - composites.py:181 - Retrieve tile geometry
2025-12-01 02:23:00,184 - INFO - composites.py:192 - Create the Bounding Box (φ,λ)
2025-12-01 02:23:00,184 - INFO - composites.py:198 - Create the Bounding Box (x,y)
2025-12-01 02:23:00,185 - INFO - composites.py:211 -                           
2025-12-01 02:23:00,185 - INFO - composites.py:212 - Connect to Planetary Computer STAC Catalog
2025-12-01 02:23:00,499 - INFO - composites.py:220 - Search the STAC Catalog
2025-12-01 02:23:00,571 - INFO - composites.py:232 -         Query parameters:
2025-12-01 02:23:00,571 - INFO - composites.py:233 -             url:          https://planetarycomputer.microsoft.com/api/stac/v1/search
2025-12-01 02:23:00,571 - INFO - composites.py:234 -             client:       microsoft-pc
2025-12-01 02:23:00,571 - INFO - composites.py:235 -             collection:   sentinel-2-l2a
2025-12-01 02:23:00,571 - INFO - composites.py:236 -             bbox:         (20.928573606105775, 38.35819969704171, 21.59502923200265, 38.902149455513275)
2025-12-01 02:23:00,571 - INFO - composites.py:237 -             time range:   2023-05-01T00:00:00Z/2023-05-31T23:59:59Z
2025-12-01 02:23:00,571 - INFO - composites.py:238 -             cloud cover:  0% - 70%
2025-12-01 02:23:00,571 - INFO - composites.py:239 -             nodata cover: 0% - 33%
2025-12-01 02:23:00,571 - INFO - composites.py:241 -                           
2025-12-01 02:23:00,571 - INFO - composites.py:242 - Searching...
2025-12-01 02:23:01,284 - INFO - composites.py:245 - Query found 26 items
2025-12-01 02:23:01,284 - INFO - composites.py:247 - Searching for GRI REFINED scenes:
2025-12-01 02:23:07,658 - INFO - sentinel2.py:78 - 1/26 - S2A_MSIL2A_20230531T093041_R136_T34SDJ_20240908T140335 -> REFINED
2025-12-01 02:23:13,807 - INFO - sentinel2.py:78 - 2/26 - S2A_MSIL2A_20230531T093041_R136_T34SDJ_20230531T173122 -> REFINED
2025-12-01 02:23:19,214 - INFO - sentinel2.py:78 - 3/26 - S2A_MSIL2A_20230531T093041_R136_T34SDH_20240908T140335 -> REFINED
2025-12-01 02:23:24,866 - INFO - sentinel2.py:78 - 4/26 - S2A_MSIL2A_20230531T093041_R136_T34SDH_20230531T163100 -> REFINED
2025-12-01 02:23:30,601 - INFO - sentinel2.py:78 - 5/26 - S2A_MSIL2A_20230528T092031_R093_T34SEH_20240908T070358 -> REFINED
2025-12-01 02:23:36,838 - INFO - sentinel2.py:78 - 6/26 - S2A_MSIL2A_20230528T092031_R093_T34SEH_20230528T154844 -> REFINED
2025-12-01 02:23:42,910 - INFO - sentinel2.py:78 - 7/26 - S2A_MSIL2A_20230528T092031_R093_T34SDH_20240908T070358 -> REFINED
2025-12-01 02:23:48,285 - INFO - sentinel2.py:78 - 8/26 - S2A_MSIL2A_20230528T092031_R093_T34SDH_20230528T152445 -> REFINED
2025-12-01 02:23:54,465 - INFO - sentinel2.py:78 - 9/26 - S2B_MSIL2A_20230526T092559_R136_T34SDJ_20240907T032249 -> REFINED
2025-12-01 02:23:59,814 - INFO - sentinel2.py:78 - 10/26 - S2B_MSIL2A_20230526T092559_R136_T34SDJ_20230526T131650 -> REFINED
2025-12-01 02:24:05,866 - INFO - sentinel2.py:78 - 11/26 - S2B_MSIL2A_20230526T092559_R136_T34SDH_20240907T032249 -> REFINED
2025-12-01 02:24:11,952 - INFO - sentinel2.py:78 - 12/26 - S2B_MSIL2A_20230526T092559_R136_T34SDH_20230526T131541 -> REFINED
2025-12-01 02:24:18,015 - INFO - sentinel2.py:78 - 13/26 - S2B_MSIL2A_20230523T091559_R093_T34SEJ_20240907T095759 -> REFINED
2025-12-01 02:24:24,063 - INFO - sentinel2.py:78 - 14/26 - S2B_MSIL2A_20230523T091559_R093_T34SEJ_20230523T134218 -> REFINED
2025-12-01 02:24:30,186 - INFO - sentinel2.py:78 - 15/26 - S2B_MSIL2A_20230523T091559_R093_T34SEH_20240907T095759 -> REFINED
2025-12-01 02:24:35,787 - INFO - sentinel2.py:78 - 16/26 - S2B_MSIL2A_20230523T091559_R093_T34SEH_20230523T162100 -> REFINED
2025-12-01 02:24:40,811 - INFO - sentinel2.py:78 - 17/26 - S2B_MSIL2A_20230523T091559_R093_T34SDH_20240907T095759 -> REFINED
2025-12-01 02:24:46,291 - INFO - sentinel2.py:78 - 18/26 - S2B_MSIL2A_20230523T091559_R093_T34SDH_20230523T135505 -> REFINED
2025-12-01 02:24:51,707 - INFO - sentinel2.py:78 - 19/26 - S2A_MSIL2A_20230518T092031_R093_T34SEJ_20230518T173757 -> REFINED
2025-12-01 02:24:57,703 - INFO - sentinel2.py:78 - 20/26 - S2A_MSIL2A_20230518T092031_R093_T34SEH_20230518T173408 -> REFINED
2025-12-01 02:25:03,361 - INFO - sentinel2.py:78 - 21/26 - S2A_MSIL2A_20230518T092031_R093_T34SDH_20230518T173651 -> REFINED
2025-12-01 02:25:09,337 - INFO - sentinel2.py:78 - 22/26 - S2B_MSIL2A_20230516T092559_R136_T34SDJ_20230516T140030 -> REFINED
2025-12-01 02:25:14,975 - INFO - sentinel2.py:78 - 23/26 - S2B_MSIL2A_20230516T092559_R136_T34SDH_20230516T134945 -> REFINED
2025-12-01 02:25:20,694 - INFO - sentinel2.py:78 - 24/26 - S2B_MSIL2A_20230506T092549_R136_T34SDJ_20240902T024847 -> REFINED
2025-12-01 02:25:25,743 - INFO - sentinel2.py:78 - 25/26 - S2B_MSIL2A_20230506T092549_R136_T34SDJ_20230506T142934 -> REFINED
2025-12-01 02:25:31,637 - INFO - sentinel2.py:78 - 26/26 - S2B_MSIL2A_20230506T092549_R136_T34SDH_20230506T131648 -> REFINED
2025-12-01 02:25:31,675 - INFO - composites.py:250 -                                  
2025-12-01 02:25:31,675 - INFO - composites.py:251 - 26/26 were refined by GRI.
2025-12-01 02:25:31,675 - INFO - composites.py:263 - Looking for up to 7 cleanest images within spatiotemporal range of each MGRS tile
2025-12-01 02:25:31,677 - INFO - composites.py:277 - Filtered cleanest scenes: Kept 22 out of 26 items. 
2025-12-01 02:25:31,677 - INFO - composites.py:278 -         Included MGRS Tiles: ['34SDH' '34SDJ' '34SEH' '34SEJ']
2025-12-01 02:25:31,677 - INFO - composites.py:279 -         Included EPSG codes: [32634]
2025-12-01 02:25:31,677 - INFO - composites.py:281 - Selected scenes:
2025-12-01 02:25:31,677 - INFO - composites.py:283 -         S2B_MSIL2A_20230523T091559_R093_T34SDH_20240907T095759
2025-12-01 02:25:31,677 - INFO - composites.py:283 -         S2B_MSIL2A_20230523T091559_R093_T34SDH_20230523T135505
2025-12-01 02:25:31,690 - INFO - composites.py:283 -         S2B_MSIL2A_20230506T092549_R136_T34SDH_20230506T131648
2025-12-01 02:25:31,706 - INFO - composites.py:283 -         S2A_MSIL2A_20230518T092031_R093_T34SDH_20230518T173651
2025-12-01 02:25:31,716 - INFO - composites.py:283 -         S2A_MSIL2A_20230528T092031_R093_T34SDH_20240908T070358
2025-12-01 02:25:31,716 - INFO - composites.py:283 -         S2A_MSIL2A_20230528T092031_R093_T34SDH_20230528T152445
2025-12-01 02:25:31,716 - INFO - composites.py:283 -         S2B_MSIL2A_20230526T092559_R136_T34SDH_20230526T131541
2025-12-01 02:25:31,716 - INFO - composites.py:283 -         S2B_MSIL2A_20230506T092549_R136_T34SDJ_20230506T142934
2025-12-01 02:25:31,716 - INFO - composites.py:283 -         S2B_MSIL2A_20230506T092549_R136_T34SDJ_20240902T024847
2025-12-01 02:25:31,716 - INFO - composites.py:283 -         S2A_MSIL2A_20230531T093041_R136_T34SDJ_20230531T173122
2025-12-01 02:25:31,716 - INFO - composites.py:283 -         S2A_MSIL2A_20230531T093041_R136_T34SDJ_20240908T140335
2025-12-01 02:25:31,716 - INFO - composites.py:283 -         S2B_MSIL2A_20230526T092559_R136_T34SDJ_20230526T131650
2025-12-01 02:25:31,716 - INFO - composites.py:283 -         S2B_MSIL2A_20230526T092559_R136_T34SDJ_20240907T032249
2025-12-01 02:25:31,716 - INFO - composites.py:283 -         S2B_MSIL2A_20230516T092559_R136_T34SDJ_20230516T140030
2025-12-01 02:25:31,716 - INFO - composites.py:283 -         S2A_MSIL2A_20230518T092031_R093_T34SEH_20230518T173408
2025-12-01 02:25:31,716 - INFO - composites.py:283 -         S2B_MSIL2A_20230523T091559_R093_T34SEH_20240907T095759
2025-12-01 02:25:31,718 - INFO - composites.py:283 -         S2B_MSIL2A_20230523T091559_R093_T34SEH_20230523T162100
2025-12-01 02:25:31,718 - INFO - composites.py:283 -         S2A_MSIL2A_20230528T092031_R093_T34SEH_20240908T070358
2025-12-01 02:25:31,718 - INFO - composites.py:283 -         S2A_MSIL2A_20230528T092031_R093_T34SEH_20230528T154844
2025-12-01 02:25:31,718 - INFO - composites.py:283 -         S2B_MSIL2A_20230523T091559_R093_T34SEJ_20230523T134218
2025-12-01 02:25:31,718 - INFO - composites.py:283 -         S2B_MSIL2A_20230523T091559_R093_T34SEJ_20240907T095759
2025-12-01 02:25:31,718 - INFO - composites.py:283 -         S2A_MSIL2A_20230518T092031_R093_T34SEJ_20230518T173757
2025-12-01 02:25:32,072 - INFO - sentinel2.py:154 - Matplotlib backend: Agg
2025-12-01 02:25:32,375 - INFO - sentinel2.py:224 - Write input scenes footprint overlay: //nas-rs.topo.auth.gr/Latomeia/DROUGHT/composites/x07/y11/2023/05/01/S2L2A_medcomp_x07y11_202305_InDataFootprint.jpeg
2025-12-01 02:25:32,620 - INFO - composites.py:297 -                                  
2025-12-01 02:25:32,620 - INFO - composites.py:298 - Downstream STAC items from Planetary Computer
2025-12-01 02:25:32,620 - INFO - timeseries_processing.py:115 -                                  
2025-12-01 02:25:32,620 - INFO - timeseries_processing.py:116 - Loading bands of diferent resolutions in EPSG:32634
2025-12-01 02:25:32,620 - INFO - timeseries_processing.py:120 -     Filtering items with native UTM EPSG:32634
2025-12-01 02:25:32,620 - INFO - timeseries_processing.py:122 -     22 Items in EPSG:32634
2025-12-01 02:25:32,620 - INFO - timeseries_processing.py:129 -                        
2025-12-01 02:25:32,620 - INFO - timeseries_processing.py:130 -     Loading parameters:
2025-12-01 02:25:32,620 - INFO - timeseries_processing.py:131 -         Bands: ['B05', 'B07', 'B8A', 'SCL']
2025-12-01 02:25:32,620 - INFO - timeseries_processing.py:132 -         Spatial resolution: 20
2025-12-01 02:25:32,620 - INFO - timeseries_processing.py:134 -         Get Assets from STAC Items
2025-12-01 02:25:32,620 - INFO - timeseries_processing.py:47 -         Initialize the STAC client
2025-12-01 02:25:33,412 - INFO - timeseries_processing.py:137 -         Loading 22 STAC Items....
2025-12-01 02:27:04,494 - INFO - timeseries_processing.py:146 -         Cube has been downloaded
2025-12-01 02:27:04,494 - INFO - timeseries_processing.py:156 -         Fix order of dimensions
2025-12-01 02:27:04,497 - INFO - timeseries_processing.py:161 -         Append bands to the band-list of EPSG:32634
2025-12-01 02:27:04,497 - INFO - timeseries_processing.py:129 -                        
2025-12-01 02:27:04,500 - INFO - timeseries_processing.py:130 -     Loading parameters:
2025-12-01 02:27:04,500 - INFO - timeseries_processing.py:131 -         Bands: ['B02', 'B03', 'B04']
2025-12-01 02:27:04,500 - INFO - timeseries_processing.py:132 -         Spatial resolution: 10
2025-12-01 02:27:04,500 - INFO - timeseries_processing.py:134 -         Get Assets from STAC Items
2025-12-01 02:27:04,500 - INFO - timeseries_processing.py:47 -         Initialize the STAC client
2025-12-01 02:27:05,179 - INFO - timeseries_processing.py:137 -         Loading 22 STAC Items....
2025-12-01 02:30:34,309 - INFO - timeseries_processing.py:146 -         Cube has been downloaded
2025-12-01 02:30:34,309 - INFO - timeseries_processing.py:149 -         Reproject to downsample 10m bands to 20m by Resampling.average 2x2 binning and shape matching with odc.geo.GeoBox
2025-12-01 02:30:43,277 - INFO - timeseries_processing.py:161 -         Append bands to the band-list of EPSG:32634
2025-12-01 02:30:43,277 - INFO - timeseries_processing.py:165 -                        
2025-12-01 02:30:43,277 - INFO - timeseries_processing.py:166 -     Merging bands in a single dataset
2025-12-01 02:30:43,277 - INFO - timeseries_processing.py:167 -     Ensure all partial datasets are at (x=20, y=-20) resolution
2025-12-01 02:30:43,277 - INFO - timeseries_processing.py:171 -     Clip to the intersection of indexes
2025-12-01 02:30:44,516 - INFO - timeseries_processing.py:180 -     Make a list of bands to merge
2025-12-01 02:30:44,517 - INFO - timeseries_processing.py:184 -     Merge on intersection
2025-12-01 02:30:44,520 - INFO - timeseries_processing.py:192 -     Apply masks on clouds, shadows, thin cirrus, and snow/ice
2025-12-01 02:30:44,520 - INFO - sentinel2.py:122 -                Masking bits: [3, 7, 8, 9, 10, 11]
2025-12-01 02:30:45,344 - INFO - composites.py:307 - Reproject from UTM Zone to Tile geometry -> CRS(EPSG:32634), Resampling.bilinear
2025-12-01 02:30:50,024 - INFO - composites.py:310 -     New shape of datasets: Shape2d(x=2400, y=2400)
2025-12-01 02:30:50,602 - INFO - composites.py:329 - Scale SR to Sen2Cor Baseline 4.00 - Subtract 1000 in dates post 2022-01-25
2025-12-01 02:30:51,691 - INFO - composites.py:342 - Creating preview plot of input scenes
2025-12-01 02:31:19,128 - INFO - timeseries_processing.py:349 - Saved preview for 'B04' to //nas-rs.topo.auth.gr/Latomeia/DROUGHT/composites/x07/y11/2023/05/01/S2L2A_medcomp_x07y11_202305_InDataPreview.jpeg
2025-12-01 02:31:19,148 - INFO - composites.py:348 - Clip value range
2025-12-01 02:31:20,510 - INFO - composites.py:353 -                           
2025-12-01 02:31:20,521 - INFO - composites.py:354 - Computing spectral indices:
2025-12-01 02:31:20,524 - INFO - composites.py:357 -     EVI...
2025-12-01 02:31:21,392 - INFO - composites.py:359 -     NDVI...
2025-12-01 02:31:21,662 - INFO - composites.py:361 -     PSRI2...
2025-12-01 02:31:21,847 - INFO - composites.py:364 - Clip to typical value range
2025-12-01 02:31:22,121 - INFO - composites.py:371 - Reducing to median value temporal composite
2025-12-01 02:31:45,029 - INFO - composites.py:390 - Scale and Define data types & nodata per band
2025-12-01 02:31:45,231 - INFO - composites.py:411 - Assign time range and tile ID in metadata
2025-12-01 02:31:45,233 - INFO - composites.py:419 - Write bands to raster COG files
2025-12-01 02:31:49,122 - INFO - composites.py:432 - Write B02 -> //nas-rs.topo.auth.gr/Latomeia/DROUGHT/composites/x07/y11/2023/05/01/S2L2A_medcomp_x07y11_202305_B02.tif
2025-12-01 02:31:53,242 - INFO - composites.py:432 - Write B03 -> //nas-rs.topo.auth.gr/Latomeia/DROUGHT/composites/x07/y11/2023/05/01/S2L2A_medcomp_x07y11_202305_B03.tif
2025-12-01 02:31:57,163 - INFO - composites.py:432 - Write B04 -> //nas-rs.topo.auth.gr/Latomeia/DROUGHT/composites/x07/y11/2023/05/01/S2L2A_medcomp_x07y11_202305_B04.tif
2025-12-01 02:32:01,047 - INFO - composites.py:432 - Write B05 -> //nas-rs.topo.auth.gr/Latomeia/DROUGHT/composites/x07/y11/2023/05/01/S2L2A_medcomp_x07y11_202305_B05.tif
2025-12-01 02:32:04,977 - INFO - composites.py:432 - Write B07 -> //nas-rs.topo.auth.gr/Latomeia/DROUGHT/composites/x07/y11/2023/05/01/S2L2A_medcomp_x07y11_202305_B07.tif
2025-12-01 02:32:08,870 - INFO - composites.py:432 - Write B8A -> //nas-rs.topo.auth.gr/Latomeia/DROUGHT/composites/x07/y11/2023/05/01/S2L2A_medcomp_x07y11_202305_B8A.tif
2025-12-01 02:32:12,963 - INFO - composites.py:432 - Write EVI -> //nas-rs.topo.auth.gr/Latomeia/DROUGHT/composites/x07/y11/2023/05/01/S2L2A_medcomp_x07y11_202305_EVI.tif
2025-12-01 02:32:17,038 - INFO - composites.py:432 - Write NDVI -> //nas-rs.topo.auth.gr/Latomeia/DROUGHT/composites/x07/y11/2023/05/01/S2L2A_medcomp_x07y11_202305_NDVI.tif
2025-12-01 02:32:21,106 - INFO - composites.py:432 - Write PSRI2 -> //nas-rs.topo.auth.gr/Latomeia/DROUGHT/composites/x07/y11/2023/05/01/S2L2A_medcomp_x07y11_202305_PSRI2.tif
2025-12-01 02:32:21,106 - INFO - composites.py:436 - Prepare metadata YAML document
2025-12-01 02:32:21,716 - INFO - composites.py:458 - Write metadata YAML document to disk
2025-12-01 02:32:21,789 - INFO - composites.py:463 - Create datacube.model.Dataset from eo3 metadata
2025-12-01 02:32:21,802 - INFO - composites.py:476 - Index to datacube
2025-12-01 02:32:21,802 - INFO - _datasets.py:191 - Indexing 8e5282cd-010d-47d4-a26a-b7773876db83
2025-12-01 02:32:21,810 - INFO - composites.py:479 - 
2025-12-01 02:32:21,812 - INFO - composites.py:480 -              ✔✔✔ COMPLETED: Tile x07_y11 | Time: 2023-05 | In 9.45 minutes
2025-12-01 02:32:21,812 - INFO - composites.py:481 - 
2025-12-01 02:32:21,812 - INFO - composites.py:489 - Closing Dask client
2025-12-01 02:32:21,814 - INFO - composites.py:493 - Closing Dask cluster
2025-12-01 02:32:21,814 - INFO - composites.py:494 - #######################################################################
