2025-09-03 19:38:04,347 - INFO - composites.py:102 - #######################################################################
2025-09-03 19:38:04,347 - INFO - composites.py:104 - Processing started
2025-09-03 19:38:04,347 - INFO - composites.py:105 -         Tile: x11_y10
2025-09-03 19:38:04,347 - INFO - composites.py:106 -         Time: 2025-06
2025-09-03 19:38:04,347 - INFO - composites.py:109 -                           
2025-09-03 19:38:04,347 - INFO - composites.py:110 - Establishing connection to datacube
2025-09-03 19:38:05,119 - INFO - composites.py:113 -                           
2025-09-03 19:38:05,120 - INFO - composites.py:114 - Sanity test: Check if dataset already exists in the datacube
2025-09-03 19:38:05,147 - INFO - composites.py:133 - The composite requested was not found and it will be computed
2025-09-03 19:38:05,148 - INFO - composites.py:136 -                                  
2025-09-03 19:38:05,148 - INFO - composites.py:137 - Initializing Dask cluster for parallelization
2025-09-03 19:38:10,559 - INFO - composites.py:161 - Dask dashboard is available at: http://127.0.0.1:8787/status
2025-09-03 19:38:10,559 - INFO - composites.py:164 - Create directories and naming conversions
2025-09-03 19:38:10,571 - INFO - composites.py:177 - Dataset location: //nas-rs.topo.auth.gr/Latomeia/DROUGHT/composites/x11/y10/2025/06/01
2025-09-03 19:38:10,571 - INFO - composites.py:180 -                           
2025-09-03 19:38:10,571 - INFO - composites.py:181 - Retrieve tile geometry
2025-09-03 19:38:10,601 - INFO - composites.py:192 - Create the Bounding Box (φ,λ)
2025-09-03 19:38:10,601 - INFO - composites.py:198 - Create the Bounding Box (x,y)
2025-09-03 19:38:10,601 - INFO - composites.py:211 -                           
2025-09-03 19:38:10,602 - INFO - composites.py:212 - Connect to Planetary Computer STAC Catalog
2025-09-03 19:38:10,809 - INFO - composites.py:220 - Search the STAC Catalog
2025-09-03 19:38:10,879 - INFO - composites.py:232 -         Query parameters:
2025-09-03 19:38:10,879 - INFO - composites.py:233 -             url:          https://planetarycomputer.microsoft.com/api/stac/v1/search
2025-09-03 19:38:10,879 - INFO - composites.py:234 -             client:       microsoft-pc
2025-09-03 19:38:10,879 - INFO - composites.py:235 -             collection:   sentinel-2-l2a
2025-09-03 19:38:10,879 - INFO - composites.py:236 -             bbox:         (23.00741948027706, 37.64467818172542, 23.67848359322628, 38.19853968883684)
2025-09-03 19:38:10,879 - INFO - composites.py:237 -             time range:   2025-06-01T00:00:00Z/2025-06-30T23:59:59Z
2025-09-03 19:38:10,879 - INFO - composites.py:238 -             cloud cover:  0% - 70%
2025-09-03 19:38:10,879 - INFO - composites.py:239 -             nodata cover: 0% - 33%
2025-09-03 19:38:10,879 - INFO - composites.py:241 -                           
2025-09-03 19:38:10,879 - INFO - composites.py:242 - Searching...
2025-09-03 19:38:11,560 - INFO - composites.py:245 - Query found 63 items
2025-09-03 19:38:11,561 - INFO - composites.py:247 - Searching for GRI REFINED scenes:
2025-09-03 19:38:18,973 - INFO - sentinel2.py:78 - 1/63 - S2A_MSIL2A_20250628T092041_R093_T34SFH_20250628T125303 -> REFINED
2025-09-03 19:38:26,283 - INFO - sentinel2.py:78 - 2/63 - S2A_MSIL2A_20250628T092041_R093_T34SFG_20250628T125303 -> REFINED
2025-09-03 19:38:32,343 - INFO - sentinel2.py:78 - 3/63 - S2B_MSIL2A_20250628T090559_R050_T35SKC_20250628T102339 -> REFINED
2025-09-03 19:38:39,699 - INFO - sentinel2.py:78 - 4/63 - S2B_MSIL2A_20250628T090559_R050_T35SKB_20250628T102339 -> REFINED
2025-09-03 19:38:46,407 - INFO - sentinel2.py:78 - 5/63 - S2B_MSIL2A_20250628T090559_R050_T34SGH_20250628T102339 -> REFINED
2025-09-03 19:38:53,282 - INFO - sentinel2.py:78 - 6/63 - S2B_MSIL2A_20250628T090559_R050_T34SGG_20250628T102339 -> REFINED
2025-09-03 19:39:00,754 - INFO - sentinel2.py:78 - 7/63 - S2B_MSIL2A_20250628T090559_R050_T34SFG_20250628T102339 -> REFINED
2025-09-03 19:39:06,968 - INFO - sentinel2.py:78 - 8/63 - S2C_MSIL2A_20250626T092051_R093_T34SFH_20250626T131216 -> REFINED
2025-09-03 19:39:13,860 - INFO - sentinel2.py:78 - 9/63 - S2C_MSIL2A_20250626T092051_R093_T34SFG_20250626T131216 -> REFINED
2025-09-03 19:39:21,386 - INFO - sentinel2.py:78 - 10/63 - S2A_MSIL2A_20250625T091331_R050_T35SKC_20250625T123418 -> REFINED
2025-09-03 19:39:28,967 - INFO - sentinel2.py:78 - 11/63 - S2A_MSIL2A_20250625T091331_R050_T35SKB_20250625T123418 -> REFINED
2025-09-03 19:39:35,870 - INFO - sentinel2.py:78 - 12/63 - S2A_MSIL2A_20250625T091331_R050_T34SGH_20250625T123418 -> REFINED
2025-09-03 19:39:43,530 - INFO - sentinel2.py:78 - 13/63 - S2A_MSIL2A_20250625T091331_R050_T34SGG_20250625T123418 -> REFINED
2025-09-03 19:39:50,942 - INFO - sentinel2.py:78 - 14/63 - S2A_MSIL2A_20250625T091331_R050_T34SFG_20250625T123418 -> REFINED
2025-09-03 19:39:58,863 - INFO - sentinel2.py:78 - 15/63 - S2C_MSIL2A_20250623T090611_R050_T35SKC_20250623T131516 -> REFINED
2025-09-03 19:40:06,356 - INFO - sentinel2.py:78 - 16/63 - S2C_MSIL2A_20250623T090611_R050_T35SKB_20250623T131516 -> REFINED
2025-09-03 19:40:12,597 - INFO - sentinel2.py:78 - 17/63 - S2C_MSIL2A_20250623T090611_R050_T34SGH_20250623T131516 -> REFINED
2025-09-03 19:40:19,515 - INFO - sentinel2.py:78 - 18/63 - S2C_MSIL2A_20250623T090611_R050_T34SGG_20250623T131516 -> REFINED
2025-09-03 19:40:27,117 - INFO - sentinel2.py:78 - 19/63 - S2C_MSIL2A_20250623T090611_R050_T34SFG_20250623T131516 -> REFINED
2025-09-03 19:40:33,666 - INFO - sentinel2.py:78 - 20/63 - S2B_MSIL2A_20250621T092029_R093_T34SFH_20250621T102719 -> REFINED
2025-09-03 19:40:41,473 - INFO - sentinel2.py:78 - 21/63 - S2B_MSIL2A_20250621T092029_R093_T34SFG_20250621T102719 -> REFINED
2025-09-03 19:40:48,993 - INFO - sentinel2.py:78 - 22/63 - S2A_MSIL2A_20250618T092231_R093_T34SFH_20250618T114601 -> REFINED
2025-09-03 19:40:56,481 - INFO - sentinel2.py:78 - 23/63 - S2A_MSIL2A_20250618T092231_R093_T34SFG_20250618T114601 -> REFINED
2025-09-03 19:41:03,343 - INFO - sentinel2.py:78 - 24/63 - S2B_MSIL2A_20250618T090559_R050_T35SKC_20250618T113950 -> REFINED
2025-09-03 19:41:10,730 - INFO - sentinel2.py:78 - 25/63 - S2B_MSIL2A_20250618T090559_R050_T35SKB_20250618T113950 -> REFINED
2025-09-03 19:41:16,809 - INFO - sentinel2.py:78 - 26/63 - S2B_MSIL2A_20250618T090559_R050_T34SGH_20250618T113950 -> REFINED
2025-09-03 19:41:24,260 - INFO - sentinel2.py:78 - 27/63 - S2B_MSIL2A_20250618T090559_R050_T34SGG_20250618T113950 -> REFINED
2025-09-03 19:41:31,890 - INFO - sentinel2.py:78 - 28/63 - S2B_MSIL2A_20250618T090559_R050_T34SFG_20250618T113950 -> REFINED
2025-09-03 19:41:38,793 - INFO - sentinel2.py:78 - 29/63 - S2C_MSIL2A_20250616T092051_R093_T34SFH_20250616T120017 -> REFINED
2025-09-03 19:41:45,016 - INFO - sentinel2.py:78 - 30/63 - S2C_MSIL2A_20250616T092051_R093_T34SFG_20250616T120017 -> REFINED
2025-09-03 19:41:51,728 - INFO - sentinel2.py:78 - 31/63 - S2A_MSIL2A_20250615T091041_R050_T35SKC_20250615T120216 -> REFINED
2025-09-03 19:41:57,745 - INFO - sentinel2.py:78 - 32/63 - S2A_MSIL2A_20250615T091041_R050_T35SKB_20250615T120216 -> REFINED
2025-09-03 19:42:04,774 - INFO - sentinel2.py:78 - 33/63 - S2A_MSIL2A_20250615T091041_R050_T34SGH_20250615T120216 -> REFINED
2025-09-03 19:42:11,976 - INFO - sentinel2.py:78 - 34/63 - S2A_MSIL2A_20250615T091041_R050_T34SGG_20250615T120216 -> REFINED
2025-09-03 19:42:18,928 - INFO - sentinel2.py:78 - 35/63 - S2A_MSIL2A_20250615T091041_R050_T34SFG_20250615T120216 -> REFINED
2025-09-03 19:42:26,631 - INFO - sentinel2.py:78 - 36/63 - S2C_MSIL2A_20250613T090611_R050_T35SKC_20250613T120117 -> REFINED
2025-09-03 19:42:33,135 - INFO - sentinel2.py:78 - 37/63 - S2C_MSIL2A_20250613T090611_R050_T35SKB_20250613T120117 -> REFINED
2025-09-03 19:42:39,514 - INFO - sentinel2.py:78 - 38/63 - S2C_MSIL2A_20250613T090611_R050_T34SGH_20250613T120117 -> REFINED
2025-09-03 19:42:46,119 - INFO - sentinel2.py:78 - 39/63 - S2C_MSIL2A_20250613T090611_R050_T34SGG_20250613T120117 -> REFINED
2025-09-03 19:42:53,638 - INFO - sentinel2.py:78 - 40/63 - S2C_MSIL2A_20250613T090611_R050_T34SFG_20250613T120117 -> REFINED
2025-09-03 19:43:00,660 - INFO - sentinel2.py:78 - 41/63 - S2B_MSIL2A_20250611T092029_R093_T34SFH_20250611T121714 -> REFINED
2025-09-03 19:43:07,718 - INFO - sentinel2.py:78 - 42/63 - S2B_MSIL2A_20250611T092029_R093_T34SFG_20250611T121714 -> REFINED
2025-09-03 19:43:15,183 - INFO - sentinel2.py:78 - 43/63 - S2A_MSIL2A_20250608T092041_R093_T34SFH_20250608T121913 -> REFINED
2025-09-03 19:43:22,120 - INFO - sentinel2.py:78 - 44/63 - S2A_MSIL2A_20250608T092041_R093_T34SFG_20250608T121913 -> REFINED
2025-09-03 19:43:31,489 - INFO - sentinel2.py:78 - 45/63 - S2B_MSIL2A_20250608T090549_R050_T35SKC_20250608T101931 -> REFINED
2025-09-03 19:43:40,295 - INFO - sentinel2.py:78 - 46/63 - S2B_MSIL2A_20250608T090549_R050_T35SKB_20250608T101931 -> REFINED
2025-09-03 19:43:47,746 - INFO - sentinel2.py:78 - 47/63 - S2B_MSIL2A_20250608T090549_R050_T34SGH_20250608T101931 -> REFINED
2025-09-03 19:43:54,644 - INFO - sentinel2.py:78 - 48/63 - S2B_MSIL2A_20250608T090549_R050_T34SGG_20250608T101931 -> REFINED
2025-09-03 19:44:01,700 - INFO - sentinel2.py:78 - 49/63 - S2B_MSIL2A_20250608T090549_R050_T34SFG_20250608T101931 -> REFINED
2025-09-03 19:44:08,910 - INFO - sentinel2.py:78 - 50/63 - S2C_MSIL2A_20250606T092051_R093_T34SFH_20250606T121513 -> REFINED
2025-09-03 19:44:17,447 - INFO - sentinel2.py:78 - 51/63 - S2C_MSIL2A_20250606T092051_R093_T34SFG_20250606T121513 -> REFINED
2025-09-03 19:44:24,770 - INFO - sentinel2.py:78 - 52/63 - S2A_MSIL2A_20250605T091331_R050_T35SKC_20250605T120211 -> REFINED
2025-09-03 19:44:32,142 - INFO - sentinel2.py:78 - 53/63 - S2A_MSIL2A_20250605T091331_R050_T35SKB_20250605T120211 -> REFINED
2025-09-03 19:44:39,700 - INFO - sentinel2.py:78 - 54/63 - S2A_MSIL2A_20250605T091331_R050_T34SGH_20250605T120211 -> REFINED
2025-09-03 19:44:46,949 - INFO - sentinel2.py:78 - 55/63 - S2A_MSIL2A_20250605T091331_R050_T34SGG_20250605T120211 -> REFINED
2025-09-03 19:44:53,843 - INFO - sentinel2.py:78 - 56/63 - S2A_MSIL2A_20250605T091331_R050_T34SFG_20250605T120211 -> REFINED
2025-09-03 19:45:00,951 - INFO - sentinel2.py:78 - 57/63 - S2C_MSIL2A_20250603T090611_R050_T35SKC_20250603T114518 -> REFINED
2025-09-03 19:45:07,934 - INFO - sentinel2.py:78 - 58/63 - S2C_MSIL2A_20250603T090611_R050_T35SKB_20250603T114518 -> REFINED
2025-09-03 19:45:15,207 - INFO - sentinel2.py:78 - 59/63 - S2C_MSIL2A_20250603T090611_R050_T34SGH_20250603T114518 -> REFINED
2025-09-03 19:45:21,514 - INFO - sentinel2.py:78 - 60/63 - S2C_MSIL2A_20250603T090611_R050_T34SGG_20250603T114518 -> REFINED
2025-09-03 19:45:28,592 - INFO - sentinel2.py:78 - 61/63 - S2C_MSIL2A_20250603T090611_R050_T34SFG_20250603T114518 -> REFINED
2025-09-03 19:45:36,404 - INFO - sentinel2.py:78 - 62/63 - S2B_MSIL2A_20250601T092029_R093_T34SFH_20250601T113837 -> REFINED
2025-09-03 19:45:43,004 - INFO - sentinel2.py:78 - 63/63 - S2B_MSIL2A_20250601T092029_R093_T34SFG_20250601T113837 -> REFINED
2025-09-03 19:45:43,052 - INFO - composites.py:250 -                                  
2025-09-03 19:45:43,053 - INFO - composites.py:251 - 63/63 were refined by GRI.
2025-09-03 19:45:43,053 - INFO - composites.py:263 - Looking for up to 10 cleanest images within spatiotemporal range of each MGRS tile
2025-09-03 19:45:43,053 - INFO - composites.py:277 - Filtered cleanest scenes: Kept 55 out of 63 items. 
2025-09-03 19:45:43,054 - INFO - composites.py:278 -         Included MGRS Tiles: ['34SFG' '34SFH' '34SGG' '34SGH' '35SKB' '35SKC']
2025-09-03 19:45:43,054 - INFO - composites.py:279 -         Included EPSG codes: [32634 32635]
2025-09-03 19:45:43,054 - INFO - composites.py:281 - Selected scenes:
2025-09-03 19:45:43,055 - INFO - composites.py:283 -         S2A_MSIL2A_20250625T091331_R050_T34SFG_20250625T123418
2025-09-03 19:45:43,055 - INFO - composites.py:283 -         S2C_MSIL2A_20250623T090611_R050_T34SFG_20250623T131516
2025-09-03 19:45:43,060 - INFO - composites.py:283 -         S2B_MSIL2A_20250618T090559_R050_T34SFG_20250618T113950
2025-09-03 19:45:43,060 - INFO - composites.py:283 -         S2C_MSIL2A_20250603T090611_R050_T34SFG_20250603T114518
2025-09-03 19:45:43,060 - INFO - composites.py:283 -         S2B_MSIL2A_20250608T090549_R050_T34SFG_20250608T101931
2025-09-03 19:45:43,074 - INFO - composites.py:283 -         S2A_MSIL2A_20250615T091041_R050_T34SFG_20250615T120216
2025-09-03 19:45:43,075 - INFO - composites.py:283 -         S2C_MSIL2A_20250613T090611_R050_T34SFG_20250613T120117
2025-09-03 19:45:43,075 - INFO - composites.py:283 -         S2A_MSIL2A_20250605T091331_R050_T34SFG_20250605T120211
2025-09-03 19:45:43,075 - INFO - composites.py:283 -         S2B_MSIL2A_20250628T090559_R050_T34SFG_20250628T102339
2025-09-03 19:45:43,094 - INFO - composites.py:283 -         S2B_MSIL2A_20250611T092029_R093_T34SFG_20250611T121714
2025-09-03 19:45:43,094 - INFO - composites.py:283 -         S2B_MSIL2A_20250611T092029_R093_T34SFH_20250611T121714
2025-09-03 19:45:43,094 - INFO - composites.py:283 -         S2C_MSIL2A_20250626T092051_R093_T34SFH_20250626T131216
2025-09-03 19:45:43,094 - INFO - composites.py:283 -         S2A_MSIL2A_20250608T092041_R093_T34SFH_20250608T121913
2025-09-03 19:45:43,095 - INFO - composites.py:283 -         S2C_MSIL2A_20250616T092051_R093_T34SFH_20250616T120017
2025-09-03 19:45:43,095 - INFO - composites.py:283 -         S2C_MSIL2A_20250606T092051_R093_T34SFH_20250606T121513
2025-09-03 19:45:43,095 - INFO - composites.py:283 -         S2A_MSIL2A_20250628T092041_R093_T34SFH_20250628T125303
2025-09-03 19:45:43,095 - INFO - composites.py:283 -         S2A_MSIL2A_20250618T092231_R093_T34SFH_20250618T114601
2025-09-03 19:45:43,095 - INFO - composites.py:283 -         S2B_MSIL2A_20250601T092029_R093_T34SFH_20250601T113837
2025-09-03 19:45:43,095 - INFO - composites.py:283 -         S2B_MSIL2A_20250621T092029_R093_T34SFH_20250621T102719
2025-09-03 19:45:43,095 - INFO - composites.py:283 -         S2C_MSIL2A_20250603T090611_R050_T34SGG_20250603T114518
2025-09-03 19:45:43,095 - INFO - composites.py:283 -         S2B_MSIL2A_20250608T090549_R050_T34SGG_20250608T101931
2025-09-03 19:45:43,095 - INFO - composites.py:283 -         S2A_MSIL2A_20250625T091331_R050_T34SGG_20250625T123418
2025-09-03 19:45:43,095 - INFO - composites.py:283 -         S2B_MSIL2A_20250618T090559_R050_T34SGG_20250618T113950
2025-09-03 19:45:43,095 - INFO - composites.py:283 -         S2C_MSIL2A_20250623T090611_R050_T34SGG_20250623T131516
2025-09-03 19:45:43,095 - INFO - composites.py:283 -         S2C_MSIL2A_20250613T090611_R050_T34SGG_20250613T120117
2025-09-03 19:45:43,095 - INFO - composites.py:283 -         S2A_MSIL2A_20250615T091041_R050_T34SGG_20250615T120216
2025-09-03 19:45:43,095 - INFO - composites.py:283 -         S2A_MSIL2A_20250605T091331_R050_T34SGG_20250605T120211
2025-09-03 19:45:43,095 - INFO - composites.py:283 -         S2B_MSIL2A_20250628T090559_R050_T34SGG_20250628T102339
2025-09-03 19:45:43,095 - INFO - composites.py:283 -         S2A_MSIL2A_20250625T091331_R050_T34SGH_20250625T123418
2025-09-03 19:45:43,095 - INFO - composites.py:283 -         S2C_MSIL2A_20250623T090611_R050_T34SGH_20250623T131516
2025-09-03 19:45:43,095 - INFO - composites.py:283 -         S2C_MSIL2A_20250603T090611_R050_T34SGH_20250603T114518
2025-09-03 19:45:43,095 - INFO - composites.py:283 -         S2B_MSIL2A_20250608T090549_R050_T34SGH_20250608T101931
2025-09-03 19:45:43,095 - INFO - composites.py:283 -         S2B_MSIL2A_20250618T090559_R050_T34SGH_20250618T113950
2025-09-03 19:45:43,095 - INFO - composites.py:283 -         S2C_MSIL2A_20250613T090611_R050_T34SGH_20250613T120117
2025-09-03 19:45:43,095 - INFO - composites.py:283 -         S2A_MSIL2A_20250615T091041_R050_T34SGH_20250615T120216
2025-09-03 19:45:43,095 - INFO - composites.py:283 -         S2B_MSIL2A_20250628T090559_R050_T34SGH_20250628T102339
2025-09-03 19:45:43,095 - INFO - composites.py:283 -         S2A_MSIL2A_20250605T091331_R050_T34SGH_20250605T120211
2025-09-03 19:45:43,095 - INFO - composites.py:283 -         S2A_MSIL2A_20250625T091331_R050_T35SKB_20250625T123418
2025-09-03 19:45:43,095 - INFO - composites.py:283 -         S2B_MSIL2A_20250618T090559_R050_T35SKB_20250618T113950
2025-09-03 19:45:43,095 - INFO - composites.py:283 -         S2C_MSIL2A_20250603T090611_R050_T35SKB_20250603T114518
2025-09-03 19:45:43,095 - INFO - composites.py:283 -         S2C_MSIL2A_20250623T090611_R050_T35SKB_20250623T131516
2025-09-03 19:45:43,095 - INFO - composites.py:283 -         S2C_MSIL2A_20250613T090611_R050_T35SKB_20250613T120117
2025-09-03 19:45:43,095 - INFO - composites.py:283 -         S2B_MSIL2A_20250608T090549_R050_T35SKB_20250608T101931
2025-09-03 19:45:43,095 - INFO - composites.py:283 -         S2A_MSIL2A_20250615T091041_R050_T35SKB_20250615T120216
2025-09-03 19:45:43,095 - INFO - composites.py:283 -         S2A_MSIL2A_20250605T091331_R050_T35SKB_20250605T120211
2025-09-03 19:45:43,095 - INFO - composites.py:283 -         S2B_MSIL2A_20250628T090559_R050_T35SKB_20250628T102339
2025-09-03 19:45:43,095 - INFO - composites.py:283 -         S2A_MSIL2A_20250625T091331_R050_T35SKC_20250625T123418
2025-09-03 19:45:43,095 - INFO - composites.py:283 -         S2C_MSIL2A_20250623T090611_R050_T35SKC_20250623T131516
2025-09-03 19:45:43,095 - INFO - composites.py:283 -         S2C_MSIL2A_20250603T090611_R050_T35SKC_20250603T114518
2025-09-03 19:45:43,095 - INFO - composites.py:283 -         S2B_MSIL2A_20250618T090559_R050_T35SKC_20250618T113950
2025-09-03 19:45:43,095 - INFO - composites.py:283 -         S2B_MSIL2A_20250608T090549_R050_T35SKC_20250608T101931
2025-09-03 19:45:43,095 - INFO - composites.py:283 -         S2C_MSIL2A_20250613T090611_R050_T35SKC_20250613T120117
2025-09-03 19:45:43,095 - INFO - composites.py:283 -         S2B_MSIL2A_20250628T090559_R050_T35SKC_20250628T102339
2025-09-03 19:45:43,095 - INFO - composites.py:283 -         S2A_MSIL2A_20250615T091041_R050_T35SKC_20250615T120216
2025-09-03 19:45:43,095 - INFO - composites.py:283 -         S2A_MSIL2A_20250605T091331_R050_T35SKC_20250605T120211
2025-09-03 19:45:43,592 - INFO - sentinel2.py:154 - Matplotlib backend: Agg
2025-09-03 19:45:43,919 - INFO - sentinel2.py:224 - Write input scenes footprint overlay: //nas-rs.topo.auth.gr/Latomeia/DROUGHT/composites/x11/y10/2025/06/01/S2L2A_medcomp_x11y10_202506_InDataFootprint.jpeg
2025-09-03 19:45:44,253 - INFO - composites.py:297 -                                  
2025-09-03 19:45:44,253 - INFO - composites.py:298 - Downstream STAC items from Planetary Computer
2025-09-03 19:45:44,253 - INFO - timeseries_processing.py:115 -                                  
2025-09-03 19:45:44,253 - INFO - timeseries_processing.py:116 - Loading bands of diferent resolutions in EPSG:32634
2025-09-03 19:45:44,253 - INFO - timeseries_processing.py:120 -     Filtering items with native UTM EPSG:32634
2025-09-03 19:45:44,253 - INFO - timeseries_processing.py:122 -     37 Items in EPSG:32634
2025-09-03 19:45:44,253 - INFO - timeseries_processing.py:129 -                        
2025-09-03 19:45:44,254 - INFO - timeseries_processing.py:130 -     Loading parameters:
2025-09-03 19:45:44,254 - INFO - timeseries_processing.py:131 -         Bands: ['B05', 'B07', 'B8A', 'SCL']
2025-09-03 19:45:44,254 - INFO - timeseries_processing.py:132 -         Spatial resolution: 20
2025-09-03 19:45:44,254 - INFO - timeseries_processing.py:134 -         Get Assets from STAC Items
2025-09-03 19:45:44,254 - INFO - timeseries_processing.py:47 -         Initialize the STAC client
2025-09-03 19:45:44,956 - INFO - timeseries_processing.py:137 -         Loading 37 STAC Items....
2025-09-03 19:48:07,053 - INFO - timeseries_processing.py:146 -         Cube has been downloaded
2025-09-03 19:48:07,068 - INFO - timeseries_processing.py:156 -         Fix order of dimensions
2025-09-03 19:48:07,085 - INFO - timeseries_processing.py:161 -         Append bands to the band-list of EPSG:32634
2025-09-03 19:48:07,087 - INFO - timeseries_processing.py:129 -                        
2025-09-03 19:48:07,087 - INFO - timeseries_processing.py:130 -     Loading parameters:
2025-09-03 19:48:07,088 - INFO - timeseries_processing.py:131 -         Bands: ['B02', 'B03', 'B04']
2025-09-03 19:48:07,089 - INFO - timeseries_processing.py:132 -         Spatial resolution: 10
2025-09-03 19:48:07,089 - INFO - timeseries_processing.py:134 -         Get Assets from STAC Items
2025-09-03 19:48:07,089 - INFO - timeseries_processing.py:47 -         Initialize the STAC client
2025-09-03 19:48:07,802 - INFO - timeseries_processing.py:137 -         Loading 37 STAC Items....
2025-09-03 20:16:59,016 - ERROR - composites.py:484 -              ✖✖✖ FAILED loading for : Tile x11_y10 | Time: 2025-06 | with Exception: Attempted to run task 'finalize-hlgfinalizecompute-e9638e2415ee4a51a8db78db27dadc21' on 21 different workers, but all those workers died while running it. The last worker that attempt to run the task was tcp://127.0.0.1:53737. Inspecting worker logs is often a good next step to diagnose what went wrong. For more information see https://distributed.dask.org/en/stable/killed.html.
2025-09-03 20:16:59,016 - INFO - composites.py:489 - Closing Dask client
2025-09-03 20:16:59,126 - INFO - composites.py:493 - Closing Dask cluster
2025-09-03 20:16:59,127 - INFO - composites.py:494 - #######################################################################
2025-09-03 20:17:00,688 - ERROR - composites.py:523 - Fatal error in composites.py
Traceback (most recent call last):
  File "C:\Users\fotakidis\AUTH_PROJECTS\drought\src\composites.py", line 519, in <module>
    generate_composite(year_month=year_month, tile_id=tile_id, tile_geom=tile_geom)
  File "C:\Users\fotakidis\AUTH_PROJECTS\drought\src\composites.py", line 304, in generate_composite
    processed_epsgs.append(process_epsg(filtered_items, aoi_bbox, EPSG))
                           ^^^^^^^^^^^^^^^^^^^^^^^^^^^^^^^^^^^^^^^^^^^^
  File "C:\Users\fotakidis\AUTH_PROJECTS\drought\src\utils\timeseries_processing.py", line 138, in process_epsg
    ds_cube = odc_stac_load_Items(
              ^^^^^^^^^^^^^^^^^^^^
  File "C:\Users\fotakidis\AUTH_PROJECTS\drought\src\utils\timeseries_processing.py", line 110, in odc_stac_load_Items
    ).compute()
      ^^^^^^^^^
  File "C:\Users\fotakidis\anaconda3\envs\drought\Lib\site-packages\xarray\core\dataset.py", line 1072, in compute
    return new.load(**kwargs)
           ^^^^^^^^^^^^^^^^^^
  File "C:\Users\fotakidis\anaconda3\envs\drought\Lib\site-packages\xarray\core\dataset.py", line 899, in load
    evaluated_data: tuple[np.ndarray[Any, Any], ...] = chunkmanager.compute(
                                                       ^^^^^^^^^^^^^^^^^^^^^
  File "C:\Users\fotakidis\anaconda3\envs\drought\Lib\site-packages\xarray\namedarray\daskmanager.py", line 85, in compute
    return compute(*data, **kwargs)  # type: ignore[no-untyped-call, no-any-return]
           ^^^^^^^^^^^^^^^^^^^^^^^^
  File "C:\Users\fotakidis\anaconda3\envs\drought\Lib\site-packages\dask\base.py", line 681, in compute
    results = schedule(expr, keys, **kwargs)
              ^^^^^^^^^^^^^^^^^^^^^^^^^^^^^^
  File "C:\Users\fotakidis\anaconda3\envs\drought\Lib\site-packages\distributed\client.py", line 2403, in _gather
    raise exception.with_traceback(traceback)
distributed.scheduler.KilledWorker: Attempted to run task 'finalize-hlgfinalizecompute-e9638e2415ee4a51a8db78db27dadc21' on 21 different workers, but all those workers died while running it. The last worker that attempt to run the task was tcp://127.0.0.1:53737. Inspecting worker logs is often a good next step to diagnose what went wrong. For more information see https://distributed.dask.org/en/stable/killed.html.
