2025-09-05 00:31:48,206 - INFO - composites.py:102 - #######################################################################
2025-09-05 00:31:48,206 - INFO - composites.py:104 - Processing started
2025-09-05 00:31:48,206 - INFO - composites.py:105 -         Tile: x12_y11
2025-09-05 00:31:48,206 - INFO - composites.py:106 -         Time: 2025-09
2025-09-05 00:31:48,206 - INFO - composites.py:109 -                           
2025-09-05 00:31:48,206 - INFO - composites.py:110 - Establishing connection to datacube
2025-09-05 00:31:48,828 - INFO - composites.py:113 -                           
2025-09-05 00:31:48,828 - INFO - composites.py:114 - Sanity test: Check if dataset already exists in the datacube
2025-09-05 00:31:48,852 - INFO - composites.py:133 - The composite requested was not found and it will be computed
2025-09-05 00:31:48,853 - INFO - composites.py:136 -                                  
2025-09-05 00:31:48,853 - INFO - composites.py:137 - Initializing Dask cluster for parallelization
2025-09-05 00:31:54,048 - INFO - composites.py:161 - Dask dashboard is available at: http://127.0.0.1:8787/status
2025-09-05 00:31:54,048 - INFO - composites.py:164 - Create directories and naming conversions
2025-09-05 00:31:54,059 - INFO - composites.py:177 - Dataset location: //nas-rs.topo.auth.gr/Latomeia/DROUGHT/composites/x12/y11/2025/09/01
2025-09-05 00:31:54,060 - INFO - composites.py:180 -                           
2025-09-05 00:31:54,060 - INFO - composites.py:181 - Retrieve tile geometry
2025-09-05 00:31:54,095 - INFO - composites.py:192 - Create the Bounding Box (φ,λ)
2025-09-05 00:31:54,095 - INFO - composites.py:198 - Create the Bounding Box (x,y)
2025-09-05 00:31:54,095 - INFO - composites.py:211 -                           
2025-09-05 00:31:54,095 - INFO - composites.py:212 - Connect to Planetary Computer STAC Catalog
2025-09-05 00:31:54,302 - INFO - composites.py:220 - Search the STAC Catalog
2025-09-05 00:31:54,368 - INFO - composites.py:232 -         Query parameters:
2025-09-05 00:31:54,368 - INFO - composites.py:233 -             url:          https://planetarycomputer.microsoft.com/api/stac/v1/search
2025-09-05 00:31:54,368 - INFO - composites.py:234 -             client:       microsoft-pc
2025-09-05 00:31:54,368 - INFO - composites.py:235 -             collection:   sentinel-2-l2a
2025-09-05 00:31:54,368 - INFO - composites.py:236 -             bbox:         (23.62848359322628, 37.99360926828161, 24.306499279548976, 38.55013763603257)
2025-09-05 00:31:54,368 - INFO - composites.py:237 -             time range:   2025-09-01T00:00:00Z/2025-09-30T23:59:59Z
2025-09-05 00:31:54,368 - INFO - composites.py:238 -             cloud cover:  0% - 70%
2025-09-05 00:31:54,368 - INFO - composites.py:239 -             nodata cover: 0% - 33%
2025-09-05 00:31:54,368 - INFO - composites.py:241 -                           
2025-09-05 00:31:54,368 - INFO - composites.py:242 - Searching...
2025-09-05 00:31:54,806 - INFO - composites.py:245 - Query found 4 items
2025-09-05 00:31:54,806 - INFO - composites.py:247 - Searching for GRI REFINED scenes:
2025-09-05 00:32:00,428 - INFO - sentinel2.py:78 - 1/4 - S2A_MSIL2A_20250903T091041_R050_T35SKC_20250903T134304 -> REFINED
2025-09-05 00:32:06,046 - INFO - sentinel2.py:78 - 2/4 - S2A_MSIL2A_20250903T091041_R050_T34SGH_20250903T134304 -> REFINED
2025-09-05 00:32:12,106 - INFO - sentinel2.py:78 - 3/4 - S2C_MSIL2A_20250901T090611_R050_T35SKC_20250901T130718 -> REFINED
2025-09-05 00:32:18,487 - INFO - sentinel2.py:78 - 4/4 - S2C_MSIL2A_20250901T090611_R050_T34SGH_20250901T130718 -> REFINED
2025-09-05 00:32:18,528 - INFO - composites.py:250 -                                  
2025-09-05 00:32:18,528 - INFO - composites.py:251 - 4/4 were refined by GRI.
2025-09-05 00:32:18,528 - INFO - composites.py:263 - Looking for up to 8 cleanest images within spatiotemporal range of each MGRS tile
2025-09-05 00:32:18,529 - INFO - composites.py:277 - Filtered cleanest scenes: Kept 4 out of 4 items. 
2025-09-05 00:32:18,530 - INFO - composites.py:278 -         Included MGRS Tiles: ['34SGH' '35SKC']
2025-09-05 00:32:18,530 - INFO - composites.py:279 -         Included EPSG codes: [32634 32635]
2025-09-05 00:32:18,530 - INFO - composites.py:281 - Selected scenes:
2025-09-05 00:32:18,530 - INFO - composites.py:283 -         S2A_MSIL2A_20250903T091041_R050_T34SGH_20250903T134304
2025-09-05 00:32:18,530 - INFO - composites.py:283 -         S2C_MSIL2A_20250901T090611_R050_T34SGH_20250901T130718
2025-09-05 00:32:18,530 - INFO - composites.py:283 -         S2A_MSIL2A_20250903T091041_R050_T35SKC_20250903T134304
2025-09-05 00:32:18,530 - INFO - composites.py:283 -         S2C_MSIL2A_20250901T090611_R050_T35SKC_20250901T130718
2025-09-05 00:32:18,928 - INFO - sentinel2.py:154 - Matplotlib backend: Agg
2025-09-05 00:32:19,082 - INFO - sentinel2.py:224 - Write input scenes footprint overlay: //nas-rs.topo.auth.gr/Latomeia/DROUGHT/composites/x12/y11/2025/09/01/S2L2A_medcomp_x12y11_202509_InDataFootprint.jpeg
2025-09-05 00:32:19,250 - INFO - composites.py:297 -                                  
2025-09-05 00:32:19,250 - INFO - composites.py:298 - Downstream STAC items from Planetary Computer
2025-09-05 00:32:19,250 - INFO - timeseries_processing.py:115 -                                  
2025-09-05 00:32:19,250 - INFO - timeseries_processing.py:116 - Loading bands of diferent resolutions in EPSG:32634
2025-09-05 00:32:19,250 - INFO - timeseries_processing.py:120 -     Filtering items with native UTM EPSG:32634
2025-09-05 00:32:19,250 - INFO - timeseries_processing.py:122 -     2 Items in EPSG:32634
2025-09-05 00:32:19,250 - INFO - timeseries_processing.py:129 -                        
2025-09-05 00:32:19,250 - INFO - timeseries_processing.py:130 -     Loading parameters:
2025-09-05 00:32:19,250 - INFO - timeseries_processing.py:131 -         Bands: ['B05', 'B07', 'B8A', 'SCL']
2025-09-05 00:32:19,250 - INFO - timeseries_processing.py:132 -         Spatial resolution: 20
2025-09-05 00:32:19,250 - INFO - timeseries_processing.py:134 -         Get Assets from STAC Items
2025-09-05 00:32:19,250 - INFO - timeseries_processing.py:47 -         Initialize the STAC client
2025-09-05 00:32:19,712 - INFO - timeseries_processing.py:137 -         Loading 2 STAC Items....
2025-09-05 00:32:40,450 - INFO - timeseries_processing.py:146 -         Cube has been downloaded
2025-09-05 00:32:40,451 - INFO - timeseries_processing.py:156 -         Fix order of dimensions
2025-09-05 00:32:40,452 - INFO - timeseries_processing.py:161 -         Append bands to the band-list of EPSG:32634
2025-09-05 00:32:40,452 - INFO - timeseries_processing.py:129 -                        
2025-09-05 00:32:40,452 - INFO - timeseries_processing.py:130 -     Loading parameters:
2025-09-05 00:32:40,452 - INFO - timeseries_processing.py:131 -         Bands: ['B02', 'B03', 'B04']
2025-09-05 00:32:40,452 - INFO - timeseries_processing.py:132 -         Spatial resolution: 10
2025-09-05 00:32:40,452 - INFO - timeseries_processing.py:134 -         Get Assets from STAC Items
2025-09-05 00:32:40,452 - INFO - timeseries_processing.py:47 -         Initialize the STAC client
2025-09-05 00:32:40,950 - INFO - timeseries_processing.py:137 -         Loading 2 STAC Items....
2025-09-05 00:33:24,938 - INFO - timeseries_processing.py:146 -         Cube has been downloaded
2025-09-05 00:33:24,938 - INFO - timeseries_processing.py:149 -         Reproject to downsample 10m bands to 20m by Resampling.average 2x2 binning and shape matching with odc.geo.GeoBox
2025-09-05 00:33:28,235 - INFO - timeseries_processing.py:161 -         Append bands to the band-list of EPSG:32634
2025-09-05 00:33:28,235 - INFO - timeseries_processing.py:165 -                        
2025-09-05 00:33:28,235 - INFO - timeseries_processing.py:166 -     Merging bands in a single dataset
2025-09-05 00:33:28,235 - INFO - timeseries_processing.py:167 -     Ensure all partial datasets are at (x=20, y=-20) resolution
2025-09-05 00:33:28,235 - INFO - timeseries_processing.py:171 -     Clip to the intersection of indexes
2025-09-05 00:33:29,243 - INFO - timeseries_processing.py:180 -     Make a list of bands to merge
2025-09-05 00:33:29,244 - INFO - timeseries_processing.py:184 -     Merge on intersection
2025-09-05 00:33:29,246 - INFO - timeseries_processing.py:192 -     Apply masks on clouds, shadows, thin cirrus, and snow/ice
2025-09-05 00:33:29,246 - INFO - sentinel2.py:122 -                Masking bits: [3, 7, 8, 9, 10, 11]
2025-09-05 00:33:29,535 - INFO - timeseries_processing.py:115 -                                  
2025-09-05 00:33:29,535 - INFO - timeseries_processing.py:116 - Loading bands of diferent resolutions in EPSG:32635
2025-09-05 00:33:29,535 - INFO - timeseries_processing.py:120 -     Filtering items with native UTM EPSG:32635
2025-09-05 00:33:29,535 - INFO - timeseries_processing.py:122 -     2 Items in EPSG:32635
2025-09-05 00:33:29,535 - INFO - timeseries_processing.py:129 -                        
2025-09-05 00:33:29,535 - INFO - timeseries_processing.py:130 -     Loading parameters:
2025-09-05 00:33:29,535 - INFO - timeseries_processing.py:131 -         Bands: ['B05', 'B07', 'B8A', 'SCL']
2025-09-05 00:33:29,535 - INFO - timeseries_processing.py:132 -         Spatial resolution: 20
2025-09-05 00:33:29,535 - INFO - timeseries_processing.py:134 -         Get Assets from STAC Items
2025-09-05 00:33:29,535 - INFO - timeseries_processing.py:47 -         Initialize the STAC client
2025-09-05 00:33:30,008 - INFO - timeseries_processing.py:137 -         Loading 2 STAC Items....
2025-09-05 00:33:53,204 - INFO - timeseries_processing.py:146 -         Cube has been downloaded
2025-09-05 00:33:53,204 - INFO - timeseries_processing.py:156 -         Fix order of dimensions
2025-09-05 00:33:53,206 - INFO - timeseries_processing.py:161 -         Append bands to the band-list of EPSG:32635
2025-09-05 00:33:53,206 - INFO - timeseries_processing.py:129 -                        
2025-09-05 00:33:53,206 - INFO - timeseries_processing.py:130 -     Loading parameters:
2025-09-05 00:33:53,206 - INFO - timeseries_processing.py:131 -         Bands: ['B02', 'B03', 'B04']
2025-09-05 00:33:53,206 - INFO - timeseries_processing.py:132 -         Spatial resolution: 10
2025-09-05 00:33:53,206 - INFO - timeseries_processing.py:134 -         Get Assets from STAC Items
2025-09-05 00:33:53,206 - INFO - timeseries_processing.py:47 -         Initialize the STAC client
2025-09-05 00:33:53,764 - INFO - timeseries_processing.py:137 -         Loading 2 STAC Items....
2025-09-05 00:34:39,646 - INFO - timeseries_processing.py:146 -         Cube has been downloaded
2025-09-05 00:34:39,646 - INFO - timeseries_processing.py:149 -         Reproject to downsample 10m bands to 20m by Resampling.average 2x2 binning and shape matching with odc.geo.GeoBox
2025-09-05 00:34:42,946 - INFO - timeseries_processing.py:161 -         Append bands to the band-list of EPSG:32635
2025-09-05 00:34:42,946 - INFO - timeseries_processing.py:165 -                        
2025-09-05 00:34:42,946 - INFO - timeseries_processing.py:166 -     Merging bands in a single dataset
2025-09-05 00:34:42,946 - INFO - timeseries_processing.py:167 -     Ensure all partial datasets are at (x=20, y=-20) resolution
2025-09-05 00:34:42,948 - INFO - timeseries_processing.py:171 -     Clip to the intersection of indexes
2025-09-05 00:34:42,949 - INFO - timeseries_processing.py:180 -     Make a list of bands to merge
2025-09-05 00:34:42,949 - INFO - timeseries_processing.py:184 -     Merge on intersection
2025-09-05 00:34:42,951 - INFO - timeseries_processing.py:192 -     Apply masks on clouds, shadows, thin cirrus, and snow/ice
2025-09-05 00:34:42,951 - INFO - sentinel2.py:122 -                Masking bits: [3, 7, 8, 9, 10, 11]
2025-09-05 00:34:43,194 - INFO - composites.py:307 - Reproject from UTM Zone to Tile geometry -> CRS(EPSG:32635), Resampling.bilinear
2025-09-05 00:34:46,020 - INFO - composites.py:310 -     New shape of datasets: Shape2d(x=2400, y=2400)
2025-09-05 00:34:46,167 - INFO - composites.py:315 -                           
2025-09-05 00:34:46,168 - INFO - composites.py:316 - Mosaic datasets to a single dataset
2025-09-05 00:34:48,069 - INFO - composites.py:329 - Scale SR to Sen2Cor Baseline 4.00 - Subtract 1000 in dates post 2022-01-25
2025-09-05 00:34:48,377 - INFO - composites.py:342 - Creating preview plot of input scenes
2025-09-05 00:35:05,247 - INFO - timeseries_processing.py:349 - Saved preview for 'B04' to //nas-rs.topo.auth.gr/Latomeia/DROUGHT/composites/x12/y11/2025/09/01/S2L2A_medcomp_x12y11_202509_InDataPreview.jpeg
2025-09-05 00:35:05,249 - INFO - composites.py:348 - Clip value range
2025-09-05 00:35:05,685 - INFO - composites.py:353 -                           
2025-09-05 00:35:05,685 - INFO - composites.py:354 - Computing spectral indices:
2025-09-05 00:35:05,685 - INFO - composites.py:357 -     EVI...
2025-09-05 00:35:05,942 - INFO - composites.py:359 -     NDVI...
2025-09-05 00:35:06,020 - INFO - composites.py:361 -     PSRI2...
2025-09-05 00:35:06,075 - INFO - composites.py:364 - Clip to typical value range
2025-09-05 00:35:06,149 - INFO - composites.py:371 - Reducing to median value temporal composite
2025-09-05 00:35:32,217 - INFO - composites.py:390 - Scale and Define data types & nodata per band
2025-09-05 00:35:32,344 - INFO - composites.py:411 - Assign time range and tile ID in metadata
2025-09-05 00:35:32,344 - INFO - composites.py:419 - Write bands to raster COG files
2025-09-05 00:35:36,291 - INFO - composites.py:432 - Write B02 -> //nas-rs.topo.auth.gr/Latomeia/DROUGHT/composites/x12/y11/2025/09/01/S2L2A_medcomp_x12y11_202509_B02.tif
2025-09-05 00:35:40,256 - INFO - composites.py:432 - Write B03 -> //nas-rs.topo.auth.gr/Latomeia/DROUGHT/composites/x12/y11/2025/09/01/S2L2A_medcomp_x12y11_202509_B03.tif
2025-09-05 00:35:44,255 - INFO - composites.py:432 - Write B04 -> //nas-rs.topo.auth.gr/Latomeia/DROUGHT/composites/x12/y11/2025/09/01/S2L2A_medcomp_x12y11_202509_B04.tif
2025-09-05 00:35:48,206 - INFO - composites.py:432 - Write B05 -> //nas-rs.topo.auth.gr/Latomeia/DROUGHT/composites/x12/y11/2025/09/01/S2L2A_medcomp_x12y11_202509_B05.tif
2025-09-05 00:35:52,197 - INFO - composites.py:432 - Write B07 -> //nas-rs.topo.auth.gr/Latomeia/DROUGHT/composites/x12/y11/2025/09/01/S2L2A_medcomp_x12y11_202509_B07.tif
2025-09-05 00:35:56,124 - INFO - composites.py:432 - Write B8A -> //nas-rs.topo.auth.gr/Latomeia/DROUGHT/composites/x12/y11/2025/09/01/S2L2A_medcomp_x12y11_202509_B8A.tif
2025-09-05 00:36:00,032 - INFO - composites.py:432 - Write EVI -> //nas-rs.topo.auth.gr/Latomeia/DROUGHT/composites/x12/y11/2025/09/01/S2L2A_medcomp_x12y11_202509_EVI.tif
2025-09-05 00:36:03,926 - INFO - composites.py:432 - Write NDVI -> //nas-rs.topo.auth.gr/Latomeia/DROUGHT/composites/x12/y11/2025/09/01/S2L2A_medcomp_x12y11_202509_NDVI.tif
2025-09-05 00:36:07,828 - INFO - composites.py:432 - Write PSRI2 -> //nas-rs.topo.auth.gr/Latomeia/DROUGHT/composites/x12/y11/2025/09/01/S2L2A_medcomp_x12y11_202509_PSRI2.tif
2025-09-05 00:36:07,828 - INFO - composites.py:436 - Prepare metadata YAML document
2025-09-05 00:36:08,287 - INFO - composites.py:458 - Write metadata YAML document to disk
2025-09-05 00:36:08,333 - INFO - composites.py:463 - Create datacube.model.Dataset from eo3 metadata
2025-09-05 00:36:08,344 - INFO - composites.py:476 - Index to datacube
2025-09-05 00:36:08,344 - INFO - _datasets.py:191 - Indexing cb0e9bc2-37b1-4345-846e-dfce6466663b
2025-09-05 00:36:08,368 - INFO - composites.py:479 - 
2025-09-05 00:36:08,368 - INFO - composites.py:480 -              ✔✔✔ COMPLETED: Tile x12_y11 | Time: 2025-09 | In 4.34 minutes
2025-09-05 00:36:08,368 - INFO - composites.py:481 - 
2025-09-05 00:36:08,368 - INFO - composites.py:489 - Closing Dask client
2025-09-05 00:36:08,374 - INFO - composites.py:493 - Closing Dask cluster
2025-09-05 00:36:08,374 - INFO - composites.py:494 - #######################################################################
