2025-09-02 01:52:40,105 - INFO - composites.py:102 - #######################################################################
2025-09-02 01:52:40,105 - INFO - composites.py:104 - Processing started
2025-09-02 01:52:40,105 - INFO - composites.py:105 -         Tile: x09_y10
2025-09-02 01:52:40,105 - INFO - composites.py:106 -         Time: 2024-06
2025-09-02 01:52:40,105 - INFO - composites.py:109 -                           
2025-09-02 01:52:40,105 - INFO - composites.py:110 - Establishing connection to datacube
2025-09-02 01:52:40,629 - INFO - composites.py:113 -                           
2025-09-02 01:52:40,629 - INFO - composites.py:114 - Sanity test: Check if dataset already exists in the datacube
2025-09-02 01:52:40,650 - INFO - composites.py:133 - The composite requested was not found and it will be computed
2025-09-02 01:52:40,650 - INFO - composites.py:136 -                                  
2025-09-02 01:52:40,650 - INFO - composites.py:137 - Initializing Dask cluster for parallelization
2025-09-02 01:52:45,680 - INFO - composites.py:161 - Dask dashboard is available at: http://127.0.0.1:8787/status
2025-09-02 01:52:45,680 - INFO - composites.py:164 - Create directories and naming conversions
2025-09-02 01:52:45,692 - INFO - composites.py:177 - Dataset location: //nas-rs.topo.auth.gr/Latomeia/DROUGHT/composites/x09/y10/2024/06/01
2025-09-02 01:52:45,692 - INFO - composites.py:180 -                           
2025-09-02 01:52:45,692 - INFO - composites.py:181 - Retrieve tile geometry
2025-09-02 01:52:45,728 - INFO - composites.py:192 - Create the Bounding Box (φ,λ)
2025-09-02 01:52:45,728 - INFO - composites.py:198 - Create the Bounding Box (x,y)
2025-09-02 01:52:45,728 - INFO - composites.py:211 -                           
2025-09-02 01:52:45,729 - INFO - composites.py:212 - Connect to Planetary Computer STAC Catalog
2025-09-02 01:52:45,990 - INFO - composites.py:220 - Search the STAC Catalog
2025-09-02 01:52:46,059 - INFO - composites.py:232 -         Query parameters:
2025-09-02 01:52:46,060 - INFO - composites.py:233 -             url:          https://planetarycomputer.microsoft.com/api/stac/v1/search
2025-09-02 01:52:46,060 - INFO - composites.py:234 -             client:       microsoft-pc
2025-09-02 01:52:46,060 - INFO - composites.py:235 -             collection:   sentinel-2-l2a
2025-09-02 01:52:46,060 - INFO - composites.py:236 -             bbox:         (21.934886085480986, 37.792474572166405, 22.60144615074973, 38.34135632905737)
2025-09-02 01:52:46,060 - INFO - composites.py:237 -             time range:   2024-06-01T00:00:00Z/2024-06-30T23:59:59Z
2025-09-02 01:52:46,060 - INFO - composites.py:238 -             cloud cover:  0% - 70%
2025-09-02 01:52:46,060 - INFO - composites.py:239 -             nodata cover: 0% - 33%
2025-09-02 01:52:46,060 - INFO - composites.py:241 -                           
2025-09-02 01:52:46,060 - INFO - composites.py:242 - Searching...
2025-09-02 01:52:46,548 - INFO - composites.py:245 - Query found 26 items
2025-09-02 01:52:46,549 - INFO - composites.py:247 - Searching for GRI REFINED scenes:
2025-09-02 01:52:52,496 - INFO - sentinel2.py:78 - 1/26 - S2A_MSIL2A_20240628T090601_R050_T34SFG_20240628T152220 -> REFINED
2025-09-02 01:52:57,484 - INFO - sentinel2.py:78 - 2/26 - S2B_MSIL2A_20240626T091559_R093_T34SFH_20240626T144409 -> REFINED
2025-09-02 01:53:03,821 - INFO - sentinel2.py:78 - 3/26 - S2B_MSIL2A_20240626T091559_R093_T34SFG_20240626T144357 -> REFINED
2025-09-02 01:53:09,961 - INFO - sentinel2.py:78 - 4/26 - S2B_MSIL2A_20240626T091559_R093_T34SEH_20240626T144505 -> REFINED
2025-09-02 01:53:16,065 - INFO - sentinel2.py:78 - 5/26 - S2B_MSIL2A_20240626T091559_R093_T34SEG_20240626T144656 -> REFINED
2025-09-02 01:53:22,135 - INFO - sentinel2.py:78 - 6/26 - S2B_MSIL2A_20240623T090559_R050_T34SFG_20240623T132126 -> REFINED
2025-09-02 01:53:28,188 - INFO - sentinel2.py:78 - 7/26 - S2A_MSIL2A_20240621T092031_R093_T34SFH_20240621T131555 -> REFINED
2025-09-02 01:53:32,820 - INFO - sentinel2.py:78 - 8/26 - S2A_MSIL2A_20240621T092031_R093_T34SFG_20240621T130833 -> REFINED
2025-09-02 01:53:38,276 - INFO - sentinel2.py:78 - 9/26 - S2A_MSIL2A_20240621T092031_R093_T34SEH_20240621T130828 -> REFINED
2025-09-02 01:53:43,941 - INFO - sentinel2.py:78 - 10/26 - S2A_MSIL2A_20240621T092031_R093_T34SEG_20240621T131024 -> REFINED
2025-09-02 01:53:48,790 - INFO - sentinel2.py:78 - 11/26 - S2A_MSIL2A_20240618T090601_R050_T34SFG_20240618T134953 -> REFINED
2025-09-02 01:53:55,318 - INFO - sentinel2.py:78 - 12/26 - S2B_MSIL2A_20240616T091559_R093_T34SFH_20240616T133612 -> REFINED
2025-09-02 01:54:01,466 - INFO - sentinel2.py:78 - 13/26 - S2B_MSIL2A_20240616T091559_R093_T34SFG_20240616T132459 -> REFINED
2025-09-02 01:54:06,904 - INFO - sentinel2.py:78 - 14/26 - S2B_MSIL2A_20240616T091559_R093_T34SEH_20240616T133822 -> REFINED
2025-09-02 01:54:12,070 - INFO - sentinel2.py:78 - 15/26 - S2B_MSIL2A_20240616T091559_R093_T34SEG_20240616T133030 -> REFINED
2025-09-02 01:54:17,527 - INFO - sentinel2.py:78 - 16/26 - S2B_MSIL2A_20240613T090559_R050_T34SFG_20240613T122559 -> REFINED
2025-09-02 01:54:23,838 - INFO - sentinel2.py:78 - 17/26 - S2A_MSIL2A_20240611T092031_R093_T34SFG_20240611T131750 -> REFINED
2025-09-02 01:54:29,841 - INFO - sentinel2.py:78 - 18/26 - S2A_MSIL2A_20240611T092031_R093_T34SEH_20240611T131814 -> REFINED
2025-09-02 01:54:37,179 - INFO - sentinel2.py:78 - 19/26 - S2A_MSIL2A_20240611T092031_R093_T34SEG_20240611T130917 -> REFINED
2025-09-02 01:54:43,367 - INFO - sentinel2.py:78 - 20/26 - S2A_MSIL2A_20240608T090601_R050_T34SFG_20240608T132547 -> REFINED
2025-09-02 01:54:49,685 - INFO - sentinel2.py:78 - 21/26 - S2B_MSIL2A_20240606T091559_R093_T34SEH_20240606T131441 -> REFINED
2025-09-02 01:54:55,882 - INFO - sentinel2.py:78 - 22/26 - S2B_MSIL2A_20240606T091559_R093_T34SEG_20240606T142012 -> REFINED
2025-09-02 01:55:01,928 - INFO - sentinel2.py:78 - 23/26 - S2A_MSIL2A_20240601T092031_R093_T34SFH_20240601T143913 -> REFINED
2025-09-02 01:55:07,893 - INFO - sentinel2.py:78 - 24/26 - S2A_MSIL2A_20240601T092031_R093_T34SFG_20240601T143316 -> REFINED
2025-09-02 01:55:13,101 - INFO - sentinel2.py:78 - 25/26 - S2A_MSIL2A_20240601T092031_R093_T34SEH_20240601T143713 -> REFINED
2025-09-02 01:55:17,972 - INFO - sentinel2.py:78 - 26/26 - S2A_MSIL2A_20240601T092031_R093_T34SEG_20240601T143238 -> REFINED
2025-09-02 01:55:18,021 - INFO - composites.py:250 -                                  
2025-09-02 01:55:18,021 - INFO - composites.py:251 - 26/26 were refined by GRI.
2025-09-02 01:55:18,021 - INFO - composites.py:263 - Looking for up to 10 cleanest images within spatiotemporal range of each MGRS tile
2025-09-02 01:55:18,023 - INFO - composites.py:277 - Filtered cleanest scenes: Kept 26 out of 26 items. 
2025-09-02 01:55:18,023 - INFO - composites.py:278 -         Included MGRS Tiles: ['34SEG' '34SEH' '34SFG' '34SFH']
2025-09-02 01:55:18,023 - INFO - composites.py:279 -         Included EPSG codes: [32634]
2025-09-02 01:55:18,023 - INFO - composites.py:281 - Selected scenes:
2025-09-02 01:55:18,023 - INFO - composites.py:283 -         S2A_MSIL2A_20240601T092031_R093_T34SEG_20240601T143238
2025-09-02 01:55:18,024 - INFO - composites.py:283 -         S2A_MSIL2A_20240621T092031_R093_T34SEG_20240621T131024
2025-09-02 01:55:18,024 - INFO - composites.py:283 -         S2B_MSIL2A_20240626T091559_R093_T34SEG_20240626T144656
2025-09-02 01:55:18,024 - INFO - composites.py:283 -         S2A_MSIL2A_20240611T092031_R093_T34SEG_20240611T130917
2025-09-02 01:55:18,024 - INFO - composites.py:283 -         S2B_MSIL2A_20240616T091559_R093_T34SEG_20240616T133030
2025-09-02 01:55:18,024 - INFO - composites.py:283 -         S2B_MSIL2A_20240606T091559_R093_T34SEG_20240606T142012
2025-09-02 01:55:18,024 - INFO - composites.py:283 -         S2A_MSIL2A_20240601T092031_R093_T34SEH_20240601T143713
2025-09-02 01:55:18,024 - INFO - composites.py:283 -         S2A_MSIL2A_20240621T092031_R093_T34SEH_20240621T130828
2025-09-02 01:55:18,024 - INFO - composites.py:283 -         S2B_MSIL2A_20240626T091559_R093_T34SEH_20240626T144505
2025-09-02 01:55:18,024 - INFO - composites.py:283 -         S2B_MSIL2A_20240606T091559_R093_T34SEH_20240606T131441
2025-09-02 01:55:18,024 - INFO - composites.py:283 -         S2B_MSIL2A_20240616T091559_R093_T34SEH_20240616T133822
2025-09-02 01:55:18,024 - INFO - composites.py:283 -         S2A_MSIL2A_20240611T092031_R093_T34SEH_20240611T131814
2025-09-02 01:55:18,024 - INFO - composites.py:283 -         S2B_MSIL2A_20240623T090559_R050_T34SFG_20240623T132126
2025-09-02 01:55:18,024 - INFO - composites.py:283 -         S2A_MSIL2A_20240618T090601_R050_T34SFG_20240618T134953
2025-09-02 01:55:18,024 - INFO - composites.py:283 -         S2A_MSIL2A_20240621T092031_R093_T34SFG_20240621T130833
2025-09-02 01:55:18,024 - INFO - composites.py:283 -         S2A_MSIL2A_20240608T090601_R050_T34SFG_20240608T132547
2025-09-02 01:55:18,024 - INFO - composites.py:283 -         S2B_MSIL2A_20240626T091559_R093_T34SFG_20240626T144357
2025-09-02 01:55:18,024 - INFO - composites.py:283 -         S2A_MSIL2A_20240628T090601_R050_T34SFG_20240628T152220
2025-09-02 01:55:18,024 - INFO - composites.py:283 -         S2A_MSIL2A_20240601T092031_R093_T34SFG_20240601T143316
2025-09-02 01:55:18,024 - INFO - composites.py:283 -         S2A_MSIL2A_20240611T092031_R093_T34SFG_20240611T131750
2025-09-02 01:55:18,026 - INFO - composites.py:283 -         S2B_MSIL2A_20240613T090559_R050_T34SFG_20240613T122559
2025-09-02 01:55:18,026 - INFO - composites.py:283 -         S2B_MSIL2A_20240616T091559_R093_T34SFG_20240616T132459
2025-09-02 01:55:18,026 - INFO - composites.py:283 -         S2A_MSIL2A_20240621T092031_R093_T34SFH_20240621T131555
2025-09-02 01:55:18,026 - INFO - composites.py:283 -         S2A_MSIL2A_20240601T092031_R093_T34SFH_20240601T143913
2025-09-02 01:55:18,026 - INFO - composites.py:283 -         S2B_MSIL2A_20240626T091559_R093_T34SFH_20240626T144409
2025-09-02 01:55:18,026 - INFO - composites.py:283 -         S2B_MSIL2A_20240616T091559_R093_T34SFH_20240616T133612
2025-09-02 01:55:18,479 - INFO - sentinel2.py:154 - Matplotlib backend: Agg
2025-09-02 01:55:18,748 - INFO - sentinel2.py:224 - Write input scenes footprint overlay: //nas-rs.topo.auth.gr/Latomeia/DROUGHT/composites/x09/y10/2024/06/01/S2L2A_medcomp_x09y10_202406_InDataFootprint.jpeg
2025-09-02 01:55:18,991 - INFO - composites.py:297 -                                  
2025-09-02 01:55:18,991 - INFO - composites.py:298 - Downstream STAC items from Planetary Computer
2025-09-02 01:55:18,991 - INFO - timeseries_processing.py:115 -                                  
2025-09-02 01:55:18,991 - INFO - timeseries_processing.py:116 - Loading bands of diferent resolutions in EPSG:32634
2025-09-02 01:55:18,991 - INFO - timeseries_processing.py:120 -     Filtering items with native UTM EPSG:32634
2025-09-02 01:55:18,991 - INFO - timeseries_processing.py:122 -     26 Items in EPSG:32634
2025-09-02 01:55:18,991 - INFO - timeseries_processing.py:129 -                        
2025-09-02 01:55:18,991 - INFO - timeseries_processing.py:130 -     Loading parameters:
2025-09-02 01:55:18,991 - INFO - timeseries_processing.py:131 -         Bands: ['B05', 'B07', 'B8A', 'SCL']
2025-09-02 01:55:18,992 - INFO - timeseries_processing.py:132 -         Spatial resolution: 20
2025-09-02 01:55:18,992 - INFO - timeseries_processing.py:134 -         Get Assets from STAC Items
2025-09-02 01:55:18,992 - INFO - timeseries_processing.py:47 -         Initialize the STAC client
2025-09-02 01:55:19,650 - INFO - timeseries_processing.py:137 -         Loading 26 STAC Items....
2025-09-02 01:56:33,522 - INFO - timeseries_processing.py:146 -         Cube has been downloaded
2025-09-02 01:56:33,522 - INFO - timeseries_processing.py:156 -         Fix order of dimensions
2025-09-02 01:56:33,524 - INFO - timeseries_processing.py:161 -         Append bands to the band-list of EPSG:32634
2025-09-02 01:56:33,524 - INFO - timeseries_processing.py:129 -                        
2025-09-02 01:56:33,524 - INFO - timeseries_processing.py:130 -     Loading parameters:
2025-09-02 01:56:33,524 - INFO - timeseries_processing.py:131 -         Bands: ['B02', 'B03', 'B04']
2025-09-02 01:56:33,525 - INFO - timeseries_processing.py:132 -         Spatial resolution: 10
2025-09-02 01:56:33,525 - INFO - timeseries_processing.py:134 -         Get Assets from STAC Items
2025-09-02 01:56:33,525 - INFO - timeseries_processing.py:47 -         Initialize the STAC client
2025-09-02 01:56:34,198 - INFO - timeseries_processing.py:137 -         Loading 26 STAC Items....
2025-09-02 01:59:14,521 - INFO - timeseries_processing.py:146 -         Cube has been downloaded
2025-09-02 01:59:14,522 - INFO - timeseries_processing.py:149 -         Reproject to downsample 10m bands to 20m by Resampling.average 2x2 binning and shape matching with odc.geo.GeoBox
2025-09-02 01:59:28,606 - INFO - timeseries_processing.py:161 -         Append bands to the band-list of EPSG:32634
2025-09-02 01:59:28,606 - INFO - timeseries_processing.py:165 -                        
2025-09-02 01:59:28,606 - INFO - timeseries_processing.py:166 -     Merging bands in a single dataset
2025-09-02 01:59:28,606 - INFO - timeseries_processing.py:167 -     Ensure all partial datasets are at (x=20, y=-20) resolution
2025-09-02 01:59:28,606 - INFO - timeseries_processing.py:171 -     Clip to the intersection of indexes
2025-09-02 01:59:29,958 - INFO - timeseries_processing.py:180 -     Make a list of bands to merge
2025-09-02 01:59:29,958 - INFO - timeseries_processing.py:184 -     Merge on intersection
2025-09-02 01:59:29,959 - INFO - timeseries_processing.py:192 -     Apply masks on clouds, shadows, thin cirrus, and snow/ice
2025-09-02 01:59:29,959 - INFO - sentinel2.py:122 -                Masking bits: [3, 7, 8, 9, 10, 11]
2025-09-02 01:59:31,321 - INFO - composites.py:307 - Reproject from UTM Zone to Tile geometry -> CRS(EPSG:32634), Resampling.bilinear
2025-09-02 01:59:38,689 - INFO - composites.py:310 -     New shape of datasets: Shape2d(x=2400, y=2400)
2025-09-02 01:59:39,290 - INFO - composites.py:329 - Scale SR to Sen2Cor Baseline 4.00 - Subtract 1000 in dates post 2022-01-25
2025-09-02 01:59:41,011 - INFO - composites.py:342 - Creating preview plot of input scenes
2025-09-02 02:00:19,095 - INFO - timeseries_processing.py:349 - Saved preview for 'B04' to //nas-rs.topo.auth.gr/Latomeia/DROUGHT/composites/x09/y10/2024/06/01/S2L2A_medcomp_x09y10_202406_InDataPreview.jpeg
2025-09-02 02:00:19,103 - INFO - composites.py:348 - Clip value range
2025-09-02 02:00:21,205 - INFO - composites.py:353 -                           
2025-09-02 02:00:21,205 - INFO - composites.py:354 - Computing spectral indices:
2025-09-02 02:00:21,206 - INFO - composites.py:357 -     EVI...
2025-09-02 02:00:22,572 - INFO - composites.py:359 -     NDVI...
2025-09-02 02:00:22,987 - INFO - composites.py:361 -     PSRI2...
2025-09-02 02:00:23,328 - INFO - composites.py:364 - Clip to typical value range
2025-09-02 02:00:23,717 - INFO - composites.py:371 - Reducing to median value temporal composite
2025-09-02 02:00:49,331 - INFO - composites.py:390 - Scale and Define data types & nodata per band
2025-09-02 02:00:49,482 - INFO - composites.py:411 - Assign time range and tile ID in metadata
2025-09-02 02:00:49,484 - INFO - composites.py:419 - Write bands to raster COG files
2025-09-02 02:00:53,411 - INFO - composites.py:432 - Write B02 -> //nas-rs.topo.auth.gr/Latomeia/DROUGHT/composites/x09/y10/2024/06/01/S2L2A_medcomp_x09y10_202406_B02.tif
2025-09-02 02:00:57,309 - INFO - composites.py:432 - Write B03 -> //nas-rs.topo.auth.gr/Latomeia/DROUGHT/composites/x09/y10/2024/06/01/S2L2A_medcomp_x09y10_202406_B03.tif
2025-09-02 02:01:01,207 - INFO - composites.py:432 - Write B04 -> //nas-rs.topo.auth.gr/Latomeia/DROUGHT/composites/x09/y10/2024/06/01/S2L2A_medcomp_x09y10_202406_B04.tif
2025-09-02 02:01:05,037 - INFO - composites.py:432 - Write B05 -> //nas-rs.topo.auth.gr/Latomeia/DROUGHT/composites/x09/y10/2024/06/01/S2L2A_medcomp_x09y10_202406_B05.tif
2025-09-02 02:01:08,916 - INFO - composites.py:432 - Write B07 -> //nas-rs.topo.auth.gr/Latomeia/DROUGHT/composites/x09/y10/2024/06/01/S2L2A_medcomp_x09y10_202406_B07.tif
2025-09-02 02:01:12,837 - INFO - composites.py:432 - Write B8A -> //nas-rs.topo.auth.gr/Latomeia/DROUGHT/composites/x09/y10/2024/06/01/S2L2A_medcomp_x09y10_202406_B8A.tif
2025-09-02 02:01:16,984 - INFO - composites.py:432 - Write EVI -> //nas-rs.topo.auth.gr/Latomeia/DROUGHT/composites/x09/y10/2024/06/01/S2L2A_medcomp_x09y10_202406_EVI.tif
2025-09-02 02:01:21,541 - INFO - composites.py:432 - Write NDVI -> //nas-rs.topo.auth.gr/Latomeia/DROUGHT/composites/x09/y10/2024/06/01/S2L2A_medcomp_x09y10_202406_NDVI.tif
2025-09-02 02:01:25,317 - INFO - composites.py:432 - Write PSRI2 -> //nas-rs.topo.auth.gr/Latomeia/DROUGHT/composites/x09/y10/2024/06/01/S2L2A_medcomp_x09y10_202406_PSRI2.tif
2025-09-02 02:01:25,331 - INFO - composites.py:436 - Prepare metadata YAML document
2025-09-02 02:01:25,857 - INFO - composites.py:458 - Write metadata YAML document to disk
2025-09-02 02:01:25,896 - INFO - composites.py:463 - Create datacube.model.Dataset from eo3 metadata
2025-09-02 02:01:25,908 - INFO - composites.py:476 - Index to datacube
2025-09-02 02:01:25,908 - INFO - _datasets.py:191 - Indexing 69a59c98-c82d-4fb1-861e-ca4356e007a7
2025-09-02 02:01:25,917 - INFO - composites.py:479 - 
2025-09-02 02:01:25,918 - INFO - composites.py:480 -              ✔✔✔ COMPLETED: Tile x09_y10 | Time: 2024-06 | In 8.76 minutes
2025-09-02 02:01:25,918 - INFO - composites.py:481 - 
2025-09-02 02:01:25,918 - INFO - composites.py:489 - Closing Dask client
2025-09-02 02:01:25,920 - INFO - composites.py:493 - Closing Dask cluster
2025-09-02 02:01:25,920 - INFO - composites.py:494 - #######################################################################
