2025-08-31 11:09:59,034 - INFO - composites.py:102 - #######################################################################
2025-08-31 11:09:59,034 - INFO - composites.py:104 - Processing started
2025-08-31 11:09:59,034 - INFO - composites.py:105 -         Tile: x11_y08
2025-08-31 11:09:59,034 - INFO - composites.py:106 -         Time: 2023-06
2025-08-31 11:09:59,034 - INFO - composites.py:109 -                           
2025-08-31 11:09:59,034 - INFO - composites.py:110 - Establishing connection to datacube
2025-08-31 11:09:59,574 - INFO - composites.py:113 -                           
2025-08-31 11:09:59,574 - INFO - composites.py:114 - Sanity test: Check if dataset already exists in the datacube
2025-08-31 11:09:59,594 - INFO - composites.py:133 - The composite requested was not found and it will be computed
2025-08-31 11:09:59,594 - INFO - composites.py:136 -                                  
2025-08-31 11:09:59,594 - INFO - composites.py:137 - Initializing Dask cluster for parallelization
2025-08-31 11:10:04,680 - INFO - composites.py:161 - Dask dashboard is available at: http://127.0.0.1:8787/status
2025-08-31 11:10:04,680 - INFO - composites.py:164 - Create directories and naming conversions
2025-08-31 11:10:04,690 - INFO - composites.py:177 - Dataset location: //nas-rs.topo.auth.gr/Latomeia/DROUGHT/composites/x11/y08/2023/06/01
2025-08-31 11:10:04,691 - INFO - composites.py:180 -                           
2025-08-31 11:10:04,691 - INFO - composites.py:181 - Retrieve tile geometry
2025-08-31 11:10:04,721 - INFO - composites.py:192 - Create the Bounding Box (φ,λ)
2025-08-31 11:10:04,721 - INFO - composites.py:198 - Create the Bounding Box (x,y)
2025-08-31 11:10:04,721 - INFO - composites.py:211 -                           
2025-08-31 11:10:04,721 - INFO - composites.py:212 - Connect to Planetary Computer STAC Catalog
2025-08-31 11:10:04,972 - INFO - composites.py:220 - Search the STAC Catalog
2025-08-31 11:10:05,037 - INFO - composites.py:232 -         Query parameters:
2025-08-31 11:10:05,037 - INFO - composites.py:233 -             url:          https://planetarycomputer.microsoft.com/api/stac/v1/search
2025-08-31 11:10:05,037 - INFO - composites.py:234 -             client:       microsoft-pc
2025-08-31 11:10:05,037 - INFO - composites.py:235 -             collection:   sentinel-2-l2a
2025-08-31 11:10:05,037 - INFO - composites.py:236 -             bbox:         (22.845662885042927, 36.78779644280391, 23.507450073915326, 37.34127558081356)
2025-08-31 11:10:05,037 - INFO - composites.py:237 -             time range:   2023-06-01T00:00:00Z/2023-06-30T23:59:59Z
2025-08-31 11:10:05,037 - INFO - composites.py:238 -             cloud cover:  0% - 70%
2025-08-31 11:10:05,037 - INFO - composites.py:239 -             nodata cover: 0% - 33%
2025-08-31 11:10:05,037 - INFO - composites.py:241 -                           
2025-08-31 11:10:05,037 - INFO - composites.py:242 - Searching...
2025-08-31 11:10:05,820 - INFO - composites.py:245 - Query found 54 items
2025-08-31 11:10:05,822 - INFO - composites.py:247 - Searching for GRI REFINED scenes:
2025-08-31 11:10:11,331 - INFO - sentinel2.py:78 - 1/54 - S2B_MSIL2A_20230629T090559_R050_T34SGG_20240926T143342 -> REFINED
2025-08-31 11:10:16,326 - INFO - sentinel2.py:78 - 2/54 - S2B_MSIL2A_20230629T090559_R050_T34SGG_20230629T162712 -> REFINED
2025-08-31 11:10:21,880 - INFO - sentinel2.py:78 - 3/54 - S2B_MSIL2A_20230629T090559_R050_T34SGF_20240926T143342 -> REFINED
2025-08-31 11:10:26,721 - INFO - sentinel2.py:78 - 4/54 - S2B_MSIL2A_20230629T090559_R050_T34SGF_20230629T165809 -> REFINED
2025-08-31 11:10:31,714 - INFO - sentinel2.py:78 - 5/54 - S2B_MSIL2A_20230629T090559_R050_T34SFG_20240926T143342 -> REFINED
2025-08-31 11:10:37,141 - INFO - sentinel2.py:78 - 6/54 - S2B_MSIL2A_20230629T090559_R050_T34SFG_20230629T165148 -> REFINED
2025-08-31 11:10:41,507 - INFO - sentinel2.py:78 - 7/54 - S2B_MSIL2A_20230629T090559_R050_T34SFF_20240926T143342 -> REFINED
2025-08-31 11:10:47,612 - INFO - sentinel2.py:78 - 8/54 - S2B_MSIL2A_20230629T090559_R050_T34SFF_20230629T163142 -> REFINED
2025-08-31 11:10:52,440 - INFO - sentinel2.py:78 - 9/54 - S2A_MSIL2A_20230627T092031_R093_T34SFG_20241009T222145 -> REFINED
2025-08-31 11:10:56,918 - INFO - sentinel2.py:78 - 10/54 - S2A_MSIL2A_20230627T092031_R093_T34SFG_20230627T183218 -> REFINED
2025-08-31 11:11:02,146 - INFO - sentinel2.py:78 - 11/54 - S2A_MSIL2A_20230627T092031_R093_T34SFF_20241009T222145 -> REFINED
2025-08-31 11:11:06,420 - INFO - sentinel2.py:78 - 12/54 - S2A_MSIL2A_20230627T092031_R093_T34SFF_20230627T183258 -> REFINED
2025-08-31 11:11:11,470 - INFO - sentinel2.py:78 - 13/54 - S2A_MSIL2A_20230624T090601_R050_T34SGG_20240912T044526 -> REFINED
2025-08-31 11:11:17,790 - INFO - sentinel2.py:78 - 14/54 - S2A_MSIL2A_20230624T090601_R050_T34SGG_20230624T152609 -> REFINED
2025-08-31 11:11:22,902 - INFO - sentinel2.py:78 - 15/54 - S2A_MSIL2A_20230624T090601_R050_T34SGF_20240912T044526 -> REFINED
2025-08-31 11:11:27,643 - INFO - sentinel2.py:78 - 16/54 - S2A_MSIL2A_20230624T090601_R050_T34SGF_20230624T154930 -> REFINED
2025-08-31 11:11:33,115 - INFO - sentinel2.py:78 - 17/54 - S2A_MSIL2A_20230624T090601_R050_T34SFG_20240912T044526 -> REFINED
2025-08-31 11:11:39,409 - INFO - sentinel2.py:78 - 18/54 - S2A_MSIL2A_20230624T090601_R050_T34SFG_20230624T154821 -> REFINED
2025-08-31 11:11:44,615 - INFO - sentinel2.py:78 - 19/54 - S2A_MSIL2A_20230624T090601_R050_T34SFF_20240912T044526 -> REFINED
2025-08-31 11:11:48,918 - INFO - sentinel2.py:78 - 20/54 - S2A_MSIL2A_20230624T090601_R050_T34SFF_20230624T152558 -> REFINED
2025-08-31 11:11:54,206 - INFO - sentinel2.py:78 - 21/54 - S2B_MSIL2A_20230622T091559_R093_T34SFG_20230622T174055 -> REFINED
2025-08-31 11:11:58,890 - INFO - sentinel2.py:78 - 22/54 - S2B_MSIL2A_20230622T091559_R093_T34SFF_20230622T174053 -> REFINED
2025-08-31 11:12:04,201 - INFO - sentinel2.py:78 - 23/54 - S2B_MSIL2A_20230619T090559_R050_T34SGG_20230619T133004 -> REFINED
2025-08-31 11:12:09,468 - INFO - sentinel2.py:78 - 24/54 - S2B_MSIL2A_20230619T090559_R050_T34SGF_20230619T133007 -> REFINED
2025-08-31 11:12:14,072 - INFO - sentinel2.py:78 - 25/54 - S2B_MSIL2A_20230619T090559_R050_T34SFG_20230619T133003 -> REFINED
2025-08-31 11:12:19,313 - INFO - sentinel2.py:78 - 26/54 - S2B_MSIL2A_20230619T090559_R050_T34SFF_20230619T133003 -> REFINED
2025-08-31 11:12:24,753 - INFO - sentinel2.py:78 - 27/54 - S2A_MSIL2A_20230617T092031_R093_T34SFF_20240926T233927 -> REFINED
2025-08-31 11:12:30,001 - INFO - sentinel2.py:78 - 28/54 - S2A_MSIL2A_20230617T092031_R093_T34SFF_20230617T173532 -> REFINED
2025-08-31 11:12:34,307 - INFO - sentinel2.py:78 - 29/54 - S2A_MSIL2A_20230614T090601_R050_T34SGG_20240909T191515 -> REFINED
2025-08-31 11:12:39,279 - INFO - sentinel2.py:78 - 30/54 - S2A_MSIL2A_20230614T090601_R050_T34SGG_20230614T152854 -> REFINED
2025-08-31 11:12:44,573 - INFO - sentinel2.py:78 - 31/54 - S2A_MSIL2A_20230614T090601_R050_T34SGF_20240909T191515 -> REFINED
2025-08-31 11:12:49,654 - INFO - sentinel2.py:78 - 32/54 - S2A_MSIL2A_20230614T090601_R050_T34SGF_20230614T153036 -> REFINED
2025-08-31 11:12:53,792 - INFO - sentinel2.py:78 - 33/54 - S2A_MSIL2A_20230614T090601_R050_T34SFG_20240909T191515 -> REFINED
2025-08-31 11:12:59,258 - INFO - sentinel2.py:78 - 34/54 - S2A_MSIL2A_20230614T090601_R050_T34SFG_20230614T153030 -> REFINED
2025-08-31 11:13:04,473 - INFO - sentinel2.py:78 - 35/54 - S2A_MSIL2A_20230614T090601_R050_T34SFF_20240909T191515 -> REFINED
2025-08-31 11:13:08,797 - INFO - sentinel2.py:78 - 36/54 - S2A_MSIL2A_20230614T090601_R050_T34SFF_20230614T152852 -> REFINED
2025-08-31 11:13:15,132 - INFO - sentinel2.py:78 - 37/54 - S2B_MSIL2A_20230612T091559_R093_T34SFF_20240911T011934 -> REFINED
2025-08-31 11:13:19,623 - INFO - sentinel2.py:78 - 38/54 - S2B_MSIL2A_20230612T091559_R093_T34SFF_20230612T134046 -> REFINED
2025-08-31 11:13:24,315 - INFO - sentinel2.py:78 - 39/54 - S2B_MSIL2A_20230609T090559_R050_T34SGG_20240927T230135 -> REFINED
2025-08-31 11:13:29,083 - INFO - sentinel2.py:78 - 40/54 - S2B_MSIL2A_20230609T090559_R050_T34SGG_20230609T132300 -> REFINED
2025-08-31 11:13:34,154 - INFO - sentinel2.py:78 - 41/54 - S2B_MSIL2A_20230609T090559_R050_T34SGF_20240927T230135 -> REFINED
2025-08-31 11:13:39,072 - INFO - sentinel2.py:78 - 42/54 - S2B_MSIL2A_20230609T090559_R050_T34SGF_20230609T132259 -> REFINED
2025-08-31 11:13:43,319 - INFO - sentinel2.py:78 - 43/54 - S2B_MSIL2A_20230609T090559_R050_T34SFG_20240927T230135 -> REFINED
2025-08-31 11:13:48,638 - INFO - sentinel2.py:78 - 44/54 - S2B_MSIL2A_20230609T090559_R050_T34SFG_20230609T132253 -> REFINED
2025-08-31 11:13:55,236 - INFO - sentinel2.py:78 - 45/54 - S2B_MSIL2A_20230609T090559_R050_T34SFF_20240927T230135 -> REFINED
2025-08-31 11:14:00,042 - INFO - sentinel2.py:78 - 46/54 - S2B_MSIL2A_20230609T090559_R050_T34SFF_20230609T132300 -> REFINED
2025-08-31 11:14:04,852 - INFO - sentinel2.py:78 - 47/54 - S2A_MSIL2A_20230604T090601_R050_T34SGG_20240926T190007 -> REFINED
2025-08-31 11:14:09,838 - INFO - sentinel2.py:78 - 48/54 - S2A_MSIL2A_20230604T090601_R050_T34SGG_20230604T153151 -> REFINED
2025-08-31 11:14:14,637 - INFO - sentinel2.py:78 - 49/54 - S2A_MSIL2A_20230604T090601_R050_T34SGF_20240926T190007 -> REFINED
2025-08-31 11:14:19,434 - INFO - sentinel2.py:78 - 50/54 - S2A_MSIL2A_20230604T090601_R050_T34SGF_20230604T153154 -> REFINED
2025-08-31 11:14:24,601 - INFO - sentinel2.py:78 - 51/54 - S2A_MSIL2A_20230604T090601_R050_T34SFG_20240926T190007 -> REFINED
2025-08-31 11:14:30,198 - INFO - sentinel2.py:78 - 52/54 - S2A_MSIL2A_20230604T090601_R050_T34SFG_20230604T153152 -> REFINED
2025-08-31 11:14:35,519 - INFO - sentinel2.py:78 - 53/54 - S2A_MSIL2A_20230604T090601_R050_T34SFF_20240926T190007 -> REFINED
2025-08-31 11:14:40,597 - INFO - sentinel2.py:78 - 54/54 - S2A_MSIL2A_20230604T090601_R050_T34SFF_20230604T153153 -> REFINED
2025-08-31 11:14:40,637 - INFO - composites.py:250 -                                  
2025-08-31 11:14:40,638 - INFO - composites.py:251 - 54/54 were refined by GRI.
2025-08-31 11:14:40,638 - INFO - composites.py:263 - Looking for up to 10 cleanest images within spatiotemporal range of each MGRS tile
2025-08-31 11:14:40,639 - INFO - composites.py:277 - Filtered cleanest scenes: Kept 40 out of 54 items. 
2025-08-31 11:14:40,639 - INFO - composites.py:278 -         Included MGRS Tiles: ['34SFF' '34SFG' '34SGF' '34SGG']
2025-08-31 11:14:40,639 - INFO - composites.py:279 -         Included EPSG codes: [32634]
2025-08-31 11:14:40,640 - INFO - composites.py:281 - Selected scenes:
2025-08-31 11:14:40,641 - INFO - composites.py:283 -         S2A_MSIL2A_20230624T090601_R050_T34SFF_20230624T152558
2025-08-31 11:14:40,641 - INFO - composites.py:283 -         S2A_MSIL2A_20230624T090601_R050_T34SFF_20240912T044526
2025-08-31 11:14:40,641 - INFO - composites.py:283 -         S2B_MSIL2A_20230629T090559_R050_T34SFF_20240926T143342
2025-08-31 11:14:40,641 - INFO - composites.py:283 -         S2B_MSIL2A_20230629T090559_R050_T34SFF_20230629T163142
2025-08-31 11:14:40,642 - INFO - composites.py:283 -         S2A_MSIL2A_20230604T090601_R050_T34SFF_20240926T190007
2025-08-31 11:14:40,650 - INFO - composites.py:283 -         S2A_MSIL2A_20230604T090601_R050_T34SFF_20230604T153153
2025-08-31 11:14:40,650 - INFO - composites.py:283 -         S2B_MSIL2A_20230619T090559_R050_T34SFF_20230619T133003
2025-08-31 11:14:40,656 - INFO - composites.py:283 -         S2B_MSIL2A_20230609T090559_R050_T34SFF_20240927T230135
2025-08-31 11:14:40,674 - INFO - composites.py:283 -         S2B_MSIL2A_20230609T090559_R050_T34SFF_20230609T132300
2025-08-31 11:14:40,686 - INFO - composites.py:283 -         S2A_MSIL2A_20230614T090601_R050_T34SFF_20240909T191515
2025-08-31 11:14:40,686 - INFO - composites.py:283 -         S2A_MSIL2A_20230624T090601_R050_T34SFG_20230624T154821
2025-08-31 11:14:40,686 - INFO - composites.py:283 -         S2A_MSIL2A_20230624T090601_R050_T34SFG_20240912T044526
2025-08-31 11:14:40,698 - INFO - composites.py:283 -         S2B_MSIL2A_20230629T090559_R050_T34SFG_20240926T143342
2025-08-31 11:14:40,698 - INFO - composites.py:283 -         S2B_MSIL2A_20230629T090559_R050_T34SFG_20230629T165148
2025-08-31 11:14:40,698 - INFO - composites.py:283 -         S2B_MSIL2A_20230619T090559_R050_T34SFG_20230619T133003
2025-08-31 11:14:40,699 - INFO - composites.py:283 -         S2B_MSIL2A_20230622T091559_R093_T34SFG_20230622T174055
2025-08-31 11:14:40,699 - INFO - composites.py:283 -         S2A_MSIL2A_20230614T090601_R050_T34SFG_20240909T191515
2025-08-31 11:14:40,699 - INFO - composites.py:283 -         S2A_MSIL2A_20230614T090601_R050_T34SFG_20230614T153030
2025-08-31 11:14:40,699 - INFO - composites.py:283 -         S2A_MSIL2A_20230604T090601_R050_T34SFG_20240926T190007
2025-08-31 11:14:40,699 - INFO - composites.py:283 -         S2A_MSIL2A_20230604T090601_R050_T34SFG_20230604T153152
2025-08-31 11:14:40,699 - INFO - composites.py:283 -         S2B_MSIL2A_20230629T090559_R050_T34SGF_20230629T165809
2025-08-31 11:14:40,699 - INFO - composites.py:283 -         S2B_MSIL2A_20230629T090559_R050_T34SGF_20240926T143342
2025-08-31 11:14:40,699 - INFO - composites.py:283 -         S2B_MSIL2A_20230609T090559_R050_T34SGF_20240927T230135
2025-08-31 11:14:40,699 - INFO - composites.py:283 -         S2B_MSIL2A_20230609T090559_R050_T34SGF_20230609T132259
2025-08-31 11:14:40,699 - INFO - composites.py:283 -         S2B_MSIL2A_20230619T090559_R050_T34SGF_20230619T133007
2025-08-31 11:14:40,699 - INFO - composites.py:283 -         S2A_MSIL2A_20230614T090601_R050_T34SGF_20230614T153036
2025-08-31 11:14:40,699 - INFO - composites.py:283 -         S2A_MSIL2A_20230614T090601_R050_T34SGF_20240909T191515
2025-08-31 11:14:40,699 - INFO - composites.py:283 -         S2A_MSIL2A_20230604T090601_R050_T34SGF_20230604T153154
2025-08-31 11:14:40,700 - INFO - composites.py:283 -         S2A_MSIL2A_20230604T090601_R050_T34SGF_20240926T190007
2025-08-31 11:14:40,700 - INFO - composites.py:283 -         S2A_MSIL2A_20230624T090601_R050_T34SGF_20240912T044526
2025-08-31 11:14:40,700 - INFO - composites.py:283 -         S2A_MSIL2A_20230624T090601_R050_T34SGG_20240912T044526
2025-08-31 11:14:40,700 - INFO - composites.py:283 -         S2A_MSIL2A_20230624T090601_R050_T34SGG_20230624T152609
2025-08-31 11:14:40,700 - INFO - composites.py:283 -         S2B_MSIL2A_20230629T090559_R050_T34SGG_20230629T162712
2025-08-31 11:14:40,700 - INFO - composites.py:283 -         S2B_MSIL2A_20230629T090559_R050_T34SGG_20240926T143342
2025-08-31 11:14:40,700 - INFO - composites.py:283 -         S2B_MSIL2A_20230609T090559_R050_T34SGG_20240927T230135
2025-08-31 11:14:40,700 - INFO - composites.py:283 -         S2B_MSIL2A_20230609T090559_R050_T34SGG_20230609T132300
2025-08-31 11:14:40,700 - INFO - composites.py:283 -         S2A_MSIL2A_20230614T090601_R050_T34SGG_20240909T191515
2025-08-31 11:14:40,700 - INFO - composites.py:283 -         S2A_MSIL2A_20230614T090601_R050_T34SGG_20230614T152854
2025-08-31 11:14:40,700 - INFO - composites.py:283 -         S2B_MSIL2A_20230619T090559_R050_T34SGG_20230619T133004
2025-08-31 11:14:40,700 - INFO - composites.py:283 -         S2A_MSIL2A_20230604T090601_R050_T34SGG_20240926T190007
2025-08-31 11:14:41,279 - INFO - sentinel2.py:154 - Matplotlib backend: Agg
2025-08-31 11:14:41,592 - INFO - sentinel2.py:224 - Write input scenes footprint overlay: //nas-rs.topo.auth.gr/Latomeia/DROUGHT/composites/x11/y08/2023/06/01/S2L2A_medcomp_x11y08_202306_InDataFootprint.jpeg
2025-08-31 11:14:41,884 - INFO - composites.py:297 -                                  
2025-08-31 11:14:41,884 - INFO - composites.py:298 - Downstream STAC items from Planetary Computer
2025-08-31 11:14:41,884 - INFO - timeseries_processing.py:115 -                                  
2025-08-31 11:14:41,884 - INFO - timeseries_processing.py:116 - Loading bands of diferent resolutions in EPSG:32634
2025-08-31 11:14:41,884 - INFO - timeseries_processing.py:120 -     Filtering items with native UTM EPSG:32634
2025-08-31 11:14:41,884 - INFO - timeseries_processing.py:122 -     40 Items in EPSG:32634
2025-08-31 11:14:41,884 - INFO - timeseries_processing.py:129 -                        
2025-08-31 11:14:41,884 - INFO - timeseries_processing.py:130 -     Loading parameters:
2025-08-31 11:14:41,884 - INFO - timeseries_processing.py:131 -         Bands: ['B05', 'B07', 'B8A', 'SCL']
2025-08-31 11:14:41,885 - INFO - timeseries_processing.py:132 -         Spatial resolution: 20
2025-08-31 11:14:41,885 - INFO - timeseries_processing.py:134 -         Get Assets from STAC Items
2025-08-31 11:14:41,885 - INFO - timeseries_processing.py:47 -         Initialize the STAC client
2025-08-31 11:14:42,882 - INFO - timeseries_processing.py:137 -         Loading 40 STAC Items....
2025-08-31 11:17:25,340 - INFO - timeseries_processing.py:146 -         Cube has been downloaded
2025-08-31 11:17:25,340 - INFO - timeseries_processing.py:156 -         Fix order of dimensions
2025-08-31 11:17:25,342 - INFO - timeseries_processing.py:161 -         Append bands to the band-list of EPSG:32634
2025-08-31 11:17:25,342 - INFO - timeseries_processing.py:129 -                        
2025-08-31 11:17:25,342 - INFO - timeseries_processing.py:130 -     Loading parameters:
2025-08-31 11:17:25,342 - INFO - timeseries_processing.py:131 -         Bands: ['B02', 'B03', 'B04']
2025-08-31 11:17:25,342 - INFO - timeseries_processing.py:132 -         Spatial resolution: 10
2025-08-31 11:17:25,342 - INFO - timeseries_processing.py:134 -         Get Assets from STAC Items
2025-08-31 11:17:25,342 - INFO - timeseries_processing.py:47 -         Initialize the STAC client
2025-08-31 11:17:26,250 - INFO - timeseries_processing.py:137 -         Loading 40 STAC Items....
2025-08-31 11:21:05,355 - INFO - timeseries_processing.py:146 -         Cube has been downloaded
2025-08-31 11:21:05,360 - INFO - timeseries_processing.py:149 -         Reproject to downsample 10m bands to 20m by Resampling.average 2x2 binning and shape matching with odc.geo.GeoBox
2025-08-31 11:21:15,863 - INFO - timeseries_processing.py:161 -         Append bands to the band-list of EPSG:32634
2025-08-31 11:21:15,863 - INFO - timeseries_processing.py:165 -                        
2025-08-31 11:21:15,864 - INFO - timeseries_processing.py:166 -     Merging bands in a single dataset
2025-08-31 11:21:15,864 - INFO - timeseries_processing.py:167 -     Ensure all partial datasets are at (x=20, y=-20) resolution
2025-08-31 11:21:15,864 - INFO - timeseries_processing.py:171 -     Clip to the intersection of indexes
2025-08-31 11:21:17,158 - INFO - timeseries_processing.py:180 -     Make a list of bands to merge
2025-08-31 11:21:17,160 - INFO - timeseries_processing.py:184 -     Merge on intersection
2025-08-31 11:21:17,161 - INFO - timeseries_processing.py:192 -     Apply masks on clouds, shadows, thin cirrus, and snow/ice
2025-08-31 11:21:17,161 - INFO - sentinel2.py:122 -                Masking bits: [3, 7, 8, 9, 10, 11]
2025-08-31 11:21:18,027 - INFO - composites.py:307 - Reproject from UTM Zone to Tile geometry -> CRS(EPSG:32634), Resampling.bilinear
2025-08-31 11:21:22,908 - INFO - composites.py:310 -     New shape of datasets: Shape2d(x=2400, y=2400)
2025-08-31 11:21:23,579 - INFO - composites.py:329 - Scale SR to Sen2Cor Baseline 4.00 - Subtract 1000 in dates post 2022-01-25
2025-08-31 11:21:24,635 - INFO - composites.py:342 - Creating preview plot of input scenes
2025-08-31 11:21:51,909 - INFO - timeseries_processing.py:349 - Saved preview for 'B04' to //nas-rs.topo.auth.gr/Latomeia/DROUGHT/composites/x11/y08/2023/06/01/S2L2A_medcomp_x11y08_202306_InDataPreview.jpeg
2025-08-31 11:21:51,914 - INFO - composites.py:348 - Clip value range
2025-08-31 11:21:53,334 - INFO - composites.py:353 -                           
2025-08-31 11:21:53,334 - INFO - composites.py:354 - Computing spectral indices:
2025-08-31 11:21:53,336 - INFO - composites.py:357 -     EVI...
2025-08-31 11:21:54,264 - INFO - composites.py:359 -     NDVI...
2025-08-31 11:21:54,581 - INFO - composites.py:361 -     PSRI2...
2025-08-31 11:21:54,799 - INFO - composites.py:364 - Clip to typical value range
2025-08-31 11:21:55,109 - INFO - composites.py:371 - Reducing to median value temporal composite
2025-08-31 11:22:22,310 - INFO - composites.py:390 - Scale and Define data types & nodata per band
2025-08-31 11:22:22,498 - INFO - composites.py:411 - Assign time range and tile ID in metadata
2025-08-31 11:22:22,498 - INFO - composites.py:419 - Write bands to raster COG files
2025-08-31 11:22:26,371 - INFO - composites.py:432 - Write B02 -> //nas-rs.topo.auth.gr/Latomeia/DROUGHT/composites/x11/y08/2023/06/01/S2L2A_medcomp_x11y08_202306_B02.tif
2025-08-31 11:22:30,157 - INFO - composites.py:432 - Write B03 -> //nas-rs.topo.auth.gr/Latomeia/DROUGHT/composites/x11/y08/2023/06/01/S2L2A_medcomp_x11y08_202306_B03.tif
2025-08-31 11:22:33,923 - INFO - composites.py:432 - Write B04 -> //nas-rs.topo.auth.gr/Latomeia/DROUGHT/composites/x11/y08/2023/06/01/S2L2A_medcomp_x11y08_202306_B04.tif
2025-08-31 11:22:37,769 - INFO - composites.py:432 - Write B05 -> //nas-rs.topo.auth.gr/Latomeia/DROUGHT/composites/x11/y08/2023/06/01/S2L2A_medcomp_x11y08_202306_B05.tif
2025-08-31 11:22:41,609 - INFO - composites.py:432 - Write B07 -> //nas-rs.topo.auth.gr/Latomeia/DROUGHT/composites/x11/y08/2023/06/01/S2L2A_medcomp_x11y08_202306_B07.tif
2025-08-31 11:22:45,449 - INFO - composites.py:432 - Write B8A -> //nas-rs.topo.auth.gr/Latomeia/DROUGHT/composites/x11/y08/2023/06/01/S2L2A_medcomp_x11y08_202306_B8A.tif
2025-08-31 11:22:49,274 - INFO - composites.py:432 - Write EVI -> //nas-rs.topo.auth.gr/Latomeia/DROUGHT/composites/x11/y08/2023/06/01/S2L2A_medcomp_x11y08_202306_EVI.tif
2025-08-31 11:22:53,082 - INFO - composites.py:432 - Write NDVI -> //nas-rs.topo.auth.gr/Latomeia/DROUGHT/composites/x11/y08/2023/06/01/S2L2A_medcomp_x11y08_202306_NDVI.tif
2025-08-31 11:22:56,980 - INFO - composites.py:432 - Write PSRI2 -> //nas-rs.topo.auth.gr/Latomeia/DROUGHT/composites/x11/y08/2023/06/01/S2L2A_medcomp_x11y08_202306_PSRI2.tif
2025-08-31 11:22:56,980 - INFO - composites.py:436 - Prepare metadata YAML document
2025-08-31 11:22:57,503 - INFO - composites.py:458 - Write metadata YAML document to disk
2025-08-31 11:22:57,529 - INFO - composites.py:463 - Create datacube.model.Dataset from eo3 metadata
2025-08-31 11:22:57,544 - INFO - composites.py:476 - Index to datacube
2025-08-31 11:22:57,544 - INFO - _datasets.py:191 - Indexing b6c84317-c4e6-427b-a5b8-20a38a375906
2025-08-31 11:22:57,554 - INFO - composites.py:479 - 
2025-08-31 11:22:57,554 - INFO - composites.py:480 -              ✔✔✔ COMPLETED: Tile x11_y08 | Time: 2023-06 | In 12.98 minutes
2025-08-31 11:22:57,554 - INFO - composites.py:481 - 
2025-08-31 11:22:57,554 - INFO - composites.py:489 - Closing Dask client
2025-08-31 11:22:57,562 - INFO - composites.py:493 - Closing Dask cluster
2025-08-31 11:22:57,562 - INFO - composites.py:494 - #######################################################################
