2025-08-30 20:39:56,642 - INFO - composites.py:102 - #######################################################################
2025-08-30 20:39:56,642 - INFO - composites.py:104 - Processing started
2025-08-30 20:39:56,642 - INFO - composites.py:105 -         Tile: x11_y11
2025-08-30 20:39:56,642 - INFO - composites.py:106 -         Time: 2023-01
2025-08-30 20:39:56,642 - INFO - composites.py:109 -                           
2025-08-30 20:39:56,642 - INFO - composites.py:110 - Establishing connection to datacube
2025-08-30 20:39:57,699 - INFO - composites.py:113 -                           
2025-08-30 20:39:57,699 - INFO - composites.py:114 - Sanity test: Check if dataset already exists in the datacube
2025-08-30 20:39:57,727 - INFO - composites.py:133 - The composite requested was not found and it will be computed
2025-08-30 20:39:57,727 - INFO - composites.py:136 -                                  
2025-08-30 20:39:57,727 - INFO - composites.py:137 - Initializing Dask cluster for parallelization
2025-08-30 20:40:06,148 - INFO - composites.py:161 - Dask dashboard is available at: http://127.0.0.1:8787/status
2025-08-30 20:40:06,148 - INFO - composites.py:164 - Create directories and naming conversions
2025-08-30 20:40:06,164 - INFO - composites.py:177 - Dataset location: //nas-rs.topo.auth.gr/Latomeia/DROUGHT/composites/x11/y11/2023/01/01
2025-08-30 20:40:06,164 - INFO - composites.py:180 -                           
2025-08-30 20:40:06,165 - INFO - composites.py:181 - Retrieve tile geometry
2025-08-30 20:40:06,213 - INFO - composites.py:192 - Create the Bounding Box (φ,λ)
2025-08-30 20:40:06,213 - INFO - composites.py:198 - Create the Bounding Box (x,y)
2025-08-30 20:40:06,213 - INFO - composites.py:211 -                           
2025-08-30 20:40:06,213 - INFO - composites.py:212 - Connect to Planetary Computer STAC Catalog
2025-08-30 20:40:06,503 - INFO - composites.py:220 - Search the STAC Catalog
2025-08-30 20:40:06,571 - INFO - composites.py:232 -         Query parameters:
2025-08-30 20:40:06,571 - INFO - composites.py:233 -             url:          https://planetarycomputer.microsoft.com/api/stac/v1/search
2025-08-30 20:40:06,571 - INFO - composites.py:234 -             client:       microsoft-pc
2025-08-30 20:40:06,571 - INFO - composites.py:235 -             collection:   sentinel-2-l2a
2025-08-30 20:40:06,571 - INFO - composites.py:236 -             bbox:         (23.090477503527136, 38.072584087612974, 23.76631254171489, 38.62665683856133)
2025-08-30 20:40:06,571 - INFO - composites.py:237 -             time range:   2023-01-01T00:00:00Z/2023-01-31T23:59:59Z
2025-08-30 20:40:06,571 - INFO - composites.py:238 -             cloud cover:  0% - 70%
2025-08-30 20:40:06,571 - INFO - composites.py:239 -             nodata cover: 0% - 33%
2025-08-30 20:40:06,573 - INFO - composites.py:241 -                           
2025-08-30 20:40:06,573 - INFO - composites.py:242 - Searching...
2025-08-30 20:40:06,977 - INFO - composites.py:245 - Query found 9 items
2025-08-30 20:40:06,977 - INFO - composites.py:247 - Searching for GRI REFINED scenes:
2025-08-30 20:40:13,048 - INFO - sentinel2.py:78 - 1/9 - S2A_MSIL2A_20230128T092241_R093_T34SFH_20240812T040650 -> REFINED
2025-08-30 20:40:17,582 - INFO - sentinel2.py:78 - 2/9 - S2A_MSIL2A_20230128T092241_R093_T34SFH_20230129T214705 -> REFINED
2025-08-30 20:40:22,138 - INFO - sentinel2.py:78 - 3/9 - S2B_MSIL2A_20230123T092159_R093_T34SFH_20230124T152629 -> REFINED
2025-08-30 20:40:26,708 - INFO - sentinel2.py:78 - 4/9 - S2A_MSIL2A_20230118T092321_R093_T34SFH_20230120T054820 -> REFINED
2025-08-30 20:40:31,895 - INFO - sentinel2.py:78 - 5/9 - S2B_MSIL2A_20230113T092239_R093_T34SFH_20230113T233416 -> REFINED
2025-08-30 20:40:39,052 - INFO - sentinel2.py:78 - 6/9 - S2A_MSIL2A_20230108T092351_R093_T34SFH_20230109T013750 -> REFINED
2025-08-30 20:40:43,780 - INFO - sentinel2.py:78 - 7/9 - S2A_MSIL2A_20230105T091351_R050_T35SKC_20230105T222133 -> REFINED
2025-08-30 20:40:48,944 - INFO - sentinel2.py:78 - 8/9 - S2A_MSIL2A_20230105T091351_R050_T34SGH_20230105T214333 -> REFINED
2025-08-30 20:40:53,744 - INFO - sentinel2.py:78 - 9/9 - S2B_MSIL2A_20230103T092309_R093_T34SFH_20230103T204932 -> REFINED
2025-08-30 20:40:53,873 - INFO - composites.py:250 -                                  
2025-08-30 20:40:53,873 - INFO - composites.py:251 - 9/9 were refined by GRI.
2025-08-30 20:40:53,873 - INFO - composites.py:263 - Looking for up to 10 cleanest images within spatiotemporal range of each MGRS tile
2025-08-30 20:40:53,874 - INFO - composites.py:277 - Filtered cleanest scenes: Kept 9 out of 9 items. 
2025-08-30 20:40:53,874 - INFO - composites.py:278 -         Included MGRS Tiles: ['34SFH' '34SGH' '35SKC']
2025-08-30 20:40:53,876 - INFO - composites.py:279 -         Included EPSG codes: [32634 32635]
2025-08-30 20:40:53,876 - INFO - composites.py:281 - Selected scenes:
2025-08-30 20:40:53,876 - INFO - composites.py:283 -         S2B_MSIL2A_20230103T092309_R093_T34SFH_20230103T204932
2025-08-30 20:40:53,876 - INFO - composites.py:283 -         S2A_MSIL2A_20230108T092351_R093_T34SFH_20230109T013750
2025-08-30 20:40:53,876 - INFO - composites.py:283 -         S2B_MSIL2A_20230113T092239_R093_T34SFH_20230113T233416
2025-08-30 20:40:53,877 - INFO - composites.py:283 -         S2A_MSIL2A_20230128T092241_R093_T34SFH_20230129T214705
2025-08-30 20:40:53,877 - INFO - composites.py:283 -         S2A_MSIL2A_20230128T092241_R093_T34SFH_20240812T040650
2025-08-30 20:40:53,878 - INFO - composites.py:283 -         S2B_MSIL2A_20230123T092159_R093_T34SFH_20230124T152629
2025-08-30 20:40:53,878 - INFO - composites.py:283 -         S2A_MSIL2A_20230118T092321_R093_T34SFH_20230120T054820
2025-08-30 20:40:53,878 - INFO - composites.py:283 -         S2A_MSIL2A_20230105T091351_R050_T34SGH_20230105T214333
2025-08-30 20:40:53,878 - INFO - composites.py:283 -         S2A_MSIL2A_20230105T091351_R050_T35SKC_20230105T222133
2025-08-30 20:40:54,573 - INFO - sentinel2.py:154 - Matplotlib backend: Agg
2025-08-30 20:40:54,962 - INFO - sentinel2.py:224 - Write input scenes footprint overlay: //nas-rs.topo.auth.gr/Latomeia/DROUGHT/composites/x11/y11/2023/01/01/S2L2A_medcomp_x11y11_202301_InDataFootprint.jpeg
2025-08-30 20:40:55,254 - INFO - composites.py:297 -                                  
2025-08-30 20:40:55,254 - INFO - composites.py:298 - Downstream STAC items from Planetary Computer
2025-08-30 20:40:55,254 - INFO - timeseries_processing.py:115 -                                  
2025-08-30 20:40:55,254 - INFO - timeseries_processing.py:116 - Loading bands of diferent resolutions in EPSG:32634
2025-08-30 20:40:55,254 - INFO - timeseries_processing.py:120 -     Filtering items with native UTM EPSG:32634
2025-08-30 20:40:55,254 - INFO - timeseries_processing.py:122 -     8 Items in EPSG:32634
2025-08-30 20:40:55,254 - INFO - timeseries_processing.py:129 -                        
2025-08-30 20:40:55,254 - INFO - timeseries_processing.py:130 -     Loading parameters:
2025-08-30 20:40:55,254 - INFO - timeseries_processing.py:131 -         Bands: ['B05', 'B07', 'B8A', 'SCL']
2025-08-30 20:40:55,254 - INFO - timeseries_processing.py:132 -         Spatial resolution: 20
2025-08-30 20:40:55,254 - INFO - timeseries_processing.py:134 -         Get Assets from STAC Items
2025-08-30 20:40:55,254 - INFO - timeseries_processing.py:47 -         Initialize the STAC client
2025-08-30 20:40:55,856 - INFO - timeseries_processing.py:137 -         Loading 8 STAC Items....
2025-08-30 20:41:33,140 - INFO - timeseries_processing.py:146 -         Cube has been downloaded
2025-08-30 20:41:33,140 - INFO - timeseries_processing.py:156 -         Fix order of dimensions
2025-08-30 20:41:33,144 - INFO - timeseries_processing.py:161 -         Append bands to the band-list of EPSG:32634
2025-08-30 20:41:33,144 - INFO - timeseries_processing.py:129 -                        
2025-08-30 20:41:33,145 - INFO - timeseries_processing.py:130 -     Loading parameters:
2025-08-30 20:41:33,146 - INFO - timeseries_processing.py:131 -         Bands: ['B02', 'B03', 'B04']
2025-08-30 20:41:33,146 - INFO - timeseries_processing.py:132 -         Spatial resolution: 10
2025-08-30 20:41:33,147 - INFO - timeseries_processing.py:134 -         Get Assets from STAC Items
2025-08-30 20:41:33,147 - INFO - timeseries_processing.py:47 -         Initialize the STAC client
2025-08-30 20:41:33,705 - INFO - timeseries_processing.py:137 -         Loading 8 STAC Items....
2025-08-30 20:42:49,487 - INFO - timeseries_processing.py:146 -         Cube has been downloaded
2025-08-30 20:42:49,488 - INFO - timeseries_processing.py:149 -         Reproject to downsample 10m bands to 20m by Resampling.average 2x2 binning and shape matching with odc.geo.GeoBox
2025-08-30 20:43:02,975 - INFO - timeseries_processing.py:161 -         Append bands to the band-list of EPSG:32634
2025-08-30 20:43:02,975 - INFO - timeseries_processing.py:165 -                        
2025-08-30 20:43:02,975 - INFO - timeseries_processing.py:166 -     Merging bands in a single dataset
2025-08-30 20:43:02,976 - INFO - timeseries_processing.py:167 -     Ensure all partial datasets are at (x=20, y=-20) resolution
2025-08-30 20:43:02,976 - INFO - timeseries_processing.py:171 -     Clip to the intersection of indexes
2025-08-30 20:43:04,910 - INFO - timeseries_processing.py:180 -     Make a list of bands to merge
2025-08-30 20:43:04,911 - INFO - timeseries_processing.py:184 -     Merge on intersection
2025-08-30 20:43:04,912 - INFO - timeseries_processing.py:192 -     Apply masks on clouds, shadows, thin cirrus, and snow/ice
2025-08-30 20:43:04,912 - INFO - sentinel2.py:122 -                Masking bits: [3, 7, 8, 9, 10, 11]
2025-08-30 20:43:06,269 - INFO - timeseries_processing.py:115 -                                  
2025-08-30 20:43:06,269 - INFO - timeseries_processing.py:116 - Loading bands of diferent resolutions in EPSG:32635
2025-08-30 20:43:06,269 - INFO - timeseries_processing.py:120 -     Filtering items with native UTM EPSG:32635
2025-08-30 20:43:06,275 - INFO - timeseries_processing.py:122 -     1 Items in EPSG:32635
2025-08-30 20:43:06,275 - INFO - timeseries_processing.py:129 -                        
2025-08-30 20:43:06,276 - INFO - timeseries_processing.py:130 -     Loading parameters:
2025-08-30 20:43:06,276 - INFO - timeseries_processing.py:131 -         Bands: ['B05', 'B07', 'B8A', 'SCL']
2025-08-30 20:43:06,276 - INFO - timeseries_processing.py:132 -         Spatial resolution: 20
2025-08-30 20:43:06,277 - INFO - timeseries_processing.py:134 -         Get Assets from STAC Items
2025-08-30 20:43:06,277 - INFO - timeseries_processing.py:47 -         Initialize the STAC client
2025-08-30 20:43:06,839 - INFO - timeseries_processing.py:137 -         Loading 1 STAC Items....
2025-08-30 20:43:12,745 - INFO - timeseries_processing.py:146 -         Cube has been downloaded
2025-08-30 20:43:12,745 - INFO - timeseries_processing.py:156 -         Fix order of dimensions
2025-08-30 20:43:12,747 - INFO - timeseries_processing.py:161 -         Append bands to the band-list of EPSG:32635
2025-08-30 20:43:12,747 - INFO - timeseries_processing.py:129 -                        
2025-08-30 20:43:12,747 - INFO - timeseries_processing.py:130 -     Loading parameters:
2025-08-30 20:43:12,747 - INFO - timeseries_processing.py:131 -         Bands: ['B02', 'B03', 'B04']
2025-08-30 20:43:12,747 - INFO - timeseries_processing.py:132 -         Spatial resolution: 10
2025-08-30 20:43:12,747 - INFO - timeseries_processing.py:134 -         Get Assets from STAC Items
2025-08-30 20:43:12,747 - INFO - timeseries_processing.py:47 -         Initialize the STAC client
2025-08-30 20:43:15,067 - INFO - timeseries_processing.py:137 -         Loading 1 STAC Items....
2025-08-30 20:43:24,206 - INFO - timeseries_processing.py:146 -         Cube has been downloaded
2025-08-30 20:43:24,206 - INFO - timeseries_processing.py:149 -         Reproject to downsample 10m bands to 20m by Resampling.average 2x2 binning and shape matching with odc.geo.GeoBox
2025-08-30 20:43:26,168 - INFO - timeseries_processing.py:161 -         Append bands to the band-list of EPSG:32635
2025-08-30 20:43:26,169 - INFO - timeseries_processing.py:165 -                        
2025-08-30 20:43:26,169 - INFO - timeseries_processing.py:166 -     Merging bands in a single dataset
2025-08-30 20:43:26,169 - INFO - timeseries_processing.py:167 -     Ensure all partial datasets are at (x=20, y=-20) resolution
2025-08-30 20:43:26,170 - INFO - timeseries_processing.py:171 -     Clip to the intersection of indexes
2025-08-30 20:43:26,174 - INFO - timeseries_processing.py:180 -     Make a list of bands to merge
2025-08-30 20:43:26,175 - INFO - timeseries_processing.py:184 -     Merge on intersection
2025-08-30 20:43:26,176 - INFO - timeseries_processing.py:192 -     Apply masks on clouds, shadows, thin cirrus, and snow/ice
2025-08-30 20:43:26,176 - INFO - sentinel2.py:122 -                Masking bits: [3, 7, 8, 9, 10, 11]
2025-08-30 20:43:26,454 - INFO - composites.py:307 - Reproject from UTM Zone to Tile geometry -> CRS(EPSG:32635), Resampling.bilinear
2025-08-30 20:43:35,655 - INFO - composites.py:310 -     New shape of datasets: Shape2d(x=2400, y=2400)
2025-08-30 20:43:36,209 - INFO - composites.py:315 -                           
2025-08-30 20:43:36,209 - INFO - composites.py:316 - Mosaic datasets to a single dataset
2025-08-30 20:43:48,286 - INFO - composites.py:329 - Scale SR to Sen2Cor Baseline 4.00 - Subtract 1000 in dates post 2022-01-25
2025-08-30 20:43:50,612 - INFO - composites.py:342 - Creating preview plot of input scenes
2025-08-30 20:44:36,400 - INFO - timeseries_processing.py:349 - Saved preview for 'B04' to //nas-rs.topo.auth.gr/Latomeia/DROUGHT/composites/x11/y11/2023/01/01/S2L2A_medcomp_x11y11_202301_InDataPreview.jpeg
2025-08-30 20:44:36,409 - INFO - composites.py:348 - Clip value range
2025-08-30 20:44:39,103 - INFO - composites.py:353 -                           
2025-08-30 20:44:39,105 - INFO - composites.py:354 - Computing spectral indices:
2025-08-30 20:44:39,114 - INFO - composites.py:357 -     EVI...
2025-08-30 20:44:40,775 - INFO - composites.py:359 -     NDVI...
2025-08-30 20:44:41,358 - INFO - composites.py:361 -     PSRI2...
2025-08-30 20:44:41,772 - INFO - composites.py:364 - Clip to typical value range
2025-08-30 20:44:42,286 - INFO - composites.py:371 - Reducing to median value temporal composite
2025-08-30 20:45:14,587 - INFO - composites.py:390 - Scale and Define data types & nodata per band
2025-08-30 20:45:14,803 - INFO - composites.py:411 - Assign time range and tile ID in metadata
2025-08-30 20:45:14,803 - INFO - composites.py:419 - Write bands to raster COG files
2025-08-30 20:45:21,069 - INFO - composites.py:432 - Write B02 -> //nas-rs.topo.auth.gr/Latomeia/DROUGHT/composites/x11/y11/2023/01/01/S2L2A_medcomp_x11y11_202301_B02.tif
2025-08-30 20:45:27,395 - INFO - composites.py:432 - Write B03 -> //nas-rs.topo.auth.gr/Latomeia/DROUGHT/composites/x11/y11/2023/01/01/S2L2A_medcomp_x11y11_202301_B03.tif
2025-08-30 20:45:33,963 - INFO - composites.py:432 - Write B04 -> //nas-rs.topo.auth.gr/Latomeia/DROUGHT/composites/x11/y11/2023/01/01/S2L2A_medcomp_x11y11_202301_B04.tif
2025-08-30 20:45:40,196 - INFO - composites.py:432 - Write B05 -> //nas-rs.topo.auth.gr/Latomeia/DROUGHT/composites/x11/y11/2023/01/01/S2L2A_medcomp_x11y11_202301_B05.tif
2025-08-30 20:45:46,221 - INFO - composites.py:432 - Write B07 -> //nas-rs.topo.auth.gr/Latomeia/DROUGHT/composites/x11/y11/2023/01/01/S2L2A_medcomp_x11y11_202301_B07.tif
2025-08-30 20:45:52,239 - INFO - composites.py:432 - Write B8A -> //nas-rs.topo.auth.gr/Latomeia/DROUGHT/composites/x11/y11/2023/01/01/S2L2A_medcomp_x11y11_202301_B8A.tif
2025-08-30 20:45:58,083 - INFO - composites.py:432 - Write EVI -> //nas-rs.topo.auth.gr/Latomeia/DROUGHT/composites/x11/y11/2023/01/01/S2L2A_medcomp_x11y11_202301_EVI.tif
2025-08-30 20:46:05,187 - INFO - composites.py:432 - Write NDVI -> //nas-rs.topo.auth.gr/Latomeia/DROUGHT/composites/x11/y11/2023/01/01/S2L2A_medcomp_x11y11_202301_NDVI.tif
2025-08-30 20:46:12,457 - INFO - composites.py:432 - Write PSRI2 -> //nas-rs.topo.auth.gr/Latomeia/DROUGHT/composites/x11/y11/2023/01/01/S2L2A_medcomp_x11y11_202301_PSRI2.tif
2025-08-30 20:46:12,464 - INFO - composites.py:436 - Prepare metadata YAML document
2025-08-30 20:46:13,447 - INFO - composites.py:458 - Write metadata YAML document to disk
2025-08-30 20:46:13,533 - INFO - composites.py:463 - Create datacube.model.Dataset from eo3 metadata
2025-08-30 20:46:13,543 - INFO - composites.py:476 - Index to datacube
2025-08-30 20:46:13,543 - INFO - _datasets.py:191 - Indexing 4345f38c-23a0-47dc-a749-7005cef93600
2025-08-30 20:46:13,553 - INFO - composites.py:479 - 
2025-08-30 20:46:13,553 - INFO - composites.py:480 -              ✔✔✔ COMPLETED: Tile x11_y11 | Time: 2023-01 | In 6.28 minutes
2025-08-30 20:46:13,553 - INFO - composites.py:481 - 
2025-08-30 20:46:13,554 - INFO - composites.py:489 - Closing Dask client
2025-08-30 20:46:13,557 - INFO - composites.py:493 - Closing Dask cluster
2025-08-30 20:46:13,557 - INFO - composites.py:494 - #######################################################################
