2025-08-30 13:20:37,941 - INFO - composites.py:102 - #######################################################################
2025-08-30 13:20:37,941 - INFO - composites.py:104 - Processing started
2025-08-30 13:20:37,942 - INFO - composites.py:105 -         Tile: x09_y08
2025-08-30 13:20:37,942 - INFO - composites.py:106 -         Time: 2022-11
2025-08-30 13:20:37,942 - INFO - composites.py:109 -                           
2025-08-30 13:20:37,942 - INFO - composites.py:110 - Establishing connection to datacube
2025-08-30 13:20:38,441 - INFO - composites.py:113 -                           
2025-08-30 13:20:38,442 - INFO - composites.py:114 - Sanity test: Check if dataset already exists in the datacube
2025-08-30 13:20:38,462 - INFO - composites.py:133 - The composite requested was not found and it will be computed
2025-08-30 13:20:38,462 - INFO - composites.py:136 -                                  
2025-08-30 13:20:38,462 - INFO - composites.py:137 - Initializing Dask cluster for parallelization
2025-08-30 13:20:43,455 - INFO - composites.py:161 - Dask dashboard is available at: http://127.0.0.1:8787/status
2025-08-30 13:20:43,455 - INFO - composites.py:164 - Create directories and naming conversions
2025-08-30 13:20:43,468 - INFO - composites.py:177 - Dataset location: //nas-rs.topo.auth.gr/Latomeia/DROUGHT/composites/x09/y08/2022/11/01
2025-08-30 13:20:43,468 - INFO - composites.py:180 -                           
2025-08-30 13:20:43,468 - INFO - composites.py:181 - Retrieve tile geometry
2025-08-30 13:20:43,496 - INFO - composites.py:192 - Create the Bounding Box (φ,λ)
2025-08-30 13:20:43,496 - INFO - composites.py:198 - Create the Bounding Box (x,y)
2025-08-30 13:20:43,496 - INFO - composites.py:211 -                           
2025-08-30 13:20:43,496 - INFO - composites.py:212 - Connect to Planetary Computer STAC Catalog
2025-08-30 13:20:43,736 - INFO - composites.py:220 - Search the STAC Catalog
2025-08-30 13:20:43,806 - INFO - composites.py:232 -         Query parameters:
2025-08-30 13:20:43,806 - INFO - composites.py:233 -             url:          https://planetarycomputer.microsoft.com/api/stac/v1/search
2025-08-30 13:20:43,806 - INFO - composites.py:234 -             client:       microsoft-pc
2025-08-30 13:20:43,806 - INFO - composites.py:235 -             collection:   sentinel-2-l2a
2025-08-30 13:20:43,806 - INFO - composites.py:236 -             bbox:         (21.78584004803282, 36.93347873319104, 22.44323109883715, 37.48202094723898)
2025-08-30 13:20:43,806 - INFO - composites.py:237 -             time range:   2022-11-01T00:00:00Z/2022-11-30T23:59:59Z
2025-08-30 13:20:43,806 - INFO - composites.py:238 -             cloud cover:  0% - 70%
2025-08-30 13:20:43,806 - INFO - composites.py:239 -             nodata cover: 0% - 33%
2025-08-30 13:20:43,806 - INFO - composites.py:241 -                           
2025-08-30 13:20:43,806 - INFO - composites.py:242 - Searching...
2025-08-30 13:20:44,386 - INFO - composites.py:245 - Query found 37 items
2025-08-30 13:20:44,386 - INFO - composites.py:247 - Searching for GRI REFINED scenes:
2025-08-30 13:20:50,264 - INFO - sentinel2.py:78 - 1/37 - S2A_MSIL2A_20221129T092331_R093_T34SFG_20221201T032707 -> REFINED
2025-08-30 13:20:55,461 - INFO - sentinel2.py:78 - 2/37 - S2A_MSIL2A_20221129T092331_R093_T34SFF_20221201T045441 -> REFINED
2025-08-30 13:21:01,455 - INFO - sentinel2.py:78 - 3/37 - S2A_MSIL2A_20221129T092331_R093_T34SEG_20221201T035704 -> REFINED
2025-08-30 13:21:07,141 - INFO - sentinel2.py:78 - 4/37 - S2A_MSIL2A_20221129T092331_R093_T34SEF_20221201T032938 -> REFINED
2025-08-30 13:21:12,505 - INFO - sentinel2.py:78 - 5/37 - S2B_MSIL2A_20221124T092219_R093_T34SFG_20221125T134104 -> REFINED
2025-08-30 13:21:17,907 - INFO - sentinel2.py:78 - 6/37 - S2B_MSIL2A_20221124T092219_R093_T34SFF_20221125T145728 -> REFINED
2025-08-30 13:21:23,765 - INFO - sentinel2.py:78 - 7/37 - S2B_MSIL2A_20221124T092219_R093_T34SEG_20221125T131324 -> REFINED
2025-08-30 13:21:29,266 - INFO - sentinel2.py:78 - 8/37 - S2B_MSIL2A_20221124T092219_R093_T34SEF_20221125T140038 -> REFINED
2025-08-30 13:21:35,005 - INFO - sentinel2.py:78 - 9/37 - S2B_MSIL2A_20221121T091209_R050_T34SFG_20221121T180525 -> REFINED
2025-08-30 13:21:40,936 - INFO - sentinel2.py:78 - 10/37 - S2B_MSIL2A_20221121T091209_R050_T34SFF_20221121T173632 -> REFINED
2025-08-30 13:21:46,907 - INFO - sentinel2.py:78 - 11/37 - S2A_MSIL2A_20221119T092301_R093_T34SFG_20240803T214708 -> REFINED
2025-08-30 13:21:53,034 - INFO - sentinel2.py:78 - 12/37 - S2A_MSIL2A_20221119T092301_R093_T34SFG_20221120T002746 -> REFINED
2025-08-30 13:21:59,322 - INFO - sentinel2.py:78 - 13/37 - S2A_MSIL2A_20221119T092301_R093_T34SFF_20221120T001618 -> REFINED
2025-08-30 13:22:04,291 - INFO - sentinel2.py:78 - 14/37 - S2A_MSIL2A_20221119T092301_R093_T34SEG_20221120T000048 -> REFINED
2025-08-30 13:22:10,964 - INFO - sentinel2.py:78 - 15/37 - S2A_MSIL2A_20221119T092301_R093_T34SEF_20240803T214708 -> REFINED
2025-08-30 13:22:16,345 - INFO - sentinel2.py:78 - 16/37 - S2A_MSIL2A_20221119T092301_R093_T34SEF_20221119T234347 -> REFINED
2025-08-30 13:22:21,684 - INFO - sentinel2.py:78 - 17/37 - S2A_MSIL2A_20221116T091241_R050_T34SFG_20221117T030244 -> REFINED
2025-08-30 13:22:26,078 - INFO - sentinel2.py:78 - 18/37 - S2A_MSIL2A_20221116T091241_R050_T34SFF_20221117T025747 -> REFINED
2025-08-30 13:22:30,990 - INFO - sentinel2.py:78 - 19/37 - S2B_MSIL2A_20221114T092139_R093_T34SFG_20221115T035611 -> REFINED
2025-08-30 13:22:36,913 - INFO - sentinel2.py:78 - 20/37 - S2B_MSIL2A_20221114T092139_R093_T34SFF_20221115T025556 -> REFINED
2025-08-30 13:22:42,268 - INFO - sentinel2.py:78 - 21/37 - S2B_MSIL2A_20221114T092139_R093_T34SEG_20221115T015811 -> REFINED
2025-08-30 13:22:48,064 - INFO - sentinel2.py:78 - 22/37 - S2B_MSIL2A_20221114T092139_R093_T34SEF_20221115T013251 -> REFINED
2025-08-30 13:22:53,882 - INFO - sentinel2.py:78 - 23/37 - S2B_MSIL2A_20221111T091119_R050_T34SFG_20221111T235446 -> REFINED
2025-08-30 13:22:59,888 - INFO - sentinel2.py:78 - 24/37 - S2B_MSIL2A_20221111T091119_R050_T34SFF_20221112T000539 -> REFINED
2025-08-30 13:23:05,144 - INFO - sentinel2.py:78 - 25/37 - S2A_MSIL2A_20221109T092211_R093_T34SFG_20221110T025527 -> REFINED
2025-08-30 13:23:10,744 - INFO - sentinel2.py:78 - 26/37 - S2A_MSIL2A_20221109T092211_R093_T34SFF_20221110T030636 -> REFINED
2025-08-30 13:23:16,526 - INFO - sentinel2.py:78 - 27/37 - S2A_MSIL2A_20221109T092211_R093_T34SEG_20221110T011452 -> REFINED
2025-08-30 13:23:21,401 - INFO - sentinel2.py:78 - 28/37 - S2A_MSIL2A_20221109T092211_R093_T34SEF_20221110T020613 -> REFINED
2025-08-30 13:23:27,270 - INFO - sentinel2.py:78 - 29/37 - S2B_MSIL2A_20221104T092049_R093_T34SFG_20221104T222413 -> REFINED
2025-08-30 13:23:31,990 - INFO - sentinel2.py:78 - 30/37 - S2B_MSIL2A_20221104T092049_R093_T34SFF_20240803T104532 -> REFINED
2025-08-30 13:23:37,944 - INFO - sentinel2.py:78 - 31/37 - S2B_MSIL2A_20221104T092049_R093_T34SFF_20221104T225457 -> REFINED
2025-08-30 13:23:43,037 - INFO - sentinel2.py:78 - 32/37 - S2B_MSIL2A_20221104T092049_R093_T34SEG_20221104T215806 -> REFINED
2025-08-30 13:23:48,199 - INFO - sentinel2.py:78 - 33/37 - S2B_MSIL2A_20221104T092049_R093_T34SEF_20221104T230423 -> REFINED
2025-08-30 13:23:53,027 - INFO - sentinel2.py:78 - 34/37 - S2B_MSIL2A_20221101T091029_R050_T34SFG_20240805T144021 -> REFINED
2025-08-30 13:23:58,825 - INFO - sentinel2.py:78 - 35/37 - S2B_MSIL2A_20221101T091029_R050_T34SFG_20221101T191826 -> REFINED
2025-08-30 13:24:04,149 - INFO - sentinel2.py:78 - 36/37 - S2B_MSIL2A_20221101T091029_R050_T34SFF_20240805T144021 -> REFINED
2025-08-30 13:24:09,963 - INFO - sentinel2.py:78 - 37/37 - S2B_MSIL2A_20221101T091029_R050_T34SFF_20221101T193913 -> REFINED
2025-08-30 13:24:10,001 - INFO - composites.py:250 -                                  
2025-08-30 13:24:10,001 - INFO - composites.py:251 - 37/37 were refined by GRI.
2025-08-30 13:24:10,002 - INFO - composites.py:263 - Looking for up to 10 cleanest images within spatiotemporal range of each MGRS tile
2025-08-30 13:24:10,002 - INFO - composites.py:277 - Filtered cleanest scenes: Kept 33 out of 37 items. 
2025-08-30 13:24:10,003 - INFO - composites.py:278 -         Included MGRS Tiles: ['34SEF' '34SEG' '34SFF' '34SFG']
2025-08-30 13:24:10,003 - INFO - composites.py:279 -         Included EPSG codes: [32634]
2025-08-30 13:24:10,003 - INFO - composites.py:281 - Selected scenes:
2025-08-30 13:24:10,003 - INFO - composites.py:283 -         S2B_MSIL2A_20221104T092049_R093_T34SEF_20221104T230423
2025-08-30 13:24:10,003 - INFO - composites.py:283 -         S2A_MSIL2A_20221109T092211_R093_T34SEF_20221110T020613
2025-08-30 13:24:10,003 - INFO - composites.py:283 -         S2B_MSIL2A_20221124T092219_R093_T34SEF_20221125T140038
2025-08-30 13:24:10,003 - INFO - composites.py:283 -         S2A_MSIL2A_20221119T092301_R093_T34SEF_20221119T234347
2025-08-30 13:24:10,003 - INFO - composites.py:283 -         S2A_MSIL2A_20221119T092301_R093_T34SEF_20240803T214708
2025-08-30 13:24:10,003 - INFO - composites.py:283 -         S2B_MSIL2A_20221114T092139_R093_T34SEF_20221115T013251
2025-08-30 13:24:10,003 - INFO - composites.py:283 -         S2A_MSIL2A_20221129T092331_R093_T34SEF_20221201T032938
2025-08-30 13:24:10,003 - INFO - composites.py:283 -         S2B_MSIL2A_20221104T092049_R093_T34SEG_20221104T215806
2025-08-30 13:24:10,003 - INFO - composites.py:283 -         S2A_MSIL2A_20221109T092211_R093_T34SEG_20221110T011452
2025-08-30 13:24:10,003 - INFO - composites.py:283 -         S2B_MSIL2A_20221124T092219_R093_T34SEG_20221125T131324
2025-08-30 13:24:10,003 - INFO - composites.py:283 -         S2B_MSIL2A_20221114T092139_R093_T34SEG_20221115T015811
2025-08-30 13:24:10,003 - INFO - composites.py:283 -         S2A_MSIL2A_20221129T092331_R093_T34SEG_20221201T035704
2025-08-30 13:24:10,004 - INFO - composites.py:283 -         S2A_MSIL2A_20221119T092301_R093_T34SEG_20221120T000048
2025-08-30 13:24:10,004 - INFO - composites.py:283 -         S2B_MSIL2A_20221104T092049_R093_T34SFF_20221104T225457
2025-08-30 13:24:10,004 - INFO - composites.py:283 -         S2B_MSIL2A_20221104T092049_R093_T34SFF_20240803T104532
2025-08-30 13:24:10,004 - INFO - composites.py:283 -         S2B_MSIL2A_20221101T091029_R050_T34SFF_20221101T193913
2025-08-30 13:24:10,004 - INFO - composites.py:283 -         S2B_MSIL2A_20221101T091029_R050_T34SFF_20240805T144021
2025-08-30 13:24:10,004 - INFO - composites.py:283 -         S2A_MSIL2A_20221109T092211_R093_T34SFF_20221110T030636
2025-08-30 13:24:10,004 - INFO - composites.py:283 -         S2B_MSIL2A_20221124T092219_R093_T34SFF_20221125T145728
2025-08-30 13:24:10,004 - INFO - composites.py:283 -         S2A_MSIL2A_20221116T091241_R050_T34SFF_20221117T025747
2025-08-30 13:24:10,004 - INFO - composites.py:283 -         S2B_MSIL2A_20221114T092139_R093_T34SFF_20221115T025556
2025-08-30 13:24:10,010 - INFO - composites.py:283 -         S2A_MSIL2A_20221129T092331_R093_T34SFF_20221201T045441
2025-08-30 13:24:10,028 - INFO - composites.py:283 -         S2B_MSIL2A_20221111T091119_R050_T34SFF_20221112T000539
2025-08-30 13:24:10,039 - INFO - composites.py:283 -         S2B_MSIL2A_20221104T092049_R093_T34SFG_20221104T222413
2025-08-30 13:24:10,039 - INFO - composites.py:283 -         S2A_MSIL2A_20221109T092211_R093_T34SFG_20221110T025527
2025-08-30 13:24:10,039 - INFO - composites.py:283 -         S2B_MSIL2A_20221101T091029_R050_T34SFG_20221101T191826
2025-08-30 13:24:10,039 - INFO - composites.py:283 -         S2B_MSIL2A_20221101T091029_R050_T34SFG_20240805T144021
2025-08-30 13:24:10,039 - INFO - composites.py:283 -         S2B_MSIL2A_20221124T092219_R093_T34SFG_20221125T134104
2025-08-30 13:24:10,039 - INFO - composites.py:283 -         S2B_MSIL2A_20221114T092139_R093_T34SFG_20221115T035611
2025-08-30 13:24:10,039 - INFO - composites.py:283 -         S2B_MSIL2A_20221111T091119_R050_T34SFG_20221111T235446
2025-08-30 13:24:10,039 - INFO - composites.py:283 -         S2A_MSIL2A_20221116T091241_R050_T34SFG_20221117T030244
2025-08-30 13:24:10,039 - INFO - composites.py:283 -         S2B_MSIL2A_20221121T091209_R050_T34SFG_20221121T180525
2025-08-30 13:24:10,039 - INFO - composites.py:283 -         S2A_MSIL2A_20221129T092331_R093_T34SFG_20221201T032707
2025-08-30 13:24:10,504 - INFO - sentinel2.py:154 - Matplotlib backend: Agg
2025-08-30 13:24:10,744 - INFO - sentinel2.py:224 - Write input scenes footprint overlay: //nas-rs.topo.auth.gr/Latomeia/DROUGHT/composites/x09/y08/2022/11/01/S2L2A_medcomp_x09y08_202211_InDataFootprint.jpeg
2025-08-30 13:24:11,043 - INFO - composites.py:297 -                                  
2025-08-30 13:24:11,044 - INFO - composites.py:298 - Downstream STAC items from Planetary Computer
2025-08-30 13:24:11,044 - INFO - timeseries_processing.py:115 -                                  
2025-08-30 13:24:11,044 - INFO - timeseries_processing.py:116 - Loading bands of diferent resolutions in EPSG:32634
2025-08-30 13:24:11,044 - INFO - timeseries_processing.py:120 -     Filtering items with native UTM EPSG:32634
2025-08-30 13:24:11,044 - INFO - timeseries_processing.py:122 -     33 Items in EPSG:32634
2025-08-30 13:24:11,044 - INFO - timeseries_processing.py:129 -                        
2025-08-30 13:24:11,044 - INFO - timeseries_processing.py:130 -     Loading parameters:
2025-08-30 13:24:11,044 - INFO - timeseries_processing.py:131 -         Bands: ['B05', 'B07', 'B8A', 'SCL']
2025-08-30 13:24:11,044 - INFO - timeseries_processing.py:132 -         Spatial resolution: 20
2025-08-30 13:24:11,044 - INFO - timeseries_processing.py:134 -         Get Assets from STAC Items
2025-08-30 13:24:11,044 - INFO - timeseries_processing.py:47 -         Initialize the STAC client
2025-08-30 13:24:11,710 - INFO - timeseries_processing.py:137 -         Loading 33 STAC Items....
2025-08-30 13:25:32,909 - INFO - timeseries_processing.py:146 -         Cube has been downloaded
2025-08-30 13:25:32,918 - INFO - timeseries_processing.py:156 -         Fix order of dimensions
2025-08-30 13:25:32,940 - INFO - timeseries_processing.py:161 -         Append bands to the band-list of EPSG:32634
2025-08-30 13:25:32,948 - INFO - timeseries_processing.py:129 -                        
2025-08-30 13:25:32,948 - INFO - timeseries_processing.py:130 -     Loading parameters:
2025-08-30 13:25:32,948 - INFO - timeseries_processing.py:131 -         Bands: ['B02', 'B03', 'B04']
2025-08-30 13:25:32,960 - INFO - timeseries_processing.py:132 -         Spatial resolution: 10
2025-08-30 13:25:32,960 - INFO - timeseries_processing.py:134 -         Get Assets from STAC Items
2025-08-30 13:25:32,960 - INFO - timeseries_processing.py:47 -         Initialize the STAC client
2025-08-30 13:25:33,642 - INFO - timeseries_processing.py:137 -         Loading 33 STAC Items....
2025-08-30 13:30:03,885 - INFO - timeseries_processing.py:146 -         Cube has been downloaded
2025-08-30 13:30:03,885 - INFO - timeseries_processing.py:149 -         Reproject to downsample 10m bands to 20m by Resampling.average 2x2 binning and shape matching with odc.geo.GeoBox
2025-08-30 13:30:17,967 - INFO - timeseries_processing.py:161 -         Append bands to the band-list of EPSG:32634
2025-08-30 13:30:17,967 - INFO - timeseries_processing.py:165 -                        
2025-08-30 13:30:17,967 - INFO - timeseries_processing.py:166 -     Merging bands in a single dataset
2025-08-30 13:30:17,967 - INFO - timeseries_processing.py:167 -     Ensure all partial datasets are at (x=20, y=-20) resolution
2025-08-30 13:30:17,967 - INFO - timeseries_processing.py:171 -     Clip to the intersection of indexes
2025-08-30 13:30:19,239 - INFO - timeseries_processing.py:180 -     Make a list of bands to merge
2025-08-30 13:30:19,240 - INFO - timeseries_processing.py:184 -     Merge on intersection
2025-08-30 13:30:19,241 - INFO - timeseries_processing.py:192 -     Apply masks on clouds, shadows, thin cirrus, and snow/ice
2025-08-30 13:30:19,241 - INFO - sentinel2.py:122 -                Masking bits: [3, 7, 8, 9, 10, 11]
2025-08-30 13:30:20,527 - INFO - composites.py:307 - Reproject from UTM Zone to Tile geometry -> CRS(EPSG:32634), Resampling.bilinear
2025-08-30 13:30:27,239 - INFO - composites.py:310 -     New shape of datasets: Shape2d(x=2400, y=2400)
2025-08-30 13:30:27,928 - INFO - composites.py:329 - Scale SR to Sen2Cor Baseline 4.00 - Subtract 1000 in dates post 2022-01-25
2025-08-30 13:30:29,422 - INFO - composites.py:342 - Creating preview plot of input scenes
2025-08-30 13:31:02,600 - INFO - timeseries_processing.py:349 - Saved preview for 'B04' to //nas-rs.topo.auth.gr/Latomeia/DROUGHT/composites/x09/y08/2022/11/01/S2L2A_medcomp_x09y08_202211_InDataPreview.jpeg
2025-08-30 13:31:02,606 - INFO - composites.py:348 - Clip value range
2025-08-30 13:31:04,610 - INFO - composites.py:353 -                           
2025-08-30 13:31:04,611 - INFO - composites.py:354 - Computing spectral indices:
2025-08-30 13:31:04,611 - INFO - composites.py:357 -     EVI...
2025-08-30 13:31:05,801 - INFO - composites.py:359 -     NDVI...
2025-08-30 13:31:06,223 - INFO - composites.py:361 -     PSRI2...
2025-08-30 13:31:06,548 - INFO - composites.py:364 - Clip to typical value range
2025-08-30 13:31:06,930 - INFO - composites.py:371 - Reducing to median value temporal composite
2025-08-30 13:31:34,118 - INFO - composites.py:390 - Scale and Define data types & nodata per band
2025-08-30 13:31:34,240 - INFO - composites.py:411 - Assign time range and tile ID in metadata
2025-08-30 13:31:34,240 - INFO - composites.py:419 - Write bands to raster COG files
2025-08-30 13:31:38,178 - INFO - composites.py:432 - Write B02 -> //nas-rs.topo.auth.gr/Latomeia/DROUGHT/composites/x09/y08/2022/11/01/S2L2A_medcomp_x09y08_202211_B02.tif
2025-08-30 13:31:42,092 - INFO - composites.py:432 - Write B03 -> //nas-rs.topo.auth.gr/Latomeia/DROUGHT/composites/x09/y08/2022/11/01/S2L2A_medcomp_x09y08_202211_B03.tif
2025-08-30 13:31:46,047 - INFO - composites.py:432 - Write B04 -> //nas-rs.topo.auth.gr/Latomeia/DROUGHT/composites/x09/y08/2022/11/01/S2L2A_medcomp_x09y08_202211_B04.tif
2025-08-30 13:31:50,067 - INFO - composites.py:432 - Write B05 -> //nas-rs.topo.auth.gr/Latomeia/DROUGHT/composites/x09/y08/2022/11/01/S2L2A_medcomp_x09y08_202211_B05.tif
2025-08-30 13:31:54,028 - INFO - composites.py:432 - Write B07 -> //nas-rs.topo.auth.gr/Latomeia/DROUGHT/composites/x09/y08/2022/11/01/S2L2A_medcomp_x09y08_202211_B07.tif
2025-08-30 13:31:57,974 - INFO - composites.py:432 - Write B8A -> //nas-rs.topo.auth.gr/Latomeia/DROUGHT/composites/x09/y08/2022/11/01/S2L2A_medcomp_x09y08_202211_B8A.tif
2025-08-30 13:32:01,766 - INFO - composites.py:432 - Write EVI -> //nas-rs.topo.auth.gr/Latomeia/DROUGHT/composites/x09/y08/2022/11/01/S2L2A_medcomp_x09y08_202211_EVI.tif
2025-08-30 13:32:05,701 - INFO - composites.py:432 - Write NDVI -> //nas-rs.topo.auth.gr/Latomeia/DROUGHT/composites/x09/y08/2022/11/01/S2L2A_medcomp_x09y08_202211_NDVI.tif
2025-08-30 13:32:09,554 - INFO - composites.py:432 - Write PSRI2 -> //nas-rs.topo.auth.gr/Latomeia/DROUGHT/composites/x09/y08/2022/11/01/S2L2A_medcomp_x09y08_202211_PSRI2.tif
2025-08-30 13:32:09,564 - INFO - composites.py:436 - Prepare metadata YAML document
2025-08-30 13:32:10,232 - INFO - composites.py:458 - Write metadata YAML document to disk
2025-08-30 13:32:10,259 - INFO - composites.py:463 - Create datacube.model.Dataset from eo3 metadata
2025-08-30 13:32:10,269 - INFO - composites.py:476 - Index to datacube
2025-08-30 13:32:10,269 - INFO - _datasets.py:191 - Indexing 3b8ac022-c142-4390-9960-bcb4708b5677
2025-08-30 13:32:10,278 - INFO - composites.py:479 - 
2025-08-30 13:32:10,278 - INFO - composites.py:480 -              ✔✔✔ COMPLETED: Tile x09_y08 | Time: 2022-11 | In 11.54 minutes
2025-08-30 13:32:10,278 - INFO - composites.py:481 - 
2025-08-30 13:32:10,278 - INFO - composites.py:489 - Closing Dask client
2025-08-30 13:32:10,280 - INFO - composites.py:493 - Closing Dask cluster
2025-08-30 13:32:10,280 - INFO - composites.py:494 - #######################################################################
