2025-12-01 08:58:32,649 - INFO - composites.py:102 - #######################################################################
2025-12-01 08:58:32,649 - INFO - composites.py:104 - Processing started
2025-12-01 08:58:32,649 - INFO - composites.py:105 -         Tile: x07_y12
2025-12-01 08:58:32,649 - INFO - composites.py:106 -         Time: 2024-12
2025-12-01 08:58:32,649 - INFO - composites.py:109 -                           
2025-12-01 08:58:32,649 - INFO - composites.py:110 - Establishing connection to datacube
2025-12-01 08:58:33,204 - INFO - composites.py:113 -                           
2025-12-01 08:58:33,204 - INFO - composites.py:114 - Sanity test: Check if dataset already exists in the datacube
2025-12-01 08:58:33,233 - INFO - composites.py:133 - The composite requested was not found and it will be computed
2025-12-01 08:58:33,233 - INFO - composites.py:136 -                                  
2025-12-01 08:58:33,233 - INFO - composites.py:137 - Initializing Dask cluster for parallelization
2025-12-01 08:58:38,429 - INFO - composites.py:161 - Dask dashboard is available at: http://127.0.0.1:8787/status
2025-12-01 08:58:38,429 - INFO - composites.py:164 - Create directories and naming conversions
2025-12-01 08:58:38,442 - INFO - composites.py:177 - Dataset location: //nas-rs.topo.auth.gr/Latomeia/DROUGHT/composites/x07/y12/2024/12/01
2025-12-01 08:58:38,442 - INFO - composites.py:180 -                           
2025-12-01 08:58:38,442 - INFO - composites.py:181 - Retrieve tile geometry
2025-12-01 08:58:38,470 - INFO - composites.py:192 - Create the Bounding Box (φ,λ)
2025-12-01 08:58:38,470 - INFO - composites.py:198 - Create the Bounding Box (x,y)
2025-12-01 08:58:38,470 - INFO - composites.py:211 -                           
2025-12-01 08:58:38,470 - INFO - composites.py:212 - Connect to Planetary Computer STAC Catalog
2025-12-01 08:58:38,786 - INFO - composites.py:220 - Search the STAC Catalog
2025-12-01 08:58:38,858 - INFO - composites.py:232 -         Query parameters:
2025-12-01 08:58:38,858 - INFO - composites.py:233 -             url:          https://planetarycomputer.microsoft.com/api/stac/v1/search
2025-12-01 08:58:38,858 - INFO - composites.py:234 -             client:       microsoft-pc
2025-12-01 08:58:38,858 - INFO - composites.py:235 -             collection:   sentinel-2-l2a
2025-12-01 08:58:38,858 - INFO - composites.py:236 -             bbox:         (20.999765686564626, 38.787881790199634, 21.67096534182257, 39.332009850489634)
2025-12-01 08:58:38,858 - INFO - composites.py:237 -             time range:   2024-12-01T00:00:00Z/2024-12-31T23:59:59Z
2025-12-01 08:58:38,858 - INFO - composites.py:238 -             cloud cover:  0% - 70%
2025-12-01 08:58:38,858 - INFO - composites.py:239 -             nodata cover: 0% - 33%
2025-12-01 08:58:38,858 - INFO - composites.py:241 -                           
2025-12-01 08:58:38,858 - INFO - composites.py:242 - Searching...
2025-12-01 08:58:39,304 - INFO - composites.py:245 - Query found 24 items
2025-12-01 08:58:39,304 - INFO - composites.py:247 - Searching for GRI REFINED scenes:
2025-12-01 08:58:45,344 - INFO - sentinel2.py:78 - 1/24 - S2A_MSIL2A_20241231T093411_R136_T34SDJ_20241231T124556 -> REFINED
2025-12-01 08:58:50,538 - INFO - sentinel2.py:78 - 2/24 - S2A_MSIL2A_20241231T093411_R136_T34SDH_20241231T124556 -> REFINED
2025-12-01 08:58:56,263 - INFO - sentinel2.py:78 - 3/24 - S2A_MSIL2A_20241228T092411_R093_T34SEJ_20241228T124054 -> REFINED
2025-12-01 08:59:01,122 - INFO - sentinel2.py:78 - 4/24 - S2A_MSIL2A_20241228T092411_R093_T34SEH_20241228T124054 -> REFINED
2025-12-01 08:59:07,042 - INFO - sentinel2.py:78 - 5/24 - S2A_MSIL2A_20241228T092411_R093_T34SDH_20241228T124054 -> REFINED
2025-12-01 08:59:12,474 - INFO - sentinel2.py:78 - 6/24 - S2A_MSIL2A_20241221T093421_R136_T34SDJ_20241221T123949 -> REFINED
2025-12-01 08:59:18,295 - INFO - sentinel2.py:78 - 7/24 - S2A_MSIL2A_20241218T092411_R093_T34SEJ_20241218T133205 -> REFINED
2025-12-01 08:59:22,972 - INFO - sentinel2.py:78 - 8/24 - S2A_MSIL2A_20241218T092411_R093_T34SEH_20241218T133205 -> REFINED
2025-12-01 08:59:28,631 - INFO - sentinel2.py:78 - 9/24 - S2A_MSIL2A_20241218T092411_R093_T34SDH_20241218T133205 -> REFINED
2025-12-01 08:59:34,024 - INFO - sentinel2.py:78 - 10/24 - S2B_MSIL2A_20241216T093319_R136_T34SDJ_20241216T105023 -> REFINED
2025-12-01 08:59:39,784 - INFO - sentinel2.py:78 - 11/24 - S2B_MSIL2A_20241216T093319_R136_T34SDH_20241216T105023 -> REFINED
2025-12-01 08:59:45,198 - INFO - sentinel2.py:78 - 12/24 - S2B_MSIL2A_20241213T092309_R093_T34SEJ_20241213T103438 -> REFINED
2025-12-01 08:59:49,830 - INFO - sentinel2.py:78 - 13/24 - S2B_MSIL2A_20241213T092309_R093_T34SEH_20241213T115257 -> REFINED
2025-12-01 08:59:54,655 - INFO - sentinel2.py:78 - 14/24 - S2B_MSIL2A_20241213T092309_R093_T34SDH_20241213T115257 -> REFINED
2025-12-01 08:59:59,950 - INFO - sentinel2.py:78 - 15/24 - S2A_MSIL2A_20241211T093411_R136_T34SDJ_20241211T134953 -> REFINED
2025-12-01 09:00:05,384 - INFO - sentinel2.py:78 - 16/24 - S2A_MSIL2A_20241211T093411_R136_T34SDH_20241211T134953 -> REFINED
2025-12-01 09:00:10,685 - INFO - sentinel2.py:78 - 17/24 - S2A_MSIL2A_20241208T092401_R093_T34SEJ_20241208T135805 -> REFINED
2025-12-01 09:00:15,312 - INFO - sentinel2.py:78 - 18/24 - S2A_MSIL2A_20241208T092401_R093_T34SEH_20241208T135805 -> REFINED
2025-12-01 09:00:21,070 - INFO - sentinel2.py:78 - 19/24 - S2A_MSIL2A_20241208T092401_R093_T34SDH_20241208T135805 -> REFINED
2025-12-01 09:00:26,254 - INFO - sentinel2.py:78 - 20/24 - S2B_MSIL2A_20241206T093309_R136_T34SDJ_20241206T103412 -> REFINED
2025-12-01 09:00:31,547 - INFO - sentinel2.py:78 - 21/24 - S2B_MSIL2A_20241206T093309_R136_T34SDH_20241206T115919 -> REFINED
2025-12-01 09:00:36,181 - INFO - sentinel2.py:78 - 22/24 - S2B_MSIL2A_20241203T092259_R093_T34SEJ_20241203T105527 -> REFINED
2025-12-01 09:00:41,629 - INFO - sentinel2.py:78 - 23/24 - S2B_MSIL2A_20241203T092259_R093_T34SEH_20241203T105527 -> REFINED
2025-12-01 09:00:47,505 - INFO - sentinel2.py:78 - 24/24 - S2B_MSIL2A_20241203T092259_R093_T34SDH_20241203T105527 -> REFINED
2025-12-01 09:00:47,549 - INFO - composites.py:250 -                                  
2025-12-01 09:00:47,549 - INFO - composites.py:251 - 24/24 were refined by GRI.
2025-12-01 09:00:47,549 - INFO - composites.py:263 - Looking for up to 7 cleanest images within spatiotemporal range of each MGRS tile
2025-12-01 09:00:47,550 - INFO - composites.py:277 - Filtered cleanest scenes: Kept 22 out of 24 items. 
2025-12-01 09:00:47,550 - INFO - composites.py:278 -         Included MGRS Tiles: ['34SDH' '34SDJ' '34SEH' '34SEJ']
2025-12-01 09:00:47,550 - INFO - composites.py:279 -         Included EPSG codes: [32634]
2025-12-01 09:00:47,550 - INFO - composites.py:281 - Selected scenes:
2025-12-01 09:00:47,550 - INFO - composites.py:283 -         S2A_MSIL2A_20241228T092411_R093_T34SDH_20241228T124054
2025-12-01 09:00:47,550 - INFO - composites.py:283 -         S2A_MSIL2A_20241218T092411_R093_T34SDH_20241218T133205
2025-12-01 09:00:47,550 - INFO - composites.py:283 -         S2A_MSIL2A_20241231T093411_R136_T34SDH_20241231T124556
2025-12-01 09:00:47,550 - INFO - composites.py:283 -         S2B_MSIL2A_20241216T093319_R136_T34SDH_20241216T105023
2025-12-01 09:00:47,558 - INFO - composites.py:283 -         S2B_MSIL2A_20241203T092259_R093_T34SDH_20241203T105527
2025-12-01 09:00:47,558 - INFO - composites.py:283 -         S2B_MSIL2A_20241213T092309_R093_T34SDH_20241213T115257
2025-12-01 09:00:47,558 - INFO - composites.py:283 -         S2A_MSIL2A_20241211T093411_R136_T34SDH_20241211T134953
2025-12-01 09:00:47,559 - INFO - composites.py:283 -         S2A_MSIL2A_20241231T093411_R136_T34SDJ_20241231T124556
2025-12-01 09:00:47,559 - INFO - composites.py:283 -         S2B_MSIL2A_20241216T093319_R136_T34SDJ_20241216T105023
2025-12-01 09:00:47,560 - INFO - composites.py:283 -         S2A_MSIL2A_20241211T093411_R136_T34SDJ_20241211T134953
2025-12-01 09:00:47,560 - INFO - composites.py:283 -         S2A_MSIL2A_20241221T093421_R136_T34SDJ_20241221T123949
2025-12-01 09:00:47,560 - INFO - composites.py:283 -         S2B_MSIL2A_20241206T093309_R136_T34SDJ_20241206T103412
2025-12-01 09:00:47,560 - INFO - composites.py:283 -         S2A_MSIL2A_20241218T092411_R093_T34SEH_20241218T133205
2025-12-01 09:00:47,560 - INFO - composites.py:283 -         S2B_MSIL2A_20241213T092309_R093_T34SEH_20241213T115257
2025-12-01 09:00:47,560 - INFO - composites.py:283 -         S2A_MSIL2A_20241228T092411_R093_T34SEH_20241228T124054
2025-12-01 09:00:47,561 - INFO - composites.py:283 -         S2B_MSIL2A_20241203T092259_R093_T34SEH_20241203T105527
2025-12-01 09:00:47,561 - INFO - composites.py:283 -         S2A_MSIL2A_20241208T092401_R093_T34SEH_20241208T135805
2025-12-01 09:00:47,561 - INFO - composites.py:283 -         S2A_MSIL2A_20241218T092411_R093_T34SEJ_20241218T133205
2025-12-01 09:00:47,561 - INFO - composites.py:283 -         S2B_MSIL2A_20241213T092309_R093_T34SEJ_20241213T103438
2025-12-01 09:00:47,561 - INFO - composites.py:283 -         S2A_MSIL2A_20241228T092411_R093_T34SEJ_20241228T124054
2025-12-01 09:00:47,561 - INFO - composites.py:283 -         S2A_MSIL2A_20241208T092401_R093_T34SEJ_20241208T135805
2025-12-01 09:00:47,561 - INFO - composites.py:283 -         S2B_MSIL2A_20241203T092259_R093_T34SEJ_20241203T105527
2025-12-01 09:00:47,952 - INFO - sentinel2.py:154 - Matplotlib backend: Agg
2025-12-01 09:00:48,280 - INFO - sentinel2.py:224 - Write input scenes footprint overlay: //nas-rs.topo.auth.gr/Latomeia/DROUGHT/composites/x07/y12/2024/12/01/S2L2A_medcomp_x07y12_202412_InDataFootprint.jpeg
2025-12-01 09:00:48,494 - INFO - composites.py:297 -                                  
2025-12-01 09:00:48,494 - INFO - composites.py:298 - Downstream STAC items from Planetary Computer
2025-12-01 09:00:48,494 - INFO - timeseries_processing.py:115 -                                  
2025-12-01 09:00:48,494 - INFO - timeseries_processing.py:116 - Loading bands of diferent resolutions in EPSG:32634
2025-12-01 09:00:48,494 - INFO - timeseries_processing.py:120 -     Filtering items with native UTM EPSG:32634
2025-12-01 09:00:48,494 - INFO - timeseries_processing.py:122 -     22 Items in EPSG:32634
2025-12-01 09:00:48,494 - INFO - timeseries_processing.py:129 -                        
2025-12-01 09:00:48,494 - INFO - timeseries_processing.py:130 -     Loading parameters:
2025-12-01 09:00:48,494 - INFO - timeseries_processing.py:131 -         Bands: ['B05', 'B07', 'B8A', 'SCL']
2025-12-01 09:00:48,494 - INFO - timeseries_processing.py:132 -         Spatial resolution: 20
2025-12-01 09:00:48,494 - INFO - timeseries_processing.py:134 -         Get Assets from STAC Items
2025-12-01 09:00:48,498 - INFO - timeseries_processing.py:47 -         Initialize the STAC client
2025-12-01 09:00:49,219 - INFO - timeseries_processing.py:137 -         Loading 22 STAC Items....
2025-12-01 09:02:00,491 - INFO - timeseries_processing.py:146 -         Cube has been downloaded
2025-12-01 09:02:00,491 - INFO - timeseries_processing.py:156 -         Fix order of dimensions
2025-12-01 09:02:00,492 - INFO - timeseries_processing.py:161 -         Append bands to the band-list of EPSG:32634
2025-12-01 09:02:00,492 - INFO - timeseries_processing.py:129 -                        
2025-12-01 09:02:00,492 - INFO - timeseries_processing.py:130 -     Loading parameters:
2025-12-01 09:02:00,494 - INFO - timeseries_processing.py:131 -         Bands: ['B02', 'B03', 'B04']
2025-12-01 09:02:00,494 - INFO - timeseries_processing.py:132 -         Spatial resolution: 10
2025-12-01 09:02:00,495 - INFO - timeseries_processing.py:134 -         Get Assets from STAC Items
2025-12-01 09:02:00,495 - INFO - timeseries_processing.py:47 -         Initialize the STAC client
2025-12-01 09:02:01,238 - INFO - timeseries_processing.py:137 -         Loading 22 STAC Items....
2025-12-01 09:05:46,645 - INFO - timeseries_processing.py:146 -         Cube has been downloaded
2025-12-01 09:05:46,645 - INFO - timeseries_processing.py:149 -         Reproject to downsample 10m bands to 20m by Resampling.average 2x2 binning and shape matching with odc.geo.GeoBox
2025-12-01 09:05:59,442 - INFO - timeseries_processing.py:161 -         Append bands to the band-list of EPSG:32634
2025-12-01 09:05:59,442 - INFO - timeseries_processing.py:165 -                        
2025-12-01 09:05:59,442 - INFO - timeseries_processing.py:166 -     Merging bands in a single dataset
2025-12-01 09:05:59,443 - INFO - timeseries_processing.py:167 -     Ensure all partial datasets are at (x=20, y=-20) resolution
2025-12-01 09:05:59,443 - INFO - timeseries_processing.py:171 -     Clip to the intersection of indexes
2025-12-01 09:06:00,916 - INFO - timeseries_processing.py:180 -     Make a list of bands to merge
2025-12-01 09:06:00,921 - INFO - timeseries_processing.py:184 -     Merge on intersection
2025-12-01 09:06:00,921 - INFO - timeseries_processing.py:192 -     Apply masks on clouds, shadows, thin cirrus, and snow/ice
2025-12-01 09:06:00,921 - INFO - sentinel2.py:122 -                Masking bits: [3, 7, 8, 9, 10, 11]
2025-12-01 09:06:02,151 - INFO - composites.py:307 - Reproject from UTM Zone to Tile geometry -> CRS(EPSG:32634), Resampling.bilinear
2025-12-01 09:06:09,297 - INFO - composites.py:310 -     New shape of datasets: Shape2d(x=2400, y=2400)
2025-12-01 09:06:10,106 - INFO - composites.py:329 - Scale SR to Sen2Cor Baseline 4.00 - Subtract 1000 in dates post 2022-01-25
2025-12-01 09:06:11,675 - INFO - composites.py:342 - Creating preview plot of input scenes
2025-12-01 09:06:45,975 - INFO - timeseries_processing.py:349 - Saved preview for 'B04' to //nas-rs.topo.auth.gr/Latomeia/DROUGHT/composites/x07/y12/2024/12/01/S2L2A_medcomp_x07y12_202412_InDataPreview.jpeg
2025-12-01 09:06:45,988 - INFO - composites.py:348 - Clip value range
2025-12-01 09:06:47,909 - INFO - composites.py:353 -                           
2025-12-01 09:06:47,916 - INFO - composites.py:354 - Computing spectral indices:
2025-12-01 09:06:47,916 - INFO - composites.py:357 -     EVI...
2025-12-01 09:06:49,177 - INFO - composites.py:359 -     NDVI...
2025-12-01 09:06:49,565 - INFO - composites.py:361 -     PSRI2...
2025-12-01 09:06:49,950 - INFO - composites.py:364 - Clip to typical value range
2025-12-01 09:06:50,293 - INFO - composites.py:371 - Reducing to median value temporal composite
2025-12-01 09:07:16,361 - INFO - composites.py:390 - Scale and Define data types & nodata per band
2025-12-01 09:07:16,515 - INFO - composites.py:411 - Assign time range and tile ID in metadata
2025-12-01 09:07:16,515 - INFO - composites.py:419 - Write bands to raster COG files
2025-12-01 09:07:20,978 - INFO - composites.py:432 - Write B02 -> //nas-rs.topo.auth.gr/Latomeia/DROUGHT/composites/x07/y12/2024/12/01/S2L2A_medcomp_x07y12_202412_B02.tif
2025-12-01 09:07:24,871 - INFO - composites.py:432 - Write B03 -> //nas-rs.topo.auth.gr/Latomeia/DROUGHT/composites/x07/y12/2024/12/01/S2L2A_medcomp_x07y12_202412_B03.tif
2025-12-01 09:07:28,801 - INFO - composites.py:432 - Write B04 -> //nas-rs.topo.auth.gr/Latomeia/DROUGHT/composites/x07/y12/2024/12/01/S2L2A_medcomp_x07y12_202412_B04.tif
2025-12-01 09:07:32,750 - INFO - composites.py:432 - Write B05 -> //nas-rs.topo.auth.gr/Latomeia/DROUGHT/composites/x07/y12/2024/12/01/S2L2A_medcomp_x07y12_202412_B05.tif
2025-12-01 09:07:36,664 - INFO - composites.py:432 - Write B07 -> //nas-rs.topo.auth.gr/Latomeia/DROUGHT/composites/x07/y12/2024/12/01/S2L2A_medcomp_x07y12_202412_B07.tif
2025-12-01 09:07:40,677 - INFO - composites.py:432 - Write B8A -> //nas-rs.topo.auth.gr/Latomeia/DROUGHT/composites/x07/y12/2024/12/01/S2L2A_medcomp_x07y12_202412_B8A.tif
2025-12-01 09:07:44,597 - INFO - composites.py:432 - Write EVI -> //nas-rs.topo.auth.gr/Latomeia/DROUGHT/composites/x07/y12/2024/12/01/S2L2A_medcomp_x07y12_202412_EVI.tif
2025-12-01 09:07:48,570 - INFO - composites.py:432 - Write NDVI -> //nas-rs.topo.auth.gr/Latomeia/DROUGHT/composites/x07/y12/2024/12/01/S2L2A_medcomp_x07y12_202412_NDVI.tif
2025-12-01 09:07:52,598 - INFO - composites.py:432 - Write PSRI2 -> //nas-rs.topo.auth.gr/Latomeia/DROUGHT/composites/x07/y12/2024/12/01/S2L2A_medcomp_x07y12_202412_PSRI2.tif
2025-12-01 09:07:52,598 - INFO - composites.py:436 - Prepare metadata YAML document
2025-12-01 09:07:53,100 - INFO - composites.py:458 - Write metadata YAML document to disk
2025-12-01 09:07:53,126 - INFO - composites.py:463 - Create datacube.model.Dataset from eo3 metadata
2025-12-01 09:07:53,136 - INFO - composites.py:476 - Index to datacube
2025-12-01 09:07:53,138 - INFO - _datasets.py:191 - Indexing 499be8b7-431b-40c7-bc78-bb80db35f851
2025-12-01 09:07:53,146 - INFO - composites.py:479 - 
2025-12-01 09:07:53,146 - INFO - composites.py:480 -              ✔✔✔ COMPLETED: Tile x07_y12 | Time: 2024-12 | In 9.34 minutes
2025-12-01 09:07:53,146 - INFO - composites.py:481 - 
2025-12-01 09:07:53,146 - INFO - composites.py:489 - Closing Dask client
2025-12-01 09:07:53,147 - INFO - composites.py:493 - Closing Dask cluster
2025-12-01 09:07:53,148 - INFO - composites.py:494 - #######################################################################
