2025-09-01 13:10:57,489 - INFO - composites.py:102 - #######################################################################
2025-09-01 13:10:57,489 - INFO - composites.py:104 - Processing started
2025-09-01 13:10:57,489 - INFO - composites.py:105 -         Tile: x11_y11
2025-09-01 13:10:57,489 - INFO - composites.py:106 -         Time: 2024-01
2025-09-01 13:10:57,489 - INFO - composites.py:109 -                           
2025-09-01 13:10:57,489 - INFO - composites.py:110 - Establishing connection to datacube
2025-09-01 13:10:58,009 - INFO - composites.py:113 -                           
2025-09-01 13:10:58,010 - INFO - composites.py:114 - Sanity test: Check if dataset already exists in the datacube
2025-09-01 13:10:58,030 - INFO - composites.py:133 - The composite requested was not found and it will be computed
2025-09-01 13:10:58,030 - INFO - composites.py:136 -                                  
2025-09-01 13:10:58,030 - INFO - composites.py:137 - Initializing Dask cluster for parallelization
2025-09-01 13:11:03,103 - INFO - composites.py:161 - Dask dashboard is available at: http://127.0.0.1:8787/status
2025-09-01 13:11:03,103 - INFO - composites.py:164 - Create directories and naming conversions
2025-09-01 13:11:03,118 - INFO - composites.py:177 - Dataset location: //nas-rs.topo.auth.gr/Latomeia/DROUGHT/composites/x11/y11/2024/01/01
2025-09-01 13:11:03,118 - INFO - composites.py:180 -                           
2025-09-01 13:11:03,118 - INFO - composites.py:181 - Retrieve tile geometry
2025-09-01 13:11:03,146 - INFO - composites.py:192 - Create the Bounding Box (φ,λ)
2025-09-01 13:11:03,146 - INFO - composites.py:198 - Create the Bounding Box (x,y)
2025-09-01 13:11:03,146 - INFO - composites.py:211 -                           
2025-09-01 13:11:03,146 - INFO - composites.py:212 - Connect to Planetary Computer STAC Catalog
2025-09-01 13:11:03,361 - INFO - composites.py:220 - Search the STAC Catalog
2025-09-01 13:11:03,430 - INFO - composites.py:232 -         Query parameters:
2025-09-01 13:11:03,431 - INFO - composites.py:233 -             url:          https://planetarycomputer.microsoft.com/api/stac/v1/search
2025-09-01 13:11:03,431 - INFO - composites.py:234 -             client:       microsoft-pc
2025-09-01 13:11:03,431 - INFO - composites.py:235 -             collection:   sentinel-2-l2a
2025-09-01 13:11:03,431 - INFO - composites.py:236 -             bbox:         (23.090477503527136, 38.072584087612974, 23.76631254171489, 38.62665683856133)
2025-09-01 13:11:03,431 - INFO - composites.py:237 -             time range:   2024-01-01T00:00:00Z/2024-01-31T23:59:59Z
2025-09-01 13:11:03,431 - INFO - composites.py:238 -             cloud cover:  0% - 70%
2025-09-01 13:11:03,431 - INFO - composites.py:239 -             nodata cover: 0% - 33%
2025-09-01 13:11:03,431 - INFO - composites.py:241 -                           
2025-09-01 13:11:03,431 - INFO - composites.py:242 - Searching...
2025-09-01 13:11:03,836 - INFO - composites.py:245 - Query found 6 items
2025-09-01 13:11:03,836 - INFO - composites.py:247 - Searching for GRI REFINED scenes:
2025-09-01 13:11:07,873 - INFO - sentinel2.py:78 - 1/6 - S2B_MSIL2A_20240128T092139_R093_T34SFH_20240128T121957 -> REFINED
2025-09-01 13:11:11,712 - INFO - sentinel2.py:78 - 2/6 - S2A_MSIL2A_20240123T092301_R093_T34SFH_20240123T140420 -> REFINED
2025-09-01 13:11:15,597 - INFO - sentinel2.py:78 - 3/6 - S2B_MSIL2A_20240118T092229_R093_T34SFH_20240118T121320 -> REFINED
2025-09-01 13:11:18,687 - INFO - sentinel2.py:78 - 4/6 - S2B_MSIL2A_20240108T092259_R093_T34SFH_20240108T122849 -> REFINED
2025-09-01 13:11:21,421 - INFO - sentinel2.py:78 - 5/6 - S2B_MSIL2A_20240105T091259_R050_T35SKC_20240105T123146 -> REFINED
2025-09-01 13:11:25,602 - INFO - sentinel2.py:78 - 6/6 - S2B_MSIL2A_20240105T091259_R050_T34SGH_20240105T121851 -> REFINED
2025-09-01 13:11:25,656 - INFO - composites.py:250 -                                  
2025-09-01 13:11:25,657 - INFO - composites.py:251 - 6/6 were refined by GRI.
2025-09-01 13:11:25,657 - INFO - composites.py:263 - Looking for up to 10 cleanest images within spatiotemporal range of each MGRS tile
2025-09-01 13:11:25,657 - INFO - composites.py:277 - Filtered cleanest scenes: Kept 6 out of 6 items. 
2025-09-01 13:11:25,657 - INFO - composites.py:278 -         Included MGRS Tiles: ['34SFH' '34SGH' '35SKC']
2025-09-01 13:11:25,657 - INFO - composites.py:279 -         Included EPSG codes: [32634 32635]
2025-09-01 13:11:25,659 - INFO - composites.py:281 - Selected scenes:
2025-09-01 13:11:25,659 - INFO - composites.py:283 -         S2A_MSIL2A_20240123T092301_R093_T34SFH_20240123T140420
2025-09-01 13:11:25,659 - INFO - composites.py:283 -         S2B_MSIL2A_20240118T092229_R093_T34SFH_20240118T121320
2025-09-01 13:11:25,659 - INFO - composites.py:283 -         S2B_MSIL2A_20240108T092259_R093_T34SFH_20240108T122849
2025-09-01 13:11:25,659 - INFO - composites.py:283 -         S2B_MSIL2A_20240128T092139_R093_T34SFH_20240128T121957
2025-09-01 13:11:25,659 - INFO - composites.py:283 -         S2B_MSIL2A_20240105T091259_R050_T34SGH_20240105T121851
2025-09-01 13:11:25,671 - INFO - composites.py:283 -         S2B_MSIL2A_20240105T091259_R050_T35SKC_20240105T123146
2025-09-01 13:11:26,033 - INFO - sentinel2.py:154 - Matplotlib backend: Agg
2025-09-01 13:11:26,245 - INFO - sentinel2.py:224 - Write input scenes footprint overlay: //nas-rs.topo.auth.gr/Latomeia/DROUGHT/composites/x11/y11/2024/01/01/S2L2A_medcomp_x11y11_202401_InDataFootprint.jpeg
2025-09-01 13:11:26,388 - INFO - composites.py:297 -                                  
2025-09-01 13:11:26,388 - INFO - composites.py:298 - Downstream STAC items from Planetary Computer
2025-09-01 13:11:26,388 - INFO - timeseries_processing.py:115 -                                  
2025-09-01 13:11:26,388 - INFO - timeseries_processing.py:116 - Loading bands of diferent resolutions in EPSG:32634
2025-09-01 13:11:26,388 - INFO - timeseries_processing.py:120 -     Filtering items with native UTM EPSG:32634
2025-09-01 13:11:26,388 - INFO - timeseries_processing.py:122 -     5 Items in EPSG:32634
2025-09-01 13:11:26,389 - INFO - timeseries_processing.py:129 -                        
2025-09-01 13:11:26,389 - INFO - timeseries_processing.py:130 -     Loading parameters:
2025-09-01 13:11:26,389 - INFO - timeseries_processing.py:131 -         Bands: ['B05', 'B07', 'B8A', 'SCL']
2025-09-01 13:11:26,389 - INFO - timeseries_processing.py:132 -         Spatial resolution: 20
2025-09-01 13:11:26,389 - INFO - timeseries_processing.py:134 -         Get Assets from STAC Items
2025-09-01 13:11:26,389 - INFO - timeseries_processing.py:47 -         Initialize the STAC client
2025-09-01 13:11:26,860 - INFO - timeseries_processing.py:137 -         Loading 5 STAC Items....
2025-09-01 13:11:49,832 - INFO - timeseries_processing.py:146 -         Cube has been downloaded
2025-09-01 13:11:49,833 - INFO - timeseries_processing.py:156 -         Fix order of dimensions
2025-09-01 13:11:49,835 - INFO - timeseries_processing.py:161 -         Append bands to the band-list of EPSG:32634
2025-09-01 13:11:49,837 - INFO - timeseries_processing.py:129 -                        
2025-09-01 13:11:49,837 - INFO - timeseries_processing.py:130 -     Loading parameters:
2025-09-01 13:11:49,837 - INFO - timeseries_processing.py:131 -         Bands: ['B02', 'B03', 'B04']
2025-09-01 13:11:49,837 - INFO - timeseries_processing.py:132 -         Spatial resolution: 10
2025-09-01 13:11:49,837 - INFO - timeseries_processing.py:134 -         Get Assets from STAC Items
2025-09-01 13:11:49,837 - INFO - timeseries_processing.py:47 -         Initialize the STAC client
2025-09-01 13:11:50,343 - INFO - timeseries_processing.py:137 -         Loading 5 STAC Items....
2025-09-01 13:12:40,778 - INFO - timeseries_processing.py:146 -         Cube has been downloaded
2025-09-01 13:12:40,779 - INFO - timeseries_processing.py:149 -         Reproject to downsample 10m bands to 20m by Resampling.average 2x2 binning and shape matching with odc.geo.GeoBox
2025-09-01 13:12:47,878 - INFO - timeseries_processing.py:161 -         Append bands to the band-list of EPSG:32634
2025-09-01 13:12:47,878 - INFO - timeseries_processing.py:165 -                        
2025-09-01 13:12:47,878 - INFO - timeseries_processing.py:166 -     Merging bands in a single dataset
2025-09-01 13:12:47,878 - INFO - timeseries_processing.py:167 -     Ensure all partial datasets are at (x=20, y=-20) resolution
2025-09-01 13:12:47,878 - INFO - timeseries_processing.py:171 -     Clip to the intersection of indexes
2025-09-01 13:12:49,219 - INFO - timeseries_processing.py:180 -     Make a list of bands to merge
2025-09-01 13:12:49,220 - INFO - timeseries_processing.py:184 -     Merge on intersection
2025-09-01 13:12:49,221 - INFO - timeseries_processing.py:192 -     Apply masks on clouds, shadows, thin cirrus, and snow/ice
2025-09-01 13:12:49,222 - INFO - sentinel2.py:122 -                Masking bits: [3, 7, 8, 9, 10, 11]
2025-09-01 13:12:49,887 - INFO - timeseries_processing.py:115 -                                  
2025-09-01 13:12:49,887 - INFO - timeseries_processing.py:116 - Loading bands of diferent resolutions in EPSG:32635
2025-09-01 13:12:49,887 - INFO - timeseries_processing.py:120 -     Filtering items with native UTM EPSG:32635
2025-09-01 13:12:49,887 - INFO - timeseries_processing.py:122 -     1 Items in EPSG:32635
2025-09-01 13:12:49,887 - INFO - timeseries_processing.py:129 -                        
2025-09-01 13:12:49,887 - INFO - timeseries_processing.py:130 -     Loading parameters:
2025-09-01 13:12:49,887 - INFO - timeseries_processing.py:131 -         Bands: ['B05', 'B07', 'B8A', 'SCL']
2025-09-01 13:12:49,887 - INFO - timeseries_processing.py:132 -         Spatial resolution: 20
2025-09-01 13:12:49,887 - INFO - timeseries_processing.py:134 -         Get Assets from STAC Items
2025-09-01 13:12:49,887 - INFO - timeseries_processing.py:47 -         Initialize the STAC client
2025-09-01 13:12:50,358 - INFO - timeseries_processing.py:137 -         Loading 1 STAC Items....
2025-09-01 13:12:56,302 - INFO - timeseries_processing.py:146 -         Cube has been downloaded
2025-09-01 13:12:56,302 - INFO - timeseries_processing.py:156 -         Fix order of dimensions
2025-09-01 13:12:56,303 - INFO - timeseries_processing.py:161 -         Append bands to the band-list of EPSG:32635
2025-09-01 13:12:56,303 - INFO - timeseries_processing.py:129 -                        
2025-09-01 13:12:56,304 - INFO - timeseries_processing.py:130 -     Loading parameters:
2025-09-01 13:12:56,304 - INFO - timeseries_processing.py:131 -         Bands: ['B02', 'B03', 'B04']
2025-09-01 13:12:56,304 - INFO - timeseries_processing.py:132 -         Spatial resolution: 10
2025-09-01 13:12:56,304 - INFO - timeseries_processing.py:134 -         Get Assets from STAC Items
2025-09-01 13:12:56,304 - INFO - timeseries_processing.py:47 -         Initialize the STAC client
2025-09-01 13:12:56,798 - INFO - timeseries_processing.py:137 -         Loading 1 STAC Items....
2025-09-01 13:13:09,106 - INFO - timeseries_processing.py:146 -         Cube has been downloaded
2025-09-01 13:13:09,106 - INFO - timeseries_processing.py:149 -         Reproject to downsample 10m bands to 20m by Resampling.average 2x2 binning and shape matching with odc.geo.GeoBox
2025-09-01 13:13:10,452 - INFO - timeseries_processing.py:161 -         Append bands to the band-list of EPSG:32635
2025-09-01 13:13:10,452 - INFO - timeseries_processing.py:165 -                        
2025-09-01 13:13:10,452 - INFO - timeseries_processing.py:166 -     Merging bands in a single dataset
2025-09-01 13:13:10,452 - INFO - timeseries_processing.py:167 -     Ensure all partial datasets are at (x=20, y=-20) resolution
2025-09-01 13:13:10,453 - INFO - timeseries_processing.py:171 -     Clip to the intersection of indexes
2025-09-01 13:13:10,454 - INFO - timeseries_processing.py:180 -     Make a list of bands to merge
2025-09-01 13:13:10,456 - INFO - timeseries_processing.py:184 -     Merge on intersection
2025-09-01 13:13:10,457 - INFO - timeseries_processing.py:192 -     Apply masks on clouds, shadows, thin cirrus, and snow/ice
2025-09-01 13:13:10,457 - INFO - sentinel2.py:122 -                Masking bits: [3, 7, 8, 9, 10, 11]
2025-09-01 13:13:10,606 - INFO - composites.py:307 - Reproject from UTM Zone to Tile geometry -> CRS(EPSG:32635), Resampling.bilinear
2025-09-01 13:13:14,901 - INFO - composites.py:310 -     New shape of datasets: Shape2d(x=2400, y=2400)
2025-09-01 13:13:15,105 - INFO - composites.py:315 -                           
2025-09-01 13:13:15,106 - INFO - composites.py:316 - Mosaic datasets to a single dataset
2025-09-01 13:13:19,652 - INFO - composites.py:329 - Scale SR to Sen2Cor Baseline 4.00 - Subtract 1000 in dates post 2022-01-25
2025-09-01 13:13:20,478 - INFO - composites.py:342 - Creating preview plot of input scenes
2025-09-01 13:13:44,328 - INFO - timeseries_processing.py:349 - Saved preview for 'B04' to //nas-rs.topo.auth.gr/Latomeia/DROUGHT/composites/x11/y11/2024/01/01/S2L2A_medcomp_x11y11_202401_InDataPreview.jpeg
2025-09-01 13:13:44,331 - INFO - composites.py:348 - Clip value range
2025-09-01 13:13:45,322 - INFO - composites.py:353 -                           
2025-09-01 13:13:45,322 - INFO - composites.py:354 - Computing spectral indices:
2025-09-01 13:13:45,322 - INFO - composites.py:357 -     EVI...
2025-09-01 13:13:45,997 - INFO - composites.py:359 -     NDVI...
2025-09-01 13:13:46,215 - INFO - composites.py:361 -     PSRI2...
2025-09-01 13:13:46,348 - INFO - composites.py:364 - Clip to typical value range
2025-09-01 13:13:46,528 - INFO - composites.py:371 - Reducing to median value temporal composite
2025-09-01 13:14:09,709 - INFO - composites.py:390 - Scale and Define data types & nodata per band
2025-09-01 13:14:09,878 - INFO - composites.py:411 - Assign time range and tile ID in metadata
2025-09-01 13:14:09,878 - INFO - composites.py:419 - Write bands to raster COG files
2025-09-01 13:14:13,866 - INFO - composites.py:432 - Write B02 -> //nas-rs.topo.auth.gr/Latomeia/DROUGHT/composites/x11/y11/2024/01/01/S2L2A_medcomp_x11y11_202401_B02.tif
2025-09-01 13:14:17,884 - INFO - composites.py:432 - Write B03 -> //nas-rs.topo.auth.gr/Latomeia/DROUGHT/composites/x11/y11/2024/01/01/S2L2A_medcomp_x11y11_202401_B03.tif
2025-09-01 13:14:21,947 - INFO - composites.py:432 - Write B04 -> //nas-rs.topo.auth.gr/Latomeia/DROUGHT/composites/x11/y11/2024/01/01/S2L2A_medcomp_x11y11_202401_B04.tif
2025-09-01 13:14:25,948 - INFO - composites.py:432 - Write B05 -> //nas-rs.topo.auth.gr/Latomeia/DROUGHT/composites/x11/y11/2024/01/01/S2L2A_medcomp_x11y11_202401_B05.tif
2025-09-01 13:14:29,941 - INFO - composites.py:432 - Write B07 -> //nas-rs.topo.auth.gr/Latomeia/DROUGHT/composites/x11/y11/2024/01/01/S2L2A_medcomp_x11y11_202401_B07.tif
2025-09-01 13:14:34,041 - INFO - composites.py:432 - Write B8A -> //nas-rs.topo.auth.gr/Latomeia/DROUGHT/composites/x11/y11/2024/01/01/S2L2A_medcomp_x11y11_202401_B8A.tif
2025-09-01 13:14:38,491 - INFO - composites.py:432 - Write EVI -> //nas-rs.topo.auth.gr/Latomeia/DROUGHT/composites/x11/y11/2024/01/01/S2L2A_medcomp_x11y11_202401_EVI.tif
2025-09-01 13:14:42,552 - INFO - composites.py:432 - Write NDVI -> //nas-rs.topo.auth.gr/Latomeia/DROUGHT/composites/x11/y11/2024/01/01/S2L2A_medcomp_x11y11_202401_NDVI.tif
2025-09-01 13:14:46,461 - INFO - composites.py:432 - Write PSRI2 -> //nas-rs.topo.auth.gr/Latomeia/DROUGHT/composites/x11/y11/2024/01/01/S2L2A_medcomp_x11y11_202401_PSRI2.tif
2025-09-01 13:14:46,480 - INFO - composites.py:436 - Prepare metadata YAML document
2025-09-01 13:14:46,996 - INFO - composites.py:458 - Write metadata YAML document to disk
2025-09-01 13:14:47,054 - INFO - composites.py:463 - Create datacube.model.Dataset from eo3 metadata
2025-09-01 13:14:47,065 - INFO - composites.py:476 - Index to datacube
2025-09-01 13:14:47,065 - INFO - _datasets.py:191 - Indexing ba8c8d47-564d-4571-94ff-b8b2e4bf6075
2025-09-01 13:14:47,074 - INFO - composites.py:479 - 
2025-09-01 13:14:47,074 - INFO - composites.py:480 -              ✔✔✔ COMPLETED: Tile x11_y11 | Time: 2024-01 | In 3.83 minutes
2025-09-01 13:14:47,074 - INFO - composites.py:481 - 
2025-09-01 13:14:47,074 - INFO - composites.py:489 - Closing Dask client
2025-09-01 13:14:47,077 - INFO - composites.py:493 - Closing Dask cluster
2025-09-01 13:14:47,077 - INFO - composites.py:494 - #######################################################################
