2025-09-01 23:26:06,345 - INFO - composites.py:102 - #######################################################################
2025-09-01 23:26:06,345 - INFO - composites.py:104 - Processing started
2025-09-01 23:26:06,345 - INFO - composites.py:105 -         Tile: x09_y11
2025-09-01 23:26:06,345 - INFO - composites.py:106 -         Time: 2024-05
2025-09-01 23:26:06,345 - INFO - composites.py:109 -                           
2025-09-01 23:26:06,345 - INFO - composites.py:110 - Establishing connection to datacube
2025-09-01 23:26:06,865 - INFO - composites.py:113 -                           
2025-09-01 23:26:06,865 - INFO - composites.py:114 - Sanity test: Check if dataset already exists in the datacube
2025-09-01 23:26:06,886 - INFO - composites.py:133 - The composite requested was not found and it will be computed
2025-09-01 23:26:06,886 - INFO - composites.py:136 -                                  
2025-09-01 23:26:06,886 - INFO - composites.py:137 - Initializing Dask cluster for parallelization
2025-09-01 23:26:11,879 - INFO - composites.py:161 - Dask dashboard is available at: http://127.0.0.1:8787/status
2025-09-01 23:26:11,880 - INFO - composites.py:164 - Create directories and naming conversions
2025-09-01 23:26:11,918 - INFO - composites.py:177 - Dataset location: //nas-rs.topo.auth.gr/Latomeia/DROUGHT/composites/x09/y11/2024/05/01
2025-09-01 23:26:11,918 - INFO - composites.py:180 -                           
2025-09-01 23:26:11,918 - INFO - composites.py:181 - Retrieve tile geometry
2025-09-01 23:26:11,947 - INFO - composites.py:192 - Create the Bounding Box (φ,λ)
2025-09-01 23:26:11,947 - INFO - composites.py:198 - Create the Bounding Box (x,y)
2025-09-01 23:26:11,947 - INFO - composites.py:211 -                           
2025-09-01 23:26:11,947 - INFO - composites.py:212 - Connect to Planetary Computer STAC Catalog
2025-09-01 23:26:12,206 - INFO - composites.py:220 - Search the STAC Catalog
2025-09-01 23:26:12,274 - INFO - composites.py:232 -         Query parameters:
2025-09-01 23:26:12,274 - INFO - composites.py:233 -             url:          https://planetarycomputer.microsoft.com/api/stac/v1/search
2025-09-01 23:26:12,276 - INFO - composites.py:234 -             client:       microsoft-pc
2025-09-01 23:26:12,276 - INFO - composites.py:235 -             collection:   sentinel-2-l2a
2025-09-01 23:26:12,276 - INFO - composites.py:236 -             bbox:         (22.011426495899283, 38.22146676750315, 22.68270270334575, 38.770538011403985)
2025-09-01 23:26:12,276 - INFO - composites.py:237 -             time range:   2024-05-01T00:00:00Z/2024-05-31T23:59:59Z
2025-09-01 23:26:12,276 - INFO - composites.py:238 -             cloud cover:  0% - 70%
2025-09-01 23:26:12,276 - INFO - composites.py:239 -             nodata cover: 0% - 33%
2025-09-01 23:26:12,276 - INFO - composites.py:241 -                           
2025-09-01 23:26:12,276 - INFO - composites.py:242 - Searching...
2025-09-01 23:26:12,691 - INFO - composites.py:245 - Query found 18 items
2025-09-01 23:26:12,691 - INFO - composites.py:247 - Searching for GRI REFINED scenes:
2025-09-01 23:26:16,927 - INFO - sentinel2.py:78 - 1/18 - S2B_MSIL2A_20240527T091549_R093_T34SFJ_20240527T120901 -> REFINED
2025-09-01 23:26:21,582 - INFO - sentinel2.py:78 - 2/18 - S2B_MSIL2A_20240527T091549_R093_T34SFH_20240527T120902 -> REFINED
2025-09-01 23:26:26,757 - INFO - sentinel2.py:78 - 3/18 - S2B_MSIL2A_20240527T091549_R093_T34SEJ_20240527T120902 -> REFINED
2025-09-01 23:26:31,086 - INFO - sentinel2.py:78 - 4/18 - S2A_MSIL2A_20240522T092031_R093_T34SFJ_20240522T151908 -> REFINED
2025-09-01 23:26:35,949 - INFO - sentinel2.py:78 - 5/18 - S2A_MSIL2A_20240522T092031_R093_T34SFH_20240522T152012 -> REFINED
2025-09-01 23:26:40,516 - INFO - sentinel2.py:78 - 6/18 - S2A_MSIL2A_20240522T092031_R093_T34SEJ_20240522T152017 -> REFINED
2025-09-01 23:26:45,233 - INFO - sentinel2.py:78 - 7/18 - S2A_MSIL2A_20240522T092031_R093_T34SEH_20240522T152015 -> REFINED
2025-09-01 23:26:48,974 - INFO - sentinel2.py:78 - 8/18 - S2A_MSIL2A_20240512T092031_R093_T34SFJ_20240512T141552 -> REFINED
2025-09-01 23:26:53,779 - INFO - sentinel2.py:78 - 9/18 - S2A_MSIL2A_20240512T092031_R093_T34SFH_20240512T141554 -> REFINED
2025-09-01 23:26:58,044 - INFO - sentinel2.py:78 - 10/18 - S2A_MSIL2A_20240512T092031_R093_T34SEJ_20240512T141554 -> REFINED
2025-09-01 23:27:02,805 - INFO - sentinel2.py:78 - 11/18 - S2A_MSIL2A_20240512T092031_R093_T34SEH_20240512T141554 -> REFINED
2025-09-01 23:27:06,992 - INFO - sentinel2.py:78 - 12/18 - S2B_MSIL2A_20240507T091549_R093_T34SFJ_20240507T121929 -> REFINED
2025-09-01 23:27:11,760 - INFO - sentinel2.py:78 - 13/18 - S2B_MSIL2A_20240507T091549_R093_T34SFH_20240507T121929 -> REFINED
2025-09-01 23:27:15,880 - INFO - sentinel2.py:78 - 14/18 - S2B_MSIL2A_20240507T091549_R093_T34SEJ_20240507T122116 -> REFINED
2025-09-01 23:27:21,228 - INFO - sentinel2.py:78 - 15/18 - S2A_MSIL2A_20240502T092031_R093_T34SFJ_20240502T141651 -> REFINED
2025-09-01 23:27:25,303 - INFO - sentinel2.py:78 - 16/18 - S2A_MSIL2A_20240502T092031_R093_T34SFH_20240502T132106 -> REFINED
2025-09-01 23:27:28,871 - INFO - sentinel2.py:78 - 17/18 - S2A_MSIL2A_20240502T092031_R093_T34SEJ_20240502T132107 -> REFINED
2025-09-01 23:27:33,684 - INFO - sentinel2.py:78 - 18/18 - S2A_MSIL2A_20240502T092031_R093_T34SEH_20240502T132116 -> REFINED
2025-09-01 23:27:33,717 - INFO - composites.py:250 -                                  
2025-09-01 23:27:33,717 - INFO - composites.py:251 - 18/18 were refined by GRI.
2025-09-01 23:27:33,719 - INFO - composites.py:263 - Looking for up to 10 cleanest images within spatiotemporal range of each MGRS tile
2025-09-01 23:27:33,719 - INFO - composites.py:277 - Filtered cleanest scenes: Kept 18 out of 18 items. 
2025-09-01 23:27:33,720 - INFO - composites.py:278 -         Included MGRS Tiles: ['34SEH' '34SEJ' '34SFH' '34SFJ']
2025-09-01 23:27:33,720 - INFO - composites.py:279 -         Included EPSG codes: [32634]
2025-09-01 23:27:33,720 - INFO - composites.py:281 - Selected scenes:
2025-09-01 23:27:33,720 - INFO - composites.py:283 -         S2A_MSIL2A_20240522T092031_R093_T34SEH_20240522T152015
2025-09-01 23:27:33,720 - INFO - composites.py:283 -         S2A_MSIL2A_20240512T092031_R093_T34SEH_20240512T141554
2025-09-01 23:27:33,721 - INFO - composites.py:283 -         S2A_MSIL2A_20240502T092031_R093_T34SEH_20240502T132116
2025-09-01 23:27:33,721 - INFO - composites.py:283 -         S2A_MSIL2A_20240522T092031_R093_T34SEJ_20240522T152017
2025-09-01 23:27:33,721 - INFO - composites.py:283 -         S2A_MSIL2A_20240512T092031_R093_T34SEJ_20240512T141554
2025-09-01 23:27:33,721 - INFO - composites.py:283 -         S2B_MSIL2A_20240507T091549_R093_T34SEJ_20240507T122116
2025-09-01 23:27:33,721 - INFO - composites.py:283 -         S2A_MSIL2A_20240502T092031_R093_T34SEJ_20240502T132107
2025-09-01 23:27:33,721 - INFO - composites.py:283 -         S2B_MSIL2A_20240527T091549_R093_T34SEJ_20240527T120902
2025-09-01 23:27:33,721 - INFO - composites.py:283 -         S2A_MSIL2A_20240522T092031_R093_T34SFH_20240522T152012
2025-09-01 23:27:33,721 - INFO - composites.py:283 -         S2A_MSIL2A_20240512T092031_R093_T34SFH_20240512T141554
2025-09-01 23:27:33,721 - INFO - composites.py:283 -         S2B_MSIL2A_20240507T091549_R093_T34SFH_20240507T121929
2025-09-01 23:27:33,721 - INFO - composites.py:283 -         S2A_MSIL2A_20240502T092031_R093_T34SFH_20240502T132106
2025-09-01 23:27:33,721 - INFO - composites.py:283 -         S2B_MSIL2A_20240527T091549_R093_T34SFH_20240527T120902
2025-09-01 23:27:33,721 - INFO - composites.py:283 -         S2A_MSIL2A_20240522T092031_R093_T34SFJ_20240522T151908
2025-09-01 23:27:33,721 - INFO - composites.py:283 -         S2A_MSIL2A_20240512T092031_R093_T34SFJ_20240512T141552
2025-09-01 23:27:33,721 - INFO - composites.py:283 -         S2B_MSIL2A_20240507T091549_R093_T34SFJ_20240507T121929
2025-09-01 23:27:33,721 - INFO - composites.py:283 -         S2A_MSIL2A_20240502T092031_R093_T34SFJ_20240502T141651
2025-09-01 23:27:33,721 - INFO - composites.py:283 -         S2B_MSIL2A_20240527T091549_R093_T34SFJ_20240527T120901
2025-09-01 23:27:34,078 - INFO - sentinel2.py:154 - Matplotlib backend: Agg
2025-09-01 23:27:34,415 - INFO - sentinel2.py:224 - Write input scenes footprint overlay: //nas-rs.topo.auth.gr/Latomeia/DROUGHT/composites/x09/y11/2024/05/01/S2L2A_medcomp_x09y11_202405_InDataFootprint.jpeg
2025-09-01 23:27:34,628 - INFO - composites.py:297 -                                  
2025-09-01 23:27:34,628 - INFO - composites.py:298 - Downstream STAC items from Planetary Computer
2025-09-01 23:27:34,628 - INFO - timeseries_processing.py:115 -                                  
2025-09-01 23:27:34,628 - INFO - timeseries_processing.py:116 - Loading bands of diferent resolutions in EPSG:32634
2025-09-01 23:27:34,628 - INFO - timeseries_processing.py:120 -     Filtering items with native UTM EPSG:32634
2025-09-01 23:27:34,628 - INFO - timeseries_processing.py:122 -     18 Items in EPSG:32634
2025-09-01 23:27:34,628 - INFO - timeseries_processing.py:129 -                        
2025-09-01 23:27:34,628 - INFO - timeseries_processing.py:130 -     Loading parameters:
2025-09-01 23:27:34,628 - INFO - timeseries_processing.py:131 -         Bands: ['B05', 'B07', 'B8A', 'SCL']
2025-09-01 23:27:34,628 - INFO - timeseries_processing.py:132 -         Spatial resolution: 20
2025-09-01 23:27:34,628 - INFO - timeseries_processing.py:134 -         Get Assets from STAC Items
2025-09-01 23:27:34,629 - INFO - timeseries_processing.py:47 -         Initialize the STAC client
2025-09-01 23:27:35,232 - INFO - timeseries_processing.py:137 -         Loading 18 STAC Items....
2025-09-01 23:28:43,608 - INFO - timeseries_processing.py:146 -         Cube has been downloaded
2025-09-01 23:28:43,608 - INFO - timeseries_processing.py:156 -         Fix order of dimensions
2025-09-01 23:28:43,610 - INFO - timeseries_processing.py:161 -         Append bands to the band-list of EPSG:32634
2025-09-01 23:28:43,610 - INFO - timeseries_processing.py:129 -                        
2025-09-01 23:28:43,610 - INFO - timeseries_processing.py:130 -     Loading parameters:
2025-09-01 23:28:43,610 - INFO - timeseries_processing.py:131 -         Bands: ['B02', 'B03', 'B04']
2025-09-01 23:28:43,612 - INFO - timeseries_processing.py:132 -         Spatial resolution: 10
2025-09-01 23:28:43,612 - INFO - timeseries_processing.py:134 -         Get Assets from STAC Items
2025-09-01 23:28:43,613 - INFO - timeseries_processing.py:47 -         Initialize the STAC client
2025-09-01 23:28:44,351 - INFO - timeseries_processing.py:137 -         Loading 18 STAC Items....
2025-09-01 23:30:22,395 - INFO - timeseries_processing.py:146 -         Cube has been downloaded
2025-09-01 23:30:22,395 - INFO - timeseries_processing.py:149 -         Reproject to downsample 10m bands to 20m by Resampling.average 2x2 binning and shape matching with odc.geo.GeoBox
2025-09-01 23:30:29,799 - INFO - timeseries_processing.py:161 -         Append bands to the band-list of EPSG:32634
2025-09-01 23:30:29,799 - INFO - timeseries_processing.py:165 -                        
2025-09-01 23:30:29,799 - INFO - timeseries_processing.py:166 -     Merging bands in a single dataset
2025-09-01 23:30:29,820 - INFO - timeseries_processing.py:167 -     Ensure all partial datasets are at (x=20, y=-20) resolution
2025-09-01 23:30:29,821 - INFO - timeseries_processing.py:171 -     Clip to the intersection of indexes
2025-09-01 23:30:31,030 - INFO - timeseries_processing.py:180 -     Make a list of bands to merge
2025-09-01 23:30:31,031 - INFO - timeseries_processing.py:184 -     Merge on intersection
2025-09-01 23:30:31,034 - INFO - timeseries_processing.py:192 -     Apply masks on clouds, shadows, thin cirrus, and snow/ice
2025-09-01 23:30:31,034 - INFO - sentinel2.py:122 -                Masking bits: [3, 7, 8, 9, 10, 11]
2025-09-01 23:30:31,878 - INFO - composites.py:307 - Reproject from UTM Zone to Tile geometry -> CRS(EPSG:32634), Resampling.bilinear
2025-09-01 23:30:35,781 - INFO - composites.py:310 -     New shape of datasets: Shape2d(x=2400, y=2400)
2025-09-01 23:30:36,311 - INFO - composites.py:329 - Scale SR to Sen2Cor Baseline 4.00 - Subtract 1000 in dates post 2022-01-25
2025-09-01 23:30:37,086 - INFO - composites.py:342 - Creating preview plot of input scenes
2025-09-01 23:30:59,837 - INFO - timeseries_processing.py:349 - Saved preview for 'B04' to //nas-rs.topo.auth.gr/Latomeia/DROUGHT/composites/x09/y11/2024/05/01/S2L2A_medcomp_x09y11_202405_InDataPreview.jpeg
2025-09-01 23:30:59,842 - INFO - composites.py:348 - Clip value range
2025-09-01 23:31:00,870 - INFO - composites.py:353 -                           
2025-09-01 23:31:00,876 - INFO - composites.py:354 - Computing spectral indices:
2025-09-01 23:31:00,885 - INFO - composites.py:357 -     EVI...
2025-09-01 23:31:01,466 - INFO - composites.py:359 -     NDVI...
2025-09-01 23:31:01,749 - INFO - composites.py:361 -     PSRI2...
2025-09-01 23:31:01,895 - INFO - composites.py:364 - Clip to typical value range
2025-09-01 23:31:02,067 - INFO - composites.py:371 - Reducing to median value temporal composite
2025-09-01 23:31:26,876 - INFO - composites.py:390 - Scale and Define data types & nodata per band
2025-09-01 23:31:27,021 - INFO - composites.py:411 - Assign time range and tile ID in metadata
2025-09-01 23:31:27,022 - INFO - composites.py:419 - Write bands to raster COG files
2025-09-01 23:31:30,869 - INFO - composites.py:432 - Write B02 -> //nas-rs.topo.auth.gr/Latomeia/DROUGHT/composites/x09/y11/2024/05/01/S2L2A_medcomp_x09y11_202405_B02.tif
2025-09-01 23:31:34,830 - INFO - composites.py:432 - Write B03 -> //nas-rs.topo.auth.gr/Latomeia/DROUGHT/composites/x09/y11/2024/05/01/S2L2A_medcomp_x09y11_202405_B03.tif
2025-09-01 23:31:39,346 - INFO - composites.py:432 - Write B04 -> //nas-rs.topo.auth.gr/Latomeia/DROUGHT/composites/x09/y11/2024/05/01/S2L2A_medcomp_x09y11_202405_B04.tif
2025-09-01 23:31:43,258 - INFO - composites.py:432 - Write B05 -> //nas-rs.topo.auth.gr/Latomeia/DROUGHT/composites/x09/y11/2024/05/01/S2L2A_medcomp_x09y11_202405_B05.tif
2025-09-01 23:31:47,173 - INFO - composites.py:432 - Write B07 -> //nas-rs.topo.auth.gr/Latomeia/DROUGHT/composites/x09/y11/2024/05/01/S2L2A_medcomp_x09y11_202405_B07.tif
2025-09-01 23:31:51,128 - INFO - composites.py:432 - Write B8A -> //nas-rs.topo.auth.gr/Latomeia/DROUGHT/composites/x09/y11/2024/05/01/S2L2A_medcomp_x09y11_202405_B8A.tif
2025-09-01 23:31:55,015 - INFO - composites.py:432 - Write EVI -> //nas-rs.topo.auth.gr/Latomeia/DROUGHT/composites/x09/y11/2024/05/01/S2L2A_medcomp_x09y11_202405_EVI.tif
2025-09-01 23:31:58,981 - INFO - composites.py:432 - Write NDVI -> //nas-rs.topo.auth.gr/Latomeia/DROUGHT/composites/x09/y11/2024/05/01/S2L2A_medcomp_x09y11_202405_NDVI.tif
2025-09-01 23:32:02,872 - INFO - composites.py:432 - Write PSRI2 -> //nas-rs.topo.auth.gr/Latomeia/DROUGHT/composites/x09/y11/2024/05/01/S2L2A_medcomp_x09y11_202405_PSRI2.tif
2025-09-01 23:32:02,873 - INFO - composites.py:436 - Prepare metadata YAML document
2025-09-01 23:32:03,468 - INFO - composites.py:458 - Write metadata YAML document to disk
2025-09-01 23:32:03,516 - INFO - composites.py:463 - Create datacube.model.Dataset from eo3 metadata
2025-09-01 23:32:03,527 - INFO - composites.py:476 - Index to datacube
2025-09-01 23:32:03,527 - INFO - _datasets.py:191 - Indexing b0ca870c-ab18-4e52-bae1-1bfb60b9c1f7
2025-09-01 23:32:03,534 - INFO - composites.py:479 - 
2025-09-01 23:32:03,534 - INFO - composites.py:480 -              ✔✔✔ COMPLETED: Tile x09_y11 | Time: 2024-05 | In 5.95 minutes
2025-09-01 23:32:03,535 - INFO - composites.py:481 - 
2025-09-01 23:32:03,535 - INFO - composites.py:489 - Closing Dask client
2025-09-01 23:32:03,537 - INFO - composites.py:493 - Closing Dask cluster
2025-09-01 23:32:03,537 - INFO - composites.py:494 - #######################################################################
