2025-11-30 23:32:35,570 - INFO - composites.py:102 - #######################################################################
2025-11-30 23:32:35,570 - INFO - composites.py:104 - Processing started
2025-11-30 23:32:35,570 - INFO - composites.py:105 -         Tile: x07_y11
2025-11-30 23:32:35,570 - INFO - composites.py:106 -         Time: 2022-09
2025-11-30 23:32:35,570 - INFO - composites.py:109 -                           
2025-11-30 23:32:35,570 - INFO - composites.py:110 - Establishing connection to datacube
2025-11-30 23:32:36,115 - INFO - composites.py:113 -                           
2025-11-30 23:32:36,115 - INFO - composites.py:114 - Sanity test: Check if dataset already exists in the datacube
2025-11-30 23:32:36,136 - INFO - composites.py:133 - The composite requested was not found and it will be computed
2025-11-30 23:32:36,136 - INFO - composites.py:136 -                                  
2025-11-30 23:32:36,136 - INFO - composites.py:137 - Initializing Dask cluster for parallelization
2025-11-30 23:32:41,134 - INFO - composites.py:161 - Dask dashboard is available at: http://127.0.0.1:8787/status
2025-11-30 23:32:41,134 - INFO - composites.py:164 - Create directories and naming conversions
2025-11-30 23:32:41,145 - INFO - composites.py:177 - Dataset location: //nas-rs.topo.auth.gr/Latomeia/DROUGHT/composites/x07/y11/2022/09/01
2025-11-30 23:32:41,145 - INFO - composites.py:180 -                           
2025-11-30 23:32:41,145 - INFO - composites.py:181 - Retrieve tile geometry
2025-11-30 23:32:41,174 - INFO - composites.py:192 - Create the Bounding Box (φ,λ)
2025-11-30 23:32:41,174 - INFO - composites.py:198 - Create the Bounding Box (x,y)
2025-11-30 23:32:41,175 - INFO - composites.py:211 -                           
2025-11-30 23:32:41,175 - INFO - composites.py:212 - Connect to Planetary Computer STAC Catalog
2025-11-30 23:32:41,519 - INFO - composites.py:220 - Search the STAC Catalog
2025-11-30 23:32:41,593 - INFO - composites.py:232 -         Query parameters:
2025-11-30 23:32:41,593 - INFO - composites.py:233 -             url:          https://planetarycomputer.microsoft.com/api/stac/v1/search
2025-11-30 23:32:41,593 - INFO - composites.py:234 -             client:       microsoft-pc
2025-11-30 23:32:41,593 - INFO - composites.py:235 -             collection:   sentinel-2-l2a
2025-11-30 23:32:41,593 - INFO - composites.py:236 -             bbox:         (20.928573606105775, 38.35819969704171, 21.59502923200265, 38.902149455513275)
2025-11-30 23:32:41,593 - INFO - composites.py:237 -             time range:   2022-09-01T00:00:00Z/2022-09-30T23:59:59Z
2025-11-30 23:32:41,593 - INFO - composites.py:238 -             cloud cover:  0% - 70%
2025-11-30 23:32:41,593 - INFO - composites.py:239 -             nodata cover: 0% - 33%
2025-11-30 23:32:41,593 - INFO - composites.py:241 -                           
2025-11-30 23:32:41,593 - INFO - composites.py:242 - Searching...
2025-11-30 23:32:42,448 - INFO - composites.py:245 - Query found 50 items
2025-11-30 23:32:42,450 - INFO - composites.py:247 - Searching for GRI REFINED scenes:
2025-11-30 23:32:46,103 - INFO - sentinel2.py:78 - 1/50 - S2A_MSIL2A_20220930T092041_R093_T34SEJ_20240726T033343 -> REFINED
2025-11-30 23:32:49,392 - INFO - sentinel2.py:78 - 2/50 - S2A_MSIL2A_20220930T092041_R093_T34SEJ_20221001T015527 -> REFINED
2025-11-30 23:32:52,622 - INFO - sentinel2.py:78 - 3/50 - S2A_MSIL2A_20220930T092041_R093_T34SEH_20240726T033343 -> REFINED
2025-11-30 23:32:56,995 - INFO - sentinel2.py:78 - 4/50 - S2A_MSIL2A_20220930T092041_R093_T34SEH_20221001T013349 -> REFINED
2025-11-30 23:33:01,227 - INFO - sentinel2.py:78 - 5/50 - S2A_MSIL2A_20220930T092041_R093_T34SDH_20240726T033343 -> REFINED
2025-11-30 23:33:05,630 - INFO - sentinel2.py:78 - 6/50 - S2A_MSIL2A_20220930T092041_R093_T34SDH_20221001T015512 -> REFINED
2025-11-30 23:33:09,478 - INFO - sentinel2.py:78 - 7/50 - S2B_MSIL2A_20220928T093039_R136_T34SDJ_20240730T192229 -> REFINED
2025-11-30 23:33:13,448 - INFO - sentinel2.py:78 - 8/50 - S2B_MSIL2A_20220928T093039_R136_T34SDJ_20220929T011651 -> REFINED
2025-11-30 23:33:16,702 - INFO - sentinel2.py:78 - 9/50 - S2B_MSIL2A_20220928T093039_R136_T34SDH_20240730T192229 -> REFINED
2025-11-30 23:33:21,180 - INFO - sentinel2.py:78 - 10/50 - S2B_MSIL2A_20220928T093039_R136_T34SDH_20220929T011324 -> REFINED
2025-11-30 23:33:25,588 - INFO - sentinel2.py:78 - 11/50 - S2B_MSIL2A_20220925T092029_R093_T34SEH_20240731T082639 -> REFINED
2025-11-30 23:33:29,557 - INFO - sentinel2.py:78 - 12/50 - S2B_MSIL2A_20220925T092029_R093_T34SEH_20220926T040213 -> REFINED
2025-11-30 23:33:33,379 - INFO - sentinel2.py:78 - 13/50 - S2B_MSIL2A_20220925T092029_R093_T34SDH_20240731T082639 -> REFINED
2025-11-30 23:33:37,317 - INFO - sentinel2.py:78 - 14/50 - S2B_MSIL2A_20220925T092029_R093_T34SDH_20220926T042627 -> REFINED
2025-11-30 23:33:41,614 - INFO - sentinel2.py:78 - 15/50 - S2A_MSIL2A_20220920T092041_R093_T34SEJ_20240727T021934 -> REFINED
2025-11-30 23:33:45,143 - INFO - sentinel2.py:78 - 16/50 - S2A_MSIL2A_20220920T092041_R093_T34SEJ_20220920T214156 -> REFINED
2025-11-30 23:33:49,703 - INFO - sentinel2.py:78 - 17/50 - S2A_MSIL2A_20220920T092041_R093_T34SEH_20240727T021934 -> REFINED
2025-11-30 23:33:53,924 - INFO - sentinel2.py:78 - 18/50 - S2A_MSIL2A_20220920T092041_R093_T34SEH_20220920T205152 -> REFINED
2025-11-30 23:33:57,187 - INFO - sentinel2.py:78 - 19/50 - S2A_MSIL2A_20220920T092041_R093_T34SDH_20240727T021934 -> REFINED
2025-11-30 23:34:01,599 - INFO - sentinel2.py:78 - 20/50 - S2A_MSIL2A_20220920T092041_R093_T34SDH_20220920T205049 -> REFINED
2025-11-30 23:34:05,613 - INFO - sentinel2.py:78 - 21/50 - S2B_MSIL2A_20220918T093039_R136_T34SDJ_20240726T150422 -> REFINED
2025-11-30 23:34:09,692 - INFO - sentinel2.py:78 - 22/50 - S2B_MSIL2A_20220918T093039_R136_T34SDJ_20220919T024514 -> REFINED
2025-11-30 23:34:15,398 - INFO - sentinel2.py:78 - 23/50 - S2B_MSIL2A_20220918T093039_R136_T34SDH_20240726T150422 -> REFINED
2025-11-30 23:34:19,797 - INFO - sentinel2.py:78 - 24/50 - S2B_MSIL2A_20220918T093039_R136_T34SDH_20220919T030616 -> REFINED
2025-11-30 23:34:24,347 - INFO - sentinel2.py:78 - 25/50 - S2B_MSIL2A_20220915T092029_R093_T34SEJ_20240730T075027 -> REFINED
2025-11-30 23:34:28,965 - INFO - sentinel2.py:78 - 26/50 - S2B_MSIL2A_20220915T092029_R093_T34SEH_20240730T075027 -> REFINED
2025-11-30 23:34:32,836 - INFO - sentinel2.py:78 - 27/50 - S2B_MSIL2A_20220915T092029_R093_T34SEH_20220916T002011 -> REFINED
2025-11-30 23:34:36,739 - INFO - sentinel2.py:78 - 28/50 - S2B_MSIL2A_20220915T092029_R093_T34SDH_20240730T075027 -> REFINED
2025-11-30 23:34:41,049 - INFO - sentinel2.py:78 - 29/50 - S2A_MSIL2A_20220913T092611_R136_T34SDJ_20240728T151046 -> REFINED
2025-11-30 23:34:45,446 - INFO - sentinel2.py:78 - 30/50 - S2A_MSIL2A_20220913T092611_R136_T34SDJ_20220913T184323 -> REFINED
2025-11-30 23:34:48,881 - INFO - sentinel2.py:78 - 31/50 - S2A_MSIL2A_20220913T092611_R136_T34SDH_20240728T151046 -> REFINED
2025-11-30 23:34:53,292 - INFO - sentinel2.py:78 - 32/50 - S2A_MSIL2A_20220913T092611_R136_T34SDH_20220913T182911 -> REFINED
2025-11-30 23:34:57,109 - INFO - sentinel2.py:78 - 33/50 - S2A_MSIL2A_20220910T091601_R093_T34SEJ_20240727T020443 -> REFINED
2025-11-30 23:35:00,952 - INFO - sentinel2.py:78 - 34/50 - S2A_MSIL2A_20220910T091601_R093_T34SEJ_20220911T235737 -> REFINED
2025-11-30 23:35:04,744 - INFO - sentinel2.py:78 - 35/50 - S2A_MSIL2A_20220910T091601_R093_T34SEH_20240727T020443 -> REFINED
2025-11-30 23:35:08,714 - INFO - sentinel2.py:78 - 36/50 - S2A_MSIL2A_20220910T091601_R093_T34SEH_20220911T233500 -> REFINED
2025-11-30 23:35:13,168 - INFO - sentinel2.py:78 - 37/50 - S2A_MSIL2A_20220910T091601_R093_T34SDH_20240727T020443 -> REFINED
2025-11-30 23:35:17,015 - INFO - sentinel2.py:78 - 38/50 - S2A_MSIL2A_20220910T091601_R093_T34SDH_20220912T001554 -> REFINED
2025-11-30 23:35:21,125 - INFO - sentinel2.py:78 - 39/50 - S2B_MSIL2A_20220908T092549_R136_T34SDJ_20240727T084734 -> REFINED
2025-11-30 23:35:25,566 - INFO - sentinel2.py:78 - 40/50 - S2B_MSIL2A_20220908T092549_R136_T34SDJ_20220910T232959 -> REFINED
2025-11-30 23:35:30,017 - INFO - sentinel2.py:78 - 41/50 - S2B_MSIL2A_20220908T092549_R136_T34SDH_20240727T084734 -> REFINED
2025-11-30 23:35:33,942 - INFO - sentinel2.py:78 - 42/50 - S2B_MSIL2A_20220908T092549_R136_T34SDH_20220911T002859 -> REFINED
2025-11-30 23:35:38,510 - INFO - sentinel2.py:78 - 43/50 - S2B_MSIL2A_20220905T091559_R093_T34SEJ_20220905T184017 -> REFINED
2025-11-30 23:35:42,401 - INFO - sentinel2.py:78 - 44/50 - S2B_MSIL2A_20220905T091559_R093_T34SEH_20240729T193027 -> REFINED
2025-11-30 23:35:45,978 - INFO - sentinel2.py:78 - 45/50 - S2B_MSIL2A_20220905T091559_R093_T34SEH_20220905T181111 -> REFINED
2025-11-30 23:35:49,861 - INFO - sentinel2.py:78 - 46/50 - S2B_MSIL2A_20220905T091559_R093_T34SDH_20220905T184136 -> REFINED
2025-11-30 23:35:53,765 - INFO - sentinel2.py:78 - 47/50 - S2A_MSIL2A_20220903T092601_R136_T34SDJ_20240729T134632 -> REFINED
2025-11-30 23:35:58,327 - INFO - sentinel2.py:78 - 48/50 - S2A_MSIL2A_20220903T092601_R136_T34SDJ_20220903T205519 -> REFINED
2025-11-30 23:36:02,864 - INFO - sentinel2.py:78 - 49/50 - S2A_MSIL2A_20220903T092601_R136_T34SDH_20240729T134632 -> REFINED
2025-11-30 23:36:07,099 - INFO - sentinel2.py:78 - 50/50 - S2A_MSIL2A_20220903T092601_R136_T34SDH_20220903T212328 -> REFINED
2025-11-30 23:36:07,147 - INFO - composites.py:250 -                                  
2025-11-30 23:36:07,147 - INFO - composites.py:251 - 50/50 were refined by GRI.
2025-11-30 23:36:07,147 - INFO - composites.py:263 - Looking for up to 7 cleanest images within spatiotemporal range of each MGRS tile
2025-11-30 23:36:07,149 - INFO - composites.py:277 - Filtered cleanest scenes: Kept 28 out of 50 items. 
2025-11-30 23:36:07,149 - INFO - composites.py:278 -         Included MGRS Tiles: ['34SDH' '34SDJ' '34SEH' '34SEJ']
2025-11-30 23:36:07,149 - INFO - composites.py:279 -         Included EPSG codes: [32634]
2025-11-30 23:36:07,149 - INFO - composites.py:281 - Selected scenes:
2025-11-30 23:36:07,150 - INFO - composites.py:283 -         S2B_MSIL2A_20220908T092549_R136_T34SDH_20220911T002859
2025-11-30 23:36:07,150 - INFO - composites.py:283 -         S2B_MSIL2A_20220908T092549_R136_T34SDH_20240727T084734
2025-11-30 23:36:07,154 - INFO - composites.py:283 -         S2B_MSIL2A_20220905T091559_R093_T34SDH_20220905T184136
2025-11-30 23:36:07,154 - INFO - composites.py:283 -         S2B_MSIL2A_20220918T093039_R136_T34SDH_20240726T150422
2025-11-30 23:36:07,164 - INFO - composites.py:283 -         S2B_MSIL2A_20220918T093039_R136_T34SDH_20220919T030616
2025-11-30 23:36:07,164 - INFO - composites.py:283 -         S2B_MSIL2A_20220925T092029_R093_T34SDH_20240731T082639
2025-11-30 23:36:07,169 - INFO - composites.py:283 -         S2B_MSIL2A_20220925T092029_R093_T34SDH_20220926T042627
2025-11-30 23:36:07,170 - INFO - composites.py:283 -         S2B_MSIL2A_20220908T092549_R136_T34SDJ_20240727T084734
2025-11-30 23:36:07,170 - INFO - composites.py:283 -         S2B_MSIL2A_20220908T092549_R136_T34SDJ_20220910T232959
2025-11-30 23:36:07,170 - INFO - composites.py:283 -         S2B_MSIL2A_20220918T093039_R136_T34SDJ_20220919T024514
2025-11-30 23:36:07,171 - INFO - composites.py:283 -         S2B_MSIL2A_20220918T093039_R136_T34SDJ_20240726T150422
2025-11-30 23:36:07,171 - INFO - composites.py:283 -         S2A_MSIL2A_20220913T092611_R136_T34SDJ_20240728T151046
2025-11-30 23:36:07,171 - INFO - composites.py:283 -         S2A_MSIL2A_20220913T092611_R136_T34SDJ_20220913T184323
2025-11-30 23:36:07,171 - INFO - composites.py:283 -         S2A_MSIL2A_20220903T092601_R136_T34SDJ_20220903T205519
2025-11-30 23:36:07,171 - INFO - composites.py:283 -         S2A_MSIL2A_20220930T092041_R093_T34SEH_20240726T033343
2025-11-30 23:36:07,171 - INFO - composites.py:283 -         S2A_MSIL2A_20220930T092041_R093_T34SEH_20221001T013349
2025-11-30 23:36:07,171 - INFO - composites.py:283 -         S2B_MSIL2A_20220925T092029_R093_T34SEH_20220926T040213
2025-11-30 23:36:07,171 - INFO - composites.py:283 -         S2B_MSIL2A_20220925T092029_R093_T34SEH_20240731T082639
2025-11-30 23:36:07,171 - INFO - composites.py:283 -         S2A_MSIL2A_20220920T092041_R093_T34SEH_20240727T021934
2025-11-30 23:36:07,171 - INFO - composites.py:283 -         S2A_MSIL2A_20220920T092041_R093_T34SEH_20220920T205152
2025-11-30 23:36:07,171 - INFO - composites.py:283 -         S2A_MSIL2A_20220910T091601_R093_T34SEH_20240727T020443
2025-11-30 23:36:07,171 - INFO - composites.py:283 -         S2A_MSIL2A_20220920T092041_R093_T34SEJ_20220920T214156
2025-11-30 23:36:07,171 - INFO - composites.py:283 -         S2A_MSIL2A_20220920T092041_R093_T34SEJ_20240727T021934
2025-11-30 23:36:07,171 - INFO - composites.py:283 -         S2A_MSIL2A_20220910T091601_R093_T34SEJ_20220911T235737
2025-11-30 23:36:07,171 - INFO - composites.py:283 -         S2A_MSIL2A_20220910T091601_R093_T34SEJ_20240727T020443
2025-11-30 23:36:07,171 - INFO - composites.py:283 -         S2B_MSIL2A_20220915T092029_R093_T34SEJ_20240730T075027
2025-11-30 23:36:07,171 - INFO - composites.py:283 -         S2A_MSIL2A_20220930T092041_R093_T34SEJ_20240726T033343
2025-11-30 23:36:07,171 - INFO - composites.py:283 -         S2A_MSIL2A_20220930T092041_R093_T34SEJ_20221001T015527
2025-11-30 23:36:07,626 - INFO - sentinel2.py:154 - Matplotlib backend: Agg
2025-11-30 23:36:07,860 - INFO - sentinel2.py:224 - Write input scenes footprint overlay: //nas-rs.topo.auth.gr/Latomeia/DROUGHT/composites/x07/y11/2022/09/01/S2L2A_medcomp_x07y11_202209_InDataFootprint.jpeg
2025-11-30 23:36:08,120 - INFO - composites.py:297 -                                  
2025-11-30 23:36:08,136 - INFO - composites.py:298 - Downstream STAC items from Planetary Computer
2025-11-30 23:36:08,136 - INFO - timeseries_processing.py:115 -                                  
2025-11-30 23:36:08,136 - INFO - timeseries_processing.py:116 - Loading bands of diferent resolutions in EPSG:32634
2025-11-30 23:36:08,137 - INFO - timeseries_processing.py:120 -     Filtering items with native UTM EPSG:32634
2025-11-30 23:36:08,137 - INFO - timeseries_processing.py:122 -     28 Items in EPSG:32634
2025-11-30 23:36:08,137 - INFO - timeseries_processing.py:129 -                        
2025-11-30 23:36:08,137 - INFO - timeseries_processing.py:130 -     Loading parameters:
2025-11-30 23:36:08,137 - INFO - timeseries_processing.py:131 -         Bands: ['B05', 'B07', 'B8A', 'SCL']
2025-11-30 23:36:08,137 - INFO - timeseries_processing.py:132 -         Spatial resolution: 20
2025-11-30 23:36:08,137 - INFO - timeseries_processing.py:134 -         Get Assets from STAC Items
2025-11-30 23:36:08,137 - INFO - timeseries_processing.py:47 -         Initialize the STAC client
2025-11-30 23:36:08,956 - INFO - timeseries_processing.py:137 -         Loading 28 STAC Items....
2025-11-30 23:38:08,284 - INFO - timeseries_processing.py:146 -         Cube has been downloaded
2025-11-30 23:38:08,284 - INFO - timeseries_processing.py:156 -         Fix order of dimensions
2025-11-30 23:38:08,286 - INFO - timeseries_processing.py:161 -         Append bands to the band-list of EPSG:32634
2025-11-30 23:38:08,286 - INFO - timeseries_processing.py:129 -                        
2025-11-30 23:38:08,286 - INFO - timeseries_processing.py:130 -     Loading parameters:
2025-11-30 23:38:08,286 - INFO - timeseries_processing.py:131 -         Bands: ['B02', 'B03', 'B04']
2025-11-30 23:38:08,286 - INFO - timeseries_processing.py:132 -         Spatial resolution: 10
2025-11-30 23:38:08,286 - INFO - timeseries_processing.py:134 -         Get Assets from STAC Items
2025-11-30 23:38:08,286 - INFO - timeseries_processing.py:47 -         Initialize the STAC client
2025-11-30 23:38:09,056 - INFO - timeseries_processing.py:137 -         Loading 28 STAC Items....
2025-11-30 23:43:00,098 - INFO - timeseries_processing.py:146 -         Cube has been downloaded
2025-11-30 23:43:00,111 - INFO - timeseries_processing.py:149 -         Reproject to downsample 10m bands to 20m by Resampling.average 2x2 binning and shape matching with odc.geo.GeoBox
2025-11-30 23:43:12,905 - INFO - timeseries_processing.py:161 -         Append bands to the band-list of EPSG:32634
2025-11-30 23:43:12,905 - INFO - timeseries_processing.py:165 -                        
2025-11-30 23:43:12,905 - INFO - timeseries_processing.py:166 -     Merging bands in a single dataset
2025-11-30 23:43:12,905 - INFO - timeseries_processing.py:167 -     Ensure all partial datasets are at (x=20, y=-20) resolution
2025-11-30 23:43:12,906 - INFO - timeseries_processing.py:171 -     Clip to the intersection of indexes
2025-11-30 23:43:13,942 - INFO - timeseries_processing.py:180 -     Make a list of bands to merge
2025-11-30 23:43:13,945 - INFO - timeseries_processing.py:184 -     Merge on intersection
2025-11-30 23:43:13,946 - INFO - timeseries_processing.py:192 -     Apply masks on clouds, shadows, thin cirrus, and snow/ice
2025-11-30 23:43:13,946 - INFO - sentinel2.py:122 -                Masking bits: [3, 7, 8, 9, 10, 11]
2025-11-30 23:43:15,070 - INFO - composites.py:307 - Reproject from UTM Zone to Tile geometry -> CRS(EPSG:32634), Resampling.bilinear
2025-11-30 23:43:21,748 - INFO - composites.py:310 -     New shape of datasets: Shape2d(x=2400, y=2400)
2025-11-30 23:43:22,748 - INFO - composites.py:329 - Scale SR to Sen2Cor Baseline 4.00 - Subtract 1000 in dates post 2022-01-25
2025-11-30 23:43:24,247 - INFO - composites.py:342 - Creating preview plot of input scenes
2025-11-30 23:43:57,152 - INFO - timeseries_processing.py:349 - Saved preview for 'B04' to //nas-rs.topo.auth.gr/Latomeia/DROUGHT/composites/x07/y11/2022/09/01/S2L2A_medcomp_x07y11_202209_InDataPreview.jpeg
2025-11-30 23:43:57,171 - INFO - composites.py:348 - Clip value range
2025-11-30 23:43:59,126 - INFO - composites.py:353 -                           
2025-11-30 23:43:59,132 - INFO - composites.py:354 - Computing spectral indices:
2025-11-30 23:43:59,147 - INFO - composites.py:357 -     EVI...
2025-11-30 23:44:00,434 - INFO - composites.py:359 -     NDVI...
2025-11-30 23:44:00,866 - INFO - composites.py:361 -     PSRI2...
2025-11-30 23:44:01,152 - INFO - composites.py:364 - Clip to typical value range
2025-11-30 23:44:01,490 - INFO - composites.py:371 - Reducing to median value temporal composite
2025-11-30 23:44:29,698 - INFO - composites.py:390 - Scale and Define data types & nodata per band
2025-11-30 23:44:29,837 - INFO - composites.py:411 - Assign time range and tile ID in metadata
2025-11-30 23:44:29,837 - INFO - composites.py:419 - Write bands to raster COG files
2025-11-30 23:44:33,751 - INFO - composites.py:432 - Write B02 -> //nas-rs.topo.auth.gr/Latomeia/DROUGHT/composites/x07/y11/2022/09/01/S2L2A_medcomp_x07y11_202209_B02.tif
2025-11-30 23:44:37,673 - INFO - composites.py:432 - Write B03 -> //nas-rs.topo.auth.gr/Latomeia/DROUGHT/composites/x07/y11/2022/09/01/S2L2A_medcomp_x07y11_202209_B03.tif
2025-11-30 23:44:41,630 - INFO - composites.py:432 - Write B04 -> //nas-rs.topo.auth.gr/Latomeia/DROUGHT/composites/x07/y11/2022/09/01/S2L2A_medcomp_x07y11_202209_B04.tif
2025-11-30 23:44:45,569 - INFO - composites.py:432 - Write B05 -> //nas-rs.topo.auth.gr/Latomeia/DROUGHT/composites/x07/y11/2022/09/01/S2L2A_medcomp_x07y11_202209_B05.tif
2025-11-30 23:44:49,482 - INFO - composites.py:432 - Write B07 -> //nas-rs.topo.auth.gr/Latomeia/DROUGHT/composites/x07/y11/2022/09/01/S2L2A_medcomp_x07y11_202209_B07.tif
2025-11-30 23:44:53,404 - INFO - composites.py:432 - Write B8A -> //nas-rs.topo.auth.gr/Latomeia/DROUGHT/composites/x07/y11/2022/09/01/S2L2A_medcomp_x07y11_202209_B8A.tif
2025-11-30 23:44:57,298 - INFO - composites.py:432 - Write EVI -> //nas-rs.topo.auth.gr/Latomeia/DROUGHT/composites/x07/y11/2022/09/01/S2L2A_medcomp_x07y11_202209_EVI.tif
2025-11-30 23:45:01,231 - INFO - composites.py:432 - Write NDVI -> //nas-rs.topo.auth.gr/Latomeia/DROUGHT/composites/x07/y11/2022/09/01/S2L2A_medcomp_x07y11_202209_NDVI.tif
2025-11-30 23:45:05,072 - INFO - composites.py:432 - Write PSRI2 -> //nas-rs.topo.auth.gr/Latomeia/DROUGHT/composites/x07/y11/2022/09/01/S2L2A_medcomp_x07y11_202209_PSRI2.tif
2025-11-30 23:45:05,073 - INFO - composites.py:436 - Prepare metadata YAML document
2025-11-30 23:45:05,628 - INFO - composites.py:458 - Write metadata YAML document to disk
2025-11-30 23:45:05,694 - INFO - composites.py:463 - Create datacube.model.Dataset from eo3 metadata
2025-11-30 23:45:05,704 - INFO - composites.py:476 - Index to datacube
2025-11-30 23:45:05,704 - INFO - _datasets.py:191 - Indexing e2840d0e-ff10-479d-b066-0eea989c2c31
2025-11-30 23:45:05,714 - INFO - composites.py:479 - 
2025-11-30 23:45:05,714 - INFO - composites.py:480 -              ✔✔✔ COMPLETED: Tile x07_y11 | Time: 2022-09 | In 12.5 minutes
2025-11-30 23:45:05,714 - INFO - composites.py:481 - 
2025-11-30 23:45:05,714 - INFO - composites.py:489 - Closing Dask client
2025-11-30 23:45:05,716 - INFO - composites.py:493 - Closing Dask cluster
2025-11-30 23:45:05,716 - INFO - composites.py:494 - #######################################################################
