2025-09-02 12:10:48,517 - INFO - composites.py:102 - #######################################################################
2025-09-02 12:10:48,517 - INFO - composites.py:104 - Processing started
2025-09-02 12:10:48,517 - INFO - composites.py:105 -         Tile: x10_y09
2025-09-02 12:10:48,517 - INFO - composites.py:106 -         Time: 2024-09
2025-09-02 12:10:48,517 - INFO - composites.py:109 -                           
2025-09-02 12:10:48,517 - INFO - composites.py:110 - Establishing connection to datacube
2025-09-02 12:10:49,105 - INFO - composites.py:113 -                           
2025-09-02 12:10:49,105 - INFO - composites.py:114 - Sanity test: Check if dataset already exists in the datacube
2025-09-02 12:10:49,128 - INFO - composites.py:133 - The composite requested was not found and it will be computed
2025-09-02 12:10:49,128 - INFO - composites.py:136 -                                  
2025-09-02 12:10:49,128 - INFO - composites.py:137 - Initializing Dask cluster for parallelization
2025-09-02 12:10:54,384 - INFO - composites.py:161 - Dask dashboard is available at: http://127.0.0.1:8787/status
2025-09-02 12:10:54,384 - INFO - composites.py:164 - Create directories and naming conversions
2025-09-02 12:10:54,396 - INFO - composites.py:177 - Dataset location: //nas-rs.topo.auth.gr/Latomeia/DROUGHT/composites/x10/y09/2024/09/01
2025-09-02 12:10:54,396 - INFO - composites.py:180 -                           
2025-09-02 12:10:54,396 - INFO - composites.py:181 - Retrieve tile geometry
2025-09-02 12:10:54,426 - INFO - composites.py:192 - Create the Bounding Box (φ,λ)
2025-09-02 12:10:54,426 - INFO - composites.py:198 - Create the Bounding Box (x,y)
2025-09-02 12:10:54,426 - INFO - composites.py:211 -                           
2025-09-02 12:10:54,426 - INFO - composites.py:212 - Connect to Planetary Computer STAC Catalog
2025-09-02 12:10:54,541 - INFO - composites.py:220 - Search the STAC Catalog
2025-09-02 12:10:54,612 - INFO - composites.py:232 -         Query parameters:
2025-09-02 12:10:54,612 - INFO - composites.py:233 -             url:          https://planetarycomputer.microsoft.com/api/stac/v1/search
2025-09-02 12:10:54,612 - INFO - composites.py:234 -             client:       microsoft-pc
2025-09-02 12:10:54,612 - INFO - composites.py:235 -             collection:   sentinel-2-l2a
2025-09-02 12:10:54,612 - INFO - composites.py:236 -             bbox:         (22.393231098837152, 37.29127558081356, 23.05741948027706, 37.8424745721664)
2025-09-02 12:10:54,612 - INFO - composites.py:237 -             time range:   2024-09-01T00:00:00Z/2024-09-30T23:59:59Z
2025-09-02 12:10:54,612 - INFO - composites.py:238 -             cloud cover:  0% - 70%
2025-09-02 12:10:54,612 - INFO - composites.py:239 -             nodata cover: 0% - 33%
2025-09-02 12:10:54,612 - INFO - composites.py:241 -                           
2025-09-02 12:10:54,612 - INFO - composites.py:242 - Searching...
2025-09-02 12:10:55,013 - INFO - composites.py:245 - Query found 12 items
2025-09-02 12:10:55,013 - INFO - composites.py:247 - Searching for GRI REFINED scenes:
2025-09-02 12:11:00,928 - INFO - sentinel2.py:78 - 1/12 - S2A_MSIL2A_20240929T092031_R093_T34SFH_20240929T122650 -> REFINED
2025-09-02 12:11:06,833 - INFO - sentinel2.py:78 - 2/12 - S2A_MSIL2A_20240929T092031_R093_T34SFG_20240929T122650 -> REFINED
2025-09-02 12:11:12,647 - INFO - sentinel2.py:78 - 3/12 - S2A_MSIL2A_20240926T090731_R050_T34SFG_20240926T152806 -> REFINED
2025-09-02 12:11:17,434 - INFO - sentinel2.py:78 - 4/12 - S2B_MSIL2A_20240924T092029_R093_T34SFH_20240924T120844 -> REFINED
2025-09-02 12:11:23,091 - INFO - sentinel2.py:78 - 5/12 - S2B_MSIL2A_20240924T092029_R093_T34SFG_20240924T120844 -> REFINED
2025-09-02 12:11:29,008 - INFO - sentinel2.py:78 - 6/12 - S2B_MSIL2A_20240921T090559_R050_T34SFG_20240921T115053 -> REFINED
2025-09-02 12:11:35,103 - INFO - sentinel2.py:78 - 7/12 - S2B_MSIL2A_20240911T090559_R050_T34SFG_20240911T115408 -> REFINED
2025-09-02 12:11:41,424 - INFO - sentinel2.py:78 - 8/12 - S2A_MSIL2A_20240909T092031_R093_T34SFH_20240909T141649 -> REFINED
2025-09-02 12:11:46,424 - INFO - sentinel2.py:78 - 9/12 - S2A_MSIL2A_20240906T090551_R050_T34SFG_20240906T131750 -> REFINED
2025-09-02 12:11:52,123 - INFO - sentinel2.py:78 - 10/12 - S2B_MSIL2A_20240904T091559_R093_T34SFH_20240904T124722 -> REFINED
2025-09-02 12:11:56,817 - INFO - sentinel2.py:78 - 11/12 - S2B_MSIL2A_20240904T091559_R093_T34SFG_20240904T124722 -> REFINED
2025-09-02 12:12:02,232 - INFO - sentinel2.py:78 - 12/12 - S2B_MSIL2A_20240901T090559_R050_T34SFG_20240901T115909 -> REFINED
2025-09-02 12:12:02,268 - INFO - composites.py:250 -                                  
2025-09-02 12:12:02,268 - INFO - composites.py:251 - 12/12 were refined by GRI.
2025-09-02 12:12:02,269 - INFO - composites.py:263 - Looking for up to 10 cleanest images within spatiotemporal range of each MGRS tile
2025-09-02 12:12:02,269 - INFO - composites.py:277 - Filtered cleanest scenes: Kept 12 out of 12 items. 
2025-09-02 12:12:02,270 - INFO - composites.py:278 -         Included MGRS Tiles: ['34SFG' '34SFH']
2025-09-02 12:12:02,270 - INFO - composites.py:279 -         Included EPSG codes: [32634]
2025-09-02 12:12:02,270 - INFO - composites.py:281 - Selected scenes:
2025-09-02 12:12:02,270 - INFO - composites.py:283 -         S2A_MSIL2A_20240926T090731_R050_T34SFG_20240926T152806
2025-09-02 12:12:02,270 - INFO - composites.py:283 -         S2A_MSIL2A_20240929T092031_R093_T34SFG_20240929T122650
2025-09-02 12:12:02,285 - INFO - composites.py:283 -         S2A_MSIL2A_20240906T090551_R050_T34SFG_20240906T131750
2025-09-02 12:12:02,299 - INFO - composites.py:283 -         S2B_MSIL2A_20240924T092029_R093_T34SFG_20240924T120844
2025-09-02 12:12:02,299 - INFO - composites.py:283 -         S2B_MSIL2A_20240911T090559_R050_T34SFG_20240911T115408
2025-09-02 12:12:02,300 - INFO - composites.py:283 -         S2B_MSIL2A_20240904T091559_R093_T34SFG_20240904T124722
2025-09-02 12:12:02,300 - INFO - composites.py:283 -         S2B_MSIL2A_20240921T090559_R050_T34SFG_20240921T115053
2025-09-02 12:12:02,300 - INFO - composites.py:283 -         S2B_MSIL2A_20240901T090559_R050_T34SFG_20240901T115909
2025-09-02 12:12:02,300 - INFO - composites.py:283 -         S2B_MSIL2A_20240904T091559_R093_T34SFH_20240904T124722
2025-09-02 12:12:02,300 - INFO - composites.py:283 -         S2A_MSIL2A_20240929T092031_R093_T34SFH_20240929T122650
2025-09-02 12:12:02,300 - INFO - composites.py:283 -         S2B_MSIL2A_20240924T092029_R093_T34SFH_20240924T120844
2025-09-02 12:12:02,300 - INFO - composites.py:283 -         S2A_MSIL2A_20240909T092031_R093_T34SFH_20240909T141649
2025-09-02 12:12:02,640 - INFO - sentinel2.py:154 - Matplotlib backend: Agg
2025-09-02 12:12:02,817 - INFO - sentinel2.py:224 - Write input scenes footprint overlay: //nas-rs.topo.auth.gr/Latomeia/DROUGHT/composites/x10/y09/2024/09/01/S2L2A_medcomp_x10y09_202409_InDataFootprint.jpeg
2025-09-02 12:12:03,027 - INFO - composites.py:297 -                                  
2025-09-02 12:12:03,028 - INFO - composites.py:298 - Downstream STAC items from Planetary Computer
2025-09-02 12:12:03,028 - INFO - timeseries_processing.py:115 -                                  
2025-09-02 12:12:03,028 - INFO - timeseries_processing.py:116 - Loading bands of diferent resolutions in EPSG:32634
2025-09-02 12:12:03,028 - INFO - timeseries_processing.py:120 -     Filtering items with native UTM EPSG:32634
2025-09-02 12:12:03,029 - INFO - timeseries_processing.py:122 -     12 Items in EPSG:32634
2025-09-02 12:12:03,029 - INFO - timeseries_processing.py:129 -                        
2025-09-02 12:12:03,029 - INFO - timeseries_processing.py:130 -     Loading parameters:
2025-09-02 12:12:03,029 - INFO - timeseries_processing.py:131 -         Bands: ['B05', 'B07', 'B8A', 'SCL']
2025-09-02 12:12:03,029 - INFO - timeseries_processing.py:132 -         Spatial resolution: 20
2025-09-02 12:12:03,029 - INFO - timeseries_processing.py:134 -         Get Assets from STAC Items
2025-09-02 12:12:03,029 - INFO - timeseries_processing.py:47 -         Initialize the STAC client
2025-09-02 12:12:03,653 - INFO - timeseries_processing.py:137 -         Loading 12 STAC Items....
2025-09-02 12:12:56,718 - INFO - timeseries_processing.py:146 -         Cube has been downloaded
2025-09-02 12:12:56,718 - INFO - timeseries_processing.py:156 -         Fix order of dimensions
2025-09-02 12:12:56,720 - INFO - timeseries_processing.py:161 -         Append bands to the band-list of EPSG:32634
2025-09-02 12:12:56,720 - INFO - timeseries_processing.py:129 -                        
2025-09-02 12:12:56,720 - INFO - timeseries_processing.py:130 -     Loading parameters:
2025-09-02 12:12:56,723 - INFO - timeseries_processing.py:131 -         Bands: ['B02', 'B03', 'B04']
2025-09-02 12:12:56,723 - INFO - timeseries_processing.py:132 -         Spatial resolution: 10
2025-09-02 12:12:56,723 - INFO - timeseries_processing.py:134 -         Get Assets from STAC Items
2025-09-02 12:12:56,723 - INFO - timeseries_processing.py:47 -         Initialize the STAC client
2025-09-02 12:12:57,262 - INFO - timeseries_processing.py:137 -         Loading 12 STAC Items....
2025-09-02 12:15:09,504 - INFO - timeseries_processing.py:146 -         Cube has been downloaded
2025-09-02 12:15:09,504 - INFO - timeseries_processing.py:149 -         Reproject to downsample 10m bands to 20m by Resampling.average 2x2 binning and shape matching with odc.geo.GeoBox
2025-09-02 12:15:22,940 - INFO - timeseries_processing.py:161 -         Append bands to the band-list of EPSG:32634
2025-09-02 12:15:22,940 - INFO - timeseries_processing.py:165 -                        
2025-09-02 12:15:22,940 - INFO - timeseries_processing.py:166 -     Merging bands in a single dataset
2025-09-02 12:15:22,940 - INFO - timeseries_processing.py:167 -     Ensure all partial datasets are at (x=20, y=-20) resolution
2025-09-02 12:15:22,940 - INFO - timeseries_processing.py:171 -     Clip to the intersection of indexes
2025-09-02 12:15:24,261 - INFO - timeseries_processing.py:180 -     Make a list of bands to merge
2025-09-02 12:15:24,263 - INFO - timeseries_processing.py:184 -     Merge on intersection
2025-09-02 12:15:24,264 - INFO - timeseries_processing.py:192 -     Apply masks on clouds, shadows, thin cirrus, and snow/ice
2025-09-02 12:15:24,264 - INFO - sentinel2.py:122 -                Masking bits: [3, 7, 8, 9, 10, 11]
2025-09-02 12:15:25,391 - INFO - composites.py:307 - Reproject from UTM Zone to Tile geometry -> CRS(EPSG:32634), Resampling.bilinear
2025-09-02 12:15:31,493 - INFO - composites.py:310 -     New shape of datasets: Shape2d(x=2400, y=2400)
2025-09-02 12:15:32,089 - INFO - composites.py:329 - Scale SR to Sen2Cor Baseline 4.00 - Subtract 1000 in dates post 2022-01-25
2025-09-02 12:15:33,479 - INFO - composites.py:342 - Creating preview plot of input scenes
2025-09-02 12:16:04,177 - INFO - timeseries_processing.py:349 - Saved preview for 'B04' to //nas-rs.topo.auth.gr/Latomeia/DROUGHT/composites/x10/y09/2024/09/01/S2L2A_medcomp_x10y09_202409_InDataPreview.jpeg
2025-09-02 12:16:04,197 - INFO - composites.py:348 - Clip value range
2025-09-02 12:16:06,002 - INFO - composites.py:353 -                           
2025-09-02 12:16:06,003 - INFO - composites.py:354 - Computing spectral indices:
2025-09-02 12:16:06,003 - INFO - composites.py:357 -     EVI...
2025-09-02 12:16:07,108 - INFO - composites.py:359 -     NDVI...
2025-09-02 12:16:07,549 - INFO - composites.py:361 -     PSRI2...
2025-09-02 12:16:07,850 - INFO - composites.py:364 - Clip to typical value range
2025-09-02 12:16:08,227 - INFO - composites.py:371 - Reducing to median value temporal composite
2025-09-02 12:16:36,447 - INFO - composites.py:390 - Scale and Define data types & nodata per band
2025-09-02 12:16:36,582 - INFO - composites.py:411 - Assign time range and tile ID in metadata
2025-09-02 12:16:36,582 - INFO - composites.py:419 - Write bands to raster COG files
2025-09-02 12:16:40,474 - INFO - composites.py:432 - Write B02 -> //nas-rs.topo.auth.gr/Latomeia/DROUGHT/composites/x10/y09/2024/09/01/S2L2A_medcomp_x10y09_202409_B02.tif
2025-09-02 12:16:44,503 - INFO - composites.py:432 - Write B03 -> //nas-rs.topo.auth.gr/Latomeia/DROUGHT/composites/x10/y09/2024/09/01/S2L2A_medcomp_x10y09_202409_B03.tif
2025-09-02 12:16:48,527 - INFO - composites.py:432 - Write B04 -> //nas-rs.topo.auth.gr/Latomeia/DROUGHT/composites/x10/y09/2024/09/01/S2L2A_medcomp_x10y09_202409_B04.tif
2025-09-02 12:16:52,722 - INFO - composites.py:432 - Write B05 -> //nas-rs.topo.auth.gr/Latomeia/DROUGHT/composites/x10/y09/2024/09/01/S2L2A_medcomp_x10y09_202409_B05.tif
2025-09-02 12:16:56,906 - INFO - composites.py:432 - Write B07 -> //nas-rs.topo.auth.gr/Latomeia/DROUGHT/composites/x10/y09/2024/09/01/S2L2A_medcomp_x10y09_202409_B07.tif
2025-09-02 12:17:01,063 - INFO - composites.py:432 - Write B8A -> //nas-rs.topo.auth.gr/Latomeia/DROUGHT/composites/x10/y09/2024/09/01/S2L2A_medcomp_x10y09_202409_B8A.tif
2025-09-02 12:17:05,008 - INFO - composites.py:432 - Write EVI -> //nas-rs.topo.auth.gr/Latomeia/DROUGHT/composites/x10/y09/2024/09/01/S2L2A_medcomp_x10y09_202409_EVI.tif
2025-09-02 12:17:08,932 - INFO - composites.py:432 - Write NDVI -> //nas-rs.topo.auth.gr/Latomeia/DROUGHT/composites/x10/y09/2024/09/01/S2L2A_medcomp_x10y09_202409_NDVI.tif
2025-09-02 12:17:12,868 - INFO - composites.py:432 - Write PSRI2 -> //nas-rs.topo.auth.gr/Latomeia/DROUGHT/composites/x10/y09/2024/09/01/S2L2A_medcomp_x10y09_202409_PSRI2.tif
2025-09-02 12:17:12,873 - INFO - composites.py:436 - Prepare metadata YAML document
2025-09-02 12:17:13,459 - INFO - composites.py:458 - Write metadata YAML document to disk
2025-09-02 12:17:13,497 - INFO - composites.py:463 - Create datacube.model.Dataset from eo3 metadata
2025-09-02 12:17:13,508 - INFO - composites.py:476 - Index to datacube
2025-09-02 12:17:13,509 - INFO - _datasets.py:191 - Indexing bd0e4674-d603-4a3a-8e59-6231aa0bf293
2025-09-02 12:17:13,519 - INFO - composites.py:479 - 
2025-09-02 12:17:13,519 - INFO - composites.py:480 -              ✔✔✔ COMPLETED: Tile x10_y09 | Time: 2024-09 | In 6.42 minutes
2025-09-02 12:17:13,519 - INFO - composites.py:481 - 
2025-09-02 12:17:13,519 - INFO - composites.py:489 - Closing Dask client
2025-09-02 12:17:13,520 - INFO - composites.py:493 - Closing Dask cluster
2025-09-02 12:17:13,520 - INFO - composites.py:494 - #######################################################################
