2025-12-01 02:53:55,527 - INFO - composites.py:102 - #######################################################################
2025-12-01 02:53:55,527 - INFO - composites.py:104 - Processing started
2025-12-01 02:53:55,527 - INFO - composites.py:105 -         Tile: x07_y12
2025-12-01 02:53:55,527 - INFO - composites.py:106 -         Time: 2023-06
2025-12-01 02:53:55,527 - INFO - composites.py:109 -                           
2025-12-01 02:53:55,527 - INFO - composites.py:110 - Establishing connection to datacube
2025-12-01 02:53:56,056 - INFO - composites.py:113 -                           
2025-12-01 02:53:56,056 - INFO - composites.py:114 - Sanity test: Check if dataset already exists in the datacube
2025-12-01 02:53:56,073 - INFO - composites.py:133 - The composite requested was not found and it will be computed
2025-12-01 02:53:56,073 - INFO - composites.py:136 -                                  
2025-12-01 02:53:56,073 - INFO - composites.py:137 - Initializing Dask cluster for parallelization
2025-12-01 02:54:01,201 - INFO - composites.py:161 - Dask dashboard is available at: http://127.0.0.1:8787/status
2025-12-01 02:54:01,202 - INFO - composites.py:164 - Create directories and naming conversions
2025-12-01 02:54:01,214 - INFO - composites.py:177 - Dataset location: //nas-rs.topo.auth.gr/Latomeia/DROUGHT/composites/x07/y12/2023/06/01
2025-12-01 02:54:01,214 - INFO - composites.py:180 -                           
2025-12-01 02:54:01,214 - INFO - composites.py:181 - Retrieve tile geometry
2025-12-01 02:54:01,253 - INFO - composites.py:192 - Create the Bounding Box (φ,λ)
2025-12-01 02:54:01,253 - INFO - composites.py:198 - Create the Bounding Box (x,y)
2025-12-01 02:54:01,253 - INFO - composites.py:211 -                           
2025-12-01 02:54:01,253 - INFO - composites.py:212 - Connect to Planetary Computer STAC Catalog
2025-12-01 02:54:01,585 - INFO - composites.py:220 - Search the STAC Catalog
2025-12-01 02:54:01,656 - INFO - composites.py:232 -         Query parameters:
2025-12-01 02:54:01,656 - INFO - composites.py:233 -             url:          https://planetarycomputer.microsoft.com/api/stac/v1/search
2025-12-01 02:54:01,656 - INFO - composites.py:234 -             client:       microsoft-pc
2025-12-01 02:54:01,656 - INFO - composites.py:235 -             collection:   sentinel-2-l2a
2025-12-01 02:54:01,656 - INFO - composites.py:236 -             bbox:         (20.999765686564626, 38.787881790199634, 21.67096534182257, 39.332009850489634)
2025-12-01 02:54:01,656 - INFO - composites.py:237 -             time range:   2023-06-01T00:00:00Z/2023-06-30T23:59:59Z
2025-12-01 02:54:01,656 - INFO - composites.py:238 -             cloud cover:  0% - 70%
2025-12-01 02:54:01,656 - INFO - composites.py:239 -             nodata cover: 0% - 33%
2025-12-01 02:54:01,656 - INFO - composites.py:241 -                           
2025-12-01 02:54:01,656 - INFO - composites.py:242 - Searching...
2025-12-01 02:54:02,148 - INFO - composites.py:245 - Query found 39 items
2025-12-01 02:54:02,148 - INFO - composites.py:247 - Searching for GRI REFINED scenes:
2025-12-01 02:54:07,969 - INFO - sentinel2.py:78 - 1/39 - S2A_MSIL2A_20230630T093041_R136_T34SDJ_20240912T070033 -> REFINED
2025-12-01 02:54:14,032 - INFO - sentinel2.py:78 - 2/39 - S2A_MSIL2A_20230630T093041_R136_T34SDJ_20230630T170744 -> REFINED
2025-12-01 02:54:19,955 - INFO - sentinel2.py:78 - 3/39 - S2A_MSIL2A_20230630T093041_R136_T34SDH_20240912T070033 -> REFINED
2025-12-01 02:54:25,929 - INFO - sentinel2.py:78 - 4/39 - S2A_MSIL2A_20230630T093041_R136_T34SDH_20230630T170735 -> REFINED
2025-12-01 02:54:30,936 - INFO - sentinel2.py:78 - 5/39 - S2A_MSIL2A_20230627T092031_R093_T34SEJ_20241009T222145 -> REFINED
2025-12-01 02:54:36,294 - INFO - sentinel2.py:78 - 6/39 - S2A_MSIL2A_20230627T092031_R093_T34SEJ_20230627T183604 -> REFINED
2025-12-01 02:54:41,960 - INFO - sentinel2.py:78 - 7/39 - S2A_MSIL2A_20230627T092031_R093_T34SEH_20241009T222145 -> REFINED
2025-12-01 02:54:47,018 - INFO - sentinel2.py:78 - 8/39 - S2A_MSIL2A_20230627T092031_R093_T34SEH_20230627T183223 -> REFINED
2025-12-01 02:54:53,078 - INFO - sentinel2.py:78 - 9/39 - S2A_MSIL2A_20230627T092031_R093_T34SDH_20241009T222145 -> REFINED
2025-12-01 02:54:59,071 - INFO - sentinel2.py:78 - 10/39 - S2A_MSIL2A_20230627T092031_R093_T34SDH_20230627T183103 -> REFINED
2025-12-01 02:55:04,596 - INFO - sentinel2.py:78 - 11/39 - S2B_MSIL2A_20230622T091559_R093_T34SEJ_20230622T174359 -> REFINED
2025-12-01 02:55:10,944 - INFO - sentinel2.py:78 - 12/39 - S2B_MSIL2A_20230622T091559_R093_T34SEH_20230622T174059 -> REFINED
2025-12-01 02:55:17,093 - INFO - sentinel2.py:78 - 13/39 - S2B_MSIL2A_20230622T091559_R093_T34SDH_20230622T174050 -> REFINED
2025-12-01 02:55:22,253 - INFO - sentinel2.py:78 - 14/39 - S2A_MSIL2A_20230620T093041_R136_T34SDJ_20230620T174548 -> REFINED
2025-12-01 02:55:28,192 - INFO - sentinel2.py:78 - 15/39 - S2A_MSIL2A_20230620T093041_R136_T34SDH_20230620T174230 -> REFINED
2025-12-01 02:55:33,430 - INFO - sentinel2.py:78 - 16/39 - S2A_MSIL2A_20230617T092031_R093_T34SEH_20240926T233927 -> REFINED
2025-12-01 02:55:39,008 - INFO - sentinel2.py:78 - 17/39 - S2A_MSIL2A_20230617T092031_R093_T34SEH_20230617T173712 -> REFINED
2025-12-01 02:55:45,372 - INFO - sentinel2.py:78 - 18/39 - S2A_MSIL2A_20230617T092031_R093_T34SDH_20240926T233927 -> REFINED
2025-12-01 02:55:52,705 - INFO - sentinel2.py:78 - 19/39 - S2A_MSIL2A_20230617T092031_R093_T34SDH_20230617T173533 -> REFINED
2025-12-01 02:55:59,161 - INFO - sentinel2.py:78 - 20/39 - S2B_MSIL2A_20230612T091559_R093_T34SEJ_20240911T011934 -> REFINED
2025-12-01 02:56:05,465 - INFO - sentinel2.py:78 - 21/39 - S2B_MSIL2A_20230612T091559_R093_T34SEJ_20230612T133426 -> REFINED
2025-12-01 02:56:11,710 - INFO - sentinel2.py:78 - 22/39 - S2B_MSIL2A_20230612T091559_R093_T34SEH_20240911T011934 -> REFINED
2025-12-01 02:56:17,992 - INFO - sentinel2.py:78 - 23/39 - S2B_MSIL2A_20230612T091559_R093_T34SEH_20230612T134200 -> REFINED
2025-12-01 02:56:23,988 - INFO - sentinel2.py:78 - 24/39 - S2B_MSIL2A_20230612T091559_R093_T34SDH_20240911T011934 -> REFINED
2025-12-01 02:56:29,899 - INFO - sentinel2.py:78 - 25/39 - S2B_MSIL2A_20230612T091559_R093_T34SDH_20230612T133846 -> REFINED
2025-12-01 02:56:35,586 - INFO - sentinel2.py:78 - 26/39 - S2A_MSIL2A_20230610T093041_R136_T34SDJ_20241001T205124 -> REFINED
2025-12-01 02:56:41,892 - INFO - sentinel2.py:78 - 27/39 - S2A_MSIL2A_20230610T093041_R136_T34SDJ_20230610T173842 -> REFINED
2025-12-01 02:56:47,479 - INFO - sentinel2.py:78 - 28/39 - S2A_MSIL2A_20230607T092031_R093_T34SEJ_20241012T113430 -> REFINED
2025-12-01 02:56:53,488 - INFO - sentinel2.py:78 - 29/39 - S2A_MSIL2A_20230607T092031_R093_T34SEJ_20230607T153731 -> REFINED
2025-12-01 02:56:59,556 - INFO - sentinel2.py:78 - 30/39 - S2A_MSIL2A_20230607T092031_R093_T34SDH_20241012T113430 -> REFINED
2025-12-01 02:57:04,431 - INFO - sentinel2.py:78 - 31/39 - S2A_MSIL2A_20230607T092031_R093_T34SDH_20230607T153544 -> REFINED
2025-12-01 02:57:10,144 - INFO - sentinel2.py:78 - 32/39 - S2B_MSIL2A_20230605T092559_R136_T34SDJ_20240911T222414 -> REFINED
2025-12-01 02:57:15,806 - INFO - sentinel2.py:78 - 33/39 - S2B_MSIL2A_20230605T092559_R136_T34SDJ_20230605T132959 -> REFINED
2025-12-01 02:57:21,249 - INFO - sentinel2.py:78 - 34/39 - S2B_MSIL2A_20230602T091559_R093_T34SEJ_20240911T003315 -> REFINED
2025-12-01 02:57:26,883 - INFO - sentinel2.py:78 - 35/39 - S2B_MSIL2A_20230602T091559_R093_T34SEJ_20230602T133143 -> REFINED
2025-12-01 02:57:33,041 - INFO - sentinel2.py:78 - 36/39 - S2B_MSIL2A_20230602T091559_R093_T34SEH_20240911T003315 -> REFINED
2025-12-01 02:57:38,572 - INFO - sentinel2.py:78 - 37/39 - S2B_MSIL2A_20230602T091559_R093_T34SEH_20230602T134322 -> REFINED
2025-12-01 02:57:44,719 - INFO - sentinel2.py:78 - 38/39 - S2B_MSIL2A_20230602T091559_R093_T34SDH_20240911T003315 -> REFINED
2025-12-01 02:57:50,167 - INFO - sentinel2.py:78 - 39/39 - S2B_MSIL2A_20230602T091559_R093_T34SDH_20230602T134006 -> REFINED
2025-12-01 02:57:50,206 - INFO - composites.py:250 -                                  
2025-12-01 02:57:50,206 - INFO - composites.py:251 - 39/39 were refined by GRI.
2025-12-01 02:57:50,206 - INFO - composites.py:263 - Looking for up to 7 cleanest images within spatiotemporal range of each MGRS tile
2025-12-01 02:57:50,207 - INFO - composites.py:277 - Filtered cleanest scenes: Kept 28 out of 39 items. 
2025-12-01 02:57:50,207 - INFO - composites.py:278 -         Included MGRS Tiles: ['34SDH' '34SDJ' '34SEH' '34SEJ']
2025-12-01 02:57:50,208 - INFO - composites.py:279 -         Included EPSG codes: [32634]
2025-12-01 02:57:50,219 - INFO - composites.py:281 - Selected scenes:
2025-12-01 02:57:50,219 - INFO - composites.py:283 -         S2B_MSIL2A_20230622T091559_R093_T34SDH_20230622T174050
2025-12-01 02:57:50,219 - INFO - composites.py:283 -         S2A_MSIL2A_20230627T092031_R093_T34SDH_20230627T183103
2025-12-01 02:57:50,219 - INFO - composites.py:283 -         S2A_MSIL2A_20230627T092031_R093_T34SDH_20241009T222145
2025-12-01 02:57:50,219 - INFO - composites.py:283 -         S2A_MSIL2A_20230630T093041_R136_T34SDH_20240912T070033
2025-12-01 02:57:50,219 - INFO - composites.py:283 -         S2A_MSIL2A_20230630T093041_R136_T34SDH_20230630T170735
2025-12-01 02:57:50,221 - INFO - composites.py:283 -         S2A_MSIL2A_20230620T093041_R136_T34SDH_20230620T174230
2025-12-01 02:57:50,226 - INFO - composites.py:283 -         S2A_MSIL2A_20230617T092031_R093_T34SDH_20230617T173533
2025-12-01 02:57:50,226 - INFO - composites.py:283 -         S2A_MSIL2A_20230620T093041_R136_T34SDJ_20230620T174548
2025-12-01 02:57:50,228 - INFO - composites.py:283 -         S2A_MSIL2A_20230630T093041_R136_T34SDJ_20230630T170744
2025-12-01 02:57:50,228 - INFO - composites.py:283 -         S2A_MSIL2A_20230630T093041_R136_T34SDJ_20240912T070033
2025-12-01 02:57:50,228 - INFO - composites.py:283 -         S2B_MSIL2A_20230605T092559_R136_T34SDJ_20230605T132959
2025-12-01 02:57:50,228 - INFO - composites.py:283 -         S2B_MSIL2A_20230605T092559_R136_T34SDJ_20240911T222414
2025-12-01 02:57:50,228 - INFO - composites.py:283 -         S2A_MSIL2A_20230610T093041_R136_T34SDJ_20230610T173842
2025-12-01 02:57:50,228 - INFO - composites.py:283 -         S2A_MSIL2A_20230610T093041_R136_T34SDJ_20241001T205124
2025-12-01 02:57:50,228 - INFO - composites.py:283 -         S2B_MSIL2A_20230622T091559_R093_T34SEH_20230622T174059
2025-12-01 02:57:50,228 - INFO - composites.py:283 -         S2A_MSIL2A_20230627T092031_R093_T34SEH_20241009T222145
2025-12-01 02:57:50,229 - INFO - composites.py:283 -         S2A_MSIL2A_20230627T092031_R093_T34SEH_20230627T183223
2025-12-01 02:57:50,229 - INFO - composites.py:283 -         S2B_MSIL2A_20230602T091559_R093_T34SEH_20240911T003315
2025-12-01 02:57:50,229 - INFO - composites.py:283 -         S2B_MSIL2A_20230602T091559_R093_T34SEH_20230602T134322
2025-12-01 02:57:50,229 - INFO - composites.py:283 -         S2B_MSIL2A_20230612T091559_R093_T34SEH_20240911T011934
2025-12-01 02:57:50,229 - INFO - composites.py:283 -         S2B_MSIL2A_20230612T091559_R093_T34SEH_20230612T134200
2025-12-01 02:57:50,229 - INFO - composites.py:283 -         S2B_MSIL2A_20230622T091559_R093_T34SEJ_20230622T174359
2025-12-01 02:57:50,229 - INFO - composites.py:283 -         S2A_MSIL2A_20230627T092031_R093_T34SEJ_20241009T222145
2025-12-01 02:57:50,229 - INFO - composites.py:283 -         S2A_MSIL2A_20230627T092031_R093_T34SEJ_20230627T183604
2025-12-01 02:57:50,229 - INFO - composites.py:283 -         S2B_MSIL2A_20230612T091559_R093_T34SEJ_20240911T011934
2025-12-01 02:57:50,229 - INFO - composites.py:283 -         S2B_MSIL2A_20230612T091559_R093_T34SEJ_20230612T133426
2025-12-01 02:57:50,229 - INFO - composites.py:283 -         S2B_MSIL2A_20230602T091559_R093_T34SEJ_20230602T133143
2025-12-01 02:57:50,229 - INFO - composites.py:283 -         S2B_MSIL2A_20230602T091559_R093_T34SEJ_20240911T003315
2025-12-01 02:57:50,680 - INFO - sentinel2.py:154 - Matplotlib backend: Agg
2025-12-01 02:57:50,928 - INFO - sentinel2.py:224 - Write input scenes footprint overlay: //nas-rs.topo.auth.gr/Latomeia/DROUGHT/composites/x07/y12/2023/06/01/S2L2A_medcomp_x07y12_202306_InDataFootprint.jpeg
2025-12-01 02:57:51,204 - INFO - composites.py:297 -                                  
2025-12-01 02:57:51,206 - INFO - composites.py:298 - Downstream STAC items from Planetary Computer
2025-12-01 02:57:51,206 - INFO - timeseries_processing.py:115 -                                  
2025-12-01 02:57:51,206 - INFO - timeseries_processing.py:116 - Loading bands of diferent resolutions in EPSG:32634
2025-12-01 02:57:51,206 - INFO - timeseries_processing.py:120 -     Filtering items with native UTM EPSG:32634
2025-12-01 02:57:51,206 - INFO - timeseries_processing.py:122 -     28 Items in EPSG:32634
2025-12-01 02:57:51,206 - INFO - timeseries_processing.py:129 -                        
2025-12-01 02:57:51,206 - INFO - timeseries_processing.py:130 -     Loading parameters:
2025-12-01 02:57:51,206 - INFO - timeseries_processing.py:131 -         Bands: ['B05', 'B07', 'B8A', 'SCL']
2025-12-01 02:57:51,206 - INFO - timeseries_processing.py:132 -         Spatial resolution: 20
2025-12-01 02:57:51,206 - INFO - timeseries_processing.py:134 -         Get Assets from STAC Items
2025-12-01 02:57:51,206 - INFO - timeseries_processing.py:47 -         Initialize the STAC client
2025-12-01 02:57:51,939 - INFO - timeseries_processing.py:137 -         Loading 28 STAC Items....
2025-12-01 02:59:24,250 - INFO - timeseries_processing.py:146 -         Cube has been downloaded
2025-12-01 02:59:24,251 - INFO - timeseries_processing.py:156 -         Fix order of dimensions
2025-12-01 02:59:24,251 - INFO - timeseries_processing.py:161 -         Append bands to the band-list of EPSG:32634
2025-12-01 02:59:24,251 - INFO - timeseries_processing.py:129 -                        
2025-12-01 02:59:24,253 - INFO - timeseries_processing.py:130 -     Loading parameters:
2025-12-01 02:59:24,253 - INFO - timeseries_processing.py:131 -         Bands: ['B02', 'B03', 'B04']
2025-12-01 02:59:24,255 - INFO - timeseries_processing.py:132 -         Spatial resolution: 10
2025-12-01 02:59:24,255 - INFO - timeseries_processing.py:134 -         Get Assets from STAC Items
2025-12-01 02:59:24,255 - INFO - timeseries_processing.py:47 -         Initialize the STAC client
2025-12-01 02:59:24,807 - INFO - timeseries_processing.py:137 -         Loading 28 STAC Items....
2025-12-01 03:04:24,731 - INFO - timeseries_processing.py:146 -         Cube has been downloaded
2025-12-01 03:04:24,731 - INFO - timeseries_processing.py:149 -         Reproject to downsample 10m bands to 20m by Resampling.average 2x2 binning and shape matching with odc.geo.GeoBox
2025-12-01 03:04:35,910 - INFO - timeseries_processing.py:161 -         Append bands to the band-list of EPSG:32634
2025-12-01 03:04:35,910 - INFO - timeseries_processing.py:165 -                        
2025-12-01 03:04:35,910 - INFO - timeseries_processing.py:166 -     Merging bands in a single dataset
2025-12-01 03:04:35,910 - INFO - timeseries_processing.py:167 -     Ensure all partial datasets are at (x=20, y=-20) resolution
2025-12-01 03:04:35,910 - INFO - timeseries_processing.py:171 -     Clip to the intersection of indexes
2025-12-01 03:04:37,278 - INFO - timeseries_processing.py:180 -     Make a list of bands to merge
2025-12-01 03:04:37,278 - INFO - timeseries_processing.py:184 -     Merge on intersection
2025-12-01 03:04:37,278 - INFO - timeseries_processing.py:192 -     Apply masks on clouds, shadows, thin cirrus, and snow/ice
2025-12-01 03:04:37,278 - INFO - sentinel2.py:122 -                Masking bits: [3, 7, 8, 9, 10, 11]
2025-12-01 03:04:38,302 - INFO - composites.py:307 - Reproject from UTM Zone to Tile geometry -> CRS(EPSG:32634), Resampling.bilinear
2025-12-01 03:04:44,219 - INFO - composites.py:310 -     New shape of datasets: Shape2d(x=2400, y=2400)
2025-12-01 03:04:44,809 - INFO - composites.py:329 - Scale SR to Sen2Cor Baseline 4.00 - Subtract 1000 in dates post 2022-01-25
2025-12-01 03:04:46,241 - INFO - composites.py:342 - Creating preview plot of input scenes
2025-12-01 03:05:17,257 - INFO - timeseries_processing.py:349 - Saved preview for 'B04' to //nas-rs.topo.auth.gr/Latomeia/DROUGHT/composites/x07/y12/2023/06/01/S2L2A_medcomp_x07y12_202306_InDataPreview.jpeg
2025-12-01 03:05:17,267 - INFO - composites.py:348 - Clip value range
2025-12-01 03:05:18,947 - INFO - composites.py:353 -                           
2025-12-01 03:05:18,947 - INFO - composites.py:354 - Computing spectral indices:
2025-12-01 03:05:18,947 - INFO - composites.py:357 -     EVI...
2025-12-01 03:05:20,128 - INFO - composites.py:359 -     NDVI...
2025-12-01 03:05:20,485 - INFO - composites.py:361 -     PSRI2...
2025-12-01 03:05:20,814 - INFO - composites.py:364 - Clip to typical value range
2025-12-01 03:05:21,228 - INFO - composites.py:371 - Reducing to median value temporal composite
2025-12-01 03:05:47,017 - INFO - composites.py:390 - Scale and Define data types & nodata per band
2025-12-01 03:05:47,296 - INFO - composites.py:411 - Assign time range and tile ID in metadata
2025-12-01 03:05:47,296 - INFO - composites.py:419 - Write bands to raster COG files
2025-12-01 03:05:55,858 - INFO - composites.py:432 - Write B02 -> //nas-rs.topo.auth.gr/Latomeia/DROUGHT/composites/x07/y12/2023/06/01/S2L2A_medcomp_x07y12_202306_B02.tif
2025-12-01 03:05:59,954 - INFO - composites.py:432 - Write B03 -> //nas-rs.topo.auth.gr/Latomeia/DROUGHT/composites/x07/y12/2023/06/01/S2L2A_medcomp_x07y12_202306_B03.tif
2025-12-01 03:06:03,997 - INFO - composites.py:432 - Write B04 -> //nas-rs.topo.auth.gr/Latomeia/DROUGHT/composites/x07/y12/2023/06/01/S2L2A_medcomp_x07y12_202306_B04.tif
2025-12-01 03:06:08,034 - INFO - composites.py:432 - Write B05 -> //nas-rs.topo.auth.gr/Latomeia/DROUGHT/composites/x07/y12/2023/06/01/S2L2A_medcomp_x07y12_202306_B05.tif
2025-12-01 03:06:12,168 - INFO - composites.py:432 - Write B07 -> //nas-rs.topo.auth.gr/Latomeia/DROUGHT/composites/x07/y12/2023/06/01/S2L2A_medcomp_x07y12_202306_B07.tif
2025-12-01 03:06:16,357 - INFO - composites.py:432 - Write B8A -> //nas-rs.topo.auth.gr/Latomeia/DROUGHT/composites/x07/y12/2023/06/01/S2L2A_medcomp_x07y12_202306_B8A.tif
2025-12-01 03:06:20,723 - INFO - composites.py:432 - Write EVI -> //nas-rs.topo.auth.gr/Latomeia/DROUGHT/composites/x07/y12/2023/06/01/S2L2A_medcomp_x07y12_202306_EVI.tif
2025-12-01 03:06:24,646 - INFO - composites.py:432 - Write NDVI -> //nas-rs.topo.auth.gr/Latomeia/DROUGHT/composites/x07/y12/2023/06/01/S2L2A_medcomp_x07y12_202306_NDVI.tif
2025-12-01 03:06:28,776 - INFO - composites.py:432 - Write PSRI2 -> //nas-rs.topo.auth.gr/Latomeia/DROUGHT/composites/x07/y12/2023/06/01/S2L2A_medcomp_x07y12_202306_PSRI2.tif
2025-12-01 03:06:28,784 - INFO - composites.py:436 - Prepare metadata YAML document
2025-12-01 03:06:29,395 - INFO - composites.py:458 - Write metadata YAML document to disk
2025-12-01 03:06:29,459 - INFO - composites.py:463 - Create datacube.model.Dataset from eo3 metadata
2025-12-01 03:06:29,483 - INFO - composites.py:476 - Index to datacube
2025-12-01 03:06:29,483 - INFO - _datasets.py:191 - Indexing a10cbb4a-85a9-4c33-aa27-c07d86cbf096
2025-12-01 03:06:29,495 - INFO - composites.py:479 - 
2025-12-01 03:06:29,495 - INFO - composites.py:480 -              ✔✔✔ COMPLETED: Tile x07_y12 | Time: 2023-06 | In 12.57 minutes
2025-12-01 03:06:29,495 - INFO - composites.py:481 - 
2025-12-01 03:06:29,495 - INFO - composites.py:489 - Closing Dask client
2025-12-01 03:06:29,496 - INFO - composites.py:493 - Closing Dask cluster
2025-12-01 03:06:29,496 - INFO - composites.py:494 - #######################################################################
