2025-09-04 08:33:15,794 - INFO - composites.py:102 - #######################################################################
2025-09-04 08:33:15,794 - INFO - composites.py:104 - Processing started
2025-09-04 08:33:15,794 - INFO - composites.py:105 -         Tile: x10_y08
2025-09-04 08:33:15,794 - INFO - composites.py:106 -         Time: 2025-07
2025-09-04 08:33:15,794 - INFO - composites.py:109 -                           
2025-09-04 08:33:15,794 - INFO - composites.py:110 - Establishing connection to datacube
2025-09-04 08:33:16,313 - INFO - composites.py:113 -                           
2025-09-04 08:33:16,313 - INFO - composites.py:114 - Sanity test: Check if dataset already exists in the datacube
2025-09-04 08:33:16,337 - INFO - composites.py:133 - The composite requested was not found and it will be computed
2025-09-04 08:33:16,337 - INFO - composites.py:136 -                                  
2025-09-04 08:33:16,337 - INFO - composites.py:137 - Initializing Dask cluster for parallelization
2025-09-04 08:33:21,379 - INFO - composites.py:161 - Dask dashboard is available at: http://127.0.0.1:8787/status
2025-09-04 08:33:21,380 - INFO - composites.py:164 - Create directories and naming conversions
2025-09-04 08:33:21,390 - INFO - composites.py:177 - Dataset location: //nas-rs.topo.auth.gr/Latomeia/DROUGHT/composites/x10/y08/2025/07/01
2025-09-04 08:33:21,390 - INFO - composites.py:180 -                           
2025-09-04 08:33:21,390 - INFO - composites.py:181 - Retrieve tile geometry
2025-09-04 08:33:21,423 - INFO - composites.py:192 - Create the Bounding Box (φ,λ)
2025-09-04 08:33:21,424 - INFO - composites.py:198 - Create the Bounding Box (x,y)
2025-09-04 08:33:21,424 - INFO - composites.py:211 -                           
2025-09-04 08:33:21,424 - INFO - composites.py:212 - Connect to Planetary Computer STAC Catalog
2025-09-04 08:33:21,638 - INFO - composites.py:220 - Search the STAC Catalog
2025-09-04 08:33:21,706 - INFO - composites.py:232 -         Query parameters:
2025-09-04 08:33:21,706 - INFO - composites.py:233 -             url:          https://planetarycomputer.microsoft.com/api/stac/v1/search
2025-09-04 08:33:21,706 - INFO - composites.py:234 -             client:       microsoft-pc
2025-09-04 08:33:21,706 - INFO - composites.py:235 -             collection:   sentinel-2-l2a
2025-09-04 08:33:21,706 - INFO - composites.py:236 -             bbox:         (22.316206507160903, 36.86212166478193, 22.975825813790852, 37.413146481379215)
2025-09-04 08:33:21,706 - INFO - composites.py:237 -             time range:   2025-07-01T00:00:00Z/2025-07-31T23:59:59Z
2025-09-04 08:33:21,706 - INFO - composites.py:238 -             cloud cover:  0% - 70%
2025-09-04 08:33:21,706 - INFO - composites.py:239 -             nodata cover: 0% - 33%
2025-09-04 08:33:21,706 - INFO - composites.py:241 -                           
2025-09-04 08:33:21,706 - INFO - composites.py:242 - Searching...
2025-09-04 08:33:22,226 - INFO - composites.py:245 - Query found 37 items
2025-09-04 08:33:22,226 - INFO - composites.py:247 - Searching for GRI REFINED scenes:
2025-09-04 08:33:27,579 - INFO - sentinel2.py:78 - 1/37 - S2B_MSIL2A_20250731T092029_R093_T34SFG_20250731T115523 -> REFINED
2025-09-04 08:33:32,126 - INFO - sentinel2.py:78 - 2/37 - S2B_MSIL2A_20250731T092029_R093_T34SFF_20250731T115523 -> REFINED
2025-09-04 08:33:38,424 - INFO - sentinel2.py:78 - 3/37 - S2A_MSIL2A_20250728T092231_R093_T34SFG_20250728T111018 -> REFINED
2025-09-04 08:33:43,622 - INFO - sentinel2.py:78 - 4/37 - S2A_MSIL2A_20250728T092231_R093_T34SFF_20250728T111018 -> REFINED
2025-09-04 08:33:49,230 - INFO - sentinel2.py:78 - 5/37 - S2B_MSIL2A_20250728T090559_R050_T34SFG_20250728T101128 -> REFINED
2025-09-04 08:33:54,647 - INFO - sentinel2.py:78 - 6/37 - S2B_MSIL2A_20250728T090559_R050_T34SFF_20250728T101128 -> REFINED
2025-09-04 08:34:00,541 - INFO - sentinel2.py:78 - 7/37 - S2C_MSIL2A_20250726T092051_R093_T34SFG_20250726T125415 -> REFINED
2025-09-04 08:34:06,205 - INFO - sentinel2.py:78 - 8/37 - S2C_MSIL2A_20250726T092051_R093_T34SFF_20250726T125415 -> REFINED
2025-09-04 08:34:11,154 - INFO - sentinel2.py:78 - 9/37 - S2A_MSIL2A_20250725T091041_R050_T34SFG_20250725T131619 -> REFINED
2025-09-04 08:34:15,893 - INFO - sentinel2.py:78 - 10/37 - S2A_MSIL2A_20250725T091041_R050_T34SFF_20250725T131619 -> REFINED
2025-09-04 08:34:21,091 - INFO - sentinel2.py:78 - 11/37 - S2C_MSIL2A_20250723T090621_R050_T34SFF_20250723T122213 -> REFINED
2025-09-04 08:34:27,077 - INFO - sentinel2.py:78 - 12/37 - S2B_MSIL2A_20250721T092029_R093_T34SFG_20250721T120259 -> REFINED
2025-09-04 08:34:32,805 - INFO - sentinel2.py:78 - 13/37 - S2B_MSIL2A_20250721T092029_R093_T34SFF_20250721T120259 -> REFINED
2025-09-04 08:34:37,692 - INFO - sentinel2.py:78 - 14/37 - S2A_MSIL2A_20250718T092051_R093_T34SFG_20250718T125020 -> REFINED
2025-09-04 08:34:43,726 - INFO - sentinel2.py:78 - 15/37 - S2A_MSIL2A_20250718T092051_R093_T34SFF_20250718T125020 -> REFINED
2025-09-04 08:34:49,283 - INFO - sentinel2.py:78 - 16/37 - S2B_MSIL2A_20250718T090559_R050_T34SFG_20250718T120206 -> REFINED
2025-09-04 08:34:54,858 - INFO - sentinel2.py:78 - 17/37 - S2B_MSIL2A_20250718T090559_R050_T34SFF_20250718T120206 -> REFINED
2025-09-04 08:35:01,371 - INFO - sentinel2.py:78 - 18/37 - S2C_MSIL2A_20250716T092051_R093_T34SFG_20250716T143214 -> REFINED
2025-09-04 08:35:07,395 - INFO - sentinel2.py:78 - 19/37 - S2C_MSIL2A_20250716T092051_R093_T34SFF_20250716T143214 -> REFINED
2025-09-04 08:35:13,027 - INFO - sentinel2.py:78 - 20/37 - S2A_MSIL2A_20250715T091331_R050_T34SFG_20250715T105310 -> REFINED
2025-09-04 08:35:19,131 - INFO - sentinel2.py:78 - 21/37 - S2A_MSIL2A_20250715T091331_R050_T34SFF_20250715T105310 -> REFINED
2025-09-04 08:35:25,092 - INFO - sentinel2.py:78 - 22/37 - S2C_MSIL2A_20250713T090621_R050_T34SFG_20250713T130516 -> REFINED
2025-09-04 08:35:31,417 - INFO - sentinel2.py:78 - 23/37 - S2C_MSIL2A_20250713T090621_R050_T34SFF_20250713T123014 -> REFINED
2025-09-04 08:35:37,363 - INFO - sentinel2.py:78 - 24/37 - S2B_MSIL2A_20250711T092029_R093_T34SFG_20250711T114113 -> REFINED
2025-09-04 08:35:42,275 - INFO - sentinel2.py:78 - 25/37 - S2B_MSIL2A_20250711T092029_R093_T34SFF_20250711T114113 -> REFINED
2025-09-04 08:35:48,054 - INFO - sentinel2.py:78 - 26/37 - S2A_MSIL2A_20250708T092231_R093_T34SFG_20250708T124914 -> REFINED
2025-09-04 08:35:54,704 - INFO - sentinel2.py:78 - 27/37 - S2A_MSIL2A_20250708T092231_R093_T34SFF_20250708T124914 -> REFINED
2025-09-04 08:36:00,362 - INFO - sentinel2.py:78 - 28/37 - S2B_MSIL2A_20250708T090559_R050_T34SFG_20250708T113616 -> REFINED
2025-09-04 08:36:06,384 - INFO - sentinel2.py:78 - 29/37 - S2B_MSIL2A_20250708T090559_R050_T34SFF_20250708T113616 -> REFINED
2025-09-04 08:36:11,531 - INFO - sentinel2.py:78 - 30/37 - S2C_MSIL2A_20250706T092051_R093_T34SFG_20250706T131358 -> REFINED
2025-09-04 08:36:16,982 - INFO - sentinel2.py:78 - 31/37 - S2C_MSIL2A_20250706T092051_R093_T34SFF_20250706T131358 -> REFINED
2025-09-04 08:36:22,672 - INFO - sentinel2.py:78 - 32/37 - S2A_MSIL2A_20250705T091041_R050_T34SFG_20250705T111415 -> REFINED
2025-09-04 08:36:28,720 - INFO - sentinel2.py:78 - 33/37 - S2A_MSIL2A_20250705T091041_R050_T34SFF_20250705T111415 -> REFINED
2025-09-04 08:36:33,573 - INFO - sentinel2.py:78 - 34/37 - S2C_MSIL2A_20250703T090621_R050_T34SFG_20250703T145718 -> REFINED
2025-09-04 08:36:38,793 - INFO - sentinel2.py:78 - 35/37 - S2C_MSIL2A_20250703T090621_R050_T34SFF_20250703T145718 -> REFINED
2025-09-04 08:36:44,359 - INFO - sentinel2.py:78 - 36/37 - S2B_MSIL2A_20250701T092029_R093_T34SFG_20250701T115535 -> REFINED
2025-09-04 08:36:49,312 - INFO - sentinel2.py:78 - 37/37 - S2B_MSIL2A_20250701T092029_R093_T34SFF_20250701T115535 -> REFINED
2025-09-04 08:36:49,351 - INFO - composites.py:250 -                                  
2025-09-04 08:36:49,365 - INFO - composites.py:251 - 37/37 were refined by GRI.
2025-09-04 08:36:49,370 - INFO - composites.py:263 - Looking for up to 10 cleanest images within spatiotemporal range of each MGRS tile
2025-09-04 08:36:49,371 - INFO - composites.py:277 - Filtered cleanest scenes: Kept 20 out of 37 items. 
2025-09-04 08:36:49,371 - INFO - composites.py:278 -         Included MGRS Tiles: ['34SFF' '34SFG']
2025-09-04 08:36:49,372 - INFO - composites.py:279 -         Included EPSG codes: [32634]
2025-09-04 08:36:49,372 - INFO - composites.py:281 - Selected scenes:
2025-09-04 08:36:49,372 - INFO - composites.py:283 -         S2A_MSIL2A_20250705T091041_R050_T34SFF_20250705T111415
2025-09-04 08:36:49,372 - INFO - composites.py:283 -         S2A_MSIL2A_20250725T091041_R050_T34SFF_20250725T131619
2025-09-04 08:36:49,382 - INFO - composites.py:283 -         S2C_MSIL2A_20250713T090621_R050_T34SFF_20250713T123014
2025-09-04 08:36:49,391 - INFO - composites.py:283 -         S2C_MSIL2A_20250723T090621_R050_T34SFF_20250723T122213
2025-09-04 08:36:49,397 - INFO - composites.py:283 -         S2A_MSIL2A_20250715T091331_R050_T34SFF_20250715T105310
2025-09-04 08:36:49,397 - INFO - composites.py:283 -         S2B_MSIL2A_20250728T090559_R050_T34SFF_20250728T101128
2025-09-04 08:36:49,397 - INFO - composites.py:283 -         S2C_MSIL2A_20250703T090621_R050_T34SFF_20250703T145718
2025-09-04 08:36:49,397 - INFO - composites.py:283 -         S2B_MSIL2A_20250708T090559_R050_T34SFF_20250708T113616
2025-09-04 08:36:49,397 - INFO - composites.py:283 -         S2C_MSIL2A_20250726T092051_R093_T34SFF_20250726T125415
2025-09-04 08:36:49,397 - INFO - composites.py:283 -         S2B_MSIL2A_20250718T090559_R050_T34SFF_20250718T120206
2025-09-04 08:36:49,397 - INFO - composites.py:283 -         S2A_MSIL2A_20250725T091041_R050_T34SFG_20250725T131619
2025-09-04 08:36:49,398 - INFO - composites.py:283 -         S2C_MSIL2A_20250713T090621_R050_T34SFG_20250713T130516
2025-09-04 08:36:49,398 - INFO - composites.py:283 -         S2B_MSIL2A_20250708T090559_R050_T34SFG_20250708T113616
2025-09-04 08:36:49,398 - INFO - composites.py:283 -         S2A_MSIL2A_20250715T091331_R050_T34SFG_20250715T105310
2025-09-04 08:36:49,398 - INFO - composites.py:283 -         S2A_MSIL2A_20250705T091041_R050_T34SFG_20250705T111415
2025-09-04 08:36:49,398 - INFO - composites.py:283 -         S2B_MSIL2A_20250718T090559_R050_T34SFG_20250718T120206
2025-09-04 08:36:49,398 - INFO - composites.py:283 -         S2B_MSIL2A_20250728T090559_R050_T34SFG_20250728T101128
2025-09-04 08:36:49,398 - INFO - composites.py:283 -         S2C_MSIL2A_20250703T090621_R050_T34SFG_20250703T145718
2025-09-04 08:36:49,398 - INFO - composites.py:283 -         S2C_MSIL2A_20250726T092051_R093_T34SFG_20250726T125415
2025-09-04 08:36:49,398 - INFO - composites.py:283 -         S2A_MSIL2A_20250728T092231_R093_T34SFG_20250728T111018
2025-09-04 08:36:49,852 - INFO - sentinel2.py:154 - Matplotlib backend: Agg
2025-09-04 08:36:50,027 - INFO - sentinel2.py:224 - Write input scenes footprint overlay: //nas-rs.topo.auth.gr/Latomeia/DROUGHT/composites/x10/y08/2025/07/01/S2L2A_medcomp_x10y08_202507_InDataFootprint.jpeg
2025-09-04 08:36:50,292 - INFO - composites.py:297 -                                  
2025-09-04 08:36:50,292 - INFO - composites.py:298 - Downstream STAC items from Planetary Computer
2025-09-04 08:36:50,292 - INFO - timeseries_processing.py:115 -                                  
2025-09-04 08:36:50,292 - INFO - timeseries_processing.py:116 - Loading bands of diferent resolutions in EPSG:32634
2025-09-04 08:36:50,292 - INFO - timeseries_processing.py:120 -     Filtering items with native UTM EPSG:32634
2025-09-04 08:36:50,292 - INFO - timeseries_processing.py:122 -     20 Items in EPSG:32634
2025-09-04 08:36:50,292 - INFO - timeseries_processing.py:129 -                        
2025-09-04 08:36:50,292 - INFO - timeseries_processing.py:130 -     Loading parameters:
2025-09-04 08:36:50,293 - INFO - timeseries_processing.py:131 -         Bands: ['B05', 'B07', 'B8A', 'SCL']
2025-09-04 08:36:50,293 - INFO - timeseries_processing.py:132 -         Spatial resolution: 20
2025-09-04 08:36:50,293 - INFO - timeseries_processing.py:134 -         Get Assets from STAC Items
2025-09-04 08:36:50,293 - INFO - timeseries_processing.py:47 -         Initialize the STAC client
2025-09-04 08:36:50,826 - INFO - timeseries_processing.py:137 -         Loading 20 STAC Items....
2025-09-04 08:38:35,196 - INFO - timeseries_processing.py:146 -         Cube has been downloaded
2025-09-04 08:38:35,196 - INFO - timeseries_processing.py:156 -         Fix order of dimensions
2025-09-04 08:38:35,197 - INFO - timeseries_processing.py:161 -         Append bands to the band-list of EPSG:32634
2025-09-04 08:38:35,202 - INFO - timeseries_processing.py:129 -                        
2025-09-04 08:38:35,202 - INFO - timeseries_processing.py:130 -     Loading parameters:
2025-09-04 08:38:35,206 - INFO - timeseries_processing.py:131 -         Bands: ['B02', 'B03', 'B04']
2025-09-04 08:38:35,206 - INFO - timeseries_processing.py:132 -         Spatial resolution: 10
2025-09-04 08:38:35,207 - INFO - timeseries_processing.py:134 -         Get Assets from STAC Items
2025-09-04 08:38:35,207 - INFO - timeseries_processing.py:47 -         Initialize the STAC client
2025-09-04 08:38:35,793 - INFO - timeseries_processing.py:137 -         Loading 20 STAC Items....
2025-09-04 08:43:20,772 - INFO - timeseries_processing.py:146 -         Cube has been downloaded
2025-09-04 08:43:20,772 - INFO - timeseries_processing.py:149 -         Reproject to downsample 10m bands to 20m by Resampling.average 2x2 binning and shape matching with odc.geo.GeoBox
2025-09-04 08:43:37,238 - INFO - timeseries_processing.py:161 -         Append bands to the band-list of EPSG:32634
2025-09-04 08:43:37,239 - INFO - timeseries_processing.py:165 -                        
2025-09-04 08:43:37,239 - INFO - timeseries_processing.py:166 -     Merging bands in a single dataset
2025-09-04 08:43:37,239 - INFO - timeseries_processing.py:167 -     Ensure all partial datasets are at (x=20, y=-20) resolution
2025-09-04 08:43:37,239 - INFO - timeseries_processing.py:171 -     Clip to the intersection of indexes
2025-09-04 08:43:38,539 - INFO - timeseries_processing.py:180 -     Make a list of bands to merge
2025-09-04 08:43:38,540 - INFO - timeseries_processing.py:184 -     Merge on intersection
2025-09-04 08:43:38,540 - INFO - timeseries_processing.py:192 -     Apply masks on clouds, shadows, thin cirrus, and snow/ice
2025-09-04 08:43:38,540 - INFO - sentinel2.py:122 -                Masking bits: [3, 7, 8, 9, 10, 11]
2025-09-04 08:43:39,956 - INFO - composites.py:307 - Reproject from UTM Zone to Tile geometry -> CRS(EPSG:32634), Resampling.bilinear
2025-09-04 08:43:47,497 - INFO - composites.py:310 -     New shape of datasets: Shape2d(x=2400, y=2400)
2025-09-04 08:43:48,214 - INFO - composites.py:329 - Scale SR to Sen2Cor Baseline 4.00 - Subtract 1000 in dates post 2022-01-25
2025-09-04 08:43:49,816 - INFO - composites.py:342 - Creating preview plot of input scenes
2025-09-04 08:44:25,312 - INFO - timeseries_processing.py:349 - Saved preview for 'B04' to //nas-rs.topo.auth.gr/Latomeia/DROUGHT/composites/x10/y08/2025/07/01/S2L2A_medcomp_x10y08_202507_InDataPreview.jpeg
2025-09-04 08:44:25,333 - INFO - composites.py:348 - Clip value range
2025-09-04 08:44:27,567 - INFO - composites.py:353 -                           
2025-09-04 08:44:27,567 - INFO - composites.py:354 - Computing spectral indices:
2025-09-04 08:44:27,567 - INFO - composites.py:357 -     EVI...
2025-09-04 08:44:28,874 - INFO - composites.py:359 -     NDVI...
2025-09-04 08:44:29,289 - INFO - composites.py:361 -     PSRI2...
2025-09-04 08:44:29,621 - INFO - composites.py:364 - Clip to typical value range
2025-09-04 08:44:30,037 - INFO - composites.py:371 - Reducing to median value temporal composite
2025-09-04 08:44:57,209 - INFO - composites.py:390 - Scale and Define data types & nodata per band
2025-09-04 08:44:57,356 - INFO - composites.py:411 - Assign time range and tile ID in metadata
2025-09-04 08:44:57,356 - INFO - composites.py:419 - Write bands to raster COG files
2025-09-04 08:45:01,227 - INFO - composites.py:432 - Write B02 -> //nas-rs.topo.auth.gr/Latomeia/DROUGHT/composites/x10/y08/2025/07/01/S2L2A_medcomp_x10y08_202507_B02.tif
2025-09-04 08:45:05,171 - INFO - composites.py:432 - Write B03 -> //nas-rs.topo.auth.gr/Latomeia/DROUGHT/composites/x10/y08/2025/07/01/S2L2A_medcomp_x10y08_202507_B03.tif
2025-09-04 08:45:09,102 - INFO - composites.py:432 - Write B04 -> //nas-rs.topo.auth.gr/Latomeia/DROUGHT/composites/x10/y08/2025/07/01/S2L2A_medcomp_x10y08_202507_B04.tif
2025-09-04 08:45:13,529 - INFO - composites.py:432 - Write B05 -> //nas-rs.topo.auth.gr/Latomeia/DROUGHT/composites/x10/y08/2025/07/01/S2L2A_medcomp_x10y08_202507_B05.tif
2025-09-04 08:45:17,905 - INFO - composites.py:432 - Write B07 -> //nas-rs.topo.auth.gr/Latomeia/DROUGHT/composites/x10/y08/2025/07/01/S2L2A_medcomp_x10y08_202507_B07.tif
2025-09-04 08:45:21,765 - INFO - composites.py:432 - Write B8A -> //nas-rs.topo.auth.gr/Latomeia/DROUGHT/composites/x10/y08/2025/07/01/S2L2A_medcomp_x10y08_202507_B8A.tif
2025-09-04 08:45:25,799 - INFO - composites.py:432 - Write EVI -> //nas-rs.topo.auth.gr/Latomeia/DROUGHT/composites/x10/y08/2025/07/01/S2L2A_medcomp_x10y08_202507_EVI.tif
2025-09-04 08:45:29,648 - INFO - composites.py:432 - Write NDVI -> //nas-rs.topo.auth.gr/Latomeia/DROUGHT/composites/x10/y08/2025/07/01/S2L2A_medcomp_x10y08_202507_NDVI.tif
2025-09-04 08:45:33,459 - INFO - composites.py:432 - Write PSRI2 -> //nas-rs.topo.auth.gr/Latomeia/DROUGHT/composites/x10/y08/2025/07/01/S2L2A_medcomp_x10y08_202507_PSRI2.tif
2025-09-04 08:45:33,459 - INFO - composites.py:436 - Prepare metadata YAML document
2025-09-04 08:45:34,026 - INFO - composites.py:458 - Write metadata YAML document to disk
2025-09-04 08:45:34,051 - INFO - composites.py:463 - Create datacube.model.Dataset from eo3 metadata
2025-09-04 08:45:34,062 - INFO - composites.py:476 - Index to datacube
2025-09-04 08:45:34,063 - INFO - _datasets.py:191 - Indexing 348073d9-4233-4e2f-a1b3-99036ce2f145
2025-09-04 08:45:34,071 - INFO - composites.py:479 - 
2025-09-04 08:45:34,071 - INFO - composites.py:480 -              ✔✔✔ COMPLETED: Tile x10_y08 | Time: 2025-07 | In 12.3 minutes
2025-09-04 08:45:34,071 - INFO - composites.py:481 - 
2025-09-04 08:45:34,071 - INFO - composites.py:489 - Closing Dask client
2025-09-04 08:45:34,073 - INFO - composites.py:493 - Closing Dask cluster
2025-09-04 08:45:34,073 - INFO - composites.py:494 - #######################################################################
