2025-09-01 22:08:57,281 - INFO - composites.py:102 - #######################################################################
2025-09-01 22:08:57,282 - INFO - composites.py:104 - Processing started
2025-09-01 22:08:57,282 - INFO - composites.py:105 -         Tile: x11_y12
2025-09-01 22:08:57,282 - INFO - composites.py:106 -         Time: 2024-04
2025-09-01 22:08:57,282 - INFO - composites.py:109 -                           
2025-09-01 22:08:57,282 - INFO - composites.py:110 - Establishing connection to datacube
2025-09-01 22:08:57,846 - INFO - composites.py:113 -                           
2025-09-01 22:08:57,846 - INFO - composites.py:114 - Sanity test: Check if dataset already exists in the datacube
2025-09-01 22:08:57,867 - INFO - composites.py:133 - The composite requested was not found and it will be computed
2025-09-01 22:08:57,867 - INFO - composites.py:136 -                                  
2025-09-01 22:08:57,867 - INFO - composites.py:137 - Initializing Dask cluster for parallelization
2025-09-01 22:09:03,067 - INFO - composites.py:161 - Dask dashboard is available at: http://127.0.0.1:8787/status
2025-09-01 22:09:03,067 - INFO - composites.py:164 - Create directories and naming conversions
2025-09-01 22:09:03,080 - INFO - composites.py:177 - Dataset location: //nas-rs.topo.auth.gr/Latomeia/DROUGHT/composites/x11/y12/2024/04/01
2025-09-01 22:09:03,080 - INFO - composites.py:180 -                           
2025-09-01 22:09:03,080 - INFO - composites.py:181 - Retrieve tile geometry
2025-09-01 22:09:03,109 - INFO - composites.py:192 - Create the Bounding Box (φ,λ)
2025-09-01 22:09:03,109 - INFO - composites.py:198 - Create the Bounding Box (x,y)
2025-09-01 22:09:03,109 - INFO - composites.py:211 -                           
2025-09-01 22:09:03,109 - INFO - composites.py:212 - Connect to Planetary Computer STAC Catalog
2025-09-01 22:09:03,383 - INFO - composites.py:220 - Search the STAC Catalog
2025-09-01 22:09:03,455 - INFO - composites.py:232 -         Query parameters:
2025-09-01 22:09:03,455 - INFO - composites.py:233 -             url:          https://planetarycomputer.microsoft.com/api/stac/v1/search
2025-09-01 22:09:03,455 - INFO - composites.py:234 -             client:       microsoft-pc
2025-09-01 22:09:03,455 - INFO - composites.py:235 -             collection:   sentinel-2-l2a
2025-09-01 22:09:03,455 - INFO - composites.py:236 -             bbox:         (23.175034627134398, 38.50013763603257, 23.85573196352452, 39.05443515421176)
2025-09-01 22:09:03,455 - INFO - composites.py:237 -             time range:   2024-04-01T00:00:00Z/2024-04-30T23:59:59Z
2025-09-01 22:09:03,455 - INFO - composites.py:238 -             cloud cover:  0% - 70%
2025-09-01 22:09:03,455 - INFO - composites.py:239 -             nodata cover: 0% - 33%
2025-09-01 22:09:03,455 - INFO - composites.py:241 -                           
2025-09-01 22:09:03,455 - INFO - composites.py:242 - Searching...
2025-09-01 22:09:04,403 - INFO - composites.py:245 - Query found 28 items
2025-09-01 22:09:04,403 - INFO - composites.py:247 - Searching for GRI REFINED scenes:
2025-09-01 22:09:10,054 - INFO - sentinel2.py:78 - 1/28 - S2A_MSIL2A_20240429T090601_R050_T35SKD_20240429T141311 -> REFINED
2025-09-01 22:09:16,097 - INFO - sentinel2.py:78 - 2/28 - S2A_MSIL2A_20240429T090601_R050_T35SKC_20240429T141313 -> REFINED
2025-09-01 22:09:21,589 - INFO - sentinel2.py:78 - 3/28 - S2A_MSIL2A_20240429T090601_R050_T34SGJ_20240429T141310 -> REFINED
2025-09-01 22:09:27,076 - INFO - sentinel2.py:78 - 4/28 - S2A_MSIL2A_20240429T090601_R050_T34SGH_20240429T141313 -> REFINED
2025-09-01 22:09:32,779 - INFO - sentinel2.py:78 - 5/28 - S2B_MSIL2A_20240427T091549_R093_T34SFJ_20240427T122347 -> REFINED
2025-09-01 22:09:38,264 - INFO - sentinel2.py:78 - 6/28 - S2B_MSIL2A_20240427T091549_R093_T34SFH_20240427T122759 -> REFINED
2025-09-01 22:09:43,266 - INFO - sentinel2.py:78 - 7/28 - S2A_MSIL2A_20240419T090601_R050_T35SKD_20240419T142728 -> REFINED
2025-09-01 22:09:48,957 - INFO - sentinel2.py:78 - 8/28 - S2A_MSIL2A_20240419T090601_R050_T35SKC_20240419T142734 -> REFINED
2025-09-01 22:09:55,058 - INFO - sentinel2.py:78 - 9/28 - S2A_MSIL2A_20240419T090601_R050_T34SGJ_20240419T142909 -> REFINED
2025-09-01 22:10:01,259 - INFO - sentinel2.py:78 - 10/28 - S2A_MSIL2A_20240419T090601_R050_T34SGH_20240419T142734 -> REFINED
2025-09-01 22:10:06,577 - INFO - sentinel2.py:78 - 11/28 - S2B_MSIL2A_20240417T091549_R093_T34SFH_20240417T141832 -> REFINED
2025-09-01 22:10:13,418 - INFO - sentinel2.py:78 - 12/28 - S2B_MSIL2A_20240414T090559_R050_T35SKD_20240414T121446 -> REFINED
2025-09-01 22:10:19,582 - INFO - sentinel2.py:78 - 13/28 - S2B_MSIL2A_20240414T090559_R050_T35SKC_20240414T121448 -> REFINED
2025-09-01 22:10:25,095 - INFO - sentinel2.py:78 - 14/28 - S2B_MSIL2A_20240414T090559_R050_T34SGJ_20240414T121445 -> REFINED
2025-09-01 22:10:30,901 - INFO - sentinel2.py:78 - 15/28 - S2B_MSIL2A_20240414T090559_R050_T34SGH_20240414T121545 -> REFINED
2025-09-01 22:10:37,049 - INFO - sentinel2.py:78 - 16/28 - S2A_MSIL2A_20240412T092031_R093_T34SFJ_20240412T143814 -> REFINED
2025-09-01 22:10:42,041 - INFO - sentinel2.py:78 - 17/28 - S2A_MSIL2A_20240412T092031_R093_T34SFH_20240412T143750 -> REFINED
2025-09-01 22:10:47,613 - INFO - sentinel2.py:78 - 18/28 - S2A_MSIL2A_20240409T090551_R050_T35SKD_20240410T184419 -> REFINED
2025-09-01 22:10:52,583 - INFO - sentinel2.py:78 - 19/28 - S2A_MSIL2A_20240409T090551_R050_T35SKC_20240410T183940 -> REFINED
2025-09-01 22:10:58,325 - INFO - sentinel2.py:78 - 20/28 - S2A_MSIL2A_20240409T090551_R050_T34SGJ_20240410T184415 -> REFINED
2025-09-01 22:11:03,635 - INFO - sentinel2.py:78 - 21/28 - S2A_MSIL2A_20240409T090551_R050_T34SGH_20240410T182831 -> REFINED
2025-09-01 22:11:09,310 - INFO - sentinel2.py:78 - 22/28 - S2B_MSIL2A_20240407T091549_R093_T34SFJ_20240407T130027 -> REFINED
2025-09-01 22:11:14,448 - INFO - sentinel2.py:78 - 23/28 - S2B_MSIL2A_20240407T091549_R093_T34SFH_20240407T125849 -> REFINED
2025-09-01 22:11:19,430 - INFO - sentinel2.py:78 - 24/28 - S2B_MSIL2A_20240404T090549_R050_T35SKD_20240404T145354 -> REFINED
2025-09-01 22:11:25,615 - INFO - sentinel2.py:78 - 25/28 - S2B_MSIL2A_20240404T090549_R050_T35SKC_20240404T144824 -> REFINED
2025-09-01 22:11:31,125 - INFO - sentinel2.py:78 - 26/28 - S2B_MSIL2A_20240404T090549_R050_T34SGJ_20240404T141542 -> REFINED
2025-09-01 22:11:37,206 - INFO - sentinel2.py:78 - 27/28 - S2B_MSIL2A_20240404T090549_R050_T34SGH_20240404T135840 -> REFINED
2025-09-01 22:11:43,297 - INFO - sentinel2.py:78 - 28/28 - S2A_MSIL2A_20240402T092031_R093_T34SFH_20240402T153008 -> REFINED
2025-09-01 22:11:43,335 - INFO - composites.py:250 -                                  
2025-09-01 22:11:43,335 - INFO - composites.py:251 - 28/28 were refined by GRI.
2025-09-01 22:11:43,336 - INFO - composites.py:263 - Looking for up to 10 cleanest images within spatiotemporal range of each MGRS tile
2025-09-01 22:11:43,336 - INFO - composites.py:277 - Filtered cleanest scenes: Kept 28 out of 28 items. 
2025-09-01 22:11:43,339 - INFO - composites.py:278 -         Included MGRS Tiles: ['34SFH' '34SFJ' '34SGH' '34SGJ' '35SKC' '35SKD']
2025-09-01 22:11:43,349 - INFO - composites.py:279 -         Included EPSG codes: [32634 32635]
2025-09-01 22:11:43,349 - INFO - composites.py:281 - Selected scenes:
2025-09-01 22:11:43,349 - INFO - composites.py:283 -         S2A_MSIL2A_20240412T092031_R093_T34SFH_20240412T143750
2025-09-01 22:11:43,349 - INFO - composites.py:283 -         S2A_MSIL2A_20240402T092031_R093_T34SFH_20240402T153008
2025-09-01 22:11:43,349 - INFO - composites.py:283 -         S2B_MSIL2A_20240407T091549_R093_T34SFH_20240407T125849
2025-09-01 22:11:43,349 - INFO - composites.py:283 -         S2B_MSIL2A_20240427T091549_R093_T34SFH_20240427T122759
2025-09-01 22:11:43,351 - INFO - composites.py:283 -         S2B_MSIL2A_20240417T091549_R093_T34SFH_20240417T141832
2025-09-01 22:11:43,362 - INFO - composites.py:283 -         S2A_MSIL2A_20240412T092031_R093_T34SFJ_20240412T143814
2025-09-01 22:11:43,362 - INFO - composites.py:283 -         S2B_MSIL2A_20240427T091549_R093_T34SFJ_20240427T122347
2025-09-01 22:11:43,377 - INFO - composites.py:283 -         S2B_MSIL2A_20240407T091549_R093_T34SFJ_20240407T130027
2025-09-01 22:11:43,377 - INFO - composites.py:283 -         S2A_MSIL2A_20240409T090551_R050_T34SGH_20240410T182831
2025-09-01 22:11:43,379 - INFO - composites.py:283 -         S2B_MSIL2A_20240414T090559_R050_T34SGH_20240414T121545
2025-09-01 22:11:43,379 - INFO - composites.py:283 -         S2A_MSIL2A_20240429T090601_R050_T34SGH_20240429T141313
2025-09-01 22:11:43,379 - INFO - composites.py:283 -         S2A_MSIL2A_20240419T090601_R050_T34SGH_20240419T142734
2025-09-01 22:11:43,379 - INFO - composites.py:283 -         S2B_MSIL2A_20240404T090549_R050_T34SGH_20240404T135840
2025-09-01 22:11:43,379 - INFO - composites.py:283 -         S2A_MSIL2A_20240409T090551_R050_T34SGJ_20240410T184415
2025-09-01 22:11:43,379 - INFO - composites.py:283 -         S2B_MSIL2A_20240414T090559_R050_T34SGJ_20240414T121445
2025-09-01 22:11:43,379 - INFO - composites.py:283 -         S2A_MSIL2A_20240429T090601_R050_T34SGJ_20240429T141310
2025-09-01 22:11:43,379 - INFO - composites.py:283 -         S2A_MSIL2A_20240419T090601_R050_T34SGJ_20240419T142909
2025-09-01 22:11:43,379 - INFO - composites.py:283 -         S2B_MSIL2A_20240404T090549_R050_T34SGJ_20240404T141542
2025-09-01 22:11:43,379 - INFO - composites.py:283 -         S2A_MSIL2A_20240409T090551_R050_T35SKC_20240410T183940
2025-09-01 22:11:43,379 - INFO - composites.py:283 -         S2B_MSIL2A_20240414T090559_R050_T35SKC_20240414T121448
2025-09-01 22:11:43,379 - INFO - composites.py:283 -         S2A_MSIL2A_20240429T090601_R050_T35SKC_20240429T141313
2025-09-01 22:11:43,379 - INFO - composites.py:283 -         S2A_MSIL2A_20240419T090601_R050_T35SKC_20240419T142734
2025-09-01 22:11:43,379 - INFO - composites.py:283 -         S2B_MSIL2A_20240404T090549_R050_T35SKC_20240404T144824
2025-09-01 22:11:43,379 - INFO - composites.py:283 -         S2B_MSIL2A_20240414T090559_R050_T35SKD_20240414T121446
2025-09-01 22:11:43,379 - INFO - composites.py:283 -         S2A_MSIL2A_20240409T090551_R050_T35SKD_20240410T184419
2025-09-01 22:11:43,379 - INFO - composites.py:283 -         S2A_MSIL2A_20240429T090601_R050_T35SKD_20240429T141311
2025-09-01 22:11:43,379 - INFO - composites.py:283 -         S2A_MSIL2A_20240419T090601_R050_T35SKD_20240419T142728
2025-09-01 22:11:43,379 - INFO - composites.py:283 -         S2B_MSIL2A_20240404T090549_R050_T35SKD_20240404T145354
2025-09-01 22:11:43,719 - INFO - sentinel2.py:154 - Matplotlib backend: Agg
2025-09-01 22:11:44,132 - INFO - sentinel2.py:224 - Write input scenes footprint overlay: //nas-rs.topo.auth.gr/Latomeia/DROUGHT/composites/x11/y12/2024/04/01/S2L2A_medcomp_x11y12_202404_InDataFootprint.jpeg
2025-09-01 22:11:44,390 - INFO - composites.py:297 -                                  
2025-09-01 22:11:44,390 - INFO - composites.py:298 - Downstream STAC items from Planetary Computer
2025-09-01 22:11:44,390 - INFO - timeseries_processing.py:115 -                                  
2025-09-01 22:11:44,390 - INFO - timeseries_processing.py:116 - Loading bands of diferent resolutions in EPSG:32634
2025-09-01 22:11:44,390 - INFO - timeseries_processing.py:120 -     Filtering items with native UTM EPSG:32634
2025-09-01 22:11:44,390 - INFO - timeseries_processing.py:122 -     18 Items in EPSG:32634
2025-09-01 22:11:44,390 - INFO - timeseries_processing.py:129 -                        
2025-09-01 22:11:44,390 - INFO - timeseries_processing.py:130 -     Loading parameters:
2025-09-01 22:11:44,390 - INFO - timeseries_processing.py:131 -         Bands: ['B05', 'B07', 'B8A', 'SCL']
2025-09-01 22:11:44,390 - INFO - timeseries_processing.py:132 -         Spatial resolution: 20
2025-09-01 22:11:44,390 - INFO - timeseries_processing.py:134 -         Get Assets from STAC Items
2025-09-01 22:11:44,391 - INFO - timeseries_processing.py:47 -         Initialize the STAC client
2025-09-01 22:11:44,930 - INFO - timeseries_processing.py:137 -         Loading 18 STAC Items....
2025-09-01 22:12:41,163 - INFO - timeseries_processing.py:146 -         Cube has been downloaded
2025-09-01 22:12:41,163 - INFO - timeseries_processing.py:156 -         Fix order of dimensions
2025-09-01 22:12:41,165 - INFO - timeseries_processing.py:161 -         Append bands to the band-list of EPSG:32634
2025-09-01 22:12:41,167 - INFO - timeseries_processing.py:129 -                        
2025-09-01 22:12:41,168 - INFO - timeseries_processing.py:130 -     Loading parameters:
2025-09-01 22:12:41,168 - INFO - timeseries_processing.py:131 -         Bands: ['B02', 'B03', 'B04']
2025-09-01 22:12:41,168 - INFO - timeseries_processing.py:132 -         Spatial resolution: 10
2025-09-01 22:12:41,169 - INFO - timeseries_processing.py:134 -         Get Assets from STAC Items
2025-09-01 22:12:41,169 - INFO - timeseries_processing.py:47 -         Initialize the STAC client
2025-09-01 22:12:41,744 - INFO - timeseries_processing.py:137 -         Loading 18 STAC Items....
2025-09-01 22:14:36,555 - INFO - timeseries_processing.py:146 -         Cube has been downloaded
2025-09-01 22:14:36,556 - INFO - timeseries_processing.py:149 -         Reproject to downsample 10m bands to 20m by Resampling.average 2x2 binning and shape matching with odc.geo.GeoBox
2025-09-01 22:14:50,717 - INFO - timeseries_processing.py:161 -         Append bands to the band-list of EPSG:32634
2025-09-01 22:14:50,717 - INFO - timeseries_processing.py:165 -                        
2025-09-01 22:14:50,717 - INFO - timeseries_processing.py:166 -     Merging bands in a single dataset
2025-09-01 22:14:50,717 - INFO - timeseries_processing.py:167 -     Ensure all partial datasets are at (x=20, y=-20) resolution
2025-09-01 22:14:50,717 - INFO - timeseries_processing.py:171 -     Clip to the intersection of indexes
2025-09-01 22:14:51,746 - INFO - timeseries_processing.py:180 -     Make a list of bands to merge
2025-09-01 22:14:51,748 - INFO - timeseries_processing.py:184 -     Merge on intersection
2025-09-01 22:14:51,749 - INFO - timeseries_processing.py:192 -     Apply masks on clouds, shadows, thin cirrus, and snow/ice
2025-09-01 22:14:51,749 - INFO - sentinel2.py:122 -                Masking bits: [3, 7, 8, 9, 10, 11]
2025-09-01 22:14:53,004 - INFO - timeseries_processing.py:115 -                                  
2025-09-01 22:14:53,005 - INFO - timeseries_processing.py:116 - Loading bands of diferent resolutions in EPSG:32635
2025-09-01 22:14:53,005 - INFO - timeseries_processing.py:120 -     Filtering items with native UTM EPSG:32635
2025-09-01 22:14:53,005 - INFO - timeseries_processing.py:122 -     10 Items in EPSG:32635
2025-09-01 22:14:53,005 - INFO - timeseries_processing.py:129 -                        
2025-09-01 22:14:53,005 - INFO - timeseries_processing.py:130 -     Loading parameters:
2025-09-01 22:14:53,005 - INFO - timeseries_processing.py:131 -         Bands: ['B05', 'B07', 'B8A', 'SCL']
2025-09-01 22:14:53,005 - INFO - timeseries_processing.py:132 -         Spatial resolution: 20
2025-09-01 22:14:53,005 - INFO - timeseries_processing.py:134 -         Get Assets from STAC Items
2025-09-01 22:14:53,005 - INFO - timeseries_processing.py:47 -         Initialize the STAC client
2025-09-01 22:14:53,504 - INFO - timeseries_processing.py:137 -         Loading 10 STAC Items....
2025-09-01 22:15:22,853 - INFO - timeseries_processing.py:146 -         Cube has been downloaded
2025-09-01 22:15:22,854 - INFO - timeseries_processing.py:156 -         Fix order of dimensions
2025-09-01 22:15:22,857 - INFO - timeseries_processing.py:161 -         Append bands to the band-list of EPSG:32635
2025-09-01 22:15:22,857 - INFO - timeseries_processing.py:129 -                        
2025-09-01 22:15:22,862 - INFO - timeseries_processing.py:130 -     Loading parameters:
2025-09-01 22:15:22,880 - INFO - timeseries_processing.py:131 -         Bands: ['B02', 'B03', 'B04']
2025-09-01 22:15:22,880 - INFO - timeseries_processing.py:132 -         Spatial resolution: 10
2025-09-01 22:15:22,881 - INFO - timeseries_processing.py:134 -         Get Assets from STAC Items
2025-09-01 22:15:22,881 - INFO - timeseries_processing.py:47 -         Initialize the STAC client
2025-09-01 22:15:23,430 - INFO - timeseries_processing.py:137 -         Loading 10 STAC Items....
2025-09-01 22:16:38,054 - INFO - timeseries_processing.py:146 -         Cube has been downloaded
2025-09-01 22:16:38,054 - INFO - timeseries_processing.py:149 -         Reproject to downsample 10m bands to 20m by Resampling.average 2x2 binning and shape matching with odc.geo.GeoBox
2025-09-01 22:16:44,837 - INFO - timeseries_processing.py:161 -         Append bands to the band-list of EPSG:32635
2025-09-01 22:16:44,837 - INFO - timeseries_processing.py:165 -                        
2025-09-01 22:16:44,837 - INFO - timeseries_processing.py:166 -     Merging bands in a single dataset
2025-09-01 22:16:44,837 - INFO - timeseries_processing.py:167 -     Ensure all partial datasets are at (x=20, y=-20) resolution
2025-09-01 22:16:44,838 - INFO - timeseries_processing.py:171 -     Clip to the intersection of indexes
2025-09-01 22:16:44,839 - INFO - timeseries_processing.py:180 -     Make a list of bands to merge
2025-09-01 22:16:44,848 - INFO - timeseries_processing.py:184 -     Merge on intersection
2025-09-01 22:16:44,848 - INFO - timeseries_processing.py:192 -     Apply masks on clouds, shadows, thin cirrus, and snow/ice
2025-09-01 22:16:44,850 - INFO - sentinel2.py:122 -                Masking bits: [3, 7, 8, 9, 10, 11]
2025-09-01 22:16:45,626 - INFO - composites.py:307 - Reproject from UTM Zone to Tile geometry -> CRS(EPSG:32635), Resampling.bilinear
2025-09-01 22:16:56,484 - INFO - composites.py:310 -     New shape of datasets: Shape2d(x=2400, y=2400)
2025-09-01 22:16:56,760 - INFO - composites.py:315 -                           
2025-09-01 22:16:56,760 - INFO - composites.py:316 - Mosaic datasets to a single dataset
2025-09-01 22:17:05,175 - INFO - composites.py:329 - Scale SR to Sen2Cor Baseline 4.00 - Subtract 1000 in dates post 2022-01-25
2025-09-01 22:17:06,707 - INFO - composites.py:342 - Creating preview plot of input scenes
2025-09-01 22:17:39,816 - INFO - timeseries_processing.py:349 - Saved preview for 'B04' to //nas-rs.topo.auth.gr/Latomeia/DROUGHT/composites/x11/y12/2024/04/01/S2L2A_medcomp_x11y12_202404_InDataPreview.jpeg
2025-09-01 22:17:39,823 - INFO - composites.py:348 - Clip value range
2025-09-01 22:17:41,803 - INFO - composites.py:353 -                           
2025-09-01 22:17:41,803 - INFO - composites.py:354 - Computing spectral indices:
2025-09-01 22:17:41,803 - INFO - composites.py:357 -     EVI...
2025-09-01 22:17:43,090 - INFO - composites.py:359 -     NDVI...
2025-09-01 22:17:43,585 - INFO - composites.py:361 -     PSRI2...
2025-09-01 22:17:43,858 - INFO - composites.py:364 - Clip to typical value range
2025-09-01 22:17:44,198 - INFO - composites.py:371 - Reducing to median value temporal composite
2025-09-01 22:18:10,072 - INFO - composites.py:390 - Scale and Define data types & nodata per band
2025-09-01 22:18:10,200 - INFO - composites.py:411 - Assign time range and tile ID in metadata
2025-09-01 22:18:10,200 - INFO - composites.py:419 - Write bands to raster COG files
2025-09-01 22:18:14,444 - INFO - composites.py:432 - Write B02 -> //nas-rs.topo.auth.gr/Latomeia/DROUGHT/composites/x11/y12/2024/04/01/S2L2A_medcomp_x11y12_202404_B02.tif
2025-09-01 22:18:18,346 - INFO - composites.py:432 - Write B03 -> //nas-rs.topo.auth.gr/Latomeia/DROUGHT/composites/x11/y12/2024/04/01/S2L2A_medcomp_x11y12_202404_B03.tif
2025-09-01 22:18:22,236 - INFO - composites.py:432 - Write B04 -> //nas-rs.topo.auth.gr/Latomeia/DROUGHT/composites/x11/y12/2024/04/01/S2L2A_medcomp_x11y12_202404_B04.tif
2025-09-01 22:18:26,176 - INFO - composites.py:432 - Write B05 -> //nas-rs.topo.auth.gr/Latomeia/DROUGHT/composites/x11/y12/2024/04/01/S2L2A_medcomp_x11y12_202404_B05.tif
2025-09-01 22:18:30,164 - INFO - composites.py:432 - Write B07 -> //nas-rs.topo.auth.gr/Latomeia/DROUGHT/composites/x11/y12/2024/04/01/S2L2A_medcomp_x11y12_202404_B07.tif
2025-09-01 22:18:34,068 - INFO - composites.py:432 - Write B8A -> //nas-rs.topo.auth.gr/Latomeia/DROUGHT/composites/x11/y12/2024/04/01/S2L2A_medcomp_x11y12_202404_B8A.tif
2025-09-01 22:18:38,017 - INFO - composites.py:432 - Write EVI -> //nas-rs.topo.auth.gr/Latomeia/DROUGHT/composites/x11/y12/2024/04/01/S2L2A_medcomp_x11y12_202404_EVI.tif
2025-09-01 22:18:41,941 - INFO - composites.py:432 - Write NDVI -> //nas-rs.topo.auth.gr/Latomeia/DROUGHT/composites/x11/y12/2024/04/01/S2L2A_medcomp_x11y12_202404_NDVI.tif
2025-09-01 22:18:45,792 - INFO - composites.py:432 - Write PSRI2 -> //nas-rs.topo.auth.gr/Latomeia/DROUGHT/composites/x11/y12/2024/04/01/S2L2A_medcomp_x11y12_202404_PSRI2.tif
2025-09-01 22:18:45,806 - INFO - composites.py:436 - Prepare metadata YAML document
2025-09-01 22:18:46,356 - INFO - composites.py:458 - Write metadata YAML document to disk
2025-09-01 22:18:46,421 - INFO - composites.py:463 - Create datacube.model.Dataset from eo3 metadata
2025-09-01 22:18:46,431 - INFO - composites.py:476 - Index to datacube
2025-09-01 22:18:46,431 - INFO - _datasets.py:191 - Indexing c02dfc84-c5cd-4b1a-a74c-e4af9ab85048
2025-09-01 22:18:46,440 - INFO - composites.py:479 - 
2025-09-01 22:18:46,440 - INFO - composites.py:480 -              ✔✔✔ COMPLETED: Tile x11_y12 | Time: 2024-04 | In 9.82 minutes
2025-09-01 22:18:46,440 - INFO - composites.py:481 - 
2025-09-01 22:18:46,440 - INFO - composites.py:489 - Closing Dask client
2025-09-01 22:18:46,441 - INFO - composites.py:493 - Closing Dask cluster
2025-09-01 22:18:46,441 - INFO - composites.py:494 - #######################################################################
