2025-09-02 00:54:10,222 - INFO - composites.py:102 - #######################################################################
2025-09-02 00:54:10,222 - INFO - composites.py:104 - Processing started
2025-09-02 00:54:10,222 - INFO - composites.py:105 -         Tile: x12_y12
2025-09-02 00:54:10,222 - INFO - composites.py:106 -         Time: 2024-05
2025-09-02 00:54:10,222 - INFO - composites.py:109 -                           
2025-09-02 00:54:10,222 - INFO - composites.py:110 - Establishing connection to datacube
2025-09-02 00:54:10,842 - INFO - composites.py:113 -                           
2025-09-02 00:54:10,843 - INFO - composites.py:114 - Sanity test: Check if dataset already exists in the datacube
2025-09-02 00:54:10,865 - INFO - composites.py:133 - The composite requested was not found and it will be computed
2025-09-02 00:54:10,865 - INFO - composites.py:136 -                                  
2025-09-02 00:54:10,865 - INFO - composites.py:137 - Initializing Dask cluster for parallelization
2025-09-02 00:54:15,969 - INFO - composites.py:161 - Dask dashboard is available at: http://127.0.0.1:8787/status
2025-09-02 00:54:15,969 - INFO - composites.py:164 - Create directories and naming conversions
2025-09-02 00:54:15,979 - INFO - composites.py:177 - Dataset location: //nas-rs.topo.auth.gr/Latomeia/DROUGHT/composites/x12/y12/2024/05/01
2025-09-02 00:54:15,980 - INFO - composites.py:180 -                           
2025-09-02 00:54:15,980 - INFO - composites.py:181 - Retrieve tile geometry
2025-09-02 00:54:16,009 - INFO - composites.py:192 - Create the Bounding Box (φ,λ)
2025-09-02 00:54:16,009 - INFO - composites.py:198 - Create the Bounding Box (x,y)
2025-09-02 00:54:16,009 - INFO - composites.py:211 -                           
2025-09-02 00:54:16,009 - INFO - composites.py:212 - Connect to Planetary Computer STAC Catalog
2025-09-02 00:54:16,270 - INFO - composites.py:220 - Search the STAC Catalog
2025-09-02 00:54:16,339 - INFO - composites.py:232 -         Query parameters:
2025-09-02 00:54:16,354 - INFO - composites.py:233 -             url:          https://planetarycomputer.microsoft.com/api/stac/v1/search
2025-09-02 00:54:16,355 - INFO - composites.py:234 -             client:       microsoft-pc
2025-09-02 00:54:16,355 - INFO - composites.py:235 -             collection:   sentinel-2-l2a
2025-09-02 00:54:16,360 - INFO - composites.py:236 -             bbox:         (23.716312541714892, 38.42057868621947, 24.399215341225577, 38.9773418780241)
2025-09-02 00:54:16,360 - INFO - composites.py:237 -             time range:   2024-05-01T00:00:00Z/2024-05-31T23:59:59Z
2025-09-02 00:54:16,361 - INFO - composites.py:238 -             cloud cover:  0% - 70%
2025-09-02 00:54:16,361 - INFO - composites.py:239 -             nodata cover: 0% - 33%
2025-09-02 00:54:16,361 - INFO - composites.py:241 -                           
2025-09-02 00:54:16,361 - INFO - composites.py:242 - Searching...
2025-09-02 00:54:16,767 - INFO - composites.py:245 - Query found 12 items
2025-09-02 00:54:16,767 - INFO - composites.py:247 - Searching for GRI REFINED scenes:
2025-09-02 00:54:21,614 - INFO - sentinel2.py:78 - 1/12 - S2A_MSIL2A_20240529T090641_R050_T35SKD_20240529T162030 -> REFINED
2025-09-02 00:54:26,498 - INFO - sentinel2.py:78 - 2/12 - S2A_MSIL2A_20240529T090641_R050_T35SKC_20240529T162034 -> REFINED
2025-09-02 00:54:31,716 - INFO - sentinel2.py:78 - 3/12 - S2A_MSIL2A_20240529T090641_R050_T34SGJ_20240529T162032 -> REFINED
2025-09-02 00:54:35,829 - INFO - sentinel2.py:78 - 4/12 - S2A_MSIL2A_20240529T090641_R050_T34SGH_20240529T162035 -> REFINED
2025-09-02 00:54:39,834 - INFO - sentinel2.py:78 - 5/12 - S2B_MSIL2A_20240524T090559_R050_T35SKD_20240524T131208 -> REFINED
2025-09-02 00:54:45,092 - INFO - sentinel2.py:78 - 6/12 - S2B_MSIL2A_20240524T090559_R050_T35SKC_20240524T131211 -> REFINED
2025-09-02 00:54:50,322 - INFO - sentinel2.py:78 - 7/12 - S2B_MSIL2A_20240524T090559_R050_T34SGJ_20240524T131210 -> REFINED
2025-09-02 00:54:56,001 - INFO - sentinel2.py:78 - 8/12 - S2B_MSIL2A_20240524T090559_R050_T34SGH_20240524T131213 -> REFINED
2025-09-02 00:55:01,182 - INFO - sentinel2.py:78 - 9/12 - S2A_MSIL2A_20240519T090601_R050_T35SKD_20240519T160848 -> REFINED
2025-09-02 00:55:06,782 - INFO - sentinel2.py:78 - 10/12 - S2A_MSIL2A_20240519T090601_R050_T35SKC_20240519T160851 -> REFINED
2025-09-02 00:55:11,390 - INFO - sentinel2.py:78 - 11/12 - S2A_MSIL2A_20240519T090601_R050_T34SGJ_20240519T160847 -> REFINED
2025-09-02 00:55:15,296 - INFO - sentinel2.py:78 - 12/12 - S2A_MSIL2A_20240519T090601_R050_T34SGH_20240519T160851 -> REFINED
2025-09-02 00:55:15,329 - INFO - composites.py:250 -                                  
2025-09-02 00:55:15,340 - INFO - composites.py:251 - 12/12 were refined by GRI.
2025-09-02 00:55:15,356 - INFO - composites.py:263 - Looking for up to 10 cleanest images within spatiotemporal range of each MGRS tile
2025-09-02 00:55:15,357 - INFO - composites.py:277 - Filtered cleanest scenes: Kept 12 out of 12 items. 
2025-09-02 00:55:15,363 - INFO - composites.py:278 -         Included MGRS Tiles: ['34SGH' '34SGJ' '35SKC' '35SKD']
2025-09-02 00:55:15,363 - INFO - composites.py:279 -         Included EPSG codes: [32634 32635]
2025-09-02 00:55:15,364 - INFO - composites.py:281 - Selected scenes:
2025-09-02 00:55:15,364 - INFO - composites.py:283 -         S2A_MSIL2A_20240519T090601_R050_T34SGH_20240519T160851
2025-09-02 00:55:15,365 - INFO - composites.py:283 -         S2A_MSIL2A_20240529T090641_R050_T34SGH_20240529T162035
2025-09-02 00:55:15,365 - INFO - composites.py:283 -         S2B_MSIL2A_20240524T090559_R050_T34SGH_20240524T131213
2025-09-02 00:55:15,365 - INFO - composites.py:283 -         S2B_MSIL2A_20240524T090559_R050_T34SGJ_20240524T131210
2025-09-02 00:55:15,365 - INFO - composites.py:283 -         S2A_MSIL2A_20240519T090601_R050_T34SGJ_20240519T160847
2025-09-02 00:55:15,365 - INFO - composites.py:283 -         S2A_MSIL2A_20240529T090641_R050_T34SGJ_20240529T162032
2025-09-02 00:55:15,365 - INFO - composites.py:283 -         S2A_MSIL2A_20240519T090601_R050_T35SKC_20240519T160851
2025-09-02 00:55:15,365 - INFO - composites.py:283 -         S2B_MSIL2A_20240524T090559_R050_T35SKC_20240524T131211
2025-09-02 00:55:15,365 - INFO - composites.py:283 -         S2A_MSIL2A_20240529T090641_R050_T35SKC_20240529T162034
2025-09-02 00:55:15,365 - INFO - composites.py:283 -         S2B_MSIL2A_20240524T090559_R050_T35SKD_20240524T131208
2025-09-02 00:55:15,365 - INFO - composites.py:283 -         S2A_MSIL2A_20240519T090601_R050_T35SKD_20240519T160848
2025-09-02 00:55:15,365 - INFO - composites.py:283 -         S2A_MSIL2A_20240529T090641_R050_T35SKD_20240529T162030
2025-09-02 00:55:15,730 - INFO - sentinel2.py:154 - Matplotlib backend: Agg
2025-09-02 00:55:15,993 - INFO - sentinel2.py:224 - Write input scenes footprint overlay: //nas-rs.topo.auth.gr/Latomeia/DROUGHT/composites/x12/y12/2024/05/01/S2L2A_medcomp_x12y12_202405_InDataFootprint.jpeg
2025-09-02 00:55:16,314 - INFO - composites.py:297 -                                  
2025-09-02 00:55:16,314 - INFO - composites.py:298 - Downstream STAC items from Planetary Computer
2025-09-02 00:55:16,314 - INFO - timeseries_processing.py:115 -                                  
2025-09-02 00:55:16,314 - INFO - timeseries_processing.py:116 - Loading bands of diferent resolutions in EPSG:32634
2025-09-02 00:55:16,314 - INFO - timeseries_processing.py:120 -     Filtering items with native UTM EPSG:32634
2025-09-02 00:55:16,314 - INFO - timeseries_processing.py:122 -     6 Items in EPSG:32634
2025-09-02 00:55:16,315 - INFO - timeseries_processing.py:129 -                        
2025-09-02 00:55:16,315 - INFO - timeseries_processing.py:130 -     Loading parameters:
2025-09-02 00:55:16,315 - INFO - timeseries_processing.py:131 -         Bands: ['B05', 'B07', 'B8A', 'SCL']
2025-09-02 00:55:16,315 - INFO - timeseries_processing.py:132 -         Spatial resolution: 20
2025-09-02 00:55:16,315 - INFO - timeseries_processing.py:134 -         Get Assets from STAC Items
2025-09-02 00:55:16,315 - INFO - timeseries_processing.py:47 -         Initialize the STAC client
2025-09-02 00:55:16,842 - INFO - timeseries_processing.py:137 -         Loading 6 STAC Items....
2025-09-02 00:56:00,533 - INFO - timeseries_processing.py:146 -         Cube has been downloaded
2025-09-02 00:56:00,533 - INFO - timeseries_processing.py:156 -         Fix order of dimensions
2025-09-02 00:56:00,534 - INFO - timeseries_processing.py:161 -         Append bands to the band-list of EPSG:32634
2025-09-02 00:56:00,534 - INFO - timeseries_processing.py:129 -                        
2025-09-02 00:56:00,534 - INFO - timeseries_processing.py:130 -     Loading parameters:
2025-09-02 00:56:00,534 - INFO - timeseries_processing.py:131 -         Bands: ['B02', 'B03', 'B04']
2025-09-02 00:56:00,534 - INFO - timeseries_processing.py:132 -         Spatial resolution: 10
2025-09-02 00:56:00,534 - INFO - timeseries_processing.py:134 -         Get Assets from STAC Items
2025-09-02 00:56:00,534 - INFO - timeseries_processing.py:47 -         Initialize the STAC client
2025-09-02 00:56:01,050 - INFO - timeseries_processing.py:137 -         Loading 6 STAC Items....
2025-09-02 00:57:27,162 - INFO - timeseries_processing.py:146 -         Cube has been downloaded
2025-09-02 00:57:27,162 - INFO - timeseries_processing.py:149 -         Reproject to downsample 10m bands to 20m by Resampling.average 2x2 binning and shape matching with odc.geo.GeoBox
2025-09-02 00:57:32,157 - INFO - timeseries_processing.py:161 -         Append bands to the band-list of EPSG:32634
2025-09-02 00:57:32,157 - INFO - timeseries_processing.py:165 -                        
2025-09-02 00:57:32,157 - INFO - timeseries_processing.py:166 -     Merging bands in a single dataset
2025-09-02 00:57:32,157 - INFO - timeseries_processing.py:167 -     Ensure all partial datasets are at (x=20, y=-20) resolution
2025-09-02 00:57:32,157 - INFO - timeseries_processing.py:171 -     Clip to the intersection of indexes
2025-09-02 00:57:33,330 - INFO - timeseries_processing.py:180 -     Make a list of bands to merge
2025-09-02 00:57:33,342 - INFO - timeseries_processing.py:184 -     Merge on intersection
2025-09-02 00:57:33,355 - INFO - timeseries_processing.py:192 -     Apply masks on clouds, shadows, thin cirrus, and snow/ice
2025-09-02 00:57:33,355 - INFO - sentinel2.py:122 -                Masking bits: [3, 7, 8, 9, 10, 11]
2025-09-02 00:57:33,761 - INFO - timeseries_processing.py:115 -                                  
2025-09-02 00:57:33,761 - INFO - timeseries_processing.py:116 - Loading bands of diferent resolutions in EPSG:32635
2025-09-02 00:57:33,761 - INFO - timeseries_processing.py:120 -     Filtering items with native UTM EPSG:32635
2025-09-02 00:57:33,761 - INFO - timeseries_processing.py:122 -     6 Items in EPSG:32635
2025-09-02 00:57:33,761 - INFO - timeseries_processing.py:129 -                        
2025-09-02 00:57:33,761 - INFO - timeseries_processing.py:130 -     Loading parameters:
2025-09-02 00:57:33,761 - INFO - timeseries_processing.py:131 -         Bands: ['B05', 'B07', 'B8A', 'SCL']
2025-09-02 00:57:33,761 - INFO - timeseries_processing.py:132 -         Spatial resolution: 20
2025-09-02 00:57:33,761 - INFO - timeseries_processing.py:134 -         Get Assets from STAC Items
2025-09-02 00:57:33,762 - INFO - timeseries_processing.py:47 -         Initialize the STAC client
2025-09-02 00:57:34,241 - INFO - timeseries_processing.py:137 -         Loading 6 STAC Items....
2025-09-02 00:58:13,092 - INFO - timeseries_processing.py:146 -         Cube has been downloaded
2025-09-02 00:58:13,093 - INFO - timeseries_processing.py:156 -         Fix order of dimensions
2025-09-02 00:58:13,095 - INFO - timeseries_processing.py:161 -         Append bands to the band-list of EPSG:32635
2025-09-02 00:58:13,095 - INFO - timeseries_processing.py:129 -                        
2025-09-02 00:58:13,095 - INFO - timeseries_processing.py:130 -     Loading parameters:
2025-09-02 00:58:13,095 - INFO - timeseries_processing.py:131 -         Bands: ['B02', 'B03', 'B04']
2025-09-02 00:58:13,095 - INFO - timeseries_processing.py:132 -         Spatial resolution: 10
2025-09-02 00:58:13,095 - INFO - timeseries_processing.py:134 -         Get Assets from STAC Items
2025-09-02 00:58:13,095 - INFO - timeseries_processing.py:47 -         Initialize the STAC client
2025-09-02 00:58:13,619 - INFO - timeseries_processing.py:137 -         Loading 6 STAC Items....
2025-09-02 00:59:38,937 - INFO - timeseries_processing.py:146 -         Cube has been downloaded
2025-09-02 00:59:38,938 - INFO - timeseries_processing.py:149 -         Reproject to downsample 10m bands to 20m by Resampling.average 2x2 binning and shape matching with odc.geo.GeoBox
2025-09-02 00:59:43,789 - INFO - timeseries_processing.py:161 -         Append bands to the band-list of EPSG:32635
2025-09-02 00:59:43,789 - INFO - timeseries_processing.py:165 -                        
2025-09-02 00:59:43,789 - INFO - timeseries_processing.py:166 -     Merging bands in a single dataset
2025-09-02 00:59:43,790 - INFO - timeseries_processing.py:167 -     Ensure all partial datasets are at (x=20, y=-20) resolution
2025-09-02 00:59:43,790 - INFO - timeseries_processing.py:171 -     Clip to the intersection of indexes
2025-09-02 00:59:43,793 - INFO - timeseries_processing.py:180 -     Make a list of bands to merge
2025-09-02 00:59:43,794 - INFO - timeseries_processing.py:184 -     Merge on intersection
2025-09-02 00:59:43,796 - INFO - timeseries_processing.py:192 -     Apply masks on clouds, shadows, thin cirrus, and snow/ice
2025-09-02 00:59:43,796 - INFO - sentinel2.py:122 -                Masking bits: [3, 7, 8, 9, 10, 11]
2025-09-02 00:59:44,199 - INFO - composites.py:307 - Reproject from UTM Zone to Tile geometry -> CRS(EPSG:32635), Resampling.bilinear
2025-09-02 00:59:48,323 - INFO - composites.py:310 -     New shape of datasets: Shape2d(x=2400, y=2400)
2025-09-02 00:59:48,569 - INFO - composites.py:315 -                           
2025-09-02 00:59:48,569 - INFO - composites.py:316 - Mosaic datasets to a single dataset
2025-09-02 00:59:51,197 - INFO - composites.py:329 - Scale SR to Sen2Cor Baseline 4.00 - Subtract 1000 in dates post 2022-01-25
2025-09-02 00:59:51,695 - INFO - composites.py:342 - Creating preview plot of input scenes
2025-09-02 01:00:10,808 - INFO - timeseries_processing.py:349 - Saved preview for 'B04' to //nas-rs.topo.auth.gr/Latomeia/DROUGHT/composites/x12/y12/2024/05/01/S2L2A_medcomp_x12y12_202405_InDataPreview.jpeg
2025-09-02 01:00:10,810 - INFO - composites.py:348 - Clip value range
2025-09-02 01:00:11,427 - INFO - composites.py:353 -                           
2025-09-02 01:00:11,427 - INFO - composites.py:354 - Computing spectral indices:
2025-09-02 01:00:11,427 - INFO - composites.py:357 -     EVI...
2025-09-02 01:00:11,821 - INFO - composites.py:359 -     NDVI...
2025-09-02 01:00:11,940 - INFO - composites.py:361 -     PSRI2...
2025-09-02 01:00:12,028 - INFO - composites.py:364 - Clip to typical value range
2025-09-02 01:00:12,136 - INFO - composites.py:371 - Reducing to median value temporal composite
2025-09-02 01:00:37,155 - INFO - composites.py:390 - Scale and Define data types & nodata per band
2025-09-02 01:00:37,257 - INFO - composites.py:411 - Assign time range and tile ID in metadata
2025-09-02 01:00:37,257 - INFO - composites.py:419 - Write bands to raster COG files
2025-09-02 01:00:41,512 - INFO - composites.py:432 - Write B02 -> //nas-rs.topo.auth.gr/Latomeia/DROUGHT/composites/x12/y12/2024/05/01/S2L2A_medcomp_x12y12_202405_B02.tif
2025-09-02 01:00:45,870 - INFO - composites.py:432 - Write B03 -> //nas-rs.topo.auth.gr/Latomeia/DROUGHT/composites/x12/y12/2024/05/01/S2L2A_medcomp_x12y12_202405_B03.tif
2025-09-02 01:00:50,406 - INFO - composites.py:432 - Write B04 -> //nas-rs.topo.auth.gr/Latomeia/DROUGHT/composites/x12/y12/2024/05/01/S2L2A_medcomp_x12y12_202405_B04.tif
2025-09-02 01:00:54,258 - INFO - composites.py:432 - Write B05 -> //nas-rs.topo.auth.gr/Latomeia/DROUGHT/composites/x12/y12/2024/05/01/S2L2A_medcomp_x12y12_202405_B05.tif
2025-09-02 01:00:58,151 - INFO - composites.py:432 - Write B07 -> //nas-rs.topo.auth.gr/Latomeia/DROUGHT/composites/x12/y12/2024/05/01/S2L2A_medcomp_x12y12_202405_B07.tif
2025-09-02 01:01:02,092 - INFO - composites.py:432 - Write B8A -> //nas-rs.topo.auth.gr/Latomeia/DROUGHT/composites/x12/y12/2024/05/01/S2L2A_medcomp_x12y12_202405_B8A.tif
2025-09-02 01:01:05,918 - INFO - composites.py:432 - Write EVI -> //nas-rs.topo.auth.gr/Latomeia/DROUGHT/composites/x12/y12/2024/05/01/S2L2A_medcomp_x12y12_202405_EVI.tif
2025-09-02 01:01:09,921 - INFO - composites.py:432 - Write NDVI -> //nas-rs.topo.auth.gr/Latomeia/DROUGHT/composites/x12/y12/2024/05/01/S2L2A_medcomp_x12y12_202405_NDVI.tif
2025-09-02 01:01:14,124 - INFO - composites.py:432 - Write PSRI2 -> //nas-rs.topo.auth.gr/Latomeia/DROUGHT/composites/x12/y12/2024/05/01/S2L2A_medcomp_x12y12_202405_PSRI2.tif
2025-09-02 01:01:14,134 - INFO - composites.py:436 - Prepare metadata YAML document
2025-09-02 01:01:14,744 - INFO - composites.py:458 - Write metadata YAML document to disk
2025-09-02 01:01:14,790 - INFO - composites.py:463 - Create datacube.model.Dataset from eo3 metadata
2025-09-02 01:01:14,801 - INFO - composites.py:476 - Index to datacube
2025-09-02 01:01:14,802 - INFO - _datasets.py:191 - Indexing bd5171a4-4a50-4268-971d-d400fcea5ab5
2025-09-02 01:01:14,811 - INFO - composites.py:479 - 
2025-09-02 01:01:14,811 - INFO - composites.py:480 -              ✔✔✔ COMPLETED: Tile x12_y12 | Time: 2024-05 | In 7.08 minutes
2025-09-02 01:01:14,811 - INFO - composites.py:481 - 
2025-09-02 01:01:14,811 - INFO - composites.py:489 - Closing Dask client
2025-09-02 01:01:14,813 - INFO - composites.py:493 - Closing Dask cluster
2025-09-02 01:01:14,813 - INFO - composites.py:494 - #######################################################################
