2025-11-30 19:24:21,472 - INFO - composites.py:102 - #######################################################################
2025-11-30 19:24:21,472 - INFO - composites.py:104 - Processing started
2025-11-30 19:24:21,472 - INFO - composites.py:105 -         Tile: x07_y11
2025-11-30 19:24:21,472 - INFO - composites.py:106 -         Time: 2021-09
2025-11-30 19:24:21,472 - INFO - composites.py:109 -                           
2025-11-30 19:24:21,472 - INFO - composites.py:110 - Establishing connection to datacube
2025-11-30 19:24:22,014 - INFO - composites.py:113 -                           
2025-11-30 19:24:22,014 - INFO - composites.py:114 - Sanity test: Check if dataset already exists in the datacube
2025-11-30 19:24:22,043 - INFO - composites.py:133 - The composite requested was not found and it will be computed
2025-11-30 19:24:22,043 - INFO - composites.py:136 -                                  
2025-11-30 19:24:22,043 - INFO - composites.py:137 - Initializing Dask cluster for parallelization
2025-11-30 19:24:27,129 - INFO - composites.py:161 - Dask dashboard is available at: http://127.0.0.1:8787/status
2025-11-30 19:24:27,129 - INFO - composites.py:164 - Create directories and naming conversions
2025-11-30 19:24:27,143 - INFO - composites.py:177 - Dataset location: //nas-rs.topo.auth.gr/Latomeia/DROUGHT/composites/x07/y11/2021/09/01
2025-11-30 19:24:27,143 - INFO - composites.py:180 -                           
2025-11-30 19:24:27,143 - INFO - composites.py:181 - Retrieve tile geometry
2025-11-30 19:24:27,184 - INFO - composites.py:192 - Create the Bounding Box (φ,λ)
2025-11-30 19:24:27,184 - INFO - composites.py:198 - Create the Bounding Box (x,y)
2025-11-30 19:24:27,185 - INFO - composites.py:211 -                           
2025-11-30 19:24:27,185 - INFO - composites.py:212 - Connect to Planetary Computer STAC Catalog
2025-11-30 19:24:27,794 - INFO - composites.py:220 - Search the STAC Catalog
2025-11-30 19:24:27,864 - INFO - composites.py:232 -         Query parameters:
2025-11-30 19:24:27,864 - INFO - composites.py:233 -             url:          https://planetarycomputer.microsoft.com/api/stac/v1/search
2025-11-30 19:24:27,864 - INFO - composites.py:234 -             client:       microsoft-pc
2025-11-30 19:24:27,864 - INFO - composites.py:235 -             collection:   sentinel-2-l2a
2025-11-30 19:24:27,864 - INFO - composites.py:236 -             bbox:         (20.928573606105775, 38.35819969704171, 21.59502923200265, 38.902149455513275)
2025-11-30 19:24:27,864 - INFO - composites.py:237 -             time range:   2021-09-01T00:00:00Z/2021-09-30T23:59:59Z
2025-11-30 19:24:27,864 - INFO - composites.py:238 -             cloud cover:  0% - 70%
2025-11-30 19:24:27,864 - INFO - composites.py:239 -             nodata cover: 0% - 33%
2025-11-30 19:24:27,864 - INFO - composites.py:241 -                           
2025-11-30 19:24:27,864 - INFO - composites.py:242 - Searching...
2025-11-30 19:24:28,386 - INFO - composites.py:245 - Query found 28 items
2025-11-30 19:24:28,386 - INFO - composites.py:247 - Searching for GRI REFINED scenes:
2025-11-30 19:24:34,579 - INFO - sentinel2.py:78 - 1/28 - S2B_MSIL2A_20210930T092029_R093_T34SEH_20211001T212544 -> REFINED
2025-11-30 19:24:40,125 - INFO - sentinel2.py:78 - 2/28 - S2B_MSIL2A_20210930T092029_R093_T34SDH_20211001T222156 -> REFINED
2025-11-30 19:24:46,335 - INFO - sentinel2.py:78 - 3/28 - S2A_MSIL2A_20210928T093041_R136_T34SDJ_20210929T024249 -> REFINED
2025-11-30 19:24:52,317 - INFO - sentinel2.py:78 - 4/28 - S2A_MSIL2A_20210928T093041_R136_T34SDH_20210929T003340 -> REFINED
2025-11-30 19:24:58,041 - INFO - sentinel2.py:78 - 5/28 - S2A_MSIL2A_20210925T092031_R093_T34SEJ_20210926T113612 -> REFINED
2025-11-30 19:25:03,345 - INFO - sentinel2.py:78 - 6/28 - S2A_MSIL2A_20210925T092031_R093_T34SEH_20210926T102103 -> REFINED
2025-11-30 19:25:09,562 - INFO - sentinel2.py:78 - 7/28 - S2A_MSIL2A_20210925T092031_R093_T34SDH_20210926T095511 -> REFINED
2025-11-30 19:25:15,599 - INFO - sentinel2.py:78 - 8/28 - S2B_MSIL2A_20210923T093029_R136_T34SDJ_20210924T023908 -> REFINED
2025-11-30 19:25:20,718 - INFO - sentinel2.py:78 - 9/28 - S2B_MSIL2A_20210923T093029_R136_T34SDH_20210924T041321 -> REFINED
2025-11-30 19:25:26,429 - INFO - sentinel2.py:78 - 10/28 - S2B_MSIL2A_20210920T092029_R093_T34SEJ_20210920T232802 -> REFINED
2025-11-30 19:25:32,510 - INFO - sentinel2.py:78 - 11/28 - S2B_MSIL2A_20210920T092029_R093_T34SEH_20210920T214118 -> REFINED
2025-11-30 19:25:38,842 - INFO - sentinel2.py:78 - 12/28 - S2B_MSIL2A_20210920T092029_R093_T34SDH_20210920T211522 -> REFINED
2025-11-30 19:25:44,189 - INFO - sentinel2.py:78 - 13/28 - S2A_MSIL2A_20210918T093041_R136_T34SDJ_20210918T202530 -> REFINED
2025-11-30 19:25:50,158 - INFO - sentinel2.py:78 - 14/28 - S2A_MSIL2A_20210918T093041_R136_T34SDH_20210918T214628 -> REFINED
2025-11-30 19:25:55,964 - INFO - sentinel2.py:78 - 15/28 - S2A_MSIL2A_20210915T092031_R093_T34SEJ_20210915T204337 -> REFINED
2025-11-30 19:26:01,906 - INFO - sentinel2.py:78 - 16/28 - S2A_MSIL2A_20210915T092031_R093_T34SEH_20210915T205825 -> REFINED
2025-11-30 19:26:07,598 - INFO - sentinel2.py:78 - 17/28 - S2A_MSIL2A_20210915T092031_R093_T34SDH_20210915T210454 -> REFINED
2025-11-30 19:26:13,548 - INFO - sentinel2.py:78 - 18/28 - S2B_MSIL2A_20210913T093029_R136_T34SDJ_20210914T000438 -> REFINED
2025-11-30 19:26:18,903 - INFO - sentinel2.py:78 - 19/28 - S2B_MSIL2A_20210913T093029_R136_T34SDH_20210914T014931 -> REFINED
2025-11-30 19:26:24,427 - INFO - sentinel2.py:78 - 20/28 - S2B_MSIL2A_20210910T092029_R093_T34SEJ_20210910T213029 -> REFINED
2025-11-30 19:26:30,655 - INFO - sentinel2.py:78 - 21/28 - S2B_MSIL2A_20210910T092029_R093_T34SEH_20210910T213507 -> REFINED
2025-11-30 19:26:36,789 - INFO - sentinel2.py:78 - 22/28 - S2B_MSIL2A_20210910T092029_R093_T34SDH_20210910T195454 -> REFINED
2025-11-30 19:26:42,626 - INFO - sentinel2.py:78 - 23/28 - S2A_MSIL2A_20210908T093031_R136_T34SDH_20210908T223832 -> REFINED
2025-11-30 19:26:47,362 - INFO - sentinel2.py:78 - 24/28 - S2A_MSIL2A_20210905T092031_R093_T34SEJ_20210905T185045 -> REFINED
2025-11-30 19:26:53,369 - INFO - sentinel2.py:78 - 25/28 - S2A_MSIL2A_20210905T092031_R093_T34SEH_20210905T174755 -> REFINED
2025-11-30 19:26:58,873 - INFO - sentinel2.py:78 - 26/28 - S2A_MSIL2A_20210905T092031_R093_T34SDH_20210905T163110 -> REFINED
2025-11-30 19:27:04,836 - INFO - sentinel2.py:78 - 27/28 - S2B_MSIL2A_20210903T093029_R136_T34SDJ_20210903T181825 -> REFINED
2025-11-30 19:27:10,013 - INFO - sentinel2.py:78 - 28/28 - S2B_MSIL2A_20210903T093029_R136_T34SDH_20210903T174133 -> REFINED
2025-11-30 19:27:10,052 - INFO - composites.py:250 -                                  
2025-11-30 19:27:10,053 - INFO - composites.py:251 - 28/28 were refined by GRI.
2025-11-30 19:27:10,053 - INFO - composites.py:263 - Looking for up to 7 cleanest images within spatiotemporal range of each MGRS tile
2025-11-30 19:27:10,054 - INFO - composites.py:277 - Filtered cleanest scenes: Kept 23 out of 28 items. 
2025-11-30 19:27:10,054 - INFO - composites.py:278 -         Included MGRS Tiles: ['34SDH' '34SDJ' '34SEH' '34SEJ']
2025-11-30 19:27:10,054 - INFO - composites.py:279 -         Included EPSG codes: [32634]
2025-11-30 19:27:10,054 - INFO - composites.py:281 - Selected scenes:
2025-11-30 19:27:10,054 - INFO - composites.py:283 -         S2B_MSIL2A_20210903T093029_R136_T34SDH_20210903T174133
2025-11-30 19:27:10,054 - INFO - composites.py:283 -         S2A_MSIL2A_20210915T092031_R093_T34SDH_20210915T210454
2025-11-30 19:27:10,054 - INFO - composites.py:283 -         S2A_MSIL2A_20210925T092031_R093_T34SDH_20210926T095511
2025-11-30 19:27:10,064 - INFO - composites.py:283 -         S2B_MSIL2A_20210923T093029_R136_T34SDH_20210924T041321
2025-11-30 19:27:10,083 - INFO - composites.py:283 -         S2B_MSIL2A_20210910T092029_R093_T34SDH_20210910T195454
2025-11-30 19:27:10,088 - INFO - composites.py:283 -         S2B_MSIL2A_20210920T092029_R093_T34SDH_20210920T211522
2025-11-30 19:27:10,088 - INFO - composites.py:283 -         S2A_MSIL2A_20210908T093031_R136_T34SDH_20210908T223832
2025-11-30 19:27:10,089 - INFO - composites.py:283 -         S2B_MSIL2A_20210923T093029_R136_T34SDJ_20210924T023908
2025-11-30 19:27:10,089 - INFO - composites.py:283 -         S2B_MSIL2A_20210903T093029_R136_T34SDJ_20210903T181825
2025-11-30 19:27:10,089 - INFO - composites.py:283 -         S2A_MSIL2A_20210918T093041_R136_T34SDJ_20210918T202530
2025-11-30 19:27:10,094 - INFO - composites.py:283 -         S2A_MSIL2A_20210928T093041_R136_T34SDJ_20210929T024249
2025-11-30 19:27:10,094 - INFO - composites.py:283 -         S2B_MSIL2A_20210913T093029_R136_T34SDJ_20210914T000438
2025-11-30 19:27:10,094 - INFO - composites.py:283 -         S2A_MSIL2A_20210925T092031_R093_T34SEH_20210926T102103
2025-11-30 19:27:10,094 - INFO - composites.py:283 -         S2A_MSIL2A_20210915T092031_R093_T34SEH_20210915T205825
2025-11-30 19:27:10,094 - INFO - composites.py:283 -         S2B_MSIL2A_20210920T092029_R093_T34SEH_20210920T214118
2025-11-30 19:27:10,094 - INFO - composites.py:283 -         S2B_MSIL2A_20210910T092029_R093_T34SEH_20210910T213507
2025-11-30 19:27:10,094 - INFO - composites.py:283 -         S2B_MSIL2A_20210930T092029_R093_T34SEH_20211001T212544
2025-11-30 19:27:10,094 - INFO - composites.py:283 -         S2A_MSIL2A_20210905T092031_R093_T34SEH_20210905T174755
2025-11-30 19:27:10,094 - INFO - composites.py:283 -         S2A_MSIL2A_20210925T092031_R093_T34SEJ_20210926T113612
2025-11-30 19:27:10,094 - INFO - composites.py:283 -         S2A_MSIL2A_20210915T092031_R093_T34SEJ_20210915T204337
2025-11-30 19:27:10,094 - INFO - composites.py:283 -         S2B_MSIL2A_20210910T092029_R093_T34SEJ_20210910T213029
2025-11-30 19:27:10,094 - INFO - composites.py:283 -         S2B_MSIL2A_20210920T092029_R093_T34SEJ_20210920T232802
2025-11-30 19:27:10,094 - INFO - composites.py:283 -         S2A_MSIL2A_20210905T092031_R093_T34SEJ_20210905T185045
2025-11-30 19:27:10,568 - INFO - sentinel2.py:154 - Matplotlib backend: Agg
2025-11-30 19:27:10,800 - INFO - sentinel2.py:224 - Write input scenes footprint overlay: //nas-rs.topo.auth.gr/Latomeia/DROUGHT/composites/x07/y11/2021/09/01/S2L2A_medcomp_x07y11_202109_InDataFootprint.jpeg
2025-11-30 19:27:11,023 - INFO - composites.py:297 -                                  
2025-11-30 19:27:11,023 - INFO - composites.py:298 - Downstream STAC items from Planetary Computer
2025-11-30 19:27:11,023 - INFO - timeseries_processing.py:115 -                                  
2025-11-30 19:27:11,023 - INFO - timeseries_processing.py:116 - Loading bands of diferent resolutions in EPSG:32634
2025-11-30 19:27:11,023 - INFO - timeseries_processing.py:120 -     Filtering items with native UTM EPSG:32634
2025-11-30 19:27:11,023 - INFO - timeseries_processing.py:122 -     23 Items in EPSG:32634
2025-11-30 19:27:11,023 - INFO - timeseries_processing.py:129 -                        
2025-11-30 19:27:11,023 - INFO - timeseries_processing.py:130 -     Loading parameters:
2025-11-30 19:27:11,023 - INFO - timeseries_processing.py:131 -         Bands: ['B05', 'B07', 'B8A', 'SCL']
2025-11-30 19:27:11,023 - INFO - timeseries_processing.py:132 -         Spatial resolution: 20
2025-11-30 19:27:11,023 - INFO - timeseries_processing.py:134 -         Get Assets from STAC Items
2025-11-30 19:27:11,023 - INFO - timeseries_processing.py:47 -         Initialize the STAC client
2025-11-30 19:27:11,802 - INFO - timeseries_processing.py:137 -         Loading 23 STAC Items....
2025-11-30 19:28:43,853 - INFO - timeseries_processing.py:146 -         Cube has been downloaded
2025-11-30 19:28:43,853 - INFO - timeseries_processing.py:156 -         Fix order of dimensions
2025-11-30 19:28:43,855 - INFO - timeseries_processing.py:161 -         Append bands to the band-list of EPSG:32634
2025-11-30 19:28:43,858 - INFO - timeseries_processing.py:129 -                        
2025-11-30 19:28:43,858 - INFO - timeseries_processing.py:130 -     Loading parameters:
2025-11-30 19:28:43,858 - INFO - timeseries_processing.py:131 -         Bands: ['B02', 'B03', 'B04']
2025-11-30 19:28:43,858 - INFO - timeseries_processing.py:132 -         Spatial resolution: 10
2025-11-30 19:28:43,858 - INFO - timeseries_processing.py:134 -         Get Assets from STAC Items
2025-11-30 19:28:43,858 - INFO - timeseries_processing.py:47 -         Initialize the STAC client
2025-11-30 19:28:44,594 - INFO - timeseries_processing.py:137 -         Loading 23 STAC Items....
2025-11-30 19:32:22,013 - INFO - timeseries_processing.py:146 -         Cube has been downloaded
2025-11-30 19:32:22,021 - INFO - timeseries_processing.py:149 -         Reproject to downsample 10m bands to 20m by Resampling.average 2x2 binning and shape matching with odc.geo.GeoBox
2025-11-30 19:32:37,629 - INFO - timeseries_processing.py:161 -         Append bands to the band-list of EPSG:32634
2025-11-30 19:32:37,629 - INFO - timeseries_processing.py:165 -                        
2025-11-30 19:32:37,629 - INFO - timeseries_processing.py:166 -     Merging bands in a single dataset
2025-11-30 19:32:37,629 - INFO - timeseries_processing.py:167 -     Ensure all partial datasets are at (x=20, y=-20) resolution
2025-11-30 19:32:37,630 - INFO - timeseries_processing.py:171 -     Clip to the intersection of indexes
2025-11-30 19:32:38,659 - INFO - timeseries_processing.py:180 -     Make a list of bands to merge
2025-11-30 19:32:38,660 - INFO - timeseries_processing.py:184 -     Merge on intersection
2025-11-30 19:32:38,660 - INFO - timeseries_processing.py:192 -     Apply masks on clouds, shadows, thin cirrus, and snow/ice
2025-11-30 19:32:38,660 - INFO - sentinel2.py:122 -                Masking bits: [3, 7, 8, 9, 10, 11]
2025-11-30 19:32:40,059 - INFO - composites.py:307 - Reproject from UTM Zone to Tile geometry -> CRS(EPSG:32634), Resampling.bilinear
2025-11-30 19:32:48,052 - INFO - composites.py:310 -     New shape of datasets: Shape2d(x=2400, y=2400)
2025-11-30 19:32:48,982 - INFO - composites.py:342 - Creating preview plot of input scenes
2025-11-30 19:33:25,838 - INFO - timeseries_processing.py:349 - Saved preview for 'B04' to //nas-rs.topo.auth.gr/Latomeia/DROUGHT/composites/x07/y11/2021/09/01/S2L2A_medcomp_x07y11_202109_InDataPreview.jpeg
2025-11-30 19:33:25,846 - INFO - composites.py:348 - Clip value range
2025-11-30 19:33:28,174 - INFO - composites.py:353 -                           
2025-11-30 19:33:28,174 - INFO - composites.py:354 - Computing spectral indices:
2025-11-30 19:33:28,174 - INFO - composites.py:357 -     EVI...
2025-11-30 19:33:29,681 - INFO - composites.py:359 -     NDVI...
2025-11-30 19:33:30,246 - INFO - composites.py:361 -     PSRI2...
2025-11-30 19:33:30,624 - INFO - composites.py:364 - Clip to typical value range
2025-11-30 19:33:31,094 - INFO - composites.py:371 - Reducing to median value temporal composite
2025-11-30 19:33:58,863 - INFO - composites.py:390 - Scale and Define data types & nodata per band
2025-11-30 19:33:58,983 - INFO - composites.py:411 - Assign time range and tile ID in metadata
2025-11-30 19:33:58,983 - INFO - composites.py:419 - Write bands to raster COG files
2025-11-30 19:34:02,932 - INFO - composites.py:432 - Write B02 -> //nas-rs.topo.auth.gr/Latomeia/DROUGHT/composites/x07/y11/2021/09/01/S2L2A_medcomp_x07y11_202109_B02.tif
2025-11-30 19:34:06,861 - INFO - composites.py:432 - Write B03 -> //nas-rs.topo.auth.gr/Latomeia/DROUGHT/composites/x07/y11/2021/09/01/S2L2A_medcomp_x07y11_202109_B03.tif
2025-11-30 19:34:10,810 - INFO - composites.py:432 - Write B04 -> //nas-rs.topo.auth.gr/Latomeia/DROUGHT/composites/x07/y11/2021/09/01/S2L2A_medcomp_x07y11_202109_B04.tif
2025-11-30 19:34:14,800 - INFO - composites.py:432 - Write B05 -> //nas-rs.topo.auth.gr/Latomeia/DROUGHT/composites/x07/y11/2021/09/01/S2L2A_medcomp_x07y11_202109_B05.tif
2025-11-30 19:34:18,785 - INFO - composites.py:432 - Write B07 -> //nas-rs.topo.auth.gr/Latomeia/DROUGHT/composites/x07/y11/2021/09/01/S2L2A_medcomp_x07y11_202109_B07.tif
2025-11-30 19:34:22,699 - INFO - composites.py:432 - Write B8A -> //nas-rs.topo.auth.gr/Latomeia/DROUGHT/composites/x07/y11/2021/09/01/S2L2A_medcomp_x07y11_202109_B8A.tif
2025-11-30 19:34:26,572 - INFO - composites.py:432 - Write EVI -> //nas-rs.topo.auth.gr/Latomeia/DROUGHT/composites/x07/y11/2021/09/01/S2L2A_medcomp_x07y11_202109_EVI.tif
2025-11-30 19:34:30,468 - INFO - composites.py:432 - Write NDVI -> //nas-rs.topo.auth.gr/Latomeia/DROUGHT/composites/x07/y11/2021/09/01/S2L2A_medcomp_x07y11_202109_NDVI.tif
2025-11-30 19:34:34,354 - INFO - composites.py:432 - Write PSRI2 -> //nas-rs.topo.auth.gr/Latomeia/DROUGHT/composites/x07/y11/2021/09/01/S2L2A_medcomp_x07y11_202109_PSRI2.tif
2025-11-30 19:34:34,364 - INFO - composites.py:436 - Prepare metadata YAML document
2025-11-30 19:34:34,866 - INFO - composites.py:458 - Write metadata YAML document to disk
2025-11-30 19:34:34,893 - INFO - composites.py:463 - Create datacube.model.Dataset from eo3 metadata
2025-11-30 19:34:34,903 - INFO - composites.py:476 - Index to datacube
2025-11-30 19:34:34,903 - INFO - _datasets.py:191 - Indexing dd468976-f197-4f91-bc55-bdca7c48c6c0
2025-11-30 19:34:34,914 - INFO - composites.py:479 - 
2025-11-30 19:34:34,914 - INFO - composites.py:480 -              ✔✔✔ COMPLETED: Tile x07_y11 | Time: 2021-09 | In 10.22 minutes
2025-11-30 19:34:34,914 - INFO - composites.py:481 - 
2025-11-30 19:34:34,914 - INFO - composites.py:489 - Closing Dask client
2025-11-30 19:34:34,916 - INFO - composites.py:493 - Closing Dask cluster
2025-11-30 19:34:34,916 - INFO - composites.py:494 - #######################################################################
