2025-09-03 07:15:02,882 - INFO - composites.py:102 - #######################################################################
2025-09-03 07:15:02,882 - INFO - composites.py:104 - Processing started
2025-09-03 07:15:02,882 - INFO - composites.py:105 -         Tile: x09_y11
2025-09-03 07:15:02,882 - INFO - composites.py:106 -         Time: 2025-04
2025-09-03 07:15:02,882 - INFO - composites.py:109 -                           
2025-09-03 07:15:02,882 - INFO - composites.py:110 - Establishing connection to datacube
2025-09-03 07:15:03,393 - INFO - composites.py:113 -                           
2025-09-03 07:15:03,393 - INFO - composites.py:114 - Sanity test: Check if dataset already exists in the datacube
2025-09-03 07:15:03,416 - INFO - composites.py:133 - The composite requested was not found and it will be computed
2025-09-03 07:15:03,416 - INFO - composites.py:136 -                                  
2025-09-03 07:15:03,416 - INFO - composites.py:137 - Initializing Dask cluster for parallelization
2025-09-03 07:15:08,365 - INFO - composites.py:161 - Dask dashboard is available at: http://127.0.0.1:8787/status
2025-09-03 07:15:08,365 - INFO - composites.py:164 - Create directories and naming conversions
2025-09-03 07:15:08,377 - INFO - composites.py:177 - Dataset location: //nas-rs.topo.auth.gr/Latomeia/DROUGHT/composites/x09/y11/2025/04/01
2025-09-03 07:15:08,377 - INFO - composites.py:180 -                           
2025-09-03 07:15:08,377 - INFO - composites.py:181 - Retrieve tile geometry
2025-09-03 07:15:08,406 - INFO - composites.py:192 - Create the Bounding Box (φ,λ)
2025-09-03 07:15:08,406 - INFO - composites.py:198 - Create the Bounding Box (x,y)
2025-09-03 07:15:08,406 - INFO - composites.py:211 -                           
2025-09-03 07:15:08,407 - INFO - composites.py:212 - Connect to Planetary Computer STAC Catalog
2025-09-03 07:15:08,705 - INFO - composites.py:220 - Search the STAC Catalog
2025-09-03 07:15:08,781 - INFO - composites.py:232 -         Query parameters:
2025-09-03 07:15:08,781 - INFO - composites.py:233 -             url:          https://planetarycomputer.microsoft.com/api/stac/v1/search
2025-09-03 07:15:08,781 - INFO - composites.py:234 -             client:       microsoft-pc
2025-09-03 07:15:08,781 - INFO - composites.py:235 -             collection:   sentinel-2-l2a
2025-09-03 07:15:08,781 - INFO - composites.py:236 -             bbox:         (22.011426495899283, 38.22146676750315, 22.68270270334575, 38.770538011403985)
2025-09-03 07:15:08,781 - INFO - composites.py:237 -             time range:   2025-04-01T00:00:00Z/2025-04-30T23:59:59Z
2025-09-03 07:15:08,781 - INFO - composites.py:238 -             cloud cover:  0% - 70%
2025-09-03 07:15:08,781 - INFO - composites.py:239 -             nodata cover: 0% - 33%
2025-09-03 07:15:08,781 - INFO - composites.py:241 -                           
2025-09-03 07:15:08,781 - INFO - composites.py:242 - Searching...
2025-09-03 07:15:09,208 - INFO - composites.py:245 - Query found 17 items
2025-09-03 07:15:09,208 - INFO - composites.py:247 - Searching for GRI REFINED scenes:
2025-09-03 07:15:16,169 - INFO - sentinel2.py:78 - 1/17 - S2B_MSIL2A_20250422T092029_R093_T34SFJ_20250422T121814 -> REFINED
2025-09-03 07:15:21,927 - INFO - sentinel2.py:78 - 2/17 - S2B_MSIL2A_20250422T092029_R093_T34SEJ_20250422T121814 -> REFINED
2025-09-03 07:15:28,045 - INFO - sentinel2.py:78 - 3/17 - S2A_MSIL2A_20250419T092231_R093_T34SFJ_20250419T122712 -> REFINED
2025-09-03 07:15:34,285 - INFO - sentinel2.py:78 - 4/17 - S2A_MSIL2A_20250419T092231_R093_T34SFH_20250419T122712 -> REFINED
2025-09-03 07:15:39,377 - INFO - sentinel2.py:78 - 5/17 - S2A_MSIL2A_20250419T092231_R093_T34SEJ_20250419T122712 -> REFINED
2025-09-03 07:15:45,144 - INFO - sentinel2.py:78 - 6/17 - S2A_MSIL2A_20250419T092231_R093_T34SEH_20250419T122712 -> REFINED
2025-09-03 07:15:51,915 - INFO - sentinel2.py:78 - 7/17 - S2C_MSIL2A_20250417T092051_R093_T34SFJ_20250417T150029 -> REFINED
2025-09-03 07:15:57,994 - INFO - sentinel2.py:78 - 8/17 - S2C_MSIL2A_20250417T092051_R093_T34SFH_20250417T150029 -> REFINED
2025-09-03 07:16:04,134 - INFO - sentinel2.py:78 - 9/17 - S2B_MSIL2A_20250412T092029_R093_T34SFJ_20250412T114858 -> REFINED
2025-09-03 07:16:09,516 - INFO - sentinel2.py:78 - 10/17 - S2B_MSIL2A_20250412T092029_R093_T34SFH_20250412T114858 -> REFINED
2025-09-03 07:16:15,970 - INFO - sentinel2.py:78 - 11/17 - S2B_MSIL2A_20250412T092029_R093_T34SEJ_20250412T114858 -> REFINED
2025-09-03 07:16:22,161 - INFO - sentinel2.py:78 - 12/17 - S2B_MSIL2A_20250412T092029_R093_T34SEH_20250412T114858 -> REFINED
2025-09-03 07:16:27,845 - INFO - sentinel2.py:78 - 13/17 - S2A_MSIL2A_20250409T092041_R093_T34SFJ_20250409T125513 -> REFINED
2025-09-03 07:16:32,843 - INFO - sentinel2.py:78 - 14/17 - S2A_MSIL2A_20250409T092041_R093_T34SEJ_20250409T125513 -> REFINED
2025-09-03 07:16:37,834 - INFO - sentinel2.py:78 - 15/17 - S2A_MSIL2A_20250409T092041_R093_T34SEH_20250409T125513 -> REFINED
2025-09-03 07:16:43,508 - INFO - sentinel2.py:78 - 16/17 - S2C_MSIL2A_20250407T092051_R093_T34SEH_20250407T152018 -> REFINED
2025-09-03 07:16:48,940 - INFO - sentinel2.py:78 - 17/17 - S2B_MSIL2A_20250402T092029_R093_T34SEH_20250402T133021 -> REFINED
2025-09-03 07:16:48,982 - INFO - composites.py:250 -                                  
2025-09-03 07:16:48,982 - INFO - composites.py:251 - 17/17 were refined by GRI.
2025-09-03 07:16:48,983 - INFO - composites.py:263 - Looking for up to 10 cleanest images within spatiotemporal range of each MGRS tile
2025-09-03 07:16:48,983 - INFO - composites.py:277 - Filtered cleanest scenes: Kept 17 out of 17 items. 
2025-09-03 07:16:49,002 - INFO - composites.py:278 -         Included MGRS Tiles: ['34SEH' '34SEJ' '34SFH' '34SFJ']
2025-09-03 07:16:49,003 - INFO - composites.py:279 -         Included EPSG codes: [32634]
2025-09-03 07:16:49,003 - INFO - composites.py:281 - Selected scenes:
2025-09-03 07:16:49,003 - INFO - composites.py:283 -         S2A_MSIL2A_20250419T092231_R093_T34SEH_20250419T122712
2025-09-03 07:16:49,005 - INFO - composites.py:283 -         S2C_MSIL2A_20250407T092051_R093_T34SEH_20250407T152018
2025-09-03 07:16:49,005 - INFO - composites.py:283 -         S2B_MSIL2A_20250412T092029_R093_T34SEH_20250412T114858
2025-09-03 07:16:49,006 - INFO - composites.py:283 -         S2A_MSIL2A_20250409T092041_R093_T34SEH_20250409T125513
2025-09-03 07:16:49,006 - INFO - composites.py:283 -         S2B_MSIL2A_20250402T092029_R093_T34SEH_20250402T133021
2025-09-03 07:16:49,007 - INFO - composites.py:283 -         S2A_MSIL2A_20250419T092231_R093_T34SEJ_20250419T122712
2025-09-03 07:16:49,007 - INFO - composites.py:283 -         S2B_MSIL2A_20250412T092029_R093_T34SEJ_20250412T114858
2025-09-03 07:16:49,007 - INFO - composites.py:283 -         S2B_MSIL2A_20250422T092029_R093_T34SEJ_20250422T121814
2025-09-03 07:16:49,007 - INFO - composites.py:283 -         S2A_MSIL2A_20250409T092041_R093_T34SEJ_20250409T125513
2025-09-03 07:16:49,007 - INFO - composites.py:283 -         S2A_MSIL2A_20250419T092231_R093_T34SFH_20250419T122712
2025-09-03 07:16:49,007 - INFO - composites.py:283 -         S2B_MSIL2A_20250412T092029_R093_T34SFH_20250412T114858
2025-09-03 07:16:49,007 - INFO - composites.py:283 -         S2C_MSIL2A_20250417T092051_R093_T34SFH_20250417T150029
2025-09-03 07:16:49,007 - INFO - composites.py:283 -         S2A_MSIL2A_20250419T092231_R093_T34SFJ_20250419T122712
2025-09-03 07:16:49,007 - INFO - composites.py:283 -         S2B_MSIL2A_20250412T092029_R093_T34SFJ_20250412T114858
2025-09-03 07:16:49,007 - INFO - composites.py:283 -         S2B_MSIL2A_20250422T092029_R093_T34SFJ_20250422T121814
2025-09-03 07:16:49,007 - INFO - composites.py:283 -         S2A_MSIL2A_20250409T092041_R093_T34SFJ_20250409T125513
2025-09-03 07:16:49,007 - INFO - composites.py:283 -         S2C_MSIL2A_20250417T092051_R093_T34SFJ_20250417T150029
2025-09-03 07:16:49,352 - INFO - sentinel2.py:154 - Matplotlib backend: Agg
2025-09-03 07:16:49,655 - INFO - sentinel2.py:224 - Write input scenes footprint overlay: //nas-rs.topo.auth.gr/Latomeia/DROUGHT/composites/x09/y11/2025/04/01/S2L2A_medcomp_x09y11_202504_InDataFootprint.jpeg
2025-09-03 07:16:49,909 - INFO - composites.py:297 -                                  
2025-09-03 07:16:49,909 - INFO - composites.py:298 - Downstream STAC items from Planetary Computer
2025-09-03 07:16:49,909 - INFO - timeseries_processing.py:115 -                                  
2025-09-03 07:16:49,909 - INFO - timeseries_processing.py:116 - Loading bands of diferent resolutions in EPSG:32634
2025-09-03 07:16:49,909 - INFO - timeseries_processing.py:120 -     Filtering items with native UTM EPSG:32634
2025-09-03 07:16:49,909 - INFO - timeseries_processing.py:122 -     17 Items in EPSG:32634
2025-09-03 07:16:49,909 - INFO - timeseries_processing.py:129 -                        
2025-09-03 07:16:49,909 - INFO - timeseries_processing.py:130 -     Loading parameters:
2025-09-03 07:16:49,909 - INFO - timeseries_processing.py:131 -         Bands: ['B05', 'B07', 'B8A', 'SCL']
2025-09-03 07:16:49,909 - INFO - timeseries_processing.py:132 -         Spatial resolution: 20
2025-09-03 07:16:49,909 - INFO - timeseries_processing.py:134 -         Get Assets from STAC Items
2025-09-03 07:16:49,910 - INFO - timeseries_processing.py:47 -         Initialize the STAC client
2025-09-03 07:16:50,432 - INFO - timeseries_processing.py:137 -         Loading 17 STAC Items....
2025-09-03 07:18:03,617 - INFO - timeseries_processing.py:146 -         Cube has been downloaded
2025-09-03 07:18:03,617 - INFO - timeseries_processing.py:156 -         Fix order of dimensions
2025-09-03 07:18:03,619 - INFO - timeseries_processing.py:161 -         Append bands to the band-list of EPSG:32634
2025-09-03 07:18:03,620 - INFO - timeseries_processing.py:129 -                        
2025-09-03 07:18:03,620 - INFO - timeseries_processing.py:130 -     Loading parameters:
2025-09-03 07:18:03,620 - INFO - timeseries_processing.py:131 -         Bands: ['B02', 'B03', 'B04']
2025-09-03 07:18:03,620 - INFO - timeseries_processing.py:132 -         Spatial resolution: 10
2025-09-03 07:18:03,620 - INFO - timeseries_processing.py:134 -         Get Assets from STAC Items
2025-09-03 07:18:03,620 - INFO - timeseries_processing.py:47 -         Initialize the STAC client
2025-09-03 07:18:04,178 - INFO - timeseries_processing.py:137 -         Loading 17 STAC Items....
2025-09-03 07:19:50,572 - INFO - timeseries_processing.py:146 -         Cube has been downloaded
2025-09-03 07:19:50,572 - INFO - timeseries_processing.py:149 -         Reproject to downsample 10m bands to 20m by Resampling.average 2x2 binning and shape matching with odc.geo.GeoBox
2025-09-03 07:19:59,735 - INFO - timeseries_processing.py:161 -         Append bands to the band-list of EPSG:32634
2025-09-03 07:19:59,735 - INFO - timeseries_processing.py:165 -                        
2025-09-03 07:19:59,735 - INFO - timeseries_processing.py:166 -     Merging bands in a single dataset
2025-09-03 07:19:59,735 - INFO - timeseries_processing.py:167 -     Ensure all partial datasets are at (x=20, y=-20) resolution
2025-09-03 07:19:59,736 - INFO - timeseries_processing.py:171 -     Clip to the intersection of indexes
2025-09-03 07:20:01,019 - INFO - timeseries_processing.py:180 -     Make a list of bands to merge
2025-09-03 07:20:01,020 - INFO - timeseries_processing.py:184 -     Merge on intersection
2025-09-03 07:20:01,021 - INFO - timeseries_processing.py:192 -     Apply masks on clouds, shadows, thin cirrus, and snow/ice
2025-09-03 07:20:01,021 - INFO - sentinel2.py:122 -                Masking bits: [3, 7, 8, 9, 10, 11]
2025-09-03 07:20:01,857 - INFO - composites.py:307 - Reproject from UTM Zone to Tile geometry -> CRS(EPSG:32634), Resampling.bilinear
2025-09-03 07:20:06,695 - INFO - composites.py:310 -     New shape of datasets: Shape2d(x=2400, y=2400)
2025-09-03 07:20:07,260 - INFO - composites.py:329 - Scale SR to Sen2Cor Baseline 4.00 - Subtract 1000 in dates post 2022-01-25
2025-09-03 07:20:08,339 - INFO - composites.py:342 - Creating preview plot of input scenes
2025-09-03 07:20:36,389 - INFO - timeseries_processing.py:349 - Saved preview for 'B04' to //nas-rs.topo.auth.gr/Latomeia/DROUGHT/composites/x09/y11/2025/04/01/S2L2A_medcomp_x09y11_202504_InDataPreview.jpeg
2025-09-03 07:20:36,407 - INFO - composites.py:348 - Clip value range
2025-09-03 07:20:37,740 - INFO - composites.py:353 -                           
2025-09-03 07:20:37,741 - INFO - composites.py:354 - Computing spectral indices:
2025-09-03 07:20:37,741 - INFO - composites.py:357 -     EVI...
2025-09-03 07:20:38,574 - INFO - composites.py:359 -     NDVI...
2025-09-03 07:20:38,935 - INFO - composites.py:361 -     PSRI2...
2025-09-03 07:20:39,119 - INFO - composites.py:364 - Clip to typical value range
2025-09-03 07:20:39,361 - INFO - composites.py:371 - Reducing to median value temporal composite
2025-09-03 07:21:03,641 - INFO - composites.py:390 - Scale and Define data types & nodata per band
2025-09-03 07:21:03,831 - INFO - composites.py:411 - Assign time range and tile ID in metadata
2025-09-03 07:21:03,831 - INFO - composites.py:419 - Write bands to raster COG files
2025-09-03 07:21:07,647 - INFO - composites.py:432 - Write B02 -> //nas-rs.topo.auth.gr/Latomeia/DROUGHT/composites/x09/y11/2025/04/01/S2L2A_medcomp_x09y11_202504_B02.tif
2025-09-03 07:21:11,475 - INFO - composites.py:432 - Write B03 -> //nas-rs.topo.auth.gr/Latomeia/DROUGHT/composites/x09/y11/2025/04/01/S2L2A_medcomp_x09y11_202504_B03.tif
2025-09-03 07:21:16,186 - INFO - composites.py:432 - Write B04 -> //nas-rs.topo.auth.gr/Latomeia/DROUGHT/composites/x09/y11/2025/04/01/S2L2A_medcomp_x09y11_202504_B04.tif
2025-09-03 07:21:20,370 - INFO - composites.py:432 - Write B05 -> //nas-rs.topo.auth.gr/Latomeia/DROUGHT/composites/x09/y11/2025/04/01/S2L2A_medcomp_x09y11_202504_B05.tif
2025-09-03 07:21:24,151 - INFO - composites.py:432 - Write B07 -> //nas-rs.topo.auth.gr/Latomeia/DROUGHT/composites/x09/y11/2025/04/01/S2L2A_medcomp_x09y11_202504_B07.tif
2025-09-03 07:21:27,997 - INFO - composites.py:432 - Write B8A -> //nas-rs.topo.auth.gr/Latomeia/DROUGHT/composites/x09/y11/2025/04/01/S2L2A_medcomp_x09y11_202504_B8A.tif
2025-09-03 07:21:31,773 - INFO - composites.py:432 - Write EVI -> //nas-rs.topo.auth.gr/Latomeia/DROUGHT/composites/x09/y11/2025/04/01/S2L2A_medcomp_x09y11_202504_EVI.tif
2025-09-03 07:21:35,624 - INFO - composites.py:432 - Write NDVI -> //nas-rs.topo.auth.gr/Latomeia/DROUGHT/composites/x09/y11/2025/04/01/S2L2A_medcomp_x09y11_202504_NDVI.tif
2025-09-03 07:21:39,277 - INFO - composites.py:432 - Write PSRI2 -> //nas-rs.topo.auth.gr/Latomeia/DROUGHT/composites/x09/y11/2025/04/01/S2L2A_medcomp_x09y11_202504_PSRI2.tif
2025-09-03 07:21:39,277 - INFO - composites.py:436 - Prepare metadata YAML document
2025-09-03 07:21:39,879 - INFO - composites.py:458 - Write metadata YAML document to disk
2025-09-03 07:21:39,947 - INFO - composites.py:463 - Create datacube.model.Dataset from eo3 metadata
2025-09-03 07:21:39,958 - INFO - composites.py:476 - Index to datacube
2025-09-03 07:21:39,958 - INFO - _datasets.py:191 - Indexing 835e24cc-8ac8-4d4c-a9c9-5a0370ef102d
2025-09-03 07:21:39,966 - INFO - composites.py:479 - 
2025-09-03 07:21:39,966 - INFO - composites.py:480 -              ✔✔✔ COMPLETED: Tile x09_y11 | Time: 2025-04 | In 6.62 minutes
2025-09-03 07:21:39,966 - INFO - composites.py:481 - 
2025-09-03 07:21:39,966 - INFO - composites.py:489 - Closing Dask client
2025-09-03 07:21:39,968 - INFO - composites.py:493 - Closing Dask cluster
2025-09-03 07:21:39,968 - INFO - composites.py:494 - #######################################################################
