2025-08-30 23:14:32,626 - INFO - composites.py:102 - #######################################################################
2025-08-30 23:14:32,627 - INFO - composites.py:104 - Processing started
2025-08-30 23:14:32,627 - INFO - composites.py:105 -         Tile: x11_y11
2025-08-30 23:14:32,627 - INFO - composites.py:106 -         Time: 2023-02
2025-08-30 23:14:32,627 - INFO - composites.py:109 -                           
2025-08-30 23:14:32,627 - INFO - composites.py:110 - Establishing connection to datacube
2025-08-30 23:14:33,144 - INFO - composites.py:113 -                           
2025-08-30 23:14:33,145 - INFO - composites.py:114 - Sanity test: Check if dataset already exists in the datacube
2025-08-30 23:14:33,164 - INFO - composites.py:133 - The composite requested was not found and it will be computed
2025-08-30 23:14:33,164 - INFO - composites.py:136 -                                  
2025-08-30 23:14:33,164 - INFO - composites.py:137 - Initializing Dask cluster for parallelization
2025-08-30 23:14:38,184 - INFO - composites.py:161 - Dask dashboard is available at: http://127.0.0.1:8787/status
2025-08-30 23:14:38,184 - INFO - composites.py:164 - Create directories and naming conversions
2025-08-30 23:14:38,197 - INFO - composites.py:177 - Dataset location: //nas-rs.topo.auth.gr/Latomeia/DROUGHT/composites/x11/y11/2023/02/01
2025-08-30 23:14:38,197 - INFO - composites.py:180 -                           
2025-08-30 23:14:38,197 - INFO - composites.py:181 - Retrieve tile geometry
2025-08-30 23:14:38,225 - INFO - composites.py:192 - Create the Bounding Box (φ,λ)
2025-08-30 23:14:38,225 - INFO - composites.py:198 - Create the Bounding Box (x,y)
2025-08-30 23:14:38,225 - INFO - composites.py:211 -                           
2025-08-30 23:14:38,225 - INFO - composites.py:212 - Connect to Planetary Computer STAC Catalog
2025-08-30 23:14:38,467 - INFO - composites.py:220 - Search the STAC Catalog
2025-08-30 23:14:38,542 - INFO - composites.py:232 -         Query parameters:
2025-08-30 23:14:38,542 - INFO - composites.py:233 -             url:          https://planetarycomputer.microsoft.com/api/stac/v1/search
2025-08-30 23:14:38,542 - INFO - composites.py:234 -             client:       microsoft-pc
2025-08-30 23:14:38,542 - INFO - composites.py:235 -             collection:   sentinel-2-l2a
2025-08-30 23:14:38,542 - INFO - composites.py:236 -             bbox:         (23.090477503527136, 38.072584087612974, 23.76631254171489, 38.62665683856133)
2025-08-30 23:14:38,542 - INFO - composites.py:237 -             time range:   2023-02-01T00:00:00Z/2023-02-28T23:59:59Z
2025-08-30 23:14:38,542 - INFO - composites.py:238 -             cloud cover:  0% - 70%
2025-08-30 23:14:38,542 - INFO - composites.py:239 -             nodata cover: 0% - 33%
2025-08-30 23:14:38,542 - INFO - composites.py:241 -                           
2025-08-30 23:14:38,542 - INFO - composites.py:242 - Searching...
2025-08-30 23:14:39,046 - INFO - composites.py:245 - Query found 15 items
2025-08-30 23:14:39,046 - INFO - composites.py:247 - Searching for GRI REFINED scenes:
2025-08-30 23:14:43,501 - INFO - sentinel2.py:78 - 1/15 - S2A_MSIL2A_20230224T090941_R050_T35SKC_20230226T113551 -> REFINED
2025-08-30 23:14:48,542 - INFO - sentinel2.py:78 - 2/15 - S2A_MSIL2A_20230224T090941_R050_T34SGH_20230227T073346 -> REFINED
2025-08-30 23:14:53,560 - INFO - sentinel2.py:78 - 3/15 - S2B_MSIL2A_20230222T092029_R093_T34SFH_20230226T135702 -> REFINED
2025-08-30 23:14:58,206 - INFO - sentinel2.py:78 - 4/15 - S2B_MSIL2A_20230219T091019_R050_T35SKC_20230220T125623 -> REFINED
2025-08-30 23:15:02,471 - INFO - sentinel2.py:78 - 5/15 - S2B_MSIL2A_20230219T091019_R050_T34SGH_20230220T125438 -> REFINED
2025-08-30 23:15:07,568 - INFO - sentinel2.py:78 - 6/15 - S2A_MSIL2A_20230217T092041_R093_T34SFH_20240819T131825 -> REFINED
2025-08-30 23:15:11,932 - INFO - sentinel2.py:78 - 7/15 - S2A_MSIL2A_20230217T092041_R093_T34SFH_20230218T051246 -> REFINED
2025-08-30 23:15:16,288 - INFO - sentinel2.py:78 - 8/15 - S2A_MSIL2A_20230214T091051_R050_T35SKC_20240814T203653 -> REFINED
2025-08-30 23:15:21,158 - INFO - sentinel2.py:78 - 9/15 - S2A_MSIL2A_20230214T091051_R050_T35SKC_20230214T211322 -> REFINED
2025-08-30 23:15:25,672 - INFO - sentinel2.py:78 - 10/15 - S2A_MSIL2A_20230214T091051_R050_T34SGH_20240814T203653 -> REFINED
2025-08-30 23:15:30,385 - INFO - sentinel2.py:78 - 11/15 - S2A_MSIL2A_20230214T091051_R050_T34SGH_20230214T212754 -> REFINED
2025-08-30 23:15:35,500 - INFO - sentinel2.py:78 - 12/15 - S2B_MSIL2A_20230212T092029_R093_T34SFH_20240814T202852 -> REFINED
2025-08-30 23:15:40,474 - INFO - sentinel2.py:78 - 13/15 - S2B_MSIL2A_20230212T092029_R093_T34SFH_20230212T211421 -> REFINED
2025-08-30 23:15:44,739 - INFO - sentinel2.py:78 - 14/15 - S2B_MSIL2A_20230202T092109_R093_T34SFH_20240815T155145 -> REFINED
2025-08-30 23:15:50,017 - INFO - sentinel2.py:78 - 15/15 - S2B_MSIL2A_20230202T092109_R093_T34SFH_20230203T052501 -> REFINED
2025-08-30 23:15:50,104 - INFO - composites.py:250 -                                  
2025-08-30 23:15:50,104 - INFO - composites.py:251 - 15/15 were refined by GRI.
2025-08-30 23:15:50,105 - INFO - composites.py:263 - Looking for up to 10 cleanest images within spatiotemporal range of each MGRS tile
2025-08-30 23:15:50,106 - INFO - composites.py:277 - Filtered cleanest scenes: Kept 15 out of 15 items. 
2025-08-30 23:15:50,106 - INFO - composites.py:278 -         Included MGRS Tiles: ['34SFH' '34SGH' '35SKC']
2025-08-30 23:15:50,107 - INFO - composites.py:279 -         Included EPSG codes: [32634 32635]
2025-08-30 23:15:50,107 - INFO - composites.py:281 - Selected scenes:
2025-08-30 23:15:50,107 - INFO - composites.py:283 -         S2B_MSIL2A_20230222T092029_R093_T34SFH_20230226T135702
2025-08-30 23:15:50,107 - INFO - composites.py:283 -         S2B_MSIL2A_20230202T092109_R093_T34SFH_20240815T155145
2025-08-30 23:15:50,107 - INFO - composites.py:283 -         S2B_MSIL2A_20230202T092109_R093_T34SFH_20230203T052501
2025-08-30 23:15:50,107 - INFO - composites.py:283 -         S2B_MSIL2A_20230212T092029_R093_T34SFH_20230212T211421
2025-08-30 23:15:50,107 - INFO - composites.py:283 -         S2B_MSIL2A_20230212T092029_R093_T34SFH_20240814T202852
2025-08-30 23:15:50,107 - INFO - composites.py:283 -         S2A_MSIL2A_20230217T092041_R093_T34SFH_20230218T051246
2025-08-30 23:15:50,108 - INFO - composites.py:283 -         S2A_MSIL2A_20230217T092041_R093_T34SFH_20240819T131825
2025-08-30 23:15:50,108 - INFO - composites.py:283 -         S2B_MSIL2A_20230219T091019_R050_T34SGH_20230220T125438
2025-08-30 23:15:50,108 - INFO - composites.py:283 -         S2A_MSIL2A_20230214T091051_R050_T34SGH_20230214T212754
2025-08-30 23:15:50,123 - INFO - composites.py:283 -         S2A_MSIL2A_20230214T091051_R050_T34SGH_20240814T203653
2025-08-30 23:15:50,138 - INFO - composites.py:283 -         S2A_MSIL2A_20230224T090941_R050_T34SGH_20230227T073346
2025-08-30 23:15:50,142 - INFO - composites.py:283 -         S2B_MSIL2A_20230219T091019_R050_T35SKC_20230220T125623
2025-08-30 23:15:50,143 - INFO - composites.py:283 -         S2A_MSIL2A_20230224T090941_R050_T35SKC_20230226T113551
2025-08-30 23:15:50,143 - INFO - composites.py:283 -         S2A_MSIL2A_20230214T091051_R050_T35SKC_20230214T211322
2025-08-30 23:15:50,148 - INFO - composites.py:283 -         S2A_MSIL2A_20230214T091051_R050_T35SKC_20240814T203653
2025-08-30 23:15:50,491 - INFO - sentinel2.py:154 - Matplotlib backend: Agg
2025-08-30 23:15:50,800 - INFO - sentinel2.py:224 - Write input scenes footprint overlay: //nas-rs.topo.auth.gr/Latomeia/DROUGHT/composites/x11/y11/2023/02/01/S2L2A_medcomp_x11y11_202302_InDataFootprint.jpeg
2025-08-30 23:15:50,957 - INFO - composites.py:297 -                                  
2025-08-30 23:15:50,957 - INFO - composites.py:298 - Downstream STAC items from Planetary Computer
2025-08-30 23:15:50,957 - INFO - timeseries_processing.py:115 -                                  
2025-08-30 23:15:50,957 - INFO - timeseries_processing.py:116 - Loading bands of diferent resolutions in EPSG:32634
2025-08-30 23:15:50,957 - INFO - timeseries_processing.py:120 -     Filtering items with native UTM EPSG:32634
2025-08-30 23:15:50,958 - INFO - timeseries_processing.py:122 -     11 Items in EPSG:32634
2025-08-30 23:15:50,958 - INFO - timeseries_processing.py:129 -                        
2025-08-30 23:15:50,958 - INFO - timeseries_processing.py:130 -     Loading parameters:
2025-08-30 23:15:50,958 - INFO - timeseries_processing.py:131 -         Bands: ['B05', 'B07', 'B8A', 'SCL']
2025-08-30 23:15:50,958 - INFO - timeseries_processing.py:132 -         Spatial resolution: 20
2025-08-30 23:15:50,958 - INFO - timeseries_processing.py:134 -         Get Assets from STAC Items
2025-08-30 23:15:50,958 - INFO - timeseries_processing.py:47 -         Initialize the STAC client
2025-08-30 23:15:51,508 - INFO - timeseries_processing.py:137 -         Loading 11 STAC Items....
2025-08-30 23:16:42,353 - INFO - timeseries_processing.py:146 -         Cube has been downloaded
2025-08-30 23:16:42,353 - INFO - timeseries_processing.py:156 -         Fix order of dimensions
2025-08-30 23:16:42,354 - INFO - timeseries_processing.py:161 -         Append bands to the band-list of EPSG:32634
2025-08-30 23:16:42,354 - INFO - timeseries_processing.py:129 -                        
2025-08-30 23:16:42,354 - INFO - timeseries_processing.py:130 -     Loading parameters:
2025-08-30 23:16:42,354 - INFO - timeseries_processing.py:131 -         Bands: ['B02', 'B03', 'B04']
2025-08-30 23:16:42,354 - INFO - timeseries_processing.py:132 -         Spatial resolution: 10
2025-08-30 23:16:42,354 - INFO - timeseries_processing.py:134 -         Get Assets from STAC Items
2025-08-30 23:16:42,354 - INFO - timeseries_processing.py:47 -         Initialize the STAC client
2025-08-30 23:16:43,005 - INFO - timeseries_processing.py:137 -         Loading 11 STAC Items....
2025-08-30 23:18:33,901 - INFO - timeseries_processing.py:146 -         Cube has been downloaded
2025-08-30 23:18:33,901 - INFO - timeseries_processing.py:149 -         Reproject to downsample 10m bands to 20m by Resampling.average 2x2 binning and shape matching with odc.geo.GeoBox
2025-08-30 23:18:43,974 - INFO - timeseries_processing.py:161 -         Append bands to the band-list of EPSG:32634
2025-08-30 23:18:43,974 - INFO - timeseries_processing.py:165 -                        
2025-08-30 23:18:43,974 - INFO - timeseries_processing.py:166 -     Merging bands in a single dataset
2025-08-30 23:18:43,974 - INFO - timeseries_processing.py:167 -     Ensure all partial datasets are at (x=20, y=-20) resolution
2025-08-30 23:18:43,975 - INFO - timeseries_processing.py:171 -     Clip to the intersection of indexes
2025-08-30 23:18:45,286 - INFO - timeseries_processing.py:180 -     Make a list of bands to merge
2025-08-30 23:18:45,288 - INFO - timeseries_processing.py:184 -     Merge on intersection
2025-08-30 23:18:45,289 - INFO - timeseries_processing.py:192 -     Apply masks on clouds, shadows, thin cirrus, and snow/ice
2025-08-30 23:18:45,289 - INFO - sentinel2.py:122 -                Masking bits: [3, 7, 8, 9, 10, 11]
2025-08-30 23:18:46,146 - INFO - timeseries_processing.py:115 -                                  
2025-08-30 23:18:46,156 - INFO - timeseries_processing.py:116 - Loading bands of diferent resolutions in EPSG:32635
2025-08-30 23:18:46,156 - INFO - timeseries_processing.py:120 -     Filtering items with native UTM EPSG:32635
2025-08-30 23:18:46,174 - INFO - timeseries_processing.py:122 -     4 Items in EPSG:32635
2025-08-30 23:18:46,174 - INFO - timeseries_processing.py:129 -                        
2025-08-30 23:18:46,179 - INFO - timeseries_processing.py:130 -     Loading parameters:
2025-08-30 23:18:46,179 - INFO - timeseries_processing.py:131 -         Bands: ['B05', 'B07', 'B8A', 'SCL']
2025-08-30 23:18:46,180 - INFO - timeseries_processing.py:132 -         Spatial resolution: 20
2025-08-30 23:18:46,180 - INFO - timeseries_processing.py:134 -         Get Assets from STAC Items
2025-08-30 23:18:46,185 - INFO - timeseries_processing.py:47 -         Initialize the STAC client
2025-08-30 23:18:46,641 - INFO - timeseries_processing.py:137 -         Loading 4 STAC Items....
2025-08-30 23:19:04,793 - INFO - timeseries_processing.py:146 -         Cube has been downloaded
2025-08-30 23:19:04,793 - INFO - timeseries_processing.py:156 -         Fix order of dimensions
2025-08-30 23:19:04,794 - INFO - timeseries_processing.py:161 -         Append bands to the band-list of EPSG:32635
2025-08-30 23:19:04,794 - INFO - timeseries_processing.py:129 -                        
2025-08-30 23:19:04,794 - INFO - timeseries_processing.py:130 -     Loading parameters:
2025-08-30 23:19:04,794 - INFO - timeseries_processing.py:131 -         Bands: ['B02', 'B03', 'B04']
2025-08-30 23:19:04,794 - INFO - timeseries_processing.py:132 -         Spatial resolution: 10
2025-08-30 23:19:04,797 - INFO - timeseries_processing.py:134 -         Get Assets from STAC Items
2025-08-30 23:19:04,797 - INFO - timeseries_processing.py:47 -         Initialize the STAC client
2025-08-30 23:19:05,254 - INFO - timeseries_processing.py:137 -         Loading 4 STAC Items....
2025-08-30 23:19:35,875 - INFO - timeseries_processing.py:146 -         Cube has been downloaded
2025-08-30 23:19:35,875 - INFO - timeseries_processing.py:149 -         Reproject to downsample 10m bands to 20m by Resampling.average 2x2 binning and shape matching with odc.geo.GeoBox
2025-08-30 23:19:39,719 - INFO - timeseries_processing.py:161 -         Append bands to the band-list of EPSG:32635
2025-08-30 23:19:39,719 - INFO - timeseries_processing.py:165 -                        
2025-08-30 23:19:39,719 - INFO - timeseries_processing.py:166 -     Merging bands in a single dataset
2025-08-30 23:19:39,719 - INFO - timeseries_processing.py:167 -     Ensure all partial datasets are at (x=20, y=-20) resolution
2025-08-30 23:19:39,720 - INFO - timeseries_processing.py:171 -     Clip to the intersection of indexes
2025-08-30 23:19:39,721 - INFO - timeseries_processing.py:180 -     Make a list of bands to merge
2025-08-30 23:19:39,722 - INFO - timeseries_processing.py:184 -     Merge on intersection
2025-08-30 23:19:39,723 - INFO - timeseries_processing.py:192 -     Apply masks on clouds, shadows, thin cirrus, and snow/ice
2025-08-30 23:19:39,723 - INFO - sentinel2.py:122 -                Masking bits: [3, 7, 8, 9, 10, 11]
2025-08-30 23:19:40,124 - INFO - composites.py:307 - Reproject from UTM Zone to Tile geometry -> CRS(EPSG:32635), Resampling.bilinear
2025-08-30 23:19:47,523 - INFO - composites.py:310 -     New shape of datasets: Shape2d(x=2400, y=2400)
2025-08-30 23:19:47,822 - INFO - composites.py:315 -                           
2025-08-30 23:19:47,822 - INFO - composites.py:316 - Mosaic datasets to a single dataset
2025-08-30 23:19:53,871 - INFO - composites.py:329 - Scale SR to Sen2Cor Baseline 4.00 - Subtract 1000 in dates post 2022-01-25
2025-08-30 23:19:54,930 - INFO - composites.py:342 - Creating preview plot of input scenes
2025-08-30 23:20:21,645 - INFO - timeseries_processing.py:349 - Saved preview for 'B04' to //nas-rs.topo.auth.gr/Latomeia/DROUGHT/composites/x11/y11/2023/02/01/S2L2A_medcomp_x11y11_202302_InDataPreview.jpeg
2025-08-30 23:20:21,665 - INFO - composites.py:348 - Clip value range
2025-08-30 23:20:23,035 - INFO - composites.py:353 -                           
2025-08-30 23:20:23,036 - INFO - composites.py:354 - Computing spectral indices:
2025-08-30 23:20:23,036 - INFO - composites.py:357 -     EVI...
2025-08-30 23:20:23,905 - INFO - composites.py:359 -     NDVI...
2025-08-30 23:20:24,195 - INFO - composites.py:361 -     PSRI2...
2025-08-30 23:20:24,477 - INFO - composites.py:364 - Clip to typical value range
2025-08-30 23:20:24,736 - INFO - composites.py:371 - Reducing to median value temporal composite
2025-08-30 23:20:48,255 - INFO - composites.py:390 - Scale and Define data types & nodata per band
2025-08-30 23:20:48,378 - INFO - composites.py:411 - Assign time range and tile ID in metadata
2025-08-30 23:20:48,378 - INFO - composites.py:419 - Write bands to raster COG files
2025-08-30 23:20:52,238 - INFO - composites.py:432 - Write B02 -> //nas-rs.topo.auth.gr/Latomeia/DROUGHT/composites/x11/y11/2023/02/01/S2L2A_medcomp_x11y11_202302_B02.tif
2025-08-30 23:20:56,160 - INFO - composites.py:432 - Write B03 -> //nas-rs.topo.auth.gr/Latomeia/DROUGHT/composites/x11/y11/2023/02/01/S2L2A_medcomp_x11y11_202302_B03.tif
2025-08-30 23:21:00,013 - INFO - composites.py:432 - Write B04 -> //nas-rs.topo.auth.gr/Latomeia/DROUGHT/composites/x11/y11/2023/02/01/S2L2A_medcomp_x11y11_202302_B04.tif
2025-08-30 23:21:03,990 - INFO - composites.py:432 - Write B05 -> //nas-rs.topo.auth.gr/Latomeia/DROUGHT/composites/x11/y11/2023/02/01/S2L2A_medcomp_x11y11_202302_B05.tif
2025-08-30 23:21:07,919 - INFO - composites.py:432 - Write B07 -> //nas-rs.topo.auth.gr/Latomeia/DROUGHT/composites/x11/y11/2023/02/01/S2L2A_medcomp_x11y11_202302_B07.tif
2025-08-30 23:21:11,866 - INFO - composites.py:432 - Write B8A -> //nas-rs.topo.auth.gr/Latomeia/DROUGHT/composites/x11/y11/2023/02/01/S2L2A_medcomp_x11y11_202302_B8A.tif
2025-08-30 23:21:15,712 - INFO - composites.py:432 - Write EVI -> //nas-rs.topo.auth.gr/Latomeia/DROUGHT/composites/x11/y11/2023/02/01/S2L2A_medcomp_x11y11_202302_EVI.tif
2025-08-30 23:21:19,538 - INFO - composites.py:432 - Write NDVI -> //nas-rs.topo.auth.gr/Latomeia/DROUGHT/composites/x11/y11/2023/02/01/S2L2A_medcomp_x11y11_202302_NDVI.tif
2025-08-30 23:21:23,300 - INFO - composites.py:432 - Write PSRI2 -> //nas-rs.topo.auth.gr/Latomeia/DROUGHT/composites/x11/y11/2023/02/01/S2L2A_medcomp_x11y11_202302_PSRI2.tif
2025-08-30 23:21:23,315 - INFO - composites.py:436 - Prepare metadata YAML document
2025-08-30 23:21:23,855 - INFO - composites.py:458 - Write metadata YAML document to disk
2025-08-30 23:21:23,879 - INFO - composites.py:463 - Create datacube.model.Dataset from eo3 metadata
2025-08-30 23:21:23,888 - INFO - composites.py:476 - Index to datacube
2025-08-30 23:21:23,888 - INFO - _datasets.py:191 - Indexing a749b51a-c560-4f7d-988d-ab6c107cd60c
2025-08-30 23:21:23,898 - INFO - composites.py:479 - 
2025-08-30 23:21:23,898 - INFO - composites.py:480 -              ✔✔✔ COMPLETED: Tile x11_y11 | Time: 2023-02 | In 6.85 minutes
2025-08-30 23:21:23,898 - INFO - composites.py:481 - 
2025-08-30 23:21:23,898 - INFO - composites.py:489 - Closing Dask client
2025-08-30 23:21:23,900 - INFO - composites.py:493 - Closing Dask cluster
2025-08-30 23:21:23,900 - INFO - composites.py:494 - #######################################################################
