2025-09-04 23:51:58,391 - INFO - composites.py:102 - #######################################################################
2025-09-04 23:51:58,392 - INFO - composites.py:104 - Processing started
2025-09-04 23:51:58,392 - INFO - composites.py:105 -         Tile: x09_y11
2025-09-04 23:51:58,392 - INFO - composites.py:106 -         Time: 2025-09
2025-09-04 23:51:58,392 - INFO - composites.py:109 -                           
2025-09-04 23:51:58,392 - INFO - composites.py:110 - Establishing connection to datacube
2025-09-04 23:51:59,296 - INFO - composites.py:113 -                           
2025-09-04 23:51:59,297 - INFO - composites.py:114 - Sanity test: Check if dataset already exists in the datacube
2025-09-04 23:51:59,330 - INFO - composites.py:133 - The composite requested was not found and it will be computed
2025-09-04 23:51:59,330 - INFO - composites.py:136 -                                  
2025-09-04 23:51:59,330 - INFO - composites.py:137 - Initializing Dask cluster for parallelization
2025-09-04 23:52:04,524 - INFO - composites.py:161 - Dask dashboard is available at: http://127.0.0.1:8787/status
2025-09-04 23:52:04,524 - INFO - composites.py:164 - Create directories and naming conversions
2025-09-04 23:52:04,535 - INFO - composites.py:177 - Dataset location: //nas-rs.topo.auth.gr/Latomeia/DROUGHT/composites/x09/y11/2025/09/01
2025-09-04 23:52:04,535 - INFO - composites.py:180 -                           
2025-09-04 23:52:04,535 - INFO - composites.py:181 - Retrieve tile geometry
2025-09-04 23:52:04,564 - INFO - composites.py:192 - Create the Bounding Box (φ,λ)
2025-09-04 23:52:04,564 - INFO - composites.py:198 - Create the Bounding Box (x,y)
2025-09-04 23:52:04,565 - INFO - composites.py:211 -                           
2025-09-04 23:52:04,565 - INFO - composites.py:212 - Connect to Planetary Computer STAC Catalog
2025-09-04 23:52:04,803 - INFO - composites.py:220 - Search the STAC Catalog
2025-09-04 23:52:04,872 - INFO - composites.py:232 -         Query parameters:
2025-09-04 23:52:04,872 - INFO - composites.py:233 -             url:          https://planetarycomputer.microsoft.com/api/stac/v1/search
2025-09-04 23:52:04,872 - INFO - composites.py:234 -             client:       microsoft-pc
2025-09-04 23:52:04,872 - INFO - composites.py:235 -             collection:   sentinel-2-l2a
2025-09-04 23:52:04,872 - INFO - composites.py:236 -             bbox:         (22.011426495899283, 38.22146676750315, 22.68270270334575, 38.770538011403985)
2025-09-04 23:52:04,872 - INFO - composites.py:237 -             time range:   2025-09-01T00:00:00Z/2025-09-30T23:59:59Z
2025-09-04 23:52:04,872 - INFO - composites.py:238 -             cloud cover:  0% - 70%
2025-09-04 23:52:04,872 - INFO - composites.py:239 -             nodata cover: 0% - 33%
2025-09-04 23:52:04,872 - INFO - composites.py:241 -                           
2025-09-04 23:52:04,872 - INFO - composites.py:242 - Searching...
2025-09-04 23:52:05,280 - INFO - composites.py:245 - Query found 4 items
2025-09-04 23:52:05,280 - INFO - composites.py:247 - Searching for GRI REFINED scenes:
2025-09-04 23:52:08,947 - INFO - sentinel2.py:78 - 1/4 - S2C_MSIL2A_20250904T092051_R093_T34SFJ_20250904T131114 -> REFINED
2025-09-04 23:52:12,021 - INFO - sentinel2.py:78 - 2/4 - S2C_MSIL2A_20250904T092051_R093_T34SFH_20250904T131114 -> REFINED
2025-09-04 23:52:16,189 - INFO - sentinel2.py:78 - 3/4 - S2C_MSIL2A_20250904T092051_R093_T34SEJ_20250904T131114 -> REFINED
2025-09-04 23:52:19,157 - INFO - sentinel2.py:78 - 4/4 - S2C_MSIL2A_20250904T092051_R093_T34SEH_20250904T131114 -> REFINED
2025-09-04 23:52:19,182 - INFO - composites.py:250 -                                  
2025-09-04 23:52:19,182 - INFO - composites.py:251 - 4/4 were refined by GRI.
2025-09-04 23:52:19,183 - INFO - composites.py:263 - Looking for up to 8 cleanest images within spatiotemporal range of each MGRS tile
2025-09-04 23:52:19,183 - INFO - composites.py:277 - Filtered cleanest scenes: Kept 4 out of 4 items. 
2025-09-04 23:52:19,183 - INFO - composites.py:278 -         Included MGRS Tiles: ['34SEH' '34SEJ' '34SFH' '34SFJ']
2025-09-04 23:52:19,183 - INFO - composites.py:279 -         Included EPSG codes: [32634]
2025-09-04 23:52:19,184 - INFO - composites.py:281 - Selected scenes:
2025-09-04 23:52:19,184 - INFO - composites.py:283 -         S2C_MSIL2A_20250904T092051_R093_T34SEH_20250904T131114
2025-09-04 23:52:19,184 - INFO - composites.py:283 -         S2C_MSIL2A_20250904T092051_R093_T34SEJ_20250904T131114
2025-09-04 23:52:19,185 - INFO - composites.py:283 -         S2C_MSIL2A_20250904T092051_R093_T34SFH_20250904T131114
2025-09-04 23:52:19,185 - INFO - composites.py:283 -         S2C_MSIL2A_20250904T092051_R093_T34SFJ_20250904T131114
2025-09-04 23:52:19,550 - INFO - sentinel2.py:154 - Matplotlib backend: Agg
2025-09-04 23:52:19,755 - INFO - sentinel2.py:224 - Write input scenes footprint overlay: //nas-rs.topo.auth.gr/Latomeia/DROUGHT/composites/x09/y11/2025/09/01/S2L2A_medcomp_x09y11_202509_InDataFootprint.jpeg
2025-09-04 23:52:19,923 - INFO - composites.py:297 -                                  
2025-09-04 23:52:19,923 - INFO - composites.py:298 - Downstream STAC items from Planetary Computer
2025-09-04 23:52:19,923 - INFO - timeseries_processing.py:115 -                                  
2025-09-04 23:52:19,923 - INFO - timeseries_processing.py:116 - Loading bands of diferent resolutions in EPSG:32634
2025-09-04 23:52:19,923 - INFO - timeseries_processing.py:120 -     Filtering items with native UTM EPSG:32634
2025-09-04 23:52:19,924 - INFO - timeseries_processing.py:122 -     4 Items in EPSG:32634
2025-09-04 23:52:19,924 - INFO - timeseries_processing.py:129 -                        
2025-09-04 23:52:19,924 - INFO - timeseries_processing.py:130 -     Loading parameters:
2025-09-04 23:52:19,931 - INFO - timeseries_processing.py:131 -         Bands: ['B05', 'B07', 'B8A', 'SCL']
2025-09-04 23:52:19,931 - INFO - timeseries_processing.py:132 -         Spatial resolution: 20
2025-09-04 23:52:19,931 - INFO - timeseries_processing.py:134 -         Get Assets from STAC Items
2025-09-04 23:52:19,931 - INFO - timeseries_processing.py:47 -         Initialize the STAC client
2025-09-04 23:52:20,390 - INFO - timeseries_processing.py:137 -         Loading 4 STAC Items....
2025-09-04 23:52:41,165 - INFO - timeseries_processing.py:146 -         Cube has been downloaded
2025-09-04 23:52:41,165 - INFO - timeseries_processing.py:156 -         Fix order of dimensions
2025-09-04 23:52:41,166 - INFO - timeseries_processing.py:161 -         Append bands to the band-list of EPSG:32634
2025-09-04 23:52:41,166 - INFO - timeseries_processing.py:129 -                        
2025-09-04 23:52:41,167 - INFO - timeseries_processing.py:130 -     Loading parameters:
2025-09-04 23:52:41,168 - INFO - timeseries_processing.py:131 -         Bands: ['B02', 'B03', 'B04']
2025-09-04 23:52:41,168 - INFO - timeseries_processing.py:132 -         Spatial resolution: 10
2025-09-04 23:52:41,168 - INFO - timeseries_processing.py:134 -         Get Assets from STAC Items
2025-09-04 23:52:41,168 - INFO - timeseries_processing.py:47 -         Initialize the STAC client
2025-09-04 23:52:41,771 - INFO - timeseries_processing.py:137 -         Loading 4 STAC Items....
2025-09-04 23:53:07,805 - INFO - timeseries_processing.py:146 -         Cube has been downloaded
2025-09-04 23:53:07,805 - INFO - timeseries_processing.py:149 -         Reproject to downsample 10m bands to 20m by Resampling.average 2x2 binning and shape matching with odc.geo.GeoBox
2025-09-04 23:53:09,360 - INFO - timeseries_processing.py:161 -         Append bands to the band-list of EPSG:32634
2025-09-04 23:53:09,360 - INFO - timeseries_processing.py:165 -                        
2025-09-04 23:53:09,360 - INFO - timeseries_processing.py:166 -     Merging bands in a single dataset
2025-09-04 23:53:09,360 - INFO - timeseries_processing.py:167 -     Ensure all partial datasets are at (x=20, y=-20) resolution
2025-09-04 23:53:09,361 - INFO - timeseries_processing.py:171 -     Clip to the intersection of indexes
2025-09-04 23:53:10,379 - INFO - timeseries_processing.py:180 -     Make a list of bands to merge
2025-09-04 23:53:10,380 - INFO - timeseries_processing.py:184 -     Merge on intersection
2025-09-04 23:53:10,380 - INFO - timeseries_processing.py:192 -     Apply masks on clouds, shadows, thin cirrus, and snow/ice
2025-09-04 23:53:10,382 - INFO - sentinel2.py:122 -                Masking bits: [3, 7, 8, 9, 10, 11]
2025-09-04 23:53:10,535 - INFO - composites.py:307 - Reproject from UTM Zone to Tile geometry -> CRS(EPSG:32634), Resampling.bilinear
2025-09-04 23:53:11,273 - INFO - composites.py:310 -     New shape of datasets: Shape2d(x=2400, y=2400)
2025-09-04 23:53:11,768 - INFO - composites.py:329 - Scale SR to Sen2Cor Baseline 4.00 - Subtract 1000 in dates post 2022-01-25
2025-09-04 23:53:11,920 - INFO - composites.py:342 - Creating preview plot of input scenes
2025-09-04 23:53:26,894 - INFO - timeseries_processing.py:349 - Saved preview for 'B04' to //nas-rs.topo.auth.gr/Latomeia/DROUGHT/composites/x09/y11/2025/09/01/S2L2A_medcomp_x09y11_202509_InDataPreview.jpeg
2025-09-04 23:53:26,895 - INFO - composites.py:348 - Clip value range
2025-09-04 23:53:27,135 - INFO - composites.py:353 -                           
2025-09-04 23:53:27,135 - INFO - composites.py:354 - Computing spectral indices:
2025-09-04 23:53:27,135 - INFO - composites.py:357 -     EVI...
2025-09-04 23:53:27,253 - INFO - composites.py:359 -     NDVI...
2025-09-04 23:53:27,300 - INFO - composites.py:361 -     PSRI2...
2025-09-04 23:53:27,329 - INFO - composites.py:364 - Clip to typical value range
2025-09-04 23:53:27,366 - INFO - composites.py:371 - Reducing to median value temporal composite
2025-09-04 23:53:47,136 - INFO - composites.py:390 - Scale and Define data types & nodata per band
2025-09-04 23:53:47,259 - INFO - composites.py:411 - Assign time range and tile ID in metadata
2025-09-04 23:53:47,259 - INFO - composites.py:419 - Write bands to raster COG files
2025-09-04 23:53:51,118 - INFO - composites.py:432 - Write B02 -> //nas-rs.topo.auth.gr/Latomeia/DROUGHT/composites/x09/y11/2025/09/01/S2L2A_medcomp_x09y11_202509_B02.tif
2025-09-04 23:53:55,245 - INFO - composites.py:432 - Write B03 -> //nas-rs.topo.auth.gr/Latomeia/DROUGHT/composites/x09/y11/2025/09/01/S2L2A_medcomp_x09y11_202509_B03.tif
2025-09-04 23:53:59,258 - INFO - composites.py:432 - Write B04 -> //nas-rs.topo.auth.gr/Latomeia/DROUGHT/composites/x09/y11/2025/09/01/S2L2A_medcomp_x09y11_202509_B04.tif
2025-09-04 23:54:03,183 - INFO - composites.py:432 - Write B05 -> //nas-rs.topo.auth.gr/Latomeia/DROUGHT/composites/x09/y11/2025/09/01/S2L2A_medcomp_x09y11_202509_B05.tif
2025-09-04 23:54:07,411 - INFO - composites.py:432 - Write B07 -> //nas-rs.topo.auth.gr/Latomeia/DROUGHT/composites/x09/y11/2025/09/01/S2L2A_medcomp_x09y11_202509_B07.tif
2025-09-04 23:54:11,755 - INFO - composites.py:432 - Write B8A -> //nas-rs.topo.auth.gr/Latomeia/DROUGHT/composites/x09/y11/2025/09/01/S2L2A_medcomp_x09y11_202509_B8A.tif
2025-09-04 23:54:15,654 - INFO - composites.py:432 - Write EVI -> //nas-rs.topo.auth.gr/Latomeia/DROUGHT/composites/x09/y11/2025/09/01/S2L2A_medcomp_x09y11_202509_EVI.tif
2025-09-04 23:54:19,432 - INFO - composites.py:432 - Write NDVI -> //nas-rs.topo.auth.gr/Latomeia/DROUGHT/composites/x09/y11/2025/09/01/S2L2A_medcomp_x09y11_202509_NDVI.tif
2025-09-04 23:54:23,246 - INFO - composites.py:432 - Write PSRI2 -> //nas-rs.topo.auth.gr/Latomeia/DROUGHT/composites/x09/y11/2025/09/01/S2L2A_medcomp_x09y11_202509_PSRI2.tif
2025-09-04 23:54:23,262 - INFO - composites.py:436 - Prepare metadata YAML document
2025-09-04 23:54:23,714 - INFO - composites.py:458 - Write metadata YAML document to disk
2025-09-04 23:54:23,780 - INFO - composites.py:463 - Create datacube.model.Dataset from eo3 metadata
2025-09-04 23:54:23,790 - INFO - composites.py:476 - Index to datacube
2025-09-04 23:54:23,790 - INFO - _datasets.py:191 - Indexing cdc95e98-771d-489b-a653-2d1224023e90
2025-09-04 23:54:23,798 - INFO - composites.py:479 - 
2025-09-04 23:54:23,798 - INFO - composites.py:480 -              ✔✔✔ COMPLETED: Tile x09_y11 | Time: 2025-09 | In 2.42 minutes
2025-09-04 23:54:23,798 - INFO - composites.py:481 - 
2025-09-04 23:54:23,798 - INFO - composites.py:489 - Closing Dask client
2025-09-04 23:54:23,800 - INFO - composites.py:493 - Closing Dask cluster
2025-09-04 23:54:23,800 - INFO - composites.py:494 - #######################################################################
