2025-09-01 10:31:44,886 - INFO - composites.py:102 - #######################################################################
2025-09-01 10:31:44,886 - INFO - composites.py:104 - Processing started
2025-09-01 10:31:44,886 - INFO - composites.py:105 -         Tile: x11_y08
2025-09-01 10:31:44,886 - INFO - composites.py:106 -         Time: 2023-12
2025-09-01 10:31:44,886 - INFO - composites.py:109 -                           
2025-09-01 10:31:44,886 - INFO - composites.py:110 - Establishing connection to datacube
2025-09-01 10:31:45,400 - INFO - composites.py:113 -                           
2025-09-01 10:31:45,400 - INFO - composites.py:114 - Sanity test: Check if dataset already exists in the datacube
2025-09-01 10:31:45,421 - INFO - composites.py:133 - The composite requested was not found and it will be computed
2025-09-01 10:31:45,421 - INFO - composites.py:136 -                                  
2025-09-01 10:31:45,421 - INFO - composites.py:137 - Initializing Dask cluster for parallelization
2025-09-01 10:31:50,458 - INFO - composites.py:161 - Dask dashboard is available at: http://127.0.0.1:8787/status
2025-09-01 10:31:50,458 - INFO - composites.py:164 - Create directories and naming conversions
2025-09-01 10:31:50,503 - INFO - composites.py:177 - Dataset location: //nas-rs.topo.auth.gr/Latomeia/DROUGHT/composites/x11/y08/2023/12/01
2025-09-01 10:31:50,503 - INFO - composites.py:180 -                           
2025-09-01 10:31:50,503 - INFO - composites.py:181 - Retrieve tile geometry
2025-09-01 10:31:50,532 - INFO - composites.py:192 - Create the Bounding Box (φ,λ)
2025-09-01 10:31:50,532 - INFO - composites.py:198 - Create the Bounding Box (x,y)
2025-09-01 10:31:50,532 - INFO - composites.py:211 -                           
2025-09-01 10:31:50,532 - INFO - composites.py:212 - Connect to Planetary Computer STAC Catalog
2025-09-01 10:31:50,797 - INFO - composites.py:220 - Search the STAC Catalog
2025-09-01 10:31:50,869 - INFO - composites.py:232 -         Query parameters:
2025-09-01 10:31:50,869 - INFO - composites.py:233 -             url:          https://planetarycomputer.microsoft.com/api/stac/v1/search
2025-09-01 10:31:50,869 - INFO - composites.py:234 -             client:       microsoft-pc
2025-09-01 10:31:50,869 - INFO - composites.py:235 -             collection:   sentinel-2-l2a
2025-09-01 10:31:50,869 - INFO - composites.py:236 -             bbox:         (22.845662885042927, 36.78779644280391, 23.507450073915326, 37.34127558081356)
2025-09-01 10:31:50,869 - INFO - composites.py:237 -             time range:   2023-12-01T00:00:00Z/2023-12-31T23:59:59Z
2025-09-01 10:31:50,869 - INFO - composites.py:238 -             cloud cover:  0% - 70%
2025-09-01 10:31:50,869 - INFO - composites.py:239 -             nodata cover: 0% - 33%
2025-09-01 10:31:50,869 - INFO - composites.py:241 -                           
2025-09-01 10:31:50,869 - INFO - composites.py:242 - Searching...
2025-09-01 10:31:51,599 - INFO - composites.py:245 - Query found 32 items
2025-09-01 10:31:51,599 - INFO - composites.py:247 - Searching for GRI REFINED scenes:
2025-09-01 10:31:57,481 - INFO - sentinel2.py:78 - 1/32 - S2A_MSIL2A_20231231T091401_R050_T34SGG_20231231T131420 -> REFINED
2025-09-01 10:32:02,860 - INFO - sentinel2.py:78 - 2/32 - S2B_MSIL2A_20231229T092319_R093_T34SFG_20231229T120918 -> REFINED
2025-09-01 10:32:08,172 - INFO - sentinel2.py:78 - 3/32 - S2B_MSIL2A_20231229T092319_R093_T34SFF_20231229T121514 -> REFINED
2025-09-01 10:32:13,303 - INFO - sentinel2.py:78 - 4/32 - S2B_MSIL2A_20231226T091309_R050_T34SGG_20231226T131408 -> REFINED
2025-09-01 10:32:17,502 - INFO - sentinel2.py:78 - 5/32 - S2B_MSIL2A_20231226T091309_R050_T34SFG_20231226T120903 -> REFINED
2025-09-01 10:32:22,704 - INFO - sentinel2.py:78 - 6/32 - S2A_MSIL2A_20231224T092411_R093_T34SFG_20231224T142912 -> REFINED
2025-09-01 10:32:27,412 - INFO - sentinel2.py:78 - 7/32 - S2A_MSIL2A_20231224T092411_R093_T34SFF_20231224T142908 -> REFINED
2025-09-01 10:32:32,362 - INFO - sentinel2.py:78 - 8/32 - S2A_MSIL2A_20231221T091401_R050_T34SFF_20231222T044033 -> REFINED
2025-09-01 10:32:36,769 - INFO - sentinel2.py:78 - 9/32 - S2B_MSIL2A_20231219T092319_R093_T34SFG_20231220T125130 -> REFINED
2025-09-01 10:32:41,842 - INFO - sentinel2.py:78 - 10/32 - S2B_MSIL2A_20231219T092319_R093_T34SFF_20231220T125518 -> REFINED
2025-09-01 10:32:46,846 - INFO - sentinel2.py:78 - 11/32 - S2B_MSIL2A_20231216T091309_R050_T34SGF_20231220T031510 -> REFINED
2025-09-01 10:32:52,364 - INFO - sentinel2.py:78 - 12/32 - S2B_MSIL2A_20231216T091309_R050_T34SFF_20231220T031238 -> REFINED
2025-09-01 10:32:57,849 - INFO - sentinel2.py:78 - 13/32 - S2A_MSIL2A_20231214T092401_R093_T34SFG_20231219T220835 -> REFINED
2025-09-01 10:33:02,868 - INFO - sentinel2.py:78 - 14/32 - S2A_MSIL2A_20231214T092401_R093_T34SFF_20231219T220905 -> REFINED
2025-09-01 10:33:08,134 - INFO - sentinel2.py:78 - 15/32 - S2A_MSIL2A_20231211T091351_R050_T34SGG_20231211T142547 -> REFINED
2025-09-01 10:33:12,968 - INFO - sentinel2.py:78 - 16/32 - S2A_MSIL2A_20231211T091351_R050_T34SGF_20231211T142547 -> REFINED
2025-09-01 10:33:18,484 - INFO - sentinel2.py:78 - 17/32 - S2A_MSIL2A_20231211T091351_R050_T34SFG_20231211T142544 -> REFINED
2025-09-01 10:33:23,727 - INFO - sentinel2.py:78 - 18/32 - S2A_MSIL2A_20231211T091351_R050_T34SFF_20231211T142548 -> REFINED
2025-09-01 10:33:28,201 - INFO - sentinel2.py:78 - 19/32 - S2B_MSIL2A_20231206T091249_R050_T34SGG_20241029T134413 -> REFINED
2025-09-01 10:33:32,941 - INFO - sentinel2.py:78 - 20/32 - S2B_MSIL2A_20231206T091249_R050_T34SGG_20231206T121123 -> REFINED
2025-09-01 10:33:38,213 - INFO - sentinel2.py:78 - 21/32 - S2B_MSIL2A_20231206T091249_R050_T34SGF_20241029T134413 -> REFINED
2025-09-01 10:33:43,681 - INFO - sentinel2.py:78 - 22/32 - S2B_MSIL2A_20231206T091249_R050_T34SGF_20231206T121121 -> REFINED
2025-09-01 10:33:49,259 - INFO - sentinel2.py:78 - 23/32 - S2B_MSIL2A_20231206T091249_R050_T34SFG_20241029T134413 -> REFINED
2025-09-01 10:33:53,689 - INFO - sentinel2.py:78 - 24/32 - S2B_MSIL2A_20231206T091249_R050_T34SFG_20231206T121345 -> REFINED
2025-09-01 10:33:58,427 - INFO - sentinel2.py:78 - 25/32 - S2B_MSIL2A_20231206T091249_R050_T34SFF_20241029T134413 -> REFINED
2025-09-01 10:34:04,142 - INFO - sentinel2.py:78 - 26/32 - S2B_MSIL2A_20231206T091249_R050_T34SFF_20231206T121124 -> REFINED
2025-09-01 10:34:09,619 - INFO - sentinel2.py:78 - 27/32 - S2A_MSIL2A_20231201T091331_R050_T34SGG_20241101T021329 -> REFINED
2025-09-01 10:34:15,081 - INFO - sentinel2.py:78 - 28/32 - S2A_MSIL2A_20231201T091331_R050_T34SGG_20231201T133927 -> REFINED
2025-09-01 10:34:20,731 - INFO - sentinel2.py:78 - 29/32 - S2A_MSIL2A_20231201T091331_R050_T34SGF_20241101T021329 -> REFINED
2025-09-01 10:34:26,592 - INFO - sentinel2.py:78 - 30/32 - S2A_MSIL2A_20231201T091331_R050_T34SGF_20231201T134222 -> REFINED
2025-09-01 10:34:31,695 - INFO - sentinel2.py:78 - 31/32 - S2A_MSIL2A_20231201T091331_R050_T34SFG_20231201T134731 -> REFINED
2025-09-01 10:34:37,210 - INFO - sentinel2.py:78 - 32/32 - S2A_MSIL2A_20231201T091331_R050_T34SFF_20231201T134705 -> REFINED
2025-09-01 10:34:37,291 - INFO - composites.py:250 -                                  
2025-09-01 10:34:37,291 - INFO - composites.py:251 - 32/32 were refined by GRI.
2025-09-01 10:34:37,291 - INFO - composites.py:263 - Looking for up to 10 cleanest images within spatiotemporal range of each MGRS tile
2025-09-01 10:34:37,292 - INFO - composites.py:277 - Filtered cleanest scenes: Kept 32 out of 32 items. 
2025-09-01 10:34:37,292 - INFO - composites.py:278 -         Included MGRS Tiles: ['34SFF' '34SFG' '34SGF' '34SGG']
2025-09-01 10:34:37,292 - INFO - composites.py:279 -         Included EPSG codes: [32634]
2025-09-01 10:34:37,293 - INFO - composites.py:281 - Selected scenes:
2025-09-01 10:34:37,293 - INFO - composites.py:283 -         S2B_MSIL2A_20231219T092319_R093_T34SFF_20231220T125518
2025-09-01 10:34:37,293 - INFO - composites.py:283 -         S2A_MSIL2A_20231224T092411_R093_T34SFF_20231224T142908
2025-09-01 10:34:37,293 - INFO - composites.py:283 -         S2A_MSIL2A_20231201T091331_R050_T34SFF_20231201T134705
2025-09-01 10:34:37,293 - INFO - composites.py:283 -         S2B_MSIL2A_20231229T092319_R093_T34SFF_20231229T121514
2025-09-01 10:34:37,293 - INFO - composites.py:283 -         S2B_MSIL2A_20231206T091249_R050_T34SFF_20241029T134413
2025-09-01 10:34:37,295 - INFO - composites.py:283 -         S2B_MSIL2A_20231206T091249_R050_T34SFF_20231206T121124
2025-09-01 10:34:37,295 - INFO - composites.py:283 -         S2B_MSIL2A_20231216T091309_R050_T34SFF_20231220T031238
2025-09-01 10:34:37,311 - INFO - composites.py:283 -         S2A_MSIL2A_20231221T091401_R050_T34SFF_20231222T044033
2025-09-01 10:34:37,311 - INFO - composites.py:283 -         S2A_MSIL2A_20231211T091351_R050_T34SFF_20231211T142548
2025-09-01 10:34:37,316 - INFO - composites.py:283 -         S2A_MSIL2A_20231214T092401_R093_T34SFF_20231219T220905
2025-09-01 10:34:37,317 - INFO - composites.py:283 -         S2B_MSIL2A_20231219T092319_R093_T34SFG_20231220T125130
2025-09-01 10:34:37,317 - INFO - composites.py:283 -         S2B_MSIL2A_20231229T092319_R093_T34SFG_20231229T120918
2025-09-01 10:34:37,317 - INFO - composites.py:283 -         S2A_MSIL2A_20231201T091331_R050_T34SFG_20231201T134731
2025-09-01 10:34:37,318 - INFO - composites.py:283 -         S2B_MSIL2A_20231226T091309_R050_T34SFG_20231226T120903
2025-09-01 10:34:37,329 - INFO - composites.py:283 -         S2B_MSIL2A_20231206T091249_R050_T34SFG_20241029T134413
2025-09-01 10:34:37,329 - INFO - composites.py:283 -         S2B_MSIL2A_20231206T091249_R050_T34SFG_20231206T121345
2025-09-01 10:34:37,329 - INFO - composites.py:283 -         S2A_MSIL2A_20231214T092401_R093_T34SFG_20231219T220835
2025-09-01 10:34:37,334 - INFO - composites.py:283 -         S2A_MSIL2A_20231211T091351_R050_T34SFG_20231211T142544
2025-09-01 10:34:37,334 - INFO - composites.py:283 -         S2A_MSIL2A_20231224T092411_R093_T34SFG_20231224T142912
2025-09-01 10:34:37,334 - INFO - composites.py:283 -         S2B_MSIL2A_20231206T091249_R050_T34SGF_20241029T134413
2025-09-01 10:34:37,334 - INFO - composites.py:283 -         S2B_MSIL2A_20231206T091249_R050_T34SGF_20231206T121121
2025-09-01 10:34:37,334 - INFO - composites.py:283 -         S2A_MSIL2A_20231201T091331_R050_T34SGF_20231201T134222
2025-09-01 10:34:37,334 - INFO - composites.py:283 -         S2A_MSIL2A_20231201T091331_R050_T34SGF_20241101T021329
2025-09-01 10:34:37,334 - INFO - composites.py:283 -         S2B_MSIL2A_20231216T091309_R050_T34SGF_20231220T031510
2025-09-01 10:34:37,334 - INFO - composites.py:283 -         S2A_MSIL2A_20231211T091351_R050_T34SGF_20231211T142547
2025-09-01 10:34:37,334 - INFO - composites.py:283 -         S2B_MSIL2A_20231206T091249_R050_T34SGG_20241029T134413
2025-09-01 10:34:37,334 - INFO - composites.py:283 -         S2B_MSIL2A_20231206T091249_R050_T34SGG_20231206T121123
2025-09-01 10:34:37,334 - INFO - composites.py:283 -         S2A_MSIL2A_20231211T091351_R050_T34SGG_20231211T142547
2025-09-01 10:34:37,334 - INFO - composites.py:283 -         S2A_MSIL2A_20231201T091331_R050_T34SGG_20241101T021329
2025-09-01 10:34:37,334 - INFO - composites.py:283 -         S2A_MSIL2A_20231201T091331_R050_T34SGG_20231201T133927
2025-09-01 10:34:37,334 - INFO - composites.py:283 -         S2B_MSIL2A_20231226T091309_R050_T34SGG_20231226T131408
2025-09-01 10:34:37,334 - INFO - composites.py:283 -         S2A_MSIL2A_20231231T091401_R050_T34SGG_20231231T131420
2025-09-01 10:34:37,773 - INFO - sentinel2.py:154 - Matplotlib backend: Agg
2025-09-01 10:34:38,048 - INFO - sentinel2.py:224 - Write input scenes footprint overlay: //nas-rs.topo.auth.gr/Latomeia/DROUGHT/composites/x11/y08/2023/12/01/S2L2A_medcomp_x11y08_202312_InDataFootprint.jpeg
2025-09-01 10:34:38,323 - INFO - composites.py:297 -                                  
2025-09-01 10:34:38,323 - INFO - composites.py:298 - Downstream STAC items from Planetary Computer
2025-09-01 10:34:38,323 - INFO - timeseries_processing.py:115 -                                  
2025-09-01 10:34:38,323 - INFO - timeseries_processing.py:116 - Loading bands of diferent resolutions in EPSG:32634
2025-09-01 10:34:38,323 - INFO - timeseries_processing.py:120 -     Filtering items with native UTM EPSG:32634
2025-09-01 10:34:38,323 - INFO - timeseries_processing.py:122 -     32 Items in EPSG:32634
2025-09-01 10:34:38,323 - INFO - timeseries_processing.py:129 -                        
2025-09-01 10:34:38,323 - INFO - timeseries_processing.py:130 -     Loading parameters:
2025-09-01 10:34:38,323 - INFO - timeseries_processing.py:131 -         Bands: ['B05', 'B07', 'B8A', 'SCL']
2025-09-01 10:34:38,323 - INFO - timeseries_processing.py:132 -         Spatial resolution: 20
2025-09-01 10:34:38,323 - INFO - timeseries_processing.py:134 -         Get Assets from STAC Items
2025-09-01 10:34:38,323 - INFO - timeseries_processing.py:47 -         Initialize the STAC client
2025-09-01 10:34:38,996 - INFO - timeseries_processing.py:137 -         Loading 32 STAC Items....
2025-09-01 10:37:00,514 - INFO - timeseries_processing.py:146 -         Cube has been downloaded
2025-09-01 10:37:00,514 - INFO - timeseries_processing.py:156 -         Fix order of dimensions
2025-09-01 10:37:00,517 - INFO - timeseries_processing.py:161 -         Append bands to the band-list of EPSG:32634
2025-09-01 10:37:00,517 - INFO - timeseries_processing.py:129 -                        
2025-09-01 10:37:00,517 - INFO - timeseries_processing.py:130 -     Loading parameters:
2025-09-01 10:37:00,517 - INFO - timeseries_processing.py:131 -         Bands: ['B02', 'B03', 'B04']
2025-09-01 10:37:00,519 - INFO - timeseries_processing.py:132 -         Spatial resolution: 10
2025-09-01 10:37:00,519 - INFO - timeseries_processing.py:134 -         Get Assets from STAC Items
2025-09-01 10:37:00,519 - INFO - timeseries_processing.py:47 -         Initialize the STAC client
2025-09-01 10:37:01,258 - INFO - timeseries_processing.py:137 -         Loading 32 STAC Items....
2025-09-01 10:40:00,520 - INFO - timeseries_processing.py:146 -         Cube has been downloaded
2025-09-01 10:40:00,520 - INFO - timeseries_processing.py:149 -         Reproject to downsample 10m bands to 20m by Resampling.average 2x2 binning and shape matching with odc.geo.GeoBox
2025-09-01 10:40:15,945 - INFO - timeseries_processing.py:161 -         Append bands to the band-list of EPSG:32634
2025-09-01 10:40:15,945 - INFO - timeseries_processing.py:165 -                        
2025-09-01 10:40:15,945 - INFO - timeseries_processing.py:166 -     Merging bands in a single dataset
2025-09-01 10:40:15,945 - INFO - timeseries_processing.py:167 -     Ensure all partial datasets are at (x=20, y=-20) resolution
2025-09-01 10:40:15,945 - INFO - timeseries_processing.py:171 -     Clip to the intersection of indexes
2025-09-01 10:40:17,288 - INFO - timeseries_processing.py:180 -     Make a list of bands to merge
2025-09-01 10:40:17,288 - INFO - timeseries_processing.py:184 -     Merge on intersection
2025-09-01 10:40:17,290 - INFO - timeseries_processing.py:192 -     Apply masks on clouds, shadows, thin cirrus, and snow/ice
2025-09-01 10:40:17,290 - INFO - sentinel2.py:122 -                Masking bits: [3, 7, 8, 9, 10, 11]
2025-09-01 10:40:18,709 - INFO - composites.py:307 - Reproject from UTM Zone to Tile geometry -> CRS(EPSG:32634), Resampling.bilinear
2025-09-01 10:40:26,293 - INFO - composites.py:310 -     New shape of datasets: Shape2d(x=2400, y=2400)
2025-09-01 10:40:27,015 - INFO - composites.py:329 - Scale SR to Sen2Cor Baseline 4.00 - Subtract 1000 in dates post 2022-01-25
2025-09-01 10:40:28,604 - INFO - composites.py:342 - Creating preview plot of input scenes
2025-09-01 10:41:03,904 - INFO - timeseries_processing.py:349 - Saved preview for 'B04' to //nas-rs.topo.auth.gr/Latomeia/DROUGHT/composites/x11/y08/2023/12/01/S2L2A_medcomp_x11y08_202312_InDataPreview.jpeg
2025-09-01 10:41:03,913 - INFO - composites.py:348 - Clip value range
2025-09-01 10:41:06,064 - INFO - composites.py:353 -                           
2025-09-01 10:41:06,064 - INFO - composites.py:354 - Computing spectral indices:
2025-09-01 10:41:06,064 - INFO - composites.py:357 -     EVI...
2025-09-01 10:41:07,428 - INFO - composites.py:359 -     NDVI...
2025-09-01 10:41:07,959 - INFO - composites.py:361 -     PSRI2...
2025-09-01 10:41:08,257 - INFO - composites.py:364 - Clip to typical value range
2025-09-01 10:41:08,637 - INFO - composites.py:371 - Reducing to median value temporal composite
2025-09-01 10:41:34,481 - INFO - composites.py:390 - Scale and Define data types & nodata per band
2025-09-01 10:41:34,613 - INFO - composites.py:411 - Assign time range and tile ID in metadata
2025-09-01 10:41:34,613 - INFO - composites.py:419 - Write bands to raster COG files
2025-09-01 10:41:38,423 - INFO - composites.py:432 - Write B02 -> //nas-rs.topo.auth.gr/Latomeia/DROUGHT/composites/x11/y08/2023/12/01/S2L2A_medcomp_x11y08_202312_B02.tif
2025-09-01 10:41:42,347 - INFO - composites.py:432 - Write B03 -> //nas-rs.topo.auth.gr/Latomeia/DROUGHT/composites/x11/y08/2023/12/01/S2L2A_medcomp_x11y08_202312_B03.tif
2025-09-01 10:41:46,273 - INFO - composites.py:432 - Write B04 -> //nas-rs.topo.auth.gr/Latomeia/DROUGHT/composites/x11/y08/2023/12/01/S2L2A_medcomp_x11y08_202312_B04.tif
2025-09-01 10:41:50,255 - INFO - composites.py:432 - Write B05 -> //nas-rs.topo.auth.gr/Latomeia/DROUGHT/composites/x11/y08/2023/12/01/S2L2A_medcomp_x11y08_202312_B05.tif
2025-09-01 10:41:54,263 - INFO - composites.py:432 - Write B07 -> //nas-rs.topo.auth.gr/Latomeia/DROUGHT/composites/x11/y08/2023/12/01/S2L2A_medcomp_x11y08_202312_B07.tif
2025-09-01 10:41:58,825 - INFO - composites.py:432 - Write B8A -> //nas-rs.topo.auth.gr/Latomeia/DROUGHT/composites/x11/y08/2023/12/01/S2L2A_medcomp_x11y08_202312_B8A.tif
2025-09-01 10:42:02,691 - INFO - composites.py:432 - Write EVI -> //nas-rs.topo.auth.gr/Latomeia/DROUGHT/composites/x11/y08/2023/12/01/S2L2A_medcomp_x11y08_202312_EVI.tif
2025-09-01 10:42:06,531 - INFO - composites.py:432 - Write NDVI -> //nas-rs.topo.auth.gr/Latomeia/DROUGHT/composites/x11/y08/2023/12/01/S2L2A_medcomp_x11y08_202312_NDVI.tif
2025-09-01 10:42:10,177 - INFO - composites.py:432 - Write PSRI2 -> //nas-rs.topo.auth.gr/Latomeia/DROUGHT/composites/x11/y08/2023/12/01/S2L2A_medcomp_x11y08_202312_PSRI2.tif
2025-09-01 10:42:10,196 - INFO - composites.py:436 - Prepare metadata YAML document
2025-09-01 10:42:10,717 - INFO - composites.py:458 - Write metadata YAML document to disk
2025-09-01 10:42:10,771 - INFO - composites.py:463 - Create datacube.model.Dataset from eo3 metadata
2025-09-01 10:42:10,783 - INFO - composites.py:476 - Index to datacube
2025-09-01 10:42:10,783 - INFO - _datasets.py:191 - Indexing 54756967-e0fd-44fc-ba84-619ae5407a36
2025-09-01 10:42:10,793 - INFO - composites.py:479 - 
2025-09-01 10:42:10,793 - INFO - composites.py:480 -              ✔✔✔ COMPLETED: Tile x11_y08 | Time: 2023-12 | In 10.43 minutes
2025-09-01 10:42:10,793 - INFO - composites.py:481 - 
2025-09-01 10:42:10,793 - INFO - composites.py:489 - Closing Dask client
2025-09-01 10:42:10,798 - INFO - composites.py:493 - Closing Dask cluster
2025-09-01 10:42:10,799 - INFO - composites.py:494 - #######################################################################
