2025-09-03 13:43:02,630 - INFO - composites.py:102 - #######################################################################
2025-09-03 13:43:02,630 - INFO - composites.py:104 - Processing started
2025-09-03 13:43:02,630 - INFO - composites.py:105 -         Tile: x08_y10
2025-09-03 13:43:02,630 - INFO - composites.py:106 -         Time: 2025-06
2025-09-03 13:43:02,630 - INFO - composites.py:109 -                           
2025-09-03 13:43:02,630 - INFO - composites.py:110 - Establishing connection to datacube
2025-09-03 13:43:03,151 - INFO - composites.py:113 -                           
2025-09-03 13:43:03,151 - INFO - composites.py:114 - Sanity test: Check if dataset already exists in the datacube
2025-09-03 13:43:03,174 - INFO - composites.py:133 - The composite requested was not found and it will be computed
2025-09-03 13:43:03,174 - INFO - composites.py:136 -                                  
2025-09-03 13:43:03,174 - INFO - composites.py:137 - Initializing Dask cluster for parallelization
2025-09-03 13:43:08,171 - INFO - composites.py:161 - Dask dashboard is available at: http://127.0.0.1:8787/status
2025-09-03 13:43:08,171 - INFO - composites.py:164 - Create directories and naming conversions
2025-09-03 13:43:08,183 - INFO - composites.py:177 - Dataset location: //nas-rs.topo.auth.gr/Latomeia/DROUGHT/composites/x08/y10/2025/06/01
2025-09-03 13:43:08,185 - INFO - composites.py:180 -                           
2025-09-03 13:43:08,185 - INFO - composites.py:181 - Retrieve tile geometry
2025-09-03 13:43:08,213 - INFO - composites.py:192 - Create the Bounding Box (φ,λ)
2025-09-03 13:43:08,213 - INFO - composites.py:198 - Create the Bounding Box (x,y)
2025-09-03 13:43:08,214 - INFO - composites.py:211 -                           
2025-09-03 13:43:08,214 - INFO - composites.py:212 - Connect to Planetary Computer STAC Catalog
2025-09-03 13:43:08,418 - INFO - composites.py:220 - Search the STAC Catalog
2025-09-03 13:43:08,487 - INFO - composites.py:232 -         Query parameters:
2025-09-03 13:43:08,487 - INFO - composites.py:233 -             url:          https://planetarycomputer.microsoft.com/api/stac/v1/search
2025-09-03 13:43:08,487 - INFO - composites.py:234 -             client:       microsoft-pc
2025-09-03 13:43:08,487 - INFO - composites.py:235 -             collection:   sentinel-2-l2a
2025-09-03 13:43:08,487 - INFO - composites.py:236 -             bbox:         (21.39721400014901, 37.8618519319046, 22.06142649589928, 38.40819969704171)
2025-09-03 13:43:08,487 - INFO - composites.py:237 -             time range:   2025-06-01T00:00:00Z/2025-06-30T23:59:59Z
2025-09-03 13:43:08,487 - INFO - composites.py:238 -             cloud cover:  0% - 70%
2025-09-03 13:43:08,487 - INFO - composites.py:239 -             nodata cover: 0% - 33%
2025-09-03 13:43:08,487 - INFO - composites.py:241 -                           
2025-09-03 13:43:08,487 - INFO - composites.py:242 - Searching...
2025-09-03 13:43:09,169 - INFO - composites.py:245 - Query found 18 items
2025-09-03 13:43:09,169 - INFO - composites.py:247 - Searching for GRI REFINED scenes:
2025-09-03 13:43:15,383 - INFO - sentinel2.py:78 - 1/18 - S2A_MSIL2A_20250628T092041_R093_T34SEH_20250628T125303 -> REFINED
2025-09-03 13:43:22,160 - INFO - sentinel2.py:78 - 2/18 - S2A_MSIL2A_20250628T092041_R093_T34SEG_20250628T125303 -> REFINED
2025-09-03 13:43:29,192 - INFO - sentinel2.py:78 - 3/18 - S2C_MSIL2A_20250626T092051_R093_T34SEH_20250626T131216 -> REFINED
2025-09-03 13:44:42,927 - INFO - sentinel2.py:78 - 4/18 - S2C_MSIL2A_20250626T092051_R093_T34SEG_20250626T131216 -> REFINED
2025-09-03 13:45:28,774 - INFO - sentinel2.py:78 - 5/18 - S2B_MSIL2A_20250621T092029_R093_T34SEH_20250621T102719 -> REFINED
2025-09-03 13:45:36,219 - INFO - sentinel2.py:78 - 6/18 - S2B_MSIL2A_20250621T092029_R093_T34SEG_20250621T102719 -> REFINED
2025-09-03 13:45:42,780 - INFO - sentinel2.py:78 - 7/18 - S2A_MSIL2A_20250618T092231_R093_T34SEH_20250618T114601 -> REFINED
2025-09-03 13:45:50,087 - INFO - sentinel2.py:78 - 8/18 - S2A_MSIL2A_20250618T092231_R093_T34SEG_20250618T114601 -> REFINED
2025-09-03 13:45:58,343 - INFO - sentinel2.py:78 - 9/18 - S2C_MSIL2A_20250616T092051_R093_T34SEH_20250616T120017 -> REFINED
2025-09-03 13:46:37,208 - INFO - sentinel2.py:78 - 10/18 - S2C_MSIL2A_20250616T092051_R093_T34SEG_20250616T120017 -> REFINED
2025-09-03 13:47:41,153 - INFO - sentinel2.py:78 - 11/18 - S2B_MSIL2A_20250611T092029_R093_T34SEH_20250611T121714 -> REFINED
2025-09-03 13:48:00,629 - INFO - sentinel2.py:78 - 12/18 - S2B_MSIL2A_20250611T092029_R093_T34SEG_20250611T121714 -> REFINED
2025-09-03 13:48:07,426 - INFO - sentinel2.py:78 - 13/18 - S2A_MSIL2A_20250608T092041_R093_T34SEH_20250608T121913 -> REFINED
2025-09-03 13:48:14,598 - INFO - sentinel2.py:78 - 14/18 - S2A_MSIL2A_20250608T092041_R093_T34SEG_20250608T121913 -> REFINED
2025-09-03 13:48:21,825 - INFO - sentinel2.py:78 - 15/18 - S2C_MSIL2A_20250606T092051_R093_T34SEH_20250606T121513 -> REFINED
2025-09-03 13:48:36,047 - INFO - sentinel2.py:78 - 16/18 - S2C_MSIL2A_20250606T092051_R093_T34SEG_20250606T121513 -> REFINED
2025-09-03 13:48:42,219 - INFO - sentinel2.py:78 - 17/18 - S2B_MSIL2A_20250601T092029_R093_T34SEH_20250601T113837 -> REFINED
2025-09-03 13:48:49,801 - INFO - sentinel2.py:78 - 18/18 - S2B_MSIL2A_20250601T092029_R093_T34SEG_20250601T113837 -> REFINED
2025-09-03 13:48:49,864 - INFO - composites.py:250 -                                  
2025-09-03 13:48:49,880 - INFO - composites.py:251 - 18/18 were refined by GRI.
2025-09-03 13:48:49,889 - INFO - composites.py:263 - Looking for up to 10 cleanest images within spatiotemporal range of each MGRS tile
2025-09-03 13:48:49,889 - INFO - composites.py:277 - Filtered cleanest scenes: Kept 18 out of 18 items. 
2025-09-03 13:48:49,890 - INFO - composites.py:278 -         Included MGRS Tiles: ['34SEG' '34SEH']
2025-09-03 13:48:49,890 - INFO - composites.py:279 -         Included EPSG codes: [32634]
2025-09-03 13:48:49,890 - INFO - composites.py:281 - Selected scenes:
2025-09-03 13:48:49,890 - INFO - composites.py:283 -         S2C_MSIL2A_20250626T092051_R093_T34SEG_20250626T131216
2025-09-03 13:48:49,890 - INFO - composites.py:283 -         S2A_MSIL2A_20250618T092231_R093_T34SEG_20250618T114601
2025-09-03 13:48:49,891 - INFO - composites.py:283 -         S2B_MSIL2A_20250611T092029_R093_T34SEG_20250611T121714
2025-09-03 13:48:49,891 - INFO - composites.py:283 -         S2A_MSIL2A_20250608T092041_R093_T34SEG_20250608T121913
2025-09-03 13:48:49,891 - INFO - composites.py:283 -         S2C_MSIL2A_20250606T092051_R093_T34SEG_20250606T121513
2025-09-03 13:48:49,892 - INFO - composites.py:283 -         S2A_MSIL2A_20250628T092041_R093_T34SEG_20250628T125303
2025-09-03 13:48:49,892 - INFO - composites.py:283 -         S2C_MSIL2A_20250616T092051_R093_T34SEG_20250616T120017
2025-09-03 13:48:49,892 - INFO - composites.py:283 -         S2B_MSIL2A_20250601T092029_R093_T34SEG_20250601T113837
2025-09-03 13:48:49,892 - INFO - composites.py:283 -         S2B_MSIL2A_20250621T092029_R093_T34SEG_20250621T102719
2025-09-03 13:48:49,892 - INFO - composites.py:283 -         S2C_MSIL2A_20250626T092051_R093_T34SEH_20250626T131216
2025-09-03 13:48:49,892 - INFO - composites.py:283 -         S2B_MSIL2A_20250611T092029_R093_T34SEH_20250611T121714
2025-09-03 13:48:49,892 - INFO - composites.py:283 -         S2A_MSIL2A_20250618T092231_R093_T34SEH_20250618T114601
2025-09-03 13:48:49,892 - INFO - composites.py:283 -         S2A_MSIL2A_20250608T092041_R093_T34SEH_20250608T121913
2025-09-03 13:48:49,893 - INFO - composites.py:283 -         S2C_MSIL2A_20250606T092051_R093_T34SEH_20250606T121513
2025-09-03 13:48:49,893 - INFO - composites.py:283 -         S2C_MSIL2A_20250616T092051_R093_T34SEH_20250616T120017
2025-09-03 13:48:49,893 - INFO - composites.py:283 -         S2B_MSIL2A_20250621T092029_R093_T34SEH_20250621T102719
2025-09-03 13:48:49,894 - INFO - composites.py:283 -         S2A_MSIL2A_20250628T092041_R093_T34SEH_20250628T125303
2025-09-03 13:48:49,894 - INFO - composites.py:283 -         S2B_MSIL2A_20250601T092029_R093_T34SEH_20250601T113837
2025-09-03 13:48:50,375 - INFO - sentinel2.py:154 - Matplotlib backend: Agg
2025-09-03 13:48:50,595 - INFO - sentinel2.py:224 - Write input scenes footprint overlay: //nas-rs.topo.auth.gr/Latomeia/DROUGHT/composites/x08/y10/2025/06/01/S2L2A_medcomp_x08y10_202506_InDataFootprint.jpeg
2025-09-03 13:48:50,865 - INFO - composites.py:297 -                                  
2025-09-03 13:48:50,865 - INFO - composites.py:298 - Downstream STAC items from Planetary Computer
2025-09-03 13:48:50,865 - INFO - timeseries_processing.py:115 -                                  
2025-09-03 13:48:50,865 - INFO - timeseries_processing.py:116 - Loading bands of diferent resolutions in EPSG:32634
2025-09-03 13:48:50,865 - INFO - timeseries_processing.py:120 -     Filtering items with native UTM EPSG:32634
2025-09-03 13:48:50,865 - INFO - timeseries_processing.py:122 -     18 Items in EPSG:32634
2025-09-03 13:48:50,865 - INFO - timeseries_processing.py:129 -                        
2025-09-03 13:48:50,865 - INFO - timeseries_processing.py:130 -     Loading parameters:
2025-09-03 13:48:50,865 - INFO - timeseries_processing.py:131 -         Bands: ['B05', 'B07', 'B8A', 'SCL']
2025-09-03 13:48:50,865 - INFO - timeseries_processing.py:132 -         Spatial resolution: 20
2025-09-03 13:48:50,865 - INFO - timeseries_processing.py:134 -         Get Assets from STAC Items
2025-09-03 13:48:50,867 - INFO - timeseries_processing.py:47 -         Initialize the STAC client
2025-09-03 13:48:51,415 - INFO - timeseries_processing.py:137 -         Loading 18 STAC Items....
2025-09-03 13:50:22,656 - INFO - timeseries_processing.py:146 -         Cube has been downloaded
2025-09-03 13:50:22,656 - INFO - timeseries_processing.py:156 -         Fix order of dimensions
2025-09-03 13:50:22,658 - INFO - timeseries_processing.py:161 -         Append bands to the band-list of EPSG:32634
2025-09-03 13:50:22,660 - INFO - timeseries_processing.py:129 -                        
2025-09-03 13:50:22,660 - INFO - timeseries_processing.py:130 -     Loading parameters:
2025-09-03 13:50:22,672 - INFO - timeseries_processing.py:131 -         Bands: ['B02', 'B03', 'B04']
2025-09-03 13:50:22,672 - INFO - timeseries_processing.py:132 -         Spatial resolution: 10
2025-09-03 13:50:22,672 - INFO - timeseries_processing.py:134 -         Get Assets from STAC Items
2025-09-03 13:50:22,672 - INFO - timeseries_processing.py:47 -         Initialize the STAC client
2025-09-03 13:50:23,189 - INFO - timeseries_processing.py:137 -         Loading 18 STAC Items....
2025-09-03 13:52:33,253 - INFO - timeseries_processing.py:146 -         Cube has been downloaded
2025-09-03 13:52:33,253 - INFO - timeseries_processing.py:149 -         Reproject to downsample 10m bands to 20m by Resampling.average 2x2 binning and shape matching with odc.geo.GeoBox
2025-09-03 13:52:47,701 - INFO - timeseries_processing.py:161 -         Append bands to the band-list of EPSG:32634
2025-09-03 13:52:47,701 - INFO - timeseries_processing.py:165 -                        
2025-09-03 13:52:47,701 - INFO - timeseries_processing.py:166 -     Merging bands in a single dataset
2025-09-03 13:52:47,701 - INFO - timeseries_processing.py:167 -     Ensure all partial datasets are at (x=20, y=-20) resolution
2025-09-03 13:52:47,701 - INFO - timeseries_processing.py:171 -     Clip to the intersection of indexes
2025-09-03 13:52:48,654 - INFO - timeseries_processing.py:180 -     Make a list of bands to merge
2025-09-03 13:52:48,656 - INFO - timeseries_processing.py:184 -     Merge on intersection
2025-09-03 13:52:48,657 - INFO - timeseries_processing.py:192 -     Apply masks on clouds, shadows, thin cirrus, and snow/ice
2025-09-03 13:52:48,657 - INFO - sentinel2.py:122 -                Masking bits: [3, 7, 8, 9, 10, 11]
2025-09-03 13:52:49,746 - INFO - composites.py:307 - Reproject from UTM Zone to Tile geometry -> CRS(EPSG:32634), Resampling.bilinear
2025-09-03 13:52:55,801 - INFO - composites.py:310 -     New shape of datasets: Shape2d(x=2400, y=2400)
2025-09-03 13:52:56,506 - INFO - composites.py:329 - Scale SR to Sen2Cor Baseline 4.00 - Subtract 1000 in dates post 2022-01-25
2025-09-03 13:52:58,018 - INFO - composites.py:342 - Creating preview plot of input scenes
2025-09-03 13:53:29,495 - INFO - timeseries_processing.py:349 - Saved preview for 'B04' to //nas-rs.topo.auth.gr/Latomeia/DROUGHT/composites/x08/y10/2025/06/01/S2L2A_medcomp_x08y10_202506_InDataPreview.jpeg
2025-09-03 13:53:29,500 - INFO - composites.py:348 - Clip value range
2025-09-03 13:53:31,339 - INFO - composites.py:353 -                           
2025-09-03 13:53:31,339 - INFO - composites.py:354 - Computing spectral indices:
2025-09-03 13:53:31,339 - INFO - composites.py:357 -     EVI...
2025-09-03 13:53:32,437 - INFO - composites.py:359 -     NDVI...
2025-09-03 13:53:32,904 - INFO - composites.py:361 -     PSRI2...
2025-09-03 13:53:33,148 - INFO - composites.py:364 - Clip to typical value range
2025-09-03 13:53:33,450 - INFO - composites.py:371 - Reducing to median value temporal composite
2025-09-03 13:54:01,867 - INFO - composites.py:390 - Scale and Define data types & nodata per band
2025-09-03 13:54:01,995 - INFO - composites.py:411 - Assign time range and tile ID in metadata
2025-09-03 13:54:01,995 - INFO - composites.py:419 - Write bands to raster COG files
2025-09-03 13:54:06,013 - INFO - composites.py:432 - Write B02 -> //nas-rs.topo.auth.gr/Latomeia/DROUGHT/composites/x08/y10/2025/06/01/S2L2A_medcomp_x08y10_202506_B02.tif
2025-09-03 13:54:10,129 - INFO - composites.py:432 - Write B03 -> //nas-rs.topo.auth.gr/Latomeia/DROUGHT/composites/x08/y10/2025/06/01/S2L2A_medcomp_x08y10_202506_B03.tif
2025-09-03 13:54:14,306 - INFO - composites.py:432 - Write B04 -> //nas-rs.topo.auth.gr/Latomeia/DROUGHT/composites/x08/y10/2025/06/01/S2L2A_medcomp_x08y10_202506_B04.tif
2025-09-03 13:54:18,305 - INFO - composites.py:432 - Write B05 -> //nas-rs.topo.auth.gr/Latomeia/DROUGHT/composites/x08/y10/2025/06/01/S2L2A_medcomp_x08y10_202506_B05.tif
2025-09-03 13:54:22,379 - INFO - composites.py:432 - Write B07 -> //nas-rs.topo.auth.gr/Latomeia/DROUGHT/composites/x08/y10/2025/06/01/S2L2A_medcomp_x08y10_202506_B07.tif
2025-09-03 13:54:26,449 - INFO - composites.py:432 - Write B8A -> //nas-rs.topo.auth.gr/Latomeia/DROUGHT/composites/x08/y10/2025/06/01/S2L2A_medcomp_x08y10_202506_B8A.tif
2025-09-03 13:54:30,444 - INFO - composites.py:432 - Write EVI -> //nas-rs.topo.auth.gr/Latomeia/DROUGHT/composites/x08/y10/2025/06/01/S2L2A_medcomp_x08y10_202506_EVI.tif
2025-09-03 13:54:34,323 - INFO - composites.py:432 - Write NDVI -> //nas-rs.topo.auth.gr/Latomeia/DROUGHT/composites/x08/y10/2025/06/01/S2L2A_medcomp_x08y10_202506_NDVI.tif
2025-09-03 13:54:38,513 - INFO - composites.py:432 - Write PSRI2 -> //nas-rs.topo.auth.gr/Latomeia/DROUGHT/composites/x08/y10/2025/06/01/S2L2A_medcomp_x08y10_202506_PSRI2.tif
2025-09-03 13:54:38,513 - INFO - composites.py:436 - Prepare metadata YAML document
2025-09-03 13:54:39,064 - INFO - composites.py:458 - Write metadata YAML document to disk
2025-09-03 13:54:39,119 - INFO - composites.py:463 - Create datacube.model.Dataset from eo3 metadata
2025-09-03 13:54:39,129 - INFO - composites.py:476 - Index to datacube
2025-09-03 13:54:39,129 - INFO - _datasets.py:191 - Indexing 9b97b3b4-3ad2-44f5-bffa-10da96609a9c
2025-09-03 13:54:39,139 - INFO - composites.py:479 - 
2025-09-03 13:54:39,139 - INFO - composites.py:480 -              ✔✔✔ COMPLETED: Tile x08_y10 | Time: 2025-06 | In 11.61 minutes
2025-09-03 13:54:39,139 - INFO - composites.py:481 - 
2025-09-03 13:54:39,139 - INFO - composites.py:489 - Closing Dask client
2025-09-03 13:54:39,142 - INFO - composites.py:493 - Closing Dask cluster
2025-09-03 13:54:39,142 - INFO - composites.py:494 - #######################################################################
