2025-12-01 07:44:11,025 - INFO - composites.py:102 - #######################################################################
2025-12-01 07:44:11,025 - INFO - composites.py:104 - Processing started
2025-12-01 07:44:11,025 - INFO - composites.py:105 -         Tile: x07_y12
2025-12-01 07:44:11,025 - INFO - composites.py:106 -         Time: 2024-08
2025-12-01 07:44:11,025 - INFO - composites.py:109 -                           
2025-12-01 07:44:11,025 - INFO - composites.py:110 - Establishing connection to datacube
2025-12-01 07:44:11,576 - INFO - composites.py:113 -                           
2025-12-01 07:44:11,576 - INFO - composites.py:114 - Sanity test: Check if dataset already exists in the datacube
2025-12-01 07:44:11,602 - INFO - composites.py:133 - The composite requested was not found and it will be computed
2025-12-01 07:44:11,602 - INFO - composites.py:136 -                                  
2025-12-01 07:44:11,602 - INFO - composites.py:137 - Initializing Dask cluster for parallelization
2025-12-01 07:44:16,780 - INFO - composites.py:161 - Dask dashboard is available at: http://127.0.0.1:8787/status
2025-12-01 07:44:16,780 - INFO - composites.py:164 - Create directories and naming conversions
2025-12-01 07:44:16,793 - INFO - composites.py:177 - Dataset location: //nas-rs.topo.auth.gr/Latomeia/DROUGHT/composites/x07/y12/2024/08/01
2025-12-01 07:44:16,793 - INFO - composites.py:180 -                           
2025-12-01 07:44:16,793 - INFO - composites.py:181 - Retrieve tile geometry
2025-12-01 07:44:16,819 - INFO - composites.py:192 - Create the Bounding Box (φ,λ)
2025-12-01 07:44:16,819 - INFO - composites.py:198 - Create the Bounding Box (x,y)
2025-12-01 07:44:16,819 - INFO - composites.py:211 -                           
2025-12-01 07:44:16,819 - INFO - composites.py:212 - Connect to Planetary Computer STAC Catalog
2025-12-01 07:44:17,211 - INFO - composites.py:220 - Search the STAC Catalog
2025-12-01 07:44:17,291 - INFO - composites.py:232 -         Query parameters:
2025-12-01 07:44:17,291 - INFO - composites.py:233 -             url:          https://planetarycomputer.microsoft.com/api/stac/v1/search
2025-12-01 07:44:17,291 - INFO - composites.py:234 -             client:       microsoft-pc
2025-12-01 07:44:17,291 - INFO - composites.py:235 -             collection:   sentinel-2-l2a
2025-12-01 07:44:17,291 - INFO - composites.py:236 -             bbox:         (20.999765686564626, 38.787881790199634, 21.67096534182257, 39.332009850489634)
2025-12-01 07:44:17,291 - INFO - composites.py:237 -             time range:   2024-08-01T00:00:00Z/2024-08-31T23:59:59Z
2025-12-01 07:44:17,291 - INFO - composites.py:238 -             cloud cover:  0% - 70%
2025-12-01 07:44:17,291 - INFO - composites.py:239 -             nodata cover: 0% - 33%
2025-12-01 07:44:17,291 - INFO - composites.py:241 -                           
2025-12-01 07:44:17,292 - INFO - composites.py:242 - Searching...
2025-12-01 07:44:17,788 - INFO - composites.py:245 - Query found 26 items
2025-12-01 07:44:17,788 - INFO - composites.py:247 - Searching for GRI REFINED scenes:
2025-12-01 07:44:24,129 - INFO - sentinel2.py:78 - 1/26 - S2B_MSIL2A_20240828T092549_R136_T34SDJ_20240828T122710 -> REFINED
2025-12-01 07:44:29,150 - INFO - sentinel2.py:78 - 2/26 - S2B_MSIL2A_20240828T092549_R136_T34SDH_20240828T122710 -> REFINED
2025-12-01 07:44:34,200 - INFO - sentinel2.py:78 - 3/26 - S2B_MSIL2A_20240825T091549_R093_T34SEJ_20240826T145644 -> REFINED
2025-12-01 07:44:39,996 - INFO - sentinel2.py:78 - 4/26 - S2B_MSIL2A_20240825T091549_R093_T34SEH_20240826T145644 -> REFINED
2025-12-01 07:44:45,477 - INFO - sentinel2.py:78 - 5/26 - S2B_MSIL2A_20240825T091549_R093_T34SDH_20240826T145644 -> REFINED
2025-12-01 07:44:50,904 - INFO - sentinel2.py:78 - 6/26 - S2A_MSIL2A_20240823T093031_R136_T34SDJ_20240823T155251 -> REFINED
2025-12-01 07:44:57,101 - INFO - sentinel2.py:78 - 7/26 - S2A_MSIL2A_20240823T093031_R136_T34SDH_20240823T155251 -> REFINED
2025-12-01 07:45:03,194 - INFO - sentinel2.py:78 - 8/26 - S2A_MSIL2A_20240820T092031_R093_T34SEJ_20240820T140151 -> REFINED
2025-12-01 07:45:08,748 - INFO - sentinel2.py:78 - 9/26 - S2A_MSIL2A_20240820T092031_R093_T34SEH_20240820T140151 -> REFINED
2025-12-01 07:45:14,748 - INFO - sentinel2.py:78 - 10/26 - S2B_MSIL2A_20240818T092549_R136_T34SDJ_20240818T122437 -> REFINED
2025-12-01 07:45:20,199 - INFO - sentinel2.py:78 - 11/26 - S2B_MSIL2A_20240818T092549_R136_T34SDH_20240818T122437 -> REFINED
2025-12-01 07:45:26,362 - INFO - sentinel2.py:78 - 12/26 - S2B_MSIL2A_20240815T091559_R093_T34SEJ_20240815T120839 -> REFINED
2025-12-01 07:45:32,604 - INFO - sentinel2.py:78 - 13/26 - S2B_MSIL2A_20240815T091559_R093_T34SEH_20240815T120839 -> REFINED
2025-12-01 07:45:39,257 - INFO - sentinel2.py:78 - 14/26 - S2B_MSIL2A_20240815T091559_R093_T34SDH_20240815T120839 -> REFINED
2025-12-01 07:45:45,967 - INFO - sentinel2.py:78 - 15/26 - S2A_MSIL2A_20240813T093031_R136_T34SDJ_20240813T135250 -> REFINED
2025-12-01 07:45:51,639 - INFO - sentinel2.py:78 - 16/26 - S2A_MSIL2A_20240813T093031_R136_T34SDH_20240813T135250 -> REFINED
2025-12-01 07:45:57,034 - INFO - sentinel2.py:78 - 17/26 - S2A_MSIL2A_20240810T092031_R093_T34SEJ_20240810T141351 -> REFINED
2025-12-01 07:46:02,696 - INFO - sentinel2.py:78 - 18/26 - S2A_MSIL2A_20240810T092031_R093_T34SEH_20240810T141351 -> REFINED
2025-12-01 07:46:09,526 - INFO - sentinel2.py:78 - 19/26 - S2A_MSIL2A_20240810T092031_R093_T34SDH_20240810T141351 -> REFINED
2025-12-01 07:46:14,495 - INFO - sentinel2.py:78 - 20/26 - S2B_MSIL2A_20240808T092559_R136_T34SDJ_20240808T122517 -> REFINED
2025-12-01 07:46:20,236 - INFO - sentinel2.py:78 - 21/26 - S2B_MSIL2A_20240808T092559_R136_T34SDH_20240808T122517 -> REFINED
2025-12-01 07:46:25,889 - INFO - sentinel2.py:78 - 22/26 - S2B_MSIL2A_20240805T091559_R093_T34SEJ_20240805T134825 -> REFINED
2025-12-01 07:46:32,661 - INFO - sentinel2.py:78 - 23/26 - S2B_MSIL2A_20240805T091559_R093_T34SEH_20240805T134825 -> REFINED
2025-12-01 07:46:38,792 - INFO - sentinel2.py:78 - 24/26 - S2B_MSIL2A_20240805T091559_R093_T34SDH_20240805T134825 -> REFINED
2025-12-01 07:46:44,933 - INFO - sentinel2.py:78 - 25/26 - S2A_MSIL2A_20240803T093041_R136_T34SDJ_20240803T132950 -> REFINED
2025-12-01 07:46:50,874 - INFO - sentinel2.py:78 - 26/26 - S2A_MSIL2A_20240803T093041_R136_T34SDH_20240803T132950 -> REFINED
2025-12-01 07:46:50,927 - INFO - composites.py:250 -                                  
2025-12-01 07:46:50,927 - INFO - composites.py:251 - 26/26 were refined by GRI.
2025-12-01 07:46:50,927 - INFO - composites.py:263 - Looking for up to 7 cleanest images within spatiotemporal range of each MGRS tile
2025-12-01 07:46:50,927 - INFO - composites.py:277 - Filtered cleanest scenes: Kept 23 out of 26 items. 
2025-12-01 07:46:50,927 - INFO - composites.py:278 -         Included MGRS Tiles: ['34SDH' '34SDJ' '34SEH' '34SEJ']
2025-12-01 07:46:50,927 - INFO - composites.py:279 -         Included EPSG codes: [32634]
2025-12-01 07:46:50,935 - INFO - composites.py:281 - Selected scenes:
2025-12-01 07:46:50,937 - INFO - composites.py:283 -         S2A_MSIL2A_20240813T093031_R136_T34SDH_20240813T135250
2025-12-01 07:46:50,937 - INFO - composites.py:283 -         S2A_MSIL2A_20240803T093041_R136_T34SDH_20240803T132950
2025-12-01 07:46:50,937 - INFO - composites.py:283 -         S2B_MSIL2A_20240815T091559_R093_T34SDH_20240815T120839
2025-12-01 07:46:50,937 - INFO - composites.py:283 -         S2A_MSIL2A_20240810T092031_R093_T34SDH_20240810T141351
2025-12-01 07:46:50,937 - INFO - composites.py:283 -         S2A_MSIL2A_20240823T093031_R136_T34SDH_20240823T155251
2025-12-01 07:46:50,937 - INFO - composites.py:283 -         S2B_MSIL2A_20240805T091559_R093_T34SDH_20240805T134825
2025-12-01 07:46:50,939 - INFO - composites.py:283 -         S2B_MSIL2A_20240808T092559_R136_T34SDH_20240808T122517
2025-12-01 07:46:50,939 - INFO - composites.py:283 -         S2A_MSIL2A_20240813T093031_R136_T34SDJ_20240813T135250
2025-12-01 07:46:50,939 - INFO - composites.py:283 -         S2A_MSIL2A_20240803T093041_R136_T34SDJ_20240803T132950
2025-12-01 07:46:50,939 - INFO - composites.py:283 -         S2B_MSIL2A_20240808T092559_R136_T34SDJ_20240808T122517
2025-12-01 07:46:50,939 - INFO - composites.py:283 -         S2A_MSIL2A_20240823T093031_R136_T34SDJ_20240823T155251
2025-12-01 07:46:50,939 - INFO - composites.py:283 -         S2B_MSIL2A_20240818T092549_R136_T34SDJ_20240818T122437
2025-12-01 07:46:50,939 - INFO - composites.py:283 -         S2B_MSIL2A_20240828T092549_R136_T34SDJ_20240828T122710
2025-12-01 07:46:50,939 - INFO - composites.py:283 -         S2B_MSIL2A_20240815T091559_R093_T34SEH_20240815T120839
2025-12-01 07:46:50,939 - INFO - composites.py:283 -         S2B_MSIL2A_20240805T091559_R093_T34SEH_20240805T134825
2025-12-01 07:46:50,939 - INFO - composites.py:283 -         S2A_MSIL2A_20240810T092031_R093_T34SEH_20240810T141351
2025-12-01 07:46:50,939 - INFO - composites.py:283 -         S2A_MSIL2A_20240820T092031_R093_T34SEH_20240820T140151
2025-12-01 07:46:50,939 - INFO - composites.py:283 -         S2B_MSIL2A_20240825T091549_R093_T34SEH_20240826T145644
2025-12-01 07:46:50,939 - INFO - composites.py:283 -         S2B_MSIL2A_20240815T091559_R093_T34SEJ_20240815T120839
2025-12-01 07:46:50,939 - INFO - composites.py:283 -         S2B_MSIL2A_20240825T091549_R093_T34SEJ_20240826T145644
2025-12-01 07:46:50,939 - INFO - composites.py:283 -         S2A_MSIL2A_20240810T092031_R093_T34SEJ_20240810T141351
2025-12-01 07:46:50,939 - INFO - composites.py:283 -         S2B_MSIL2A_20240805T091559_R093_T34SEJ_20240805T134825
2025-12-01 07:46:50,939 - INFO - composites.py:283 -         S2A_MSIL2A_20240820T092031_R093_T34SEJ_20240820T140151
2025-12-01 07:46:51,416 - INFO - sentinel2.py:154 - Matplotlib backend: Agg
2025-12-01 07:46:51,803 - INFO - sentinel2.py:224 - Write input scenes footprint overlay: //nas-rs.topo.auth.gr/Latomeia/DROUGHT/composites/x07/y12/2024/08/01/S2L2A_medcomp_x07y12_202408_InDataFootprint.jpeg
2025-12-01 07:46:52,058 - INFO - composites.py:297 -                                  
2025-12-01 07:46:52,060 - INFO - composites.py:298 - Downstream STAC items from Planetary Computer
2025-12-01 07:46:52,060 - INFO - timeseries_processing.py:115 -                                  
2025-12-01 07:46:52,060 - INFO - timeseries_processing.py:116 - Loading bands of diferent resolutions in EPSG:32634
2025-12-01 07:46:52,060 - INFO - timeseries_processing.py:120 -     Filtering items with native UTM EPSG:32634
2025-12-01 07:46:52,060 - INFO - timeseries_processing.py:122 -     23 Items in EPSG:32634
2025-12-01 07:46:52,060 - INFO - timeseries_processing.py:129 -                        
2025-12-01 07:46:52,061 - INFO - timeseries_processing.py:130 -     Loading parameters:
2025-12-01 07:46:52,061 - INFO - timeseries_processing.py:131 -         Bands: ['B05', 'B07', 'B8A', 'SCL']
2025-12-01 07:46:52,061 - INFO - timeseries_processing.py:132 -         Spatial resolution: 20
2025-12-01 07:46:52,061 - INFO - timeseries_processing.py:134 -         Get Assets from STAC Items
2025-12-01 07:46:52,061 - INFO - timeseries_processing.py:47 -         Initialize the STAC client
2025-12-01 07:46:53,003 - INFO - timeseries_processing.py:137 -         Loading 23 STAC Items....
2025-12-01 07:48:09,230 - INFO - timeseries_processing.py:146 -         Cube has been downloaded
2025-12-01 07:48:09,230 - INFO - timeseries_processing.py:156 -         Fix order of dimensions
2025-12-01 07:48:09,234 - INFO - timeseries_processing.py:161 -         Append bands to the band-list of EPSG:32634
2025-12-01 07:48:09,235 - INFO - timeseries_processing.py:129 -                        
2025-12-01 07:48:09,235 - INFO - timeseries_processing.py:130 -     Loading parameters:
2025-12-01 07:48:09,236 - INFO - timeseries_processing.py:131 -         Bands: ['B02', 'B03', 'B04']
2025-12-01 07:48:09,236 - INFO - timeseries_processing.py:132 -         Spatial resolution: 10
2025-12-01 07:48:09,236 - INFO - timeseries_processing.py:134 -         Get Assets from STAC Items
2025-12-01 07:48:09,236 - INFO - timeseries_processing.py:47 -         Initialize the STAC client
2025-12-01 07:48:09,959 - INFO - timeseries_processing.py:137 -         Loading 23 STAC Items....
2025-12-01 07:52:17,277 - INFO - timeseries_processing.py:146 -         Cube has been downloaded
2025-12-01 07:52:17,277 - INFO - timeseries_processing.py:149 -         Reproject to downsample 10m bands to 20m by Resampling.average 2x2 binning and shape matching with odc.geo.GeoBox
2025-12-01 07:52:31,444 - INFO - timeseries_processing.py:161 -         Append bands to the band-list of EPSG:32634
2025-12-01 07:52:31,445 - INFO - timeseries_processing.py:165 -                        
2025-12-01 07:52:31,445 - INFO - timeseries_processing.py:166 -     Merging bands in a single dataset
2025-12-01 07:52:31,445 - INFO - timeseries_processing.py:167 -     Ensure all partial datasets are at (x=20, y=-20) resolution
2025-12-01 07:52:31,445 - INFO - timeseries_processing.py:171 -     Clip to the intersection of indexes
2025-12-01 07:52:32,817 - INFO - timeseries_processing.py:180 -     Make a list of bands to merge
2025-12-01 07:52:32,817 - INFO - timeseries_processing.py:184 -     Merge on intersection
2025-12-01 07:52:32,819 - INFO - timeseries_processing.py:192 -     Apply masks on clouds, shadows, thin cirrus, and snow/ice
2025-12-01 07:52:32,819 - INFO - sentinel2.py:122 -                Masking bits: [3, 7, 8, 9, 10, 11]
2025-12-01 07:52:34,088 - INFO - composites.py:307 - Reproject from UTM Zone to Tile geometry -> CRS(EPSG:32634), Resampling.bilinear
2025-12-01 07:52:41,399 - INFO - composites.py:310 -     New shape of datasets: Shape2d(x=2400, y=2400)
2025-12-01 07:52:42,145 - INFO - composites.py:329 - Scale SR to Sen2Cor Baseline 4.00 - Subtract 1000 in dates post 2022-01-25
2025-12-01 07:52:43,749 - INFO - composites.py:342 - Creating preview plot of input scenes
2025-12-01 07:53:18,775 - INFO - timeseries_processing.py:349 - Saved preview for 'B04' to //nas-rs.topo.auth.gr/Latomeia/DROUGHT/composites/x07/y12/2024/08/01/S2L2A_medcomp_x07y12_202408_InDataPreview.jpeg
2025-12-01 07:53:18,786 - INFO - composites.py:348 - Clip value range
2025-12-01 07:53:20,894 - INFO - composites.py:353 -                           
2025-12-01 07:53:20,894 - INFO - composites.py:354 - Computing spectral indices:
2025-12-01 07:53:20,894 - INFO - composites.py:357 -     EVI...
2025-12-01 07:53:22,275 - INFO - composites.py:359 -     NDVI...
2025-12-01 07:53:22,715 - INFO - composites.py:361 -     PSRI2...
2025-12-01 07:53:23,118 - INFO - composites.py:364 - Clip to typical value range
2025-12-01 07:53:23,478 - INFO - composites.py:371 - Reducing to median value temporal composite
2025-12-01 07:53:49,875 - INFO - composites.py:390 - Scale and Define data types & nodata per band
2025-12-01 07:53:50,038 - INFO - composites.py:411 - Assign time range and tile ID in metadata
2025-12-01 07:53:50,038 - INFO - composites.py:419 - Write bands to raster COG files
2025-12-01 07:53:54,022 - INFO - composites.py:432 - Write B02 -> //nas-rs.topo.auth.gr/Latomeia/DROUGHT/composites/x07/y12/2024/08/01/S2L2A_medcomp_x07y12_202408_B02.tif
2025-12-01 07:53:57,966 - INFO - composites.py:432 - Write B03 -> //nas-rs.topo.auth.gr/Latomeia/DROUGHT/composites/x07/y12/2024/08/01/S2L2A_medcomp_x07y12_202408_B03.tif
2025-12-01 07:54:02,007 - INFO - composites.py:432 - Write B04 -> //nas-rs.topo.auth.gr/Latomeia/DROUGHT/composites/x07/y12/2024/08/01/S2L2A_medcomp_x07y12_202408_B04.tif
2025-12-01 07:54:05,950 - INFO - composites.py:432 - Write B05 -> //nas-rs.topo.auth.gr/Latomeia/DROUGHT/composites/x07/y12/2024/08/01/S2L2A_medcomp_x07y12_202408_B05.tif
2025-12-01 07:54:09,866 - INFO - composites.py:432 - Write B07 -> //nas-rs.topo.auth.gr/Latomeia/DROUGHT/composites/x07/y12/2024/08/01/S2L2A_medcomp_x07y12_202408_B07.tif
2025-12-01 07:54:13,795 - INFO - composites.py:432 - Write B8A -> //nas-rs.topo.auth.gr/Latomeia/DROUGHT/composites/x07/y12/2024/08/01/S2L2A_medcomp_x07y12_202408_B8A.tif
2025-12-01 07:54:17,671 - INFO - composites.py:432 - Write EVI -> //nas-rs.topo.auth.gr/Latomeia/DROUGHT/composites/x07/y12/2024/08/01/S2L2A_medcomp_x07y12_202408_EVI.tif
2025-12-01 07:54:21,567 - INFO - composites.py:432 - Write NDVI -> //nas-rs.topo.auth.gr/Latomeia/DROUGHT/composites/x07/y12/2024/08/01/S2L2A_medcomp_x07y12_202408_NDVI.tif
2025-12-01 07:54:25,388 - INFO - composites.py:432 - Write PSRI2 -> //nas-rs.topo.auth.gr/Latomeia/DROUGHT/composites/x07/y12/2024/08/01/S2L2A_medcomp_x07y12_202408_PSRI2.tif
2025-12-01 07:54:25,397 - INFO - composites.py:436 - Prepare metadata YAML document
2025-12-01 07:54:25,913 - INFO - composites.py:458 - Write metadata YAML document to disk
2025-12-01 07:54:25,948 - INFO - composites.py:463 - Create datacube.model.Dataset from eo3 metadata
2025-12-01 07:54:25,958 - INFO - composites.py:476 - Index to datacube
2025-12-01 07:54:25,958 - INFO - _datasets.py:191 - Indexing a74b7ef7-da37-4efd-8d43-fefeb059681c
2025-12-01 07:54:25,967 - INFO - composites.py:479 - 
2025-12-01 07:54:25,967 - INFO - composites.py:480 -              ✔✔✔ COMPLETED: Tile x07_y12 | Time: 2024-08 | In 10.25 minutes
2025-12-01 07:54:25,967 - INFO - composites.py:481 - 
2025-12-01 07:54:25,967 - INFO - composites.py:489 - Closing Dask client
2025-12-01 07:54:25,970 - INFO - composites.py:493 - Closing Dask cluster
2025-12-01 07:54:25,970 - INFO - composites.py:494 - #######################################################################
