2025-09-01 19:56:00,649 - INFO - composites.py:102 - #######################################################################
2025-09-01 19:56:00,649 - INFO - composites.py:104 - Processing started
2025-09-01 19:56:00,649 - INFO - composites.py:105 -         Tile: x08_y12
2025-09-01 19:56:00,649 - INFO - composites.py:106 -         Time: 2024-04
2025-09-01 19:56:00,650 - INFO - composites.py:109 -                           
2025-09-01 19:56:00,650 - INFO - composites.py:110 - Establishing connection to datacube
2025-09-01 19:56:01,158 - INFO - composites.py:113 -                           
2025-09-01 19:56:01,158 - INFO - composites.py:114 - Sanity test: Check if dataset already exists in the datacube
2025-09-01 19:56:01,179 - INFO - composites.py:133 - The composite requested was not found and it will be computed
2025-09-01 19:56:01,179 - INFO - composites.py:136 -                                  
2025-09-01 19:56:01,179 - INFO - composites.py:137 - Initializing Dask cluster for parallelization
2025-09-01 19:56:06,306 - INFO - composites.py:161 - Dask dashboard is available at: http://127.0.0.1:8787/status
2025-09-01 19:56:06,306 - INFO - composites.py:164 - Create directories and naming conversions
2025-09-01 19:56:06,319 - INFO - composites.py:177 - Dataset location: //nas-rs.topo.auth.gr/Latomeia/DROUGHT/composites/x08/y12/2024/04/01
2025-09-01 19:56:06,319 - INFO - composites.py:180 -                           
2025-09-01 19:56:06,319 - INFO - composites.py:181 - Retrieve tile geometry
2025-09-01 19:56:06,347 - INFO - composites.py:192 - Create the Bounding Box (φ,λ)
2025-09-01 19:56:06,347 - INFO - composites.py:198 - Create the Bounding Box (x,y)
2025-09-01 19:56:06,347 - INFO - composites.py:211 -                           
2025-09-01 19:56:06,347 - INFO - composites.py:212 - Connect to Planetary Computer STAC Catalog
2025-09-01 19:56:06,595 - INFO - composites.py:220 - Search the STAC Catalog
2025-09-01 19:56:06,675 - INFO - composites.py:232 -         Query parameters:
2025-09-01 19:56:06,675 - INFO - composites.py:233 -             url:          https://planetarycomputer.microsoft.com/api/stac/v1/search
2025-09-01 19:56:06,675 - INFO - composites.py:234 -             client:       microsoft-pc
2025-09-01 19:56:06,675 - INFO - composites.py:235 -             collection:   sentinel-2-l2a
2025-09-01 19:56:06,675 - INFO - composites.py:236 -             bbox:         (21.54502923200265, 38.72053801140399, 22.218704170873913, 39.26725432685642)
2025-09-01 19:56:06,675 - INFO - composites.py:237 -             time range:   2024-04-01T00:00:00Z/2024-04-30T23:59:59Z
2025-09-01 19:56:06,675 - INFO - composites.py:238 -             cloud cover:  0% - 70%
2025-09-01 19:56:06,675 - INFO - composites.py:239 -             nodata cover: 0% - 33%
2025-09-01 19:56:06,675 - INFO - composites.py:241 -                           
2025-09-01 19:56:06,675 - INFO - composites.py:242 - Searching...
2025-09-01 19:56:07,173 - INFO - composites.py:245 - Query found 16 items
2025-09-01 19:56:07,173 - INFO - composites.py:247 - Searching for GRI REFINED scenes:
2025-09-01 19:56:14,834 - INFO - sentinel2.py:78 - 1/16 - S2B_MSIL2A_20240427T091549_R093_T34SFJ_20240427T122347 -> REFINED
2025-09-01 19:56:22,178 - INFO - sentinel2.py:78 - 2/16 - S2B_MSIL2A_20240427T091549_R093_T34SFH_20240427T122759 -> REFINED
2025-09-01 19:56:29,040 - INFO - sentinel2.py:78 - 3/16 - S2B_MSIL2A_20240427T091549_R093_T34SEJ_20240427T122757 -> REFINED
2025-09-01 19:56:35,511 - INFO - sentinel2.py:78 - 4/16 - S2B_MSIL2A_20240427T091549_R093_T34SEH_20240427T122641 -> REFINED
2025-09-01 19:56:42,938 - INFO - sentinel2.py:78 - 5/16 - S2B_MSIL2A_20240417T091549_R093_T34SFH_20240417T141832 -> REFINED
2025-09-01 19:56:48,809 - INFO - sentinel2.py:78 - 6/16 - S2A_MSIL2A_20240412T092031_R093_T34SFJ_20240412T143814 -> REFINED
2025-09-01 19:56:55,018 - INFO - sentinel2.py:78 - 7/16 - S2A_MSIL2A_20240412T092031_R093_T34SFH_20240412T143750 -> REFINED
2025-09-01 19:57:01,659 - INFO - sentinel2.py:78 - 8/16 - S2A_MSIL2A_20240412T092031_R093_T34SEJ_20240412T143021 -> REFINED
2025-09-01 19:57:08,184 - INFO - sentinel2.py:78 - 9/16 - S2A_MSIL2A_20240412T092031_R093_T34SEH_20240412T143024 -> REFINED
2025-09-01 19:57:14,921 - INFO - sentinel2.py:78 - 10/16 - S2B_MSIL2A_20240407T091549_R093_T34SFJ_20240407T130027 -> REFINED
2025-09-01 19:57:22,123 - INFO - sentinel2.py:78 - 11/16 - S2B_MSIL2A_20240407T091549_R093_T34SFH_20240407T125849 -> REFINED
2025-09-01 19:57:28,650 - INFO - sentinel2.py:78 - 12/16 - S2B_MSIL2A_20240407T091549_R093_T34SEJ_20240407T130144 -> REFINED
2025-09-01 19:57:34,522 - INFO - sentinel2.py:78 - 13/16 - S2B_MSIL2A_20240407T091549_R093_T34SEH_20240407T130441 -> REFINED
2025-09-01 19:57:40,972 - INFO - sentinel2.py:78 - 14/16 - S2A_MSIL2A_20240402T092031_R093_T34SFH_20240402T153008 -> REFINED
2025-09-01 19:57:47,713 - INFO - sentinel2.py:78 - 15/16 - S2A_MSIL2A_20240402T092031_R093_T34SEJ_20240402T151608 -> REFINED
2025-09-01 19:57:54,801 - INFO - sentinel2.py:78 - 16/16 - S2A_MSIL2A_20240402T092031_R093_T34SEH_20240402T153013 -> REFINED
2025-09-01 19:57:54,867 - INFO - composites.py:250 -                                  
2025-09-01 19:57:54,886 - INFO - composites.py:251 - 16/16 were refined by GRI.
2025-09-01 19:57:54,892 - INFO - composites.py:263 - Looking for up to 10 cleanest images within spatiotemporal range of each MGRS tile
2025-09-01 19:57:54,892 - INFO - composites.py:277 - Filtered cleanest scenes: Kept 16 out of 16 items. 
2025-09-01 19:57:54,893 - INFO - composites.py:278 -         Included MGRS Tiles: ['34SEH' '34SEJ' '34SFH' '34SFJ']
2025-09-01 19:57:54,894 - INFO - composites.py:279 -         Included EPSG codes: [32634]
2025-09-01 19:57:54,894 - INFO - composites.py:281 - Selected scenes:
2025-09-01 19:57:54,894 - INFO - composites.py:283 -         S2B_MSIL2A_20240407T091549_R093_T34SEH_20240407T130441
2025-09-01 19:57:54,906 - INFO - composites.py:283 -         S2B_MSIL2A_20240427T091549_R093_T34SEH_20240427T122641
2025-09-01 19:57:54,906 - INFO - composites.py:283 -         S2A_MSIL2A_20240412T092031_R093_T34SEH_20240412T143024
2025-09-01 19:57:54,906 - INFO - composites.py:283 -         S2A_MSIL2A_20240402T092031_R093_T34SEH_20240402T153013
2025-09-01 19:57:54,907 - INFO - composites.py:283 -         S2B_MSIL2A_20240427T091549_R093_T34SEJ_20240427T122757
2025-09-01 19:57:54,907 - INFO - composites.py:283 -         S2A_MSIL2A_20240412T092031_R093_T34SEJ_20240412T143021
2025-09-01 19:57:54,907 - INFO - composites.py:283 -         S2B_MSIL2A_20240407T091549_R093_T34SEJ_20240407T130144
2025-09-01 19:57:54,907 - INFO - composites.py:283 -         S2A_MSIL2A_20240402T092031_R093_T34SEJ_20240402T151608
2025-09-01 19:57:54,907 - INFO - composites.py:283 -         S2A_MSIL2A_20240412T092031_R093_T34SFH_20240412T143750
2025-09-01 19:57:54,907 - INFO - composites.py:283 -         S2A_MSIL2A_20240402T092031_R093_T34SFH_20240402T153008
2025-09-01 19:57:54,907 - INFO - composites.py:283 -         S2B_MSIL2A_20240407T091549_R093_T34SFH_20240407T125849
2025-09-01 19:57:54,907 - INFO - composites.py:283 -         S2B_MSIL2A_20240427T091549_R093_T34SFH_20240427T122759
2025-09-01 19:57:54,907 - INFO - composites.py:283 -         S2B_MSIL2A_20240417T091549_R093_T34SFH_20240417T141832
2025-09-01 19:57:54,907 - INFO - composites.py:283 -         S2A_MSIL2A_20240412T092031_R093_T34SFJ_20240412T143814
2025-09-01 19:57:54,907 - INFO - composites.py:283 -         S2B_MSIL2A_20240427T091549_R093_T34SFJ_20240427T122347
2025-09-01 19:57:54,907 - INFO - composites.py:283 -         S2B_MSIL2A_20240407T091549_R093_T34SFJ_20240407T130027
2025-09-01 19:57:55,378 - INFO - sentinel2.py:154 - Matplotlib backend: Agg
2025-09-01 19:57:55,801 - INFO - sentinel2.py:224 - Write input scenes footprint overlay: //nas-rs.topo.auth.gr/Latomeia/DROUGHT/composites/x08/y12/2024/04/01/S2L2A_medcomp_x08y12_202404_InDataFootprint.jpeg
2025-09-01 19:57:56,042 - INFO - composites.py:297 -                                  
2025-09-01 19:57:56,042 - INFO - composites.py:298 - Downstream STAC items from Planetary Computer
2025-09-01 19:57:56,042 - INFO - timeseries_processing.py:115 -                                  
2025-09-01 19:57:56,043 - INFO - timeseries_processing.py:116 - Loading bands of diferent resolutions in EPSG:32634
2025-09-01 19:57:56,043 - INFO - timeseries_processing.py:120 -     Filtering items with native UTM EPSG:32634
2025-09-01 19:57:56,043 - INFO - timeseries_processing.py:122 -     16 Items in EPSG:32634
2025-09-01 19:57:56,043 - INFO - timeseries_processing.py:129 -                        
2025-09-01 19:57:56,043 - INFO - timeseries_processing.py:130 -     Loading parameters:
2025-09-01 19:57:56,043 - INFO - timeseries_processing.py:131 -         Bands: ['B05', 'B07', 'B8A', 'SCL']
2025-09-01 19:57:56,043 - INFO - timeseries_processing.py:132 -         Spatial resolution: 20
2025-09-01 19:57:56,043 - INFO - timeseries_processing.py:134 -         Get Assets from STAC Items
2025-09-01 19:57:56,043 - INFO - timeseries_processing.py:47 -         Initialize the STAC client
2025-09-01 19:57:56,686 - INFO - timeseries_processing.py:137 -         Loading 16 STAC Items....
2025-09-01 19:58:18,136 - INFO - timeseries_processing.py:146 -         Cube has been downloaded
2025-09-01 19:58:18,136 - INFO - timeseries_processing.py:156 -         Fix order of dimensions
2025-09-01 19:58:18,137 - INFO - timeseries_processing.py:161 -         Append bands to the band-list of EPSG:32634
2025-09-01 19:58:18,137 - INFO - timeseries_processing.py:129 -                        
2025-09-01 19:58:18,137 - INFO - timeseries_processing.py:130 -     Loading parameters:
2025-09-01 19:58:18,137 - INFO - timeseries_processing.py:131 -         Bands: ['B02', 'B03', 'B04']
2025-09-01 19:58:18,137 - INFO - timeseries_processing.py:132 -         Spatial resolution: 10
2025-09-01 19:58:18,137 - INFO - timeseries_processing.py:134 -         Get Assets from STAC Items
2025-09-01 19:58:18,138 - INFO - timeseries_processing.py:47 -         Initialize the STAC client
2025-09-01 19:58:18,776 - INFO - timeseries_processing.py:137 -         Loading 16 STAC Items....
2025-09-01 20:00:10,024 - INFO - timeseries_processing.py:146 -         Cube has been downloaded
2025-09-01 20:00:10,027 - INFO - timeseries_processing.py:149 -         Reproject to downsample 10m bands to 20m by Resampling.average 2x2 binning and shape matching with odc.geo.GeoBox
2025-09-01 20:00:17,695 - INFO - timeseries_processing.py:161 -         Append bands to the band-list of EPSG:32634
2025-09-01 20:00:17,695 - INFO - timeseries_processing.py:165 -                        
2025-09-01 20:00:17,695 - INFO - timeseries_processing.py:166 -     Merging bands in a single dataset
2025-09-01 20:00:17,695 - INFO - timeseries_processing.py:167 -     Ensure all partial datasets are at (x=20, y=-20) resolution
2025-09-01 20:00:17,697 - INFO - timeseries_processing.py:171 -     Clip to the intersection of indexes
2025-09-01 20:00:19,169 - INFO - timeseries_processing.py:180 -     Make a list of bands to merge
2025-09-01 20:00:19,170 - INFO - timeseries_processing.py:184 -     Merge on intersection
2025-09-01 20:00:19,171 - INFO - timeseries_processing.py:192 -     Apply masks on clouds, shadows, thin cirrus, and snow/ice
2025-09-01 20:00:19,171 - INFO - sentinel2.py:122 -                Masking bits: [3, 7, 8, 9, 10, 11]
2025-09-01 20:00:19,810 - INFO - composites.py:307 - Reproject from UTM Zone to Tile geometry -> CRS(EPSG:32634), Resampling.bilinear
2025-09-01 20:00:23,529 - INFO - composites.py:310 -     New shape of datasets: Shape2d(x=2400, y=2400)
2025-09-01 20:00:24,145 - INFO - composites.py:329 - Scale SR to Sen2Cor Baseline 4.00 - Subtract 1000 in dates post 2022-01-25
2025-09-01 20:00:25,017 - INFO - composites.py:342 - Creating preview plot of input scenes
2025-09-01 20:00:49,468 - INFO - timeseries_processing.py:349 - Saved preview for 'B04' to //nas-rs.topo.auth.gr/Latomeia/DROUGHT/composites/x08/y12/2024/04/01/S2L2A_medcomp_x08y12_202404_InDataPreview.jpeg
2025-09-01 20:00:49,472 - INFO - composites.py:348 - Clip value range
2025-09-01 20:00:50,460 - INFO - composites.py:353 -                           
2025-09-01 20:00:50,460 - INFO - composites.py:354 - Computing spectral indices:
2025-09-01 20:00:50,460 - INFO - composites.py:357 -     EVI...
2025-09-01 20:00:51,114 - INFO - composites.py:359 -     NDVI...
2025-09-01 20:00:51,316 - INFO - composites.py:361 -     PSRI2...
2025-09-01 20:00:51,455 - INFO - composites.py:364 - Clip to typical value range
2025-09-01 20:00:51,667 - INFO - composites.py:371 - Reducing to median value temporal composite
2025-09-01 20:01:16,886 - INFO - composites.py:390 - Scale and Define data types & nodata per band
2025-09-01 20:01:17,031 - INFO - composites.py:411 - Assign time range and tile ID in metadata
2025-09-01 20:01:17,031 - INFO - composites.py:419 - Write bands to raster COG files
2025-09-01 20:01:21,298 - INFO - composites.py:432 - Write B02 -> //nas-rs.topo.auth.gr/Latomeia/DROUGHT/composites/x08/y12/2024/04/01/S2L2A_medcomp_x08y12_202404_B02.tif
2025-09-01 20:01:25,493 - INFO - composites.py:432 - Write B03 -> //nas-rs.topo.auth.gr/Latomeia/DROUGHT/composites/x08/y12/2024/04/01/S2L2A_medcomp_x08y12_202404_B03.tif
2025-09-01 20:01:29,899 - INFO - composites.py:432 - Write B04 -> //nas-rs.topo.auth.gr/Latomeia/DROUGHT/composites/x08/y12/2024/04/01/S2L2A_medcomp_x08y12_202404_B04.tif
2025-09-01 20:01:34,030 - INFO - composites.py:432 - Write B05 -> //nas-rs.topo.auth.gr/Latomeia/DROUGHT/composites/x08/y12/2024/04/01/S2L2A_medcomp_x08y12_202404_B05.tif
2025-09-01 20:01:38,077 - INFO - composites.py:432 - Write B07 -> //nas-rs.topo.auth.gr/Latomeia/DROUGHT/composites/x08/y12/2024/04/01/S2L2A_medcomp_x08y12_202404_B07.tif
2025-09-01 20:01:42,058 - INFO - composites.py:432 - Write B8A -> //nas-rs.topo.auth.gr/Latomeia/DROUGHT/composites/x08/y12/2024/04/01/S2L2A_medcomp_x08y12_202404_B8A.tif
2025-09-01 20:01:46,078 - INFO - composites.py:432 - Write EVI -> //nas-rs.topo.auth.gr/Latomeia/DROUGHT/composites/x08/y12/2024/04/01/S2L2A_medcomp_x08y12_202404_EVI.tif
2025-09-01 20:01:50,093 - INFO - composites.py:432 - Write NDVI -> //nas-rs.topo.auth.gr/Latomeia/DROUGHT/composites/x08/y12/2024/04/01/S2L2A_medcomp_x08y12_202404_NDVI.tif
2025-09-01 20:01:54,086 - INFO - composites.py:432 - Write PSRI2 -> //nas-rs.topo.auth.gr/Latomeia/DROUGHT/composites/x08/y12/2024/04/01/S2L2A_medcomp_x08y12_202404_PSRI2.tif
2025-09-01 20:01:54,104 - INFO - composites.py:436 - Prepare metadata YAML document
2025-09-01 20:01:54,574 - INFO - composites.py:458 - Write metadata YAML document to disk
2025-09-01 20:01:54,603 - INFO - composites.py:463 - Create datacube.model.Dataset from eo3 metadata
2025-09-01 20:01:54,610 - INFO - composites.py:476 - Index to datacube
2025-09-01 20:01:54,612 - INFO - _datasets.py:191 - Indexing 904def58-eb55-4c3f-b95b-a7ec658fbd2e
2025-09-01 20:01:54,622 - INFO - composites.py:479 - 
2025-09-01 20:01:54,622 - INFO - composites.py:480 -              ✔✔✔ COMPLETED: Tile x08_y12 | Time: 2024-04 | In 5.9 minutes
2025-09-01 20:01:54,622 - INFO - composites.py:481 - 
2025-09-01 20:01:54,622 - INFO - composites.py:489 - Closing Dask client
2025-09-01 20:01:54,625 - INFO - composites.py:493 - Closing Dask cluster
2025-09-01 20:01:54,625 - INFO - composites.py:494 - #######################################################################
