2025-08-30 20:56:25,133 - INFO - composites.py:102 - #######################################################################
2025-08-30 20:56:25,134 - INFO - composites.py:104 - Processing started
2025-08-30 20:56:25,134 - INFO - composites.py:105 -         Tile: x12_y12
2025-08-30 20:56:25,134 - INFO - composites.py:106 -         Time: 2023-01
2025-08-30 20:56:25,134 - INFO - composites.py:109 -                           
2025-08-30 20:56:25,134 - INFO - composites.py:110 - Establishing connection to datacube
2025-08-30 20:56:26,146 - INFO - composites.py:113 -                           
2025-08-30 20:56:26,147 - INFO - composites.py:114 - Sanity test: Check if dataset already exists in the datacube
2025-08-30 20:56:26,181 - INFO - composites.py:133 - The composite requested was not found and it will be computed
2025-08-30 20:56:26,182 - INFO - composites.py:136 -                                  
2025-08-30 20:56:26,182 - INFO - composites.py:137 - Initializing Dask cluster for parallelization
2025-08-30 20:56:36,480 - INFO - composites.py:161 - Dask dashboard is available at: http://127.0.0.1:56088/status
2025-08-30 20:56:36,480 - INFO - composites.py:164 - Create directories and naming conversions
2025-08-30 20:56:36,498 - INFO - composites.py:177 - Dataset location: //nas-rs.topo.auth.gr/Latomeia/DROUGHT/composites/x12/y12/2023/01/01
2025-08-30 20:56:36,499 - INFO - composites.py:180 -                           
2025-08-30 20:56:36,499 - INFO - composites.py:181 - Retrieve tile geometry
2025-08-30 20:56:36,547 - INFO - composites.py:192 - Create the Bounding Box (φ,λ)
2025-08-30 20:56:36,547 - INFO - composites.py:198 - Create the Bounding Box (x,y)
2025-08-30 20:56:36,547 - INFO - composites.py:211 -                           
2025-08-30 20:56:36,548 - INFO - composites.py:212 - Connect to Planetary Computer STAC Catalog
2025-08-30 20:56:36,879 - INFO - composites.py:220 - Search the STAC Catalog
2025-08-30 20:56:36,958 - INFO - composites.py:232 -         Query parameters:
2025-08-30 20:56:36,959 - INFO - composites.py:233 -             url:          https://planetarycomputer.microsoft.com/api/stac/v1/search
2025-08-30 20:56:36,959 - INFO - composites.py:234 -             client:       microsoft-pc
2025-08-30 20:56:36,959 - INFO - composites.py:235 -             collection:   sentinel-2-l2a
2025-08-30 20:56:36,959 - INFO - composites.py:236 -             bbox:         (23.716312541714892, 38.42057868621947, 24.399215341225577, 38.9773418780241)
2025-08-30 20:56:36,959 - INFO - composites.py:237 -             time range:   2023-01-01T00:00:00Z/2023-01-31T23:59:59Z
2025-08-30 20:56:36,959 - INFO - composites.py:238 -             cloud cover:  0% - 70%
2025-08-30 20:56:36,959 - INFO - composites.py:239 -             nodata cover: 0% - 33%
2025-08-30 20:56:36,959 - INFO - composites.py:241 -                           
2025-08-30 20:56:36,959 - INFO - composites.py:242 - Searching...
2025-08-30 20:56:37,340 - INFO - composites.py:245 - Query found 4 items
2025-08-30 20:56:37,340 - INFO - composites.py:247 - Searching for GRI REFINED scenes:
2025-08-30 20:56:41,487 - INFO - sentinel2.py:78 - 1/4 - S2A_MSIL2A_20230105T091351_R050_T35SKD_20230105T233856 -> REFINED
2025-08-30 20:56:47,145 - INFO - sentinel2.py:78 - 2/4 - S2A_MSIL2A_20230105T091351_R050_T35SKC_20230105T222133 -> REFINED
2025-08-30 20:56:51,465 - INFO - sentinel2.py:78 - 3/4 - S2A_MSIL2A_20230105T091351_R050_T34SGJ_20230105T233108 -> REFINED
2025-08-30 20:56:56,096 - INFO - sentinel2.py:78 - 4/4 - S2A_MSIL2A_20230105T091351_R050_T34SGH_20230105T214333 -> REFINED
2025-08-30 20:56:56,221 - INFO - composites.py:250 -                                  
2025-08-30 20:56:56,222 - INFO - composites.py:251 - 4/4 were refined by GRI.
2025-08-30 20:56:56,222 - INFO - composites.py:263 - Looking for up to 10 cleanest images within spatiotemporal range of each MGRS tile
2025-08-30 20:56:56,223 - INFO - composites.py:277 - Filtered cleanest scenes: Kept 4 out of 4 items. 
2025-08-30 20:56:56,223 - INFO - composites.py:278 -         Included MGRS Tiles: ['34SGH' '34SGJ' '35SKC' '35SKD']
2025-08-30 20:56:56,223 - INFO - composites.py:279 -         Included EPSG codes: [32634 32635]
2025-08-30 20:56:56,224 - INFO - composites.py:281 - Selected scenes:
2025-08-30 20:56:56,224 - INFO - composites.py:283 -         S2A_MSIL2A_20230105T091351_R050_T34SGH_20230105T214333
2025-08-30 20:56:56,224 - INFO - composites.py:283 -         S2A_MSIL2A_20230105T091351_R050_T34SGJ_20230105T233108
2025-08-30 20:56:56,224 - INFO - composites.py:283 -         S2A_MSIL2A_20230105T091351_R050_T35SKC_20230105T222133
2025-08-30 20:56:56,225 - INFO - composites.py:283 -         S2A_MSIL2A_20230105T091351_R050_T35SKD_20230105T233856
2025-08-30 20:56:56,887 - INFO - sentinel2.py:154 - Matplotlib backend: Agg
2025-08-30 20:56:57,296 - INFO - sentinel2.py:224 - Write input scenes footprint overlay: //nas-rs.topo.auth.gr/Latomeia/DROUGHT/composites/x12/y12/2023/01/01/S2L2A_medcomp_x12y12_202301_InDataFootprint.jpeg
2025-08-30 20:56:57,666 - INFO - composites.py:297 -                                  
2025-08-30 20:56:57,666 - INFO - composites.py:298 - Downstream STAC items from Planetary Computer
2025-08-30 20:56:57,666 - INFO - timeseries_processing.py:115 -                                  
2025-08-30 20:56:57,667 - INFO - timeseries_processing.py:116 - Loading bands of diferent resolutions in EPSG:32634
2025-08-30 20:56:57,676 - INFO - timeseries_processing.py:120 -     Filtering items with native UTM EPSG:32634
2025-08-30 20:56:57,676 - INFO - timeseries_processing.py:122 -     2 Items in EPSG:32634
2025-08-30 20:56:57,677 - INFO - timeseries_processing.py:129 -                        
2025-08-30 20:56:57,677 - INFO - timeseries_processing.py:130 -     Loading parameters:
2025-08-30 20:56:57,677 - INFO - timeseries_processing.py:131 -         Bands: ['B05', 'B07', 'B8A', 'SCL']
2025-08-30 20:56:57,678 - INFO - timeseries_processing.py:132 -         Spatial resolution: 20
2025-08-30 20:56:57,678 - INFO - timeseries_processing.py:134 -         Get Assets from STAC Items
2025-08-30 20:56:57,678 - INFO - timeseries_processing.py:47 -         Initialize the STAC client
2025-08-30 20:56:58,197 - INFO - timeseries_processing.py:137 -         Loading 2 STAC Items....
2025-08-30 20:57:14,630 - INFO - timeseries_processing.py:146 -         Cube has been downloaded
2025-08-30 20:57:14,630 - INFO - timeseries_processing.py:156 -         Fix order of dimensions
2025-08-30 20:57:14,633 - INFO - timeseries_processing.py:161 -         Append bands to the band-list of EPSG:32634
2025-08-30 20:57:14,633 - INFO - timeseries_processing.py:129 -                        
2025-08-30 20:57:14,634 - INFO - timeseries_processing.py:130 -     Loading parameters:
2025-08-30 20:57:14,634 - INFO - timeseries_processing.py:131 -         Bands: ['B02', 'B03', 'B04']
2025-08-30 20:57:14,634 - INFO - timeseries_processing.py:132 -         Spatial resolution: 10
2025-08-30 20:57:14,634 - INFO - timeseries_processing.py:134 -         Get Assets from STAC Items
2025-08-30 20:57:14,635 - INFO - timeseries_processing.py:47 -         Initialize the STAC client
2025-08-30 20:57:15,129 - INFO - timeseries_processing.py:137 -         Loading 2 STAC Items....
2025-08-30 20:57:43,008 - INFO - timeseries_processing.py:146 -         Cube has been downloaded
2025-08-30 20:57:43,008 - INFO - timeseries_processing.py:149 -         Reproject to downsample 10m bands to 20m by Resampling.average 2x2 binning and shape matching with odc.geo.GeoBox
2025-08-30 20:57:45,468 - INFO - timeseries_processing.py:161 -         Append bands to the band-list of EPSG:32634
2025-08-30 20:57:45,468 - INFO - timeseries_processing.py:165 -                        
2025-08-30 20:57:45,468 - INFO - timeseries_processing.py:166 -     Merging bands in a single dataset
2025-08-30 20:57:45,468 - INFO - timeseries_processing.py:167 -     Ensure all partial datasets are at (x=20, y=-20) resolution
2025-08-30 20:57:45,470 - INFO - timeseries_processing.py:171 -     Clip to the intersection of indexes
2025-08-30 20:57:47,426 - INFO - timeseries_processing.py:180 -     Make a list of bands to merge
2025-08-30 20:57:47,428 - INFO - timeseries_processing.py:184 -     Merge on intersection
2025-08-30 20:57:47,429 - INFO - timeseries_processing.py:192 -     Apply masks on clouds, shadows, thin cirrus, and snow/ice
2025-08-30 20:57:47,429 - INFO - sentinel2.py:122 -                Masking bits: [3, 7, 8, 9, 10, 11]
2025-08-30 20:57:47,682 - INFO - timeseries_processing.py:115 -                                  
2025-08-30 20:57:47,683 - INFO - timeseries_processing.py:116 - Loading bands of diferent resolutions in EPSG:32635
2025-08-30 20:57:47,683 - INFO - timeseries_processing.py:120 -     Filtering items with native UTM EPSG:32635
2025-08-30 20:57:47,683 - INFO - timeseries_processing.py:122 -     2 Items in EPSG:32635
2025-08-30 20:57:47,683 - INFO - timeseries_processing.py:129 -                        
2025-08-30 20:57:47,683 - INFO - timeseries_processing.py:130 -     Loading parameters:
2025-08-30 20:57:47,683 - INFO - timeseries_processing.py:131 -         Bands: ['B05', 'B07', 'B8A', 'SCL']
2025-08-30 20:57:47,683 - INFO - timeseries_processing.py:132 -         Spatial resolution: 20
2025-08-30 20:57:47,683 - INFO - timeseries_processing.py:134 -         Get Assets from STAC Items
2025-08-30 20:57:47,683 - INFO - timeseries_processing.py:47 -         Initialize the STAC client
2025-08-30 20:57:48,368 - INFO - timeseries_processing.py:137 -         Loading 2 STAC Items....
2025-08-30 20:58:03,059 - INFO - timeseries_processing.py:146 -         Cube has been downloaded
2025-08-30 20:58:03,059 - INFO - timeseries_processing.py:156 -         Fix order of dimensions
2025-08-30 20:58:03,061 - INFO - timeseries_processing.py:161 -         Append bands to the band-list of EPSG:32635
2025-08-30 20:58:03,062 - INFO - timeseries_processing.py:129 -                        
2025-08-30 20:58:03,062 - INFO - timeseries_processing.py:130 -     Loading parameters:
2025-08-30 20:58:03,062 - INFO - timeseries_processing.py:131 -         Bands: ['B02', 'B03', 'B04']
2025-08-30 20:58:03,062 - INFO - timeseries_processing.py:132 -         Spatial resolution: 10
2025-08-30 20:58:03,062 - INFO - timeseries_processing.py:134 -         Get Assets from STAC Items
2025-08-30 20:58:03,063 - INFO - timeseries_processing.py:47 -         Initialize the STAC client
2025-08-30 20:58:03,622 - INFO - timeseries_processing.py:137 -         Loading 2 STAC Items....
2025-08-30 20:58:30,714 - INFO - timeseries_processing.py:146 -         Cube has been downloaded
2025-08-30 20:58:30,714 - INFO - timeseries_processing.py:149 -         Reproject to downsample 10m bands to 20m by Resampling.average 2x2 binning and shape matching with odc.geo.GeoBox
2025-08-30 20:58:33,198 - INFO - timeseries_processing.py:161 -         Append bands to the band-list of EPSG:32635
2025-08-30 20:58:33,198 - INFO - timeseries_processing.py:165 -                        
2025-08-30 20:58:33,198 - INFO - timeseries_processing.py:166 -     Merging bands in a single dataset
2025-08-30 20:58:33,198 - INFO - timeseries_processing.py:167 -     Ensure all partial datasets are at (x=20, y=-20) resolution
2025-08-30 20:58:33,199 - INFO - timeseries_processing.py:171 -     Clip to the intersection of indexes
2025-08-30 20:58:33,202 - INFO - timeseries_processing.py:180 -     Make a list of bands to merge
2025-08-30 20:58:33,203 - INFO - timeseries_processing.py:184 -     Merge on intersection
2025-08-30 20:58:33,204 - INFO - timeseries_processing.py:192 -     Apply masks on clouds, shadows, thin cirrus, and snow/ice
2025-08-30 20:58:33,205 - INFO - sentinel2.py:122 -                Masking bits: [3, 7, 8, 9, 10, 11]
2025-08-30 20:58:33,476 - INFO - composites.py:307 - Reproject from UTM Zone to Tile geometry -> CRS(EPSG:32635), Resampling.bilinear
2025-08-30 20:58:35,888 - INFO - composites.py:310 -     New shape of datasets: Shape2d(x=2400, y=2400)
2025-08-30 20:58:36,335 - INFO - composites.py:315 -                           
2025-08-30 20:58:36,343 - INFO - composites.py:316 - Mosaic datasets to a single dataset
2025-08-30 20:58:38,796 - INFO - composites.py:329 - Scale SR to Sen2Cor Baseline 4.00 - Subtract 1000 in dates post 2022-01-25
2025-08-30 20:58:39,176 - INFO - composites.py:342 - Creating preview plot of input scenes
2025-08-30 20:59:07,206 - INFO - timeseries_processing.py:349 - Saved preview for 'B04' to //nas-rs.topo.auth.gr/Latomeia/DROUGHT/composites/x12/y12/2023/01/01/S2L2A_medcomp_x12y12_202301_InDataPreview.jpeg
2025-08-30 20:59:07,223 - INFO - composites.py:348 - Clip value range
2025-08-30 20:59:07,760 - INFO - composites.py:353 -                           
2025-08-30 20:59:07,760 - INFO - composites.py:354 - Computing spectral indices:
2025-08-30 20:59:07,761 - INFO - composites.py:357 -     EVI...
2025-08-30 20:59:08,030 - INFO - composites.py:359 -     NDVI...
2025-08-30 20:59:08,147 - INFO - composites.py:361 -     PSRI2...
2025-08-30 20:59:08,220 - INFO - composites.py:364 - Clip to typical value range
2025-08-30 20:59:08,309 - INFO - composites.py:371 - Reducing to median value temporal composite
2025-08-30 20:59:29,180 - INFO - composites.py:390 - Scale and Define data types & nodata per band
2025-08-30 20:59:29,432 - INFO - composites.py:411 - Assign time range and tile ID in metadata
2025-08-30 20:59:29,432 - INFO - composites.py:419 - Write bands to raster COG files
2025-08-30 20:59:35,705 - INFO - composites.py:432 - Write B02 -> //nas-rs.topo.auth.gr/Latomeia/DROUGHT/composites/x12/y12/2023/01/01/S2L2A_medcomp_x12y12_202301_B02.tif
2025-08-30 20:59:42,066 - INFO - composites.py:432 - Write B03 -> //nas-rs.topo.auth.gr/Latomeia/DROUGHT/composites/x12/y12/2023/01/01/S2L2A_medcomp_x12y12_202301_B03.tif
2025-08-30 20:59:48,571 - INFO - composites.py:432 - Write B04 -> //nas-rs.topo.auth.gr/Latomeia/DROUGHT/composites/x12/y12/2023/01/01/S2L2A_medcomp_x12y12_202301_B04.tif
2025-08-30 20:59:55,270 - INFO - composites.py:432 - Write B05 -> //nas-rs.topo.auth.gr/Latomeia/DROUGHT/composites/x12/y12/2023/01/01/S2L2A_medcomp_x12y12_202301_B05.tif
2025-08-30 21:00:01,828 - INFO - composites.py:432 - Write B07 -> //nas-rs.topo.auth.gr/Latomeia/DROUGHT/composites/x12/y12/2023/01/01/S2L2A_medcomp_x12y12_202301_B07.tif
2025-08-30 21:00:08,961 - INFO - composites.py:432 - Write B8A -> //nas-rs.topo.auth.gr/Latomeia/DROUGHT/composites/x12/y12/2023/01/01/S2L2A_medcomp_x12y12_202301_B8A.tif
2025-08-30 21:00:15,987 - INFO - composites.py:432 - Write EVI -> //nas-rs.topo.auth.gr/Latomeia/DROUGHT/composites/x12/y12/2023/01/01/S2L2A_medcomp_x12y12_202301_EVI.tif
2025-08-30 21:00:22,885 - INFO - composites.py:432 - Write NDVI -> //nas-rs.topo.auth.gr/Latomeia/DROUGHT/composites/x12/y12/2023/01/01/S2L2A_medcomp_x12y12_202301_NDVI.tif
2025-08-30 21:00:29,457 - INFO - composites.py:432 - Write PSRI2 -> //nas-rs.topo.auth.gr/Latomeia/DROUGHT/composites/x12/y12/2023/01/01/S2L2A_medcomp_x12y12_202301_PSRI2.tif
2025-08-30 21:00:29,469 - INFO - composites.py:436 - Prepare metadata YAML document
2025-08-30 21:00:30,373 - INFO - composites.py:458 - Write metadata YAML document to disk
2025-08-30 21:00:30,467 - INFO - composites.py:463 - Create datacube.model.Dataset from eo3 metadata
2025-08-30 21:00:30,482 - INFO - composites.py:476 - Index to datacube
2025-08-30 21:00:30,483 - INFO - _datasets.py:191 - Indexing f9a48927-0e3c-45d2-867b-82df86536b0c
2025-08-30 21:00:30,496 - INFO - composites.py:479 - 
2025-08-30 21:00:30,496 - INFO - composites.py:480 -              ✔✔✔ COMPLETED: Tile x12_y12 | Time: 2023-01 | In 4.09 minutes
2025-08-30 21:00:30,496 - INFO - composites.py:481 - 
2025-08-30 21:00:30,496 - INFO - composites.py:489 - Closing Dask client
2025-08-30 21:00:30,498 - INFO - composites.py:493 - Closing Dask cluster
2025-08-30 21:00:30,499 - INFO - composites.py:494 - #######################################################################
