2025-08-31 09:26:02,202 - INFO - composites.py:102 - #######################################################################
2025-08-31 09:26:02,202 - INFO - composites.py:104 - Processing started
2025-08-31 09:26:02,202 - INFO - composites.py:105 -         Tile: x09_y07
2025-08-31 09:26:02,202 - INFO - composites.py:106 -         Time: 2023-06
2025-08-31 09:26:02,202 - INFO - composites.py:109 -                           
2025-08-31 09:26:02,202 - INFO - composites.py:110 - Establishing connection to datacube
2025-08-31 09:26:02,787 - INFO - composites.py:113 -                           
2025-08-31 09:26:02,788 - INFO - composites.py:114 - Sanity test: Check if dataset already exists in the datacube
2025-08-31 09:26:02,807 - INFO - composites.py:133 - The composite requested was not found and it will be computed
2025-08-31 09:26:02,807 - INFO - composites.py:136 -                                  
2025-08-31 09:26:02,807 - INFO - composites.py:137 - Initializing Dask cluster for parallelization
2025-08-31 09:26:08,009 - INFO - composites.py:161 - Dask dashboard is available at: http://127.0.0.1:8787/status
2025-08-31 09:26:08,009 - INFO - composites.py:164 - Create directories and naming conversions
2025-08-31 09:26:08,021 - INFO - composites.py:177 - Dataset location: //nas-rs.topo.auth.gr/Latomeia/DROUGHT/composites/x09/y07/2023/06/01
2025-08-31 09:26:08,021 - INFO - composites.py:180 -                           
2025-08-31 09:26:08,021 - INFO - composites.py:181 - Retrieve tile geometry
2025-08-31 09:26:08,053 - INFO - composites.py:192 - Create the Bounding Box (φ,λ)
2025-08-31 09:26:08,054 - INFO - composites.py:198 - Create the Bounding Box (x,y)
2025-08-31 09:26:08,054 - INFO - composites.py:211 -                           
2025-08-31 09:26:08,054 - INFO - composites.py:212 - Connect to Planetary Computer STAC Catalog
2025-08-31 09:26:08,260 - INFO - composites.py:220 - Search the STAC Catalog
2025-08-31 09:26:08,328 - INFO - composites.py:232 -         Query parameters:
2025-08-31 09:26:08,328 - INFO - composites.py:233 -             url:          https://planetarycomputer.microsoft.com/api/stac/v1/search
2025-08-31 09:26:08,328 - INFO - composites.py:234 -             client:       microsoft-pc
2025-08-31 09:26:08,328 - INFO - composites.py:235 -             collection:   sentinel-2-l2a
2025-08-31 09:26:08,328 - INFO - composites.py:236 -             bbox:         (21.713272741353347, 36.503467455742786, 22.3662065071609, 37.05185939680514)
2025-08-31 09:26:08,328 - INFO - composites.py:237 -             time range:   2023-06-01T00:00:00Z/2023-06-30T23:59:59Z
2025-08-31 09:26:08,328 - INFO - composites.py:238 -             cloud cover:  0% - 70%
2025-08-31 09:26:08,328 - INFO - composites.py:239 -             nodata cover: 0% - 33%
2025-08-31 09:26:08,328 - INFO - composites.py:241 -                           
2025-08-31 09:26:08,328 - INFO - composites.py:242 - Searching...
2025-08-31 09:26:08,990 - INFO - composites.py:245 - Query found 50 items
2025-08-31 09:26:08,990 - INFO - composites.py:247 - Searching for GRI REFINED scenes:
2025-08-31 09:26:14,216 - INFO - sentinel2.py:78 - 1/50 - S2B_MSIL2A_20230629T090559_R050_T34SFG_20240926T143342 -> REFINED
2025-08-31 09:26:19,384 - INFO - sentinel2.py:78 - 2/50 - S2B_MSIL2A_20230629T090559_R050_T34SFG_20230629T165148 -> REFINED
2025-08-31 09:26:23,690 - INFO - sentinel2.py:78 - 3/50 - S2B_MSIL2A_20230629T090559_R050_T34SFF_20240926T143342 -> REFINED
2025-08-31 09:26:29,333 - INFO - sentinel2.py:78 - 4/50 - S2B_MSIL2A_20230629T090559_R050_T34SFF_20230629T163142 -> REFINED
2025-08-31 09:26:35,731 - INFO - sentinel2.py:78 - 5/50 - S2A_MSIL2A_20230627T092031_R093_T34SFG_20241009T222145 -> REFINED
2025-08-31 09:26:40,946 - INFO - sentinel2.py:78 - 6/50 - S2A_MSIL2A_20230627T092031_R093_T34SFG_20230627T183218 -> REFINED
2025-08-31 09:26:45,275 - INFO - sentinel2.py:78 - 7/50 - S2A_MSIL2A_20230627T092031_R093_T34SFF_20241009T222145 -> REFINED
2025-08-31 09:26:50,933 - INFO - sentinel2.py:78 - 8/50 - S2A_MSIL2A_20230627T092031_R093_T34SFF_20230627T183258 -> REFINED
2025-08-31 09:26:56,483 - INFO - sentinel2.py:78 - 9/50 - S2A_MSIL2A_20230627T092031_R093_T34SEG_20241009T222145 -> REFINED
2025-08-31 09:27:01,524 - INFO - sentinel2.py:78 - 10/50 - S2A_MSIL2A_20230627T092031_R093_T34SEG_20230627T183605 -> REFINED
2025-08-31 09:27:06,452 - INFO - sentinel2.py:78 - 11/50 - S2A_MSIL2A_20230627T092031_R093_T34SEF_20241009T222145 -> REFINED
2025-08-31 09:27:11,360 - INFO - sentinel2.py:78 - 12/50 - S2A_MSIL2A_20230627T092031_R093_T34SEF_20230627T183518 -> REFINED
2025-08-31 09:27:16,927 - INFO - sentinel2.py:78 - 13/50 - S2A_MSIL2A_20230624T090601_R050_T34SFG_20240912T044526 -> REFINED
2025-08-31 09:27:21,726 - INFO - sentinel2.py:78 - 14/50 - S2A_MSIL2A_20230624T090601_R050_T34SFG_20230624T154821 -> REFINED
2025-08-31 09:27:25,958 - INFO - sentinel2.py:78 - 15/50 - S2A_MSIL2A_20230624T090601_R050_T34SFF_20240912T044526 -> REFINED
2025-08-31 09:27:30,617 - INFO - sentinel2.py:78 - 16/50 - S2A_MSIL2A_20230624T090601_R050_T34SFF_20230624T152558 -> REFINED
2025-08-31 09:27:36,109 - INFO - sentinel2.py:78 - 17/50 - S2B_MSIL2A_20230622T091559_R093_T34SFG_20230622T174055 -> REFINED
2025-08-31 09:27:40,781 - INFO - sentinel2.py:78 - 18/50 - S2B_MSIL2A_20230622T091559_R093_T34SFF_20230622T174053 -> REFINED
2025-08-31 09:27:45,708 - INFO - sentinel2.py:78 - 19/50 - S2B_MSIL2A_20230622T091559_R093_T34SEG_20230622T174354 -> REFINED
2025-08-31 09:27:51,234 - INFO - sentinel2.py:78 - 20/50 - S2B_MSIL2A_20230622T091559_R093_T34SEF_20230622T174358 -> REFINED
2025-08-31 09:27:55,947 - INFO - sentinel2.py:78 - 21/50 - S2B_MSIL2A_20230619T090559_R050_T34SFG_20230619T133003 -> REFINED
2025-08-31 09:28:01,126 - INFO - sentinel2.py:78 - 22/50 - S2B_MSIL2A_20230619T090559_R050_T34SFF_20230619T133003 -> REFINED
2025-08-31 09:28:06,374 - INFO - sentinel2.py:78 - 23/50 - S2A_MSIL2A_20230617T092031_R093_T34SFF_20240926T233927 -> REFINED
2025-08-31 09:28:10,962 - INFO - sentinel2.py:78 - 24/50 - S2A_MSIL2A_20230617T092031_R093_T34SFF_20230617T173532 -> REFINED
2025-08-31 09:28:15,571 - INFO - sentinel2.py:78 - 25/50 - S2A_MSIL2A_20230617T092031_R093_T34SEG_20240926T233927 -> REFINED
2025-08-31 09:28:20,097 - INFO - sentinel2.py:78 - 26/50 - S2A_MSIL2A_20230617T092031_R093_T34SEG_20230617T173539 -> REFINED
2025-08-31 09:28:24,370 - INFO - sentinel2.py:78 - 27/50 - S2A_MSIL2A_20230617T092031_R093_T34SEF_20240926T233927 -> REFINED
2025-08-31 09:28:29,258 - INFO - sentinel2.py:78 - 28/50 - S2A_MSIL2A_20230617T092031_R093_T34SEF_20230617T173526 -> REFINED
2025-08-31 09:28:34,492 - INFO - sentinel2.py:78 - 29/50 - S2A_MSIL2A_20230614T090601_R050_T34SFG_20240909T191515 -> REFINED
2025-08-31 09:28:38,828 - INFO - sentinel2.py:78 - 30/50 - S2A_MSIL2A_20230614T090601_R050_T34SFG_20230614T153030 -> REFINED
2025-08-31 09:28:44,263 - INFO - sentinel2.py:78 - 31/50 - S2A_MSIL2A_20230614T090601_R050_T34SFF_20240909T191515 -> REFINED
2025-08-31 09:28:49,768 - INFO - sentinel2.py:78 - 32/50 - S2A_MSIL2A_20230614T090601_R050_T34SFF_20230614T152852 -> REFINED
2025-08-31 09:28:55,170 - INFO - sentinel2.py:78 - 33/50 - S2B_MSIL2A_20230612T091559_R093_T34SFF_20240911T011934 -> REFINED
2025-08-31 09:29:00,635 - INFO - sentinel2.py:78 - 34/50 - S2B_MSIL2A_20230612T091559_R093_T34SFF_20230612T134046 -> REFINED
2025-08-31 09:29:06,316 - INFO - sentinel2.py:78 - 35/50 - S2B_MSIL2A_20230612T091559_R093_T34SEG_20240911T011934 -> REFINED
2025-08-31 09:29:10,764 - INFO - sentinel2.py:78 - 36/50 - S2B_MSIL2A_20230612T091559_R093_T34SEG_20230612T133127 -> REFINED
2025-08-31 09:29:16,226 - INFO - sentinel2.py:78 - 37/50 - S2B_MSIL2A_20230612T091559_R093_T34SEF_20240911T011934 -> REFINED
2025-08-31 09:29:21,423 - INFO - sentinel2.py:78 - 38/50 - S2B_MSIL2A_20230612T091559_R093_T34SEF_20230612T133121 -> REFINED
2025-08-31 09:29:26,255 - INFO - sentinel2.py:78 - 39/50 - S2B_MSIL2A_20230609T090559_R050_T34SFG_20240927T230135 -> REFINED
2025-08-31 09:29:31,630 - INFO - sentinel2.py:78 - 40/50 - S2B_MSIL2A_20230609T090559_R050_T34SFG_20230609T132253 -> REFINED
2025-08-31 09:29:35,845 - INFO - sentinel2.py:78 - 41/50 - S2B_MSIL2A_20230609T090559_R050_T34SFF_20240927T230135 -> REFINED
2025-08-31 09:29:40,633 - INFO - sentinel2.py:78 - 42/50 - S2B_MSIL2A_20230609T090559_R050_T34SFF_20230609T132300 -> REFINED
2025-08-31 09:29:45,461 - INFO - sentinel2.py:78 - 43/50 - S2A_MSIL2A_20230604T090601_R050_T34SFG_20240926T190007 -> REFINED
2025-08-31 09:29:50,351 - INFO - sentinel2.py:78 - 44/50 - S2A_MSIL2A_20230604T090601_R050_T34SFG_20230604T153152 -> REFINED
2025-08-31 09:29:54,672 - INFO - sentinel2.py:78 - 45/50 - S2A_MSIL2A_20230604T090601_R050_T34SFF_20240926T190007 -> REFINED
2025-08-31 09:29:59,662 - INFO - sentinel2.py:78 - 46/50 - S2A_MSIL2A_20230604T090601_R050_T34SFF_20230604T153153 -> REFINED
2025-08-31 09:30:05,500 - INFO - sentinel2.py:78 - 47/50 - S2B_MSIL2A_20230602T091559_R093_T34SEG_20240911T003315 -> REFINED
2025-08-31 09:30:10,231 - INFO - sentinel2.py:78 - 48/50 - S2B_MSIL2A_20230602T091559_R093_T34SEG_20230602T132528 -> REFINED
2025-08-31 09:30:15,535 - INFO - sentinel2.py:78 - 49/50 - S2B_MSIL2A_20230602T091559_R093_T34SEF_20240911T003315 -> REFINED
2025-08-31 09:30:20,336 - INFO - sentinel2.py:78 - 50/50 - S2B_MSIL2A_20230602T091559_R093_T34SEF_20230602T132308 -> REFINED
2025-08-31 09:30:20,379 - INFO - composites.py:250 -                                  
2025-08-31 09:30:20,380 - INFO - composites.py:251 - 50/50 were refined by GRI.
2025-08-31 09:30:20,381 - INFO - composites.py:263 - Looking for up to 10 cleanest images within spatiotemporal range of each MGRS tile
2025-08-31 09:30:20,381 - INFO - composites.py:277 - Filtered cleanest scenes: Kept 38 out of 50 items. 
2025-08-31 09:30:20,382 - INFO - composites.py:278 -         Included MGRS Tiles: ['34SEF' '34SEG' '34SFF' '34SFG']
2025-08-31 09:30:20,382 - INFO - composites.py:279 -         Included EPSG codes: [32634]
2025-08-31 09:30:20,382 - INFO - composites.py:281 - Selected scenes:
2025-08-31 09:30:20,383 - INFO - composites.py:283 -         S2A_MSIL2A_20230627T092031_R093_T34SEF_20241009T222145
2025-08-31 09:30:20,383 - INFO - composites.py:283 -         S2A_MSIL2A_20230627T092031_R093_T34SEF_20230627T183518
2025-08-31 09:30:20,383 - INFO - composites.py:283 -         S2B_MSIL2A_20230622T091559_R093_T34SEF_20230622T174358
2025-08-31 09:30:20,383 - INFO - composites.py:283 -         S2A_MSIL2A_20230617T092031_R093_T34SEF_20240926T233927
2025-08-31 09:30:20,391 - INFO - composites.py:283 -         S2A_MSIL2A_20230617T092031_R093_T34SEF_20230617T173526
2025-08-31 09:30:20,411 - INFO - composites.py:283 -         S2B_MSIL2A_20230612T091559_R093_T34SEF_20230612T133121
2025-08-31 09:30:20,424 - INFO - composites.py:283 -         S2B_MSIL2A_20230612T091559_R093_T34SEF_20240911T011934
2025-08-31 09:30:20,430 - INFO - composites.py:283 -         S2B_MSIL2A_20230602T091559_R093_T34SEF_20240911T003315
2025-08-31 09:30:20,430 - INFO - composites.py:283 -         S2B_MSIL2A_20230602T091559_R093_T34SEF_20230602T132308
2025-08-31 09:30:20,431 - INFO - composites.py:283 -         S2B_MSIL2A_20230622T091559_R093_T34SEG_20230622T174354
2025-08-31 09:30:20,431 - INFO - composites.py:283 -         S2A_MSIL2A_20230627T092031_R093_T34SEG_20230627T183605
2025-08-31 09:30:20,431 - INFO - composites.py:283 -         S2A_MSIL2A_20230627T092031_R093_T34SEG_20241009T222145
2025-08-31 09:30:20,431 - INFO - composites.py:283 -         S2B_MSIL2A_20230602T091559_R093_T34SEG_20230602T132528
2025-08-31 09:30:20,431 - INFO - composites.py:283 -         S2B_MSIL2A_20230602T091559_R093_T34SEG_20240911T003315
2025-08-31 09:30:20,431 - INFO - composites.py:283 -         S2B_MSIL2A_20230612T091559_R093_T34SEG_20240911T011934
2025-08-31 09:30:20,431 - INFO - composites.py:283 -         S2B_MSIL2A_20230612T091559_R093_T34SEG_20230612T133127
2025-08-31 09:30:20,431 - INFO - composites.py:283 -         S2A_MSIL2A_20230617T092031_R093_T34SEG_20230617T173539
2025-08-31 09:30:20,431 - INFO - composites.py:283 -         S2A_MSIL2A_20230617T092031_R093_T34SEG_20240926T233927
2025-08-31 09:30:20,431 - INFO - composites.py:283 -         S2A_MSIL2A_20230624T090601_R050_T34SFF_20230624T152558
2025-08-31 09:30:20,431 - INFO - composites.py:283 -         S2A_MSIL2A_20230624T090601_R050_T34SFF_20240912T044526
2025-08-31 09:30:20,431 - INFO - composites.py:283 -         S2B_MSIL2A_20230629T090559_R050_T34SFF_20240926T143342
2025-08-31 09:30:20,432 - INFO - composites.py:283 -         S2B_MSIL2A_20230629T090559_R050_T34SFF_20230629T163142
2025-08-31 09:30:20,432 - INFO - composites.py:283 -         S2A_MSIL2A_20230604T090601_R050_T34SFF_20240926T190007
2025-08-31 09:30:20,432 - INFO - composites.py:283 -         S2A_MSIL2A_20230604T090601_R050_T34SFF_20230604T153153
2025-08-31 09:30:20,432 - INFO - composites.py:283 -         S2B_MSIL2A_20230619T090559_R050_T34SFF_20230619T133003
2025-08-31 09:30:20,432 - INFO - composites.py:283 -         S2B_MSIL2A_20230609T090559_R050_T34SFF_20240927T230135
2025-08-31 09:30:20,432 - INFO - composites.py:283 -         S2B_MSIL2A_20230609T090559_R050_T34SFF_20230609T132300
2025-08-31 09:30:20,432 - INFO - composites.py:283 -         S2A_MSIL2A_20230614T090601_R050_T34SFF_20240909T191515
2025-08-31 09:30:20,432 - INFO - composites.py:283 -         S2A_MSIL2A_20230624T090601_R050_T34SFG_20230624T154821
2025-08-31 09:30:20,432 - INFO - composites.py:283 -         S2A_MSIL2A_20230624T090601_R050_T34SFG_20240912T044526
2025-08-31 09:30:20,432 - INFO - composites.py:283 -         S2B_MSIL2A_20230629T090559_R050_T34SFG_20240926T143342
2025-08-31 09:30:20,432 - INFO - composites.py:283 -         S2B_MSIL2A_20230629T090559_R050_T34SFG_20230629T165148
2025-08-31 09:30:20,432 - INFO - composites.py:283 -         S2B_MSIL2A_20230619T090559_R050_T34SFG_20230619T133003
2025-08-31 09:30:20,432 - INFO - composites.py:283 -         S2B_MSIL2A_20230622T091559_R093_T34SFG_20230622T174055
2025-08-31 09:30:20,432 - INFO - composites.py:283 -         S2A_MSIL2A_20230614T090601_R050_T34SFG_20240909T191515
2025-08-31 09:30:20,432 - INFO - composites.py:283 -         S2A_MSIL2A_20230614T090601_R050_T34SFG_20230614T153030
2025-08-31 09:30:20,432 - INFO - composites.py:283 -         S2A_MSIL2A_20230604T090601_R050_T34SFG_20240926T190007
2025-08-31 09:30:20,432 - INFO - composites.py:283 -         S2A_MSIL2A_20230604T090601_R050_T34SFG_20230604T153152
2025-08-31 09:30:20,876 - INFO - sentinel2.py:154 - Matplotlib backend: Agg
2025-08-31 09:30:21,129 - INFO - sentinel2.py:224 - Write input scenes footprint overlay: //nas-rs.topo.auth.gr/Latomeia/DROUGHT/composites/x09/y07/2023/06/01/S2L2A_medcomp_x09y07_202306_InDataFootprint.jpeg
2025-08-31 09:30:21,443 - INFO - composites.py:297 -                                  
2025-08-31 09:30:21,443 - INFO - composites.py:298 - Downstream STAC items from Planetary Computer
2025-08-31 09:30:21,443 - INFO - timeseries_processing.py:115 -                                  
2025-08-31 09:30:21,443 - INFO - timeseries_processing.py:116 - Loading bands of diferent resolutions in EPSG:32634
2025-08-31 09:30:21,443 - INFO - timeseries_processing.py:120 -     Filtering items with native UTM EPSG:32634
2025-08-31 09:30:21,443 - INFO - timeseries_processing.py:122 -     38 Items in EPSG:32634
2025-08-31 09:30:21,443 - INFO - timeseries_processing.py:129 -                        
2025-08-31 09:30:21,443 - INFO - timeseries_processing.py:130 -     Loading parameters:
2025-08-31 09:30:21,443 - INFO - timeseries_processing.py:131 -         Bands: ['B05', 'B07', 'B8A', 'SCL']
2025-08-31 09:30:21,443 - INFO - timeseries_processing.py:132 -         Spatial resolution: 20
2025-08-31 09:30:21,443 - INFO - timeseries_processing.py:134 -         Get Assets from STAC Items
2025-08-31 09:30:21,443 - INFO - timeseries_processing.py:47 -         Initialize the STAC client
2025-08-31 09:30:22,157 - INFO - timeseries_processing.py:137 -         Loading 38 STAC Items....
2025-08-31 09:31:49,203 - INFO - timeseries_processing.py:146 -         Cube has been downloaded
2025-08-31 09:31:49,204 - INFO - timeseries_processing.py:156 -         Fix order of dimensions
2025-08-31 09:31:49,205 - INFO - timeseries_processing.py:161 -         Append bands to the band-list of EPSG:32634
2025-08-31 09:31:49,205 - INFO - timeseries_processing.py:129 -                        
2025-08-31 09:31:49,205 - INFO - timeseries_processing.py:130 -     Loading parameters:
2025-08-31 09:31:49,205 - INFO - timeseries_processing.py:131 -         Bands: ['B02', 'B03', 'B04']
2025-08-31 09:31:49,206 - INFO - timeseries_processing.py:132 -         Spatial resolution: 10
2025-08-31 09:31:49,209 - INFO - timeseries_processing.py:134 -         Get Assets from STAC Items
2025-08-31 09:31:49,210 - INFO - timeseries_processing.py:47 -         Initialize the STAC client
2025-08-31 09:31:50,034 - INFO - timeseries_processing.py:137 -         Loading 38 STAC Items....
2025-08-31 09:35:49,836 - INFO - timeseries_processing.py:146 -         Cube has been downloaded
2025-08-31 09:35:49,847 - INFO - timeseries_processing.py:149 -         Reproject to downsample 10m bands to 20m by Resampling.average 2x2 binning and shape matching with odc.geo.GeoBox
2025-08-31 09:36:03,894 - INFO - timeseries_processing.py:161 -         Append bands to the band-list of EPSG:32634
2025-08-31 09:36:03,894 - INFO - timeseries_processing.py:165 -                        
2025-08-31 09:36:03,894 - INFO - timeseries_processing.py:166 -     Merging bands in a single dataset
2025-08-31 09:36:03,895 - INFO - timeseries_processing.py:167 -     Ensure all partial datasets are at (x=20, y=-20) resolution
2025-08-31 09:36:03,895 - INFO - timeseries_processing.py:171 -     Clip to the intersection of indexes
2025-08-31 09:36:05,195 - INFO - timeseries_processing.py:180 -     Make a list of bands to merge
2025-08-31 09:36:05,196 - INFO - timeseries_processing.py:184 -     Merge on intersection
2025-08-31 09:36:05,197 - INFO - timeseries_processing.py:192 -     Apply masks on clouds, shadows, thin cirrus, and snow/ice
2025-08-31 09:36:05,197 - INFO - sentinel2.py:122 -                Masking bits: [3, 7, 8, 9, 10, 11]
2025-08-31 09:36:06,497 - INFO - composites.py:307 - Reproject from UTM Zone to Tile geometry -> CRS(EPSG:32634), Resampling.bilinear
2025-08-31 09:36:13,977 - INFO - composites.py:310 -     New shape of datasets: Shape2d(x=2400, y=2400)
2025-08-31 09:36:14,678 - INFO - composites.py:329 - Scale SR to Sen2Cor Baseline 4.00 - Subtract 1000 in dates post 2022-01-25
2025-08-31 09:36:16,254 - INFO - composites.py:342 - Creating preview plot of input scenes
2025-08-31 09:36:51,901 - INFO - timeseries_processing.py:349 - Saved preview for 'B04' to //nas-rs.topo.auth.gr/Latomeia/DROUGHT/composites/x09/y07/2023/06/01/S2L2A_medcomp_x09y07_202306_InDataPreview.jpeg
2025-08-31 09:36:51,908 - INFO - composites.py:348 - Clip value range
2025-08-31 09:36:54,095 - INFO - composites.py:353 -                           
2025-08-31 09:36:54,095 - INFO - composites.py:354 - Computing spectral indices:
2025-08-31 09:36:54,096 - INFO - composites.py:357 -     EVI...
2025-08-31 09:36:55,527 - INFO - composites.py:359 -     NDVI...
2025-08-31 09:36:55,950 - INFO - composites.py:361 -     PSRI2...
2025-08-31 09:36:56,340 - INFO - composites.py:364 - Clip to typical value range
2025-08-31 09:36:56,727 - INFO - composites.py:371 - Reducing to median value temporal composite
2025-08-31 09:37:24,659 - INFO - composites.py:390 - Scale and Define data types & nodata per band
2025-08-31 09:37:24,837 - INFO - composites.py:411 - Assign time range and tile ID in metadata
2025-08-31 09:37:24,837 - INFO - composites.py:419 - Write bands to raster COG files
2025-08-31 09:37:29,048 - INFO - composites.py:432 - Write B02 -> //nas-rs.topo.auth.gr/Latomeia/DROUGHT/composites/x09/y07/2023/06/01/S2L2A_medcomp_x09y07_202306_B02.tif
2025-08-31 09:37:32,970 - INFO - composites.py:432 - Write B03 -> //nas-rs.topo.auth.gr/Latomeia/DROUGHT/composites/x09/y07/2023/06/01/S2L2A_medcomp_x09y07_202306_B03.tif
2025-08-31 09:37:36,877 - INFO - composites.py:432 - Write B04 -> //nas-rs.topo.auth.gr/Latomeia/DROUGHT/composites/x09/y07/2023/06/01/S2L2A_medcomp_x09y07_202306_B04.tif
2025-08-31 09:37:40,833 - INFO - composites.py:432 - Write B05 -> //nas-rs.topo.auth.gr/Latomeia/DROUGHT/composites/x09/y07/2023/06/01/S2L2A_medcomp_x09y07_202306_B05.tif
2025-08-31 09:37:44,705 - INFO - composites.py:432 - Write B07 -> //nas-rs.topo.auth.gr/Latomeia/DROUGHT/composites/x09/y07/2023/06/01/S2L2A_medcomp_x09y07_202306_B07.tif
2025-08-31 09:37:48,604 - INFO - composites.py:432 - Write B8A -> //nas-rs.topo.auth.gr/Latomeia/DROUGHT/composites/x09/y07/2023/06/01/S2L2A_medcomp_x09y07_202306_B8A.tif
2025-08-31 09:37:52,420 - INFO - composites.py:432 - Write EVI -> //nas-rs.topo.auth.gr/Latomeia/DROUGHT/composites/x09/y07/2023/06/01/S2L2A_medcomp_x09y07_202306_EVI.tif
2025-08-31 09:37:56,259 - INFO - composites.py:432 - Write NDVI -> //nas-rs.topo.auth.gr/Latomeia/DROUGHT/composites/x09/y07/2023/06/01/S2L2A_medcomp_x09y07_202306_NDVI.tif
2025-08-31 09:38:00,142 - INFO - composites.py:432 - Write PSRI2 -> //nas-rs.topo.auth.gr/Latomeia/DROUGHT/composites/x09/y07/2023/06/01/S2L2A_medcomp_x09y07_202306_PSRI2.tif
2025-08-31 09:38:00,152 - INFO - composites.py:436 - Prepare metadata YAML document
2025-08-31 09:38:00,679 - INFO - composites.py:458 - Write metadata YAML document to disk
2025-08-31 09:38:00,704 - INFO - composites.py:463 - Create datacube.model.Dataset from eo3 metadata
2025-08-31 09:38:00,716 - INFO - composites.py:476 - Index to datacube
2025-08-31 09:38:00,717 - INFO - _datasets.py:191 - Indexing 8d4ed42c-ba85-41c0-b081-0a64fe78a757
2025-08-31 09:38:00,728 - INFO - composites.py:479 - 
2025-08-31 09:38:00,728 - INFO - composites.py:480 -              ✔✔✔ COMPLETED: Tile x09_y07 | Time: 2023-06 | In 11.98 minutes
2025-08-31 09:38:00,729 - INFO - composites.py:481 - 
2025-08-31 09:38:00,729 - INFO - composites.py:489 - Closing Dask client
2025-08-31 09:38:00,737 - INFO - composites.py:493 - Closing Dask cluster
2025-08-31 09:38:00,737 - INFO - composites.py:494 - #######################################################################
