2025-09-02 03:34:38,223 - INFO - composites.py:102 - #######################################################################
2025-09-02 03:34:38,223 - INFO - composites.py:104 - Processing started
2025-09-02 03:34:38,223 - INFO - composites.py:105 -         Tile: x12_y11
2025-09-02 03:34:38,223 - INFO - composites.py:106 -         Time: 2024-06
2025-09-02 03:34:38,223 - INFO - composites.py:109 -                           
2025-09-02 03:34:38,223 - INFO - composites.py:110 - Establishing connection to datacube
2025-09-02 03:34:38,742 - INFO - composites.py:113 -                           
2025-09-02 03:34:38,743 - INFO - composites.py:114 - Sanity test: Check if dataset already exists in the datacube
2025-09-02 03:34:38,764 - INFO - composites.py:133 - The composite requested was not found and it will be computed
2025-09-02 03:34:38,764 - INFO - composites.py:136 -                                  
2025-09-02 03:34:38,764 - INFO - composites.py:137 - Initializing Dask cluster for parallelization
2025-09-02 03:34:43,852 - INFO - composites.py:161 - Dask dashboard is available at: http://127.0.0.1:8787/status
2025-09-02 03:34:43,852 - INFO - composites.py:164 - Create directories and naming conversions
2025-09-02 03:34:43,864 - INFO - composites.py:177 - Dataset location: //nas-rs.topo.auth.gr/Latomeia/DROUGHT/composites/x12/y11/2024/06/01
2025-09-02 03:34:43,864 - INFO - composites.py:180 -                           
2025-09-02 03:34:43,864 - INFO - composites.py:181 - Retrieve tile geometry
2025-09-02 03:34:43,893 - INFO - composites.py:192 - Create the Bounding Box (φ,λ)
2025-09-02 03:34:43,893 - INFO - composites.py:198 - Create the Bounding Box (x,y)
2025-09-02 03:34:43,893 - INFO - composites.py:211 -                           
2025-09-02 03:34:43,893 - INFO - composites.py:212 - Connect to Planetary Computer STAC Catalog
2025-09-02 03:34:44,152 - INFO - composites.py:220 - Search the STAC Catalog
2025-09-02 03:34:44,223 - INFO - composites.py:232 -         Query parameters:
2025-09-02 03:34:44,223 - INFO - composites.py:233 -             url:          https://planetarycomputer.microsoft.com/api/stac/v1/search
2025-09-02 03:34:44,223 - INFO - composites.py:234 -             client:       microsoft-pc
2025-09-02 03:34:44,223 - INFO - composites.py:235 -             collection:   sentinel-2-l2a
2025-09-02 03:34:44,223 - INFO - composites.py:236 -             bbox:         (23.62848359322628, 37.99360926828161, 24.306499279548976, 38.55013763603257)
2025-09-02 03:34:44,234 - INFO - composites.py:237 -             time range:   2024-06-01T00:00:00Z/2024-06-30T23:59:59Z
2025-09-02 03:34:44,234 - INFO - composites.py:238 -             cloud cover:  0% - 70%
2025-09-02 03:34:44,234 - INFO - composites.py:239 -             nodata cover: 0% - 33%
2025-09-02 03:34:44,239 - INFO - composites.py:241 -                           
2025-09-02 03:34:44,239 - INFO - composites.py:242 - Searching...
2025-09-02 03:34:44,698 - INFO - composites.py:245 - Query found 10 items
2025-09-02 03:34:44,698 - INFO - composites.py:247 - Searching for GRI REFINED scenes:
2025-09-02 03:34:50,156 - INFO - sentinel2.py:78 - 1/10 - S2A_MSIL2A_20240628T090601_R050_T35SKC_20240628T152412 -> REFINED
2025-09-02 03:34:56,330 - INFO - sentinel2.py:78 - 2/10 - S2A_MSIL2A_20240628T090601_R050_T34SGH_20240628T152219 -> REFINED
2025-09-02 03:35:02,422 - INFO - sentinel2.py:78 - 3/10 - S2B_MSIL2A_20240623T090559_R050_T35SKC_20240623T132125 -> REFINED
2025-09-02 03:35:08,515 - INFO - sentinel2.py:78 - 4/10 - S2B_MSIL2A_20240623T090559_R050_T34SGH_20240623T132126 -> REFINED
2025-09-02 03:35:14,042 - INFO - sentinel2.py:78 - 5/10 - S2A_MSIL2A_20240618T090601_R050_T35SKC_20240618T135419 -> REFINED
2025-09-02 03:35:20,286 - INFO - sentinel2.py:78 - 6/10 - S2A_MSIL2A_20240618T090601_R050_T34SGH_20240618T134524 -> REFINED
2025-09-02 03:35:26,275 - INFO - sentinel2.py:78 - 7/10 - S2A_MSIL2A_20240608T090601_R050_T35SKC_20240608T132546 -> REFINED
2025-09-02 03:35:31,751 - INFO - sentinel2.py:78 - 8/10 - S2A_MSIL2A_20240608T090601_R050_T34SGH_20240608T132620 -> REFINED
2025-09-02 03:35:37,938 - INFO - sentinel2.py:78 - 9/10 - S2B_MSIL2A_20240603T090559_R050_T35SKC_20240603T121842 -> REFINED
2025-09-02 03:35:43,386 - INFO - sentinel2.py:78 - 10/10 - S2B_MSIL2A_20240603T090559_R050_T34SGH_20240603T121628 -> REFINED
2025-09-02 03:35:43,435 - INFO - composites.py:250 -                                  
2025-09-02 03:35:43,437 - INFO - composites.py:251 - 10/10 were refined by GRI.
2025-09-02 03:35:43,437 - INFO - composites.py:263 - Looking for up to 10 cleanest images within spatiotemporal range of each MGRS tile
2025-09-02 03:35:43,437 - INFO - composites.py:277 - Filtered cleanest scenes: Kept 10 out of 10 items. 
2025-09-02 03:35:43,437 - INFO - composites.py:278 -         Included MGRS Tiles: ['34SGH' '35SKC']
2025-09-02 03:35:43,438 - INFO - composites.py:279 -         Included EPSG codes: [32634 32635]
2025-09-02 03:35:43,438 - INFO - composites.py:281 - Selected scenes:
2025-09-02 03:35:43,438 - INFO - composites.py:283 -         S2B_MSIL2A_20240623T090559_R050_T34SGH_20240623T132126
2025-09-02 03:35:43,438 - INFO - composites.py:283 -         S2A_MSIL2A_20240618T090601_R050_T34SGH_20240618T134524
2025-09-02 03:35:43,448 - INFO - composites.py:283 -         S2A_MSIL2A_20240608T090601_R050_T34SGH_20240608T132620
2025-09-02 03:35:43,448 - INFO - composites.py:283 -         S2A_MSIL2A_20240628T090601_R050_T34SGH_20240628T152219
2025-09-02 03:35:43,448 - INFO - composites.py:283 -         S2B_MSIL2A_20240603T090559_R050_T34SGH_20240603T121628
2025-09-02 03:35:43,448 - INFO - composites.py:283 -         S2A_MSIL2A_20240618T090601_R050_T35SKC_20240618T135419
2025-09-02 03:35:43,448 - INFO - composites.py:283 -         S2A_MSIL2A_20240608T090601_R050_T35SKC_20240608T132546
2025-09-02 03:35:43,449 - INFO - composites.py:283 -         S2B_MSIL2A_20240623T090559_R050_T35SKC_20240623T132125
2025-09-02 03:35:43,449 - INFO - composites.py:283 -         S2A_MSIL2A_20240628T090601_R050_T35SKC_20240628T152412
2025-09-02 03:35:43,449 - INFO - composites.py:283 -         S2B_MSIL2A_20240603T090559_R050_T35SKC_20240603T121842
2025-09-02 03:35:43,809 - INFO - sentinel2.py:154 - Matplotlib backend: Agg
2025-09-02 03:35:43,982 - INFO - sentinel2.py:224 - Write input scenes footprint overlay: //nas-rs.topo.auth.gr/Latomeia/DROUGHT/composites/x12/y11/2024/06/01/S2L2A_medcomp_x12y11_202406_InDataFootprint.jpeg
2025-09-02 03:35:44,209 - INFO - composites.py:297 -                                  
2025-09-02 03:35:44,209 - INFO - composites.py:298 - Downstream STAC items from Planetary Computer
2025-09-02 03:35:44,209 - INFO - timeseries_processing.py:115 -                                  
2025-09-02 03:35:44,209 - INFO - timeseries_processing.py:116 - Loading bands of diferent resolutions in EPSG:32634
2025-09-02 03:35:44,209 - INFO - timeseries_processing.py:120 -     Filtering items with native UTM EPSG:32634
2025-09-02 03:35:44,209 - INFO - timeseries_processing.py:122 -     5 Items in EPSG:32634
2025-09-02 03:35:44,209 - INFO - timeseries_processing.py:129 -                        
2025-09-02 03:35:44,209 - INFO - timeseries_processing.py:130 -     Loading parameters:
2025-09-02 03:35:44,209 - INFO - timeseries_processing.py:131 -         Bands: ['B05', 'B07', 'B8A', 'SCL']
2025-09-02 03:35:44,209 - INFO - timeseries_processing.py:132 -         Spatial resolution: 20
2025-09-02 03:35:44,209 - INFO - timeseries_processing.py:134 -         Get Assets from STAC Items
2025-09-02 03:35:44,209 - INFO - timeseries_processing.py:47 -         Initialize the STAC client
2025-09-02 03:35:44,721 - INFO - timeseries_processing.py:137 -         Loading 5 STAC Items....
2025-09-02 03:36:24,860 - INFO - timeseries_processing.py:146 -         Cube has been downloaded
2025-09-02 03:36:24,860 - INFO - timeseries_processing.py:156 -         Fix order of dimensions
2025-09-02 03:36:24,862 - INFO - timeseries_processing.py:161 -         Append bands to the band-list of EPSG:32634
2025-09-02 03:36:24,862 - INFO - timeseries_processing.py:129 -                        
2025-09-02 03:36:24,862 - INFO - timeseries_processing.py:130 -     Loading parameters:
2025-09-02 03:36:24,863 - INFO - timeseries_processing.py:131 -         Bands: ['B02', 'B03', 'B04']
2025-09-02 03:36:24,863 - INFO - timeseries_processing.py:132 -         Spatial resolution: 10
2025-09-02 03:36:24,863 - INFO - timeseries_processing.py:134 -         Get Assets from STAC Items
2025-09-02 03:36:24,863 - INFO - timeseries_processing.py:47 -         Initialize the STAC client
2025-09-02 03:36:25,333 - INFO - timeseries_processing.py:137 -         Loading 5 STAC Items....
2025-09-02 03:38:02,386 - INFO - timeseries_processing.py:146 -         Cube has been downloaded
2025-09-02 03:38:02,390 - INFO - timeseries_processing.py:149 -         Reproject to downsample 10m bands to 20m by Resampling.average 2x2 binning and shape matching with odc.geo.GeoBox
2025-09-02 03:38:10,484 - INFO - timeseries_processing.py:161 -         Append bands to the band-list of EPSG:32634
2025-09-02 03:38:10,484 - INFO - timeseries_processing.py:165 -                        
2025-09-02 03:38:10,484 - INFO - timeseries_processing.py:166 -     Merging bands in a single dataset
2025-09-02 03:38:10,484 - INFO - timeseries_processing.py:167 -     Ensure all partial datasets are at (x=20, y=-20) resolution
2025-09-02 03:38:10,485 - INFO - timeseries_processing.py:171 -     Clip to the intersection of indexes
2025-09-02 03:38:11,472 - INFO - timeseries_processing.py:180 -     Make a list of bands to merge
2025-09-02 03:38:11,474 - INFO - timeseries_processing.py:184 -     Merge on intersection
2025-09-02 03:38:11,475 - INFO - timeseries_processing.py:192 -     Apply masks on clouds, shadows, thin cirrus, and snow/ice
2025-09-02 03:38:11,475 - INFO - sentinel2.py:122 -                Masking bits: [3, 7, 8, 9, 10, 11]
2025-09-02 03:38:12,092 - INFO - timeseries_processing.py:115 -                                  
2025-09-02 03:38:12,092 - INFO - timeseries_processing.py:116 - Loading bands of diferent resolutions in EPSG:32635
2025-09-02 03:38:12,092 - INFO - timeseries_processing.py:120 -     Filtering items with native UTM EPSG:32635
2025-09-02 03:38:12,093 - INFO - timeseries_processing.py:122 -     5 Items in EPSG:32635
2025-09-02 03:38:12,093 - INFO - timeseries_processing.py:129 -                        
2025-09-02 03:38:12,093 - INFO - timeseries_processing.py:130 -     Loading parameters:
2025-09-02 03:38:12,093 - INFO - timeseries_processing.py:131 -         Bands: ['B05', 'B07', 'B8A', 'SCL']
2025-09-02 03:38:12,093 - INFO - timeseries_processing.py:132 -         Spatial resolution: 20
2025-09-02 03:38:12,093 - INFO - timeseries_processing.py:134 -         Get Assets from STAC Items
2025-09-02 03:38:12,093 - INFO - timeseries_processing.py:47 -         Initialize the STAC client
2025-09-02 03:38:12,640 - INFO - timeseries_processing.py:137 -         Loading 5 STAC Items....
2025-09-02 03:38:49,786 - INFO - timeseries_processing.py:146 -         Cube has been downloaded
2025-09-02 03:38:49,786 - INFO - timeseries_processing.py:156 -         Fix order of dimensions
2025-09-02 03:38:49,788 - INFO - timeseries_processing.py:161 -         Append bands to the band-list of EPSG:32635
2025-09-02 03:38:49,788 - INFO - timeseries_processing.py:129 -                        
2025-09-02 03:38:49,789 - INFO - timeseries_processing.py:130 -     Loading parameters:
2025-09-02 03:38:49,789 - INFO - timeseries_processing.py:131 -         Bands: ['B02', 'B03', 'B04']
2025-09-02 03:38:49,790 - INFO - timeseries_processing.py:132 -         Spatial resolution: 10
2025-09-02 03:38:49,790 - INFO - timeseries_processing.py:134 -         Get Assets from STAC Items
2025-09-02 03:38:49,790 - INFO - timeseries_processing.py:47 -         Initialize the STAC client
2025-09-02 03:38:50,253 - INFO - timeseries_processing.py:137 -         Loading 5 STAC Items....
2025-09-02 03:40:23,165 - INFO - timeseries_processing.py:146 -         Cube has been downloaded
2025-09-02 03:40:23,180 - INFO - timeseries_processing.py:149 -         Reproject to downsample 10m bands to 20m by Resampling.average 2x2 binning and shape matching with odc.geo.GeoBox
2025-09-02 03:40:31,329 - INFO - timeseries_processing.py:161 -         Append bands to the band-list of EPSG:32635
2025-09-02 03:40:31,337 - INFO - timeseries_processing.py:165 -                        
2025-09-02 03:40:31,337 - INFO - timeseries_processing.py:166 -     Merging bands in a single dataset
2025-09-02 03:40:31,338 - INFO - timeseries_processing.py:167 -     Ensure all partial datasets are at (x=20, y=-20) resolution
2025-09-02 03:40:31,338 - INFO - timeseries_processing.py:171 -     Clip to the intersection of indexes
2025-09-02 03:40:31,340 - INFO - timeseries_processing.py:180 -     Make a list of bands to merge
2025-09-02 03:40:31,342 - INFO - timeseries_processing.py:184 -     Merge on intersection
2025-09-02 03:40:31,343 - INFO - timeseries_processing.py:192 -     Apply masks on clouds, shadows, thin cirrus, and snow/ice
2025-09-02 03:40:31,343 - INFO - sentinel2.py:122 -                Masking bits: [3, 7, 8, 9, 10, 11]
2025-09-02 03:40:32,247 - INFO - composites.py:307 - Reproject from UTM Zone to Tile geometry -> CRS(EPSG:32635), Resampling.bilinear
2025-09-02 03:40:39,289 - INFO - composites.py:310 -     New shape of datasets: Shape2d(x=2400, y=2400)
2025-09-02 03:40:39,578 - INFO - composites.py:315 -                           
2025-09-02 03:40:39,578 - INFO - composites.py:316 - Mosaic datasets to a single dataset
2025-09-02 03:40:43,951 - INFO - composites.py:329 - Scale SR to Sen2Cor Baseline 4.00 - Subtract 1000 in dates post 2022-01-25
2025-09-02 03:40:44,781 - INFO - composites.py:342 - Creating preview plot of input scenes
2025-09-02 03:41:07,546 - INFO - timeseries_processing.py:349 - Saved preview for 'B04' to //nas-rs.topo.auth.gr/Latomeia/DROUGHT/composites/x12/y11/2024/06/01/S2L2A_medcomp_x12y11_202406_InDataPreview.jpeg
2025-09-02 03:41:07,550 - INFO - composites.py:348 - Clip value range
2025-09-02 03:41:08,569 - INFO - composites.py:353 -                           
2025-09-02 03:41:08,570 - INFO - composites.py:354 - Computing spectral indices:
2025-09-02 03:41:08,570 - INFO - composites.py:357 -     EVI...
2025-09-02 03:41:09,139 - INFO - composites.py:359 -     NDVI...
2025-09-02 03:41:09,359 - INFO - composites.py:361 -     PSRI2...
2025-09-02 03:41:09,589 - INFO - composites.py:364 - Clip to typical value range
2025-09-02 03:41:09,806 - INFO - composites.py:371 - Reducing to median value temporal composite
2025-09-02 03:41:34,064 - INFO - composites.py:390 - Scale and Define data types & nodata per band
2025-09-02 03:41:34,188 - INFO - composites.py:411 - Assign time range and tile ID in metadata
2025-09-02 03:41:34,189 - INFO - composites.py:419 - Write bands to raster COG files
2025-09-02 03:41:38,051 - INFO - composites.py:432 - Write B02 -> //nas-rs.topo.auth.gr/Latomeia/DROUGHT/composites/x12/y11/2024/06/01/S2L2A_medcomp_x12y11_202406_B02.tif
2025-09-02 03:41:41,999 - INFO - composites.py:432 - Write B03 -> //nas-rs.topo.auth.gr/Latomeia/DROUGHT/composites/x12/y11/2024/06/01/S2L2A_medcomp_x12y11_202406_B03.tif
2025-09-02 03:41:46,378 - INFO - composites.py:432 - Write B04 -> //nas-rs.topo.auth.gr/Latomeia/DROUGHT/composites/x12/y11/2024/06/01/S2L2A_medcomp_x12y11_202406_B04.tif
2025-09-02 03:41:50,392 - INFO - composites.py:432 - Write B05 -> //nas-rs.topo.auth.gr/Latomeia/DROUGHT/composites/x12/y11/2024/06/01/S2L2A_medcomp_x12y11_202406_B05.tif
2025-09-02 03:41:54,245 - INFO - composites.py:432 - Write B07 -> //nas-rs.topo.auth.gr/Latomeia/DROUGHT/composites/x12/y11/2024/06/01/S2L2A_medcomp_x12y11_202406_B07.tif
2025-09-02 03:41:58,091 - INFO - composites.py:432 - Write B8A -> //nas-rs.topo.auth.gr/Latomeia/DROUGHT/composites/x12/y11/2024/06/01/S2L2A_medcomp_x12y11_202406_B8A.tif
2025-09-02 03:42:01,921 - INFO - composites.py:432 - Write EVI -> //nas-rs.topo.auth.gr/Latomeia/DROUGHT/composites/x12/y11/2024/06/01/S2L2A_medcomp_x12y11_202406_EVI.tif
2025-09-02 03:42:05,818 - INFO - composites.py:432 - Write NDVI -> //nas-rs.topo.auth.gr/Latomeia/DROUGHT/composites/x12/y11/2024/06/01/S2L2A_medcomp_x12y11_202406_NDVI.tif
2025-09-02 03:42:09,672 - INFO - composites.py:432 - Write PSRI2 -> //nas-rs.topo.auth.gr/Latomeia/DROUGHT/composites/x12/y11/2024/06/01/S2L2A_medcomp_x12y11_202406_PSRI2.tif
2025-09-02 03:42:09,682 - INFO - composites.py:436 - Prepare metadata YAML document
2025-09-02 03:42:10,188 - INFO - composites.py:458 - Write metadata YAML document to disk
2025-09-02 03:42:10,256 - INFO - composites.py:463 - Create datacube.model.Dataset from eo3 metadata
2025-09-02 03:42:10,266 - INFO - composites.py:476 - Index to datacube
2025-09-02 03:42:10,266 - INFO - _datasets.py:191 - Indexing c975ceb2-3757-4e30-a27e-38123121376a
2025-09-02 03:42:10,275 - INFO - composites.py:479 - 
2025-09-02 03:42:10,275 - INFO - composites.py:480 -              ✔✔✔ COMPLETED: Tile x12_y11 | Time: 2024-06 | In 7.53 minutes
2025-09-02 03:42:10,275 - INFO - composites.py:481 - 
2025-09-02 03:42:10,275 - INFO - composites.py:489 - Closing Dask client
2025-09-02 03:42:10,278 - INFO - composites.py:493 - Closing Dask cluster
2025-09-02 03:42:10,279 - INFO - composites.py:494 - #######################################################################
