2025-10-17 16:31:37,110 - INFO - composites.py:102 - #######################################################################
2025-10-17 16:31:37,110 - INFO - composites.py:104 - Processing started
2025-10-17 16:31:37,110 - INFO - composites.py:105 -         Tile: x10_y07
2025-10-17 16:31:37,110 - INFO - composites.py:106 -         Time: 2025-09
2025-10-17 16:31:37,110 - INFO - composites.py:109 -                           
2025-10-17 16:31:37,110 - INFO - composites.py:110 - Establishing connection to datacube
2025-10-17 16:31:37,617 - INFO - composites.py:113 -                           
2025-10-17 16:31:37,617 - INFO - composites.py:114 - Sanity test: Check if dataset already exists in the datacube
2025-10-17 16:31:37,637 - INFO - composites.py:133 - The composite requested was not found and it will be computed
2025-10-17 16:31:37,637 - INFO - composites.py:136 -                                  
2025-10-17 16:31:37,637 - INFO - composites.py:137 - Initializing Dask cluster for parallelization
2025-10-17 16:31:42,575 - INFO - composites.py:161 - Dask dashboard is available at: http://127.0.0.1:8787/status
2025-10-17 16:31:42,575 - INFO - composites.py:164 - Create directories and naming conversions
2025-10-17 16:31:42,583 - INFO - composites.py:177 - Dataset location: //nas-rs.topo.auth.gr/Latomeia/DROUGHT/composites/x10/y07/2025/09/01
2025-10-17 16:31:42,583 - INFO - composites.py:180 -                           
2025-10-17 16:31:42,583 - INFO - composites.py:181 - Retrieve tile geometry
2025-10-17 16:31:42,614 - INFO - composites.py:192 - Create the Bounding Box (φ,λ)
2025-10-17 16:31:42,614 - INFO - composites.py:198 - Create the Bounding Box (x,y)
2025-10-17 16:31:42,614 - INFO - composites.py:211 -                           
2025-10-17 16:31:42,614 - INFO - composites.py:212 - Connect to Planetary Computer STAC Catalog
2025-10-17 16:31:42,925 - INFO - composites.py:220 - Search the STAC Catalog
2025-10-17 16:31:42,994 - INFO - composites.py:232 -         Query parameters:
2025-10-17 16:31:42,995 - INFO - composites.py:233 -             url:          https://planetarycomputer.microsoft.com/api/stac/v1/search
2025-10-17 16:31:42,995 - INFO - composites.py:234 -             client:       microsoft-pc
2025-10-17 16:31:42,995 - INFO - composites.py:235 -             collection:   sentinel-2-l2a
2025-10-17 16:31:42,995 - INFO - composites.py:236 -             bbox:         (22.240528254350007, 36.43261500541467, 22.895662885042924, 36.983478733191035)
2025-10-17 16:31:42,995 - INFO - composites.py:237 -             time range:   2025-09-01T00:00:00Z/2025-09-30T23:59:59Z
2025-10-17 16:31:42,995 - INFO - composites.py:238 -             cloud cover:  0% - 70%
2025-10-17 16:31:42,995 - INFO - composites.py:239 -             nodata cover: 0% - 33%
2025-10-17 16:31:42,995 - INFO - composites.py:241 -                           
2025-10-17 16:31:42,995 - INFO - composites.py:242 - Searching...
2025-10-17 16:31:43,490 - INFO - composites.py:245 - Query found 36 items
2025-10-17 16:31:43,490 - INFO - composites.py:247 - Searching for GRI REFINED scenes:
2025-10-17 16:31:49,465 - INFO - sentinel2.py:78 - 1/36 - S2B_MSIL2A_20250929T092029_R093_T34SFG_20250929T120714 -> REFINED
2025-10-17 16:31:56,480 - INFO - sentinel2.py:78 - 2/36 - S2B_MSIL2A_20250929T092029_R093_T34SFF_20250929T120714 -> REFINED
2025-10-17 16:32:02,258 - INFO - sentinel2.py:78 - 3/36 - S2A_MSIL2A_20250926T092231_R093_T34SFG_20250926T111616 -> REFINED
2025-10-17 16:32:08,285 - INFO - sentinel2.py:78 - 4/36 - S2A_MSIL2A_20250926T092231_R093_T34SFF_20250926T111616 -> REFINED
2025-10-17 16:32:16,175 - INFO - sentinel2.py:78 - 5/36 - S2B_MSIL2A_20250926T090629_R050_T34SFG_20250926T101045 -> REFINED
2025-10-17 16:32:21,232 - INFO - sentinel2.py:78 - 6/36 - S2B_MSIL2A_20250926T090629_R050_T34SFF_20250926T101045 -> REFINED
2025-10-17 16:32:27,266 - INFO - sentinel2.py:78 - 7/36 - S2C_MSIL2A_20250924T092041_R093_T34SFG_20250924T123514 -> REFINED
2025-10-17 16:32:32,715 - INFO - sentinel2.py:78 - 8/36 - S2C_MSIL2A_20250924T092041_R093_T34SFF_20250924T123514 -> REFINED
2025-10-17 16:32:38,400 - INFO - sentinel2.py:78 - 9/36 - S2A_MSIL2A_20250923T091041_R050_T34SFG_20250923T125415 -> REFINED
2025-10-17 16:32:43,390 - INFO - sentinel2.py:78 - 10/36 - S2A_MSIL2A_20250923T091041_R050_T34SFF_20250923T125415 -> REFINED
2025-10-17 16:32:49,336 - INFO - sentinel2.py:78 - 11/36 - S2C_MSIL2A_20250921T090711_R050_T34SFG_20250921T122316 -> REFINED
2025-10-17 16:32:55,266 - INFO - sentinel2.py:78 - 12/36 - S2C_MSIL2A_20250921T090711_R050_T34SFF_20250921T122316 -> REFINED
2025-10-17 16:33:01,282 - INFO - sentinel2.py:78 - 13/36 - S2B_MSIL2A_20250919T092029_R093_T34SFG_20250919T114737 -> REFINED
2025-10-17 16:33:07,925 - INFO - sentinel2.py:78 - 14/36 - S2B_MSIL2A_20250919T092029_R093_T34SFF_20250919T114737 -> REFINED
2025-10-17 16:33:13,616 - INFO - sentinel2.py:78 - 15/36 - S2A_MSIL2A_20250916T092041_R093_T34SFG_20250916T124414 -> REFINED
2025-10-17 16:33:19,869 - INFO - sentinel2.py:78 - 16/36 - S2A_MSIL2A_20250916T092041_R093_T34SFF_20250916T124414 -> REFINED
2025-10-17 16:33:26,062 - INFO - sentinel2.py:78 - 17/36 - S2B_MSIL2A_20250916T090549_R050_T34SFG_20250916T120416 -> REFINED
2025-10-17 16:33:33,422 - INFO - sentinel2.py:78 - 18/36 - S2B_MSIL2A_20250916T090549_R050_T34SFF_20250916T120416 -> REFINED
2025-10-17 16:33:39,701 - INFO - sentinel2.py:78 - 19/36 - S2C_MSIL2A_20250914T092041_R093_T34SFG_20250914T145017 -> REFINED
2025-10-17 16:33:45,345 - INFO - sentinel2.py:78 - 20/36 - S2C_MSIL2A_20250914T092041_R093_T34SFF_20250914T145017 -> REFINED
2025-10-17 16:33:51,376 - INFO - sentinel2.py:78 - 21/36 - S2A_MSIL2A_20250913T091321_R050_T34SFG_20250913T110013 -> REFINED
2025-10-17 16:33:56,719 - INFO - sentinel2.py:78 - 22/36 - S2A_MSIL2A_20250913T091321_R050_T34SFF_20250913T110013 -> REFINED
2025-10-17 16:34:02,185 - INFO - sentinel2.py:78 - 23/36 - S2C_MSIL2A_20250911T090611_R050_T34SFG_20250911T132018 -> REFINED
2025-10-17 16:34:07,810 - INFO - sentinel2.py:78 - 24/36 - S2C_MSIL2A_20250911T090611_R050_T34SFF_20250911T132018 -> REFINED
2025-10-17 16:34:13,748 - INFO - sentinel2.py:78 - 25/36 - S2B_MSIL2A_20250909T092029_R093_T34SFG_20250909T121154 -> REFINED
2025-10-17 16:34:19,893 - INFO - sentinel2.py:78 - 26/36 - S2B_MSIL2A_20250909T092029_R093_T34SFF_20250909T121154 -> REFINED
2025-10-17 16:34:25,974 - INFO - sentinel2.py:78 - 27/36 - S2A_MSIL2A_20250906T092231_R093_T34SFG_20250906T130312 -> REFINED
2025-10-17 16:34:31,983 - INFO - sentinel2.py:78 - 28/36 - S2A_MSIL2A_20250906T092231_R093_T34SFF_20250906T130312 -> REFINED
2025-10-17 16:34:37,361 - INFO - sentinel2.py:78 - 29/36 - S2B_MSIL2A_20250906T090549_R050_T34SFG_20250906T113932 -> REFINED
2025-10-17 16:34:42,910 - INFO - sentinel2.py:78 - 30/36 - S2B_MSIL2A_20250906T090549_R050_T34SFF_20250906T113932 -> REFINED
2025-10-17 16:34:48,723 - INFO - sentinel2.py:78 - 31/36 - S2C_MSIL2A_20250904T092051_R093_T34SFG_20250904T131114 -> REFINED
2025-10-17 16:34:54,125 - INFO - sentinel2.py:78 - 32/36 - S2C_MSIL2A_20250904T092051_R093_T34SFF_20250904T131114 -> REFINED
2025-10-17 16:35:00,111 - INFO - sentinel2.py:78 - 33/36 - S2A_MSIL2A_20250903T091041_R050_T34SFG_20250903T134304 -> REFINED
2025-10-17 16:35:05,743 - INFO - sentinel2.py:78 - 34/36 - S2A_MSIL2A_20250903T091041_R050_T34SFF_20250903T134304 -> REFINED
2025-10-17 16:35:11,832 - INFO - sentinel2.py:78 - 35/36 - S2C_MSIL2A_20250901T090611_R050_T34SFG_20250901T130718 -> REFINED
2025-10-17 16:35:17,497 - INFO - sentinel2.py:78 - 36/36 - S2C_MSIL2A_20250901T090611_R050_T34SFF_20250901T130013 -> REFINED
2025-10-17 16:35:17,553 - INFO - composites.py:250 -                                  
2025-10-17 16:35:17,553 - INFO - composites.py:251 - 36/36 were refined by GRI.
2025-10-17 16:35:17,553 - INFO - composites.py:263 - Looking for up to 10 cleanest images within spatiotemporal range of each MGRS tile
2025-10-17 16:35:17,553 - INFO - composites.py:277 - Filtered cleanest scenes: Kept 20 out of 36 items. 
2025-10-17 16:35:17,553 - INFO - composites.py:278 -         Included MGRS Tiles: ['34SFF' '34SFG']
2025-10-17 16:35:17,556 - INFO - composites.py:279 -         Included EPSG codes: [32634]
2025-10-17 16:35:17,556 - INFO - composites.py:281 - Selected scenes:
2025-10-17 16:35:17,556 - INFO - composites.py:283 -         S2C_MSIL2A_20250911T090611_R050_T34SFF_20250911T132018
2025-10-17 16:35:17,576 - INFO - composites.py:283 -         S2A_MSIL2A_20250903T091041_R050_T34SFF_20250903T134304
2025-10-17 16:35:17,576 - INFO - composites.py:283 -         S2C_MSIL2A_20250901T090611_R050_T34SFF_20250901T130013
2025-10-17 16:35:17,576 - INFO - composites.py:283 -         S2B_MSIL2A_20250919T092029_R093_T34SFF_20250919T114737
2025-10-17 16:35:17,578 - INFO - composites.py:283 -         S2C_MSIL2A_20250921T090711_R050_T34SFF_20250921T122316
2025-10-17 16:35:17,578 - INFO - composites.py:283 -         S2A_MSIL2A_20250913T091321_R050_T34SFF_20250913T110013
2025-10-17 16:35:17,588 - INFO - composites.py:283 -         S2B_MSIL2A_20250916T090549_R050_T34SFF_20250916T120416
2025-10-17 16:35:17,592 - INFO - composites.py:283 -         S2C_MSIL2A_20250924T092041_R093_T34SFF_20250924T123514
2025-10-17 16:35:17,592 - INFO - composites.py:283 -         S2A_MSIL2A_20250916T092041_R093_T34SFF_20250916T124414
2025-10-17 16:35:17,592 - INFO - composites.py:283 -         S2B_MSIL2A_20250909T092029_R093_T34SFF_20250909T121154
2025-10-17 16:35:17,592 - INFO - composites.py:283 -         S2A_MSIL2A_20250903T091041_R050_T34SFG_20250903T134304
2025-10-17 16:35:17,592 - INFO - composites.py:283 -         S2C_MSIL2A_20250901T090611_R050_T34SFG_20250901T130718
2025-10-17 16:35:17,592 - INFO - composites.py:283 -         S2C_MSIL2A_20250921T090711_R050_T34SFG_20250921T122316
2025-10-17 16:35:17,594 - INFO - composites.py:283 -         S2C_MSIL2A_20250911T090611_R050_T34SFG_20250911T132018
2025-10-17 16:35:17,594 - INFO - composites.py:283 -         S2C_MSIL2A_20250924T092041_R093_T34SFG_20250924T123514
2025-10-17 16:35:17,594 - INFO - composites.py:283 -         S2B_MSIL2A_20250916T090549_R050_T34SFG_20250916T120416
2025-10-17 16:35:17,594 - INFO - composites.py:283 -         S2A_MSIL2A_20250916T092041_R093_T34SFG_20250916T124414
2025-10-17 16:35:17,594 - INFO - composites.py:283 -         S2A_MSIL2A_20250923T091041_R050_T34SFG_20250923T125415
2025-10-17 16:35:17,594 - INFO - composites.py:283 -         S2B_MSIL2A_20250909T092029_R093_T34SFG_20250909T121154
2025-10-17 16:35:17,594 - INFO - composites.py:283 -         S2A_MSIL2A_20250913T091321_R050_T34SFG_20250913T110013
2025-10-17 16:35:18,070 - INFO - sentinel2.py:154 - Matplotlib backend: Agg
2025-10-17 16:35:18,242 - INFO - sentinel2.py:224 - Write input scenes footprint overlay: //nas-rs.topo.auth.gr/Latomeia/DROUGHT/composites/x10/y07/2025/09/01/S2L2A_medcomp_x10y07_202509_InDataFootprint.jpeg
2025-10-17 16:35:18,525 - INFO - composites.py:297 -                                  
2025-10-17 16:35:18,525 - INFO - composites.py:298 - Downstream STAC items from Planetary Computer
2025-10-17 16:35:18,525 - INFO - timeseries_processing.py:115 -                                  
2025-10-17 16:35:18,525 - INFO - timeseries_processing.py:116 - Loading bands of diferent resolutions in EPSG:32634
2025-10-17 16:35:18,525 - INFO - timeseries_processing.py:120 -     Filtering items with native UTM EPSG:32634
2025-10-17 16:35:18,525 - INFO - timeseries_processing.py:122 -     20 Items in EPSG:32634
2025-10-17 16:35:18,525 - INFO - timeseries_processing.py:129 -                        
2025-10-17 16:35:18,525 - INFO - timeseries_processing.py:130 -     Loading parameters:
2025-10-17 16:35:18,525 - INFO - timeseries_processing.py:131 -         Bands: ['B05', 'B07', 'B8A', 'SCL']
2025-10-17 16:35:18,525 - INFO - timeseries_processing.py:132 -         Spatial resolution: 20
2025-10-17 16:35:18,525 - INFO - timeseries_processing.py:134 -         Get Assets from STAC Items
2025-10-17 16:35:18,525 - INFO - timeseries_processing.py:47 -         Initialize the STAC client
2025-10-17 16:35:19,109 - INFO - timeseries_processing.py:137 -         Loading 20 STAC Items....
2025-10-17 16:37:20,536 - INFO - timeseries_processing.py:146 -         Cube has been downloaded
2025-10-17 16:37:20,536 - INFO - timeseries_processing.py:156 -         Fix order of dimensions
2025-10-17 16:37:20,539 - INFO - timeseries_processing.py:161 -         Append bands to the band-list of EPSG:32634
2025-10-17 16:37:20,539 - INFO - timeseries_processing.py:129 -                        
2025-10-17 16:37:20,545 - INFO - timeseries_processing.py:130 -     Loading parameters:
2025-10-17 16:37:20,545 - INFO - timeseries_processing.py:131 -         Bands: ['B02', 'B03', 'B04']
2025-10-17 16:37:20,545 - INFO - timeseries_processing.py:132 -         Spatial resolution: 10
2025-10-17 16:37:20,545 - INFO - timeseries_processing.py:134 -         Get Assets from STAC Items
2025-10-17 16:37:20,546 - INFO - timeseries_processing.py:47 -         Initialize the STAC client
2025-10-17 16:37:21,148 - INFO - timeseries_processing.py:137 -         Loading 20 STAC Items....
2025-10-17 16:41:44,666 - INFO - timeseries_processing.py:146 -         Cube has been downloaded
2025-10-17 16:41:44,666 - INFO - timeseries_processing.py:149 -         Reproject to downsample 10m bands to 20m by Resampling.average 2x2 binning and shape matching with odc.geo.GeoBox
2025-10-17 16:42:01,409 - INFO - timeseries_processing.py:161 -         Append bands to the band-list of EPSG:32634
2025-10-17 16:42:01,409 - INFO - timeseries_processing.py:165 -                        
2025-10-17 16:42:01,409 - INFO - timeseries_processing.py:166 -     Merging bands in a single dataset
2025-10-17 16:42:01,409 - INFO - timeseries_processing.py:167 -     Ensure all partial datasets are at (x=20, y=-20) resolution
2025-10-17 16:42:01,409 - INFO - timeseries_processing.py:171 -     Clip to the intersection of indexes
2025-10-17 16:42:02,510 - INFO - timeseries_processing.py:180 -     Make a list of bands to merge
2025-10-17 16:42:02,510 - INFO - timeseries_processing.py:184 -     Merge on intersection
2025-10-17 16:42:02,514 - INFO - timeseries_processing.py:192 -     Apply masks on clouds, shadows, thin cirrus, and snow/ice
2025-10-17 16:42:02,527 - INFO - sentinel2.py:122 -                Masking bits: [3, 7, 8, 9, 10, 11]
2025-10-17 16:42:03,921 - INFO - composites.py:307 - Reproject from UTM Zone to Tile geometry -> CRS(EPSG:32634), Resampling.bilinear
2025-10-17 16:42:11,423 - INFO - composites.py:310 -     New shape of datasets: Shape2d(x=2400, y=2400)
2025-10-17 16:42:12,307 - INFO - composites.py:329 - Scale SR to Sen2Cor Baseline 4.00 - Subtract 1000 in dates post 2022-01-25
2025-10-17 16:42:14,040 - INFO - composites.py:342 - Creating preview plot of input scenes
2025-10-17 16:42:48,347 - INFO - timeseries_processing.py:349 - Saved preview for 'B04' to //nas-rs.topo.auth.gr/Latomeia/DROUGHT/composites/x10/y07/2025/09/01/S2L2A_medcomp_x10y07_202509_InDataPreview.jpeg
2025-10-17 16:42:48,355 - INFO - composites.py:348 - Clip value range
2025-10-17 16:42:50,527 - INFO - composites.py:353 -                           
2025-10-17 16:42:50,527 - INFO - composites.py:354 - Computing spectral indices:
2025-10-17 16:42:50,527 - INFO - composites.py:357 -     EVI...
2025-10-17 16:42:51,902 - INFO - composites.py:359 -     NDVI...
2025-10-17 16:42:52,414 - INFO - composites.py:361 -     PSRI2...
2025-10-17 16:42:52,732 - INFO - composites.py:364 - Clip to typical value range
2025-10-17 16:42:53,129 - INFO - composites.py:371 - Reducing to median value temporal composite
2025-10-17 16:43:20,750 - INFO - composites.py:390 - Scale and Define data types & nodata per band
2025-10-17 16:43:20,870 - INFO - composites.py:411 - Assign time range and tile ID in metadata
2025-10-17 16:43:20,870 - INFO - composites.py:419 - Write bands to raster COG files
2025-10-17 16:43:24,765 - INFO - composites.py:432 - Write B02 -> //nas-rs.topo.auth.gr/Latomeia/DROUGHT/composites/x10/y07/2025/09/01/S2L2A_medcomp_x10y07_202509_B02.tif
2025-10-17 16:43:28,700 - INFO - composites.py:432 - Write B03 -> //nas-rs.topo.auth.gr/Latomeia/DROUGHT/composites/x10/y07/2025/09/01/S2L2A_medcomp_x10y07_202509_B03.tif
2025-10-17 16:43:32,615 - INFO - composites.py:432 - Write B04 -> //nas-rs.topo.auth.gr/Latomeia/DROUGHT/composites/x10/y07/2025/09/01/S2L2A_medcomp_x10y07_202509_B04.tif
2025-10-17 16:43:36,486 - INFO - composites.py:432 - Write B05 -> //nas-rs.topo.auth.gr/Latomeia/DROUGHT/composites/x10/y07/2025/09/01/S2L2A_medcomp_x10y07_202509_B05.tif
2025-10-17 16:43:40,427 - INFO - composites.py:432 - Write B07 -> //nas-rs.topo.auth.gr/Latomeia/DROUGHT/composites/x10/y07/2025/09/01/S2L2A_medcomp_x10y07_202509_B07.tif
2025-10-17 16:43:44,339 - INFO - composites.py:432 - Write B8A -> //nas-rs.topo.auth.gr/Latomeia/DROUGHT/composites/x10/y07/2025/09/01/S2L2A_medcomp_x10y07_202509_B8A.tif
2025-10-17 16:43:48,322 - INFO - composites.py:432 - Write EVI -> //nas-rs.topo.auth.gr/Latomeia/DROUGHT/composites/x10/y07/2025/09/01/S2L2A_medcomp_x10y07_202509_EVI.tif
2025-10-17 16:43:52,357 - INFO - composites.py:432 - Write NDVI -> //nas-rs.topo.auth.gr/Latomeia/DROUGHT/composites/x10/y07/2025/09/01/S2L2A_medcomp_x10y07_202509_NDVI.tif
2025-10-17 16:43:56,310 - INFO - composites.py:432 - Write PSRI2 -> //nas-rs.topo.auth.gr/Latomeia/DROUGHT/composites/x10/y07/2025/09/01/S2L2A_medcomp_x10y07_202509_PSRI2.tif
2025-10-17 16:43:56,324 - INFO - composites.py:436 - Prepare metadata YAML document
2025-10-17 16:43:56,866 - INFO - composites.py:458 - Write metadata YAML document to disk
2025-10-17 16:43:56,913 - INFO - composites.py:463 - Create datacube.model.Dataset from eo3 metadata
2025-10-17 16:43:56,924 - INFO - composites.py:476 - Index to datacube
2025-10-17 16:43:56,924 - INFO - _datasets.py:191 - Indexing 0d1feedb-5c84-40f2-907a-67586ff5a58c
2025-10-17 16:43:56,941 - INFO - composites.py:479 - 
2025-10-17 16:43:56,941 - INFO - composites.py:480 -              ✔✔✔ COMPLETED: Tile x10_y07 | Time: 2025-09 | In 12.33 minutes
2025-10-17 16:43:56,941 - INFO - composites.py:481 - 
2025-10-17 16:43:56,941 - INFO - composites.py:489 - Closing Dask client
2025-10-17 16:43:56,947 - INFO - composites.py:493 - Closing Dask cluster
2025-10-17 16:43:56,947 - INFO - composites.py:494 - #######################################################################
