2025-09-02 01:16:32,303 - INFO - composites.py:102 - #######################################################################
2025-09-02 01:16:32,303 - INFO - composites.py:104 - Processing started
2025-09-02 01:16:32,303 - INFO - composites.py:105 -         Tile: x08_y12
2025-09-02 01:16:32,303 - INFO - composites.py:106 -         Time: 2024-06
2025-09-02 01:16:32,303 - INFO - composites.py:109 -                           
2025-09-02 01:16:32,303 - INFO - composites.py:110 - Establishing connection to datacube
2025-09-02 01:16:32,823 - INFO - composites.py:113 -                           
2025-09-02 01:16:32,823 - INFO - composites.py:114 - Sanity test: Check if dataset already exists in the datacube
2025-09-02 01:16:32,843 - INFO - composites.py:133 - The composite requested was not found and it will be computed
2025-09-02 01:16:32,843 - INFO - composites.py:136 -                                  
2025-09-02 01:16:32,843 - INFO - composites.py:137 - Initializing Dask cluster for parallelization
2025-09-02 01:16:38,092 - INFO - composites.py:161 - Dask dashboard is available at: http://127.0.0.1:8787/status
2025-09-02 01:16:38,092 - INFO - composites.py:164 - Create directories and naming conversions
2025-09-02 01:16:38,105 - INFO - composites.py:177 - Dataset location: //nas-rs.topo.auth.gr/Latomeia/DROUGHT/composites/x08/y12/2024/06/01
2025-09-02 01:16:38,105 - INFO - composites.py:180 -                           
2025-09-02 01:16:38,105 - INFO - composites.py:181 - Retrieve tile geometry
2025-09-02 01:16:38,133 - INFO - composites.py:192 - Create the Bounding Box (φ,λ)
2025-09-02 01:16:38,133 - INFO - composites.py:198 - Create the Bounding Box (x,y)
2025-09-02 01:16:38,135 - INFO - composites.py:211 -                           
2025-09-02 01:16:38,135 - INFO - composites.py:212 - Connect to Planetary Computer STAC Catalog
2025-09-02 01:16:38,403 - INFO - composites.py:220 - Search the STAC Catalog
2025-09-02 01:16:38,473 - INFO - composites.py:232 -         Query parameters:
2025-09-02 01:16:38,473 - INFO - composites.py:233 -             url:          https://planetarycomputer.microsoft.com/api/stac/v1/search
2025-09-02 01:16:38,473 - INFO - composites.py:234 -             client:       microsoft-pc
2025-09-02 01:16:38,473 - INFO - composites.py:235 -             collection:   sentinel-2-l2a
2025-09-02 01:16:38,474 - INFO - composites.py:236 -             bbox:         (21.54502923200265, 38.72053801140399, 22.218704170873913, 39.26725432685642)
2025-09-02 01:16:38,474 - INFO - composites.py:237 -             time range:   2024-06-01T00:00:00Z/2024-06-30T23:59:59Z
2025-09-02 01:16:38,474 - INFO - composites.py:238 -             cloud cover:  0% - 70%
2025-09-02 01:16:38,474 - INFO - composites.py:239 -             nodata cover: 0% - 33%
2025-09-02 01:16:38,474 - INFO - composites.py:241 -                           
2025-09-02 01:16:38,474 - INFO - composites.py:242 - Searching...
2025-09-02 01:16:38,925 - INFO - composites.py:245 - Query found 20 items
2025-09-02 01:16:38,925 - INFO - composites.py:247 - Searching for GRI REFINED scenes:
2025-09-02 01:16:45,447 - INFO - sentinel2.py:78 - 1/20 - S2B_MSIL2A_20240626T091559_R093_T34SFJ_20240626T144823 -> REFINED
2025-09-02 01:16:51,521 - INFO - sentinel2.py:78 - 2/20 - S2B_MSIL2A_20240626T091559_R093_T34SFH_20240626T144409 -> REFINED
2025-09-02 01:16:57,289 - INFO - sentinel2.py:78 - 3/20 - S2B_MSIL2A_20240626T091559_R093_T34SEJ_20240626T144917 -> REFINED
2025-09-02 01:17:02,327 - INFO - sentinel2.py:78 - 4/20 - S2B_MSIL2A_20240626T091559_R093_T34SEH_20240626T144505 -> REFINED
2025-09-02 01:17:07,198 - INFO - sentinel2.py:78 - 5/20 - S2A_MSIL2A_20240621T092031_R093_T34SFJ_20240621T131532 -> REFINED
2025-09-02 01:17:13,371 - INFO - sentinel2.py:78 - 6/20 - S2A_MSIL2A_20240621T092031_R093_T34SFH_20240621T131555 -> REFINED
2025-09-02 01:17:19,636 - INFO - sentinel2.py:78 - 7/20 - S2A_MSIL2A_20240621T092031_R093_T34SEJ_20240621T131744 -> REFINED
2025-09-02 01:17:24,663 - INFO - sentinel2.py:78 - 8/20 - S2A_MSIL2A_20240621T092031_R093_T34SEH_20240621T130828 -> REFINED
2025-09-02 01:17:30,178 - INFO - sentinel2.py:78 - 9/20 - S2B_MSIL2A_20240616T091559_R093_T34SFJ_20240616T131853 -> REFINED
2025-09-02 01:17:36,355 - INFO - sentinel2.py:78 - 10/20 - S2B_MSIL2A_20240616T091559_R093_T34SFH_20240616T133612 -> REFINED
2025-09-02 01:17:42,851 - INFO - sentinel2.py:78 - 11/20 - S2B_MSIL2A_20240616T091559_R093_T34SEH_20240616T133822 -> REFINED
2025-09-02 01:17:49,239 - INFO - sentinel2.py:78 - 12/20 - S2A_MSIL2A_20240611T092031_R093_T34SEJ_20240611T131924 -> REFINED
2025-09-02 01:17:55,068 - INFO - sentinel2.py:78 - 13/20 - S2A_MSIL2A_20240611T092031_R093_T34SEH_20240611T131814 -> REFINED
2025-09-02 01:18:00,102 - INFO - sentinel2.py:78 - 14/20 - S2B_MSIL2A_20240606T091559_R093_T34SFJ_20240606T142011 -> REFINED
2025-09-02 01:18:05,186 - INFO - sentinel2.py:78 - 15/20 - S2B_MSIL2A_20240606T091559_R093_T34SEJ_20240606T131429 -> REFINED
2025-09-02 01:18:11,483 - INFO - sentinel2.py:78 - 16/20 - S2B_MSIL2A_20240606T091559_R093_T34SEH_20240606T131441 -> REFINED
2025-09-02 01:18:17,777 - INFO - sentinel2.py:78 - 17/20 - S2A_MSIL2A_20240601T092031_R093_T34SFJ_20240601T143510 -> REFINED
2025-09-02 01:18:23,460 - INFO - sentinel2.py:78 - 18/20 - S2A_MSIL2A_20240601T092031_R093_T34SFH_20240601T143913 -> REFINED
2025-09-02 01:18:29,929 - INFO - sentinel2.py:78 - 19/20 - S2A_MSIL2A_20240601T092031_R093_T34SEJ_20240601T143300 -> REFINED
2025-09-02 01:18:36,218 - INFO - sentinel2.py:78 - 20/20 - S2A_MSIL2A_20240601T092031_R093_T34SEH_20240601T143713 -> REFINED
2025-09-02 01:18:36,266 - INFO - composites.py:250 -                                  
2025-09-02 01:18:36,267 - INFO - composites.py:251 - 20/20 were refined by GRI.
2025-09-02 01:18:36,267 - INFO - composites.py:263 - Looking for up to 10 cleanest images within spatiotemporal range of each MGRS tile
2025-09-02 01:18:36,268 - INFO - composites.py:277 - Filtered cleanest scenes: Kept 20 out of 20 items. 
2025-09-02 01:18:36,268 - INFO - composites.py:278 -         Included MGRS Tiles: ['34SEH' '34SEJ' '34SFH' '34SFJ']
2025-09-02 01:18:36,269 - INFO - composites.py:279 -         Included EPSG codes: [32634]
2025-09-02 01:18:36,269 - INFO - composites.py:281 - Selected scenes:
2025-09-02 01:18:36,270 - INFO - composites.py:283 -         S2A_MSIL2A_20240601T092031_R093_T34SEH_20240601T143713
2025-09-02 01:18:36,270 - INFO - composites.py:283 -         S2A_MSIL2A_20240621T092031_R093_T34SEH_20240621T130828
2025-09-02 01:18:36,276 - INFO - composites.py:283 -         S2B_MSIL2A_20240626T091559_R093_T34SEH_20240626T144505
2025-09-02 01:18:36,277 - INFO - composites.py:283 -         S2B_MSIL2A_20240606T091559_R093_T34SEH_20240606T131441
2025-09-02 01:18:36,277 - INFO - composites.py:283 -         S2B_MSIL2A_20240616T091559_R093_T34SEH_20240616T133822
2025-09-02 01:18:36,277 - INFO - composites.py:283 -         S2A_MSIL2A_20240611T092031_R093_T34SEH_20240611T131814
2025-09-02 01:18:36,278 - INFO - composites.py:283 -         S2A_MSIL2A_20240601T092031_R093_T34SEJ_20240601T143300
2025-09-02 01:18:36,278 - INFO - composites.py:283 -         S2A_MSIL2A_20240621T092031_R093_T34SEJ_20240621T131744
2025-09-02 01:18:36,278 - INFO - composites.py:283 -         S2B_MSIL2A_20240606T091559_R093_T34SEJ_20240606T131429
2025-09-02 01:18:36,278 - INFO - composites.py:283 -         S2B_MSIL2A_20240626T091559_R093_T34SEJ_20240626T144917
2025-09-02 01:18:36,278 - INFO - composites.py:283 -         S2A_MSIL2A_20240611T092031_R093_T34SEJ_20240611T131924
2025-09-02 01:18:36,278 - INFO - composites.py:283 -         S2A_MSIL2A_20240621T092031_R093_T34SFH_20240621T131555
2025-09-02 01:18:36,278 - INFO - composites.py:283 -         S2A_MSIL2A_20240601T092031_R093_T34SFH_20240601T143913
2025-09-02 01:18:36,278 - INFO - composites.py:283 -         S2B_MSIL2A_20240626T091559_R093_T34SFH_20240626T144409
2025-09-02 01:18:36,278 - INFO - composites.py:283 -         S2B_MSIL2A_20240616T091559_R093_T34SFH_20240616T133612
2025-09-02 01:18:36,278 - INFO - composites.py:283 -         S2A_MSIL2A_20240601T092031_R093_T34SFJ_20240601T143510
2025-09-02 01:18:36,278 - INFO - composites.py:283 -         S2A_MSIL2A_20240621T092031_R093_T34SFJ_20240621T131532
2025-09-02 01:18:36,278 - INFO - composites.py:283 -         S2B_MSIL2A_20240626T091559_R093_T34SFJ_20240626T144823
2025-09-02 01:18:36,278 - INFO - composites.py:283 -         S2B_MSIL2A_20240606T091559_R093_T34SFJ_20240606T142011
2025-09-02 01:18:36,278 - INFO - composites.py:283 -         S2B_MSIL2A_20240616T091559_R093_T34SFJ_20240616T131853
2025-09-02 01:18:36,750 - INFO - sentinel2.py:154 - Matplotlib backend: Agg
2025-09-02 01:18:37,140 - INFO - sentinel2.py:224 - Write input scenes footprint overlay: //nas-rs.topo.auth.gr/Latomeia/DROUGHT/composites/x08/y12/2024/06/01/S2L2A_medcomp_x08y12_202406_InDataFootprint.jpeg
2025-09-02 01:18:37,433 - INFO - composites.py:297 -                                  
2025-09-02 01:18:37,433 - INFO - composites.py:298 - Downstream STAC items from Planetary Computer
2025-09-02 01:18:37,433 - INFO - timeseries_processing.py:115 -                                  
2025-09-02 01:18:37,433 - INFO - timeseries_processing.py:116 - Loading bands of diferent resolutions in EPSG:32634
2025-09-02 01:18:37,433 - INFO - timeseries_processing.py:120 -     Filtering items with native UTM EPSG:32634
2025-09-02 01:18:37,433 - INFO - timeseries_processing.py:122 -     20 Items in EPSG:32634
2025-09-02 01:18:37,433 - INFO - timeseries_processing.py:129 -                        
2025-09-02 01:18:37,433 - INFO - timeseries_processing.py:130 -     Loading parameters:
2025-09-02 01:18:37,433 - INFO - timeseries_processing.py:131 -         Bands: ['B05', 'B07', 'B8A', 'SCL']
2025-09-02 01:18:37,433 - INFO - timeseries_processing.py:132 -         Spatial resolution: 20
2025-09-02 01:18:37,433 - INFO - timeseries_processing.py:134 -         Get Assets from STAC Items
2025-09-02 01:18:37,433 - INFO - timeseries_processing.py:47 -         Initialize the STAC client
2025-09-02 01:18:38,048 - INFO - timeseries_processing.py:137 -         Loading 20 STAC Items....
2025-09-02 01:19:01,951 - INFO - timeseries_processing.py:146 -         Cube has been downloaded
2025-09-02 01:19:01,951 - INFO - timeseries_processing.py:156 -         Fix order of dimensions
2025-09-02 01:19:01,953 - INFO - timeseries_processing.py:161 -         Append bands to the band-list of EPSG:32634
2025-09-02 01:19:01,953 - INFO - timeseries_processing.py:129 -                        
2025-09-02 01:19:01,953 - INFO - timeseries_processing.py:130 -     Loading parameters:
2025-09-02 01:19:01,953 - INFO - timeseries_processing.py:131 -         Bands: ['B02', 'B03', 'B04']
2025-09-02 01:19:01,953 - INFO - timeseries_processing.py:132 -         Spatial resolution: 10
2025-09-02 01:19:01,954 - INFO - timeseries_processing.py:134 -         Get Assets from STAC Items
2025-09-02 01:19:01,954 - INFO - timeseries_processing.py:47 -         Initialize the STAC client
2025-09-02 01:19:02,516 - INFO - timeseries_processing.py:137 -         Loading 20 STAC Items....
2025-09-02 01:20:57,320 - INFO - timeseries_processing.py:146 -         Cube has been downloaded
2025-09-02 01:20:57,321 - INFO - timeseries_processing.py:149 -         Reproject to downsample 10m bands to 20m by Resampling.average 2x2 binning and shape matching with odc.geo.GeoBox
2025-09-02 01:21:05,999 - INFO - timeseries_processing.py:161 -         Append bands to the band-list of EPSG:32634
2025-09-02 01:21:05,999 - INFO - timeseries_processing.py:165 -                        
2025-09-02 01:21:05,999 - INFO - timeseries_processing.py:166 -     Merging bands in a single dataset
2025-09-02 01:21:05,999 - INFO - timeseries_processing.py:167 -     Ensure all partial datasets are at (x=20, y=-20) resolution
2025-09-02 01:21:06,001 - INFO - timeseries_processing.py:171 -     Clip to the intersection of indexes
2025-09-02 01:21:07,200 - INFO - timeseries_processing.py:180 -     Make a list of bands to merge
2025-09-02 01:21:07,200 - INFO - timeseries_processing.py:184 -     Merge on intersection
2025-09-02 01:21:07,203 - INFO - timeseries_processing.py:192 -     Apply masks on clouds, shadows, thin cirrus, and snow/ice
2025-09-02 01:21:07,203 - INFO - sentinel2.py:122 -                Masking bits: [3, 7, 8, 9, 10, 11]
2025-09-02 01:21:07,931 - INFO - composites.py:307 - Reproject from UTM Zone to Tile geometry -> CRS(EPSG:32634), Resampling.bilinear
2025-09-02 01:21:11,932 - INFO - composites.py:310 -     New shape of datasets: Shape2d(x=2400, y=2400)
2025-09-02 01:21:12,567 - INFO - composites.py:329 - Scale SR to Sen2Cor Baseline 4.00 - Subtract 1000 in dates post 2022-01-25
2025-09-02 01:21:13,603 - INFO - composites.py:342 - Creating preview plot of input scenes
2025-09-02 01:21:38,575 - INFO - timeseries_processing.py:349 - Saved preview for 'B04' to //nas-rs.topo.auth.gr/Latomeia/DROUGHT/composites/x08/y12/2024/06/01/S2L2A_medcomp_x08y12_202406_InDataPreview.jpeg
2025-09-02 01:21:38,579 - INFO - composites.py:348 - Clip value range
2025-09-02 01:21:39,783 - INFO - composites.py:353 -                           
2025-09-02 01:21:39,783 - INFO - composites.py:354 - Computing spectral indices:
2025-09-02 01:21:39,784 - INFO - composites.py:357 -     EVI...
2025-09-02 01:21:40,480 - INFO - composites.py:359 -     NDVI...
2025-09-02 01:21:40,805 - INFO - composites.py:361 -     PSRI2...
2025-09-02 01:21:40,976 - INFO - composites.py:364 - Clip to typical value range
2025-09-02 01:21:41,179 - INFO - composites.py:371 - Reducing to median value temporal composite
2025-09-02 01:22:07,537 - INFO - composites.py:390 - Scale and Define data types & nodata per band
2025-09-02 01:22:07,651 - INFO - composites.py:411 - Assign time range and tile ID in metadata
2025-09-02 01:22:07,651 - INFO - composites.py:419 - Write bands to raster COG files
2025-09-02 01:22:11,554 - INFO - composites.py:432 - Write B02 -> //nas-rs.topo.auth.gr/Latomeia/DROUGHT/composites/x08/y12/2024/06/01/S2L2A_medcomp_x08y12_202406_B02.tif
2025-09-02 01:22:15,436 - INFO - composites.py:432 - Write B03 -> //nas-rs.topo.auth.gr/Latomeia/DROUGHT/composites/x08/y12/2024/06/01/S2L2A_medcomp_x08y12_202406_B03.tif
2025-09-02 01:22:19,349 - INFO - composites.py:432 - Write B04 -> //nas-rs.topo.auth.gr/Latomeia/DROUGHT/composites/x08/y12/2024/06/01/S2L2A_medcomp_x08y12_202406_B04.tif
2025-09-02 01:22:23,218 - INFO - composites.py:432 - Write B05 -> //nas-rs.topo.auth.gr/Latomeia/DROUGHT/composites/x08/y12/2024/06/01/S2L2A_medcomp_x08y12_202406_B05.tif
2025-09-02 01:22:27,127 - INFO - composites.py:432 - Write B07 -> //nas-rs.topo.auth.gr/Latomeia/DROUGHT/composites/x08/y12/2024/06/01/S2L2A_medcomp_x08y12_202406_B07.tif
2025-09-02 01:22:31,118 - INFO - composites.py:432 - Write B8A -> //nas-rs.topo.auth.gr/Latomeia/DROUGHT/composites/x08/y12/2024/06/01/S2L2A_medcomp_x08y12_202406_B8A.tif
2025-09-02 01:22:34,932 - INFO - composites.py:432 - Write EVI -> //nas-rs.topo.auth.gr/Latomeia/DROUGHT/composites/x08/y12/2024/06/01/S2L2A_medcomp_x08y12_202406_EVI.tif
2025-09-02 01:22:38,801 - INFO - composites.py:432 - Write NDVI -> //nas-rs.topo.auth.gr/Latomeia/DROUGHT/composites/x08/y12/2024/06/01/S2L2A_medcomp_x08y12_202406_NDVI.tif
2025-09-02 01:22:42,588 - INFO - composites.py:432 - Write PSRI2 -> //nas-rs.topo.auth.gr/Latomeia/DROUGHT/composites/x08/y12/2024/06/01/S2L2A_medcomp_x08y12_202406_PSRI2.tif
2025-09-02 01:22:42,588 - INFO - composites.py:436 - Prepare metadata YAML document
2025-09-02 01:22:43,079 - INFO - composites.py:458 - Write metadata YAML document to disk
2025-09-02 01:22:43,108 - INFO - composites.py:463 - Create datacube.model.Dataset from eo3 metadata
2025-09-02 01:22:43,118 - INFO - composites.py:476 - Index to datacube
2025-09-02 01:22:43,118 - INFO - _datasets.py:191 - Indexing 6627da9e-d917-47fd-811f-63a373530dc1
2025-09-02 01:22:43,127 - INFO - composites.py:479 - 
2025-09-02 01:22:43,127 - INFO - composites.py:480 -              ✔✔✔ COMPLETED: Tile x08_y12 | Time: 2024-06 | In 6.18 minutes
2025-09-02 01:22:43,127 - INFO - composites.py:481 - 
2025-09-02 01:22:43,127 - INFO - composites.py:489 - Closing Dask client
2025-09-02 01:22:43,130 - INFO - composites.py:493 - Closing Dask cluster
2025-09-02 01:22:43,130 - INFO - composites.py:494 - #######################################################################
