2025-09-03 05:37:50,211 - INFO - composites.py:102 - #######################################################################
2025-09-03 05:37:50,211 - INFO - composites.py:104 - Processing started
2025-09-03 05:37:50,211 - INFO - composites.py:105 -         Tile: x08_y11
2025-09-03 05:37:50,211 - INFO - composites.py:106 -         Time: 2025-04
2025-09-03 05:37:50,211 - INFO - composites.py:109 -                           
2025-09-03 05:37:50,211 - INFO - composites.py:110 - Establishing connection to datacube
2025-09-03 05:37:50,719 - INFO - composites.py:113 -                           
2025-09-03 05:37:50,719 - INFO - composites.py:114 - Sanity test: Check if dataset already exists in the datacube
2025-09-03 05:37:50,739 - INFO - composites.py:133 - The composite requested was not found and it will be computed
2025-09-03 05:37:50,739 - INFO - composites.py:136 -                                  
2025-09-03 05:37:50,739 - INFO - composites.py:137 - Initializing Dask cluster for parallelization
2025-09-03 05:37:55,724 - INFO - composites.py:161 - Dask dashboard is available at: http://127.0.0.1:8787/status
2025-09-03 05:37:55,725 - INFO - composites.py:164 - Create directories and naming conversions
2025-09-03 05:37:55,737 - INFO - composites.py:177 - Dataset location: //nas-rs.topo.auth.gr/Latomeia/DROUGHT/composites/x08/y11/2025/04/01
2025-09-03 05:37:55,737 - INFO - composites.py:180 -                           
2025-09-03 05:37:55,737 - INFO - composites.py:181 - Retrieve tile geometry
2025-09-03 05:37:55,766 - INFO - composites.py:192 - Create the Bounding Box (φ,λ)
2025-09-03 05:37:55,766 - INFO - composites.py:198 - Create the Bounding Box (x,y)
2025-09-03 05:37:55,766 - INFO - composites.py:211 -                           
2025-09-03 05:37:55,766 - INFO - composites.py:212 - Connect to Planetary Computer STAC Catalog
2025-09-03 05:37:56,047 - INFO - composites.py:220 - Search the STAC Catalog
2025-09-03 05:37:56,117 - INFO - composites.py:232 -         Query parameters:
2025-09-03 05:37:56,117 - INFO - composites.py:233 -             url:          https://planetarycomputer.microsoft.com/api/stac/v1/search
2025-09-03 05:37:56,117 - INFO - composites.py:234 -             client:       microsoft-pc
2025-09-03 05:37:56,117 - INFO - composites.py:235 -             collection:   sentinel-2-l2a
2025-09-03 05:37:56,117 - INFO - composites.py:236 -             bbox:         (21.470456200843422, 38.29135632905737, 22.139354689000736, 38.83788179019963)
2025-09-03 05:37:56,117 - INFO - composites.py:237 -             time range:   2025-04-01T00:00:00Z/2025-04-30T23:59:59Z
2025-09-03 05:37:56,117 - INFO - composites.py:238 -             cloud cover:  0% - 70%
2025-09-03 05:37:56,117 - INFO - composites.py:239 -             nodata cover: 0% - 33%
2025-09-03 05:37:56,117 - INFO - composites.py:241 -                           
2025-09-03 05:37:56,117 - INFO - composites.py:242 - Searching...
2025-09-03 05:37:56,617 - INFO - composites.py:245 - Query found 9 items
2025-09-03 05:37:56,617 - INFO - composites.py:247 - Searching for GRI REFINED scenes:
2025-09-03 05:38:02,889 - INFO - sentinel2.py:78 - 1/9 - S2B_MSIL2A_20250422T092029_R093_T34SEJ_20250422T121814 -> REFINED
2025-09-03 05:38:08,012 - INFO - sentinel2.py:78 - 2/9 - S2A_MSIL2A_20250419T092231_R093_T34SEJ_20250419T122712 -> REFINED
2025-09-03 05:38:13,699 - INFO - sentinel2.py:78 - 3/9 - S2A_MSIL2A_20250419T092231_R093_T34SEH_20250419T122712 -> REFINED
2025-09-03 05:38:19,726 - INFO - sentinel2.py:78 - 4/9 - S2B_MSIL2A_20250412T092029_R093_T34SEJ_20250412T114858 -> REFINED
2025-09-03 05:38:25,944 - INFO - sentinel2.py:78 - 5/9 - S2B_MSIL2A_20250412T092029_R093_T34SEH_20250412T114858 -> REFINED
2025-09-03 05:38:30,992 - INFO - sentinel2.py:78 - 6/9 - S2A_MSIL2A_20250409T092041_R093_T34SEJ_20250409T125513 -> REFINED
2025-09-03 05:38:37,063 - INFO - sentinel2.py:78 - 7/9 - S2A_MSIL2A_20250409T092041_R093_T34SEH_20250409T125513 -> REFINED
2025-09-03 05:38:44,350 - INFO - sentinel2.py:78 - 8/9 - S2C_MSIL2A_20250407T092051_R093_T34SEH_20250407T152018 -> REFINED
2025-09-03 05:38:50,433 - INFO - sentinel2.py:78 - 9/9 - S2B_MSIL2A_20250402T092029_R093_T34SEH_20250402T133021 -> REFINED
2025-09-03 05:38:50,488 - INFO - composites.py:250 -                                  
2025-09-03 05:38:50,488 - INFO - composites.py:251 - 9/9 were refined by GRI.
2025-09-03 05:38:50,489 - INFO - composites.py:263 - Looking for up to 10 cleanest images within spatiotemporal range of each MGRS tile
2025-09-03 05:38:50,489 - INFO - composites.py:277 - Filtered cleanest scenes: Kept 9 out of 9 items. 
2025-09-03 05:38:50,489 - INFO - composites.py:278 -         Included MGRS Tiles: ['34SEH' '34SEJ']
2025-09-03 05:38:50,491 - INFO - composites.py:279 -         Included EPSG codes: [32634]
2025-09-03 05:38:50,491 - INFO - composites.py:281 - Selected scenes:
2025-09-03 05:38:50,491 - INFO - composites.py:283 -         S2A_MSIL2A_20250419T092231_R093_T34SEH_20250419T122712
2025-09-03 05:38:50,491 - INFO - composites.py:283 -         S2C_MSIL2A_20250407T092051_R093_T34SEH_20250407T152018
2025-09-03 05:38:50,491 - INFO - composites.py:283 -         S2B_MSIL2A_20250412T092029_R093_T34SEH_20250412T114858
2025-09-03 05:38:50,491 - INFO - composites.py:283 -         S2A_MSIL2A_20250409T092041_R093_T34SEH_20250409T125513
2025-09-03 05:38:50,491 - INFO - composites.py:283 -         S2B_MSIL2A_20250402T092029_R093_T34SEH_20250402T133021
2025-09-03 05:38:50,492 - INFO - composites.py:283 -         S2A_MSIL2A_20250419T092231_R093_T34SEJ_20250419T122712
2025-09-03 05:38:50,492 - INFO - composites.py:283 -         S2B_MSIL2A_20250412T092029_R093_T34SEJ_20250412T114858
2025-09-03 05:38:50,492 - INFO - composites.py:283 -         S2B_MSIL2A_20250422T092029_R093_T34SEJ_20250422T121814
2025-09-03 05:38:50,493 - INFO - composites.py:283 -         S2A_MSIL2A_20250409T092041_R093_T34SEJ_20250409T125513
2025-09-03 05:38:50,960 - INFO - sentinel2.py:154 - Matplotlib backend: Agg
2025-09-03 05:38:51,156 - INFO - sentinel2.py:224 - Write input scenes footprint overlay: //nas-rs.topo.auth.gr/Latomeia/DROUGHT/composites/x08/y11/2025/04/01/S2L2A_medcomp_x08y11_202504_InDataFootprint.jpeg
2025-09-03 05:38:51,437 - INFO - composites.py:297 -                                  
2025-09-03 05:38:51,437 - INFO - composites.py:298 - Downstream STAC items from Planetary Computer
2025-09-03 05:38:51,437 - INFO - timeseries_processing.py:115 -                                  
2025-09-03 05:38:51,437 - INFO - timeseries_processing.py:116 - Loading bands of diferent resolutions in EPSG:32634
2025-09-03 05:38:51,437 - INFO - timeseries_processing.py:120 -     Filtering items with native UTM EPSG:32634
2025-09-03 05:38:51,437 - INFO - timeseries_processing.py:122 -     9 Items in EPSG:32634
2025-09-03 05:38:51,437 - INFO - timeseries_processing.py:129 -                        
2025-09-03 05:38:51,437 - INFO - timeseries_processing.py:130 -     Loading parameters:
2025-09-03 05:38:51,437 - INFO - timeseries_processing.py:131 -         Bands: ['B05', 'B07', 'B8A', 'SCL']
2025-09-03 05:38:51,437 - INFO - timeseries_processing.py:132 -         Spatial resolution: 20
2025-09-03 05:38:51,437 - INFO - timeseries_processing.py:134 -         Get Assets from STAC Items
2025-09-03 05:38:51,437 - INFO - timeseries_processing.py:47 -         Initialize the STAC client
2025-09-03 05:38:51,934 - INFO - timeseries_processing.py:137 -         Loading 9 STAC Items....
2025-09-03 05:39:15,856 - INFO - timeseries_processing.py:146 -         Cube has been downloaded
2025-09-03 05:39:15,857 - INFO - timeseries_processing.py:156 -         Fix order of dimensions
2025-09-03 05:39:15,858 - INFO - timeseries_processing.py:161 -         Append bands to the band-list of EPSG:32634
2025-09-03 05:39:15,858 - INFO - timeseries_processing.py:129 -                        
2025-09-03 05:39:15,858 - INFO - timeseries_processing.py:130 -     Loading parameters:
2025-09-03 05:39:15,858 - INFO - timeseries_processing.py:131 -         Bands: ['B02', 'B03', 'B04']
2025-09-03 05:39:15,858 - INFO - timeseries_processing.py:132 -         Spatial resolution: 10
2025-09-03 05:39:15,858 - INFO - timeseries_processing.py:134 -         Get Assets from STAC Items
2025-09-03 05:39:15,859 - INFO - timeseries_processing.py:47 -         Initialize the STAC client
2025-09-03 05:39:16,390 - INFO - timeseries_processing.py:137 -         Loading 9 STAC Items....
2025-09-03 05:40:27,242 - INFO - timeseries_processing.py:146 -         Cube has been downloaded
2025-09-03 05:40:27,247 - INFO - timeseries_processing.py:149 -         Reproject to downsample 10m bands to 20m by Resampling.average 2x2 binning and shape matching with odc.geo.GeoBox
2025-09-03 05:40:35,931 - INFO - timeseries_processing.py:161 -         Append bands to the band-list of EPSG:32634
2025-09-03 05:40:35,931 - INFO - timeseries_processing.py:165 -                        
2025-09-03 05:40:35,931 - INFO - timeseries_processing.py:166 -     Merging bands in a single dataset
2025-09-03 05:40:35,931 - INFO - timeseries_processing.py:167 -     Ensure all partial datasets are at (x=20, y=-20) resolution
2025-09-03 05:40:35,931 - INFO - timeseries_processing.py:171 -     Clip to the intersection of indexes
2025-09-03 05:40:37,123 - INFO - timeseries_processing.py:180 -     Make a list of bands to merge
2025-09-03 05:40:37,124 - INFO - timeseries_processing.py:184 -     Merge on intersection
2025-09-03 05:40:37,125 - INFO - timeseries_processing.py:192 -     Apply masks on clouds, shadows, thin cirrus, and snow/ice
2025-09-03 05:40:37,125 - INFO - sentinel2.py:122 -                Masking bits: [3, 7, 8, 9, 10, 11]
2025-09-03 05:40:37,858 - INFO - composites.py:307 - Reproject from UTM Zone to Tile geometry -> CRS(EPSG:32634), Resampling.bilinear
2025-09-03 05:40:41,852 - INFO - composites.py:310 -     New shape of datasets: Shape2d(x=2400, y=2400)
2025-09-03 05:40:42,331 - INFO - composites.py:329 - Scale SR to Sen2Cor Baseline 4.00 - Subtract 1000 in dates post 2022-01-25
2025-09-03 05:40:43,283 - INFO - composites.py:342 - Creating preview plot of input scenes
2025-09-03 05:41:08,342 - INFO - timeseries_processing.py:349 - Saved preview for 'B04' to //nas-rs.topo.auth.gr/Latomeia/DROUGHT/composites/x08/y11/2025/04/01/S2L2A_medcomp_x08y11_202504_InDataPreview.jpeg
2025-09-03 05:41:08,346 - INFO - composites.py:348 - Clip value range
2025-09-03 05:41:09,498 - INFO - composites.py:353 -                           
2025-09-03 05:41:09,498 - INFO - composites.py:354 - Computing spectral indices:
2025-09-03 05:41:09,498 - INFO - composites.py:357 -     EVI...
2025-09-03 05:41:10,258 - INFO - composites.py:359 -     NDVI...
2025-09-03 05:41:10,482 - INFO - composites.py:361 -     PSRI2...
2025-09-03 05:41:10,640 - INFO - composites.py:364 - Clip to typical value range
2025-09-03 05:41:10,967 - INFO - composites.py:371 - Reducing to median value temporal composite
2025-09-03 05:41:34,174 - INFO - composites.py:390 - Scale and Define data types & nodata per band
2025-09-03 05:41:34,300 - INFO - composites.py:411 - Assign time range and tile ID in metadata
2025-09-03 05:41:34,300 - INFO - composites.py:419 - Write bands to raster COG files
2025-09-03 05:41:38,130 - INFO - composites.py:432 - Write B02 -> //nas-rs.topo.auth.gr/Latomeia/DROUGHT/composites/x08/y11/2025/04/01/S2L2A_medcomp_x08y11_202504_B02.tif
2025-09-03 05:41:41,990 - INFO - composites.py:432 - Write B03 -> //nas-rs.topo.auth.gr/Latomeia/DROUGHT/composites/x08/y11/2025/04/01/S2L2A_medcomp_x08y11_202504_B03.tif
2025-09-03 05:41:45,869 - INFO - composites.py:432 - Write B04 -> //nas-rs.topo.auth.gr/Latomeia/DROUGHT/composites/x08/y11/2025/04/01/S2L2A_medcomp_x08y11_202504_B04.tif
2025-09-03 05:41:49,719 - INFO - composites.py:432 - Write B05 -> //nas-rs.topo.auth.gr/Latomeia/DROUGHT/composites/x08/y11/2025/04/01/S2L2A_medcomp_x08y11_202504_B05.tif
2025-09-03 05:41:53,518 - INFO - composites.py:432 - Write B07 -> //nas-rs.topo.auth.gr/Latomeia/DROUGHT/composites/x08/y11/2025/04/01/S2L2A_medcomp_x08y11_202504_B07.tif
2025-09-03 05:41:57,376 - INFO - composites.py:432 - Write B8A -> //nas-rs.topo.auth.gr/Latomeia/DROUGHT/composites/x08/y11/2025/04/01/S2L2A_medcomp_x08y11_202504_B8A.tif
2025-09-03 05:42:01,129 - INFO - composites.py:432 - Write EVI -> //nas-rs.topo.auth.gr/Latomeia/DROUGHT/composites/x08/y11/2025/04/01/S2L2A_medcomp_x08y11_202504_EVI.tif
2025-09-03 05:42:05,474 - INFO - composites.py:432 - Write NDVI -> //nas-rs.topo.auth.gr/Latomeia/DROUGHT/composites/x08/y11/2025/04/01/S2L2A_medcomp_x08y11_202504_NDVI.tif
2025-09-03 05:42:09,481 - INFO - composites.py:432 - Write PSRI2 -> //nas-rs.topo.auth.gr/Latomeia/DROUGHT/composites/x08/y11/2025/04/01/S2L2A_medcomp_x08y11_202504_PSRI2.tif
2025-09-03 05:42:09,496 - INFO - composites.py:436 - Prepare metadata YAML document
2025-09-03 05:42:09,969 - INFO - composites.py:458 - Write metadata YAML document to disk
2025-09-03 05:42:09,992 - INFO - composites.py:463 - Create datacube.model.Dataset from eo3 metadata
2025-09-03 05:42:10,004 - INFO - composites.py:476 - Index to datacube
2025-09-03 05:42:10,004 - INFO - _datasets.py:191 - Indexing e1837674-c798-4f00-9b74-b75dd270264d
2025-09-03 05:42:10,013 - INFO - composites.py:479 - 
2025-09-03 05:42:10,013 - INFO - composites.py:480 -              ✔✔✔ COMPLETED: Tile x08_y11 | Time: 2025-04 | In 4.33 minutes
2025-09-03 05:42:10,013 - INFO - composites.py:481 - 
2025-09-03 05:42:10,013 - INFO - composites.py:489 - Closing Dask client
2025-09-03 05:42:10,015 - INFO - composites.py:493 - Closing Dask cluster
2025-09-03 05:42:10,015 - INFO - composites.py:494 - #######################################################################
