2025-09-01 07:15:46,874 - INFO - composites.py:102 - #######################################################################
2025-09-01 07:15:46,874 - INFO - composites.py:104 - Processing started
2025-09-01 07:15:46,874 - INFO - composites.py:105 -         Tile: x10_y09
2025-09-01 07:15:46,874 - INFO - composites.py:106 -         Time: 2023-11
2025-09-01 07:15:46,874 - INFO - composites.py:109 -                           
2025-09-01 07:15:46,874 - INFO - composites.py:110 - Establishing connection to datacube
2025-09-01 07:15:47,372 - INFO - composites.py:113 -                           
2025-09-01 07:15:47,373 - INFO - composites.py:114 - Sanity test: Check if dataset already exists in the datacube
2025-09-01 07:15:47,393 - INFO - composites.py:133 - The composite requested was not found and it will be computed
2025-09-01 07:15:47,393 - INFO - composites.py:136 -                                  
2025-09-01 07:15:47,393 - INFO - composites.py:137 - Initializing Dask cluster for parallelization
2025-09-01 07:15:52,389 - INFO - composites.py:161 - Dask dashboard is available at: http://127.0.0.1:8787/status
2025-09-01 07:15:52,389 - INFO - composites.py:164 - Create directories and naming conversions
2025-09-01 07:15:52,401 - INFO - composites.py:177 - Dataset location: //nas-rs.topo.auth.gr/Latomeia/DROUGHT/composites/x10/y09/2023/11/01
2025-09-01 07:15:52,401 - INFO - composites.py:180 -                           
2025-09-01 07:15:52,401 - INFO - composites.py:181 - Retrieve tile geometry
2025-09-01 07:15:52,429 - INFO - composites.py:192 - Create the Bounding Box (φ,λ)
2025-09-01 07:15:52,429 - INFO - composites.py:198 - Create the Bounding Box (x,y)
2025-09-01 07:15:52,429 - INFO - composites.py:211 -                           
2025-09-01 07:15:52,430 - INFO - composites.py:212 - Connect to Planetary Computer STAC Catalog
2025-09-01 07:15:52,716 - INFO - composites.py:220 - Search the STAC Catalog
2025-09-01 07:15:52,786 - INFO - composites.py:232 -         Query parameters:
2025-09-01 07:15:52,786 - INFO - composites.py:233 -             url:          https://planetarycomputer.microsoft.com/api/stac/v1/search
2025-09-01 07:15:52,786 - INFO - composites.py:234 -             client:       microsoft-pc
2025-09-01 07:15:52,786 - INFO - composites.py:235 -             collection:   sentinel-2-l2a
2025-09-01 07:15:52,786 - INFO - composites.py:236 -             bbox:         (22.393231098837152, 37.29127558081356, 23.05741948027706, 37.8424745721664)
2025-09-01 07:15:52,786 - INFO - composites.py:237 -             time range:   2023-11-01T00:00:00Z/2023-11-30T23:59:59Z
2025-09-01 07:15:52,786 - INFO - composites.py:238 -             cloud cover:  0% - 70%
2025-09-01 07:15:52,786 - INFO - composites.py:239 -             nodata cover: 0% - 33%
2025-09-01 07:15:52,786 - INFO - composites.py:241 -                           
2025-09-01 07:15:52,786 - INFO - composites.py:242 - Searching...
2025-09-01 07:15:53,219 - INFO - composites.py:245 - Query found 21 items
2025-09-01 07:15:53,219 - INFO - composites.py:247 - Searching for GRI REFINED scenes:
2025-09-01 07:15:56,726 - INFO - sentinel2.py:78 - 1/21 - S2B_MSIL2A_20231129T092239_R093_T34SFH_20241110T221044 -> REFINED
2025-09-01 07:16:00,816 - INFO - sentinel2.py:78 - 2/21 - S2B_MSIL2A_20231129T092239_R093_T34SFH_20231129T121512 -> REFINED
2025-09-01 07:16:04,176 - INFO - sentinel2.py:78 - 3/21 - S2B_MSIL2A_20231126T091219_R050_T34SFG_20241031T052659 -> REFINED
2025-09-01 07:16:08,061 - INFO - sentinel2.py:78 - 4/21 - S2B_MSIL2A_20231126T091219_R050_T34SFG_20231126T122725 -> REFINED
2025-09-01 07:16:12,108 - INFO - sentinel2.py:78 - 5/21 - S2A_MSIL2A_20231124T092311_R093_T34SFG_20241029T055108 -> REFINED
2025-09-01 07:16:15,361 - INFO - sentinel2.py:78 - 6/21 - S2A_MSIL2A_20231124T092311_R093_T34SFG_20231124T152159 -> REFINED
2025-09-01 07:16:19,018 - INFO - sentinel2.py:78 - 7/21 - S2B_MSIL2A_20231119T092159_R093_T34SFH_20231119T124209 -> REFINED
2025-09-01 07:16:23,347 - INFO - sentinel2.py:78 - 8/21 - S2B_MSIL2A_20231119T092159_R093_T34SFG_20241103T010102 -> REFINED
2025-09-01 07:16:27,695 - INFO - sentinel2.py:78 - 9/21 - S2B_MSIL2A_20231119T092159_R093_T34SFG_20231119T124204 -> REFINED
2025-09-01 07:16:31,184 - INFO - sentinel2.py:78 - 10/21 - S2B_MSIL2A_20231116T091149_R050_T34SFG_20241103T043642 -> REFINED
2025-09-01 07:16:35,644 - INFO - sentinel2.py:78 - 11/21 - S2B_MSIL2A_20231116T091149_R050_T34SFG_20231116T121106 -> REFINED
2025-09-01 07:16:38,873 - INFO - sentinel2.py:78 - 12/21 - S2A_MSIL2A_20231114T092231_R093_T34SFH_20231114T152832 -> REFINED
2025-09-01 07:16:42,050 - INFO - sentinel2.py:78 - 13/21 - S2A_MSIL2A_20231114T092231_R093_T34SFG_20231114T152840 -> REFINED
2025-09-01 07:16:46,030 - INFO - sentinel2.py:78 - 14/21 - S2B_MSIL2A_20231109T092119_R093_T34SFH_20241109T182729 -> REFINED
2025-09-01 07:16:50,439 - INFO - sentinel2.py:78 - 15/21 - S2B_MSIL2A_20231109T092119_R093_T34SFH_20231109T142013 -> REFINED
2025-09-01 07:16:53,675 - INFO - sentinel2.py:78 - 16/21 - S2B_MSIL2A_20231109T092119_R093_T34SFG_20241109T182729 -> REFINED
2025-09-01 07:16:57,638 - INFO - sentinel2.py:78 - 17/21 - S2B_MSIL2A_20231109T092119_R093_T34SFG_20231109T130356 -> REFINED
2025-09-01 07:17:01,498 - INFO - sentinel2.py:78 - 18/21 - S2B_MSIL2A_20231106T091059_R050_T34SFG_20241031T071212 -> REFINED
2025-09-01 07:17:04,973 - INFO - sentinel2.py:78 - 19/21 - S2B_MSIL2A_20231106T091059_R050_T34SFG_20231106T131140 -> REFINED
2025-09-01 07:17:08,868 - INFO - sentinel2.py:78 - 20/21 - S2A_MSIL2A_20231101T091121_R050_T34SFG_20241028T143242 -> REFINED
2025-09-01 07:17:12,779 - INFO - sentinel2.py:78 - 21/21 - S2A_MSIL2A_20231101T091121_R050_T34SFG_20231101T143949 -> REFINED
2025-09-01 07:17:12,813 - INFO - composites.py:250 -                                  
2025-09-01 07:17:12,813 - INFO - composites.py:251 - 21/21 were refined by GRI.
2025-09-01 07:17:12,813 - INFO - composites.py:263 - Looking for up to 10 cleanest images within spatiotemporal range of each MGRS tile
2025-09-01 07:17:12,814 - INFO - composites.py:277 - Filtered cleanest scenes: Kept 16 out of 21 items. 
2025-09-01 07:17:12,814 - INFO - composites.py:278 -         Included MGRS Tiles: ['34SFG' '34SFH']
2025-09-01 07:17:12,814 - INFO - composites.py:279 -         Included EPSG codes: [32634]
2025-09-01 07:17:12,815 - INFO - composites.py:281 - Selected scenes:
2025-09-01 07:17:12,832 - INFO - composites.py:283 -         S2B_MSIL2A_20231119T092159_R093_T34SFG_20241103T010102
2025-09-01 07:17:12,851 - INFO - composites.py:283 -         S2B_MSIL2A_20231119T092159_R093_T34SFG_20231119T124204
2025-09-01 07:17:12,857 - INFO - composites.py:283 -         S2B_MSIL2A_20231106T091059_R050_T34SFG_20241031T071212
2025-09-01 07:17:12,858 - INFO - composites.py:283 -         S2B_MSIL2A_20231106T091059_R050_T34SFG_20231106T131140
2025-09-01 07:17:12,858 - INFO - composites.py:283 -         S2B_MSIL2A_20231116T091149_R050_T34SFG_20231116T121106
2025-09-01 07:17:12,858 - INFO - composites.py:283 -         S2B_MSIL2A_20231116T091149_R050_T34SFG_20241103T043642
2025-09-01 07:17:12,864 - INFO - composites.py:283 -         S2A_MSIL2A_20231114T092231_R093_T34SFG_20231114T152840
2025-09-01 07:17:12,864 - INFO - composites.py:283 -         S2B_MSIL2A_20231126T091219_R050_T34SFG_20241031T052659
2025-09-01 07:17:12,865 - INFO - composites.py:283 -         S2B_MSIL2A_20231126T091219_R050_T34SFG_20231126T122725
2025-09-01 07:17:12,865 - INFO - composites.py:283 -         S2B_MSIL2A_20231109T092119_R093_T34SFG_20241109T182729
2025-09-01 07:17:12,865 - INFO - composites.py:283 -         S2B_MSIL2A_20231119T092159_R093_T34SFH_20231119T124209
2025-09-01 07:17:12,865 - INFO - composites.py:283 -         S2A_MSIL2A_20231114T092231_R093_T34SFH_20231114T152832
2025-09-01 07:17:12,865 - INFO - composites.py:283 -         S2B_MSIL2A_20231129T092239_R093_T34SFH_20231129T121512
2025-09-01 07:17:12,865 - INFO - composites.py:283 -         S2B_MSIL2A_20231129T092239_R093_T34SFH_20241110T221044
2025-09-01 07:17:12,865 - INFO - composites.py:283 -         S2B_MSIL2A_20231109T092119_R093_T34SFH_20231109T142013
2025-09-01 07:17:12,865 - INFO - composites.py:283 -         S2B_MSIL2A_20231109T092119_R093_T34SFH_20241109T182729
2025-09-01 07:17:13,326 - INFO - sentinel2.py:154 - Matplotlib backend: Agg
2025-09-01 07:17:13,625 - INFO - sentinel2.py:224 - Write input scenes footprint overlay: //nas-rs.topo.auth.gr/Latomeia/DROUGHT/composites/x10/y09/2023/11/01/S2L2A_medcomp_x10y09_202311_InDataFootprint.jpeg
2025-09-01 07:17:13,941 - INFO - composites.py:297 -                                  
2025-09-01 07:17:13,941 - INFO - composites.py:298 - Downstream STAC items from Planetary Computer
2025-09-01 07:17:13,941 - INFO - timeseries_processing.py:115 -                                  
2025-09-01 07:17:13,941 - INFO - timeseries_processing.py:116 - Loading bands of diferent resolutions in EPSG:32634
2025-09-01 07:17:13,941 - INFO - timeseries_processing.py:120 -     Filtering items with native UTM EPSG:32634
2025-09-01 07:17:13,941 - INFO - timeseries_processing.py:122 -     16 Items in EPSG:32634
2025-09-01 07:17:13,941 - INFO - timeseries_processing.py:129 -                        
2025-09-01 07:17:13,941 - INFO - timeseries_processing.py:130 -     Loading parameters:
2025-09-01 07:17:13,941 - INFO - timeseries_processing.py:131 -         Bands: ['B05', 'B07', 'B8A', 'SCL']
2025-09-01 07:17:13,941 - INFO - timeseries_processing.py:132 -         Spatial resolution: 20
2025-09-01 07:17:13,941 - INFO - timeseries_processing.py:134 -         Get Assets from STAC Items
2025-09-01 07:17:13,941 - INFO - timeseries_processing.py:47 -         Initialize the STAC client
2025-09-01 07:17:14,471 - INFO - timeseries_processing.py:137 -         Loading 16 STAC Items....
2025-09-01 07:18:16,379 - INFO - timeseries_processing.py:146 -         Cube has been downloaded
2025-09-01 07:18:16,379 - INFO - timeseries_processing.py:156 -         Fix order of dimensions
2025-09-01 07:18:16,381 - INFO - timeseries_processing.py:161 -         Append bands to the band-list of EPSG:32634
2025-09-01 07:18:16,381 - INFO - timeseries_processing.py:129 -                        
2025-09-01 07:18:16,381 - INFO - timeseries_processing.py:130 -     Loading parameters:
2025-09-01 07:18:16,381 - INFO - timeseries_processing.py:131 -         Bands: ['B02', 'B03', 'B04']
2025-09-01 07:18:16,382 - INFO - timeseries_processing.py:132 -         Spatial resolution: 10
2025-09-01 07:18:16,384 - INFO - timeseries_processing.py:134 -         Get Assets from STAC Items
2025-09-01 07:18:16,384 - INFO - timeseries_processing.py:47 -         Initialize the STAC client
2025-09-01 07:18:16,930 - INFO - timeseries_processing.py:137 -         Loading 16 STAC Items....
2025-09-01 07:20:27,625 - INFO - timeseries_processing.py:146 -         Cube has been downloaded
2025-09-01 07:20:27,625 - INFO - timeseries_processing.py:149 -         Reproject to downsample 10m bands to 20m by Resampling.average 2x2 binning and shape matching with odc.geo.GeoBox
2025-09-01 07:20:37,763 - INFO - timeseries_processing.py:161 -         Append bands to the band-list of EPSG:32634
2025-09-01 07:20:37,765 - INFO - timeseries_processing.py:165 -                        
2025-09-01 07:20:37,765 - INFO - timeseries_processing.py:166 -     Merging bands in a single dataset
2025-09-01 07:20:37,765 - INFO - timeseries_processing.py:167 -     Ensure all partial datasets are at (x=20, y=-20) resolution
2025-09-01 07:20:37,765 - INFO - timeseries_processing.py:171 -     Clip to the intersection of indexes
2025-09-01 07:20:39,040 - INFO - timeseries_processing.py:180 -     Make a list of bands to merge
2025-09-01 07:20:39,041 - INFO - timeseries_processing.py:184 -     Merge on intersection
2025-09-01 07:20:39,042 - INFO - timeseries_processing.py:192 -     Apply masks on clouds, shadows, thin cirrus, and snow/ice
2025-09-01 07:20:39,042 - INFO - sentinel2.py:122 -                Masking bits: [3, 7, 8, 9, 10, 11]
2025-09-01 07:20:39,895 - INFO - composites.py:307 - Reproject from UTM Zone to Tile geometry -> CRS(EPSG:32634), Resampling.bilinear
2025-09-01 07:20:44,637 - INFO - composites.py:310 -     New shape of datasets: Shape2d(x=2400, y=2400)
2025-09-01 07:20:45,271 - INFO - composites.py:329 - Scale SR to Sen2Cor Baseline 4.00 - Subtract 1000 in dates post 2022-01-25
2025-09-01 07:20:46,319 - INFO - composites.py:342 - Creating preview plot of input scenes
2025-09-01 07:21:13,143 - INFO - timeseries_processing.py:349 - Saved preview for 'B04' to //nas-rs.topo.auth.gr/Latomeia/DROUGHT/composites/x10/y09/2023/11/01/S2L2A_medcomp_x10y09_202311_InDataPreview.jpeg
2025-09-01 07:21:13,148 - INFO - composites.py:348 - Clip value range
2025-09-01 07:21:14,548 - INFO - composites.py:353 -                           
2025-09-01 07:21:14,548 - INFO - composites.py:354 - Computing spectral indices:
2025-09-01 07:21:14,548 - INFO - composites.py:357 -     EVI...
2025-09-01 07:21:15,502 - INFO - composites.py:359 -     NDVI...
2025-09-01 07:21:15,791 - INFO - composites.py:361 -     PSRI2...
2025-09-01 07:21:16,104 - INFO - composites.py:364 - Clip to typical value range
2025-09-01 07:21:16,372 - INFO - composites.py:371 - Reducing to median value temporal composite
2025-09-01 07:21:43,457 - INFO - composites.py:390 - Scale and Define data types & nodata per band
2025-09-01 07:21:43,571 - INFO - composites.py:411 - Assign time range and tile ID in metadata
2025-09-01 07:21:43,571 - INFO - composites.py:419 - Write bands to raster COG files
2025-09-01 07:21:47,452 - INFO - composites.py:432 - Write B02 -> //nas-rs.topo.auth.gr/Latomeia/DROUGHT/composites/x10/y09/2023/11/01/S2L2A_medcomp_x10y09_202311_B02.tif
2025-09-01 07:21:51,349 - INFO - composites.py:432 - Write B03 -> //nas-rs.topo.auth.gr/Latomeia/DROUGHT/composites/x10/y09/2023/11/01/S2L2A_medcomp_x10y09_202311_B03.tif
2025-09-01 07:21:55,226 - INFO - composites.py:432 - Write B04 -> //nas-rs.topo.auth.gr/Latomeia/DROUGHT/composites/x10/y09/2023/11/01/S2L2A_medcomp_x10y09_202311_B04.tif
2025-09-01 07:21:59,174 - INFO - composites.py:432 - Write B05 -> //nas-rs.topo.auth.gr/Latomeia/DROUGHT/composites/x10/y09/2023/11/01/S2L2A_medcomp_x10y09_202311_B05.tif
2025-09-01 07:22:03,080 - INFO - composites.py:432 - Write B07 -> //nas-rs.topo.auth.gr/Latomeia/DROUGHT/composites/x10/y09/2023/11/01/S2L2A_medcomp_x10y09_202311_B07.tif
2025-09-01 07:22:07,007 - INFO - composites.py:432 - Write B8A -> //nas-rs.topo.auth.gr/Latomeia/DROUGHT/composites/x10/y09/2023/11/01/S2L2A_medcomp_x10y09_202311_B8A.tif
2025-09-01 07:22:11,017 - INFO - composites.py:432 - Write EVI -> //nas-rs.topo.auth.gr/Latomeia/DROUGHT/composites/x10/y09/2023/11/01/S2L2A_medcomp_x10y09_202311_EVI.tif
2025-09-01 07:22:14,965 - INFO - composites.py:432 - Write NDVI -> //nas-rs.topo.auth.gr/Latomeia/DROUGHT/composites/x10/y09/2023/11/01/S2L2A_medcomp_x10y09_202311_NDVI.tif
2025-09-01 07:22:18,798 - INFO - composites.py:432 - Write PSRI2 -> //nas-rs.topo.auth.gr/Latomeia/DROUGHT/composites/x10/y09/2023/11/01/S2L2A_medcomp_x10y09_202311_PSRI2.tif
2025-09-01 07:22:18,798 - INFO - composites.py:436 - Prepare metadata YAML document
2025-09-01 07:22:19,296 - INFO - composites.py:458 - Write metadata YAML document to disk
2025-09-01 07:22:19,349 - INFO - composites.py:463 - Create datacube.model.Dataset from eo3 metadata
2025-09-01 07:22:19,360 - INFO - composites.py:476 - Index to datacube
2025-09-01 07:22:19,360 - INFO - _datasets.py:191 - Indexing 17aacf64-9119-4224-abfd-467bffb34c35
2025-09-01 07:22:19,380 - INFO - composites.py:479 - 
2025-09-01 07:22:19,380 - INFO - composites.py:480 -              ✔✔✔ COMPLETED: Tile x10_y09 | Time: 2023-11 | In 6.54 minutes
2025-09-01 07:22:19,380 - INFO - composites.py:481 - 
2025-09-01 07:22:19,380 - INFO - composites.py:489 - Closing Dask client
2025-09-01 07:22:19,382 - INFO - composites.py:493 - Closing Dask cluster
2025-09-01 07:22:19,382 - INFO - composites.py:494 - #######################################################################
