2025-09-03 03:26:31,244 - INFO - composites.py:102 - #######################################################################
2025-09-03 03:26:31,244 - INFO - composites.py:104 - Processing started
2025-09-03 03:26:31,244 - INFO - composites.py:105 -         Tile: x09_y11
2025-09-03 03:26:31,244 - INFO - composites.py:106 -         Time: 2025-03
2025-09-03 03:26:31,244 - INFO - composites.py:109 -                           
2025-09-03 03:26:31,244 - INFO - composites.py:110 - Establishing connection to datacube
2025-09-03 03:26:31,752 - INFO - composites.py:113 -                           
2025-09-03 03:26:31,752 - INFO - composites.py:114 - Sanity test: Check if dataset already exists in the datacube
2025-09-03 03:26:31,774 - INFO - composites.py:133 - The composite requested was not found and it will be computed
2025-09-03 03:26:31,774 - INFO - composites.py:136 -                                  
2025-09-03 03:26:31,774 - INFO - composites.py:137 - Initializing Dask cluster for parallelization
2025-09-03 03:26:36,690 - INFO - composites.py:161 - Dask dashboard is available at: http://127.0.0.1:8787/status
2025-09-03 03:26:36,690 - INFO - composites.py:164 - Create directories and naming conversions
2025-09-03 03:26:36,703 - INFO - composites.py:177 - Dataset location: //nas-rs.topo.auth.gr/Latomeia/DROUGHT/composites/x09/y11/2025/03/01
2025-09-03 03:26:36,703 - INFO - composites.py:180 -                           
2025-09-03 03:26:36,703 - INFO - composites.py:181 - Retrieve tile geometry
2025-09-03 03:26:36,732 - INFO - composites.py:192 - Create the Bounding Box (φ,λ)
2025-09-03 03:26:36,732 - INFO - composites.py:198 - Create the Bounding Box (x,y)
2025-09-03 03:26:36,732 - INFO - composites.py:211 -                           
2025-09-03 03:26:36,732 - INFO - composites.py:212 - Connect to Planetary Computer STAC Catalog
2025-09-03 03:26:37,033 - INFO - composites.py:220 - Search the STAC Catalog
2025-09-03 03:26:37,102 - INFO - composites.py:232 -         Query parameters:
2025-09-03 03:26:37,103 - INFO - composites.py:233 -             url:          https://planetarycomputer.microsoft.com/api/stac/v1/search
2025-09-03 03:26:37,103 - INFO - composites.py:234 -             client:       microsoft-pc
2025-09-03 03:26:37,103 - INFO - composites.py:235 -             collection:   sentinel-2-l2a
2025-09-03 03:26:37,103 - INFO - composites.py:236 -             bbox:         (22.011426495899283, 38.22146676750315, 22.68270270334575, 38.770538011403985)
2025-09-03 03:26:37,103 - INFO - composites.py:237 -             time range:   2025-03-01T00:00:00Z/2025-03-31T23:59:59Z
2025-09-03 03:26:37,103 - INFO - composites.py:238 -             cloud cover:  0% - 70%
2025-09-03 03:26:37,103 - INFO - composites.py:239 -             nodata cover: 0% - 33%
2025-09-03 03:26:37,103 - INFO - composites.py:241 -                           
2025-09-03 03:26:37,103 - INFO - composites.py:242 - Searching...
2025-09-03 03:26:37,509 - INFO - composites.py:245 - Query found 16 items
2025-09-03 03:26:37,509 - INFO - composites.py:247 - Searching for GRI REFINED scenes:
2025-09-03 03:26:40,546 - INFO - sentinel2.py:78 - 1/16 - S2C_MSIL2A_20250328T092051_R093_T34SFJ_20250328T145616 -> REFINED
2025-09-03 03:26:45,009 - INFO - sentinel2.py:78 - 2/16 - S2C_MSIL2A_20250328T092051_R093_T34SFH_20250328T145510 -> REFINED
2025-09-03 03:26:48,841 - INFO - sentinel2.py:78 - 3/16 - S2C_MSIL2A_20250328T092051_R093_T34SEJ_20250328T145616 -> REFINED
2025-09-03 03:26:52,820 - INFO - sentinel2.py:78 - 4/16 - S2C_MSIL2A_20250328T092051_R093_T34SEH_20250328T145510 -> REFINED
2025-09-03 03:26:57,343 - INFO - sentinel2.py:78 - 5/16 - S2A_MSIL2A_20250320T092231_R093_T34SFJ_20250320T124113 -> REFINED
2025-09-03 03:27:01,341 - INFO - sentinel2.py:78 - 6/16 - S2A_MSIL2A_20250320T092231_R093_T34SFH_20250320T124113 -> REFINED
2025-09-03 03:27:05,412 - INFO - sentinel2.py:78 - 7/16 - S2A_MSIL2A_20250320T092231_R093_T34SEJ_20250320T124113 -> REFINED
2025-09-03 03:27:09,769 - INFO - sentinel2.py:78 - 8/16 - S2A_MSIL2A_20250320T092231_R093_T34SEH_20250320T124113 -> REFINED
2025-09-03 03:27:13,139 - INFO - sentinel2.py:78 - 9/16 - S2C_MSIL2A_20250318T092051_R093_T34SFJ_20250318T130156 -> REFINED
2025-09-03 03:27:17,627 - INFO - sentinel2.py:78 - 10/16 - S2B_MSIL2A_20250313T092029_R093_T34SFJ_20250313T132014 -> REFINED
2025-09-03 03:27:21,043 - INFO - sentinel2.py:78 - 11/16 - S2B_MSIL2A_20250313T092029_R093_T34SFH_20250313T132014 -> REFINED
2025-09-03 03:27:25,626 - INFO - sentinel2.py:78 - 12/16 - S2B_MSIL2A_20250313T092029_R093_T34SEJ_20250313T132014 -> REFINED
2025-09-03 03:27:29,052 - INFO - sentinel2.py:78 - 13/16 - S2B_MSIL2A_20250313T092029_R093_T34SEH_20250313T132014 -> REFINED
2025-09-03 03:27:32,910 - INFO - sentinel2.py:78 - 14/16 - S2C_MSIL2A_20250308T092051_R093_T34SFJ_20250308T130013 -> REFINED
2025-09-03 03:27:37,562 - INFO - sentinel2.py:78 - 15/16 - S2C_MSIL2A_20250308T092051_R093_T34SFH_20250308T130013 -> REFINED
2025-09-03 03:27:42,642 - INFO - sentinel2.py:78 - 16/16 - S2C_MSIL2A_20250308T092051_R093_T34SEJ_20250308T130013 -> REFINED
2025-09-03 03:27:42,670 - INFO - composites.py:250 -                                  
2025-09-03 03:27:42,670 - INFO - composites.py:251 - 16/16 were refined by GRI.
2025-09-03 03:27:42,670 - INFO - composites.py:263 - Looking for up to 10 cleanest images within spatiotemporal range of each MGRS tile
2025-09-03 03:27:42,671 - INFO - composites.py:277 - Filtered cleanest scenes: Kept 16 out of 16 items. 
2025-09-03 03:27:42,680 - INFO - composites.py:278 -         Included MGRS Tiles: ['34SEH' '34SEJ' '34SFH' '34SFJ']
2025-09-03 03:27:42,680 - INFO - composites.py:279 -         Included EPSG codes: [32634]
2025-09-03 03:27:42,691 - INFO - composites.py:281 - Selected scenes:
2025-09-03 03:27:42,691 - INFO - composites.py:283 -         S2A_MSIL2A_20250320T092231_R093_T34SEH_20250320T124113
2025-09-03 03:27:42,691 - INFO - composites.py:283 -         S2B_MSIL2A_20250313T092029_R093_T34SEH_20250313T132014
2025-09-03 03:27:42,691 - INFO - composites.py:283 -         S2C_MSIL2A_20250328T092051_R093_T34SEH_20250328T145510
2025-09-03 03:27:42,701 - INFO - composites.py:283 -         S2A_MSIL2A_20250320T092231_R093_T34SEJ_20250320T124113
2025-09-03 03:27:42,701 - INFO - composites.py:283 -         S2C_MSIL2A_20250308T092051_R093_T34SEJ_20250308T130013
2025-09-03 03:27:42,701 - INFO - composites.py:283 -         S2B_MSIL2A_20250313T092029_R093_T34SEJ_20250313T132014
2025-09-03 03:27:42,701 - INFO - composites.py:283 -         S2C_MSIL2A_20250328T092051_R093_T34SEJ_20250328T145616
2025-09-03 03:27:42,701 - INFO - composites.py:283 -         S2A_MSIL2A_20250320T092231_R093_T34SFH_20250320T124113
2025-09-03 03:27:42,701 - INFO - composites.py:283 -         S2C_MSIL2A_20250308T092051_R093_T34SFH_20250308T130013
2025-09-03 03:27:42,701 - INFO - composites.py:283 -         S2C_MSIL2A_20250328T092051_R093_T34SFH_20250328T145510
2025-09-03 03:27:42,701 - INFO - composites.py:283 -         S2B_MSIL2A_20250313T092029_R093_T34SFH_20250313T132014
2025-09-03 03:27:42,703 - INFO - composites.py:283 -         S2C_MSIL2A_20250308T092051_R093_T34SFJ_20250308T130013
2025-09-03 03:27:42,703 - INFO - composites.py:283 -         S2A_MSIL2A_20250320T092231_R093_T34SFJ_20250320T124113
2025-09-03 03:27:42,703 - INFO - composites.py:283 -         S2C_MSIL2A_20250328T092051_R093_T34SFJ_20250328T145616
2025-09-03 03:27:42,703 - INFO - composites.py:283 -         S2B_MSIL2A_20250313T092029_R093_T34SFJ_20250313T132014
2025-09-03 03:27:42,703 - INFO - composites.py:283 -         S2C_MSIL2A_20250318T092051_R093_T34SFJ_20250318T130156
2025-09-03 03:27:43,029 - INFO - sentinel2.py:154 - Matplotlib backend: Agg
2025-09-03 03:27:43,368 - INFO - sentinel2.py:224 - Write input scenes footprint overlay: //nas-rs.topo.auth.gr/Latomeia/DROUGHT/composites/x09/y11/2025/03/01/S2L2A_medcomp_x09y11_202503_InDataFootprint.jpeg
2025-09-03 03:27:43,563 - INFO - composites.py:297 -                                  
2025-09-03 03:27:43,563 - INFO - composites.py:298 - Downstream STAC items from Planetary Computer
2025-09-03 03:27:43,563 - INFO - timeseries_processing.py:115 -                                  
2025-09-03 03:27:43,563 - INFO - timeseries_processing.py:116 - Loading bands of diferent resolutions in EPSG:32634
2025-09-03 03:27:43,563 - INFO - timeseries_processing.py:120 -     Filtering items with native UTM EPSG:32634
2025-09-03 03:27:43,563 - INFO - timeseries_processing.py:122 -     16 Items in EPSG:32634
2025-09-03 03:27:43,563 - INFO - timeseries_processing.py:129 -                        
2025-09-03 03:27:43,563 - INFO - timeseries_processing.py:130 -     Loading parameters:
2025-09-03 03:27:43,563 - INFO - timeseries_processing.py:131 -         Bands: ['B05', 'B07', 'B8A', 'SCL']
2025-09-03 03:27:43,563 - INFO - timeseries_processing.py:132 -         Spatial resolution: 20
2025-09-03 03:27:43,563 - INFO - timeseries_processing.py:134 -         Get Assets from STAC Items
2025-09-03 03:27:43,563 - INFO - timeseries_processing.py:47 -         Initialize the STAC client
2025-09-03 03:27:44,133 - INFO - timeseries_processing.py:137 -         Loading 16 STAC Items....
2025-09-03 03:28:52,358 - INFO - timeseries_processing.py:146 -         Cube has been downloaded
2025-09-03 03:28:52,358 - INFO - timeseries_processing.py:156 -         Fix order of dimensions
2025-09-03 03:28:52,359 - INFO - timeseries_processing.py:161 -         Append bands to the band-list of EPSG:32634
2025-09-03 03:28:52,359 - INFO - timeseries_processing.py:129 -                        
2025-09-03 03:28:52,359 - INFO - timeseries_processing.py:130 -     Loading parameters:
2025-09-03 03:28:52,359 - INFO - timeseries_processing.py:131 -         Bands: ['B02', 'B03', 'B04']
2025-09-03 03:28:52,359 - INFO - timeseries_processing.py:132 -         Spatial resolution: 10
2025-09-03 03:28:52,359 - INFO - timeseries_processing.py:134 -         Get Assets from STAC Items
2025-09-03 03:28:52,359 - INFO - timeseries_processing.py:47 -         Initialize the STAC client
2025-09-03 03:28:52,926 - INFO - timeseries_processing.py:137 -         Loading 16 STAC Items....
2025-09-03 03:30:26,328 - INFO - timeseries_processing.py:146 -         Cube has been downloaded
2025-09-03 03:30:26,328 - INFO - timeseries_processing.py:149 -         Reproject to downsample 10m bands to 20m by Resampling.average 2x2 binning and shape matching with odc.geo.GeoBox
2025-09-03 03:30:33,673 - INFO - timeseries_processing.py:161 -         Append bands to the band-list of EPSG:32634
2025-09-03 03:30:33,673 - INFO - timeseries_processing.py:165 -                        
2025-09-03 03:30:33,673 - INFO - timeseries_processing.py:166 -     Merging bands in a single dataset
2025-09-03 03:30:33,673 - INFO - timeseries_processing.py:167 -     Ensure all partial datasets are at (x=20, y=-20) resolution
2025-09-03 03:30:33,675 - INFO - timeseries_processing.py:171 -     Clip to the intersection of indexes
2025-09-03 03:30:35,107 - INFO - timeseries_processing.py:180 -     Make a list of bands to merge
2025-09-03 03:30:35,116 - INFO - timeseries_processing.py:184 -     Merge on intersection
2025-09-03 03:30:35,118 - INFO - timeseries_processing.py:192 -     Apply masks on clouds, shadows, thin cirrus, and snow/ice
2025-09-03 03:30:35,118 - INFO - sentinel2.py:122 -                Masking bits: [3, 7, 8, 9, 10, 11]
2025-09-03 03:30:35,809 - INFO - composites.py:307 - Reproject from UTM Zone to Tile geometry -> CRS(EPSG:32634), Resampling.bilinear
2025-09-03 03:30:39,355 - INFO - composites.py:310 -     New shape of datasets: Shape2d(x=2400, y=2400)
2025-09-03 03:30:39,893 - INFO - composites.py:329 - Scale SR to Sen2Cor Baseline 4.00 - Subtract 1000 in dates post 2022-01-25
2025-09-03 03:30:40,624 - INFO - composites.py:342 - Creating preview plot of input scenes
2025-09-03 03:31:03,051 - INFO - timeseries_processing.py:349 - Saved preview for 'B04' to //nas-rs.topo.auth.gr/Latomeia/DROUGHT/composites/x09/y11/2025/03/01/S2L2A_medcomp_x09y11_202503_InDataPreview.jpeg
2025-09-03 03:31:03,056 - INFO - composites.py:348 - Clip value range
2025-09-03 03:31:04,044 - INFO - composites.py:353 -                           
2025-09-03 03:31:04,044 - INFO - composites.py:354 - Computing spectral indices:
2025-09-03 03:31:04,044 - INFO - composites.py:357 -     EVI...
2025-09-03 03:31:04,607 - INFO - composites.py:359 -     NDVI...
2025-09-03 03:31:04,849 - INFO - composites.py:361 -     PSRI2...
2025-09-03 03:31:05,047 - INFO - composites.py:364 - Clip to typical value range
2025-09-03 03:31:05,238 - INFO - composites.py:371 - Reducing to median value temporal composite
2025-09-03 03:31:28,777 - INFO - composites.py:390 - Scale and Define data types & nodata per band
2025-09-03 03:31:28,930 - INFO - composites.py:411 - Assign time range and tile ID in metadata
2025-09-03 03:31:28,930 - INFO - composites.py:419 - Write bands to raster COG files
2025-09-03 03:31:32,725 - INFO - composites.py:432 - Write B02 -> //nas-rs.topo.auth.gr/Latomeia/DROUGHT/composites/x09/y11/2025/03/01/S2L2A_medcomp_x09y11_202503_B02.tif
2025-09-03 03:31:36,611 - INFO - composites.py:432 - Write B03 -> //nas-rs.topo.auth.gr/Latomeia/DROUGHT/composites/x09/y11/2025/03/01/S2L2A_medcomp_x09y11_202503_B03.tif
2025-09-03 03:31:41,070 - INFO - composites.py:432 - Write B04 -> //nas-rs.topo.auth.gr/Latomeia/DROUGHT/composites/x09/y11/2025/03/01/S2L2A_medcomp_x09y11_202503_B04.tif
2025-09-03 03:31:44,957 - INFO - composites.py:432 - Write B05 -> //nas-rs.topo.auth.gr/Latomeia/DROUGHT/composites/x09/y11/2025/03/01/S2L2A_medcomp_x09y11_202503_B05.tif
2025-09-03 03:31:48,785 - INFO - composites.py:432 - Write B07 -> //nas-rs.topo.auth.gr/Latomeia/DROUGHT/composites/x09/y11/2025/03/01/S2L2A_medcomp_x09y11_202503_B07.tif
2025-09-03 03:31:52,619 - INFO - composites.py:432 - Write B8A -> //nas-rs.topo.auth.gr/Latomeia/DROUGHT/composites/x09/y11/2025/03/01/S2L2A_medcomp_x09y11_202503_B8A.tif
2025-09-03 03:31:56,453 - INFO - composites.py:432 - Write EVI -> //nas-rs.topo.auth.gr/Latomeia/DROUGHT/composites/x09/y11/2025/03/01/S2L2A_medcomp_x09y11_202503_EVI.tif
2025-09-03 03:32:00,341 - INFO - composites.py:432 - Write NDVI -> //nas-rs.topo.auth.gr/Latomeia/DROUGHT/composites/x09/y11/2025/03/01/S2L2A_medcomp_x09y11_202503_NDVI.tif
2025-09-03 03:32:04,060 - INFO - composites.py:432 - Write PSRI2 -> //nas-rs.topo.auth.gr/Latomeia/DROUGHT/composites/x09/y11/2025/03/01/S2L2A_medcomp_x09y11_202503_PSRI2.tif
2025-09-03 03:32:04,060 - INFO - composites.py:436 - Prepare metadata YAML document
2025-09-03 03:32:04,541 - INFO - composites.py:458 - Write metadata YAML document to disk
2025-09-03 03:32:04,566 - INFO - composites.py:463 - Create datacube.model.Dataset from eo3 metadata
2025-09-03 03:32:04,578 - INFO - composites.py:476 - Index to datacube
2025-09-03 03:32:04,578 - INFO - _datasets.py:191 - Indexing b359d0d1-35d2-418c-b04c-b53af3a6a36d
2025-09-03 03:32:04,587 - INFO - composites.py:479 - 
2025-09-03 03:32:04,587 - INFO - composites.py:480 -              ✔✔✔ COMPLETED: Tile x09_y11 | Time: 2025-03 | In 5.56 minutes
2025-09-03 03:32:04,587 - INFO - composites.py:481 - 
2025-09-03 03:32:04,587 - INFO - composites.py:489 - Closing Dask client
2025-09-03 03:32:04,588 - INFO - composites.py:493 - Closing Dask cluster
2025-09-03 03:32:04,588 - INFO - composites.py:494 - #######################################################################
