2025-12-01 02:32:27,231 - INFO - composites.py:102 - #######################################################################
2025-12-01 02:32:27,231 - INFO - composites.py:104 - Processing started
2025-12-01 02:32:27,231 - INFO - composites.py:105 -         Tile: x07_y12
2025-12-01 02:32:27,231 - INFO - composites.py:106 -         Time: 2023-05
2025-12-01 02:32:27,231 - INFO - composites.py:109 -                           
2025-12-01 02:32:27,231 - INFO - composites.py:110 - Establishing connection to datacube
2025-12-01 02:32:27,745 - INFO - composites.py:113 -                           
2025-12-01 02:32:27,745 - INFO - composites.py:114 - Sanity test: Check if dataset already exists in the datacube
2025-12-01 02:32:27,768 - INFO - composites.py:133 - The composite requested was not found and it will be computed
2025-12-01 02:32:27,768 - INFO - composites.py:136 -                                  
2025-12-01 02:32:27,768 - INFO - composites.py:137 - Initializing Dask cluster for parallelization
2025-12-01 02:32:32,887 - INFO - composites.py:161 - Dask dashboard is available at: http://127.0.0.1:8787/status
2025-12-01 02:32:32,888 - INFO - composites.py:164 - Create directories and naming conversions
2025-12-01 02:32:32,899 - INFO - composites.py:177 - Dataset location: //nas-rs.topo.auth.gr/Latomeia/DROUGHT/composites/x07/y12/2023/05/01
2025-12-01 02:32:32,899 - INFO - composites.py:180 -                           
2025-12-01 02:32:32,901 - INFO - composites.py:181 - Retrieve tile geometry
2025-12-01 02:32:32,933 - INFO - composites.py:192 - Create the Bounding Box (φ,λ)
2025-12-01 02:32:32,933 - INFO - composites.py:198 - Create the Bounding Box (x,y)
2025-12-01 02:32:32,933 - INFO - composites.py:211 -                           
2025-12-01 02:32:32,933 - INFO - composites.py:212 - Connect to Planetary Computer STAC Catalog
2025-12-01 02:32:33,262 - INFO - composites.py:220 - Search the STAC Catalog
2025-12-01 02:32:33,336 - INFO - composites.py:232 -         Query parameters:
2025-12-01 02:32:33,336 - INFO - composites.py:233 -             url:          https://planetarycomputer.microsoft.com/api/stac/v1/search
2025-12-01 02:32:33,336 - INFO - composites.py:234 -             client:       microsoft-pc
2025-12-01 02:32:33,336 - INFO - composites.py:235 -             collection:   sentinel-2-l2a
2025-12-01 02:32:33,339 - INFO - composites.py:236 -             bbox:         (20.999765686564626, 38.787881790199634, 21.67096534182257, 39.332009850489634)
2025-12-01 02:32:33,339 - INFO - composites.py:237 -             time range:   2023-05-01T00:00:00Z/2023-05-31T23:59:59Z
2025-12-01 02:32:33,339 - INFO - composites.py:238 -             cloud cover:  0% - 70%
2025-12-01 02:32:33,339 - INFO - composites.py:239 -             nodata cover: 0% - 33%
2025-12-01 02:32:33,339 - INFO - composites.py:241 -                           
2025-12-01 02:32:33,339 - INFO - composites.py:242 - Searching...
2025-12-01 02:32:33,791 - INFO - composites.py:245 - Query found 26 items
2025-12-01 02:32:33,791 - INFO - composites.py:247 - Searching for GRI REFINED scenes:
2025-12-01 02:32:38,967 - INFO - sentinel2.py:78 - 1/26 - S2A_MSIL2A_20230531T093041_R136_T34SDJ_20240908T140335 -> REFINED
2025-12-01 02:32:44,548 - INFO - sentinel2.py:78 - 2/26 - S2A_MSIL2A_20230531T093041_R136_T34SDJ_20230531T173122 -> REFINED
2025-12-01 02:32:50,173 - INFO - sentinel2.py:78 - 3/26 - S2A_MSIL2A_20230531T093041_R136_T34SDH_20240908T140335 -> REFINED
2025-12-01 02:32:55,856 - INFO - sentinel2.py:78 - 4/26 - S2A_MSIL2A_20230531T093041_R136_T34SDH_20230531T163100 -> REFINED
2025-12-01 02:33:02,215 - INFO - sentinel2.py:78 - 5/26 - S2A_MSIL2A_20230528T092031_R093_T34SEH_20240908T070358 -> REFINED
2025-12-01 02:33:07,354 - INFO - sentinel2.py:78 - 6/26 - S2A_MSIL2A_20230528T092031_R093_T34SEH_20230528T154844 -> REFINED
2025-12-01 02:33:13,360 - INFO - sentinel2.py:78 - 7/26 - S2A_MSIL2A_20230528T092031_R093_T34SDH_20240908T070358 -> REFINED
2025-12-01 02:33:19,132 - INFO - sentinel2.py:78 - 8/26 - S2A_MSIL2A_20230528T092031_R093_T34SDH_20230528T152445 -> REFINED
2025-12-01 02:33:25,241 - INFO - sentinel2.py:78 - 9/26 - S2B_MSIL2A_20230526T092559_R136_T34SDJ_20240907T032249 -> REFINED
2025-12-01 02:33:30,435 - INFO - sentinel2.py:78 - 10/26 - S2B_MSIL2A_20230526T092559_R136_T34SDJ_20230526T131650 -> REFINED
2025-12-01 02:33:36,595 - INFO - sentinel2.py:78 - 11/26 - S2B_MSIL2A_20230526T092559_R136_T34SDH_20240907T032249 -> REFINED
2025-12-01 02:33:42,146 - INFO - sentinel2.py:78 - 12/26 - S2B_MSIL2A_20230526T092559_R136_T34SDH_20230526T131541 -> REFINED
2025-12-01 02:33:47,223 - INFO - sentinel2.py:78 - 13/26 - S2B_MSIL2A_20230523T091559_R093_T34SEJ_20240907T095759 -> REFINED
2025-12-01 02:33:52,717 - INFO - sentinel2.py:78 - 14/26 - S2B_MSIL2A_20230523T091559_R093_T34SEJ_20230523T134218 -> REFINED
2025-12-01 02:33:58,686 - INFO - sentinel2.py:78 - 15/26 - S2B_MSIL2A_20230523T091559_R093_T34SEH_20240907T095759 -> REFINED
2025-12-01 02:34:04,126 - INFO - sentinel2.py:78 - 16/26 - S2B_MSIL2A_20230523T091559_R093_T34SEH_20230523T162100 -> REFINED
2025-12-01 02:34:09,570 - INFO - sentinel2.py:78 - 17/26 - S2B_MSIL2A_20230523T091559_R093_T34SDH_20240907T095759 -> REFINED
2025-12-01 02:34:15,587 - INFO - sentinel2.py:78 - 18/26 - S2B_MSIL2A_20230523T091559_R093_T34SDH_20230523T135505 -> REFINED
2025-12-01 02:34:21,494 - INFO - sentinel2.py:78 - 19/26 - S2A_MSIL2A_20230518T092031_R093_T34SEJ_20230518T173757 -> REFINED
2025-12-01 02:34:27,678 - INFO - sentinel2.py:78 - 20/26 - S2A_MSIL2A_20230518T092031_R093_T34SEH_20230518T173408 -> REFINED
2025-12-01 02:34:34,132 - INFO - sentinel2.py:78 - 21/26 - S2A_MSIL2A_20230518T092031_R093_T34SDH_20230518T173651 -> REFINED
2025-12-01 02:34:40,212 - INFO - sentinel2.py:78 - 22/26 - S2B_MSIL2A_20230516T092559_R136_T34SDJ_20230516T140030 -> REFINED
2025-12-01 02:34:46,396 - INFO - sentinel2.py:78 - 23/26 - S2B_MSIL2A_20230516T092559_R136_T34SDH_20230516T134945 -> REFINED
2025-12-01 02:34:52,168 - INFO - sentinel2.py:78 - 24/26 - S2B_MSIL2A_20230506T092549_R136_T34SDJ_20240902T024847 -> REFINED
2025-12-01 02:34:58,221 - INFO - sentinel2.py:78 - 25/26 - S2B_MSIL2A_20230506T092549_R136_T34SDJ_20230506T142934 -> REFINED
2025-12-01 02:35:03,734 - INFO - sentinel2.py:78 - 26/26 - S2B_MSIL2A_20230506T092549_R136_T34SDH_20230506T131648 -> REFINED
2025-12-01 02:35:03,787 - INFO - composites.py:250 -                                  
2025-12-01 02:35:03,787 - INFO - composites.py:251 - 26/26 were refined by GRI.
2025-12-01 02:35:03,787 - INFO - composites.py:263 - Looking for up to 7 cleanest images within spatiotemporal range of each MGRS tile
2025-12-01 02:35:03,787 - INFO - composites.py:277 - Filtered cleanest scenes: Kept 22 out of 26 items. 
2025-12-01 02:35:03,787 - INFO - composites.py:278 -         Included MGRS Tiles: ['34SDH' '34SDJ' '34SEH' '34SEJ']
2025-12-01 02:35:03,791 - INFO - composites.py:279 -         Included EPSG codes: [32634]
2025-12-01 02:35:03,791 - INFO - composites.py:281 - Selected scenes:
2025-12-01 02:35:03,791 - INFO - composites.py:283 -         S2B_MSIL2A_20230523T091559_R093_T34SDH_20240907T095759
2025-12-01 02:35:03,791 - INFO - composites.py:283 -         S2B_MSIL2A_20230523T091559_R093_T34SDH_20230523T135505
2025-12-01 02:35:03,791 - INFO - composites.py:283 -         S2B_MSIL2A_20230506T092549_R136_T34SDH_20230506T131648
2025-12-01 02:35:03,796 - INFO - composites.py:283 -         S2A_MSIL2A_20230518T092031_R093_T34SDH_20230518T173651
2025-12-01 02:35:03,796 - INFO - composites.py:283 -         S2A_MSIL2A_20230528T092031_R093_T34SDH_20240908T070358
2025-12-01 02:35:03,796 - INFO - composites.py:283 -         S2A_MSIL2A_20230528T092031_R093_T34SDH_20230528T152445
2025-12-01 02:35:03,814 - INFO - composites.py:283 -         S2B_MSIL2A_20230526T092559_R136_T34SDH_20230526T131541
2025-12-01 02:35:03,815 - INFO - composites.py:283 -         S2B_MSIL2A_20230506T092549_R136_T34SDJ_20230506T142934
2025-12-01 02:35:03,828 - INFO - composites.py:283 -         S2B_MSIL2A_20230506T092549_R136_T34SDJ_20240902T024847
2025-12-01 02:35:03,828 - INFO - composites.py:283 -         S2A_MSIL2A_20230531T093041_R136_T34SDJ_20230531T173122
2025-12-01 02:35:03,828 - INFO - composites.py:283 -         S2A_MSIL2A_20230531T093041_R136_T34SDJ_20240908T140335
2025-12-01 02:35:03,828 - INFO - composites.py:283 -         S2B_MSIL2A_20230526T092559_R136_T34SDJ_20230526T131650
2025-12-01 02:35:03,829 - INFO - composites.py:283 -         S2B_MSIL2A_20230526T092559_R136_T34SDJ_20240907T032249
2025-12-01 02:35:03,829 - INFO - composites.py:283 -         S2B_MSIL2A_20230516T092559_R136_T34SDJ_20230516T140030
2025-12-01 02:35:03,829 - INFO - composites.py:283 -         S2A_MSIL2A_20230518T092031_R093_T34SEH_20230518T173408
2025-12-01 02:35:03,829 - INFO - composites.py:283 -         S2B_MSIL2A_20230523T091559_R093_T34SEH_20240907T095759
2025-12-01 02:35:03,829 - INFO - composites.py:283 -         S2B_MSIL2A_20230523T091559_R093_T34SEH_20230523T162100
2025-12-01 02:35:03,829 - INFO - composites.py:283 -         S2A_MSIL2A_20230528T092031_R093_T34SEH_20240908T070358
2025-12-01 02:35:03,829 - INFO - composites.py:283 -         S2A_MSIL2A_20230528T092031_R093_T34SEH_20230528T154844
2025-12-01 02:35:03,829 - INFO - composites.py:283 -         S2B_MSIL2A_20230523T091559_R093_T34SEJ_20230523T134218
2025-12-01 02:35:03,829 - INFO - composites.py:283 -         S2B_MSIL2A_20230523T091559_R093_T34SEJ_20240907T095759
2025-12-01 02:35:03,829 - INFO - composites.py:283 -         S2A_MSIL2A_20230518T092031_R093_T34SEJ_20230518T173757
2025-12-01 02:35:04,184 - INFO - sentinel2.py:154 - Matplotlib backend: Agg
2025-12-01 02:35:04,519 - INFO - sentinel2.py:224 - Write input scenes footprint overlay: //nas-rs.topo.auth.gr/Latomeia/DROUGHT/composites/x07/y12/2023/05/01/S2L2A_medcomp_x07y12_202305_InDataFootprint.jpeg
2025-12-01 02:35:04,749 - INFO - composites.py:297 -                                  
2025-12-01 02:35:04,749 - INFO - composites.py:298 - Downstream STAC items from Planetary Computer
2025-12-01 02:35:04,749 - INFO - timeseries_processing.py:115 -                                  
2025-12-01 02:35:04,749 - INFO - timeseries_processing.py:116 - Loading bands of diferent resolutions in EPSG:32634
2025-12-01 02:35:04,749 - INFO - timeseries_processing.py:120 -     Filtering items with native UTM EPSG:32634
2025-12-01 02:35:04,749 - INFO - timeseries_processing.py:122 -     22 Items in EPSG:32634
2025-12-01 02:35:04,749 - INFO - timeseries_processing.py:129 -                        
2025-12-01 02:35:04,749 - INFO - timeseries_processing.py:130 -     Loading parameters:
2025-12-01 02:35:04,749 - INFO - timeseries_processing.py:131 -         Bands: ['B05', 'B07', 'B8A', 'SCL']
2025-12-01 02:35:04,749 - INFO - timeseries_processing.py:132 -         Spatial resolution: 20
2025-12-01 02:35:04,749 - INFO - timeseries_processing.py:134 -         Get Assets from STAC Items
2025-12-01 02:35:04,749 - INFO - timeseries_processing.py:47 -         Initialize the STAC client
2025-12-01 02:35:05,407 - INFO - timeseries_processing.py:137 -         Loading 22 STAC Items....
2025-12-01 02:36:16,273 - INFO - timeseries_processing.py:146 -         Cube has been downloaded
2025-12-01 02:36:16,273 - INFO - timeseries_processing.py:156 -         Fix order of dimensions
2025-12-01 02:36:16,280 - INFO - timeseries_processing.py:161 -         Append bands to the band-list of EPSG:32634
2025-12-01 02:36:16,280 - INFO - timeseries_processing.py:129 -                        
2025-12-01 02:36:16,280 - INFO - timeseries_processing.py:130 -     Loading parameters:
2025-12-01 02:36:16,280 - INFO - timeseries_processing.py:131 -         Bands: ['B02', 'B03', 'B04']
2025-12-01 02:36:16,280 - INFO - timeseries_processing.py:132 -         Spatial resolution: 10
2025-12-01 02:36:16,280 - INFO - timeseries_processing.py:134 -         Get Assets from STAC Items
2025-12-01 02:36:16,280 - INFO - timeseries_processing.py:47 -         Initialize the STAC client
2025-12-01 02:36:16,804 - INFO - timeseries_processing.py:137 -         Loading 22 STAC Items....
2025-12-01 02:39:11,464 - INFO - timeseries_processing.py:146 -         Cube has been downloaded
2025-12-01 02:39:11,468 - INFO - timeseries_processing.py:149 -         Reproject to downsample 10m bands to 20m by Resampling.average 2x2 binning and shape matching with odc.geo.GeoBox
2025-12-01 02:39:19,820 - INFO - timeseries_processing.py:161 -         Append bands to the band-list of EPSG:32634
2025-12-01 02:39:19,820 - INFO - timeseries_processing.py:165 -                        
2025-12-01 02:39:19,820 - INFO - timeseries_processing.py:166 -     Merging bands in a single dataset
2025-12-01 02:39:19,820 - INFO - timeseries_processing.py:167 -     Ensure all partial datasets are at (x=20, y=-20) resolution
2025-12-01 02:39:19,820 - INFO - timeseries_processing.py:171 -     Clip to the intersection of indexes
2025-12-01 02:39:20,847 - INFO - timeseries_processing.py:180 -     Make a list of bands to merge
2025-12-01 02:39:20,847 - INFO - timeseries_processing.py:184 -     Merge on intersection
2025-12-01 02:39:20,850 - INFO - timeseries_processing.py:192 -     Apply masks on clouds, shadows, thin cirrus, and snow/ice
2025-12-01 02:39:20,850 - INFO - sentinel2.py:122 -                Masking bits: [3, 7, 8, 9, 10, 11]
2025-12-01 02:39:21,667 - INFO - composites.py:307 - Reproject from UTM Zone to Tile geometry -> CRS(EPSG:32634), Resampling.bilinear
2025-12-01 02:39:26,276 - INFO - composites.py:310 -     New shape of datasets: Shape2d(x=2400, y=2400)
2025-12-01 02:39:26,919 - INFO - composites.py:329 - Scale SR to Sen2Cor Baseline 4.00 - Subtract 1000 in dates post 2022-01-25
2025-12-01 02:39:28,049 - INFO - composites.py:342 - Creating preview plot of input scenes
2025-12-01 02:39:54,678 - INFO - timeseries_processing.py:349 - Saved preview for 'B04' to //nas-rs.topo.auth.gr/Latomeia/DROUGHT/composites/x07/y12/2023/05/01/S2L2A_medcomp_x07y12_202305_InDataPreview.jpeg
2025-12-01 02:39:54,683 - INFO - composites.py:348 - Clip value range
2025-12-01 02:39:55,965 - INFO - composites.py:353 -                           
2025-12-01 02:39:55,965 - INFO - composites.py:354 - Computing spectral indices:
2025-12-01 02:39:55,965 - INFO - composites.py:357 -     EVI...
2025-12-01 02:39:56,867 - INFO - composites.py:359 -     NDVI...
2025-12-01 02:39:57,197 - INFO - composites.py:361 -     PSRI2...
2025-12-01 02:39:57,426 - INFO - composites.py:364 - Clip to typical value range
2025-12-01 02:39:57,653 - INFO - composites.py:371 - Reducing to median value temporal composite
2025-12-01 02:40:15,057 - INFO - composites.py:390 - Scale and Define data types & nodata per band
2025-12-01 02:40:15,234 - INFO - composites.py:411 - Assign time range and tile ID in metadata
2025-12-01 02:40:15,234 - INFO - composites.py:419 - Write bands to raster COG files
2025-12-01 02:40:19,010 - INFO - composites.py:432 - Write B02 -> //nas-rs.topo.auth.gr/Latomeia/DROUGHT/composites/x07/y12/2023/05/01/S2L2A_medcomp_x07y12_202305_B02.tif
2025-12-01 02:40:22,763 - INFO - composites.py:432 - Write B03 -> //nas-rs.topo.auth.gr/Latomeia/DROUGHT/composites/x07/y12/2023/05/01/S2L2A_medcomp_x07y12_202305_B03.tif
2025-12-01 02:40:26,522 - INFO - composites.py:432 - Write B04 -> //nas-rs.topo.auth.gr/Latomeia/DROUGHT/composites/x07/y12/2023/05/01/S2L2A_medcomp_x07y12_202305_B04.tif
2025-12-01 02:40:30,318 - INFO - composites.py:432 - Write B05 -> //nas-rs.topo.auth.gr/Latomeia/DROUGHT/composites/x07/y12/2023/05/01/S2L2A_medcomp_x07y12_202305_B05.tif
2025-12-01 02:40:34,115 - INFO - composites.py:432 - Write B07 -> //nas-rs.topo.auth.gr/Latomeia/DROUGHT/composites/x07/y12/2023/05/01/S2L2A_medcomp_x07y12_202305_B07.tif
2025-12-01 02:40:37,938 - INFO - composites.py:432 - Write B8A -> //nas-rs.topo.auth.gr/Latomeia/DROUGHT/composites/x07/y12/2023/05/01/S2L2A_medcomp_x07y12_202305_B8A.tif
2025-12-01 02:40:42,083 - INFO - composites.py:432 - Write EVI -> //nas-rs.topo.auth.gr/Latomeia/DROUGHT/composites/x07/y12/2023/05/01/S2L2A_medcomp_x07y12_202305_EVI.tif
2025-12-01 02:40:45,880 - INFO - composites.py:432 - Write NDVI -> //nas-rs.topo.auth.gr/Latomeia/DROUGHT/composites/x07/y12/2023/05/01/S2L2A_medcomp_x07y12_202305_NDVI.tif
2025-12-01 02:40:49,601 - INFO - composites.py:432 - Write PSRI2 -> //nas-rs.topo.auth.gr/Latomeia/DROUGHT/composites/x07/y12/2023/05/01/S2L2A_medcomp_x07y12_202305_PSRI2.tif
2025-12-01 02:40:49,607 - INFO - composites.py:436 - Prepare metadata YAML document
2025-12-01 02:40:50,115 - INFO - composites.py:458 - Write metadata YAML document to disk
2025-12-01 02:40:50,139 - INFO - composites.py:463 - Create datacube.model.Dataset from eo3 metadata
2025-12-01 02:40:50,151 - INFO - composites.py:476 - Index to datacube
2025-12-01 02:40:50,153 - INFO - _datasets.py:191 - Indexing 73a8ea50-0cac-4db1-8ba7-d3ea6efa70d2
2025-12-01 02:40:50,162 - INFO - composites.py:479 - 
2025-12-01 02:40:50,162 - INFO - composites.py:480 -              ✔✔✔ COMPLETED: Tile x07_y12 | Time: 2023-05 | In 8.38 minutes
2025-12-01 02:40:50,162 - INFO - composites.py:481 - 
2025-12-01 02:40:50,162 - INFO - composites.py:489 - Closing Dask client
2025-12-01 02:40:50,165 - INFO - composites.py:493 - Closing Dask cluster
2025-12-01 02:40:50,167 - INFO - composites.py:494 - #######################################################################
