2025-09-04 23:48:38,600 - INFO - composites.py:102 - #######################################################################
2025-09-04 23:48:38,600 - INFO - composites.py:104 - Processing started
2025-09-04 23:48:38,600 - INFO - composites.py:105 -         Tile: x09_y10
2025-09-04 23:48:38,600 - INFO - composites.py:106 -         Time: 2025-09
2025-09-04 23:48:38,600 - INFO - composites.py:109 -                           
2025-09-04 23:48:38,600 - INFO - composites.py:110 - Establishing connection to datacube
2025-09-04 23:48:39,281 - INFO - composites.py:113 -                           
2025-09-04 23:48:39,282 - INFO - composites.py:114 - Sanity test: Check if dataset already exists in the datacube
2025-09-04 23:48:39,306 - INFO - composites.py:133 - The composite requested was not found and it will be computed
2025-09-04 23:48:39,307 - INFO - composites.py:136 -                                  
2025-09-04 23:48:39,307 - INFO - composites.py:137 - Initializing Dask cluster for parallelization
2025-09-04 23:48:44,847 - INFO - composites.py:161 - Dask dashboard is available at: http://127.0.0.1:8787/status
2025-09-04 23:48:44,848 - INFO - composites.py:164 - Create directories and naming conversions
2025-09-04 23:48:44,860 - INFO - composites.py:177 - Dataset location: //nas-rs.topo.auth.gr/Latomeia/DROUGHT/composites/x09/y10/2025/09/01
2025-09-04 23:48:44,860 - INFO - composites.py:180 -                           
2025-09-04 23:48:44,860 - INFO - composites.py:181 - Retrieve tile geometry
2025-09-04 23:48:44,894 - INFO - composites.py:192 - Create the Bounding Box (φ,λ)
2025-09-04 23:48:44,894 - INFO - composites.py:198 - Create the Bounding Box (x,y)
2025-09-04 23:48:44,894 - INFO - composites.py:211 -                           
2025-09-04 23:48:44,894 - INFO - composites.py:212 - Connect to Planetary Computer STAC Catalog
2025-09-04 23:48:45,146 - INFO - composites.py:220 - Search the STAC Catalog
2025-09-04 23:48:45,248 - INFO - composites.py:232 -         Query parameters:
2025-09-04 23:48:45,248 - INFO - composites.py:233 -             url:          https://planetarycomputer.microsoft.com/api/stac/v1/search
2025-09-04 23:48:45,248 - INFO - composites.py:234 -             client:       microsoft-pc
2025-09-04 23:48:45,248 - INFO - composites.py:235 -             collection:   sentinel-2-l2a
2025-09-04 23:48:45,248 - INFO - composites.py:236 -             bbox:         (21.934886085480986, 37.792474572166405, 22.60144615074973, 38.34135632905737)
2025-09-04 23:48:45,248 - INFO - composites.py:237 -             time range:   2025-09-01T00:00:00Z/2025-09-30T23:59:59Z
2025-09-04 23:48:45,248 - INFO - composites.py:238 -             cloud cover:  0% - 70%
2025-09-04 23:48:45,248 - INFO - composites.py:239 -             nodata cover: 0% - 33%
2025-09-04 23:48:45,248 - INFO - composites.py:241 -                           
2025-09-04 23:48:45,248 - INFO - composites.py:242 - Searching...
2025-09-04 23:48:45,632 - INFO - composites.py:245 - Query found 6 items
2025-09-04 23:48:45,632 - INFO - composites.py:247 - Searching for GRI REFINED scenes:
2025-09-04 23:48:48,763 - INFO - sentinel2.py:78 - 1/6 - S2C_MSIL2A_20250904T092051_R093_T34SFH_20250904T131114 -> REFINED
2025-09-04 23:48:53,271 - INFO - sentinel2.py:78 - 2/6 - S2C_MSIL2A_20250904T092051_R093_T34SFG_20250904T131114 -> REFINED
2025-09-04 23:49:04,727 - INFO - sentinel2.py:78 - 3/6 - S2C_MSIL2A_20250904T092051_R093_T34SEH_20250904T131114 -> REFINED
2025-09-04 23:49:07,748 - INFO - sentinel2.py:78 - 4/6 - S2C_MSIL2A_20250904T092051_R093_T34SEG_20250904T131114 -> REFINED
2025-09-04 23:49:10,808 - INFO - sentinel2.py:78 - 5/6 - S2A_MSIL2A_20250903T091041_R050_T34SFG_20250903T134304 -> REFINED
2025-09-04 23:49:14,276 - INFO - sentinel2.py:78 - 6/6 - S2C_MSIL2A_20250901T090611_R050_T34SFG_20250901T130718 -> REFINED
2025-09-04 23:49:14,301 - INFO - composites.py:250 -                                  
2025-09-04 23:49:14,302 - INFO - composites.py:251 - 6/6 were refined by GRI.
2025-09-04 23:49:14,302 - INFO - composites.py:263 - Looking for up to 8 cleanest images within spatiotemporal range of each MGRS tile
2025-09-04 23:49:14,302 - INFO - composites.py:277 - Filtered cleanest scenes: Kept 6 out of 6 items. 
2025-09-04 23:49:14,302 - INFO - composites.py:278 -         Included MGRS Tiles: ['34SEG' '34SEH' '34SFG' '34SFH']
2025-09-04 23:49:14,302 - INFO - composites.py:279 -         Included EPSG codes: [32634]
2025-09-04 23:49:14,302 - INFO - composites.py:281 - Selected scenes:
2025-09-04 23:49:14,303 - INFO - composites.py:283 -         S2C_MSIL2A_20250904T092051_R093_T34SEG_20250904T131114
2025-09-04 23:49:14,303 - INFO - composites.py:283 -         S2C_MSIL2A_20250904T092051_R093_T34SEH_20250904T131114
2025-09-04 23:49:14,303 - INFO - composites.py:283 -         S2A_MSIL2A_20250903T091041_R050_T34SFG_20250903T134304
2025-09-04 23:49:14,323 - INFO - composites.py:283 -         S2C_MSIL2A_20250901T090611_R050_T34SFG_20250901T130718
2025-09-04 23:49:14,328 - INFO - composites.py:283 -         S2C_MSIL2A_20250904T092051_R093_T34SFG_20250904T131114
2025-09-04 23:49:14,328 - INFO - composites.py:283 -         S2C_MSIL2A_20250904T092051_R093_T34SFH_20250904T131114
2025-09-04 23:49:14,703 - INFO - sentinel2.py:154 - Matplotlib backend: Agg
2025-09-04 23:49:14,922 - INFO - sentinel2.py:224 - Write input scenes footprint overlay: //nas-rs.topo.auth.gr/Latomeia/DROUGHT/composites/x09/y10/2025/09/01/S2L2A_medcomp_x09y10_202509_InDataFootprint.jpeg
2025-09-04 23:49:15,086 - INFO - composites.py:297 -                                  
2025-09-04 23:49:15,088 - INFO - composites.py:298 - Downstream STAC items from Planetary Computer
2025-09-04 23:49:15,088 - INFO - timeseries_processing.py:115 -                                  
2025-09-04 23:49:15,088 - INFO - timeseries_processing.py:116 - Loading bands of diferent resolutions in EPSG:32634
2025-09-04 23:49:15,088 - INFO - timeseries_processing.py:120 -     Filtering items with native UTM EPSG:32634
2025-09-04 23:49:15,088 - INFO - timeseries_processing.py:122 -     6 Items in EPSG:32634
2025-09-04 23:49:15,088 - INFO - timeseries_processing.py:129 -                        
2025-09-04 23:49:15,088 - INFO - timeseries_processing.py:130 -     Loading parameters:
2025-09-04 23:49:15,088 - INFO - timeseries_processing.py:131 -         Bands: ['B05', 'B07', 'B8A', 'SCL']
2025-09-04 23:49:15,088 - INFO - timeseries_processing.py:132 -         Spatial resolution: 20
2025-09-04 23:49:15,088 - INFO - timeseries_processing.py:134 -         Get Assets from STAC Items
2025-09-04 23:49:15,088 - INFO - timeseries_processing.py:47 -         Initialize the STAC client
2025-09-04 23:49:15,556 - INFO - timeseries_processing.py:137 -         Loading 6 STAC Items....
2025-09-04 23:49:41,493 - INFO - timeseries_processing.py:146 -         Cube has been downloaded
2025-09-04 23:49:41,493 - INFO - timeseries_processing.py:156 -         Fix order of dimensions
2025-09-04 23:49:41,494 - INFO - timeseries_processing.py:161 -         Append bands to the band-list of EPSG:32634
2025-09-04 23:49:41,494 - INFO - timeseries_processing.py:129 -                        
2025-09-04 23:49:41,494 - INFO - timeseries_processing.py:130 -     Loading parameters:
2025-09-04 23:49:41,495 - INFO - timeseries_processing.py:131 -         Bands: ['B02', 'B03', 'B04']
2025-09-04 23:49:41,495 - INFO - timeseries_processing.py:132 -         Spatial resolution: 10
2025-09-04 23:49:41,495 - INFO - timeseries_processing.py:134 -         Get Assets from STAC Items
2025-09-04 23:49:41,495 - INFO - timeseries_processing.py:47 -         Initialize the STAC client
2025-09-04 23:49:41,953 - INFO - timeseries_processing.py:137 -         Loading 6 STAC Items....
2025-09-04 23:50:29,098 - INFO - timeseries_processing.py:146 -         Cube has been downloaded
2025-09-04 23:50:29,098 - INFO - timeseries_processing.py:149 -         Reproject to downsample 10m bands to 20m by Resampling.average 2x2 binning and shape matching with odc.geo.GeoBox
2025-09-04 23:50:32,994 - INFO - timeseries_processing.py:161 -         Append bands to the band-list of EPSG:32634
2025-09-04 23:50:32,994 - INFO - timeseries_processing.py:165 -                        
2025-09-04 23:50:32,994 - INFO - timeseries_processing.py:166 -     Merging bands in a single dataset
2025-09-04 23:50:32,994 - INFO - timeseries_processing.py:167 -     Ensure all partial datasets are at (x=20, y=-20) resolution
2025-09-04 23:50:32,994 - INFO - timeseries_processing.py:171 -     Clip to the intersection of indexes
2025-09-04 23:50:34,172 - INFO - timeseries_processing.py:180 -     Make a list of bands to merge
2025-09-04 23:50:34,173 - INFO - timeseries_processing.py:184 -     Merge on intersection
2025-09-04 23:50:34,174 - INFO - timeseries_processing.py:192 -     Apply masks on clouds, shadows, thin cirrus, and snow/ice
2025-09-04 23:50:34,174 - INFO - sentinel2.py:122 -                Masking bits: [3, 7, 8, 9, 10, 11]
2025-09-04 23:50:34,534 - INFO - composites.py:307 - Reproject from UTM Zone to Tile geometry -> CRS(EPSG:32634), Resampling.bilinear
2025-09-04 23:50:36,565 - INFO - composites.py:310 -     New shape of datasets: Shape2d(x=2400, y=2400)
2025-09-04 23:50:37,070 - INFO - composites.py:329 - Scale SR to Sen2Cor Baseline 4.00 - Subtract 1000 in dates post 2022-01-25
2025-09-04 23:50:37,520 - INFO - composites.py:342 - Creating preview plot of input scenes
2025-09-04 23:50:57,291 - INFO - timeseries_processing.py:349 - Saved preview for 'B04' to //nas-rs.topo.auth.gr/Latomeia/DROUGHT/composites/x09/y10/2025/09/01/S2L2A_medcomp_x09y10_202509_InDataPreview.jpeg
2025-09-04 23:50:57,293 - INFO - composites.py:348 - Clip value range
2025-09-04 23:50:57,882 - INFO - composites.py:353 -                           
2025-09-04 23:50:57,882 - INFO - composites.py:354 - Computing spectral indices:
2025-09-04 23:50:57,882 - INFO - composites.py:357 -     EVI...
2025-09-04 23:50:58,235 - INFO - composites.py:359 -     NDVI...
2025-09-04 23:50:58,362 - INFO - composites.py:361 -     PSRI2...
2025-09-04 23:50:58,442 - INFO - composites.py:364 - Clip to typical value range
2025-09-04 23:50:58,544 - INFO - composites.py:371 - Reducing to median value temporal composite
2025-09-04 23:51:17,335 - INFO - composites.py:390 - Scale and Define data types & nodata per band
2025-09-04 23:51:17,461 - INFO - composites.py:411 - Assign time range and tile ID in metadata
2025-09-04 23:51:17,461 - INFO - composites.py:419 - Write bands to raster COG files
2025-09-04 23:51:21,334 - INFO - composites.py:432 - Write B02 -> //nas-rs.topo.auth.gr/Latomeia/DROUGHT/composites/x09/y10/2025/09/01/S2L2A_medcomp_x09y10_202509_B02.tif
2025-09-04 23:51:25,199 - INFO - composites.py:432 - Write B03 -> //nas-rs.topo.auth.gr/Latomeia/DROUGHT/composites/x09/y10/2025/09/01/S2L2A_medcomp_x09y10_202509_B03.tif
2025-09-04 23:51:29,128 - INFO - composites.py:432 - Write B04 -> //nas-rs.topo.auth.gr/Latomeia/DROUGHT/composites/x09/y10/2025/09/01/S2L2A_medcomp_x09y10_202509_B04.tif
2025-09-04 23:51:33,059 - INFO - composites.py:432 - Write B05 -> //nas-rs.topo.auth.gr/Latomeia/DROUGHT/composites/x09/y10/2025/09/01/S2L2A_medcomp_x09y10_202509_B05.tif
2025-09-04 23:51:36,916 - INFO - composites.py:432 - Write B07 -> //nas-rs.topo.auth.gr/Latomeia/DROUGHT/composites/x09/y10/2025/09/01/S2L2A_medcomp_x09y10_202509_B07.tif
2025-09-04 23:51:40,907 - INFO - composites.py:432 - Write B8A -> //nas-rs.topo.auth.gr/Latomeia/DROUGHT/composites/x09/y10/2025/09/01/S2L2A_medcomp_x09y10_202509_B8A.tif
2025-09-04 23:51:44,770 - INFO - composites.py:432 - Write EVI -> //nas-rs.topo.auth.gr/Latomeia/DROUGHT/composites/x09/y10/2025/09/01/S2L2A_medcomp_x09y10_202509_EVI.tif
2025-09-04 23:51:48,668 - INFO - composites.py:432 - Write NDVI -> //nas-rs.topo.auth.gr/Latomeia/DROUGHT/composites/x09/y10/2025/09/01/S2L2A_medcomp_x09y10_202509_NDVI.tif
2025-09-04 23:51:52,553 - INFO - composites.py:432 - Write PSRI2 -> //nas-rs.topo.auth.gr/Latomeia/DROUGHT/composites/x09/y10/2025/09/01/S2L2A_medcomp_x09y10_202509_PSRI2.tif
2025-09-04 23:51:52,558 - INFO - composites.py:436 - Prepare metadata YAML document
2025-09-04 23:51:52,992 - INFO - composites.py:458 - Write metadata YAML document to disk
2025-09-04 23:51:53,029 - INFO - composites.py:463 - Create datacube.model.Dataset from eo3 metadata
2025-09-04 23:51:53,040 - INFO - composites.py:476 - Index to datacube
2025-09-04 23:51:53,040 - INFO - _datasets.py:191 - Indexing 8c4aec7c-cdb1-4985-b144-6f03fe3637cb
2025-09-04 23:51:53,048 - INFO - composites.py:479 - 
2025-09-04 23:51:53,048 - INFO - composites.py:480 -              ✔✔✔ COMPLETED: Tile x09_y10 | Time: 2025-09 | In 3.24 minutes
2025-09-04 23:51:53,048 - INFO - composites.py:481 - 
2025-09-04 23:51:53,048 - INFO - composites.py:489 - Closing Dask client
2025-09-04 23:51:53,050 - INFO - composites.py:493 - Closing Dask cluster
2025-09-04 23:51:53,050 - INFO - composites.py:494 - #######################################################################
