2025-08-31 04:19:10,596 - INFO - composites.py:102 - #######################################################################
2025-08-31 04:19:10,596 - INFO - composites.py:104 - Processing started
2025-08-31 04:19:10,596 - INFO - composites.py:105 -         Tile: x09_y11
2025-08-31 04:19:10,596 - INFO - composites.py:106 -         Time: 2023-04
2025-08-31 04:19:10,596 - INFO - composites.py:109 -                           
2025-08-31 04:19:10,596 - INFO - composites.py:110 - Establishing connection to datacube
2025-08-31 04:19:11,106 - INFO - composites.py:113 -                           
2025-08-31 04:19:11,107 - INFO - composites.py:114 - Sanity test: Check if dataset already exists in the datacube
2025-08-31 04:19:11,127 - INFO - composites.py:133 - The composite requested was not found and it will be computed
2025-08-31 04:19:11,127 - INFO - composites.py:136 -                                  
2025-08-31 04:19:11,127 - INFO - composites.py:137 - Initializing Dask cluster for parallelization
2025-08-31 04:19:16,117 - INFO - composites.py:161 - Dask dashboard is available at: http://127.0.0.1:8787/status
2025-08-31 04:19:16,117 - INFO - composites.py:164 - Create directories and naming conversions
2025-08-31 04:19:16,128 - INFO - composites.py:177 - Dataset location: //nas-rs.topo.auth.gr/Latomeia/DROUGHT/composites/x09/y11/2023/04/01
2025-08-31 04:19:16,128 - INFO - composites.py:180 -                           
2025-08-31 04:19:16,128 - INFO - composites.py:181 - Retrieve tile geometry
2025-08-31 04:19:16,158 - INFO - composites.py:192 - Create the Bounding Box (φ,λ)
2025-08-31 04:19:16,159 - INFO - composites.py:198 - Create the Bounding Box (x,y)
2025-08-31 04:19:16,159 - INFO - composites.py:211 -                           
2025-08-31 04:19:16,159 - INFO - composites.py:212 - Connect to Planetary Computer STAC Catalog
2025-08-31 04:19:16,449 - INFO - composites.py:220 - Search the STAC Catalog
2025-08-31 04:19:16,516 - INFO - composites.py:232 -         Query parameters:
2025-08-31 04:19:16,516 - INFO - composites.py:233 -             url:          https://planetarycomputer.microsoft.com/api/stac/v1/search
2025-08-31 04:19:16,516 - INFO - composites.py:234 -             client:       microsoft-pc
2025-08-31 04:19:16,516 - INFO - composites.py:235 -             collection:   sentinel-2-l2a
2025-08-31 04:19:16,516 - INFO - composites.py:236 -             bbox:         (22.011426495899283, 38.22146676750315, 22.68270270334575, 38.770538011403985)
2025-08-31 04:19:16,516 - INFO - composites.py:237 -             time range:   2023-04-01T00:00:00Z/2023-04-30T23:59:59Z
2025-08-31 04:19:16,516 - INFO - composites.py:238 -             cloud cover:  0% - 70%
2025-08-31 04:19:16,516 - INFO - composites.py:239 -             nodata cover: 0% - 33%
2025-08-31 04:19:16,516 - INFO - composites.py:241 -                           
2025-08-31 04:19:16,516 - INFO - composites.py:242 - Searching...
2025-08-31 04:19:16,942 - INFO - composites.py:245 - Query found 27 items
2025-08-31 04:19:16,942 - INFO - composites.py:247 - Searching for GRI REFINED scenes:
2025-08-31 04:19:21,701 - INFO - sentinel2.py:78 - 1/27 - S2A_MSIL2A_20230428T092031_R093_T34SFJ_20230428T144253 -> REFINED
2025-08-31 04:19:26,518 - INFO - sentinel2.py:78 - 2/27 - S2A_MSIL2A_20230428T092031_R093_T34SFH_20230428T144815 -> REFINED
2025-08-31 04:19:30,922 - INFO - sentinel2.py:78 - 3/27 - S2A_MSIL2A_20230428T092031_R093_T34SEJ_20230428T154209 -> REFINED
2025-08-31 04:19:35,608 - INFO - sentinel2.py:78 - 4/27 - S2A_MSIL2A_20230428T092031_R093_T34SEH_20230428T144223 -> REFINED
2025-08-31 04:19:40,241 - INFO - sentinel2.py:78 - 5/27 - S2B_MSIL2A_20230423T092029_R093_T34SFJ_20230424T052349 -> REFINED
2025-08-31 04:19:44,797 - INFO - sentinel2.py:78 - 6/27 - S2B_MSIL2A_20230423T092029_R093_T34SFH_20230424T042333 -> REFINED
2025-08-31 04:19:49,106 - INFO - sentinel2.py:78 - 7/27 - S2B_MSIL2A_20230423T092029_R093_T34SEJ_20230424T042529 -> REFINED
2025-08-31 04:19:54,225 - INFO - sentinel2.py:78 - 8/27 - S2B_MSIL2A_20230423T092029_R093_T34SEH_20230424T062449 -> REFINED
2025-08-31 04:19:58,253 - INFO - sentinel2.py:78 - 9/27 - S2A_MSIL2A_20230418T092031_R093_T34SFJ_20240905T193357 -> REFINED
2025-08-31 04:20:03,412 - INFO - sentinel2.py:78 - 10/27 - S2A_MSIL2A_20230418T092031_R093_T34SFJ_20230418T173036 -> REFINED
2025-08-31 04:20:07,499 - INFO - sentinel2.py:78 - 11/27 - S2A_MSIL2A_20230418T092031_R093_T34SFH_20240905T193357 -> REFINED
2025-08-31 04:20:11,698 - INFO - sentinel2.py:78 - 12/27 - S2A_MSIL2A_20230418T092031_R093_T34SFH_20230418T162447 -> REFINED
2025-08-31 04:20:16,868 - INFO - sentinel2.py:78 - 13/27 - S2A_MSIL2A_20230418T092031_R093_T34SEJ_20230418T162500 -> REFINED
2025-08-31 04:20:21,538 - INFO - sentinel2.py:78 - 14/27 - S2A_MSIL2A_20230418T092031_R093_T34SEH_20240905T193357 -> REFINED
2025-08-31 04:20:25,705 - INFO - sentinel2.py:78 - 15/27 - S2A_MSIL2A_20230418T092031_R093_T34SEH_20230418T182402 -> REFINED
2025-08-31 04:20:30,216 - INFO - sentinel2.py:78 - 16/27 - S2B_MSIL2A_20230413T092029_R093_T34SFJ_20240829T164005 -> REFINED
2025-08-31 04:20:35,266 - INFO - sentinel2.py:78 - 17/27 - S2B_MSIL2A_20230413T092029_R093_T34SFJ_20230413T162939 -> REFINED
2025-08-31 04:20:39,400 - INFO - sentinel2.py:78 - 18/27 - S2B_MSIL2A_20230413T092029_R093_T34SFH_20240829T164005 -> REFINED
2025-08-31 04:20:45,905 - INFO - sentinel2.py:78 - 19/27 - S2B_MSIL2A_20230413T092029_R093_T34SFH_20230413T162934 -> REFINED
2025-08-31 04:20:50,556 - INFO - sentinel2.py:78 - 20/27 - S2B_MSIL2A_20230413T092029_R093_T34SEJ_20230413T163721 -> REFINED
2025-08-31 04:20:55,272 - INFO - sentinel2.py:78 - 21/27 - S2B_MSIL2A_20230413T092029_R093_T34SEH_20240829T164005 -> REFINED
2025-08-31 04:21:00,465 - INFO - sentinel2.py:78 - 22/27 - S2B_MSIL2A_20230413T092029_R093_T34SEH_20230414T042354 -> REFINED
2025-08-31 04:21:05,514 - INFO - sentinel2.py:78 - 23/27 - S2A_MSIL2A_20230408T092031_R093_T34SFJ_20240827T212643 -> REFINED
2025-08-31 04:21:09,575 - INFO - sentinel2.py:78 - 24/27 - S2A_MSIL2A_20230408T092031_R093_T34SFJ_20230408T152924 -> REFINED
2025-08-31 04:21:13,600 - INFO - sentinel2.py:78 - 25/27 - S2A_MSIL2A_20230408T092031_R093_T34SEJ_20240827T212643 -> REFINED
2025-08-31 04:21:18,200 - INFO - sentinel2.py:78 - 26/27 - S2A_MSIL2A_20230408T092031_R093_T34SEJ_20230408T152716 -> REFINED
2025-08-31 04:21:22,355 - INFO - sentinel2.py:78 - 27/27 - S2A_MSIL2A_20230408T092031_R093_T34SEH_20230408T152710 -> REFINED
2025-08-31 04:21:22,392 - INFO - composites.py:250 -                                  
2025-08-31 04:21:22,392 - INFO - composites.py:251 - 27/27 were refined by GRI.
2025-08-31 04:21:22,392 - INFO - composites.py:263 - Looking for up to 10 cleanest images within spatiotemporal range of each MGRS tile
2025-08-31 04:21:22,393 - INFO - composites.py:277 - Filtered cleanest scenes: Kept 27 out of 27 items. 
2025-08-31 04:21:22,393 - INFO - composites.py:278 -         Included MGRS Tiles: ['34SEH' '34SEJ' '34SFH' '34SFJ']
2025-08-31 04:21:22,393 - INFO - composites.py:279 -         Included EPSG codes: [32634]
2025-08-31 04:21:22,393 - INFO - composites.py:281 - Selected scenes:
2025-08-31 04:21:22,394 - INFO - composites.py:283 -         S2B_MSIL2A_20230413T092029_R093_T34SEH_20230414T042354
2025-08-31 04:21:22,394 - INFO - composites.py:283 -         S2B_MSIL2A_20230413T092029_R093_T34SEH_20240829T164005
2025-08-31 04:21:22,394 - INFO - composites.py:283 -         S2A_MSIL2A_20230428T092031_R093_T34SEH_20230428T144223
2025-08-31 04:21:22,394 - INFO - composites.py:283 -         S2B_MSIL2A_20230423T092029_R093_T34SEH_20230424T062449
2025-08-31 04:21:22,395 - INFO - composites.py:283 -         S2A_MSIL2A_20230408T092031_R093_T34SEH_20230408T152710
2025-08-31 04:21:22,395 - INFO - composites.py:283 -         S2A_MSIL2A_20230418T092031_R093_T34SEH_20240905T193357
2025-08-31 04:21:22,395 - INFO - composites.py:283 -         S2A_MSIL2A_20230418T092031_R093_T34SEH_20230418T182402
2025-08-31 04:21:22,395 - INFO - composites.py:283 -         S2B_MSIL2A_20230413T092029_R093_T34SEJ_20230413T163721
2025-08-31 04:21:22,395 - INFO - composites.py:283 -         S2A_MSIL2A_20230428T092031_R093_T34SEJ_20230428T154209
2025-08-31 04:21:22,395 - INFO - composites.py:283 -         S2B_MSIL2A_20230423T092029_R093_T34SEJ_20230424T042529
2025-08-31 04:21:22,395 - INFO - composites.py:283 -         S2A_MSIL2A_20230408T092031_R093_T34SEJ_20240827T212643
2025-08-31 04:21:22,395 - INFO - composites.py:283 -         S2A_MSIL2A_20230408T092031_R093_T34SEJ_20230408T152716
2025-08-31 04:21:22,395 - INFO - composites.py:283 -         S2A_MSIL2A_20230418T092031_R093_T34SEJ_20230418T162500
2025-08-31 04:21:22,395 - INFO - composites.py:283 -         S2B_MSIL2A_20230413T092029_R093_T34SFH_20230413T162934
2025-08-31 04:21:22,395 - INFO - composites.py:283 -         S2B_MSIL2A_20230413T092029_R093_T34SFH_20240829T164005
2025-08-31 04:21:22,395 - INFO - composites.py:283 -         S2A_MSIL2A_20230428T092031_R093_T34SFH_20230428T144815
2025-08-31 04:21:22,395 - INFO - composites.py:283 -         S2B_MSIL2A_20230423T092029_R093_T34SFH_20230424T042333
2025-08-31 04:21:22,395 - INFO - composites.py:283 -         S2A_MSIL2A_20230418T092031_R093_T34SFH_20230418T162447
2025-08-31 04:21:22,395 - INFO - composites.py:283 -         S2A_MSIL2A_20230418T092031_R093_T34SFH_20240905T193357
2025-08-31 04:21:22,395 - INFO - composites.py:283 -         S2B_MSIL2A_20230413T092029_R093_T34SFJ_20230413T162939
2025-08-31 04:21:22,395 - INFO - composites.py:283 -         S2B_MSIL2A_20230413T092029_R093_T34SFJ_20240829T164005
2025-08-31 04:21:22,395 - INFO - composites.py:283 -         S2A_MSIL2A_20230428T092031_R093_T34SFJ_20230428T144253
2025-08-31 04:21:22,395 - INFO - composites.py:283 -         S2B_MSIL2A_20230423T092029_R093_T34SFJ_20230424T052349
2025-08-31 04:21:22,395 - INFO - composites.py:283 -         S2A_MSIL2A_20230418T092031_R093_T34SFJ_20230418T173036
2025-08-31 04:21:22,395 - INFO - composites.py:283 -         S2A_MSIL2A_20230418T092031_R093_T34SFJ_20240905T193357
2025-08-31 04:21:22,395 - INFO - composites.py:283 -         S2A_MSIL2A_20230408T092031_R093_T34SFJ_20240827T212643
2025-08-31 04:21:22,395 - INFO - composites.py:283 -         S2A_MSIL2A_20230408T092031_R093_T34SFJ_20230408T152924
2025-08-31 04:21:22,771 - INFO - sentinel2.py:154 - Matplotlib backend: Agg
2025-08-31 04:21:23,128 - INFO - sentinel2.py:224 - Write input scenes footprint overlay: //nas-rs.topo.auth.gr/Latomeia/DROUGHT/composites/x09/y11/2023/04/01/S2L2A_medcomp_x09y11_202304_InDataFootprint.jpeg
2025-08-31 04:21:23,360 - INFO - composites.py:297 -                                  
2025-08-31 04:21:23,360 - INFO - composites.py:298 - Downstream STAC items from Planetary Computer
2025-08-31 04:21:23,360 - INFO - timeseries_processing.py:115 -                                  
2025-08-31 04:21:23,360 - INFO - timeseries_processing.py:116 - Loading bands of diferent resolutions in EPSG:32634
2025-08-31 04:21:23,360 - INFO - timeseries_processing.py:120 -     Filtering items with native UTM EPSG:32634
2025-08-31 04:21:23,360 - INFO - timeseries_processing.py:122 -     27 Items in EPSG:32634
2025-08-31 04:21:23,360 - INFO - timeseries_processing.py:129 -                        
2025-08-31 04:21:23,360 - INFO - timeseries_processing.py:130 -     Loading parameters:
2025-08-31 04:21:23,360 - INFO - timeseries_processing.py:131 -         Bands: ['B05', 'B07', 'B8A', 'SCL']
2025-08-31 04:21:23,360 - INFO - timeseries_processing.py:132 -         Spatial resolution: 20
2025-08-31 04:21:23,360 - INFO - timeseries_processing.py:134 -         Get Assets from STAC Items
2025-08-31 04:21:23,360 - INFO - timeseries_processing.py:47 -         Initialize the STAC client
2025-08-31 04:21:23,969 - INFO - timeseries_processing.py:137 -         Loading 27 STAC Items....
2025-08-31 04:23:03,820 - INFO - timeseries_processing.py:146 -         Cube has been downloaded
2025-08-31 04:23:03,820 - INFO - timeseries_processing.py:156 -         Fix order of dimensions
2025-08-31 04:23:03,821 - INFO - timeseries_processing.py:161 -         Append bands to the band-list of EPSG:32634
2025-08-31 04:23:03,821 - INFO - timeseries_processing.py:129 -                        
2025-08-31 04:23:03,822 - INFO - timeseries_processing.py:130 -     Loading parameters:
2025-08-31 04:23:03,822 - INFO - timeseries_processing.py:131 -         Bands: ['B02', 'B03', 'B04']
2025-08-31 04:23:03,822 - INFO - timeseries_processing.py:132 -         Spatial resolution: 10
2025-08-31 04:23:03,822 - INFO - timeseries_processing.py:134 -         Get Assets from STAC Items
2025-08-31 04:23:03,822 - INFO - timeseries_processing.py:47 -         Initialize the STAC client
2025-08-31 04:23:04,456 - INFO - timeseries_processing.py:137 -         Loading 27 STAC Items....
2025-08-31 04:25:16,675 - INFO - timeseries_processing.py:146 -         Cube has been downloaded
2025-08-31 04:25:16,675 - INFO - timeseries_processing.py:149 -         Reproject to downsample 10m bands to 20m by Resampling.average 2x2 binning and shape matching with odc.geo.GeoBox
2025-08-31 04:25:24,374 - INFO - timeseries_processing.py:161 -         Append bands to the band-list of EPSG:32634
2025-08-31 04:25:24,374 - INFO - timeseries_processing.py:165 -                        
2025-08-31 04:25:24,374 - INFO - timeseries_processing.py:166 -     Merging bands in a single dataset
2025-08-31 04:25:24,374 - INFO - timeseries_processing.py:167 -     Ensure all partial datasets are at (x=20, y=-20) resolution
2025-08-31 04:25:24,375 - INFO - timeseries_processing.py:171 -     Clip to the intersection of indexes
2025-08-31 04:25:25,389 - INFO - timeseries_processing.py:180 -     Make a list of bands to merge
2025-08-31 04:25:25,390 - INFO - timeseries_processing.py:184 -     Merge on intersection
2025-08-31 04:25:25,391 - INFO - timeseries_processing.py:192 -     Apply masks on clouds, shadows, thin cirrus, and snow/ice
2025-08-31 04:25:25,391 - INFO - sentinel2.py:122 -                Masking bits: [3, 7, 8, 9, 10, 11]
2025-08-31 04:25:26,007 - INFO - composites.py:307 - Reproject from UTM Zone to Tile geometry -> CRS(EPSG:32634), Resampling.bilinear
2025-08-31 04:25:29,528 - INFO - composites.py:310 -     New shape of datasets: Shape2d(x=2400, y=2400)
2025-08-31 04:25:30,134 - INFO - composites.py:329 - Scale SR to Sen2Cor Baseline 4.00 - Subtract 1000 in dates post 2022-01-25
2025-08-31 04:25:30,946 - INFO - composites.py:342 - Creating preview plot of input scenes
2025-08-31 04:25:53,759 - INFO - timeseries_processing.py:349 - Saved preview for 'B04' to //nas-rs.topo.auth.gr/Latomeia/DROUGHT/composites/x09/y11/2023/04/01/S2L2A_medcomp_x09y11_202304_InDataPreview.jpeg
2025-08-31 04:25:53,764 - INFO - composites.py:348 - Clip value range
2025-08-31 04:25:54,756 - INFO - composites.py:353 -                           
2025-08-31 04:25:54,756 - INFO - composites.py:354 - Computing spectral indices:
2025-08-31 04:25:54,756 - INFO - composites.py:357 -     EVI...
2025-08-31 04:25:55,331 - INFO - composites.py:359 -     NDVI...
2025-08-31 04:25:55,579 - INFO - composites.py:361 -     PSRI2...
2025-08-31 04:25:55,773 - INFO - composites.py:364 - Clip to typical value range
2025-08-31 04:25:55,940 - INFO - composites.py:371 - Reducing to median value temporal composite
2025-08-31 04:26:21,457 - INFO - composites.py:390 - Scale and Define data types & nodata per band
2025-08-31 04:26:21,664 - INFO - composites.py:411 - Assign time range and tile ID in metadata
2025-08-31 04:26:21,664 - INFO - composites.py:419 - Write bands to raster COG files
2025-08-31 04:26:25,866 - INFO - composites.py:432 - Write B02 -> //nas-rs.topo.auth.gr/Latomeia/DROUGHT/composites/x09/y11/2023/04/01/S2L2A_medcomp_x09y11_202304_B02.tif
2025-08-31 04:26:29,772 - INFO - composites.py:432 - Write B03 -> //nas-rs.topo.auth.gr/Latomeia/DROUGHT/composites/x09/y11/2023/04/01/S2L2A_medcomp_x09y11_202304_B03.tif
2025-08-31 04:26:33,601 - INFO - composites.py:432 - Write B04 -> //nas-rs.topo.auth.gr/Latomeia/DROUGHT/composites/x09/y11/2023/04/01/S2L2A_medcomp_x09y11_202304_B04.tif
2025-08-31 04:26:37,523 - INFO - composites.py:432 - Write B05 -> //nas-rs.topo.auth.gr/Latomeia/DROUGHT/composites/x09/y11/2023/04/01/S2L2A_medcomp_x09y11_202304_B05.tif
2025-08-31 04:26:41,395 - INFO - composites.py:432 - Write B07 -> //nas-rs.topo.auth.gr/Latomeia/DROUGHT/composites/x09/y11/2023/04/01/S2L2A_medcomp_x09y11_202304_B07.tif
2025-08-31 04:26:45,257 - INFO - composites.py:432 - Write B8A -> //nas-rs.topo.auth.gr/Latomeia/DROUGHT/composites/x09/y11/2023/04/01/S2L2A_medcomp_x09y11_202304_B8A.tif
2025-08-31 04:26:49,127 - INFO - composites.py:432 - Write EVI -> //nas-rs.topo.auth.gr/Latomeia/DROUGHT/composites/x09/y11/2023/04/01/S2L2A_medcomp_x09y11_202304_EVI.tif
2025-08-31 04:26:52,901 - INFO - composites.py:432 - Write NDVI -> //nas-rs.topo.auth.gr/Latomeia/DROUGHT/composites/x09/y11/2023/04/01/S2L2A_medcomp_x09y11_202304_NDVI.tif
2025-08-31 04:26:56,748 - INFO - composites.py:432 - Write PSRI2 -> //nas-rs.topo.auth.gr/Latomeia/DROUGHT/composites/x09/y11/2023/04/01/S2L2A_medcomp_x09y11_202304_PSRI2.tif
2025-08-31 04:26:56,749 - INFO - composites.py:436 - Prepare metadata YAML document
2025-08-31 04:26:57,260 - INFO - composites.py:458 - Write metadata YAML document to disk
2025-08-31 04:26:57,285 - INFO - composites.py:463 - Create datacube.model.Dataset from eo3 metadata
2025-08-31 04:26:57,297 - INFO - composites.py:476 - Index to datacube
2025-08-31 04:26:57,297 - INFO - _datasets.py:191 - Indexing 8d990a50-cda4-4534-9ca6-e016b52f5d16
2025-08-31 04:26:57,306 - INFO - composites.py:479 - 
2025-08-31 04:26:57,306 - INFO - composites.py:480 -              ✔✔✔ COMPLETED: Tile x09_y11 | Time: 2023-04 | In 7.78 minutes
2025-08-31 04:26:57,306 - INFO - composites.py:481 - 
2025-08-31 04:26:57,306 - INFO - composites.py:489 - Closing Dask client
2025-08-31 04:26:57,308 - INFO - composites.py:493 - Closing Dask cluster
2025-08-31 04:26:57,308 - INFO - composites.py:494 - #######################################################################
