2025-09-03 13:35:58,781 - INFO - composites.py:102 - #######################################################################
2025-09-03 13:35:58,781 - INFO - composites.py:104 - Processing started
2025-09-03 13:35:58,781 - INFO - composites.py:105 -         Tile: x06_y10
2025-09-03 13:35:58,781 - INFO - composites.py:106 -         Time: 2025-06
2025-09-03 13:35:58,781 - INFO - composites.py:109 -                           
2025-09-03 13:35:58,781 - INFO - composites.py:110 - Establishing connection to datacube
2025-09-03 13:35:59,292 - INFO - composites.py:113 -                           
2025-09-03 13:35:59,292 - INFO - composites.py:114 - Sanity test: Check if dataset already exists in the datacube
2025-09-03 13:35:59,311 - INFO - composites.py:133 - The composite requested was not found and it will be computed
2025-09-03 13:35:59,311 - INFO - composites.py:136 -                                  
2025-09-03 13:35:59,311 - INFO - composites.py:137 - Initializing Dask cluster for parallelization
2025-09-03 13:36:04,454 - INFO - composites.py:161 - Dask dashboard is available at: http://127.0.0.1:8787/status
2025-09-03 13:36:04,454 - INFO - composites.py:164 - Create directories and naming conversions
2025-09-03 13:36:04,466 - INFO - composites.py:177 - Dataset location: //nas-rs.topo.auth.gr/Latomeia/DROUGHT/composites/x06/y10/2025/06/01
2025-09-03 13:36:04,466 - INFO - composites.py:180 -                           
2025-09-03 13:36:04,466 - INFO - composites.py:181 - Retrieve tile geometry
2025-09-03 13:36:04,493 - INFO - composites.py:192 - Create the Bounding Box (φ,λ)
2025-09-03 13:36:04,493 - INFO - composites.py:198 - Create the Bounding Box (x,y)
2025-09-03 13:36:04,495 - INFO - composites.py:211 -                           
2025-09-03 13:36:04,495 - INFO - composites.py:212 - Connect to Planetary Computer STAC Catalog
2025-09-03 13:36:04,722 - INFO - composites.py:220 - Search the STAC Catalog
2025-09-03 13:36:04,802 - INFO - composites.py:232 -         Query parameters:
2025-09-03 13:36:04,802 - INFO - composites.py:233 -             url:          https://planetarycomputer.microsoft.com/api/stac/v1/search
2025-09-03 13:36:04,802 - INFO - composites.py:234 -             client:       microsoft-pc
2025-09-03 13:36:04,802 - INFO - composites.py:235 -             collection:   sentinel-2-l2a
2025-09-03 13:36:04,802 - INFO - composites.py:236 -             bbox:         (20.319245809102355, 37.99152284404117, 20.978573606105773, 38.532714784526966)
2025-09-03 13:36:04,802 - INFO - composites.py:237 -             time range:   2025-06-01T00:00:00Z/2025-06-30T23:59:59Z
2025-09-03 13:36:04,802 - INFO - composites.py:238 -             cloud cover:  0% - 70%
2025-09-03 13:36:04,802 - INFO - composites.py:239 -             nodata cover: 0% - 33%
2025-09-03 13:36:04,802 - INFO - composites.py:241 -                           
2025-09-03 13:36:04,802 - INFO - composites.py:242 - Searching...
2025-09-03 13:36:05,370 - INFO - composites.py:245 - Query found 18 items
2025-09-03 13:36:05,370 - INFO - composites.py:247 - Searching for GRI REFINED scenes:
2025-09-03 13:36:09,505 - INFO - sentinel2.py:78 - 1/18 - S2C_MSIL2A_20250629T093051_R136_T34SDH_20250629T130917 -> REFINED
2025-09-03 13:36:13,448 - INFO - sentinel2.py:78 - 2/18 - S2A_MSIL2A_20250628T092041_R093_T34SDH_20250628T125303 -> REFINED
2025-09-03 13:36:17,641 - INFO - sentinel2.py:78 - 3/18 - S2C_MSIL2A_20250626T092051_R093_T34SDH_20250626T131216 -> REFINED
2025-09-03 13:36:20,463 - INFO - sentinel2.py:78 - 4/18 - S2B_MSIL2A_20250624T093039_R136_T34SDH_20250624T123147 -> REFINED
2025-09-03 13:36:25,053 - INFO - sentinel2.py:78 - 5/18 - S2A_MSIL2A_20250621T093141_R136_T34SDH_20250621T120415 -> REFINED
2025-09-03 13:36:29,409 - INFO - sentinel2.py:78 - 6/18 - S2B_MSIL2A_20250621T092029_R093_T34SDH_20250621T102719 -> REFINED
2025-09-03 13:36:35,739 - INFO - sentinel2.py:78 - 7/18 - S2C_MSIL2A_20250619T093051_R136_T34SDH_20250619T124916 -> REFINED
2025-09-03 13:37:04,122 - INFO - sentinel2.py:78 - 8/18 - S2A_MSIL2A_20250618T092231_R093_T34SDH_20250618T114601 -> REFINED
2025-09-03 13:37:39,063 - INFO - sentinel2.py:78 - 9/18 - S2C_MSIL2A_20250616T092051_R093_T34SDH_20250616T120017 -> REFINED
2025-09-03 13:37:43,073 - INFO - sentinel2.py:78 - 10/18 - S2B_MSIL2A_20250614T093029_R136_T34SDH_20250614T122438 -> REFINED
2025-09-03 13:37:47,552 - INFO - sentinel2.py:78 - 11/18 - S2A_MSIL2A_20250611T093051_R136_T34SDH_20250611T151101 -> REFINED
2025-09-03 13:37:50,915 - INFO - sentinel2.py:78 - 12/18 - S2B_MSIL2A_20250611T092029_R093_T34SDH_20250611T121714 -> REFINED
2025-09-03 13:37:53,697 - INFO - sentinel2.py:78 - 13/18 - S2C_MSIL2A_20250609T093051_R136_T34SDH_20250609T124820 -> REFINED
2025-09-03 13:37:57,089 - INFO - sentinel2.py:78 - 14/18 - S2A_MSIL2A_20250608T092041_R093_T34SDH_20250608T121913 -> REFINED
2025-09-03 13:38:00,935 - INFO - sentinel2.py:78 - 15/18 - S2C_MSIL2A_20250606T092051_R093_T34SDH_20250606T121513 -> REFINED
2025-09-03 13:38:04,527 - INFO - sentinel2.py:78 - 16/18 - S2B_MSIL2A_20250604T093029_R136_T34SDH_20250604T122431 -> REFINED
2025-09-03 13:38:08,455 - INFO - sentinel2.py:78 - 17/18 - S2A_MSIL2A_20250601T093151_R136_T34SDH_20250601T115500 -> REFINED
2025-09-03 13:38:11,391 - INFO - sentinel2.py:78 - 18/18 - S2B_MSIL2A_20250601T092029_R093_T34SDH_20250601T113837 -> REFINED
2025-09-03 13:38:11,423 - INFO - composites.py:250 -                                  
2025-09-03 13:38:11,423 - INFO - composites.py:251 - 18/18 were refined by GRI.
2025-09-03 13:38:11,423 - INFO - composites.py:263 - Looking for up to 10 cleanest images within spatiotemporal range of each MGRS tile
2025-09-03 13:38:11,424 - INFO - composites.py:277 - Filtered cleanest scenes: Kept 10 out of 18 items. 
2025-09-03 13:38:11,424 - INFO - composites.py:278 -         Included MGRS Tiles: ['34SDH']
2025-09-03 13:38:11,424 - INFO - composites.py:279 -         Included EPSG codes: [32634]
2025-09-03 13:38:11,425 - INFO - composites.py:281 - Selected scenes:
2025-09-03 13:38:11,425 - INFO - composites.py:283 -         S2C_MSIL2A_20250626T092051_R093_T34SDH_20250626T131216
2025-09-03 13:38:11,425 - INFO - composites.py:283 -         S2B_MSIL2A_20250611T092029_R093_T34SDH_20250611T121714
2025-09-03 13:38:11,430 - INFO - composites.py:283 -         S2A_MSIL2A_20250628T092041_R093_T34SDH_20250628T125303
2025-09-03 13:38:11,430 - INFO - composites.py:283 -         S2A_MSIL2A_20250608T092041_R093_T34SDH_20250608T121913
2025-09-03 13:38:11,430 - INFO - composites.py:283 -         S2A_MSIL2A_20250618T092231_R093_T34SDH_20250618T114601
2025-09-03 13:38:11,436 - INFO - composites.py:283 -         S2B_MSIL2A_20250614T093029_R136_T34SDH_20250614T122438
2025-09-03 13:38:11,436 - INFO - composites.py:283 -         S2B_MSIL2A_20250621T092029_R093_T34SDH_20250621T102719
2025-09-03 13:38:11,436 - INFO - composites.py:283 -         S2B_MSIL2A_20250601T092029_R093_T34SDH_20250601T113837
2025-09-03 13:38:11,436 - INFO - composites.py:283 -         S2C_MSIL2A_20250609T093051_R136_T34SDH_20250609T124820
2025-09-03 13:38:11,436 - INFO - composites.py:283 -         S2A_MSIL2A_20250611T093051_R136_T34SDH_20250611T151101
2025-09-03 13:38:11,820 - INFO - sentinel2.py:154 - Matplotlib backend: Agg
2025-09-03 13:38:12,040 - INFO - sentinel2.py:224 - Write input scenes footprint overlay: //nas-rs.topo.auth.gr/Latomeia/DROUGHT/composites/x06/y10/2025/06/01/S2L2A_medcomp_x06y10_202506_InDataFootprint.jpeg
2025-09-03 13:38:12,304 - INFO - composites.py:297 -                                  
2025-09-03 13:38:12,305 - INFO - composites.py:298 - Downstream STAC items from Planetary Computer
2025-09-03 13:38:12,305 - INFO - timeseries_processing.py:115 -                                  
2025-09-03 13:38:12,305 - INFO - timeseries_processing.py:116 - Loading bands of diferent resolutions in EPSG:32634
2025-09-03 13:38:12,305 - INFO - timeseries_processing.py:120 -     Filtering items with native UTM EPSG:32634
2025-09-03 13:38:12,305 - INFO - timeseries_processing.py:122 -     10 Items in EPSG:32634
2025-09-03 13:38:12,306 - INFO - timeseries_processing.py:129 -                        
2025-09-03 13:38:12,306 - INFO - timeseries_processing.py:130 -     Loading parameters:
2025-09-03 13:38:12,306 - INFO - timeseries_processing.py:131 -         Bands: ['B05', 'B07', 'B8A', 'SCL']
2025-09-03 13:38:12,306 - INFO - timeseries_processing.py:132 -         Spatial resolution: 20
2025-09-03 13:38:12,306 - INFO - timeseries_processing.py:134 -         Get Assets from STAC Items
2025-09-03 13:38:12,306 - INFO - timeseries_processing.py:47 -         Initialize the STAC client
2025-09-03 13:38:12,939 - INFO - timeseries_processing.py:137 -         Loading 10 STAC Items....
2025-09-03 13:38:44,825 - INFO - timeseries_processing.py:146 -         Cube has been downloaded
2025-09-03 13:38:44,825 - INFO - timeseries_processing.py:156 -         Fix order of dimensions
2025-09-03 13:38:44,828 - INFO - timeseries_processing.py:161 -         Append bands to the band-list of EPSG:32634
2025-09-03 13:38:44,828 - INFO - timeseries_processing.py:129 -                        
2025-09-03 13:38:44,828 - INFO - timeseries_processing.py:130 -     Loading parameters:
2025-09-03 13:38:44,828 - INFO - timeseries_processing.py:131 -         Bands: ['B02', 'B03', 'B04']
2025-09-03 13:38:44,829 - INFO - timeseries_processing.py:132 -         Spatial resolution: 10
2025-09-03 13:38:44,829 - INFO - timeseries_processing.py:134 -         Get Assets from STAC Items
2025-09-03 13:38:44,829 - INFO - timeseries_processing.py:47 -         Initialize the STAC client
2025-09-03 13:38:45,325 - INFO - timeseries_processing.py:137 -         Loading 10 STAC Items....
2025-09-03 13:40:46,970 - INFO - timeseries_processing.py:146 -         Cube has been downloaded
2025-09-03 13:40:46,970 - INFO - timeseries_processing.py:149 -         Reproject to downsample 10m bands to 20m by Resampling.average 2x2 binning and shape matching with odc.geo.GeoBox
2025-09-03 13:41:01,582 - INFO - timeseries_processing.py:161 -         Append bands to the band-list of EPSG:32634
2025-09-03 13:41:01,582 - INFO - timeseries_processing.py:165 -                        
2025-09-03 13:41:01,582 - INFO - timeseries_processing.py:166 -     Merging bands in a single dataset
2025-09-03 13:41:01,582 - INFO - timeseries_processing.py:167 -     Ensure all partial datasets are at (x=20, y=-20) resolution
2025-09-03 13:41:01,582 - INFO - timeseries_processing.py:171 -     Clip to the intersection of indexes
2025-09-03 13:41:02,898 - INFO - timeseries_processing.py:180 -     Make a list of bands to merge
2025-09-03 13:41:02,900 - INFO - timeseries_processing.py:184 -     Merge on intersection
2025-09-03 13:41:02,901 - INFO - timeseries_processing.py:192 -     Apply masks on clouds, shadows, thin cirrus, and snow/ice
2025-09-03 13:41:02,901 - INFO - sentinel2.py:122 -                Masking bits: [3, 7, 8, 9, 10, 11]
2025-09-03 13:41:04,084 - INFO - composites.py:307 - Reproject from UTM Zone to Tile geometry -> CRS(EPSG:32634), Resampling.bilinear
2025-09-03 13:41:11,017 - INFO - composites.py:310 -     New shape of datasets: Shape2d(x=2400, y=2400)
2025-09-03 13:41:11,713 - INFO - composites.py:329 - Scale SR to Sen2Cor Baseline 4.00 - Subtract 1000 in dates post 2022-01-25
2025-09-03 13:41:13,219 - INFO - composites.py:342 - Creating preview plot of input scenes
2025-09-03 13:41:46,812 - INFO - timeseries_processing.py:349 - Saved preview for 'B04' to //nas-rs.topo.auth.gr/Latomeia/DROUGHT/composites/x06/y10/2025/06/01/S2L2A_medcomp_x06y10_202506_InDataPreview.jpeg
2025-09-03 13:41:46,821 - INFO - composites.py:348 - Clip value range
2025-09-03 13:41:49,215 - INFO - composites.py:353 -                           
2025-09-03 13:41:49,215 - INFO - composites.py:354 - Computing spectral indices:
2025-09-03 13:41:49,215 - INFO - composites.py:357 -     EVI...
2025-09-03 13:41:50,641 - INFO - composites.py:359 -     NDVI...
2025-09-03 13:41:51,137 - INFO - composites.py:361 -     PSRI2...
2025-09-03 13:41:51,448 - INFO - composites.py:364 - Clip to typical value range
2025-09-03 13:41:51,891 - INFO - composites.py:371 - Reducing to median value temporal composite
2025-09-03 13:42:20,091 - INFO - composites.py:390 - Scale and Define data types & nodata per band
2025-09-03 13:42:20,201 - INFO - composites.py:411 - Assign time range and tile ID in metadata
2025-09-03 13:42:20,201 - INFO - composites.py:419 - Write bands to raster COG files
2025-09-03 13:42:24,123 - INFO - composites.py:432 - Write B02 -> //nas-rs.topo.auth.gr/Latomeia/DROUGHT/composites/x06/y10/2025/06/01/S2L2A_medcomp_x06y10_202506_B02.tif
2025-09-03 13:42:28,310 - INFO - composites.py:432 - Write B03 -> //nas-rs.topo.auth.gr/Latomeia/DROUGHT/composites/x06/y10/2025/06/01/S2L2A_medcomp_x06y10_202506_B03.tif
2025-09-03 13:42:32,757 - INFO - composites.py:432 - Write B04 -> //nas-rs.topo.auth.gr/Latomeia/DROUGHT/composites/x06/y10/2025/06/01/S2L2A_medcomp_x06y10_202506_B04.tif
2025-09-03 13:42:37,078 - INFO - composites.py:432 - Write B05 -> //nas-rs.topo.auth.gr/Latomeia/DROUGHT/composites/x06/y10/2025/06/01/S2L2A_medcomp_x06y10_202506_B05.tif
2025-09-03 13:42:40,990 - INFO - composites.py:432 - Write B07 -> //nas-rs.topo.auth.gr/Latomeia/DROUGHT/composites/x06/y10/2025/06/01/S2L2A_medcomp_x06y10_202506_B07.tif
2025-09-03 13:42:44,849 - INFO - composites.py:432 - Write B8A -> //nas-rs.topo.auth.gr/Latomeia/DROUGHT/composites/x06/y10/2025/06/01/S2L2A_medcomp_x06y10_202506_B8A.tif
2025-09-03 13:42:48,643 - INFO - composites.py:432 - Write EVI -> //nas-rs.topo.auth.gr/Latomeia/DROUGHT/composites/x06/y10/2025/06/01/S2L2A_medcomp_x06y10_202506_EVI.tif
2025-09-03 13:42:52,677 - INFO - composites.py:432 - Write NDVI -> //nas-rs.topo.auth.gr/Latomeia/DROUGHT/composites/x06/y10/2025/06/01/S2L2A_medcomp_x06y10_202506_NDVI.tif
2025-09-03 13:42:57,449 - INFO - composites.py:432 - Write PSRI2 -> //nas-rs.topo.auth.gr/Latomeia/DROUGHT/composites/x06/y10/2025/06/01/S2L2A_medcomp_x06y10_202506_PSRI2.tif
2025-09-03 13:42:57,463 - INFO - composites.py:436 - Prepare metadata YAML document
2025-09-03 13:42:57,965 - INFO - composites.py:458 - Write metadata YAML document to disk
2025-09-03 13:42:58,022 - INFO - composites.py:463 - Create datacube.model.Dataset from eo3 metadata
2025-09-03 13:42:58,032 - INFO - composites.py:476 - Index to datacube
2025-09-03 13:42:58,032 - INFO - _datasets.py:191 - Indexing f37d5203-46ca-4eed-a0aa-2e013cc5a513
2025-09-03 13:42:58,040 - INFO - composites.py:479 - 
2025-09-03 13:42:58,040 - INFO - composites.py:480 -              ✔✔✔ COMPLETED: Tile x06_y10 | Time: 2025-06 | In 6.99 minutes
2025-09-03 13:42:58,040 - INFO - composites.py:481 - 
2025-09-03 13:42:58,040 - INFO - composites.py:489 - Closing Dask client
2025-09-03 13:42:58,041 - INFO - composites.py:493 - Closing Dask cluster
2025-09-03 13:42:58,042 - INFO - composites.py:494 - #######################################################################
