2025-08-31 13:42:46,359 - INFO - composites.py:102 - #######################################################################
2025-08-31 13:42:46,359 - INFO - composites.py:104 - Processing started
2025-08-31 13:42:46,359 - INFO - composites.py:105 -         Tile: x09_y10
2025-08-31 13:42:46,359 - INFO - composites.py:106 -         Time: 2023-07
2025-08-31 13:42:46,359 - INFO - composites.py:109 -                           
2025-08-31 13:42:46,359 - INFO - composites.py:110 - Establishing connection to datacube
2025-08-31 13:42:46,908 - INFO - composites.py:113 -                           
2025-08-31 13:42:46,908 - INFO - composites.py:114 - Sanity test: Check if dataset already exists in the datacube
2025-08-31 13:42:46,930 - INFO - composites.py:133 - The composite requested was not found and it will be computed
2025-08-31 13:42:46,930 - INFO - composites.py:136 -                                  
2025-08-31 13:42:46,930 - INFO - composites.py:137 - Initializing Dask cluster for parallelization
2025-08-31 13:42:52,075 - INFO - composites.py:161 - Dask dashboard is available at: http://127.0.0.1:8787/status
2025-08-31 13:42:52,075 - INFO - composites.py:164 - Create directories and naming conversions
2025-08-31 13:42:52,084 - INFO - composites.py:177 - Dataset location: //nas-rs.topo.auth.gr/Latomeia/DROUGHT/composites/x09/y10/2023/07/01
2025-08-31 13:42:52,084 - INFO - composites.py:180 -                           
2025-08-31 13:42:52,084 - INFO - composites.py:181 - Retrieve tile geometry
2025-08-31 13:42:52,115 - INFO - composites.py:192 - Create the Bounding Box (φ,λ)
2025-08-31 13:42:52,115 - INFO - composites.py:198 - Create the Bounding Box (x,y)
2025-08-31 13:42:52,115 - INFO - composites.py:211 -                           
2025-08-31 13:42:52,115 - INFO - composites.py:212 - Connect to Planetary Computer STAC Catalog
2025-08-31 13:42:52,409 - INFO - composites.py:220 - Search the STAC Catalog
2025-08-31 13:42:52,480 - INFO - composites.py:232 -         Query parameters:
2025-08-31 13:42:52,480 - INFO - composites.py:233 -             url:          https://planetarycomputer.microsoft.com/api/stac/v1/search
2025-08-31 13:42:52,480 - INFO - composites.py:234 -             client:       microsoft-pc
2025-08-31 13:42:52,480 - INFO - composites.py:235 -             collection:   sentinel-2-l2a
2025-08-31 13:42:52,480 - INFO - composites.py:236 -             bbox:         (21.934886085480986, 37.792474572166405, 22.60144615074973, 38.34135632905737)
2025-08-31 13:42:52,490 - INFO - composites.py:237 -             time range:   2023-07-01T00:00:00Z/2023-07-31T23:59:59Z
2025-08-31 13:42:52,490 - INFO - composites.py:238 -             cloud cover:  0% - 70%
2025-08-31 13:42:52,490 - INFO - composites.py:239 -             nodata cover: 0% - 33%
2025-08-31 13:42:52,490 - INFO - composites.py:241 -                           
2025-08-31 13:42:52,491 - INFO - composites.py:242 - Searching...
2025-08-31 13:42:53,036 - INFO - composites.py:245 - Query found 48 items
2025-08-31 13:42:53,046 - INFO - composites.py:247 - Searching for GRI REFINED scenes:
2025-08-31 13:42:58,709 - INFO - sentinel2.py:78 - 1/48 - S2B_MSIL2A_20230729T090559_R050_T34SFG_20241022T060949 -> REFINED
2025-08-31 13:43:03,353 - INFO - sentinel2.py:78 - 2/48 - S2B_MSIL2A_20230729T090559_R050_T34SFG_20230729T141338 -> REFINED
2025-08-31 13:43:08,747 - INFO - sentinel2.py:78 - 3/48 - S2A_MSIL2A_20230727T092031_R093_T34SFH_20230727T171649 -> REFINED
2025-08-31 13:43:14,012 - INFO - sentinel2.py:78 - 4/48 - S2A_MSIL2A_20230727T092031_R093_T34SFG_20230727T173634 -> REFINED
2025-08-31 13:43:19,042 - INFO - sentinel2.py:78 - 5/48 - S2A_MSIL2A_20230727T092031_R093_T34SEH_20230727T171838 -> REFINED
2025-08-31 13:43:23,998 - INFO - sentinel2.py:78 - 6/48 - S2A_MSIL2A_20230727T092031_R093_T34SEG_20230727T171653 -> REFINED
2025-08-31 13:43:28,333 - INFO - sentinel2.py:78 - 7/48 - S2A_MSIL2A_20230724T090601_R050_T34SFG_20230724T161816 -> REFINED
2025-08-31 13:43:32,659 - INFO - sentinel2.py:78 - 8/48 - S2B_MSIL2A_20230722T091559_R093_T34SFH_20241121T023228 -> REFINED
2025-08-31 13:43:37,781 - INFO - sentinel2.py:78 - 9/48 - S2B_MSIL2A_20230722T091559_R093_T34SFH_20230722T151855 -> REFINED
2025-08-31 13:43:42,721 - INFO - sentinel2.py:78 - 10/48 - S2B_MSIL2A_20230722T091559_R093_T34SFG_20241121T023228 -> REFINED
2025-08-31 13:43:47,041 - INFO - sentinel2.py:78 - 11/48 - S2B_MSIL2A_20230722T091559_R093_T34SFG_20230722T133822 -> REFINED
2025-08-31 13:43:52,214 - INFO - sentinel2.py:78 - 12/48 - S2B_MSIL2A_20230722T091559_R093_T34SEH_20241121T023228 -> REFINED
2025-08-31 13:43:57,646 - INFO - sentinel2.py:78 - 13/48 - S2B_MSIL2A_20230722T091559_R093_T34SEH_20230722T134555 -> REFINED
2025-08-31 13:44:02,722 - INFO - sentinel2.py:78 - 14/48 - S2B_MSIL2A_20230722T091559_R093_T34SEG_20241121T023228 -> REFINED
2025-08-31 13:44:07,637 - INFO - sentinel2.py:78 - 15/48 - S2B_MSIL2A_20230722T091559_R093_T34SEG_20230722T134627 -> REFINED
2025-08-31 13:44:12,515 - INFO - sentinel2.py:78 - 16/48 - S2B_MSIL2A_20230719T090559_R050_T34SFG_20230719T131537 -> REFINED
2025-08-31 13:44:17,855 - INFO - sentinel2.py:78 - 17/48 - S2A_MSIL2A_20230717T092031_R093_T34SFH_20241017T203347 -> REFINED
2025-08-31 13:44:23,096 - INFO - sentinel2.py:78 - 18/48 - S2A_MSIL2A_20230717T092031_R093_T34SFH_20230717T170606 -> REFINED
2025-08-31 13:44:28,148 - INFO - sentinel2.py:78 - 19/48 - S2A_MSIL2A_20230717T092031_R093_T34SFG_20241017T203347 -> REFINED
2025-08-31 13:44:32,715 - INFO - sentinel2.py:78 - 20/48 - S2A_MSIL2A_20230717T092031_R093_T34SFG_20230717T171050 -> REFINED
2025-08-31 13:44:38,234 - INFO - sentinel2.py:78 - 21/48 - S2A_MSIL2A_20230717T092031_R093_T34SEH_20241017T203347 -> REFINED
2025-08-31 13:44:43,548 - INFO - sentinel2.py:78 - 22/48 - S2A_MSIL2A_20230717T092031_R093_T34SEH_20230717T171055 -> REFINED
2025-08-31 13:44:48,950 - INFO - sentinel2.py:78 - 23/48 - S2A_MSIL2A_20230717T092031_R093_T34SEG_20241017T203347 -> REFINED
2025-08-31 13:44:54,879 - INFO - sentinel2.py:78 - 24/48 - S2A_MSIL2A_20230717T092031_R093_T34SEG_20230717T171044 -> REFINED
2025-08-31 13:45:00,031 - INFO - sentinel2.py:78 - 25/48 - S2A_MSIL2A_20230714T090601_R050_T34SFG_20230714T152234 -> REFINED
2025-08-31 13:45:05,351 - INFO - sentinel2.py:78 - 26/48 - S2B_MSIL2A_20230712T091559_R093_T34SFH_20241018T073726 -> REFINED
2025-08-31 13:45:10,741 - INFO - sentinel2.py:78 - 27/48 - S2B_MSIL2A_20230712T091559_R093_T34SFH_20230712T152949 -> REFINED
2025-08-31 13:45:16,976 - INFO - sentinel2.py:78 - 28/48 - S2B_MSIL2A_20230712T091559_R093_T34SFG_20241018T073726 -> REFINED
2025-08-31 13:45:22,253 - INFO - sentinel2.py:78 - 29/48 - S2B_MSIL2A_20230712T091559_R093_T34SFG_20230712T152949 -> REFINED
2025-08-31 13:45:27,305 - INFO - sentinel2.py:78 - 30/48 - S2B_MSIL2A_20230712T091559_R093_T34SEH_20241018T073726 -> REFINED
2025-08-31 13:45:33,055 - INFO - sentinel2.py:78 - 31/48 - S2B_MSIL2A_20230712T091559_R093_T34SEH_20230712T152950 -> REFINED
2025-08-31 13:45:37,363 - INFO - sentinel2.py:78 - 32/48 - S2B_MSIL2A_20230712T091559_R093_T34SEG_20241018T073726 -> REFINED
2025-08-31 13:45:43,720 - INFO - sentinel2.py:78 - 33/48 - S2B_MSIL2A_20230712T091559_R093_T34SEG_20230712T152949 -> REFINED
2025-08-31 13:45:48,405 - INFO - sentinel2.py:78 - 34/48 - S2B_MSIL2A_20230709T090559_R050_T34SFG_20241018T102750 -> REFINED
2025-08-31 13:45:53,817 - INFO - sentinel2.py:78 - 35/48 - S2B_MSIL2A_20230709T090559_R050_T34SFG_20230709T140940 -> REFINED
2025-08-31 13:45:59,133 - INFO - sentinel2.py:78 - 36/48 - S2A_MSIL2A_20230707T092031_R093_T34SFH_20241021T171021 -> REFINED
2025-08-31 13:46:04,651 - INFO - sentinel2.py:78 - 37/48 - S2A_MSIL2A_20230707T092031_R093_T34SFH_20230707T162752 -> REFINED
2025-08-31 13:46:10,856 - INFO - sentinel2.py:78 - 38/48 - S2A_MSIL2A_20230707T092031_R093_T34SFG_20241021T171021 -> REFINED
2025-08-31 13:46:15,906 - INFO - sentinel2.py:78 - 39/48 - S2A_MSIL2A_20230707T092031_R093_T34SFG_20230707T164132 -> REFINED
2025-08-31 13:46:20,500 - INFO - sentinel2.py:78 - 40/48 - S2A_MSIL2A_20230707T092031_R093_T34SEH_20241021T171021 -> REFINED
2025-08-31 13:46:25,435 - INFO - sentinel2.py:78 - 41/48 - S2A_MSIL2A_20230707T092031_R093_T34SEH_20230707T164553 -> REFINED
2025-08-31 13:46:30,354 - INFO - sentinel2.py:78 - 42/48 - S2A_MSIL2A_20230707T092031_R093_T34SEG_20241021T171021 -> REFINED
2025-08-31 13:46:35,045 - INFO - sentinel2.py:78 - 43/48 - S2A_MSIL2A_20230707T092031_R093_T34SEG_20230707T162754 -> REFINED
2025-08-31 13:46:39,398 - INFO - sentinel2.py:78 - 44/48 - S2A_MSIL2A_20230704T090601_R050_T34SFG_20230704T151804 -> REFINED
2025-08-31 13:46:44,817 - INFO - sentinel2.py:78 - 45/48 - S2B_MSIL2A_20230702T091559_R093_T34SFH_20230702T134552 -> REFINED
2025-08-31 13:46:49,548 - INFO - sentinel2.py:78 - 46/48 - S2B_MSIL2A_20230702T091559_R093_T34SFG_20230702T144224 -> REFINED
2025-08-31 13:46:54,865 - INFO - sentinel2.py:78 - 47/48 - S2B_MSIL2A_20230702T091559_R093_T34SEH_20230702T145846 -> REFINED
2025-08-31 13:46:59,266 - INFO - sentinel2.py:78 - 48/48 - S2B_MSIL2A_20230702T091559_R093_T34SEG_20230702T144228 -> REFINED
2025-08-31 13:46:59,317 - INFO - composites.py:250 -                                  
2025-08-31 13:46:59,317 - INFO - composites.py:251 - 48/48 were refined by GRI.
2025-08-31 13:46:59,317 - INFO - composites.py:263 - Looking for up to 10 cleanest images within spatiotemporal range of each MGRS tile
2025-08-31 13:46:59,337 - INFO - composites.py:277 - Filtered cleanest scenes: Kept 40 out of 48 items. 
2025-08-31 13:46:59,338 - INFO - composites.py:278 -         Included MGRS Tiles: ['34SEG' '34SEH' '34SFG' '34SFH']
2025-08-31 13:46:59,338 - INFO - composites.py:279 -         Included EPSG codes: [32634]
2025-08-31 13:46:59,338 - INFO - composites.py:281 - Selected scenes:
2025-08-31 13:46:59,338 - INFO - composites.py:283 -         S2B_MSIL2A_20230712T091559_R093_T34SEG_20241018T073726
2025-08-31 13:46:59,338 - INFO - composites.py:283 -         S2B_MSIL2A_20230712T091559_R093_T34SEG_20230712T152949
2025-08-31 13:46:59,338 - INFO - composites.py:283 -         S2A_MSIL2A_20230717T092031_R093_T34SEG_20241017T203347
2025-08-31 13:46:59,339 - INFO - composites.py:283 -         S2A_MSIL2A_20230717T092031_R093_T34SEG_20230717T171044
2025-08-31 13:46:59,339 - INFO - composites.py:283 -         S2B_MSIL2A_20230722T091559_R093_T34SEG_20230722T134627
2025-08-31 13:46:59,339 - INFO - composites.py:283 -         S2B_MSIL2A_20230722T091559_R093_T34SEG_20241121T023228
2025-08-31 13:46:59,340 - INFO - composites.py:283 -         S2A_MSIL2A_20230727T092031_R093_T34SEG_20230727T171653
2025-08-31 13:46:59,340 - INFO - composites.py:283 -         S2A_MSIL2A_20230707T092031_R093_T34SEG_20230707T162754
2025-08-31 13:46:59,340 - INFO - composites.py:283 -         S2A_MSIL2A_20230707T092031_R093_T34SEG_20241021T171021
2025-08-31 13:46:59,340 - INFO - composites.py:283 -         S2B_MSIL2A_20230702T091559_R093_T34SEG_20230702T144228
2025-08-31 13:46:59,340 - INFO - composites.py:283 -         S2B_MSIL2A_20230712T091559_R093_T34SEH_20241018T073726
2025-08-31 13:46:59,340 - INFO - composites.py:283 -         S2B_MSIL2A_20230712T091559_R093_T34SEH_20230712T152950
2025-08-31 13:46:59,340 - INFO - composites.py:283 -         S2B_MSIL2A_20230722T091559_R093_T34SEH_20230722T134555
2025-08-31 13:46:59,340 - INFO - composites.py:283 -         S2B_MSIL2A_20230722T091559_R093_T34SEH_20241121T023228
2025-08-31 13:46:59,340 - INFO - composites.py:283 -         S2A_MSIL2A_20230727T092031_R093_T34SEH_20230727T171838
2025-08-31 13:46:59,340 - INFO - composites.py:283 -         S2A_MSIL2A_20230717T092031_R093_T34SEH_20230717T171055
2025-08-31 13:46:59,340 - INFO - composites.py:283 -         S2A_MSIL2A_20230717T092031_R093_T34SEH_20241017T203347
2025-08-31 13:46:59,340 - INFO - composites.py:283 -         S2A_MSIL2A_20230707T092031_R093_T34SEH_20241021T171021
2025-08-31 13:46:59,340 - INFO - composites.py:283 -         S2A_MSIL2A_20230707T092031_R093_T34SEH_20230707T164553
2025-08-31 13:46:59,341 - INFO - composites.py:283 -         S2B_MSIL2A_20230702T091559_R093_T34SEH_20230702T145846
2025-08-31 13:46:59,341 - INFO - composites.py:283 -         S2A_MSIL2A_20230714T090601_R050_T34SFG_20230714T152234
2025-08-31 13:46:59,341 - INFO - composites.py:283 -         S2A_MSIL2A_20230724T090601_R050_T34SFG_20230724T161816
2025-08-31 13:46:59,341 - INFO - composites.py:283 -         S2B_MSIL2A_20230719T090559_R050_T34SFG_20230719T131537
2025-08-31 13:46:59,341 - INFO - composites.py:283 -         S2A_MSIL2A_20230727T092031_R093_T34SFG_20230727T173634
2025-08-31 13:46:59,341 - INFO - composites.py:283 -         S2B_MSIL2A_20230729T090559_R050_T34SFG_20241022T060949
2025-08-31 13:46:59,341 - INFO - composites.py:283 -         S2B_MSIL2A_20230729T090559_R050_T34SFG_20230729T141338
2025-08-31 13:46:59,341 - INFO - composites.py:283 -         S2A_MSIL2A_20230717T092031_R093_T34SFG_20230717T171050
2025-08-31 13:46:59,341 - INFO - composites.py:283 -         S2A_MSIL2A_20230717T092031_R093_T34SFG_20241017T203347
2025-08-31 13:46:59,341 - INFO - composites.py:283 -         S2B_MSIL2A_20230722T091559_R093_T34SFG_20230722T133822
2025-08-31 13:46:59,341 - INFO - composites.py:283 -         S2B_MSIL2A_20230722T091559_R093_T34SFG_20241121T023228
2025-08-31 13:46:59,341 - INFO - composites.py:283 -         S2B_MSIL2A_20230712T091559_R093_T34SFH_20241018T073726
2025-08-31 13:46:59,341 - INFO - composites.py:283 -         S2B_MSIL2A_20230712T091559_R093_T34SFH_20230712T152949
2025-08-31 13:46:59,341 - INFO - composites.py:283 -         S2B_MSIL2A_20230722T091559_R093_T34SFH_20230722T151855
2025-08-31 13:46:59,341 - INFO - composites.py:283 -         S2B_MSIL2A_20230722T091559_R093_T34SFH_20241121T023228
2025-08-31 13:46:59,341 - INFO - composites.py:283 -         S2A_MSIL2A_20230727T092031_R093_T34SFH_20230727T171649
2025-08-31 13:46:59,341 - INFO - composites.py:283 -         S2A_MSIL2A_20230717T092031_R093_T34SFH_20241017T203347
2025-08-31 13:46:59,341 - INFO - composites.py:283 -         S2A_MSIL2A_20230717T092031_R093_T34SFH_20230717T170606
2025-08-31 13:46:59,341 - INFO - composites.py:283 -         S2B_MSIL2A_20230702T091559_R093_T34SFH_20230702T134552
2025-08-31 13:46:59,341 - INFO - composites.py:283 -         S2A_MSIL2A_20230707T092031_R093_T34SFH_20230707T162752
2025-08-31 13:46:59,341 - INFO - composites.py:283 -         S2A_MSIL2A_20230707T092031_R093_T34SFH_20241021T171021
2025-08-31 13:46:59,793 - INFO - sentinel2.py:154 - Matplotlib backend: Agg
2025-08-31 13:47:00,102 - INFO - sentinel2.py:224 - Write input scenes footprint overlay: //nas-rs.topo.auth.gr/Latomeia/DROUGHT/composites/x09/y10/2023/07/01/S2L2A_medcomp_x09y10_202307_InDataFootprint.jpeg
2025-08-31 13:47:00,375 - INFO - composites.py:297 -                                  
2025-08-31 13:47:00,375 - INFO - composites.py:298 - Downstream STAC items from Planetary Computer
2025-08-31 13:47:00,376 - INFO - timeseries_processing.py:115 -                                  
2025-08-31 13:47:00,376 - INFO - timeseries_processing.py:116 - Loading bands of diferent resolutions in EPSG:32634
2025-08-31 13:47:00,376 - INFO - timeseries_processing.py:120 -     Filtering items with native UTM EPSG:32634
2025-08-31 13:47:00,376 - INFO - timeseries_processing.py:122 -     40 Items in EPSG:32634
2025-08-31 13:47:00,376 - INFO - timeseries_processing.py:129 -                        
2025-08-31 13:47:00,376 - INFO - timeseries_processing.py:130 -     Loading parameters:
2025-08-31 13:47:00,376 - INFO - timeseries_processing.py:131 -         Bands: ['B05', 'B07', 'B8A', 'SCL']
2025-08-31 13:47:00,376 - INFO - timeseries_processing.py:132 -         Spatial resolution: 20
2025-08-31 13:47:00,376 - INFO - timeseries_processing.py:134 -         Get Assets from STAC Items
2025-08-31 13:47:00,376 - INFO - timeseries_processing.py:47 -         Initialize the STAC client
2025-08-31 13:47:01,899 - INFO - timeseries_processing.py:137 -         Loading 40 STAC Items....
2025-08-31 13:48:48,796 - INFO - timeseries_processing.py:146 -         Cube has been downloaded
2025-08-31 13:48:48,796 - INFO - timeseries_processing.py:156 -         Fix order of dimensions
2025-08-31 13:48:48,798 - INFO - timeseries_processing.py:161 -         Append bands to the band-list of EPSG:32634
2025-08-31 13:48:48,799 - INFO - timeseries_processing.py:129 -                        
2025-08-31 13:48:48,800 - INFO - timeseries_processing.py:130 -     Loading parameters:
2025-08-31 13:48:48,800 - INFO - timeseries_processing.py:131 -         Bands: ['B02', 'B03', 'B04']
2025-08-31 13:48:48,800 - INFO - timeseries_processing.py:132 -         Spatial resolution: 10
2025-08-31 13:48:48,800 - INFO - timeseries_processing.py:134 -         Get Assets from STAC Items
2025-08-31 13:48:48,800 - INFO - timeseries_processing.py:47 -         Initialize the STAC client
2025-08-31 13:48:49,645 - INFO - timeseries_processing.py:137 -         Loading 40 STAC Items....
2025-08-31 13:52:45,655 - INFO - timeseries_processing.py:146 -         Cube has been downloaded
2025-08-31 13:52:45,675 - INFO - timeseries_processing.py:149 -         Reproject to downsample 10m bands to 20m by Resampling.average 2x2 binning and shape matching with odc.geo.GeoBox
2025-08-31 13:52:59,020 - INFO - timeseries_processing.py:161 -         Append bands to the band-list of EPSG:32634
2025-08-31 13:52:59,020 - INFO - timeseries_processing.py:165 -                        
2025-08-31 13:52:59,020 - INFO - timeseries_processing.py:166 -     Merging bands in a single dataset
2025-08-31 13:52:59,020 - INFO - timeseries_processing.py:167 -     Ensure all partial datasets are at (x=20, y=-20) resolution
2025-08-31 13:52:59,022 - INFO - timeseries_processing.py:171 -     Clip to the intersection of indexes
2025-08-31 13:53:00,356 - INFO - timeseries_processing.py:180 -     Make a list of bands to merge
2025-08-31 13:53:00,357 - INFO - timeseries_processing.py:184 -     Merge on intersection
2025-08-31 13:53:00,358 - INFO - timeseries_processing.py:192 -     Apply masks on clouds, shadows, thin cirrus, and snow/ice
2025-08-31 13:53:00,358 - INFO - sentinel2.py:122 -                Masking bits: [3, 7, 8, 9, 10, 11]
2025-08-31 13:53:01,567 - INFO - composites.py:307 - Reproject from UTM Zone to Tile geometry -> CRS(EPSG:32634), Resampling.bilinear
2025-08-31 13:53:08,294 - INFO - composites.py:310 -     New shape of datasets: Shape2d(x=2400, y=2400)
2025-08-31 13:53:08,902 - INFO - composites.py:329 - Scale SR to Sen2Cor Baseline 4.00 - Subtract 1000 in dates post 2022-01-25
2025-08-31 13:53:10,451 - INFO - composites.py:342 - Creating preview plot of input scenes
2025-08-31 13:53:44,000 - INFO - timeseries_processing.py:349 - Saved preview for 'B04' to //nas-rs.topo.auth.gr/Latomeia/DROUGHT/composites/x09/y10/2023/07/01/S2L2A_medcomp_x09y10_202307_InDataPreview.jpeg
2025-08-31 13:53:44,009 - INFO - composites.py:348 - Clip value range
2025-08-31 13:53:46,040 - INFO - composites.py:353 -                           
2025-08-31 13:53:46,053 - INFO - composites.py:354 - Computing spectral indices:
2025-08-31 13:53:46,053 - INFO - composites.py:357 -     EVI...
2025-08-31 13:53:47,466 - INFO - composites.py:359 -     NDVI...
2025-08-31 13:53:47,997 - INFO - composites.py:361 -     PSRI2...
2025-08-31 13:53:48,339 - INFO - composites.py:364 - Clip to typical value range
2025-08-31 13:53:48,750 - INFO - composites.py:371 - Reducing to median value temporal composite
2025-08-31 13:54:15,848 - INFO - composites.py:390 - Scale and Define data types & nodata per band
2025-08-31 13:54:15,972 - INFO - composites.py:411 - Assign time range and tile ID in metadata
2025-08-31 13:54:15,972 - INFO - composites.py:419 - Write bands to raster COG files
2025-08-31 13:54:19,940 - INFO - composites.py:432 - Write B02 -> //nas-rs.topo.auth.gr/Latomeia/DROUGHT/composites/x09/y10/2023/07/01/S2L2A_medcomp_x09y10_202307_B02.tif
2025-08-31 13:54:24,068 - INFO - composites.py:432 - Write B03 -> //nas-rs.topo.auth.gr/Latomeia/DROUGHT/composites/x09/y10/2023/07/01/S2L2A_medcomp_x09y10_202307_B03.tif
2025-08-31 13:54:28,072 - INFO - composites.py:432 - Write B04 -> //nas-rs.topo.auth.gr/Latomeia/DROUGHT/composites/x09/y10/2023/07/01/S2L2A_medcomp_x09y10_202307_B04.tif
2025-08-31 13:54:31,958 - INFO - composites.py:432 - Write B05 -> //nas-rs.topo.auth.gr/Latomeia/DROUGHT/composites/x09/y10/2023/07/01/S2L2A_medcomp_x09y10_202307_B05.tif
2025-08-31 13:54:35,987 - INFO - composites.py:432 - Write B07 -> //nas-rs.topo.auth.gr/Latomeia/DROUGHT/composites/x09/y10/2023/07/01/S2L2A_medcomp_x09y10_202307_B07.tif
2025-08-31 13:54:39,891 - INFO - composites.py:432 - Write B8A -> //nas-rs.topo.auth.gr/Latomeia/DROUGHT/composites/x09/y10/2023/07/01/S2L2A_medcomp_x09y10_202307_B8A.tif
2025-08-31 13:54:43,805 - INFO - composites.py:432 - Write EVI -> //nas-rs.topo.auth.gr/Latomeia/DROUGHT/composites/x09/y10/2023/07/01/S2L2A_medcomp_x09y10_202307_EVI.tif
2025-08-31 13:54:47,782 - INFO - composites.py:432 - Write NDVI -> //nas-rs.topo.auth.gr/Latomeia/DROUGHT/composites/x09/y10/2023/07/01/S2L2A_medcomp_x09y10_202307_NDVI.tif
2025-08-31 13:54:51,722 - INFO - composites.py:432 - Write PSRI2 -> //nas-rs.topo.auth.gr/Latomeia/DROUGHT/composites/x09/y10/2023/07/01/S2L2A_medcomp_x09y10_202307_PSRI2.tif
2025-08-31 13:54:51,723 - INFO - composites.py:436 - Prepare metadata YAML document
2025-08-31 13:54:52,338 - INFO - composites.py:458 - Write metadata YAML document to disk
2025-08-31 13:54:52,405 - INFO - composites.py:463 - Create datacube.model.Dataset from eo3 metadata
2025-08-31 13:54:52,417 - INFO - composites.py:476 - Index to datacube
2025-08-31 13:54:52,417 - INFO - _datasets.py:191 - Indexing 3fef577f-611a-4e80-9780-e2f5be94d312
2025-08-31 13:54:52,427 - INFO - composites.py:479 - 
2025-08-31 13:54:52,427 - INFO - composites.py:480 -              ✔✔✔ COMPLETED: Tile x09_y10 | Time: 2023-07 | In 12.1 minutes
2025-08-31 13:54:52,427 - INFO - composites.py:481 - 
2025-08-31 13:54:52,427 - INFO - composites.py:489 - Closing Dask client
2025-08-31 13:54:52,429 - INFO - composites.py:493 - Closing Dask cluster
2025-08-31 13:54:52,429 - INFO - composites.py:494 - #######################################################################
