2025-08-31 06:40:45,467 - INFO - composites.py:102 - #######################################################################
2025-08-31 06:40:45,467 - INFO - composites.py:104 - Processing started
2025-08-31 06:40:45,467 - INFO - composites.py:105 -         Tile: x08_y10
2025-08-31 06:40:45,468 - INFO - composites.py:106 -         Time: 2023-05
2025-08-31 06:40:45,468 - INFO - composites.py:109 -                           
2025-08-31 06:40:45,468 - INFO - composites.py:110 - Establishing connection to datacube
2025-08-31 06:40:46,009 - INFO - composites.py:113 -                           
2025-08-31 06:40:46,010 - INFO - composites.py:114 - Sanity test: Check if dataset already exists in the datacube
2025-08-31 06:40:46,030 - INFO - composites.py:133 - The composite requested was not found and it will be computed
2025-08-31 06:40:46,030 - INFO - composites.py:136 -                                  
2025-08-31 06:40:46,030 - INFO - composites.py:137 - Initializing Dask cluster for parallelization
2025-08-31 06:40:51,216 - INFO - composites.py:161 - Dask dashboard is available at: http://127.0.0.1:8787/status
2025-08-31 06:40:51,216 - INFO - composites.py:164 - Create directories and naming conversions
2025-08-31 06:40:51,227 - INFO - composites.py:177 - Dataset location: //nas-rs.topo.auth.gr/Latomeia/DROUGHT/composites/x08/y10/2023/05/01
2025-08-31 06:40:51,227 - INFO - composites.py:180 -                           
2025-08-31 06:40:51,227 - INFO - composites.py:181 - Retrieve tile geometry
2025-08-31 06:40:51,273 - INFO - composites.py:192 - Create the Bounding Box (φ,λ)
2025-08-31 06:40:51,273 - INFO - composites.py:198 - Create the Bounding Box (x,y)
2025-08-31 06:40:51,273 - INFO - composites.py:211 -                           
2025-08-31 06:40:51,274 - INFO - composites.py:212 - Connect to Planetary Computer STAC Catalog
2025-08-31 06:40:51,535 - INFO - composites.py:220 - Search the STAC Catalog
2025-08-31 06:40:51,603 - INFO - composites.py:232 -         Query parameters:
2025-08-31 06:40:51,603 - INFO - composites.py:233 -             url:          https://planetarycomputer.microsoft.com/api/stac/v1/search
2025-08-31 06:40:51,604 - INFO - composites.py:234 -             client:       microsoft-pc
2025-08-31 06:40:51,604 - INFO - composites.py:235 -             collection:   sentinel-2-l2a
2025-08-31 06:40:51,604 - INFO - composites.py:236 -             bbox:         (21.39721400014901, 37.8618519319046, 22.06142649589928, 38.40819969704171)
2025-08-31 06:40:51,604 - INFO - composites.py:237 -             time range:   2023-05-01T00:00:00Z/2023-05-31T23:59:59Z
2025-08-31 06:40:51,604 - INFO - composites.py:238 -             cloud cover:  0% - 70%
2025-08-31 06:40:51,604 - INFO - composites.py:239 -             nodata cover: 0% - 33%
2025-08-31 06:40:51,604 - INFO - composites.py:241 -                           
2025-08-31 06:40:51,604 - INFO - composites.py:242 - Searching...
2025-08-31 06:40:52,021 - INFO - composites.py:245 - Query found 9 items
2025-08-31 06:40:52,021 - INFO - composites.py:247 - Searching for GRI REFINED scenes:
2025-08-31 06:40:56,398 - INFO - sentinel2.py:78 - 1/9 - S2A_MSIL2A_20230528T092031_R093_T34SEH_20240908T070358 -> REFINED
2025-08-31 06:41:01,075 - INFO - sentinel2.py:78 - 2/9 - S2A_MSIL2A_20230528T092031_R093_T34SEH_20230528T154844 -> REFINED
2025-08-31 06:41:05,653 - INFO - sentinel2.py:78 - 3/9 - S2A_MSIL2A_20230528T092031_R093_T34SEG_20240908T070358 -> REFINED
2025-08-31 06:41:10,482 - INFO - sentinel2.py:78 - 4/9 - S2A_MSIL2A_20230528T092031_R093_T34SEG_20230528T152442 -> REFINED
2025-08-31 06:41:15,495 - INFO - sentinel2.py:78 - 5/9 - S2B_MSIL2A_20230523T091559_R093_T34SEH_20240907T095759 -> REFINED
2025-08-31 06:41:20,377 - INFO - sentinel2.py:78 - 6/9 - S2B_MSIL2A_20230523T091559_R093_T34SEH_20230523T162100 -> REFINED
2025-08-31 06:41:24,276 - INFO - sentinel2.py:78 - 7/9 - S2B_MSIL2A_20230523T091559_R093_T34SEG_20230523T141656 -> REFINED
2025-08-31 06:41:29,274 - INFO - sentinel2.py:78 - 8/9 - S2A_MSIL2A_20230518T092031_R093_T34SEH_20230518T173408 -> REFINED
2025-08-31 06:41:33,268 - INFO - sentinel2.py:78 - 9/9 - S2A_MSIL2A_20230518T092031_R093_T34SEG_20230518T173757 -> REFINED
2025-08-31 06:41:33,302 - INFO - composites.py:250 -                                  
2025-08-31 06:41:33,302 - INFO - composites.py:251 - 9/9 were refined by GRI.
2025-08-31 06:41:33,303 - INFO - composites.py:263 - Looking for up to 10 cleanest images within spatiotemporal range of each MGRS tile
2025-08-31 06:41:33,303 - INFO - composites.py:277 - Filtered cleanest scenes: Kept 9 out of 9 items. 
2025-08-31 06:41:33,303 - INFO - composites.py:278 -         Included MGRS Tiles: ['34SEG' '34SEH']
2025-08-31 06:41:33,313 - INFO - composites.py:279 -         Included EPSG codes: [32634]
2025-08-31 06:41:33,314 - INFO - composites.py:281 - Selected scenes:
2025-08-31 06:41:33,314 - INFO - composites.py:283 -         S2A_MSIL2A_20230518T092031_R093_T34SEG_20230518T173757
2025-08-31 06:41:33,314 - INFO - composites.py:283 -         S2B_MSIL2A_20230523T091559_R093_T34SEG_20230523T141656
2025-08-31 06:41:33,314 - INFO - composites.py:283 -         S2A_MSIL2A_20230528T092031_R093_T34SEG_20240908T070358
2025-08-31 06:41:33,314 - INFO - composites.py:283 -         S2A_MSIL2A_20230528T092031_R093_T34SEG_20230528T152442
2025-08-31 06:41:33,314 - INFO - composites.py:283 -         S2A_MSIL2A_20230518T092031_R093_T34SEH_20230518T173408
2025-08-31 06:41:33,314 - INFO - composites.py:283 -         S2B_MSIL2A_20230523T091559_R093_T34SEH_20240907T095759
2025-08-31 06:41:33,314 - INFO - composites.py:283 -         S2B_MSIL2A_20230523T091559_R093_T34SEH_20230523T162100
2025-08-31 06:41:33,314 - INFO - composites.py:283 -         S2A_MSIL2A_20230528T092031_R093_T34SEH_20240908T070358
2025-08-31 06:41:33,314 - INFO - composites.py:283 -         S2A_MSIL2A_20230528T092031_R093_T34SEH_20230528T154844
2025-08-31 06:41:33,693 - INFO - sentinel2.py:154 - Matplotlib backend: Agg
2025-08-31 06:41:33,845 - INFO - sentinel2.py:224 - Write input scenes footprint overlay: //nas-rs.topo.auth.gr/Latomeia/DROUGHT/composites/x08/y10/2023/05/01/S2L2A_medcomp_x08y10_202305_InDataFootprint.jpeg
2025-08-31 06:41:34,068 - INFO - composites.py:297 -                                  
2025-08-31 06:41:34,068 - INFO - composites.py:298 - Downstream STAC items from Planetary Computer
2025-08-31 06:41:34,068 - INFO - timeseries_processing.py:115 -                                  
2025-08-31 06:41:34,068 - INFO - timeseries_processing.py:116 - Loading bands of diferent resolutions in EPSG:32634
2025-08-31 06:41:34,068 - INFO - timeseries_processing.py:120 -     Filtering items with native UTM EPSG:32634
2025-08-31 06:41:34,068 - INFO - timeseries_processing.py:122 -     9 Items in EPSG:32634
2025-08-31 06:41:34,068 - INFO - timeseries_processing.py:129 -                        
2025-08-31 06:41:34,068 - INFO - timeseries_processing.py:130 -     Loading parameters:
2025-08-31 06:41:34,068 - INFO - timeseries_processing.py:131 -         Bands: ['B05', 'B07', 'B8A', 'SCL']
2025-08-31 06:41:34,068 - INFO - timeseries_processing.py:132 -         Spatial resolution: 20
2025-08-31 06:41:34,068 - INFO - timeseries_processing.py:134 -         Get Assets from STAC Items
2025-08-31 06:41:34,068 - INFO - timeseries_processing.py:47 -         Initialize the STAC client
2025-08-31 06:41:34,661 - INFO - timeseries_processing.py:137 -         Loading 9 STAC Items....
2025-08-31 06:42:13,237 - INFO - timeseries_processing.py:146 -         Cube has been downloaded
2025-08-31 06:42:13,237 - INFO - timeseries_processing.py:156 -         Fix order of dimensions
2025-08-31 06:42:13,238 - INFO - timeseries_processing.py:161 -         Append bands to the band-list of EPSG:32634
2025-08-31 06:42:13,238 - INFO - timeseries_processing.py:129 -                        
2025-08-31 06:42:13,238 - INFO - timeseries_processing.py:130 -     Loading parameters:
2025-08-31 06:42:13,238 - INFO - timeseries_processing.py:131 -         Bands: ['B02', 'B03', 'B04']
2025-08-31 06:42:13,238 - INFO - timeseries_processing.py:132 -         Spatial resolution: 10
2025-08-31 06:42:13,240 - INFO - timeseries_processing.py:134 -         Get Assets from STAC Items
2025-08-31 06:42:13,240 - INFO - timeseries_processing.py:47 -         Initialize the STAC client
2025-08-31 06:42:13,755 - INFO - timeseries_processing.py:137 -         Loading 9 STAC Items....
2025-08-31 06:43:08,647 - INFO - timeseries_processing.py:146 -         Cube has been downloaded
2025-08-31 06:43:08,647 - INFO - timeseries_processing.py:149 -         Reproject to downsample 10m bands to 20m by Resampling.average 2x2 binning and shape matching with odc.geo.GeoBox
2025-08-31 06:43:13,149 - INFO - timeseries_processing.py:161 -         Append bands to the band-list of EPSG:32634
2025-08-31 06:43:13,149 - INFO - timeseries_processing.py:165 -                        
2025-08-31 06:43:13,149 - INFO - timeseries_processing.py:166 -     Merging bands in a single dataset
2025-08-31 06:43:13,149 - INFO - timeseries_processing.py:167 -     Ensure all partial datasets are at (x=20, y=-20) resolution
2025-08-31 06:43:13,149 - INFO - timeseries_processing.py:171 -     Clip to the intersection of indexes
2025-08-31 06:43:14,301 - INFO - timeseries_processing.py:180 -     Make a list of bands to merge
2025-08-31 06:43:14,302 - INFO - timeseries_processing.py:184 -     Merge on intersection
2025-08-31 06:43:14,304 - INFO - timeseries_processing.py:192 -     Apply masks on clouds, shadows, thin cirrus, and snow/ice
2025-08-31 06:43:14,304 - INFO - sentinel2.py:122 -                Masking bits: [3, 7, 8, 9, 10, 11]
2025-08-31 06:43:14,696 - INFO - composites.py:307 - Reproject from UTM Zone to Tile geometry -> CRS(EPSG:32634), Resampling.bilinear
2025-08-31 06:43:16,721 - INFO - composites.py:310 -     New shape of datasets: Shape2d(x=2400, y=2400)
2025-08-31 06:43:17,191 - INFO - composites.py:329 - Scale SR to Sen2Cor Baseline 4.00 - Subtract 1000 in dates post 2022-01-25
2025-08-31 06:43:17,673 - INFO - composites.py:342 - Creating preview plot of input scenes
2025-08-31 06:43:36,559 - INFO - timeseries_processing.py:349 - Saved preview for 'B04' to //nas-rs.topo.auth.gr/Latomeia/DROUGHT/composites/x08/y10/2023/05/01/S2L2A_medcomp_x08y10_202305_InDataPreview.jpeg
2025-08-31 06:43:36,561 - INFO - composites.py:348 - Clip value range
2025-08-31 06:43:37,168 - INFO - composites.py:353 -                           
2025-08-31 06:43:37,168 - INFO - composites.py:354 - Computing spectral indices:
2025-08-31 06:43:37,168 - INFO - composites.py:357 -     EVI...
2025-08-31 06:43:37,580 - INFO - composites.py:359 -     NDVI...
2025-08-31 06:43:37,701 - INFO - composites.py:361 -     PSRI2...
2025-08-31 06:43:37,780 - INFO - composites.py:364 - Clip to typical value range
2025-08-31 06:43:37,884 - INFO - composites.py:371 - Reducing to median value temporal composite
2025-08-31 06:43:59,252 - INFO - composites.py:390 - Scale and Define data types & nodata per band
2025-08-31 06:43:59,376 - INFO - composites.py:411 - Assign time range and tile ID in metadata
2025-08-31 06:43:59,377 - INFO - composites.py:419 - Write bands to raster COG files
2025-08-31 06:44:03,813 - INFO - composites.py:432 - Write B02 -> //nas-rs.topo.auth.gr/Latomeia/DROUGHT/composites/x08/y10/2023/05/01/S2L2A_medcomp_x08y10_202305_B02.tif
2025-08-31 06:44:07,777 - INFO - composites.py:432 - Write B03 -> //nas-rs.topo.auth.gr/Latomeia/DROUGHT/composites/x08/y10/2023/05/01/S2L2A_medcomp_x08y10_202305_B03.tif
2025-08-31 06:44:11,683 - INFO - composites.py:432 - Write B04 -> //nas-rs.topo.auth.gr/Latomeia/DROUGHT/composites/x08/y10/2023/05/01/S2L2A_medcomp_x08y10_202305_B04.tif
2025-08-31 06:44:15,656 - INFO - composites.py:432 - Write B05 -> //nas-rs.topo.auth.gr/Latomeia/DROUGHT/composites/x08/y10/2023/05/01/S2L2A_medcomp_x08y10_202305_B05.tif
2025-08-31 06:44:19,536 - INFO - composites.py:432 - Write B07 -> //nas-rs.topo.auth.gr/Latomeia/DROUGHT/composites/x08/y10/2023/05/01/S2L2A_medcomp_x08y10_202305_B07.tif
2025-08-31 06:44:23,481 - INFO - composites.py:432 - Write B8A -> //nas-rs.topo.auth.gr/Latomeia/DROUGHT/composites/x08/y10/2023/05/01/S2L2A_medcomp_x08y10_202305_B8A.tif
2025-08-31 06:44:27,384 - INFO - composites.py:432 - Write EVI -> //nas-rs.topo.auth.gr/Latomeia/DROUGHT/composites/x08/y10/2023/05/01/S2L2A_medcomp_x08y10_202305_EVI.tif
2025-08-31 06:44:31,251 - INFO - composites.py:432 - Write NDVI -> //nas-rs.topo.auth.gr/Latomeia/DROUGHT/composites/x08/y10/2023/05/01/S2L2A_medcomp_x08y10_202305_NDVI.tif
2025-08-31 06:44:35,205 - INFO - composites.py:432 - Write PSRI2 -> //nas-rs.topo.auth.gr/Latomeia/DROUGHT/composites/x08/y10/2023/05/01/S2L2A_medcomp_x08y10_202305_PSRI2.tif
2025-08-31 06:44:35,205 - INFO - composites.py:436 - Prepare metadata YAML document
2025-08-31 06:44:35,677 - INFO - composites.py:458 - Write metadata YAML document to disk
2025-08-31 06:44:35,725 - INFO - composites.py:463 - Create datacube.model.Dataset from eo3 metadata
2025-08-31 06:44:35,734 - INFO - composites.py:476 - Index to datacube
2025-08-31 06:44:35,734 - INFO - _datasets.py:191 - Indexing a211c9f4-bbd7-4e10-9e7e-220155ff506d
2025-08-31 06:44:35,744 - INFO - composites.py:479 - 
2025-08-31 06:44:35,744 - INFO - composites.py:480 -              ✔✔✔ COMPLETED: Tile x08_y10 | Time: 2023-05 | In 3.84 minutes
2025-08-31 06:44:35,744 - INFO - composites.py:481 - 
2025-08-31 06:44:35,744 - INFO - composites.py:489 - Closing Dask client
2025-08-31 06:44:35,746 - INFO - composites.py:493 - Closing Dask cluster
2025-08-31 06:44:35,746 - INFO - composites.py:494 - #######################################################################
