2025-08-31 14:06:05,117 - INFO - composites.py:102 - #######################################################################
2025-08-31 14:06:05,118 - INFO - composites.py:104 - Processing started
2025-08-31 14:06:05,118 - INFO - composites.py:105 -         Tile: x09_y12
2025-08-31 14:06:05,118 - INFO - composites.py:106 -         Time: 2023-07
2025-08-31 14:06:05,118 - INFO - composites.py:109 -                           
2025-08-31 14:06:05,118 - INFO - composites.py:110 - Establishing connection to datacube
2025-08-31 14:06:05,710 - INFO - composites.py:113 -                           
2025-08-31 14:06:05,712 - INFO - composites.py:114 - Sanity test: Check if dataset already exists in the datacube
2025-08-31 14:06:05,731 - INFO - composites.py:133 - The composite requested was not found and it will be computed
2025-08-31 14:06:05,731 - INFO - composites.py:136 -                                  
2025-08-31 14:06:05,731 - INFO - composites.py:137 - Initializing Dask cluster for parallelization
2025-08-31 14:06:11,159 - INFO - composites.py:161 - Dask dashboard is available at: http://127.0.0.1:8787/status
2025-08-31 14:06:11,159 - INFO - composites.py:164 - Create directories and naming conversions
2025-08-31 14:06:11,172 - INFO - composites.py:177 - Dataset location: //nas-rs.topo.auth.gr/Latomeia/DROUGHT/composites/x09/y12/2023/07/01
2025-08-31 14:06:11,172 - INFO - composites.py:180 -                           
2025-08-31 14:06:11,172 - INFO - composites.py:181 - Retrieve tile geometry
2025-08-31 14:06:11,204 - INFO - composites.py:192 - Create the Bounding Box (φ,λ)
2025-08-31 14:06:11,204 - INFO - composites.py:198 - Create the Bounding Box (x,y)
2025-08-31 14:06:11,205 - INFO - composites.py:211 -                           
2025-08-31 14:06:11,205 - INFO - composites.py:212 - Connect to Planetary Computer STAC Catalog
2025-08-31 14:06:11,450 - INFO - composites.py:220 - Search the STAC Catalog
2025-08-31 14:06:11,522 - INFO - composites.py:232 -         Query parameters:
2025-08-31 14:06:11,523 - INFO - composites.py:233 -             url:          https://planetarycomputer.microsoft.com/api/stac/v1/search
2025-08-31 14:06:11,523 - INFO - composites.py:234 -             client:       microsoft-pc
2025-08-31 14:06:11,523 - INFO - composites.py:235 -             collection:   sentinel-2-l2a
2025-08-31 14:06:11,523 - INFO - composites.py:236 -             bbox:         (22.08935468900074, 38.65012671670289, 22.765437865885517, 39.19940074346311)
2025-08-31 14:06:11,523 - INFO - composites.py:237 -             time range:   2023-07-01T00:00:00Z/2023-07-31T23:59:59Z
2025-08-31 14:06:11,523 - INFO - composites.py:238 -             cloud cover:  0% - 70%
2025-08-31 14:06:11,523 - INFO - composites.py:239 -             nodata cover: 0% - 33%
2025-08-31 14:06:11,523 - INFO - composites.py:241 -                           
2025-08-31 14:06:11,523 - INFO - composites.py:242 - Searching...
2025-08-31 14:06:12,017 - INFO - composites.py:245 - Query found 39 items
2025-08-31 14:06:12,018 - INFO - composites.py:247 - Searching for GRI REFINED scenes:
2025-08-31 14:06:16,309 - INFO - sentinel2.py:78 - 1/39 - S2A_MSIL2A_20230727T092031_R093_T34SFJ_20230727T174025 -> REFINED
2025-08-31 14:06:21,365 - INFO - sentinel2.py:78 - 2/39 - S2A_MSIL2A_20230727T092031_R093_T34SFH_20230727T171649 -> REFINED
2025-08-31 14:06:26,175 - INFO - sentinel2.py:78 - 3/39 - S2A_MSIL2A_20230727T092031_R093_T34SEJ_20230727T171654 -> REFINED
2025-08-31 14:06:30,725 - INFO - sentinel2.py:78 - 4/39 - S2A_MSIL2A_20230727T092031_R093_T34SEH_20230727T171838 -> REFINED
2025-08-31 14:06:34,898 - INFO - sentinel2.py:78 - 5/39 - S2B_MSIL2A_20230722T091559_R093_T34SFJ_20241121T023228 -> REFINED
2025-08-31 14:06:39,331 - INFO - sentinel2.py:78 - 6/39 - S2B_MSIL2A_20230722T091559_R093_T34SFJ_20230722T135020 -> REFINED
2025-08-31 14:06:44,155 - INFO - sentinel2.py:78 - 7/39 - S2B_MSIL2A_20230722T091559_R093_T34SFH_20241121T023228 -> REFINED
2025-08-31 14:06:49,556 - INFO - sentinel2.py:78 - 8/39 - S2B_MSIL2A_20230722T091559_R093_T34SFH_20230722T151855 -> REFINED
2025-08-31 14:06:55,334 - INFO - sentinel2.py:78 - 9/39 - S2B_MSIL2A_20230722T091559_R093_T34SEJ_20241121T023228 -> REFINED
2025-08-31 14:07:00,024 - INFO - sentinel2.py:78 - 10/39 - S2B_MSIL2A_20230722T091559_R093_T34SEJ_20230722T151854 -> REFINED
2025-08-31 14:07:05,013 - INFO - sentinel2.py:78 - 11/39 - S2B_MSIL2A_20230722T091559_R093_T34SEH_20241121T023228 -> REFINED
2025-08-31 14:07:09,641 - INFO - sentinel2.py:78 - 12/39 - S2B_MSIL2A_20230722T091559_R093_T34SEH_20230722T134555 -> REFINED
2025-08-31 14:07:14,968 - INFO - sentinel2.py:78 - 13/39 - S2A_MSIL2A_20230717T092031_R093_T34SFJ_20241017T203347 -> REFINED
2025-08-31 14:07:20,396 - INFO - sentinel2.py:78 - 14/39 - S2A_MSIL2A_20230717T092031_R093_T34SFJ_20230717T171047 -> REFINED
2025-08-31 14:07:24,806 - INFO - sentinel2.py:78 - 15/39 - S2A_MSIL2A_20230717T092031_R093_T34SFH_20241017T203347 -> REFINED
2025-08-31 14:07:29,833 - INFO - sentinel2.py:78 - 16/39 - S2A_MSIL2A_20230717T092031_R093_T34SFH_20230717T170606 -> REFINED
2025-08-31 14:07:34,513 - INFO - sentinel2.py:78 - 17/39 - S2A_MSIL2A_20230717T092031_R093_T34SEJ_20241017T203347 -> REFINED
2025-08-31 14:07:39,622 - INFO - sentinel2.py:78 - 18/39 - S2A_MSIL2A_20230717T092031_R093_T34SEJ_20230717T171038 -> REFINED
2025-08-31 14:07:44,954 - INFO - sentinel2.py:78 - 19/39 - S2A_MSIL2A_20230717T092031_R093_T34SEH_20241017T203347 -> REFINED
2025-08-31 14:07:49,469 - INFO - sentinel2.py:78 - 20/39 - S2A_MSIL2A_20230717T092031_R093_T34SEH_20230717T171055 -> REFINED
2025-08-31 14:07:54,713 - INFO - sentinel2.py:78 - 21/39 - S2B_MSIL2A_20230712T091559_R093_T34SFJ_20241018T073726 -> REFINED
2025-08-31 14:07:59,133 - INFO - sentinel2.py:78 - 22/39 - S2B_MSIL2A_20230712T091559_R093_T34SFJ_20230712T152949 -> REFINED
2025-08-31 14:08:03,841 - INFO - sentinel2.py:78 - 23/39 - S2B_MSIL2A_20230712T091559_R093_T34SFH_20241018T073726 -> REFINED
2025-08-31 14:08:08,863 - INFO - sentinel2.py:78 - 24/39 - S2B_MSIL2A_20230712T091559_R093_T34SFH_20230712T152949 -> REFINED
2025-08-31 14:08:13,707 - INFO - sentinel2.py:78 - 25/39 - S2B_MSIL2A_20230712T091559_R093_T34SEJ_20241018T073726 -> REFINED
2025-08-31 14:08:17,856 - INFO - sentinel2.py:78 - 26/39 - S2B_MSIL2A_20230712T091559_R093_T34SEJ_20230712T152951 -> REFINED
2025-08-31 14:08:23,056 - INFO - sentinel2.py:78 - 27/39 - S2B_MSIL2A_20230712T091559_R093_T34SEH_20241018T073726 -> REFINED
2025-08-31 14:08:27,962 - INFO - sentinel2.py:78 - 28/39 - S2B_MSIL2A_20230712T091559_R093_T34SEH_20230712T152950 -> REFINED
2025-08-31 14:08:32,314 - INFO - sentinel2.py:78 - 29/39 - S2A_MSIL2A_20230707T092031_R093_T34SFJ_20241021T171021 -> REFINED
2025-08-31 14:08:37,667 - INFO - sentinel2.py:78 - 30/39 - S2A_MSIL2A_20230707T092031_R093_T34SFJ_20230707T162804 -> REFINED
2025-08-31 14:08:42,973 - INFO - sentinel2.py:78 - 31/39 - S2A_MSIL2A_20230707T092031_R093_T34SFH_20241021T171021 -> REFINED
2025-08-31 14:08:48,026 - INFO - sentinel2.py:78 - 32/39 - S2A_MSIL2A_20230707T092031_R093_T34SFH_20230707T162752 -> REFINED
2025-08-31 14:08:52,693 - INFO - sentinel2.py:78 - 33/39 - S2A_MSIL2A_20230707T092031_R093_T34SEJ_20241021T171021 -> REFINED
2025-08-31 14:08:58,085 - INFO - sentinel2.py:78 - 34/39 - S2A_MSIL2A_20230707T092031_R093_T34SEJ_20230707T162756 -> REFINED
2025-08-31 14:09:03,784 - INFO - sentinel2.py:78 - 35/39 - S2A_MSIL2A_20230707T092031_R093_T34SEH_20241021T171021 -> REFINED
2025-08-31 14:09:08,203 - INFO - sentinel2.py:78 - 36/39 - S2A_MSIL2A_20230707T092031_R093_T34SEH_20230707T164553 -> REFINED
2025-08-31 14:09:12,926 - INFO - sentinel2.py:78 - 37/39 - S2B_MSIL2A_20230702T091559_R093_T34SFJ_20230702T145610 -> REFINED
2025-08-31 14:09:17,664 - INFO - sentinel2.py:78 - 38/39 - S2B_MSIL2A_20230702T091559_R093_T34SFH_20230702T134552 -> REFINED
2025-08-31 14:09:24,256 - INFO - sentinel2.py:78 - 39/39 - S2B_MSIL2A_20230702T091559_R093_T34SEH_20230702T145846 -> REFINED
2025-08-31 14:09:24,298 - INFO - composites.py:250 -                                  
2025-08-31 14:09:24,298 - INFO - composites.py:251 - 39/39 were refined by GRI.
2025-08-31 14:09:24,298 - INFO - composites.py:263 - Looking for up to 10 cleanest images within spatiotemporal range of each MGRS tile
2025-08-31 14:09:24,299 - INFO - composites.py:277 - Filtered cleanest scenes: Kept 39 out of 39 items. 
2025-08-31 14:09:24,299 - INFO - composites.py:278 -         Included MGRS Tiles: ['34SEH' '34SEJ' '34SFH' '34SFJ']
2025-08-31 14:09:24,299 - INFO - composites.py:279 -         Included EPSG codes: [32634]
2025-08-31 14:09:24,299 - INFO - composites.py:281 - Selected scenes:
2025-08-31 14:09:24,300 - INFO - composites.py:283 -         S2B_MSIL2A_20230712T091559_R093_T34SEH_20241018T073726
2025-08-31 14:09:24,300 - INFO - composites.py:283 -         S2B_MSIL2A_20230712T091559_R093_T34SEH_20230712T152950
2025-08-31 14:09:24,311 - INFO - composites.py:283 -         S2B_MSIL2A_20230722T091559_R093_T34SEH_20230722T134555
2025-08-31 14:09:24,311 - INFO - composites.py:283 -         S2B_MSIL2A_20230722T091559_R093_T34SEH_20241121T023228
2025-08-31 14:09:24,311 - INFO - composites.py:283 -         S2A_MSIL2A_20230727T092031_R093_T34SEH_20230727T171838
2025-08-31 14:09:24,311 - INFO - composites.py:283 -         S2A_MSIL2A_20230717T092031_R093_T34SEH_20230717T171055
2025-08-31 14:09:24,311 - INFO - composites.py:283 -         S2A_MSIL2A_20230717T092031_R093_T34SEH_20241017T203347
2025-08-31 14:09:24,311 - INFO - composites.py:283 -         S2A_MSIL2A_20230707T092031_R093_T34SEH_20241021T171021
2025-08-31 14:09:24,311 - INFO - composites.py:283 -         S2A_MSIL2A_20230707T092031_R093_T34SEH_20230707T164553
2025-08-31 14:09:24,311 - INFO - composites.py:283 -         S2B_MSIL2A_20230702T091559_R093_T34SEH_20230702T145846
2025-08-31 14:09:24,311 - INFO - composites.py:283 -         S2B_MSIL2A_20230722T091559_R093_T34SEJ_20230722T151854
2025-08-31 14:09:24,312 - INFO - composites.py:283 -         S2B_MSIL2A_20230712T091559_R093_T34SEJ_20241018T073726
2025-08-31 14:09:24,312 - INFO - composites.py:283 -         S2B_MSIL2A_20230722T091559_R093_T34SEJ_20241121T023228
2025-08-31 14:09:24,312 - INFO - composites.py:283 -         S2B_MSIL2A_20230712T091559_R093_T34SEJ_20230712T152951
2025-08-31 14:09:24,312 - INFO - composites.py:283 -         S2A_MSIL2A_20230727T092031_R093_T34SEJ_20230727T171654
2025-08-31 14:09:24,312 - INFO - composites.py:283 -         S2A_MSIL2A_20230717T092031_R093_T34SEJ_20230717T171038
2025-08-31 14:09:24,312 - INFO - composites.py:283 -         S2A_MSIL2A_20230717T092031_R093_T34SEJ_20241017T203347
2025-08-31 14:09:24,312 - INFO - composites.py:283 -         S2A_MSIL2A_20230707T092031_R093_T34SEJ_20230707T162756
2025-08-31 14:09:24,312 - INFO - composites.py:283 -         S2A_MSIL2A_20230707T092031_R093_T34SEJ_20241021T171021
2025-08-31 14:09:24,312 - INFO - composites.py:283 -         S2B_MSIL2A_20230712T091559_R093_T34SFH_20241018T073726
2025-08-31 14:09:24,312 - INFO - composites.py:283 -         S2B_MSIL2A_20230712T091559_R093_T34SFH_20230712T152949
2025-08-31 14:09:24,312 - INFO - composites.py:283 -         S2B_MSIL2A_20230722T091559_R093_T34SFH_20230722T151855
2025-08-31 14:09:24,312 - INFO - composites.py:283 -         S2B_MSIL2A_20230722T091559_R093_T34SFH_20241121T023228
2025-08-31 14:09:24,312 - INFO - composites.py:283 -         S2A_MSIL2A_20230727T092031_R093_T34SFH_20230727T171649
2025-08-31 14:09:24,312 - INFO - composites.py:283 -         S2A_MSIL2A_20230717T092031_R093_T34SFH_20241017T203347
2025-08-31 14:09:24,312 - INFO - composites.py:283 -         S2A_MSIL2A_20230717T092031_R093_T34SFH_20230717T170606
2025-08-31 14:09:24,313 - INFO - composites.py:283 -         S2B_MSIL2A_20230702T091559_R093_T34SFH_20230702T134552
2025-08-31 14:09:24,313 - INFO - composites.py:283 -         S2A_MSIL2A_20230707T092031_R093_T34SFH_20230707T162752
2025-08-31 14:09:24,313 - INFO - composites.py:283 -         S2A_MSIL2A_20230707T092031_R093_T34SFH_20241021T171021
2025-08-31 14:09:24,313 - INFO - composites.py:283 -         S2B_MSIL2A_20230722T091559_R093_T34SFJ_20241121T023228
2025-08-31 14:09:24,313 - INFO - composites.py:283 -         S2B_MSIL2A_20230722T091559_R093_T34SFJ_20230722T135020
2025-08-31 14:09:24,313 - INFO - composites.py:283 -         S2B_MSIL2A_20230712T091559_R093_T34SFJ_20230712T152949
2025-08-31 14:09:24,313 - INFO - composites.py:283 -         S2B_MSIL2A_20230712T091559_R093_T34SFJ_20241018T073726
2025-08-31 14:09:24,313 - INFO - composites.py:283 -         S2A_MSIL2A_20230727T092031_R093_T34SFJ_20230727T174025
2025-08-31 14:09:24,313 - INFO - composites.py:283 -         S2A_MSIL2A_20230717T092031_R093_T34SFJ_20241017T203347
2025-08-31 14:09:24,313 - INFO - composites.py:283 -         S2A_MSIL2A_20230717T092031_R093_T34SFJ_20230717T171047
2025-08-31 14:09:24,313 - INFO - composites.py:283 -         S2A_MSIL2A_20230707T092031_R093_T34SFJ_20230707T162804
2025-08-31 14:09:24,313 - INFO - composites.py:283 -         S2A_MSIL2A_20230707T092031_R093_T34SFJ_20241021T171021
2025-08-31 14:09:24,313 - INFO - composites.py:283 -         S2B_MSIL2A_20230702T091559_R093_T34SFJ_20230702T145610
2025-08-31 14:09:24,786 - INFO - sentinel2.py:154 - Matplotlib backend: Agg
2025-08-31 14:09:25,096 - INFO - sentinel2.py:224 - Write input scenes footprint overlay: //nas-rs.topo.auth.gr/Latomeia/DROUGHT/composites/x09/y12/2023/07/01/S2L2A_medcomp_x09y12_202307_InDataFootprint.jpeg
2025-08-31 14:09:25,376 - INFO - composites.py:297 -                                  
2025-08-31 14:09:25,376 - INFO - composites.py:298 - Downstream STAC items from Planetary Computer
2025-08-31 14:09:25,376 - INFO - timeseries_processing.py:115 -                                  
2025-08-31 14:09:25,376 - INFO - timeseries_processing.py:116 - Loading bands of diferent resolutions in EPSG:32634
2025-08-31 14:09:25,376 - INFO - timeseries_processing.py:120 -     Filtering items with native UTM EPSG:32634
2025-08-31 14:09:25,376 - INFO - timeseries_processing.py:122 -     39 Items in EPSG:32634
2025-08-31 14:09:25,376 - INFO - timeseries_processing.py:129 -                        
2025-08-31 14:09:25,376 - INFO - timeseries_processing.py:130 -     Loading parameters:
2025-08-31 14:09:25,376 - INFO - timeseries_processing.py:131 -         Bands: ['B05', 'B07', 'B8A', 'SCL']
2025-08-31 14:09:25,376 - INFO - timeseries_processing.py:132 -         Spatial resolution: 20
2025-08-31 14:09:25,376 - INFO - timeseries_processing.py:134 -         Get Assets from STAC Items
2025-08-31 14:09:25,376 - INFO - timeseries_processing.py:47 -         Initialize the STAC client
2025-08-31 14:09:26,074 - INFO - timeseries_processing.py:137 -         Loading 39 STAC Items....
2025-08-31 14:11:58,972 - INFO - timeseries_processing.py:146 -         Cube has been downloaded
2025-08-31 14:11:58,972 - INFO - timeseries_processing.py:156 -         Fix order of dimensions
2025-08-31 14:11:58,981 - INFO - timeseries_processing.py:161 -         Append bands to the band-list of EPSG:32634
2025-08-31 14:11:58,981 - INFO - timeseries_processing.py:129 -                        
2025-08-31 14:11:58,981 - INFO - timeseries_processing.py:130 -     Loading parameters:
2025-08-31 14:11:58,981 - INFO - timeseries_processing.py:131 -         Bands: ['B02', 'B03', 'B04']
2025-08-31 14:11:58,986 - INFO - timeseries_processing.py:132 -         Spatial resolution: 10
2025-08-31 14:11:58,986 - INFO - timeseries_processing.py:134 -         Get Assets from STAC Items
2025-08-31 14:11:58,986 - INFO - timeseries_processing.py:47 -         Initialize the STAC client
2025-08-31 14:11:59,679 - INFO - timeseries_processing.py:137 -         Loading 39 STAC Items....
2025-08-31 14:17:31,908 - INFO - timeseries_processing.py:146 -         Cube has been downloaded
2025-08-31 14:17:31,909 - INFO - timeseries_processing.py:149 -         Reproject to downsample 10m bands to 20m by Resampling.average 2x2 binning and shape matching with odc.geo.GeoBox
2025-08-31 14:17:41,035 - INFO - timeseries_processing.py:161 -         Append bands to the band-list of EPSG:32634
2025-08-31 14:17:41,035 - INFO - timeseries_processing.py:165 -                        
2025-08-31 14:17:41,035 - INFO - timeseries_processing.py:166 -     Merging bands in a single dataset
2025-08-31 14:17:41,035 - INFO - timeseries_processing.py:167 -     Ensure all partial datasets are at (x=20, y=-20) resolution
2025-08-31 14:17:41,036 - INFO - timeseries_processing.py:171 -     Clip to the intersection of indexes
2025-08-31 14:17:42,268 - INFO - timeseries_processing.py:180 -     Make a list of bands to merge
2025-08-31 14:17:42,270 - INFO - timeseries_processing.py:184 -     Merge on intersection
2025-08-31 14:17:42,271 - INFO - timeseries_processing.py:192 -     Apply masks on clouds, shadows, thin cirrus, and snow/ice
2025-08-31 14:17:42,271 - INFO - sentinel2.py:122 -                Masking bits: [3, 7, 8, 9, 10, 11]
2025-08-31 14:17:43,101 - INFO - composites.py:307 - Reproject from UTM Zone to Tile geometry -> CRS(EPSG:32634), Resampling.bilinear
2025-08-31 14:17:47,160 - INFO - composites.py:310 -     New shape of datasets: Shape2d(x=2400, y=2400)
2025-08-31 14:17:47,714 - INFO - composites.py:329 - Scale SR to Sen2Cor Baseline 4.00 - Subtract 1000 in dates post 2022-01-25
2025-08-31 14:17:48,650 - INFO - composites.py:342 - Creating preview plot of input scenes
2025-08-31 14:18:14,183 - INFO - timeseries_processing.py:349 - Saved preview for 'B04' to //nas-rs.topo.auth.gr/Latomeia/DROUGHT/composites/x09/y12/2023/07/01/S2L2A_medcomp_x09y12_202307_InDataPreview.jpeg
2025-08-31 14:18:14,187 - INFO - composites.py:348 - Clip value range
2025-08-31 14:18:15,406 - INFO - composites.py:353 -                           
2025-08-31 14:18:15,411 - INFO - composites.py:354 - Computing spectral indices:
2025-08-31 14:18:15,412 - INFO - composites.py:357 -     EVI...
2025-08-31 14:18:16,199 - INFO - composites.py:359 -     NDVI...
2025-08-31 14:18:16,459 - INFO - composites.py:361 -     PSRI2...
2025-08-31 14:18:16,625 - INFO - composites.py:364 - Clip to typical value range
2025-08-31 14:18:16,830 - INFO - composites.py:371 - Reducing to median value temporal composite
2025-08-31 14:18:43,104 - INFO - composites.py:390 - Scale and Define data types & nodata per band
2025-08-31 14:18:43,233 - INFO - composites.py:411 - Assign time range and tile ID in metadata
2025-08-31 14:18:43,233 - INFO - composites.py:419 - Write bands to raster COG files
2025-08-31 14:18:47,299 - INFO - composites.py:432 - Write B02 -> //nas-rs.topo.auth.gr/Latomeia/DROUGHT/composites/x09/y12/2023/07/01/S2L2A_medcomp_x09y12_202307_B02.tif
2025-08-31 14:18:51,318 - INFO - composites.py:432 - Write B03 -> //nas-rs.topo.auth.gr/Latomeia/DROUGHT/composites/x09/y12/2023/07/01/S2L2A_medcomp_x09y12_202307_B03.tif
2025-08-31 14:18:55,362 - INFO - composites.py:432 - Write B04 -> //nas-rs.topo.auth.gr/Latomeia/DROUGHT/composites/x09/y12/2023/07/01/S2L2A_medcomp_x09y12_202307_B04.tif
2025-08-31 14:18:59,445 - INFO - composites.py:432 - Write B05 -> //nas-rs.topo.auth.gr/Latomeia/DROUGHT/composites/x09/y12/2023/07/01/S2L2A_medcomp_x09y12_202307_B05.tif
2025-08-31 14:19:03,413 - INFO - composites.py:432 - Write B07 -> //nas-rs.topo.auth.gr/Latomeia/DROUGHT/composites/x09/y12/2023/07/01/S2L2A_medcomp_x09y12_202307_B07.tif
2025-08-31 14:19:07,460 - INFO - composites.py:432 - Write B8A -> //nas-rs.topo.auth.gr/Latomeia/DROUGHT/composites/x09/y12/2023/07/01/S2L2A_medcomp_x09y12_202307_B8A.tif
2025-08-31 14:19:11,386 - INFO - composites.py:432 - Write EVI -> //nas-rs.topo.auth.gr/Latomeia/DROUGHT/composites/x09/y12/2023/07/01/S2L2A_medcomp_x09y12_202307_EVI.tif
2025-08-31 14:19:15,921 - INFO - composites.py:432 - Write NDVI -> //nas-rs.topo.auth.gr/Latomeia/DROUGHT/composites/x09/y12/2023/07/01/S2L2A_medcomp_x09y12_202307_NDVI.tif
2025-08-31 14:19:19,882 - INFO - composites.py:432 - Write PSRI2 -> //nas-rs.topo.auth.gr/Latomeia/DROUGHT/composites/x09/y12/2023/07/01/S2L2A_medcomp_x09y12_202307_PSRI2.tif
2025-08-31 14:19:19,894 - INFO - composites.py:436 - Prepare metadata YAML document
2025-08-31 14:19:20,427 - INFO - composites.py:458 - Write metadata YAML document to disk
2025-08-31 14:19:20,458 - INFO - composites.py:463 - Create datacube.model.Dataset from eo3 metadata
2025-08-31 14:19:20,490 - INFO - composites.py:476 - Index to datacube
2025-08-31 14:19:20,490 - INFO - _datasets.py:191 - Indexing 91bb9a9d-ea25-4711-ae95-7051a56d8223
2025-08-31 14:19:20,500 - INFO - composites.py:479 - 
2025-08-31 14:19:20,500 - INFO - composites.py:480 -              ✔✔✔ COMPLETED: Tile x09_y12 | Time: 2023-07 | In 13.26 minutes
2025-08-31 14:19:20,500 - INFO - composites.py:481 - 
2025-08-31 14:19:20,500 - INFO - composites.py:489 - Closing Dask client
2025-08-31 14:19:20,502 - INFO - composites.py:493 - Closing Dask cluster
2025-08-31 14:19:20,502 - INFO - composites.py:494 - #######################################################################
