2025-09-02 14:22:26,989 - INFO - composites.py:102 - #######################################################################
2025-09-02 14:22:26,989 - INFO - composites.py:104 - Processing started
2025-09-02 14:22:26,989 - INFO - composites.py:105 -         Tile: x09_y10
2025-09-02 14:22:26,989 - INFO - composites.py:106 -         Time: 2024-10
2025-09-02 14:22:26,989 - INFO - composites.py:109 -                           
2025-09-02 14:22:26,989 - INFO - composites.py:110 - Establishing connection to datacube
2025-09-02 14:22:27,518 - INFO - composites.py:113 -                           
2025-09-02 14:22:27,518 - INFO - composites.py:114 - Sanity test: Check if dataset already exists in the datacube
2025-09-02 14:22:27,541 - INFO - composites.py:133 - The composite requested was not found and it will be computed
2025-09-02 14:22:27,541 - INFO - composites.py:136 -                                  
2025-09-02 14:22:27,541 - INFO - composites.py:137 - Initializing Dask cluster for parallelization
2025-09-02 14:22:32,608 - INFO - composites.py:161 - Dask dashboard is available at: http://127.0.0.1:8787/status
2025-09-02 14:22:32,608 - INFO - composites.py:164 - Create directories and naming conversions
2025-09-02 14:22:32,619 - INFO - composites.py:177 - Dataset location: //nas-rs.topo.auth.gr/Latomeia/DROUGHT/composites/x09/y10/2024/10/01
2025-09-02 14:22:32,619 - INFO - composites.py:180 -                           
2025-09-02 14:22:32,619 - INFO - composites.py:181 - Retrieve tile geometry
2025-09-02 14:22:32,649 - INFO - composites.py:192 - Create the Bounding Box (φ,λ)
2025-09-02 14:22:32,649 - INFO - composites.py:198 - Create the Bounding Box (x,y)
2025-09-02 14:22:32,650 - INFO - composites.py:211 -                           
2025-09-02 14:22:32,650 - INFO - composites.py:212 - Connect to Planetary Computer STAC Catalog
2025-09-02 14:22:32,882 - INFO - composites.py:220 - Search the STAC Catalog
2025-09-02 14:22:32,963 - INFO - composites.py:232 -         Query parameters:
2025-09-02 14:22:32,963 - INFO - composites.py:233 -             url:          https://planetarycomputer.microsoft.com/api/stac/v1/search
2025-09-02 14:22:32,963 - INFO - composites.py:234 -             client:       microsoft-pc
2025-09-02 14:22:32,963 - INFO - composites.py:235 -             collection:   sentinel-2-l2a
2025-09-02 14:22:32,963 - INFO - composites.py:236 -             bbox:         (21.934886085480986, 37.792474572166405, 22.60144615074973, 38.34135632905737)
2025-09-02 14:22:32,963 - INFO - composites.py:237 -             time range:   2024-10-01T00:00:00Z/2024-10-31T23:59:59Z
2025-09-02 14:22:32,963 - INFO - composites.py:238 -             cloud cover:  0% - 70%
2025-09-02 14:22:32,964 - INFO - composites.py:239 -             nodata cover: 0% - 33%
2025-09-02 14:22:32,964 - INFO - composites.py:241 -                           
2025-09-02 14:22:32,964 - INFO - composites.py:242 - Searching...
2025-09-02 14:22:33,441 - INFO - composites.py:245 - Query found 25 items
2025-09-02 14:22:33,442 - INFO - composites.py:247 - Searching for GRI REFINED scenes:
2025-09-02 14:22:38,779 - INFO - sentinel2.py:78 - 1/25 - S2B_MSIL2A_20241031T091029_R050_T34SFG_20241031T104221 -> NOT_REFINED
2025-09-02 14:22:44,391 - INFO - sentinel2.py:78 - 2/25 - S2A_MSIL2A_20241029T092111_R093_T34SFH_20241029T123853 -> NOT_REFINED
2025-09-02 14:22:50,807 - INFO - sentinel2.py:78 - 3/25 - S2A_MSIL2A_20241029T092111_R093_T34SFG_20241029T123853 -> NOT_REFINED
2025-09-02 14:22:56,962 - INFO - sentinel2.py:78 - 4/25 - S2A_MSIL2A_20241029T092111_R093_T34SEH_20241029T123853 -> NOT_REFINED
2025-09-02 14:23:03,012 - INFO - sentinel2.py:78 - 5/25 - S2A_MSIL2A_20241029T092111_R093_T34SEG_20241029T123853 -> NOT_REFINED
2025-09-02 14:23:09,209 - INFO - sentinel2.py:78 - 6/25 - S2A_MSIL2A_20241026T091051_R050_T34SFG_20241026T122806 -> NOT_REFINED
2025-09-02 14:23:15,061 - INFO - sentinel2.py:78 - 7/25 - S2B_MSIL2A_20241024T091939_R093_T34SFH_20241024T105557 -> NOT_REFINED
2025-09-02 14:23:20,817 - INFO - sentinel2.py:78 - 8/25 - S2B_MSIL2A_20241024T091939_R093_T34SFG_20241024T105557 -> NOT_REFINED
2025-09-02 14:23:27,424 - INFO - sentinel2.py:78 - 9/25 - S2B_MSIL2A_20241024T091939_R093_T34SEH_20241024T105557 -> NOT_REFINED
2025-09-02 14:23:33,966 - INFO - sentinel2.py:78 - 10/25 - S2B_MSIL2A_20241024T091939_R093_T34SEG_20241024T105557 -> NOT_REFINED
2025-09-02 14:23:56,679 - INFO - sentinel2.py:78 - 11/25 - S2B_MSIL2A_20241021T090929_R050_T34SFG_20241021T111444 -> NOT_REFINED
2025-09-02 14:25:10,613 - INFO - sentinel2.py:78 - 12/25 - S2A_MSIL2A_20241016T090941_R050_T34SFG_20241016T122451 -> NOT_REFINED
2025-09-02 14:26:49,592 - INFO - sentinel2.py:78 - 13/25 - S2B_MSIL2A_20241014T092029_R093_T34SFH_20241014T121124 -> NOT_REFINED
2025-09-02 14:28:26,132 - INFO - sentinel2.py:78 - 14/25 - S2B_MSIL2A_20241014T092029_R093_T34SFG_20241014T121124 -> NOT_REFINED
2025-09-02 14:29:53,266 - INFO - sentinel2.py:78 - 15/25 - S2B_MSIL2A_20241014T092029_R093_T34SEH_20241014T121124 -> NOT_REFINED
2025-09-02 14:31:15,532 - INFO - sentinel2.py:78 - 16/25 - S2B_MSIL2A_20241014T092029_R093_T34SEG_20241014T121124 -> NOT_REFINED
2025-09-02 14:31:35,021 - INFO - sentinel2.py:78 - 17/25 - S2B_MSIL2A_20241011T090819_R050_T34SFG_20241011T123047 -> NOT_REFINED
2025-09-02 14:31:40,200 - INFO - sentinel2.py:78 - 18/25 - S2A_MSIL2A_20241009T092031_R093_T34SFH_20241009T135549 -> NOT_REFINED
2025-09-02 14:31:45,892 - INFO - sentinel2.py:78 - 19/25 - S2A_MSIL2A_20241009T092031_R093_T34SEH_20241009T135549 -> NOT_REFINED
2025-09-02 14:31:51,552 - INFO - sentinel2.py:78 - 20/25 - S2A_MSIL2A_20241009T092031_R093_T34SEG_20241009T135549 -> NOT_REFINED
2025-09-02 14:31:56,745 - INFO - sentinel2.py:78 - 21/25 - S2B_MSIL2A_20241004T092029_R093_T34SFH_20241004T121058 -> NOT_REFINED
2025-09-02 14:32:02,949 - INFO - sentinel2.py:78 - 22/25 - S2B_MSIL2A_20241004T092029_R093_T34SFG_20241004T121058 -> NOT_REFINED
2025-09-02 14:32:08,545 - INFO - sentinel2.py:78 - 23/25 - S2B_MSIL2A_20241004T092029_R093_T34SEH_20241004T121058 -> NOT_REFINED
2025-09-02 14:32:14,290 - INFO - sentinel2.py:78 - 24/25 - S2B_MSIL2A_20241004T092029_R093_T34SEG_20241004T121058 -> NOT_REFINED
2025-09-02 14:32:20,478 - INFO - sentinel2.py:78 - 25/25 - S2B_MSIL2A_20241001T090709_R050_T34SFG_20241001T104121 -> NOT_REFINED
2025-09-02 14:32:20,520 - INFO - composites.py:250 -                                  
2025-09-02 14:32:20,520 - INFO - composites.py:251 - 0/25 were refined by GRI.
2025-09-02 14:32:20,520 - WARNING - composites.py:255 - Tile x09_y10 | Time: 2024-10: All scenes are flagged NOT REFINED.
2025-09-02 14:32:20,520 - WARNING - composites.py:256 - Tile x09_y10 | Time: 2024-10: The composite will be flagged with _NOREFINED.
2025-09-02 14:32:20,521 - INFO - composites.py:263 - Looking for up to 10 cleanest images within spatiotemporal range of each MGRS tile
2025-09-02 14:32:20,521 - INFO - composites.py:277 - Filtered cleanest scenes: Kept 25 out of 25 items. 
2025-09-02 14:32:20,521 - INFO - composites.py:278 -         Included MGRS Tiles: ['34SEG' '34SEH' '34SFG' '34SFH']
2025-09-02 14:32:20,522 - INFO - composites.py:279 -         Included EPSG codes: [32634]
2025-09-02 14:32:20,523 - INFO - composites.py:281 - Selected scenes:
2025-09-02 14:32:20,534 - INFO - composites.py:283 -         S2A_MSIL2A_20241029T092111_R093_T34SEG_20241029T123853
2025-09-02 14:32:20,534 - INFO - composites.py:283 -         S2B_MSIL2A_20241024T091939_R093_T34SEG_20241024T105557
2025-09-02 14:32:20,534 - INFO - composites.py:283 -         S2B_MSIL2A_20241004T092029_R093_T34SEG_20241004T121058
2025-09-02 14:32:20,534 - INFO - composites.py:283 -         S2B_MSIL2A_20241014T092029_R093_T34SEG_20241014T121124
2025-09-02 14:32:20,534 - INFO - composites.py:283 -         S2A_MSIL2A_20241009T092031_R093_T34SEG_20241009T135549
2025-09-02 14:32:20,535 - INFO - composites.py:283 -         S2A_MSIL2A_20241029T092111_R093_T34SEH_20241029T123853
2025-09-02 14:32:20,535 - INFO - composites.py:283 -         S2B_MSIL2A_20241024T091939_R093_T34SEH_20241024T105557
2025-09-02 14:32:20,540 - INFO - composites.py:283 -         S2B_MSIL2A_20241004T092029_R093_T34SEH_20241004T121058
2025-09-02 14:32:20,540 - INFO - composites.py:283 -         S2B_MSIL2A_20241014T092029_R093_T34SEH_20241014T121124
2025-09-02 14:32:20,540 - INFO - composites.py:283 -         S2A_MSIL2A_20241009T092031_R093_T34SEH_20241009T135549
2025-09-02 14:32:20,540 - INFO - composites.py:283 -         S2A_MSIL2A_20241029T092111_R093_T34SFG_20241029T123853
2025-09-02 14:32:20,540 - INFO - composites.py:283 -         S2A_MSIL2A_20241026T091051_R050_T34SFG_20241026T122806
2025-09-02 14:32:20,541 - INFO - composites.py:283 -         S2B_MSIL2A_20241004T092029_R093_T34SFG_20241004T121058
2025-09-02 14:32:20,541 - INFO - composites.py:283 -         S2B_MSIL2A_20241024T091939_R093_T34SFG_20241024T105557
2025-09-02 14:32:20,541 - INFO - composites.py:283 -         S2B_MSIL2A_20241021T090929_R050_T34SFG_20241021T111444
2025-09-02 14:32:20,541 - INFO - composites.py:283 -         S2B_MSIL2A_20241001T090709_R050_T34SFG_20241001T104121
2025-09-02 14:32:20,541 - INFO - composites.py:283 -         S2A_MSIL2A_20241016T090941_R050_T34SFG_20241016T122451
2025-09-02 14:32:20,541 - INFO - composites.py:283 -         S2B_MSIL2A_20241011T090819_R050_T34SFG_20241011T123047
2025-09-02 14:32:20,541 - INFO - composites.py:283 -         S2B_MSIL2A_20241031T091029_R050_T34SFG_20241031T104221
2025-09-02 14:32:20,541 - INFO - composites.py:283 -         S2B_MSIL2A_20241014T092029_R093_T34SFG_20241014T121124
2025-09-02 14:32:20,541 - INFO - composites.py:283 -         S2A_MSIL2A_20241029T092111_R093_T34SFH_20241029T123853
2025-09-02 14:32:20,541 - INFO - composites.py:283 -         S2B_MSIL2A_20241004T092029_R093_T34SFH_20241004T121058
2025-09-02 14:32:20,541 - INFO - composites.py:283 -         S2B_MSIL2A_20241024T091939_R093_T34SFH_20241024T105557
2025-09-02 14:32:20,541 - INFO - composites.py:283 -         S2A_MSIL2A_20241009T092031_R093_T34SFH_20241009T135549
2025-09-02 14:32:20,541 - INFO - composites.py:283 -         S2B_MSIL2A_20241014T092029_R093_T34SFH_20241014T121124
2025-09-02 14:32:21,010 - INFO - sentinel2.py:154 - Matplotlib backend: Agg
2025-09-02 14:32:21,307 - INFO - sentinel2.py:224 - Write input scenes footprint overlay: //nas-rs.topo.auth.gr/Latomeia/DROUGHT/composites/x09/y10/2024/10/01/S2L2A_medcomp_x09y10_202410_InDataFootprint.jpeg
2025-09-02 14:32:21,542 - INFO - composites.py:297 -                                  
2025-09-02 14:32:21,542 - INFO - composites.py:298 - Downstream STAC items from Planetary Computer
2025-09-02 14:32:21,543 - INFO - timeseries_processing.py:115 -                                  
2025-09-02 14:32:21,543 - INFO - timeseries_processing.py:116 - Loading bands of diferent resolutions in EPSG:32634
2025-09-02 14:32:21,543 - INFO - timeseries_processing.py:120 -     Filtering items with native UTM EPSG:32634
2025-09-02 14:32:21,549 - INFO - timeseries_processing.py:122 -     25 Items in EPSG:32634
2025-09-02 14:32:21,549 - INFO - timeseries_processing.py:129 -                        
2025-09-02 14:32:21,550 - INFO - timeseries_processing.py:130 -     Loading parameters:
2025-09-02 14:32:21,550 - INFO - timeseries_processing.py:131 -         Bands: ['B05', 'B07', 'B8A', 'SCL']
2025-09-02 14:32:21,551 - INFO - timeseries_processing.py:132 -         Spatial resolution: 20
2025-09-02 14:32:21,561 - INFO - timeseries_processing.py:134 -         Get Assets from STAC Items
2025-09-02 14:32:21,561 - INFO - timeseries_processing.py:47 -         Initialize the STAC client
2025-09-02 14:32:22,147 - INFO - timeseries_processing.py:137 -         Loading 25 STAC Items....
2025-09-02 14:33:49,204 - INFO - timeseries_processing.py:146 -         Cube has been downloaded
2025-09-02 14:33:49,204 - INFO - timeseries_processing.py:156 -         Fix order of dimensions
2025-09-02 14:33:49,207 - INFO - timeseries_processing.py:161 -         Append bands to the band-list of EPSG:32634
2025-09-02 14:33:49,207 - INFO - timeseries_processing.py:129 -                        
2025-09-02 14:33:49,207 - INFO - timeseries_processing.py:130 -     Loading parameters:
2025-09-02 14:33:49,207 - INFO - timeseries_processing.py:131 -         Bands: ['B02', 'B03', 'B04']
2025-09-02 14:33:49,207 - INFO - timeseries_processing.py:132 -         Spatial resolution: 10
2025-09-02 14:33:49,208 - INFO - timeseries_processing.py:134 -         Get Assets from STAC Items
2025-09-02 14:33:49,208 - INFO - timeseries_processing.py:47 -         Initialize the STAC client
2025-09-02 14:33:50,017 - INFO - timeseries_processing.py:137 -         Loading 25 STAC Items....
2025-09-02 14:36:56,297 - INFO - timeseries_processing.py:146 -         Cube has been downloaded
2025-09-02 14:36:56,297 - INFO - timeseries_processing.py:149 -         Reproject to downsample 10m bands to 20m by Resampling.average 2x2 binning and shape matching with odc.geo.GeoBox
2025-09-02 14:37:11,246 - INFO - timeseries_processing.py:161 -         Append bands to the band-list of EPSG:32634
2025-09-02 14:37:11,246 - INFO - timeseries_processing.py:165 -                        
2025-09-02 14:37:11,246 - INFO - timeseries_processing.py:166 -     Merging bands in a single dataset
2025-09-02 14:37:11,246 - INFO - timeseries_processing.py:167 -     Ensure all partial datasets are at (x=20, y=-20) resolution
2025-09-02 14:37:11,247 - INFO - timeseries_processing.py:171 -     Clip to the intersection of indexes
2025-09-02 14:37:12,739 - INFO - timeseries_processing.py:180 -     Make a list of bands to merge
2025-09-02 14:37:12,740 - INFO - timeseries_processing.py:184 -     Merge on intersection
2025-09-02 14:37:12,742 - INFO - timeseries_processing.py:192 -     Apply masks on clouds, shadows, thin cirrus, and snow/ice
2025-09-02 14:37:12,742 - INFO - sentinel2.py:122 -                Masking bits: [3, 7, 8, 9, 10, 11]
2025-09-02 14:37:14,194 - INFO - composites.py:307 - Reproject from UTM Zone to Tile geometry -> CRS(EPSG:32634), Resampling.bilinear
2025-09-02 14:37:22,384 - INFO - composites.py:310 -     New shape of datasets: Shape2d(x=2400, y=2400)
2025-09-02 14:37:23,090 - INFO - composites.py:329 - Scale SR to Sen2Cor Baseline 4.00 - Subtract 1000 in dates post 2022-01-25
2025-09-02 14:37:24,855 - INFO - composites.py:342 - Creating preview plot of input scenes
2025-09-02 14:38:04,535 - INFO - timeseries_processing.py:349 - Saved preview for 'B04' to //nas-rs.topo.auth.gr/Latomeia/DROUGHT/composites/x09/y10/2024/10/01/S2L2A_medcomp_x09y10_202410_InDataPreview.jpeg
2025-09-02 14:38:04,561 - INFO - composites.py:348 - Clip value range
2025-09-02 14:38:07,370 - INFO - composites.py:353 -                           
2025-09-02 14:38:07,371 - INFO - composites.py:354 - Computing spectral indices:
2025-09-02 14:38:07,372 - INFO - composites.py:357 -     EVI...
2025-09-02 14:38:08,816 - INFO - composites.py:359 -     NDVI...
2025-09-02 14:38:09,332 - INFO - composites.py:361 -     PSRI2...
2025-09-02 14:38:09,719 - INFO - composites.py:364 - Clip to typical value range
2025-09-02 14:38:10,249 - INFO - composites.py:371 - Reducing to median value temporal composite
2025-09-02 14:38:40,719 - INFO - composites.py:390 - Scale and Define data types & nodata per band
2025-09-02 14:38:40,910 - INFO - composites.py:411 - Assign time range and tile ID in metadata
2025-09-02 14:38:40,910 - INFO - composites.py:419 - Write bands to raster COG files
2025-09-02 14:38:45,394 - INFO - composites.py:432 - Write B02 -> //nas-rs.topo.auth.gr/Latomeia/DROUGHT/composites/x09/y10/2024/10/01/S2L2A_medcomp_x09y10_202410_B02.tif
2025-09-02 14:38:49,901 - INFO - composites.py:432 - Write B03 -> //nas-rs.topo.auth.gr/Latomeia/DROUGHT/composites/x09/y10/2024/10/01/S2L2A_medcomp_x09y10_202410_B03.tif
2025-09-02 14:38:54,454 - INFO - composites.py:432 - Write B04 -> //nas-rs.topo.auth.gr/Latomeia/DROUGHT/composites/x09/y10/2024/10/01/S2L2A_medcomp_x09y10_202410_B04.tif
2025-09-02 14:38:58,662 - INFO - composites.py:432 - Write B05 -> //nas-rs.topo.auth.gr/Latomeia/DROUGHT/composites/x09/y10/2024/10/01/S2L2A_medcomp_x09y10_202410_B05.tif
2025-09-02 14:39:03,067 - INFO - composites.py:432 - Write B07 -> //nas-rs.topo.auth.gr/Latomeia/DROUGHT/composites/x09/y10/2024/10/01/S2L2A_medcomp_x09y10_202410_B07.tif
2025-09-02 14:39:07,181 - INFO - composites.py:432 - Write B8A -> //nas-rs.topo.auth.gr/Latomeia/DROUGHT/composites/x09/y10/2024/10/01/S2L2A_medcomp_x09y10_202410_B8A.tif
2025-09-02 14:39:11,447 - INFO - composites.py:432 - Write EVI -> //nas-rs.topo.auth.gr/Latomeia/DROUGHT/composites/x09/y10/2024/10/01/S2L2A_medcomp_x09y10_202410_EVI.tif
2025-09-02 14:39:16,103 - INFO - composites.py:432 - Write NDVI -> //nas-rs.topo.auth.gr/Latomeia/DROUGHT/composites/x09/y10/2024/10/01/S2L2A_medcomp_x09y10_202410_NDVI.tif
2025-09-02 14:39:20,728 - INFO - composites.py:432 - Write PSRI2 -> //nas-rs.topo.auth.gr/Latomeia/DROUGHT/composites/x09/y10/2024/10/01/S2L2A_medcomp_x09y10_202410_PSRI2.tif
2025-09-02 14:39:20,728 - INFO - composites.py:436 - Prepare metadata YAML document
2025-09-02 14:39:21,310 - INFO - composites.py:458 - Write metadata YAML document to disk
2025-09-02 14:39:21,362 - INFO - composites.py:463 - Create datacube.model.Dataset from eo3 metadata
2025-09-02 14:39:21,372 - INFO - composites.py:476 - Index to datacube
2025-09-02 14:39:21,372 - INFO - _datasets.py:191 - Indexing 27b1f4d8-b7a6-4997-a9ea-ab8ce85e17f7
2025-09-02 14:39:21,381 - INFO - composites.py:479 - 
2025-09-02 14:39:21,381 - INFO - composites.py:480 -              ✔✔✔ COMPLETED: Tile x09_y10 | Time: 2024-10 | In 16.91 minutes
2025-09-02 14:39:21,381 - INFO - composites.py:481 - 
2025-09-02 14:39:21,381 - INFO - composites.py:489 - Closing Dask client
2025-09-02 14:39:21,383 - INFO - composites.py:493 - Closing Dask cluster
2025-09-02 14:39:21,384 - INFO - composites.py:494 - #######################################################################
