2025-12-01 05:18:58,506 - INFO - composites.py:102 - #######################################################################
2025-12-01 05:18:58,506 - INFO - composites.py:104 - Processing started
2025-12-01 05:18:58,506 - INFO - composites.py:105 -         Tile: x07_y12
2025-12-01 05:18:58,506 - INFO - composites.py:106 -         Time: 2023-12
2025-12-01 05:18:58,506 - INFO - composites.py:109 -                           
2025-12-01 05:18:58,506 - INFO - composites.py:110 - Establishing connection to datacube
2025-12-01 05:18:59,044 - INFO - composites.py:113 -                           
2025-12-01 05:18:59,044 - INFO - composites.py:114 - Sanity test: Check if dataset already exists in the datacube
2025-12-01 05:18:59,072 - INFO - composites.py:133 - The composite requested was not found and it will be computed
2025-12-01 05:18:59,072 - INFO - composites.py:136 -                                  
2025-12-01 05:18:59,072 - INFO - composites.py:137 - Initializing Dask cluster for parallelization
2025-12-01 05:19:04,186 - INFO - composites.py:161 - Dask dashboard is available at: http://127.0.0.1:8787/status
2025-12-01 05:19:04,186 - INFO - composites.py:164 - Create directories and naming conversions
2025-12-01 05:19:04,199 - INFO - composites.py:177 - Dataset location: //nas-rs.topo.auth.gr/Latomeia/DROUGHT/composites/x07/y12/2023/12/01
2025-12-01 05:19:04,199 - INFO - composites.py:180 -                           
2025-12-01 05:19:04,199 - INFO - composites.py:181 - Retrieve tile geometry
2025-12-01 05:19:04,231 - INFO - composites.py:192 - Create the Bounding Box (φ,λ)
2025-12-01 05:19:04,231 - INFO - composites.py:198 - Create the Bounding Box (x,y)
2025-12-01 05:19:04,231 - INFO - composites.py:211 -                           
2025-12-01 05:19:04,231 - INFO - composites.py:212 - Connect to Planetary Computer STAC Catalog
2025-12-01 05:19:04,591 - INFO - composites.py:220 - Search the STAC Catalog
2025-12-01 05:19:04,659 - INFO - composites.py:232 -         Query parameters:
2025-12-01 05:19:04,659 - INFO - composites.py:233 -             url:          https://planetarycomputer.microsoft.com/api/stac/v1/search
2025-12-01 05:19:04,659 - INFO - composites.py:234 -             client:       microsoft-pc
2025-12-01 05:19:04,659 - INFO - composites.py:235 -             collection:   sentinel-2-l2a
2025-12-01 05:19:04,659 - INFO - composites.py:236 -             bbox:         (20.999765686564626, 38.787881790199634, 21.67096534182257, 39.332009850489634)
2025-12-01 05:19:04,659 - INFO - composites.py:237 -             time range:   2023-12-01T00:00:00Z/2023-12-31T23:59:59Z
2025-12-01 05:19:04,659 - INFO - composites.py:238 -             cloud cover:  0% - 70%
2025-12-01 05:19:04,659 - INFO - composites.py:239 -             nodata cover: 0% - 33%
2025-12-01 05:19:04,659 - INFO - composites.py:241 -                           
2025-12-01 05:19:04,659 - INFO - composites.py:242 - Searching...
2025-12-01 05:19:05,117 - INFO - composites.py:245 - Query found 30 items
2025-12-01 05:19:05,117 - INFO - composites.py:247 - Searching for GRI REFINED scenes:
2025-12-01 05:19:09,235 - INFO - sentinel2.py:78 - 1/30 - S2B_MSIL2A_20231229T092319_R093_T34SEJ_20231229T131806 -> REFINED
2025-12-01 05:19:13,190 - INFO - sentinel2.py:78 - 2/30 - S2B_MSIL2A_20231229T092319_R093_T34SEH_20231229T121528 -> REFINED
2025-12-01 05:19:17,773 - INFO - sentinel2.py:78 - 3/30 - S2A_MSIL2A_20231227T093411_R136_T34SDJ_20231227T141558 -> REFINED
2025-12-01 05:19:22,188 - INFO - sentinel2.py:78 - 4/30 - S2A_MSIL2A_20231227T093411_R136_T34SDH_20231227T141547 -> REFINED
2025-12-01 05:19:27,048 - INFO - sentinel2.py:78 - 5/30 - S2A_MSIL2A_20231224T092411_R093_T34SEJ_20231224T142919 -> REFINED
2025-12-01 05:19:33,539 - INFO - sentinel2.py:78 - 6/30 - S2A_MSIL2A_20231224T092411_R093_T34SEH_20231224T131900 -> REFINED
2025-12-01 05:19:37,580 - INFO - sentinel2.py:78 - 7/30 - S2A_MSIL2A_20231224T092411_R093_T34SDH_20231224T142911 -> REFINED
2025-12-01 05:19:41,041 - INFO - sentinel2.py:78 - 8/30 - S2B_MSIL2A_20231219T092319_R093_T34SEJ_20231220T125135 -> REFINED
2025-12-01 05:19:45,191 - INFO - sentinel2.py:78 - 9/30 - S2B_MSIL2A_20231219T092319_R093_T34SEH_20231220T125445 -> REFINED
2025-12-01 05:19:50,099 - INFO - sentinel2.py:78 - 10/30 - S2B_MSIL2A_20231219T092319_R093_T34SDH_20231220T125150 -> REFINED
2025-12-01 05:19:53,850 - INFO - sentinel2.py:78 - 11/30 - S2A_MSIL2A_20231217T093411_R136_T34SDJ_20231220T063135 -> REFINED
2025-12-01 05:19:59,097 - INFO - sentinel2.py:78 - 12/30 - S2A_MSIL2A_20231217T093411_R136_T34SDH_20231220T063049 -> REFINED
2025-12-01 05:20:04,111 - INFO - sentinel2.py:78 - 13/30 - S2A_MSIL2A_20231214T092401_R093_T34SEJ_20231219T220629 -> REFINED
2025-12-01 05:20:09,076 - INFO - sentinel2.py:78 - 14/30 - S2A_MSIL2A_20231214T092401_R093_T34SDH_20231219T220650 -> REFINED
2025-12-01 05:20:14,278 - INFO - sentinel2.py:78 - 15/30 - S2B_MSIL2A_20231212T093309_R136_T34SDJ_20241112T184056 -> REFINED
2025-12-01 05:20:19,486 - INFO - sentinel2.py:78 - 16/30 - S2B_MSIL2A_20231212T093309_R136_T34SDJ_20231213T040633 -> REFINED
2025-12-01 05:20:23,970 - INFO - sentinel2.py:78 - 17/30 - S2B_MSIL2A_20231212T093309_R136_T34SDH_20241112T184056 -> REFINED
2025-12-01 05:20:28,045 - INFO - sentinel2.py:78 - 18/30 - S2B_MSIL2A_20231212T093309_R136_T34SDH_20231213T040709 -> REFINED
2025-12-01 05:20:34,775 - INFO - sentinel2.py:78 - 19/30 - S2B_MSIL2A_20231209T092259_R093_T34SEJ_20241113T230105 -> REFINED
2025-12-01 05:20:40,184 - INFO - sentinel2.py:78 - 20/30 - S2B_MSIL2A_20231209T092259_R093_T34SEJ_20231209T131540 -> REFINED
2025-12-01 05:20:44,323 - INFO - sentinel2.py:78 - 21/30 - S2A_MSIL2A_20231207T093351_R136_T34SDJ_20241031T231832 -> REFINED
2025-12-01 05:20:48,776 - INFO - sentinel2.py:78 - 22/30 - S2A_MSIL2A_20231207T093351_R136_T34SDJ_20231207T143026 -> REFINED
2025-12-01 05:20:53,461 - INFO - sentinel2.py:78 - 23/30 - S2A_MSIL2A_20231207T093351_R136_T34SDH_20241031T231832 -> REFINED
2025-12-01 05:20:57,327 - INFO - sentinel2.py:78 - 24/30 - S2A_MSIL2A_20231207T093351_R136_T34SDH_20231207T143022 -> REFINED
2025-12-01 05:21:01,751 - INFO - sentinel2.py:78 - 25/30 - S2A_MSIL2A_20231204T092341_R093_T34SEJ_20241113T121906 -> REFINED
2025-12-01 05:21:06,343 - INFO - sentinel2.py:78 - 26/30 - S2A_MSIL2A_20231204T092341_R093_T34SEJ_20231204T130834 -> REFINED
2025-12-01 05:21:10,922 - INFO - sentinel2.py:78 - 27/30 - S2A_MSIL2A_20231204T092341_R093_T34SEH_20241113T121906 -> REFINED
2025-12-01 05:21:16,643 - INFO - sentinel2.py:78 - 28/30 - S2A_MSIL2A_20231204T092341_R093_T34SEH_20231204T131424 -> REFINED
2025-12-01 05:21:21,356 - INFO - sentinel2.py:78 - 29/30 - S2A_MSIL2A_20231204T092341_R093_T34SDH_20241113T121906 -> REFINED
2025-12-01 05:21:26,238 - INFO - sentinel2.py:78 - 30/30 - S2A_MSIL2A_20231204T092341_R093_T34SDH_20231204T131418 -> REFINED
2025-12-01 05:21:26,269 - INFO - composites.py:250 -                                  
2025-12-01 05:21:26,269 - INFO - composites.py:251 - 30/30 were refined by GRI.
2025-12-01 05:21:26,269 - INFO - composites.py:263 - Looking for up to 7 cleanest images within spatiotemporal range of each MGRS tile
2025-12-01 05:21:26,272 - INFO - composites.py:277 - Filtered cleanest scenes: Kept 25 out of 30 items. 
2025-12-01 05:21:26,272 - INFO - composites.py:278 -         Included MGRS Tiles: ['34SDH' '34SDJ' '34SEH' '34SEJ']
2025-12-01 05:21:26,272 - INFO - composites.py:279 -         Included EPSG codes: [32634]
2025-12-01 05:21:26,272 - INFO - composites.py:281 - Selected scenes:
2025-12-01 05:21:26,273 - INFO - composites.py:283 -         S2B_MSIL2A_20231219T092319_R093_T34SDH_20231220T125150
2025-12-01 05:21:26,279 - INFO - composites.py:283 -         S2A_MSIL2A_20231217T093411_R136_T34SDH_20231220T063049
2025-12-01 05:21:26,279 - INFO - composites.py:283 -         S2A_MSIL2A_20231204T092341_R093_T34SDH_20231204T131418
2025-12-01 05:21:26,279 - INFO - composites.py:283 -         S2A_MSIL2A_20231204T092341_R093_T34SDH_20241113T121906
2025-12-01 05:21:26,279 - INFO - composites.py:283 -         S2A_MSIL2A_20231224T092411_R093_T34SDH_20231224T142911
2025-12-01 05:21:26,279 - INFO - composites.py:283 -         S2A_MSIL2A_20231227T093411_R136_T34SDH_20231227T141547
2025-12-01 05:21:26,279 - INFO - composites.py:283 -         S2B_MSIL2A_20231212T093309_R136_T34SDH_20231213T040709
2025-12-01 05:21:26,279 - INFO - composites.py:283 -         S2A_MSIL2A_20231217T093411_R136_T34SDJ_20231220T063135
2025-12-01 05:21:26,279 - INFO - composites.py:283 -         S2A_MSIL2A_20231227T093411_R136_T34SDJ_20231227T141558
2025-12-01 05:21:26,279 - INFO - composites.py:283 -         S2B_MSIL2A_20231212T093309_R136_T34SDJ_20231213T040633
2025-12-01 05:21:26,279 - INFO - composites.py:283 -         S2B_MSIL2A_20231212T093309_R136_T34SDJ_20241112T184056
2025-12-01 05:21:26,280 - INFO - composites.py:283 -         S2A_MSIL2A_20231207T093351_R136_T34SDJ_20241031T231832
2025-12-01 05:21:26,280 - INFO - composites.py:283 -         S2A_MSIL2A_20231207T093351_R136_T34SDJ_20231207T143026
2025-12-01 05:21:26,280 - INFO - composites.py:283 -         S2B_MSIL2A_20231219T092319_R093_T34SEH_20231220T125445
2025-12-01 05:21:26,280 - INFO - composites.py:283 -         S2A_MSIL2A_20231204T092341_R093_T34SEH_20241113T121906
2025-12-01 05:21:26,280 - INFO - composites.py:283 -         S2A_MSIL2A_20231204T092341_R093_T34SEH_20231204T131424
2025-12-01 05:21:26,280 - INFO - composites.py:283 -         S2A_MSIL2A_20231224T092411_R093_T34SEH_20231224T131900
2025-12-01 05:21:26,280 - INFO - composites.py:283 -         S2B_MSIL2A_20231229T092319_R093_T34SEH_20231229T121528
2025-12-01 05:21:26,280 - INFO - composites.py:283 -         S2B_MSIL2A_20231219T092319_R093_T34SEJ_20231220T125135
2025-12-01 05:21:26,280 - INFO - composites.py:283 -         S2A_MSIL2A_20231224T092411_R093_T34SEJ_20231224T142919
2025-12-01 05:21:26,280 - INFO - composites.py:283 -         S2B_MSIL2A_20231229T092319_R093_T34SEJ_20231229T131806
2025-12-01 05:21:26,280 - INFO - composites.py:283 -         S2B_MSIL2A_20231209T092259_R093_T34SEJ_20241113T230105
2025-12-01 05:21:26,280 - INFO - composites.py:283 -         S2B_MSIL2A_20231209T092259_R093_T34SEJ_20231209T131540
2025-12-01 05:21:26,280 - INFO - composites.py:283 -         S2A_MSIL2A_20231204T092341_R093_T34SEJ_20231204T130834
2025-12-01 05:21:26,280 - INFO - composites.py:283 -         S2A_MSIL2A_20231204T092341_R093_T34SEJ_20241113T121906
2025-12-01 05:21:26,727 - INFO - sentinel2.py:154 - Matplotlib backend: Agg
2025-12-01 05:21:26,942 - INFO - sentinel2.py:224 - Write input scenes footprint overlay: //nas-rs.topo.auth.gr/Latomeia/DROUGHT/composites/x07/y12/2023/12/01/S2L2A_medcomp_x07y12_202312_InDataFootprint.jpeg
2025-12-01 05:21:27,213 - INFO - composites.py:297 -                                  
2025-12-01 05:21:27,213 - INFO - composites.py:298 - Downstream STAC items from Planetary Computer
2025-12-01 05:21:27,213 - INFO - timeseries_processing.py:115 -                                  
2025-12-01 05:21:27,213 - INFO - timeseries_processing.py:116 - Loading bands of diferent resolutions in EPSG:32634
2025-12-01 05:21:27,213 - INFO - timeseries_processing.py:120 -     Filtering items with native UTM EPSG:32634
2025-12-01 05:21:27,213 - INFO - timeseries_processing.py:122 -     25 Items in EPSG:32634
2025-12-01 05:21:27,213 - INFO - timeseries_processing.py:129 -                        
2025-12-01 05:21:27,213 - INFO - timeseries_processing.py:130 -     Loading parameters:
2025-12-01 05:21:27,213 - INFO - timeseries_processing.py:131 -         Bands: ['B05', 'B07', 'B8A', 'SCL']
2025-12-01 05:21:27,213 - INFO - timeseries_processing.py:132 -         Spatial resolution: 20
2025-12-01 05:21:27,213 - INFO - timeseries_processing.py:134 -         Get Assets from STAC Items
2025-12-01 05:21:27,213 - INFO - timeseries_processing.py:47 -         Initialize the STAC client
2025-12-01 05:21:28,039 - INFO - timeseries_processing.py:137 -         Loading 25 STAC Items....
2025-12-01 05:22:42,644 - INFO - timeseries_processing.py:146 -         Cube has been downloaded
2025-12-01 05:22:42,644 - INFO - timeseries_processing.py:156 -         Fix order of dimensions
2025-12-01 05:22:42,645 - INFO - timeseries_processing.py:161 -         Append bands to the band-list of EPSG:32634
2025-12-01 05:22:42,645 - INFO - timeseries_processing.py:129 -                        
2025-12-01 05:22:42,645 - INFO - timeseries_processing.py:130 -     Loading parameters:
2025-12-01 05:22:42,648 - INFO - timeseries_processing.py:131 -         Bands: ['B02', 'B03', 'B04']
2025-12-01 05:22:42,648 - INFO - timeseries_processing.py:132 -         Spatial resolution: 10
2025-12-01 05:22:42,648 - INFO - timeseries_processing.py:134 -         Get Assets from STAC Items
2025-12-01 05:22:42,648 - INFO - timeseries_processing.py:47 -         Initialize the STAC client
2025-12-01 05:22:43,396 - INFO - timeseries_processing.py:137 -         Loading 25 STAC Items....
2025-12-01 05:27:09,290 - INFO - timeseries_processing.py:146 -         Cube has been downloaded
2025-12-01 05:27:09,290 - INFO - timeseries_processing.py:149 -         Reproject to downsample 10m bands to 20m by Resampling.average 2x2 binning and shape matching with odc.geo.GeoBox
2025-12-01 05:27:21,443 - INFO - timeseries_processing.py:161 -         Append bands to the band-list of EPSG:32634
2025-12-01 05:27:21,443 - INFO - timeseries_processing.py:165 -                        
2025-12-01 05:27:21,443 - INFO - timeseries_processing.py:166 -     Merging bands in a single dataset
2025-12-01 05:27:21,443 - INFO - timeseries_processing.py:167 -     Ensure all partial datasets are at (x=20, y=-20) resolution
2025-12-01 05:27:21,444 - INFO - timeseries_processing.py:171 -     Clip to the intersection of indexes
2025-12-01 05:27:22,788 - INFO - timeseries_processing.py:180 -     Make a list of bands to merge
2025-12-01 05:27:22,788 - INFO - timeseries_processing.py:184 -     Merge on intersection
2025-12-01 05:27:22,788 - INFO - timeseries_processing.py:192 -     Apply masks on clouds, shadows, thin cirrus, and snow/ice
2025-12-01 05:27:22,788 - INFO - sentinel2.py:122 -                Masking bits: [3, 7, 8, 9, 10, 11]
2025-12-01 05:27:23,796 - INFO - composites.py:307 - Reproject from UTM Zone to Tile geometry -> CRS(EPSG:32634), Resampling.bilinear
2025-12-01 05:27:29,732 - INFO - composites.py:310 -     New shape of datasets: Shape2d(x=2400, y=2400)
2025-12-01 05:27:30,392 - INFO - composites.py:329 - Scale SR to Sen2Cor Baseline 4.00 - Subtract 1000 in dates post 2022-01-25
2025-12-01 05:27:31,691 - INFO - composites.py:342 - Creating preview plot of input scenes
2025-12-01 05:28:02,769 - INFO - timeseries_processing.py:349 - Saved preview for 'B04' to //nas-rs.topo.auth.gr/Latomeia/DROUGHT/composites/x07/y12/2023/12/01/S2L2A_medcomp_x07y12_202312_InDataPreview.jpeg
2025-12-01 05:28:02,779 - INFO - composites.py:348 - Clip value range
2025-12-01 05:28:04,515 - INFO - composites.py:353 -                           
2025-12-01 05:28:04,516 - INFO - composites.py:354 - Computing spectral indices:
2025-12-01 05:28:04,518 - INFO - composites.py:357 -     EVI...
2025-12-01 05:28:05,635 - INFO - composites.py:359 -     NDVI...
2025-12-01 05:28:06,059 - INFO - composites.py:361 -     PSRI2...
2025-12-01 05:28:06,314 - INFO - composites.py:364 - Clip to typical value range
2025-12-01 05:28:06,622 - INFO - composites.py:371 - Reducing to median value temporal composite
2025-12-01 05:28:37,650 - INFO - composites.py:390 - Scale and Define data types & nodata per band
2025-12-01 05:28:37,782 - INFO - composites.py:411 - Assign time range and tile ID in metadata
2025-12-01 05:28:37,782 - INFO - composites.py:419 - Write bands to raster COG files
2025-12-01 05:28:41,717 - INFO - composites.py:432 - Write B02 -> //nas-rs.topo.auth.gr/Latomeia/DROUGHT/composites/x07/y12/2023/12/01/S2L2A_medcomp_x07y12_202312_B02.tif
2025-12-01 05:28:45,574 - INFO - composites.py:432 - Write B03 -> //nas-rs.topo.auth.gr/Latomeia/DROUGHT/composites/x07/y12/2023/12/01/S2L2A_medcomp_x07y12_202312_B03.tif
2025-12-01 05:28:49,490 - INFO - composites.py:432 - Write B04 -> //nas-rs.topo.auth.gr/Latomeia/DROUGHT/composites/x07/y12/2023/12/01/S2L2A_medcomp_x07y12_202312_B04.tif
2025-12-01 05:28:53,455 - INFO - composites.py:432 - Write B05 -> //nas-rs.topo.auth.gr/Latomeia/DROUGHT/composites/x07/y12/2023/12/01/S2L2A_medcomp_x07y12_202312_B05.tif
2025-12-01 05:28:57,381 - INFO - composites.py:432 - Write B07 -> //nas-rs.topo.auth.gr/Latomeia/DROUGHT/composites/x07/y12/2023/12/01/S2L2A_medcomp_x07y12_202312_B07.tif
2025-12-01 05:29:01,350 - INFO - composites.py:432 - Write B8A -> //nas-rs.topo.auth.gr/Latomeia/DROUGHT/composites/x07/y12/2023/12/01/S2L2A_medcomp_x07y12_202312_B8A.tif
2025-12-01 05:29:05,298 - INFO - composites.py:432 - Write EVI -> //nas-rs.topo.auth.gr/Latomeia/DROUGHT/composites/x07/y12/2023/12/01/S2L2A_medcomp_x07y12_202312_EVI.tif
2025-12-01 05:29:09,195 - INFO - composites.py:432 - Write NDVI -> //nas-rs.topo.auth.gr/Latomeia/DROUGHT/composites/x07/y12/2023/12/01/S2L2A_medcomp_x07y12_202312_NDVI.tif
2025-12-01 05:29:12,973 - INFO - composites.py:432 - Write PSRI2 -> //nas-rs.topo.auth.gr/Latomeia/DROUGHT/composites/x07/y12/2023/12/01/S2L2A_medcomp_x07y12_202312_PSRI2.tif
2025-12-01 05:29:12,974 - INFO - composites.py:436 - Prepare metadata YAML document
2025-12-01 05:29:13,536 - INFO - composites.py:458 - Write metadata YAML document to disk
2025-12-01 05:29:13,583 - INFO - composites.py:463 - Create datacube.model.Dataset from eo3 metadata
2025-12-01 05:29:13,605 - INFO - composites.py:476 - Index to datacube
2025-12-01 05:29:13,605 - INFO - _datasets.py:191 - Indexing 31f585a8-3414-4989-a0ef-d9e6cb5bfa79
2025-12-01 05:29:13,614 - INFO - composites.py:479 - 
2025-12-01 05:29:13,614 - INFO - composites.py:480 -              ✔✔✔ COMPLETED: Tile x07_y12 | Time: 2023-12 | In 10.25 minutes
2025-12-01 05:29:13,614 - INFO - composites.py:481 - 
2025-12-01 05:29:13,614 - INFO - composites.py:489 - Closing Dask client
2025-12-01 05:29:13,616 - INFO - composites.py:493 - Closing Dask cluster
2025-12-01 05:29:13,616 - INFO - composites.py:494 - #######################################################################
