2025-09-01 09:28:11,071 - INFO - composites.py:102 - #######################################################################
2025-09-01 09:28:11,071 - INFO - composites.py:104 - Processing started
2025-09-01 09:28:11,071 - INFO - composites.py:105 -         Tile: x09_y10
2025-09-01 09:28:11,071 - INFO - composites.py:106 -         Time: 2023-12
2025-09-01 09:28:11,071 - INFO - composites.py:109 -                           
2025-09-01 09:28:11,071 - INFO - composites.py:110 - Establishing connection to datacube
2025-09-01 09:28:11,725 - INFO - composites.py:113 -                           
2025-09-01 09:28:11,726 - INFO - composites.py:114 - Sanity test: Check if dataset already exists in the datacube
2025-09-01 09:28:11,746 - INFO - composites.py:133 - The composite requested was not found and it will be computed
2025-09-01 09:28:11,746 - INFO - composites.py:136 -                                  
2025-09-01 09:28:11,746 - INFO - composites.py:137 - Initializing Dask cluster for parallelization
2025-09-01 09:28:16,732 - INFO - composites.py:161 - Dask dashboard is available at: http://127.0.0.1:8787/status
2025-09-01 09:28:16,732 - INFO - composites.py:164 - Create directories and naming conversions
2025-09-01 09:28:16,746 - INFO - composites.py:177 - Dataset location: //nas-rs.topo.auth.gr/Latomeia/DROUGHT/composites/x09/y10/2023/12/01
2025-09-01 09:28:16,747 - INFO - composites.py:180 -                           
2025-09-01 09:28:16,747 - INFO - composites.py:181 - Retrieve tile geometry
2025-09-01 09:28:16,774 - INFO - composites.py:192 - Create the Bounding Box (φ,λ)
2025-09-01 09:28:16,774 - INFO - composites.py:198 - Create the Bounding Box (x,y)
2025-09-01 09:28:16,775 - INFO - composites.py:211 -                           
2025-09-01 09:28:16,775 - INFO - composites.py:212 - Connect to Planetary Computer STAC Catalog
2025-09-01 09:28:17,001 - INFO - composites.py:220 - Search the STAC Catalog
2025-09-01 09:28:17,115 - INFO - composites.py:232 -         Query parameters:
2025-09-01 09:28:17,115 - INFO - composites.py:233 -             url:          https://planetarycomputer.microsoft.com/api/stac/v1/search
2025-09-01 09:28:17,116 - INFO - composites.py:234 -             client:       microsoft-pc
2025-09-01 09:28:17,116 - INFO - composites.py:235 -             collection:   sentinel-2-l2a
2025-09-01 09:28:17,116 - INFO - composites.py:236 -             bbox:         (21.934886085480986, 37.792474572166405, 22.60144615074973, 38.34135632905737)
2025-09-01 09:28:17,116 - INFO - composites.py:237 -             time range:   2023-12-01T00:00:00Z/2023-12-31T23:59:59Z
2025-09-01 09:28:17,116 - INFO - composites.py:238 -             cloud cover:  0% - 70%
2025-09-01 09:28:17,116 - INFO - composites.py:239 -             nodata cover: 0% - 33%
2025-09-01 09:28:17,116 - INFO - composites.py:241 -                           
2025-09-01 09:28:17,116 - INFO - composites.py:242 - Searching...
2025-09-01 09:28:17,626 - INFO - composites.py:245 - Query found 23 items
2025-09-01 09:28:17,626 - INFO - composites.py:247 - Searching for GRI REFINED scenes:
2025-09-01 09:28:24,261 - INFO - sentinel2.py:78 - 1/23 - S2B_MSIL2A_20231229T092319_R093_T34SFH_20231229T121523 -> REFINED
2025-09-01 09:28:30,420 - INFO - sentinel2.py:78 - 2/23 - S2B_MSIL2A_20231229T092319_R093_T34SFG_20231229T120918 -> REFINED
2025-09-01 09:28:40,294 - INFO - sentinel2.py:78 - 3/23 - S2B_MSIL2A_20231229T092319_R093_T34SEH_20231229T121528 -> REFINED
2025-09-01 09:28:44,078 - INFO - sentinel2.py:78 - 4/23 - S2B_MSIL2A_20231229T092319_R093_T34SEG_20231229T121524 -> REFINED
2025-09-01 09:28:48,093 - INFO - sentinel2.py:78 - 5/23 - S2B_MSIL2A_20231226T091309_R050_T34SFG_20231226T120903 -> REFINED
2025-09-01 09:28:52,577 - INFO - sentinel2.py:78 - 6/23 - S2A_MSIL2A_20231224T092411_R093_T34SFH_20231224T143057 -> REFINED
2025-09-01 09:28:57,594 - INFO - sentinel2.py:78 - 7/23 - S2A_MSIL2A_20231224T092411_R093_T34SFG_20231224T142912 -> REFINED
2025-09-01 09:29:01,521 - INFO - sentinel2.py:78 - 8/23 - S2A_MSIL2A_20231224T092411_R093_T34SEH_20231224T131900 -> REFINED
2025-09-01 09:29:05,405 - INFO - sentinel2.py:78 - 9/23 - S2A_MSIL2A_20231224T092411_R093_T34SEG_20231224T142916 -> REFINED
2025-09-01 09:29:09,288 - INFO - sentinel2.py:78 - 10/23 - S2B_MSIL2A_20231219T092319_R093_T34SFH_20231220T125649 -> REFINED
2025-09-01 09:29:13,960 - INFO - sentinel2.py:78 - 11/23 - S2B_MSIL2A_20231219T092319_R093_T34SFG_20231220T125130 -> REFINED
2025-09-01 09:29:18,482 - INFO - sentinel2.py:78 - 12/23 - S2B_MSIL2A_20231219T092319_R093_T34SEH_20231220T125445 -> REFINED
2025-09-01 09:29:22,583 - INFO - sentinel2.py:78 - 13/23 - S2B_MSIL2A_20231219T092319_R093_T34SEG_20231220T124739 -> REFINED
2025-09-01 09:29:26,895 - INFO - sentinel2.py:78 - 14/23 - S2A_MSIL2A_20231214T092401_R093_T34SFH_20231219T220950 -> REFINED
2025-09-01 09:29:30,941 - INFO - sentinel2.py:78 - 15/23 - S2A_MSIL2A_20231214T092401_R093_T34SFG_20231219T220835 -> REFINED
2025-09-01 09:29:35,431 - INFO - sentinel2.py:78 - 16/23 - S2A_MSIL2A_20231211T091351_R050_T34SFG_20231211T142544 -> REFINED
2025-09-01 09:29:39,586 - INFO - sentinel2.py:78 - 17/23 - S2B_MSIL2A_20231209T092259_R093_T34SFH_20241113T230105 -> REFINED
2025-09-01 09:29:43,496 - INFO - sentinel2.py:78 - 18/23 - S2B_MSIL2A_20231209T092259_R093_T34SFH_20231209T121656 -> REFINED
2025-09-01 09:29:48,341 - INFO - sentinel2.py:78 - 19/23 - S2B_MSIL2A_20231206T091249_R050_T34SFG_20241029T134413 -> REFINED
2025-09-01 09:29:52,748 - INFO - sentinel2.py:78 - 20/23 - S2B_MSIL2A_20231206T091249_R050_T34SFG_20231206T121345 -> REFINED
2025-09-01 09:29:56,383 - INFO - sentinel2.py:78 - 21/23 - S2A_MSIL2A_20231204T092341_R093_T34SEH_20241113T121906 -> REFINED
2025-09-01 09:30:00,296 - INFO - sentinel2.py:78 - 22/23 - S2A_MSIL2A_20231204T092341_R093_T34SEH_20231204T131424 -> REFINED
2025-09-01 09:30:05,032 - INFO - sentinel2.py:78 - 23/23 - S2A_MSIL2A_20231201T091331_R050_T34SFG_20231201T134731 -> REFINED
2025-09-01 09:30:05,067 - INFO - composites.py:250 -                                  
2025-09-01 09:30:05,067 - INFO - composites.py:251 - 23/23 were refined by GRI.
2025-09-01 09:30:05,068 - INFO - composites.py:263 - Looking for up to 10 cleanest images within spatiotemporal range of each MGRS tile
2025-09-01 09:30:05,068 - INFO - composites.py:277 - Filtered cleanest scenes: Kept 23 out of 23 items. 
2025-09-01 09:30:05,068 - INFO - composites.py:278 -         Included MGRS Tiles: ['34SEG' '34SEH' '34SFG' '34SFH']
2025-09-01 09:30:05,068 - INFO - composites.py:279 -         Included EPSG codes: [32634]
2025-09-01 09:30:05,070 - INFO - composites.py:281 - Selected scenes:
2025-09-01 09:30:05,070 - INFO - composites.py:283 -         S2B_MSIL2A_20231219T092319_R093_T34SEG_20231220T124739
2025-09-01 09:30:05,070 - INFO - composites.py:283 -         S2A_MSIL2A_20231224T092411_R093_T34SEG_20231224T142916
2025-09-01 09:30:05,085 - INFO - composites.py:283 -         S2B_MSIL2A_20231229T092319_R093_T34SEG_20231229T121524
2025-09-01 09:30:05,085 - INFO - composites.py:283 -         S2B_MSIL2A_20231219T092319_R093_T34SEH_20231220T125445
2025-09-01 09:30:05,085 - INFO - composites.py:283 -         S2A_MSIL2A_20231204T092341_R093_T34SEH_20241113T121906
2025-09-01 09:30:05,085 - INFO - composites.py:283 -         S2A_MSIL2A_20231204T092341_R093_T34SEH_20231204T131424
2025-09-01 09:30:05,085 - INFO - composites.py:283 -         S2A_MSIL2A_20231224T092411_R093_T34SEH_20231224T131900
2025-09-01 09:30:05,098 - INFO - composites.py:283 -         S2B_MSIL2A_20231229T092319_R093_T34SEH_20231229T121528
2025-09-01 09:30:05,098 - INFO - composites.py:283 -         S2B_MSIL2A_20231219T092319_R093_T34SFG_20231220T125130
2025-09-01 09:30:05,098 - INFO - composites.py:283 -         S2B_MSIL2A_20231229T092319_R093_T34SFG_20231229T120918
2025-09-01 09:30:05,098 - INFO - composites.py:283 -         S2A_MSIL2A_20231201T091331_R050_T34SFG_20231201T134731
2025-09-01 09:30:05,098 - INFO - composites.py:283 -         S2B_MSIL2A_20231226T091309_R050_T34SFG_20231226T120903
2025-09-01 09:30:05,098 - INFO - composites.py:283 -         S2B_MSIL2A_20231206T091249_R050_T34SFG_20241029T134413
2025-09-01 09:30:05,099 - INFO - composites.py:283 -         S2B_MSIL2A_20231206T091249_R050_T34SFG_20231206T121345
2025-09-01 09:30:05,099 - INFO - composites.py:283 -         S2A_MSIL2A_20231214T092401_R093_T34SFG_20231219T220835
2025-09-01 09:30:05,099 - INFO - composites.py:283 -         S2A_MSIL2A_20231211T091351_R050_T34SFG_20231211T142544
2025-09-01 09:30:05,099 - INFO - composites.py:283 -         S2A_MSIL2A_20231224T092411_R093_T34SFG_20231224T142912
2025-09-01 09:30:05,099 - INFO - composites.py:283 -         S2B_MSIL2A_20231219T092319_R093_T34SFH_20231220T125649
2025-09-01 09:30:05,099 - INFO - composites.py:283 -         S2B_MSIL2A_20231229T092319_R093_T34SFH_20231229T121523
2025-09-01 09:30:05,099 - INFO - composites.py:283 -         S2A_MSIL2A_20231214T092401_R093_T34SFH_20231219T220950
2025-09-01 09:30:05,099 - INFO - composites.py:283 -         S2B_MSIL2A_20231209T092259_R093_T34SFH_20241113T230105
2025-09-01 09:30:05,099 - INFO - composites.py:283 -         S2B_MSIL2A_20231209T092259_R093_T34SFH_20231209T121656
2025-09-01 09:30:05,099 - INFO - composites.py:283 -         S2A_MSIL2A_20231224T092411_R093_T34SFH_20231224T143057
2025-09-01 09:30:05,459 - INFO - sentinel2.py:154 - Matplotlib backend: Agg
2025-09-01 09:30:05,792 - INFO - sentinel2.py:224 - Write input scenes footprint overlay: //nas-rs.topo.auth.gr/Latomeia/DROUGHT/composites/x09/y10/2023/12/01/S2L2A_medcomp_x09y10_202312_InDataFootprint.jpeg
2025-09-01 09:30:06,007 - INFO - composites.py:297 -                                  
2025-09-01 09:30:06,007 - INFO - composites.py:298 - Downstream STAC items from Planetary Computer
2025-09-01 09:30:06,007 - INFO - timeseries_processing.py:115 -                                  
2025-09-01 09:30:06,007 - INFO - timeseries_processing.py:116 - Loading bands of diferent resolutions in EPSG:32634
2025-09-01 09:30:06,008 - INFO - timeseries_processing.py:120 -     Filtering items with native UTM EPSG:32634
2025-09-01 09:30:06,008 - INFO - timeseries_processing.py:122 -     23 Items in EPSG:32634
2025-09-01 09:30:06,008 - INFO - timeseries_processing.py:129 -                        
2025-09-01 09:30:06,008 - INFO - timeseries_processing.py:130 -     Loading parameters:
2025-09-01 09:30:06,008 - INFO - timeseries_processing.py:131 -         Bands: ['B05', 'B07', 'B8A', 'SCL']
2025-09-01 09:30:06,008 - INFO - timeseries_processing.py:132 -         Spatial resolution: 20
2025-09-01 09:30:06,008 - INFO - timeseries_processing.py:134 -         Get Assets from STAC Items
2025-09-01 09:30:06,008 - INFO - timeseries_processing.py:47 -         Initialize the STAC client
2025-09-01 09:30:06,612 - INFO - timeseries_processing.py:137 -         Loading 23 STAC Items....
2025-09-01 09:31:11,168 - INFO - timeseries_processing.py:146 -         Cube has been downloaded
2025-09-01 09:31:11,168 - INFO - timeseries_processing.py:156 -         Fix order of dimensions
2025-09-01 09:31:11,170 - INFO - timeseries_processing.py:161 -         Append bands to the band-list of EPSG:32634
2025-09-01 09:31:11,170 - INFO - timeseries_processing.py:129 -                        
2025-09-01 09:31:11,171 - INFO - timeseries_processing.py:130 -     Loading parameters:
2025-09-01 09:31:11,171 - INFO - timeseries_processing.py:131 -         Bands: ['B02', 'B03', 'B04']
2025-09-01 09:31:11,171 - INFO - timeseries_processing.py:132 -         Spatial resolution: 10
2025-09-01 09:31:11,172 - INFO - timeseries_processing.py:134 -         Get Assets from STAC Items
2025-09-01 09:31:11,173 - INFO - timeseries_processing.py:47 -         Initialize the STAC client
2025-09-01 09:31:11,811 - INFO - timeseries_processing.py:137 -         Loading 23 STAC Items....
2025-09-01 09:33:28,437 - INFO - timeseries_processing.py:146 -         Cube has been downloaded
2025-09-01 09:33:28,437 - INFO - timeseries_processing.py:149 -         Reproject to downsample 10m bands to 20m by Resampling.average 2x2 binning and shape matching with odc.geo.GeoBox
2025-09-01 09:33:41,173 - INFO - timeseries_processing.py:161 -         Append bands to the band-list of EPSG:32634
2025-09-01 09:33:41,173 - INFO - timeseries_processing.py:165 -                        
2025-09-01 09:33:41,173 - INFO - timeseries_processing.py:166 -     Merging bands in a single dataset
2025-09-01 09:33:41,173 - INFO - timeseries_processing.py:167 -     Ensure all partial datasets are at (x=20, y=-20) resolution
2025-09-01 09:33:41,174 - INFO - timeseries_processing.py:171 -     Clip to the intersection of indexes
2025-09-01 09:33:42,158 - INFO - timeseries_processing.py:180 -     Make a list of bands to merge
2025-09-01 09:33:42,159 - INFO - timeseries_processing.py:184 -     Merge on intersection
2025-09-01 09:33:42,160 - INFO - timeseries_processing.py:192 -     Apply masks on clouds, shadows, thin cirrus, and snow/ice
2025-09-01 09:33:42,160 - INFO - sentinel2.py:122 -                Masking bits: [3, 7, 8, 9, 10, 11]
2025-09-01 09:33:43,324 - INFO - composites.py:307 - Reproject from UTM Zone to Tile geometry -> CRS(EPSG:32634), Resampling.bilinear
2025-09-01 09:33:49,949 - INFO - composites.py:310 -     New shape of datasets: Shape2d(x=2400, y=2400)
2025-09-01 09:33:50,703 - INFO - composites.py:329 - Scale SR to Sen2Cor Baseline 4.00 - Subtract 1000 in dates post 2022-01-25
2025-09-01 09:33:52,348 - INFO - composites.py:342 - Creating preview plot of input scenes
2025-09-01 09:34:25,544 - INFO - timeseries_processing.py:349 - Saved preview for 'B04' to //nas-rs.topo.auth.gr/Latomeia/DROUGHT/composites/x09/y10/2023/12/01/S2L2A_medcomp_x09y10_202312_InDataPreview.jpeg
2025-09-01 09:34:25,555 - INFO - composites.py:348 - Clip value range
2025-09-01 09:34:27,452 - INFO - composites.py:353 -                           
2025-09-01 09:34:27,453 - INFO - composites.py:354 - Computing spectral indices:
2025-09-01 09:34:27,453 - INFO - composites.py:357 -     EVI...
2025-09-01 09:34:28,678 - INFO - composites.py:359 -     NDVI...
2025-09-01 09:34:29,182 - INFO - composites.py:361 -     PSRI2...
2025-09-01 09:34:29,451 - INFO - composites.py:364 - Clip to typical value range
2025-09-01 09:34:29,797 - INFO - composites.py:371 - Reducing to median value temporal composite
2025-09-01 09:34:55,305 - INFO - composites.py:390 - Scale and Define data types & nodata per band
2025-09-01 09:34:55,417 - INFO - composites.py:411 - Assign time range and tile ID in metadata
2025-09-01 09:34:55,417 - INFO - composites.py:419 - Write bands to raster COG files
2025-09-01 09:34:59,337 - INFO - composites.py:432 - Write B02 -> //nas-rs.topo.auth.gr/Latomeia/DROUGHT/composites/x09/y10/2023/12/01/S2L2A_medcomp_x09y10_202312_B02.tif
2025-09-01 09:35:03,158 - INFO - composites.py:432 - Write B03 -> //nas-rs.topo.auth.gr/Latomeia/DROUGHT/composites/x09/y10/2023/12/01/S2L2A_medcomp_x09y10_202312_B03.tif
2025-09-01 09:35:07,060 - INFO - composites.py:432 - Write B04 -> //nas-rs.topo.auth.gr/Latomeia/DROUGHT/composites/x09/y10/2023/12/01/S2L2A_medcomp_x09y10_202312_B04.tif
2025-09-01 09:35:11,041 - INFO - composites.py:432 - Write B05 -> //nas-rs.topo.auth.gr/Latomeia/DROUGHT/composites/x09/y10/2023/12/01/S2L2A_medcomp_x09y10_202312_B05.tif
2025-09-01 09:35:15,032 - INFO - composites.py:432 - Write B07 -> //nas-rs.topo.auth.gr/Latomeia/DROUGHT/composites/x09/y10/2023/12/01/S2L2A_medcomp_x09y10_202312_B07.tif
2025-09-01 09:35:19,159 - INFO - composites.py:432 - Write B8A -> //nas-rs.topo.auth.gr/Latomeia/DROUGHT/composites/x09/y10/2023/12/01/S2L2A_medcomp_x09y10_202312_B8A.tif
2025-09-01 09:35:23,446 - INFO - composites.py:432 - Write EVI -> //nas-rs.topo.auth.gr/Latomeia/DROUGHT/composites/x09/y10/2023/12/01/S2L2A_medcomp_x09y10_202312_EVI.tif
2025-09-01 09:35:27,406 - INFO - composites.py:432 - Write NDVI -> //nas-rs.topo.auth.gr/Latomeia/DROUGHT/composites/x09/y10/2023/12/01/S2L2A_medcomp_x09y10_202312_NDVI.tif
2025-09-01 09:35:31,244 - INFO - composites.py:432 - Write PSRI2 -> //nas-rs.topo.auth.gr/Latomeia/DROUGHT/composites/x09/y10/2023/12/01/S2L2A_medcomp_x09y10_202312_PSRI2.tif
2025-09-01 09:35:31,245 - INFO - composites.py:436 - Prepare metadata YAML document
2025-09-01 09:35:31,744 - INFO - composites.py:458 - Write metadata YAML document to disk
2025-09-01 09:35:31,797 - INFO - composites.py:463 - Create datacube.model.Dataset from eo3 metadata
2025-09-01 09:35:31,808 - INFO - composites.py:476 - Index to datacube
2025-09-01 09:35:31,809 - INFO - _datasets.py:191 - Indexing 015f7fbd-b335-423b-ac09-d8155677fac5
2025-09-01 09:35:31,818 - INFO - composites.py:479 - 
2025-09-01 09:35:31,818 - INFO - composites.py:480 -              ✔✔✔ COMPLETED: Tile x09_y10 | Time: 2023-12 | In 7.35 minutes
2025-09-01 09:35:31,818 - INFO - composites.py:481 - 
2025-09-01 09:35:31,818 - INFO - composites.py:489 - Closing Dask client
2025-09-01 09:35:31,821 - INFO - composites.py:493 - Closing Dask cluster
2025-09-01 09:35:31,821 - INFO - composites.py:494 - #######################################################################
