2025-08-31 20:50:46,240 - INFO - composites.py:102 - #######################################################################
2025-08-31 20:50:46,240 - INFO - composites.py:104 - Processing started
2025-08-31 20:50:46,240 - INFO - composites.py:105 -         Tile: x10_y07
2025-08-31 20:50:46,241 - INFO - composites.py:106 -         Time: 2023-08
2025-08-31 20:50:46,241 - INFO - composites.py:109 -                           
2025-08-31 20:50:46,241 - INFO - composites.py:110 - Establishing connection to datacube
2025-08-31 20:50:46,795 - INFO - composites.py:113 -                           
2025-08-31 20:50:46,795 - INFO - composites.py:114 - Sanity test: Check if dataset already exists in the datacube
2025-08-31 20:50:46,815 - INFO - composites.py:133 - The composite requested was not found and it will be computed
2025-08-31 20:50:46,815 - INFO - composites.py:136 -                                  
2025-08-31 20:50:46,816 - INFO - composites.py:137 - Initializing Dask cluster for parallelization
2025-08-31 20:50:52,045 - INFO - composites.py:161 - Dask dashboard is available at: http://127.0.0.1:8787/status
2025-08-31 20:50:52,045 - INFO - composites.py:164 - Create directories and naming conversions
2025-08-31 20:50:52,057 - INFO - composites.py:177 - Dataset location: //nas-rs.topo.auth.gr/Latomeia/DROUGHT/composites/x10/y07/2023/08/01
2025-08-31 20:50:52,057 - INFO - composites.py:180 -                           
2025-08-31 20:50:52,057 - INFO - composites.py:181 - Retrieve tile geometry
2025-08-31 20:50:52,085 - INFO - composites.py:192 - Create the Bounding Box (φ,λ)
2025-08-31 20:50:52,087 - INFO - composites.py:198 - Create the Bounding Box (x,y)
2025-08-31 20:50:52,087 - INFO - composites.py:211 -                           
2025-08-31 20:50:52,087 - INFO - composites.py:212 - Connect to Planetary Computer STAC Catalog
2025-08-31 20:50:52,300 - INFO - composites.py:220 - Search the STAC Catalog
2025-08-31 20:50:52,368 - INFO - composites.py:232 -         Query parameters:
2025-08-31 20:50:52,368 - INFO - composites.py:233 -             url:          https://planetarycomputer.microsoft.com/api/stac/v1/search
2025-08-31 20:50:52,368 - INFO - composites.py:234 -             client:       microsoft-pc
2025-08-31 20:50:52,369 - INFO - composites.py:235 -             collection:   sentinel-2-l2a
2025-08-31 20:50:52,369 - INFO - composites.py:236 -             bbox:         (22.240528254350007, 36.43261500541467, 22.895662885042924, 36.983478733191035)
2025-08-31 20:50:52,369 - INFO - composites.py:237 -             time range:   2023-08-01T00:00:00Z/2023-08-31T23:59:59Z
2025-08-31 20:50:52,369 - INFO - composites.py:238 -             cloud cover:  0% - 70%
2025-08-31 20:50:52,369 - INFO - composites.py:239 -             nodata cover: 0% - 33%
2025-08-31 20:50:52,369 - INFO - composites.py:241 -                           
2025-08-31 20:50:52,369 - INFO - composites.py:242 - Searching...
2025-08-31 20:50:52,918 - INFO - composites.py:245 - Query found 45 items
2025-08-31 20:50:52,928 - INFO - composites.py:247 - Searching for GRI REFINED scenes:
2025-08-31 20:50:55,683 - INFO - sentinel2.py:78 - 1/45 - S2B_MSIL2A_20230831T091559_R093_T34SFG_20241017T232234 -> REFINED
2025-08-31 20:50:58,567 - INFO - sentinel2.py:78 - 2/45 - S2B_MSIL2A_20230831T091559_R093_T34SFG_20230831T160036 -> REFINED
2025-08-31 20:51:01,646 - INFO - sentinel2.py:78 - 3/45 - S2B_MSIL2A_20230831T091559_R093_T34SFF_20241017T232234 -> REFINED
2025-08-31 20:51:04,862 - INFO - sentinel2.py:78 - 4/45 - S2B_MSIL2A_20230831T091559_R093_T34SFF_20230831T155409 -> REFINED
2025-08-31 20:51:08,425 - INFO - sentinel2.py:78 - 5/45 - S2B_MSIL2A_20230828T090559_R050_T34SFG_20241017T160356 -> REFINED
2025-08-31 20:51:11,609 - INFO - sentinel2.py:78 - 6/45 - S2B_MSIL2A_20230828T090559_R050_T34SFG_20230828T171044 -> REFINED
2025-08-31 20:51:14,359 - INFO - sentinel2.py:78 - 7/45 - S2B_MSIL2A_20230828T090559_R050_T34SFF_20241017T160356 -> REFINED
2025-08-31 20:51:16,969 - INFO - sentinel2.py:78 - 8/45 - S2B_MSIL2A_20230828T090559_R050_T34SFF_20230828T171051 -> REFINED
2025-08-31 20:51:20,123 - INFO - sentinel2.py:78 - 9/45 - S2A_MSIL2A_20230826T092031_R093_T34SFF_20240908T005800 -> REFINED
2025-08-31 20:51:23,788 - INFO - sentinel2.py:78 - 10/45 - S2A_MSIL2A_20230826T092031_R093_T34SFF_20230826T150843 -> REFINED
2025-08-31 20:51:27,389 - INFO - sentinel2.py:78 - 11/45 - S2A_MSIL2A_20230823T090601_R050_T34SFG_20240821T172243 -> REFINED
2025-08-31 20:51:31,033 - INFO - sentinel2.py:78 - 12/45 - S2A_MSIL2A_20230823T090601_R050_T34SFG_20230823T164543 -> REFINED
2025-08-31 20:51:33,829 - INFO - sentinel2.py:78 - 13/45 - S2A_MSIL2A_20230823T090601_R050_T34SFF_20240821T172243 -> REFINED
2025-08-31 20:51:37,164 - INFO - sentinel2.py:78 - 14/45 - S2A_MSIL2A_20230823T090601_R050_T34SFF_20230823T154229 -> REFINED
2025-08-31 20:51:39,783 - INFO - sentinel2.py:78 - 15/45 - S2B_MSIL2A_20230821T091559_R093_T34SFG_20230822T131202 -> REFINED
2025-08-31 20:51:43,042 - INFO - sentinel2.py:78 - 16/45 - S2B_MSIL2A_20230821T091559_R093_T34SFF_20230821T171401 -> REFINED
2025-08-31 20:51:46,319 - INFO - sentinel2.py:78 - 17/45 - S2B_MSIL2A_20230818T090559_R050_T34SFF_20230818T152538 -> REFINED
2025-08-31 20:51:49,816 - INFO - sentinel2.py:78 - 18/45 - S2A_MSIL2A_20230816T092031_R093_T34SFG_20241020T220433 -> REFINED
2025-08-31 20:51:53,292 - INFO - sentinel2.py:78 - 19/45 - S2A_MSIL2A_20230816T092031_R093_T34SFG_20230816T181147 -> REFINED
2025-08-31 20:51:56,372 - INFO - sentinel2.py:78 - 20/45 - S2A_MSIL2A_20230816T092031_R093_T34SFF_20241020T220433 -> REFINED
2025-08-31 20:52:00,544 - INFO - sentinel2.py:78 - 21/45 - S2A_MSIL2A_20230816T092031_R093_T34SFF_20230816T181654 -> REFINED
2025-08-31 20:52:03,243 - INFO - sentinel2.py:78 - 22/45 - S2A_MSIL2A_20230813T090601_R050_T34SFG_20241020T200352 -> REFINED
2025-08-31 20:52:05,911 - INFO - sentinel2.py:78 - 23/45 - S2A_MSIL2A_20230813T090601_R050_T34SFG_20230813T173929 -> REFINED
2025-08-31 20:52:09,688 - INFO - sentinel2.py:78 - 24/45 - S2A_MSIL2A_20230813T090601_R050_T34SFF_20241020T200352 -> REFINED
2025-08-31 20:52:12,439 - INFO - sentinel2.py:78 - 25/45 - S2A_MSIL2A_20230813T090601_R050_T34SFF_20230813T180740 -> REFINED
2025-08-31 20:52:15,594 - INFO - sentinel2.py:78 - 26/45 - S2B_MSIL2A_20230811T091559_R093_T34SFG_20241015T092419 -> REFINED
2025-08-31 20:52:18,136 - INFO - sentinel2.py:78 - 27/45 - S2B_MSIL2A_20230811T091559_R093_T34SFG_20230811T160116 -> REFINED
2025-08-31 20:52:21,532 - INFO - sentinel2.py:78 - 28/45 - S2B_MSIL2A_20230811T091559_R093_T34SFF_20241015T092419 -> REFINED
2025-08-31 20:52:25,081 - INFO - sentinel2.py:78 - 29/45 - S2B_MSIL2A_20230811T091559_R093_T34SFF_20230811T153052 -> REFINED
2025-08-31 20:52:27,759 - INFO - sentinel2.py:78 - 30/45 - S2B_MSIL2A_20230808T090559_R050_T34SFG_20241021T174327 -> REFINED
2025-08-31 20:52:30,942 - INFO - sentinel2.py:78 - 31/45 - S2B_MSIL2A_20230808T090559_R050_T34SFG_20231027T174904 -> REFINED
2025-08-31 20:52:33,668 - INFO - sentinel2.py:78 - 32/45 - S2B_MSIL2A_20230808T090559_R050_T34SFF_20241021T174327 -> REFINED
2025-08-31 20:52:36,383 - INFO - sentinel2.py:78 - 33/45 - S2B_MSIL2A_20230808T090559_R050_T34SFF_20231027T174904 -> REFINED
2025-08-31 20:52:39,563 - INFO - sentinel2.py:78 - 34/45 - S2A_MSIL2A_20230806T092031_R093_T34SFG_20241121T051843 -> REFINED
2025-08-31 20:52:43,225 - INFO - sentinel2.py:78 - 35/45 - S2A_MSIL2A_20230806T092031_R093_T34SFG_20230806T152321 -> REFINED
2025-08-31 20:52:46,846 - INFO - sentinel2.py:78 - 36/45 - S2A_MSIL2A_20230806T092031_R093_T34SFF_20241121T051843 -> REFINED
2025-08-31 20:52:49,796 - INFO - sentinel2.py:78 - 37/45 - S2A_MSIL2A_20230806T092031_R093_T34SFF_20230806T152312 -> REFINED
2025-08-31 20:52:52,424 - INFO - sentinel2.py:78 - 38/45 - S2A_MSIL2A_20230803T090601_R050_T34SFG_20241026T141345 -> REFINED
2025-08-31 20:52:55,855 - INFO - sentinel2.py:78 - 39/45 - S2A_MSIL2A_20230803T090601_R050_T34SFG_20230803T151254 -> REFINED
2025-08-31 20:53:00,224 - INFO - sentinel2.py:78 - 40/45 - S2A_MSIL2A_20230803T090601_R050_T34SFF_20241026T141345 -> REFINED
2025-08-31 20:53:03,515 - INFO - sentinel2.py:78 - 41/45 - S2A_MSIL2A_20230803T090601_R050_T34SFF_20230803T152002 -> REFINED
2025-08-31 20:53:07,329 - INFO - sentinel2.py:78 - 42/45 - S2B_MSIL2A_20230801T091559_R093_T34SFG_20241018T032848 -> REFINED
2025-08-31 20:53:11,029 - INFO - sentinel2.py:78 - 43/45 - S2B_MSIL2A_20230801T091559_R093_T34SFG_20230801T132220 -> REFINED
2025-08-31 20:53:13,682 - INFO - sentinel2.py:78 - 44/45 - S2B_MSIL2A_20230801T091559_R093_T34SFF_20241018T032848 -> REFINED
2025-08-31 20:53:17,653 - INFO - sentinel2.py:78 - 45/45 - S2B_MSIL2A_20230801T091559_R093_T34SFF_20230801T132158 -> REFINED
2025-08-31 20:53:17,691 - INFO - composites.py:250 -                                  
2025-08-31 20:53:17,691 - INFO - composites.py:251 - 45/45 were refined by GRI.
2025-08-31 20:53:17,691 - INFO - composites.py:263 - Looking for up to 10 cleanest images within spatiotemporal range of each MGRS tile
2025-08-31 20:53:17,692 - INFO - composites.py:277 - Filtered cleanest scenes: Kept 20 out of 45 items. 
2025-08-31 20:53:17,692 - INFO - composites.py:278 -         Included MGRS Tiles: ['34SFF' '34SFG']
2025-08-31 20:53:17,692 - INFO - composites.py:279 -         Included EPSG codes: [32634]
2025-08-31 20:53:17,692 - INFO - composites.py:281 - Selected scenes:
2025-08-31 20:53:17,693 - INFO - composites.py:283 -         S2A_MSIL2A_20230823T090601_R050_T34SFF_20240821T172243
2025-08-31 20:53:17,693 - INFO - composites.py:283 -         S2A_MSIL2A_20230823T090601_R050_T34SFF_20230823T154229
2025-08-31 20:53:17,693 - INFO - composites.py:283 -         S2B_MSIL2A_20230808T090559_R050_T34SFF_20241021T174327
2025-08-31 20:53:17,693 - INFO - composites.py:283 -         S2B_MSIL2A_20230808T090559_R050_T34SFF_20231027T174904
2025-08-31 20:53:17,693 - INFO - composites.py:283 -         S2B_MSIL2A_20230831T091559_R093_T34SFF_20230831T155409
2025-08-31 20:53:17,694 - INFO - composites.py:283 -         S2B_MSIL2A_20230831T091559_R093_T34SFF_20241017T232234
2025-08-31 20:53:17,695 - INFO - composites.py:283 -         S2B_MSIL2A_20230828T090559_R050_T34SFF_20230828T171051
2025-08-31 20:53:17,695 - INFO - composites.py:283 -         S2B_MSIL2A_20230828T090559_R050_T34SFF_20241017T160356
2025-08-31 20:53:17,695 - INFO - composites.py:283 -         S2B_MSIL2A_20230821T091559_R093_T34SFF_20230821T171401
2025-08-31 20:53:17,695 - INFO - composites.py:283 -         S2B_MSIL2A_20230818T090559_R050_T34SFF_20230818T152538
2025-08-31 20:53:17,695 - INFO - composites.py:283 -         S2B_MSIL2A_20230821T091559_R093_T34SFG_20230822T131202
2025-08-31 20:53:17,695 - INFO - composites.py:283 -         S2A_MSIL2A_20230803T090601_R050_T34SFG_20230803T151254
2025-08-31 20:53:17,696 - INFO - composites.py:283 -         S2A_MSIL2A_20230803T090601_R050_T34SFG_20241026T141345
2025-08-31 20:53:17,696 - INFO - composites.py:283 -         S2B_MSIL2A_20230808T090559_R050_T34SFG_20241021T174327
2025-08-31 20:53:17,696 - INFO - composites.py:283 -         S2B_MSIL2A_20230808T090559_R050_T34SFG_20231027T174904
2025-08-31 20:53:17,696 - INFO - composites.py:283 -         S2B_MSIL2A_20230831T091559_R093_T34SFG_20230831T160036
2025-08-31 20:53:17,696 - INFO - composites.py:283 -         S2B_MSIL2A_20230831T091559_R093_T34SFG_20241017T232234
2025-08-31 20:53:17,696 - INFO - composites.py:283 -         S2B_MSIL2A_20230828T090559_R050_T34SFG_20241017T160356
2025-08-31 20:53:17,696 - INFO - composites.py:283 -         S2B_MSIL2A_20230828T090559_R050_T34SFG_20230828T171044
2025-08-31 20:53:17,696 - INFO - composites.py:283 -         S2A_MSIL2A_20230823T090601_R050_T34SFG_20240821T172243
2025-08-31 20:53:18,168 - INFO - sentinel2.py:154 - Matplotlib backend: Agg
2025-08-31 20:53:18,343 - INFO - sentinel2.py:224 - Write input scenes footprint overlay: //nas-rs.topo.auth.gr/Latomeia/DROUGHT/composites/x10/y07/2023/08/01/S2L2A_medcomp_x10y07_202308_InDataFootprint.jpeg
2025-08-31 20:53:18,636 - INFO - composites.py:297 -                                  
2025-08-31 20:53:18,636 - INFO - composites.py:298 - Downstream STAC items from Planetary Computer
2025-08-31 20:53:18,636 - INFO - timeseries_processing.py:115 -                                  
2025-08-31 20:53:18,636 - INFO - timeseries_processing.py:116 - Loading bands of diferent resolutions in EPSG:32634
2025-08-31 20:53:18,636 - INFO - timeseries_processing.py:120 -     Filtering items with native UTM EPSG:32634
2025-08-31 20:53:18,636 - INFO - timeseries_processing.py:122 -     20 Items in EPSG:32634
2025-08-31 20:53:18,636 - INFO - timeseries_processing.py:129 -                        
2025-08-31 20:53:18,636 - INFO - timeseries_processing.py:130 -     Loading parameters:
2025-08-31 20:53:18,636 - INFO - timeseries_processing.py:131 -         Bands: ['B05', 'B07', 'B8A', 'SCL']
2025-08-31 20:53:18,636 - INFO - timeseries_processing.py:132 -         Spatial resolution: 20
2025-08-31 20:53:18,636 - INFO - timeseries_processing.py:134 -         Get Assets from STAC Items
2025-08-31 20:53:18,636 - INFO - timeseries_processing.py:47 -         Initialize the STAC client
2025-08-31 20:53:19,215 - INFO - timeseries_processing.py:137 -         Loading 20 STAC Items....
2025-08-31 20:54:48,608 - INFO - timeseries_processing.py:146 -         Cube has been downloaded
2025-08-31 20:54:48,608 - INFO - timeseries_processing.py:156 -         Fix order of dimensions
2025-08-31 20:54:48,609 - INFO - timeseries_processing.py:161 -         Append bands to the band-list of EPSG:32634
2025-08-31 20:54:48,610 - INFO - timeseries_processing.py:129 -                        
2025-08-31 20:54:48,611 - INFO - timeseries_processing.py:130 -     Loading parameters:
2025-08-31 20:54:48,611 - INFO - timeseries_processing.py:131 -         Bands: ['B02', 'B03', 'B04']
2025-08-31 20:54:48,611 - INFO - timeseries_processing.py:132 -         Spatial resolution: 10
2025-08-31 20:54:48,611 - INFO - timeseries_processing.py:134 -         Get Assets from STAC Items
2025-08-31 20:54:48,611 - INFO - timeseries_processing.py:47 -         Initialize the STAC client
2025-08-31 20:54:49,246 - INFO - timeseries_processing.py:137 -         Loading 20 STAC Items....
2025-08-31 20:57:37,778 - INFO - timeseries_processing.py:146 -         Cube has been downloaded
2025-08-31 20:57:37,778 - INFO - timeseries_processing.py:149 -         Reproject to downsample 10m bands to 20m by Resampling.average 2x2 binning and shape matching with odc.geo.GeoBox
2025-08-31 20:57:48,396 - INFO - timeseries_processing.py:161 -         Append bands to the band-list of EPSG:32634
2025-08-31 20:57:48,397 - INFO - timeseries_processing.py:165 -                        
2025-08-31 20:57:48,397 - INFO - timeseries_processing.py:166 -     Merging bands in a single dataset
2025-08-31 20:57:48,397 - INFO - timeseries_processing.py:167 -     Ensure all partial datasets are at (x=20, y=-20) resolution
2025-08-31 20:57:48,397 - INFO - timeseries_processing.py:171 -     Clip to the intersection of indexes
2025-08-31 20:57:49,392 - INFO - timeseries_processing.py:180 -     Make a list of bands to merge
2025-08-31 20:57:49,393 - INFO - timeseries_processing.py:184 -     Merge on intersection
2025-08-31 20:57:49,395 - INFO - timeseries_processing.py:192 -     Apply masks on clouds, shadows, thin cirrus, and snow/ice
2025-08-31 20:57:49,395 - INFO - sentinel2.py:122 -                Masking bits: [3, 7, 8, 9, 10, 11]
2025-08-31 20:57:50,294 - INFO - composites.py:307 - Reproject from UTM Zone to Tile geometry -> CRS(EPSG:32634), Resampling.bilinear
2025-08-31 20:57:55,101 - INFO - composites.py:310 -     New shape of datasets: Shape2d(x=2400, y=2400)
2025-08-31 20:57:55,737 - INFO - composites.py:329 - Scale SR to Sen2Cor Baseline 4.00 - Subtract 1000 in dates post 2022-01-25
2025-08-31 20:57:56,881 - INFO - composites.py:342 - Creating preview plot of input scenes
2025-08-31 20:58:23,718 - INFO - timeseries_processing.py:349 - Saved preview for 'B04' to //nas-rs.topo.auth.gr/Latomeia/DROUGHT/composites/x10/y07/2023/08/01/S2L2A_medcomp_x10y07_202308_InDataPreview.jpeg
2025-08-31 20:58:23,723 - INFO - composites.py:348 - Clip value range
2025-08-31 20:58:25,066 - INFO - composites.py:353 -                           
2025-08-31 20:58:25,072 - INFO - composites.py:354 - Computing spectral indices:
2025-08-31 20:58:25,072 - INFO - composites.py:357 -     EVI...
2025-08-31 20:58:25,964 - INFO - composites.py:359 -     NDVI...
2025-08-31 20:58:26,328 - INFO - composites.py:361 -     PSRI2...
2025-08-31 20:58:26,522 - INFO - composites.py:364 - Clip to typical value range
2025-08-31 20:58:26,758 - INFO - composites.py:371 - Reducing to median value temporal composite
2025-08-31 20:58:53,076 - INFO - composites.py:390 - Scale and Define data types & nodata per band
2025-08-31 20:58:53,271 - INFO - composites.py:411 - Assign time range and tile ID in metadata
2025-08-31 20:58:53,271 - INFO - composites.py:419 - Write bands to raster COG files
2025-08-31 20:58:57,066 - INFO - composites.py:432 - Write B02 -> //nas-rs.topo.auth.gr/Latomeia/DROUGHT/composites/x10/y07/2023/08/01/S2L2A_medcomp_x10y07_202308_B02.tif
2025-08-31 20:59:00,923 - INFO - composites.py:432 - Write B03 -> //nas-rs.topo.auth.gr/Latomeia/DROUGHT/composites/x10/y07/2023/08/01/S2L2A_medcomp_x10y07_202308_B03.tif
2025-08-31 20:59:04,747 - INFO - composites.py:432 - Write B04 -> //nas-rs.topo.auth.gr/Latomeia/DROUGHT/composites/x10/y07/2023/08/01/S2L2A_medcomp_x10y07_202308_B04.tif
2025-08-31 20:59:08,619 - INFO - composites.py:432 - Write B05 -> //nas-rs.topo.auth.gr/Latomeia/DROUGHT/composites/x10/y07/2023/08/01/S2L2A_medcomp_x10y07_202308_B05.tif
2025-08-31 20:59:12,440 - INFO - composites.py:432 - Write B07 -> //nas-rs.topo.auth.gr/Latomeia/DROUGHT/composites/x10/y07/2023/08/01/S2L2A_medcomp_x10y07_202308_B07.tif
2025-08-31 20:59:16,378 - INFO - composites.py:432 - Write B8A -> //nas-rs.topo.auth.gr/Latomeia/DROUGHT/composites/x10/y07/2023/08/01/S2L2A_medcomp_x10y07_202308_B8A.tif
2025-08-31 20:59:20,198 - INFO - composites.py:432 - Write EVI -> //nas-rs.topo.auth.gr/Latomeia/DROUGHT/composites/x10/y07/2023/08/01/S2L2A_medcomp_x10y07_202308_EVI.tif
2025-08-31 20:59:23,999 - INFO - composites.py:432 - Write NDVI -> //nas-rs.topo.auth.gr/Latomeia/DROUGHT/composites/x10/y07/2023/08/01/S2L2A_medcomp_x10y07_202308_NDVI.tif
2025-08-31 20:59:27,857 - INFO - composites.py:432 - Write PSRI2 -> //nas-rs.topo.auth.gr/Latomeia/DROUGHT/composites/x10/y07/2023/08/01/S2L2A_medcomp_x10y07_202308_PSRI2.tif
2025-08-31 20:59:27,867 - INFO - composites.py:436 - Prepare metadata YAML document
2025-08-31 20:59:28,375 - INFO - composites.py:458 - Write metadata YAML document to disk
2025-08-31 20:59:28,415 - INFO - composites.py:463 - Create datacube.model.Dataset from eo3 metadata
2025-08-31 20:59:28,426 - INFO - composites.py:476 - Index to datacube
2025-08-31 20:59:28,427 - INFO - _datasets.py:191 - Indexing 63d31e25-88cc-4819-9e29-1a25d9aa77c0
2025-08-31 20:59:28,442 - INFO - composites.py:479 - 
2025-08-31 20:59:28,442 - INFO - composites.py:480 -              ✔✔✔ COMPLETED: Tile x10_y07 | Time: 2023-08 | In 8.7 minutes
2025-08-31 20:59:28,442 - INFO - composites.py:481 - 
2025-08-31 20:59:28,442 - INFO - composites.py:489 - Closing Dask client
2025-08-31 20:59:28,444 - INFO - composites.py:493 - Closing Dask cluster
2025-08-31 20:59:28,444 - INFO - composites.py:494 - #######################################################################
