2025-12-01 00:34:41,646 - INFO - composites.py:102 - #######################################################################
2025-12-01 00:34:41,646 - INFO - composites.py:104 - Processing started
2025-12-01 00:34:41,646 - INFO - composites.py:105 -         Tile: x07_y12
2025-12-01 00:34:41,646 - INFO - composites.py:106 -         Time: 2022-11
2025-12-01 00:34:41,646 - INFO - composites.py:109 -                           
2025-12-01 00:34:41,646 - INFO - composites.py:110 - Establishing connection to datacube
2025-12-01 00:34:42,211 - INFO - composites.py:113 -                           
2025-12-01 00:34:42,211 - INFO - composites.py:114 - Sanity test: Check if dataset already exists in the datacube
2025-12-01 00:34:42,232 - INFO - composites.py:133 - The composite requested was not found and it will be computed
2025-12-01 00:34:42,232 - INFO - composites.py:136 -                                  
2025-12-01 00:34:42,232 - INFO - composites.py:137 - Initializing Dask cluster for parallelization
2025-12-01 00:34:47,400 - INFO - composites.py:161 - Dask dashboard is available at: http://127.0.0.1:8787/status
2025-12-01 00:34:47,400 - INFO - composites.py:164 - Create directories and naming conversions
2025-12-01 00:34:47,413 - INFO - composites.py:177 - Dataset location: //nas-rs.topo.auth.gr/Latomeia/DROUGHT/composites/x07/y12/2022/11/01
2025-12-01 00:34:47,413 - INFO - composites.py:180 -                           
2025-12-01 00:34:47,413 - INFO - composites.py:181 - Retrieve tile geometry
2025-12-01 00:34:47,449 - INFO - composites.py:192 - Create the Bounding Box (φ,λ)
2025-12-01 00:34:47,449 - INFO - composites.py:198 - Create the Bounding Box (x,y)
2025-12-01 00:34:47,449 - INFO - composites.py:211 -                           
2025-12-01 00:34:47,449 - INFO - composites.py:212 - Connect to Planetary Computer STAC Catalog
2025-12-01 00:34:47,792 - INFO - composites.py:220 - Search the STAC Catalog
2025-12-01 00:34:47,866 - INFO - composites.py:232 -         Query parameters:
2025-12-01 00:34:47,866 - INFO - composites.py:233 -             url:          https://planetarycomputer.microsoft.com/api/stac/v1/search
2025-12-01 00:34:47,868 - INFO - composites.py:234 -             client:       microsoft-pc
2025-12-01 00:34:47,868 - INFO - composites.py:235 -             collection:   sentinel-2-l2a
2025-12-01 00:34:47,868 - INFO - composites.py:236 -             bbox:         (20.999765686564626, 38.787881790199634, 21.67096534182257, 39.332009850489634)
2025-12-01 00:34:47,868 - INFO - composites.py:237 -             time range:   2022-11-01T00:00:00Z/2022-11-30T23:59:59Z
2025-12-01 00:34:47,868 - INFO - composites.py:238 -             cloud cover:  0% - 70%
2025-12-01 00:34:47,868 - INFO - composites.py:239 -             nodata cover: 0% - 33%
2025-12-01 00:34:47,868 - INFO - composites.py:241 -                           
2025-12-01 00:34:47,868 - INFO - composites.py:242 - Searching...
2025-12-01 00:34:48,320 - INFO - composites.py:245 - Query found 23 items
2025-12-01 00:34:48,320 - INFO - composites.py:247 - Searching for GRI REFINED scenes:
2025-12-01 00:34:54,074 - INFO - sentinel2.py:78 - 1/23 - S2A_MSIL2A_20221129T092331_R093_T34SEH_20221201T050335 -> REFINED
2025-12-01 00:34:58,959 - INFO - sentinel2.py:78 - 2/23 - S2A_MSIL2A_20221129T092331_R093_T34SDH_20221201T051336 -> REFINED
2025-12-01 00:35:03,724 - INFO - sentinel2.py:78 - 3/23 - S2B_MSIL2A_20221124T092219_R093_T34SEJ_20221125T142013 -> REFINED
2025-12-01 00:35:09,731 - INFO - sentinel2.py:78 - 4/23 - S2B_MSIL2A_20221124T092219_R093_T34SEH_20221125T125846 -> REFINED
2025-12-01 00:35:14,472 - INFO - sentinel2.py:78 - 5/23 - S2B_MSIL2A_20221124T092219_R093_T34SDH_20240804T160431 -> REFINED
2025-12-01 00:35:20,100 - INFO - sentinel2.py:78 - 6/23 - S2B_MSIL2A_20221124T092219_R093_T34SDH_20221125T144027 -> REFINED
2025-12-01 00:35:26,160 - INFO - sentinel2.py:78 - 7/23 - S2A_MSIL2A_20221119T092301_R093_T34SEJ_20221120T002613 -> REFINED
2025-12-01 00:35:31,705 - INFO - sentinel2.py:78 - 8/23 - S2A_MSIL2A_20221119T092301_R093_T34SEH_20221120T000300 -> REFINED
2025-12-01 00:35:37,711 - INFO - sentinel2.py:78 - 9/23 - S2A_MSIL2A_20221119T092301_R093_T34SDH_20221120T004328 -> REFINED
2025-12-01 00:35:43,757 - INFO - sentinel2.py:78 - 10/23 - S2B_MSIL2A_20221114T092139_R093_T34SEH_20221115T031852 -> REFINED
2025-12-01 00:35:48,671 - INFO - sentinel2.py:78 - 11/23 - S2B_MSIL2A_20221114T092139_R093_T34SDH_20221115T022204 -> REFINED
2025-12-01 00:35:53,495 - INFO - sentinel2.py:78 - 12/23 - S2A_MSIL2A_20221109T092211_R093_T34SEJ_20221110T024207 -> REFINED
2025-12-01 00:35:58,751 - INFO - sentinel2.py:78 - 13/23 - S2A_MSIL2A_20221109T092211_R093_T34SEH_20221110T030835 -> REFINED
2025-12-01 00:36:03,944 - INFO - sentinel2.py:78 - 14/23 - S2A_MSIL2A_20221109T092211_R093_T34SDH_20221110T024404 -> REFINED
2025-12-01 00:36:08,892 - INFO - sentinel2.py:78 - 15/23 - S2B_MSIL2A_20221107T093109_R136_T34SDJ_20221108T022333 -> REFINED
2025-12-01 00:36:14,724 - INFO - sentinel2.py:78 - 16/23 - S2B_MSIL2A_20221107T093109_R136_T34SDH_20221108T042302 -> REFINED
2025-12-01 00:36:19,342 - INFO - sentinel2.py:78 - 17/23 - S2B_MSIL2A_20221104T092049_R093_T34SEJ_20221104T225902 -> REFINED
2025-12-01 00:36:24,606 - INFO - sentinel2.py:78 - 18/23 - S2B_MSIL2A_20221104T092049_R093_T34SEH_20221104T230412 -> REFINED
2025-12-01 00:36:30,382 - INFO - sentinel2.py:78 - 19/23 - S2B_MSIL2A_20221104T092049_R093_T34SDH_20221104T221640 -> REFINED
2025-12-01 00:36:36,185 - INFO - sentinel2.py:78 - 20/23 - S2A_MSIL2A_20221102T093141_R136_T34SDJ_20240805T145832 -> REFINED
2025-12-01 00:36:40,825 - INFO - sentinel2.py:78 - 21/23 - S2A_MSIL2A_20221102T093141_R136_T34SDJ_20221103T034450 -> REFINED
2025-12-01 00:36:46,490 - INFO - sentinel2.py:78 - 22/23 - S2A_MSIL2A_20221102T093141_R136_T34SDH_20240805T145832 -> REFINED
2025-12-01 00:36:51,844 - INFO - sentinel2.py:78 - 23/23 - S2A_MSIL2A_20221102T093141_R136_T34SDH_20221103T025158 -> REFINED
2025-12-01 00:36:51,880 - INFO - composites.py:250 -                                  
2025-12-01 00:36:51,880 - INFO - composites.py:251 - 23/23 were refined by GRI.
2025-12-01 00:36:51,898 - INFO - composites.py:263 - Looking for up to 7 cleanest images within spatiotemporal range of each MGRS tile
2025-12-01 00:36:51,899 - INFO - composites.py:277 - Filtered cleanest scenes: Kept 20 out of 23 items. 
2025-12-01 00:36:51,899 - INFO - composites.py:278 -         Included MGRS Tiles: ['34SDH' '34SDJ' '34SEH' '34SEJ']
2025-12-01 00:36:51,899 - INFO - composites.py:279 -         Included EPSG codes: [32634]
2025-12-01 00:36:51,899 - INFO - composites.py:281 - Selected scenes:
2025-12-01 00:36:51,899 - INFO - composites.py:283 -         S2A_MSIL2A_20221102T093141_R136_T34SDH_20240805T145832
2025-12-01 00:36:51,899 - INFO - composites.py:283 -         S2A_MSIL2A_20221102T093141_R136_T34SDH_20221103T025158
2025-12-01 00:36:51,899 - INFO - composites.py:283 -         S2B_MSIL2A_20221104T092049_R093_T34SDH_20221104T221640
2025-12-01 00:36:51,899 - INFO - composites.py:283 -         S2B_MSIL2A_20221107T093109_R136_T34SDH_20221108T042302
2025-12-01 00:36:51,899 - INFO - composites.py:283 -         S2A_MSIL2A_20221109T092211_R093_T34SDH_20221110T024404
2025-12-01 00:36:51,905 - INFO - composites.py:283 -         S2A_MSIL2A_20221129T092331_R093_T34SDH_20221201T051336
2025-12-01 00:36:51,905 - INFO - composites.py:283 -         S2B_MSIL2A_20221124T092219_R093_T34SDH_20221125T144027
2025-12-01 00:36:51,906 - INFO - composites.py:283 -         S2A_MSIL2A_20221102T093141_R136_T34SDJ_20240805T145832
2025-12-01 00:36:51,906 - INFO - composites.py:283 -         S2A_MSIL2A_20221102T093141_R136_T34SDJ_20221103T034450
2025-12-01 00:36:51,906 - INFO - composites.py:283 -         S2B_MSIL2A_20221107T093109_R136_T34SDJ_20221108T022333
2025-12-01 00:36:51,906 - INFO - composites.py:283 -         S2B_MSIL2A_20221104T092049_R093_T34SEH_20221104T230412
2025-12-01 00:36:51,906 - INFO - composites.py:283 -         S2A_MSIL2A_20221109T092211_R093_T34SEH_20221110T030835
2025-12-01 00:36:51,906 - INFO - composites.py:283 -         S2B_MSIL2A_20221124T092219_R093_T34SEH_20221125T125846
2025-12-01 00:36:51,906 - INFO - composites.py:283 -         S2B_MSIL2A_20221114T092139_R093_T34SEH_20221115T031852
2025-12-01 00:36:51,907 - INFO - composites.py:283 -         S2A_MSIL2A_20221129T092331_R093_T34SEH_20221201T050335
2025-12-01 00:36:51,907 - INFO - composites.py:283 -         S2A_MSIL2A_20221119T092301_R093_T34SEH_20221120T000300
2025-12-01 00:36:51,907 - INFO - composites.py:283 -         S2B_MSIL2A_20221104T092049_R093_T34SEJ_20221104T225902
2025-12-01 00:36:51,907 - INFO - composites.py:283 -         S2B_MSIL2A_20221124T092219_R093_T34SEJ_20221125T142013
2025-12-01 00:36:51,907 - INFO - composites.py:283 -         S2A_MSIL2A_20221109T092211_R093_T34SEJ_20221110T024207
2025-12-01 00:36:51,907 - INFO - composites.py:283 -         S2A_MSIL2A_20221119T092301_R093_T34SEJ_20221120T002613
2025-12-01 00:36:52,271 - INFO - sentinel2.py:154 - Matplotlib backend: Agg
2025-12-01 00:36:52,570 - INFO - sentinel2.py:224 - Write input scenes footprint overlay: //nas-rs.topo.auth.gr/Latomeia/DROUGHT/composites/x07/y12/2022/11/01/S2L2A_medcomp_x07y12_202211_InDataFootprint.jpeg
2025-12-01 00:36:52,805 - INFO - composites.py:297 -                                  
2025-12-01 00:36:52,805 - INFO - composites.py:298 - Downstream STAC items from Planetary Computer
2025-12-01 00:36:52,807 - INFO - timeseries_processing.py:115 -                                  
2025-12-01 00:36:52,807 - INFO - timeseries_processing.py:116 - Loading bands of diferent resolutions in EPSG:32634
2025-12-01 00:36:52,807 - INFO - timeseries_processing.py:120 -     Filtering items with native UTM EPSG:32634
2025-12-01 00:36:52,807 - INFO - timeseries_processing.py:122 -     20 Items in EPSG:32634
2025-12-01 00:36:52,807 - INFO - timeseries_processing.py:129 -                        
2025-12-01 00:36:52,807 - INFO - timeseries_processing.py:130 -     Loading parameters:
2025-12-01 00:36:52,807 - INFO - timeseries_processing.py:131 -         Bands: ['B05', 'B07', 'B8A', 'SCL']
2025-12-01 00:36:52,808 - INFO - timeseries_processing.py:132 -         Spatial resolution: 20
2025-12-01 00:36:52,808 - INFO - timeseries_processing.py:134 -         Get Assets from STAC Items
2025-12-01 00:36:52,808 - INFO - timeseries_processing.py:47 -         Initialize the STAC client
2025-12-01 00:36:53,506 - INFO - timeseries_processing.py:137 -         Loading 20 STAC Items....
2025-12-01 00:37:53,399 - INFO - timeseries_processing.py:146 -         Cube has been downloaded
2025-12-01 00:37:53,399 - INFO - timeseries_processing.py:156 -         Fix order of dimensions
2025-12-01 00:37:53,399 - INFO - timeseries_processing.py:161 -         Append bands to the band-list of EPSG:32634
2025-12-01 00:37:53,399 - INFO - timeseries_processing.py:129 -                        
2025-12-01 00:37:53,399 - INFO - timeseries_processing.py:130 -     Loading parameters:
2025-12-01 00:37:53,399 - INFO - timeseries_processing.py:131 -         Bands: ['B02', 'B03', 'B04']
2025-12-01 00:37:53,404 - INFO - timeseries_processing.py:132 -         Spatial resolution: 10
2025-12-01 00:37:53,404 - INFO - timeseries_processing.py:134 -         Get Assets from STAC Items
2025-12-01 00:37:53,404 - INFO - timeseries_processing.py:47 -         Initialize the STAC client
2025-12-01 00:37:54,065 - INFO - timeseries_processing.py:137 -         Loading 20 STAC Items....
2025-12-01 00:40:53,153 - INFO - timeseries_processing.py:146 -         Cube has been downloaded
2025-12-01 00:40:53,154 - INFO - timeseries_processing.py:149 -         Reproject to downsample 10m bands to 20m by Resampling.average 2x2 binning and shape matching with odc.geo.GeoBox
2025-12-01 00:41:03,323 - INFO - timeseries_processing.py:161 -         Append bands to the band-list of EPSG:32634
2025-12-01 00:41:03,323 - INFO - timeseries_processing.py:165 -                        
2025-12-01 00:41:03,323 - INFO - timeseries_processing.py:166 -     Merging bands in a single dataset
2025-12-01 00:41:03,323 - INFO - timeseries_processing.py:167 -     Ensure all partial datasets are at (x=20, y=-20) resolution
2025-12-01 00:41:03,323 - INFO - timeseries_processing.py:171 -     Clip to the intersection of indexes
2025-12-01 00:41:04,592 - INFO - timeseries_processing.py:180 -     Make a list of bands to merge
2025-12-01 00:41:04,594 - INFO - timeseries_processing.py:184 -     Merge on intersection
2025-12-01 00:41:04,594 - INFO - timeseries_processing.py:192 -     Apply masks on clouds, shadows, thin cirrus, and snow/ice
2025-12-01 00:41:04,594 - INFO - sentinel2.py:122 -                Masking bits: [3, 7, 8, 9, 10, 11]
2025-12-01 00:41:05,499 - INFO - composites.py:307 - Reproject from UTM Zone to Tile geometry -> CRS(EPSG:32634), Resampling.bilinear
2025-12-01 00:41:10,763 - INFO - composites.py:310 -     New shape of datasets: Shape2d(x=2400, y=2400)
2025-12-01 00:41:11,444 - INFO - composites.py:329 - Scale SR to Sen2Cor Baseline 4.00 - Subtract 1000 in dates post 2022-01-25
2025-12-01 00:41:12,612 - INFO - composites.py:342 - Creating preview plot of input scenes
2025-12-01 00:41:42,637 - INFO - timeseries_processing.py:349 - Saved preview for 'B04' to //nas-rs.topo.auth.gr/Latomeia/DROUGHT/composites/x07/y12/2022/11/01/S2L2A_medcomp_x07y12_202211_InDataPreview.jpeg
2025-12-01 00:41:42,643 - INFO - composites.py:348 - Clip value range
2025-12-01 00:41:44,160 - INFO - composites.py:353 -                           
2025-12-01 00:41:44,162 - INFO - composites.py:354 - Computing spectral indices:
2025-12-01 00:41:44,162 - INFO - composites.py:357 -     EVI...
2025-12-01 00:41:45,156 - INFO - composites.py:359 -     NDVI...
2025-12-01 00:41:45,530 - INFO - composites.py:361 -     PSRI2...
2025-12-01 00:41:45,745 - INFO - composites.py:364 - Clip to typical value range
2025-12-01 00:41:46,018 - INFO - composites.py:371 - Reducing to median value temporal composite
2025-12-01 00:42:11,535 - INFO - composites.py:390 - Scale and Define data types & nodata per band
2025-12-01 00:42:11,683 - INFO - composites.py:411 - Assign time range and tile ID in metadata
2025-12-01 00:42:11,683 - INFO - composites.py:419 - Write bands to raster COG files
2025-12-01 00:42:15,791 - INFO - composites.py:432 - Write B02 -> //nas-rs.topo.auth.gr/Latomeia/DROUGHT/composites/x07/y12/2022/11/01/S2L2A_medcomp_x07y12_202211_B02.tif
2025-12-01 00:42:19,761 - INFO - composites.py:432 - Write B03 -> //nas-rs.topo.auth.gr/Latomeia/DROUGHT/composites/x07/y12/2022/11/01/S2L2A_medcomp_x07y12_202211_B03.tif
2025-12-01 00:42:23,668 - INFO - composites.py:432 - Write B04 -> //nas-rs.topo.auth.gr/Latomeia/DROUGHT/composites/x07/y12/2022/11/01/S2L2A_medcomp_x07y12_202211_B04.tif
2025-12-01 00:42:28,351 - INFO - composites.py:432 - Write B05 -> //nas-rs.topo.auth.gr/Latomeia/DROUGHT/composites/x07/y12/2022/11/01/S2L2A_medcomp_x07y12_202211_B05.tif
2025-12-01 00:42:33,816 - INFO - composites.py:432 - Write B07 -> //nas-rs.topo.auth.gr/Latomeia/DROUGHT/composites/x07/y12/2022/11/01/S2L2A_medcomp_x07y12_202211_B07.tif
2025-12-01 00:42:38,678 - INFO - composites.py:432 - Write B8A -> //nas-rs.topo.auth.gr/Latomeia/DROUGHT/composites/x07/y12/2022/11/01/S2L2A_medcomp_x07y12_202211_B8A.tif
2025-12-01 00:42:42,716 - INFO - composites.py:432 - Write EVI -> //nas-rs.topo.auth.gr/Latomeia/DROUGHT/composites/x07/y12/2022/11/01/S2L2A_medcomp_x07y12_202211_EVI.tif
2025-12-01 00:42:46,639 - INFO - composites.py:432 - Write NDVI -> //nas-rs.topo.auth.gr/Latomeia/DROUGHT/composites/x07/y12/2022/11/01/S2L2A_medcomp_x07y12_202211_NDVI.tif
2025-12-01 00:42:50,463 - INFO - composites.py:432 - Write PSRI2 -> //nas-rs.topo.auth.gr/Latomeia/DROUGHT/composites/x07/y12/2022/11/01/S2L2A_medcomp_x07y12_202211_PSRI2.tif
2025-12-01 00:42:50,468 - INFO - composites.py:436 - Prepare metadata YAML document
2025-12-01 00:42:50,966 - INFO - composites.py:458 - Write metadata YAML document to disk
2025-12-01 00:42:51,006 - INFO - composites.py:463 - Create datacube.model.Dataset from eo3 metadata
2025-12-01 00:42:51,016 - INFO - composites.py:476 - Index to datacube
2025-12-01 00:42:51,016 - INFO - _datasets.py:191 - Indexing 81acfdab-dc82-4c74-9f5f-e46ecc57d88a
2025-12-01 00:42:51,025 - INFO - composites.py:479 - 
2025-12-01 00:42:51,026 - INFO - composites.py:480 -              ✔✔✔ COMPLETED: Tile x07_y12 | Time: 2022-11 | In 8.16 minutes
2025-12-01 00:42:51,026 - INFO - composites.py:481 - 
2025-12-01 00:42:51,026 - INFO - composites.py:489 - Closing Dask client
2025-12-01 00:42:51,028 - INFO - composites.py:493 - Closing Dask cluster
2025-12-01 00:42:51,028 - INFO - composites.py:494 - #######################################################################
