2025-08-31 08:18:07,793 - INFO - composites.py:102 - #######################################################################
2025-08-31 08:18:07,793 - INFO - composites.py:104 - Processing started
2025-08-31 08:18:07,793 - INFO - composites.py:105 -         Tile: x11_y10
2025-08-31 08:18:07,793 - INFO - composites.py:106 -         Time: 2023-05
2025-08-31 08:18:07,793 - INFO - composites.py:109 -                           
2025-08-31 08:18:07,793 - INFO - composites.py:110 - Establishing connection to datacube
2025-08-31 08:18:08,363 - INFO - composites.py:113 -                           
2025-08-31 08:18:08,364 - INFO - composites.py:114 - Sanity test: Check if dataset already exists in the datacube
2025-08-31 08:18:08,384 - INFO - composites.py:133 - The composite requested was not found and it will be computed
2025-08-31 08:18:08,384 - INFO - composites.py:136 -                                  
2025-08-31 08:18:08,384 - INFO - composites.py:137 - Initializing Dask cluster for parallelization
2025-08-31 08:18:13,520 - INFO - composites.py:161 - Dask dashboard is available at: http://127.0.0.1:8787/status
2025-08-31 08:18:13,520 - INFO - composites.py:164 - Create directories and naming conversions
2025-08-31 08:18:13,532 - INFO - composites.py:177 - Dataset location: //nas-rs.topo.auth.gr/Latomeia/DROUGHT/composites/x11/y10/2023/05/01
2025-08-31 08:18:13,532 - INFO - composites.py:180 -                           
2025-08-31 08:18:13,532 - INFO - composites.py:181 - Retrieve tile geometry
2025-08-31 08:18:13,561 - INFO - composites.py:192 - Create the Bounding Box (φ,λ)
2025-08-31 08:18:13,562 - INFO - composites.py:198 - Create the Bounding Box (x,y)
2025-08-31 08:18:13,562 - INFO - composites.py:211 -                           
2025-08-31 08:18:13,562 - INFO - composites.py:212 - Connect to Planetary Computer STAC Catalog
2025-08-31 08:18:13,805 - INFO - composites.py:220 - Search the STAC Catalog
2025-08-31 08:18:13,872 - INFO - composites.py:232 -         Query parameters:
2025-08-31 08:18:13,872 - INFO - composites.py:233 -             url:          https://planetarycomputer.microsoft.com/api/stac/v1/search
2025-08-31 08:18:13,872 - INFO - composites.py:234 -             client:       microsoft-pc
2025-08-31 08:18:13,872 - INFO - composites.py:235 -             collection:   sentinel-2-l2a
2025-08-31 08:18:13,872 - INFO - composites.py:236 -             bbox:         (23.00741948027706, 37.64467818172542, 23.67848359322628, 38.19853968883684)
2025-08-31 08:18:13,872 - INFO - composites.py:237 -             time range:   2023-05-01T00:00:00Z/2023-05-31T23:59:59Z
2025-08-31 08:18:13,872 - INFO - composites.py:238 -             cloud cover:  0% - 70%
2025-08-31 08:18:13,872 - INFO - composites.py:239 -             nodata cover: 0% - 33%
2025-08-31 08:18:13,872 - INFO - composites.py:241 -                           
2025-08-31 08:18:13,872 - INFO - composites.py:242 - Searching...
2025-08-31 08:18:14,414 - INFO - composites.py:245 - Query found 31 items
2025-08-31 08:18:14,414 - INFO - composites.py:247 - Searching for GRI REFINED scenes:
2025-08-31 08:18:18,909 - INFO - sentinel2.py:78 - 1/31 - S2B_MSIL2A_20230530T090559_R050_T35SKC_20240906T110803 -> REFINED
2025-08-31 08:18:29,747 - INFO - sentinel2.py:78 - 2/31 - S2B_MSIL2A_20230530T090559_R050_T35SKC_20230530T131810 -> REFINED
2025-08-31 08:18:35,415 - INFO - sentinel2.py:78 - 3/31 - S2B_MSIL2A_20230530T090559_R050_T35SKB_20240906T110803 -> REFINED
2025-08-31 08:18:39,747 - INFO - sentinel2.py:78 - 4/31 - S2B_MSIL2A_20230530T090559_R050_T35SKB_20230530T131633 -> REFINED
2025-08-31 08:18:45,093 - INFO - sentinel2.py:78 - 5/31 - S2B_MSIL2A_20230530T090559_R050_T34SGH_20240906T110803 -> REFINED
2025-08-31 08:18:49,962 - INFO - sentinel2.py:78 - 6/31 - S2B_MSIL2A_20230530T090559_R050_T34SGH_20230530T132820 -> REFINED
2025-08-31 08:18:54,491 - INFO - sentinel2.py:78 - 7/31 - S2B_MSIL2A_20230530T090559_R050_T34SGG_20240906T110803 -> REFINED
2025-08-31 08:18:59,517 - INFO - sentinel2.py:78 - 8/31 - S2B_MSIL2A_20230530T090559_R050_T34SGG_20230530T131635 -> REFINED
2025-08-31 08:19:04,979 - INFO - sentinel2.py:78 - 9/31 - S2B_MSIL2A_20230530T090559_R050_T34SFG_20240906T110803 -> REFINED
2025-08-31 08:19:09,482 - INFO - sentinel2.py:78 - 10/31 - S2B_MSIL2A_20230530T090559_R050_T34SFG_20230530T131551 -> REFINED
2025-08-31 08:19:13,895 - INFO - sentinel2.py:78 - 11/31 - S2A_MSIL2A_20230528T092031_R093_T34SFG_20240908T070358 -> REFINED
2025-08-31 08:19:19,308 - INFO - sentinel2.py:78 - 12/31 - S2A_MSIL2A_20230528T092031_R093_T34SFG_20230528T152439 -> REFINED
2025-08-31 08:19:23,911 - INFO - sentinel2.py:78 - 13/31 - S2A_MSIL2A_20230525T090601_R050_T35SKC_20240908T134722 -> REFINED
2025-08-31 08:19:29,667 - INFO - sentinel2.py:78 - 14/31 - S2A_MSIL2A_20230525T090601_R050_T35SKC_20230525T204333 -> REFINED
2025-08-31 08:19:34,914 - INFO - sentinel2.py:78 - 15/31 - S2A_MSIL2A_20230525T090601_R050_T35SKB_20240908T134722 -> REFINED
2025-08-31 08:19:40,298 - INFO - sentinel2.py:78 - 16/31 - S2A_MSIL2A_20230525T090601_R050_T35SKB_20230525T153133 -> REFINED
2025-08-31 08:19:44,792 - INFO - sentinel2.py:78 - 17/31 - S2A_MSIL2A_20230525T090601_R050_T34SGH_20240908T134722 -> REFINED
2025-08-31 08:19:49,656 - INFO - sentinel2.py:78 - 18/31 - S2A_MSIL2A_20230525T090601_R050_T34SGH_20230525T155420 -> REFINED
2025-08-31 08:19:54,614 - INFO - sentinel2.py:78 - 19/31 - S2A_MSIL2A_20230525T090601_R050_T34SGG_20240908T134722 -> REFINED
2025-08-31 08:19:59,885 - INFO - sentinel2.py:78 - 20/31 - S2A_MSIL2A_20230525T090601_R050_T34SGG_20230525T153124 -> REFINED
2025-08-31 08:20:05,939 - INFO - sentinel2.py:78 - 21/31 - S2A_MSIL2A_20230525T090601_R050_T34SFG_20240908T134722 -> REFINED
2025-08-31 08:20:10,911 - INFO - sentinel2.py:78 - 22/31 - S2A_MSIL2A_20230525T090601_R050_T34SFG_20230525T153123 -> REFINED
2025-08-31 08:20:17,099 - INFO - sentinel2.py:78 - 23/31 - S2B_MSIL2A_20230523T091559_R093_T34SFH_20240907T095759 -> REFINED
2025-08-31 08:20:21,525 - INFO - sentinel2.py:78 - 24/31 - S2B_MSIL2A_20230523T091559_R093_T34SFH_20230523T141703 -> REFINED
2025-08-31 08:20:25,920 - INFO - sentinel2.py:78 - 25/31 - S2B_MSIL2A_20230523T091559_R093_T34SFG_20230523T153015 -> REFINED
2025-08-31 08:20:30,188 - INFO - sentinel2.py:78 - 26/31 - S2B_MSIL2A_20230520T090559_R050_T35SKC_20230520T133528 -> REFINED
2025-08-31 08:20:35,921 - INFO - sentinel2.py:78 - 27/31 - S2B_MSIL2A_20230520T090559_R050_T35SKB_20230520T133510 -> REFINED
2025-08-31 08:20:40,474 - INFO - sentinel2.py:78 - 28/31 - S2B_MSIL2A_20230520T090559_R050_T34SGH_20230520T134100 -> REFINED
2025-08-31 08:20:45,465 - INFO - sentinel2.py:78 - 29/31 - S2A_MSIL2A_20230518T092031_R093_T34SFH_20230518T173912 -> REFINED
2025-08-31 08:20:50,865 - INFO - sentinel2.py:78 - 30/31 - S2A_MSIL2A_20230518T092031_R093_T34SFG_20230518T173608 -> REFINED
2025-08-31 08:20:55,245 - INFO - sentinel2.py:78 - 31/31 - S2B_MSIL2A_20230513T092029_R093_T34SFG_20230513T155153 -> REFINED
2025-08-31 08:20:55,300 - INFO - composites.py:250 -                                  
2025-08-31 08:20:55,300 - INFO - composites.py:251 - 31/31 were refined by GRI.
2025-08-31 08:20:55,301 - INFO - composites.py:263 - Looking for up to 10 cleanest images within spatiotemporal range of each MGRS tile
2025-08-31 08:20:55,302 - INFO - composites.py:277 - Filtered cleanest scenes: Kept 31 out of 31 items. 
2025-08-31 08:20:55,302 - INFO - composites.py:278 -         Included MGRS Tiles: ['34SFG' '34SFH' '34SGG' '34SGH' '35SKB' '35SKC']
2025-08-31 08:20:55,302 - INFO - composites.py:279 -         Included EPSG codes: [32634 32635]
2025-08-31 08:20:55,302 - INFO - composites.py:281 - Selected scenes:
2025-08-31 08:20:55,302 - INFO - composites.py:283 -         S2A_MSIL2A_20230518T092031_R093_T34SFG_20230518T173608
2025-08-31 08:20:55,302 - INFO - composites.py:283 -         S2A_MSIL2A_20230525T090601_R050_T34SFG_20230525T153123
2025-08-31 08:20:55,305 - INFO - composites.py:283 -         S2A_MSIL2A_20230525T090601_R050_T34SFG_20240908T134722
2025-08-31 08:20:55,305 - INFO - composites.py:283 -         S2B_MSIL2A_20230530T090559_R050_T34SFG_20240906T110803
2025-08-31 08:20:55,305 - INFO - composites.py:283 -         S2B_MSIL2A_20230530T090559_R050_T34SFG_20230530T131551
2025-08-31 08:20:55,306 - INFO - composites.py:283 -         S2B_MSIL2A_20230523T091559_R093_T34SFG_20230523T153015
2025-08-31 08:20:55,306 - INFO - composites.py:283 -         S2B_MSIL2A_20230513T092029_R093_T34SFG_20230513T155153
2025-08-31 08:20:55,306 - INFO - composites.py:283 -         S2A_MSIL2A_20230528T092031_R093_T34SFG_20230528T152439
2025-08-31 08:20:55,306 - INFO - composites.py:283 -         S2A_MSIL2A_20230528T092031_R093_T34SFG_20240908T070358
2025-08-31 08:20:55,306 - INFO - composites.py:283 -         S2A_MSIL2A_20230518T092031_R093_T34SFH_20230518T173912
2025-08-31 08:20:55,306 - INFO - composites.py:283 -         S2B_MSIL2A_20230523T091559_R093_T34SFH_20240907T095759
2025-08-31 08:20:55,306 - INFO - composites.py:283 -         S2B_MSIL2A_20230523T091559_R093_T34SFH_20230523T141703
2025-08-31 08:20:55,306 - INFO - composites.py:283 -         S2A_MSIL2A_20230525T090601_R050_T34SGG_20230525T153124
2025-08-31 08:20:55,306 - INFO - composites.py:283 -         S2A_MSIL2A_20230525T090601_R050_T34SGG_20240908T134722
2025-08-31 08:20:55,306 - INFO - composites.py:283 -         S2B_MSIL2A_20230530T090559_R050_T34SGG_20230530T131635
2025-08-31 08:20:55,306 - INFO - composites.py:283 -         S2B_MSIL2A_20230530T090559_R050_T34SGG_20240906T110803
2025-08-31 08:20:55,306 - INFO - composites.py:283 -         S2A_MSIL2A_20230525T090601_R050_T34SGH_20230525T155420
2025-08-31 08:20:55,306 - INFO - composites.py:283 -         S2A_MSIL2A_20230525T090601_R050_T34SGH_20240908T134722
2025-08-31 08:20:55,306 - INFO - composites.py:283 -         S2B_MSIL2A_20230520T090559_R050_T34SGH_20230520T134100
2025-08-31 08:20:55,306 - INFO - composites.py:283 -         S2B_MSIL2A_20230530T090559_R050_T34SGH_20240906T110803
2025-08-31 08:20:55,306 - INFO - composites.py:283 -         S2B_MSIL2A_20230530T090559_R050_T34SGH_20230530T132820
2025-08-31 08:20:55,306 - INFO - composites.py:283 -         S2A_MSIL2A_20230525T090601_R050_T35SKB_20240908T134722
2025-08-31 08:20:55,306 - INFO - composites.py:283 -         S2A_MSIL2A_20230525T090601_R050_T35SKB_20230525T153133
2025-08-31 08:20:55,306 - INFO - composites.py:283 -         S2B_MSIL2A_20230530T090559_R050_T35SKB_20230530T131633
2025-08-31 08:20:55,306 - INFO - composites.py:283 -         S2B_MSIL2A_20230530T090559_R050_T35SKB_20240906T110803
2025-08-31 08:20:55,306 - INFO - composites.py:283 -         S2B_MSIL2A_20230520T090559_R050_T35SKB_20230520T133510
2025-08-31 08:20:55,306 - INFO - composites.py:283 -         S2A_MSIL2A_20230525T090601_R050_T35SKC_20230525T204333
2025-08-31 08:20:55,306 - INFO - composites.py:283 -         S2A_MSIL2A_20230525T090601_R050_T35SKC_20240908T134722
2025-08-31 08:20:55,306 - INFO - composites.py:283 -         S2B_MSIL2A_20230520T090559_R050_T35SKC_20230520T133528
2025-08-31 08:20:55,306 - INFO - composites.py:283 -         S2B_MSIL2A_20230530T090559_R050_T35SKC_20230530T131810
2025-08-31 08:20:55,306 - INFO - composites.py:283 -         S2B_MSIL2A_20230530T090559_R050_T35SKC_20240906T110803
2025-08-31 08:20:55,785 - INFO - sentinel2.py:154 - Matplotlib backend: Agg
2025-08-31 08:20:56,189 - INFO - sentinel2.py:224 - Write input scenes footprint overlay: //nas-rs.topo.auth.gr/Latomeia/DROUGHT/composites/x11/y10/2023/05/01/S2L2A_medcomp_x11y10_202305_InDataFootprint.jpeg
2025-08-31 08:20:56,427 - INFO - composites.py:297 -                                  
2025-08-31 08:20:56,427 - INFO - composites.py:298 - Downstream STAC items from Planetary Computer
2025-08-31 08:20:56,427 - INFO - timeseries_processing.py:115 -                                  
2025-08-31 08:20:56,427 - INFO - timeseries_processing.py:116 - Loading bands of diferent resolutions in EPSG:32634
2025-08-31 08:20:56,427 - INFO - timeseries_processing.py:120 -     Filtering items with native UTM EPSG:32634
2025-08-31 08:20:56,427 - INFO - timeseries_processing.py:122 -     21 Items in EPSG:32634
2025-08-31 08:20:56,427 - INFO - timeseries_processing.py:129 -                        
2025-08-31 08:20:56,427 - INFO - timeseries_processing.py:130 -     Loading parameters:
2025-08-31 08:20:56,427 - INFO - timeseries_processing.py:131 -         Bands: ['B05', 'B07', 'B8A', 'SCL']
2025-08-31 08:20:56,427 - INFO - timeseries_processing.py:132 -         Spatial resolution: 20
2025-08-31 08:20:56,427 - INFO - timeseries_processing.py:134 -         Get Assets from STAC Items
2025-08-31 08:20:56,427 - INFO - timeseries_processing.py:47 -         Initialize the STAC client
2025-08-31 08:20:57,030 - INFO - timeseries_processing.py:137 -         Loading 21 STAC Items....
2025-08-31 08:22:09,133 - INFO - timeseries_processing.py:146 -         Cube has been downloaded
2025-08-31 08:22:09,133 - INFO - timeseries_processing.py:156 -         Fix order of dimensions
2025-08-31 08:22:09,135 - INFO - timeseries_processing.py:161 -         Append bands to the band-list of EPSG:32634
2025-08-31 08:22:09,135 - INFO - timeseries_processing.py:129 -                        
2025-08-31 08:22:09,135 - INFO - timeseries_processing.py:130 -     Loading parameters:
2025-08-31 08:22:09,136 - INFO - timeseries_processing.py:131 -         Bands: ['B02', 'B03', 'B04']
2025-08-31 08:22:09,136 - INFO - timeseries_processing.py:132 -         Spatial resolution: 10
2025-08-31 08:22:09,136 - INFO - timeseries_processing.py:134 -         Get Assets from STAC Items
2025-08-31 08:22:09,136 - INFO - timeseries_processing.py:47 -         Initialize the STAC client
2025-08-31 08:22:09,721 - INFO - timeseries_processing.py:137 -         Loading 21 STAC Items....
2025-08-31 08:23:44,929 - INFO - timeseries_processing.py:146 -         Cube has been downloaded
2025-08-31 08:23:44,946 - INFO - timeseries_processing.py:149 -         Reproject to downsample 10m bands to 20m by Resampling.average 2x2 binning and shape matching with odc.geo.GeoBox
2025-08-31 08:23:54,921 - INFO - timeseries_processing.py:161 -         Append bands to the band-list of EPSG:32634
2025-08-31 08:23:54,921 - INFO - timeseries_processing.py:165 -                        
2025-08-31 08:23:54,921 - INFO - timeseries_processing.py:166 -     Merging bands in a single dataset
2025-08-31 08:23:54,921 - INFO - timeseries_processing.py:167 -     Ensure all partial datasets are at (x=20, y=-20) resolution
2025-08-31 08:23:54,922 - INFO - timeseries_processing.py:171 -     Clip to the intersection of indexes
2025-08-31 08:23:55,910 - INFO - timeseries_processing.py:180 -     Make a list of bands to merge
2025-08-31 08:23:55,911 - INFO - timeseries_processing.py:184 -     Merge on intersection
2025-08-31 08:23:55,912 - INFO - timeseries_processing.py:192 -     Apply masks on clouds, shadows, thin cirrus, and snow/ice
2025-08-31 08:23:55,912 - INFO - sentinel2.py:122 -                Masking bits: [3, 7, 8, 9, 10, 11]
2025-08-31 08:23:56,791 - INFO - timeseries_processing.py:115 -                                  
2025-08-31 08:23:56,792 - INFO - timeseries_processing.py:116 - Loading bands of diferent resolutions in EPSG:32635
2025-08-31 08:23:56,792 - INFO - timeseries_processing.py:120 -     Filtering items with native UTM EPSG:32635
2025-08-31 08:23:56,792 - INFO - timeseries_processing.py:122 -     10 Items in EPSG:32635
2025-08-31 08:23:56,792 - INFO - timeseries_processing.py:129 -                        
2025-08-31 08:23:56,792 - INFO - timeseries_processing.py:130 -     Loading parameters:
2025-08-31 08:23:56,792 - INFO - timeseries_processing.py:131 -         Bands: ['B05', 'B07', 'B8A', 'SCL']
2025-08-31 08:23:56,792 - INFO - timeseries_processing.py:132 -         Spatial resolution: 20
2025-08-31 08:23:56,792 - INFO - timeseries_processing.py:134 -         Get Assets from STAC Items
2025-08-31 08:23:56,793 - INFO - timeseries_processing.py:47 -         Initialize the STAC client
2025-08-31 08:23:57,528 - INFO - timeseries_processing.py:137 -         Loading 10 STAC Items....
2025-08-31 08:24:11,414 - INFO - timeseries_processing.py:146 -         Cube has been downloaded
2025-08-31 08:24:11,414 - INFO - timeseries_processing.py:156 -         Fix order of dimensions
2025-08-31 08:24:11,418 - INFO - timeseries_processing.py:161 -         Append bands to the band-list of EPSG:32635
2025-08-31 08:24:11,418 - INFO - timeseries_processing.py:129 -                        
2025-08-31 08:24:11,418 - INFO - timeseries_processing.py:130 -     Loading parameters:
2025-08-31 08:24:11,419 - INFO - timeseries_processing.py:131 -         Bands: ['B02', 'B03', 'B04']
2025-08-31 08:24:11,419 - INFO - timeseries_processing.py:132 -         Spatial resolution: 10
2025-08-31 08:24:11,419 - INFO - timeseries_processing.py:134 -         Get Assets from STAC Items
2025-08-31 08:24:11,420 - INFO - timeseries_processing.py:47 -         Initialize the STAC client
2025-08-31 08:24:11,924 - INFO - timeseries_processing.py:137 -         Loading 10 STAC Items....
2025-08-31 08:24:29,683 - INFO - timeseries_processing.py:146 -         Cube has been downloaded
2025-08-31 08:24:29,683 - INFO - timeseries_processing.py:149 -         Reproject to downsample 10m bands to 20m by Resampling.average 2x2 binning and shape matching with odc.geo.GeoBox
2025-08-31 08:24:33,223 - INFO - timeseries_processing.py:161 -         Append bands to the band-list of EPSG:32635
2025-08-31 08:24:33,224 - INFO - timeseries_processing.py:165 -                        
2025-08-31 08:24:33,224 - INFO - timeseries_processing.py:166 -     Merging bands in a single dataset
2025-08-31 08:24:33,224 - INFO - timeseries_processing.py:167 -     Ensure all partial datasets are at (x=20, y=-20) resolution
2025-08-31 08:24:33,224 - INFO - timeseries_processing.py:171 -     Clip to the intersection of indexes
2025-08-31 08:24:33,225 - INFO - timeseries_processing.py:180 -     Make a list of bands to merge
2025-08-31 08:24:33,226 - INFO - timeseries_processing.py:184 -     Merge on intersection
2025-08-31 08:24:33,227 - INFO - timeseries_processing.py:192 -     Apply masks on clouds, shadows, thin cirrus, and snow/ice
2025-08-31 08:24:33,227 - INFO - sentinel2.py:122 -                Masking bits: [3, 7, 8, 9, 10, 11]
2025-08-31 08:24:33,628 - INFO - composites.py:307 - Reproject from UTM Zone to Tile geometry -> CRS(EPSG:32635), Resampling.bilinear
2025-08-31 08:24:40,568 - INFO - composites.py:310 -     New shape of datasets: Shape2d(x=2400, y=2400)
2025-08-31 08:24:40,917 - INFO - composites.py:315 -                           
2025-08-31 08:24:40,918 - INFO - composites.py:316 - Mosaic datasets to a single dataset
2025-08-31 08:24:46,946 - INFO - composites.py:329 - Scale SR to Sen2Cor Baseline 4.00 - Subtract 1000 in dates post 2022-01-25
2025-08-31 08:24:48,034 - INFO - composites.py:342 - Creating preview plot of input scenes
2025-08-31 08:25:15,318 - INFO - timeseries_processing.py:349 - Saved preview for 'B04' to //nas-rs.topo.auth.gr/Latomeia/DROUGHT/composites/x11/y10/2023/05/01/S2L2A_medcomp_x11y10_202305_InDataPreview.jpeg
2025-08-31 08:25:15,323 - INFO - composites.py:348 - Clip value range
2025-08-31 08:25:16,659 - INFO - composites.py:353 -                           
2025-08-31 08:25:16,659 - INFO - composites.py:354 - Computing spectral indices:
2025-08-31 08:25:16,661 - INFO - composites.py:357 -     EVI...
2025-08-31 08:25:17,514 - INFO - composites.py:359 -     NDVI...
2025-08-31 08:25:17,859 - INFO - composites.py:361 -     PSRI2...
2025-08-31 08:25:18,069 - INFO - composites.py:364 - Clip to typical value range
2025-08-31 08:25:18,299 - INFO - composites.py:371 - Reducing to median value temporal composite
2025-08-31 08:25:42,249 - INFO - composites.py:390 - Scale and Define data types & nodata per band
2025-08-31 08:25:42,352 - INFO - composites.py:411 - Assign time range and tile ID in metadata
2025-08-31 08:25:42,352 - INFO - composites.py:419 - Write bands to raster COG files
2025-08-31 08:25:46,263 - INFO - composites.py:432 - Write B02 -> //nas-rs.topo.auth.gr/Latomeia/DROUGHT/composites/x11/y10/2023/05/01/S2L2A_medcomp_x11y10_202305_B02.tif
2025-08-31 08:25:50,278 - INFO - composites.py:432 - Write B03 -> //nas-rs.topo.auth.gr/Latomeia/DROUGHT/composites/x11/y10/2023/05/01/S2L2A_medcomp_x11y10_202305_B03.tif
2025-08-31 08:25:54,113 - INFO - composites.py:432 - Write B04 -> //nas-rs.topo.auth.gr/Latomeia/DROUGHT/composites/x11/y10/2023/05/01/S2L2A_medcomp_x11y10_202305_B04.tif
2025-08-31 08:25:58,124 - INFO - composites.py:432 - Write B05 -> //nas-rs.topo.auth.gr/Latomeia/DROUGHT/composites/x11/y10/2023/05/01/S2L2A_medcomp_x11y10_202305_B05.tif
2025-08-31 08:26:02,387 - INFO - composites.py:432 - Write B07 -> //nas-rs.topo.auth.gr/Latomeia/DROUGHT/composites/x11/y10/2023/05/01/S2L2A_medcomp_x11y10_202305_B07.tif
2025-08-31 08:26:06,280 - INFO - composites.py:432 - Write B8A -> //nas-rs.topo.auth.gr/Latomeia/DROUGHT/composites/x11/y10/2023/05/01/S2L2A_medcomp_x11y10_202305_B8A.tif
2025-08-31 08:26:10,170 - INFO - composites.py:432 - Write EVI -> //nas-rs.topo.auth.gr/Latomeia/DROUGHT/composites/x11/y10/2023/05/01/S2L2A_medcomp_x11y10_202305_EVI.tif
2025-08-31 08:26:13,945 - INFO - composites.py:432 - Write NDVI -> //nas-rs.topo.auth.gr/Latomeia/DROUGHT/composites/x11/y10/2023/05/01/S2L2A_medcomp_x11y10_202305_NDVI.tif
2025-08-31 08:26:17,764 - INFO - composites.py:432 - Write PSRI2 -> //nas-rs.topo.auth.gr/Latomeia/DROUGHT/composites/x11/y10/2023/05/01/S2L2A_medcomp_x11y10_202305_PSRI2.tif
2025-08-31 08:26:17,764 - INFO - composites.py:436 - Prepare metadata YAML document
2025-08-31 08:26:18,266 - INFO - composites.py:458 - Write metadata YAML document to disk
2025-08-31 08:26:18,290 - INFO - composites.py:463 - Create datacube.model.Dataset from eo3 metadata
2025-08-31 08:26:18,301 - INFO - composites.py:476 - Index to datacube
2025-08-31 08:26:18,301 - INFO - _datasets.py:191 - Indexing b3fac130-af9a-4963-8188-25e38e8c6994
2025-08-31 08:26:18,310 - INFO - composites.py:479 - 
2025-08-31 08:26:18,310 - INFO - composites.py:480 -              ✔✔✔ COMPLETED: Tile x11_y10 | Time: 2023-05 | In 8.18 minutes
2025-08-31 08:26:18,310 - INFO - composites.py:481 - 
2025-08-31 08:26:18,310 - INFO - composites.py:489 - Closing Dask client
2025-08-31 08:26:18,313 - INFO - composites.py:493 - Closing Dask cluster
2025-08-31 08:26:18,313 - INFO - composites.py:494 - #######################################################################
