2025-09-02 01:32:50,810 - INFO - composites.py:102 - #######################################################################
2025-09-02 01:32:50,810 - INFO - composites.py:104 - Processing started
2025-09-02 01:32:50,810 - INFO - composites.py:105 -         Tile: x09_y08
2025-09-02 01:32:50,810 - INFO - composites.py:106 -         Time: 2024-06
2025-09-02 01:32:50,810 - INFO - composites.py:109 -                           
2025-09-02 01:32:50,810 - INFO - composites.py:110 - Establishing connection to datacube
2025-09-02 01:32:51,330 - INFO - composites.py:113 -                           
2025-09-02 01:32:51,330 - INFO - composites.py:114 - Sanity test: Check if dataset already exists in the datacube
2025-09-02 01:32:51,352 - INFO - composites.py:133 - The composite requested was not found and it will be computed
2025-09-02 01:32:51,352 - INFO - composites.py:136 -                                  
2025-09-02 01:32:51,352 - INFO - composites.py:137 - Initializing Dask cluster for parallelization
2025-09-02 01:32:56,313 - INFO - composites.py:161 - Dask dashboard is available at: http://127.0.0.1:8787/status
2025-09-02 01:32:56,313 - INFO - composites.py:164 - Create directories and naming conversions
2025-09-02 01:32:56,323 - INFO - composites.py:177 - Dataset location: //nas-rs.topo.auth.gr/Latomeia/DROUGHT/composites/x09/y08/2024/06/01
2025-09-02 01:32:56,323 - INFO - composites.py:180 -                           
2025-09-02 01:32:56,323 - INFO - composites.py:181 - Retrieve tile geometry
2025-09-02 01:32:56,352 - INFO - composites.py:192 - Create the Bounding Box (φ,λ)
2025-09-02 01:32:56,353 - INFO - composites.py:198 - Create the Bounding Box (x,y)
2025-09-02 01:32:56,353 - INFO - composites.py:211 -                           
2025-09-02 01:32:56,353 - INFO - composites.py:212 - Connect to Planetary Computer STAC Catalog
2025-09-02 01:32:56,600 - INFO - composites.py:220 - Search the STAC Catalog
2025-09-02 01:32:56,671 - INFO - composites.py:232 -         Query parameters:
2025-09-02 01:32:56,672 - INFO - composites.py:233 -             url:          https://planetarycomputer.microsoft.com/api/stac/v1/search
2025-09-02 01:32:56,672 - INFO - composites.py:234 -             client:       microsoft-pc
2025-09-02 01:32:56,672 - INFO - composites.py:235 -             collection:   sentinel-2-l2a
2025-09-02 01:32:56,672 - INFO - composites.py:236 -             bbox:         (21.78584004803282, 36.93347873319104, 22.44323109883715, 37.48202094723898)
2025-09-02 01:32:56,672 - INFO - composites.py:237 -             time range:   2024-06-01T00:00:00Z/2024-06-30T23:59:59Z
2025-09-02 01:32:56,672 - INFO - composites.py:238 -             cloud cover:  0% - 70%
2025-09-02 01:32:56,672 - INFO - composites.py:239 -             nodata cover: 0% - 33%
2025-09-02 01:32:56,672 - INFO - composites.py:241 -                           
2025-09-02 01:32:56,672 - INFO - composites.py:242 - Searching...
2025-09-02 01:32:57,187 - INFO - composites.py:245 - Query found 32 items
2025-09-02 01:32:57,187 - INFO - composites.py:247 - Searching for GRI REFINED scenes:
2025-09-02 01:33:02,684 - INFO - sentinel2.py:78 - 1/32 - S2A_MSIL2A_20240628T090601_R050_T34SFG_20240628T152220 -> REFINED
2025-09-02 01:33:07,724 - INFO - sentinel2.py:78 - 2/32 - S2A_MSIL2A_20240628T090601_R050_T34SFF_20240628T150201 -> REFINED
2025-09-02 01:33:13,911 - INFO - sentinel2.py:78 - 3/32 - S2B_MSIL2A_20240626T091559_R093_T34SFG_20240626T144357 -> REFINED
2025-09-02 01:33:19,257 - INFO - sentinel2.py:78 - 4/32 - S2B_MSIL2A_20240626T091559_R093_T34SFF_20240626T144507 -> REFINED
2025-09-02 01:33:24,247 - INFO - sentinel2.py:78 - 5/32 - S2B_MSIL2A_20240626T091559_R093_T34SEG_20240626T144656 -> REFINED
2025-09-02 01:33:30,282 - INFO - sentinel2.py:78 - 6/32 - S2B_MSIL2A_20240626T091559_R093_T34SEF_20240626T144456 -> REFINED
2025-09-02 01:33:35,803 - INFO - sentinel2.py:78 - 7/32 - S2B_MSIL2A_20240623T090559_R050_T34SFG_20240623T132126 -> REFINED
2025-09-02 01:33:41,374 - INFO - sentinel2.py:78 - 8/32 - S2B_MSIL2A_20240623T090559_R050_T34SFF_20240623T132116 -> REFINED
2025-09-02 01:33:47,166 - INFO - sentinel2.py:78 - 9/32 - S2A_MSIL2A_20240621T092031_R093_T34SFG_20240621T130833 -> REFINED
2025-09-02 01:33:52,166 - INFO - sentinel2.py:78 - 10/32 - S2A_MSIL2A_20240621T092031_R093_T34SFF_20240621T131701 -> REFINED
2025-09-02 01:33:57,709 - INFO - sentinel2.py:78 - 11/32 - S2A_MSIL2A_20240621T092031_R093_T34SEG_20240621T131024 -> REFINED
2025-09-02 01:34:03,304 - INFO - sentinel2.py:78 - 12/32 - S2A_MSIL2A_20240621T092031_R093_T34SEF_20240621T131733 -> REFINED
2025-09-02 01:34:09,318 - INFO - sentinel2.py:78 - 13/32 - S2A_MSIL2A_20240618T090601_R050_T34SFG_20240618T134953 -> REFINED
2025-09-02 01:34:15,184 - INFO - sentinel2.py:78 - 14/32 - S2A_MSIL2A_20240618T090601_R050_T34SFF_20240618T135400 -> REFINED
2025-09-02 01:34:21,468 - INFO - sentinel2.py:78 - 15/32 - S2B_MSIL2A_20240616T091559_R093_T34SFG_20240616T132459 -> REFINED
2025-09-02 01:34:27,150 - INFO - sentinel2.py:78 - 16/32 - S2B_MSIL2A_20240616T091559_R093_T34SFF_20240616T132014 -> REFINED
2025-09-02 01:34:33,213 - INFO - sentinel2.py:78 - 17/32 - S2B_MSIL2A_20240616T091559_R093_T34SEG_20240616T133030 -> REFINED
2025-09-02 01:34:38,396 - INFO - sentinel2.py:78 - 18/32 - S2B_MSIL2A_20240616T091559_R093_T34SEF_20240616T133649 -> REFINED
2025-09-02 01:34:44,450 - INFO - sentinel2.py:78 - 19/32 - S2B_MSIL2A_20240613T090559_R050_T34SFG_20240613T122559 -> REFINED
2025-09-02 01:34:50,471 - INFO - sentinel2.py:78 - 20/32 - S2B_MSIL2A_20240613T090559_R050_T34SFF_20240613T122552 -> REFINED
2025-09-02 01:34:55,761 - INFO - sentinel2.py:78 - 21/32 - S2A_MSIL2A_20240611T092031_R093_T34SFG_20240611T131750 -> REFINED
2025-09-02 01:35:00,636 - INFO - sentinel2.py:78 - 22/32 - S2A_MSIL2A_20240611T092031_R093_T34SFF_20240611T130905 -> REFINED
2025-09-02 01:35:06,187 - INFO - sentinel2.py:78 - 23/32 - S2A_MSIL2A_20240611T092031_R093_T34SEG_20240611T130917 -> REFINED
2025-09-02 01:35:11,265 - INFO - sentinel2.py:78 - 24/32 - S2A_MSIL2A_20240611T092031_R093_T34SEF_20240611T132300 -> REFINED
2025-09-02 01:35:16,359 - INFO - sentinel2.py:78 - 25/32 - S2A_MSIL2A_20240608T090601_R050_T34SFG_20240608T132547 -> REFINED
2025-09-02 01:35:22,517 - INFO - sentinel2.py:78 - 26/32 - S2A_MSIL2A_20240608T090601_R050_T34SFF_20240608T132548 -> REFINED
2025-09-02 01:35:28,350 - INFO - sentinel2.py:78 - 27/32 - S2B_MSIL2A_20240606T091559_R093_T34SEG_20240606T142012 -> REFINED
2025-09-02 01:35:34,274 - INFO - sentinel2.py:78 - 28/32 - S2B_MSIL2A_20240606T091559_R093_T34SEF_20240606T131429 -> REFINED
2025-09-02 01:35:39,799 - INFO - sentinel2.py:78 - 29/32 - S2A_MSIL2A_20240601T092031_R093_T34SFG_20240601T143316 -> REFINED
2025-09-02 01:35:44,899 - INFO - sentinel2.py:78 - 30/32 - S2A_MSIL2A_20240601T092031_R093_T34SFF_20240601T143630 -> REFINED
2025-09-02 01:35:50,326 - INFO - sentinel2.py:78 - 31/32 - S2A_MSIL2A_20240601T092031_R093_T34SEG_20240601T143238 -> REFINED
2025-09-02 01:35:55,827 - INFO - sentinel2.py:78 - 32/32 - S2A_MSIL2A_20240601T092031_R093_T34SEF_20240601T143420 -> REFINED
2025-09-02 01:35:55,867 - INFO - composites.py:250 -                                  
2025-09-02 01:35:55,867 - INFO - composites.py:251 - 32/32 were refined by GRI.
2025-09-02 01:35:55,868 - INFO - composites.py:263 - Looking for up to 10 cleanest images within spatiotemporal range of each MGRS tile
2025-09-02 01:35:55,868 - INFO - composites.py:277 - Filtered cleanest scenes: Kept 32 out of 32 items. 
2025-09-02 01:35:55,869 - INFO - composites.py:278 -         Included MGRS Tiles: ['34SEF' '34SEG' '34SFF' '34SFG']
2025-09-02 01:35:55,869 - INFO - composites.py:279 -         Included EPSG codes: [32634]
2025-09-02 01:35:55,869 - INFO - composites.py:281 - Selected scenes:
2025-09-02 01:35:55,883 - INFO - composites.py:283 -         S2A_MSIL2A_20240601T092031_R093_T34SEF_20240601T143420
2025-09-02 01:35:55,883 - INFO - composites.py:283 -         S2B_MSIL2A_20240626T091559_R093_T34SEF_20240626T144456
2025-09-02 01:35:55,897 - INFO - composites.py:283 -         S2A_MSIL2A_20240621T092031_R093_T34SEF_20240621T131733
2025-09-02 01:35:55,906 - INFO - composites.py:283 -         S2A_MSIL2A_20240611T092031_R093_T34SEF_20240611T132300
2025-09-02 01:35:55,906 - INFO - composites.py:283 -         S2B_MSIL2A_20240616T091559_R093_T34SEF_20240616T133649
2025-09-02 01:35:55,907 - INFO - composites.py:283 -         S2B_MSIL2A_20240606T091559_R093_T34SEF_20240606T131429
2025-09-02 01:35:55,908 - INFO - composites.py:283 -         S2A_MSIL2A_20240601T092031_R093_T34SEG_20240601T143238
2025-09-02 01:35:55,908 - INFO - composites.py:283 -         S2A_MSIL2A_20240621T092031_R093_T34SEG_20240621T131024
2025-09-02 01:35:55,908 - INFO - composites.py:283 -         S2B_MSIL2A_20240626T091559_R093_T34SEG_20240626T144656
2025-09-02 01:35:55,908 - INFO - composites.py:283 -         S2A_MSIL2A_20240611T092031_R093_T34SEG_20240611T130917
2025-09-02 01:35:55,908 - INFO - composites.py:283 -         S2B_MSIL2A_20240616T091559_R093_T34SEG_20240616T133030
2025-09-02 01:35:55,908 - INFO - composites.py:283 -         S2B_MSIL2A_20240606T091559_R093_T34SEG_20240606T142012
2025-09-02 01:35:55,908 - INFO - composites.py:283 -         S2B_MSIL2A_20240623T090559_R050_T34SFF_20240623T132116
2025-09-02 01:35:55,908 - INFO - composites.py:283 -         S2A_MSIL2A_20240618T090601_R050_T34SFF_20240618T135400
2025-09-02 01:35:55,908 - INFO - composites.py:283 -         S2A_MSIL2A_20240608T090601_R050_T34SFF_20240608T132548
2025-09-02 01:35:55,908 - INFO - composites.py:283 -         S2A_MSIL2A_20240628T090601_R050_T34SFF_20240628T150201
2025-09-02 01:35:55,908 - INFO - composites.py:283 -         S2B_MSIL2A_20240626T091559_R093_T34SFF_20240626T144507
2025-09-02 01:35:55,908 - INFO - composites.py:283 -         S2A_MSIL2A_20240621T092031_R093_T34SFF_20240621T131701
2025-09-02 01:35:55,908 - INFO - composites.py:283 -         S2A_MSIL2A_20240611T092031_R093_T34SFF_20240611T130905
2025-09-02 01:35:55,908 - INFO - composites.py:283 -         S2B_MSIL2A_20240613T090559_R050_T34SFF_20240613T122552
2025-09-02 01:35:55,908 - INFO - composites.py:283 -         S2A_MSIL2A_20240601T092031_R093_T34SFF_20240601T143630
2025-09-02 01:35:55,909 - INFO - composites.py:283 -         S2B_MSIL2A_20240616T091559_R093_T34SFF_20240616T132014
2025-09-02 01:35:55,909 - INFO - composites.py:283 -         S2B_MSIL2A_20240623T090559_R050_T34SFG_20240623T132126
2025-09-02 01:35:55,909 - INFO - composites.py:283 -         S2A_MSIL2A_20240618T090601_R050_T34SFG_20240618T134953
2025-09-02 01:35:55,909 - INFO - composites.py:283 -         S2A_MSIL2A_20240621T092031_R093_T34SFG_20240621T130833
2025-09-02 01:35:55,909 - INFO - composites.py:283 -         S2A_MSIL2A_20240608T090601_R050_T34SFG_20240608T132547
2025-09-02 01:35:55,909 - INFO - composites.py:283 -         S2B_MSIL2A_20240626T091559_R093_T34SFG_20240626T144357
2025-09-02 01:35:55,909 - INFO - composites.py:283 -         S2A_MSIL2A_20240628T090601_R050_T34SFG_20240628T152220
2025-09-02 01:35:55,909 - INFO - composites.py:283 -         S2A_MSIL2A_20240601T092031_R093_T34SFG_20240601T143316
2025-09-02 01:35:55,909 - INFO - composites.py:283 -         S2A_MSIL2A_20240611T092031_R093_T34SFG_20240611T131750
2025-09-02 01:35:55,909 - INFO - composites.py:283 -         S2B_MSIL2A_20240613T090559_R050_T34SFG_20240613T122559
2025-09-02 01:35:55,909 - INFO - composites.py:283 -         S2B_MSIL2A_20240616T091559_R093_T34SFG_20240616T132459
2025-09-02 01:35:56,364 - INFO - sentinel2.py:154 - Matplotlib backend: Agg
2025-09-02 01:35:56,592 - INFO - sentinel2.py:224 - Write input scenes footprint overlay: //nas-rs.topo.auth.gr/Latomeia/DROUGHT/composites/x09/y08/2024/06/01/S2L2A_medcomp_x09y08_202406_InDataFootprint.jpeg
2025-09-02 01:35:56,891 - INFO - composites.py:297 -                                  
2025-09-02 01:35:56,891 - INFO - composites.py:298 - Downstream STAC items from Planetary Computer
2025-09-02 01:35:56,891 - INFO - timeseries_processing.py:115 -                                  
2025-09-02 01:35:56,891 - INFO - timeseries_processing.py:116 - Loading bands of diferent resolutions in EPSG:32634
2025-09-02 01:35:56,891 - INFO - timeseries_processing.py:120 -     Filtering items with native UTM EPSG:32634
2025-09-02 01:35:56,891 - INFO - timeseries_processing.py:122 -     32 Items in EPSG:32634
2025-09-02 01:35:56,891 - INFO - timeseries_processing.py:129 -                        
2025-09-02 01:35:56,891 - INFO - timeseries_processing.py:130 -     Loading parameters:
2025-09-02 01:35:56,891 - INFO - timeseries_processing.py:131 -         Bands: ['B05', 'B07', 'B8A', 'SCL']
2025-09-02 01:35:56,891 - INFO - timeseries_processing.py:132 -         Spatial resolution: 20
2025-09-02 01:35:56,891 - INFO - timeseries_processing.py:134 -         Get Assets from STAC Items
2025-09-02 01:35:56,891 - INFO - timeseries_processing.py:47 -         Initialize the STAC client
2025-09-02 01:35:57,571 - INFO - timeseries_processing.py:137 -         Loading 32 STAC Items....
2025-09-02 01:37:11,437 - INFO - timeseries_processing.py:146 -         Cube has been downloaded
2025-09-02 01:37:11,438 - INFO - timeseries_processing.py:156 -         Fix order of dimensions
2025-09-02 01:37:11,442 - INFO - timeseries_processing.py:161 -         Append bands to the band-list of EPSG:32634
2025-09-02 01:37:11,443 - INFO - timeseries_processing.py:129 -                        
2025-09-02 01:37:11,443 - INFO - timeseries_processing.py:130 -     Loading parameters:
2025-09-02 01:37:11,443 - INFO - timeseries_processing.py:131 -         Bands: ['B02', 'B03', 'B04']
2025-09-02 01:37:11,443 - INFO - timeseries_processing.py:132 -         Spatial resolution: 10
2025-09-02 01:37:11,443 - INFO - timeseries_processing.py:134 -         Get Assets from STAC Items
2025-09-02 01:37:11,444 - INFO - timeseries_processing.py:47 -         Initialize the STAC client
2025-09-02 01:37:12,168 - INFO - timeseries_processing.py:137 -         Loading 32 STAC Items....
2025-09-02 01:41:23,157 - INFO - timeseries_processing.py:146 -         Cube has been downloaded
2025-09-02 01:41:23,157 - INFO - timeseries_processing.py:149 -         Reproject to downsample 10m bands to 20m by Resampling.average 2x2 binning and shape matching with odc.geo.GeoBox
2025-09-02 01:41:37,649 - INFO - timeseries_processing.py:161 -         Append bands to the band-list of EPSG:32634
2025-09-02 01:41:37,649 - INFO - timeseries_processing.py:165 -                        
2025-09-02 01:41:37,651 - INFO - timeseries_processing.py:166 -     Merging bands in a single dataset
2025-09-02 01:41:37,651 - INFO - timeseries_processing.py:167 -     Ensure all partial datasets are at (x=20, y=-20) resolution
2025-09-02 01:41:37,651 - INFO - timeseries_processing.py:171 -     Clip to the intersection of indexes
2025-09-02 01:41:38,994 - INFO - timeseries_processing.py:180 -     Make a list of bands to merge
2025-09-02 01:41:38,995 - INFO - timeseries_processing.py:184 -     Merge on intersection
2025-09-02 01:41:38,996 - INFO - timeseries_processing.py:192 -     Apply masks on clouds, shadows, thin cirrus, and snow/ice
2025-09-02 01:41:38,996 - INFO - sentinel2.py:122 -                Masking bits: [3, 7, 8, 9, 10, 11]
2025-09-02 01:41:40,305 - INFO - composites.py:307 - Reproject from UTM Zone to Tile geometry -> CRS(EPSG:32634), Resampling.bilinear
2025-09-02 01:41:47,943 - INFO - composites.py:310 -     New shape of datasets: Shape2d(x=2400, y=2400)
2025-09-02 01:41:48,634 - INFO - composites.py:329 - Scale SR to Sen2Cor Baseline 4.00 - Subtract 1000 in dates post 2022-01-25
2025-09-02 01:41:50,227 - INFO - composites.py:342 - Creating preview plot of input scenes
2025-09-02 01:42:25,179 - INFO - timeseries_processing.py:349 - Saved preview for 'B04' to //nas-rs.topo.auth.gr/Latomeia/DROUGHT/composites/x09/y08/2024/06/01/S2L2A_medcomp_x09y08_202406_InDataPreview.jpeg
2025-09-02 01:42:25,188 - INFO - composites.py:348 - Clip value range
2025-09-02 01:42:27,365 - INFO - composites.py:353 -                           
2025-09-02 01:42:27,366 - INFO - composites.py:354 - Computing spectral indices:
2025-09-02 01:42:27,366 - INFO - composites.py:357 -     EVI...
2025-09-02 01:42:28,649 - INFO - composites.py:359 -     NDVI...
2025-09-02 01:42:29,113 - INFO - composites.py:361 -     PSRI2...
2025-09-02 01:42:29,469 - INFO - composites.py:364 - Clip to typical value range
2025-09-02 01:42:29,863 - INFO - composites.py:371 - Reducing to median value temporal composite
2025-09-02 01:42:55,996 - INFO - composites.py:390 - Scale and Define data types & nodata per band
2025-09-02 01:42:56,110 - INFO - composites.py:411 - Assign time range and tile ID in metadata
2025-09-02 01:42:56,110 - INFO - composites.py:419 - Write bands to raster COG files
2025-09-02 01:43:00,024 - INFO - composites.py:432 - Write B02 -> //nas-rs.topo.auth.gr/Latomeia/DROUGHT/composites/x09/y08/2024/06/01/S2L2A_medcomp_x09y08_202406_B02.tif
2025-09-02 01:43:04,046 - INFO - composites.py:432 - Write B03 -> //nas-rs.topo.auth.gr/Latomeia/DROUGHT/composites/x09/y08/2024/06/01/S2L2A_medcomp_x09y08_202406_B03.tif
2025-09-02 01:43:07,973 - INFO - composites.py:432 - Write B04 -> //nas-rs.topo.auth.gr/Latomeia/DROUGHT/composites/x09/y08/2024/06/01/S2L2A_medcomp_x09y08_202406_B04.tif
2025-09-02 01:43:12,467 - INFO - composites.py:432 - Write B05 -> //nas-rs.topo.auth.gr/Latomeia/DROUGHT/composites/x09/y08/2024/06/01/S2L2A_medcomp_x09y08_202406_B05.tif
2025-09-02 01:43:16,612 - INFO - composites.py:432 - Write B07 -> //nas-rs.topo.auth.gr/Latomeia/DROUGHT/composites/x09/y08/2024/06/01/S2L2A_medcomp_x09y08_202406_B07.tif
2025-09-02 01:43:20,552 - INFO - composites.py:432 - Write B8A -> //nas-rs.topo.auth.gr/Latomeia/DROUGHT/composites/x09/y08/2024/06/01/S2L2A_medcomp_x09y08_202406_B8A.tif
2025-09-02 01:43:24,460 - INFO - composites.py:432 - Write EVI -> //nas-rs.topo.auth.gr/Latomeia/DROUGHT/composites/x09/y08/2024/06/01/S2L2A_medcomp_x09y08_202406_EVI.tif
2025-09-02 01:43:28,350 - INFO - composites.py:432 - Write NDVI -> //nas-rs.topo.auth.gr/Latomeia/DROUGHT/composites/x09/y08/2024/06/01/S2L2A_medcomp_x09y08_202406_NDVI.tif
2025-09-02 01:43:32,115 - INFO - composites.py:432 - Write PSRI2 -> //nas-rs.topo.auth.gr/Latomeia/DROUGHT/composites/x09/y08/2024/06/01/S2L2A_medcomp_x09y08_202406_PSRI2.tif
2025-09-02 01:43:32,130 - INFO - composites.py:436 - Prepare metadata YAML document
2025-09-02 01:43:32,647 - INFO - composites.py:458 - Write metadata YAML document to disk
2025-09-02 01:43:32,671 - INFO - composites.py:463 - Create datacube.model.Dataset from eo3 metadata
2025-09-02 01:43:32,690 - INFO - composites.py:476 - Index to datacube
2025-09-02 01:43:32,690 - INFO - _datasets.py:191 - Indexing c090f02a-77f0-4c9d-93b8-0aeef8a10ad7
2025-09-02 01:43:32,699 - INFO - composites.py:479 - 
2025-09-02 01:43:32,699 - INFO - composites.py:480 -              ✔✔✔ COMPLETED: Tile x09_y08 | Time: 2024-06 | In 10.7 minutes
2025-09-02 01:43:32,699 - INFO - composites.py:481 - 
2025-09-02 01:43:32,699 - INFO - composites.py:489 - Closing Dask client
2025-09-02 01:43:32,701 - INFO - composites.py:493 - Closing Dask cluster
2025-09-02 01:43:32,701 - INFO - composites.py:494 - #######################################################################
