2025-09-01 01:06:59,415 - INFO - composites.py:102 - #######################################################################
2025-09-01 01:06:59,415 - INFO - composites.py:104 - Processing started
2025-09-01 01:06:59,415 - INFO - composites.py:105 -         Tile: x10_y11
2025-09-01 01:06:59,415 - INFO - composites.py:106 -         Time: 2023-09
2025-09-01 01:06:59,415 - INFO - composites.py:109 -                           
2025-09-01 01:06:59,415 - INFO - composites.py:110 - Establishing connection to datacube
2025-09-01 01:06:59,931 - INFO - composites.py:113 -                           
2025-09-01 01:06:59,931 - INFO - composites.py:114 - Sanity test: Check if dataset already exists in the datacube
2025-09-01 01:06:59,951 - INFO - composites.py:133 - The composite requested was not found and it will be computed
2025-09-01 01:06:59,951 - INFO - composites.py:136 -                                  
2025-09-01 01:06:59,951 - INFO - composites.py:137 - Initializing Dask cluster for parallelization
2025-09-01 01:07:05,140 - INFO - composites.py:161 - Dask dashboard is available at: http://127.0.0.1:8787/status
2025-09-01 01:07:05,140 - INFO - composites.py:164 - Create directories and naming conversions
2025-09-01 01:07:05,154 - INFO - composites.py:177 - Dataset location: //nas-rs.topo.auth.gr/Latomeia/DROUGHT/composites/x10/y11/2023/09/01
2025-09-01 01:07:05,154 - INFO - composites.py:180 -                           
2025-09-01 01:07:05,154 - INFO - composites.py:181 - Retrieve tile geometry
2025-09-01 01:07:05,182 - INFO - composites.py:192 - Create the Bounding Box (φ,λ)
2025-09-01 01:07:05,182 - INFO - composites.py:198 - Create the Bounding Box (x,y)
2025-09-01 01:07:05,182 - INFO - composites.py:211 -                           
2025-09-01 01:07:05,182 - INFO - composites.py:212 - Connect to Planetary Computer STAC Catalog
2025-09-01 01:07:05,459 - INFO - composites.py:220 - Search the STAC Catalog
2025-09-01 01:07:05,527 - INFO - composites.py:232 -         Query parameters:
2025-09-01 01:07:05,527 - INFO - composites.py:233 -             url:          https://planetarycomputer.microsoft.com/api/stac/v1/search
2025-09-01 01:07:05,527 - INFO - composites.py:234 -             client:       microsoft-pc
2025-09-01 01:07:05,527 - INFO - composites.py:235 -             collection:   sentinel-2-l2a
2025-09-01 01:07:05,527 - INFO - composites.py:236 -             bbox:         (22.551446150749733, 38.14853968883684, 23.225034627134395, 38.70012671670289)
2025-09-01 01:07:05,527 - INFO - composites.py:237 -             time range:   2023-09-01T00:00:00Z/2023-09-30T23:59:59Z
2025-09-01 01:07:05,528 - INFO - composites.py:238 -             cloud cover:  0% - 70%
2025-09-01 01:07:05,528 - INFO - composites.py:239 -             nodata cover: 0% - 33%
2025-09-01 01:07:05,528 - INFO - composites.py:241 -                           
2025-09-01 01:07:05,528 - INFO - composites.py:242 - Searching...
2025-09-01 01:07:05,920 - INFO - composites.py:245 - Query found 7 items
2025-09-01 01:07:05,920 - INFO - composites.py:247 - Searching for GRI REFINED scenes:
2025-09-01 01:07:10,832 - INFO - sentinel2.py:78 - 1/7 - S2A_MSIL2A_20230925T092031_R093_T34SFH_20230925T162744 -> REFINED
2025-09-01 01:07:15,185 - INFO - sentinel2.py:78 - 2/7 - S2B_MSIL2A_20230920T091649_R093_T34SFH_20241027T071431 -> REFINED
2025-09-01 01:07:20,703 - INFO - sentinel2.py:78 - 3/7 - S2B_MSIL2A_20230920T091649_R093_T34SFH_20230920T161021 -> REFINED
2025-09-01 01:07:26,750 - INFO - sentinel2.py:78 - 4/7 - S2A_MSIL2A_20230915T092031_R093_T34SFH_20240908T124156 -> REFINED
2025-09-01 01:07:31,841 - INFO - sentinel2.py:78 - 5/7 - S2A_MSIL2A_20230915T092031_R093_T34SFH_20230915T170328 -> REFINED
2025-09-01 01:07:36,342 - INFO - sentinel2.py:78 - 6/7 - S2B_MSIL2A_20230910T091559_R093_T34SFH_20241024T012616 -> REFINED
2025-09-01 01:07:41,892 - INFO - sentinel2.py:78 - 7/7 - S2B_MSIL2A_20230910T091559_R093_T34SFH_20230910T162404 -> REFINED
2025-09-01 01:07:41,968 - INFO - composites.py:250 -                                  
2025-09-01 01:07:41,968 - INFO - composites.py:251 - 7/7 were refined by GRI.
2025-09-01 01:07:41,969 - INFO - composites.py:263 - Looking for up to 10 cleanest images within spatiotemporal range of each MGRS tile
2025-09-01 01:07:41,969 - INFO - composites.py:277 - Filtered cleanest scenes: Kept 7 out of 7 items. 
2025-09-01 01:07:41,970 - INFO - composites.py:278 -         Included MGRS Tiles: ['34SFH']
2025-09-01 01:07:41,970 - INFO - composites.py:279 -         Included EPSG codes: [32634]
2025-09-01 01:07:41,982 - INFO - composites.py:281 - Selected scenes:
2025-09-01 01:07:41,994 - INFO - composites.py:283 -         S2A_MSIL2A_20230915T092031_R093_T34SFH_20240908T124156
2025-09-01 01:07:41,994 - INFO - composites.py:283 -         S2B_MSIL2A_20230910T091559_R093_T34SFH_20241024T012616
2025-09-01 01:07:42,001 - INFO - composites.py:283 -         S2B_MSIL2A_20230910T091559_R093_T34SFH_20230910T162404
2025-09-01 01:07:42,001 - INFO - composites.py:283 -         S2A_MSIL2A_20230915T092031_R093_T34SFH_20230915T170328
2025-09-01 01:07:42,001 - INFO - composites.py:283 -         S2B_MSIL2A_20230920T091649_R093_T34SFH_20230920T161021
2025-09-01 01:07:42,001 - INFO - composites.py:283 -         S2B_MSIL2A_20230920T091649_R093_T34SFH_20241027T071431
2025-09-01 01:07:42,001 - INFO - composites.py:283 -         S2A_MSIL2A_20230925T092031_R093_T34SFH_20230925T162744
2025-09-01 01:07:42,404 - INFO - sentinel2.py:154 - Matplotlib backend: Agg
2025-09-01 01:07:42,557 - INFO - sentinel2.py:224 - Write input scenes footprint overlay: //nas-rs.topo.auth.gr/Latomeia/DROUGHT/composites/x10/y11/2023/09/01/S2L2A_medcomp_x10y11_202309_InDataFootprint.jpeg
2025-09-01 01:07:42,789 - INFO - composites.py:297 -                                  
2025-09-01 01:07:42,789 - INFO - composites.py:298 - Downstream STAC items from Planetary Computer
2025-09-01 01:07:42,789 - INFO - timeseries_processing.py:115 -                                  
2025-09-01 01:07:42,789 - INFO - timeseries_processing.py:116 - Loading bands of diferent resolutions in EPSG:32634
2025-09-01 01:07:42,789 - INFO - timeseries_processing.py:120 -     Filtering items with native UTM EPSG:32634
2025-09-01 01:07:42,789 - INFO - timeseries_processing.py:122 -     7 Items in EPSG:32634
2025-09-01 01:07:42,789 - INFO - timeseries_processing.py:129 -                        
2025-09-01 01:07:42,789 - INFO - timeseries_processing.py:130 -     Loading parameters:
2025-09-01 01:07:42,789 - INFO - timeseries_processing.py:131 -         Bands: ['B05', 'B07', 'B8A', 'SCL']
2025-09-01 01:07:42,789 - INFO - timeseries_processing.py:132 -         Spatial resolution: 20
2025-09-01 01:07:42,789 - INFO - timeseries_processing.py:134 -         Get Assets from STAC Items
2025-09-01 01:07:42,789 - INFO - timeseries_processing.py:47 -         Initialize the STAC client
2025-09-01 01:07:43,314 - INFO - timeseries_processing.py:137 -         Loading 7 STAC Items....
2025-09-01 01:08:34,169 - INFO - timeseries_processing.py:146 -         Cube has been downloaded
2025-09-01 01:08:34,169 - INFO - timeseries_processing.py:156 -         Fix order of dimensions
2025-09-01 01:08:34,170 - INFO - timeseries_processing.py:161 -         Append bands to the band-list of EPSG:32634
2025-09-01 01:08:34,172 - INFO - timeseries_processing.py:129 -                        
2025-09-01 01:08:34,172 - INFO - timeseries_processing.py:130 -     Loading parameters:
2025-09-01 01:08:34,172 - INFO - timeseries_processing.py:131 -         Bands: ['B02', 'B03', 'B04']
2025-09-01 01:08:34,172 - INFO - timeseries_processing.py:132 -         Spatial resolution: 10
2025-09-01 01:08:34,173 - INFO - timeseries_processing.py:134 -         Get Assets from STAC Items
2025-09-01 01:08:34,173 - INFO - timeseries_processing.py:47 -         Initialize the STAC client
2025-09-01 01:08:34,712 - INFO - timeseries_processing.py:137 -         Loading 7 STAC Items....
2025-09-01 01:10:33,014 - INFO - timeseries_processing.py:146 -         Cube has been downloaded
2025-09-01 01:10:33,014 - INFO - timeseries_processing.py:149 -         Reproject to downsample 10m bands to 20m by Resampling.average 2x2 binning and shape matching with odc.geo.GeoBox
2025-09-01 01:10:39,123 - INFO - timeseries_processing.py:161 -         Append bands to the band-list of EPSG:32634
2025-09-01 01:10:39,123 - INFO - timeseries_processing.py:165 -                        
2025-09-01 01:10:39,123 - INFO - timeseries_processing.py:166 -     Merging bands in a single dataset
2025-09-01 01:10:39,123 - INFO - timeseries_processing.py:167 -     Ensure all partial datasets are at (x=20, y=-20) resolution
2025-09-01 01:10:39,124 - INFO - timeseries_processing.py:171 -     Clip to the intersection of indexes
2025-09-01 01:10:40,332 - INFO - timeseries_processing.py:180 -     Make a list of bands to merge
2025-09-01 01:10:40,333 - INFO - timeseries_processing.py:184 -     Merge on intersection
2025-09-01 01:10:40,334 - INFO - timeseries_processing.py:192 -     Apply masks on clouds, shadows, thin cirrus, and snow/ice
2025-09-01 01:10:40,334 - INFO - sentinel2.py:122 -                Masking bits: [3, 7, 8, 9, 10, 11]
2025-09-01 01:10:40,935 - INFO - composites.py:307 - Reproject from UTM Zone to Tile geometry -> CRS(EPSG:32634), Resampling.bilinear
2025-09-01 01:10:43,752 - INFO - composites.py:310 -     New shape of datasets: Shape2d(x=2400, y=2400)
2025-09-01 01:10:44,437 - INFO - composites.py:329 - Scale SR to Sen2Cor Baseline 4.00 - Subtract 1000 in dates post 2022-01-25
2025-09-01 01:10:45,041 - INFO - composites.py:342 - Creating preview plot of input scenes
2025-09-01 01:11:05,667 - INFO - timeseries_processing.py:349 - Saved preview for 'B04' to //nas-rs.topo.auth.gr/Latomeia/DROUGHT/composites/x10/y11/2023/09/01/S2L2A_medcomp_x10y11_202309_InDataPreview.jpeg
2025-09-01 01:11:05,675 - INFO - composites.py:348 - Clip value range
2025-09-01 01:11:06,482 - INFO - composites.py:353 -                           
2025-09-01 01:11:06,483 - INFO - composites.py:354 - Computing spectral indices:
2025-09-01 01:11:06,483 - INFO - composites.py:357 -     EVI...
2025-09-01 01:11:06,949 - INFO - composites.py:359 -     NDVI...
2025-09-01 01:11:07,180 - INFO - composites.py:361 -     PSRI2...
2025-09-01 01:11:07,303 - INFO - composites.py:364 - Clip to typical value range
2025-09-01 01:11:07,461 - INFO - composites.py:371 - Reducing to median value temporal composite
2025-09-01 01:11:32,427 - INFO - composites.py:390 - Scale and Define data types & nodata per band
2025-09-01 01:11:32,559 - INFO - composites.py:411 - Assign time range and tile ID in metadata
2025-09-01 01:11:32,559 - INFO - composites.py:419 - Write bands to raster COG files
2025-09-01 01:11:36,568 - INFO - composites.py:432 - Write B02 -> //nas-rs.topo.auth.gr/Latomeia/DROUGHT/composites/x10/y11/2023/09/01/S2L2A_medcomp_x10y11_202309_B02.tif
2025-09-01 01:11:40,753 - INFO - composites.py:432 - Write B03 -> //nas-rs.topo.auth.gr/Latomeia/DROUGHT/composites/x10/y11/2023/09/01/S2L2A_medcomp_x10y11_202309_B03.tif
2025-09-01 01:11:45,411 - INFO - composites.py:432 - Write B04 -> //nas-rs.topo.auth.gr/Latomeia/DROUGHT/composites/x10/y11/2023/09/01/S2L2A_medcomp_x10y11_202309_B04.tif
2025-09-01 01:11:49,408 - INFO - composites.py:432 - Write B05 -> //nas-rs.topo.auth.gr/Latomeia/DROUGHT/composites/x10/y11/2023/09/01/S2L2A_medcomp_x10y11_202309_B05.tif
2025-09-01 01:11:53,618 - INFO - composites.py:432 - Write B07 -> //nas-rs.topo.auth.gr/Latomeia/DROUGHT/composites/x10/y11/2023/09/01/S2L2A_medcomp_x10y11_202309_B07.tif
2025-09-01 01:11:58,092 - INFO - composites.py:432 - Write B8A -> //nas-rs.topo.auth.gr/Latomeia/DROUGHT/composites/x10/y11/2023/09/01/S2L2A_medcomp_x10y11_202309_B8A.tif
2025-09-01 01:12:02,133 - INFO - composites.py:432 - Write EVI -> //nas-rs.topo.auth.gr/Latomeia/DROUGHT/composites/x10/y11/2023/09/01/S2L2A_medcomp_x10y11_202309_EVI.tif
2025-09-01 01:12:06,430 - INFO - composites.py:432 - Write NDVI -> //nas-rs.topo.auth.gr/Latomeia/DROUGHT/composites/x10/y11/2023/09/01/S2L2A_medcomp_x10y11_202309_NDVI.tif
2025-09-01 01:12:10,349 - INFO - composites.py:432 - Write PSRI2 -> //nas-rs.topo.auth.gr/Latomeia/DROUGHT/composites/x10/y11/2023/09/01/S2L2A_medcomp_x10y11_202309_PSRI2.tif
2025-09-01 01:12:10,349 - INFO - composites.py:436 - Prepare metadata YAML document
2025-09-01 01:12:10,908 - INFO - composites.py:458 - Write metadata YAML document to disk
2025-09-01 01:12:10,953 - INFO - composites.py:463 - Create datacube.model.Dataset from eo3 metadata
2025-09-01 01:12:10,965 - INFO - composites.py:476 - Index to datacube
2025-09-01 01:12:10,965 - INFO - _datasets.py:191 - Indexing 3b588e90-79a0-45ee-a095-8c5a0cf53c6a
2025-09-01 01:12:10,975 - INFO - composites.py:479 - 
2025-09-01 01:12:10,975 - INFO - composites.py:480 -              ✔✔✔ COMPLETED: Tile x10_y11 | Time: 2023-09 | In 5.19 minutes
2025-09-01 01:12:10,975 - INFO - composites.py:481 - 
2025-09-01 01:12:10,975 - INFO - composites.py:489 - Closing Dask client
2025-09-01 01:12:10,978 - INFO - composites.py:493 - Closing Dask cluster
2025-09-01 01:12:10,978 - INFO - composites.py:494 - #######################################################################
