2025-11-30 13:43:37,395 - INFO - composites.py:102 - #######################################################################
2025-11-30 13:43:37,395 - INFO - composites.py:104 - Processing started
2025-11-30 13:43:37,395 - INFO - composites.py:105 -         Tile: x07_y11
2025-11-30 13:43:37,395 - INFO - composites.py:106 -         Time: 2020-04
2025-11-30 13:43:37,395 - INFO - composites.py:109 -                           
2025-11-30 13:43:37,395 - INFO - composites.py:110 - Establishing connection to datacube
2025-11-30 13:43:37,973 - INFO - composites.py:113 -                           
2025-11-30 13:43:37,974 - INFO - composites.py:114 - Sanity test: Check if dataset already exists in the datacube
2025-11-30 13:43:37,998 - INFO - composites.py:133 - The composite requested was not found and it will be computed
2025-11-30 13:43:37,998 - INFO - composites.py:136 -                                  
2025-11-30 13:43:37,998 - INFO - composites.py:137 - Initializing Dask cluster for parallelization
2025-11-30 13:43:43,632 - INFO - composites.py:161 - Dask dashboard is available at: http://127.0.0.1:8787/status
2025-11-30 13:43:43,632 - INFO - composites.py:164 - Create directories and naming conversions
2025-11-30 13:43:43,646 - INFO - composites.py:177 - Dataset location: //nas-rs.topo.auth.gr/Latomeia/DROUGHT/composites/x07/y11/2020/04/01
2025-11-30 13:43:43,646 - INFO - composites.py:180 -                           
2025-11-30 13:43:43,646 - INFO - composites.py:181 - Retrieve tile geometry
2025-11-30 13:43:43,683 - INFO - composites.py:192 - Create the Bounding Box (φ,λ)
2025-11-30 13:43:43,683 - INFO - composites.py:198 - Create the Bounding Box (x,y)
2025-11-30 13:43:43,683 - INFO - composites.py:211 -                           
2025-11-30 13:43:43,683 - INFO - composites.py:212 - Connect to Planetary Computer STAC Catalog
2025-11-30 13:43:43,974 - INFO - composites.py:220 - Search the STAC Catalog
2025-11-30 13:43:44,045 - INFO - composites.py:232 -         Query parameters:
2025-11-30 13:43:44,045 - INFO - composites.py:233 -             url:          https://planetarycomputer.microsoft.com/api/stac/v1/search
2025-11-30 13:43:44,045 - INFO - composites.py:234 -             client:       microsoft-pc
2025-11-30 13:43:44,045 - INFO - composites.py:235 -             collection:   sentinel-2-l2a
2025-11-30 13:43:44,045 - INFO - composites.py:236 -             bbox:         (20.928573606105775, 38.35819969704171, 21.59502923200265, 38.902149455513275)
2025-11-30 13:43:44,045 - INFO - composites.py:237 -             time range:   2020-04-01T00:00:00Z/2020-04-30T23:59:59Z
2025-11-30 13:43:44,045 - INFO - composites.py:238 -             cloud cover:  0% - 70%
2025-11-30 13:43:44,045 - INFO - composites.py:239 -             nodata cover: 0% - 33%
2025-11-30 13:43:44,045 - INFO - composites.py:241 -                           
2025-11-30 13:43:44,045 - INFO - composites.py:242 - Searching...
2025-11-30 13:43:44,577 - INFO - composites.py:245 - Query found 19 items
2025-11-30 13:43:44,577 - INFO - composites.py:247 - Searching for GRI REFINED scenes:
2025-11-30 13:43:46,817 - INFO - sentinel2.py:78 - 1/19 - S2B_MSIL2A_20200428T092029_R093_T34SEJ_20200922T115942 -> Not Found
2025-11-30 13:43:49,072 - INFO - sentinel2.py:78 - 2/19 - S2B_MSIL2A_20200428T092029_R093_T34SEH_20200922T115937 -> Not Found
2025-11-30 13:43:51,155 - INFO - sentinel2.py:78 - 3/19 - S2B_MSIL2A_20200428T092029_R093_T34SDH_20200922T115920 -> Not Found
2025-11-30 13:43:53,193 - INFO - sentinel2.py:78 - 4/19 - S2A_MSIL2A_20200426T093041_R136_T34SDJ_20200922T035352 -> Not Found
2025-11-30 13:43:55,367 - INFO - sentinel2.py:78 - 5/19 - S2A_MSIL2A_20200426T093041_R136_T34SDH_20200922T035353 -> Not Found
2025-11-30 13:43:57,346 - INFO - sentinel2.py:78 - 6/19 - S2A_MSIL2A_20200423T092031_R093_T34SEH_20200921T181605 -> Not Found
2025-11-30 13:43:59,260 - INFO - sentinel2.py:78 - 7/19 - S2B_MSIL2A_20200418T092029_R093_T34SEJ_20200924T015510 -> Not Found
2025-11-30 13:44:01,387 - INFO - sentinel2.py:78 - 8/19 - S2B_MSIL2A_20200418T092029_R093_T34SEH_20200924T015511 -> Not Found
2025-11-30 13:44:03,240 - INFO - sentinel2.py:78 - 9/19 - S2B_MSIL2A_20200418T092029_R093_T34SDH_20200924T015449 -> Not Found
2025-11-30 13:44:05,285 - INFO - sentinel2.py:78 - 10/19 - S2A_MSIL2A_20200416T093031_R136_T34SDJ_20200923T174326 -> Not Found
2025-11-30 13:44:07,371 - INFO - sentinel2.py:78 - 11/19 - S2A_MSIL2A_20200416T093031_R136_T34SDH_20200923T174330 -> Not Found
2025-11-30 13:44:09,672 - INFO - sentinel2.py:78 - 12/19 - S2A_MSIL2A_20200413T092031_R093_T34SEJ_20200923T074739 -> Not Found
2025-11-30 13:44:11,790 - INFO - sentinel2.py:78 - 13/19 - S2A_MSIL2A_20200413T092031_R093_T34SEH_20200923T074730 -> Not Found
2025-11-30 13:44:13,727 - INFO - sentinel2.py:78 - 14/19 - S2A_MSIL2A_20200413T092031_R093_T34SDH_20200923T074707 -> Not Found
2025-11-30 13:44:15,828 - INFO - sentinel2.py:78 - 15/19 - S2B_MSIL2A_20200411T093029_R136_T34SDJ_20200923T030823 -> Not Found
2025-11-30 13:44:18,013 - INFO - sentinel2.py:78 - 16/19 - S2B_MSIL2A_20200411T093029_R136_T34SDH_20200923T030819 -> Not Found
2025-11-30 13:44:20,216 - INFO - sentinel2.py:78 - 17/19 - S2B_MSIL2A_20200408T092029_R093_T34SEJ_20200925T133431 -> Not Found
2025-11-30 13:44:22,473 - INFO - sentinel2.py:78 - 18/19 - S2B_MSIL2A_20200408T092029_R093_T34SEH_20200925T133427 -> Not Found
2025-11-30 13:44:24,727 - INFO - sentinel2.py:78 - 19/19 - S2B_MSIL2A_20200408T092029_R093_T34SDH_20200925T133414 -> Not Found
2025-11-30 13:44:24,744 - INFO - composites.py:250 -                                  
2025-11-30 13:44:24,744 - INFO - composites.py:251 - 0/19 were refined by GRI.
2025-11-30 13:44:24,744 - WARNING - composites.py:255 - Tile x07_y11 | Time: 2020-04: All scenes are flagged NOT REFINED.
2025-11-30 13:44:24,745 - WARNING - composites.py:256 - Tile x07_y11 | Time: 2020-04: The composite will be flagged with _NOREFINED.
2025-11-30 13:44:24,745 - INFO - composites.py:263 - Looking for up to 7 cleanest images within spatiotemporal range of each MGRS tile
2025-11-30 13:44:24,745 - INFO - composites.py:277 - Filtered cleanest scenes: Kept 19 out of 19 items. 
2025-11-30 13:44:24,754 - INFO - composites.py:278 -         Included MGRS Tiles: ['34SDH' '34SDJ' '34SEH' '34SEJ']
2025-11-30 13:44:24,754 - INFO - composites.py:279 -         Included EPSG codes: [32634]
2025-11-30 13:44:24,758 - INFO - composites.py:281 - Selected scenes:
2025-11-30 13:44:24,768 - INFO - composites.py:283 -         S2A_MSIL2A_20200413T092031_R093_T34SDH_20200923T074707
2025-11-30 13:44:24,768 - INFO - composites.py:283 -         S2B_MSIL2A_20200418T092029_R093_T34SDH_20200924T015449
2025-11-30 13:44:24,768 - INFO - composites.py:283 -         S2A_MSIL2A_20200416T093031_R136_T34SDH_20200923T174330
2025-11-30 13:44:24,768 - INFO - composites.py:283 -         S2B_MSIL2A_20200411T093029_R136_T34SDH_20200923T030819
2025-11-30 13:44:24,768 - INFO - composites.py:283 -         S2B_MSIL2A_20200428T092029_R093_T34SDH_20200922T115920
2025-11-30 13:44:24,769 - INFO - composites.py:283 -         S2B_MSIL2A_20200408T092029_R093_T34SDH_20200925T133414
2025-11-30 13:44:24,769 - INFO - composites.py:283 -         S2A_MSIL2A_20200426T093041_R136_T34SDH_20200922T035353
2025-11-30 13:44:24,769 - INFO - composites.py:283 -         S2A_MSIL2A_20200416T093031_R136_T34SDJ_20200923T174326
2025-11-30 13:44:24,769 - INFO - composites.py:283 -         S2B_MSIL2A_20200411T093029_R136_T34SDJ_20200923T030823
2025-11-30 13:44:24,770 - INFO - composites.py:283 -         S2A_MSIL2A_20200426T093041_R136_T34SDJ_20200922T035352
2025-11-30 13:44:24,770 - INFO - composites.py:283 -         S2B_MSIL2A_20200418T092029_R093_T34SEH_20200924T015511
2025-11-30 13:44:24,770 - INFO - composites.py:283 -         S2B_MSIL2A_20200428T092029_R093_T34SEH_20200922T115937
2025-11-30 13:44:24,770 - INFO - composites.py:283 -         S2A_MSIL2A_20200413T092031_R093_T34SEH_20200923T074730
2025-11-30 13:44:24,770 - INFO - composites.py:283 -         S2B_MSIL2A_20200408T092029_R093_T34SEH_20200925T133427
2025-11-30 13:44:24,770 - INFO - composites.py:283 -         S2A_MSIL2A_20200423T092031_R093_T34SEH_20200921T181605
2025-11-30 13:44:24,771 - INFO - composites.py:283 -         S2A_MSIL2A_20200413T092031_R093_T34SEJ_20200923T074739
2025-11-30 13:44:24,771 - INFO - composites.py:283 -         S2B_MSIL2A_20200418T092029_R093_T34SEJ_20200924T015510
2025-11-30 13:44:24,771 - INFO - composites.py:283 -         S2B_MSIL2A_20200408T092029_R093_T34SEJ_20200925T133431
2025-11-30 13:44:24,771 - INFO - composites.py:283 -         S2B_MSIL2A_20200428T092029_R093_T34SEJ_20200922T115942
2025-11-30 13:44:25,152 - INFO - sentinel2.py:154 - Matplotlib backend: Agg
2025-11-30 13:44:25,465 - INFO - sentinel2.py:224 - Write input scenes footprint overlay: //nas-rs.topo.auth.gr/Latomeia/DROUGHT/composites/x07/y11/2020/04/01/S2L2A_medcomp_x07y11_202004_InDataFootprint.jpeg
2025-11-30 13:44:25,715 - INFO - composites.py:297 -                                  
2025-11-30 13:44:25,715 - INFO - composites.py:298 - Downstream STAC items from Planetary Computer
2025-11-30 13:44:25,715 - INFO - timeseries_processing.py:115 -                                  
2025-11-30 13:44:25,715 - INFO - timeseries_processing.py:116 - Loading bands of diferent resolutions in EPSG:32634
2025-11-30 13:44:25,715 - INFO - timeseries_processing.py:120 -     Filtering items with native UTM EPSG:32634
2025-11-30 13:44:25,715 - INFO - timeseries_processing.py:122 -     19 Items in EPSG:32634
2025-11-30 13:44:25,715 - INFO - timeseries_processing.py:129 -                        
2025-11-30 13:44:25,715 - INFO - timeseries_processing.py:130 -     Loading parameters:
2025-11-30 13:44:25,716 - INFO - timeseries_processing.py:131 -         Bands: ['B05', 'B07', 'B8A', 'SCL']
2025-11-30 13:44:25,716 - INFO - timeseries_processing.py:132 -         Spatial resolution: 20
2025-11-30 13:44:25,716 - INFO - timeseries_processing.py:134 -         Get Assets from STAC Items
2025-11-30 13:44:25,716 - INFO - timeseries_processing.py:47 -         Initialize the STAC client
2025-11-30 13:44:26,334 - INFO - timeseries_processing.py:137 -         Loading 19 STAC Items....
2025-11-30 13:45:49,263 - INFO - timeseries_processing.py:146 -         Cube has been downloaded
2025-11-30 13:45:49,263 - INFO - timeseries_processing.py:156 -         Fix order of dimensions
2025-11-30 13:45:49,263 - INFO - timeseries_processing.py:161 -         Append bands to the band-list of EPSG:32634
2025-11-30 13:45:49,266 - INFO - timeseries_processing.py:129 -                        
2025-11-30 13:45:49,266 - INFO - timeseries_processing.py:130 -     Loading parameters:
2025-11-30 13:45:49,267 - INFO - timeseries_processing.py:131 -         Bands: ['B02', 'B03', 'B04']
2025-11-30 13:45:49,267 - INFO - timeseries_processing.py:132 -         Spatial resolution: 10
2025-11-30 13:45:49,267 - INFO - timeseries_processing.py:134 -         Get Assets from STAC Items
2025-11-30 13:45:49,267 - INFO - timeseries_processing.py:47 -         Initialize the STAC client
2025-11-30 13:45:49,995 - INFO - timeseries_processing.py:137 -         Loading 19 STAC Items....
2025-11-30 13:49:01,894 - INFO - timeseries_processing.py:146 -         Cube has been downloaded
2025-11-30 13:49:01,894 - INFO - timeseries_processing.py:149 -         Reproject to downsample 10m bands to 20m by Resampling.average 2x2 binning and shape matching with odc.geo.GeoBox
2025-11-30 13:49:13,596 - INFO - timeseries_processing.py:161 -         Append bands to the band-list of EPSG:32634
2025-11-30 13:49:13,596 - INFO - timeseries_processing.py:165 -                        
2025-11-30 13:49:13,596 - INFO - timeseries_processing.py:166 -     Merging bands in a single dataset
2025-11-30 13:49:13,596 - INFO - timeseries_processing.py:167 -     Ensure all partial datasets are at (x=20, y=-20) resolution
2025-11-30 13:49:13,596 - INFO - timeseries_processing.py:171 -     Clip to the intersection of indexes
2025-11-30 13:49:14,932 - INFO - timeseries_processing.py:180 -     Make a list of bands to merge
2025-11-30 13:49:14,932 - INFO - timeseries_processing.py:184 -     Merge on intersection
2025-11-30 13:49:14,932 - INFO - timeseries_processing.py:192 -     Apply masks on clouds, shadows, thin cirrus, and snow/ice
2025-11-30 13:49:14,932 - INFO - sentinel2.py:122 -                Masking bits: [3, 7, 8, 9, 10, 11]
2025-11-30 13:49:15,877 - INFO - composites.py:307 - Reproject from UTM Zone to Tile geometry -> CRS(EPSG:32634), Resampling.bilinear
2025-11-30 13:49:21,461 - INFO - composites.py:310 -     New shape of datasets: Shape2d(x=2400, y=2400)
2025-11-30 13:49:22,057 - INFO - composites.py:342 - Creating preview plot of input scenes
2025-11-30 13:49:52,628 - INFO - timeseries_processing.py:349 - Saved preview for 'B04' to //nas-rs.topo.auth.gr/Latomeia/DROUGHT/composites/x07/y11/2020/04/01/S2L2A_medcomp_x07y11_202004_InDataPreview.jpeg
2025-11-30 13:49:52,630 - INFO - composites.py:348 - Clip value range
2025-11-30 13:49:54,243 - INFO - composites.py:353 -                           
2025-11-30 13:49:54,243 - INFO - composites.py:354 - Computing spectral indices:
2025-11-30 13:49:54,245 - INFO - composites.py:357 -     EVI...
2025-11-30 13:49:55,297 - INFO - composites.py:359 -     NDVI...
2025-11-30 13:49:55,656 - INFO - composites.py:361 -     PSRI2...
2025-11-30 13:49:55,868 - INFO - composites.py:364 - Clip to typical value range
2025-11-30 13:49:56,167 - INFO - composites.py:371 - Reducing to median value temporal composite
2025-11-30 13:50:25,220 - INFO - composites.py:390 - Scale and Define data types & nodata per band
2025-11-30 13:50:25,347 - INFO - composites.py:411 - Assign time range and tile ID in metadata
2025-11-30 13:50:25,349 - INFO - composites.py:419 - Write bands to raster COG files
2025-11-30 13:50:29,423 - INFO - composites.py:432 - Write B02 -> //nas-rs.topo.auth.gr/Latomeia/DROUGHT/composites/x07/y11/2020/04/01/S2L2A_medcomp_x07y11_202004_B02.tif
2025-11-30 13:50:33,673 - INFO - composites.py:432 - Write B03 -> //nas-rs.topo.auth.gr/Latomeia/DROUGHT/composites/x07/y11/2020/04/01/S2L2A_medcomp_x07y11_202004_B03.tif
2025-11-30 13:50:37,750 - INFO - composites.py:432 - Write B04 -> //nas-rs.topo.auth.gr/Latomeia/DROUGHT/composites/x07/y11/2020/04/01/S2L2A_medcomp_x07y11_202004_B04.tif
2025-11-30 13:50:41,904 - INFO - composites.py:432 - Write B05 -> //nas-rs.topo.auth.gr/Latomeia/DROUGHT/composites/x07/y11/2020/04/01/S2L2A_medcomp_x07y11_202004_B05.tif
2025-11-30 13:50:45,937 - INFO - composites.py:432 - Write B07 -> //nas-rs.topo.auth.gr/Latomeia/DROUGHT/composites/x07/y11/2020/04/01/S2L2A_medcomp_x07y11_202004_B07.tif
2025-11-30 13:50:50,033 - INFO - composites.py:432 - Write B8A -> //nas-rs.topo.auth.gr/Latomeia/DROUGHT/composites/x07/y11/2020/04/01/S2L2A_medcomp_x07y11_202004_B8A.tif
2025-11-30 13:50:54,048 - INFO - composites.py:432 - Write EVI -> //nas-rs.topo.auth.gr/Latomeia/DROUGHT/composites/x07/y11/2020/04/01/S2L2A_medcomp_x07y11_202004_EVI.tif
2025-11-30 13:50:58,078 - INFO - composites.py:432 - Write NDVI -> //nas-rs.topo.auth.gr/Latomeia/DROUGHT/composites/x07/y11/2020/04/01/S2L2A_medcomp_x07y11_202004_NDVI.tif
2025-11-30 13:51:02,079 - INFO - composites.py:432 - Write PSRI2 -> //nas-rs.topo.auth.gr/Latomeia/DROUGHT/composites/x07/y11/2020/04/01/S2L2A_medcomp_x07y11_202004_PSRI2.tif
2025-11-30 13:51:02,081 - INFO - composites.py:436 - Prepare metadata YAML document
2025-11-30 13:51:02,608 - INFO - composites.py:458 - Write metadata YAML document to disk
2025-11-30 13:51:02,667 - INFO - composites.py:463 - Create datacube.model.Dataset from eo3 metadata
2025-11-30 13:51:02,680 - INFO - composites.py:476 - Index to datacube
2025-11-30 13:51:02,680 - INFO - _datasets.py:191 - Indexing bd164ca5-3189-4bd4-b3c2-58d154f4f54d
2025-11-30 13:51:02,688 - INFO - composites.py:479 - 
2025-11-30 13:51:02,688 - INFO - composites.py:480 -              ✔✔✔ COMPLETED: Tile x07_y11 | Time: 2020-04 | In 7.42 minutes
2025-11-30 13:51:02,688 - INFO - composites.py:481 - 
2025-11-30 13:51:02,688 - INFO - composites.py:489 - Closing Dask client
2025-11-30 13:51:02,692 - INFO - composites.py:493 - Closing Dask cluster
2025-11-30 13:51:02,693 - INFO - composites.py:494 - #######################################################################
