2025-11-30 14:08:09,503 - INFO - composites.py:102 - #######################################################################
2025-11-30 14:08:09,503 - INFO - composites.py:104 - Processing started
2025-11-30 14:08:09,503 - INFO - composites.py:105 -         Tile: x07_y12
2025-11-30 14:08:09,503 - INFO - composites.py:106 -         Time: 2020-05
2025-11-30 14:08:09,503 - INFO - composites.py:109 -                           
2025-11-30 14:08:09,504 - INFO - composites.py:110 - Establishing connection to datacube
2025-11-30 14:08:10,054 - INFO - composites.py:113 -                           
2025-11-30 14:08:10,054 - INFO - composites.py:114 - Sanity test: Check if dataset already exists in the datacube
2025-11-30 14:08:10,085 - INFO - composites.py:133 - The composite requested was not found and it will be computed
2025-11-30 14:08:10,085 - INFO - composites.py:136 -                                  
2025-11-30 14:08:10,085 - INFO - composites.py:137 - Initializing Dask cluster for parallelization
2025-11-30 14:08:15,150 - INFO - composites.py:161 - Dask dashboard is available at: http://127.0.0.1:8787/status
2025-11-30 14:08:15,150 - INFO - composites.py:164 - Create directories and naming conversions
2025-11-30 14:08:15,163 - INFO - composites.py:177 - Dataset location: //nas-rs.topo.auth.gr/Latomeia/DROUGHT/composites/x07/y12/2020/05/01
2025-11-30 14:08:15,163 - INFO - composites.py:180 -                           
2025-11-30 14:08:15,163 - INFO - composites.py:181 - Retrieve tile geometry
2025-11-30 14:08:15,189 - INFO - composites.py:192 - Create the Bounding Box (φ,λ)
2025-11-30 14:08:15,191 - INFO - composites.py:198 - Create the Bounding Box (x,y)
2025-11-30 14:08:15,191 - INFO - composites.py:211 -                           
2025-11-30 14:08:15,191 - INFO - composites.py:212 - Connect to Planetary Computer STAC Catalog
2025-11-30 14:08:15,506 - INFO - composites.py:220 - Search the STAC Catalog
2025-11-30 14:08:15,574 - INFO - composites.py:232 -         Query parameters:
2025-11-30 14:08:15,574 - INFO - composites.py:233 -             url:          https://planetarycomputer.microsoft.com/api/stac/v1/search
2025-11-30 14:08:15,574 - INFO - composites.py:234 -             client:       microsoft-pc
2025-11-30 14:08:15,574 - INFO - composites.py:235 -             collection:   sentinel-2-l2a
2025-11-30 14:08:15,574 - INFO - composites.py:236 -             bbox:         (20.999765686564626, 38.787881790199634, 21.67096534182257, 39.332009850489634)
2025-11-30 14:08:15,574 - INFO - composites.py:237 -             time range:   2020-05-01T00:00:00Z/2020-05-31T23:59:59Z
2025-11-30 14:08:15,574 - INFO - composites.py:238 -             cloud cover:  0% - 70%
2025-11-30 14:08:15,574 - INFO - composites.py:239 -             nodata cover: 0% - 33%
2025-11-30 14:08:15,574 - INFO - composites.py:241 -                           
2025-11-30 14:08:15,574 - INFO - composites.py:242 - Searching...
2025-11-30 14:08:16,015 - INFO - composites.py:245 - Query found 27 items
2025-11-30 14:08:16,017 - INFO - composites.py:247 - Searching for GRI REFINED scenes:
2025-11-30 14:08:20,295 - INFO - sentinel2.py:78 - 1/27 - S2B_MSIL2A_20200528T092029_R093_T34SEJ_20200911T074413 -> Not Found
2025-11-30 14:08:25,423 - INFO - sentinel2.py:78 - 2/27 - S2B_MSIL2A_20200528T092029_R093_T34SEH_20200911T074408 -> Not Found
2025-11-30 14:08:30,013 - INFO - sentinel2.py:78 - 3/27 - S2B_MSIL2A_20200528T092029_R093_T34SDH_20200911T074354 -> Not Found
2025-11-30 14:08:35,121 - INFO - sentinel2.py:78 - 4/27 - S2A_MSIL2A_20200526T093041_R136_T34SDJ_20200919T033138 -> Not Found
2025-11-30 14:08:40,140 - INFO - sentinel2.py:78 - 5/27 - S2A_MSIL2A_20200526T093041_R136_T34SDH_20200919T033136 -> Not Found
2025-11-30 14:08:44,040 - INFO - sentinel2.py:78 - 6/27 - S2A_MSIL2A_20200523T092031_R093_T34SEJ_20200910T161147 -> Not Found
2025-11-30 14:08:48,291 - INFO - sentinel2.py:78 - 7/27 - S2A_MSIL2A_20200523T092031_R093_T34SEH_20200910T161147 -> Not Found
2025-11-30 14:08:53,048 - INFO - sentinel2.py:78 - 8/27 - S2A_MSIL2A_20200523T092031_R093_T34SDH_20200910T161121 -> Not Found
2025-11-30 14:08:57,751 - INFO - sentinel2.py:78 - 9/27 - S2B_MSIL2A_20200521T093039_R136_T34SDH_20200919T033137 -> Not Found
2025-11-30 14:09:02,276 - INFO - sentinel2.py:78 - 10/27 - S2B_MSIL2A_20200518T092029_R093_T34SEJ_20200919T033149 -> Not Found
2025-11-30 14:09:06,274 - INFO - sentinel2.py:78 - 11/27 - S2B_MSIL2A_20200518T092029_R093_T34SEH_20200910T033454 -> Not Found
2025-11-30 14:09:10,974 - INFO - sentinel2.py:78 - 12/27 - S2B_MSIL2A_20200518T092029_R093_T34SDH_20201027T071123 -> Not Found
2025-11-30 14:09:16,104 - INFO - sentinel2.py:78 - 13/27 - S2A_MSIL2A_20200513T092031_R093_T34SEJ_20200918T002820 -> Not Found
2025-11-30 14:09:21,353 - INFO - sentinel2.py:78 - 14/27 - S2A_MSIL2A_20200513T092031_R093_T34SEH_20200918T002812 -> Not Found
2025-11-30 14:09:25,424 - INFO - sentinel2.py:78 - 15/27 - S2A_MSIL2A_20200513T092031_R093_T34SDH_20200918T002801 -> Not Found
2025-11-30 14:09:30,662 - INFO - sentinel2.py:78 - 16/27 - S2B_MSIL2A_20200511T093029_R136_T34SDJ_20201027T070902 -> Not Found
2025-11-30 14:09:35,762 - INFO - sentinel2.py:78 - 17/27 - S2B_MSIL2A_20200511T093029_R136_T34SDH_20200917T195120 -> Not Found
2025-11-30 14:09:40,983 - INFO - sentinel2.py:78 - 18/27 - S2B_MSIL2A_20200508T092029_R093_T34SEJ_20200921T013434 -> Not Found
2025-11-30 14:09:45,615 - INFO - sentinel2.py:78 - 19/27 - S2B_MSIL2A_20200508T092029_R093_T34SEH_20200921T013438 -> Not Found
2025-11-30 14:09:49,804 - INFO - sentinel2.py:78 - 20/27 - S2B_MSIL2A_20200508T092029_R093_T34SDH_20200921T013423 -> Not Found
2025-11-30 14:09:54,929 - INFO - sentinel2.py:78 - 21/27 - S2A_MSIL2A_20200506T093041_R136_T34SDJ_20200920T172656 -> Not Found
2025-11-30 14:10:00,183 - INFO - sentinel2.py:78 - 22/27 - S2A_MSIL2A_20200506T093041_R136_T34SDH_20200920T172655 -> Not Found
2025-11-30 14:10:04,367 - INFO - sentinel2.py:78 - 23/27 - S2A_MSIL2A_20200503T092031_R093_T34SEJ_20200920T073227 -> Not Found
2025-11-30 14:10:09,573 - INFO - sentinel2.py:78 - 24/27 - S2A_MSIL2A_20200503T092031_R093_T34SEH_20200920T073223 -> Not Found
2025-11-30 14:10:14,202 - INFO - sentinel2.py:78 - 25/27 - S2A_MSIL2A_20200503T092031_R093_T34SDH_20200920T073207 -> Not Found
2025-11-30 14:10:19,426 - INFO - sentinel2.py:78 - 26/27 - S2B_MSIL2A_20200501T093029_R136_T34SDJ_20200920T023939 -> Not Found
2025-11-30 14:10:23,656 - INFO - sentinel2.py:78 - 27/27 - S2B_MSIL2A_20200501T093029_R136_T34SDH_20200920T023936 -> Not Found
2025-11-30 14:10:23,708 - INFO - composites.py:250 -                                  
2025-11-30 14:10:23,708 - INFO - composites.py:251 - 0/27 were refined by GRI.
2025-11-30 14:10:23,713 - WARNING - composites.py:255 - Tile x07_y12 | Time: 2020-05: All scenes are flagged NOT REFINED.
2025-11-30 14:10:23,713 - WARNING - composites.py:256 - Tile x07_y12 | Time: 2020-05: The composite will be flagged with _NOREFINED.
2025-11-30 14:10:23,713 - INFO - composites.py:263 - Looking for up to 7 cleanest images within spatiotemporal range of each MGRS tile
2025-11-30 14:10:23,713 - INFO - composites.py:277 - Filtered cleanest scenes: Kept 23 out of 27 items. 
2025-11-30 14:10:23,713 - INFO - composites.py:278 -         Included MGRS Tiles: ['34SDH' '34SDJ' '34SEH' '34SEJ']
2025-11-30 14:10:23,713 - INFO - composites.py:279 -         Included EPSG codes: [32634]
2025-11-30 14:10:23,713 - INFO - composites.py:281 - Selected scenes:
2025-11-30 14:10:23,724 - INFO - composites.py:283 -         S2A_MSIL2A_20200513T092031_R093_T34SDH_20200918T002801
2025-11-30 14:10:23,729 - INFO - composites.py:283 -         S2B_MSIL2A_20200508T092029_R093_T34SDH_20200921T013423
2025-11-30 14:10:23,729 - INFO - composites.py:283 -         S2A_MSIL2A_20200523T092031_R093_T34SDH_20200910T161121
2025-11-30 14:10:23,729 - INFO - composites.py:283 -         S2A_MSIL2A_20200526T093041_R136_T34SDH_20200919T033136
2025-11-30 14:10:23,729 - INFO - composites.py:283 -         S2B_MSIL2A_20200518T092029_R093_T34SDH_20201027T071123
2025-11-30 14:10:23,729 - INFO - composites.py:283 -         S2B_MSIL2A_20200511T093029_R136_T34SDH_20200917T195120
2025-11-30 14:10:23,729 - INFO - composites.py:283 -         S2B_MSIL2A_20200528T092029_R093_T34SDH_20200911T074354
2025-11-30 14:10:23,729 - INFO - composites.py:283 -         S2B_MSIL2A_20200511T093029_R136_T34SDJ_20201027T070902
2025-11-30 14:10:23,729 - INFO - composites.py:283 -         S2A_MSIL2A_20200526T093041_R136_T34SDJ_20200919T033138
2025-11-30 14:10:23,730 - INFO - composites.py:283 -         S2B_MSIL2A_20200501T093029_R136_T34SDJ_20200920T023939
2025-11-30 14:10:23,730 - INFO - composites.py:283 -         S2A_MSIL2A_20200506T093041_R136_T34SDJ_20200920T172656
2025-11-30 14:10:23,730 - INFO - composites.py:283 -         S2A_MSIL2A_20200513T092031_R093_T34SEH_20200918T002812
2025-11-30 14:10:23,730 - INFO - composites.py:283 -         S2B_MSIL2A_20200508T092029_R093_T34SEH_20200921T013438
2025-11-30 14:10:23,730 - INFO - composites.py:283 -         S2A_MSIL2A_20200523T092031_R093_T34SEH_20200910T161147
2025-11-30 14:10:23,730 - INFO - composites.py:283 -         S2B_MSIL2A_20200518T092029_R093_T34SEH_20200910T033454
2025-11-30 14:10:23,730 - INFO - composites.py:283 -         S2B_MSIL2A_20200528T092029_R093_T34SEH_20200911T074408
2025-11-30 14:10:23,730 - INFO - composites.py:283 -         S2A_MSIL2A_20200503T092031_R093_T34SEH_20200920T073223
2025-11-30 14:10:23,730 - INFO - composites.py:283 -         S2A_MSIL2A_20200513T092031_R093_T34SEJ_20200918T002820
2025-11-30 14:10:23,730 - INFO - composites.py:283 -         S2B_MSIL2A_20200508T092029_R093_T34SEJ_20200921T013434
2025-11-30 14:10:23,730 - INFO - composites.py:283 -         S2A_MSIL2A_20200523T092031_R093_T34SEJ_20200910T161147
2025-11-30 14:10:23,730 - INFO - composites.py:283 -         S2A_MSIL2A_20200503T092031_R093_T34SEJ_20200920T073227
2025-11-30 14:10:23,730 - INFO - composites.py:283 -         S2B_MSIL2A_20200528T092029_R093_T34SEJ_20200911T074413
2025-11-30 14:10:23,730 - INFO - composites.py:283 -         S2B_MSIL2A_20200518T092029_R093_T34SEJ_20200919T033149
2025-11-30 14:10:24,074 - INFO - sentinel2.py:154 - Matplotlib backend: Agg
2025-11-30 14:10:24,427 - INFO - sentinel2.py:224 - Write input scenes footprint overlay: //nas-rs.topo.auth.gr/Latomeia/DROUGHT/composites/x07/y12/2020/05/01/S2L2A_medcomp_x07y12_202005_InDataFootprint.jpeg
2025-11-30 14:10:24,707 - INFO - composites.py:297 -                                  
2025-11-30 14:10:24,707 - INFO - composites.py:298 - Downstream STAC items from Planetary Computer
2025-11-30 14:10:24,707 - INFO - timeseries_processing.py:115 -                                  
2025-11-30 14:10:24,707 - INFO - timeseries_processing.py:116 - Loading bands of diferent resolutions in EPSG:32634
2025-11-30 14:10:24,707 - INFO - timeseries_processing.py:120 -     Filtering items with native UTM EPSG:32634
2025-11-30 14:10:24,707 - INFO - timeseries_processing.py:122 -     23 Items in EPSG:32634
2025-11-30 14:10:24,707 - INFO - timeseries_processing.py:129 -                        
2025-11-30 14:10:24,707 - INFO - timeseries_processing.py:130 -     Loading parameters:
2025-11-30 14:10:24,707 - INFO - timeseries_processing.py:131 -         Bands: ['B05', 'B07', 'B8A', 'SCL']
2025-11-30 14:10:24,707 - INFO - timeseries_processing.py:132 -         Spatial resolution: 20
2025-11-30 14:10:24,707 - INFO - timeseries_processing.py:134 -         Get Assets from STAC Items
2025-11-30 14:10:24,707 - INFO - timeseries_processing.py:47 -         Initialize the STAC client
2025-11-30 14:10:25,437 - INFO - timeseries_processing.py:137 -         Loading 23 STAC Items....
2025-11-30 14:11:37,505 - INFO - timeseries_processing.py:146 -         Cube has been downloaded
2025-11-30 14:11:37,509 - INFO - timeseries_processing.py:156 -         Fix order of dimensions
2025-11-30 14:11:37,511 - INFO - timeseries_processing.py:161 -         Append bands to the band-list of EPSG:32634
2025-11-30 14:11:37,511 - INFO - timeseries_processing.py:129 -                        
2025-11-30 14:11:37,511 - INFO - timeseries_processing.py:130 -     Loading parameters:
2025-11-30 14:11:37,511 - INFO - timeseries_processing.py:131 -         Bands: ['B02', 'B03', 'B04']
2025-11-30 14:11:37,511 - INFO - timeseries_processing.py:132 -         Spatial resolution: 10
2025-11-30 14:11:37,511 - INFO - timeseries_processing.py:134 -         Get Assets from STAC Items
2025-11-30 14:11:37,511 - INFO - timeseries_processing.py:47 -         Initialize the STAC client
2025-11-30 14:11:38,123 - INFO - timeseries_processing.py:137 -         Loading 23 STAC Items....
2025-11-30 14:15:48,382 - INFO - timeseries_processing.py:146 -         Cube has been downloaded
2025-11-30 14:15:48,384 - INFO - timeseries_processing.py:149 -         Reproject to downsample 10m bands to 20m by Resampling.average 2x2 binning and shape matching with odc.geo.GeoBox
2025-11-30 14:16:02,406 - INFO - timeseries_processing.py:161 -         Append bands to the band-list of EPSG:32634
2025-11-30 14:16:02,406 - INFO - timeseries_processing.py:165 -                        
2025-11-30 14:16:02,406 - INFO - timeseries_processing.py:166 -     Merging bands in a single dataset
2025-11-30 14:16:02,406 - INFO - timeseries_processing.py:167 -     Ensure all partial datasets are at (x=20, y=-20) resolution
2025-11-30 14:16:02,408 - INFO - timeseries_processing.py:171 -     Clip to the intersection of indexes
2025-11-30 14:16:03,979 - INFO - timeseries_processing.py:180 -     Make a list of bands to merge
2025-11-30 14:16:03,979 - INFO - timeseries_processing.py:184 -     Merge on intersection
2025-11-30 14:16:03,981 - INFO - timeseries_processing.py:192 -     Apply masks on clouds, shadows, thin cirrus, and snow/ice
2025-11-30 14:16:03,981 - INFO - sentinel2.py:122 -                Masking bits: [3, 7, 8, 9, 10, 11]
2025-11-30 14:16:05,484 - INFO - composites.py:307 - Reproject from UTM Zone to Tile geometry -> CRS(EPSG:32634), Resampling.bilinear
2025-11-30 14:16:12,862 - INFO - composites.py:310 -     New shape of datasets: Shape2d(x=2400, y=2400)
2025-11-30 14:16:13,586 - INFO - composites.py:342 - Creating preview plot of input scenes
2025-11-30 14:16:49,934 - INFO - timeseries_processing.py:349 - Saved preview for 'B04' to //nas-rs.topo.auth.gr/Latomeia/DROUGHT/composites/x07/y12/2020/05/01/S2L2A_medcomp_x07y12_202005_InDataPreview.jpeg
2025-11-30 14:16:49,942 - INFO - composites.py:348 - Clip value range
2025-11-30 14:16:52,160 - INFO - composites.py:353 -                           
2025-11-30 14:16:52,160 - INFO - composites.py:354 - Computing spectral indices:
2025-11-30 14:16:52,170 - INFO - composites.py:357 -     EVI...
2025-11-30 14:16:53,506 - INFO - composites.py:359 -     NDVI...
2025-11-30 14:16:54,019 - INFO - composites.py:361 -     PSRI2...
2025-11-30 14:16:54,371 - INFO - composites.py:364 - Clip to typical value range
2025-11-30 14:16:54,797 - INFO - composites.py:371 - Reducing to median value temporal composite
2025-11-30 14:17:26,977 - INFO - composites.py:390 - Scale and Define data types & nodata per band
2025-11-30 14:17:27,164 - INFO - composites.py:411 - Assign time range and tile ID in metadata
2025-11-30 14:17:27,166 - INFO - composites.py:419 - Write bands to raster COG files
2025-11-30 14:17:31,622 - INFO - composites.py:432 - Write B02 -> //nas-rs.topo.auth.gr/Latomeia/DROUGHT/composites/x07/y12/2020/05/01/S2L2A_medcomp_x07y12_202005_B02.tif
2025-11-30 14:17:36,119 - INFO - composites.py:432 - Write B03 -> //nas-rs.topo.auth.gr/Latomeia/DROUGHT/composites/x07/y12/2020/05/01/S2L2A_medcomp_x07y12_202005_B03.tif
2025-11-30 14:17:40,523 - INFO - composites.py:432 - Write B04 -> //nas-rs.topo.auth.gr/Latomeia/DROUGHT/composites/x07/y12/2020/05/01/S2L2A_medcomp_x07y12_202005_B04.tif
2025-11-30 14:17:45,031 - INFO - composites.py:432 - Write B05 -> //nas-rs.topo.auth.gr/Latomeia/DROUGHT/composites/x07/y12/2020/05/01/S2L2A_medcomp_x07y12_202005_B05.tif
2025-11-30 14:17:49,880 - INFO - composites.py:432 - Write B07 -> //nas-rs.topo.auth.gr/Latomeia/DROUGHT/composites/x07/y12/2020/05/01/S2L2A_medcomp_x07y12_202005_B07.tif
2025-11-30 14:17:54,305 - INFO - composites.py:432 - Write B8A -> //nas-rs.topo.auth.gr/Latomeia/DROUGHT/composites/x07/y12/2020/05/01/S2L2A_medcomp_x07y12_202005_B8A.tif
2025-11-30 14:17:58,881 - INFO - composites.py:432 - Write EVI -> //nas-rs.topo.auth.gr/Latomeia/DROUGHT/composites/x07/y12/2020/05/01/S2L2A_medcomp_x07y12_202005_EVI.tif
2025-11-30 14:18:03,251 - INFO - composites.py:432 - Write NDVI -> //nas-rs.topo.auth.gr/Latomeia/DROUGHT/composites/x07/y12/2020/05/01/S2L2A_medcomp_x07y12_202005_NDVI.tif
2025-11-30 14:18:07,461 - INFO - composites.py:432 - Write PSRI2 -> //nas-rs.topo.auth.gr/Latomeia/DROUGHT/composites/x07/y12/2020/05/01/S2L2A_medcomp_x07y12_202005_PSRI2.tif
2025-11-30 14:18:07,474 - INFO - composites.py:436 - Prepare metadata YAML document
2025-11-30 14:18:08,005 - INFO - composites.py:458 - Write metadata YAML document to disk
2025-11-30 14:18:08,031 - INFO - composites.py:463 - Create datacube.model.Dataset from eo3 metadata
2025-11-30 14:18:08,041 - INFO - composites.py:476 - Index to datacube
2025-11-30 14:18:08,044 - INFO - _datasets.py:191 - Indexing 5ff5b821-789f-44e6-a6cb-f38cc894897f
2025-11-30 14:18:08,052 - INFO - composites.py:479 - 
2025-11-30 14:18:08,052 - INFO - composites.py:480 -              ✔✔✔ COMPLETED: Tile x07_y12 | Time: 2020-05 | In 9.98 minutes
2025-11-30 14:18:08,052 - INFO - composites.py:481 - 
2025-11-30 14:18:08,052 - INFO - composites.py:489 - Closing Dask client
2025-11-30 14:18:08,062 - INFO - composites.py:493 - Closing Dask cluster
2025-11-30 14:18:08,062 - INFO - composites.py:494 - #######################################################################
