2025-09-03 11:06:55,369 - INFO - composites.py:102 - #######################################################################
2025-09-03 11:06:55,370 - INFO - composites.py:104 - Processing started
2025-09-03 11:06:55,370 - INFO - composites.py:105 -         Tile: x10_y07
2025-09-03 11:06:55,370 - INFO - composites.py:106 -         Time: 2025-05
2025-09-03 11:06:55,370 - INFO - composites.py:109 -                           
2025-09-03 11:06:55,370 - INFO - composites.py:110 - Establishing connection to datacube
2025-09-03 11:06:55,908 - INFO - composites.py:113 -                           
2025-09-03 11:06:55,908 - INFO - composites.py:114 - Sanity test: Check if dataset already exists in the datacube
2025-09-03 11:06:55,932 - INFO - composites.py:133 - The composite requested was not found and it will be computed
2025-09-03 11:06:55,932 - INFO - composites.py:136 -                                  
2025-09-03 11:06:55,932 - INFO - composites.py:137 - Initializing Dask cluster for parallelization
2025-09-03 11:07:01,012 - INFO - composites.py:161 - Dask dashboard is available at: http://127.0.0.1:8787/status
2025-09-03 11:07:01,012 - INFO - composites.py:164 - Create directories and naming conversions
2025-09-03 11:07:01,024 - INFO - composites.py:177 - Dataset location: //nas-rs.topo.auth.gr/Latomeia/DROUGHT/composites/x10/y07/2025/05/01
2025-09-03 11:07:01,024 - INFO - composites.py:180 -                           
2025-09-03 11:07:01,024 - INFO - composites.py:181 - Retrieve tile geometry
2025-09-03 11:07:01,053 - INFO - composites.py:192 - Create the Bounding Box (φ,λ)
2025-09-03 11:07:01,053 - INFO - composites.py:198 - Create the Bounding Box (x,y)
2025-09-03 11:07:01,053 - INFO - composites.py:211 -                           
2025-09-03 11:07:01,053 - INFO - composites.py:212 - Connect to Planetary Computer STAC Catalog
2025-09-03 11:07:01,270 - INFO - composites.py:220 - Search the STAC Catalog
2025-09-03 11:07:01,342 - INFO - composites.py:232 -         Query parameters:
2025-09-03 11:07:01,342 - INFO - composites.py:233 -             url:          https://planetarycomputer.microsoft.com/api/stac/v1/search
2025-09-03 11:07:01,342 - INFO - composites.py:234 -             client:       microsoft-pc
2025-09-03 11:07:01,342 - INFO - composites.py:235 -             collection:   sentinel-2-l2a
2025-09-03 11:07:01,342 - INFO - composites.py:236 -             bbox:         (22.240528254350007, 36.43261500541467, 22.895662885042924, 36.983478733191035)
2025-09-03 11:07:01,342 - INFO - composites.py:237 -             time range:   2025-05-01T00:00:00Z/2025-05-31T23:59:59Z
2025-09-03 11:07:01,342 - INFO - composites.py:238 -             cloud cover:  0% - 70%
2025-09-03 11:07:01,342 - INFO - composites.py:239 -             nodata cover: 0% - 33%
2025-09-03 11:07:01,342 - INFO - composites.py:241 -                           
2025-09-03 11:07:01,342 - INFO - composites.py:242 - Searching...
2025-09-03 11:07:01,861 - INFO - composites.py:245 - Query found 28 items
2025-09-03 11:07:01,861 - INFO - composites.py:247 - Searching for GRI REFINED scenes:
2025-09-03 11:07:03,612 - INFO - sentinel2.py:78 - 1/28 - S2A_MSIL2A_20250529T092231_R093_T34SFF_20250529T115518 -> REFINED
2025-09-03 11:07:04,965 - INFO - sentinel2.py:78 - 2/28 - S2B_MSIL2A_20250529T090559_R050_T34SFF_20250529T101935 -> REFINED
2025-09-03 11:07:06,513 - INFO - sentinel2.py:78 - 3/28 - S2C_MSIL2A_20250527T092051_R093_T34SFG_20250527T150317 -> REFINED
2025-09-03 11:07:08,039 - INFO - sentinel2.py:78 - 4/28 - S2C_MSIL2A_20250527T092051_R093_T34SFF_20250527T150317 -> REFINED
2025-09-03 11:07:09,521 - INFO - sentinel2.py:78 - 5/28 - S2A_MSIL2A_20250526T091041_R050_T34SFG_20250526T130116 -> REFINED
2025-09-03 11:07:11,085 - INFO - sentinel2.py:78 - 6/28 - S2A_MSIL2A_20250526T091041_R050_T34SFF_20250526T130116 -> REFINED
2025-09-03 11:07:12,651 - INFO - sentinel2.py:78 - 7/28 - S2C_MSIL2A_20250524T090611_R050_T34SFG_20250524T145713 -> REFINED
2025-09-03 11:07:14,246 - INFO - sentinel2.py:78 - 8/28 - S2C_MSIL2A_20250524T090611_R050_T34SFF_20250524T145713 -> REFINED
2025-09-03 11:07:16,048 - INFO - sentinel2.py:78 - 9/28 - S2B_MSIL2A_20250522T092029_R093_T34SFG_20250522T102824 -> REFINED
2025-09-03 11:07:17,721 - INFO - sentinel2.py:78 - 10/28 - S2B_MSIL2A_20250522T092029_R093_T34SFF_20250522T102824 -> REFINED
2025-09-03 11:07:19,272 - INFO - sentinel2.py:78 - 11/28 - S2A_MSIL2A_20250519T092041_R093_T34SFG_20250519T125816 -> REFINED
2025-09-03 11:07:20,680 - INFO - sentinel2.py:78 - 12/28 - S2A_MSIL2A_20250519T092041_R093_T34SFF_20250519T125816 -> REFINED
2025-09-03 11:07:22,091 - INFO - sentinel2.py:78 - 13/28 - S2B_MSIL2A_20250519T090559_R050_T34SFG_20250519T113614 -> REFINED
2025-09-03 11:07:23,361 - INFO - sentinel2.py:78 - 14/28 - S2B_MSIL2A_20250519T090559_R050_T34SFF_20250519T113614 -> REFINED
2025-09-03 11:07:24,742 - INFO - sentinel2.py:78 - 15/28 - S2C_MSIL2A_20250517T092051_R093_T34SFG_20250517T150713 -> REFINED
2025-09-03 11:07:26,252 - INFO - sentinel2.py:78 - 16/28 - S2C_MSIL2A_20250517T092051_R093_T34SFF_20250517T150713 -> REFINED
2025-09-03 11:07:27,836 - INFO - sentinel2.py:78 - 17/28 - S2C_MSIL2A_20250514T090611_R050_T34SFG_20250514T134013 -> REFINED
2025-09-03 11:07:29,328 - INFO - sentinel2.py:78 - 18/28 - S2C_MSIL2A_20250514T090611_R050_T34SFF_20250514T134013 -> REFINED
2025-09-03 11:07:30,834 - INFO - sentinel2.py:78 - 19/28 - S2A_MSIL2A_20250509T092231_R093_T34SFG_20250509T115912 -> REFINED
2025-09-03 11:07:32,262 - INFO - sentinel2.py:78 - 20/28 - S2A_MSIL2A_20250509T092231_R093_T34SFF_20250509T115912 -> REFINED
2025-09-03 11:07:33,623 - INFO - sentinel2.py:78 - 21/28 - S2B_MSIL2A_20250509T090559_R050_T34SFG_20250509T112956 -> REFINED
2025-09-03 11:07:35,139 - INFO - sentinel2.py:78 - 22/28 - S2B_MSIL2A_20250509T090559_R050_T34SFF_20250509T112956 -> REFINED
2025-09-03 11:07:36,545 - INFO - sentinel2.py:78 - 23/28 - S2A_MSIL2A_20250506T091031_R050_T34SFG_20250506T132317 -> REFINED
2025-09-03 11:07:37,975 - INFO - sentinel2.py:78 - 24/28 - S2A_MSIL2A_20250506T091031_R050_T34SFF_20250506T132317 -> REFINED
2025-09-03 11:07:39,314 - INFO - sentinel2.py:78 - 25/28 - S2C_MSIL2A_20250504T090611_R050_T34SFG_20250504T123738 -> REFINED
2025-09-03 11:07:40,954 - INFO - sentinel2.py:78 - 26/28 - S2C_MSIL2A_20250504T090611_R050_T34SFF_20250504T123738 -> REFINED
2025-09-03 11:07:42,584 - INFO - sentinel2.py:78 - 27/28 - S2B_MSIL2A_20250502T092029_R093_T34SFG_20250502T121809 -> REFINED
2025-09-03 11:07:44,096 - INFO - sentinel2.py:78 - 28/28 - S2B_MSIL2A_20250502T092029_R093_T34SFF_20250502T121809 -> REFINED
2025-09-03 11:07:44,106 - INFO - composites.py:250 -                                  
2025-09-03 11:07:44,106 - INFO - composites.py:251 - 28/28 were refined by GRI.
2025-09-03 11:07:44,107 - INFO - composites.py:263 - Looking for up to 10 cleanest images within spatiotemporal range of each MGRS tile
2025-09-03 11:07:44,107 - INFO - composites.py:277 - Filtered cleanest scenes: Kept 20 out of 28 items. 
2025-09-03 11:07:44,108 - INFO - composites.py:278 -         Included MGRS Tiles: ['34SFF' '34SFG']
2025-09-03 11:07:44,108 - INFO - composites.py:279 -         Included EPSG codes: [32634]
2025-09-03 11:07:44,108 - INFO - composites.py:281 - Selected scenes:
2025-09-03 11:07:44,108 - INFO - composites.py:283 -         S2B_MSIL2A_20250519T090559_R050_T34SFF_20250519T113614
2025-09-03 11:07:44,108 - INFO - composites.py:283 -         S2C_MSIL2A_20250524T090611_R050_T34SFF_20250524T145713
2025-09-03 11:07:44,108 - INFO - composites.py:283 -         S2A_MSIL2A_20250519T092041_R093_T34SFF_20250519T125816
2025-09-03 11:07:44,108 - INFO - composites.py:283 -         S2A_MSIL2A_20250506T091031_R050_T34SFF_20250506T132317
2025-09-03 11:07:44,108 - INFO - composites.py:283 -         S2B_MSIL2A_20250502T092029_R093_T34SFF_20250502T121809
2025-09-03 11:07:44,108 - INFO - composites.py:283 -         S2A_MSIL2A_20250526T091041_R050_T34SFF_20250526T130116
2025-09-03 11:07:44,108 - INFO - composites.py:283 -         S2B_MSIL2A_20250509T090559_R050_T34SFF_20250509T112956
2025-09-03 11:07:44,108 - INFO - composites.py:283 -         S2A_MSIL2A_20250509T092231_R093_T34SFF_20250509T115912
2025-09-03 11:07:44,108 - INFO - composites.py:283 -         S2C_MSIL2A_20250514T090611_R050_T34SFF_20250514T134013
2025-09-03 11:07:44,108 - INFO - composites.py:283 -         S2C_MSIL2A_20250517T092051_R093_T34SFF_20250517T150713
2025-09-03 11:07:44,108 - INFO - composites.py:283 -         S2B_MSIL2A_20250519T090559_R050_T34SFG_20250519T113614
2025-09-03 11:07:44,108 - INFO - composites.py:283 -         S2A_MSIL2A_20250519T092041_R093_T34SFG_20250519T125816
2025-09-03 11:07:44,108 - INFO - composites.py:283 -         S2A_MSIL2A_20250526T091041_R050_T34SFG_20250526T130116
2025-09-03 11:07:44,108 - INFO - composites.py:283 -         S2C_MSIL2A_20250527T092051_R093_T34SFG_20250527T150317
2025-09-03 11:07:44,108 - INFO - composites.py:283 -         S2B_MSIL2A_20250502T092029_R093_T34SFG_20250502T121809
2025-09-03 11:07:44,108 - INFO - composites.py:283 -         S2C_MSIL2A_20250504T090611_R050_T34SFG_20250504T123738
2025-09-03 11:07:44,108 - INFO - composites.py:283 -         S2A_MSIL2A_20250509T092231_R093_T34SFG_20250509T115912
2025-09-03 11:07:44,108 - INFO - composites.py:283 -         S2B_MSIL2A_20250509T090559_R050_T34SFG_20250509T112956
2025-09-03 11:07:44,108 - INFO - composites.py:283 -         S2A_MSIL2A_20250506T091031_R050_T34SFG_20250506T132317
2025-09-03 11:07:44,108 - INFO - composites.py:283 -         S2C_MSIL2A_20250524T090611_R050_T34SFG_20250524T145713
2025-09-03 11:07:44,571 - INFO - sentinel2.py:154 - Matplotlib backend: Agg
2025-09-03 11:07:44,735 - INFO - sentinel2.py:224 - Write input scenes footprint overlay: //nas-rs.topo.auth.gr/Latomeia/DROUGHT/composites/x10/y07/2025/05/01/S2L2A_medcomp_x10y07_202505_InDataFootprint.jpeg
2025-09-03 11:07:45,025 - INFO - composites.py:297 -                                  
2025-09-03 11:07:45,025 - INFO - composites.py:298 - Downstream STAC items from Planetary Computer
2025-09-03 11:07:45,025 - INFO - timeseries_processing.py:115 -                                  
2025-09-03 11:07:45,025 - INFO - timeseries_processing.py:116 - Loading bands of diferent resolutions in EPSG:32634
2025-09-03 11:07:45,025 - INFO - timeseries_processing.py:120 -     Filtering items with native UTM EPSG:32634
2025-09-03 11:07:45,025 - INFO - timeseries_processing.py:122 -     20 Items in EPSG:32634
2025-09-03 11:07:45,026 - INFO - timeseries_processing.py:129 -                        
2025-09-03 11:07:45,026 - INFO - timeseries_processing.py:130 -     Loading parameters:
2025-09-03 11:07:45,026 - INFO - timeseries_processing.py:131 -         Bands: ['B05', 'B07', 'B8A', 'SCL']
2025-09-03 11:07:45,026 - INFO - timeseries_processing.py:132 -         Spatial resolution: 20
2025-09-03 11:07:45,026 - INFO - timeseries_processing.py:134 -         Get Assets from STAC Items
2025-09-03 11:07:45,026 - INFO - timeseries_processing.py:47 -         Initialize the STAC client
2025-09-03 11:07:45,607 - INFO - timeseries_processing.py:137 -         Loading 20 STAC Items....
2025-09-03 11:09:47,760 - INFO - timeseries_processing.py:146 -         Cube has been downloaded
2025-09-03 11:09:47,760 - INFO - timeseries_processing.py:156 -         Fix order of dimensions
2025-09-03 11:09:47,762 - INFO - timeseries_processing.py:161 -         Append bands to the band-list of EPSG:32634
2025-09-03 11:09:47,762 - INFO - timeseries_processing.py:129 -                        
2025-09-03 11:09:47,762 - INFO - timeseries_processing.py:130 -     Loading parameters:
2025-09-03 11:09:47,764 - INFO - timeseries_processing.py:131 -         Bands: ['B02', 'B03', 'B04']
2025-09-03 11:09:47,764 - INFO - timeseries_processing.py:132 -         Spatial resolution: 10
2025-09-03 11:09:47,764 - INFO - timeseries_processing.py:134 -         Get Assets from STAC Items
2025-09-03 11:09:47,764 - INFO - timeseries_processing.py:47 -         Initialize the STAC client
2025-09-03 11:09:48,388 - INFO - timeseries_processing.py:137 -         Loading 20 STAC Items....
2025-09-03 11:13:32,946 - INFO - timeseries_processing.py:146 -         Cube has been downloaded
2025-09-03 11:13:32,963 - INFO - timeseries_processing.py:149 -         Reproject to downsample 10m bands to 20m by Resampling.average 2x2 binning and shape matching with odc.geo.GeoBox
2025-09-03 11:13:50,932 - INFO - timeseries_processing.py:161 -         Append bands to the band-list of EPSG:32634
2025-09-03 11:13:50,933 - INFO - timeseries_processing.py:165 -                        
2025-09-03 11:13:50,933 - INFO - timeseries_processing.py:166 -     Merging bands in a single dataset
2025-09-03 11:13:50,933 - INFO - timeseries_processing.py:167 -     Ensure all partial datasets are at (x=20, y=-20) resolution
2025-09-03 11:13:50,933 - INFO - timeseries_processing.py:171 -     Clip to the intersection of indexes
2025-09-03 11:13:52,273 - INFO - timeseries_processing.py:180 -     Make a list of bands to merge
2025-09-03 11:13:52,273 - INFO - timeseries_processing.py:184 -     Merge on intersection
2025-09-03 11:13:52,274 - INFO - timeseries_processing.py:192 -     Apply masks on clouds, shadows, thin cirrus, and snow/ice
2025-09-03 11:13:52,274 - INFO - sentinel2.py:122 -                Masking bits: [3, 7, 8, 9, 10, 11]
2025-09-03 11:13:53,734 - INFO - composites.py:307 - Reproject from UTM Zone to Tile geometry -> CRS(EPSG:32634), Resampling.bilinear
2025-09-03 11:14:01,994 - INFO - composites.py:310 -     New shape of datasets: Shape2d(x=2400, y=2400)
2025-09-03 11:14:02,650 - INFO - composites.py:329 - Scale SR to Sen2Cor Baseline 4.00 - Subtract 1000 in dates post 2022-01-25
2025-09-03 11:14:04,421 - INFO - composites.py:342 - Creating preview plot of input scenes
2025-09-03 11:14:41,266 - INFO - timeseries_processing.py:349 - Saved preview for 'B04' to //nas-rs.topo.auth.gr/Latomeia/DROUGHT/composites/x10/y07/2025/05/01/S2L2A_medcomp_x10y07_202505_InDataPreview.jpeg
2025-09-03 11:14:41,274 - INFO - composites.py:348 - Clip value range
2025-09-03 11:14:43,674 - INFO - composites.py:353 -                           
2025-09-03 11:14:43,676 - INFO - composites.py:354 - Computing spectral indices:
2025-09-03 11:14:43,676 - INFO - composites.py:357 -     EVI...
2025-09-03 11:14:45,103 - INFO - composites.py:359 -     NDVI...
2025-09-03 11:14:45,592 - INFO - composites.py:361 -     PSRI2...
2025-09-03 11:14:46,002 - INFO - composites.py:364 - Clip to typical value range
2025-09-03 11:14:46,529 - INFO - composites.py:371 - Reducing to median value temporal composite
2025-09-03 11:15:17,630 - INFO - composites.py:390 - Scale and Define data types & nodata per band
2025-09-03 11:15:17,769 - INFO - composites.py:411 - Assign time range and tile ID in metadata
2025-09-03 11:15:17,769 - INFO - composites.py:419 - Write bands to raster COG files
2025-09-03 11:15:21,720 - INFO - composites.py:432 - Write B02 -> //nas-rs.topo.auth.gr/Latomeia/DROUGHT/composites/x10/y07/2025/05/01/S2L2A_medcomp_x10y07_202505_B02.tif
2025-09-03 11:15:25,579 - INFO - composites.py:432 - Write B03 -> //nas-rs.topo.auth.gr/Latomeia/DROUGHT/composites/x10/y07/2025/05/01/S2L2A_medcomp_x10y07_202505_B03.tif
2025-09-03 11:15:29,463 - INFO - composites.py:432 - Write B04 -> //nas-rs.topo.auth.gr/Latomeia/DROUGHT/composites/x10/y07/2025/05/01/S2L2A_medcomp_x10y07_202505_B04.tif
2025-09-03 11:15:33,339 - INFO - composites.py:432 - Write B05 -> //nas-rs.topo.auth.gr/Latomeia/DROUGHT/composites/x10/y07/2025/05/01/S2L2A_medcomp_x10y07_202505_B05.tif
2025-09-03 11:15:37,184 - INFO - composites.py:432 - Write B07 -> //nas-rs.topo.auth.gr/Latomeia/DROUGHT/composites/x10/y07/2025/05/01/S2L2A_medcomp_x10y07_202505_B07.tif
2025-09-03 11:15:41,303 - INFO - composites.py:432 - Write B8A -> //nas-rs.topo.auth.gr/Latomeia/DROUGHT/composites/x10/y07/2025/05/01/S2L2A_medcomp_x10y07_202505_B8A.tif
2025-09-03 11:15:45,286 - INFO - composites.py:432 - Write EVI -> //nas-rs.topo.auth.gr/Latomeia/DROUGHT/composites/x10/y07/2025/05/01/S2L2A_medcomp_x10y07_202505_EVI.tif
2025-09-03 11:15:49,209 - INFO - composites.py:432 - Write NDVI -> //nas-rs.topo.auth.gr/Latomeia/DROUGHT/composites/x10/y07/2025/05/01/S2L2A_medcomp_x10y07_202505_NDVI.tif
2025-09-03 11:15:53,297 - INFO - composites.py:432 - Write PSRI2 -> //nas-rs.topo.auth.gr/Latomeia/DROUGHT/composites/x10/y07/2025/05/01/S2L2A_medcomp_x10y07_202505_PSRI2.tif
2025-09-03 11:15:53,314 - INFO - composites.py:436 - Prepare metadata YAML document
2025-09-03 11:15:53,936 - INFO - composites.py:458 - Write metadata YAML document to disk
2025-09-03 11:15:54,002 - INFO - composites.py:463 - Create datacube.model.Dataset from eo3 metadata
2025-09-03 11:15:54,013 - INFO - composites.py:476 - Index to datacube
2025-09-03 11:15:54,015 - INFO - _datasets.py:191 - Indexing d10f7b04-b83b-4260-9af6-a65ff820fa26
2025-09-03 11:15:54,030 - INFO - composites.py:479 - 
2025-09-03 11:15:54,030 - INFO - composites.py:480 -              ✔✔✔ COMPLETED: Tile x10_y07 | Time: 2025-05 | In 8.98 minutes
2025-09-03 11:15:54,030 - INFO - composites.py:481 - 
2025-09-03 11:15:54,030 - INFO - composites.py:489 - Closing Dask client
2025-09-03 11:15:54,031 - INFO - composites.py:493 - Closing Dask cluster
2025-09-03 11:15:54,031 - INFO - composites.py:494 - #######################################################################
