2025-09-04 19:48:37,927 - INFO - composites.py:102 - #######################################################################
2025-09-04 19:48:37,927 - INFO - composites.py:104 - Processing started
2025-09-04 19:48:37,927 - INFO - composites.py:105 -         Tile: x09_y09
2025-09-04 19:48:37,927 - INFO - composites.py:106 -         Time: 2025-08
2025-09-04 19:48:37,927 - INFO - composites.py:109 -                           
2025-09-04 19:48:37,927 - INFO - composites.py:110 - Establishing connection to datacube
2025-09-04 19:48:38,454 - INFO - composites.py:113 -                           
2025-09-04 19:48:38,454 - INFO - composites.py:114 - Sanity test: Check if dataset already exists in the datacube
2025-09-04 19:48:38,476 - INFO - composites.py:133 - The composite requested was not found and it will be computed
2025-09-04 19:48:38,476 - INFO - composites.py:136 -                                  
2025-09-04 19:48:38,476 - INFO - composites.py:137 - Initializing Dask cluster for parallelization
2025-09-04 19:48:43,935 - INFO - composites.py:161 - Dask dashboard is available at: http://127.0.0.1:8787/status
2025-09-04 19:48:43,935 - INFO - composites.py:164 - Create directories and naming conversions
2025-09-04 19:48:43,946 - INFO - composites.py:177 - Dataset location: //nas-rs.topo.auth.gr/Latomeia/DROUGHT/composites/x09/y09/2025/08/01
2025-09-04 19:48:43,946 - INFO - composites.py:180 -                           
2025-09-04 19:48:43,946 - INFO - composites.py:181 - Retrieve tile geometry
2025-09-04 19:48:43,979 - INFO - composites.py:192 - Create the Bounding Box (φ,λ)
2025-09-04 19:48:43,979 - INFO - composites.py:198 - Create the Bounding Box (x,y)
2025-09-04 19:48:43,979 - INFO - composites.py:211 -                           
2025-09-04 19:48:43,979 - INFO - composites.py:212 - Connect to Planetary Computer STAC Catalog
2025-09-04 19:48:44,203 - INFO - composites.py:220 - Search the STAC Catalog
2025-09-04 19:48:44,274 - INFO - composites.py:232 -         Query parameters:
2025-09-04 19:48:44,275 - INFO - composites.py:233 -             url:          https://planetarycomputer.microsoft.com/api/stac/v1/search
2025-09-04 19:48:44,275 - INFO - composites.py:234 -             client:       microsoft-pc
2025-09-04 19:48:44,275 - INFO - composites.py:235 -             collection:   sentinel-2-l2a
2025-09-04 19:48:44,275 - INFO - composites.py:236 -             bbox:         (21.85970105220835, 37.36314648137922, 22.52163347994685, 37.9118519319046)
2025-09-04 19:48:44,275 - INFO - composites.py:237 -             time range:   2025-08-01T00:00:00Z/2025-08-31T23:59:59Z
2025-09-04 19:48:44,275 - INFO - composites.py:238 -             cloud cover:  0% - 70%
2025-09-04 19:48:44,275 - INFO - composites.py:239 -             nodata cover: 0% - 33%
2025-09-04 19:48:44,275 - INFO - composites.py:241 -                           
2025-09-04 19:48:44,275 - INFO - composites.py:242 - Searching...
2025-09-04 19:48:44,822 - INFO - composites.py:245 - Query found 45 items
2025-09-04 19:48:44,822 - INFO - composites.py:247 - Searching for GRI REFINED scenes:
2025-09-04 19:48:49,152 - INFO - sentinel2.py:78 - 1/45 - S2B_MSIL2A_20250830T092029_R093_T34SFH_20250830T113855 -> REFINED
2025-09-04 19:48:55,154 - INFO - sentinel2.py:78 - 2/45 - S2B_MSIL2A_20250830T092029_R093_T34SFG_20250830T113855 -> REFINED
2025-09-04 19:48:59,336 - INFO - sentinel2.py:78 - 3/45 - S2B_MSIL2A_20250830T092029_R093_T34SEH_20250830T113855 -> REFINED
2025-09-04 19:49:04,565 - INFO - sentinel2.py:78 - 4/45 - S2B_MSIL2A_20250830T092029_R093_T34SEG_20250830T113855 -> REFINED
2025-09-04 19:49:09,815 - INFO - sentinel2.py:78 - 5/45 - S2A_MSIL2A_20250827T092041_R093_T34SFH_20250827T120914 -> REFINED
2025-09-04 19:49:14,026 - INFO - sentinel2.py:78 - 6/45 - S2A_MSIL2A_20250827T092041_R093_T34SFG_20250827T120914 -> REFINED
2025-09-04 19:49:19,452 - INFO - sentinel2.py:78 - 7/45 - S2A_MSIL2A_20250827T092041_R093_T34SEH_20250827T120914 -> REFINED
2025-09-04 19:49:23,806 - INFO - sentinel2.py:78 - 8/45 - S2A_MSIL2A_20250827T092041_R093_T34SEG_20250827T120914 -> REFINED
2025-09-04 19:49:28,334 - INFO - sentinel2.py:78 - 9/45 - S2B_MSIL2A_20250827T090559_R050_T34SFG_20250827T101153 -> REFINED
2025-09-04 19:49:33,776 - INFO - sentinel2.py:78 - 10/45 - S2C_MSIL2A_20250825T092051_R093_T34SFH_20250825T125221 -> REFINED
2025-09-04 19:49:39,159 - INFO - sentinel2.py:78 - 11/45 - S2C_MSIL2A_20250825T092051_R093_T34SFG_20250825T125221 -> REFINED
2025-09-04 19:49:43,408 - INFO - sentinel2.py:78 - 12/45 - S2C_MSIL2A_20250825T092051_R093_T34SEH_20250825T125221 -> REFINED
2025-09-04 19:49:47,757 - INFO - sentinel2.py:78 - 13/45 - S2C_MSIL2A_20250825T092051_R093_T34SEG_20250825T125221 -> REFINED
2025-09-04 19:49:52,405 - INFO - sentinel2.py:78 - 14/45 - S2A_MSIL2A_20250824T091321_R050_T34SFG_20250824T113416 -> REFINED
2025-09-04 19:49:56,700 - INFO - sentinel2.py:78 - 15/45 - S2C_MSIL2A_20250822T090611_R050_T34SFG_20250822T131014 -> REFINED
2025-09-04 19:50:00,896 - INFO - sentinel2.py:78 - 16/45 - S2B_MSIL2A_20250820T092029_R093_T34SFH_20250820T120536 -> REFINED
2025-09-04 19:50:06,007 - INFO - sentinel2.py:78 - 17/45 - S2B_MSIL2A_20250820T092029_R093_T34SFG_20250820T120536 -> REFINED
2025-09-04 19:50:10,485 - INFO - sentinel2.py:78 - 18/45 - S2B_MSIL2A_20250820T092029_R093_T34SEH_20250820T120536 -> REFINED
2025-09-04 19:50:16,007 - INFO - sentinel2.py:78 - 19/45 - S2B_MSIL2A_20250820T092029_R093_T34SEG_20250820T120536 -> REFINED
2025-09-04 19:50:20,776 - INFO - sentinel2.py:78 - 20/45 - S2A_MSIL2A_20250817T092231_R093_T34SFH_20250817T114620 -> REFINED
2025-09-04 19:50:25,902 - INFO - sentinel2.py:78 - 21/45 - S2A_MSIL2A_20250817T092231_R093_T34SFG_20250817T114620 -> REFINED
2025-09-04 19:50:30,282 - INFO - sentinel2.py:78 - 22/45 - S2A_MSIL2A_20250817T092231_R093_T34SEH_20250817T114620 -> REFINED
2025-09-04 19:50:35,688 - INFO - sentinel2.py:78 - 23/45 - S2A_MSIL2A_20250817T092231_R093_T34SEG_20250817T114620 -> REFINED
2025-09-04 19:50:41,081 - INFO - sentinel2.py:78 - 24/45 - S2B_MSIL2A_20250817T090559_R050_T34SFG_20250817T113544 -> REFINED
2025-09-04 19:50:45,322 - INFO - sentinel2.py:78 - 25/45 - S2C_MSIL2A_20250815T092051_R093_T34SFH_20250815T150218 -> REFINED
2025-09-04 19:50:50,218 - INFO - sentinel2.py:78 - 26/45 - S2C_MSIL2A_20250815T092051_R093_T34SFG_20250815T150218 -> REFINED
2025-09-04 19:50:55,808 - INFO - sentinel2.py:78 - 27/45 - S2C_MSIL2A_20250815T092051_R093_T34SEH_20250815T150218 -> REFINED
2025-09-04 19:51:00,868 - INFO - sentinel2.py:78 - 28/45 - S2C_MSIL2A_20250815T092051_R093_T34SEG_20250815T150218 -> REFINED
2025-09-04 19:51:06,009 - INFO - sentinel2.py:78 - 29/45 - S2A_MSIL2A_20250814T091031_R050_T34SFG_20250814T125014 -> REFINED
2025-09-04 19:51:10,248 - INFO - sentinel2.py:78 - 30/45 - S2C_MSIL2A_20250812T090611_R050_T34SFG_20250812T150020 -> REFINED
2025-09-04 19:51:15,205 - INFO - sentinel2.py:78 - 31/45 - S2B_MSIL2A_20250810T092029_R093_T34SFH_20250810T114025 -> REFINED
2025-09-04 19:51:20,596 - INFO - sentinel2.py:78 - 32/45 - S2B_MSIL2A_20250810T092029_R093_T34SFG_20250810T114025 -> REFINED
2025-09-04 19:51:24,896 - INFO - sentinel2.py:78 - 33/45 - S2B_MSIL2A_20250810T092029_R093_T34SEH_20250810T114025 -> REFINED
2025-09-04 19:51:29,853 - INFO - sentinel2.py:78 - 34/45 - S2B_MSIL2A_20250810T092029_R093_T34SEG_20250810T114025 -> REFINED
2025-09-04 19:51:34,248 - INFO - sentinel2.py:78 - 35/45 - S2A_MSIL2A_20250807T092041_R093_T34SFH_20250807T121601 -> REFINED
2025-09-04 19:51:39,373 - INFO - sentinel2.py:78 - 36/45 - S2A_MSIL2A_20250807T092041_R093_T34SFG_20250807T121601 -> REFINED
2025-09-04 19:51:44,808 - INFO - sentinel2.py:78 - 37/45 - S2A_MSIL2A_20250807T092041_R093_T34SEH_20250807T121601 -> REFINED
2025-09-04 19:51:49,583 - INFO - sentinel2.py:78 - 38/45 - S2A_MSIL2A_20250807T092041_R093_T34SEG_20250807T121601 -> REFINED
2025-09-04 19:51:55,081 - INFO - sentinel2.py:78 - 39/45 - S2B_MSIL2A_20250807T090559_R050_T34SFG_20250807T101514 -> REFINED
2025-09-04 19:52:00,241 - INFO - sentinel2.py:78 - 40/45 - S2C_MSIL2A_20250805T092051_R093_T34SFH_20250805T115314 -> REFINED
2025-09-04 19:52:05,248 - INFO - sentinel2.py:78 - 41/45 - S2C_MSIL2A_20250805T092051_R093_T34SFG_20250805T115314 -> REFINED
2025-09-04 19:52:10,913 - INFO - sentinel2.py:78 - 42/45 - S2C_MSIL2A_20250805T092051_R093_T34SEH_20250805T115314 -> REFINED
2025-09-04 19:52:15,554 - INFO - sentinel2.py:78 - 43/45 - S2C_MSIL2A_20250805T092051_R093_T34SEG_20250805T115314 -> REFINED
2025-09-04 19:52:20,475 - INFO - sentinel2.py:78 - 44/45 - S2A_MSIL2A_20250804T091331_R050_T34SFG_20250804T120007 -> REFINED
2025-09-04 19:52:24,724 - INFO - sentinel2.py:78 - 45/45 - S2C_MSIL2A_20250802T090611_R050_T34SFG_20250802T124515 -> REFINED
2025-09-04 19:52:24,763 - INFO - composites.py:250 -                                  
2025-09-04 19:52:24,764 - INFO - composites.py:251 - 45/45 were refined by GRI.
2025-09-04 19:52:24,764 - INFO - composites.py:263 - Looking for up to 8 cleanest images within spatiotemporal range of each MGRS tile
2025-09-04 19:52:24,765 - INFO - composites.py:277 - Filtered cleanest scenes: Kept 32 out of 45 items. 
2025-09-04 19:52:24,765 - INFO - composites.py:278 -         Included MGRS Tiles: ['34SEG' '34SEH' '34SFG' '34SFH']
2025-09-04 19:52:24,766 - INFO - composites.py:279 -         Included EPSG codes: [32634]
2025-09-04 19:52:24,766 - INFO - composites.py:281 - Selected scenes:
2025-09-04 19:52:24,766 - INFO - composites.py:283 -         S2B_MSIL2A_20250810T092029_R093_T34SEG_20250810T114025
2025-09-04 19:52:24,766 - INFO - composites.py:283 -         S2B_MSIL2A_20250830T092029_R093_T34SEG_20250830T113855
2025-09-04 19:52:24,767 - INFO - composites.py:283 -         S2A_MSIL2A_20250807T092041_R093_T34SEG_20250807T121601
2025-09-04 19:52:24,767 - INFO - composites.py:283 -         S2B_MSIL2A_20250820T092029_R093_T34SEG_20250820T120536
2025-09-04 19:52:24,767 - INFO - composites.py:283 -         S2A_MSIL2A_20250817T092231_R093_T34SEG_20250817T114620
2025-09-04 19:52:24,767 - INFO - composites.py:283 -         S2C_MSIL2A_20250805T092051_R093_T34SEG_20250805T115314
2025-09-04 19:52:24,767 - INFO - composites.py:283 -         S2C_MSIL2A_20250815T092051_R093_T34SEG_20250815T150218
2025-09-04 19:52:24,767 - INFO - composites.py:283 -         S2A_MSIL2A_20250827T092041_R093_T34SEG_20250827T120914
2025-09-04 19:52:24,768 - INFO - composites.py:283 -         S2B_MSIL2A_20250810T092029_R093_T34SEH_20250810T114025
2025-09-04 19:52:24,768 - INFO - composites.py:283 -         S2A_MSIL2A_20250827T092041_R093_T34SEH_20250827T120914
2025-09-04 19:52:24,768 - INFO - composites.py:283 -         S2A_MSIL2A_20250807T092041_R093_T34SEH_20250807T121601
2025-09-04 19:52:24,768 - INFO - composites.py:283 -         S2C_MSIL2A_20250815T092051_R093_T34SEH_20250815T150218
2025-09-04 19:52:24,768 - INFO - composites.py:283 -         S2B_MSIL2A_20250820T092029_R093_T34SEH_20250820T120536
2025-09-04 19:52:24,768 - INFO - composites.py:283 -         S2A_MSIL2A_20250817T092231_R093_T34SEH_20250817T114620
2025-09-04 19:52:24,768 - INFO - composites.py:283 -         S2B_MSIL2A_20250830T092029_R093_T34SEH_20250830T113855
2025-09-04 19:52:24,768 - INFO - composites.py:283 -         S2C_MSIL2A_20250825T092051_R093_T34SEH_20250825T125221
2025-09-04 19:52:24,768 - INFO - composites.py:283 -         S2B_MSIL2A_20250830T092029_R093_T34SFG_20250830T113855
2025-09-04 19:52:24,768 - INFO - composites.py:283 -         S2C_MSIL2A_20250822T090611_R050_T34SFG_20250822T131014
2025-09-04 19:52:24,768 - INFO - composites.py:283 -         S2B_MSIL2A_20250810T092029_R093_T34SFG_20250810T114025
2025-09-04 19:52:24,768 - INFO - composites.py:283 -         S2C_MSIL2A_20250812T090611_R050_T34SFG_20250812T150020
2025-09-04 19:52:24,768 - INFO - composites.py:283 -         S2B_MSIL2A_20250807T090559_R050_T34SFG_20250807T101514
2025-09-04 19:52:24,768 - INFO - composites.py:283 -         S2A_MSIL2A_20250804T091331_R050_T34SFG_20250804T120007
2025-09-04 19:52:24,768 - INFO - composites.py:283 -         S2B_MSIL2A_20250817T090559_R050_T34SFG_20250817T113544
2025-09-04 19:52:24,768 - INFO - composites.py:283 -         S2A_MSIL2A_20250814T091031_R050_T34SFG_20250814T125014
2025-09-04 19:52:24,768 - INFO - composites.py:283 -         S2B_MSIL2A_20250830T092029_R093_T34SFH_20250830T113855
2025-09-04 19:52:24,768 - INFO - composites.py:283 -         S2B_MSIL2A_20250810T092029_R093_T34SFH_20250810T114025
2025-09-04 19:52:24,768 - INFO - composites.py:283 -         S2C_MSIL2A_20250825T092051_R093_T34SFH_20250825T125221
2025-09-04 19:52:24,768 - INFO - composites.py:283 -         S2A_MSIL2A_20250827T092041_R093_T34SFH_20250827T120914
2025-09-04 19:52:24,768 - INFO - composites.py:283 -         S2A_MSIL2A_20250817T092231_R093_T34SFH_20250817T114620
2025-09-04 19:52:24,768 - INFO - composites.py:283 -         S2B_MSIL2A_20250820T092029_R093_T34SFH_20250820T120536
2025-09-04 19:52:24,768 - INFO - composites.py:283 -         S2A_MSIL2A_20250807T092041_R093_T34SFH_20250807T121601
2025-09-04 19:52:24,768 - INFO - composites.py:283 -         S2C_MSIL2A_20250805T092051_R093_T34SFH_20250805T115314
2025-09-04 19:52:25,252 - INFO - sentinel2.py:154 - Matplotlib backend: Agg
2025-09-04 19:52:25,545 - INFO - sentinel2.py:224 - Write input scenes footprint overlay: //nas-rs.topo.auth.gr/Latomeia/DROUGHT/composites/x09/y09/2025/08/01/S2L2A_medcomp_x09y09_202508_InDataFootprint.jpeg
2025-09-04 19:52:25,788 - INFO - composites.py:297 -                                  
2025-09-04 19:52:25,788 - INFO - composites.py:298 - Downstream STAC items from Planetary Computer
2025-09-04 19:52:25,788 - INFO - timeseries_processing.py:115 -                                  
2025-09-04 19:52:25,788 - INFO - timeseries_processing.py:116 - Loading bands of diferent resolutions in EPSG:32634
2025-09-04 19:52:25,788 - INFO - timeseries_processing.py:120 -     Filtering items with native UTM EPSG:32634
2025-09-04 19:52:25,788 - INFO - timeseries_processing.py:122 -     32 Items in EPSG:32634
2025-09-04 19:52:25,788 - INFO - timeseries_processing.py:129 -                        
2025-09-04 19:52:25,788 - INFO - timeseries_processing.py:130 -     Loading parameters:
2025-09-04 19:52:25,788 - INFO - timeseries_processing.py:131 -         Bands: ['B05', 'B07', 'B8A', 'SCL']
2025-09-04 19:52:25,788 - INFO - timeseries_processing.py:132 -         Spatial resolution: 20
2025-09-04 19:52:25,788 - INFO - timeseries_processing.py:134 -         Get Assets from STAC Items
2025-09-04 19:52:25,788 - INFO - timeseries_processing.py:47 -         Initialize the STAC client
2025-09-04 19:52:26,460 - INFO - timeseries_processing.py:137 -         Loading 32 STAC Items....
2025-09-04 19:54:21,973 - INFO - timeseries_processing.py:146 -         Cube has been downloaded
2025-09-04 19:54:21,973 - INFO - timeseries_processing.py:156 -         Fix order of dimensions
2025-09-04 19:54:21,976 - INFO - timeseries_processing.py:161 -         Append bands to the band-list of EPSG:32634
2025-09-04 19:54:21,976 - INFO - timeseries_processing.py:129 -                        
2025-09-04 19:54:21,979 - INFO - timeseries_processing.py:130 -     Loading parameters:
2025-09-04 19:54:21,981 - INFO - timeseries_processing.py:131 -         Bands: ['B02', 'B03', 'B04']
2025-09-04 19:54:21,981 - INFO - timeseries_processing.py:132 -         Spatial resolution: 10
2025-09-04 19:54:21,981 - INFO - timeseries_processing.py:134 -         Get Assets from STAC Items
2025-09-04 19:54:21,981 - INFO - timeseries_processing.py:47 -         Initialize the STAC client
2025-09-04 19:54:22,788 - INFO - timeseries_processing.py:137 -         Loading 32 STAC Items....
2025-09-04 19:57:42,137 - INFO - timeseries_processing.py:146 -         Cube has been downloaded
2025-09-04 19:57:42,137 - INFO - timeseries_processing.py:149 -         Reproject to downsample 10m bands to 20m by Resampling.average 2x2 binning and shape matching with odc.geo.GeoBox
2025-09-04 19:58:01,208 - INFO - timeseries_processing.py:161 -         Append bands to the band-list of EPSG:32634
2025-09-04 19:58:01,210 - INFO - timeseries_processing.py:165 -                        
2025-09-04 19:58:01,210 - INFO - timeseries_processing.py:166 -     Merging bands in a single dataset
2025-09-04 19:58:01,210 - INFO - timeseries_processing.py:167 -     Ensure all partial datasets are at (x=20, y=-20) resolution
2025-09-04 19:58:01,211 - INFO - timeseries_processing.py:171 -     Clip to the intersection of indexes
2025-09-04 19:58:02,247 - INFO - timeseries_processing.py:180 -     Make a list of bands to merge
2025-09-04 19:58:02,247 - INFO - timeseries_processing.py:184 -     Merge on intersection
2025-09-04 19:58:02,249 - INFO - timeseries_processing.py:192 -     Apply masks on clouds, shadows, thin cirrus, and snow/ice
2025-09-04 19:58:02,249 - INFO - sentinel2.py:122 -                Masking bits: [3, 7, 8, 9, 10, 11]
2025-09-04 19:58:04,220 - INFO - composites.py:307 - Reproject from UTM Zone to Tile geometry -> CRS(EPSG:32634), Resampling.bilinear
2025-09-04 19:58:14,907 - INFO - composites.py:310 -     New shape of datasets: Shape2d(x=2400, y=2400)
2025-09-04 19:58:15,946 - INFO - composites.py:329 - Scale SR to Sen2Cor Baseline 4.00 - Subtract 1000 in dates post 2022-01-25
2025-09-04 19:58:18,349 - INFO - composites.py:342 - Creating preview plot of input scenes
2025-09-04 19:59:01,695 - INFO - timeseries_processing.py:349 - Saved preview for 'B04' to //nas-rs.topo.auth.gr/Latomeia/DROUGHT/composites/x09/y09/2025/08/01/S2L2A_medcomp_x09y09_202508_InDataPreview.jpeg
2025-09-04 19:59:01,705 - INFO - composites.py:348 - Clip value range
2025-09-04 19:59:04,755 - INFO - composites.py:353 -                           
2025-09-04 19:59:04,755 - INFO - composites.py:354 - Computing spectral indices:
2025-09-04 19:59:04,755 - INFO - composites.py:357 -     EVI...
2025-09-04 19:59:06,560 - INFO - composites.py:359 -     NDVI...
2025-09-04 19:59:07,177 - INFO - composites.py:361 -     PSRI2...
2025-09-04 19:59:07,645 - INFO - composites.py:364 - Clip to typical value range
2025-09-04 19:59:08,198 - INFO - composites.py:371 - Reducing to median value temporal composite
2025-09-04 19:59:38,621 - INFO - composites.py:390 - Scale and Define data types & nodata per band
2025-09-04 19:59:38,785 - INFO - composites.py:411 - Assign time range and tile ID in metadata
2025-09-04 19:59:38,785 - INFO - composites.py:419 - Write bands to raster COG files
2025-09-04 19:59:42,775 - INFO - composites.py:432 - Write B02 -> //nas-rs.topo.auth.gr/Latomeia/DROUGHT/composites/x09/y09/2025/08/01/S2L2A_medcomp_x09y09_202508_B02.tif
2025-09-04 19:59:46,883 - INFO - composites.py:432 - Write B03 -> //nas-rs.topo.auth.gr/Latomeia/DROUGHT/composites/x09/y09/2025/08/01/S2L2A_medcomp_x09y09_202508_B03.tif
2025-09-04 19:59:50,846 - INFO - composites.py:432 - Write B04 -> //nas-rs.topo.auth.gr/Latomeia/DROUGHT/composites/x09/y09/2025/08/01/S2L2A_medcomp_x09y09_202508_B04.tif
2025-09-04 19:59:54,905 - INFO - composites.py:432 - Write B05 -> //nas-rs.topo.auth.gr/Latomeia/DROUGHT/composites/x09/y09/2025/08/01/S2L2A_medcomp_x09y09_202508_B05.tif
2025-09-04 19:59:58,870 - INFO - composites.py:432 - Write B07 -> //nas-rs.topo.auth.gr/Latomeia/DROUGHT/composites/x09/y09/2025/08/01/S2L2A_medcomp_x09y09_202508_B07.tif
2025-09-04 20:00:03,206 - INFO - composites.py:432 - Write B8A -> //nas-rs.topo.auth.gr/Latomeia/DROUGHT/composites/x09/y09/2025/08/01/S2L2A_medcomp_x09y09_202508_B8A.tif
2025-09-04 20:00:07,221 - INFO - composites.py:432 - Write EVI -> //nas-rs.topo.auth.gr/Latomeia/DROUGHT/composites/x09/y09/2025/08/01/S2L2A_medcomp_x09y09_202508_EVI.tif
2025-09-04 20:00:11,269 - INFO - composites.py:432 - Write NDVI -> //nas-rs.topo.auth.gr/Latomeia/DROUGHT/composites/x09/y09/2025/08/01/S2L2A_medcomp_x09y09_202508_NDVI.tif
2025-09-04 20:00:15,402 - INFO - composites.py:432 - Write PSRI2 -> //nas-rs.topo.auth.gr/Latomeia/DROUGHT/composites/x09/y09/2025/08/01/S2L2A_medcomp_x09y09_202508_PSRI2.tif
2025-09-04 20:00:15,403 - INFO - composites.py:436 - Prepare metadata YAML document
2025-09-04 20:00:15,976 - INFO - composites.py:458 - Write metadata YAML document to disk
2025-09-04 20:00:16,037 - INFO - composites.py:463 - Create datacube.model.Dataset from eo3 metadata
2025-09-04 20:00:16,048 - INFO - composites.py:476 - Index to datacube
2025-09-04 20:00:16,048 - INFO - _datasets.py:191 - Indexing 494d31dc-5802-4aad-8994-1e06bab62ac2
2025-09-04 20:00:16,058 - INFO - composites.py:479 - 
2025-09-04 20:00:16,059 - INFO - composites.py:480 -              ✔✔✔ COMPLETED: Tile x09_y09 | Time: 2025-08 | In 11.64 minutes
2025-09-04 20:00:16,059 - INFO - composites.py:481 - 
2025-09-04 20:00:16,059 - INFO - composites.py:489 - Closing Dask client
2025-09-04 20:00:16,060 - INFO - composites.py:493 - Closing Dask cluster
2025-09-04 20:00:16,060 - INFO - composites.py:494 - #######################################################################
