2025-08-31 10:10:20,783 - INFO - composites.py:102 - #######################################################################
2025-08-31 10:10:20,783 - INFO - composites.py:104 - Processing started
2025-08-31 10:10:20,783 - INFO - composites.py:105 -         Tile: x09_y11
2025-08-31 10:10:20,783 - INFO - composites.py:106 -         Time: 2023-06
2025-08-31 10:10:20,783 - INFO - composites.py:109 -                           
2025-08-31 10:10:20,783 - INFO - composites.py:110 - Establishing connection to datacube
2025-08-31 10:10:21,583 - INFO - composites.py:113 -                           
2025-08-31 10:10:21,584 - INFO - composites.py:114 - Sanity test: Check if dataset already exists in the datacube
2025-08-31 10:10:21,609 - INFO - composites.py:133 - The composite requested was not found and it will be computed
2025-08-31 10:10:21,609 - INFO - composites.py:136 -                                  
2025-08-31 10:10:21,609 - INFO - composites.py:137 - Initializing Dask cluster for parallelization
2025-08-31 10:10:27,447 - INFO - composites.py:161 - Dask dashboard is available at: http://127.0.0.1:8787/status
2025-08-31 10:10:27,447 - INFO - composites.py:164 - Create directories and naming conversions
2025-08-31 10:10:27,461 - INFO - composites.py:177 - Dataset location: //nas-rs.topo.auth.gr/Latomeia/DROUGHT/composites/x09/y11/2023/06/01
2025-08-31 10:10:27,461 - INFO - composites.py:180 -                           
2025-08-31 10:10:27,461 - INFO - composites.py:181 - Retrieve tile geometry
2025-08-31 10:10:27,489 - INFO - composites.py:192 - Create the Bounding Box (φ,λ)
2025-08-31 10:10:27,489 - INFO - composites.py:198 - Create the Bounding Box (x,y)
2025-08-31 10:10:27,489 - INFO - composites.py:211 -                           
2025-08-31 10:10:27,489 - INFO - composites.py:212 - Connect to Planetary Computer STAC Catalog
2025-08-31 10:10:27,722 - INFO - composites.py:220 - Search the STAC Catalog
2025-08-31 10:10:27,810 - INFO - composites.py:232 -         Query parameters:
2025-08-31 10:10:27,811 - INFO - composites.py:233 -             url:          https://planetarycomputer.microsoft.com/api/stac/v1/search
2025-08-31 10:10:27,825 - INFO - composites.py:234 -             client:       microsoft-pc
2025-08-31 10:10:27,826 - INFO - composites.py:235 -             collection:   sentinel-2-l2a
2025-08-31 10:10:27,826 - INFO - composites.py:236 -             bbox:         (22.011426495899283, 38.22146676750315, 22.68270270334575, 38.770538011403985)
2025-08-31 10:10:27,827 - INFO - composites.py:237 -             time range:   2023-06-01T00:00:00Z/2023-06-30T23:59:59Z
2025-08-31 10:10:27,827 - INFO - composites.py:238 -             cloud cover:  0% - 70%
2025-08-31 10:10:27,827 - INFO - composites.py:239 -             nodata cover: 0% - 33%
2025-08-31 10:10:27,827 - INFO - composites.py:241 -                           
2025-08-31 10:10:27,827 - INFO - composites.py:242 - Searching...
2025-08-31 10:10:28,360 - INFO - composites.py:245 - Query found 32 items
2025-08-31 10:10:28,361 - INFO - composites.py:247 - Searching for GRI REFINED scenes:
2025-08-31 10:10:34,976 - INFO - sentinel2.py:78 - 1/32 - S2A_MSIL2A_20230627T092031_R093_T34SFJ_20241009T222145 -> REFINED
2025-08-31 10:10:39,567 - INFO - sentinel2.py:78 - 2/32 - S2A_MSIL2A_20230627T092031_R093_T34SFJ_20230627T183208 -> REFINED
2025-08-31 10:10:44,335 - INFO - sentinel2.py:78 - 3/32 - S2A_MSIL2A_20230627T092031_R093_T34SFH_20241009T222145 -> REFINED
2025-08-31 10:10:48,758 - INFO - sentinel2.py:78 - 4/32 - S2A_MSIL2A_20230627T092031_R093_T34SFH_20230627T183304 -> REFINED
2025-08-31 10:10:55,355 - INFO - sentinel2.py:78 - 5/32 - S2A_MSIL2A_20230627T092031_R093_T34SEJ_20241009T222145 -> REFINED
2025-08-31 10:10:59,834 - INFO - sentinel2.py:78 - 6/32 - S2A_MSIL2A_20230627T092031_R093_T34SEJ_20230627T183604 -> REFINED
2025-08-31 10:11:04,959 - INFO - sentinel2.py:78 - 7/32 - S2A_MSIL2A_20230627T092031_R093_T34SEH_20241009T222145 -> REFINED
2025-08-31 10:11:09,722 - INFO - sentinel2.py:78 - 8/32 - S2A_MSIL2A_20230627T092031_R093_T34SEH_20230627T183223 -> REFINED
2025-08-31 10:11:14,613 - INFO - sentinel2.py:78 - 9/32 - S2B_MSIL2A_20230622T091559_R093_T34SFJ_20230622T174100 -> REFINED
2025-08-31 10:11:19,627 - INFO - sentinel2.py:78 - 10/32 - S2B_MSIL2A_20230622T091559_R093_T34SFH_20230622T174358 -> REFINED
2025-08-31 10:11:24,868 - INFO - sentinel2.py:78 - 11/32 - S2B_MSIL2A_20230622T091559_R093_T34SEJ_20230622T174359 -> REFINED
2025-08-31 10:11:30,225 - INFO - sentinel2.py:78 - 12/32 - S2B_MSIL2A_20230622T091559_R093_T34SEH_20230622T174059 -> REFINED
2025-08-31 10:11:36,466 - INFO - sentinel2.py:78 - 13/32 - S2A_MSIL2A_20230617T092031_R093_T34SEH_20240926T233927 -> REFINED
2025-08-31 10:11:41,848 - INFO - sentinel2.py:78 - 14/32 - S2A_MSIL2A_20230617T092031_R093_T34SEH_20230617T173712 -> REFINED
2025-08-31 10:11:46,806 - INFO - sentinel2.py:78 - 15/32 - S2B_MSIL2A_20230612T091559_R093_T34SFJ_20240911T011934 -> REFINED
2025-08-31 10:11:51,616 - INFO - sentinel2.py:78 - 16/32 - S2B_MSIL2A_20230612T091559_R093_T34SFJ_20230612T134208 -> REFINED
2025-08-31 10:11:57,692 - INFO - sentinel2.py:78 - 17/32 - S2B_MSIL2A_20230612T091559_R093_T34SFH_20240911T011934 -> REFINED
2025-08-31 10:12:02,151 - INFO - sentinel2.py:78 - 18/32 - S2B_MSIL2A_20230612T091559_R093_T34SFH_20230612T133127 -> REFINED
2025-08-31 10:12:07,240 - INFO - sentinel2.py:78 - 19/32 - S2B_MSIL2A_20230612T091559_R093_T34SEJ_20240911T011934 -> REFINED
2025-08-31 10:12:12,220 - INFO - sentinel2.py:78 - 20/32 - S2B_MSIL2A_20230612T091559_R093_T34SEJ_20230612T133426 -> REFINED
2025-08-31 10:12:16,619 - INFO - sentinel2.py:78 - 21/32 - S2B_MSIL2A_20230612T091559_R093_T34SEH_20240911T011934 -> REFINED
2025-08-31 10:12:21,239 - INFO - sentinel2.py:78 - 22/32 - S2B_MSIL2A_20230612T091559_R093_T34SEH_20230612T134200 -> REFINED
2025-08-31 10:12:26,703 - INFO - sentinel2.py:78 - 23/32 - S2A_MSIL2A_20230607T092031_R093_T34SFJ_20241012T113430 -> REFINED
2025-08-31 10:12:31,116 - INFO - sentinel2.py:78 - 24/32 - S2A_MSIL2A_20230607T092031_R093_T34SFJ_20230607T153548 -> REFINED
2025-08-31 10:12:36,246 - INFO - sentinel2.py:78 - 25/32 - S2A_MSIL2A_20230607T092031_R093_T34SEJ_20241012T113430 -> REFINED
2025-08-31 10:12:41,609 - INFO - sentinel2.py:78 - 26/32 - S2A_MSIL2A_20230607T092031_R093_T34SEJ_20230607T153731 -> REFINED
2025-08-31 10:12:46,114 - INFO - sentinel2.py:78 - 27/32 - S2B_MSIL2A_20230602T091559_R093_T34SFJ_20240911T003315 -> REFINED
2025-08-31 10:12:51,413 - INFO - sentinel2.py:78 - 28/32 - S2B_MSIL2A_20230602T091559_R093_T34SFJ_20230602T133552 -> REFINED
2025-08-31 10:12:56,360 - INFO - sentinel2.py:78 - 29/32 - S2B_MSIL2A_20230602T091559_R093_T34SEJ_20240911T003315 -> REFINED
2025-08-31 10:13:00,834 - INFO - sentinel2.py:78 - 30/32 - S2B_MSIL2A_20230602T091559_R093_T34SEJ_20230602T133143 -> REFINED
2025-08-31 10:13:05,687 - INFO - sentinel2.py:78 - 31/32 - S2B_MSIL2A_20230602T091559_R093_T34SEH_20240911T003315 -> REFINED
2025-08-31 10:13:10,682 - INFO - sentinel2.py:78 - 32/32 - S2B_MSIL2A_20230602T091559_R093_T34SEH_20230602T134322 -> REFINED
2025-08-31 10:13:10,732 - INFO - composites.py:250 -                                  
2025-08-31 10:13:10,732 - INFO - composites.py:251 - 32/32 were refined by GRI.
2025-08-31 10:13:10,732 - INFO - composites.py:263 - Looking for up to 10 cleanest images within spatiotemporal range of each MGRS tile
2025-08-31 10:13:10,733 - INFO - composites.py:277 - Filtered cleanest scenes: Kept 32 out of 32 items. 
2025-08-31 10:13:10,733 - INFO - composites.py:278 -         Included MGRS Tiles: ['34SEH' '34SEJ' '34SFH' '34SFJ']
2025-08-31 10:13:10,734 - INFO - composites.py:279 -         Included EPSG codes: [32634]
2025-08-31 10:13:10,734 - INFO - composites.py:281 - Selected scenes:
2025-08-31 10:13:10,734 - INFO - composites.py:283 -         S2B_MSIL2A_20230622T091559_R093_T34SEH_20230622T174059
2025-08-31 10:13:10,734 - INFO - composites.py:283 -         S2A_MSIL2A_20230627T092031_R093_T34SEH_20241009T222145
2025-08-31 10:13:10,734 - INFO - composites.py:283 -         S2A_MSIL2A_20230627T092031_R093_T34SEH_20230627T183223
2025-08-31 10:13:10,735 - INFO - composites.py:283 -         S2B_MSIL2A_20230602T091559_R093_T34SEH_20240911T003315
2025-08-31 10:13:10,740 - INFO - composites.py:283 -         S2B_MSIL2A_20230602T091559_R093_T34SEH_20230602T134322
2025-08-31 10:13:10,740 - INFO - composites.py:283 -         S2B_MSIL2A_20230612T091559_R093_T34SEH_20240911T011934
2025-08-31 10:13:10,740 - INFO - composites.py:283 -         S2B_MSIL2A_20230612T091559_R093_T34SEH_20230612T134200
2025-08-31 10:13:10,740 - INFO - composites.py:283 -         S2A_MSIL2A_20230617T092031_R093_T34SEH_20230617T173712
2025-08-31 10:13:10,742 - INFO - composites.py:283 -         S2A_MSIL2A_20230617T092031_R093_T34SEH_20240926T233927
2025-08-31 10:13:10,742 - INFO - composites.py:283 -         S2B_MSIL2A_20230622T091559_R093_T34SEJ_20230622T174359
2025-08-31 10:13:10,742 - INFO - composites.py:283 -         S2A_MSIL2A_20230627T092031_R093_T34SEJ_20241009T222145
2025-08-31 10:13:10,742 - INFO - composites.py:283 -         S2A_MSIL2A_20230627T092031_R093_T34SEJ_20230627T183604
2025-08-31 10:13:10,742 - INFO - composites.py:283 -         S2B_MSIL2A_20230612T091559_R093_T34SEJ_20240911T011934
2025-08-31 10:13:10,742 - INFO - composites.py:283 -         S2B_MSIL2A_20230612T091559_R093_T34SEJ_20230612T133426
2025-08-31 10:13:10,742 - INFO - composites.py:283 -         S2B_MSIL2A_20230602T091559_R093_T34SEJ_20230602T133143
2025-08-31 10:13:10,742 - INFO - composites.py:283 -         S2B_MSIL2A_20230602T091559_R093_T34SEJ_20240911T003315
2025-08-31 10:13:10,742 - INFO - composites.py:283 -         S2A_MSIL2A_20230607T092031_R093_T34SEJ_20230607T153731
2025-08-31 10:13:10,742 - INFO - composites.py:283 -         S2A_MSIL2A_20230607T092031_R093_T34SEJ_20241012T113430
2025-08-31 10:13:10,742 - INFO - composites.py:283 -         S2B_MSIL2A_20230622T091559_R093_T34SFH_20230622T174358
2025-08-31 10:13:10,742 - INFO - composites.py:283 -         S2A_MSIL2A_20230627T092031_R093_T34SFH_20241009T222145
2025-08-31 10:13:10,742 - INFO - composites.py:283 -         S2A_MSIL2A_20230627T092031_R093_T34SFH_20230627T183304
2025-08-31 10:13:10,742 - INFO - composites.py:283 -         S2B_MSIL2A_20230612T091559_R093_T34SFH_20240911T011934
2025-08-31 10:13:10,742 - INFO - composites.py:283 -         S2B_MSIL2A_20230612T091559_R093_T34SFH_20230612T133127
2025-08-31 10:13:10,742 - INFO - composites.py:283 -         S2B_MSIL2A_20230622T091559_R093_T34SFJ_20230622T174100
2025-08-31 10:13:10,742 - INFO - composites.py:283 -         S2A_MSIL2A_20230627T092031_R093_T34SFJ_20241009T222145
2025-08-31 10:13:10,742 - INFO - composites.py:283 -         S2A_MSIL2A_20230627T092031_R093_T34SFJ_20230627T183208
2025-08-31 10:13:10,743 - INFO - composites.py:283 -         S2A_MSIL2A_20230607T092031_R093_T34SFJ_20230607T153548
2025-08-31 10:13:10,743 - INFO - composites.py:283 -         S2A_MSIL2A_20230607T092031_R093_T34SFJ_20241012T113430
2025-08-31 10:13:10,743 - INFO - composites.py:283 -         S2B_MSIL2A_20230612T091559_R093_T34SFJ_20240911T011934
2025-08-31 10:13:10,743 - INFO - composites.py:283 -         S2B_MSIL2A_20230612T091559_R093_T34SFJ_20230612T134208
2025-08-31 10:13:10,743 - INFO - composites.py:283 -         S2B_MSIL2A_20230602T091559_R093_T34SFJ_20230602T133552
2025-08-31 10:13:10,743 - INFO - composites.py:283 -         S2B_MSIL2A_20230602T091559_R093_T34SFJ_20240911T003315
2025-08-31 10:13:11,291 - INFO - sentinel2.py:154 - Matplotlib backend: Agg
2025-08-31 10:13:11,621 - INFO - sentinel2.py:224 - Write input scenes footprint overlay: //nas-rs.topo.auth.gr/Latomeia/DROUGHT/composites/x09/y11/2023/06/01/S2L2A_medcomp_x09y11_202306_InDataFootprint.jpeg
2025-08-31 10:13:11,969 - INFO - composites.py:297 -                                  
2025-08-31 10:13:11,969 - INFO - composites.py:298 - Downstream STAC items from Planetary Computer
2025-08-31 10:13:11,969 - INFO - timeseries_processing.py:115 -                                  
2025-08-31 10:13:11,969 - INFO - timeseries_processing.py:116 - Loading bands of diferent resolutions in EPSG:32634
2025-08-31 10:13:11,969 - INFO - timeseries_processing.py:120 -     Filtering items with native UTM EPSG:32634
2025-08-31 10:13:11,969 - INFO - timeseries_processing.py:122 -     32 Items in EPSG:32634
2025-08-31 10:13:11,969 - INFO - timeseries_processing.py:129 -                        
2025-08-31 10:13:11,969 - INFO - timeseries_processing.py:130 -     Loading parameters:
2025-08-31 10:13:11,969 - INFO - timeseries_processing.py:131 -         Bands: ['B05', 'B07', 'B8A', 'SCL']
2025-08-31 10:13:11,969 - INFO - timeseries_processing.py:132 -         Spatial resolution: 20
2025-08-31 10:13:11,969 - INFO - timeseries_processing.py:134 -         Get Assets from STAC Items
2025-08-31 10:13:11,969 - INFO - timeseries_processing.py:47 -         Initialize the STAC client
2025-08-31 10:13:12,659 - INFO - timeseries_processing.py:137 -         Loading 32 STAC Items....
2025-08-31 10:15:01,033 - INFO - timeseries_processing.py:146 -         Cube has been downloaded
2025-08-31 10:15:01,033 - INFO - timeseries_processing.py:156 -         Fix order of dimensions
2025-08-31 10:15:01,034 - INFO - timeseries_processing.py:161 -         Append bands to the band-list of EPSG:32634
2025-08-31 10:15:01,034 - INFO - timeseries_processing.py:129 -                        
2025-08-31 10:15:01,035 - INFO - timeseries_processing.py:130 -     Loading parameters:
2025-08-31 10:15:01,035 - INFO - timeseries_processing.py:131 -         Bands: ['B02', 'B03', 'B04']
2025-08-31 10:15:01,035 - INFO - timeseries_processing.py:132 -         Spatial resolution: 10
2025-08-31 10:15:01,035 - INFO - timeseries_processing.py:134 -         Get Assets from STAC Items
2025-08-31 10:15:01,035 - INFO - timeseries_processing.py:47 -         Initialize the STAC client
2025-08-31 10:15:01,826 - INFO - timeseries_processing.py:137 -         Loading 32 STAC Items....
2025-08-31 10:17:27,415 - INFO - timeseries_processing.py:146 -         Cube has been downloaded
2025-08-31 10:17:27,416 - INFO - timeseries_processing.py:149 -         Reproject to downsample 10m bands to 20m by Resampling.average 2x2 binning and shape matching with odc.geo.GeoBox
2025-08-31 10:17:37,144 - INFO - timeseries_processing.py:161 -         Append bands to the band-list of EPSG:32634
2025-08-31 10:17:37,144 - INFO - timeseries_processing.py:165 -                        
2025-08-31 10:17:37,144 - INFO - timeseries_processing.py:166 -     Merging bands in a single dataset
2025-08-31 10:17:37,144 - INFO - timeseries_processing.py:167 -     Ensure all partial datasets are at (x=20, y=-20) resolution
2025-08-31 10:17:37,145 - INFO - timeseries_processing.py:171 -     Clip to the intersection of indexes
2025-08-31 10:17:38,217 - INFO - timeseries_processing.py:180 -     Make a list of bands to merge
2025-08-31 10:17:38,218 - INFO - timeseries_processing.py:184 -     Merge on intersection
2025-08-31 10:17:38,227 - INFO - timeseries_processing.py:192 -     Apply masks on clouds, shadows, thin cirrus, and snow/ice
2025-08-31 10:17:38,228 - INFO - sentinel2.py:122 -                Masking bits: [3, 7, 8, 9, 10, 11]
2025-08-31 10:17:39,055 - INFO - composites.py:307 - Reproject from UTM Zone to Tile geometry -> CRS(EPSG:32634), Resampling.bilinear
2025-08-31 10:17:43,390 - INFO - composites.py:310 -     New shape of datasets: Shape2d(x=2400, y=2400)
2025-08-31 10:17:44,017 - INFO - composites.py:329 - Scale SR to Sen2Cor Baseline 4.00 - Subtract 1000 in dates post 2022-01-25
2025-08-31 10:17:45,093 - INFO - composites.py:342 - Creating preview plot of input scenes
2025-08-31 10:18:11,701 - INFO - timeseries_processing.py:349 - Saved preview for 'B04' to //nas-rs.topo.auth.gr/Latomeia/DROUGHT/composites/x09/y11/2023/06/01/S2L2A_medcomp_x09y11_202306_InDataPreview.jpeg
2025-08-31 10:18:11,706 - INFO - composites.py:348 - Clip value range
2025-08-31 10:18:12,959 - INFO - composites.py:353 -                           
2025-08-31 10:18:12,959 - INFO - composites.py:354 - Computing spectral indices:
2025-08-31 10:18:12,960 - INFO - composites.py:357 -     EVI...
2025-08-31 10:18:13,694 - INFO - composites.py:359 -     NDVI...
2025-08-31 10:18:13,935 - INFO - composites.py:361 -     PSRI2...
2025-08-31 10:18:14,117 - INFO - composites.py:364 - Clip to typical value range
2025-08-31 10:18:14,351 - INFO - composites.py:371 - Reducing to median value temporal composite
2025-08-31 10:18:40,118 - INFO - composites.py:390 - Scale and Define data types & nodata per band
2025-08-31 10:18:40,246 - INFO - composites.py:411 - Assign time range and tile ID in metadata
2025-08-31 10:18:40,246 - INFO - composites.py:419 - Write bands to raster COG files
2025-08-31 10:18:44,320 - INFO - composites.py:432 - Write B02 -> //nas-rs.topo.auth.gr/Latomeia/DROUGHT/composites/x09/y11/2023/06/01/S2L2A_medcomp_x09y11_202306_B02.tif
2025-08-31 10:18:48,336 - INFO - composites.py:432 - Write B03 -> //nas-rs.topo.auth.gr/Latomeia/DROUGHT/composites/x09/y11/2023/06/01/S2L2A_medcomp_x09y11_202306_B03.tif
2025-08-31 10:18:52,250 - INFO - composites.py:432 - Write B04 -> //nas-rs.topo.auth.gr/Latomeia/DROUGHT/composites/x09/y11/2023/06/01/S2L2A_medcomp_x09y11_202306_B04.tif
2025-08-31 10:18:56,363 - INFO - composites.py:432 - Write B05 -> //nas-rs.topo.auth.gr/Latomeia/DROUGHT/composites/x09/y11/2023/06/01/S2L2A_medcomp_x09y11_202306_B05.tif
2025-08-31 10:19:00,414 - INFO - composites.py:432 - Write B07 -> //nas-rs.topo.auth.gr/Latomeia/DROUGHT/composites/x09/y11/2023/06/01/S2L2A_medcomp_x09y11_202306_B07.tif
2025-08-31 10:19:04,725 - INFO - composites.py:432 - Write B8A -> //nas-rs.topo.auth.gr/Latomeia/DROUGHT/composites/x09/y11/2023/06/01/S2L2A_medcomp_x09y11_202306_B8A.tif
2025-08-31 10:19:08,602 - INFO - composites.py:432 - Write EVI -> //nas-rs.topo.auth.gr/Latomeia/DROUGHT/composites/x09/y11/2023/06/01/S2L2A_medcomp_x09y11_202306_EVI.tif
2025-08-31 10:19:12,646 - INFO - composites.py:432 - Write NDVI -> //nas-rs.topo.auth.gr/Latomeia/DROUGHT/composites/x09/y11/2023/06/01/S2L2A_medcomp_x09y11_202306_NDVI.tif
2025-08-31 10:19:17,228 - INFO - composites.py:432 - Write PSRI2 -> //nas-rs.topo.auth.gr/Latomeia/DROUGHT/composites/x09/y11/2023/06/01/S2L2A_medcomp_x09y11_202306_PSRI2.tif
2025-08-31 10:19:17,228 - INFO - composites.py:436 - Prepare metadata YAML document
2025-08-31 10:19:17,755 - INFO - composites.py:458 - Write metadata YAML document to disk
2025-08-31 10:19:17,816 - INFO - composites.py:463 - Create datacube.model.Dataset from eo3 metadata
2025-08-31 10:19:17,826 - INFO - composites.py:476 - Index to datacube
2025-08-31 10:19:17,826 - INFO - _datasets.py:191 - Indexing b4d504e2-a01a-4efd-85b6-40b34c988039
2025-08-31 10:19:17,835 - INFO - composites.py:479 - 
2025-08-31 10:19:17,835 - INFO - composites.py:480 -              ✔✔✔ COMPLETED: Tile x09_y11 | Time: 2023-06 | In 8.95 minutes
2025-08-31 10:19:17,835 - INFO - composites.py:481 - 
2025-08-31 10:19:17,835 - INFO - composites.py:489 - Closing Dask client
2025-08-31 10:19:17,843 - INFO - composites.py:493 - Closing Dask cluster
2025-08-31 10:19:17,843 - INFO - composites.py:494 - #######################################################################
