2025-08-30 14:46:33,459 - INFO - composites.py:102 - #######################################################################
2025-08-30 14:46:33,459 - INFO - composites.py:104 - Processing started
2025-08-30 14:46:33,459 - INFO - composites.py:105 -         Tile: x10_y11
2025-08-30 14:46:33,459 - INFO - composites.py:106 -         Time: 2022-11
2025-08-30 14:46:33,459 - INFO - composites.py:109 -                           
2025-08-30 14:46:33,459 - INFO - composites.py:110 - Establishing connection to datacube
2025-08-30 14:46:33,977 - INFO - composites.py:113 -                           
2025-08-30 14:46:33,979 - INFO - composites.py:114 - Sanity test: Check if dataset already exists in the datacube
2025-08-30 14:46:33,997 - INFO - composites.py:133 - The composite requested was not found and it will be computed
2025-08-30 14:46:33,998 - INFO - composites.py:136 -                                  
2025-08-30 14:46:33,998 - INFO - composites.py:137 - Initializing Dask cluster for parallelization
2025-08-30 14:46:39,028 - INFO - composites.py:161 - Dask dashboard is available at: http://127.0.0.1:8787/status
2025-08-30 14:46:39,028 - INFO - composites.py:164 - Create directories and naming conversions
2025-08-30 14:46:39,040 - INFO - composites.py:177 - Dataset location: //nas-rs.topo.auth.gr/Latomeia/DROUGHT/composites/x10/y11/2022/11/01
2025-08-30 14:46:39,041 - INFO - composites.py:180 -                           
2025-08-30 14:46:39,041 - INFO - composites.py:181 - Retrieve tile geometry
2025-08-30 14:46:39,069 - INFO - composites.py:192 - Create the Bounding Box (φ,λ)
2025-08-30 14:46:39,069 - INFO - composites.py:198 - Create the Bounding Box (x,y)
2025-08-30 14:46:39,070 - INFO - composites.py:211 -                           
2025-08-30 14:46:39,070 - INFO - composites.py:212 - Connect to Planetary Computer STAC Catalog
2025-08-30 14:46:39,284 - INFO - composites.py:220 - Search the STAC Catalog
2025-08-30 14:46:39,353 - INFO - composites.py:232 -         Query parameters:
2025-08-30 14:46:39,353 - INFO - composites.py:233 -             url:          https://planetarycomputer.microsoft.com/api/stac/v1/search
2025-08-30 14:46:39,353 - INFO - composites.py:234 -             client:       microsoft-pc
2025-08-30 14:46:39,353 - INFO - composites.py:235 -             collection:   sentinel-2-l2a
2025-08-30 14:46:39,353 - INFO - composites.py:236 -             bbox:         (22.551446150749733, 38.14853968883684, 23.225034627134395, 38.70012671670289)
2025-08-30 14:46:39,353 - INFO - composites.py:237 -             time range:   2022-11-01T00:00:00Z/2022-11-30T23:59:59Z
2025-08-30 14:46:39,353 - INFO - composites.py:238 -             cloud cover:  0% - 70%
2025-08-30 14:46:39,353 - INFO - composites.py:239 -             nodata cover: 0% - 33%
2025-08-30 14:46:39,353 - INFO - composites.py:241 -                           
2025-08-30 14:46:39,353 - INFO - composites.py:242 - Searching...
2025-08-30 14:46:39,721 - INFO - composites.py:245 - Query found 4 items
2025-08-30 14:46:39,721 - INFO - composites.py:247 - Searching for GRI REFINED scenes:
2025-08-30 14:46:44,517 - INFO - sentinel2.py:78 - 1/4 - S2B_MSIL2A_20221124T092219_R093_T34SFH_20221125T124650 -> REFINED
2025-08-30 14:46:48,435 - INFO - sentinel2.py:78 - 2/4 - S2B_MSIL2A_20221114T092139_R093_T34SFH_20221115T022112 -> REFINED
2025-08-30 14:46:52,719 - INFO - sentinel2.py:78 - 3/4 - S2A_MSIL2A_20221109T092211_R093_T34SFH_20221110T004543 -> REFINED
2025-08-30 14:46:57,167 - INFO - sentinel2.py:78 - 4/4 - S2B_MSIL2A_20221104T092049_R093_T34SFH_20221104T223054 -> REFINED
2025-08-30 14:46:57,197 - INFO - composites.py:250 -                                  
2025-08-30 14:46:57,197 - INFO - composites.py:251 - 4/4 were refined by GRI.
2025-08-30 14:46:57,198 - INFO - composites.py:263 - Looking for up to 10 cleanest images within spatiotemporal range of each MGRS tile
2025-08-30 14:46:57,198 - INFO - composites.py:277 - Filtered cleanest scenes: Kept 4 out of 4 items. 
2025-08-30 14:46:57,198 - INFO - composites.py:278 -         Included MGRS Tiles: ['34SFH']
2025-08-30 14:46:57,199 - INFO - composites.py:279 -         Included EPSG codes: [32634]
2025-08-30 14:46:57,199 - INFO - composites.py:281 - Selected scenes:
2025-08-30 14:46:57,199 - INFO - composites.py:283 -         S2B_MSIL2A_20221104T092049_R093_T34SFH_20221104T223054
2025-08-30 14:46:57,199 - INFO - composites.py:283 -         S2B_MSIL2A_20221124T092219_R093_T34SFH_20221125T124650
2025-08-30 14:46:57,199 - INFO - composites.py:283 -         S2A_MSIL2A_20221109T092211_R093_T34SFH_20221110T004543
2025-08-30 14:46:57,200 - INFO - composites.py:283 -         S2B_MSIL2A_20221114T092139_R093_T34SFH_20221115T022112
2025-08-30 14:46:57,592 - INFO - sentinel2.py:154 - Matplotlib backend: Agg
2025-08-30 14:46:57,710 - INFO - sentinel2.py:224 - Write input scenes footprint overlay: //nas-rs.topo.auth.gr/Latomeia/DROUGHT/composites/x10/y11/2022/11/01/S2L2A_medcomp_x10y11_202211_InDataFootprint.jpeg
2025-08-30 14:46:57,899 - INFO - composites.py:297 -                                  
2025-08-30 14:46:57,899 - INFO - composites.py:298 - Downstream STAC items from Planetary Computer
2025-08-30 14:46:57,899 - INFO - timeseries_processing.py:115 -                                  
2025-08-30 14:46:57,899 - INFO - timeseries_processing.py:116 - Loading bands of diferent resolutions in EPSG:32634
2025-08-30 14:46:57,899 - INFO - timeseries_processing.py:120 -     Filtering items with native UTM EPSG:32634
2025-08-30 14:46:57,899 - INFO - timeseries_processing.py:122 -     4 Items in EPSG:32634
2025-08-30 14:46:57,899 - INFO - timeseries_processing.py:129 -                        
2025-08-30 14:46:57,899 - INFO - timeseries_processing.py:130 -     Loading parameters:
2025-08-30 14:46:57,899 - INFO - timeseries_processing.py:131 -         Bands: ['B05', 'B07', 'B8A', 'SCL']
2025-08-30 14:46:57,899 - INFO - timeseries_processing.py:132 -         Spatial resolution: 20
2025-08-30 14:46:57,899 - INFO - timeseries_processing.py:134 -         Get Assets from STAC Items
2025-08-30 14:46:57,899 - INFO - timeseries_processing.py:47 -         Initialize the STAC client
2025-08-30 14:46:58,381 - INFO - timeseries_processing.py:137 -         Loading 4 STAC Items....
2025-08-30 14:47:25,674 - INFO - timeseries_processing.py:146 -         Cube has been downloaded
2025-08-30 14:47:25,674 - INFO - timeseries_processing.py:156 -         Fix order of dimensions
2025-08-30 14:47:25,676 - INFO - timeseries_processing.py:161 -         Append bands to the band-list of EPSG:32634
2025-08-30 14:47:25,677 - INFO - timeseries_processing.py:129 -                        
2025-08-30 14:47:25,677 - INFO - timeseries_processing.py:130 -     Loading parameters:
2025-08-30 14:47:25,677 - INFO - timeseries_processing.py:131 -         Bands: ['B02', 'B03', 'B04']
2025-08-30 14:47:25,677 - INFO - timeseries_processing.py:132 -         Spatial resolution: 10
2025-08-30 14:47:25,677 - INFO - timeseries_processing.py:134 -         Get Assets from STAC Items
2025-08-30 14:47:25,677 - INFO - timeseries_processing.py:47 -         Initialize the STAC client
2025-08-30 14:47:26,179 - INFO - timeseries_processing.py:137 -         Loading 4 STAC Items....
2025-08-30 14:48:33,643 - INFO - timeseries_processing.py:146 -         Cube has been downloaded
2025-08-30 14:48:33,643 - INFO - timeseries_processing.py:149 -         Reproject to downsample 10m bands to 20m by Resampling.average 2x2 binning and shape matching with odc.geo.GeoBox
2025-08-30 14:48:40,100 - INFO - timeseries_processing.py:161 -         Append bands to the band-list of EPSG:32634
2025-08-30 14:48:40,100 - INFO - timeseries_processing.py:165 -                        
2025-08-30 14:48:40,100 - INFO - timeseries_processing.py:166 -     Merging bands in a single dataset
2025-08-30 14:48:40,100 - INFO - timeseries_processing.py:167 -     Ensure all partial datasets are at (x=20, y=-20) resolution
2025-08-30 14:48:40,101 - INFO - timeseries_processing.py:171 -     Clip to the intersection of indexes
2025-08-30 14:48:41,114 - INFO - timeseries_processing.py:180 -     Make a list of bands to merge
2025-08-30 14:48:41,114 - INFO - timeseries_processing.py:184 -     Merge on intersection
2025-08-30 14:48:41,116 - INFO - timeseries_processing.py:192 -     Apply masks on clouds, shadows, thin cirrus, and snow/ice
2025-08-30 14:48:41,116 - INFO - sentinel2.py:122 -                Masking bits: [3, 7, 8, 9, 10, 11]
2025-08-30 14:48:41,602 - INFO - composites.py:307 - Reproject from UTM Zone to Tile geometry -> CRS(EPSG:32634), Resampling.bilinear
2025-08-30 14:48:44,305 - INFO - composites.py:310 -     New shape of datasets: Shape2d(x=2400, y=2400)
2025-08-30 14:48:45,080 - INFO - composites.py:329 - Scale SR to Sen2Cor Baseline 4.00 - Subtract 1000 in dates post 2022-01-25
2025-08-30 14:48:45,823 - INFO - composites.py:342 - Creating preview plot of input scenes
2025-08-30 14:49:06,591 - INFO - timeseries_processing.py:349 - Saved preview for 'B04' to //nas-rs.topo.auth.gr/Latomeia/DROUGHT/composites/x10/y11/2022/11/01/S2L2A_medcomp_x10y11_202211_InDataPreview.jpeg
2025-08-30 14:49:06,594 - INFO - composites.py:348 - Clip value range
2025-08-30 14:49:07,390 - INFO - composites.py:353 -                           
2025-08-30 14:49:07,390 - INFO - composites.py:354 - Computing spectral indices:
2025-08-30 14:49:07,390 - INFO - composites.py:357 -     EVI...
2025-08-30 14:49:07,902 - INFO - composites.py:359 -     NDVI...
2025-08-30 14:49:08,103 - INFO - composites.py:361 -     PSRI2...
2025-08-30 14:49:08,209 - INFO - composites.py:364 - Clip to typical value range
2025-08-30 14:49:08,349 - INFO - composites.py:371 - Reducing to median value temporal composite
2025-08-30 14:49:37,200 - INFO - composites.py:390 - Scale and Define data types & nodata per band
2025-08-30 14:49:37,302 - INFO - composites.py:411 - Assign time range and tile ID in metadata
2025-08-30 14:49:37,302 - INFO - composites.py:419 - Write bands to raster COG files
2025-08-30 14:49:41,212 - INFO - composites.py:432 - Write B02 -> //nas-rs.topo.auth.gr/Latomeia/DROUGHT/composites/x10/y11/2022/11/01/S2L2A_medcomp_x10y11_202211_B02.tif
2025-08-30 14:49:45,051 - INFO - composites.py:432 - Write B03 -> //nas-rs.topo.auth.gr/Latomeia/DROUGHT/composites/x10/y11/2022/11/01/S2L2A_medcomp_x10y11_202211_B03.tif
2025-08-30 14:49:48,920 - INFO - composites.py:432 - Write B04 -> //nas-rs.topo.auth.gr/Latomeia/DROUGHT/composites/x10/y11/2022/11/01/S2L2A_medcomp_x10y11_202211_B04.tif
2025-08-30 14:49:52,860 - INFO - composites.py:432 - Write B05 -> //nas-rs.topo.auth.gr/Latomeia/DROUGHT/composites/x10/y11/2022/11/01/S2L2A_medcomp_x10y11_202211_B05.tif
2025-08-30 14:49:56,758 - INFO - composites.py:432 - Write B07 -> //nas-rs.topo.auth.gr/Latomeia/DROUGHT/composites/x10/y11/2022/11/01/S2L2A_medcomp_x10y11_202211_B07.tif
2025-08-30 14:50:00,721 - INFO - composites.py:432 - Write B8A -> //nas-rs.topo.auth.gr/Latomeia/DROUGHT/composites/x10/y11/2022/11/01/S2L2A_medcomp_x10y11_202211_B8A.tif
2025-08-30 14:50:04,506 - INFO - composites.py:432 - Write EVI -> //nas-rs.topo.auth.gr/Latomeia/DROUGHT/composites/x10/y11/2022/11/01/S2L2A_medcomp_x10y11_202211_EVI.tif
2025-08-30 14:50:08,434 - INFO - composites.py:432 - Write NDVI -> //nas-rs.topo.auth.gr/Latomeia/DROUGHT/composites/x10/y11/2022/11/01/S2L2A_medcomp_x10y11_202211_NDVI.tif
2025-08-30 14:50:12,217 - INFO - composites.py:432 - Write PSRI2 -> //nas-rs.topo.auth.gr/Latomeia/DROUGHT/composites/x10/y11/2022/11/01/S2L2A_medcomp_x10y11_202211_PSRI2.tif
2025-08-30 14:50:12,234 - INFO - composites.py:436 - Prepare metadata YAML document
2025-08-30 14:50:12,823 - INFO - composites.py:458 - Write metadata YAML document to disk
2025-08-30 14:50:12,847 - INFO - composites.py:463 - Create datacube.model.Dataset from eo3 metadata
2025-08-30 14:50:12,857 - INFO - composites.py:476 - Index to datacube
2025-08-30 14:50:12,857 - INFO - _datasets.py:191 - Indexing 079c49cc-df87-4ed5-9643-15025e04b365
2025-08-30 14:50:12,866 - INFO - composites.py:479 - 
2025-08-30 14:50:12,866 - INFO - composites.py:480 -              ✔✔✔ COMPLETED: Tile x10_y11 | Time: 2022-11 | In 3.66 minutes
2025-08-30 14:50:12,866 - INFO - composites.py:481 - 
2025-08-30 14:50:12,866 - INFO - composites.py:489 - Closing Dask client
2025-08-30 14:50:12,868 - INFO - composites.py:493 - Closing Dask cluster
2025-08-30 14:50:12,868 - INFO - composites.py:494 - #######################################################################
