2025-09-02 21:48:32,884 - INFO - composites.py:102 - #######################################################################
2025-09-02 21:48:32,884 - INFO - composites.py:104 - Processing started
2025-09-02 21:48:32,884 - INFO - composites.py:105 -         Tile: x11_y11
2025-09-02 21:48:32,884 - INFO - composites.py:106 -         Time: 2024-12
2025-09-02 21:48:32,884 - INFO - composites.py:109 -                           
2025-09-02 21:48:32,884 - INFO - composites.py:110 - Establishing connection to datacube
2025-09-02 21:48:33,399 - INFO - composites.py:113 -                           
2025-09-02 21:48:33,399 - INFO - composites.py:114 - Sanity test: Check if dataset already exists in the datacube
2025-09-02 21:48:33,421 - INFO - composites.py:133 - The composite requested was not found and it will be computed
2025-09-02 21:48:33,421 - INFO - composites.py:136 -                                  
2025-09-02 21:48:33,421 - INFO - composites.py:137 - Initializing Dask cluster for parallelization
2025-09-02 21:48:38,441 - INFO - composites.py:161 - Dask dashboard is available at: http://127.0.0.1:8787/status
2025-09-02 21:48:38,441 - INFO - composites.py:164 - Create directories and naming conversions
2025-09-02 21:48:38,453 - INFO - composites.py:177 - Dataset location: //nas-rs.topo.auth.gr/Latomeia/DROUGHT/composites/x11/y11/2024/12/01
2025-09-02 21:48:38,454 - INFO - composites.py:180 -                           
2025-09-02 21:48:38,454 - INFO - composites.py:181 - Retrieve tile geometry
2025-09-02 21:48:38,483 - INFO - composites.py:192 - Create the Bounding Box (φ,λ)
2025-09-02 21:48:38,483 - INFO - composites.py:198 - Create the Bounding Box (x,y)
2025-09-02 21:48:38,483 - INFO - composites.py:211 -                           
2025-09-02 21:48:38,483 - INFO - composites.py:212 - Connect to Planetary Computer STAC Catalog
2025-09-02 21:48:38,743 - INFO - composites.py:220 - Search the STAC Catalog
2025-09-02 21:48:38,812 - INFO - composites.py:232 -         Query parameters:
2025-09-02 21:48:38,812 - INFO - composites.py:233 -             url:          https://planetarycomputer.microsoft.com/api/stac/v1/search
2025-09-02 21:48:38,812 - INFO - composites.py:234 -             client:       microsoft-pc
2025-09-02 21:48:38,812 - INFO - composites.py:235 -             collection:   sentinel-2-l2a
2025-09-02 21:48:38,812 - INFO - composites.py:236 -             bbox:         (23.090477503527136, 38.072584087612974, 23.76631254171489, 38.62665683856133)
2025-09-02 21:48:38,812 - INFO - composites.py:237 -             time range:   2024-12-01T00:00:00Z/2024-12-31T23:59:59Z
2025-09-02 21:48:38,812 - INFO - composites.py:238 -             cloud cover:  0% - 70%
2025-09-02 21:48:38,812 - INFO - composites.py:239 -             nodata cover: 0% - 33%
2025-09-02 21:48:38,812 - INFO - composites.py:241 -                           
2025-09-02 21:48:38,812 - INFO - composites.py:242 - Searching...
2025-09-02 21:48:39,445 - INFO - composites.py:245 - Query found 10 items
2025-09-02 21:48:39,445 - INFO - composites.py:247 - Searching for GRI REFINED scenes:
2025-09-02 21:48:44,120 - INFO - sentinel2.py:78 - 1/10 - S2B_MSIL2A_20241230T091309_R050_T35SKC_20241230T101149 -> REFINED
2025-09-02 21:48:48,954 - INFO - sentinel2.py:78 - 2/10 - S2B_MSIL2A_20241230T091309_R050_T34SGH_20241230T101149 -> REFINED
2025-09-02 21:48:52,311 - INFO - sentinel2.py:78 - 3/10 - S2A_MSIL2A_20241228T092411_R093_T34SFH_20241228T124054 -> REFINED
2025-09-02 21:48:55,903 - INFO - sentinel2.py:78 - 4/10 - S2B_MSIL2A_20241220T091309_R050_T35SKC_20241220T101331 -> REFINED
2025-09-02 21:48:59,902 - INFO - sentinel2.py:78 - 5/10 - S2B_MSIL2A_20241220T091309_R050_T34SGH_20241220T101331 -> REFINED
2025-09-02 21:49:03,859 - INFO - sentinel2.py:78 - 6/10 - S2A_MSIL2A_20241218T092411_R093_T34SFH_20241218T133205 -> REFINED
2025-09-02 21:49:07,906 - INFO - sentinel2.py:78 - 7/10 - S2B_MSIL2A_20241213T092309_R093_T34SFH_20241213T115257 -> REFINED
2025-09-02 21:49:11,323 - INFO - sentinel2.py:78 - 8/10 - S2B_MSIL2A_20241210T091309_R050_T35SKC_20241210T101328 -> REFINED
2025-09-02 21:49:15,822 - INFO - sentinel2.py:78 - 9/10 - S2A_MSIL2A_20241208T092401_R093_T34SFH_20241208T135805 -> REFINED
2025-09-02 21:49:19,091 - INFO - sentinel2.py:78 - 10/10 - S2B_MSIL2A_20241203T092259_R093_T34SFH_20241203T105527 -> REFINED
2025-09-02 21:49:19,146 - INFO - composites.py:250 -                                  
2025-09-02 21:49:19,147 - INFO - composites.py:251 - 10/10 were refined by GRI.
2025-09-02 21:49:19,147 - INFO - composites.py:263 - Looking for up to 10 cleanest images within spatiotemporal range of each MGRS tile
2025-09-02 21:49:19,147 - INFO - composites.py:277 - Filtered cleanest scenes: Kept 10 out of 10 items. 
2025-09-02 21:49:19,147 - INFO - composites.py:278 -         Included MGRS Tiles: ['34SFH' '34SGH' '35SKC']
2025-09-02 21:49:19,147 - INFO - composites.py:279 -         Included EPSG codes: [32634 32635]
2025-09-02 21:49:19,147 - INFO - composites.py:281 - Selected scenes:
2025-09-02 21:49:19,147 - INFO - composites.py:283 -         S2A_MSIL2A_20241218T092411_R093_T34SFH_20241218T133205
2025-09-02 21:49:19,149 - INFO - composites.py:283 -         S2B_MSIL2A_20241213T092309_R093_T34SFH_20241213T115257
2025-09-02 21:49:19,149 - INFO - composites.py:283 -         S2A_MSIL2A_20241228T092411_R093_T34SFH_20241228T124054
2025-09-02 21:49:19,149 - INFO - composites.py:283 -         S2B_MSIL2A_20241203T092259_R093_T34SFH_20241203T105527
2025-09-02 21:49:19,149 - INFO - composites.py:283 -         S2A_MSIL2A_20241208T092401_R093_T34SFH_20241208T135805
2025-09-02 21:49:19,149 - INFO - composites.py:283 -         S2B_MSIL2A_20241230T091309_R050_T34SGH_20241230T101149
2025-09-02 21:49:19,150 - INFO - composites.py:283 -         S2B_MSIL2A_20241220T091309_R050_T34SGH_20241220T101331
2025-09-02 21:49:19,150 - INFO - composites.py:283 -         S2B_MSIL2A_20241220T091309_R050_T35SKC_20241220T101331
2025-09-02 21:49:19,150 - INFO - composites.py:283 -         S2B_MSIL2A_20241230T091309_R050_T35SKC_20241230T101149
2025-09-02 21:49:19,150 - INFO - composites.py:283 -         S2B_MSIL2A_20241210T091309_R050_T35SKC_20241210T101328
2025-09-02 21:49:19,526 - INFO - sentinel2.py:154 - Matplotlib backend: Agg
2025-09-02 21:49:19,684 - INFO - sentinel2.py:224 - Write input scenes footprint overlay: //nas-rs.topo.auth.gr/Latomeia/DROUGHT/composites/x11/y11/2024/12/01/S2L2A_medcomp_x11y11_202412_InDataFootprint.jpeg
2025-09-02 21:49:19,831 - INFO - composites.py:297 -                                  
2025-09-02 21:49:19,831 - INFO - composites.py:298 - Downstream STAC items from Planetary Computer
2025-09-02 21:49:19,831 - INFO - timeseries_processing.py:115 -                                  
2025-09-02 21:49:19,831 - INFO - timeseries_processing.py:116 - Loading bands of diferent resolutions in EPSG:32634
2025-09-02 21:49:19,831 - INFO - timeseries_processing.py:120 -     Filtering items with native UTM EPSG:32634
2025-09-02 21:49:19,831 - INFO - timeseries_processing.py:122 -     7 Items in EPSG:32634
2025-09-02 21:49:19,831 - INFO - timeseries_processing.py:129 -                        
2025-09-02 21:49:19,831 - INFO - timeseries_processing.py:130 -     Loading parameters:
2025-09-02 21:49:19,831 - INFO - timeseries_processing.py:131 -         Bands: ['B05', 'B07', 'B8A', 'SCL']
2025-09-02 21:49:19,831 - INFO - timeseries_processing.py:132 -         Spatial resolution: 20
2025-09-02 21:49:19,831 - INFO - timeseries_processing.py:134 -         Get Assets from STAC Items
2025-09-02 21:49:19,831 - INFO - timeseries_processing.py:47 -         Initialize the STAC client
2025-09-02 21:49:20,343 - INFO - timeseries_processing.py:137 -         Loading 7 STAC Items....
2025-09-02 21:49:58,518 - INFO - timeseries_processing.py:146 -         Cube has been downloaded
2025-09-02 21:49:58,518 - INFO - timeseries_processing.py:156 -         Fix order of dimensions
2025-09-02 21:49:58,521 - INFO - timeseries_processing.py:161 -         Append bands to the band-list of EPSG:32634
2025-09-02 21:49:58,521 - INFO - timeseries_processing.py:129 -                        
2025-09-02 21:49:58,521 - INFO - timeseries_processing.py:130 -     Loading parameters:
2025-09-02 21:49:58,521 - INFO - timeseries_processing.py:131 -         Bands: ['B02', 'B03', 'B04']
2025-09-02 21:49:58,521 - INFO - timeseries_processing.py:132 -         Spatial resolution: 10
2025-09-02 21:49:58,521 - INFO - timeseries_processing.py:134 -         Get Assets from STAC Items
2025-09-02 21:49:58,521 - INFO - timeseries_processing.py:47 -         Initialize the STAC client
2025-09-02 21:49:59,307 - INFO - timeseries_processing.py:137 -         Loading 7 STAC Items....
2025-09-02 21:51:27,061 - INFO - timeseries_processing.py:146 -         Cube has been downloaded
2025-09-02 21:51:27,061 - INFO - timeseries_processing.py:149 -         Reproject to downsample 10m bands to 20m by Resampling.average 2x2 binning and shape matching with odc.geo.GeoBox
2025-09-02 21:51:36,442 - INFO - timeseries_processing.py:161 -         Append bands to the band-list of EPSG:32634
2025-09-02 21:51:36,442 - INFO - timeseries_processing.py:165 -                        
2025-09-02 21:51:36,442 - INFO - timeseries_processing.py:166 -     Merging bands in a single dataset
2025-09-02 21:51:36,442 - INFO - timeseries_processing.py:167 -     Ensure all partial datasets are at (x=20, y=-20) resolution
2025-09-02 21:51:36,444 - INFO - timeseries_processing.py:171 -     Clip to the intersection of indexes
2025-09-02 21:51:37,671 - INFO - timeseries_processing.py:180 -     Make a list of bands to merge
2025-09-02 21:51:37,671 - INFO - timeseries_processing.py:184 -     Merge on intersection
2025-09-02 21:51:37,673 - INFO - timeseries_processing.py:192 -     Apply masks on clouds, shadows, thin cirrus, and snow/ice
2025-09-02 21:51:37,673 - INFO - sentinel2.py:122 -                Masking bits: [3, 7, 8, 9, 10, 11]
2025-09-02 21:51:38,563 - INFO - timeseries_processing.py:115 -                                  
2025-09-02 21:51:38,563 - INFO - timeseries_processing.py:116 - Loading bands of diferent resolutions in EPSG:32635
2025-09-02 21:51:38,563 - INFO - timeseries_processing.py:120 -     Filtering items with native UTM EPSG:32635
2025-09-02 21:51:38,563 - INFO - timeseries_processing.py:122 -     3 Items in EPSG:32635
2025-09-02 21:51:38,563 - INFO - timeseries_processing.py:129 -                        
2025-09-02 21:51:38,563 - INFO - timeseries_processing.py:130 -     Loading parameters:
2025-09-02 21:51:38,563 - INFO - timeseries_processing.py:131 -         Bands: ['B05', 'B07', 'B8A', 'SCL']
2025-09-02 21:51:38,563 - INFO - timeseries_processing.py:132 -         Spatial resolution: 20
2025-09-02 21:51:38,564 - INFO - timeseries_processing.py:134 -         Get Assets from STAC Items
2025-09-02 21:51:38,564 - INFO - timeseries_processing.py:47 -         Initialize the STAC client
2025-09-02 21:51:39,073 - INFO - timeseries_processing.py:137 -         Loading 3 STAC Items....
2025-09-02 21:51:53,208 - INFO - timeseries_processing.py:146 -         Cube has been downloaded
2025-09-02 21:51:53,208 - INFO - timeseries_processing.py:156 -         Fix order of dimensions
2025-09-02 21:51:53,209 - INFO - timeseries_processing.py:161 -         Append bands to the band-list of EPSG:32635
2025-09-02 21:51:53,209 - INFO - timeseries_processing.py:129 -                        
2025-09-02 21:51:53,209 - INFO - timeseries_processing.py:130 -     Loading parameters:
2025-09-02 21:51:53,209 - INFO - timeseries_processing.py:131 -         Bands: ['B02', 'B03', 'B04']
2025-09-02 21:51:53,211 - INFO - timeseries_processing.py:132 -         Spatial resolution: 10
2025-09-02 21:51:53,212 - INFO - timeseries_processing.py:134 -         Get Assets from STAC Items
2025-09-02 21:51:53,213 - INFO - timeseries_processing.py:47 -         Initialize the STAC client
2025-09-02 21:51:53,691 - INFO - timeseries_processing.py:137 -         Loading 3 STAC Items....
2025-09-02 21:52:21,281 - INFO - timeseries_processing.py:146 -         Cube has been downloaded
2025-09-02 21:52:21,282 - INFO - timeseries_processing.py:149 -         Reproject to downsample 10m bands to 20m by Resampling.average 2x2 binning and shape matching with odc.geo.GeoBox
2025-09-02 21:52:25,065 - INFO - timeseries_processing.py:161 -         Append bands to the band-list of EPSG:32635
2025-09-02 21:52:25,065 - INFO - timeseries_processing.py:165 -                        
2025-09-02 21:52:25,065 - INFO - timeseries_processing.py:166 -     Merging bands in a single dataset
2025-09-02 21:52:25,065 - INFO - timeseries_processing.py:167 -     Ensure all partial datasets are at (x=20, y=-20) resolution
2025-09-02 21:52:25,066 - INFO - timeseries_processing.py:171 -     Clip to the intersection of indexes
2025-09-02 21:52:25,067 - INFO - timeseries_processing.py:180 -     Make a list of bands to merge
2025-09-02 21:52:25,068 - INFO - timeseries_processing.py:184 -     Merge on intersection
2025-09-02 21:52:25,068 - INFO - timeseries_processing.py:192 -     Apply masks on clouds, shadows, thin cirrus, and snow/ice
2025-09-02 21:52:25,068 - INFO - sentinel2.py:122 -                Masking bits: [3, 7, 8, 9, 10, 11]
2025-09-02 21:52:25,444 - INFO - composites.py:307 - Reproject from UTM Zone to Tile geometry -> CRS(EPSG:32635), Resampling.bilinear
2025-09-02 21:52:32,296 - INFO - composites.py:310 -     New shape of datasets: Shape2d(x=2400, y=2400)
2025-09-02 21:52:32,587 - INFO - composites.py:315 -                           
2025-09-02 21:52:32,587 - INFO - composites.py:316 - Mosaic datasets to a single dataset
2025-09-02 21:52:39,897 - INFO - composites.py:329 - Scale SR to Sen2Cor Baseline 4.00 - Subtract 1000 in dates post 2022-01-25
2025-09-02 21:52:41,253 - INFO - composites.py:342 - Creating preview plot of input scenes
2025-09-02 21:53:10,828 - INFO - timeseries_processing.py:349 - Saved preview for 'B04' to //nas-rs.topo.auth.gr/Latomeia/DROUGHT/composites/x11/y11/2024/12/01/S2L2A_medcomp_x11y11_202412_InDataPreview.jpeg
2025-09-02 21:53:10,834 - INFO - composites.py:348 - Clip value range
2025-09-02 21:53:12,450 - INFO - composites.py:353 -                           
2025-09-02 21:53:12,467 - INFO - composites.py:354 - Computing spectral indices:
2025-09-02 21:53:12,467 - INFO - composites.py:357 -     EVI...
2025-09-02 21:53:13,550 - INFO - composites.py:359 -     NDVI...
2025-09-02 21:53:13,890 - INFO - composites.py:361 -     PSRI2...
2025-09-02 21:53:14,118 - INFO - composites.py:364 - Clip to typical value range
2025-09-02 21:53:14,475 - INFO - composites.py:371 - Reducing to median value temporal composite
2025-09-02 21:53:39,776 - INFO - composites.py:390 - Scale and Define data types & nodata per band
2025-09-02 21:53:39,912 - INFO - composites.py:411 - Assign time range and tile ID in metadata
2025-09-02 21:53:39,913 - INFO - composites.py:419 - Write bands to raster COG files
2025-09-02 21:53:43,807 - INFO - composites.py:432 - Write B02 -> //nas-rs.topo.auth.gr/Latomeia/DROUGHT/composites/x11/y11/2024/12/01/S2L2A_medcomp_x11y11_202412_B02.tif
2025-09-02 21:53:47,775 - INFO - composites.py:432 - Write B03 -> //nas-rs.topo.auth.gr/Latomeia/DROUGHT/composites/x11/y11/2024/12/01/S2L2A_medcomp_x11y11_202412_B03.tif
2025-09-02 21:53:51,726 - INFO - composites.py:432 - Write B04 -> //nas-rs.topo.auth.gr/Latomeia/DROUGHT/composites/x11/y11/2024/12/01/S2L2A_medcomp_x11y11_202412_B04.tif
2025-09-02 21:53:55,585 - INFO - composites.py:432 - Write B05 -> //nas-rs.topo.auth.gr/Latomeia/DROUGHT/composites/x11/y11/2024/12/01/S2L2A_medcomp_x11y11_202412_B05.tif
2025-09-02 21:53:59,453 - INFO - composites.py:432 - Write B07 -> //nas-rs.topo.auth.gr/Latomeia/DROUGHT/composites/x11/y11/2024/12/01/S2L2A_medcomp_x11y11_202412_B07.tif
2025-09-02 21:54:03,320 - INFO - composites.py:432 - Write B8A -> //nas-rs.topo.auth.gr/Latomeia/DROUGHT/composites/x11/y11/2024/12/01/S2L2A_medcomp_x11y11_202412_B8A.tif
2025-09-02 21:54:07,184 - INFO - composites.py:432 - Write EVI -> //nas-rs.topo.auth.gr/Latomeia/DROUGHT/composites/x11/y11/2024/12/01/S2L2A_medcomp_x11y11_202412_EVI.tif
2025-09-02 21:54:11,026 - INFO - composites.py:432 - Write NDVI -> //nas-rs.topo.auth.gr/Latomeia/DROUGHT/composites/x11/y11/2024/12/01/S2L2A_medcomp_x11y11_202412_NDVI.tif
2025-09-02 21:54:15,178 - INFO - composites.py:432 - Write PSRI2 -> //nas-rs.topo.auth.gr/Latomeia/DROUGHT/composites/x11/y11/2024/12/01/S2L2A_medcomp_x11y11_202412_PSRI2.tif
2025-09-02 21:54:15,193 - INFO - composites.py:436 - Prepare metadata YAML document
2025-09-02 21:54:15,656 - INFO - composites.py:458 - Write metadata YAML document to disk
2025-09-02 21:54:15,700 - INFO - composites.py:463 - Create datacube.model.Dataset from eo3 metadata
2025-09-02 21:54:15,711 - INFO - composites.py:476 - Index to datacube
2025-09-02 21:54:15,712 - INFO - _datasets.py:191 - Indexing e94fe657-c44e-4689-b896-acc9f99e6dd4
2025-09-02 21:54:15,720 - INFO - composites.py:479 - 
2025-09-02 21:54:15,720 - INFO - composites.py:480 -              ✔✔✔ COMPLETED: Tile x11_y11 | Time: 2024-12 | In 5.71 minutes
2025-09-02 21:54:15,720 - INFO - composites.py:481 - 
2025-09-02 21:54:15,720 - INFO - composites.py:489 - Closing Dask client
2025-09-02 21:54:15,722 - INFO - composites.py:493 - Closing Dask cluster
2025-09-02 21:54:15,722 - INFO - composites.py:494 - #######################################################################
