2025-09-01 18:38:59,124 - INFO - composites.py:102 - #######################################################################
2025-09-01 18:38:59,124 - INFO - composites.py:104 - Processing started
2025-09-01 18:38:59,124 - INFO - composites.py:105 -         Tile: x11_y08
2025-09-01 18:38:59,124 - INFO - composites.py:106 -         Time: 2024-03
2025-09-01 18:38:59,124 - INFO - composites.py:109 -                           
2025-09-01 18:38:59,124 - INFO - composites.py:110 - Establishing connection to datacube
2025-09-01 18:38:59,758 - INFO - composites.py:113 -                           
2025-09-01 18:38:59,758 - INFO - composites.py:114 - Sanity test: Check if dataset already exists in the datacube
2025-09-01 18:38:59,783 - INFO - composites.py:133 - The composite requested was not found and it will be computed
2025-09-01 18:38:59,783 - INFO - composites.py:136 -                                  
2025-09-01 18:38:59,783 - INFO - composites.py:137 - Initializing Dask cluster for parallelization
2025-09-01 18:39:05,315 - INFO - composites.py:161 - Dask dashboard is available at: http://127.0.0.1:8787/status
2025-09-01 18:39:05,315 - INFO - composites.py:164 - Create directories and naming conversions
2025-09-01 18:39:05,327 - INFO - composites.py:177 - Dataset location: //nas-rs.topo.auth.gr/Latomeia/DROUGHT/composites/x11/y08/2024/03/01
2025-09-01 18:39:05,327 - INFO - composites.py:180 -                           
2025-09-01 18:39:05,327 - INFO - composites.py:181 - Retrieve tile geometry
2025-09-01 18:39:05,357 - INFO - composites.py:192 - Create the Bounding Box (φ,λ)
2025-09-01 18:39:05,357 - INFO - composites.py:198 - Create the Bounding Box (x,y)
2025-09-01 18:39:05,357 - INFO - composites.py:211 -                           
2025-09-01 18:39:05,357 - INFO - composites.py:212 - Connect to Planetary Computer STAC Catalog
2025-09-01 18:39:05,659 - INFO - composites.py:220 - Search the STAC Catalog
2025-09-01 18:39:05,740 - INFO - composites.py:232 -         Query parameters:
2025-09-01 18:39:05,740 - INFO - composites.py:233 -             url:          https://planetarycomputer.microsoft.com/api/stac/v1/search
2025-09-01 18:39:05,740 - INFO - composites.py:234 -             client:       microsoft-pc
2025-09-01 18:39:05,740 - INFO - composites.py:235 -             collection:   sentinel-2-l2a
2025-09-01 18:39:05,741 - INFO - composites.py:236 -             bbox:         (22.845662885042927, 36.78779644280391, 23.507450073915326, 37.34127558081356)
2025-09-01 18:39:05,741 - INFO - composites.py:237 -             time range:   2024-03-01T00:00:00Z/2024-03-31T23:59:59Z
2025-09-01 18:39:05,741 - INFO - composites.py:238 -             cloud cover:  0% - 70%
2025-09-01 18:39:05,741 - INFO - composites.py:239 -             nodata cover: 0% - 33%
2025-09-01 18:39:05,741 - INFO - composites.py:241 -                           
2025-09-01 18:39:05,741 - INFO - composites.py:242 - Searching...
2025-09-01 18:39:06,366 - INFO - composites.py:245 - Query found 27 items
2025-09-01 18:39:06,368 - INFO - composites.py:247 - Searching for GRI REFINED scenes:
2025-09-01 18:39:14,120 - INFO - sentinel2.py:78 - 1/27 - S2A_MSIL2A_20240330T090551_R050_T34SGG_20240330T133922 -> REFINED
2025-09-01 18:39:20,672 - INFO - sentinel2.py:78 - 2/27 - S2A_MSIL2A_20240330T090551_R050_T34SGF_20240330T133928 -> REFINED
2025-09-01 18:39:28,034 - INFO - sentinel2.py:78 - 3/27 - S2A_MSIL2A_20240330T090551_R050_T34SFG_20240330T134408 -> REFINED
2025-09-01 18:39:35,403 - INFO - sentinel2.py:78 - 4/27 - S2A_MSIL2A_20240330T090551_R050_T34SFF_20240330T133922 -> REFINED
2025-09-01 18:39:41,927 - INFO - sentinel2.py:78 - 5/27 - S2B_MSIL2A_20240328T091559_R093_T34SFG_20240330T044616 -> REFINED
2025-09-01 18:39:48,267 - INFO - sentinel2.py:78 - 6/27 - S2B_MSIL2A_20240328T091559_R093_T34SFF_20240330T044312 -> REFINED
2025-09-01 18:39:55,181 - INFO - sentinel2.py:78 - 7/27 - S2B_MSIL2A_20240325T090619_R050_T34SGG_20240325T135920 -> REFINED
2025-09-01 18:40:01,018 - INFO - sentinel2.py:78 - 8/27 - S2B_MSIL2A_20240325T090619_R050_T34SGF_20240325T135723 -> REFINED
2025-09-01 18:40:08,623 - INFO - sentinel2.py:78 - 9/27 - S2B_MSIL2A_20240325T090619_R050_T34SFG_20240325T134543 -> REFINED
2025-09-01 18:40:15,326 - INFO - sentinel2.py:78 - 10/27 - S2A_MSIL2A_20240323T092031_R093_T34SFG_20240323T141744 -> REFINED
2025-09-01 18:40:21,883 - INFO - sentinel2.py:78 - 11/27 - S2A_MSIL2A_20240323T092031_R093_T34SFF_20240323T141740 -> REFINED
2025-09-01 18:40:27,936 - INFO - sentinel2.py:78 - 12/27 - S2B_MSIL2A_20240318T091659_R093_T34SFG_20240318T144801 -> REFINED
2025-09-01 18:40:34,624 - INFO - sentinel2.py:78 - 13/27 - S2B_MSIL2A_20240318T091659_R093_T34SFF_20240318T143215 -> REFINED
2025-09-01 18:40:41,231 - INFO - sentinel2.py:78 - 14/27 - S2B_MSIL2A_20240315T090659_R050_T34SGG_20240315T130215 -> REFINED
2025-09-01 18:40:48,587 - INFO - sentinel2.py:78 - 15/27 - S2B_MSIL2A_20240315T090659_R050_T34SGF_20240315T124408 -> REFINED
2025-09-01 18:40:56,296 - INFO - sentinel2.py:78 - 16/27 - S2B_MSIL2A_20240315T090659_R050_T34SFG_20240315T125411 -> REFINED
2025-09-01 18:41:02,993 - INFO - sentinel2.py:78 - 17/27 - S2B_MSIL2A_20240315T090659_R050_T34SFF_20240315T130610 -> REFINED
2025-09-01 18:41:10,555 - INFO - sentinel2.py:78 - 18/27 - S2A_MSIL2A_20240313T092031_R093_T34SFG_20240314T041251 -> REFINED
2025-09-01 18:41:17,922 - INFO - sentinel2.py:78 - 19/27 - S2A_MSIL2A_20240313T092031_R093_T34SFF_20240313T224340 -> REFINED
2025-09-01 18:41:24,816 - INFO - sentinel2.py:78 - 20/27 - S2A_MSIL2A_20240310T090801_R050_T34SGG_20240313T111533 -> REFINED
2025-09-01 18:41:31,374 - INFO - sentinel2.py:78 - 21/27 - S2A_MSIL2A_20240310T090801_R050_T34SGF_20240311T103223 -> REFINED
2025-09-01 18:41:38,808 - INFO - sentinel2.py:78 - 22/27 - S2A_MSIL2A_20240310T090801_R050_T34SFG_20240311T120304 -> REFINED
2025-09-01 18:41:44,883 - INFO - sentinel2.py:78 - 23/27 - S2A_MSIL2A_20240310T090801_R050_T34SFF_20240311T110556 -> REFINED
2025-09-01 18:41:51,766 - INFO - sentinel2.py:78 - 24/27 - S2B_MSIL2A_20240308T091719_R093_T34SFG_20240308T141008 -> REFINED
2025-09-01 18:41:58,759 - INFO - sentinel2.py:78 - 25/27 - S2B_MSIL2A_20240308T091719_R093_T34SFF_20240308T131740 -> REFINED
2025-09-01 18:42:05,444 - INFO - sentinel2.py:78 - 26/27 - S2A_MSIL2A_20240303T092031_R093_T34SFG_20240303T164101 -> REFINED
2025-09-01 18:42:11,884 - INFO - sentinel2.py:78 - 27/27 - S2A_MSIL2A_20240303T092031_R093_T34SFF_20240303T164228 -> REFINED
2025-09-01 18:42:11,951 - INFO - composites.py:250 -                                  
2025-09-01 18:42:11,951 - INFO - composites.py:251 - 27/27 were refined by GRI.
2025-09-01 18:42:11,952 - INFO - composites.py:263 - Looking for up to 10 cleanest images within spatiotemporal range of each MGRS tile
2025-09-01 18:42:11,952 - INFO - composites.py:277 - Filtered cleanest scenes: Kept 27 out of 27 items. 
2025-09-01 18:42:11,953 - INFO - composites.py:278 -         Included MGRS Tiles: ['34SFF' '34SFG' '34SGF' '34SGG']
2025-09-01 18:42:11,953 - INFO - composites.py:279 -         Included EPSG codes: [32634]
2025-09-01 18:42:11,954 - INFO - composites.py:281 - Selected scenes:
2025-09-01 18:42:11,954 - INFO - composites.py:283 -         S2A_MSIL2A_20240330T090551_R050_T34SFF_20240330T133922
2025-09-01 18:42:11,954 - INFO - composites.py:283 -         S2B_MSIL2A_20240308T091719_R093_T34SFF_20240308T131740
2025-09-01 18:42:11,955 - INFO - composites.py:283 -         S2A_MSIL2A_20240310T090801_R050_T34SFF_20240311T110556
2025-09-01 18:42:11,955 - INFO - composites.py:283 -         S2A_MSIL2A_20240323T092031_R093_T34SFF_20240323T141740
2025-09-01 18:42:11,975 - INFO - composites.py:283 -         S2B_MSIL2A_20240315T090659_R050_T34SFF_20240315T130610
2025-09-01 18:42:11,994 - INFO - composites.py:283 -         S2B_MSIL2A_20240318T091659_R093_T34SFF_20240318T143215
2025-09-01 18:42:12,000 - INFO - composites.py:283 -         S2A_MSIL2A_20240313T092031_R093_T34SFF_20240313T224340
2025-09-01 18:42:12,000 - INFO - composites.py:283 -         S2A_MSIL2A_20240303T092031_R093_T34SFF_20240303T164228
2025-09-01 18:42:12,000 - INFO - composites.py:283 -         S2B_MSIL2A_20240328T091559_R093_T34SFF_20240330T044312
2025-09-01 18:42:12,002 - INFO - composites.py:283 -         S2A_MSIL2A_20240330T090551_R050_T34SFG_20240330T134408
2025-09-01 18:42:12,002 - INFO - composites.py:283 -         S2B_MSIL2A_20240308T091719_R093_T34SFG_20240308T141008
2025-09-01 18:42:12,002 - INFO - composites.py:283 -         S2A_MSIL2A_20240310T090801_R050_T34SFG_20240311T120304
2025-09-01 18:42:12,002 - INFO - composites.py:283 -         S2A_MSIL2A_20240323T092031_R093_T34SFG_20240323T141744
2025-09-01 18:42:12,002 - INFO - composites.py:283 -         S2B_MSIL2A_20240328T091559_R093_T34SFG_20240330T044616
2025-09-01 18:42:12,002 - INFO - composites.py:283 -         S2B_MSIL2A_20240315T090659_R050_T34SFG_20240315T125411
2025-09-01 18:42:12,002 - INFO - composites.py:283 -         S2B_MSIL2A_20240318T091659_R093_T34SFG_20240318T144801
2025-09-01 18:42:12,002 - INFO - composites.py:283 -         S2A_MSIL2A_20240313T092031_R093_T34SFG_20240314T041251
2025-09-01 18:42:12,002 - INFO - composites.py:283 -         S2B_MSIL2A_20240325T090619_R050_T34SFG_20240325T134543
2025-09-01 18:42:12,002 - INFO - composites.py:283 -         S2A_MSIL2A_20240303T092031_R093_T34SFG_20240303T164101
2025-09-01 18:42:12,002 - INFO - composites.py:283 -         S2A_MSIL2A_20240330T090551_R050_T34SGF_20240330T133928
2025-09-01 18:42:12,002 - INFO - composites.py:283 -         S2A_MSIL2A_20240310T090801_R050_T34SGF_20240311T103223
2025-09-01 18:42:12,002 - INFO - composites.py:283 -         S2B_MSIL2A_20240315T090659_R050_T34SGF_20240315T124408
2025-09-01 18:42:12,002 - INFO - composites.py:283 -         S2B_MSIL2A_20240325T090619_R050_T34SGF_20240325T135723
2025-09-01 18:42:12,002 - INFO - composites.py:283 -         S2A_MSIL2A_20240330T090551_R050_T34SGG_20240330T133922
2025-09-01 18:42:12,002 - INFO - composites.py:283 -         S2A_MSIL2A_20240310T090801_R050_T34SGG_20240313T111533
2025-09-01 18:42:12,002 - INFO - composites.py:283 -         S2B_MSIL2A_20240315T090659_R050_T34SGG_20240315T130215
2025-09-01 18:42:12,002 - INFO - composites.py:283 -         S2B_MSIL2A_20240325T090619_R050_T34SGG_20240325T135920
2025-09-01 18:42:12,633 - INFO - sentinel2.py:154 - Matplotlib backend: Agg
2025-09-01 18:42:12,991 - INFO - sentinel2.py:224 - Write input scenes footprint overlay: //nas-rs.topo.auth.gr/Latomeia/DROUGHT/composites/x11/y08/2024/03/01/S2L2A_medcomp_x11y08_202403_InDataFootprint.jpeg
2025-09-01 18:42:13,287 - INFO - composites.py:297 -                                  
2025-09-01 18:42:13,287 - INFO - composites.py:298 - Downstream STAC items from Planetary Computer
2025-09-01 18:42:13,287 - INFO - timeseries_processing.py:115 -                                  
2025-09-01 18:42:13,287 - INFO - timeseries_processing.py:116 - Loading bands of diferent resolutions in EPSG:32634
2025-09-01 18:42:13,287 - INFO - timeseries_processing.py:120 -     Filtering items with native UTM EPSG:32634
2025-09-01 18:42:13,287 - INFO - timeseries_processing.py:122 -     27 Items in EPSG:32634
2025-09-01 18:42:13,287 - INFO - timeseries_processing.py:129 -                        
2025-09-01 18:42:13,287 - INFO - timeseries_processing.py:130 -     Loading parameters:
2025-09-01 18:42:13,287 - INFO - timeseries_processing.py:131 -         Bands: ['B05', 'B07', 'B8A', 'SCL']
2025-09-01 18:42:13,287 - INFO - timeseries_processing.py:132 -         Spatial resolution: 20
2025-09-01 18:42:13,287 - INFO - timeseries_processing.py:134 -         Get Assets from STAC Items
2025-09-01 18:42:13,287 - INFO - timeseries_processing.py:47 -         Initialize the STAC client
2025-09-01 18:42:14,036 - INFO - timeseries_processing.py:137 -         Loading 27 STAC Items....
2025-09-01 18:44:09,164 - INFO - timeseries_processing.py:146 -         Cube has been downloaded
2025-09-01 18:44:09,165 - INFO - timeseries_processing.py:156 -         Fix order of dimensions
2025-09-01 18:44:09,166 - INFO - timeseries_processing.py:161 -         Append bands to the band-list of EPSG:32634
2025-09-01 18:44:09,167 - INFO - timeseries_processing.py:129 -                        
2025-09-01 18:44:09,167 - INFO - timeseries_processing.py:130 -     Loading parameters:
2025-09-01 18:44:09,167 - INFO - timeseries_processing.py:131 -         Bands: ['B02', 'B03', 'B04']
2025-09-01 18:44:09,168 - INFO - timeseries_processing.py:132 -         Spatial resolution: 10
2025-09-01 18:44:09,168 - INFO - timeseries_processing.py:134 -         Get Assets from STAC Items
2025-09-01 18:44:09,168 - INFO - timeseries_processing.py:47 -         Initialize the STAC client
2025-09-01 18:44:09,862 - INFO - timeseries_processing.py:137 -         Loading 27 STAC Items....
2025-09-01 18:46:42,462 - INFO - timeseries_processing.py:146 -         Cube has been downloaded
2025-09-01 18:46:42,462 - INFO - timeseries_processing.py:149 -         Reproject to downsample 10m bands to 20m by Resampling.average 2x2 binning and shape matching with odc.geo.GeoBox
2025-09-01 18:46:56,834 - INFO - timeseries_processing.py:161 -         Append bands to the band-list of EPSG:32634
2025-09-01 18:46:56,834 - INFO - timeseries_processing.py:165 -                        
2025-09-01 18:46:56,835 - INFO - timeseries_processing.py:166 -     Merging bands in a single dataset
2025-09-01 18:46:56,835 - INFO - timeseries_processing.py:167 -     Ensure all partial datasets are at (x=20, y=-20) resolution
2025-09-01 18:46:56,835 - INFO - timeseries_processing.py:171 -     Clip to the intersection of indexes
2025-09-01 18:46:58,167 - INFO - timeseries_processing.py:180 -     Make a list of bands to merge
2025-09-01 18:46:58,168 - INFO - timeseries_processing.py:184 -     Merge on intersection
2025-09-01 18:46:58,168 - INFO - timeseries_processing.py:192 -     Apply masks on clouds, shadows, thin cirrus, and snow/ice
2025-09-01 18:46:58,168 - INFO - sentinel2.py:122 -                Masking bits: [3, 7, 8, 9, 10, 11]
2025-09-01 18:46:59,429 - INFO - composites.py:307 - Reproject from UTM Zone to Tile geometry -> CRS(EPSG:32634), Resampling.bilinear
2025-09-01 18:47:06,449 - INFO - composites.py:310 -     New shape of datasets: Shape2d(x=2400, y=2400)
2025-09-01 18:47:07,124 - INFO - composites.py:329 - Scale SR to Sen2Cor Baseline 4.00 - Subtract 1000 in dates post 2022-01-25
2025-09-01 18:47:08,590 - INFO - composites.py:342 - Creating preview plot of input scenes
2025-09-01 18:47:43,359 - INFO - timeseries_processing.py:349 - Saved preview for 'B04' to //nas-rs.topo.auth.gr/Latomeia/DROUGHT/composites/x11/y08/2024/03/01/S2L2A_medcomp_x11y08_202403_InDataPreview.jpeg
2025-09-01 18:47:43,375 - INFO - composites.py:348 - Clip value range
2025-09-01 18:47:45,404 - INFO - composites.py:353 -                           
2025-09-01 18:47:45,415 - INFO - composites.py:354 - Computing spectral indices:
2025-09-01 18:47:45,415 - INFO - composites.py:357 -     EVI...
2025-09-01 18:47:46,715 - INFO - composites.py:359 -     NDVI...
2025-09-01 18:47:47,096 - INFO - composites.py:361 -     PSRI2...
2025-09-01 18:47:47,474 - INFO - composites.py:364 - Clip to typical value range
2025-09-01 18:47:47,851 - INFO - composites.py:371 - Reducing to median value temporal composite
2025-09-01 18:48:17,379 - INFO - composites.py:390 - Scale and Define data types & nodata per band
2025-09-01 18:48:17,541 - INFO - composites.py:411 - Assign time range and tile ID in metadata
2025-09-01 18:48:17,541 - INFO - composites.py:419 - Write bands to raster COG files
2025-09-01 18:48:21,461 - INFO - composites.py:432 - Write B02 -> //nas-rs.topo.auth.gr/Latomeia/DROUGHT/composites/x11/y08/2024/03/01/S2L2A_medcomp_x11y08_202403_B02.tif
2025-09-01 18:48:25,668 - INFO - composites.py:432 - Write B03 -> //nas-rs.topo.auth.gr/Latomeia/DROUGHT/composites/x11/y08/2024/03/01/S2L2A_medcomp_x11y08_202403_B03.tif
2025-09-01 18:48:30,331 - INFO - composites.py:432 - Write B04 -> //nas-rs.topo.auth.gr/Latomeia/DROUGHT/composites/x11/y08/2024/03/01/S2L2A_medcomp_x11y08_202403_B04.tif
2025-09-01 18:48:35,202 - INFO - composites.py:432 - Write B05 -> //nas-rs.topo.auth.gr/Latomeia/DROUGHT/composites/x11/y08/2024/03/01/S2L2A_medcomp_x11y08_202403_B05.tif
2025-09-01 18:48:40,469 - INFO - composites.py:432 - Write B07 -> //nas-rs.topo.auth.gr/Latomeia/DROUGHT/composites/x11/y08/2024/03/01/S2L2A_medcomp_x11y08_202403_B07.tif
2025-09-01 18:48:45,209 - INFO - composites.py:432 - Write B8A -> //nas-rs.topo.auth.gr/Latomeia/DROUGHT/composites/x11/y08/2024/03/01/S2L2A_medcomp_x11y08_202403_B8A.tif
2025-09-01 18:48:49,993 - INFO - composites.py:432 - Write EVI -> //nas-rs.topo.auth.gr/Latomeia/DROUGHT/composites/x11/y08/2024/03/01/S2L2A_medcomp_x11y08_202403_EVI.tif
2025-09-01 18:48:55,014 - INFO - composites.py:432 - Write NDVI -> //nas-rs.topo.auth.gr/Latomeia/DROUGHT/composites/x11/y08/2024/03/01/S2L2A_medcomp_x11y08_202403_NDVI.tif
2025-09-01 18:49:00,386 - INFO - composites.py:432 - Write PSRI2 -> //nas-rs.topo.auth.gr/Latomeia/DROUGHT/composites/x11/y08/2024/03/01/S2L2A_medcomp_x11y08_202403_PSRI2.tif
2025-09-01 18:49:00,386 - INFO - composites.py:436 - Prepare metadata YAML document
2025-09-01 18:49:01,082 - INFO - composites.py:458 - Write metadata YAML document to disk
2025-09-01 18:49:01,139 - INFO - composites.py:463 - Create datacube.model.Dataset from eo3 metadata
2025-09-01 18:49:01,149 - INFO - composites.py:476 - Index to datacube
2025-09-01 18:49:01,149 - INFO - _datasets.py:191 - Indexing 4a9f8a9d-1fae-47d5-bf8a-1f3211c27dad
2025-09-01 18:49:01,163 - INFO - composites.py:479 - 
2025-09-01 18:49:01,164 - INFO - composites.py:480 -              ✔✔✔ COMPLETED: Tile x11_y08 | Time: 2024-03 | In 10.03 minutes
2025-09-01 18:49:01,164 - INFO - composites.py:481 - 
2025-09-01 18:49:01,164 - INFO - composites.py:489 - Closing Dask client
2025-09-01 18:49:01,165 - INFO - composites.py:493 - Closing Dask cluster
2025-09-01 18:49:01,165 - INFO - composites.py:494 - #######################################################################
