2025-09-04 04:28:54,773 - INFO - composites.py:102 - #######################################################################
2025-09-04 04:28:54,773 - INFO - composites.py:104 - Processing started
2025-09-04 04:28:54,773 - INFO - composites.py:105 -         Tile: x06_y10
2025-09-04 04:28:54,773 - INFO - composites.py:106 -         Time: 2025-07
2025-09-04 04:28:54,773 - INFO - composites.py:109 -                           
2025-09-04 04:28:54,773 - INFO - composites.py:110 - Establishing connection to datacube
2025-09-04 04:28:55,310 - INFO - composites.py:113 -                           
2025-09-04 04:28:55,310 - INFO - composites.py:114 - Sanity test: Check if dataset already exists in the datacube
2025-09-04 04:28:55,330 - INFO - composites.py:133 - The composite requested was not found and it will be computed
2025-09-04 04:28:55,330 - INFO - composites.py:136 -                                  
2025-09-04 04:28:55,330 - INFO - composites.py:137 - Initializing Dask cluster for parallelization
2025-09-04 04:29:00,351 - INFO - composites.py:161 - Dask dashboard is available at: http://127.0.0.1:8787/status
2025-09-04 04:29:00,351 - INFO - composites.py:164 - Create directories and naming conversions
2025-09-04 04:29:00,363 - INFO - composites.py:177 - Dataset location: //nas-rs.topo.auth.gr/Latomeia/DROUGHT/composites/x06/y10/2025/07/01
2025-09-04 04:29:00,363 - INFO - composites.py:180 -                           
2025-09-04 04:29:00,363 - INFO - composites.py:181 - Retrieve tile geometry
2025-09-04 04:29:00,392 - INFO - composites.py:192 - Create the Bounding Box (φ,λ)
2025-09-04 04:29:00,392 - INFO - composites.py:198 - Create the Bounding Box (x,y)
2025-09-04 04:29:00,392 - INFO - composites.py:211 -                           
2025-09-04 04:29:00,392 - INFO - composites.py:212 - Connect to Planetary Computer STAC Catalog
2025-09-04 04:29:00,786 - INFO - composites.py:220 - Search the STAC Catalog
2025-09-04 04:29:00,854 - INFO - composites.py:232 -         Query parameters:
2025-09-04 04:29:00,855 - INFO - composites.py:233 -             url:          https://planetarycomputer.microsoft.com/api/stac/v1/search
2025-09-04 04:29:00,855 - INFO - composites.py:234 -             client:       microsoft-pc
2025-09-04 04:29:00,855 - INFO - composites.py:235 -             collection:   sentinel-2-l2a
2025-09-04 04:29:00,855 - INFO - composites.py:236 -             bbox:         (20.319245809102355, 37.99152284404117, 20.978573606105773, 38.532714784526966)
2025-09-04 04:29:00,855 - INFO - composites.py:237 -             time range:   2025-07-01T00:00:00Z/2025-07-31T23:59:59Z
2025-09-04 04:29:00,855 - INFO - composites.py:238 -             cloud cover:  0% - 70%
2025-09-04 04:29:00,855 - INFO - composites.py:239 -             nodata cover: 0% - 33%
2025-09-04 04:29:00,856 - INFO - composites.py:241 -                           
2025-09-04 04:29:00,856 - INFO - composites.py:242 - Searching...
2025-09-04 04:29:01,410 - INFO - composites.py:245 - Query found 19 items
2025-09-04 04:29:01,412 - INFO - composites.py:247 - Searching for GRI REFINED scenes:
2025-09-04 04:29:04,984 - INFO - sentinel2.py:78 - 1/19 - S2A_MSIL2A_20250731T093151_R136_T34SDH_20250731T121514 -> REFINED
2025-09-04 04:29:08,216 - INFO - sentinel2.py:78 - 2/19 - S2B_MSIL2A_20250731T092029_R093_T34SDH_20250731T115523 -> REFINED
2025-09-04 04:29:11,858 - INFO - sentinel2.py:78 - 3/19 - S2C_MSIL2A_20250729T093051_R136_T34SDH_20250729T131756 -> REFINED
2025-09-04 04:29:15,444 - INFO - sentinel2.py:78 - 4/19 - S2A_MSIL2A_20250728T092231_R093_T34SDH_20250728T111018 -> REFINED
2025-09-04 04:29:18,054 - INFO - sentinel2.py:78 - 5/19 - S2C_MSIL2A_20250726T092051_R093_T34SDH_20250726T125415 -> REFINED
2025-09-04 04:29:20,645 - INFO - sentinel2.py:78 - 6/19 - S2B_MSIL2A_20250724T093039_R136_T34SDH_20250724T121124 -> REFINED
2025-09-04 04:29:23,574 - INFO - sentinel2.py:78 - 7/19 - S2A_MSIL2A_20250721T093051_R136_T34SDH_20250721T131822 -> REFINED
2025-09-04 04:29:27,349 - INFO - sentinel2.py:78 - 8/19 - S2B_MSIL2A_20250721T092029_R093_T34SDH_20250721T120259 -> REFINED
2025-09-04 04:29:30,388 - INFO - sentinel2.py:78 - 9/19 - S2C_MSIL2A_20250719T093101_R136_T34SDH_20250719T130112 -> REFINED
2025-09-04 04:29:33,978 - INFO - sentinel2.py:78 - 10/19 - S2A_MSIL2A_20250718T092051_R093_T34SDH_20250718T125020 -> REFINED
2025-09-04 04:29:37,005 - INFO - sentinel2.py:78 - 11/19 - S2C_MSIL2A_20250716T092051_R093_T34SDH_20250716T143214 -> REFINED
2025-09-04 04:29:39,960 - INFO - sentinel2.py:78 - 12/19 - S2B_MSIL2A_20250714T093039_R136_T34SDH_20250714T120526 -> REFINED
2025-09-04 04:29:43,142 - INFO - sentinel2.py:78 - 13/19 - S2A_MSIL2A_20250711T093151_R136_T34SDH_20250711T120414 -> REFINED
2025-09-04 04:29:46,659 - INFO - sentinel2.py:78 - 14/19 - S2B_MSIL2A_20250711T092029_R093_T34SDH_20250711T114113 -> REFINED
2025-09-04 04:29:49,065 - INFO - sentinel2.py:78 - 15/19 - S2C_MSIL2A_20250709T093101_R136_T34SDH_20250709T130618 -> REFINED
2025-09-04 04:29:52,637 - INFO - sentinel2.py:78 - 16/19 - S2C_MSIL2A_20250706T092051_R093_T34SDH_20250706T131358 -> REFINED
2025-09-04 04:29:56,193 - INFO - sentinel2.py:78 - 17/19 - S2B_MSIL2A_20250704T093039_R136_T34SDH_20250704T122623 -> REFINED
2025-09-04 04:29:59,814 - INFO - sentinel2.py:78 - 18/19 - S2A_MSIL2A_20250701T093051_R136_T34SDH_20250701T124117 -> REFINED
2025-09-04 04:30:03,062 - INFO - sentinel2.py:78 - 19/19 - S2B_MSIL2A_20250701T092029_R093_T34SDH_20250701T115535 -> REFINED
2025-09-04 04:30:03,084 - INFO - composites.py:250 -                                  
2025-09-04 04:30:03,090 - INFO - composites.py:251 - 19/19 were refined by GRI.
2025-09-04 04:30:03,090 - INFO - composites.py:263 - Looking for up to 10 cleanest images within spatiotemporal range of each MGRS tile
2025-09-04 04:30:03,091 - INFO - composites.py:277 - Filtered cleanest scenes: Kept 10 out of 19 items. 
2025-09-04 04:30:03,091 - INFO - composites.py:278 -         Included MGRS Tiles: ['34SDH']
2025-09-04 04:30:03,091 - INFO - composites.py:279 -         Included EPSG codes: [32634]
2025-09-04 04:30:03,091 - INFO - composites.py:281 - Selected scenes:
2025-09-04 04:30:03,091 - INFO - composites.py:283 -         S2C_MSIL2A_20250706T092051_R093_T34SDH_20250706T131358
2025-09-04 04:30:03,091 - INFO - composites.py:283 -         S2C_MSIL2A_20250726T092051_R093_T34SDH_20250726T125415
2025-09-04 04:30:03,091 - INFO - composites.py:283 -         S2B_MSIL2A_20250721T092029_R093_T34SDH_20250721T120259
2025-09-04 04:30:03,091 - INFO - composites.py:283 -         S2C_MSIL2A_20250716T092051_R093_T34SDH_20250716T143214
2025-09-04 04:30:03,091 - INFO - composites.py:283 -         S2A_MSIL2A_20250721T093051_R136_T34SDH_20250721T131822
2025-09-04 04:30:03,091 - INFO - composites.py:283 -         S2A_MSIL2A_20250718T092051_R093_T34SDH_20250718T125020
2025-09-04 04:30:03,091 - INFO - composites.py:283 -         S2B_MSIL2A_20250724T093039_R136_T34SDH_20250724T121124
2025-09-04 04:30:03,091 - INFO - composites.py:283 -         S2A_MSIL2A_20250728T092231_R093_T34SDH_20250728T111018
2025-09-04 04:30:03,091 - INFO - composites.py:283 -         S2C_MSIL2A_20250719T093101_R136_T34SDH_20250719T130112
2025-09-04 04:30:03,091 - INFO - composites.py:283 -         S2B_MSIL2A_20250701T092029_R093_T34SDH_20250701T115535
2025-09-04 04:30:03,461 - INFO - sentinel2.py:154 - Matplotlib backend: Agg
2025-09-04 04:30:03,674 - INFO - sentinel2.py:224 - Write input scenes footprint overlay: //nas-rs.topo.auth.gr/Latomeia/DROUGHT/composites/x06/y10/2025/07/01/S2L2A_medcomp_x06y10_202507_InDataFootprint.jpeg
2025-09-04 04:30:03,952 - INFO - composites.py:297 -                                  
2025-09-04 04:30:03,952 - INFO - composites.py:298 - Downstream STAC items from Planetary Computer
2025-09-04 04:30:03,952 - INFO - timeseries_processing.py:115 -                                  
2025-09-04 04:30:03,952 - INFO - timeseries_processing.py:116 - Loading bands of diferent resolutions in EPSG:32634
2025-09-04 04:30:03,953 - INFO - timeseries_processing.py:120 -     Filtering items with native UTM EPSG:32634
2025-09-04 04:30:03,953 - INFO - timeseries_processing.py:122 -     10 Items in EPSG:32634
2025-09-04 04:30:03,953 - INFO - timeseries_processing.py:129 -                        
2025-09-04 04:30:03,953 - INFO - timeseries_processing.py:130 -     Loading parameters:
2025-09-04 04:30:03,953 - INFO - timeseries_processing.py:131 -         Bands: ['B05', 'B07', 'B8A', 'SCL']
2025-09-04 04:30:03,953 - INFO - timeseries_processing.py:132 -         Spatial resolution: 20
2025-09-04 04:30:03,953 - INFO - timeseries_processing.py:134 -         Get Assets from STAC Items
2025-09-04 04:30:03,953 - INFO - timeseries_processing.py:47 -         Initialize the STAC client
2025-09-04 04:30:04,562 - INFO - timeseries_processing.py:137 -         Loading 10 STAC Items....
2025-09-04 04:30:35,080 - INFO - timeseries_processing.py:146 -         Cube has been downloaded
2025-09-04 04:30:35,081 - INFO - timeseries_processing.py:156 -         Fix order of dimensions
2025-09-04 04:30:35,082 - INFO - timeseries_processing.py:161 -         Append bands to the band-list of EPSG:32634
2025-09-04 04:30:35,082 - INFO - timeseries_processing.py:129 -                        
2025-09-04 04:30:35,082 - INFO - timeseries_processing.py:130 -     Loading parameters:
2025-09-04 04:30:35,082 - INFO - timeseries_processing.py:131 -         Bands: ['B02', 'B03', 'B04']
2025-09-04 04:30:35,083 - INFO - timeseries_processing.py:132 -         Spatial resolution: 10
2025-09-04 04:30:35,083 - INFO - timeseries_processing.py:134 -         Get Assets from STAC Items
2025-09-04 04:30:35,083 - INFO - timeseries_processing.py:47 -         Initialize the STAC client
2025-09-04 04:30:35,692 - INFO - timeseries_processing.py:137 -         Loading 10 STAC Items....
2025-09-04 04:32:32,743 - INFO - timeseries_processing.py:146 -         Cube has been downloaded
2025-09-04 04:32:32,743 - INFO - timeseries_processing.py:149 -         Reproject to downsample 10m bands to 20m by Resampling.average 2x2 binning and shape matching with odc.geo.GeoBox
2025-09-04 04:32:48,031 - INFO - timeseries_processing.py:161 -         Append bands to the band-list of EPSG:32634
2025-09-04 04:32:48,031 - INFO - timeseries_processing.py:165 -                        
2025-09-04 04:32:48,031 - INFO - timeseries_processing.py:166 -     Merging bands in a single dataset
2025-09-04 04:32:48,031 - INFO - timeseries_processing.py:167 -     Ensure all partial datasets are at (x=20, y=-20) resolution
2025-09-04 04:32:48,032 - INFO - timeseries_processing.py:171 -     Clip to the intersection of indexes
2025-09-04 04:32:49,320 - INFO - timeseries_processing.py:180 -     Make a list of bands to merge
2025-09-04 04:32:49,321 - INFO - timeseries_processing.py:184 -     Merge on intersection
2025-09-04 04:32:49,322 - INFO - timeseries_processing.py:192 -     Apply masks on clouds, shadows, thin cirrus, and snow/ice
2025-09-04 04:32:49,322 - INFO - sentinel2.py:122 -                Masking bits: [3, 7, 8, 9, 10, 11]
2025-09-04 04:32:50,465 - INFO - composites.py:307 - Reproject from UTM Zone to Tile geometry -> CRS(EPSG:32634), Resampling.bilinear
2025-09-04 04:32:57,102 - INFO - composites.py:310 -     New shape of datasets: Shape2d(x=2400, y=2400)
2025-09-04 04:32:57,693 - INFO - composites.py:329 - Scale SR to Sen2Cor Baseline 4.00 - Subtract 1000 in dates post 2022-01-25
2025-09-04 04:32:59,285 - INFO - composites.py:342 - Creating preview plot of input scenes
2025-09-04 04:33:32,692 - INFO - timeseries_processing.py:349 - Saved preview for 'B04' to //nas-rs.topo.auth.gr/Latomeia/DROUGHT/composites/x06/y10/2025/07/01/S2L2A_medcomp_x06y10_202507_InDataPreview.jpeg
2025-09-04 04:33:32,699 - INFO - composites.py:348 - Clip value range
2025-09-04 04:33:34,756 - INFO - composites.py:353 -                           
2025-09-04 04:33:34,756 - INFO - composites.py:354 - Computing spectral indices:
2025-09-04 04:33:34,770 - INFO - composites.py:357 -     EVI...
2025-09-04 04:33:36,017 - INFO - composites.py:359 -     NDVI...
2025-09-04 04:33:36,448 - INFO - composites.py:361 -     PSRI2...
2025-09-04 04:33:36,838 - INFO - composites.py:364 - Clip to typical value range
2025-09-04 04:33:37,479 - INFO - composites.py:371 - Reducing to median value temporal composite
2025-09-04 04:34:08,090 - INFO - composites.py:390 - Scale and Define data types & nodata per band
2025-09-04 04:34:08,313 - INFO - composites.py:411 - Assign time range and tile ID in metadata
2025-09-04 04:34:08,314 - INFO - composites.py:419 - Write bands to raster COG files
2025-09-04 04:34:13,707 - INFO - composites.py:432 - Write B02 -> //nas-rs.topo.auth.gr/Latomeia/DROUGHT/composites/x06/y10/2025/07/01/S2L2A_medcomp_x06y10_202507_B02.tif
2025-09-04 04:34:18,074 - INFO - composites.py:432 - Write B03 -> //nas-rs.topo.auth.gr/Latomeia/DROUGHT/composites/x06/y10/2025/07/01/S2L2A_medcomp_x06y10_202507_B03.tif
2025-09-04 04:34:23,085 - INFO - composites.py:432 - Write B04 -> //nas-rs.topo.auth.gr/Latomeia/DROUGHT/composites/x06/y10/2025/07/01/S2L2A_medcomp_x06y10_202507_B04.tif
2025-09-04 04:34:27,919 - INFO - composites.py:432 - Write B05 -> //nas-rs.topo.auth.gr/Latomeia/DROUGHT/composites/x06/y10/2025/07/01/S2L2A_medcomp_x06y10_202507_B05.tif
2025-09-04 04:34:32,665 - INFO - composites.py:432 - Write B07 -> //nas-rs.topo.auth.gr/Latomeia/DROUGHT/composites/x06/y10/2025/07/01/S2L2A_medcomp_x06y10_202507_B07.tif
2025-09-04 04:34:37,107 - INFO - composites.py:432 - Write B8A -> //nas-rs.topo.auth.gr/Latomeia/DROUGHT/composites/x06/y10/2025/07/01/S2L2A_medcomp_x06y10_202507_B8A.tif
2025-09-04 04:34:42,788 - INFO - composites.py:432 - Write EVI -> //nas-rs.topo.auth.gr/Latomeia/DROUGHT/composites/x06/y10/2025/07/01/S2L2A_medcomp_x06y10_202507_EVI.tif
2025-09-04 04:34:48,018 - INFO - composites.py:432 - Write NDVI -> //nas-rs.topo.auth.gr/Latomeia/DROUGHT/composites/x06/y10/2025/07/01/S2L2A_medcomp_x06y10_202507_NDVI.tif
2025-09-04 04:34:53,197 - INFO - composites.py:432 - Write PSRI2 -> //nas-rs.topo.auth.gr/Latomeia/DROUGHT/composites/x06/y10/2025/07/01/S2L2A_medcomp_x06y10_202507_PSRI2.tif
2025-09-04 04:34:53,197 - INFO - composites.py:436 - Prepare metadata YAML document
2025-09-04 04:34:53,775 - INFO - composites.py:458 - Write metadata YAML document to disk
2025-09-04 04:34:53,853 - INFO - composites.py:463 - Create datacube.model.Dataset from eo3 metadata
2025-09-04 04:34:53,869 - INFO - composites.py:476 - Index to datacube
2025-09-04 04:34:53,869 - INFO - _datasets.py:191 - Indexing 24f08b20-710a-48e2-80f6-4405405949e0
2025-09-04 04:34:53,878 - INFO - composites.py:479 - 
2025-09-04 04:34:53,878 - INFO - composites.py:480 -              ✔✔✔ COMPLETED: Tile x06_y10 | Time: 2025-07 | In 5.99 minutes
2025-09-04 04:34:53,878 - INFO - composites.py:481 - 
2025-09-04 04:34:53,878 - INFO - composites.py:489 - Closing Dask client
2025-09-04 04:34:53,880 - INFO - composites.py:493 - Closing Dask cluster
2025-09-04 04:34:53,880 - INFO - composites.py:494 - #######################################################################
