2025-09-02 23:48:39,816 - INFO - composites.py:102 - #######################################################################
2025-09-02 23:48:39,816 - INFO - composites.py:104 - Processing started
2025-09-02 23:48:39,817 - INFO - composites.py:105 -         Tile: x11_y08
2025-09-02 23:48:39,817 - INFO - composites.py:106 -         Time: 2025-01
2025-09-02 23:48:39,817 - INFO - composites.py:109 -                           
2025-09-02 23:48:39,817 - INFO - composites.py:110 - Establishing connection to datacube
2025-09-02 23:48:40,338 - INFO - composites.py:113 -                           
2025-09-02 23:48:40,339 - INFO - composites.py:114 - Sanity test: Check if dataset already exists in the datacube
2025-09-02 23:48:40,360 - INFO - composites.py:133 - The composite requested was not found and it will be computed
2025-09-02 23:48:40,360 - INFO - composites.py:136 -                                  
2025-09-02 23:48:40,360 - INFO - composites.py:137 - Initializing Dask cluster for parallelization
2025-09-02 23:48:45,783 - INFO - composites.py:161 - Dask dashboard is available at: http://127.0.0.1:8787/status
2025-09-02 23:48:45,784 - INFO - composites.py:164 - Create directories and naming conversions
2025-09-02 23:48:45,799 - INFO - composites.py:177 - Dataset location: //nas-rs.topo.auth.gr/Latomeia/DROUGHT/composites/x11/y08/2025/01/01
2025-09-02 23:48:45,799 - INFO - composites.py:180 -                           
2025-09-02 23:48:45,799 - INFO - composites.py:181 - Retrieve tile geometry
2025-09-02 23:48:45,827 - INFO - composites.py:192 - Create the Bounding Box (φ,λ)
2025-09-02 23:48:45,829 - INFO - composites.py:198 - Create the Bounding Box (x,y)
2025-09-02 23:48:45,829 - INFO - composites.py:211 -                           
2025-09-02 23:48:45,829 - INFO - composites.py:212 - Connect to Planetary Computer STAC Catalog
2025-09-02 23:48:46,087 - INFO - composites.py:220 - Search the STAC Catalog
2025-09-02 23:48:46,158 - INFO - composites.py:232 -         Query parameters:
2025-09-02 23:48:46,158 - INFO - composites.py:233 -             url:          https://planetarycomputer.microsoft.com/api/stac/v1/search
2025-09-02 23:48:46,158 - INFO - composites.py:234 -             client:       microsoft-pc
2025-09-02 23:48:46,158 - INFO - composites.py:235 -             collection:   sentinel-2-l2a
2025-09-02 23:48:46,158 - INFO - composites.py:236 -             bbox:         (22.845662885042927, 36.78779644280391, 23.507450073915326, 37.34127558081356)
2025-09-02 23:48:46,158 - INFO - composites.py:237 -             time range:   2025-01-01T00:00:00Z/2025-01-31T23:59:59Z
2025-09-02 23:48:46,158 - INFO - composites.py:238 -             cloud cover:  0% - 70%
2025-09-02 23:48:46,158 - INFO - composites.py:239 -             nodata cover: 0% - 33%
2025-09-02 23:48:46,158 - INFO - composites.py:241 -                           
2025-09-02 23:48:46,158 - INFO - composites.py:242 - Searching...
2025-09-02 23:48:46,604 - INFO - composites.py:245 - Query found 22 items
2025-09-02 23:48:46,604 - INFO - composites.py:247 - Searching for GRI REFINED scenes:
2025-09-02 23:48:50,124 - INFO - sentinel2.py:78 - 1/22 - S2B_MSIL2A_20250129T091129_R050_T34SGG_20250129T133949 -> NOT_REFINED
2025-09-02 23:48:54,621 - INFO - sentinel2.py:78 - 2/22 - S2B_MSIL2A_20250129T091129_R050_T34SGF_20250129T133949 -> NOT_REFINED
2025-09-02 23:48:59,186 - INFO - sentinel2.py:78 - 3/22 - S2B_MSIL2A_20250129T091129_R050_T34SFG_20250129T133949 -> NOT_REFINED
2025-09-02 23:49:02,522 - INFO - sentinel2.py:78 - 4/22 - S2B_MSIL2A_20250129T091129_R050_T34SFF_20250129T133949 -> NOT_REFINED
2025-09-02 23:49:06,526 - INFO - sentinel2.py:78 - 5/22 - S2C_MSIL2A_20250127T092311_R093_T34SFG_20250127T130112 -> NOT_REFINED
2025-09-02 23:49:11,120 - INFO - sentinel2.py:78 - 6/22 - S2C_MSIL2A_20250127T092311_R093_T34SFF_20250127T130112 -> NOT_REFINED
2025-09-02 23:49:15,204 - INFO - sentinel2.py:78 - 7/22 - S2B_MSIL2A_20250122T092209_R093_T34SFG_20250122T114937 -> NOT_REFINED
2025-09-02 23:49:19,291 - INFO - sentinel2.py:78 - 8/22 - S2B_MSIL2A_20250122T092209_R093_T34SFF_20250122T114937 -> NOT_REFINED
2025-09-02 23:49:22,569 - INFO - sentinel2.py:78 - 9/22 - S2B_MSIL2A_20250119T091219_R050_T34SGG_20250119T113022 -> NOT_REFINED
2025-09-02 23:49:27,120 - INFO - sentinel2.py:78 - 10/22 - S2B_MSIL2A_20250119T091219_R050_T34SGF_20250119T113022 -> NOT_REFINED
2025-09-02 23:49:30,700 - INFO - sentinel2.py:78 - 11/22 - S2B_MSIL2A_20250119T091219_R050_T34SFG_20250119T113022 -> NOT_REFINED
2025-09-02 23:49:35,249 - INFO - sentinel2.py:78 - 12/22 - S2B_MSIL2A_20250119T091219_R050_T34SFF_20250119T113022 -> NOT_REFINED
2025-09-02 23:49:39,562 - INFO - sentinel2.py:78 - 13/22 - S2A_MSIL2A_20250117T092321_R093_T34SFG_20250117T130404 -> NOT_REFINED
2025-09-02 23:49:42,942 - INFO - sentinel2.py:78 - 14/22 - S2A_MSIL2A_20250117T092321_R093_T34SFF_20250117T130404 -> NOT_REFINED
2025-09-02 23:49:46,170 - INFO - sentinel2.py:78 - 15/22 - S2B_MSIL2A_20250112T092239_R093_T34SFG_20250112T114846 -> NOT_REFINED
2025-09-02 23:49:51,187 - INFO - sentinel2.py:78 - 16/22 - S2B_MSIL2A_20250112T092239_R093_T34SFF_20250112T114846 -> NOT_REFINED
2025-09-02 23:49:55,261 - INFO - sentinel2.py:78 - 17/22 - S2B_MSIL2A_20250109T091249_R050_T34SGG_20250109T113211 -> NOT_REFINED
2025-09-02 23:49:58,494 - INFO - sentinel2.py:78 - 18/22 - S2B_MSIL2A_20250109T091249_R050_T34SGF_20250109T113211 -> NOT_REFINED
2025-09-02 23:50:02,591 - INFO - sentinel2.py:78 - 19/22 - S2B_MSIL2A_20250109T091249_R050_T34SFG_20250109T113211 -> NOT_REFINED
2025-09-02 23:50:07,257 - INFO - sentinel2.py:78 - 20/22 - S2B_MSIL2A_20250109T091249_R050_T34SFF_20250109T113211 -> NOT_REFINED
2025-09-02 23:50:11,180 - INFO - sentinel2.py:78 - 21/22 - S2B_MSIL2A_20250102T092309_R093_T34SFG_20250102T113432 -> NOT_REFINED
2025-09-02 23:50:15,647 - INFO - sentinel2.py:78 - 22/22 - S2B_MSIL2A_20250102T092309_R093_T34SFF_20250102T113432 -> NOT_REFINED
2025-09-02 23:50:15,699 - INFO - composites.py:250 -                                  
2025-09-02 23:50:15,700 - INFO - composites.py:251 - 0/22 were refined by GRI.
2025-09-02 23:50:15,700 - WARNING - composites.py:255 - Tile x11_y08 | Time: 2025-01: All scenes are flagged NOT REFINED.
2025-09-02 23:50:15,700 - WARNING - composites.py:256 - Tile x11_y08 | Time: 2025-01: The composite will be flagged with _NOREFINED.
2025-09-02 23:50:15,700 - INFO - composites.py:263 - Looking for up to 10 cleanest images within spatiotemporal range of each MGRS tile
2025-09-02 23:50:15,701 - INFO - composites.py:277 - Filtered cleanest scenes: Kept 22 out of 22 items. 
2025-09-02 23:50:15,701 - INFO - composites.py:278 -         Included MGRS Tiles: ['34SFF' '34SFG' '34SGF' '34SGG']
2025-09-02 23:50:15,701 - INFO - composites.py:279 -         Included EPSG codes: [32634]
2025-09-02 23:50:15,702 - INFO - composites.py:281 - Selected scenes:
2025-09-02 23:50:15,702 - INFO - composites.py:283 -         S2B_MSIL2A_20250119T091219_R050_T34SFF_20250119T113022
2025-09-02 23:50:15,715 - INFO - composites.py:283 -         S2C_MSIL2A_20250127T092311_R093_T34SFF_20250127T130112
2025-09-02 23:50:15,715 - INFO - composites.py:283 -         S2B_MSIL2A_20250102T092309_R093_T34SFF_20250102T113432
2025-09-02 23:50:15,715 - INFO - composites.py:283 -         S2A_MSIL2A_20250117T092321_R093_T34SFF_20250117T130404
2025-09-02 23:50:15,715 - INFO - composites.py:283 -         S2B_MSIL2A_20250109T091249_R050_T34SFF_20250109T113211
2025-09-02 23:50:15,715 - INFO - composites.py:283 -         S2B_MSIL2A_20250122T092209_R093_T34SFF_20250122T114937
2025-09-02 23:50:15,715 - INFO - composites.py:283 -         S2B_MSIL2A_20250129T091129_R050_T34SFF_20250129T133949
2025-09-02 23:50:15,715 - INFO - composites.py:283 -         S2B_MSIL2A_20250112T092239_R093_T34SFF_20250112T114846
2025-09-02 23:50:15,716 - INFO - composites.py:283 -         S2B_MSIL2A_20250119T091219_R050_T34SFG_20250119T113022
2025-09-02 23:50:15,716 - INFO - composites.py:283 -         S2B_MSIL2A_20250122T092209_R093_T34SFG_20250122T114937
2025-09-02 23:50:15,716 - INFO - composites.py:283 -         S2B_MSIL2A_20250129T091129_R050_T34SFG_20250129T133949
2025-09-02 23:50:15,717 - INFO - composites.py:283 -         S2B_MSIL2A_20250109T091249_R050_T34SFG_20250109T113211
2025-09-02 23:50:15,717 - INFO - composites.py:283 -         S2C_MSIL2A_20250127T092311_R093_T34SFG_20250127T130112
2025-09-02 23:50:15,717 - INFO - composites.py:283 -         S2A_MSIL2A_20250117T092321_R093_T34SFG_20250117T130404
2025-09-02 23:50:15,717 - INFO - composites.py:283 -         S2B_MSIL2A_20250112T092239_R093_T34SFG_20250112T114846
2025-09-02 23:50:15,717 - INFO - composites.py:283 -         S2B_MSIL2A_20250102T092309_R093_T34SFG_20250102T113432
2025-09-02 23:50:15,717 - INFO - composites.py:283 -         S2B_MSIL2A_20250109T091249_R050_T34SGF_20250109T113211
2025-09-02 23:50:15,717 - INFO - composites.py:283 -         S2B_MSIL2A_20250119T091219_R050_T34SGF_20250119T113022
2025-09-02 23:50:15,717 - INFO - composites.py:283 -         S2B_MSIL2A_20250129T091129_R050_T34SGF_20250129T133949
2025-09-02 23:50:15,717 - INFO - composites.py:283 -         S2B_MSIL2A_20250119T091219_R050_T34SGG_20250119T113022
2025-09-02 23:50:15,717 - INFO - composites.py:283 -         S2B_MSIL2A_20250109T091249_R050_T34SGG_20250109T113211
2025-09-02 23:50:15,717 - INFO - composites.py:283 -         S2B_MSIL2A_20250129T091129_R050_T34SGG_20250129T133949
2025-09-02 23:50:16,091 - INFO - sentinel2.py:154 - Matplotlib backend: Agg
2025-09-02 23:50:16,444 - INFO - sentinel2.py:224 - Write input scenes footprint overlay: //nas-rs.topo.auth.gr/Latomeia/DROUGHT/composites/x11/y08/2025/01/01/S2L2A_medcomp_x11y08_202501_InDataFootprint.jpeg
2025-09-02 23:50:16,657 - INFO - composites.py:297 -                                  
2025-09-02 23:50:16,657 - INFO - composites.py:298 - Downstream STAC items from Planetary Computer
2025-09-02 23:50:16,657 - INFO - timeseries_processing.py:115 -                                  
2025-09-02 23:50:16,657 - INFO - timeseries_processing.py:116 - Loading bands of diferent resolutions in EPSG:32634
2025-09-02 23:50:16,657 - INFO - timeseries_processing.py:120 -     Filtering items with native UTM EPSG:32634
2025-09-02 23:50:16,657 - INFO - timeseries_processing.py:122 -     22 Items in EPSG:32634
2025-09-02 23:50:16,657 - INFO - timeseries_processing.py:129 -                        
2025-09-02 23:50:16,657 - INFO - timeseries_processing.py:130 -     Loading parameters:
2025-09-02 23:50:16,657 - INFO - timeseries_processing.py:131 -         Bands: ['B05', 'B07', 'B8A', 'SCL']
2025-09-02 23:50:16,657 - INFO - timeseries_processing.py:132 -         Spatial resolution: 20
2025-09-02 23:50:16,657 - INFO - timeseries_processing.py:134 -         Get Assets from STAC Items
2025-09-02 23:50:16,657 - INFO - timeseries_processing.py:47 -         Initialize the STAC client
2025-09-02 23:50:17,307 - INFO - timeseries_processing.py:137 -         Loading 22 STAC Items....
2025-09-02 23:51:55,617 - INFO - timeseries_processing.py:146 -         Cube has been downloaded
2025-09-02 23:51:55,619 - INFO - timeseries_processing.py:156 -         Fix order of dimensions
2025-09-02 23:51:55,619 - INFO - timeseries_processing.py:161 -         Append bands to the band-list of EPSG:32634
2025-09-02 23:51:55,619 - INFO - timeseries_processing.py:129 -                        
2025-09-02 23:51:55,619 - INFO - timeseries_processing.py:130 -     Loading parameters:
2025-09-02 23:51:55,620 - INFO - timeseries_processing.py:131 -         Bands: ['B02', 'B03', 'B04']
2025-09-02 23:51:55,620 - INFO - timeseries_processing.py:132 -         Spatial resolution: 10
2025-09-02 23:51:55,620 - INFO - timeseries_processing.py:134 -         Get Assets from STAC Items
2025-09-02 23:51:55,620 - INFO - timeseries_processing.py:47 -         Initialize the STAC client
2025-09-02 23:51:56,158 - INFO - timeseries_processing.py:137 -         Loading 22 STAC Items....
2025-09-02 23:54:15,585 - INFO - timeseries_processing.py:146 -         Cube has been downloaded
2025-09-02 23:54:15,585 - INFO - timeseries_processing.py:149 -         Reproject to downsample 10m bands to 20m by Resampling.average 2x2 binning and shape matching with odc.geo.GeoBox
2025-09-02 23:54:27,384 - INFO - timeseries_processing.py:161 -         Append bands to the band-list of EPSG:32634
2025-09-02 23:54:27,384 - INFO - timeseries_processing.py:165 -                        
2025-09-02 23:54:27,384 - INFO - timeseries_processing.py:166 -     Merging bands in a single dataset
2025-09-02 23:54:27,384 - INFO - timeseries_processing.py:167 -     Ensure all partial datasets are at (x=20, y=-20) resolution
2025-09-02 23:54:27,385 - INFO - timeseries_processing.py:171 -     Clip to the intersection of indexes
2025-09-02 23:54:28,372 - INFO - timeseries_processing.py:180 -     Make a list of bands to merge
2025-09-02 23:54:28,373 - INFO - timeseries_processing.py:184 -     Merge on intersection
2025-09-02 23:54:28,374 - INFO - timeseries_processing.py:192 -     Apply masks on clouds, shadows, thin cirrus, and snow/ice
2025-09-02 23:54:28,374 - INFO - sentinel2.py:122 -                Masking bits: [3, 7, 8, 9, 10, 11]
2025-09-02 23:54:29,410 - INFO - composites.py:307 - Reproject from UTM Zone to Tile geometry -> CRS(EPSG:32634), Resampling.bilinear
2025-09-02 23:54:34,919 - INFO - composites.py:310 -     New shape of datasets: Shape2d(x=2400, y=2400)
2025-09-02 23:54:35,572 - INFO - composites.py:329 - Scale SR to Sen2Cor Baseline 4.00 - Subtract 1000 in dates post 2022-01-25
2025-09-02 23:54:36,888 - INFO - composites.py:342 - Creating preview plot of input scenes
2025-09-02 23:55:05,665 - INFO - timeseries_processing.py:349 - Saved preview for 'B04' to //nas-rs.topo.auth.gr/Latomeia/DROUGHT/composites/x11/y08/2025/01/01/S2L2A_medcomp_x11y08_202501_InDataPreview.jpeg
2025-09-02 23:55:05,670 - INFO - composites.py:348 - Clip value range
2025-09-02 23:55:07,284 - INFO - composites.py:353 -                           
2025-09-02 23:55:07,303 - INFO - composites.py:354 - Computing spectral indices:
2025-09-02 23:55:07,303 - INFO - composites.py:357 -     EVI...
2025-09-02 23:55:08,255 - INFO - composites.py:359 -     NDVI...
2025-09-02 23:55:08,593 - INFO - composites.py:361 -     PSRI2...
2025-09-02 23:55:08,842 - INFO - composites.py:364 - Clip to typical value range
2025-09-02 23:55:09,132 - INFO - composites.py:371 - Reducing to median value temporal composite
2025-09-02 23:55:32,498 - INFO - composites.py:390 - Scale and Define data types & nodata per band
2025-09-02 23:55:32,613 - INFO - composites.py:411 - Assign time range and tile ID in metadata
2025-09-02 23:55:32,614 - INFO - composites.py:419 - Write bands to raster COG files
2025-09-02 23:55:36,376 - INFO - composites.py:432 - Write B02 -> //nas-rs.topo.auth.gr/Latomeia/DROUGHT/composites/x11/y08/2025/01/01/S2L2A_medcomp_x11y08_202501_B02.tif
2025-09-02 23:55:40,059 - INFO - composites.py:432 - Write B03 -> //nas-rs.topo.auth.gr/Latomeia/DROUGHT/composites/x11/y08/2025/01/01/S2L2A_medcomp_x11y08_202501_B03.tif
2025-09-02 23:55:43,787 - INFO - composites.py:432 - Write B04 -> //nas-rs.topo.auth.gr/Latomeia/DROUGHT/composites/x11/y08/2025/01/01/S2L2A_medcomp_x11y08_202501_B04.tif
2025-09-02 23:55:47,504 - INFO - composites.py:432 - Write B05 -> //nas-rs.topo.auth.gr/Latomeia/DROUGHT/composites/x11/y08/2025/01/01/S2L2A_medcomp_x11y08_202501_B05.tif
2025-09-02 23:55:51,269 - INFO - composites.py:432 - Write B07 -> //nas-rs.topo.auth.gr/Latomeia/DROUGHT/composites/x11/y08/2025/01/01/S2L2A_medcomp_x11y08_202501_B07.tif
2025-09-02 23:55:55,011 - INFO - composites.py:432 - Write B8A -> //nas-rs.topo.auth.gr/Latomeia/DROUGHT/composites/x11/y08/2025/01/01/S2L2A_medcomp_x11y08_202501_B8A.tif
2025-09-02 23:55:58,618 - INFO - composites.py:432 - Write EVI -> //nas-rs.topo.auth.gr/Latomeia/DROUGHT/composites/x11/y08/2025/01/01/S2L2A_medcomp_x11y08_202501_EVI.tif
2025-09-02 23:56:02,446 - INFO - composites.py:432 - Write NDVI -> //nas-rs.topo.auth.gr/Latomeia/DROUGHT/composites/x11/y08/2025/01/01/S2L2A_medcomp_x11y08_202501_NDVI.tif
2025-09-02 23:56:05,977 - INFO - composites.py:432 - Write PSRI2 -> //nas-rs.topo.auth.gr/Latomeia/DROUGHT/composites/x11/y08/2025/01/01/S2L2A_medcomp_x11y08_202501_PSRI2.tif
2025-09-02 23:56:05,997 - INFO - composites.py:436 - Prepare metadata YAML document
2025-09-02 23:56:06,495 - INFO - composites.py:458 - Write metadata YAML document to disk
2025-09-02 23:56:06,553 - INFO - composites.py:463 - Create datacube.model.Dataset from eo3 metadata
2025-09-02 23:56:06,564 - INFO - composites.py:476 - Index to datacube
2025-09-02 23:56:06,564 - INFO - _datasets.py:191 - Indexing cac23eb4-ec38-4c37-91d9-40d81428243c
2025-09-02 23:56:06,573 - INFO - composites.py:479 - 
2025-09-02 23:56:06,573 - INFO - composites.py:480 -              ✔✔✔ COMPLETED: Tile x11_y08 | Time: 2025-01 | In 7.45 minutes
2025-09-02 23:56:06,573 - INFO - composites.py:481 - 
2025-09-02 23:56:06,573 - INFO - composites.py:489 - Closing Dask client
2025-09-02 23:56:06,574 - INFO - composites.py:493 - Closing Dask cluster
2025-09-02 23:56:06,574 - INFO - composites.py:494 - #######################################################################
