2025-09-03 01:42:40,023 - INFO - composites.py:102 - #######################################################################
2025-09-03 01:42:40,023 - INFO - composites.py:104 - Processing started
2025-09-03 01:42:40,023 - INFO - composites.py:105 -         Tile: x10_y08
2025-09-03 01:42:40,023 - INFO - composites.py:106 -         Time: 2025-02
2025-09-03 01:42:40,023 - INFO - composites.py:109 -                           
2025-09-03 01:42:40,023 - INFO - composites.py:110 - Establishing connection to datacube
2025-09-03 01:42:40,533 - INFO - composites.py:113 -                           
2025-09-03 01:42:40,533 - INFO - composites.py:114 - Sanity test: Check if dataset already exists in the datacube
2025-09-03 01:42:40,554 - INFO - composites.py:133 - The composite requested was not found and it will be computed
2025-09-03 01:42:40,554 - INFO - composites.py:136 -                                  
2025-09-03 01:42:40,554 - INFO - composites.py:137 - Initializing Dask cluster for parallelization
2025-09-03 01:42:45,653 - INFO - composites.py:161 - Dask dashboard is available at: http://127.0.0.1:8787/status
2025-09-03 01:42:45,653 - INFO - composites.py:164 - Create directories and naming conversions
2025-09-03 01:42:45,665 - INFO - composites.py:177 - Dataset location: //nas-rs.topo.auth.gr/Latomeia/DROUGHT/composites/x10/y08/2025/02/01
2025-09-03 01:42:45,665 - INFO - composites.py:180 -                           
2025-09-03 01:42:45,665 - INFO - composites.py:181 - Retrieve tile geometry
2025-09-03 01:42:45,694 - INFO - composites.py:192 - Create the Bounding Box (φ,λ)
2025-09-03 01:42:45,694 - INFO - composites.py:198 - Create the Bounding Box (x,y)
2025-09-03 01:42:45,694 - INFO - composites.py:211 -                           
2025-09-03 01:42:45,694 - INFO - composites.py:212 - Connect to Planetary Computer STAC Catalog
2025-09-03 01:42:45,905 - INFO - composites.py:220 - Search the STAC Catalog
2025-09-03 01:42:45,974 - INFO - composites.py:232 -         Query parameters:
2025-09-03 01:42:45,982 - INFO - composites.py:233 -             url:          https://planetarycomputer.microsoft.com/api/stac/v1/search
2025-09-03 01:42:45,982 - INFO - composites.py:234 -             client:       microsoft-pc
2025-09-03 01:42:45,982 - INFO - composites.py:235 -             collection:   sentinel-2-l2a
2025-09-03 01:42:45,982 - INFO - composites.py:236 -             bbox:         (22.316206507160903, 36.86212166478193, 22.975825813790852, 37.413146481379215)
2025-09-03 01:42:45,982 - INFO - composites.py:237 -             time range:   2025-02-01T00:00:00Z/2025-02-28T23:59:59Z
2025-09-03 01:42:45,982 - INFO - composites.py:238 -             cloud cover:  0% - 70%
2025-09-03 01:42:45,982 - INFO - composites.py:239 -             nodata cover: 0% - 33%
2025-09-03 01:42:45,982 - INFO - composites.py:241 -                           
2025-09-03 01:42:45,982 - INFO - composites.py:242 - Searching...
2025-09-03 01:42:46,405 - INFO - composites.py:245 - Query found 14 items
2025-09-03 01:42:46,405 - INFO - composites.py:247 - Searching for GRI REFINED scenes:
2025-09-03 01:42:51,664 - INFO - sentinel2.py:78 - 1/14 - S2B_MSIL2A_20250228T090829_R050_T34SFF_20250228T101632 -> REFINED
2025-09-03 01:42:57,480 - INFO - sentinel2.py:78 - 2/14 - S2C_MSIL2A_20250226T092051_R093_T34SFG_20250226T130213 -> REFINED
2025-09-03 01:43:02,801 - INFO - sentinel2.py:78 - 3/14 - S2C_MSIL2A_20250226T092051_R093_T34SFF_20250226T130213 -> REFINED
2025-09-03 01:43:09,091 - INFO - sentinel2.py:78 - 4/14 - S2C_MSIL2A_20250223T091021_R050_T34SFF_20250223T124910 -> REFINED
2025-09-03 01:43:14,150 - INFO - sentinel2.py:78 - 5/14 - S2B_MSIL2A_20250221T092029_R093_T34SFF_20250221T113743 -> REFINED
2025-09-03 01:43:20,028 - INFO - sentinel2.py:78 - 6/14 - S2B_MSIL2A_20250218T090939_R050_T34SFF_20250218T101504 -> REFINED
2025-09-03 01:43:26,247 - INFO - sentinel2.py:78 - 7/14 - S2B_MSIL2A_20250211T092029_R093_T34SFG_20250211T102421 -> REFINED
2025-09-03 01:43:32,975 - INFO - sentinel2.py:78 - 8/14 - S2B_MSIL2A_20250211T092029_R093_T34SFF_20250211T102421 -> REFINED
2025-09-03 01:43:38,937 - INFO - sentinel2.py:78 - 9/14 - S2B_MSIL2A_20250208T091039_R050_T34SFF_20250208T101846 -> REFINED
2025-09-03 01:43:43,986 - INFO - sentinel2.py:78 - 10/14 - S2C_MSIL2A_20250206T092211_R093_T34SFG_20250206T131411 -> REFINED
2025-09-03 01:43:49,121 - INFO - sentinel2.py:78 - 11/14 - S2C_MSIL2A_20250203T091231_R050_T34SFG_20250203T124749 -> REFINED
2025-09-03 01:43:55,316 - INFO - sentinel2.py:78 - 12/14 - S2C_MSIL2A_20250203T091231_R050_T34SFF_20250203T124749 -> REFINED
2025-09-03 01:44:00,335 - INFO - sentinel2.py:78 - 13/14 - S2B_MSIL2A_20250201T092119_R093_T34SFG_20250201T102424 -> REFINED
2025-09-03 01:44:06,500 - INFO - sentinel2.py:78 - 14/14 - S2B_MSIL2A_20250201T092119_R093_T34SFF_20250201T102424 -> REFINED
2025-09-03 01:44:06,538 - INFO - composites.py:250 -                                  
2025-09-03 01:44:06,538 - INFO - composites.py:251 - 14/14 were refined by GRI.
2025-09-03 01:44:06,538 - INFO - composites.py:263 - Looking for up to 10 cleanest images within spatiotemporal range of each MGRS tile
2025-09-03 01:44:06,538 - INFO - composites.py:277 - Filtered cleanest scenes: Kept 14 out of 14 items. 
2025-09-03 01:44:06,539 - INFO - composites.py:278 -         Included MGRS Tiles: ['34SFF' '34SFG']
2025-09-03 01:44:06,539 - INFO - composites.py:279 -         Included EPSG codes: [32634]
2025-09-03 01:44:06,539 - INFO - composites.py:281 - Selected scenes:
2025-09-03 01:44:06,539 - INFO - composites.py:283 -         S2B_MSIL2A_20250201T092119_R093_T34SFF_20250201T102424
2025-09-03 01:44:06,540 - INFO - composites.py:283 -         S2B_MSIL2A_20250228T090829_R050_T34SFF_20250228T101632
2025-09-03 01:44:06,549 - INFO - composites.py:283 -         S2C_MSIL2A_20250226T092051_R093_T34SFF_20250226T130213
2025-09-03 01:44:06,556 - INFO - composites.py:283 -         S2B_MSIL2A_20250221T092029_R093_T34SFF_20250221T113743
2025-09-03 01:44:06,566 - INFO - composites.py:283 -         S2C_MSIL2A_20250223T091021_R050_T34SFF_20250223T124910
2025-09-03 01:44:06,572 - INFO - composites.py:283 -         S2C_MSIL2A_20250203T091231_R050_T34SFF_20250203T124749
2025-09-03 01:44:06,572 - INFO - composites.py:283 -         S2B_MSIL2A_20250218T090939_R050_T34SFF_20250218T101504
2025-09-03 01:44:06,572 - INFO - composites.py:283 -         S2B_MSIL2A_20250211T092029_R093_T34SFF_20250211T102421
2025-09-03 01:44:06,573 - INFO - composites.py:283 -         S2B_MSIL2A_20250208T091039_R050_T34SFF_20250208T101846
2025-09-03 01:44:06,573 - INFO - composites.py:283 -         S2B_MSIL2A_20250201T092119_R093_T34SFG_20250201T102424
2025-09-03 01:44:06,573 - INFO - composites.py:283 -         S2C_MSIL2A_20250226T092051_R093_T34SFG_20250226T130213
2025-09-03 01:44:06,573 - INFO - composites.py:283 -         S2B_MSIL2A_20250211T092029_R093_T34SFG_20250211T102421
2025-09-03 01:44:06,573 - INFO - composites.py:283 -         S2C_MSIL2A_20250203T091231_R050_T34SFG_20250203T124749
2025-09-03 01:44:06,573 - INFO - composites.py:283 -         S2C_MSIL2A_20250206T092211_R093_T34SFG_20250206T131411
2025-09-03 01:44:06,925 - INFO - sentinel2.py:154 - Matplotlib backend: Agg
2025-09-03 01:44:07,114 - INFO - sentinel2.py:224 - Write input scenes footprint overlay: //nas-rs.topo.auth.gr/Latomeia/DROUGHT/composites/x10/y08/2025/02/01/S2L2A_medcomp_x10y08_202502_InDataFootprint.jpeg
2025-09-03 01:44:07,412 - INFO - composites.py:297 -                                  
2025-09-03 01:44:07,412 - INFO - composites.py:298 - Downstream STAC items from Planetary Computer
2025-09-03 01:44:07,412 - INFO - timeseries_processing.py:115 -                                  
2025-09-03 01:44:07,412 - INFO - timeseries_processing.py:116 - Loading bands of diferent resolutions in EPSG:32634
2025-09-03 01:44:07,412 - INFO - timeseries_processing.py:120 -     Filtering items with native UTM EPSG:32634
2025-09-03 01:44:07,412 - INFO - timeseries_processing.py:122 -     14 Items in EPSG:32634
2025-09-03 01:44:07,413 - INFO - timeseries_processing.py:129 -                        
2025-09-03 01:44:07,413 - INFO - timeseries_processing.py:130 -     Loading parameters:
2025-09-03 01:44:07,413 - INFO - timeseries_processing.py:131 -         Bands: ['B05', 'B07', 'B8A', 'SCL']
2025-09-03 01:44:07,413 - INFO - timeseries_processing.py:132 -         Spatial resolution: 20
2025-09-03 01:44:07,413 - INFO - timeseries_processing.py:134 -         Get Assets from STAC Items
2025-09-03 01:44:07,413 - INFO - timeseries_processing.py:47 -         Initialize the STAC client
2025-09-03 01:44:08,014 - INFO - timeseries_processing.py:137 -         Loading 14 STAC Items....
2025-09-03 01:45:31,856 - INFO - timeseries_processing.py:146 -         Cube has been downloaded
2025-09-03 01:45:31,856 - INFO - timeseries_processing.py:156 -         Fix order of dimensions
2025-09-03 01:45:31,859 - INFO - timeseries_processing.py:161 -         Append bands to the band-list of EPSG:32634
2025-09-03 01:45:31,859 - INFO - timeseries_processing.py:129 -                        
2025-09-03 01:45:31,859 - INFO - timeseries_processing.py:130 -     Loading parameters:
2025-09-03 01:45:31,861 - INFO - timeseries_processing.py:131 -         Bands: ['B02', 'B03', 'B04']
2025-09-03 01:45:31,861 - INFO - timeseries_processing.py:132 -         Spatial resolution: 10
2025-09-03 01:45:31,861 - INFO - timeseries_processing.py:134 -         Get Assets from STAC Items
2025-09-03 01:45:31,862 - INFO - timeseries_processing.py:47 -         Initialize the STAC client
2025-09-03 01:45:32,423 - INFO - timeseries_processing.py:137 -         Loading 14 STAC Items....
2025-09-03 01:48:57,044 - INFO - timeseries_processing.py:146 -         Cube has been downloaded
2025-09-03 01:48:57,044 - INFO - timeseries_processing.py:149 -         Reproject to downsample 10m bands to 20m by Resampling.average 2x2 binning and shape matching with odc.geo.GeoBox
2025-09-03 01:49:11,327 - INFO - timeseries_processing.py:161 -         Append bands to the band-list of EPSG:32634
2025-09-03 01:49:11,327 - INFO - timeseries_processing.py:165 -                        
2025-09-03 01:49:11,327 - INFO - timeseries_processing.py:166 -     Merging bands in a single dataset
2025-09-03 01:49:11,327 - INFO - timeseries_processing.py:167 -     Ensure all partial datasets are at (x=20, y=-20) resolution
2025-09-03 01:49:11,327 - INFO - timeseries_processing.py:171 -     Clip to the intersection of indexes
2025-09-03 01:49:12,394 - INFO - timeseries_processing.py:180 -     Make a list of bands to merge
2025-09-03 01:49:12,396 - INFO - timeseries_processing.py:184 -     Merge on intersection
2025-09-03 01:49:12,396 - INFO - timeseries_processing.py:192 -     Apply masks on clouds, shadows, thin cirrus, and snow/ice
2025-09-03 01:49:12,397 - INFO - sentinel2.py:122 -                Masking bits: [3, 7, 8, 9, 10, 11]
2025-09-03 01:49:13,630 - INFO - composites.py:307 - Reproject from UTM Zone to Tile geometry -> CRS(EPSG:32634), Resampling.bilinear
2025-09-03 01:49:20,447 - INFO - composites.py:310 -     New shape of datasets: Shape2d(x=2400, y=2400)
2025-09-03 01:49:21,367 - INFO - composites.py:329 - Scale SR to Sen2Cor Baseline 4.00 - Subtract 1000 in dates post 2022-01-25
2025-09-03 01:49:22,787 - INFO - composites.py:342 - Creating preview plot of input scenes
2025-09-03 01:49:55,464 - INFO - timeseries_processing.py:349 - Saved preview for 'B04' to //nas-rs.topo.auth.gr/Latomeia/DROUGHT/composites/x10/y08/2025/02/01/S2L2A_medcomp_x10y08_202502_InDataPreview.jpeg
2025-09-03 01:49:55,471 - INFO - composites.py:348 - Clip value range
2025-09-03 01:49:57,428 - INFO - composites.py:353 -                           
2025-09-03 01:49:57,435 - INFO - composites.py:354 - Computing spectral indices:
2025-09-03 01:49:57,435 - INFO - composites.py:357 -     EVI...
2025-09-03 01:49:58,616 - INFO - composites.py:359 -     NDVI...
2025-09-03 01:49:58,999 - INFO - composites.py:361 -     PSRI2...
2025-09-03 01:49:59,291 - INFO - composites.py:364 - Clip to typical value range
2025-09-03 01:49:59,671 - INFO - composites.py:371 - Reducing to median value temporal composite
2025-09-03 01:50:27,598 - INFO - composites.py:390 - Scale and Define data types & nodata per band
2025-09-03 01:50:27,729 - INFO - composites.py:411 - Assign time range and tile ID in metadata
2025-09-03 01:50:27,729 - INFO - composites.py:419 - Write bands to raster COG files
2025-09-03 01:50:31,993 - INFO - composites.py:432 - Write B02 -> //nas-rs.topo.auth.gr/Latomeia/DROUGHT/composites/x10/y08/2025/02/01/S2L2A_medcomp_x10y08_202502_B02.tif
2025-09-03 01:50:35,852 - INFO - composites.py:432 - Write B03 -> //nas-rs.topo.auth.gr/Latomeia/DROUGHT/composites/x10/y08/2025/02/01/S2L2A_medcomp_x10y08_202502_B03.tif
2025-09-03 01:50:39,810 - INFO - composites.py:432 - Write B04 -> //nas-rs.topo.auth.gr/Latomeia/DROUGHT/composites/x10/y08/2025/02/01/S2L2A_medcomp_x10y08_202502_B04.tif
2025-09-03 01:50:43,751 - INFO - composites.py:432 - Write B05 -> //nas-rs.topo.auth.gr/Latomeia/DROUGHT/composites/x10/y08/2025/02/01/S2L2A_medcomp_x10y08_202502_B05.tif
2025-09-03 01:50:47,665 - INFO - composites.py:432 - Write B07 -> //nas-rs.topo.auth.gr/Latomeia/DROUGHT/composites/x10/y08/2025/02/01/S2L2A_medcomp_x10y08_202502_B07.tif
2025-09-03 01:50:51,609 - INFO - composites.py:432 - Write B8A -> //nas-rs.topo.auth.gr/Latomeia/DROUGHT/composites/x10/y08/2025/02/01/S2L2A_medcomp_x10y08_202502_B8A.tif
2025-09-03 01:50:55,452 - INFO - composites.py:432 - Write EVI -> //nas-rs.topo.auth.gr/Latomeia/DROUGHT/composites/x10/y08/2025/02/01/S2L2A_medcomp_x10y08_202502_EVI.tif
2025-09-03 01:50:59,387 - INFO - composites.py:432 - Write NDVI -> //nas-rs.topo.auth.gr/Latomeia/DROUGHT/composites/x10/y08/2025/02/01/S2L2A_medcomp_x10y08_202502_NDVI.tif
2025-09-03 01:51:03,218 - INFO - composites.py:432 - Write PSRI2 -> //nas-rs.topo.auth.gr/Latomeia/DROUGHT/composites/x10/y08/2025/02/01/S2L2A_medcomp_x10y08_202502_PSRI2.tif
2025-09-03 01:51:03,231 - INFO - composites.py:436 - Prepare metadata YAML document
2025-09-03 01:51:03,747 - INFO - composites.py:458 - Write metadata YAML document to disk
2025-09-03 01:51:03,771 - INFO - composites.py:463 - Create datacube.model.Dataset from eo3 metadata
2025-09-03 01:51:03,781 - INFO - composites.py:476 - Index to datacube
2025-09-03 01:51:03,781 - INFO - _datasets.py:191 - Indexing f3c3a41c-5fd0-436a-80bc-9222f227689f
2025-09-03 01:51:03,789 - INFO - composites.py:479 - 
2025-09-03 01:51:03,789 - INFO - composites.py:480 -              ✔✔✔ COMPLETED: Tile x10_y08 | Time: 2025-02 | In 8.4 minutes
2025-09-03 01:51:03,789 - INFO - composites.py:481 - 
2025-09-03 01:51:03,789 - INFO - composites.py:489 - Closing Dask client
2025-09-03 01:51:03,792 - INFO - composites.py:493 - Closing Dask cluster
2025-09-03 01:51:03,792 - INFO - composites.py:494 - #######################################################################
