2025-09-02 07:19:01,348 - INFO - composites.py:102 - #######################################################################
2025-09-02 07:19:01,348 - INFO - composites.py:104 - Processing started
2025-09-02 07:19:01,348 - INFO - composites.py:105 -         Tile: x08_y11
2025-09-02 07:19:01,348 - INFO - composites.py:106 -         Time: 2024-08
2025-09-02 07:19:01,348 - INFO - composites.py:109 -                           
2025-09-02 07:19:01,348 - INFO - composites.py:110 - Establishing connection to datacube
2025-09-02 07:19:01,855 - INFO - composites.py:113 -                           
2025-09-02 07:19:01,855 - INFO - composites.py:114 - Sanity test: Check if dataset already exists in the datacube
2025-09-02 07:19:01,876 - INFO - composites.py:133 - The composite requested was not found and it will be computed
2025-09-02 07:19:01,876 - INFO - composites.py:136 -                                  
2025-09-02 07:19:01,876 - INFO - composites.py:137 - Initializing Dask cluster for parallelization
2025-09-02 07:19:07,019 - INFO - composites.py:161 - Dask dashboard is available at: http://127.0.0.1:8787/status
2025-09-02 07:19:07,020 - INFO - composites.py:164 - Create directories and naming conversions
2025-09-02 07:19:07,031 - INFO - composites.py:177 - Dataset location: //nas-rs.topo.auth.gr/Latomeia/DROUGHT/composites/x08/y11/2024/08/01
2025-09-02 07:19:07,031 - INFO - composites.py:180 -                           
2025-09-02 07:19:07,031 - INFO - composites.py:181 - Retrieve tile geometry
2025-09-02 07:19:07,066 - INFO - composites.py:192 - Create the Bounding Box (φ,λ)
2025-09-02 07:19:07,066 - INFO - composites.py:198 - Create the Bounding Box (x,y)
2025-09-02 07:19:07,066 - INFO - composites.py:211 -                           
2025-09-02 07:19:07,066 - INFO - composites.py:212 - Connect to Planetary Computer STAC Catalog
2025-09-02 07:19:07,327 - INFO - composites.py:220 - Search the STAC Catalog
2025-09-02 07:19:07,397 - INFO - composites.py:232 -         Query parameters:
2025-09-02 07:19:07,407 - INFO - composites.py:233 -             url:          https://planetarycomputer.microsoft.com/api/stac/v1/search
2025-09-02 07:19:07,408 - INFO - composites.py:234 -             client:       microsoft-pc
2025-09-02 07:19:07,408 - INFO - composites.py:235 -             collection:   sentinel-2-l2a
2025-09-02 07:19:07,408 - INFO - composites.py:236 -             bbox:         (21.470456200843422, 38.29135632905737, 22.139354689000736, 38.83788179019963)
2025-09-02 07:19:07,408 - INFO - composites.py:237 -             time range:   2024-08-01T00:00:00Z/2024-08-31T23:59:59Z
2025-09-02 07:19:07,408 - INFO - composites.py:238 -             cloud cover:  0% - 70%
2025-09-02 07:19:07,408 - INFO - composites.py:239 -             nodata cover: 0% - 33%
2025-09-02 07:19:07,408 - INFO - composites.py:241 -                           
2025-09-02 07:19:07,408 - INFO - composites.py:242 - Searching...
2025-09-02 07:19:07,835 - INFO - composites.py:245 - Query found 10 items
2025-09-02 07:19:07,835 - INFO - composites.py:247 - Searching for GRI REFINED scenes:
2025-09-02 07:19:11,113 - INFO - sentinel2.py:78 - 1/10 - S2B_MSIL2A_20240825T091549_R093_T34SEJ_20240826T145644 -> REFINED
2025-09-02 07:19:15,291 - INFO - sentinel2.py:78 - 2/10 - S2B_MSIL2A_20240825T091549_R093_T34SEH_20240826T145644 -> REFINED
2025-09-02 07:19:19,080 - INFO - sentinel2.py:78 - 3/10 - S2A_MSIL2A_20240820T092031_R093_T34SEJ_20240820T140151 -> REFINED
2025-09-02 07:19:22,602 - INFO - sentinel2.py:78 - 4/10 - S2A_MSIL2A_20240820T092031_R093_T34SEH_20240820T140151 -> REFINED
2025-09-02 07:19:26,852 - INFO - sentinel2.py:78 - 5/10 - S2B_MSIL2A_20240815T091559_R093_T34SEJ_20240815T120839 -> REFINED
2025-09-02 07:19:31,040 - INFO - sentinel2.py:78 - 6/10 - S2B_MSIL2A_20240815T091559_R093_T34SEH_20240815T120839 -> REFINED
2025-09-02 07:19:35,268 - INFO - sentinel2.py:78 - 7/10 - S2A_MSIL2A_20240810T092031_R093_T34SEJ_20240810T141351 -> REFINED
2025-09-02 07:19:39,075 - INFO - sentinel2.py:78 - 8/10 - S2A_MSIL2A_20240810T092031_R093_T34SEH_20240810T141351 -> REFINED
2025-09-02 07:19:42,322 - INFO - sentinel2.py:78 - 9/10 - S2B_MSIL2A_20240805T091559_R093_T34SEJ_20240805T134825 -> REFINED
2025-09-02 07:19:45,536 - INFO - sentinel2.py:78 - 10/10 - S2B_MSIL2A_20240805T091559_R093_T34SEH_20240805T134825 -> REFINED
2025-09-02 07:19:45,585 - INFO - composites.py:250 -                                  
2025-09-02 07:19:45,585 - INFO - composites.py:251 - 10/10 were refined by GRI.
2025-09-02 07:19:45,585 - INFO - composites.py:263 - Looking for up to 10 cleanest images within spatiotemporal range of each MGRS tile
2025-09-02 07:19:45,585 - INFO - composites.py:277 - Filtered cleanest scenes: Kept 10 out of 10 items. 
2025-09-02 07:19:45,586 - INFO - composites.py:278 -         Included MGRS Tiles: ['34SEH' '34SEJ']
2025-09-02 07:19:45,586 - INFO - composites.py:279 -         Included EPSG codes: [32634]
2025-09-02 07:19:45,586 - INFO - composites.py:281 - Selected scenes:
2025-09-02 07:19:45,586 - INFO - composites.py:283 -         S2B_MSIL2A_20240815T091559_R093_T34SEH_20240815T120839
2025-09-02 07:19:45,586 - INFO - composites.py:283 -         S2B_MSIL2A_20240805T091559_R093_T34SEH_20240805T134825
2025-09-02 07:19:45,586 - INFO - composites.py:283 -         S2A_MSIL2A_20240810T092031_R093_T34SEH_20240810T141351
2025-09-02 07:19:45,596 - INFO - composites.py:283 -         S2A_MSIL2A_20240820T092031_R093_T34SEH_20240820T140151
2025-09-02 07:19:45,596 - INFO - composites.py:283 -         S2B_MSIL2A_20240825T091549_R093_T34SEH_20240826T145644
2025-09-02 07:19:45,596 - INFO - composites.py:283 -         S2B_MSIL2A_20240815T091559_R093_T34SEJ_20240815T120839
2025-09-02 07:19:45,598 - INFO - composites.py:283 -         S2B_MSIL2A_20240825T091549_R093_T34SEJ_20240826T145644
2025-09-02 07:19:45,598 - INFO - composites.py:283 -         S2A_MSIL2A_20240810T092031_R093_T34SEJ_20240810T141351
2025-09-02 07:19:45,598 - INFO - composites.py:283 -         S2B_MSIL2A_20240805T091559_R093_T34SEJ_20240805T134825
2025-09-02 07:19:45,598 - INFO - composites.py:283 -         S2A_MSIL2A_20240820T092031_R093_T34SEJ_20240820T140151
2025-09-02 07:19:45,948 - INFO - sentinel2.py:154 - Matplotlib backend: Agg
2025-09-02 07:19:46,123 - INFO - sentinel2.py:224 - Write input scenes footprint overlay: //nas-rs.topo.auth.gr/Latomeia/DROUGHT/composites/x08/y11/2024/08/01/S2L2A_medcomp_x08y11_202408_InDataFootprint.jpeg
2025-09-02 07:19:46,325 - INFO - composites.py:297 -                                  
2025-09-02 07:19:46,325 - INFO - composites.py:298 - Downstream STAC items from Planetary Computer
2025-09-02 07:19:46,325 - INFO - timeseries_processing.py:115 -                                  
2025-09-02 07:19:46,325 - INFO - timeseries_processing.py:116 - Loading bands of diferent resolutions in EPSG:32634
2025-09-02 07:19:46,325 - INFO - timeseries_processing.py:120 -     Filtering items with native UTM EPSG:32634
2025-09-02 07:19:46,325 - INFO - timeseries_processing.py:122 -     10 Items in EPSG:32634
2025-09-02 07:19:46,325 - INFO - timeseries_processing.py:129 -                        
2025-09-02 07:19:46,325 - INFO - timeseries_processing.py:130 -     Loading parameters:
2025-09-02 07:19:46,325 - INFO - timeseries_processing.py:131 -         Bands: ['B05', 'B07', 'B8A', 'SCL']
2025-09-02 07:19:46,326 - INFO - timeseries_processing.py:132 -         Spatial resolution: 20
2025-09-02 07:19:46,326 - INFO - timeseries_processing.py:134 -         Get Assets from STAC Items
2025-09-02 07:19:46,326 - INFO - timeseries_processing.py:47 -         Initialize the STAC client
2025-09-02 07:19:47,049 - INFO - timeseries_processing.py:137 -         Loading 10 STAC Items....
2025-09-02 07:20:12,563 - INFO - timeseries_processing.py:146 -         Cube has been downloaded
2025-09-02 07:20:12,563 - INFO - timeseries_processing.py:156 -         Fix order of dimensions
2025-09-02 07:20:12,565 - INFO - timeseries_processing.py:161 -         Append bands to the band-list of EPSG:32634
2025-09-02 07:20:12,565 - INFO - timeseries_processing.py:129 -                        
2025-09-02 07:20:12,567 - INFO - timeseries_processing.py:130 -     Loading parameters:
2025-09-02 07:20:12,567 - INFO - timeseries_processing.py:131 -         Bands: ['B02', 'B03', 'B04']
2025-09-02 07:20:12,567 - INFO - timeseries_processing.py:132 -         Spatial resolution: 10
2025-09-02 07:20:12,568 - INFO - timeseries_processing.py:134 -         Get Assets from STAC Items
2025-09-02 07:20:12,568 - INFO - timeseries_processing.py:47 -         Initialize the STAC client
2025-09-02 07:20:13,105 - INFO - timeseries_processing.py:137 -         Loading 10 STAC Items....
2025-09-02 07:21:26,099 - INFO - timeseries_processing.py:146 -         Cube has been downloaded
2025-09-02 07:21:26,099 - INFO - timeseries_processing.py:149 -         Reproject to downsample 10m bands to 20m by Resampling.average 2x2 binning and shape matching with odc.geo.GeoBox
2025-09-02 07:21:33,548 - INFO - timeseries_processing.py:161 -         Append bands to the band-list of EPSG:32634
2025-09-02 07:21:33,548 - INFO - timeseries_processing.py:165 -                        
2025-09-02 07:21:33,548 - INFO - timeseries_processing.py:166 -     Merging bands in a single dataset
2025-09-02 07:21:33,548 - INFO - timeseries_processing.py:167 -     Ensure all partial datasets are at (x=20, y=-20) resolution
2025-09-02 07:21:33,548 - INFO - timeseries_processing.py:171 -     Clip to the intersection of indexes
2025-09-02 07:21:34,735 - INFO - timeseries_processing.py:180 -     Make a list of bands to merge
2025-09-02 07:21:34,736 - INFO - timeseries_processing.py:184 -     Merge on intersection
2025-09-02 07:21:34,737 - INFO - timeseries_processing.py:192 -     Apply masks on clouds, shadows, thin cirrus, and snow/ice
2025-09-02 07:21:34,737 - INFO - sentinel2.py:122 -                Masking bits: [3, 7, 8, 9, 10, 11]
2025-09-02 07:21:35,329 - INFO - composites.py:307 - Reproject from UTM Zone to Tile geometry -> CRS(EPSG:32634), Resampling.bilinear
2025-09-02 07:21:38,677 - INFO - composites.py:310 -     New shape of datasets: Shape2d(x=2400, y=2400)
2025-09-02 07:21:39,176 - INFO - composites.py:329 - Scale SR to Sen2Cor Baseline 4.00 - Subtract 1000 in dates post 2022-01-25
2025-09-02 07:21:39,956 - INFO - composites.py:342 - Creating preview plot of input scenes
2025-09-02 07:22:02,697 - INFO - timeseries_processing.py:349 - Saved preview for 'B04' to //nas-rs.topo.auth.gr/Latomeia/DROUGHT/composites/x08/y11/2024/08/01/S2L2A_medcomp_x08y11_202408_InDataPreview.jpeg
2025-09-02 07:22:02,701 - INFO - composites.py:348 - Clip value range
2025-09-02 07:22:03,733 - INFO - composites.py:353 -                           
2025-09-02 07:22:03,733 - INFO - composites.py:354 - Computing spectral indices:
2025-09-02 07:22:03,733 - INFO - composites.py:357 -     EVI...
2025-09-02 07:22:04,333 - INFO - composites.py:359 -     NDVI...
2025-09-02 07:22:04,600 - INFO - composites.py:361 -     PSRI2...
2025-09-02 07:22:04,731 - INFO - composites.py:364 - Clip to typical value range
2025-09-02 07:22:04,901 - INFO - composites.py:371 - Reducing to median value temporal composite
2025-09-02 07:22:28,735 - INFO - composites.py:390 - Scale and Define data types & nodata per band
2025-09-02 07:22:28,836 - INFO - composites.py:411 - Assign time range and tile ID in metadata
2025-09-02 07:22:28,837 - INFO - composites.py:419 - Write bands to raster COG files
2025-09-02 07:22:32,815 - INFO - composites.py:432 - Write B02 -> //nas-rs.topo.auth.gr/Latomeia/DROUGHT/composites/x08/y11/2024/08/01/S2L2A_medcomp_x08y11_202408_B02.tif
2025-09-02 07:22:36,799 - INFO - composites.py:432 - Write B03 -> //nas-rs.topo.auth.gr/Latomeia/DROUGHT/composites/x08/y11/2024/08/01/S2L2A_medcomp_x08y11_202408_B03.tif
2025-09-02 07:22:40,746 - INFO - composites.py:432 - Write B04 -> //nas-rs.topo.auth.gr/Latomeia/DROUGHT/composites/x08/y11/2024/08/01/S2L2A_medcomp_x08y11_202408_B04.tif
2025-09-02 07:22:44,711 - INFO - composites.py:432 - Write B05 -> //nas-rs.topo.auth.gr/Latomeia/DROUGHT/composites/x08/y11/2024/08/01/S2L2A_medcomp_x08y11_202408_B05.tif
2025-09-02 07:22:48,651 - INFO - composites.py:432 - Write B07 -> //nas-rs.topo.auth.gr/Latomeia/DROUGHT/composites/x08/y11/2024/08/01/S2L2A_medcomp_x08y11_202408_B07.tif
2025-09-02 07:22:52,575 - INFO - composites.py:432 - Write B8A -> //nas-rs.topo.auth.gr/Latomeia/DROUGHT/composites/x08/y11/2024/08/01/S2L2A_medcomp_x08y11_202408_B8A.tif
2025-09-02 07:22:56,450 - INFO - composites.py:432 - Write EVI -> //nas-rs.topo.auth.gr/Latomeia/DROUGHT/composites/x08/y11/2024/08/01/S2L2A_medcomp_x08y11_202408_EVI.tif
2025-09-02 07:23:00,404 - INFO - composites.py:432 - Write NDVI -> //nas-rs.topo.auth.gr/Latomeia/DROUGHT/composites/x08/y11/2024/08/01/S2L2A_medcomp_x08y11_202408_NDVI.tif
2025-09-02 07:23:04,238 - INFO - composites.py:432 - Write PSRI2 -> //nas-rs.topo.auth.gr/Latomeia/DROUGHT/composites/x08/y11/2024/08/01/S2L2A_medcomp_x08y11_202408_PSRI2.tif
2025-09-02 07:23:04,253 - INFO - composites.py:436 - Prepare metadata YAML document
2025-09-02 07:23:04,746 - INFO - composites.py:458 - Write metadata YAML document to disk
2025-09-02 07:23:04,766 - INFO - composites.py:463 - Create datacube.model.Dataset from eo3 metadata
2025-09-02 07:23:04,777 - INFO - composites.py:476 - Index to datacube
2025-09-02 07:23:04,777 - INFO - _datasets.py:191 - Indexing 47a75ddd-5da8-4ad4-b9dc-40adf1fcaf29
2025-09-02 07:23:04,784 - INFO - composites.py:479 - 
2025-09-02 07:23:04,785 - INFO - composites.py:480 -              ✔✔✔ COMPLETED: Tile x08_y11 | Time: 2024-08 | In 4.06 minutes
2025-09-02 07:23:04,785 - INFO - composites.py:481 - 
2025-09-02 07:23:04,785 - INFO - composites.py:489 - Closing Dask client
2025-09-02 07:23:04,786 - INFO - composites.py:493 - Closing Dask cluster
2025-09-02 07:23:04,786 - INFO - composites.py:494 - #######################################################################
