2025-09-01 16:51:16,044 - INFO - composites.py:102 - #######################################################################
2025-09-01 16:51:16,044 - INFO - composites.py:104 - Processing started
2025-09-01 16:51:16,044 - INFO - composites.py:105 -         Tile: x09_y07
2025-09-01 16:51:16,044 - INFO - composites.py:106 -         Time: 2024-03
2025-09-01 16:51:16,044 - INFO - composites.py:109 -                           
2025-09-01 16:51:16,044 - INFO - composites.py:110 - Establishing connection to datacube
2025-09-01 16:51:16,694 - INFO - composites.py:113 -                           
2025-09-01 16:51:16,694 - INFO - composites.py:114 - Sanity test: Check if dataset already exists in the datacube
2025-09-01 16:51:16,715 - INFO - composites.py:133 - The composite requested was not found and it will be computed
2025-09-01 16:51:16,715 - INFO - composites.py:136 -                                  
2025-09-01 16:51:16,715 - INFO - composites.py:137 - Initializing Dask cluster for parallelization
2025-09-01 16:51:22,074 - INFO - composites.py:161 - Dask dashboard is available at: http://127.0.0.1:8787/status
2025-09-01 16:51:22,074 - INFO - composites.py:164 - Create directories and naming conversions
2025-09-01 16:51:22,086 - INFO - composites.py:177 - Dataset location: //nas-rs.topo.auth.gr/Latomeia/DROUGHT/composites/x09/y07/2024/03/01
2025-09-01 16:51:22,087 - INFO - composites.py:180 -                           
2025-09-01 16:51:22,087 - INFO - composites.py:181 - Retrieve tile geometry
2025-09-01 16:51:22,121 - INFO - composites.py:192 - Create the Bounding Box (φ,λ)
2025-09-01 16:51:22,121 - INFO - composites.py:198 - Create the Bounding Box (x,y)
2025-09-01 16:51:22,121 - INFO - composites.py:211 -                           
2025-09-01 16:51:22,122 - INFO - composites.py:212 - Connect to Planetary Computer STAC Catalog
2025-09-01 16:51:22,400 - INFO - composites.py:220 - Search the STAC Catalog
2025-09-01 16:51:22,481 - INFO - composites.py:232 -         Query parameters:
2025-09-01 16:51:22,481 - INFO - composites.py:233 -             url:          https://planetarycomputer.microsoft.com/api/stac/v1/search
2025-09-01 16:51:22,481 - INFO - composites.py:234 -             client:       microsoft-pc
2025-09-01 16:51:22,481 - INFO - composites.py:235 -             collection:   sentinel-2-l2a
2025-09-01 16:51:22,481 - INFO - composites.py:236 -             bbox:         (21.713272741353347, 36.503467455742786, 22.3662065071609, 37.05185939680514)
2025-09-01 16:51:22,481 - INFO - composites.py:237 -             time range:   2024-03-01T00:00:00Z/2024-03-31T23:59:59Z
2025-09-01 16:51:22,481 - INFO - composites.py:238 -             cloud cover:  0% - 70%
2025-09-01 16:51:22,481 - INFO - composites.py:239 -             nodata cover: 0% - 33%
2025-09-01 16:51:22,482 - INFO - composites.py:241 -                           
2025-09-01 16:51:22,482 - INFO - composites.py:242 - Searching...
2025-09-01 16:51:23,135 - INFO - composites.py:245 - Query found 31 items
2025-09-01 16:51:23,135 - INFO - composites.py:247 - Searching for GRI REFINED scenes:
2025-09-01 16:51:30,132 - INFO - sentinel2.py:78 - 1/31 - S2A_MSIL2A_20240330T090551_R050_T34SFG_20240330T134408 -> REFINED
2025-09-01 16:51:36,018 - INFO - sentinel2.py:78 - 2/31 - S2A_MSIL2A_20240330T090551_R050_T34SFF_20240330T133922 -> REFINED
2025-09-01 16:51:41,836 - INFO - sentinel2.py:78 - 3/31 - S2B_MSIL2A_20240328T091559_R093_T34SFG_20240330T044616 -> REFINED
2025-09-01 16:51:48,309 - INFO - sentinel2.py:78 - 4/31 - S2B_MSIL2A_20240328T091559_R093_T34SFF_20240330T044312 -> REFINED
2025-09-01 16:51:54,898 - INFO - sentinel2.py:78 - 5/31 - S2B_MSIL2A_20240328T091559_R093_T34SEG_20240330T050848 -> REFINED
2025-09-01 16:52:00,876 - INFO - sentinel2.py:78 - 6/31 - S2B_MSIL2A_20240328T091559_R093_T34SEF_20240330T044336 -> REFINED
2025-09-01 16:52:07,241 - INFO - sentinel2.py:78 - 7/31 - S2B_MSIL2A_20240325T090619_R050_T34SFG_20240325T134543 -> REFINED
2025-09-01 16:52:14,084 - INFO - sentinel2.py:78 - 8/31 - S2A_MSIL2A_20240323T092031_R093_T34SFG_20240323T141744 -> REFINED
2025-09-01 16:52:21,092 - INFO - sentinel2.py:78 - 9/31 - S2A_MSIL2A_20240323T092031_R093_T34SFF_20240323T141740 -> REFINED
2025-09-01 16:52:28,172 - INFO - sentinel2.py:78 - 10/31 - S2A_MSIL2A_20240323T092031_R093_T34SEG_20240323T141748 -> REFINED
2025-09-01 16:52:34,131 - INFO - sentinel2.py:78 - 11/31 - S2A_MSIL2A_20240323T092031_R093_T34SEF_20240323T141748 -> REFINED
2025-09-01 16:52:40,837 - INFO - sentinel2.py:78 - 12/31 - S2B_MSIL2A_20240318T091659_R093_T34SFG_20240318T144801 -> REFINED
2025-09-01 16:52:52,246 - INFO - sentinel2.py:78 - 13/31 - S2B_MSIL2A_20240318T091659_R093_T34SFF_20240318T143215 -> REFINED
2025-09-01 16:52:59,299 - INFO - sentinel2.py:78 - 14/31 - S2B_MSIL2A_20240318T091659_R093_T34SEG_20240318T144614 -> REFINED
2025-09-01 16:53:05,117 - INFO - sentinel2.py:78 - 15/31 - S2B_MSIL2A_20240318T091659_R093_T34SEF_20240318T144248 -> REFINED
2025-09-01 16:53:12,001 - INFO - sentinel2.py:78 - 16/31 - S2B_MSIL2A_20240315T090659_R050_T34SFG_20240315T125411 -> REFINED
2025-09-01 16:53:18,749 - INFO - sentinel2.py:78 - 17/31 - S2B_MSIL2A_20240315T090659_R050_T34SFF_20240315T130610 -> REFINED
2025-09-01 16:53:24,757 - INFO - sentinel2.py:78 - 18/31 - S2A_MSIL2A_20240313T092031_R093_T34SFG_20240314T041251 -> REFINED
2025-09-01 16:53:32,119 - INFO - sentinel2.py:78 - 19/31 - S2A_MSIL2A_20240313T092031_R093_T34SFF_20240313T224340 -> REFINED
2025-09-01 16:53:38,415 - INFO - sentinel2.py:78 - 20/31 - S2A_MSIL2A_20240313T092031_R093_T34SEG_20240313T221922 -> REFINED
2025-09-01 16:53:44,707 - INFO - sentinel2.py:78 - 21/31 - S2A_MSIL2A_20240313T092031_R093_T34SEF_20240313T224446 -> REFINED
2025-09-01 16:53:50,789 - INFO - sentinel2.py:78 - 22/31 - S2A_MSIL2A_20240310T090801_R050_T34SFG_20240311T120304 -> REFINED
2025-09-01 16:53:58,116 - INFO - sentinel2.py:78 - 23/31 - S2A_MSIL2A_20240310T090801_R050_T34SFF_20240311T110556 -> REFINED
2025-09-01 16:54:04,266 - INFO - sentinel2.py:78 - 24/31 - S2B_MSIL2A_20240308T091719_R093_T34SFG_20240308T141008 -> REFINED
2025-09-01 16:54:10,515 - INFO - sentinel2.py:78 - 25/31 - S2B_MSIL2A_20240308T091719_R093_T34SFF_20240308T131740 -> REFINED
2025-09-01 16:54:17,908 - INFO - sentinel2.py:78 - 26/31 - S2B_MSIL2A_20240308T091719_R093_T34SEG_20240308T141007 -> REFINED
2025-09-01 16:54:24,938 - INFO - sentinel2.py:78 - 27/31 - S2B_MSIL2A_20240308T091719_R093_T34SEF_20240308T131748 -> REFINED
2025-09-01 16:54:30,973 - INFO - sentinel2.py:78 - 28/31 - S2A_MSIL2A_20240303T092031_R093_T34SFG_20240303T164101 -> REFINED
2025-09-01 16:54:36,806 - INFO - sentinel2.py:78 - 29/31 - S2A_MSIL2A_20240303T092031_R093_T34SFF_20240303T164228 -> REFINED
2025-09-01 16:54:42,942 - INFO - sentinel2.py:78 - 30/31 - S2A_MSIL2A_20240303T092031_R093_T34SEG_20240303T164111 -> REFINED
2025-09-01 16:54:50,191 - INFO - sentinel2.py:78 - 31/31 - S2A_MSIL2A_20240303T092031_R093_T34SEF_20240303T164055 -> REFINED
2025-09-01 16:54:50,233 - INFO - composites.py:250 -                                  
2025-09-01 16:54:50,234 - INFO - composites.py:251 - 31/31 were refined by GRI.
2025-09-01 16:54:50,234 - INFO - composites.py:263 - Looking for up to 10 cleanest images within spatiotemporal range of each MGRS tile
2025-09-01 16:54:50,234 - INFO - composites.py:277 - Filtered cleanest scenes: Kept 31 out of 31 items. 
2025-09-01 16:54:50,234 - INFO - composites.py:278 -         Included MGRS Tiles: ['34SEF' '34SEG' '34SFF' '34SFG']
2025-09-01 16:54:50,234 - INFO - composites.py:279 -         Included EPSG codes: [32634]
2025-09-01 16:54:50,236 - INFO - composites.py:281 - Selected scenes:
2025-09-01 16:54:50,236 - INFO - composites.py:283 -         S2B_MSIL2A_20240328T091559_R093_T34SEF_20240330T044336
2025-09-01 16:54:50,236 - INFO - composites.py:283 -         S2B_MSIL2A_20240308T091719_R093_T34SEF_20240308T131748
2025-09-01 16:54:50,236 - INFO - composites.py:283 -         S2B_MSIL2A_20240318T091659_R093_T34SEF_20240318T144248
2025-09-01 16:54:50,236 - INFO - composites.py:283 -         S2A_MSIL2A_20240323T092031_R093_T34SEF_20240323T141748
2025-09-01 16:54:50,237 - INFO - composites.py:283 -         S2A_MSIL2A_20240313T092031_R093_T34SEF_20240313T224446
2025-09-01 16:54:50,237 - INFO - composites.py:283 -         S2A_MSIL2A_20240303T092031_R093_T34SEF_20240303T164055
2025-09-01 16:54:50,237 - INFO - composites.py:283 -         S2B_MSIL2A_20240308T091719_R093_T34SEG_20240308T141007
2025-09-01 16:54:50,237 - INFO - composites.py:283 -         S2B_MSIL2A_20240328T091559_R093_T34SEG_20240330T050848
2025-09-01 16:54:50,237 - INFO - composites.py:283 -         S2B_MSIL2A_20240318T091659_R093_T34SEG_20240318T144614
2025-09-01 16:54:50,245 - INFO - composites.py:283 -         S2A_MSIL2A_20240323T092031_R093_T34SEG_20240323T141748
2025-09-01 16:54:50,245 - INFO - composites.py:283 -         S2A_MSIL2A_20240303T092031_R093_T34SEG_20240303T164111
2025-09-01 16:54:50,262 - INFO - composites.py:283 -         S2A_MSIL2A_20240313T092031_R093_T34SEG_20240313T221922
2025-09-01 16:54:50,272 - INFO - composites.py:283 -         S2A_MSIL2A_20240330T090551_R050_T34SFF_20240330T133922
2025-09-01 16:54:50,272 - INFO - composites.py:283 -         S2B_MSIL2A_20240308T091719_R093_T34SFF_20240308T131740
2025-09-01 16:54:50,272 - INFO - composites.py:283 -         S2A_MSIL2A_20240310T090801_R050_T34SFF_20240311T110556
2025-09-01 16:54:50,272 - INFO - composites.py:283 -         S2A_MSIL2A_20240323T092031_R093_T34SFF_20240323T141740
2025-09-01 16:54:50,272 - INFO - composites.py:283 -         S2B_MSIL2A_20240315T090659_R050_T34SFF_20240315T130610
2025-09-01 16:54:50,272 - INFO - composites.py:283 -         S2B_MSIL2A_20240318T091659_R093_T34SFF_20240318T143215
2025-09-01 16:54:50,273 - INFO - composites.py:283 -         S2A_MSIL2A_20240313T092031_R093_T34SFF_20240313T224340
2025-09-01 16:54:50,273 - INFO - composites.py:283 -         S2A_MSIL2A_20240303T092031_R093_T34SFF_20240303T164228
2025-09-01 16:54:50,273 - INFO - composites.py:283 -         S2B_MSIL2A_20240328T091559_R093_T34SFF_20240330T044312
2025-09-01 16:54:50,273 - INFO - composites.py:283 -         S2A_MSIL2A_20240330T090551_R050_T34SFG_20240330T134408
2025-09-01 16:54:50,273 - INFO - composites.py:283 -         S2B_MSIL2A_20240308T091719_R093_T34SFG_20240308T141008
2025-09-01 16:54:50,273 - INFO - composites.py:283 -         S2A_MSIL2A_20240310T090801_R050_T34SFG_20240311T120304
2025-09-01 16:54:50,273 - INFO - composites.py:283 -         S2A_MSIL2A_20240323T092031_R093_T34SFG_20240323T141744
2025-09-01 16:54:50,273 - INFO - composites.py:283 -         S2B_MSIL2A_20240328T091559_R093_T34SFG_20240330T044616
2025-09-01 16:54:50,273 - INFO - composites.py:283 -         S2B_MSIL2A_20240315T090659_R050_T34SFG_20240315T125411
2025-09-01 16:54:50,273 - INFO - composites.py:283 -         S2B_MSIL2A_20240318T091659_R093_T34SFG_20240318T144801
2025-09-01 16:54:50,273 - INFO - composites.py:283 -         S2A_MSIL2A_20240313T092031_R093_T34SFG_20240314T041251
2025-09-01 16:54:50,273 - INFO - composites.py:283 -         S2B_MSIL2A_20240325T090619_R050_T34SFG_20240325T134543
2025-09-01 16:54:50,273 - INFO - composites.py:283 -         S2A_MSIL2A_20240303T092031_R093_T34SFG_20240303T164101
2025-09-01 16:54:50,896 - INFO - sentinel2.py:154 - Matplotlib backend: Agg
2025-09-01 16:54:51,237 - INFO - sentinel2.py:224 - Write input scenes footprint overlay: //nas-rs.topo.auth.gr/Latomeia/DROUGHT/composites/x09/y07/2024/03/01/S2L2A_medcomp_x09y07_202403_InDataFootprint.jpeg
2025-09-01 16:54:51,502 - INFO - composites.py:297 -                                  
2025-09-01 16:54:51,502 - INFO - composites.py:298 - Downstream STAC items from Planetary Computer
2025-09-01 16:54:51,502 - INFO - timeseries_processing.py:115 -                                  
2025-09-01 16:54:51,502 - INFO - timeseries_processing.py:116 - Loading bands of diferent resolutions in EPSG:32634
2025-09-01 16:54:51,502 - INFO - timeseries_processing.py:120 -     Filtering items with native UTM EPSG:32634
2025-09-01 16:54:51,502 - INFO - timeseries_processing.py:122 -     31 Items in EPSG:32634
2025-09-01 16:54:51,502 - INFO - timeseries_processing.py:129 -                        
2025-09-01 16:54:51,502 - INFO - timeseries_processing.py:130 -     Loading parameters:
2025-09-01 16:54:51,502 - INFO - timeseries_processing.py:131 -         Bands: ['B05', 'B07', 'B8A', 'SCL']
2025-09-01 16:54:51,502 - INFO - timeseries_processing.py:132 -         Spatial resolution: 20
2025-09-01 16:54:51,502 - INFO - timeseries_processing.py:134 -         Get Assets from STAC Items
2025-09-01 16:54:51,502 - INFO - timeseries_processing.py:47 -         Initialize the STAC client
2025-09-01 16:54:52,243 - INFO - timeseries_processing.py:137 -         Loading 31 STAC Items....
2025-09-01 16:56:09,675 - INFO - timeseries_processing.py:146 -         Cube has been downloaded
2025-09-01 16:56:09,675 - INFO - timeseries_processing.py:156 -         Fix order of dimensions
2025-09-01 16:56:09,678 - INFO - timeseries_processing.py:161 -         Append bands to the band-list of EPSG:32634
2025-09-01 16:56:09,679 - INFO - timeseries_processing.py:129 -                        
2025-09-01 16:56:09,679 - INFO - timeseries_processing.py:130 -     Loading parameters:
2025-09-01 16:56:09,679 - INFO - timeseries_processing.py:131 -         Bands: ['B02', 'B03', 'B04']
2025-09-01 16:56:09,679 - INFO - timeseries_processing.py:132 -         Spatial resolution: 10
2025-09-01 16:56:09,679 - INFO - timeseries_processing.py:134 -         Get Assets from STAC Items
2025-09-01 16:56:09,679 - INFO - timeseries_processing.py:47 -         Initialize the STAC client
2025-09-01 16:56:10,441 - INFO - timeseries_processing.py:137 -         Loading 31 STAC Items....
2025-09-01 16:59:45,429 - INFO - timeseries_processing.py:146 -         Cube has been downloaded
2025-09-01 16:59:45,430 - INFO - timeseries_processing.py:149 -         Reproject to downsample 10m bands to 20m by Resampling.average 2x2 binning and shape matching with odc.geo.GeoBox
2025-09-01 16:59:59,516 - INFO - timeseries_processing.py:161 -         Append bands to the band-list of EPSG:32634
2025-09-01 16:59:59,517 - INFO - timeseries_processing.py:165 -                        
2025-09-01 16:59:59,517 - INFO - timeseries_processing.py:166 -     Merging bands in a single dataset
2025-09-01 16:59:59,517 - INFO - timeseries_processing.py:167 -     Ensure all partial datasets are at (x=20, y=-20) resolution
2025-09-01 16:59:59,518 - INFO - timeseries_processing.py:171 -     Clip to the intersection of indexes
2025-09-01 17:00:00,957 - INFO - timeseries_processing.py:180 -     Make a list of bands to merge
2025-09-01 17:00:00,958 - INFO - timeseries_processing.py:184 -     Merge on intersection
2025-09-01 17:00:00,959 - INFO - timeseries_processing.py:192 -     Apply masks on clouds, shadows, thin cirrus, and snow/ice
2025-09-01 17:00:00,959 - INFO - sentinel2.py:122 -                Masking bits: [3, 7, 8, 9, 10, 11]
2025-09-01 17:00:02,387 - INFO - composites.py:307 - Reproject from UTM Zone to Tile geometry -> CRS(EPSG:32634), Resampling.bilinear
2025-09-01 17:00:09,598 - INFO - composites.py:310 -     New shape of datasets: Shape2d(x=2400, y=2400)
2025-09-01 17:00:10,216 - INFO - composites.py:329 - Scale SR to Sen2Cor Baseline 4.00 - Subtract 1000 in dates post 2022-01-25
2025-09-01 17:00:11,921 - INFO - composites.py:342 - Creating preview plot of input scenes
2025-09-01 17:00:50,882 - INFO - timeseries_processing.py:349 - Saved preview for 'B04' to //nas-rs.topo.auth.gr/Latomeia/DROUGHT/composites/x09/y07/2024/03/01/S2L2A_medcomp_x09y07_202403_InDataPreview.jpeg
2025-09-01 17:00:50,889 - INFO - composites.py:348 - Clip value range
2025-09-01 17:00:53,325 - INFO - composites.py:353 -                           
2025-09-01 17:00:53,334 - INFO - composites.py:354 - Computing spectral indices:
2025-09-01 17:00:53,335 - INFO - composites.py:357 -     EVI...
2025-09-01 17:00:54,623 - INFO - composites.py:359 -     NDVI...
2025-09-01 17:00:55,048 - INFO - composites.py:361 -     PSRI2...
2025-09-01 17:00:55,354 - INFO - composites.py:364 - Clip to typical value range
2025-09-01 17:00:55,739 - INFO - composites.py:371 - Reducing to median value temporal composite
2025-09-01 17:01:24,360 - INFO - composites.py:390 - Scale and Define data types & nodata per band
2025-09-01 17:01:24,492 - INFO - composites.py:411 - Assign time range and tile ID in metadata
2025-09-01 17:01:24,492 - INFO - composites.py:419 - Write bands to raster COG files
2025-09-01 17:01:28,969 - INFO - composites.py:432 - Write B02 -> //nas-rs.topo.auth.gr/Latomeia/DROUGHT/composites/x09/y07/2024/03/01/S2L2A_medcomp_x09y07_202403_B02.tif
2025-09-01 17:01:33,481 - INFO - composites.py:432 - Write B03 -> //nas-rs.topo.auth.gr/Latomeia/DROUGHT/composites/x09/y07/2024/03/01/S2L2A_medcomp_x09y07_202403_B03.tif
2025-09-01 17:01:37,642 - INFO - composites.py:432 - Write B04 -> //nas-rs.topo.auth.gr/Latomeia/DROUGHT/composites/x09/y07/2024/03/01/S2L2A_medcomp_x09y07_202403_B04.tif
2025-09-01 17:01:42,229 - INFO - composites.py:432 - Write B05 -> //nas-rs.topo.auth.gr/Latomeia/DROUGHT/composites/x09/y07/2024/03/01/S2L2A_medcomp_x09y07_202403_B05.tif
2025-09-01 17:01:46,689 - INFO - composites.py:432 - Write B07 -> //nas-rs.topo.auth.gr/Latomeia/DROUGHT/composites/x09/y07/2024/03/01/S2L2A_medcomp_x09y07_202403_B07.tif
2025-09-01 17:01:50,928 - INFO - composites.py:432 - Write B8A -> //nas-rs.topo.auth.gr/Latomeia/DROUGHT/composites/x09/y07/2024/03/01/S2L2A_medcomp_x09y07_202403_B8A.tif
2025-09-01 17:01:55,013 - INFO - composites.py:432 - Write EVI -> //nas-rs.topo.auth.gr/Latomeia/DROUGHT/composites/x09/y07/2024/03/01/S2L2A_medcomp_x09y07_202403_EVI.tif
2025-09-01 17:01:58,973 - INFO - composites.py:432 - Write NDVI -> //nas-rs.topo.auth.gr/Latomeia/DROUGHT/composites/x09/y07/2024/03/01/S2L2A_medcomp_x09y07_202403_NDVI.tif
2025-09-01 17:02:03,008 - INFO - composites.py:432 - Write PSRI2 -> //nas-rs.topo.auth.gr/Latomeia/DROUGHT/composites/x09/y07/2024/03/01/S2L2A_medcomp_x09y07_202403_PSRI2.tif
2025-09-01 17:02:03,019 - INFO - composites.py:436 - Prepare metadata YAML document
2025-09-01 17:02:03,564 - INFO - composites.py:458 - Write metadata YAML document to disk
2025-09-01 17:02:03,625 - INFO - composites.py:463 - Create datacube.model.Dataset from eo3 metadata
2025-09-01 17:02:03,636 - INFO - composites.py:476 - Index to datacube
2025-09-01 17:02:03,636 - INFO - _datasets.py:191 - Indexing 79e5df1d-5432-4e7c-9dae-cb4d9679e341
2025-09-01 17:02:03,646 - INFO - composites.py:479 - 
2025-09-01 17:02:03,647 - INFO - composites.py:480 -              ✔✔✔ COMPLETED: Tile x09_y07 | Time: 2024-03 | In 10.79 minutes
2025-09-01 17:02:03,647 - INFO - composites.py:481 - 
2025-09-01 17:02:03,647 - INFO - composites.py:489 - Closing Dask client
2025-09-01 17:02:03,649 - INFO - composites.py:493 - Closing Dask cluster
2025-09-01 17:02:03,649 - INFO - composites.py:494 - #######################################################################
