2025-09-05 00:19:16,755 - INFO - composites.py:102 - #######################################################################
2025-09-05 00:19:16,755 - INFO - composites.py:104 - Processing started
2025-09-05 00:19:16,755 - INFO - composites.py:105 -         Tile: x11_y10
2025-09-05 00:19:16,755 - INFO - composites.py:106 -         Time: 2025-09
2025-09-05 00:19:16,756 - INFO - composites.py:109 -                           
2025-09-05 00:19:16,756 - INFO - composites.py:110 - Establishing connection to datacube
2025-09-05 00:19:17,280 - INFO - composites.py:113 -                           
2025-09-05 00:19:17,280 - INFO - composites.py:114 - Sanity test: Check if dataset already exists in the datacube
2025-09-05 00:19:17,299 - INFO - composites.py:133 - The composite requested was not found and it will be computed
2025-09-05 00:19:17,299 - INFO - composites.py:136 -                                  
2025-09-05 00:19:17,299 - INFO - composites.py:137 - Initializing Dask cluster for parallelization
2025-09-05 00:19:22,408 - INFO - composites.py:161 - Dask dashboard is available at: http://127.0.0.1:8787/status
2025-09-05 00:19:22,408 - INFO - composites.py:164 - Create directories and naming conversions
2025-09-05 00:19:22,418 - INFO - composites.py:177 - Dataset location: //nas-rs.topo.auth.gr/Latomeia/DROUGHT/composites/x11/y10/2025/09/01
2025-09-05 00:19:22,418 - INFO - composites.py:180 -                           
2025-09-05 00:19:22,418 - INFO - composites.py:181 - Retrieve tile geometry
2025-09-05 00:19:22,447 - INFO - composites.py:192 - Create the Bounding Box (φ,λ)
2025-09-05 00:19:22,447 - INFO - composites.py:198 - Create the Bounding Box (x,y)
2025-09-05 00:19:22,447 - INFO - composites.py:211 -                           
2025-09-05 00:19:22,447 - INFO - composites.py:212 - Connect to Planetary Computer STAC Catalog
2025-09-05 00:19:22,751 - INFO - composites.py:220 - Search the STAC Catalog
2025-09-05 00:19:22,819 - INFO - composites.py:232 -         Query parameters:
2025-09-05 00:19:22,819 - INFO - composites.py:233 -             url:          https://planetarycomputer.microsoft.com/api/stac/v1/search
2025-09-05 00:19:22,819 - INFO - composites.py:234 -             client:       microsoft-pc
2025-09-05 00:19:22,819 - INFO - composites.py:235 -             collection:   sentinel-2-l2a
2025-09-05 00:19:22,819 - INFO - composites.py:236 -             bbox:         (23.00741948027706, 37.64467818172542, 23.67848359322628, 38.19853968883684)
2025-09-05 00:19:22,819 - INFO - composites.py:237 -             time range:   2025-09-01T00:00:00Z/2025-09-30T23:59:59Z
2025-09-05 00:19:22,820 - INFO - composites.py:238 -             cloud cover:  0% - 70%
2025-09-05 00:19:22,820 - INFO - composites.py:239 -             nodata cover: 0% - 33%
2025-09-05 00:19:22,820 - INFO - composites.py:241 -                           
2025-09-05 00:19:22,820 - INFO - composites.py:242 - Searching...
2025-09-05 00:19:23,425 - INFO - composites.py:245 - Query found 12 items
2025-09-05 00:19:23,425 - INFO - composites.py:247 - Searching for GRI REFINED scenes:
2025-09-05 00:19:27,525 - INFO - sentinel2.py:78 - 1/12 - S2C_MSIL2A_20250904T092051_R093_T34SFH_20250904T131114 -> REFINED
2025-09-05 00:19:31,631 - INFO - sentinel2.py:78 - 2/12 - S2C_MSIL2A_20250904T092051_R093_T34SFG_20250904T131114 -> REFINED
2025-09-05 00:19:35,313 - INFO - sentinel2.py:78 - 3/12 - S2A_MSIL2A_20250903T091041_R050_T35SKC_20250903T134304 -> REFINED
2025-09-05 00:19:38,838 - INFO - sentinel2.py:78 - 4/12 - S2A_MSIL2A_20250903T091041_R050_T35SKB_20250903T134304 -> REFINED
2025-09-05 00:19:41,773 - INFO - sentinel2.py:78 - 5/12 - S2A_MSIL2A_20250903T091041_R050_T34SGH_20250903T134304 -> REFINED
2025-09-05 00:19:44,721 - INFO - sentinel2.py:78 - 6/12 - S2A_MSIL2A_20250903T091041_R050_T34SGG_20250903T134304 -> REFINED
2025-09-05 00:19:47,719 - INFO - sentinel2.py:78 - 7/12 - S2A_MSIL2A_20250903T091041_R050_T34SFG_20250903T134304 -> REFINED
2025-09-05 00:19:51,235 - INFO - sentinel2.py:78 - 8/12 - S2C_MSIL2A_20250901T090611_R050_T35SKC_20250901T130718 -> REFINED
2025-09-05 00:19:54,949 - INFO - sentinel2.py:78 - 9/12 - S2C_MSIL2A_20250901T090611_R050_T35SKB_20250901T130718 -> REFINED
2025-09-05 00:19:57,910 - INFO - sentinel2.py:78 - 10/12 - S2C_MSIL2A_20250901T090611_R050_T34SGH_20250901T130718 -> REFINED
2025-09-05 00:20:01,128 - INFO - sentinel2.py:78 - 11/12 - S2C_MSIL2A_20250901T090611_R050_T34SGG_20250901T130718 -> REFINED
2025-09-05 00:20:04,596 - INFO - sentinel2.py:78 - 12/12 - S2C_MSIL2A_20250901T090611_R050_T34SFG_20250901T130718 -> REFINED
2025-09-05 00:20:04,647 - INFO - composites.py:250 -                                  
2025-09-05 00:20:04,647 - INFO - composites.py:251 - 12/12 were refined by GRI.
2025-09-05 00:20:04,647 - INFO - composites.py:263 - Looking for up to 8 cleanest images within spatiotemporal range of each MGRS tile
2025-09-05 00:20:04,648 - INFO - composites.py:277 - Filtered cleanest scenes: Kept 12 out of 12 items. 
2025-09-05 00:20:04,648 - INFO - composites.py:278 -         Included MGRS Tiles: ['34SFG' '34SFH' '34SGG' '34SGH' '35SKB' '35SKC']
2025-09-05 00:20:04,648 - INFO - composites.py:279 -         Included EPSG codes: [32634 32635]
2025-09-05 00:20:04,649 - INFO - composites.py:281 - Selected scenes:
2025-09-05 00:20:04,649 - INFO - composites.py:283 -         S2A_MSIL2A_20250903T091041_R050_T34SFG_20250903T134304
2025-09-05 00:20:04,649 - INFO - composites.py:283 -         S2C_MSIL2A_20250901T090611_R050_T34SFG_20250901T130718
2025-09-05 00:20:04,649 - INFO - composites.py:283 -         S2C_MSIL2A_20250904T092051_R093_T34SFG_20250904T131114
2025-09-05 00:20:04,650 - INFO - composites.py:283 -         S2C_MSIL2A_20250904T092051_R093_T34SFH_20250904T131114
2025-09-05 00:20:04,650 - INFO - composites.py:283 -         S2A_MSIL2A_20250903T091041_R050_T34SGG_20250903T134304
2025-09-05 00:20:04,650 - INFO - composites.py:283 -         S2C_MSIL2A_20250901T090611_R050_T34SGG_20250901T130718
2025-09-05 00:20:04,650 - INFO - composites.py:283 -         S2A_MSIL2A_20250903T091041_R050_T34SGH_20250903T134304
2025-09-05 00:20:04,651 - INFO - composites.py:283 -         S2C_MSIL2A_20250901T090611_R050_T34SGH_20250901T130718
2025-09-05 00:20:04,651 - INFO - composites.py:283 -         S2A_MSIL2A_20250903T091041_R050_T35SKB_20250903T134304
2025-09-05 00:20:04,651 - INFO - composites.py:283 -         S2C_MSIL2A_20250901T090611_R050_T35SKB_20250901T130718
2025-09-05 00:20:04,651 - INFO - composites.py:283 -         S2A_MSIL2A_20250903T091041_R050_T35SKC_20250903T134304
2025-09-05 00:20:04,651 - INFO - composites.py:283 -         S2C_MSIL2A_20250901T090611_R050_T35SKC_20250901T130718
2025-09-05 00:20:05,037 - INFO - sentinel2.py:154 - Matplotlib backend: Agg
2025-09-05 00:20:05,262 - INFO - sentinel2.py:224 - Write input scenes footprint overlay: //nas-rs.topo.auth.gr/Latomeia/DROUGHT/composites/x11/y10/2025/09/01/S2L2A_medcomp_x11y10_202509_InDataFootprint.jpeg
2025-09-05 00:20:05,498 - INFO - composites.py:297 -                                  
2025-09-05 00:20:05,498 - INFO - composites.py:298 - Downstream STAC items from Planetary Computer
2025-09-05 00:20:05,498 - INFO - timeseries_processing.py:115 -                                  
2025-09-05 00:20:05,498 - INFO - timeseries_processing.py:116 - Loading bands of diferent resolutions in EPSG:32634
2025-09-05 00:20:05,498 - INFO - timeseries_processing.py:120 -     Filtering items with native UTM EPSG:32634
2025-09-05 00:20:05,498 - INFO - timeseries_processing.py:122 -     8 Items in EPSG:32634
2025-09-05 00:20:05,498 - INFO - timeseries_processing.py:129 -                        
2025-09-05 00:20:05,498 - INFO - timeseries_processing.py:130 -     Loading parameters:
2025-09-05 00:20:05,498 - INFO - timeseries_processing.py:131 -         Bands: ['B05', 'B07', 'B8A', 'SCL']
2025-09-05 00:20:05,498 - INFO - timeseries_processing.py:132 -         Spatial resolution: 20
2025-09-05 00:20:05,498 - INFO - timeseries_processing.py:134 -         Get Assets from STAC Items
2025-09-05 00:20:05,499 - INFO - timeseries_processing.py:47 -         Initialize the STAC client
2025-09-05 00:20:06,075 - INFO - timeseries_processing.py:137 -         Loading 8 STAC Items....
2025-09-05 00:20:36,591 - INFO - timeseries_processing.py:146 -         Cube has been downloaded
2025-09-05 00:20:36,591 - INFO - timeseries_processing.py:156 -         Fix order of dimensions
2025-09-05 00:20:36,593 - INFO - timeseries_processing.py:161 -         Append bands to the band-list of EPSG:32634
2025-09-05 00:20:36,593 - INFO - timeseries_processing.py:129 -                        
2025-09-05 00:20:36,594 - INFO - timeseries_processing.py:130 -     Loading parameters:
2025-09-05 00:20:36,594 - INFO - timeseries_processing.py:131 -         Bands: ['B02', 'B03', 'B04']
2025-09-05 00:20:36,594 - INFO - timeseries_processing.py:132 -         Spatial resolution: 10
2025-09-05 00:20:36,594 - INFO - timeseries_processing.py:134 -         Get Assets from STAC Items
2025-09-05 00:20:36,595 - INFO - timeseries_processing.py:47 -         Initialize the STAC client
2025-09-05 00:20:37,073 - INFO - timeseries_processing.py:137 -         Loading 8 STAC Items....
2025-09-05 00:21:19,519 - INFO - timeseries_processing.py:146 -         Cube has been downloaded
2025-09-05 00:21:19,519 - INFO - timeseries_processing.py:149 -         Reproject to downsample 10m bands to 20m by Resampling.average 2x2 binning and shape matching with odc.geo.GeoBox
2025-09-05 00:21:24,094 - INFO - timeseries_processing.py:161 -         Append bands to the band-list of EPSG:32634
2025-09-05 00:21:24,094 - INFO - timeseries_processing.py:165 -                        
2025-09-05 00:21:24,094 - INFO - timeseries_processing.py:166 -     Merging bands in a single dataset
2025-09-05 00:21:24,094 - INFO - timeseries_processing.py:167 -     Ensure all partial datasets are at (x=20, y=-20) resolution
2025-09-05 00:21:24,094 - INFO - timeseries_processing.py:171 -     Clip to the intersection of indexes
2025-09-05 00:21:25,248 - INFO - timeseries_processing.py:180 -     Make a list of bands to merge
2025-09-05 00:21:25,249 - INFO - timeseries_processing.py:184 -     Merge on intersection
2025-09-05 00:21:25,249 - INFO - timeseries_processing.py:192 -     Apply masks on clouds, shadows, thin cirrus, and snow/ice
2025-09-05 00:21:25,249 - INFO - sentinel2.py:122 -                Masking bits: [3, 7, 8, 9, 10, 11]
2025-09-05 00:21:25,670 - INFO - timeseries_processing.py:115 -                                  
2025-09-05 00:21:25,670 - INFO - timeseries_processing.py:116 - Loading bands of diferent resolutions in EPSG:32635
2025-09-05 00:21:25,670 - INFO - timeseries_processing.py:120 -     Filtering items with native UTM EPSG:32635
2025-09-05 00:21:25,670 - INFO - timeseries_processing.py:122 -     4 Items in EPSG:32635
2025-09-05 00:21:25,670 - INFO - timeseries_processing.py:129 -                        
2025-09-05 00:21:25,670 - INFO - timeseries_processing.py:130 -     Loading parameters:
2025-09-05 00:21:25,670 - INFO - timeseries_processing.py:131 -         Bands: ['B05', 'B07', 'B8A', 'SCL']
2025-09-05 00:21:25,672 - INFO - timeseries_processing.py:132 -         Spatial resolution: 20
2025-09-05 00:21:25,672 - INFO - timeseries_processing.py:134 -         Get Assets from STAC Items
2025-09-05 00:21:25,672 - INFO - timeseries_processing.py:47 -         Initialize the STAC client
2025-09-05 00:21:26,122 - INFO - timeseries_processing.py:137 -         Loading 4 STAC Items....
2025-09-05 00:21:32,468 - INFO - timeseries_processing.py:146 -         Cube has been downloaded
2025-09-05 00:21:32,468 - INFO - timeseries_processing.py:156 -         Fix order of dimensions
2025-09-05 00:21:32,469 - INFO - timeseries_processing.py:161 -         Append bands to the band-list of EPSG:32635
2025-09-05 00:21:32,469 - INFO - timeseries_processing.py:129 -                        
2025-09-05 00:21:32,469 - INFO - timeseries_processing.py:130 -     Loading parameters:
2025-09-05 00:21:32,470 - INFO - timeseries_processing.py:131 -         Bands: ['B02', 'B03', 'B04']
2025-09-05 00:21:32,470 - INFO - timeseries_processing.py:132 -         Spatial resolution: 10
2025-09-05 00:21:32,470 - INFO - timeseries_processing.py:134 -         Get Assets from STAC Items
2025-09-05 00:21:32,472 - INFO - timeseries_processing.py:47 -         Initialize the STAC client
2025-09-05 00:21:32,971 - INFO - timeseries_processing.py:137 -         Loading 4 STAC Items....
2025-09-05 00:21:41,914 - INFO - timeseries_processing.py:146 -         Cube has been downloaded
2025-09-05 00:21:41,914 - INFO - timeseries_processing.py:149 -         Reproject to downsample 10m bands to 20m by Resampling.average 2x2 binning and shape matching with odc.geo.GeoBox
2025-09-05 00:21:44,340 - INFO - timeseries_processing.py:161 -         Append bands to the band-list of EPSG:32635
2025-09-05 00:21:44,340 - INFO - timeseries_processing.py:165 -                        
2025-09-05 00:21:44,340 - INFO - timeseries_processing.py:166 -     Merging bands in a single dataset
2025-09-05 00:21:44,340 - INFO - timeseries_processing.py:167 -     Ensure all partial datasets are at (x=20, y=-20) resolution
2025-09-05 00:21:44,342 - INFO - timeseries_processing.py:171 -     Clip to the intersection of indexes
2025-09-05 00:21:44,344 - INFO - timeseries_processing.py:180 -     Make a list of bands to merge
2025-09-05 00:21:44,344 - INFO - timeseries_processing.py:184 -     Merge on intersection
2025-09-05 00:21:44,345 - INFO - timeseries_processing.py:192 -     Apply masks on clouds, shadows, thin cirrus, and snow/ice
2025-09-05 00:21:44,345 - INFO - sentinel2.py:122 -                Masking bits: [3, 7, 8, 9, 10, 11]
2025-09-05 00:21:44,652 - INFO - composites.py:307 - Reproject from UTM Zone to Tile geometry -> CRS(EPSG:32635), Resampling.bilinear
2025-09-05 00:21:48,179 - INFO - composites.py:310 -     New shape of datasets: Shape2d(x=2400, y=2400)
2025-09-05 00:21:48,371 - INFO - composites.py:315 -                           
2025-09-05 00:21:48,371 - INFO - composites.py:316 - Mosaic datasets to a single dataset
2025-09-05 00:21:51,211 - INFO - composites.py:329 - Scale SR to Sen2Cor Baseline 4.00 - Subtract 1000 in dates post 2022-01-25
2025-09-05 00:21:51,724 - INFO - composites.py:342 - Creating preview plot of input scenes
2025-09-05 00:22:10,899 - INFO - timeseries_processing.py:349 - Saved preview for 'B04' to //nas-rs.topo.auth.gr/Latomeia/DROUGHT/composites/x11/y10/2025/09/01/S2L2A_medcomp_x11y10_202509_InDataPreview.jpeg
2025-09-05 00:22:10,901 - INFO - composites.py:348 - Clip value range
2025-09-05 00:22:11,535 - INFO - composites.py:353 -                           
2025-09-05 00:22:11,535 - INFO - composites.py:354 - Computing spectral indices:
2025-09-05 00:22:11,535 - INFO - composites.py:357 -     EVI...
2025-09-05 00:22:11,926 - INFO - composites.py:359 -     NDVI...
2025-09-05 00:22:12,042 - INFO - composites.py:361 -     PSRI2...
2025-09-05 00:22:12,123 - INFO - composites.py:364 - Clip to typical value range
2025-09-05 00:22:12,225 - INFO - composites.py:371 - Reducing to median value temporal composite
2025-09-05 00:22:37,755 - INFO - composites.py:390 - Scale and Define data types & nodata per band
2025-09-05 00:22:37,880 - INFO - composites.py:411 - Assign time range and tile ID in metadata
2025-09-05 00:22:37,880 - INFO - composites.py:419 - Write bands to raster COG files
2025-09-05 00:22:41,816 - INFO - composites.py:432 - Write B02 -> //nas-rs.topo.auth.gr/Latomeia/DROUGHT/composites/x11/y10/2025/09/01/S2L2A_medcomp_x11y10_202509_B02.tif
2025-09-05 00:22:45,803 - INFO - composites.py:432 - Write B03 -> //nas-rs.topo.auth.gr/Latomeia/DROUGHT/composites/x11/y10/2025/09/01/S2L2A_medcomp_x11y10_202509_B03.tif
2025-09-05 00:22:49,768 - INFO - composites.py:432 - Write B04 -> //nas-rs.topo.auth.gr/Latomeia/DROUGHT/composites/x11/y10/2025/09/01/S2L2A_medcomp_x11y10_202509_B04.tif
2025-09-05 00:22:53,709 - INFO - composites.py:432 - Write B05 -> //nas-rs.topo.auth.gr/Latomeia/DROUGHT/composites/x11/y10/2025/09/01/S2L2A_medcomp_x11y10_202509_B05.tif
2025-09-05 00:22:57,620 - INFO - composites.py:432 - Write B07 -> //nas-rs.topo.auth.gr/Latomeia/DROUGHT/composites/x11/y10/2025/09/01/S2L2A_medcomp_x11y10_202509_B07.tif
2025-09-05 00:23:01,586 - INFO - composites.py:432 - Write B8A -> //nas-rs.topo.auth.gr/Latomeia/DROUGHT/composites/x11/y10/2025/09/01/S2L2A_medcomp_x11y10_202509_B8A.tif
2025-09-05 00:23:05,445 - INFO - composites.py:432 - Write EVI -> //nas-rs.topo.auth.gr/Latomeia/DROUGHT/composites/x11/y10/2025/09/01/S2L2A_medcomp_x11y10_202509_EVI.tif
2025-09-05 00:23:09,434 - INFO - composites.py:432 - Write NDVI -> //nas-rs.topo.auth.gr/Latomeia/DROUGHT/composites/x11/y10/2025/09/01/S2L2A_medcomp_x11y10_202509_NDVI.tif
2025-09-05 00:23:13,779 - INFO - composites.py:432 - Write PSRI2 -> //nas-rs.topo.auth.gr/Latomeia/DROUGHT/composites/x11/y10/2025/09/01/S2L2A_medcomp_x11y10_202509_PSRI2.tif
2025-09-05 00:23:13,779 - INFO - composites.py:436 - Prepare metadata YAML document
2025-09-05 00:23:14,297 - INFO - composites.py:458 - Write metadata YAML document to disk
2025-09-05 00:23:14,327 - INFO - composites.py:463 - Create datacube.model.Dataset from eo3 metadata
2025-09-05 00:23:14,337 - INFO - composites.py:476 - Index to datacube
2025-09-05 00:23:14,338 - INFO - _datasets.py:191 - Indexing f3a9d2de-1405-4026-a7aa-85ccf46d82e8
2025-09-05 00:23:14,346 - INFO - composites.py:479 - 
2025-09-05 00:23:14,346 - INFO - composites.py:480 -              ✔✔✔ COMPLETED: Tile x11_y10 | Time: 2025-09 | In 3.96 minutes
2025-09-05 00:23:14,346 - INFO - composites.py:481 - 
2025-09-05 00:23:14,346 - INFO - composites.py:489 - Closing Dask client
2025-09-05 00:23:14,354 - INFO - composites.py:493 - Closing Dask cluster
2025-09-05 00:23:14,354 - INFO - composites.py:494 - #######################################################################
