2025-11-30 12:55:22,986 - INFO - composites.py:102 - #######################################################################
2025-11-30 12:55:22,986 - INFO - composites.py:104 - Processing started
2025-11-30 12:55:22,986 - INFO - composites.py:105 -         Tile: x07_y11
2025-11-30 12:55:22,986 - INFO - composites.py:106 -         Time: 2020-01
2025-11-30 12:55:22,986 - INFO - composites.py:109 -                           
2025-11-30 12:55:22,986 - INFO - composites.py:110 - Establishing connection to datacube
2025-11-30 12:55:23,579 - INFO - composites.py:113 -                           
2025-11-30 12:55:23,579 - INFO - composites.py:114 - Sanity test: Check if dataset already exists in the datacube
2025-11-30 12:55:23,605 - INFO - composites.py:133 - The composite requested was not found and it will be computed
2025-11-30 12:55:23,605 - INFO - composites.py:136 -                                  
2025-11-30 12:55:23,605 - INFO - composites.py:137 - Initializing Dask cluster for parallelization
2025-11-30 12:55:29,492 - INFO - composites.py:161 - Dask dashboard is available at: http://127.0.0.1:8787/status
2025-11-30 12:55:29,492 - INFO - composites.py:164 - Create directories and naming conversions
2025-11-30 12:55:29,558 - INFO - composites.py:177 - Dataset location: //nas-rs.topo.auth.gr/Latomeia/DROUGHT/composites/x07/y11/2020/01/01
2025-11-30 12:55:29,558 - INFO - composites.py:180 -                           
2025-11-30 12:55:29,558 - INFO - composites.py:181 - Retrieve tile geometry
2025-11-30 12:55:29,596 - INFO - composites.py:192 - Create the Bounding Box (φ,λ)
2025-11-30 12:55:29,596 - INFO - composites.py:198 - Create the Bounding Box (x,y)
2025-11-30 12:55:29,596 - INFO - composites.py:211 -                           
2025-11-30 12:55:29,596 - INFO - composites.py:212 - Connect to Planetary Computer STAC Catalog
2025-11-30 12:55:30,045 - INFO - composites.py:220 - Search the STAC Catalog
2025-11-30 12:55:30,121 - INFO - composites.py:232 -         Query parameters:
2025-11-30 12:55:30,121 - INFO - composites.py:233 -             url:          https://planetarycomputer.microsoft.com/api/stac/v1/search
2025-11-30 12:55:30,121 - INFO - composites.py:234 -             client:       microsoft-pc
2025-11-30 12:55:30,121 - INFO - composites.py:235 -             collection:   sentinel-2-l2a
2025-11-30 12:55:30,121 - INFO - composites.py:236 -             bbox:         (20.928573606105775, 38.35819969704171, 21.59502923200265, 38.902149455513275)
2025-11-30 12:55:30,121 - INFO - composites.py:237 -             time range:   2020-01-01T00:00:00Z/2020-01-31T23:59:59Z
2025-11-30 12:55:30,121 - INFO - composites.py:238 -             cloud cover:  0% - 70%
2025-11-30 12:55:30,121 - INFO - composites.py:239 -             nodata cover: 0% - 33%
2025-11-30 12:55:30,121 - INFO - composites.py:241 -                           
2025-11-30 12:55:30,121 - INFO - composites.py:242 - Searching...
2025-11-30 12:55:30,710 - INFO - composites.py:245 - Query found 20 items
2025-11-30 12:55:30,710 - INFO - composites.py:247 - Searching for GRI REFINED scenes:
2025-11-30 12:55:35,438 - INFO - sentinel2.py:78 - 1/20 - S2A_MSIL2A_20200124T092251_R093_T34SEJ_20201002T083605 -> Not Found
2025-11-30 12:55:39,914 - INFO - sentinel2.py:78 - 2/20 - S2A_MSIL2A_20200124T092251_R093_T34SEH_20201002T083602 -> Not Found
2025-11-30 12:55:44,877 - INFO - sentinel2.py:78 - 3/20 - S2A_MSIL2A_20200124T092251_R093_T34SDH_20201002T083600 -> Not Found
2025-11-30 12:55:48,991 - INFO - sentinel2.py:78 - 4/20 - S2B_MSIL2A_20200122T093209_R136_T34SDJ_20201002T060450 -> Not Found
2025-11-30 12:55:54,699 - INFO - sentinel2.py:78 - 5/20 - S2B_MSIL2A_20200122T093209_R136_T34SDH_20201002T060451 -> Not Found
2025-11-30 12:55:59,708 - INFO - sentinel2.py:78 - 6/20 - S2B_MSIL2A_20200119T092219_R093_T34SDH_20201002T205129 -> Not Found
2025-11-30 12:56:03,902 - INFO - sentinel2.py:78 - 7/20 - S2A_MSIL2A_20200117T093321_R136_T34SDJ_20201002T194548 -> Not Found
2025-11-30 12:56:08,338 - INFO - sentinel2.py:78 - 8/20 - S2A_MSIL2A_20200117T093321_R136_T34SDH_20201002T194542 -> Not Found
2025-11-30 12:56:13,317 - INFO - sentinel2.py:78 - 9/20 - S2A_MSIL2A_20200114T092331_R093_T34SEJ_20201002T182429 -> Not Found
2025-11-30 12:56:18,649 - INFO - sentinel2.py:78 - 10/20 - S2A_MSIL2A_20200114T092331_R093_T34SEH_20201002T182430 -> Not Found
2025-11-30 12:56:24,011 - INFO - sentinel2.py:78 - 11/20 - S2B_MSIL2A_20200112T093249_R136_T34SDJ_20201009T172025 -> Not Found
2025-11-30 12:56:29,353 - INFO - sentinel2.py:78 - 12/20 - S2B_MSIL2A_20200109T092249_R093_T34SEH_20201029T174519 -> Not Found
2025-11-30 12:56:34,463 - INFO - sentinel2.py:78 - 13/20 - S2B_MSIL2A_20200109T092249_R093_T34SDH_20201029T174458 -> Not Found
2025-11-30 12:56:38,743 - INFO - sentinel2.py:78 - 14/20 - S2A_MSIL2A_20200107T093351_R136_T34SDJ_20201029T110926 -> Not Found
2025-11-30 12:56:44,287 - INFO - sentinel2.py:78 - 15/20 - S2A_MSIL2A_20200107T093351_R136_T34SDH_20201029T110928 -> Not Found
2025-11-30 12:56:49,854 - INFO - sentinel2.py:78 - 16/20 - S2A_MSIL2A_20200104T092401_R093_T34SEJ_20201002T224246 -> Not Found
2025-11-30 12:56:54,126 - INFO - sentinel2.py:78 - 17/20 - S2A_MSIL2A_20200104T092401_R093_T34SEH_20201002T224247 -> Not Found
2025-11-30 12:56:59,017 - INFO - sentinel2.py:78 - 18/20 - S2A_MSIL2A_20200104T092401_R093_T34SDH_20201002T224237 -> Not Found
2025-11-30 12:57:04,526 - INFO - sentinel2.py:78 - 19/20 - S2B_MSIL2A_20200102T093309_R136_T34SDJ_20201002T220505 -> Not Found
2025-11-30 12:57:10,070 - INFO - sentinel2.py:78 - 20/20 - S2B_MSIL2A_20200102T093309_R136_T34SDH_20201002T220500 -> Not Found
2025-11-30 12:57:10,128 - INFO - composites.py:250 -                                  
2025-11-30 12:57:10,130 - INFO - composites.py:251 - 0/20 were refined by GRI.
2025-11-30 12:57:10,130 - WARNING - composites.py:255 - Tile x07_y11 | Time: 2020-01: All scenes are flagged NOT REFINED.
2025-11-30 12:57:10,131 - WARNING - composites.py:256 - Tile x07_y11 | Time: 2020-01: The composite will be flagged with _NOREFINED.
2025-11-30 12:57:10,131 - INFO - composites.py:263 - Looking for up to 7 cleanest images within spatiotemporal range of each MGRS tile
2025-11-30 12:57:10,131 - INFO - composites.py:277 - Filtered cleanest scenes: Kept 19 out of 20 items. 
2025-11-30 12:57:10,131 - INFO - composites.py:278 -         Included MGRS Tiles: ['34SDH' '34SDJ' '34SEH' '34SEJ']
2025-11-30 12:57:10,143 - INFO - composites.py:279 -         Included EPSG codes: [32634]
2025-11-30 12:57:10,143 - INFO - composites.py:281 - Selected scenes:
2025-11-30 12:57:10,143 - INFO - composites.py:283 -         S2B_MSIL2A_20200109T092249_R093_T34SDH_20201029T174458
2025-11-30 12:57:10,143 - INFO - composites.py:283 -         S2A_MSIL2A_20200107T093351_R136_T34SDH_20201029T110928
2025-11-30 12:57:10,143 - INFO - composites.py:283 -         S2A_MSIL2A_20200117T093321_R136_T34SDH_20201002T194542
2025-11-30 12:57:10,143 - INFO - composites.py:283 -         S2B_MSIL2A_20200102T093309_R136_T34SDH_20201002T220500
2025-11-30 12:57:10,143 - INFO - composites.py:283 -         S2B_MSIL2A_20200122T093209_R136_T34SDH_20201002T060451
2025-11-30 12:57:10,143 - INFO - composites.py:283 -         S2A_MSIL2A_20200104T092401_R093_T34SDH_20201002T224237
2025-11-30 12:57:10,143 - INFO - composites.py:283 -         S2A_MSIL2A_20200124T092251_R093_T34SDH_20201002T083600
2025-11-30 12:57:10,143 - INFO - composites.py:283 -         S2A_MSIL2A_20200107T093351_R136_T34SDJ_20201029T110926
2025-11-30 12:57:10,143 - INFO - composites.py:283 -         S2A_MSIL2A_20200117T093321_R136_T34SDJ_20201002T194548
2025-11-30 12:57:10,143 - INFO - composites.py:283 -         S2B_MSIL2A_20200102T093309_R136_T34SDJ_20201002T220505
2025-11-30 12:57:10,143 - INFO - composites.py:283 -         S2B_MSIL2A_20200122T093209_R136_T34SDJ_20201002T060450
2025-11-30 12:57:10,143 - INFO - composites.py:283 -         S2B_MSIL2A_20200112T093249_R136_T34SDJ_20201009T172025
2025-11-30 12:57:10,143 - INFO - composites.py:283 -         S2A_MSIL2A_20200104T092401_R093_T34SEH_20201002T224247
2025-11-30 12:57:10,143 - INFO - composites.py:283 -         S2B_MSIL2A_20200109T092249_R093_T34SEH_20201029T174519
2025-11-30 12:57:10,143 - INFO - composites.py:283 -         S2A_MSIL2A_20200124T092251_R093_T34SEH_20201002T083602
2025-11-30 12:57:10,143 - INFO - composites.py:283 -         S2A_MSIL2A_20200114T092331_R093_T34SEH_20201002T182430
2025-11-30 12:57:10,143 - INFO - composites.py:283 -         S2A_MSIL2A_20200104T092401_R093_T34SEJ_20201002T224246
2025-11-30 12:57:10,143 - INFO - composites.py:283 -         S2A_MSIL2A_20200124T092251_R093_T34SEJ_20201002T083605
2025-11-30 12:57:10,143 - INFO - composites.py:283 -         S2A_MSIL2A_20200114T092331_R093_T34SEJ_20201002T182429
2025-11-30 12:57:10,582 - INFO - sentinel2.py:154 - Matplotlib backend: Agg
2025-11-30 12:57:10,965 - INFO - sentinel2.py:224 - Write input scenes footprint overlay: //nas-rs.topo.auth.gr/Latomeia/DROUGHT/composites/x07/y11/2020/01/01/S2L2A_medcomp_x07y11_202001_InDataFootprint.jpeg
2025-11-30 12:57:11,188 - INFO - composites.py:297 -                                  
2025-11-30 12:57:11,189 - INFO - composites.py:298 - Downstream STAC items from Planetary Computer
2025-11-30 12:57:11,189 - INFO - timeseries_processing.py:115 -                                  
2025-11-30 12:57:11,189 - INFO - timeseries_processing.py:116 - Loading bands of diferent resolutions in EPSG:32634
2025-11-30 12:57:11,189 - INFO - timeseries_processing.py:120 -     Filtering items with native UTM EPSG:32634
2025-11-30 12:57:11,189 - INFO - timeseries_processing.py:122 -     19 Items in EPSG:32634
2025-11-30 12:57:11,189 - INFO - timeseries_processing.py:129 -                        
2025-11-30 12:57:11,189 - INFO - timeseries_processing.py:130 -     Loading parameters:
2025-11-30 12:57:11,189 - INFO - timeseries_processing.py:131 -         Bands: ['B05', 'B07', 'B8A', 'SCL']
2025-11-30 12:57:11,189 - INFO - timeseries_processing.py:132 -         Spatial resolution: 20
2025-11-30 12:57:11,189 - INFO - timeseries_processing.py:134 -         Get Assets from STAC Items
2025-11-30 12:57:11,189 - INFO - timeseries_processing.py:47 -         Initialize the STAC client
2025-11-30 12:57:11,896 - INFO - timeseries_processing.py:137 -         Loading 19 STAC Items....
2025-11-30 12:58:24,131 - INFO - timeseries_processing.py:146 -         Cube has been downloaded
2025-11-30 12:58:24,131 - INFO - timeseries_processing.py:156 -         Fix order of dimensions
2025-11-30 12:58:24,132 - INFO - timeseries_processing.py:161 -         Append bands to the band-list of EPSG:32634
2025-11-30 12:58:24,133 - INFO - timeseries_processing.py:129 -                        
2025-11-30 12:58:24,134 - INFO - timeseries_processing.py:130 -     Loading parameters:
2025-11-30 12:58:24,134 - INFO - timeseries_processing.py:131 -         Bands: ['B02', 'B03', 'B04']
2025-11-30 12:58:24,134 - INFO - timeseries_processing.py:132 -         Spatial resolution: 10
2025-11-30 12:58:24,134 - INFO - timeseries_processing.py:134 -         Get Assets from STAC Items
2025-11-30 12:58:24,134 - INFO - timeseries_processing.py:47 -         Initialize the STAC client
2025-11-30 12:58:24,934 - INFO - timeseries_processing.py:137 -         Loading 19 STAC Items....
2025-11-30 13:01:10,329 - INFO - timeseries_processing.py:146 -         Cube has been downloaded
2025-11-30 13:01:10,329 - INFO - timeseries_processing.py:149 -         Reproject to downsample 10m bands to 20m by Resampling.average 2x2 binning and shape matching with odc.geo.GeoBox
2025-11-30 13:01:21,861 - INFO - timeseries_processing.py:161 -         Append bands to the band-list of EPSG:32634
2025-11-30 13:01:21,861 - INFO - timeseries_processing.py:165 -                        
2025-11-30 13:01:21,861 - INFO - timeseries_processing.py:166 -     Merging bands in a single dataset
2025-11-30 13:01:21,861 - INFO - timeseries_processing.py:167 -     Ensure all partial datasets are at (x=20, y=-20) resolution
2025-11-30 13:01:21,866 - INFO - timeseries_processing.py:171 -     Clip to the intersection of indexes
2025-11-30 13:01:23,219 - INFO - timeseries_processing.py:180 -     Make a list of bands to merge
2025-11-30 13:01:23,223 - INFO - timeseries_processing.py:184 -     Merge on intersection
2025-11-30 13:01:23,224 - INFO - timeseries_processing.py:192 -     Apply masks on clouds, shadows, thin cirrus, and snow/ice
2025-11-30 13:01:23,224 - INFO - sentinel2.py:122 -                Masking bits: [3, 7, 8, 9, 10, 11]
2025-11-30 13:01:24,320 - INFO - composites.py:307 - Reproject from UTM Zone to Tile geometry -> CRS(EPSG:32634), Resampling.bilinear
2025-11-30 13:01:30,492 - INFO - composites.py:310 -     New shape of datasets: Shape2d(x=2400, y=2400)
2025-11-30 13:01:31,118 - INFO - composites.py:342 - Creating preview plot of input scenes
2025-11-30 13:02:03,845 - INFO - timeseries_processing.py:349 - Saved preview for 'B04' to //nas-rs.topo.auth.gr/Latomeia/DROUGHT/composites/x07/y11/2020/01/01/S2L2A_medcomp_x07y11_202001_InDataPreview.jpeg
2025-11-30 13:02:03,861 - INFO - composites.py:348 - Clip value range
2025-11-30 13:02:05,855 - INFO - composites.py:353 -                           
2025-11-30 13:02:05,862 - INFO - composites.py:354 - Computing spectral indices:
2025-11-30 13:02:05,863 - INFO - composites.py:357 -     EVI...
2025-11-30 13:02:07,117 - INFO - composites.py:359 -     NDVI...
2025-11-30 13:02:07,491 - INFO - composites.py:361 -     PSRI2...
2025-11-30 13:02:07,739 - INFO - composites.py:364 - Clip to typical value range
2025-11-30 13:02:08,080 - INFO - composites.py:371 - Reducing to median value temporal composite
2025-11-30 13:02:36,057 - INFO - composites.py:390 - Scale and Define data types & nodata per band
2025-11-30 13:02:36,191 - INFO - composites.py:411 - Assign time range and tile ID in metadata
2025-11-30 13:02:36,191 - INFO - composites.py:419 - Write bands to raster COG files
2025-11-30 13:02:40,314 - INFO - composites.py:432 - Write B02 -> //nas-rs.topo.auth.gr/Latomeia/DROUGHT/composites/x07/y11/2020/01/01/S2L2A_medcomp_x07y11_202001_B02.tif
2025-11-30 13:02:44,387 - INFO - composites.py:432 - Write B03 -> //nas-rs.topo.auth.gr/Latomeia/DROUGHT/composites/x07/y11/2020/01/01/S2L2A_medcomp_x07y11_202001_B03.tif
2025-11-30 13:02:48,479 - INFO - composites.py:432 - Write B04 -> //nas-rs.topo.auth.gr/Latomeia/DROUGHT/composites/x07/y11/2020/01/01/S2L2A_medcomp_x07y11_202001_B04.tif
2025-11-30 13:02:52,862 - INFO - composites.py:432 - Write B05 -> //nas-rs.topo.auth.gr/Latomeia/DROUGHT/composites/x07/y11/2020/01/01/S2L2A_medcomp_x07y11_202001_B05.tif
2025-11-30 13:02:56,916 - INFO - composites.py:432 - Write B07 -> //nas-rs.topo.auth.gr/Latomeia/DROUGHT/composites/x07/y11/2020/01/01/S2L2A_medcomp_x07y11_202001_B07.tif
2025-11-30 13:03:00,995 - INFO - composites.py:432 - Write B8A -> //nas-rs.topo.auth.gr/Latomeia/DROUGHT/composites/x07/y11/2020/01/01/S2L2A_medcomp_x07y11_202001_B8A.tif
2025-11-30 13:03:05,026 - INFO - composites.py:432 - Write EVI -> //nas-rs.topo.auth.gr/Latomeia/DROUGHT/composites/x07/y11/2020/01/01/S2L2A_medcomp_x07y11_202001_EVI.tif
2025-11-30 13:03:09,471 - INFO - composites.py:432 - Write NDVI -> //nas-rs.topo.auth.gr/Latomeia/DROUGHT/composites/x07/y11/2020/01/01/S2L2A_medcomp_x07y11_202001_NDVI.tif
2025-11-30 13:03:13,954 - INFO - composites.py:432 - Write PSRI2 -> //nas-rs.topo.auth.gr/Latomeia/DROUGHT/composites/x07/y11/2020/01/01/S2L2A_medcomp_x07y11_202001_PSRI2.tif
2025-11-30 13:03:13,954 - INFO - composites.py:436 - Prepare metadata YAML document
2025-11-30 13:03:14,530 - INFO - composites.py:458 - Write metadata YAML document to disk
2025-11-30 13:03:14,591 - INFO - composites.py:463 - Create datacube.model.Dataset from eo3 metadata
2025-11-30 13:03:14,601 - INFO - composites.py:476 - Index to datacube
2025-11-30 13:03:14,603 - INFO - _datasets.py:191 - Indexing f5459f5b-23c8-415b-874c-3f8677ef326b
2025-11-30 13:03:14,625 - INFO - composites.py:479 - 
2025-11-30 13:03:14,625 - INFO - composites.py:480 -              ✔✔✔ COMPLETED: Tile x07_y11 | Time: 2020-01 | In 7.86 minutes
2025-11-30 13:03:14,625 - INFO - composites.py:481 - 
2025-11-30 13:03:14,625 - INFO - composites.py:489 - Closing Dask client
2025-11-30 13:03:14,625 - INFO - composites.py:493 - Closing Dask cluster
2025-11-30 13:03:14,625 - INFO - composites.py:494 - #######################################################################
