2025-09-02 08:53:03,898 - INFO - composites.py:102 - #######################################################################
2025-09-02 08:53:03,898 - INFO - composites.py:104 - Processing started
2025-09-02 08:53:03,898 - INFO - composites.py:105 -         Tile: x10_y10
2025-09-02 08:53:03,898 - INFO - composites.py:106 -         Time: 2024-08
2025-09-02 08:53:03,898 - INFO - composites.py:109 -                           
2025-09-02 08:53:03,898 - INFO - composites.py:110 - Establishing connection to datacube
2025-09-02 08:53:04,420 - INFO - composites.py:113 -                           
2025-09-02 08:53:04,420 - INFO - composites.py:114 - Sanity test: Check if dataset already exists in the datacube
2025-09-02 08:53:04,441 - INFO - composites.py:133 - The composite requested was not found and it will be computed
2025-09-02 08:53:04,441 - INFO - composites.py:136 -                                  
2025-09-02 08:53:04,441 - INFO - composites.py:137 - Initializing Dask cluster for parallelization
2025-09-02 08:53:09,429 - INFO - composites.py:161 - Dask dashboard is available at: http://127.0.0.1:8787/status
2025-09-02 08:53:09,430 - INFO - composites.py:164 - Create directories and naming conversions
2025-09-02 08:53:09,440 - INFO - composites.py:177 - Dataset location: //nas-rs.topo.auth.gr/Latomeia/DROUGHT/composites/x10/y10/2024/08/01
2025-09-02 08:53:09,440 - INFO - composites.py:180 -                           
2025-09-02 08:53:09,440 - INFO - composites.py:181 - Retrieve tile geometry
2025-09-02 08:53:09,476 - INFO - composites.py:192 - Create the Bounding Box (φ,λ)
2025-09-02 08:53:09,476 - INFO - composites.py:198 - Create the Bounding Box (x,y)
2025-09-02 08:53:09,476 - INFO - composites.py:211 -                           
2025-09-02 08:53:09,476 - INFO - composites.py:212 - Connect to Planetary Computer STAC Catalog
2025-09-02 08:53:09,772 - INFO - composites.py:220 - Search the STAC Catalog
2025-09-02 08:53:09,844 - INFO - composites.py:232 -         Query parameters:
2025-09-02 08:53:09,849 - INFO - composites.py:233 -             url:          https://planetarycomputer.microsoft.com/api/stac/v1/search
2025-09-02 08:53:09,850 - INFO - composites.py:234 -             client:       microsoft-pc
2025-09-02 08:53:09,850 - INFO - composites.py:235 -             collection:   sentinel-2-l2a
2025-09-02 08:53:09,850 - INFO - composites.py:236 -             bbox:         (22.471633479946853, 37.72008040922633, 23.140477503527134, 38.27146676750315)
2025-09-02 08:53:09,850 - INFO - composites.py:237 -             time range:   2024-08-01T00:00:00Z/2024-08-31T23:59:59Z
2025-09-02 08:53:09,850 - INFO - composites.py:238 -             cloud cover:  0% - 70%
2025-09-02 08:53:09,850 - INFO - composites.py:239 -             nodata cover: 0% - 33%
2025-09-02 08:53:09,850 - INFO - composites.py:241 -                           
2025-09-02 08:53:09,850 - INFO - composites.py:242 - Searching...
2025-09-02 08:53:10,267 - INFO - composites.py:245 - Query found 16 items
2025-09-02 08:53:10,267 - INFO - composites.py:247 - Searching for GRI REFINED scenes:
2025-09-02 08:53:16,504 - INFO - sentinel2.py:78 - 1/16 - S2A_MSIL2A_20240827T090551_R050_T34SFG_20240827T135751 -> REFINED
2025-09-02 08:53:22,483 - INFO - sentinel2.py:78 - 2/16 - S2B_MSIL2A_20240825T091549_R093_T34SFH_20240826T145644 -> REFINED
2025-09-02 08:53:28,584 - INFO - sentinel2.py:78 - 3/16 - S2B_MSIL2A_20240825T091549_R093_T34SFG_20240826T145644 -> REFINED
2025-09-02 08:53:33,911 - INFO - sentinel2.py:78 - 4/16 - S2B_MSIL2A_20240822T090549_R050_T34SFG_20240822T134558 -> REFINED
2025-09-02 08:53:39,729 - INFO - sentinel2.py:78 - 5/16 - S2A_MSIL2A_20240820T092031_R093_T34SFH_20240820T140151 -> REFINED
2025-09-02 08:53:45,312 - INFO - sentinel2.py:78 - 6/16 - S2A_MSIL2A_20240820T092031_R093_T34SFG_20240820T140151 -> REFINED
2025-09-02 08:53:50,296 - INFO - sentinel2.py:78 - 7/16 - S2A_MSIL2A_20240817T090551_R050_T34SFG_20240817T134550 -> REFINED
2025-09-02 08:53:55,861 - INFO - sentinel2.py:78 - 8/16 - S2B_MSIL2A_20240815T091559_R093_T34SFH_20240815T120839 -> REFINED
2025-09-02 08:54:00,864 - INFO - sentinel2.py:78 - 9/16 - S2B_MSIL2A_20240815T091559_R093_T34SFG_20240815T120839 -> REFINED
2025-09-02 08:54:06,189 - INFO - sentinel2.py:78 - 10/16 - S2B_MSIL2A_20240812T090559_R050_T34SFG_20240812T121111 -> REFINED
2025-09-02 08:54:12,495 - INFO - sentinel2.py:78 - 11/16 - S2A_MSIL2A_20240810T092031_R093_T34SFH_20240810T141351 -> REFINED
2025-09-02 08:54:18,536 - INFO - sentinel2.py:78 - 12/16 - S2A_MSIL2A_20240810T092031_R093_T34SFG_20240810T141351 -> REFINED
2025-09-02 08:54:24,563 - INFO - sentinel2.py:78 - 13/16 - S2A_MSIL2A_20240807T090551_R050_T34SFG_20240807T153203 -> REFINED
2025-09-02 08:54:31,031 - INFO - sentinel2.py:78 - 14/16 - S2B_MSIL2A_20240805T091559_R093_T34SFH_20240805T134825 -> REFINED
2025-09-02 08:54:36,528 - INFO - sentinel2.py:78 - 15/16 - S2B_MSIL2A_20240805T091559_R093_T34SFG_20240805T134825 -> REFINED
2025-09-02 08:54:43,802 - INFO - sentinel2.py:78 - 16/16 - S2B_MSIL2A_20240802T090559_R050_T34SFG_20240802T103527 -> REFINED
2025-09-02 08:54:43,840 - INFO - composites.py:250 -                                  
2025-09-02 08:54:43,840 - INFO - composites.py:251 - 16/16 were refined by GRI.
2025-09-02 08:54:43,840 - INFO - composites.py:263 - Looking for up to 10 cleanest images within spatiotemporal range of each MGRS tile
2025-09-02 08:54:43,841 - INFO - composites.py:277 - Filtered cleanest scenes: Kept 15 out of 16 items. 
2025-09-02 08:54:43,841 - INFO - composites.py:278 -         Included MGRS Tiles: ['34SFG' '34SFH']
2025-09-02 08:54:43,841 - INFO - composites.py:279 -         Included EPSG codes: [32634]
2025-09-02 08:54:43,842 - INFO - composites.py:281 - Selected scenes:
2025-09-02 08:54:43,842 - INFO - composites.py:283 -         S2B_MSIL2A_20240802T090559_R050_T34SFG_20240802T103527
2025-09-02 08:54:43,842 - INFO - composites.py:283 -         S2B_MSIL2A_20240812T090559_R050_T34SFG_20240812T121111
2025-09-02 08:54:43,852 - INFO - composites.py:283 -         S2B_MSIL2A_20240815T091559_R093_T34SFG_20240815T120839
2025-09-02 08:54:43,852 - INFO - composites.py:283 -         S2A_MSIL2A_20240817T090551_R050_T34SFG_20240817T134550
2025-09-02 08:54:43,867 - INFO - composites.py:283 -         S2A_MSIL2A_20240807T090551_R050_T34SFG_20240807T153203
2025-09-02 08:54:43,867 - INFO - composites.py:283 -         S2A_MSIL2A_20240810T092031_R093_T34SFG_20240810T141351
2025-09-02 08:54:43,867 - INFO - composites.py:283 -         S2B_MSIL2A_20240822T090549_R050_T34SFG_20240822T134558
2025-09-02 08:54:43,867 - INFO - composites.py:283 -         S2B_MSIL2A_20240805T091559_R093_T34SFG_20240805T134825
2025-09-02 08:54:43,868 - INFO - composites.py:283 -         S2A_MSIL2A_20240820T092031_R093_T34SFG_20240820T140151
2025-09-02 08:54:43,868 - INFO - composites.py:283 -         S2A_MSIL2A_20240827T090551_R050_T34SFG_20240827T135751
2025-09-02 08:54:43,868 - INFO - composites.py:283 -         S2B_MSIL2A_20240815T091559_R093_T34SFH_20240815T120839
2025-09-02 08:54:43,868 - INFO - composites.py:283 -         S2B_MSIL2A_20240825T091549_R093_T34SFH_20240826T145644
2025-09-02 08:54:43,868 - INFO - composites.py:283 -         S2B_MSIL2A_20240805T091559_R093_T34SFH_20240805T134825
2025-09-02 08:54:43,868 - INFO - composites.py:283 -         S2A_MSIL2A_20240810T092031_R093_T34SFH_20240810T141351
2025-09-02 08:54:43,868 - INFO - composites.py:283 -         S2A_MSIL2A_20240820T092031_R093_T34SFH_20240820T140151
2025-09-02 08:54:44,204 - INFO - sentinel2.py:154 - Matplotlib backend: Agg
2025-09-02 08:54:44,496 - INFO - sentinel2.py:224 - Write input scenes footprint overlay: //nas-rs.topo.auth.gr/Latomeia/DROUGHT/composites/x10/y10/2024/08/01/S2L2A_medcomp_x10y10_202408_InDataFootprint.jpeg
2025-09-02 08:54:44,715 - INFO - composites.py:297 -                                  
2025-09-02 08:54:44,715 - INFO - composites.py:298 - Downstream STAC items from Planetary Computer
2025-09-02 08:54:44,715 - INFO - timeseries_processing.py:115 -                                  
2025-09-02 08:54:44,715 - INFO - timeseries_processing.py:116 - Loading bands of diferent resolutions in EPSG:32634
2025-09-02 08:54:44,716 - INFO - timeseries_processing.py:120 -     Filtering items with native UTM EPSG:32634
2025-09-02 08:54:44,716 - INFO - timeseries_processing.py:122 -     15 Items in EPSG:32634
2025-09-02 08:54:44,716 - INFO - timeseries_processing.py:129 -                        
2025-09-02 08:54:44,716 - INFO - timeseries_processing.py:130 -     Loading parameters:
2025-09-02 08:54:44,716 - INFO - timeseries_processing.py:131 -         Bands: ['B05', 'B07', 'B8A', 'SCL']
2025-09-02 08:54:44,716 - INFO - timeseries_processing.py:132 -         Spatial resolution: 20
2025-09-02 08:54:44,716 - INFO - timeseries_processing.py:134 -         Get Assets from STAC Items
2025-09-02 08:54:44,716 - INFO - timeseries_processing.py:47 -         Initialize the STAC client
2025-09-02 08:54:45,213 - INFO - timeseries_processing.py:137 -         Loading 15 STAC Items....
2025-09-02 08:57:29,553 - INFO - timeseries_processing.py:146 -         Cube has been downloaded
2025-09-02 08:57:29,553 - INFO - timeseries_processing.py:156 -         Fix order of dimensions
2025-09-02 08:57:29,555 - INFO - timeseries_processing.py:161 -         Append bands to the band-list of EPSG:32634
2025-09-02 08:57:29,555 - INFO - timeseries_processing.py:129 -                        
2025-09-02 08:57:29,555 - INFO - timeseries_processing.py:130 -     Loading parameters:
2025-09-02 08:57:29,555 - INFO - timeseries_processing.py:131 -         Bands: ['B02', 'B03', 'B04']
2025-09-02 08:57:29,555 - INFO - timeseries_processing.py:132 -         Spatial resolution: 10
2025-09-02 08:57:29,555 - INFO - timeseries_processing.py:134 -         Get Assets from STAC Items
2025-09-02 08:57:29,555 - INFO - timeseries_processing.py:47 -         Initialize the STAC client
2025-09-02 08:57:30,071 - INFO - timeseries_processing.py:137 -         Loading 15 STAC Items....
2025-09-02 09:02:56,062 - INFO - timeseries_processing.py:146 -         Cube has been downloaded
2025-09-02 09:02:56,063 - INFO - timeseries_processing.py:149 -         Reproject to downsample 10m bands to 20m by Resampling.average 2x2 binning and shape matching with odc.geo.GeoBox
2025-09-02 09:03:11,683 - INFO - timeseries_processing.py:161 -         Append bands to the band-list of EPSG:32634
2025-09-02 09:03:11,683 - INFO - timeseries_processing.py:165 -                        
2025-09-02 09:03:11,683 - INFO - timeseries_processing.py:166 -     Merging bands in a single dataset
2025-09-02 09:03:11,683 - INFO - timeseries_processing.py:167 -     Ensure all partial datasets are at (x=20, y=-20) resolution
2025-09-02 09:03:11,683 - INFO - timeseries_processing.py:171 -     Clip to the intersection of indexes
2025-09-02 09:03:12,848 - INFO - timeseries_processing.py:180 -     Make a list of bands to merge
2025-09-02 09:03:12,849 - INFO - timeseries_processing.py:184 -     Merge on intersection
2025-09-02 09:03:12,851 - INFO - timeseries_processing.py:192 -     Apply masks on clouds, shadows, thin cirrus, and snow/ice
2025-09-02 09:03:12,851 - INFO - sentinel2.py:122 -                Masking bits: [3, 7, 8, 9, 10, 11]
2025-09-02 09:03:14,284 - INFO - composites.py:307 - Reproject from UTM Zone to Tile geometry -> CRS(EPSG:32634), Resampling.bilinear
2025-09-02 09:03:21,786 - INFO - composites.py:310 -     New shape of datasets: Shape2d(x=2400, y=2400)
2025-09-02 09:03:22,789 - INFO - composites.py:329 - Scale SR to Sen2Cor Baseline 4.00 - Subtract 1000 in dates post 2022-01-25
2025-09-02 09:03:24,438 - INFO - composites.py:342 - Creating preview plot of input scenes
2025-09-02 09:03:59,144 - INFO - timeseries_processing.py:349 - Saved preview for 'B04' to //nas-rs.topo.auth.gr/Latomeia/DROUGHT/composites/x10/y10/2024/08/01/S2L2A_medcomp_x10y10_202408_InDataPreview.jpeg
2025-09-02 09:03:59,152 - INFO - composites.py:348 - Clip value range
2025-09-02 09:04:01,300 - INFO - composites.py:353 -                           
2025-09-02 09:04:01,316 - INFO - composites.py:354 - Computing spectral indices:
2025-09-02 09:04:01,316 - INFO - composites.py:357 -     EVI...
2025-09-02 09:04:02,664 - INFO - composites.py:359 -     NDVI...
2025-09-02 09:04:03,145 - INFO - composites.py:361 -     PSRI2...
2025-09-02 09:04:03,490 - INFO - composites.py:364 - Clip to typical value range
2025-09-02 09:04:03,866 - INFO - composites.py:371 - Reducing to median value temporal composite
2025-09-02 09:04:34,876 - INFO - composites.py:390 - Scale and Define data types & nodata per band
2025-09-02 09:04:35,025 - INFO - composites.py:411 - Assign time range and tile ID in metadata
2025-09-02 09:04:35,025 - INFO - composites.py:419 - Write bands to raster COG files
2025-09-02 09:04:38,989 - INFO - composites.py:432 - Write B02 -> //nas-rs.topo.auth.gr/Latomeia/DROUGHT/composites/x10/y10/2024/08/01/S2L2A_medcomp_x10y10_202408_B02.tif
2025-09-02 09:04:42,908 - INFO - composites.py:432 - Write B03 -> //nas-rs.topo.auth.gr/Latomeia/DROUGHT/composites/x10/y10/2024/08/01/S2L2A_medcomp_x10y10_202408_B03.tif
2025-09-02 09:04:46,822 - INFO - composites.py:432 - Write B04 -> //nas-rs.topo.auth.gr/Latomeia/DROUGHT/composites/x10/y10/2024/08/01/S2L2A_medcomp_x10y10_202408_B04.tif
2025-09-02 09:04:50,682 - INFO - composites.py:432 - Write B05 -> //nas-rs.topo.auth.gr/Latomeia/DROUGHT/composites/x10/y10/2024/08/01/S2L2A_medcomp_x10y10_202408_B05.tif
2025-09-02 09:04:54,538 - INFO - composites.py:432 - Write B07 -> //nas-rs.topo.auth.gr/Latomeia/DROUGHT/composites/x10/y10/2024/08/01/S2L2A_medcomp_x10y10_202408_B07.tif
2025-09-02 09:04:58,462 - INFO - composites.py:432 - Write B8A -> //nas-rs.topo.auth.gr/Latomeia/DROUGHT/composites/x10/y10/2024/08/01/S2L2A_medcomp_x10y10_202408_B8A.tif
2025-09-02 09:05:02,271 - INFO - composites.py:432 - Write EVI -> //nas-rs.topo.auth.gr/Latomeia/DROUGHT/composites/x10/y10/2024/08/01/S2L2A_medcomp_x10y10_202408_EVI.tif
2025-09-02 09:05:06,150 - INFO - composites.py:432 - Write NDVI -> //nas-rs.topo.auth.gr/Latomeia/DROUGHT/composites/x10/y10/2024/08/01/S2L2A_medcomp_x10y10_202408_NDVI.tif
2025-09-02 09:05:10,032 - INFO - composites.py:432 - Write PSRI2 -> //nas-rs.topo.auth.gr/Latomeia/DROUGHT/composites/x10/y10/2024/08/01/S2L2A_medcomp_x10y10_202408_PSRI2.tif
2025-09-02 09:05:10,032 - INFO - composites.py:436 - Prepare metadata YAML document
2025-09-02 09:05:10,563 - INFO - composites.py:458 - Write metadata YAML document to disk
2025-09-02 09:05:10,600 - INFO - composites.py:463 - Create datacube.model.Dataset from eo3 metadata
2025-09-02 09:05:10,611 - INFO - composites.py:476 - Index to datacube
2025-09-02 09:05:10,611 - INFO - _datasets.py:191 - Indexing 338cbddd-f33a-4c20-9560-35585be0d50a
2025-09-02 09:05:10,619 - INFO - composites.py:479 - 
2025-09-02 09:05:10,619 - INFO - composites.py:480 -              ✔✔✔ COMPLETED: Tile x10_y10 | Time: 2024-08 | In 12.11 minutes
2025-09-02 09:05:10,619 - INFO - composites.py:481 - 
2025-09-02 09:05:10,619 - INFO - composites.py:489 - Closing Dask client
2025-09-02 09:05:10,622 - INFO - composites.py:493 - Closing Dask cluster
2025-09-02 09:05:10,622 - INFO - composites.py:494 - #######################################################################
