2025-09-02 23:34:57,384 - INFO - composites.py:102 - #######################################################################
2025-09-02 23:34:57,384 - INFO - composites.py:104 - Processing started
2025-09-02 23:34:57,384 - INFO - composites.py:105 -         Tile: x10_y10
2025-09-02 23:34:57,384 - INFO - composites.py:106 -         Time: 2025-01
2025-09-02 23:34:57,384 - INFO - composites.py:109 -                           
2025-09-02 23:34:57,384 - INFO - composites.py:110 - Establishing connection to datacube
2025-09-02 23:34:57,940 - INFO - composites.py:113 -                           
2025-09-02 23:34:57,940 - INFO - composites.py:114 - Sanity test: Check if dataset already exists in the datacube
2025-09-02 23:34:57,962 - INFO - composites.py:133 - The composite requested was not found and it will be computed
2025-09-02 23:34:57,962 - INFO - composites.py:136 -                                  
2025-09-02 23:34:57,962 - INFO - composites.py:137 - Initializing Dask cluster for parallelization
2025-09-02 23:35:03,177 - INFO - composites.py:161 - Dask dashboard is available at: http://127.0.0.1:8787/status
2025-09-02 23:35:03,177 - INFO - composites.py:164 - Create directories and naming conversions
2025-09-02 23:35:03,194 - INFO - composites.py:177 - Dataset location: //nas-rs.topo.auth.gr/Latomeia/DROUGHT/composites/x10/y10/2025/01/01
2025-09-02 23:35:03,194 - INFO - composites.py:180 -                           
2025-09-02 23:35:03,194 - INFO - composites.py:181 - Retrieve tile geometry
2025-09-02 23:35:03,226 - INFO - composites.py:192 - Create the Bounding Box (φ,λ)
2025-09-02 23:35:03,226 - INFO - composites.py:198 - Create the Bounding Box (x,y)
2025-09-02 23:35:03,226 - INFO - composites.py:211 -                           
2025-09-02 23:35:03,226 - INFO - composites.py:212 - Connect to Planetary Computer STAC Catalog
2025-09-02 23:35:03,449 - INFO - composites.py:220 - Search the STAC Catalog
2025-09-02 23:35:03,530 - INFO - composites.py:232 -         Query parameters:
2025-09-02 23:35:03,530 - INFO - composites.py:233 -             url:          https://planetarycomputer.microsoft.com/api/stac/v1/search
2025-09-02 23:35:03,530 - INFO - composites.py:234 -             client:       microsoft-pc
2025-09-02 23:35:03,541 - INFO - composites.py:235 -             collection:   sentinel-2-l2a
2025-09-02 23:35:03,542 - INFO - composites.py:236 -             bbox:         (22.471633479946853, 37.72008040922633, 23.140477503527134, 38.27146676750315)
2025-09-02 23:35:03,542 - INFO - composites.py:237 -             time range:   2025-01-01T00:00:00Z/2025-01-31T23:59:59Z
2025-09-02 23:35:03,543 - INFO - composites.py:238 -             cloud cover:  0% - 70%
2025-09-02 23:35:03,550 - INFO - composites.py:239 -             nodata cover: 0% - 33%
2025-09-02 23:35:03,550 - INFO - composites.py:241 -                           
2025-09-02 23:35:03,550 - INFO - composites.py:242 - Searching...
2025-09-02 23:35:03,956 - INFO - composites.py:245 - Query found 12 items
2025-09-02 23:35:03,956 - INFO - composites.py:247 - Searching for GRI REFINED scenes:
2025-09-02 23:35:07,435 - INFO - sentinel2.py:78 - 1/12 - S2B_MSIL2A_20250129T091129_R050_T34SFG_20250129T133949 -> NOT_REFINED
2025-09-02 23:35:10,834 - INFO - sentinel2.py:78 - 2/12 - S2C_MSIL2A_20250127T092311_R093_T34SFH_20250127T130112 -> NOT_REFINED
2025-09-02 23:35:14,109 - INFO - sentinel2.py:78 - 3/12 - S2C_MSIL2A_20250127T092311_R093_T34SFG_20250127T130112 -> NOT_REFINED
2025-09-02 23:35:18,268 - INFO - sentinel2.py:78 - 4/12 - S2B_MSIL2A_20250122T092209_R093_T34SFH_20250122T114937 -> NOT_REFINED
2025-09-02 23:35:22,340 - INFO - sentinel2.py:78 - 5/12 - S2B_MSIL2A_20250122T092209_R093_T34SFG_20250122T114937 -> NOT_REFINED
2025-09-02 23:35:26,261 - INFO - sentinel2.py:78 - 6/12 - S2B_MSIL2A_20250119T091219_R050_T34SFG_20250119T113022 -> NOT_REFINED
2025-09-02 23:35:30,749 - INFO - sentinel2.py:78 - 7/12 - S2A_MSIL2A_20250117T092321_R093_T34SFH_20250117T130404 -> NOT_REFINED
2025-09-02 23:35:34,712 - INFO - sentinel2.py:78 - 8/12 - S2A_MSIL2A_20250117T092321_R093_T34SFG_20250117T130404 -> NOT_REFINED
2025-09-02 23:35:38,776 - INFO - sentinel2.py:78 - 9/12 - S2B_MSIL2A_20250112T092239_R093_T34SFG_20250112T114846 -> NOT_REFINED
2025-09-02 23:35:42,706 - INFO - sentinel2.py:78 - 10/12 - S2B_MSIL2A_20250109T091249_R050_T34SFG_20250109T113211 -> NOT_REFINED
2025-09-02 23:35:47,237 - INFO - sentinel2.py:78 - 11/12 - S2B_MSIL2A_20250102T092309_R093_T34SFH_20250102T113432 -> NOT_REFINED
2025-09-02 23:35:51,734 - INFO - sentinel2.py:78 - 12/12 - S2B_MSIL2A_20250102T092309_R093_T34SFG_20250102T113432 -> NOT_REFINED
2025-09-02 23:35:51,773 - INFO - composites.py:250 -                                  
2025-09-02 23:35:51,773 - INFO - composites.py:251 - 0/12 were refined by GRI.
2025-09-02 23:35:51,773 - WARNING - composites.py:255 - Tile x10_y10 | Time: 2025-01: All scenes are flagged NOT REFINED.
2025-09-02 23:35:51,773 - WARNING - composites.py:256 - Tile x10_y10 | Time: 2025-01: The composite will be flagged with _NOREFINED.
2025-09-02 23:35:51,773 - INFO - composites.py:263 - Looking for up to 10 cleanest images within spatiotemporal range of each MGRS tile
2025-09-02 23:35:51,773 - INFO - composites.py:277 - Filtered cleanest scenes: Kept 12 out of 12 items. 
2025-09-02 23:35:51,775 - INFO - composites.py:278 -         Included MGRS Tiles: ['34SFG' '34SFH']
2025-09-02 23:35:51,775 - INFO - composites.py:279 -         Included EPSG codes: [32634]
2025-09-02 23:35:51,781 - INFO - composites.py:281 - Selected scenes:
2025-09-02 23:35:51,781 - INFO - composites.py:283 -         S2B_MSIL2A_20250119T091219_R050_T34SFG_20250119T113022
2025-09-02 23:35:51,781 - INFO - composites.py:283 -         S2B_MSIL2A_20250122T092209_R093_T34SFG_20250122T114937
2025-09-02 23:35:51,781 - INFO - composites.py:283 -         S2B_MSIL2A_20250129T091129_R050_T34SFG_20250129T133949
2025-09-02 23:35:51,781 - INFO - composites.py:283 -         S2B_MSIL2A_20250109T091249_R050_T34SFG_20250109T113211
2025-09-02 23:35:51,781 - INFO - composites.py:283 -         S2C_MSIL2A_20250127T092311_R093_T34SFG_20250127T130112
2025-09-02 23:35:51,781 - INFO - composites.py:283 -         S2A_MSIL2A_20250117T092321_R093_T34SFG_20250117T130404
2025-09-02 23:35:51,781 - INFO - composites.py:283 -         S2B_MSIL2A_20250112T092239_R093_T34SFG_20250112T114846
2025-09-02 23:35:51,781 - INFO - composites.py:283 -         S2B_MSIL2A_20250102T092309_R093_T34SFG_20250102T113432
2025-09-02 23:35:51,781 - INFO - composites.py:283 -         S2B_MSIL2A_20250122T092209_R093_T34SFH_20250122T114937
2025-09-02 23:35:51,781 - INFO - composites.py:283 -         S2C_MSIL2A_20250127T092311_R093_T34SFH_20250127T130112
2025-09-02 23:35:51,781 - INFO - composites.py:283 -         S2B_MSIL2A_20250102T092309_R093_T34SFH_20250102T113432
2025-09-02 23:35:51,781 - INFO - composites.py:283 -         S2A_MSIL2A_20250117T092321_R093_T34SFH_20250117T130404
2025-09-02 23:35:52,174 - INFO - sentinel2.py:154 - Matplotlib backend: Agg
2025-09-02 23:35:52,321 - INFO - sentinel2.py:224 - Write input scenes footprint overlay: //nas-rs.topo.auth.gr/Latomeia/DROUGHT/composites/x10/y10/2025/01/01/S2L2A_medcomp_x10y10_202501_InDataFootprint.jpeg
2025-09-02 23:35:52,571 - INFO - composites.py:297 -                                  
2025-09-02 23:35:52,571 - INFO - composites.py:298 - Downstream STAC items from Planetary Computer
2025-09-02 23:35:52,571 - INFO - timeseries_processing.py:115 -                                  
2025-09-02 23:35:52,571 - INFO - timeseries_processing.py:116 - Loading bands of diferent resolutions in EPSG:32634
2025-09-02 23:35:52,571 - INFO - timeseries_processing.py:120 -     Filtering items with native UTM EPSG:32634
2025-09-02 23:35:52,571 - INFO - timeseries_processing.py:122 -     12 Items in EPSG:32634
2025-09-02 23:35:52,571 - INFO - timeseries_processing.py:129 -                        
2025-09-02 23:35:52,571 - INFO - timeseries_processing.py:130 -     Loading parameters:
2025-09-02 23:35:52,571 - INFO - timeseries_processing.py:131 -         Bands: ['B05', 'B07', 'B8A', 'SCL']
2025-09-02 23:35:52,571 - INFO - timeseries_processing.py:132 -         Spatial resolution: 20
2025-09-02 23:35:52,571 - INFO - timeseries_processing.py:134 -         Get Assets from STAC Items
2025-09-02 23:35:52,571 - INFO - timeseries_processing.py:47 -         Initialize the STAC client
2025-09-02 23:35:53,233 - INFO - timeseries_processing.py:137 -         Loading 12 STAC Items....
2025-09-02 23:38:11,134 - INFO - timeseries_processing.py:146 -         Cube has been downloaded
2025-09-02 23:38:11,134 - INFO - timeseries_processing.py:156 -         Fix order of dimensions
2025-09-02 23:38:11,135 - INFO - timeseries_processing.py:161 -         Append bands to the band-list of EPSG:32634
2025-09-02 23:38:11,137 - INFO - timeseries_processing.py:129 -                        
2025-09-02 23:38:11,137 - INFO - timeseries_processing.py:130 -     Loading parameters:
2025-09-02 23:38:11,137 - INFO - timeseries_processing.py:131 -         Bands: ['B02', 'B03', 'B04']
2025-09-02 23:38:11,137 - INFO - timeseries_processing.py:132 -         Spatial resolution: 10
2025-09-02 23:38:11,137 - INFO - timeseries_processing.py:134 -         Get Assets from STAC Items
2025-09-02 23:38:11,137 - INFO - timeseries_processing.py:47 -         Initialize the STAC client
2025-09-02 23:38:11,663 - INFO - timeseries_processing.py:137 -         Loading 12 STAC Items....
2025-09-02 23:42:23,126 - INFO - timeseries_processing.py:146 -         Cube has been downloaded
2025-09-02 23:42:23,126 - INFO - timeseries_processing.py:149 -         Reproject to downsample 10m bands to 20m by Resampling.average 2x2 binning and shape matching with odc.geo.GeoBox
2025-09-02 23:42:37,078 - INFO - timeseries_processing.py:161 -         Append bands to the band-list of EPSG:32634
2025-09-02 23:42:37,078 - INFO - timeseries_processing.py:165 -                        
2025-09-02 23:42:37,078 - INFO - timeseries_processing.py:166 -     Merging bands in a single dataset
2025-09-02 23:42:37,078 - INFO - timeseries_processing.py:167 -     Ensure all partial datasets are at (x=20, y=-20) resolution
2025-09-02 23:42:37,080 - INFO - timeseries_processing.py:171 -     Clip to the intersection of indexes
2025-09-02 23:42:38,368 - INFO - timeseries_processing.py:180 -     Make a list of bands to merge
2025-09-02 23:42:38,369 - INFO - timeseries_processing.py:184 -     Merge on intersection
2025-09-02 23:42:38,371 - INFO - timeseries_processing.py:192 -     Apply masks on clouds, shadows, thin cirrus, and snow/ice
2025-09-02 23:42:38,371 - INFO - sentinel2.py:122 -                Masking bits: [3, 7, 8, 9, 10, 11]
2025-09-02 23:42:39,469 - INFO - composites.py:307 - Reproject from UTM Zone to Tile geometry -> CRS(EPSG:32634), Resampling.bilinear
2025-09-02 23:42:45,023 - INFO - composites.py:310 -     New shape of datasets: Shape2d(x=2400, y=2400)
2025-09-02 23:42:45,574 - INFO - composites.py:329 - Scale SR to Sen2Cor Baseline 4.00 - Subtract 1000 in dates post 2022-01-25
2025-09-02 23:42:46,783 - INFO - composites.py:342 - Creating preview plot of input scenes
2025-09-02 23:43:16,658 - INFO - timeseries_processing.py:349 - Saved preview for 'B04' to //nas-rs.topo.auth.gr/Latomeia/DROUGHT/composites/x10/y10/2025/01/01/S2L2A_medcomp_x10y10_202501_InDataPreview.jpeg
2025-09-02 23:43:16,664 - INFO - composites.py:348 - Clip value range
2025-09-02 23:43:18,390 - INFO - composites.py:353 -                           
2025-09-02 23:43:18,391 - INFO - composites.py:354 - Computing spectral indices:
2025-09-02 23:43:18,391 - INFO - composites.py:357 -     EVI...
2025-09-02 23:43:19,397 - INFO - composites.py:359 -     NDVI...
2025-09-02 23:43:19,801 - INFO - composites.py:361 -     PSRI2...
2025-09-02 23:43:20,133 - INFO - composites.py:364 - Clip to typical value range
2025-09-02 23:43:20,420 - INFO - composites.py:371 - Reducing to median value temporal composite
2025-09-02 23:43:44,291 - INFO - composites.py:390 - Scale and Define data types & nodata per band
2025-09-02 23:43:44,415 - INFO - composites.py:411 - Assign time range and tile ID in metadata
2025-09-02 23:43:44,416 - INFO - composites.py:419 - Write bands to raster COG files
2025-09-02 23:43:48,842 - INFO - composites.py:432 - Write B02 -> //nas-rs.topo.auth.gr/Latomeia/DROUGHT/composites/x10/y10/2025/01/01/S2L2A_medcomp_x10y10_202501_B02.tif
2025-09-02 23:43:53,241 - INFO - composites.py:432 - Write B03 -> //nas-rs.topo.auth.gr/Latomeia/DROUGHT/composites/x10/y10/2025/01/01/S2L2A_medcomp_x10y10_202501_B03.tif
2025-09-02 23:43:57,146 - INFO - composites.py:432 - Write B04 -> //nas-rs.topo.auth.gr/Latomeia/DROUGHT/composites/x10/y10/2025/01/01/S2L2A_medcomp_x10y10_202501_B04.tif
2025-09-02 23:44:01,452 - INFO - composites.py:432 - Write B05 -> //nas-rs.topo.auth.gr/Latomeia/DROUGHT/composites/x10/y10/2025/01/01/S2L2A_medcomp_x10y10_202501_B05.tif
2025-09-02 23:44:05,499 - INFO - composites.py:432 - Write B07 -> //nas-rs.topo.auth.gr/Latomeia/DROUGHT/composites/x10/y10/2025/01/01/S2L2A_medcomp_x10y10_202501_B07.tif
2025-09-02 23:44:09,759 - INFO - composites.py:432 - Write B8A -> //nas-rs.topo.auth.gr/Latomeia/DROUGHT/composites/x10/y10/2025/01/01/S2L2A_medcomp_x10y10_202501_B8A.tif
2025-09-02 23:44:14,637 - INFO - composites.py:432 - Write EVI -> //nas-rs.topo.auth.gr/Latomeia/DROUGHT/composites/x10/y10/2025/01/01/S2L2A_medcomp_x10y10_202501_EVI.tif
2025-09-02 23:44:18,660 - INFO - composites.py:432 - Write NDVI -> //nas-rs.topo.auth.gr/Latomeia/DROUGHT/composites/x10/y10/2025/01/01/S2L2A_medcomp_x10y10_202501_NDVI.tif
2025-09-02 23:44:22,402 - INFO - composites.py:432 - Write PSRI2 -> //nas-rs.topo.auth.gr/Latomeia/DROUGHT/composites/x10/y10/2025/01/01/S2L2A_medcomp_x10y10_202501_PSRI2.tif
2025-09-02 23:44:22,402 - INFO - composites.py:436 - Prepare metadata YAML document
2025-09-02 23:44:22,991 - INFO - composites.py:458 - Write metadata YAML document to disk
2025-09-02 23:44:23,055 - INFO - composites.py:463 - Create datacube.model.Dataset from eo3 metadata
2025-09-02 23:44:23,065 - INFO - composites.py:476 - Index to datacube
2025-09-02 23:44:23,065 - INFO - _datasets.py:191 - Indexing 65dd9148-085e-4575-bc25-e9a44e15f38c
2025-09-02 23:44:23,073 - INFO - composites.py:479 - 
2025-09-02 23:44:23,073 - INFO - composites.py:480 -              ✔✔✔ COMPLETED: Tile x10_y10 | Time: 2025-01 | In 9.43 minutes
2025-09-02 23:44:23,073 - INFO - composites.py:481 - 
2025-09-02 23:44:23,073 - INFO - composites.py:489 - Closing Dask client
2025-09-02 23:44:23,075 - INFO - composites.py:493 - Closing Dask cluster
2025-09-02 23:44:23,075 - INFO - composites.py:494 - #######################################################################
