2025-09-01 10:01:20,779 - INFO - composites.py:102 - #######################################################################
2025-09-01 10:01:20,779 - INFO - composites.py:104 - Processing started
2025-09-01 10:01:20,779 - INFO - composites.py:105 -         Tile: x10_y08
2025-09-01 10:01:20,779 - INFO - composites.py:106 -         Time: 2023-12
2025-09-01 10:01:20,779 - INFO - composites.py:109 -                           
2025-09-01 10:01:20,779 - INFO - composites.py:110 - Establishing connection to datacube
2025-09-01 10:01:21,305 - INFO - composites.py:113 -                           
2025-09-01 10:01:21,306 - INFO - composites.py:114 - Sanity test: Check if dataset already exists in the datacube
2025-09-01 10:01:21,326 - INFO - composites.py:133 - The composite requested was not found and it will be computed
2025-09-01 10:01:21,326 - INFO - composites.py:136 -                                  
2025-09-01 10:01:21,326 - INFO - composites.py:137 - Initializing Dask cluster for parallelization
2025-09-01 10:01:26,254 - INFO - composites.py:161 - Dask dashboard is available at: http://127.0.0.1:8787/status
2025-09-01 10:01:26,254 - INFO - composites.py:164 - Create directories and naming conversions
2025-09-01 10:01:26,265 - INFO - composites.py:177 - Dataset location: //nas-rs.topo.auth.gr/Latomeia/DROUGHT/composites/x10/y08/2023/12/01
2025-09-01 10:01:26,265 - INFO - composites.py:180 -                           
2025-09-01 10:01:26,265 - INFO - composites.py:181 - Retrieve tile geometry
2025-09-01 10:01:26,295 - INFO - composites.py:192 - Create the Bounding Box (φ,λ)
2025-09-01 10:01:26,295 - INFO - composites.py:198 - Create the Bounding Box (x,y)
2025-09-01 10:01:26,295 - INFO - composites.py:211 -                           
2025-09-01 10:01:26,295 - INFO - composites.py:212 - Connect to Planetary Computer STAC Catalog
2025-09-01 10:01:26,568 - INFO - composites.py:220 - Search the STAC Catalog
2025-09-01 10:01:26,638 - INFO - composites.py:232 -         Query parameters:
2025-09-01 10:01:26,638 - INFO - composites.py:233 -             url:          https://planetarycomputer.microsoft.com/api/stac/v1/search
2025-09-01 10:01:26,638 - INFO - composites.py:234 -             client:       microsoft-pc
2025-09-01 10:01:26,639 - INFO - composites.py:235 -             collection:   sentinel-2-l2a
2025-09-01 10:01:26,639 - INFO - composites.py:236 -             bbox:         (22.316206507160903, 36.86212166478193, 22.975825813790852, 37.413146481379215)
2025-09-01 10:01:26,639 - INFO - composites.py:237 -             time range:   2023-12-01T00:00:00Z/2023-12-31T23:59:59Z
2025-09-01 10:01:26,639 - INFO - composites.py:238 -             cloud cover:  0% - 70%
2025-09-01 10:01:26,639 - INFO - composites.py:239 -             nodata cover: 0% - 33%
2025-09-01 10:01:26,639 - INFO - composites.py:241 -                           
2025-09-01 10:01:26,639 - INFO - composites.py:242 - Searching...
2025-09-01 10:01:27,099 - INFO - composites.py:245 - Query found 19 items
2025-09-01 10:01:27,099 - INFO - composites.py:247 - Searching for GRI REFINED scenes:
2025-09-01 10:01:31,120 - INFO - sentinel2.py:78 - 1/19 - S2B_MSIL2A_20231229T092319_R093_T34SFG_20231229T120918 -> REFINED
2025-09-01 10:01:35,551 - INFO - sentinel2.py:78 - 2/19 - S2B_MSIL2A_20231229T092319_R093_T34SFF_20231229T121514 -> REFINED
2025-09-01 10:01:40,494 - INFO - sentinel2.py:78 - 3/19 - S2B_MSIL2A_20231226T091309_R050_T34SFG_20231226T120903 -> REFINED
2025-09-01 10:01:44,856 - INFO - sentinel2.py:78 - 4/19 - S2A_MSIL2A_20231224T092411_R093_T34SFG_20231224T142912 -> REFINED
2025-09-01 10:01:49,013 - INFO - sentinel2.py:78 - 5/19 - S2A_MSIL2A_20231224T092411_R093_T34SFF_20231224T142908 -> REFINED
2025-09-01 10:01:52,656 - INFO - sentinel2.py:78 - 6/19 - S2A_MSIL2A_20231221T091401_R050_T34SFF_20231222T044033 -> REFINED
2025-09-01 10:01:56,455 - INFO - sentinel2.py:78 - 7/19 - S2B_MSIL2A_20231219T092319_R093_T34SFG_20231220T125130 -> REFINED
2025-09-01 10:02:01,485 - INFO - sentinel2.py:78 - 8/19 - S2B_MSIL2A_20231219T092319_R093_T34SFF_20231220T125518 -> REFINED
2025-09-01 10:02:05,221 - INFO - sentinel2.py:78 - 9/19 - S2B_MSIL2A_20231216T091309_R050_T34SFF_20231220T031238 -> REFINED
2025-09-01 10:02:09,195 - INFO - sentinel2.py:78 - 10/19 - S2A_MSIL2A_20231214T092401_R093_T34SFG_20231219T220835 -> REFINED
2025-09-01 10:02:13,175 - INFO - sentinel2.py:78 - 11/19 - S2A_MSIL2A_20231214T092401_R093_T34SFF_20231219T220905 -> REFINED
2025-09-01 10:02:17,708 - INFO - sentinel2.py:78 - 12/19 - S2A_MSIL2A_20231211T091351_R050_T34SFG_20231211T142544 -> REFINED
2025-09-01 10:02:22,282 - INFO - sentinel2.py:78 - 13/19 - S2A_MSIL2A_20231211T091351_R050_T34SFF_20231211T142548 -> REFINED
2025-09-01 10:02:26,150 - INFO - sentinel2.py:78 - 14/19 - S2B_MSIL2A_20231206T091249_R050_T34SFG_20241029T134413 -> REFINED
2025-09-01 10:02:30,563 - INFO - sentinel2.py:78 - 15/19 - S2B_MSIL2A_20231206T091249_R050_T34SFG_20231206T121345 -> REFINED
2025-09-01 10:02:34,497 - INFO - sentinel2.py:78 - 16/19 - S2B_MSIL2A_20231206T091249_R050_T34SFF_20241029T134413 -> REFINED
2025-09-01 10:02:38,663 - INFO - sentinel2.py:78 - 17/19 - S2B_MSIL2A_20231206T091249_R050_T34SFF_20231206T121124 -> REFINED
2025-09-01 10:02:42,515 - INFO - sentinel2.py:78 - 18/19 - S2A_MSIL2A_20231201T091331_R050_T34SFG_20231201T134731 -> REFINED
2025-09-01 10:02:47,121 - INFO - sentinel2.py:78 - 19/19 - S2A_MSIL2A_20231201T091331_R050_T34SFF_20231201T134705 -> REFINED
2025-09-01 10:02:47,192 - INFO - composites.py:250 -                                  
2025-09-01 10:02:47,211 - INFO - composites.py:251 - 19/19 were refined by GRI.
2025-09-01 10:02:47,222 - INFO - composites.py:263 - Looking for up to 10 cleanest images within spatiotemporal range of each MGRS tile
2025-09-01 10:02:47,223 - INFO - composites.py:277 - Filtered cleanest scenes: Kept 19 out of 19 items. 
2025-09-01 10:02:47,223 - INFO - composites.py:278 -         Included MGRS Tiles: ['34SFF' '34SFG']
2025-09-01 10:02:47,224 - INFO - composites.py:279 -         Included EPSG codes: [32634]
2025-09-01 10:02:47,224 - INFO - composites.py:281 - Selected scenes:
2025-09-01 10:02:47,224 - INFO - composites.py:283 -         S2B_MSIL2A_20231219T092319_R093_T34SFF_20231220T125518
2025-09-01 10:02:47,225 - INFO - composites.py:283 -         S2A_MSIL2A_20231224T092411_R093_T34SFF_20231224T142908
2025-09-01 10:02:47,225 - INFO - composites.py:283 -         S2A_MSIL2A_20231201T091331_R050_T34SFF_20231201T134705
2025-09-01 10:02:47,225 - INFO - composites.py:283 -         S2B_MSIL2A_20231229T092319_R093_T34SFF_20231229T121514
2025-09-01 10:02:47,225 - INFO - composites.py:283 -         S2B_MSIL2A_20231206T091249_R050_T34SFF_20241029T134413
2025-09-01 10:02:47,226 - INFO - composites.py:283 -         S2B_MSIL2A_20231206T091249_R050_T34SFF_20231206T121124
2025-09-01 10:02:47,226 - INFO - composites.py:283 -         S2B_MSIL2A_20231216T091309_R050_T34SFF_20231220T031238
2025-09-01 10:02:47,239 - INFO - composites.py:283 -         S2A_MSIL2A_20231221T091401_R050_T34SFF_20231222T044033
2025-09-01 10:02:47,239 - INFO - composites.py:283 -         S2A_MSIL2A_20231211T091351_R050_T34SFF_20231211T142548
2025-09-01 10:02:47,239 - INFO - composites.py:283 -         S2A_MSIL2A_20231214T092401_R093_T34SFF_20231219T220905
2025-09-01 10:02:47,252 - INFO - composites.py:283 -         S2B_MSIL2A_20231219T092319_R093_T34SFG_20231220T125130
2025-09-01 10:02:47,252 - INFO - composites.py:283 -         S2B_MSIL2A_20231229T092319_R093_T34SFG_20231229T120918
2025-09-01 10:02:47,259 - INFO - composites.py:283 -         S2A_MSIL2A_20231201T091331_R050_T34SFG_20231201T134731
2025-09-01 10:02:47,271 - INFO - composites.py:283 -         S2B_MSIL2A_20231226T091309_R050_T34SFG_20231226T120903
2025-09-01 10:02:47,272 - INFO - composites.py:283 -         S2B_MSIL2A_20231206T091249_R050_T34SFG_20241029T134413
2025-09-01 10:02:47,272 - INFO - composites.py:283 -         S2B_MSIL2A_20231206T091249_R050_T34SFG_20231206T121345
2025-09-01 10:02:47,272 - INFO - composites.py:283 -         S2A_MSIL2A_20231214T092401_R093_T34SFG_20231219T220835
2025-09-01 10:02:47,272 - INFO - composites.py:283 -         S2A_MSIL2A_20231211T091351_R050_T34SFG_20231211T142544
2025-09-01 10:02:47,273 - INFO - composites.py:283 -         S2A_MSIL2A_20231224T092411_R093_T34SFG_20231224T142912
2025-09-01 10:02:47,743 - INFO - sentinel2.py:154 - Matplotlib backend: Agg
2025-09-01 10:02:48,066 - INFO - sentinel2.py:224 - Write input scenes footprint overlay: //nas-rs.topo.auth.gr/Latomeia/DROUGHT/composites/x10/y08/2023/12/01/S2L2A_medcomp_x10y08_202312_InDataFootprint.jpeg
2025-09-01 10:02:48,365 - INFO - composites.py:297 -                                  
2025-09-01 10:02:48,365 - INFO - composites.py:298 - Downstream STAC items from Planetary Computer
2025-09-01 10:02:48,365 - INFO - timeseries_processing.py:115 -                                  
2025-09-01 10:02:48,365 - INFO - timeseries_processing.py:116 - Loading bands of diferent resolutions in EPSG:32634
2025-09-01 10:02:48,365 - INFO - timeseries_processing.py:120 -     Filtering items with native UTM EPSG:32634
2025-09-01 10:02:48,365 - INFO - timeseries_processing.py:122 -     19 Items in EPSG:32634
2025-09-01 10:02:48,365 - INFO - timeseries_processing.py:129 -                        
2025-09-01 10:02:48,365 - INFO - timeseries_processing.py:130 -     Loading parameters:
2025-09-01 10:02:48,365 - INFO - timeseries_processing.py:131 -         Bands: ['B05', 'B07', 'B8A', 'SCL']
2025-09-01 10:02:48,366 - INFO - timeseries_processing.py:132 -         Spatial resolution: 20
2025-09-01 10:02:48,366 - INFO - timeseries_processing.py:134 -         Get Assets from STAC Items
2025-09-01 10:02:48,366 - INFO - timeseries_processing.py:47 -         Initialize the STAC client
2025-09-01 10:02:49,126 - INFO - timeseries_processing.py:137 -         Loading 19 STAC Items....
2025-09-01 10:04:14,801 - INFO - timeseries_processing.py:146 -         Cube has been downloaded
2025-09-01 10:04:14,801 - INFO - timeseries_processing.py:156 -         Fix order of dimensions
2025-09-01 10:04:14,802 - INFO - timeseries_processing.py:161 -         Append bands to the band-list of EPSG:32634
2025-09-01 10:04:14,802 - INFO - timeseries_processing.py:129 -                        
2025-09-01 10:04:14,802 - INFO - timeseries_processing.py:130 -     Loading parameters:
2025-09-01 10:04:14,803 - INFO - timeseries_processing.py:131 -         Bands: ['B02', 'B03', 'B04']
2025-09-01 10:04:14,803 - INFO - timeseries_processing.py:132 -         Spatial resolution: 10
2025-09-01 10:04:14,803 - INFO - timeseries_processing.py:134 -         Get Assets from STAC Items
2025-09-01 10:04:14,803 - INFO - timeseries_processing.py:47 -         Initialize the STAC client
2025-09-01 10:04:15,397 - INFO - timeseries_processing.py:137 -         Loading 19 STAC Items....
2025-09-01 10:08:04,559 - INFO - timeseries_processing.py:146 -         Cube has been downloaded
2025-09-01 10:08:04,559 - INFO - timeseries_processing.py:149 -         Reproject to downsample 10m bands to 20m by Resampling.average 2x2 binning and shape matching with odc.geo.GeoBox
2025-09-01 10:08:19,275 - INFO - timeseries_processing.py:161 -         Append bands to the band-list of EPSG:32634
2025-09-01 10:08:19,275 - INFO - timeseries_processing.py:165 -                        
2025-09-01 10:08:19,275 - INFO - timeseries_processing.py:166 -     Merging bands in a single dataset
2025-09-01 10:08:19,275 - INFO - timeseries_processing.py:167 -     Ensure all partial datasets are at (x=20, y=-20) resolution
2025-09-01 10:08:19,276 - INFO - timeseries_processing.py:171 -     Clip to the intersection of indexes
2025-09-01 10:08:20,232 - INFO - timeseries_processing.py:180 -     Make a list of bands to merge
2025-09-01 10:08:20,233 - INFO - timeseries_processing.py:184 -     Merge on intersection
2025-09-01 10:08:20,233 - INFO - timeseries_processing.py:192 -     Apply masks on clouds, shadows, thin cirrus, and snow/ice
2025-09-01 10:08:20,233 - INFO - sentinel2.py:122 -                Masking bits: [3, 7, 8, 9, 10, 11]
2025-09-01 10:08:21,532 - INFO - composites.py:307 - Reproject from UTM Zone to Tile geometry -> CRS(EPSG:32634), Resampling.bilinear
2025-09-01 10:08:28,387 - INFO - composites.py:310 -     New shape of datasets: Shape2d(x=2400, y=2400)
2025-09-01 10:08:29,358 - INFO - composites.py:329 - Scale SR to Sen2Cor Baseline 4.00 - Subtract 1000 in dates post 2022-01-25
2025-09-01 10:08:30,878 - INFO - composites.py:342 - Creating preview plot of input scenes
2025-09-01 10:09:04,455 - INFO - timeseries_processing.py:349 - Saved preview for 'B04' to //nas-rs.topo.auth.gr/Latomeia/DROUGHT/composites/x10/y08/2023/12/01/S2L2A_medcomp_x10y08_202312_InDataPreview.jpeg
2025-09-01 10:09:04,465 - INFO - composites.py:348 - Clip value range
2025-09-01 10:09:06,756 - INFO - composites.py:353 -                           
2025-09-01 10:09:06,756 - INFO - composites.py:354 - Computing spectral indices:
2025-09-01 10:09:06,756 - INFO - composites.py:357 -     EVI...
2025-09-01 10:09:08,218 - INFO - composites.py:359 -     NDVI...
2025-09-01 10:09:08,615 - INFO - composites.py:361 -     PSRI2...
2025-09-01 10:09:08,962 - INFO - composites.py:364 - Clip to typical value range
2025-09-01 10:09:09,376 - INFO - composites.py:371 - Reducing to median value temporal composite
2025-09-01 10:09:36,109 - INFO - composites.py:390 - Scale and Define data types & nodata per band
2025-09-01 10:09:36,262 - INFO - composites.py:411 - Assign time range and tile ID in metadata
2025-09-01 10:09:36,262 - INFO - composites.py:419 - Write bands to raster COG files
2025-09-01 10:09:40,688 - INFO - composites.py:432 - Write B02 -> //nas-rs.topo.auth.gr/Latomeia/DROUGHT/composites/x10/y08/2023/12/01/S2L2A_medcomp_x10y08_202312_B02.tif
2025-09-01 10:09:44,743 - INFO - composites.py:432 - Write B03 -> //nas-rs.topo.auth.gr/Latomeia/DROUGHT/composites/x10/y08/2023/12/01/S2L2A_medcomp_x10y08_202312_B03.tif
2025-09-01 10:09:48,897 - INFO - composites.py:432 - Write B04 -> //nas-rs.topo.auth.gr/Latomeia/DROUGHT/composites/x10/y08/2023/12/01/S2L2A_medcomp_x10y08_202312_B04.tif
2025-09-01 10:09:53,408 - INFO - composites.py:432 - Write B05 -> //nas-rs.topo.auth.gr/Latomeia/DROUGHT/composites/x10/y08/2023/12/01/S2L2A_medcomp_x10y08_202312_B05.tif
2025-09-01 10:09:57,628 - INFO - composites.py:432 - Write B07 -> //nas-rs.topo.auth.gr/Latomeia/DROUGHT/composites/x10/y08/2023/12/01/S2L2A_medcomp_x10y08_202312_B07.tif
2025-09-01 10:10:01,656 - INFO - composites.py:432 - Write B8A -> //nas-rs.topo.auth.gr/Latomeia/DROUGHT/composites/x10/y08/2023/12/01/S2L2A_medcomp_x10y08_202312_B8A.tif
2025-09-01 10:10:05,569 - INFO - composites.py:432 - Write EVI -> //nas-rs.topo.auth.gr/Latomeia/DROUGHT/composites/x10/y08/2023/12/01/S2L2A_medcomp_x10y08_202312_EVI.tif
2025-09-01 10:10:10,036 - INFO - composites.py:432 - Write NDVI -> //nas-rs.topo.auth.gr/Latomeia/DROUGHT/composites/x10/y08/2023/12/01/S2L2A_medcomp_x10y08_202312_NDVI.tif
2025-09-01 10:10:14,188 - INFO - composites.py:432 - Write PSRI2 -> //nas-rs.topo.auth.gr/Latomeia/DROUGHT/composites/x10/y08/2023/12/01/S2L2A_medcomp_x10y08_202312_PSRI2.tif
2025-09-01 10:10:14,189 - INFO - composites.py:436 - Prepare metadata YAML document
2025-09-01 10:10:14,746 - INFO - composites.py:458 - Write metadata YAML document to disk
2025-09-01 10:10:14,822 - INFO - composites.py:463 - Create datacube.model.Dataset from eo3 metadata
2025-09-01 10:10:14,834 - INFO - composites.py:476 - Index to datacube
2025-09-01 10:10:14,834 - INFO - _datasets.py:191 - Indexing 3aa15086-0df6-4f8f-9a81-4066b02e609f
2025-09-01 10:10:14,842 - INFO - composites.py:479 - 
2025-09-01 10:10:14,842 - INFO - composites.py:480 -              ✔✔✔ COMPLETED: Tile x10_y08 | Time: 2023-12 | In 8.9 minutes
2025-09-01 10:10:14,842 - INFO - composites.py:481 - 
2025-09-01 10:10:14,842 - INFO - composites.py:489 - Closing Dask client
2025-09-01 10:10:14,845 - INFO - composites.py:493 - Closing Dask cluster
2025-09-01 10:10:14,845 - INFO - composites.py:494 - #######################################################################
