2025-08-30 15:18:59,592 - INFO - composites.py:102 - #######################################################################
2025-08-30 15:18:59,593 - INFO - composites.py:104 - Processing started
2025-08-30 15:18:59,593 - INFO - composites.py:105 -         Tile: x11_y12
2025-08-30 15:18:59,593 - INFO - composites.py:106 -         Time: 2022-11
2025-08-30 15:18:59,593 - INFO - composites.py:109 -                           
2025-08-30 15:18:59,593 - INFO - composites.py:110 - Establishing connection to datacube
2025-08-30 15:19:00,121 - INFO - composites.py:113 -                           
2025-08-30 15:19:00,121 - INFO - composites.py:114 - Sanity test: Check if dataset already exists in the datacube
2025-08-30 15:19:00,141 - INFO - composites.py:133 - The composite requested was not found and it will be computed
2025-08-30 15:19:00,141 - INFO - composites.py:136 -                                  
2025-08-30 15:19:00,141 - INFO - composites.py:137 - Initializing Dask cluster for parallelization
2025-08-30 15:19:05,377 - INFO - composites.py:161 - Dask dashboard is available at: http://127.0.0.1:8787/status
2025-08-30 15:19:05,377 - INFO - composites.py:164 - Create directories and naming conversions
2025-08-30 15:19:05,389 - INFO - composites.py:177 - Dataset location: //nas-rs.topo.auth.gr/Latomeia/DROUGHT/composites/x11/y12/2022/11/01
2025-08-30 15:19:05,389 - INFO - composites.py:180 -                           
2025-08-30 15:19:05,389 - INFO - composites.py:181 - Retrieve tile geometry
2025-08-30 15:19:05,417 - INFO - composites.py:192 - Create the Bounding Box (φ,λ)
2025-08-30 15:19:05,417 - INFO - composites.py:198 - Create the Bounding Box (x,y)
2025-08-30 15:19:05,418 - INFO - composites.py:211 -                           
2025-08-30 15:19:05,418 - INFO - composites.py:212 - Connect to Planetary Computer STAC Catalog
2025-08-30 15:19:05,711 - INFO - composites.py:220 - Search the STAC Catalog
2025-08-30 15:19:05,781 - INFO - composites.py:232 -         Query parameters:
2025-08-30 15:19:05,781 - INFO - composites.py:233 -             url:          https://planetarycomputer.microsoft.com/api/stac/v1/search
2025-08-30 15:19:05,781 - INFO - composites.py:234 -             client:       microsoft-pc
2025-08-30 15:19:05,781 - INFO - composites.py:235 -             collection:   sentinel-2-l2a
2025-08-30 15:19:05,782 - INFO - composites.py:236 -             bbox:         (23.175034627134398, 38.50013763603257, 23.85573196352452, 39.05443515421176)
2025-08-30 15:19:05,782 - INFO - composites.py:237 -             time range:   2022-11-01T00:00:00Z/2022-11-30T23:59:59Z
2025-08-30 15:19:05,782 - INFO - composites.py:238 -             cloud cover:  0% - 70%
2025-08-30 15:19:05,782 - INFO - composites.py:239 -             nodata cover: 0% - 33%
2025-08-30 15:19:05,782 - INFO - composites.py:241 -                           
2025-08-30 15:19:05,782 - INFO - composites.py:242 - Searching...
2025-08-30 15:19:06,363 - INFO - composites.py:245 - Query found 36 items
2025-08-30 15:19:06,363 - INFO - composites.py:247 - Searching for GRI REFINED scenes:
2025-08-30 15:19:11,203 - INFO - sentinel2.py:78 - 1/36 - S2A_MSIL2A_20221126T091321_R050_T35SKD_20240803T180102 -> REFINED
2025-08-30 15:19:15,473 - INFO - sentinel2.py:78 - 2/36 - S2A_MSIL2A_20221126T091321_R050_T35SKD_20221129T054128 -> REFINED
2025-08-30 15:19:21,263 - INFO - sentinel2.py:78 - 3/36 - S2A_MSIL2A_20221126T091321_R050_T35SKC_20240803T180102 -> REFINED
2025-08-30 15:19:26,426 - INFO - sentinel2.py:78 - 4/36 - S2A_MSIL2A_20221126T091321_R050_T35SKC_20221201T200820 -> REFINED
2025-08-30 15:19:32,293 - INFO - sentinel2.py:78 - 5/36 - S2A_MSIL2A_20221126T091321_R050_T34SGH_20221201T175941 -> REFINED
2025-08-30 15:19:37,754 - INFO - sentinel2.py:78 - 6/36 - S2B_MSIL2A_20221124T092219_R093_T34SFJ_20240804T160431 -> REFINED
2025-08-30 15:19:43,187 - INFO - sentinel2.py:78 - 7/36 - S2B_MSIL2A_20221124T092219_R093_T34SFJ_20221125T133405 -> REFINED
2025-08-30 15:19:48,432 - INFO - sentinel2.py:78 - 8/36 - S2B_MSIL2A_20221124T092219_R093_T34SFH_20221125T124650 -> REFINED
2025-08-30 15:19:53,094 - INFO - sentinel2.py:78 - 9/36 - S2B_MSIL2A_20221121T091209_R050_T35SKD_20221121T194928 -> REFINED
2025-08-30 15:19:58,972 - INFO - sentinel2.py:78 - 10/36 - S2B_MSIL2A_20221121T091209_R050_T35SKC_20221121T185804 -> REFINED
2025-08-30 15:20:04,218 - INFO - sentinel2.py:78 - 11/36 - S2B_MSIL2A_20221121T091209_R050_T34SGJ_20221121T174313 -> REFINED
2025-08-30 15:20:10,132 - INFO - sentinel2.py:78 - 12/36 - S2B_MSIL2A_20221121T091209_R050_T34SGH_20221121T175639 -> REFINED
2025-08-30 15:20:16,109 - INFO - sentinel2.py:78 - 13/36 - S2A_MSIL2A_20221119T092301_R093_T34SFJ_20221120T005702 -> REFINED
2025-08-30 15:20:21,928 - INFO - sentinel2.py:78 - 14/36 - S2A_MSIL2A_20221116T091241_R050_T35SKD_20240805T050834 -> REFINED
2025-08-30 15:20:27,286 - INFO - sentinel2.py:78 - 15/36 - S2A_MSIL2A_20221116T091241_R050_T35SKD_20221117T032704 -> REFINED
2025-08-30 15:20:32,983 - INFO - sentinel2.py:78 - 16/36 - S2A_MSIL2A_20221116T091241_R050_T35SKC_20221117T023855 -> REFINED
2025-08-30 15:20:38,388 - INFO - sentinel2.py:78 - 17/36 - S2A_MSIL2A_20221116T091241_R050_T34SGJ_20221117T031516 -> REFINED
2025-08-30 15:20:43,765 - INFO - sentinel2.py:78 - 18/36 - S2A_MSIL2A_20221116T091241_R050_T34SGH_20221117T024413 -> REFINED
2025-08-30 15:20:49,589 - INFO - sentinel2.py:78 - 19/36 - S2B_MSIL2A_20221114T092139_R093_T34SFJ_20221115T024809 -> REFINED
2025-08-30 15:20:55,374 - INFO - sentinel2.py:78 - 20/36 - S2B_MSIL2A_20221114T092139_R093_T34SFH_20221115T022112 -> REFINED
2025-08-30 15:21:01,047 - INFO - sentinel2.py:78 - 21/36 - S2B_MSIL2A_20221111T091119_R050_T35SKD_20221112T002824 -> REFINED
2025-08-30 15:21:06,265 - INFO - sentinel2.py:78 - 22/36 - S2B_MSIL2A_20221111T091119_R050_T35SKC_20221111T225715 -> REFINED
2025-08-30 15:21:12,190 - INFO - sentinel2.py:78 - 23/36 - S2B_MSIL2A_20221111T091119_R050_T34SGJ_20221111T222013 -> REFINED
2025-08-30 15:21:18,068 - INFO - sentinel2.py:78 - 24/36 - S2B_MSIL2A_20221111T091119_R050_T34SGH_20221111T234724 -> REFINED
2025-08-30 15:21:23,438 - INFO - sentinel2.py:78 - 25/36 - S2A_MSIL2A_20221109T092211_R093_T34SFJ_20221110T015602 -> REFINED
2025-08-30 15:21:28,766 - INFO - sentinel2.py:78 - 26/36 - S2A_MSIL2A_20221109T092211_R093_T34SFH_20221110T004543 -> REFINED
2025-08-30 15:21:34,061 - INFO - sentinel2.py:78 - 27/36 - S2B_MSIL2A_20221104T092049_R093_T34SFJ_20221104T223800 -> REFINED
2025-08-30 15:21:38,666 - INFO - sentinel2.py:78 - 28/36 - S2B_MSIL2A_20221104T092049_R093_T34SFH_20221104T223054 -> REFINED
2025-08-30 15:21:43,906 - INFO - sentinel2.py:78 - 29/36 - S2B_MSIL2A_20221101T091029_R050_T35SKD_20240805T144021 -> REFINED
2025-08-30 15:21:48,496 - INFO - sentinel2.py:78 - 30/36 - S2B_MSIL2A_20221101T091029_R050_T35SKD_20221101T185156 -> REFINED
2025-08-30 15:21:54,081 - INFO - sentinel2.py:78 - 31/36 - S2B_MSIL2A_20221101T091029_R050_T35SKC_20240805T144021 -> REFINED
2025-08-30 15:21:59,893 - INFO - sentinel2.py:78 - 32/36 - S2B_MSIL2A_20221101T091029_R050_T35SKC_20221101T184058 -> REFINED
2025-08-30 15:22:05,253 - INFO - sentinel2.py:78 - 33/36 - S2B_MSIL2A_20221101T091029_R050_T34SGJ_20240805T144021 -> REFINED
2025-08-30 15:22:11,059 - INFO - sentinel2.py:78 - 34/36 - S2B_MSIL2A_20221101T091029_R050_T34SGJ_20221101T181336 -> REFINED
2025-08-30 15:22:15,714 - INFO - sentinel2.py:78 - 35/36 - S2B_MSIL2A_20221101T091029_R050_T34SGH_20240805T144021 -> REFINED
2025-08-30 15:22:21,166 - INFO - sentinel2.py:78 - 36/36 - S2B_MSIL2A_20221101T091029_R050_T34SGH_20221101T184457 -> REFINED
2025-08-30 15:22:21,211 - INFO - composites.py:250 -                                  
2025-08-30 15:22:21,211 - INFO - composites.py:251 - 36/36 were refined by GRI.
2025-08-30 15:22:21,211 - INFO - composites.py:263 - Looking for up to 10 cleanest images within spatiotemporal range of each MGRS tile
2025-08-30 15:22:21,212 - INFO - composites.py:277 - Filtered cleanest scenes: Kept 36 out of 36 items. 
2025-08-30 15:22:21,212 - INFO - composites.py:278 -         Included MGRS Tiles: ['34SFH' '34SFJ' '34SGH' '34SGJ' '35SKC' '35SKD']
2025-08-30 15:22:21,212 - INFO - composites.py:279 -         Included EPSG codes: [32634 32635]
2025-08-30 15:22:21,212 - INFO - composites.py:281 - Selected scenes:
2025-08-30 15:22:21,212 - INFO - composites.py:283 -         S2B_MSIL2A_20221104T092049_R093_T34SFH_20221104T223054
2025-08-30 15:22:21,212 - INFO - composites.py:283 -         S2B_MSIL2A_20221124T092219_R093_T34SFH_20221125T124650
2025-08-30 15:22:21,223 - INFO - composites.py:283 -         S2A_MSIL2A_20221109T092211_R093_T34SFH_20221110T004543
2025-08-30 15:22:21,223 - INFO - composites.py:283 -         S2B_MSIL2A_20221114T092139_R093_T34SFH_20221115T022112
2025-08-30 15:22:21,224 - INFO - composites.py:283 -         S2B_MSIL2A_20221124T092219_R093_T34SFJ_20221125T133405
2025-08-30 15:22:21,224 - INFO - composites.py:283 -         S2B_MSIL2A_20221124T092219_R093_T34SFJ_20240804T160431
2025-08-30 15:22:21,224 - INFO - composites.py:283 -         S2B_MSIL2A_20221104T092049_R093_T34SFJ_20221104T223800
2025-08-30 15:22:21,224 - INFO - composites.py:283 -         S2A_MSIL2A_20221109T092211_R093_T34SFJ_20221110T015602
2025-08-30 15:22:21,224 - INFO - composites.py:283 -         S2B_MSIL2A_20221114T092139_R093_T34SFJ_20221115T024809
2025-08-30 15:22:21,224 - INFO - composites.py:283 -         S2A_MSIL2A_20221119T092301_R093_T34SFJ_20221120T005702
2025-08-30 15:22:21,224 - INFO - composites.py:283 -         S2B_MSIL2A_20221101T091029_R050_T34SGH_20240805T144021
2025-08-30 15:22:21,224 - INFO - composites.py:283 -         S2B_MSIL2A_20221101T091029_R050_T34SGH_20221101T184457
2025-08-30 15:22:21,224 - INFO - composites.py:283 -         S2B_MSIL2A_20221121T091209_R050_T34SGH_20221121T175639
2025-08-30 15:22:21,224 - INFO - composites.py:283 -         S2A_MSIL2A_20221116T091241_R050_T34SGH_20221117T024413
2025-08-30 15:22:21,224 - INFO - composites.py:283 -         S2B_MSIL2A_20221111T091119_R050_T34SGH_20221111T234724
2025-08-30 15:22:21,224 - INFO - composites.py:283 -         S2A_MSIL2A_20221126T091321_R050_T34SGH_20221201T175941
2025-08-30 15:22:21,224 - INFO - composites.py:283 -         S2B_MSIL2A_20221101T091029_R050_T34SGJ_20221101T181336
2025-08-30 15:22:21,224 - INFO - composites.py:283 -         S2B_MSIL2A_20221101T091029_R050_T34SGJ_20240805T144021
2025-08-30 15:22:21,224 - INFO - composites.py:283 -         S2A_MSIL2A_20221116T091241_R050_T34SGJ_20221117T031516
2025-08-30 15:22:21,224 - INFO - composites.py:283 -         S2B_MSIL2A_20221111T091119_R050_T34SGJ_20221111T222013
2025-08-30 15:22:21,224 - INFO - composites.py:283 -         S2B_MSIL2A_20221121T091209_R050_T34SGJ_20221121T174313
2025-08-30 15:22:21,224 - INFO - composites.py:283 -         S2B_MSIL2A_20221101T091029_R050_T35SKC_20221101T184058
2025-08-30 15:22:21,224 - INFO - composites.py:283 -         S2B_MSIL2A_20221101T091029_R050_T35SKC_20240805T144021
2025-08-30 15:22:21,224 - INFO - composites.py:283 -         S2B_MSIL2A_20221121T091209_R050_T35SKC_20221121T185804
2025-08-30 15:22:21,224 - INFO - composites.py:283 -         S2B_MSIL2A_20221111T091119_R050_T35SKC_20221111T225715
2025-08-30 15:22:21,224 - INFO - composites.py:283 -         S2A_MSIL2A_20221116T091241_R050_T35SKC_20221117T023855
2025-08-30 15:22:21,224 - INFO - composites.py:283 -         S2A_MSIL2A_20221126T091321_R050_T35SKC_20221201T200820
2025-08-30 15:22:21,224 - INFO - composites.py:283 -         S2A_MSIL2A_20221126T091321_R050_T35SKC_20240803T180102
2025-08-30 15:22:21,224 - INFO - composites.py:283 -         S2B_MSIL2A_20221101T091029_R050_T35SKD_20240805T144021
2025-08-30 15:22:21,224 - INFO - composites.py:283 -         S2B_MSIL2A_20221101T091029_R050_T35SKD_20221101T185156
2025-08-30 15:22:21,225 - INFO - composites.py:283 -         S2B_MSIL2A_20221111T091119_R050_T35SKD_20221112T002824
2025-08-30 15:22:21,225 - INFO - composites.py:283 -         S2A_MSIL2A_20221116T091241_R050_T35SKD_20221117T032704
2025-08-30 15:22:21,225 - INFO - composites.py:283 -         S2A_MSIL2A_20221116T091241_R050_T35SKD_20240805T050834
2025-08-30 15:22:21,225 - INFO - composites.py:283 -         S2B_MSIL2A_20221121T091209_R050_T35SKD_20221121T194928
2025-08-30 15:22:21,225 - INFO - composites.py:283 -         S2A_MSIL2A_20221126T091321_R050_T35SKD_20221129T054128
2025-08-30 15:22:21,225 - INFO - composites.py:283 -         S2A_MSIL2A_20221126T091321_R050_T35SKD_20240803T180102
2025-08-30 15:22:21,700 - INFO - sentinel2.py:154 - Matplotlib backend: Agg
2025-08-30 15:22:22,002 - INFO - sentinel2.py:224 - Write input scenes footprint overlay: //nas-rs.topo.auth.gr/Latomeia/DROUGHT/composites/x11/y12/2022/11/01/S2L2A_medcomp_x11y12_202211_InDataFootprint.jpeg
2025-08-30 15:22:22,281 - INFO - composites.py:297 -                                  
2025-08-30 15:22:22,281 - INFO - composites.py:298 - Downstream STAC items from Planetary Computer
2025-08-30 15:22:22,281 - INFO - timeseries_processing.py:115 -                                  
2025-08-30 15:22:22,281 - INFO - timeseries_processing.py:116 - Loading bands of diferent resolutions in EPSG:32634
2025-08-30 15:22:22,281 - INFO - timeseries_processing.py:120 -     Filtering items with native UTM EPSG:32634
2025-08-30 15:22:22,282 - INFO - timeseries_processing.py:122 -     21 Items in EPSG:32634
2025-08-30 15:22:22,282 - INFO - timeseries_processing.py:129 -                        
2025-08-30 15:22:22,282 - INFO - timeseries_processing.py:130 -     Loading parameters:
2025-08-30 15:22:22,282 - INFO - timeseries_processing.py:131 -         Bands: ['B05', 'B07', 'B8A', 'SCL']
2025-08-30 15:22:22,282 - INFO - timeseries_processing.py:132 -         Spatial resolution: 20
2025-08-30 15:22:22,282 - INFO - timeseries_processing.py:134 -         Get Assets from STAC Items
2025-08-30 15:22:22,282 - INFO - timeseries_processing.py:47 -         Initialize the STAC client
2025-08-30 15:22:22,818 - INFO - timeseries_processing.py:137 -         Loading 21 STAC Items....
2025-08-30 15:23:22,682 - INFO - timeseries_processing.py:146 -         Cube has been downloaded
2025-08-30 15:23:22,682 - INFO - timeseries_processing.py:156 -         Fix order of dimensions
2025-08-30 15:23:22,684 - INFO - timeseries_processing.py:161 -         Append bands to the band-list of EPSG:32634
2025-08-30 15:23:22,684 - INFO - timeseries_processing.py:129 -                        
2025-08-30 15:23:22,685 - INFO - timeseries_processing.py:130 -     Loading parameters:
2025-08-30 15:23:22,685 - INFO - timeseries_processing.py:131 -         Bands: ['B02', 'B03', 'B04']
2025-08-30 15:23:22,685 - INFO - timeseries_processing.py:132 -         Spatial resolution: 10
2025-08-30 15:23:22,685 - INFO - timeseries_processing.py:134 -         Get Assets from STAC Items
2025-08-30 15:23:22,686 - INFO - timeseries_processing.py:47 -         Initialize the STAC client
2025-08-30 15:23:23,222 - INFO - timeseries_processing.py:137 -         Loading 21 STAC Items....
2025-08-30 15:25:35,156 - INFO - timeseries_processing.py:146 -         Cube has been downloaded
2025-08-30 15:25:35,156 - INFO - timeseries_processing.py:149 -         Reproject to downsample 10m bands to 20m by Resampling.average 2x2 binning and shape matching with odc.geo.GeoBox
2025-08-30 15:25:48,715 - INFO - timeseries_processing.py:161 -         Append bands to the band-list of EPSG:32634
2025-08-30 15:25:48,715 - INFO - timeseries_processing.py:165 -                        
2025-08-30 15:25:48,715 - INFO - timeseries_processing.py:166 -     Merging bands in a single dataset
2025-08-30 15:25:48,716 - INFO - timeseries_processing.py:167 -     Ensure all partial datasets are at (x=20, y=-20) resolution
2025-08-30 15:25:48,716 - INFO - timeseries_processing.py:171 -     Clip to the intersection of indexes
2025-08-30 15:25:50,089 - INFO - timeseries_processing.py:180 -     Make a list of bands to merge
2025-08-30 15:25:50,090 - INFO - timeseries_processing.py:184 -     Merge on intersection
2025-08-30 15:25:50,090 - INFO - timeseries_processing.py:192 -     Apply masks on clouds, shadows, thin cirrus, and snow/ice
2025-08-30 15:25:50,090 - INFO - sentinel2.py:122 -                Masking bits: [3, 7, 8, 9, 10, 11]
2025-08-30 15:25:51,325 - INFO - timeseries_processing.py:115 -                                  
2025-08-30 15:25:51,325 - INFO - timeseries_processing.py:116 - Loading bands of diferent resolutions in EPSG:32635
2025-08-30 15:25:51,325 - INFO - timeseries_processing.py:120 -     Filtering items with native UTM EPSG:32635
2025-08-30 15:25:51,325 - INFO - timeseries_processing.py:122 -     15 Items in EPSG:32635
2025-08-30 15:25:51,325 - INFO - timeseries_processing.py:129 -                        
2025-08-30 15:25:51,325 - INFO - timeseries_processing.py:130 -     Loading parameters:
2025-08-30 15:25:51,325 - INFO - timeseries_processing.py:131 -         Bands: ['B05', 'B07', 'B8A', 'SCL']
2025-08-30 15:25:51,325 - INFO - timeseries_processing.py:132 -         Spatial resolution: 20
2025-08-30 15:25:51,326 - INFO - timeseries_processing.py:134 -         Get Assets from STAC Items
2025-08-30 15:25:51,326 - INFO - timeseries_processing.py:47 -         Initialize the STAC client
2025-08-30 15:25:51,869 - INFO - timeseries_processing.py:137 -         Loading 15 STAC Items....
2025-08-30 15:26:36,482 - INFO - timeseries_processing.py:146 -         Cube has been downloaded
2025-08-30 15:26:36,482 - INFO - timeseries_processing.py:156 -         Fix order of dimensions
2025-08-30 15:26:36,482 - INFO - timeseries_processing.py:161 -         Append bands to the band-list of EPSG:32635
2025-08-30 15:26:36,482 - INFO - timeseries_processing.py:129 -                        
2025-08-30 15:26:36,485 - INFO - timeseries_processing.py:130 -     Loading parameters:
2025-08-30 15:26:36,485 - INFO - timeseries_processing.py:131 -         Bands: ['B02', 'B03', 'B04']
2025-08-30 15:26:36,485 - INFO - timeseries_processing.py:132 -         Spatial resolution: 10
2025-08-30 15:26:36,485 - INFO - timeseries_processing.py:134 -         Get Assets from STAC Items
2025-08-30 15:26:36,485 - INFO - timeseries_processing.py:47 -         Initialize the STAC client
2025-08-30 15:26:37,068 - INFO - timeseries_processing.py:137 -         Loading 15 STAC Items....
2025-08-30 15:28:33,302 - INFO - timeseries_processing.py:146 -         Cube has been downloaded
2025-08-30 15:28:33,303 - INFO - timeseries_processing.py:149 -         Reproject to downsample 10m bands to 20m by Resampling.average 2x2 binning and shape matching with odc.geo.GeoBox
2025-08-30 15:28:40,073 - INFO - timeseries_processing.py:161 -         Append bands to the band-list of EPSG:32635
2025-08-30 15:28:40,073 - INFO - timeseries_processing.py:165 -                        
2025-08-30 15:28:40,079 - INFO - timeseries_processing.py:166 -     Merging bands in a single dataset
2025-08-30 15:28:40,079 - INFO - timeseries_processing.py:167 -     Ensure all partial datasets are at (x=20, y=-20) resolution
2025-08-30 15:28:40,080 - INFO - timeseries_processing.py:171 -     Clip to the intersection of indexes
2025-08-30 15:28:40,081 - INFO - timeseries_processing.py:180 -     Make a list of bands to merge
2025-08-30 15:28:40,087 - INFO - timeseries_processing.py:184 -     Merge on intersection
2025-08-30 15:28:40,088 - INFO - timeseries_processing.py:192 -     Apply masks on clouds, shadows, thin cirrus, and snow/ice
2025-08-30 15:28:40,088 - INFO - sentinel2.py:122 -                Masking bits: [3, 7, 8, 9, 10, 11]
2025-08-30 15:28:40,712 - INFO - composites.py:307 - Reproject from UTM Zone to Tile geometry -> CRS(EPSG:32635), Resampling.bilinear
2025-08-30 15:28:51,276 - INFO - composites.py:310 -     New shape of datasets: Shape2d(x=2400, y=2400)
2025-08-30 15:28:51,640 - INFO - composites.py:315 -                           
2025-08-30 15:28:51,640 - INFO - composites.py:316 - Mosaic datasets to a single dataset
2025-08-30 15:29:00,168 - INFO - composites.py:329 - Scale SR to Sen2Cor Baseline 4.00 - Subtract 1000 in dates post 2022-01-25
2025-08-30 15:29:01,632 - INFO - composites.py:342 - Creating preview plot of input scenes
2025-08-30 15:29:35,084 - INFO - timeseries_processing.py:349 - Saved preview for 'B04' to //nas-rs.topo.auth.gr/Latomeia/DROUGHT/composites/x11/y12/2022/11/01/S2L2A_medcomp_x11y12_202211_InDataPreview.jpeg
2025-08-30 15:29:35,090 - INFO - composites.py:348 - Clip value range
2025-08-30 15:29:37,031 - INFO - composites.py:353 -                           
2025-08-30 15:29:37,045 - INFO - composites.py:354 - Computing spectral indices:
2025-08-30 15:29:37,045 - INFO - composites.py:357 -     EVI...
2025-08-30 15:29:38,296 - INFO - composites.py:359 -     NDVI...
2025-08-30 15:29:38,678 - INFO - composites.py:361 -     PSRI2...
2025-08-30 15:29:39,068 - INFO - composites.py:364 - Clip to typical value range
2025-08-30 15:29:39,425 - INFO - composites.py:371 - Reducing to median value temporal composite
2025-08-30 15:30:03,724 - INFO - composites.py:390 - Scale and Define data types & nodata per band
2025-08-30 15:30:03,881 - INFO - composites.py:411 - Assign time range and tile ID in metadata
2025-08-30 15:30:03,881 - INFO - composites.py:419 - Write bands to raster COG files
2025-08-30 15:30:07,810 - INFO - composites.py:432 - Write B02 -> //nas-rs.topo.auth.gr/Latomeia/DROUGHT/composites/x11/y12/2022/11/01/S2L2A_medcomp_x11y12_202211_B02.tif
2025-08-30 15:30:11,632 - INFO - composites.py:432 - Write B03 -> //nas-rs.topo.auth.gr/Latomeia/DROUGHT/composites/x11/y12/2022/11/01/S2L2A_medcomp_x11y12_202211_B03.tif
2025-08-30 15:30:15,501 - INFO - composites.py:432 - Write B04 -> //nas-rs.topo.auth.gr/Latomeia/DROUGHT/composites/x11/y12/2022/11/01/S2L2A_medcomp_x11y12_202211_B04.tif
2025-08-30 15:30:19,352 - INFO - composites.py:432 - Write B05 -> //nas-rs.topo.auth.gr/Latomeia/DROUGHT/composites/x11/y12/2022/11/01/S2L2A_medcomp_x11y12_202211_B05.tif
2025-08-30 15:30:23,342 - INFO - composites.py:432 - Write B07 -> //nas-rs.topo.auth.gr/Latomeia/DROUGHT/composites/x11/y12/2022/11/01/S2L2A_medcomp_x11y12_202211_B07.tif
2025-08-30 15:30:27,238 - INFO - composites.py:432 - Write B8A -> //nas-rs.topo.auth.gr/Latomeia/DROUGHT/composites/x11/y12/2022/11/01/S2L2A_medcomp_x11y12_202211_B8A.tif
2025-08-30 15:30:31,194 - INFO - composites.py:432 - Write EVI -> //nas-rs.topo.auth.gr/Latomeia/DROUGHT/composites/x11/y12/2022/11/01/S2L2A_medcomp_x11y12_202211_EVI.tif
2025-08-30 15:30:35,411 - INFO - composites.py:432 - Write NDVI -> //nas-rs.topo.auth.gr/Latomeia/DROUGHT/composites/x11/y12/2022/11/01/S2L2A_medcomp_x11y12_202211_NDVI.tif
2025-08-30 15:30:39,212 - INFO - composites.py:432 - Write PSRI2 -> //nas-rs.topo.auth.gr/Latomeia/DROUGHT/composites/x11/y12/2022/11/01/S2L2A_medcomp_x11y12_202211_PSRI2.tif
2025-08-30 15:30:39,212 - INFO - composites.py:436 - Prepare metadata YAML document
2025-08-30 15:30:39,758 - INFO - composites.py:458 - Write metadata YAML document to disk
2025-08-30 15:30:39,799 - INFO - composites.py:463 - Create datacube.model.Dataset from eo3 metadata
2025-08-30 15:30:39,809 - INFO - composites.py:476 - Index to datacube
2025-08-30 15:30:39,809 - INFO - _datasets.py:191 - Indexing 7c99e340-472f-420b-b9fc-470675b66f57
2025-08-30 15:30:39,817 - INFO - composites.py:479 - 
2025-08-30 15:30:39,818 - INFO - composites.py:480 -              ✔✔✔ COMPLETED: Tile x11_y12 | Time: 2022-11 | In 11.67 minutes
2025-08-30 15:30:39,818 - INFO - composites.py:481 - 
2025-08-30 15:30:39,818 - INFO - composites.py:489 - Closing Dask client
2025-08-30 15:30:39,820 - INFO - composites.py:493 - Closing Dask cluster
2025-08-30 15:30:39,820 - INFO - composites.py:494 - #######################################################################
