2025-09-03 05:32:11,014 - INFO - composites.py:102 - #######################################################################
2025-09-03 05:32:11,014 - INFO - composites.py:104 - Processing started
2025-09-03 05:32:11,014 - INFO - composites.py:105 -         Tile: x08_y10
2025-09-03 05:32:11,014 - INFO - composites.py:106 -         Time: 2025-04
2025-09-03 05:32:11,014 - INFO - composites.py:109 -                           
2025-09-03 05:32:11,014 - INFO - composites.py:110 - Establishing connection to datacube
2025-09-03 05:32:11,650 - INFO - composites.py:113 -                           
2025-09-03 05:32:11,650 - INFO - composites.py:114 - Sanity test: Check if dataset already exists in the datacube
2025-09-03 05:32:11,676 - INFO - composites.py:133 - The composite requested was not found and it will be computed
2025-09-03 05:32:11,676 - INFO - composites.py:136 -                                  
2025-09-03 05:32:11,676 - INFO - composites.py:137 - Initializing Dask cluster for parallelization
2025-09-03 05:32:17,058 - INFO - composites.py:161 - Dask dashboard is available at: http://127.0.0.1:8787/status
2025-09-03 05:32:17,058 - INFO - composites.py:164 - Create directories and naming conversions
2025-09-03 05:32:17,071 - INFO - composites.py:177 - Dataset location: //nas-rs.topo.auth.gr/Latomeia/DROUGHT/composites/x08/y10/2025/04/01
2025-09-03 05:32:17,072 - INFO - composites.py:180 -                           
2025-09-03 05:32:17,072 - INFO - composites.py:181 - Retrieve tile geometry
2025-09-03 05:32:17,100 - INFO - composites.py:192 - Create the Bounding Box (φ,λ)
2025-09-03 05:32:17,100 - INFO - composites.py:198 - Create the Bounding Box (x,y)
2025-09-03 05:32:17,100 - INFO - composites.py:211 -                           
2025-09-03 05:32:17,100 - INFO - composites.py:212 - Connect to Planetary Computer STAC Catalog
2025-09-03 05:32:17,365 - INFO - composites.py:220 - Search the STAC Catalog
2025-09-03 05:32:17,453 - INFO - composites.py:232 -         Query parameters:
2025-09-03 05:32:17,453 - INFO - composites.py:233 -             url:          https://planetarycomputer.microsoft.com/api/stac/v1/search
2025-09-03 05:32:17,453 - INFO - composites.py:234 -             client:       microsoft-pc
2025-09-03 05:32:17,453 - INFO - composites.py:235 -             collection:   sentinel-2-l2a
2025-09-03 05:32:17,453 - INFO - composites.py:236 -             bbox:         (21.39721400014901, 37.8618519319046, 22.06142649589928, 38.40819969704171)
2025-09-03 05:32:17,453 - INFO - composites.py:237 -             time range:   2025-04-01T00:00:00Z/2025-04-30T23:59:59Z
2025-09-03 05:32:17,453 - INFO - composites.py:238 -             cloud cover:  0% - 70%
2025-09-03 05:32:17,453 - INFO - composites.py:239 -             nodata cover: 0% - 33%
2025-09-03 05:32:17,453 - INFO - composites.py:241 -                           
2025-09-03 05:32:17,453 - INFO - composites.py:242 - Searching...
2025-09-03 05:32:17,965 - INFO - composites.py:245 - Query found 13 items
2025-09-03 05:32:17,965 - INFO - composites.py:247 - Searching for GRI REFINED scenes:
2025-09-03 05:32:23,300 - INFO - sentinel2.py:78 - 1/13 - S2A_MSIL2A_20250429T092041_R093_T34SEG_20250429T163512 -> REFINED
2025-09-03 05:32:28,413 - INFO - sentinel2.py:78 - 2/13 - S2C_MSIL2A_20250427T092051_R093_T34SEG_20250427T145617 -> REFINED
2025-09-03 05:32:33,061 - INFO - sentinel2.py:78 - 3/13 - S2A_MSIL2A_20250419T092231_R093_T34SEH_20250419T122712 -> REFINED
2025-09-03 05:32:38,206 - INFO - sentinel2.py:78 - 4/13 - S2A_MSIL2A_20250419T092231_R093_T34SEG_20250419T125412 -> REFINED
2025-09-03 05:32:44,109 - INFO - sentinel2.py:78 - 5/13 - S2C_MSIL2A_20250417T092051_R093_T34SEG_20250417T150029 -> REFINED
2025-09-03 05:32:49,301 - INFO - sentinel2.py:78 - 6/13 - S2B_MSIL2A_20250412T092029_R093_T34SEH_20250412T114858 -> REFINED
2025-09-03 05:32:54,438 - INFO - sentinel2.py:78 - 7/13 - S2B_MSIL2A_20250412T092029_R093_T34SEG_20250412T114858 -> REFINED
2025-09-03 05:32:59,547 - INFO - sentinel2.py:78 - 8/13 - S2A_MSIL2A_20250409T092041_R093_T34SEH_20250409T125513 -> REFINED
2025-09-03 05:33:03,743 - INFO - sentinel2.py:78 - 9/13 - S2A_MSIL2A_20250409T092041_R093_T34SEG_20250409T125513 -> REFINED
2025-09-03 05:33:08,862 - INFO - sentinel2.py:78 - 10/13 - S2C_MSIL2A_20250407T092051_R093_T34SEH_20250407T152018 -> REFINED
2025-09-03 05:33:12,974 - INFO - sentinel2.py:78 - 11/13 - S2C_MSIL2A_20250407T092051_R093_T34SEG_20250407T152018 -> REFINED
2025-09-03 05:33:16,860 - INFO - sentinel2.py:78 - 12/13 - S2B_MSIL2A_20250402T092029_R093_T34SEH_20250402T133021 -> REFINED
2025-09-03 05:33:21,506 - INFO - sentinel2.py:78 - 13/13 - S2B_MSIL2A_20250402T092029_R093_T34SEG_20250402T133021 -> REFINED
2025-09-03 05:33:21,537 - INFO - composites.py:250 -                                  
2025-09-03 05:33:21,537 - INFO - composites.py:251 - 13/13 were refined by GRI.
2025-09-03 05:33:21,537 - INFO - composites.py:263 - Looking for up to 10 cleanest images within spatiotemporal range of each MGRS tile
2025-09-03 05:33:21,538 - INFO - composites.py:277 - Filtered cleanest scenes: Kept 13 out of 13 items. 
2025-09-03 05:33:21,538 - INFO - composites.py:278 -         Included MGRS Tiles: ['34SEG' '34SEH']
2025-09-03 05:33:21,538 - INFO - composites.py:279 -         Included EPSG codes: [32634]
2025-09-03 05:33:21,549 - INFO - composites.py:281 - Selected scenes:
2025-09-03 05:33:21,549 - INFO - composites.py:283 -         S2B_MSIL2A_20250412T092029_R093_T34SEG_20250412T114858
2025-09-03 05:33:21,554 - INFO - composites.py:283 -         S2A_MSIL2A_20250419T092231_R093_T34SEG_20250419T125412
2025-09-03 05:33:21,554 - INFO - composites.py:283 -         S2B_MSIL2A_20250402T092029_R093_T34SEG_20250402T133021
2025-09-03 05:33:21,554 - INFO - composites.py:283 -         S2A_MSIL2A_20250429T092041_R093_T34SEG_20250429T163512
2025-09-03 05:33:21,554 - INFO - composites.py:283 -         S2C_MSIL2A_20250427T092051_R093_T34SEG_20250427T145617
2025-09-03 05:33:21,560 - INFO - composites.py:283 -         S2C_MSIL2A_20250417T092051_R093_T34SEG_20250417T150029
2025-09-03 05:33:21,560 - INFO - composites.py:283 -         S2C_MSIL2A_20250407T092051_R093_T34SEG_20250407T152018
2025-09-03 05:33:21,560 - INFO - composites.py:283 -         S2A_MSIL2A_20250409T092041_R093_T34SEG_20250409T125513
2025-09-03 05:33:21,560 - INFO - composites.py:283 -         S2A_MSIL2A_20250419T092231_R093_T34SEH_20250419T122712
2025-09-03 05:33:21,560 - INFO - composites.py:283 -         S2C_MSIL2A_20250407T092051_R093_T34SEH_20250407T152018
2025-09-03 05:33:21,560 - INFO - composites.py:283 -         S2B_MSIL2A_20250412T092029_R093_T34SEH_20250412T114858
2025-09-03 05:33:21,560 - INFO - composites.py:283 -         S2A_MSIL2A_20250409T092041_R093_T34SEH_20250409T125513
2025-09-03 05:33:21,560 - INFO - composites.py:283 -         S2B_MSIL2A_20250402T092029_R093_T34SEH_20250402T133021
2025-09-03 05:33:21,927 - INFO - sentinel2.py:154 - Matplotlib backend: Agg
2025-09-03 05:33:22,109 - INFO - sentinel2.py:224 - Write input scenes footprint overlay: //nas-rs.topo.auth.gr/Latomeia/DROUGHT/composites/x08/y10/2025/04/01/S2L2A_medcomp_x08y10_202504_InDataFootprint.jpeg
2025-09-03 05:33:22,332 - INFO - composites.py:297 -                                  
2025-09-03 05:33:22,332 - INFO - composites.py:298 - Downstream STAC items from Planetary Computer
2025-09-03 05:33:22,332 - INFO - timeseries_processing.py:115 -                                  
2025-09-03 05:33:22,332 - INFO - timeseries_processing.py:116 - Loading bands of diferent resolutions in EPSG:32634
2025-09-03 05:33:22,332 - INFO - timeseries_processing.py:120 -     Filtering items with native UTM EPSG:32634
2025-09-03 05:33:22,332 - INFO - timeseries_processing.py:122 -     13 Items in EPSG:32634
2025-09-03 05:33:22,332 - INFO - timeseries_processing.py:129 -                        
2025-09-03 05:33:22,332 - INFO - timeseries_processing.py:130 -     Loading parameters:
2025-09-03 05:33:22,332 - INFO - timeseries_processing.py:131 -         Bands: ['B05', 'B07', 'B8A', 'SCL']
2025-09-03 05:33:22,332 - INFO - timeseries_processing.py:132 -         Spatial resolution: 20
2025-09-03 05:33:22,332 - INFO - timeseries_processing.py:134 -         Get Assets from STAC Items
2025-09-03 05:33:22,332 - INFO - timeseries_processing.py:47 -         Initialize the STAC client
2025-09-03 05:33:23,016 - INFO - timeseries_processing.py:137 -         Loading 13 STAC Items....
2025-09-03 05:34:35,556 - INFO - timeseries_processing.py:146 -         Cube has been downloaded
2025-09-03 05:34:35,556 - INFO - timeseries_processing.py:156 -         Fix order of dimensions
2025-09-03 05:34:35,557 - INFO - timeseries_processing.py:161 -         Append bands to the band-list of EPSG:32634
2025-09-03 05:34:35,557 - INFO - timeseries_processing.py:129 -                        
2025-09-03 05:34:35,557 - INFO - timeseries_processing.py:130 -     Loading parameters:
2025-09-03 05:34:35,557 - INFO - timeseries_processing.py:131 -         Bands: ['B02', 'B03', 'B04']
2025-09-03 05:34:35,557 - INFO - timeseries_processing.py:132 -         Spatial resolution: 10
2025-09-03 05:34:35,559 - INFO - timeseries_processing.py:134 -         Get Assets from STAC Items
2025-09-03 05:34:35,559 - INFO - timeseries_processing.py:47 -         Initialize the STAC client
2025-09-03 05:34:36,124 - INFO - timeseries_processing.py:137 -         Loading 13 STAC Items....
2025-09-03 05:35:51,928 - INFO - timeseries_processing.py:146 -         Cube has been downloaded
2025-09-03 05:35:51,943 - INFO - timeseries_processing.py:149 -         Reproject to downsample 10m bands to 20m by Resampling.average 2x2 binning and shape matching with odc.geo.GeoBox
2025-09-03 05:36:02,590 - INFO - timeseries_processing.py:161 -         Append bands to the band-list of EPSG:32634
2025-09-03 05:36:02,590 - INFO - timeseries_processing.py:165 -                        
2025-09-03 05:36:02,590 - INFO - timeseries_processing.py:166 -     Merging bands in a single dataset
2025-09-03 05:36:02,590 - INFO - timeseries_processing.py:167 -     Ensure all partial datasets are at (x=20, y=-20) resolution
2025-09-03 05:36:02,591 - INFO - timeseries_processing.py:171 -     Clip to the intersection of indexes
2025-09-03 05:36:03,821 - INFO - timeseries_processing.py:180 -     Make a list of bands to merge
2025-09-03 05:36:03,828 - INFO - timeseries_processing.py:184 -     Merge on intersection
2025-09-03 05:36:03,831 - INFO - timeseries_processing.py:192 -     Apply masks on clouds, shadows, thin cirrus, and snow/ice
2025-09-03 05:36:03,831 - INFO - sentinel2.py:122 -                Masking bits: [3, 7, 8, 9, 10, 11]
2025-09-03 05:36:04,749 - INFO - composites.py:307 - Reproject from UTM Zone to Tile geometry -> CRS(EPSG:32634), Resampling.bilinear
2025-09-03 05:36:10,026 - INFO - composites.py:310 -     New shape of datasets: Shape2d(x=2400, y=2400)
2025-09-03 05:36:10,567 - INFO - composites.py:329 - Scale SR to Sen2Cor Baseline 4.00 - Subtract 1000 in dates post 2022-01-25
2025-09-03 05:36:11,865 - INFO - composites.py:342 - Creating preview plot of input scenes
2025-09-03 05:36:40,806 - INFO - timeseries_processing.py:349 - Saved preview for 'B04' to //nas-rs.topo.auth.gr/Latomeia/DROUGHT/composites/x08/y10/2025/04/01/S2L2A_medcomp_x08y10_202504_InDataPreview.jpeg
2025-09-03 05:36:40,813 - INFO - composites.py:348 - Clip value range
2025-09-03 05:36:42,529 - INFO - composites.py:353 -                           
2025-09-03 05:36:42,535 - INFO - composites.py:354 - Computing spectral indices:
2025-09-03 05:36:42,535 - INFO - composites.py:357 -     EVI...
2025-09-03 05:36:43,649 - INFO - composites.py:359 -     NDVI...
2025-09-03 05:36:44,115 - INFO - composites.py:361 -     PSRI2...
2025-09-03 05:36:44,364 - INFO - composites.py:364 - Clip to typical value range
2025-09-03 05:36:44,683 - INFO - composites.py:371 - Reducing to median value temporal composite
2025-09-03 05:37:09,127 - INFO - composites.py:390 - Scale and Define data types & nodata per band
2025-09-03 05:37:09,256 - INFO - composites.py:411 - Assign time range and tile ID in metadata
2025-09-03 05:37:09,256 - INFO - composites.py:419 - Write bands to raster COG files
2025-09-03 05:37:13,291 - INFO - composites.py:432 - Write B02 -> //nas-rs.topo.auth.gr/Latomeia/DROUGHT/composites/x08/y10/2025/04/01/S2L2A_medcomp_x08y10_202504_B02.tif
2025-09-03 05:37:17,220 - INFO - composites.py:432 - Write B03 -> //nas-rs.topo.auth.gr/Latomeia/DROUGHT/composites/x08/y10/2025/04/01/S2L2A_medcomp_x08y10_202504_B03.tif
2025-09-03 05:37:21,117 - INFO - composites.py:432 - Write B04 -> //nas-rs.topo.auth.gr/Latomeia/DROUGHT/composites/x08/y10/2025/04/01/S2L2A_medcomp_x08y10_202504_B04.tif
2025-09-03 05:37:25,001 - INFO - composites.py:432 - Write B05 -> //nas-rs.topo.auth.gr/Latomeia/DROUGHT/composites/x08/y10/2025/04/01/S2L2A_medcomp_x08y10_202504_B05.tif
2025-09-03 05:37:28,861 - INFO - composites.py:432 - Write B07 -> //nas-rs.topo.auth.gr/Latomeia/DROUGHT/composites/x08/y10/2025/04/01/S2L2A_medcomp_x08y10_202504_B07.tif
2025-09-03 05:37:32,741 - INFO - composites.py:432 - Write B8A -> //nas-rs.topo.auth.gr/Latomeia/DROUGHT/composites/x08/y10/2025/04/01/S2L2A_medcomp_x08y10_202504_B8A.tif
2025-09-03 05:37:36,550 - INFO - composites.py:432 - Write EVI -> //nas-rs.topo.auth.gr/Latomeia/DROUGHT/composites/x08/y10/2025/04/01/S2L2A_medcomp_x08y10_202504_EVI.tif
2025-09-03 05:37:40,390 - INFO - composites.py:432 - Write NDVI -> //nas-rs.topo.auth.gr/Latomeia/DROUGHT/composites/x08/y10/2025/04/01/S2L2A_medcomp_x08y10_202504_NDVI.tif
2025-09-03 05:37:44,174 - INFO - composites.py:432 - Write PSRI2 -> //nas-rs.topo.auth.gr/Latomeia/DROUGHT/composites/x08/y10/2025/04/01/S2L2A_medcomp_x08y10_202504_PSRI2.tif
2025-09-03 05:37:44,193 - INFO - composites.py:436 - Prepare metadata YAML document
2025-09-03 05:37:44,637 - INFO - composites.py:458 - Write metadata YAML document to disk
2025-09-03 05:37:44,682 - INFO - composites.py:463 - Create datacube.model.Dataset from eo3 metadata
2025-09-03 05:37:44,692 - INFO - composites.py:476 - Index to datacube
2025-09-03 05:37:44,692 - INFO - _datasets.py:191 - Indexing a4f5e47e-0f36-4c72-ba21-631ababbf2f5
2025-09-03 05:37:44,701 - INFO - composites.py:479 - 
2025-09-03 05:37:44,702 - INFO - composites.py:480 -              ✔✔✔ COMPLETED: Tile x08_y10 | Time: 2025-04 | In 5.56 minutes
2025-09-03 05:37:44,702 - INFO - composites.py:481 - 
2025-09-03 05:37:44,702 - INFO - composites.py:489 - Closing Dask client
2025-09-03 05:37:44,706 - INFO - composites.py:493 - Closing Dask cluster
2025-09-03 05:37:44,706 - INFO - composites.py:494 - #######################################################################
