2025-10-17 14:15:51,256 - INFO - composites.py:102 - #######################################################################
2025-10-17 14:15:51,256 - INFO - composites.py:104 - Processing started
2025-10-17 14:15:51,256 - INFO - composites.py:105 -         Tile: x08_y10
2025-10-17 14:15:51,256 - INFO - composites.py:106 -         Time: 2025-09
2025-10-17 14:15:51,256 - INFO - composites.py:109 -                           
2025-10-17 14:15:51,256 - INFO - composites.py:110 - Establishing connection to datacube
2025-10-17 14:15:51,828 - INFO - composites.py:113 -                           
2025-10-17 14:15:51,828 - INFO - composites.py:114 - Sanity test: Check if dataset already exists in the datacube
2025-10-17 14:15:51,851 - INFO - composites.py:133 - The composite requested was not found and it will be computed
2025-10-17 14:15:51,851 - INFO - composites.py:136 -                                  
2025-10-17 14:15:51,851 - INFO - composites.py:137 - Initializing Dask cluster for parallelization
2025-10-17 14:15:57,064 - INFO - composites.py:161 - Dask dashboard is available at: http://127.0.0.1:8787/status
2025-10-17 14:15:57,064 - INFO - composites.py:164 - Create directories and naming conversions
2025-10-17 14:15:57,076 - INFO - composites.py:177 - Dataset location: //nas-rs.topo.auth.gr/Latomeia/DROUGHT/composites/x08/y10/2025/09/01
2025-10-17 14:15:57,076 - INFO - composites.py:180 -                           
2025-10-17 14:15:57,076 - INFO - composites.py:181 - Retrieve tile geometry
2025-10-17 14:15:57,106 - INFO - composites.py:192 - Create the Bounding Box (φ,λ)
2025-10-17 14:15:57,106 - INFO - composites.py:198 - Create the Bounding Box (x,y)
2025-10-17 14:15:57,106 - INFO - composites.py:211 -                           
2025-10-17 14:15:57,106 - INFO - composites.py:212 - Connect to Planetary Computer STAC Catalog
2025-10-17 14:15:57,402 - INFO - composites.py:220 - Search the STAC Catalog
2025-10-17 14:15:57,485 - INFO - composites.py:232 -         Query parameters:
2025-10-17 14:15:57,485 - INFO - composites.py:233 -             url:          https://planetarycomputer.microsoft.com/api/stac/v1/search
2025-10-17 14:15:57,485 - INFO - composites.py:234 -             client:       microsoft-pc
2025-10-17 14:15:57,485 - INFO - composites.py:235 -             collection:   sentinel-2-l2a
2025-10-17 14:15:57,485 - INFO - composites.py:236 -             bbox:         (21.39721400014901, 37.8618519319046, 22.06142649589928, 38.40819969704171)
2025-10-17 14:15:57,485 - INFO - composites.py:237 -             time range:   2025-09-01T00:00:00Z/2025-09-30T23:59:59Z
2025-10-17 14:15:57,485 - INFO - composites.py:238 -             cloud cover:  0% - 70%
2025-10-17 14:15:57,485 - INFO - composites.py:239 -             nodata cover: 0% - 33%
2025-10-17 14:15:57,485 - INFO - composites.py:241 -                           
2025-10-17 14:15:57,485 - INFO - composites.py:242 - Searching...
2025-10-17 14:15:58,023 - INFO - composites.py:245 - Query found 18 items
2025-10-17 14:15:58,023 - INFO - composites.py:247 - Searching for GRI REFINED scenes:
2025-10-17 14:16:03,617 - INFO - sentinel2.py:78 - 1/18 - S2B_MSIL2A_20250929T092029_R093_T34SEH_20250929T120714 -> REFINED
2025-10-17 14:16:08,932 - INFO - sentinel2.py:78 - 2/18 - S2B_MSIL2A_20250929T092029_R093_T34SEG_20250929T120714 -> REFINED
2025-10-17 14:16:13,815 - INFO - sentinel2.py:78 - 3/18 - S2A_MSIL2A_20250926T092231_R093_T34SEH_20250926T111616 -> REFINED
2025-10-17 14:16:19,447 - INFO - sentinel2.py:78 - 4/18 - S2A_MSIL2A_20250926T092231_R093_T34SEG_20250926T111616 -> REFINED
2025-10-17 14:16:25,000 - INFO - sentinel2.py:78 - 5/18 - S2C_MSIL2A_20250924T092041_R093_T34SEH_20250924T123514 -> REFINED
2025-10-17 14:16:31,325 - INFO - sentinel2.py:78 - 6/18 - S2C_MSIL2A_20250924T092041_R093_T34SEG_20250924T123514 -> REFINED
2025-10-17 14:16:37,394 - INFO - sentinel2.py:78 - 7/18 - S2B_MSIL2A_20250919T092029_R093_T34SEH_20250919T114737 -> REFINED
2025-10-17 14:16:43,379 - INFO - sentinel2.py:78 - 8/18 - S2B_MSIL2A_20250919T092029_R093_T34SEG_20250919T114737 -> REFINED
2025-10-17 14:16:48,571 - INFO - sentinel2.py:78 - 9/18 - S2A_MSIL2A_20250916T092041_R093_T34SEH_20250916T124414 -> REFINED
2025-10-17 14:16:53,546 - INFO - sentinel2.py:78 - 10/18 - S2A_MSIL2A_20250916T092041_R093_T34SEG_20250916T124414 -> REFINED
2025-10-17 14:16:58,871 - INFO - sentinel2.py:78 - 11/18 - S2C_MSIL2A_20250914T092041_R093_T34SEH_20250914T145017 -> REFINED
2025-10-17 14:17:04,927 - INFO - sentinel2.py:78 - 12/18 - S2C_MSIL2A_20250914T092041_R093_T34SEG_20250914T145017 -> REFINED
2025-10-17 14:17:10,336 - INFO - sentinel2.py:78 - 13/18 - S2B_MSIL2A_20250909T092029_R093_T34SEH_20250909T121154 -> REFINED
2025-10-17 14:17:15,851 - INFO - sentinel2.py:78 - 14/18 - S2B_MSIL2A_20250909T092029_R093_T34SEG_20250909T121154 -> REFINED
2025-10-17 14:17:21,263 - INFO - sentinel2.py:78 - 15/18 - S2A_MSIL2A_20250906T092231_R093_T34SEH_20250906T130312 -> REFINED
2025-10-17 14:17:27,529 - INFO - sentinel2.py:78 - 16/18 - S2A_MSIL2A_20250906T092231_R093_T34SEG_20250906T130312 -> REFINED
2025-10-17 14:17:33,271 - INFO - sentinel2.py:78 - 17/18 - S2C_MSIL2A_20250904T092051_R093_T34SEH_20250904T131114 -> REFINED
2025-10-17 14:17:39,406 - INFO - sentinel2.py:78 - 18/18 - S2C_MSIL2A_20250904T092051_R093_T34SEG_20250904T131114 -> REFINED
2025-10-17 14:17:39,443 - INFO - composites.py:250 -                                  
2025-10-17 14:17:39,443 - INFO - composites.py:251 - 18/18 were refined by GRI.
2025-10-17 14:17:39,452 - INFO - composites.py:263 - Looking for up to 10 cleanest images within spatiotemporal range of each MGRS tile
2025-10-17 14:17:39,467 - INFO - composites.py:277 - Filtered cleanest scenes: Kept 18 out of 18 items. 
2025-10-17 14:17:39,484 - INFO - composites.py:278 -         Included MGRS Tiles: ['34SEG' '34SEH']
2025-10-17 14:17:39,484 - INFO - composites.py:279 -         Included EPSG codes: [32634]
2025-10-17 14:17:39,484 - INFO - composites.py:281 - Selected scenes:
2025-10-17 14:17:39,484 - INFO - composites.py:283 -         S2B_MSIL2A_20250919T092029_R093_T34SEG_20250919T114737
2025-10-17 14:17:39,485 - INFO - composites.py:283 -         S2A_MSIL2A_20250916T092041_R093_T34SEG_20250916T124414
2025-10-17 14:17:39,485 - INFO - composites.py:283 -         S2C_MSIL2A_20250924T092041_R093_T34SEG_20250924T123514
2025-10-17 14:17:39,485 - INFO - composites.py:283 -         S2B_MSIL2A_20250909T092029_R093_T34SEG_20250909T121154
2025-10-17 14:17:39,485 - INFO - composites.py:283 -         S2A_MSIL2A_20250906T092231_R093_T34SEG_20250906T130312
2025-10-17 14:17:39,486 - INFO - composites.py:283 -         S2C_MSIL2A_20250914T092041_R093_T34SEG_20250914T145017
2025-10-17 14:17:39,486 - INFO - composites.py:283 -         S2C_MSIL2A_20250904T092051_R093_T34SEG_20250904T131114
2025-10-17 14:17:39,486 - INFO - composites.py:283 -         S2B_MSIL2A_20250929T092029_R093_T34SEG_20250929T120714
2025-10-17 14:17:39,486 - INFO - composites.py:283 -         S2A_MSIL2A_20250926T092231_R093_T34SEG_20250926T111616
2025-10-17 14:17:39,486 - INFO - composites.py:283 -         S2A_MSIL2A_20250916T092041_R093_T34SEH_20250916T124414
2025-10-17 14:17:39,486 - INFO - composites.py:283 -         S2C_MSIL2A_20250924T092041_R093_T34SEH_20250924T123514
2025-10-17 14:17:39,486 - INFO - composites.py:283 -         S2B_MSIL2A_20250919T092029_R093_T34SEH_20250919T114737
2025-10-17 14:17:39,486 - INFO - composites.py:283 -         S2C_MSIL2A_20250914T092041_R093_T34SEH_20250914T145017
2025-10-17 14:17:39,486 - INFO - composites.py:283 -         S2A_MSIL2A_20250906T092231_R093_T34SEH_20250906T130312
2025-10-17 14:17:39,486 - INFO - composites.py:283 -         S2B_MSIL2A_20250909T092029_R093_T34SEH_20250909T121154
2025-10-17 14:17:39,486 - INFO - composites.py:283 -         S2C_MSIL2A_20250904T092051_R093_T34SEH_20250904T131114
2025-10-17 14:17:39,486 - INFO - composites.py:283 -         S2A_MSIL2A_20250926T092231_R093_T34SEH_20250926T111616
2025-10-17 14:17:39,486 - INFO - composites.py:283 -         S2B_MSIL2A_20250929T092029_R093_T34SEH_20250929T120714
2025-10-17 14:17:39,861 - INFO - sentinel2.py:154 - Matplotlib backend: Agg
2025-10-17 14:17:40,182 - INFO - sentinel2.py:224 - Write input scenes footprint overlay: //nas-rs.topo.auth.gr/Latomeia/DROUGHT/composites/x08/y10/2025/09/01/S2L2A_medcomp_x08y10_202509_InDataFootprint.jpeg
2025-10-17 14:17:40,498 - INFO - composites.py:297 -                                  
2025-10-17 14:17:40,498 - INFO - composites.py:298 - Downstream STAC items from Planetary Computer
2025-10-17 14:17:40,498 - INFO - timeseries_processing.py:115 -                                  
2025-10-17 14:17:40,498 - INFO - timeseries_processing.py:116 - Loading bands of diferent resolutions in EPSG:32634
2025-10-17 14:17:40,498 - INFO - timeseries_processing.py:120 -     Filtering items with native UTM EPSG:32634
2025-10-17 14:17:40,498 - INFO - timeseries_processing.py:122 -     18 Items in EPSG:32634
2025-10-17 14:17:40,498 - INFO - timeseries_processing.py:129 -                        
2025-10-17 14:17:40,498 - INFO - timeseries_processing.py:130 -     Loading parameters:
2025-10-17 14:17:40,498 - INFO - timeseries_processing.py:131 -         Bands: ['B05', 'B07', 'B8A', 'SCL']
2025-10-17 14:17:40,498 - INFO - timeseries_processing.py:132 -         Spatial resolution: 20
2025-10-17 14:17:40,498 - INFO - timeseries_processing.py:134 -         Get Assets from STAC Items
2025-10-17 14:17:40,498 - INFO - timeseries_processing.py:47 -         Initialize the STAC client
2025-10-17 14:17:41,141 - INFO - timeseries_processing.py:137 -         Loading 18 STAC Items....
2025-10-17 14:19:28,651 - INFO - timeseries_processing.py:146 -         Cube has been downloaded
2025-10-17 14:19:28,651 - INFO - timeseries_processing.py:156 -         Fix order of dimensions
2025-10-17 14:19:28,652 - INFO - timeseries_processing.py:161 -         Append bands to the band-list of EPSG:32634
2025-10-17 14:19:28,654 - INFO - timeseries_processing.py:129 -                        
2025-10-17 14:19:28,654 - INFO - timeseries_processing.py:130 -     Loading parameters:
2025-10-17 14:19:28,654 - INFO - timeseries_processing.py:131 -         Bands: ['B02', 'B03', 'B04']
2025-10-17 14:19:28,654 - INFO - timeseries_processing.py:132 -         Spatial resolution: 10
2025-10-17 14:19:28,655 - INFO - timeseries_processing.py:134 -         Get Assets from STAC Items
2025-10-17 14:19:28,655 - INFO - timeseries_processing.py:47 -         Initialize the STAC client
2025-10-17 14:19:29,251 - INFO - timeseries_processing.py:137 -         Loading 18 STAC Items....
2025-10-17 14:24:22,879 - INFO - timeseries_processing.py:146 -         Cube has been downloaded
2025-10-17 14:24:22,879 - INFO - timeseries_processing.py:149 -         Reproject to downsample 10m bands to 20m by Resampling.average 2x2 binning and shape matching with odc.geo.GeoBox
2025-10-17 14:24:36,562 - INFO - timeseries_processing.py:161 -         Append bands to the band-list of EPSG:32634
2025-10-17 14:24:36,562 - INFO - timeseries_processing.py:165 -                        
2025-10-17 14:24:36,562 - INFO - timeseries_processing.py:166 -     Merging bands in a single dataset
2025-10-17 14:24:36,562 - INFO - timeseries_processing.py:167 -     Ensure all partial datasets are at (x=20, y=-20) resolution
2025-10-17 14:24:36,563 - INFO - timeseries_processing.py:171 -     Clip to the intersection of indexes
2025-10-17 14:24:37,844 - INFO - timeseries_processing.py:180 -     Make a list of bands to merge
2025-10-17 14:24:37,844 - INFO - timeseries_processing.py:184 -     Merge on intersection
2025-10-17 14:24:37,845 - INFO - timeseries_processing.py:192 -     Apply masks on clouds, shadows, thin cirrus, and snow/ice
2025-10-17 14:24:37,845 - INFO - sentinel2.py:122 -                Masking bits: [3, 7, 8, 9, 10, 11]
2025-10-17 14:24:38,944 - INFO - composites.py:307 - Reproject from UTM Zone to Tile geometry -> CRS(EPSG:32634), Resampling.bilinear
2025-10-17 14:24:45,445 - INFO - composites.py:310 -     New shape of datasets: Shape2d(x=2400, y=2400)
2025-10-17 14:24:46,127 - INFO - composites.py:329 - Scale SR to Sen2Cor Baseline 4.00 - Subtract 1000 in dates post 2022-01-25
2025-10-17 14:24:47,549 - INFO - composites.py:342 - Creating preview plot of input scenes
2025-10-17 14:25:19,318 - INFO - timeseries_processing.py:349 - Saved preview for 'B04' to //nas-rs.topo.auth.gr/Latomeia/DROUGHT/composites/x08/y10/2025/09/01/S2L2A_medcomp_x08y10_202509_InDataPreview.jpeg
2025-10-17 14:25:19,333 - INFO - composites.py:348 - Clip value range
2025-10-17 14:25:21,233 - INFO - composites.py:353 -                           
2025-10-17 14:25:21,236 - INFO - composites.py:354 - Computing spectral indices:
2025-10-17 14:25:21,236 - INFO - composites.py:357 -     EVI...
2025-10-17 14:25:22,343 - INFO - composites.py:359 -     NDVI...
2025-10-17 14:25:22,693 - INFO - composites.py:361 -     PSRI2...
2025-10-17 14:25:22,961 - INFO - composites.py:364 - Clip to typical value range
2025-10-17 14:25:23,317 - INFO - composites.py:371 - Reducing to median value temporal composite
2025-10-17 14:25:50,029 - INFO - composites.py:390 - Scale and Define data types & nodata per band
2025-10-17 14:25:50,192 - INFO - composites.py:411 - Assign time range and tile ID in metadata
2025-10-17 14:25:50,192 - INFO - composites.py:419 - Write bands to raster COG files
2025-10-17 14:25:55,123 - INFO - composites.py:432 - Write B02 -> //nas-rs.topo.auth.gr/Latomeia/DROUGHT/composites/x08/y10/2025/09/01/S2L2A_medcomp_x08y10_202509_B02.tif
2025-10-17 14:25:59,219 - INFO - composites.py:432 - Write B03 -> //nas-rs.topo.auth.gr/Latomeia/DROUGHT/composites/x08/y10/2025/09/01/S2L2A_medcomp_x08y10_202509_B03.tif
2025-10-17 14:26:03,419 - INFO - composites.py:432 - Write B04 -> //nas-rs.topo.auth.gr/Latomeia/DROUGHT/composites/x08/y10/2025/09/01/S2L2A_medcomp_x08y10_202509_B04.tif
2025-10-17 14:26:07,505 - INFO - composites.py:432 - Write B05 -> //nas-rs.topo.auth.gr/Latomeia/DROUGHT/composites/x08/y10/2025/09/01/S2L2A_medcomp_x08y10_202509_B05.tif
2025-10-17 14:26:11,704 - INFO - composites.py:432 - Write B07 -> //nas-rs.topo.auth.gr/Latomeia/DROUGHT/composites/x08/y10/2025/09/01/S2L2A_medcomp_x08y10_202509_B07.tif
2025-10-17 14:26:15,968 - INFO - composites.py:432 - Write B8A -> //nas-rs.topo.auth.gr/Latomeia/DROUGHT/composites/x08/y10/2025/09/01/S2L2A_medcomp_x08y10_202509_B8A.tif
2025-10-17 14:26:20,117 - INFO - composites.py:432 - Write EVI -> //nas-rs.topo.auth.gr/Latomeia/DROUGHT/composites/x08/y10/2025/09/01/S2L2A_medcomp_x08y10_202509_EVI.tif
2025-10-17 14:26:24,357 - INFO - composites.py:432 - Write NDVI -> //nas-rs.topo.auth.gr/Latomeia/DROUGHT/composites/x08/y10/2025/09/01/S2L2A_medcomp_x08y10_202509_NDVI.tif
2025-10-17 14:26:28,334 - INFO - composites.py:432 - Write PSRI2 -> //nas-rs.topo.auth.gr/Latomeia/DROUGHT/composites/x08/y10/2025/09/01/S2L2A_medcomp_x08y10_202509_PSRI2.tif
2025-10-17 14:26:28,347 - INFO - composites.py:436 - Prepare metadata YAML document
2025-10-17 14:26:28,896 - INFO - composites.py:458 - Write metadata YAML document to disk
2025-10-17 14:26:28,971 - INFO - composites.py:463 - Create datacube.model.Dataset from eo3 metadata
2025-10-17 14:26:28,982 - INFO - composites.py:476 - Index to datacube
2025-10-17 14:26:28,982 - INFO - _datasets.py:191 - Indexing 15547a72-4f88-4c4e-bcea-5b53d224c041
2025-10-17 14:26:28,991 - INFO - composites.py:479 - 
2025-10-17 14:26:28,991 - INFO - composites.py:480 -              ✔✔✔ COMPLETED: Tile x08_y10 | Time: 2025-09 | In 10.63 minutes
2025-10-17 14:26:28,991 - INFO - composites.py:481 - 
2025-10-17 14:26:28,991 - INFO - composites.py:489 - Closing Dask client
2025-10-17 14:26:28,992 - INFO - composites.py:493 - Closing Dask cluster
2025-10-17 14:26:28,992 - INFO - composites.py:494 - #######################################################################
