2025-11-30 22:08:02,973 - INFO - composites.py:102 - #######################################################################
2025-11-30 22:08:02,973 - INFO - composites.py:104 - Processing started
2025-11-30 22:08:02,973 - INFO - composites.py:105 -         Tile: x07_y11
2025-11-30 22:08:02,973 - INFO - composites.py:106 -         Time: 2022-06
2025-11-30 22:08:02,973 - INFO - composites.py:109 -                           
2025-11-30 22:08:02,973 - INFO - composites.py:110 - Establishing connection to datacube
2025-11-30 22:08:03,502 - INFO - composites.py:113 -                           
2025-11-30 22:08:03,502 - INFO - composites.py:114 - Sanity test: Check if dataset already exists in the datacube
2025-11-30 22:08:03,525 - INFO - composites.py:133 - The composite requested was not found and it will be computed
2025-11-30 22:08:03,525 - INFO - composites.py:136 -                                  
2025-11-30 22:08:03,525 - INFO - composites.py:137 - Initializing Dask cluster for parallelization
2025-11-30 22:08:08,673 - INFO - composites.py:161 - Dask dashboard is available at: http://127.0.0.1:8787/status
2025-11-30 22:08:08,673 - INFO - composites.py:164 - Create directories and naming conversions
2025-11-30 22:08:08,685 - INFO - composites.py:177 - Dataset location: //nas-rs.topo.auth.gr/Latomeia/DROUGHT/composites/x07/y11/2022/06/01
2025-11-30 22:08:08,685 - INFO - composites.py:180 -                           
2025-11-30 22:08:08,685 - INFO - composites.py:181 - Retrieve tile geometry
2025-11-30 22:08:08,720 - INFO - composites.py:192 - Create the Bounding Box (φ,λ)
2025-11-30 22:08:08,720 - INFO - composites.py:198 - Create the Bounding Box (x,y)
2025-11-30 22:08:08,720 - INFO - composites.py:211 -                           
2025-11-30 22:08:08,720 - INFO - composites.py:212 - Connect to Planetary Computer STAC Catalog
2025-11-30 22:08:09,095 - INFO - composites.py:220 - Search the STAC Catalog
2025-11-30 22:08:09,168 - INFO - composites.py:232 -         Query parameters:
2025-11-30 22:08:09,168 - INFO - composites.py:233 -             url:          https://planetarycomputer.microsoft.com/api/stac/v1/search
2025-11-30 22:08:09,168 - INFO - composites.py:234 -             client:       microsoft-pc
2025-11-30 22:08:09,168 - INFO - composites.py:235 -             collection:   sentinel-2-l2a
2025-11-30 22:08:09,168 - INFO - composites.py:236 -             bbox:         (20.928573606105775, 38.35819969704171, 21.59502923200265, 38.902149455513275)
2025-11-30 22:08:09,168 - INFO - composites.py:237 -             time range:   2022-06-01T00:00:00Z/2022-06-30T23:59:59Z
2025-11-30 22:08:09,168 - INFO - composites.py:238 -             cloud cover:  0% - 70%
2025-11-30 22:08:09,168 - INFO - composites.py:239 -             nodata cover: 0% - 33%
2025-11-30 22:08:09,168 - INFO - composites.py:241 -                           
2025-11-30 22:08:09,168 - INFO - composites.py:242 - Searching...
2025-11-30 22:08:09,868 - INFO - composites.py:245 - Query found 53 items
2025-11-30 22:08:09,868 - INFO - composites.py:247 - Searching for GRI REFINED scenes:
2025-11-30 22:08:13,846 - INFO - sentinel2.py:78 - 1/53 - S2B_MSIL2A_20220630T093039_R136_T34SDJ_20240620T060237 -> REFINED
2025-11-30 22:08:18,763 - INFO - sentinel2.py:78 - 2/53 - S2B_MSIL2A_20220630T093039_R136_T34SDJ_20220630T232202 -> REFINED
2025-11-30 22:08:22,719 - INFO - sentinel2.py:78 - 3/53 - S2B_MSIL2A_20220630T093039_R136_T34SDH_20240620T060237 -> REFINED
2025-11-30 22:08:26,475 - INFO - sentinel2.py:78 - 4/53 - S2B_MSIL2A_20220630T093039_R136_T34SDH_20220630T222554 -> REFINED
2025-11-30 22:08:31,390 - INFO - sentinel2.py:78 - 5/53 - S2B_MSIL2A_20220627T092039_R093_T34SEJ_20240628T014257 -> REFINED
2025-11-30 22:08:35,095 - INFO - sentinel2.py:78 - 6/53 - S2B_MSIL2A_20220627T092039_R093_T34SEJ_20220628T015746 -> REFINED
2025-11-30 22:08:39,485 - INFO - sentinel2.py:78 - 7/53 - S2B_MSIL2A_20220627T092039_R093_T34SEH_20240628T014257 -> REFINED
2025-11-30 22:08:43,325 - INFO - sentinel2.py:78 - 8/53 - S2B_MSIL2A_20220627T092039_R093_T34SEH_20220627T220443 -> REFINED
2025-11-30 22:08:48,261 - INFO - sentinel2.py:78 - 9/53 - S2B_MSIL2A_20220627T092039_R093_T34SDH_20240628T014257 -> REFINED
2025-11-30 22:08:52,905 - INFO - sentinel2.py:78 - 10/53 - S2B_MSIL2A_20220627T092039_R093_T34SDH_20220628T005631 -> REFINED
2025-11-30 22:08:57,423 - INFO - sentinel2.py:78 - 11/53 - S2A_MSIL2A_20220625T093051_R136_T34SDJ_20240703T013015 -> REFINED
2025-11-30 22:09:02,400 - INFO - sentinel2.py:78 - 12/53 - S2A_MSIL2A_20220625T093051_R136_T34SDJ_20220625T220126 -> REFINED
2025-11-30 22:09:07,204 - INFO - sentinel2.py:78 - 13/53 - S2A_MSIL2A_20220625T093051_R136_T34SDH_20240703T013015 -> REFINED
2025-11-30 22:09:12,428 - INFO - sentinel2.py:78 - 14/53 - S2A_MSIL2A_20220625T093051_R136_T34SDH_20220625T221521 -> REFINED
2025-11-30 22:09:17,256 - INFO - sentinel2.py:78 - 15/53 - S2A_MSIL2A_20220622T092041_R093_T34SEJ_20240630T212132 -> REFINED
2025-11-30 22:09:22,212 - INFO - sentinel2.py:78 - 16/53 - S2A_MSIL2A_20220622T092041_R093_T34SEJ_20220622T191104 -> REFINED
2025-11-30 22:09:27,245 - INFO - sentinel2.py:78 - 17/53 - S2A_MSIL2A_20220622T092041_R093_T34SEH_20240630T212132 -> REFINED
2025-11-30 22:09:30,980 - INFO - sentinel2.py:78 - 18/53 - S2A_MSIL2A_20220622T092041_R093_T34SEH_20220622T185849 -> REFINED
2025-11-30 22:09:35,388 - INFO - sentinel2.py:78 - 19/53 - S2A_MSIL2A_20220622T092041_R093_T34SDH_20240630T212132 -> REFINED
2025-11-30 22:09:39,988 - INFO - sentinel2.py:78 - 20/53 - S2A_MSIL2A_20220622T092041_R093_T34SDH_20220622T191558 -> REFINED
2025-11-30 22:09:44,966 - INFO - sentinel2.py:78 - 21/53 - S2B_MSIL2A_20220620T093039_R136_T34SDJ_20240630T014121 -> REFINED
2025-11-30 22:09:49,377 - INFO - sentinel2.py:78 - 22/53 - S2B_MSIL2A_20220620T093039_R136_T34SDJ_20220621T144514 -> REFINED
2025-11-30 22:09:53,663 - INFO - sentinel2.py:78 - 23/53 - S2B_MSIL2A_20220620T093039_R136_T34SDH_20240630T014121 -> REFINED
2025-11-30 22:09:58,659 - INFO - sentinel2.py:78 - 24/53 - S2B_MSIL2A_20220620T093039_R136_T34SDH_20220621T151112 -> REFINED
2025-11-30 22:10:03,243 - INFO - sentinel2.py:78 - 25/53 - S2B_MSIL2A_20220617T092029_R093_T34SEJ_20240619T164553 -> REFINED
2025-11-30 22:10:08,198 - INFO - sentinel2.py:78 - 26/53 - S2B_MSIL2A_20220617T092029_R093_T34SEJ_20220619T101202 -> REFINED
2025-11-30 22:10:13,410 - INFO - sentinel2.py:78 - 27/53 - S2B_MSIL2A_20220617T092029_R093_T34SEH_20240619T164553 -> REFINED
2025-11-30 22:10:18,134 - INFO - sentinel2.py:78 - 28/53 - S2B_MSIL2A_20220617T092029_R093_T34SEH_20220619T101819 -> REFINED
2025-11-30 22:10:22,634 - INFO - sentinel2.py:78 - 29/53 - S2B_MSIL2A_20220617T092029_R093_T34SDH_20240619T164553 -> REFINED
2025-11-30 22:10:27,017 - INFO - sentinel2.py:78 - 30/53 - S2B_MSIL2A_20220617T092029_R093_T34SDH_20220619T085919 -> REFINED
2025-11-30 22:10:30,957 - INFO - sentinel2.py:78 - 31/53 - S2A_MSIL2A_20220615T093051_R136_T34SDJ_20240630T195135 -> REFINED
2025-11-30 22:10:34,599 - INFO - sentinel2.py:78 - 32/53 - S2A_MSIL2A_20220615T093051_R136_T34SDJ_20220616T073809 -> REFINED
2025-11-30 22:10:39,282 - INFO - sentinel2.py:78 - 33/53 - S2A_MSIL2A_20220615T093051_R136_T34SDH_20240630T195135 -> REFINED
2025-11-30 22:10:43,579 - INFO - sentinel2.py:78 - 34/53 - S2A_MSIL2A_20220615T093051_R136_T34SDH_20220616T085746 -> REFINED
2025-11-30 22:10:48,651 - INFO - sentinel2.py:78 - 35/53 - S2A_MSIL2A_20220612T092041_R093_T34SEJ_20240630T071240 -> REFINED
2025-11-30 22:10:52,818 - INFO - sentinel2.py:78 - 36/53 - S2A_MSIL2A_20220612T092041_R093_T34SEJ_20220613T073948 -> REFINED
2025-11-30 22:10:57,289 - INFO - sentinel2.py:78 - 37/53 - S2A_MSIL2A_20220612T092041_R093_T34SEH_20240630T071240 -> REFINED
2025-11-30 22:11:02,019 - INFO - sentinel2.py:78 - 38/53 - S2A_MSIL2A_20220612T092041_R093_T34SEH_20220613T085140 -> REFINED
2025-11-30 22:11:06,380 - INFO - sentinel2.py:78 - 39/53 - S2A_MSIL2A_20220612T092041_R093_T34SDH_20240630T071240 -> REFINED
2025-11-30 22:11:11,280 - INFO - sentinel2.py:78 - 40/53 - S2A_MSIL2A_20220612T092041_R093_T34SDH_20220613T073446 -> REFINED
2025-11-30 22:11:16,248 - INFO - sentinel2.py:78 - 41/53 - S2B_MSIL2A_20220610T093039_R136_T34SDH_20240629T205202 -> REFINED
2025-11-30 22:11:20,491 - INFO - sentinel2.py:78 - 42/53 - S2B_MSIL2A_20220610T093039_R136_T34SDH_20220611T044858 -> REFINED
2025-11-30 22:11:25,407 - INFO - sentinel2.py:78 - 43/53 - S2B_MSIL2A_20220607T092029_R093_T34SEJ_20240630T105743 -> REFINED
2025-11-30 22:11:30,331 - INFO - sentinel2.py:78 - 44/53 - S2B_MSIL2A_20220607T092029_R093_T34SEJ_20220607T174629 -> REFINED
2025-11-30 22:11:34,842 - INFO - sentinel2.py:78 - 45/53 - S2B_MSIL2A_20220607T092029_R093_T34SEH_20240630T105743 -> REFINED
2025-11-30 22:11:39,909 - INFO - sentinel2.py:78 - 46/53 - S2B_MSIL2A_20220607T092029_R093_T34SEH_20220607T173150 -> REFINED
2025-11-30 22:11:44,676 - INFO - sentinel2.py:78 - 47/53 - S2B_MSIL2A_20220607T092029_R093_T34SDH_20240630T105743 -> REFINED
2025-11-30 22:11:49,413 - INFO - sentinel2.py:78 - 48/53 - S2B_MSIL2A_20220607T092029_R093_T34SDH_20220607T191154 -> REFINED
2025-11-30 22:11:53,241 - INFO - sentinel2.py:78 - 49/53 - S2A_MSIL2A_20220605T093041_R136_T34SDJ_20220605T214759 -> REFINED
2025-11-30 22:11:58,321 - INFO - sentinel2.py:78 - 50/53 - S2A_MSIL2A_20220605T093041_R136_T34SDH_20220605T223819 -> REFINED
2025-11-30 22:12:03,393 - INFO - sentinel2.py:78 - 51/53 - S2A_MSIL2A_20220602T092041_R093_T34SEJ_20220603T070015 -> REFINED
2025-11-30 22:12:07,385 - INFO - sentinel2.py:78 - 52/53 - S2A_MSIL2A_20220602T092041_R093_T34SEH_20220603T061324 -> REFINED
2025-11-30 22:12:12,178 - INFO - sentinel2.py:78 - 53/53 - S2A_MSIL2A_20220602T092041_R093_T34SDH_20220603T064224 -> REFINED
2025-11-30 22:12:12,216 - INFO - composites.py:250 -                                  
2025-11-30 22:12:12,216 - INFO - composites.py:251 - 53/53 were refined by GRI.
2025-11-30 22:12:12,221 - INFO - composites.py:263 - Looking for up to 7 cleanest images within spatiotemporal range of each MGRS tile
2025-11-30 22:12:12,222 - INFO - composites.py:277 - Filtered cleanest scenes: Kept 28 out of 53 items. 
2025-11-30 22:12:12,222 - INFO - composites.py:278 -         Included MGRS Tiles: ['34SDH' '34SDJ' '34SEH' '34SEJ']
2025-11-30 22:12:12,223 - INFO - composites.py:279 -         Included EPSG codes: [32634]
2025-11-30 22:12:12,223 - INFO - composites.py:281 - Selected scenes:
2025-11-30 22:12:12,223 - INFO - composites.py:283 -         S2A_MSIL2A_20220622T092041_R093_T34SDH_20240630T212132
2025-11-30 22:12:12,237 - INFO - composites.py:283 -         S2A_MSIL2A_20220622T092041_R093_T34SDH_20220622T191558
2025-11-30 22:12:12,237 - INFO - composites.py:283 -         S2A_MSIL2A_20220602T092041_R093_T34SDH_20220603T064224
2025-11-30 22:12:12,237 - INFO - composites.py:283 -         S2B_MSIL2A_20220627T092039_R093_T34SDH_20220628T005631
2025-11-30 22:12:12,237 - INFO - composites.py:283 -         S2B_MSIL2A_20220627T092039_R093_T34SDH_20240628T014257
2025-11-30 22:12:12,237 - INFO - composites.py:283 -         S2B_MSIL2A_20220617T092029_R093_T34SDH_20220619T085919
2025-11-30 22:12:12,237 - INFO - composites.py:283 -         S2B_MSIL2A_20220617T092029_R093_T34SDH_20240619T164553
2025-11-30 22:12:12,237 - INFO - composites.py:283 -         S2A_MSIL2A_20220605T093041_R136_T34SDJ_20220605T214759
2025-11-30 22:12:12,237 - INFO - composites.py:283 -         S2A_MSIL2A_20220625T093051_R136_T34SDJ_20240703T013015
2025-11-30 22:12:12,237 - INFO - composites.py:283 -         S2A_MSIL2A_20220625T093051_R136_T34SDJ_20220625T220126
2025-11-30 22:12:12,237 - INFO - composites.py:283 -         S2B_MSIL2A_20220630T093039_R136_T34SDJ_20240620T060237
2025-11-30 22:12:12,237 - INFO - composites.py:283 -         S2B_MSIL2A_20220630T093039_R136_T34SDJ_20220630T232202
2025-11-30 22:12:12,237 - INFO - composites.py:283 -         S2A_MSIL2A_20220615T093051_R136_T34SDJ_20220616T073809
2025-11-30 22:12:12,237 - INFO - composites.py:283 -         S2A_MSIL2A_20220615T093051_R136_T34SDJ_20240630T195135
2025-11-30 22:12:12,237 - INFO - composites.py:283 -         S2A_MSIL2A_20220622T092041_R093_T34SEH_20220622T185849
2025-11-30 22:12:12,237 - INFO - composites.py:283 -         S2A_MSIL2A_20220622T092041_R093_T34SEH_20240630T212132
2025-11-30 22:12:12,237 - INFO - composites.py:283 -         S2A_MSIL2A_20220602T092041_R093_T34SEH_20220603T061324
2025-11-30 22:12:12,237 - INFO - composites.py:283 -         S2B_MSIL2A_20220617T092029_R093_T34SEH_20240619T164553
2025-11-30 22:12:12,237 - INFO - composites.py:283 -         S2B_MSIL2A_20220617T092029_R093_T34SEH_20220619T101819
2025-11-30 22:12:12,237 - INFO - composites.py:283 -         S2B_MSIL2A_20220627T092039_R093_T34SEH_20240628T014257
2025-11-30 22:12:12,237 - INFO - composites.py:283 -         S2B_MSIL2A_20220627T092039_R093_T34SEH_20220627T220443
2025-11-30 22:12:12,237 - INFO - composites.py:283 -         S2A_MSIL2A_20220622T092041_R093_T34SEJ_20220622T191104
2025-11-30 22:12:12,237 - INFO - composites.py:283 -         S2A_MSIL2A_20220622T092041_R093_T34SEJ_20240630T212132
2025-11-30 22:12:12,237 - INFO - composites.py:283 -         S2B_MSIL2A_20220627T092039_R093_T34SEJ_20240628T014257
2025-11-30 22:12:12,237 - INFO - composites.py:283 -         S2B_MSIL2A_20220627T092039_R093_T34SEJ_20220628T015746
2025-11-30 22:12:12,237 - INFO - composites.py:283 -         S2A_MSIL2A_20220602T092041_R093_T34SEJ_20220603T070015
2025-11-30 22:12:12,237 - INFO - composites.py:283 -         S2B_MSIL2A_20220617T092029_R093_T34SEJ_20240619T164553
2025-11-30 22:12:12,237 - INFO - composites.py:283 -         S2B_MSIL2A_20220617T092029_R093_T34SEJ_20220619T101202
2025-11-30 22:12:12,714 - INFO - sentinel2.py:154 - Matplotlib backend: Agg
2025-11-30 22:12:12,935 - INFO - sentinel2.py:224 - Write input scenes footprint overlay: //nas-rs.topo.auth.gr/Latomeia/DROUGHT/composites/x07/y11/2022/06/01/S2L2A_medcomp_x07y11_202206_InDataFootprint.jpeg
2025-11-30 22:12:13,211 - INFO - composites.py:297 -                                  
2025-11-30 22:12:13,211 - INFO - composites.py:298 - Downstream STAC items from Planetary Computer
2025-11-30 22:12:13,211 - INFO - timeseries_processing.py:115 -                                  
2025-11-30 22:12:13,211 - INFO - timeseries_processing.py:116 - Loading bands of diferent resolutions in EPSG:32634
2025-11-30 22:12:13,211 - INFO - timeseries_processing.py:120 -     Filtering items with native UTM EPSG:32634
2025-11-30 22:12:13,211 - INFO - timeseries_processing.py:122 -     28 Items in EPSG:32634
2025-11-30 22:12:13,211 - INFO - timeseries_processing.py:129 -                        
2025-11-30 22:12:13,211 - INFO - timeseries_processing.py:130 -     Loading parameters:
2025-11-30 22:12:13,211 - INFO - timeseries_processing.py:131 -         Bands: ['B05', 'B07', 'B8A', 'SCL']
2025-11-30 22:12:13,211 - INFO - timeseries_processing.py:132 -         Spatial resolution: 20
2025-11-30 22:12:13,211 - INFO - timeseries_processing.py:134 -         Get Assets from STAC Items
2025-11-30 22:12:13,211 - INFO - timeseries_processing.py:47 -         Initialize the STAC client
2025-11-30 22:12:14,030 - INFO - timeseries_processing.py:137 -         Loading 28 STAC Items....
2025-11-30 22:14:17,860 - INFO - timeseries_processing.py:146 -         Cube has been downloaded
2025-11-30 22:14:17,860 - INFO - timeseries_processing.py:156 -         Fix order of dimensions
2025-11-30 22:14:17,861 - INFO - timeseries_processing.py:161 -         Append bands to the band-list of EPSG:32634
2025-11-30 22:14:17,861 - INFO - timeseries_processing.py:129 -                        
2025-11-30 22:14:17,861 - INFO - timeseries_processing.py:130 -     Loading parameters:
2025-11-30 22:14:17,861 - INFO - timeseries_processing.py:131 -         Bands: ['B02', 'B03', 'B04']
2025-11-30 22:14:17,861 - INFO - timeseries_processing.py:132 -         Spatial resolution: 10
2025-11-30 22:14:17,861 - INFO - timeseries_processing.py:134 -         Get Assets from STAC Items
2025-11-30 22:14:17,864 - INFO - timeseries_processing.py:47 -         Initialize the STAC client
2025-11-30 22:14:18,617 - INFO - timeseries_processing.py:137 -         Loading 28 STAC Items....
2025-11-30 22:19:01,642 - INFO - timeseries_processing.py:146 -         Cube has been downloaded
2025-11-30 22:19:01,642 - INFO - timeseries_processing.py:149 -         Reproject to downsample 10m bands to 20m by Resampling.average 2x2 binning and shape matching with odc.geo.GeoBox
2025-11-30 22:19:11,615 - INFO - timeseries_processing.py:161 -         Append bands to the band-list of EPSG:32634
2025-11-30 22:19:11,615 - INFO - timeseries_processing.py:165 -                        
2025-11-30 22:19:11,615 - INFO - timeseries_processing.py:166 -     Merging bands in a single dataset
2025-11-30 22:19:11,615 - INFO - timeseries_processing.py:167 -     Ensure all partial datasets are at (x=20, y=-20) resolution
2025-11-30 22:19:11,615 - INFO - timeseries_processing.py:171 -     Clip to the intersection of indexes
2025-11-30 22:19:12,885 - INFO - timeseries_processing.py:180 -     Make a list of bands to merge
2025-11-30 22:19:12,885 - INFO - timeseries_processing.py:184 -     Merge on intersection
2025-11-30 22:19:12,885 - INFO - timeseries_processing.py:192 -     Apply masks on clouds, shadows, thin cirrus, and snow/ice
2025-11-30 22:19:12,885 - INFO - sentinel2.py:122 -                Masking bits: [3, 7, 8, 9, 10, 11]
2025-11-30 22:19:13,791 - INFO - composites.py:307 - Reproject from UTM Zone to Tile geometry -> CRS(EPSG:32634), Resampling.bilinear
2025-11-30 22:19:19,144 - INFO - composites.py:310 -     New shape of datasets: Shape2d(x=2400, y=2400)
2025-11-30 22:19:19,747 - INFO - composites.py:329 - Scale SR to Sen2Cor Baseline 4.00 - Subtract 1000 in dates post 2022-01-25
2025-11-30 22:19:20,973 - INFO - composites.py:342 - Creating preview plot of input scenes
2025-11-30 22:19:50,699 - INFO - timeseries_processing.py:349 - Saved preview for 'B04' to //nas-rs.topo.auth.gr/Latomeia/DROUGHT/composites/x07/y11/2022/06/01/S2L2A_medcomp_x07y11_202206_InDataPreview.jpeg
2025-11-30 22:19:50,704 - INFO - composites.py:348 - Clip value range
2025-11-30 22:19:52,205 - INFO - composites.py:353 -                           
2025-11-30 22:19:52,214 - INFO - composites.py:354 - Computing spectral indices:
2025-11-30 22:19:52,216 - INFO - composites.py:357 -     EVI...
2025-11-30 22:19:53,186 - INFO - composites.py:359 -     NDVI...
2025-11-30 22:19:53,565 - INFO - composites.py:361 -     PSRI2...
2025-11-30 22:19:53,778 - INFO - composites.py:364 - Clip to typical value range
2025-11-30 22:19:54,043 - INFO - composites.py:371 - Reducing to median value temporal composite
2025-11-30 22:20:20,752 - INFO - composites.py:390 - Scale and Define data types & nodata per band
2025-11-30 22:20:20,868 - INFO - composites.py:411 - Assign time range and tile ID in metadata
2025-11-30 22:20:20,868 - INFO - composites.py:419 - Write bands to raster COG files
2025-11-30 22:20:24,786 - INFO - composites.py:432 - Write B02 -> //nas-rs.topo.auth.gr/Latomeia/DROUGHT/composites/x07/y11/2022/06/01/S2L2A_medcomp_x07y11_202206_B02.tif
2025-11-30 22:20:28,662 - INFO - composites.py:432 - Write B03 -> //nas-rs.topo.auth.gr/Latomeia/DROUGHT/composites/x07/y11/2022/06/01/S2L2A_medcomp_x07y11_202206_B03.tif
2025-11-30 22:20:32,574 - INFO - composites.py:432 - Write B04 -> //nas-rs.topo.auth.gr/Latomeia/DROUGHT/composites/x07/y11/2022/06/01/S2L2A_medcomp_x07y11_202206_B04.tif
2025-11-30 22:20:36,645 - INFO - composites.py:432 - Write B05 -> //nas-rs.topo.auth.gr/Latomeia/DROUGHT/composites/x07/y11/2022/06/01/S2L2A_medcomp_x07y11_202206_B05.tif
2025-11-30 22:20:41,035 - INFO - composites.py:432 - Write B07 -> //nas-rs.topo.auth.gr/Latomeia/DROUGHT/composites/x07/y11/2022/06/01/S2L2A_medcomp_x07y11_202206_B07.tif
2025-11-30 22:20:45,375 - INFO - composites.py:432 - Write B8A -> //nas-rs.topo.auth.gr/Latomeia/DROUGHT/composites/x07/y11/2022/06/01/S2L2A_medcomp_x07y11_202206_B8A.tif
2025-11-30 22:20:49,381 - INFO - composites.py:432 - Write EVI -> //nas-rs.topo.auth.gr/Latomeia/DROUGHT/composites/x07/y11/2022/06/01/S2L2A_medcomp_x07y11_202206_EVI.tif
2025-11-30 22:20:53,354 - INFO - composites.py:432 - Write NDVI -> //nas-rs.topo.auth.gr/Latomeia/DROUGHT/composites/x07/y11/2022/06/01/S2L2A_medcomp_x07y11_202206_NDVI.tif
2025-11-30 22:20:57,176 - INFO - composites.py:432 - Write PSRI2 -> //nas-rs.topo.auth.gr/Latomeia/DROUGHT/composites/x07/y11/2022/06/01/S2L2A_medcomp_x07y11_202206_PSRI2.tif
2025-11-30 22:20:57,193 - INFO - composites.py:436 - Prepare metadata YAML document
2025-11-30 22:20:57,731 - INFO - composites.py:458 - Write metadata YAML document to disk
2025-11-30 22:20:57,759 - INFO - composites.py:463 - Create datacube.model.Dataset from eo3 metadata
2025-11-30 22:20:57,770 - INFO - composites.py:476 - Index to datacube
2025-11-30 22:20:57,772 - INFO - _datasets.py:191 - Indexing 9a1806ee-59c6-4234-b849-e97ecd3d9aca
2025-11-30 22:20:57,780 - INFO - composites.py:479 - 
2025-11-30 22:20:57,780 - INFO - composites.py:480 -              ✔✔✔ COMPLETED: Tile x07_y11 | Time: 2022-06 | In 12.91 minutes
2025-11-30 22:20:57,780 - INFO - composites.py:481 - 
2025-11-30 22:20:57,780 - INFO - composites.py:489 - Closing Dask client
2025-11-30 22:20:57,782 - INFO - composites.py:493 - Closing Dask cluster
2025-11-30 22:20:57,782 - INFO - composites.py:494 - #######################################################################
