2025-09-02 12:58:40,886 - INFO - composites.py:102 - #######################################################################
2025-09-02 12:58:40,887 - INFO - composites.py:104 - Processing started
2025-09-02 12:58:40,887 - INFO - composites.py:105 -         Tile: x11_y12
2025-09-02 12:58:40,887 - INFO - composites.py:106 -         Time: 2024-09
2025-09-02 12:58:40,887 - INFO - composites.py:109 -                           
2025-09-02 12:58:40,887 - INFO - composites.py:110 - Establishing connection to datacube
2025-09-02 12:58:41,412 - INFO - composites.py:113 -                           
2025-09-02 12:58:41,412 - INFO - composites.py:114 - Sanity test: Check if dataset already exists in the datacube
2025-09-02 12:58:41,434 - INFO - composites.py:133 - The composite requested was not found and it will be computed
2025-09-02 12:58:41,434 - INFO - composites.py:136 -                                  
2025-09-02 12:58:41,434 - INFO - composites.py:137 - Initializing Dask cluster for parallelization
2025-09-02 12:58:46,459 - INFO - composites.py:161 - Dask dashboard is available at: http://127.0.0.1:8787/status
2025-09-02 12:58:46,459 - INFO - composites.py:164 - Create directories and naming conversions
2025-09-02 12:58:46,470 - INFO - composites.py:177 - Dataset location: //nas-rs.topo.auth.gr/Latomeia/DROUGHT/composites/x11/y12/2024/09/01
2025-09-02 12:58:46,470 - INFO - composites.py:180 -                           
2025-09-02 12:58:46,470 - INFO - composites.py:181 - Retrieve tile geometry
2025-09-02 12:58:46,499 - INFO - composites.py:192 - Create the Bounding Box (φ,λ)
2025-09-02 12:58:46,499 - INFO - composites.py:198 - Create the Bounding Box (x,y)
2025-09-02 12:58:46,499 - INFO - composites.py:211 -                           
2025-09-02 12:58:46,499 - INFO - composites.py:212 - Connect to Planetary Computer STAC Catalog
2025-09-02 12:58:46,707 - INFO - composites.py:220 - Search the STAC Catalog
2025-09-02 12:58:46,775 - INFO - composites.py:232 -         Query parameters:
2025-09-02 12:58:46,775 - INFO - composites.py:233 -             url:          https://planetarycomputer.microsoft.com/api/stac/v1/search
2025-09-02 12:58:46,775 - INFO - composites.py:234 -             client:       microsoft-pc
2025-09-02 12:58:46,775 - INFO - composites.py:235 -             collection:   sentinel-2-l2a
2025-09-02 12:58:46,775 - INFO - composites.py:236 -             bbox:         (23.175034627134398, 38.50013763603257, 23.85573196352452, 39.05443515421176)
2025-09-02 12:58:46,776 - INFO - composites.py:237 -             time range:   2024-09-01T00:00:00Z/2024-09-30T23:59:59Z
2025-09-02 12:58:46,776 - INFO - composites.py:238 -             cloud cover:  0% - 70%
2025-09-02 12:58:46,776 - INFO - composites.py:239 -             nodata cover: 0% - 33%
2025-09-02 12:58:46,776 - INFO - composites.py:241 -                           
2025-09-02 12:58:46,776 - INFO - composites.py:242 - Searching...
2025-09-02 12:58:47,292 - INFO - composites.py:245 - Query found 26 items
2025-09-02 12:58:47,292 - INFO - composites.py:247 - Searching for GRI REFINED scenes:
2025-09-02 12:58:51,778 - INFO - sentinel2.py:78 - 1/26 - S2A_MSIL2A_20240929T092031_R093_T34SFJ_20240929T122650 -> REFINED
2025-09-02 12:58:57,982 - INFO - sentinel2.py:78 - 2/26 - S2A_MSIL2A_20240929T092031_R093_T34SFH_20240929T122650 -> REFINED
2025-09-02 12:59:03,791 - INFO - sentinel2.py:78 - 3/26 - S2A_MSIL2A_20240926T090731_R050_T35SKC_20240926T152806 -> REFINED
2025-09-02 12:59:09,439 - INFO - sentinel2.py:78 - 4/26 - S2A_MSIL2A_20240926T090731_R050_T34SGH_20240926T152806 -> REFINED
2025-09-02 12:59:14,879 - INFO - sentinel2.py:78 - 5/26 - S2B_MSIL2A_20240924T092029_R093_T34SFJ_20240924T120844 -> REFINED
2025-09-02 12:59:20,695 - INFO - sentinel2.py:78 - 6/26 - S2B_MSIL2A_20240924T092029_R093_T34SFH_20240924T120844 -> REFINED
2025-09-02 12:59:26,107 - INFO - sentinel2.py:78 - 7/26 - S2B_MSIL2A_20240921T090559_R050_T35SKD_20240921T115053 -> REFINED
2025-09-02 12:59:32,036 - INFO - sentinel2.py:78 - 8/26 - S2B_MSIL2A_20240921T090559_R050_T35SKC_20240921T115053 -> REFINED
2025-09-02 12:59:36,996 - INFO - sentinel2.py:78 - 9/26 - S2B_MSIL2A_20240921T090559_R050_T34SGJ_20240921T115053 -> REFINED
2025-09-02 12:59:42,668 - INFO - sentinel2.py:78 - 10/26 - S2B_MSIL2A_20240921T090559_R050_T34SGH_20240921T115053 -> REFINED
2025-09-02 12:59:47,837 - INFO - sentinel2.py:78 - 11/26 - S2B_MSIL2A_20240911T090559_R050_T35SKD_20240911T115408 -> REFINED
2025-09-02 12:59:53,169 - INFO - sentinel2.py:78 - 12/26 - S2B_MSIL2A_20240911T090559_R050_T35SKC_20240911T115408 -> REFINED
2025-09-02 12:59:58,302 - INFO - sentinel2.py:78 - 13/26 - S2B_MSIL2A_20240911T090559_R050_T34SGJ_20240911T115408 -> REFINED
2025-09-02 13:00:04,062 - INFO - sentinel2.py:78 - 14/26 - S2B_MSIL2A_20240911T090559_R050_T34SGH_20240911T115408 -> REFINED
2025-09-02 13:00:09,346 - INFO - sentinel2.py:78 - 15/26 - S2A_MSIL2A_20240909T092031_R093_T34SFJ_20240909T141649 -> REFINED
2025-09-02 13:00:15,195 - INFO - sentinel2.py:78 - 16/26 - S2A_MSIL2A_20240909T092031_R093_T34SFH_20240909T141649 -> REFINED
2025-09-02 13:00:20,003 - INFO - sentinel2.py:78 - 17/26 - S2A_MSIL2A_20240906T090551_R050_T35SKD_20240906T131750 -> REFINED
2025-09-02 13:00:25,948 - INFO - sentinel2.py:78 - 18/26 - S2A_MSIL2A_20240906T090551_R050_T35SKC_20240906T131750 -> REFINED
2025-09-02 13:00:31,806 - INFO - sentinel2.py:78 - 19/26 - S2A_MSIL2A_20240906T090551_R050_T34SGJ_20240906T131750 -> REFINED
2025-09-02 13:00:37,979 - INFO - sentinel2.py:78 - 20/26 - S2A_MSIL2A_20240906T090551_R050_T34SGH_20240906T131750 -> REFINED
2025-09-02 13:00:44,080 - INFO - sentinel2.py:78 - 21/26 - S2B_MSIL2A_20240904T091559_R093_T34SFJ_20240904T124722 -> REFINED
2025-09-02 13:00:49,832 - INFO - sentinel2.py:78 - 22/26 - S2B_MSIL2A_20240904T091559_R093_T34SFH_20240904T124722 -> REFINED
2025-09-02 13:00:55,902 - INFO - sentinel2.py:78 - 23/26 - S2B_MSIL2A_20240901T090559_R050_T35SKD_20240901T115909 -> REFINED
2025-09-02 13:01:01,146 - INFO - sentinel2.py:78 - 24/26 - S2B_MSIL2A_20240901T090559_R050_T35SKC_20240901T115909 -> REFINED
2025-09-02 13:01:06,998 - INFO - sentinel2.py:78 - 25/26 - S2B_MSIL2A_20240901T090559_R050_T34SGJ_20240901T115909 -> REFINED
2025-09-02 13:01:12,430 - INFO - sentinel2.py:78 - 26/26 - S2B_MSIL2A_20240901T090559_R050_T34SGH_20240901T115909 -> REFINED
2025-09-02 13:01:12,482 - INFO - composites.py:250 -                                  
2025-09-02 13:01:12,482 - INFO - composites.py:251 - 26/26 were refined by GRI.
2025-09-02 13:01:12,483 - INFO - composites.py:263 - Looking for up to 10 cleanest images within spatiotemporal range of each MGRS tile
2025-09-02 13:01:12,484 - INFO - composites.py:277 - Filtered cleanest scenes: Kept 26 out of 26 items. 
2025-09-02 13:01:12,484 - INFO - composites.py:278 -         Included MGRS Tiles: ['34SFH' '34SFJ' '34SGH' '34SGJ' '35SKC' '35SKD']
2025-09-02 13:01:12,485 - INFO - composites.py:279 -         Included EPSG codes: [32634 32635]
2025-09-02 13:01:12,485 - INFO - composites.py:281 - Selected scenes:
2025-09-02 13:01:12,485 - INFO - composites.py:283 -         S2B_MSIL2A_20240904T091559_R093_T34SFH_20240904T124722
2025-09-02 13:01:12,485 - INFO - composites.py:283 -         S2A_MSIL2A_20240929T092031_R093_T34SFH_20240929T122650
2025-09-02 13:01:12,485 - INFO - composites.py:283 -         S2B_MSIL2A_20240924T092029_R093_T34SFH_20240924T120844
2025-09-02 13:01:12,486 - INFO - composites.py:283 -         S2A_MSIL2A_20240909T092031_R093_T34SFH_20240909T141649
2025-09-02 13:01:12,486 - INFO - composites.py:283 -         S2B_MSIL2A_20240904T091559_R093_T34SFJ_20240904T124722
2025-09-02 13:01:12,486 - INFO - composites.py:283 -         S2A_MSIL2A_20240929T092031_R093_T34SFJ_20240929T122650
2025-09-02 13:01:12,509 - INFO - composites.py:283 -         S2A_MSIL2A_20240909T092031_R093_T34SFJ_20240909T141649
2025-09-02 13:01:12,535 - INFO - composites.py:283 -         S2B_MSIL2A_20240924T092029_R093_T34SFJ_20240924T120844
2025-09-02 13:01:12,536 - INFO - composites.py:283 -         S2A_MSIL2A_20240926T090731_R050_T34SGH_20240926T152806
2025-09-02 13:01:12,536 - INFO - composites.py:283 -         S2A_MSIL2A_20240906T090551_R050_T34SGH_20240906T131750
2025-09-02 13:01:12,542 - INFO - composites.py:283 -         S2B_MSIL2A_20240911T090559_R050_T34SGH_20240911T115408
2025-09-02 13:01:12,542 - INFO - composites.py:283 -         S2B_MSIL2A_20240921T090559_R050_T34SGH_20240921T115053
2025-09-02 13:01:12,544 - INFO - composites.py:283 -         S2B_MSIL2A_20240901T090559_R050_T34SGH_20240901T115909
2025-09-02 13:01:12,544 - INFO - composites.py:283 -         S2A_MSIL2A_20240906T090551_R050_T34SGJ_20240906T131750
2025-09-02 13:01:12,544 - INFO - composites.py:283 -         S2B_MSIL2A_20240921T090559_R050_T34SGJ_20240921T115053
2025-09-02 13:01:12,544 - INFO - composites.py:283 -         S2B_MSIL2A_20240901T090559_R050_T34SGJ_20240901T115909
2025-09-02 13:01:12,544 - INFO - composites.py:283 -         S2B_MSIL2A_20240911T090559_R050_T34SGJ_20240911T115408
2025-09-02 13:01:12,544 - INFO - composites.py:283 -         S2A_MSIL2A_20240906T090551_R050_T35SKC_20240906T131750
2025-09-02 13:01:12,544 - INFO - composites.py:283 -         S2A_MSIL2A_20240926T090731_R050_T35SKC_20240926T152806
2025-09-02 13:01:12,544 - INFO - composites.py:283 -         S2B_MSIL2A_20240911T090559_R050_T35SKC_20240911T115408
2025-09-02 13:01:12,544 - INFO - composites.py:283 -         S2B_MSIL2A_20240921T090559_R050_T35SKC_20240921T115053
2025-09-02 13:01:12,544 - INFO - composites.py:283 -         S2B_MSIL2A_20240901T090559_R050_T35SKC_20240901T115909
2025-09-02 13:01:12,544 - INFO - composites.py:283 -         S2A_MSIL2A_20240906T090551_R050_T35SKD_20240906T131750
2025-09-02 13:01:12,544 - INFO - composites.py:283 -         S2B_MSIL2A_20240921T090559_R050_T35SKD_20240921T115053
2025-09-02 13:01:12,545 - INFO - composites.py:283 -         S2B_MSIL2A_20240901T090559_R050_T35SKD_20240901T115909
2025-09-02 13:01:12,545 - INFO - composites.py:283 -         S2B_MSIL2A_20240911T090559_R050_T35SKD_20240911T115408
2025-09-02 13:01:13,191 - INFO - sentinel2.py:154 - Matplotlib backend: Agg
2025-09-02 13:01:13,554 - INFO - sentinel2.py:224 - Write input scenes footprint overlay: //nas-rs.topo.auth.gr/Latomeia/DROUGHT/composites/x11/y12/2024/09/01/S2L2A_medcomp_x11y12_202409_InDataFootprint.jpeg
2025-09-02 13:01:13,771 - INFO - composites.py:297 -                                  
2025-09-02 13:01:13,771 - INFO - composites.py:298 - Downstream STAC items from Planetary Computer
2025-09-02 13:01:13,771 - INFO - timeseries_processing.py:115 -                                  
2025-09-02 13:01:13,771 - INFO - timeseries_processing.py:116 - Loading bands of diferent resolutions in EPSG:32634
2025-09-02 13:01:13,771 - INFO - timeseries_processing.py:120 -     Filtering items with native UTM EPSG:32634
2025-09-02 13:01:13,771 - INFO - timeseries_processing.py:122 -     17 Items in EPSG:32634
2025-09-02 13:01:13,771 - INFO - timeseries_processing.py:129 -                        
2025-09-02 13:01:13,771 - INFO - timeseries_processing.py:130 -     Loading parameters:
2025-09-02 13:01:13,771 - INFO - timeseries_processing.py:131 -         Bands: ['B05', 'B07', 'B8A', 'SCL']
2025-09-02 13:01:13,771 - INFO - timeseries_processing.py:132 -         Spatial resolution: 20
2025-09-02 13:01:13,771 - INFO - timeseries_processing.py:134 -         Get Assets from STAC Items
2025-09-02 13:01:13,771 - INFO - timeseries_processing.py:47 -         Initialize the STAC client
2025-09-02 13:01:14,442 - INFO - timeseries_processing.py:137 -         Loading 17 STAC Items....
2025-09-02 13:02:14,686 - INFO - timeseries_processing.py:146 -         Cube has been downloaded
2025-09-02 13:02:14,686 - INFO - timeseries_processing.py:156 -         Fix order of dimensions
2025-09-02 13:02:14,688 - INFO - timeseries_processing.py:161 -         Append bands to the band-list of EPSG:32634
2025-09-02 13:02:14,688 - INFO - timeseries_processing.py:129 -                        
2025-09-02 13:02:14,688 - INFO - timeseries_processing.py:130 -     Loading parameters:
2025-09-02 13:02:14,688 - INFO - timeseries_processing.py:131 -         Bands: ['B02', 'B03', 'B04']
2025-09-02 13:02:14,691 - INFO - timeseries_processing.py:132 -         Spatial resolution: 10
2025-09-02 13:02:14,691 - INFO - timeseries_processing.py:134 -         Get Assets from STAC Items
2025-09-02 13:02:14,691 - INFO - timeseries_processing.py:47 -         Initialize the STAC client
2025-09-02 13:02:15,403 - INFO - timeseries_processing.py:137 -         Loading 17 STAC Items....
2025-09-02 13:04:22,124 - INFO - timeseries_processing.py:146 -         Cube has been downloaded
2025-09-02 13:04:22,124 - INFO - timeseries_processing.py:149 -         Reproject to downsample 10m bands to 20m by Resampling.average 2x2 binning and shape matching with odc.geo.GeoBox
2025-09-02 13:04:34,946 - INFO - timeseries_processing.py:161 -         Append bands to the band-list of EPSG:32634
2025-09-02 13:04:34,946 - INFO - timeseries_processing.py:165 -                        
2025-09-02 13:04:34,946 - INFO - timeseries_processing.py:166 -     Merging bands in a single dataset
2025-09-02 13:04:34,955 - INFO - timeseries_processing.py:167 -     Ensure all partial datasets are at (x=20, y=-20) resolution
2025-09-02 13:04:34,961 - INFO - timeseries_processing.py:171 -     Clip to the intersection of indexes
2025-09-02 13:04:35,933 - INFO - timeseries_processing.py:180 -     Make a list of bands to merge
2025-09-02 13:04:35,934 - INFO - timeseries_processing.py:184 -     Merge on intersection
2025-09-02 13:04:35,935 - INFO - timeseries_processing.py:192 -     Apply masks on clouds, shadows, thin cirrus, and snow/ice
2025-09-02 13:04:35,935 - INFO - sentinel2.py:122 -                Masking bits: [3, 7, 8, 9, 10, 11]
2025-09-02 13:04:37,083 - INFO - timeseries_processing.py:115 -                                  
2025-09-02 13:04:37,085 - INFO - timeseries_processing.py:116 - Loading bands of diferent resolutions in EPSG:32635
2025-09-02 13:04:37,085 - INFO - timeseries_processing.py:120 -     Filtering items with native UTM EPSG:32635
2025-09-02 13:04:37,085 - INFO - timeseries_processing.py:122 -     9 Items in EPSG:32635
2025-09-02 13:04:37,085 - INFO - timeseries_processing.py:129 -                        
2025-09-02 13:04:37,085 - INFO - timeseries_processing.py:130 -     Loading parameters:
2025-09-02 13:04:37,085 - INFO - timeseries_processing.py:131 -         Bands: ['B05', 'B07', 'B8A', 'SCL']
2025-09-02 13:04:37,085 - INFO - timeseries_processing.py:132 -         Spatial resolution: 20
2025-09-02 13:04:37,085 - INFO - timeseries_processing.py:134 -         Get Assets from STAC Items
2025-09-02 13:04:37,085 - INFO - timeseries_processing.py:47 -         Initialize the STAC client
2025-09-02 13:04:37,965 - INFO - timeseries_processing.py:137 -         Loading 9 STAC Items....
2025-09-02 13:05:12,045 - INFO - timeseries_processing.py:146 -         Cube has been downloaded
2025-09-02 13:05:12,046 - INFO - timeseries_processing.py:156 -         Fix order of dimensions
2025-09-02 13:05:12,047 - INFO - timeseries_processing.py:161 -         Append bands to the band-list of EPSG:32635
2025-09-02 13:05:12,047 - INFO - timeseries_processing.py:129 -                        
2025-09-02 13:05:12,049 - INFO - timeseries_processing.py:130 -     Loading parameters:
2025-09-02 13:05:12,049 - INFO - timeseries_processing.py:131 -         Bands: ['B02', 'B03', 'B04']
2025-09-02 13:05:12,049 - INFO - timeseries_processing.py:132 -         Spatial resolution: 10
2025-09-02 13:05:12,049 - INFO - timeseries_processing.py:134 -         Get Assets from STAC Items
2025-09-02 13:05:12,049 - INFO - timeseries_processing.py:47 -         Initialize the STAC client
2025-09-02 13:05:12,592 - INFO - timeseries_processing.py:137 -         Loading 9 STAC Items....
2025-09-02 13:06:41,448 - INFO - timeseries_processing.py:146 -         Cube has been downloaded
2025-09-02 13:06:41,448 - INFO - timeseries_processing.py:149 -         Reproject to downsample 10m bands to 20m by Resampling.average 2x2 binning and shape matching with odc.geo.GeoBox
2025-09-02 13:06:48,561 - INFO - timeseries_processing.py:161 -         Append bands to the band-list of EPSG:32635
2025-09-02 13:06:48,562 - INFO - timeseries_processing.py:165 -                        
2025-09-02 13:06:48,562 - INFO - timeseries_processing.py:166 -     Merging bands in a single dataset
2025-09-02 13:06:48,562 - INFO - timeseries_processing.py:167 -     Ensure all partial datasets are at (x=20, y=-20) resolution
2025-09-02 13:06:48,562 - INFO - timeseries_processing.py:171 -     Clip to the intersection of indexes
2025-09-02 13:06:48,562 - INFO - timeseries_processing.py:180 -     Make a list of bands to merge
2025-09-02 13:06:48,564 - INFO - timeseries_processing.py:184 -     Merge on intersection
2025-09-02 13:06:48,565 - INFO - timeseries_processing.py:192 -     Apply masks on clouds, shadows, thin cirrus, and snow/ice
2025-09-02 13:06:48,565 - INFO - sentinel2.py:122 -                Masking bits: [3, 7, 8, 9, 10, 11]
2025-09-02 13:06:49,215 - INFO - composites.py:307 - Reproject from UTM Zone to Tile geometry -> CRS(EPSG:32635), Resampling.bilinear
2025-09-02 13:06:59,062 - INFO - composites.py:310 -     New shape of datasets: Shape2d(x=2400, y=2400)
2025-09-02 13:06:59,352 - INFO - composites.py:315 -                           
2025-09-02 13:06:59,357 - INFO - composites.py:316 - Mosaic datasets to a single dataset
2025-09-02 13:07:07,281 - INFO - composites.py:329 - Scale SR to Sen2Cor Baseline 4.00 - Subtract 1000 in dates post 2022-01-25
2025-09-02 13:07:08,724 - INFO - composites.py:342 - Creating preview plot of input scenes
2025-09-02 13:07:40,578 - INFO - timeseries_processing.py:349 - Saved preview for 'B04' to //nas-rs.topo.auth.gr/Latomeia/DROUGHT/composites/x11/y12/2024/09/01/S2L2A_medcomp_x11y12_202409_InDataPreview.jpeg
2025-09-02 13:07:40,585 - INFO - composites.py:348 - Clip value range
2025-09-02 13:07:42,427 - INFO - composites.py:353 -                           
2025-09-02 13:07:42,428 - INFO - composites.py:354 - Computing spectral indices:
2025-09-02 13:07:42,428 - INFO - composites.py:357 -     EVI...
2025-09-02 13:07:43,733 - INFO - composites.py:359 -     NDVI...
2025-09-02 13:07:44,208 - INFO - composites.py:361 -     PSRI2...
2025-09-02 13:07:44,518 - INFO - composites.py:364 - Clip to typical value range
2025-09-02 13:07:44,918 - INFO - composites.py:371 - Reducing to median value temporal composite
2025-09-02 13:08:12,775 - INFO - composites.py:390 - Scale and Define data types & nodata per band
2025-09-02 13:08:12,887 - INFO - composites.py:411 - Assign time range and tile ID in metadata
2025-09-02 13:08:12,887 - INFO - composites.py:419 - Write bands to raster COG files
2025-09-02 13:08:17,079 - INFO - composites.py:432 - Write B02 -> //nas-rs.topo.auth.gr/Latomeia/DROUGHT/composites/x11/y12/2024/09/01/S2L2A_medcomp_x11y12_202409_B02.tif
2025-09-02 13:08:21,226 - INFO - composites.py:432 - Write B03 -> //nas-rs.topo.auth.gr/Latomeia/DROUGHT/composites/x11/y12/2024/09/01/S2L2A_medcomp_x11y12_202409_B03.tif
2025-09-02 13:08:25,323 - INFO - composites.py:432 - Write B04 -> //nas-rs.topo.auth.gr/Latomeia/DROUGHT/composites/x11/y12/2024/09/01/S2L2A_medcomp_x11y12_202409_B04.tif
2025-09-02 13:08:29,413 - INFO - composites.py:432 - Write B05 -> //nas-rs.topo.auth.gr/Latomeia/DROUGHT/composites/x11/y12/2024/09/01/S2L2A_medcomp_x11y12_202409_B05.tif
2025-09-02 13:08:33,429 - INFO - composites.py:432 - Write B07 -> //nas-rs.topo.auth.gr/Latomeia/DROUGHT/composites/x11/y12/2024/09/01/S2L2A_medcomp_x11y12_202409_B07.tif
2025-09-02 13:08:37,684 - INFO - composites.py:432 - Write B8A -> //nas-rs.topo.auth.gr/Latomeia/DROUGHT/composites/x11/y12/2024/09/01/S2L2A_medcomp_x11y12_202409_B8A.tif
2025-09-02 13:08:41,821 - INFO - composites.py:432 - Write EVI -> //nas-rs.topo.auth.gr/Latomeia/DROUGHT/composites/x11/y12/2024/09/01/S2L2A_medcomp_x11y12_202409_EVI.tif
2025-09-02 13:08:45,887 - INFO - composites.py:432 - Write NDVI -> //nas-rs.topo.auth.gr/Latomeia/DROUGHT/composites/x11/y12/2024/09/01/S2L2A_medcomp_x11y12_202409_NDVI.tif
2025-09-02 13:08:50,293 - INFO - composites.py:432 - Write PSRI2 -> //nas-rs.topo.auth.gr/Latomeia/DROUGHT/composites/x11/y12/2024/09/01/S2L2A_medcomp_x11y12_202409_PSRI2.tif
2025-09-02 13:08:50,305 - INFO - composites.py:436 - Prepare metadata YAML document
2025-09-02 13:08:50,989 - INFO - composites.py:458 - Write metadata YAML document to disk
2025-09-02 13:08:51,070 - INFO - composites.py:463 - Create datacube.model.Dataset from eo3 metadata
2025-09-02 13:08:51,080 - INFO - composites.py:476 - Index to datacube
2025-09-02 13:08:51,080 - INFO - _datasets.py:191 - Indexing fef61083-3754-4163-9857-e92411916da6
2025-09-02 13:08:51,089 - INFO - composites.py:479 - 
2025-09-02 13:08:51,089 - INFO - composites.py:480 -              ✔✔✔ COMPLETED: Tile x11_y12 | Time: 2024-09 | In 10.17 minutes
2025-09-02 13:08:51,089 - INFO - composites.py:481 - 
2025-09-02 13:08:51,089 - INFO - composites.py:489 - Closing Dask client
2025-09-02 13:08:51,091 - INFO - composites.py:493 - Closing Dask cluster
2025-09-02 13:08:51,092 - INFO - composites.py:494 - #######################################################################
