2025-08-30 16:51:04,454 - INFO - composites.py:102 - #######################################################################
2025-08-30 16:51:04,454 - INFO - composites.py:104 - Processing started
2025-08-30 16:51:04,454 - INFO - composites.py:105 -         Tile: x10_y07
2025-08-30 16:51:04,454 - INFO - composites.py:106 -         Time: 2022-12
2025-08-30 16:51:04,454 - INFO - composites.py:109 -                           
2025-08-30 16:51:04,454 - INFO - composites.py:110 - Establishing connection to datacube
2025-08-30 16:51:04,961 - INFO - composites.py:113 -                           
2025-08-30 16:51:04,961 - INFO - composites.py:114 - Sanity test: Check if dataset already exists in the datacube
2025-08-30 16:51:04,978 - INFO - composites.py:133 - The composite requested was not found and it will be computed
2025-08-30 16:51:04,979 - INFO - composites.py:136 -                                  
2025-08-30 16:51:04,979 - INFO - composites.py:137 - Initializing Dask cluster for parallelization
2025-08-30 16:51:10,017 - INFO - composites.py:161 - Dask dashboard is available at: http://127.0.0.1:8787/status
2025-08-30 16:51:10,019 - INFO - composites.py:164 - Create directories and naming conversions
2025-08-30 16:51:10,029 - INFO - composites.py:177 - Dataset location: //nas-rs.topo.auth.gr/Latomeia/DROUGHT/composites/x10/y07/2022/12/01
2025-08-30 16:51:10,029 - INFO - composites.py:180 -                           
2025-08-30 16:51:10,029 - INFO - composites.py:181 - Retrieve tile geometry
2025-08-30 16:51:10,057 - INFO - composites.py:192 - Create the Bounding Box (φ,λ)
2025-08-30 16:51:10,058 - INFO - composites.py:198 - Create the Bounding Box (x,y)
2025-08-30 16:51:10,058 - INFO - composites.py:211 -                           
2025-08-30 16:51:10,058 - INFO - composites.py:212 - Connect to Planetary Computer STAC Catalog
2025-08-30 16:51:10,269 - INFO - composites.py:220 - Search the STAC Catalog
2025-08-30 16:51:10,348 - INFO - composites.py:232 -         Query parameters:
2025-08-30 16:51:10,348 - INFO - composites.py:233 -             url:          https://planetarycomputer.microsoft.com/api/stac/v1/search
2025-08-30 16:51:10,348 - INFO - composites.py:234 -             client:       microsoft-pc
2025-08-30 16:51:10,348 - INFO - composites.py:235 -             collection:   sentinel-2-l2a
2025-08-30 16:51:10,348 - INFO - composites.py:236 -             bbox:         (22.240528254350007, 36.43261500541467, 22.895662885042924, 36.983478733191035)
2025-08-30 16:51:10,348 - INFO - composites.py:237 -             time range:   2022-12-01T00:00:00Z/2022-12-31T23:59:59Z
2025-08-30 16:51:10,348 - INFO - composites.py:238 -             cloud cover:  0% - 70%
2025-08-30 16:51:10,348 - INFO - composites.py:239 -             nodata cover: 0% - 33%
2025-08-30 16:51:10,348 - INFO - composites.py:241 -                           
2025-08-30 16:51:10,348 - INFO - composites.py:242 - Searching...
2025-08-30 16:51:10,771 - INFO - composites.py:245 - Query found 19 items
2025-08-30 16:51:10,772 - INFO - composites.py:247 - Searching for GRI REFINED scenes:
2025-08-30 16:51:16,500 - INFO - sentinel2.py:78 - 1/19 - S2B_MSIL2A_20221231T091309_R050_T34SFG_20230101T050734 -> REFINED
2025-08-30 16:51:21,867 - INFO - sentinel2.py:78 - 2/19 - S2B_MSIL2A_20221231T091309_R050_T34SFF_20230101T050208 -> REFINED
2025-08-30 16:51:27,465 - INFO - sentinel2.py:78 - 3/19 - S2A_MSIL2A_20221229T092411_R093_T34SFG_20221230T150250 -> REFINED
2025-08-30 16:51:33,532 - INFO - sentinel2.py:78 - 4/19 - S2A_MSIL2A_20221229T092411_R093_T34SFF_20221230T143907 -> REFINED
2025-08-30 16:51:38,843 - INFO - sentinel2.py:78 - 5/19 - S2A_MSIL2A_20221226T091401_R050_T34SFG_20221227T013618 -> REFINED
2025-08-30 16:51:44,797 - INFO - sentinel2.py:78 - 6/19 - S2A_MSIL2A_20221226T091401_R050_T34SFF_20221227T004825 -> REFINED
2025-08-30 16:51:50,532 - INFO - sentinel2.py:78 - 7/19 - S2B_MSIL2A_20221224T092319_R093_T34SFG_20221225T104400 -> REFINED
2025-08-30 16:51:56,367 - INFO - sentinel2.py:78 - 8/19 - S2B_MSIL2A_20221224T092319_R093_T34SFF_20221225T111854 -> REFINED
2025-08-30 16:52:02,719 - INFO - sentinel2.py:78 - 9/19 - S2B_MSIL2A_20221221T091309_R050_T34SFG_20221222T020108 -> REFINED
2025-08-30 16:52:08,669 - INFO - sentinel2.py:78 - 10/19 - S2B_MSIL2A_20221221T091309_R050_T34SFF_20221222T022659 -> REFINED
2025-08-30 16:52:13,987 - INFO - sentinel2.py:78 - 11/19 - S2A_MSIL2A_20221219T092411_R093_T34SFG_20221220T053938 -> REFINED
2025-08-30 16:52:19,767 - INFO - sentinel2.py:78 - 12/19 - S2A_MSIL2A_20221219T092411_R093_T34SFF_20221220T054511 -> REFINED
2025-08-30 16:52:24,874 - INFO - sentinel2.py:78 - 13/19 - S2A_MSIL2A_20221216T091401_R050_T34SFG_20221217T055234 -> REFINED
2025-08-30 16:52:29,770 - INFO - sentinel2.py:78 - 14/19 - S2A_MSIL2A_20221216T091401_R050_T34SFF_20221217T052404 -> REFINED
2025-08-30 16:52:35,909 - INFO - sentinel2.py:78 - 15/19 - S2A_MSIL2A_20221209T092401_R093_T34SFG_20221210T070642 -> REFINED
2025-08-30 16:52:41,383 - INFO - sentinel2.py:78 - 16/19 - S2A_MSIL2A_20221209T092401_R093_T34SFF_20221210T080435 -> REFINED
2025-08-30 16:52:47,016 - INFO - sentinel2.py:78 - 17/19 - S2A_MSIL2A_20221206T091351_R050_T34SFF_20221207T100821 -> REFINED
2025-08-30 16:52:53,319 - INFO - sentinel2.py:78 - 18/19 - S2B_MSIL2A_20221204T092249_R093_T34SFF_20221204T182936 -> REFINED
2025-08-30 16:52:58,878 - INFO - sentinel2.py:78 - 19/19 - S2B_MSIL2A_20221201T091239_R050_T34SFF_20221203T102454 -> REFINED
2025-08-30 16:52:58,920 - INFO - composites.py:250 -                                  
2025-08-30 16:52:58,920 - INFO - composites.py:251 - 19/19 were refined by GRI.
2025-08-30 16:52:58,921 - INFO - composites.py:263 - Looking for up to 10 cleanest images within spatiotemporal range of each MGRS tile
2025-08-30 16:52:58,921 - INFO - composites.py:277 - Filtered cleanest scenes: Kept 18 out of 19 items. 
2025-08-30 16:52:58,922 - INFO - composites.py:278 -         Included MGRS Tiles: ['34SFF' '34SFG']
2025-08-30 16:52:58,922 - INFO - composites.py:279 -         Included EPSG codes: [32634]
2025-08-30 16:52:58,922 - INFO - composites.py:281 - Selected scenes:
2025-08-30 16:52:58,922 - INFO - composites.py:283 -         S2B_MSIL2A_20221224T092319_R093_T34SFF_20221225T111854
2025-08-30 16:52:58,923 - INFO - composites.py:283 -         S2A_MSIL2A_20221226T091401_R050_T34SFF_20221227T004825
2025-08-30 16:52:58,923 - INFO - composites.py:283 -         S2A_MSIL2A_20221216T091401_R050_T34SFF_20221217T052404
2025-08-30 16:52:58,924 - INFO - composites.py:283 -         S2A_MSIL2A_20221209T092401_R093_T34SFF_20221210T080435
2025-08-30 16:52:58,936 - INFO - composites.py:283 -         S2A_MSIL2A_20221229T092411_R093_T34SFF_20221230T143907
2025-08-30 16:52:58,936 - INFO - composites.py:283 -         S2A_MSIL2A_20221219T092411_R093_T34SFF_20221220T054511
2025-08-30 16:52:58,936 - INFO - composites.py:283 -         S2B_MSIL2A_20221231T091309_R050_T34SFF_20230101T050208
2025-08-30 16:52:58,936 - INFO - composites.py:283 -         S2B_MSIL2A_20221201T091239_R050_T34SFF_20221203T102454
2025-08-30 16:52:58,941 - INFO - composites.py:283 -         S2B_MSIL2A_20221204T092249_R093_T34SFF_20221204T182936
2025-08-30 16:52:58,942 - INFO - composites.py:283 -         S2B_MSIL2A_20221221T091309_R050_T34SFF_20221222T022659
2025-08-30 16:52:58,943 - INFO - composites.py:283 -         S2A_MSIL2A_20221226T091401_R050_T34SFG_20221227T013618
2025-08-30 16:52:58,943 - INFO - composites.py:283 -         S2B_MSIL2A_20221224T092319_R093_T34SFG_20221225T104400
2025-08-30 16:52:58,958 - INFO - composites.py:283 -         S2B_MSIL2A_20221221T091309_R050_T34SFG_20221222T020108
2025-08-30 16:52:58,958 - INFO - composites.py:283 -         S2A_MSIL2A_20221216T091401_R050_T34SFG_20221217T055234
2025-08-30 16:52:58,968 - INFO - composites.py:283 -         S2A_MSIL2A_20221209T092401_R093_T34SFG_20221210T070642
2025-08-30 16:52:58,968 - INFO - composites.py:283 -         S2A_MSIL2A_20221229T092411_R093_T34SFG_20221230T150250
2025-08-30 16:52:58,968 - INFO - composites.py:283 -         S2B_MSIL2A_20221231T091309_R050_T34SFG_20230101T050734
2025-08-30 16:52:58,969 - INFO - composites.py:283 -         S2A_MSIL2A_20221219T092411_R093_T34SFG_20221220T053938
2025-08-30 16:52:59,286 - INFO - sentinel2.py:154 - Matplotlib backend: Agg
2025-08-30 16:52:59,585 - INFO - sentinel2.py:224 - Write input scenes footprint overlay: //nas-rs.topo.auth.gr/Latomeia/DROUGHT/composites/x10/y07/2022/12/01/S2L2A_medcomp_x10y07_202212_InDataFootprint.jpeg
2025-08-30 16:52:59,821 - INFO - composites.py:297 -                                  
2025-08-30 16:52:59,821 - INFO - composites.py:298 - Downstream STAC items from Planetary Computer
2025-08-30 16:52:59,821 - INFO - timeseries_processing.py:115 -                                  
2025-08-30 16:52:59,821 - INFO - timeseries_processing.py:116 - Loading bands of diferent resolutions in EPSG:32634
2025-08-30 16:52:59,821 - INFO - timeseries_processing.py:120 -     Filtering items with native UTM EPSG:32634
2025-08-30 16:52:59,821 - INFO - timeseries_processing.py:122 -     18 Items in EPSG:32634
2025-08-30 16:52:59,821 - INFO - timeseries_processing.py:129 -                        
2025-08-30 16:52:59,821 - INFO - timeseries_processing.py:130 -     Loading parameters:
2025-08-30 16:52:59,821 - INFO - timeseries_processing.py:131 -         Bands: ['B05', 'B07', 'B8A', 'SCL']
2025-08-30 16:52:59,821 - INFO - timeseries_processing.py:132 -         Spatial resolution: 20
2025-08-30 16:52:59,821 - INFO - timeseries_processing.py:134 -         Get Assets from STAC Items
2025-08-30 16:52:59,821 - INFO - timeseries_processing.py:47 -         Initialize the STAC client
2025-08-30 16:53:00,364 - INFO - timeseries_processing.py:137 -         Loading 18 STAC Items....
2025-08-30 16:54:27,624 - INFO - timeseries_processing.py:146 -         Cube has been downloaded
2025-08-30 16:54:27,624 - INFO - timeseries_processing.py:156 -         Fix order of dimensions
2025-08-30 16:54:27,626 - INFO - timeseries_processing.py:161 -         Append bands to the band-list of EPSG:32634
2025-08-30 16:54:27,626 - INFO - timeseries_processing.py:129 -                        
2025-08-30 16:54:27,627 - INFO - timeseries_processing.py:130 -     Loading parameters:
2025-08-30 16:54:27,628 - INFO - timeseries_processing.py:131 -         Bands: ['B02', 'B03', 'B04']
2025-08-30 16:54:27,628 - INFO - timeseries_processing.py:132 -         Spatial resolution: 10
2025-08-30 16:54:27,628 - INFO - timeseries_processing.py:134 -         Get Assets from STAC Items
2025-08-30 16:54:27,628 - INFO - timeseries_processing.py:47 -         Initialize the STAC client
2025-08-30 16:54:28,174 - INFO - timeseries_processing.py:137 -         Loading 18 STAC Items....
2025-08-30 16:57:10,202 - INFO - timeseries_processing.py:146 -         Cube has been downloaded
2025-08-30 16:57:10,203 - INFO - timeseries_processing.py:149 -         Reproject to downsample 10m bands to 20m by Resampling.average 2x2 binning and shape matching with odc.geo.GeoBox
2025-08-30 16:57:25,555 - INFO - timeseries_processing.py:161 -         Append bands to the band-list of EPSG:32634
2025-08-30 16:57:25,555 - INFO - timeseries_processing.py:165 -                        
2025-08-30 16:57:25,555 - INFO - timeseries_processing.py:166 -     Merging bands in a single dataset
2025-08-30 16:57:25,555 - INFO - timeseries_processing.py:167 -     Ensure all partial datasets are at (x=20, y=-20) resolution
2025-08-30 16:57:25,556 - INFO - timeseries_processing.py:171 -     Clip to the intersection of indexes
2025-08-30 16:57:26,576 - INFO - timeseries_processing.py:180 -     Make a list of bands to merge
2025-08-30 16:57:26,577 - INFO - timeseries_processing.py:184 -     Merge on intersection
2025-08-30 16:57:26,579 - INFO - timeseries_processing.py:192 -     Apply masks on clouds, shadows, thin cirrus, and snow/ice
2025-08-30 16:57:26,579 - INFO - sentinel2.py:122 -                Masking bits: [3, 7, 8, 9, 10, 11]
2025-08-30 16:57:27,759 - INFO - composites.py:307 - Reproject from UTM Zone to Tile geometry -> CRS(EPSG:32634), Resampling.bilinear
2025-08-30 16:57:34,655 - INFO - composites.py:310 -     New shape of datasets: Shape2d(x=2400, y=2400)
2025-08-30 16:57:35,385 - INFO - composites.py:329 - Scale SR to Sen2Cor Baseline 4.00 - Subtract 1000 in dates post 2022-01-25
2025-08-30 16:57:37,083 - INFO - composites.py:342 - Creating preview plot of input scenes
2025-08-30 16:58:10,395 - INFO - timeseries_processing.py:349 - Saved preview for 'B04' to //nas-rs.topo.auth.gr/Latomeia/DROUGHT/composites/x10/y07/2022/12/01/S2L2A_medcomp_x10y07_202212_InDataPreview.jpeg
2025-08-30 16:58:10,408 - INFO - composites.py:348 - Clip value range
2025-08-30 16:58:12,421 - INFO - composites.py:353 -                           
2025-08-30 16:58:12,421 - INFO - composites.py:354 - Computing spectral indices:
2025-08-30 16:58:12,421 - INFO - composites.py:357 -     EVI...
2025-08-30 16:58:13,663 - INFO - composites.py:359 -     NDVI...
2025-08-30 16:58:14,157 - INFO - composites.py:361 -     PSRI2...
2025-08-30 16:58:14,426 - INFO - composites.py:364 - Clip to typical value range
2025-08-30 16:58:14,788 - INFO - composites.py:371 - Reducing to median value temporal composite
2025-08-30 16:58:40,943 - INFO - composites.py:390 - Scale and Define data types & nodata per band
2025-08-30 16:58:41,077 - INFO - composites.py:411 - Assign time range and tile ID in metadata
2025-08-30 16:58:41,077 - INFO - composites.py:419 - Write bands to raster COG files
2025-08-30 16:58:44,928 - INFO - composites.py:432 - Write B02 -> //nas-rs.topo.auth.gr/Latomeia/DROUGHT/composites/x10/y07/2022/12/01/S2L2A_medcomp_x10y07_202212_B02.tif
2025-08-30 16:58:48,981 - INFO - composites.py:432 - Write B03 -> //nas-rs.topo.auth.gr/Latomeia/DROUGHT/composites/x10/y07/2022/12/01/S2L2A_medcomp_x10y07_202212_B03.tif
2025-08-30 16:58:52,808 - INFO - composites.py:432 - Write B04 -> //nas-rs.topo.auth.gr/Latomeia/DROUGHT/composites/x10/y07/2022/12/01/S2L2A_medcomp_x10y07_202212_B04.tif
2025-08-30 16:58:56,753 - INFO - composites.py:432 - Write B05 -> //nas-rs.topo.auth.gr/Latomeia/DROUGHT/composites/x10/y07/2022/12/01/S2L2A_medcomp_x10y07_202212_B05.tif
2025-08-30 16:59:00,545 - INFO - composites.py:432 - Write B07 -> //nas-rs.topo.auth.gr/Latomeia/DROUGHT/composites/x10/y07/2022/12/01/S2L2A_medcomp_x10y07_202212_B07.tif
2025-08-30 16:59:04,435 - INFO - composites.py:432 - Write B8A -> //nas-rs.topo.auth.gr/Latomeia/DROUGHT/composites/x10/y07/2022/12/01/S2L2A_medcomp_x10y07_202212_B8A.tif
2025-08-30 16:59:08,257 - INFO - composites.py:432 - Write EVI -> //nas-rs.topo.auth.gr/Latomeia/DROUGHT/composites/x10/y07/2022/12/01/S2L2A_medcomp_x10y07_202212_EVI.tif
2025-08-30 16:59:12,435 - INFO - composites.py:432 - Write NDVI -> //nas-rs.topo.auth.gr/Latomeia/DROUGHT/composites/x10/y07/2022/12/01/S2L2A_medcomp_x10y07_202212_NDVI.tif
2025-08-30 16:59:16,530 - INFO - composites.py:432 - Write PSRI2 -> //nas-rs.topo.auth.gr/Latomeia/DROUGHT/composites/x10/y07/2022/12/01/S2L2A_medcomp_x10y07_202212_PSRI2.tif
2025-08-30 16:59:16,530 - INFO - composites.py:436 - Prepare metadata YAML document
2025-08-30 16:59:17,035 - INFO - composites.py:458 - Write metadata YAML document to disk
2025-08-30 16:59:17,092 - INFO - composites.py:463 - Create datacube.model.Dataset from eo3 metadata
2025-08-30 16:59:17,103 - INFO - composites.py:476 - Index to datacube
2025-08-30 16:59:17,104 - INFO - _datasets.py:191 - Indexing 3f7cb7eb-070d-4a40-972c-e79d00d1b1c4
2025-08-30 16:59:17,112 - INFO - composites.py:479 - 
2025-08-30 16:59:17,112 - INFO - composites.py:480 -              ✔✔✔ COMPLETED: Tile x10_y07 | Time: 2022-12 | In 8.21 minutes
2025-08-30 16:59:17,112 - INFO - composites.py:481 - 
2025-08-30 16:59:17,112 - INFO - composites.py:489 - Closing Dask client
2025-08-30 16:59:17,115 - INFO - composites.py:493 - Closing Dask cluster
2025-08-30 16:59:17,115 - INFO - composites.py:494 - #######################################################################
