2025-09-02 02:52:00,369 - INFO - composites.py:102 - #######################################################################
2025-09-02 02:52:00,369 - INFO - composites.py:104 - Processing started
2025-09-02 02:52:00,369 - INFO - composites.py:105 -         Tile: x10_y11
2025-09-02 02:52:00,369 - INFO - composites.py:106 -         Time: 2024-06
2025-09-02 02:52:00,369 - INFO - composites.py:109 -                           
2025-09-02 02:52:00,369 - INFO - composites.py:110 - Establishing connection to datacube
2025-09-02 02:52:01,010 - INFO - composites.py:113 -                           
2025-09-02 02:52:01,012 - INFO - composites.py:114 - Sanity test: Check if dataset already exists in the datacube
2025-09-02 02:52:01,033 - INFO - composites.py:133 - The composite requested was not found and it will be computed
2025-09-02 02:52:01,033 - INFO - composites.py:136 -                                  
2025-09-02 02:52:01,033 - INFO - composites.py:137 - Initializing Dask cluster for parallelization
2025-09-02 02:52:06,016 - INFO - composites.py:161 - Dask dashboard is available at: http://127.0.0.1:8787/status
2025-09-02 02:52:06,017 - INFO - composites.py:164 - Create directories and naming conversions
2025-09-02 02:52:06,028 - INFO - composites.py:177 - Dataset location: //nas-rs.topo.auth.gr/Latomeia/DROUGHT/composites/x10/y11/2024/06/01
2025-09-02 02:52:06,028 - INFO - composites.py:180 -                           
2025-09-02 02:52:06,028 - INFO - composites.py:181 - Retrieve tile geometry
2025-09-02 02:52:06,058 - INFO - composites.py:192 - Create the Bounding Box (φ,λ)
2025-09-02 02:52:06,058 - INFO - composites.py:198 - Create the Bounding Box (x,y)
2025-09-02 02:52:06,058 - INFO - composites.py:211 -                           
2025-09-02 02:52:06,058 - INFO - composites.py:212 - Connect to Planetary Computer STAC Catalog
2025-09-02 02:52:06,351 - INFO - composites.py:220 - Search the STAC Catalog
2025-09-02 02:52:06,421 - INFO - composites.py:232 -         Query parameters:
2025-09-02 02:52:06,421 - INFO - composites.py:233 -             url:          https://planetarycomputer.microsoft.com/api/stac/v1/search
2025-09-02 02:52:06,421 - INFO - composites.py:234 -             client:       microsoft-pc
2025-09-02 02:52:06,421 - INFO - composites.py:235 -             collection:   sentinel-2-l2a
2025-09-02 02:52:06,421 - INFO - composites.py:236 -             bbox:         (22.551446150749733, 38.14853968883684, 23.225034627134395, 38.70012671670289)
2025-09-02 02:52:06,421 - INFO - composites.py:237 -             time range:   2024-06-01T00:00:00Z/2024-06-30T23:59:59Z
2025-09-02 02:52:06,421 - INFO - composites.py:238 -             cloud cover:  0% - 70%
2025-09-02 02:52:06,421 - INFO - composites.py:239 -             nodata cover: 0% - 33%
2025-09-02 02:52:06,421 - INFO - composites.py:241 -                           
2025-09-02 02:52:06,421 - INFO - composites.py:242 - Searching...
2025-09-02 02:52:06,796 - INFO - composites.py:245 - Query found 4 items
2025-09-02 02:52:06,796 - INFO - composites.py:247 - Searching for GRI REFINED scenes:
2025-09-02 02:52:12,686 - INFO - sentinel2.py:78 - 1/4 - S2B_MSIL2A_20240626T091559_R093_T34SFH_20240626T144409 -> REFINED
2025-09-02 02:52:18,787 - INFO - sentinel2.py:78 - 2/4 - S2A_MSIL2A_20240621T092031_R093_T34SFH_20240621T131555 -> REFINED
2025-09-02 02:52:24,346 - INFO - sentinel2.py:78 - 3/4 - S2B_MSIL2A_20240616T091559_R093_T34SFH_20240616T133612 -> REFINED
2025-09-02 02:52:29,843 - INFO - sentinel2.py:78 - 4/4 - S2A_MSIL2A_20240601T092031_R093_T34SFH_20240601T143913 -> REFINED
2025-09-02 02:52:29,883 - INFO - composites.py:250 -                                  
2025-09-02 02:52:29,883 - INFO - composites.py:251 - 4/4 were refined by GRI.
2025-09-02 02:52:29,883 - INFO - composites.py:263 - Looking for up to 10 cleanest images within spatiotemporal range of each MGRS tile
2025-09-02 02:52:29,884 - INFO - composites.py:277 - Filtered cleanest scenes: Kept 4 out of 4 items. 
2025-09-02 02:52:29,885 - INFO - composites.py:278 -         Included MGRS Tiles: ['34SFH']
2025-09-02 02:52:29,885 - INFO - composites.py:279 -         Included EPSG codes: [32634]
2025-09-02 02:52:29,885 - INFO - composites.py:281 - Selected scenes:
2025-09-02 02:52:29,886 - INFO - composites.py:283 -         S2A_MSIL2A_20240621T092031_R093_T34SFH_20240621T131555
2025-09-02 02:52:29,886 - INFO - composites.py:283 -         S2A_MSIL2A_20240601T092031_R093_T34SFH_20240601T143913
2025-09-02 02:52:29,886 - INFO - composites.py:283 -         S2B_MSIL2A_20240626T091559_R093_T34SFH_20240626T144409
2025-09-02 02:52:29,886 - INFO - composites.py:283 -         S2B_MSIL2A_20240616T091559_R093_T34SFH_20240616T133612
2025-09-02 02:52:30,244 - INFO - sentinel2.py:154 - Matplotlib backend: Agg
2025-09-02 02:52:30,374 - INFO - sentinel2.py:224 - Write input scenes footprint overlay: //nas-rs.topo.auth.gr/Latomeia/DROUGHT/composites/x10/y11/2024/06/01/S2L2A_medcomp_x10y11_202406_InDataFootprint.jpeg
2025-09-02 02:52:30,600 - INFO - composites.py:297 -                                  
2025-09-02 02:52:30,600 - INFO - composites.py:298 - Downstream STAC items from Planetary Computer
2025-09-02 02:52:30,600 - INFO - timeseries_processing.py:115 -                                  
2025-09-02 02:52:30,600 - INFO - timeseries_processing.py:116 - Loading bands of diferent resolutions in EPSG:32634
2025-09-02 02:52:30,600 - INFO - timeseries_processing.py:120 -     Filtering items with native UTM EPSG:32634
2025-09-02 02:52:30,600 - INFO - timeseries_processing.py:122 -     4 Items in EPSG:32634
2025-09-02 02:52:30,600 - INFO - timeseries_processing.py:129 -                        
2025-09-02 02:52:30,600 - INFO - timeseries_processing.py:130 -     Loading parameters:
2025-09-02 02:52:30,600 - INFO - timeseries_processing.py:131 -         Bands: ['B05', 'B07', 'B8A', 'SCL']
2025-09-02 02:52:30,601 - INFO - timeseries_processing.py:132 -         Spatial resolution: 20
2025-09-02 02:52:30,601 - INFO - timeseries_processing.py:134 -         Get Assets from STAC Items
2025-09-02 02:52:30,601 - INFO - timeseries_processing.py:47 -         Initialize the STAC client
2025-09-02 02:52:31,070 - INFO - timeseries_processing.py:137 -         Loading 4 STAC Items....
2025-09-02 02:53:02,534 - INFO - timeseries_processing.py:146 -         Cube has been downloaded
2025-09-02 02:53:02,534 - INFO - timeseries_processing.py:156 -         Fix order of dimensions
2025-09-02 02:53:02,535 - INFO - timeseries_processing.py:161 -         Append bands to the band-list of EPSG:32634
2025-09-02 02:53:02,535 - INFO - timeseries_processing.py:129 -                        
2025-09-02 02:53:02,535 - INFO - timeseries_processing.py:130 -     Loading parameters:
2025-09-02 02:53:02,535 - INFO - timeseries_processing.py:131 -         Bands: ['B02', 'B03', 'B04']
2025-09-02 02:53:02,535 - INFO - timeseries_processing.py:132 -         Spatial resolution: 10
2025-09-02 02:53:02,536 - INFO - timeseries_processing.py:134 -         Get Assets from STAC Items
2025-09-02 02:53:02,536 - INFO - timeseries_processing.py:47 -         Initialize the STAC client
2025-09-02 02:53:02,990 - INFO - timeseries_processing.py:137 -         Loading 4 STAC Items....
2025-09-02 02:54:14,386 - INFO - timeseries_processing.py:146 -         Cube has been downloaded
2025-09-02 02:54:14,386 - INFO - timeseries_processing.py:149 -         Reproject to downsample 10m bands to 20m by Resampling.average 2x2 binning and shape matching with odc.geo.GeoBox
2025-09-02 02:54:20,737 - INFO - timeseries_processing.py:161 -         Append bands to the band-list of EPSG:32634
2025-09-02 02:54:20,737 - INFO - timeseries_processing.py:165 -                        
2025-09-02 02:54:20,737 - INFO - timeseries_processing.py:166 -     Merging bands in a single dataset
2025-09-02 02:54:20,737 - INFO - timeseries_processing.py:167 -     Ensure all partial datasets are at (x=20, y=-20) resolution
2025-09-02 02:54:20,737 - INFO - timeseries_processing.py:171 -     Clip to the intersection of indexes
2025-09-02 02:54:21,921 - INFO - timeseries_processing.py:180 -     Make a list of bands to merge
2025-09-02 02:54:21,933 - INFO - timeseries_processing.py:184 -     Merge on intersection
2025-09-02 02:54:21,934 - INFO - timeseries_processing.py:192 -     Apply masks on clouds, shadows, thin cirrus, and snow/ice
2025-09-02 02:54:21,934 - INFO - sentinel2.py:122 -                Masking bits: [3, 7, 8, 9, 10, 11]
2025-09-02 02:54:22,430 - INFO - composites.py:307 - Reproject from UTM Zone to Tile geometry -> CRS(EPSG:32634), Resampling.bilinear
2025-09-02 02:54:25,160 - INFO - composites.py:310 -     New shape of datasets: Shape2d(x=2400, y=2400)
2025-09-02 02:54:25,687 - INFO - composites.py:329 - Scale SR to Sen2Cor Baseline 4.00 - Subtract 1000 in dates post 2022-01-25
2025-09-02 02:54:26,274 - INFO - composites.py:342 - Creating preview plot of input scenes
2025-09-02 02:54:47,305 - INFO - timeseries_processing.py:349 - Saved preview for 'B04' to //nas-rs.topo.auth.gr/Latomeia/DROUGHT/composites/x10/y11/2024/06/01/S2L2A_medcomp_x10y11_202406_InDataPreview.jpeg
2025-09-02 02:54:47,307 - INFO - composites.py:348 - Clip value range
2025-09-02 02:54:48,082 - INFO - composites.py:353 -                           
2025-09-02 02:54:48,082 - INFO - composites.py:354 - Computing spectral indices:
2025-09-02 02:54:48,082 - INFO - composites.py:357 -     EVI...
2025-09-02 02:54:48,636 - INFO - composites.py:359 -     NDVI...
2025-09-02 02:54:48,783 - INFO - composites.py:361 -     PSRI2...
2025-09-02 02:54:48,898 - INFO - composites.py:364 - Clip to typical value range
2025-09-02 02:54:49,064 - INFO - composites.py:371 - Reducing to median value temporal composite
2025-09-02 02:55:11,906 - INFO - composites.py:390 - Scale and Define data types & nodata per band
2025-09-02 02:55:12,044 - INFO - composites.py:411 - Assign time range and tile ID in metadata
2025-09-02 02:55:12,044 - INFO - composites.py:419 - Write bands to raster COG files
2025-09-02 02:55:16,278 - INFO - composites.py:432 - Write B02 -> //nas-rs.topo.auth.gr/Latomeia/DROUGHT/composites/x10/y11/2024/06/01/S2L2A_medcomp_x10y11_202406_B02.tif
2025-09-02 02:55:20,156 - INFO - composites.py:432 - Write B03 -> //nas-rs.topo.auth.gr/Latomeia/DROUGHT/composites/x10/y11/2024/06/01/S2L2A_medcomp_x10y11_202406_B03.tif
2025-09-02 02:55:24,081 - INFO - composites.py:432 - Write B04 -> //nas-rs.topo.auth.gr/Latomeia/DROUGHT/composites/x10/y11/2024/06/01/S2L2A_medcomp_x10y11_202406_B04.tif
2025-09-02 02:55:27,941 - INFO - composites.py:432 - Write B05 -> //nas-rs.topo.auth.gr/Latomeia/DROUGHT/composites/x10/y11/2024/06/01/S2L2A_medcomp_x10y11_202406_B05.tif
2025-09-02 02:55:31,824 - INFO - composites.py:432 - Write B07 -> //nas-rs.topo.auth.gr/Latomeia/DROUGHT/composites/x10/y11/2024/06/01/S2L2A_medcomp_x10y11_202406_B07.tif
2025-09-02 02:55:35,733 - INFO - composites.py:432 - Write B8A -> //nas-rs.topo.auth.gr/Latomeia/DROUGHT/composites/x10/y11/2024/06/01/S2L2A_medcomp_x10y11_202406_B8A.tif
2025-09-02 02:55:39,572 - INFO - composites.py:432 - Write EVI -> //nas-rs.topo.auth.gr/Latomeia/DROUGHT/composites/x10/y11/2024/06/01/S2L2A_medcomp_x10y11_202406_EVI.tif
2025-09-02 02:55:43,432 - INFO - composites.py:432 - Write NDVI -> //nas-rs.topo.auth.gr/Latomeia/DROUGHT/composites/x10/y11/2024/06/01/S2L2A_medcomp_x10y11_202406_NDVI.tif
2025-09-02 02:55:47,766 - INFO - composites.py:432 - Write PSRI2 -> //nas-rs.topo.auth.gr/Latomeia/DROUGHT/composites/x10/y11/2024/06/01/S2L2A_medcomp_x10y11_202406_PSRI2.tif
2025-09-02 02:55:47,777 - INFO - composites.py:436 - Prepare metadata YAML document
2025-09-02 02:55:48,318 - INFO - composites.py:458 - Write metadata YAML document to disk
2025-09-02 02:55:48,343 - INFO - composites.py:463 - Create datacube.model.Dataset from eo3 metadata
2025-09-02 02:55:48,355 - INFO - composites.py:476 - Index to datacube
2025-09-02 02:55:48,355 - INFO - _datasets.py:191 - Indexing 79c2147a-c6c4-4a2a-be29-164a3f2e0c63
2025-09-02 02:55:48,366 - INFO - composites.py:479 - 
2025-09-02 02:55:48,366 - INFO - composites.py:480 -              ✔✔✔ COMPLETED: Tile x10_y11 | Time: 2024-06 | In 3.8 minutes
2025-09-02 02:55:48,366 - INFO - composites.py:481 - 
2025-09-02 02:55:48,366 - INFO - composites.py:489 - Closing Dask client
2025-09-02 02:55:48,368 - INFO - composites.py:493 - Closing Dask cluster
2025-09-02 02:55:48,368 - INFO - composites.py:494 - #######################################################################
