2025-10-17 17:27:23,197 - INFO - composites.py:102 - #######################################################################
2025-10-17 17:27:23,197 - INFO - composites.py:104 - Processing started
2025-10-17 17:27:23,197 - INFO - composites.py:105 -         Tile: x10_y09
2025-10-17 17:27:23,197 - INFO - composites.py:106 -         Time: 2025-09
2025-10-17 17:27:23,197 - INFO - composites.py:109 -                           
2025-10-17 17:27:23,197 - INFO - composites.py:110 - Establishing connection to datacube
2025-10-17 17:27:23,711 - INFO - composites.py:113 -                           
2025-10-17 17:27:23,711 - INFO - composites.py:114 - Sanity test: Check if dataset already exists in the datacube
2025-10-17 17:27:23,733 - INFO - composites.py:133 - The composite requested was not found and it will be computed
2025-10-17 17:27:23,733 - INFO - composites.py:136 -                                  
2025-10-17 17:27:23,733 - INFO - composites.py:137 - Initializing Dask cluster for parallelization
2025-10-17 17:27:28,609 - INFO - composites.py:161 - Dask dashboard is available at: http://127.0.0.1:8787/status
2025-10-17 17:27:28,609 - INFO - composites.py:164 - Create directories and naming conversions
2025-10-17 17:27:28,619 - INFO - composites.py:177 - Dataset location: //nas-rs.topo.auth.gr/Latomeia/DROUGHT/composites/x10/y09/2025/09/01
2025-10-17 17:27:28,619 - INFO - composites.py:180 -                           
2025-10-17 17:27:28,619 - INFO - composites.py:181 - Retrieve tile geometry
2025-10-17 17:27:28,650 - INFO - composites.py:192 - Create the Bounding Box (φ,λ)
2025-10-17 17:27:28,650 - INFO - composites.py:198 - Create the Bounding Box (x,y)
2025-10-17 17:27:28,653 - INFO - composites.py:211 -                           
2025-10-17 17:27:28,653 - INFO - composites.py:212 - Connect to Planetary Computer STAC Catalog
2025-10-17 17:27:28,990 - INFO - composites.py:220 - Search the STAC Catalog
2025-10-17 17:27:29,063 - INFO - composites.py:232 -         Query parameters:
2025-10-17 17:27:29,067 - INFO - composites.py:233 -             url:          https://planetarycomputer.microsoft.com/api/stac/v1/search
2025-10-17 17:27:29,067 - INFO - composites.py:234 -             client:       microsoft-pc
2025-10-17 17:27:29,067 - INFO - composites.py:235 -             collection:   sentinel-2-l2a
2025-10-17 17:27:29,067 - INFO - composites.py:236 -             bbox:         (22.393231098837152, 37.29127558081356, 23.05741948027706, 37.8424745721664)
2025-10-17 17:27:29,067 - INFO - composites.py:237 -             time range:   2025-09-01T00:00:00Z/2025-09-30T23:59:59Z
2025-10-17 17:27:29,067 - INFO - composites.py:238 -             cloud cover:  0% - 70%
2025-10-17 17:27:29,067 - INFO - composites.py:239 -             nodata cover: 0% - 33%
2025-10-17 17:27:29,067 - INFO - composites.py:241 -                           
2025-10-17 17:27:29,067 - INFO - composites.py:242 - Searching...
2025-10-17 17:27:29,510 - INFO - composites.py:245 - Query found 26 items
2025-10-17 17:27:29,512 - INFO - composites.py:247 - Searching for GRI REFINED scenes:
2025-10-17 17:27:35,682 - INFO - sentinel2.py:78 - 1/26 - S2B_MSIL2A_20250929T092029_R093_T34SFG_20250929T120714 -> REFINED
2025-10-17 17:27:41,214 - INFO - sentinel2.py:78 - 2/26 - S2A_MSIL2A_20250926T092231_R093_T34SFH_20250926T111616 -> REFINED
2025-10-17 17:27:46,292 - INFO - sentinel2.py:78 - 3/26 - S2A_MSIL2A_20250926T092231_R093_T34SFG_20250926T111616 -> REFINED
2025-10-17 17:27:52,445 - INFO - sentinel2.py:78 - 4/26 - S2B_MSIL2A_20250926T090629_R050_T34SFG_20250926T101045 -> REFINED
2025-10-17 17:27:58,126 - INFO - sentinel2.py:78 - 5/26 - S2C_MSIL2A_20250924T092041_R093_T34SFH_20250924T123514 -> REFINED
2025-10-17 17:28:04,150 - INFO - sentinel2.py:78 - 6/26 - S2C_MSIL2A_20250924T092041_R093_T34SFG_20250924T123514 -> REFINED
2025-10-17 17:28:10,222 - INFO - sentinel2.py:78 - 7/26 - S2A_MSIL2A_20250923T091041_R050_T34SFG_20250923T125415 -> REFINED
2025-10-17 17:28:16,179 - INFO - sentinel2.py:78 - 8/26 - S2C_MSIL2A_20250921T090711_R050_T34SFG_20250921T122316 -> REFINED
2025-10-17 17:28:21,320 - INFO - sentinel2.py:78 - 9/26 - S2B_MSIL2A_20250919T092029_R093_T34SFH_20250919T114737 -> REFINED
2025-10-17 17:28:26,779 - INFO - sentinel2.py:78 - 10/26 - S2B_MSIL2A_20250919T092029_R093_T34SFG_20250919T114737 -> REFINED
2025-10-17 17:28:31,905 - INFO - sentinel2.py:78 - 11/26 - S2A_MSIL2A_20250916T092041_R093_T34SFH_20250916T124414 -> REFINED
2025-10-17 17:28:38,684 - INFO - sentinel2.py:78 - 12/26 - S2A_MSIL2A_20250916T092041_R093_T34SFG_20250916T124414 -> REFINED
2025-10-17 17:28:44,907 - INFO - sentinel2.py:78 - 13/26 - S2B_MSIL2A_20250916T090549_R050_T34SFG_20250916T120416 -> REFINED
2025-10-17 17:28:50,255 - INFO - sentinel2.py:78 - 14/26 - S2C_MSIL2A_20250914T092041_R093_T34SFH_20250914T145017 -> REFINED
2025-10-17 17:28:55,714 - INFO - sentinel2.py:78 - 15/26 - S2C_MSIL2A_20250914T092041_R093_T34SFG_20250914T145017 -> REFINED
2025-10-17 17:29:02,354 - INFO - sentinel2.py:78 - 16/26 - S2A_MSIL2A_20250913T091321_R050_T34SFG_20250913T110013 -> REFINED
2025-10-17 17:29:09,033 - INFO - sentinel2.py:78 - 17/26 - S2C_MSIL2A_20250911T090611_R050_T34SFG_20250911T132018 -> REFINED
2025-10-17 17:29:14,395 - INFO - sentinel2.py:78 - 18/26 - S2B_MSIL2A_20250909T092029_R093_T34SFH_20250909T121154 -> REFINED
2025-10-17 17:29:20,060 - INFO - sentinel2.py:78 - 19/26 - S2B_MSIL2A_20250909T092029_R093_T34SFG_20250909T121154 -> REFINED
2025-10-17 17:29:26,034 - INFO - sentinel2.py:78 - 20/26 - S2A_MSIL2A_20250906T092231_R093_T34SFH_20250906T130312 -> REFINED
2025-10-17 17:29:31,490 - INFO - sentinel2.py:78 - 21/26 - S2A_MSIL2A_20250906T092231_R093_T34SFG_20250906T130312 -> REFINED
2025-10-17 17:29:36,562 - INFO - sentinel2.py:78 - 22/26 - S2B_MSIL2A_20250906T090549_R050_T34SFG_20250906T113932 -> REFINED
2025-10-17 17:29:42,944 - INFO - sentinel2.py:78 - 23/26 - S2C_MSIL2A_20250904T092051_R093_T34SFH_20250904T131114 -> REFINED
2025-10-17 17:29:48,702 - INFO - sentinel2.py:78 - 24/26 - S2C_MSIL2A_20250904T092051_R093_T34SFG_20250904T131114 -> REFINED
2025-10-17 17:29:55,166 - INFO - sentinel2.py:78 - 25/26 - S2A_MSIL2A_20250903T091041_R050_T34SFG_20250903T134304 -> REFINED
2025-10-17 17:30:01,634 - INFO - sentinel2.py:78 - 26/26 - S2C_MSIL2A_20250901T090611_R050_T34SFG_20250901T130718 -> REFINED
2025-10-17 17:30:01,673 - INFO - composites.py:250 -                                  
2025-10-17 17:30:01,673 - INFO - composites.py:251 - 26/26 were refined by GRI.
2025-10-17 17:30:01,673 - INFO - composites.py:263 - Looking for up to 10 cleanest images within spatiotemporal range of each MGRS tile
2025-10-17 17:30:01,673 - INFO - composites.py:277 - Filtered cleanest scenes: Kept 18 out of 26 items. 
2025-10-17 17:30:01,673 - INFO - composites.py:278 -         Included MGRS Tiles: ['34SFG' '34SFH']
2025-10-17 17:30:01,674 - INFO - composites.py:279 -         Included EPSG codes: [32634]
2025-10-17 17:30:01,674 - INFO - composites.py:281 - Selected scenes:
2025-10-17 17:30:01,674 - INFO - composites.py:283 -         S2A_MSIL2A_20250903T091041_R050_T34SFG_20250903T134304
2025-10-17 17:30:01,674 - INFO - composites.py:283 -         S2C_MSIL2A_20250901T090611_R050_T34SFG_20250901T130718
2025-10-17 17:30:01,683 - INFO - composites.py:283 -         S2C_MSIL2A_20250921T090711_R050_T34SFG_20250921T122316
2025-10-17 17:30:01,699 - INFO - composites.py:283 -         S2C_MSIL2A_20250911T090611_R050_T34SFG_20250911T132018
2025-10-17 17:30:01,703 - INFO - composites.py:283 -         S2C_MSIL2A_20250924T092041_R093_T34SFG_20250924T123514
2025-10-17 17:30:01,709 - INFO - composites.py:283 -         S2B_MSIL2A_20250916T090549_R050_T34SFG_20250916T120416
2025-10-17 17:30:01,709 - INFO - composites.py:283 -         S2A_MSIL2A_20250916T092041_R093_T34SFG_20250916T124414
2025-10-17 17:30:01,709 - INFO - composites.py:283 -         S2A_MSIL2A_20250923T091041_R050_T34SFG_20250923T125415
2025-10-17 17:30:01,709 - INFO - composites.py:283 -         S2B_MSIL2A_20250909T092029_R093_T34SFG_20250909T121154
2025-10-17 17:30:01,709 - INFO - composites.py:283 -         S2A_MSIL2A_20250913T091321_R050_T34SFG_20250913T110013
2025-10-17 17:30:01,709 - INFO - composites.py:283 -         S2C_MSIL2A_20250924T092041_R093_T34SFH_20250924T123514
2025-10-17 17:30:01,709 - INFO - composites.py:283 -         S2A_MSIL2A_20250916T092041_R093_T34SFH_20250916T124414
2025-10-17 17:30:01,709 - INFO - composites.py:283 -         S2A_MSIL2A_20250906T092231_R093_T34SFH_20250906T130312
2025-10-17 17:30:01,709 - INFO - composites.py:283 -         S2C_MSIL2A_20250904T092051_R093_T34SFH_20250904T131114
2025-10-17 17:30:01,709 - INFO - composites.py:283 -         S2B_MSIL2A_20250909T092029_R093_T34SFH_20250909T121154
2025-10-17 17:30:01,709 - INFO - composites.py:283 -         S2C_MSIL2A_20250914T092041_R093_T34SFH_20250914T145017
2025-10-17 17:30:01,709 - INFO - composites.py:283 -         S2B_MSIL2A_20250919T092029_R093_T34SFH_20250919T114737
2025-10-17 17:30:01,709 - INFO - composites.py:283 -         S2A_MSIL2A_20250926T092231_R093_T34SFH_20250926T111616
2025-10-17 17:30:02,089 - INFO - sentinel2.py:154 - Matplotlib backend: Agg
2025-10-17 17:30:02,452 - INFO - sentinel2.py:224 - Write input scenes footprint overlay: //nas-rs.topo.auth.gr/Latomeia/DROUGHT/composites/x10/y09/2025/09/01/S2L2A_medcomp_x10y09_202509_InDataFootprint.jpeg
2025-10-17 17:30:02,797 - INFO - composites.py:297 -                                  
2025-10-17 17:30:02,797 - INFO - composites.py:298 - Downstream STAC items from Planetary Computer
2025-10-17 17:30:02,797 - INFO - timeseries_processing.py:115 -                                  
2025-10-17 17:30:02,797 - INFO - timeseries_processing.py:116 - Loading bands of diferent resolutions in EPSG:32634
2025-10-17 17:30:02,797 - INFO - timeseries_processing.py:120 -     Filtering items with native UTM EPSG:32634
2025-10-17 17:30:02,797 - INFO - timeseries_processing.py:122 -     18 Items in EPSG:32634
2025-10-17 17:30:02,797 - INFO - timeseries_processing.py:129 -                        
2025-10-17 17:30:02,797 - INFO - timeseries_processing.py:130 -     Loading parameters:
2025-10-17 17:30:02,797 - INFO - timeseries_processing.py:131 -         Bands: ['B05', 'B07', 'B8A', 'SCL']
2025-10-17 17:30:02,797 - INFO - timeseries_processing.py:132 -         Spatial resolution: 20
2025-10-17 17:30:02,797 - INFO - timeseries_processing.py:134 -         Get Assets from STAC Items
2025-10-17 17:30:02,797 - INFO - timeseries_processing.py:47 -         Initialize the STAC client
2025-10-17 17:30:06,428 - INFO - timeseries_processing.py:137 -         Loading 18 STAC Items....
2025-10-17 17:31:44,123 - INFO - timeseries_processing.py:146 -         Cube has been downloaded
2025-10-17 17:31:44,124 - INFO - timeseries_processing.py:156 -         Fix order of dimensions
2025-10-17 17:31:44,125 - INFO - timeseries_processing.py:161 -         Append bands to the band-list of EPSG:32634
2025-10-17 17:31:44,125 - INFO - timeseries_processing.py:129 -                        
2025-10-17 17:31:44,126 - INFO - timeseries_processing.py:130 -     Loading parameters:
2025-10-17 17:31:44,126 - INFO - timeseries_processing.py:131 -         Bands: ['B02', 'B03', 'B04']
2025-10-17 17:31:44,126 - INFO - timeseries_processing.py:132 -         Spatial resolution: 10
2025-10-17 17:31:44,126 - INFO - timeseries_processing.py:134 -         Get Assets from STAC Items
2025-10-17 17:31:44,126 - INFO - timeseries_processing.py:47 -         Initialize the STAC client
2025-10-17 17:31:44,738 - INFO - timeseries_processing.py:137 -         Loading 18 STAC Items....
2025-10-17 17:36:00,098 - INFO - timeseries_processing.py:146 -         Cube has been downloaded
2025-10-17 17:36:00,098 - INFO - timeseries_processing.py:149 -         Reproject to downsample 10m bands to 20m by Resampling.average 2x2 binning and shape matching with odc.geo.GeoBox
2025-10-17 17:36:20,243 - INFO - timeseries_processing.py:161 -         Append bands to the band-list of EPSG:32634
2025-10-17 17:36:20,243 - INFO - timeseries_processing.py:165 -                        
2025-10-17 17:36:20,243 - INFO - timeseries_processing.py:166 -     Merging bands in a single dataset
2025-10-17 17:36:20,244 - INFO - timeseries_processing.py:167 -     Ensure all partial datasets are at (x=20, y=-20) resolution
2025-10-17 17:36:20,244 - INFO - timeseries_processing.py:171 -     Clip to the intersection of indexes
2025-10-17 17:36:21,801 - INFO - timeseries_processing.py:180 -     Make a list of bands to merge
2025-10-17 17:36:21,801 - INFO - timeseries_processing.py:184 -     Merge on intersection
2025-10-17 17:36:21,803 - INFO - timeseries_processing.py:192 -     Apply masks on clouds, shadows, thin cirrus, and snow/ice
2025-10-17 17:36:21,803 - INFO - sentinel2.py:122 -                Masking bits: [3, 7, 8, 9, 10, 11]
2025-10-17 17:36:23,835 - INFO - composites.py:307 - Reproject from UTM Zone to Tile geometry -> CRS(EPSG:32634), Resampling.bilinear
2025-10-17 17:36:33,733 - INFO - composites.py:310 -     New shape of datasets: Shape2d(x=2400, y=2400)
2025-10-17 17:36:34,594 - INFO - composites.py:329 - Scale SR to Sen2Cor Baseline 4.00 - Subtract 1000 in dates post 2022-01-25
2025-10-17 17:36:36,915 - INFO - composites.py:342 - Creating preview plot of input scenes
2025-10-17 17:37:18,561 - INFO - timeseries_processing.py:349 - Saved preview for 'B04' to //nas-rs.topo.auth.gr/Latomeia/DROUGHT/composites/x10/y09/2025/09/01/S2L2A_medcomp_x10y09_202509_InDataPreview.jpeg
2025-10-17 17:37:18,571 - INFO - composites.py:348 - Clip value range
2025-10-17 17:37:21,498 - INFO - composites.py:353 -                           
2025-10-17 17:37:21,498 - INFO - composites.py:354 - Computing spectral indices:
2025-10-17 17:37:21,498 - INFO - composites.py:357 -     EVI...
2025-10-17 17:37:23,564 - INFO - composites.py:359 -     NDVI...
2025-10-17 17:37:24,136 - INFO - composites.py:361 -     PSRI2...
2025-10-17 17:37:24,681 - INFO - composites.py:364 - Clip to typical value range
2025-10-17 17:37:25,173 - INFO - composites.py:371 - Reducing to median value temporal composite
2025-10-17 17:37:53,544 - INFO - composites.py:390 - Scale and Define data types & nodata per band
2025-10-17 17:37:53,691 - INFO - composites.py:411 - Assign time range and tile ID in metadata
2025-10-17 17:37:53,691 - INFO - composites.py:419 - Write bands to raster COG files
2025-10-17 17:37:57,624 - INFO - composites.py:432 - Write B02 -> //nas-rs.topo.auth.gr/Latomeia/DROUGHT/composites/x10/y09/2025/09/01/S2L2A_medcomp_x10y09_202509_B02.tif
2025-10-17 17:38:01,329 - INFO - composites.py:432 - Write B03 -> //nas-rs.topo.auth.gr/Latomeia/DROUGHT/composites/x10/y09/2025/09/01/S2L2A_medcomp_x10y09_202509_B03.tif
2025-10-17 17:38:05,017 - INFO - composites.py:432 - Write B04 -> //nas-rs.topo.auth.gr/Latomeia/DROUGHT/composites/x10/y09/2025/09/01/S2L2A_medcomp_x10y09_202509_B04.tif
2025-10-17 17:38:08,695 - INFO - composites.py:432 - Write B05 -> //nas-rs.topo.auth.gr/Latomeia/DROUGHT/composites/x10/y09/2025/09/01/S2L2A_medcomp_x10y09_202509_B05.tif
2025-10-17 17:38:12,354 - INFO - composites.py:432 - Write B07 -> //nas-rs.topo.auth.gr/Latomeia/DROUGHT/composites/x10/y09/2025/09/01/S2L2A_medcomp_x10y09_202509_B07.tif
2025-10-17 17:38:16,023 - INFO - composites.py:432 - Write B8A -> //nas-rs.topo.auth.gr/Latomeia/DROUGHT/composites/x10/y09/2025/09/01/S2L2A_medcomp_x10y09_202509_B8A.tif
2025-10-17 17:38:19,651 - INFO - composites.py:432 - Write EVI -> //nas-rs.topo.auth.gr/Latomeia/DROUGHT/composites/x10/y09/2025/09/01/S2L2A_medcomp_x10y09_202509_EVI.tif
2025-10-17 17:38:23,357 - INFO - composites.py:432 - Write NDVI -> //nas-rs.topo.auth.gr/Latomeia/DROUGHT/composites/x10/y09/2025/09/01/S2L2A_medcomp_x10y09_202509_NDVI.tif
2025-10-17 17:38:27,134 - INFO - composites.py:432 - Write PSRI2 -> //nas-rs.topo.auth.gr/Latomeia/DROUGHT/composites/x10/y09/2025/09/01/S2L2A_medcomp_x10y09_202509_PSRI2.tif
2025-10-17 17:38:27,143 - INFO - composites.py:436 - Prepare metadata YAML document
2025-10-17 17:38:27,697 - INFO - composites.py:458 - Write metadata YAML document to disk
2025-10-17 17:38:27,771 - INFO - composites.py:463 - Create datacube.model.Dataset from eo3 metadata
2025-10-17 17:38:27,783 - INFO - composites.py:476 - Index to datacube
2025-10-17 17:38:27,783 - INFO - _datasets.py:191 - Indexing 3d5b7798-2a33-4a15-8ee2-ad3988da1a3a
2025-10-17 17:38:27,793 - INFO - composites.py:479 - 
2025-10-17 17:38:27,793 - INFO - composites.py:480 -              ✔✔✔ COMPLETED: Tile x10_y09 | Time: 2025-09 | In 11.08 minutes
2025-10-17 17:38:27,793 - INFO - composites.py:481 - 
2025-10-17 17:38:27,793 - INFO - composites.py:489 - Closing Dask client
2025-10-17 17:38:27,795 - INFO - composites.py:493 - Closing Dask cluster
2025-10-17 17:38:27,795 - INFO - composites.py:494 - #######################################################################
