2025-09-01 03:30:50,567 - INFO - composites.py:102 - #######################################################################
2025-09-01 03:30:50,567 - INFO - composites.py:104 - Processing started
2025-09-01 03:30:50,567 - INFO - composites.py:105 -         Tile: x09_y11
2025-09-01 03:30:50,567 - INFO - composites.py:106 -         Time: 2023-10
2025-09-01 03:30:50,567 - INFO - composites.py:109 -                           
2025-09-01 03:30:50,567 - INFO - composites.py:110 - Establishing connection to datacube
2025-09-01 03:30:51,082 - INFO - composites.py:113 -                           
2025-09-01 03:30:51,083 - INFO - composites.py:114 - Sanity test: Check if dataset already exists in the datacube
2025-09-01 03:30:51,102 - INFO - composites.py:133 - The composite requested was not found and it will be computed
2025-09-01 03:30:51,102 - INFO - composites.py:136 -                                  
2025-09-01 03:30:51,102 - INFO - composites.py:137 - Initializing Dask cluster for parallelization
2025-09-01 03:30:56,022 - INFO - composites.py:161 - Dask dashboard is available at: http://127.0.0.1:8787/status
2025-09-01 03:30:56,024 - INFO - composites.py:164 - Create directories and naming conversions
2025-09-01 03:30:56,034 - INFO - composites.py:177 - Dataset location: //nas-rs.topo.auth.gr/Latomeia/DROUGHT/composites/x09/y11/2023/10/01
2025-09-01 03:30:56,034 - INFO - composites.py:180 -                           
2025-09-01 03:30:56,034 - INFO - composites.py:181 - Retrieve tile geometry
2025-09-01 03:30:56,062 - INFO - composites.py:192 - Create the Bounding Box (φ,λ)
2025-09-01 03:30:56,062 - INFO - composites.py:198 - Create the Bounding Box (x,y)
2025-09-01 03:30:56,062 - INFO - composites.py:211 -                           
2025-09-01 03:30:56,062 - INFO - composites.py:212 - Connect to Planetary Computer STAC Catalog
2025-09-01 03:30:56,304 - INFO - composites.py:220 - Search the STAC Catalog
2025-09-01 03:30:56,372 - INFO - composites.py:232 -         Query parameters:
2025-09-01 03:30:56,372 - INFO - composites.py:233 -             url:          https://planetarycomputer.microsoft.com/api/stac/v1/search
2025-09-01 03:30:56,372 - INFO - composites.py:234 -             client:       microsoft-pc
2025-09-01 03:30:56,372 - INFO - composites.py:235 -             collection:   sentinel-2-l2a
2025-09-01 03:30:56,372 - INFO - composites.py:236 -             bbox:         (22.011426495899283, 38.22146676750315, 22.68270270334575, 38.770538011403985)
2025-09-01 03:30:56,372 - INFO - composites.py:237 -             time range:   2023-10-01T00:00:00Z/2023-10-31T23:59:59Z
2025-09-01 03:30:56,372 - INFO - composites.py:238 -             cloud cover:  0% - 70%
2025-09-01 03:30:56,372 - INFO - composites.py:239 -             nodata cover: 0% - 33%
2025-09-01 03:30:56,372 - INFO - composites.py:241 -                           
2025-09-01 03:30:56,372 - INFO - composites.py:242 - Searching...
2025-09-01 03:30:57,135 - INFO - composites.py:245 - Query found 34 items
2025-09-01 03:30:57,135 - INFO - composites.py:247 - Searching for GRI REFINED scenes:
2025-09-01 03:31:02,329 - INFO - sentinel2.py:78 - 1/34 - S2B_MSIL2A_20231030T092029_R093_T34SFJ_20241103T014235 -> NOT_REFINED
2025-09-01 03:31:06,705 - INFO - sentinel2.py:78 - 2/34 - S2B_MSIL2A_20231030T092029_R093_T34SFJ_20231030T200733 -> NOT_REFINED
2025-09-01 03:31:11,429 - INFO - sentinel2.py:78 - 3/34 - S2B_MSIL2A_20231030T092029_R093_T34SFH_20241103T014235 -> NOT_REFINED
2025-09-01 03:31:15,910 - INFO - sentinel2.py:78 - 4/34 - S2B_MSIL2A_20231030T092029_R093_T34SFH_20231030T200951 -> NOT_REFINED
2025-09-01 03:31:20,341 - INFO - sentinel2.py:78 - 5/34 - S2B_MSIL2A_20231030T092029_R093_T34SEJ_20241103T014235 -> NOT_REFINED
2025-09-01 03:31:24,281 - INFO - sentinel2.py:78 - 6/34 - S2B_MSIL2A_20231030T092029_R093_T34SEJ_20231030T201110 -> NOT_REFINED
2025-09-01 03:31:28,631 - INFO - sentinel2.py:78 - 7/34 - S2B_MSIL2A_20231030T092029_R093_T34SEH_20241103T014235 -> NOT_REFINED
2025-09-01 03:31:31,916 - INFO - sentinel2.py:78 - 8/34 - S2B_MSIL2A_20231030T092029_R093_T34SEH_20231030T201002 -> NOT_REFINED
2025-09-01 03:31:35,665 - INFO - sentinel2.py:78 - 9/34 - S2B_MSIL2A_20231020T091919_R093_T34SFJ_20241102T122657 -> NOT_REFINED
2025-09-01 03:31:39,047 - INFO - sentinel2.py:78 - 10/34 - S2B_MSIL2A_20231020T091919_R093_T34SFJ_20231020T214942 -> NOT_REFINED
2025-09-01 03:31:42,935 - INFO - sentinel2.py:78 - 11/34 - S2B_MSIL2A_20231020T091919_R093_T34SFH_20241102T122657 -> NOT_REFINED
2025-09-01 03:31:46,183 - INFO - sentinel2.py:78 - 12/34 - S2B_MSIL2A_20231020T091919_R093_T34SFH_20231020T214813 -> NOT_REFINED
2025-09-01 03:31:49,465 - INFO - sentinel2.py:78 - 13/34 - S2B_MSIL2A_20231020T091919_R093_T34SEJ_20241102T122657 -> NOT_REFINED
2025-09-01 03:31:53,439 - INFO - sentinel2.py:78 - 14/34 - S2B_MSIL2A_20231020T091919_R093_T34SEJ_20231020T215531 -> NOT_REFINED
2025-09-01 03:31:57,105 - INFO - sentinel2.py:78 - 15/34 - S2B_MSIL2A_20231020T091919_R093_T34SEH_20241102T122657 -> NOT_REFINED
2025-09-01 03:32:01,293 - INFO - sentinel2.py:78 - 16/34 - S2B_MSIL2A_20231020T091919_R093_T34SEH_20231020T215717 -> NOT_REFINED
2025-09-01 03:32:05,316 - INFO - sentinel2.py:78 - 17/34 - S2A_MSIL2A_20231015T092031_R093_T34SFJ_20241103T140930 -> NOT_REFINED
2025-09-01 03:32:09,589 - INFO - sentinel2.py:78 - 18/34 - S2A_MSIL2A_20231015T092031_R093_T34SFJ_20231015T161558 -> NOT_REFINED
2025-09-01 03:32:12,903 - INFO - sentinel2.py:78 - 19/34 - S2A_MSIL2A_20231015T092031_R093_T34SFH_20241103T140930 -> NOT_REFINED
2025-09-01 03:32:16,890 - INFO - sentinel2.py:78 - 20/34 - S2A_MSIL2A_20231015T092031_R093_T34SFH_20231015T151322 -> NOT_REFINED
2025-09-01 03:32:20,988 - INFO - sentinel2.py:78 - 21/34 - S2A_MSIL2A_20231015T092031_R093_T34SEJ_20241103T140930 -> NOT_REFINED
2025-09-01 03:32:25,498 - INFO - sentinel2.py:78 - 22/34 - S2A_MSIL2A_20231015T092031_R093_T34SEJ_20231015T151317 -> NOT_REFINED
2025-09-01 03:32:29,146 - INFO - sentinel2.py:78 - 23/34 - S2A_MSIL2A_20231015T092031_R093_T34SEH_20241103T140930 -> NOT_REFINED
2025-09-01 03:32:33,534 - INFO - sentinel2.py:78 - 24/34 - S2A_MSIL2A_20231015T092031_R093_T34SEH_20231015T151453 -> NOT_REFINED
2025-09-01 03:32:37,121 - INFO - sentinel2.py:78 - 25/34 - S2B_MSIL2A_20231010T091819_R093_T34SFJ_20231010T151906 -> NOT_REFINED
2025-09-01 03:32:40,403 - INFO - sentinel2.py:78 - 26/34 - S2B_MSIL2A_20231010T091819_R093_T34SFH_20231010T151211 -> NOT_REFINED
2025-09-01 03:32:44,526 - INFO - sentinel2.py:78 - 27/34 - S2B_MSIL2A_20231010T091819_R093_T34SEJ_20241102T071234 -> NOT_REFINED
2025-09-01 03:32:48,006 - INFO - sentinel2.py:78 - 28/34 - S2B_MSIL2A_20231010T091819_R093_T34SEJ_20231010T151214 -> NOT_REFINED
2025-09-01 03:32:52,418 - INFO - sentinel2.py:78 - 29/34 - S2B_MSIL2A_20231010T091819_R093_T34SEH_20241102T071234 -> NOT_REFINED
2025-09-01 03:32:56,378 - INFO - sentinel2.py:78 - 30/34 - S2B_MSIL2A_20231010T091819_R093_T34SEH_20231010T153344 -> NOT_REFINED
2025-09-01 03:33:08,360 - INFO - sentinel2.py:78 - 31/34 - S2A_MSIL2A_20231005T092031_R093_T34SFJ_20231005T172303 -> NOT_REFINED
2025-09-01 03:33:11,753 - INFO - sentinel2.py:78 - 32/34 - S2A_MSIL2A_20231005T092031_R093_T34SFH_20231005T172304 -> NOT_REFINED
2025-09-01 03:33:15,583 - INFO - sentinel2.py:78 - 33/34 - S2A_MSIL2A_20231005T092031_R093_T34SEJ_20231005T172311 -> NOT_REFINED
2025-09-01 03:33:19,477 - INFO - sentinel2.py:78 - 34/34 - S2A_MSIL2A_20231005T092031_R093_T34SEH_20231005T172309 -> NOT_REFINED
2025-09-01 03:33:19,513 - INFO - composites.py:250 -                                  
2025-09-01 03:33:19,513 - INFO - composites.py:251 - 0/34 were refined by GRI.
2025-09-01 03:33:19,513 - WARNING - composites.py:255 - Tile x09_y11 | Time: 2023-10: All scenes are flagged NOT REFINED.
2025-09-01 03:33:19,514 - WARNING - composites.py:256 - Tile x09_y11 | Time: 2023-10: The composite will be flagged with _NOREFINED.
2025-09-01 03:33:19,538 - INFO - composites.py:263 - Looking for up to 10 cleanest images within spatiotemporal range of each MGRS tile
2025-09-01 03:33:19,549 - INFO - composites.py:277 - Filtered cleanest scenes: Kept 34 out of 34 items. 
2025-09-01 03:33:19,549 - INFO - composites.py:278 -         Included MGRS Tiles: ['34SEH' '34SEJ' '34SFH' '34SFJ']
2025-09-01 03:33:19,550 - INFO - composites.py:279 -         Included EPSG codes: [32634]
2025-09-01 03:33:19,550 - INFO - composites.py:281 - Selected scenes:
2025-09-01 03:33:19,550 - INFO - composites.py:283 -         S2B_MSIL2A_20231010T091819_R093_T34SEH_20241102T071234
2025-09-01 03:33:19,550 - INFO - composites.py:283 -         S2B_MSIL2A_20231010T091819_R093_T34SEH_20231010T153344
2025-09-01 03:33:19,550 - INFO - composites.py:283 -         S2B_MSIL2A_20231030T092029_R093_T34SEH_20241103T014235
2025-09-01 03:33:19,550 - INFO - composites.py:283 -         S2B_MSIL2A_20231030T092029_R093_T34SEH_20231030T201002
2025-09-01 03:33:19,550 - INFO - composites.py:283 -         S2A_MSIL2A_20231015T092031_R093_T34SEH_20241103T140930
2025-09-01 03:33:19,550 - INFO - composites.py:283 -         S2A_MSIL2A_20231015T092031_R093_T34SEH_20231015T151453
2025-09-01 03:33:19,550 - INFO - composites.py:283 -         S2B_MSIL2A_20231020T091919_R093_T34SEH_20241102T122657
2025-09-01 03:33:19,550 - INFO - composites.py:283 -         S2B_MSIL2A_20231020T091919_R093_T34SEH_20231020T215717
2025-09-01 03:33:19,550 - INFO - composites.py:283 -         S2A_MSIL2A_20231005T092031_R093_T34SEH_20231005T172309
2025-09-01 03:33:19,550 - INFO - composites.py:283 -         S2B_MSIL2A_20231010T091819_R093_T34SEJ_20241102T071234
2025-09-01 03:33:19,550 - INFO - composites.py:283 -         S2B_MSIL2A_20231010T091819_R093_T34SEJ_20231010T151214
2025-09-01 03:33:19,550 - INFO - composites.py:283 -         S2B_MSIL2A_20231020T091919_R093_T34SEJ_20241102T122657
2025-09-01 03:33:19,550 - INFO - composites.py:283 -         S2B_MSIL2A_20231020T091919_R093_T34SEJ_20231020T215531
2025-09-01 03:33:19,550 - INFO - composites.py:283 -         S2A_MSIL2A_20231015T092031_R093_T34SEJ_20231015T151317
2025-09-01 03:33:19,550 - INFO - composites.py:283 -         S2A_MSIL2A_20231015T092031_R093_T34SEJ_20241103T140930
2025-09-01 03:33:19,550 - INFO - composites.py:283 -         S2B_MSIL2A_20231030T092029_R093_T34SEJ_20231030T201110
2025-09-01 03:33:19,550 - INFO - composites.py:283 -         S2B_MSIL2A_20231030T092029_R093_T34SEJ_20241103T014235
2025-09-01 03:33:19,550 - INFO - composites.py:283 -         S2A_MSIL2A_20231005T092031_R093_T34SEJ_20231005T172311
2025-09-01 03:33:19,550 - INFO - composites.py:283 -         S2B_MSIL2A_20231020T091919_R093_T34SFH_20231020T214813
2025-09-01 03:33:19,550 - INFO - composites.py:283 -         S2B_MSIL2A_20231020T091919_R093_T34SFH_20241102T122657
2025-09-01 03:33:19,550 - INFO - composites.py:283 -         S2B_MSIL2A_20231010T091819_R093_T34SFH_20231010T151211
2025-09-01 03:33:19,550 - INFO - composites.py:283 -         S2A_MSIL2A_20231015T092031_R093_T34SFH_20241103T140930
2025-09-01 03:33:19,550 - INFO - composites.py:283 -         S2A_MSIL2A_20231015T092031_R093_T34SFH_20231015T151322
2025-09-01 03:33:19,551 - INFO - composites.py:283 -         S2B_MSIL2A_20231030T092029_R093_T34SFH_20231030T200951
2025-09-01 03:33:19,551 - INFO - composites.py:283 -         S2B_MSIL2A_20231030T092029_R093_T34SFH_20241103T014235
2025-09-01 03:33:19,551 - INFO - composites.py:283 -         S2A_MSIL2A_20231005T092031_R093_T34SFH_20231005T172304
2025-09-01 03:33:19,551 - INFO - composites.py:283 -         S2B_MSIL2A_20231010T091819_R093_T34SFJ_20231010T151906
2025-09-01 03:33:19,551 - INFO - composites.py:283 -         S2A_MSIL2A_20231015T092031_R093_T34SFJ_20241103T140930
2025-09-01 03:33:19,551 - INFO - composites.py:283 -         S2A_MSIL2A_20231015T092031_R093_T34SFJ_20231015T161558
2025-09-01 03:33:19,551 - INFO - composites.py:283 -         S2B_MSIL2A_20231020T091919_R093_T34SFJ_20241102T122657
2025-09-01 03:33:19,551 - INFO - composites.py:283 -         S2B_MSIL2A_20231020T091919_R093_T34SFJ_20231020T214942
2025-09-01 03:33:19,551 - INFO - composites.py:283 -         S2B_MSIL2A_20231030T092029_R093_T34SFJ_20241103T014235
2025-09-01 03:33:19,551 - INFO - composites.py:283 -         S2B_MSIL2A_20231030T092029_R093_T34SFJ_20231030T200733
2025-09-01 03:33:19,551 - INFO - composites.py:283 -         S2A_MSIL2A_20231005T092031_R093_T34SFJ_20231005T172303
2025-09-01 03:33:19,970 - INFO - sentinel2.py:154 - Matplotlib backend: Agg
2025-09-01 03:33:20,254 - INFO - sentinel2.py:224 - Write input scenes footprint overlay: //nas-rs.topo.auth.gr/Latomeia/DROUGHT/composites/x09/y11/2023/10/01/S2L2A_medcomp_x09y11_202310_InDataFootprint.jpeg
2025-09-01 03:33:20,543 - INFO - composites.py:297 -                                  
2025-09-01 03:33:20,543 - INFO - composites.py:298 - Downstream STAC items from Planetary Computer
2025-09-01 03:33:20,543 - INFO - timeseries_processing.py:115 -                                  
2025-09-01 03:33:20,543 - INFO - timeseries_processing.py:116 - Loading bands of diferent resolutions in EPSG:32634
2025-09-01 03:33:20,543 - INFO - timeseries_processing.py:120 -     Filtering items with native UTM EPSG:32634
2025-09-01 03:33:20,543 - INFO - timeseries_processing.py:122 -     34 Items in EPSG:32634
2025-09-01 03:33:20,543 - INFO - timeseries_processing.py:129 -                        
2025-09-01 03:33:20,544 - INFO - timeseries_processing.py:130 -     Loading parameters:
2025-09-01 03:33:20,544 - INFO - timeseries_processing.py:131 -         Bands: ['B05', 'B07', 'B8A', 'SCL']
2025-09-01 03:33:20,544 - INFO - timeseries_processing.py:132 -         Spatial resolution: 20
2025-09-01 03:33:20,544 - INFO - timeseries_processing.py:134 -         Get Assets from STAC Items
2025-09-01 03:33:20,544 - INFO - timeseries_processing.py:47 -         Initialize the STAC client
2025-09-01 03:33:21,234 - INFO - timeseries_processing.py:137 -         Loading 34 STAC Items....
2025-09-01 03:35:02,422 - INFO - timeseries_processing.py:146 -         Cube has been downloaded
2025-09-01 03:35:02,422 - INFO - timeseries_processing.py:156 -         Fix order of dimensions
2025-09-01 03:35:02,423 - INFO - timeseries_processing.py:161 -         Append bands to the band-list of EPSG:32634
2025-09-01 03:35:02,429 - INFO - timeseries_processing.py:129 -                        
2025-09-01 03:35:02,429 - INFO - timeseries_processing.py:130 -     Loading parameters:
2025-09-01 03:35:02,431 - INFO - timeseries_processing.py:131 -         Bands: ['B02', 'B03', 'B04']
2025-09-01 03:35:02,431 - INFO - timeseries_processing.py:132 -         Spatial resolution: 10
2025-09-01 03:35:02,431 - INFO - timeseries_processing.py:134 -         Get Assets from STAC Items
2025-09-01 03:35:02,432 - INFO - timeseries_processing.py:47 -         Initialize the STAC client
2025-09-01 03:35:03,111 - INFO - timeseries_processing.py:137 -         Loading 34 STAC Items....
2025-09-01 03:37:44,883 - INFO - timeseries_processing.py:146 -         Cube has been downloaded
2025-09-01 03:37:44,883 - INFO - timeseries_processing.py:149 -         Reproject to downsample 10m bands to 20m by Resampling.average 2x2 binning and shape matching with odc.geo.GeoBox
2025-09-01 03:37:52,495 - INFO - timeseries_processing.py:161 -         Append bands to the band-list of EPSG:32634
2025-09-01 03:37:52,495 - INFO - timeseries_processing.py:165 -                        
2025-09-01 03:37:52,495 - INFO - timeseries_processing.py:166 -     Merging bands in a single dataset
2025-09-01 03:37:52,496 - INFO - timeseries_processing.py:167 -     Ensure all partial datasets are at (x=20, y=-20) resolution
2025-09-01 03:37:52,496 - INFO - timeseries_processing.py:171 -     Clip to the intersection of indexes
2025-09-01 03:37:53,437 - INFO - timeseries_processing.py:180 -     Make a list of bands to merge
2025-09-01 03:37:53,438 - INFO - timeseries_processing.py:184 -     Merge on intersection
2025-09-01 03:37:53,438 - INFO - timeseries_processing.py:192 -     Apply masks on clouds, shadows, thin cirrus, and snow/ice
2025-09-01 03:37:53,438 - INFO - sentinel2.py:122 -                Masking bits: [3, 7, 8, 9, 10, 11]
2025-09-01 03:37:54,052 - INFO - composites.py:307 - Reproject from UTM Zone to Tile geometry -> CRS(EPSG:32634), Resampling.bilinear
2025-09-01 03:37:57,499 - INFO - composites.py:310 -     New shape of datasets: Shape2d(x=2400, y=2400)
2025-09-01 03:37:58,180 - INFO - composites.py:329 - Scale SR to Sen2Cor Baseline 4.00 - Subtract 1000 in dates post 2022-01-25
2025-09-01 03:37:58,933 - INFO - composites.py:342 - Creating preview plot of input scenes
2025-09-01 03:38:22,264 - INFO - timeseries_processing.py:349 - Saved preview for 'B04' to //nas-rs.topo.auth.gr/Latomeia/DROUGHT/composites/x09/y11/2023/10/01/S2L2A_medcomp_x09y11_202310_InDataPreview.jpeg
2025-09-01 03:38:22,267 - INFO - composites.py:348 - Clip value range
2025-09-01 03:38:23,265 - INFO - composites.py:353 -                           
2025-09-01 03:38:23,265 - INFO - composites.py:354 - Computing spectral indices:
2025-09-01 03:38:23,265 - INFO - composites.py:357 -     EVI...
2025-09-01 03:38:23,848 - INFO - composites.py:359 -     NDVI...
2025-09-01 03:38:24,119 - INFO - composites.py:361 -     PSRI2...
2025-09-01 03:38:24,287 - INFO - composites.py:364 - Clip to typical value range
2025-09-01 03:38:24,455 - INFO - composites.py:371 - Reducing to median value temporal composite
2025-09-01 03:38:49,252 - INFO - composites.py:390 - Scale and Define data types & nodata per band
2025-09-01 03:38:49,372 - INFO - composites.py:411 - Assign time range and tile ID in metadata
2025-09-01 03:38:49,372 - INFO - composites.py:419 - Write bands to raster COG files
2025-09-01 03:38:53,254 - INFO - composites.py:432 - Write B02 -> //nas-rs.topo.auth.gr/Latomeia/DROUGHT/composites/x09/y11/2023/10/01/S2L2A_medcomp_x09y11_202310_B02.tif
2025-09-01 03:38:57,067 - INFO - composites.py:432 - Write B03 -> //nas-rs.topo.auth.gr/Latomeia/DROUGHT/composites/x09/y11/2023/10/01/S2L2A_medcomp_x09y11_202310_B03.tif
2025-09-01 03:39:00,973 - INFO - composites.py:432 - Write B04 -> //nas-rs.topo.auth.gr/Latomeia/DROUGHT/composites/x09/y11/2023/10/01/S2L2A_medcomp_x09y11_202310_B04.tif
2025-09-01 03:39:05,185 - INFO - composites.py:432 - Write B05 -> //nas-rs.topo.auth.gr/Latomeia/DROUGHT/composites/x09/y11/2023/10/01/S2L2A_medcomp_x09y11_202310_B05.tif
2025-09-01 03:39:09,220 - INFO - composites.py:432 - Write B07 -> //nas-rs.topo.auth.gr/Latomeia/DROUGHT/composites/x09/y11/2023/10/01/S2L2A_medcomp_x09y11_202310_B07.tif
2025-09-01 03:39:13,100 - INFO - composites.py:432 - Write B8A -> //nas-rs.topo.auth.gr/Latomeia/DROUGHT/composites/x09/y11/2023/10/01/S2L2A_medcomp_x09y11_202310_B8A.tif
2025-09-01 03:39:16,911 - INFO - composites.py:432 - Write EVI -> //nas-rs.topo.auth.gr/Latomeia/DROUGHT/composites/x09/y11/2023/10/01/S2L2A_medcomp_x09y11_202310_EVI.tif
2025-09-01 03:39:20,738 - INFO - composites.py:432 - Write NDVI -> //nas-rs.topo.auth.gr/Latomeia/DROUGHT/composites/x09/y11/2023/10/01/S2L2A_medcomp_x09y11_202310_NDVI.tif
2025-09-01 03:39:24,479 - INFO - composites.py:432 - Write PSRI2 -> //nas-rs.topo.auth.gr/Latomeia/DROUGHT/composites/x09/y11/2023/10/01/S2L2A_medcomp_x09y11_202310_PSRI2.tif
2025-09-01 03:39:24,481 - INFO - composites.py:436 - Prepare metadata YAML document
2025-09-01 03:39:24,982 - INFO - composites.py:458 - Write metadata YAML document to disk
2025-09-01 03:39:25,045 - INFO - composites.py:463 - Create datacube.model.Dataset from eo3 metadata
2025-09-01 03:39:25,056 - INFO - composites.py:476 - Index to datacube
2025-09-01 03:39:25,056 - INFO - _datasets.py:191 - Indexing 68d491a9-e8ee-47cd-914a-71aa21f5384c
2025-09-01 03:39:25,065 - INFO - composites.py:479 - 
2025-09-01 03:39:25,065 - INFO - composites.py:480 -              ✔✔✔ COMPLETED: Tile x09_y11 | Time: 2023-10 | In 8.57 minutes
2025-09-01 03:39:25,065 - INFO - composites.py:481 - 
2025-09-01 03:39:25,065 - INFO - composites.py:489 - Closing Dask client
2025-09-01 03:39:25,072 - INFO - composites.py:493 - Closing Dask cluster
2025-09-01 03:39:25,073 - INFO - composites.py:494 - #######################################################################
