2025-09-02 21:54:21,488 - INFO - composites.py:102 - #######################################################################
2025-09-02 21:54:21,488 - INFO - composites.py:104 - Processing started
2025-09-02 21:54:21,488 - INFO - composites.py:105 -         Tile: x11_y12
2025-09-02 21:54:21,488 - INFO - composites.py:106 -         Time: 2024-12
2025-09-02 21:54:21,488 - INFO - composites.py:109 -                           
2025-09-02 21:54:21,488 - INFO - composites.py:110 - Establishing connection to datacube
2025-09-02 21:54:22,269 - INFO - composites.py:113 -                           
2025-09-02 21:54:22,269 - INFO - composites.py:114 - Sanity test: Check if dataset already exists in the datacube
2025-09-02 21:54:22,296 - INFO - composites.py:133 - The composite requested was not found and it will be computed
2025-09-02 21:54:22,296 - INFO - composites.py:136 -                                  
2025-09-02 21:54:22,296 - INFO - composites.py:137 - Initializing Dask cluster for parallelization
2025-09-02 21:54:27,747 - INFO - composites.py:161 - Dask dashboard is available at: http://127.0.0.1:8787/status
2025-09-02 21:54:27,747 - INFO - composites.py:164 - Create directories and naming conversions
2025-09-02 21:54:27,758 - INFO - composites.py:177 - Dataset location: //nas-rs.topo.auth.gr/Latomeia/DROUGHT/composites/x11/y12/2024/12/01
2025-09-02 21:54:27,759 - INFO - composites.py:180 -                           
2025-09-02 21:54:27,759 - INFO - composites.py:181 - Retrieve tile geometry
2025-09-02 21:54:27,788 - INFO - composites.py:192 - Create the Bounding Box (φ,λ)
2025-09-02 21:54:27,788 - INFO - composites.py:198 - Create the Bounding Box (x,y)
2025-09-02 21:54:27,788 - INFO - composites.py:211 -                           
2025-09-02 21:54:27,788 - INFO - composites.py:212 - Connect to Planetary Computer STAC Catalog
2025-09-02 21:54:28,055 - INFO - composites.py:220 - Search the STAC Catalog
2025-09-02 21:54:28,127 - INFO - composites.py:232 -         Query parameters:
2025-09-02 21:54:28,127 - INFO - composites.py:233 -             url:          https://planetarycomputer.microsoft.com/api/stac/v1/search
2025-09-02 21:54:28,127 - INFO - composites.py:234 -             client:       microsoft-pc
2025-09-02 21:54:28,127 - INFO - composites.py:235 -             collection:   sentinel-2-l2a
2025-09-02 21:54:28,127 - INFO - composites.py:236 -             bbox:         (23.175034627134398, 38.50013763603257, 23.85573196352452, 39.05443515421176)
2025-09-02 21:54:28,127 - INFO - composites.py:237 -             time range:   2024-12-01T00:00:00Z/2024-12-31T23:59:59Z
2025-09-02 21:54:28,127 - INFO - composites.py:238 -             cloud cover:  0% - 70%
2025-09-02 21:54:28,127 - INFO - composites.py:239 -             nodata cover: 0% - 33%
2025-09-02 21:54:28,127 - INFO - composites.py:241 -                           
2025-09-02 21:54:28,127 - INFO - composites.py:242 - Searching...
2025-09-02 21:54:28,578 - INFO - composites.py:245 - Query found 18 items
2025-09-02 21:54:28,580 - INFO - composites.py:247 - Searching for GRI REFINED scenes:
2025-09-02 21:54:33,348 - INFO - sentinel2.py:78 - 1/18 - S2B_MSIL2A_20241230T091309_R050_T35SKD_20241230T101149 -> REFINED
2025-09-02 21:54:37,958 - INFO - sentinel2.py:78 - 2/18 - S2B_MSIL2A_20241230T091309_R050_T35SKC_20241230T101149 -> REFINED
2025-09-02 21:54:42,549 - INFO - sentinel2.py:78 - 3/18 - S2B_MSIL2A_20241230T091309_R050_T34SGJ_20241230T101149 -> REFINED
2025-09-02 21:54:45,983 - INFO - sentinel2.py:78 - 4/18 - S2B_MSIL2A_20241230T091309_R050_T34SGH_20241230T101149 -> REFINED
2025-09-02 21:54:49,698 - INFO - sentinel2.py:78 - 5/18 - S2A_MSIL2A_20241228T092411_R093_T34SFJ_20241228T124054 -> REFINED
2025-09-02 21:54:54,300 - INFO - sentinel2.py:78 - 6/18 - S2A_MSIL2A_20241228T092411_R093_T34SFH_20241228T124054 -> REFINED
2025-09-02 21:54:58,121 - INFO - sentinel2.py:78 - 7/18 - S2B_MSIL2A_20241220T091309_R050_T35SKD_20241220T101331 -> REFINED
2025-09-02 21:55:02,214 - INFO - sentinel2.py:78 - 8/18 - S2B_MSIL2A_20241220T091309_R050_T35SKC_20241220T101331 -> REFINED
2025-09-02 21:55:06,861 - INFO - sentinel2.py:78 - 9/18 - S2B_MSIL2A_20241220T091309_R050_T34SGJ_20241220T101331 -> REFINED
2025-09-02 21:55:11,415 - INFO - sentinel2.py:78 - 10/18 - S2B_MSIL2A_20241220T091309_R050_T34SGH_20241220T101331 -> REFINED
2025-09-02 21:55:16,044 - INFO - sentinel2.py:78 - 11/18 - S2A_MSIL2A_20241218T092411_R093_T34SFJ_20241218T133205 -> REFINED
2025-09-02 21:55:19,476 - INFO - sentinel2.py:78 - 12/18 - S2A_MSIL2A_20241218T092411_R093_T34SFH_20241218T133205 -> REFINED
2025-09-02 21:55:23,532 - INFO - sentinel2.py:78 - 13/18 - S2B_MSIL2A_20241213T092309_R093_T34SFJ_20241213T103438 -> REFINED
2025-09-02 21:55:28,373 - INFO - sentinel2.py:78 - 14/18 - S2B_MSIL2A_20241213T092309_R093_T34SFH_20241213T115257 -> REFINED
2025-09-02 21:55:32,870 - INFO - sentinel2.py:78 - 15/18 - S2B_MSIL2A_20241210T091309_R050_T35SKC_20241210T101328 -> REFINED
2025-09-02 21:55:37,621 - INFO - sentinel2.py:78 - 16/18 - S2A_MSIL2A_20241208T092401_R093_T34SFJ_20241208T135805 -> REFINED
2025-09-02 21:55:41,336 - INFO - sentinel2.py:78 - 17/18 - S2A_MSIL2A_20241208T092401_R093_T34SFH_20241208T135805 -> REFINED
2025-09-02 21:55:45,350 - INFO - sentinel2.py:78 - 18/18 - S2B_MSIL2A_20241203T092259_R093_T34SFH_20241203T105527 -> REFINED
2025-09-02 21:55:45,378 - INFO - composites.py:250 -                                  
2025-09-02 21:55:45,378 - INFO - composites.py:251 - 18/18 were refined by GRI.
2025-09-02 21:55:45,378 - INFO - composites.py:263 - Looking for up to 10 cleanest images within spatiotemporal range of each MGRS tile
2025-09-02 21:55:45,379 - INFO - composites.py:277 - Filtered cleanest scenes: Kept 18 out of 18 items. 
2025-09-02 21:55:45,379 - INFO - composites.py:278 -         Included MGRS Tiles: ['34SFH' '34SFJ' '34SGH' '34SGJ' '35SKC' '35SKD']
2025-09-02 21:55:45,379 - INFO - composites.py:279 -         Included EPSG codes: [32634 32635]
2025-09-02 21:55:45,380 - INFO - composites.py:281 - Selected scenes:
2025-09-02 21:55:45,380 - INFO - composites.py:283 -         S2A_MSIL2A_20241218T092411_R093_T34SFH_20241218T133205
2025-09-02 21:55:45,391 - INFO - composites.py:283 -         S2B_MSIL2A_20241213T092309_R093_T34SFH_20241213T115257
2025-09-02 21:55:45,391 - INFO - composites.py:283 -         S2A_MSIL2A_20241228T092411_R093_T34SFH_20241228T124054
2025-09-02 21:55:45,391 - INFO - composites.py:283 -         S2B_MSIL2A_20241203T092259_R093_T34SFH_20241203T105527
2025-09-02 21:55:45,391 - INFO - composites.py:283 -         S2A_MSIL2A_20241208T092401_R093_T34SFH_20241208T135805
2025-09-02 21:55:45,391 - INFO - composites.py:283 -         S2A_MSIL2A_20241218T092411_R093_T34SFJ_20241218T133205
2025-09-02 21:55:45,391 - INFO - composites.py:283 -         S2B_MSIL2A_20241213T092309_R093_T34SFJ_20241213T103438
2025-09-02 21:55:45,391 - INFO - composites.py:283 -         S2A_MSIL2A_20241228T092411_R093_T34SFJ_20241228T124054
2025-09-02 21:55:45,391 - INFO - composites.py:283 -         S2A_MSIL2A_20241208T092401_R093_T34SFJ_20241208T135805
2025-09-02 21:55:45,391 - INFO - composites.py:283 -         S2B_MSIL2A_20241230T091309_R050_T34SGH_20241230T101149
2025-09-02 21:55:45,391 - INFO - composites.py:283 -         S2B_MSIL2A_20241220T091309_R050_T34SGH_20241220T101331
2025-09-02 21:55:45,391 - INFO - composites.py:283 -         S2B_MSIL2A_20241220T091309_R050_T34SGJ_20241220T101331
2025-09-02 21:55:45,391 - INFO - composites.py:283 -         S2B_MSIL2A_20241230T091309_R050_T34SGJ_20241230T101149
2025-09-02 21:55:45,391 - INFO - composites.py:283 -         S2B_MSIL2A_20241220T091309_R050_T35SKC_20241220T101331
2025-09-02 21:55:45,391 - INFO - composites.py:283 -         S2B_MSIL2A_20241230T091309_R050_T35SKC_20241230T101149
2025-09-02 21:55:45,391 - INFO - composites.py:283 -         S2B_MSIL2A_20241210T091309_R050_T35SKC_20241210T101328
2025-09-02 21:55:45,391 - INFO - composites.py:283 -         S2B_MSIL2A_20241220T091309_R050_T35SKD_20241220T101331
2025-09-02 21:55:45,391 - INFO - composites.py:283 -         S2B_MSIL2A_20241230T091309_R050_T35SKD_20241230T101149
2025-09-02 21:55:45,771 - INFO - sentinel2.py:154 - Matplotlib backend: Agg
2025-09-02 21:55:46,113 - INFO - sentinel2.py:224 - Write input scenes footprint overlay: //nas-rs.topo.auth.gr/Latomeia/DROUGHT/composites/x11/y12/2024/12/01/S2L2A_medcomp_x11y12_202412_InDataFootprint.jpeg
2025-09-02 21:55:46,354 - INFO - composites.py:297 -                                  
2025-09-02 21:55:46,355 - INFO - composites.py:298 - Downstream STAC items from Planetary Computer
2025-09-02 21:55:46,355 - INFO - timeseries_processing.py:115 -                                  
2025-09-02 21:55:46,355 - INFO - timeseries_processing.py:116 - Loading bands of diferent resolutions in EPSG:32634
2025-09-02 21:55:46,355 - INFO - timeseries_processing.py:120 -     Filtering items with native UTM EPSG:32634
2025-09-02 21:55:46,355 - INFO - timeseries_processing.py:122 -     13 Items in EPSG:32634
2025-09-02 21:55:46,355 - INFO - timeseries_processing.py:129 -                        
2025-09-02 21:55:46,355 - INFO - timeseries_processing.py:130 -     Loading parameters:
2025-09-02 21:55:46,355 - INFO - timeseries_processing.py:131 -         Bands: ['B05', 'B07', 'B8A', 'SCL']
2025-09-02 21:55:46,355 - INFO - timeseries_processing.py:132 -         Spatial resolution: 20
2025-09-02 21:55:46,355 - INFO - timeseries_processing.py:134 -         Get Assets from STAC Items
2025-09-02 21:55:46,355 - INFO - timeseries_processing.py:47 -         Initialize the STAC client
2025-09-02 21:55:46,917 - INFO - timeseries_processing.py:137 -         Loading 13 STAC Items....
2025-09-02 21:56:27,544 - INFO - timeseries_processing.py:146 -         Cube has been downloaded
2025-09-02 21:56:27,544 - INFO - timeseries_processing.py:156 -         Fix order of dimensions
2025-09-02 21:56:27,545 - INFO - timeseries_processing.py:161 -         Append bands to the band-list of EPSG:32634
2025-09-02 21:56:27,547 - INFO - timeseries_processing.py:129 -                        
2025-09-02 21:56:27,547 - INFO - timeseries_processing.py:130 -     Loading parameters:
2025-09-02 21:56:27,547 - INFO - timeseries_processing.py:131 -         Bands: ['B02', 'B03', 'B04']
2025-09-02 21:56:27,548 - INFO - timeseries_processing.py:132 -         Spatial resolution: 10
2025-09-02 21:56:27,548 - INFO - timeseries_processing.py:134 -         Get Assets from STAC Items
2025-09-02 21:56:27,548 - INFO - timeseries_processing.py:47 -         Initialize the STAC client
2025-09-02 21:56:28,069 - INFO - timeseries_processing.py:137 -         Loading 13 STAC Items....
2025-09-02 21:57:55,312 - INFO - timeseries_processing.py:146 -         Cube has been downloaded
2025-09-02 21:57:55,312 - INFO - timeseries_processing.py:149 -         Reproject to downsample 10m bands to 20m by Resampling.average 2x2 binning and shape matching with odc.geo.GeoBox
2025-09-02 21:58:04,559 - INFO - timeseries_processing.py:161 -         Append bands to the band-list of EPSG:32634
2025-09-02 21:58:04,559 - INFO - timeseries_processing.py:165 -                        
2025-09-02 21:58:04,559 - INFO - timeseries_processing.py:166 -     Merging bands in a single dataset
2025-09-02 21:58:04,559 - INFO - timeseries_processing.py:167 -     Ensure all partial datasets are at (x=20, y=-20) resolution
2025-09-02 21:58:04,559 - INFO - timeseries_processing.py:171 -     Clip to the intersection of indexes
2025-09-02 21:58:05,828 - INFO - timeseries_processing.py:180 -     Make a list of bands to merge
2025-09-02 21:58:05,828 - INFO - timeseries_processing.py:184 -     Merge on intersection
2025-09-02 21:58:05,830 - INFO - timeseries_processing.py:192 -     Apply masks on clouds, shadows, thin cirrus, and snow/ice
2025-09-02 21:58:05,830 - INFO - sentinel2.py:122 -                Masking bits: [3, 7, 8, 9, 10, 11]
2025-09-02 21:58:06,690 - INFO - timeseries_processing.py:115 -                                  
2025-09-02 21:58:06,690 - INFO - timeseries_processing.py:116 - Loading bands of diferent resolutions in EPSG:32635
2025-09-02 21:58:06,690 - INFO - timeseries_processing.py:120 -     Filtering items with native UTM EPSG:32635
2025-09-02 21:58:06,691 - INFO - timeseries_processing.py:122 -     5 Items in EPSG:32635
2025-09-02 21:58:06,691 - INFO - timeseries_processing.py:129 -                        
2025-09-02 21:58:06,691 - INFO - timeseries_processing.py:130 -     Loading parameters:
2025-09-02 21:58:06,691 - INFO - timeseries_processing.py:131 -         Bands: ['B05', 'B07', 'B8A', 'SCL']
2025-09-02 21:58:06,691 - INFO - timeseries_processing.py:132 -         Spatial resolution: 20
2025-09-02 21:58:06,692 - INFO - timeseries_processing.py:134 -         Get Assets from STAC Items
2025-09-02 21:58:06,692 - INFO - timeseries_processing.py:47 -         Initialize the STAC client
2025-09-02 21:58:07,164 - INFO - timeseries_processing.py:137 -         Loading 5 STAC Items....
2025-09-02 21:58:29,345 - INFO - timeseries_processing.py:146 -         Cube has been downloaded
2025-09-02 21:58:29,345 - INFO - timeseries_processing.py:156 -         Fix order of dimensions
2025-09-02 21:58:29,347 - INFO - timeseries_processing.py:161 -         Append bands to the band-list of EPSG:32635
2025-09-02 21:58:29,347 - INFO - timeseries_processing.py:129 -                        
2025-09-02 21:58:29,347 - INFO - timeseries_processing.py:130 -     Loading parameters:
2025-09-02 21:58:29,347 - INFO - timeseries_processing.py:131 -         Bands: ['B02', 'B03', 'B04']
2025-09-02 21:58:29,347 - INFO - timeseries_processing.py:132 -         Spatial resolution: 10
2025-09-02 21:58:29,347 - INFO - timeseries_processing.py:134 -         Get Assets from STAC Items
2025-09-02 21:58:29,347 - INFO - timeseries_processing.py:47 -         Initialize the STAC client
2025-09-02 21:58:29,862 - INFO - timeseries_processing.py:137 -         Loading 5 STAC Items....
2025-09-02 21:59:24,625 - INFO - timeseries_processing.py:146 -         Cube has been downloaded
2025-09-02 21:59:24,625 - INFO - timeseries_processing.py:149 -         Reproject to downsample 10m bands to 20m by Resampling.average 2x2 binning and shape matching with odc.geo.GeoBox
2025-09-02 21:59:28,572 - INFO - timeseries_processing.py:161 -         Append bands to the band-list of EPSG:32635
2025-09-02 21:59:28,572 - INFO - timeseries_processing.py:165 -                        
2025-09-02 21:59:28,572 - INFO - timeseries_processing.py:166 -     Merging bands in a single dataset
2025-09-02 21:59:28,572 - INFO - timeseries_processing.py:167 -     Ensure all partial datasets are at (x=20, y=-20) resolution
2025-09-02 21:59:28,573 - INFO - timeseries_processing.py:171 -     Clip to the intersection of indexes
2025-09-02 21:59:28,574 - INFO - timeseries_processing.py:180 -     Make a list of bands to merge
2025-09-02 21:59:28,574 - INFO - timeseries_processing.py:184 -     Merge on intersection
2025-09-02 21:59:28,576 - INFO - timeseries_processing.py:192 -     Apply masks on clouds, shadows, thin cirrus, and snow/ice
2025-09-02 21:59:28,576 - INFO - sentinel2.py:122 -                Masking bits: [3, 7, 8, 9, 10, 11]
2025-09-02 21:59:28,993 - INFO - composites.py:307 - Reproject from UTM Zone to Tile geometry -> CRS(EPSG:32635), Resampling.bilinear
2025-09-02 21:59:35,777 - INFO - composites.py:310 -     New shape of datasets: Shape2d(x=2400, y=2400)
2025-09-02 21:59:36,077 - INFO - composites.py:315 -                           
2025-09-02 21:59:36,078 - INFO - composites.py:316 - Mosaic datasets to a single dataset
2025-09-02 21:59:43,778 - INFO - composites.py:329 - Scale SR to Sen2Cor Baseline 4.00 - Subtract 1000 in dates post 2022-01-25
2025-09-02 21:59:45,295 - INFO - composites.py:342 - Creating preview plot of input scenes
2025-09-02 22:00:17,952 - INFO - timeseries_processing.py:349 - Saved preview for 'B04' to //nas-rs.topo.auth.gr/Latomeia/DROUGHT/composites/x11/y12/2024/12/01/S2L2A_medcomp_x11y12_202412_InDataPreview.jpeg
2025-09-02 22:00:17,959 - INFO - composites.py:348 - Clip value range
2025-09-02 22:00:19,540 - INFO - composites.py:353 -                           
2025-09-02 22:00:19,540 - INFO - composites.py:354 - Computing spectral indices:
2025-09-02 22:00:19,545 - INFO - composites.py:357 -     EVI...
2025-09-02 22:00:20,594 - INFO - composites.py:359 -     NDVI...
2025-09-02 22:00:20,972 - INFO - composites.py:361 -     PSRI2...
2025-09-02 22:00:21,209 - INFO - composites.py:364 - Clip to typical value range
2025-09-02 22:00:21,527 - INFO - composites.py:371 - Reducing to median value temporal composite
2025-09-02 22:00:48,560 - INFO - composites.py:390 - Scale and Define data types & nodata per band
2025-09-02 22:00:48,714 - INFO - composites.py:411 - Assign time range and tile ID in metadata
2025-09-02 22:00:48,714 - INFO - composites.py:419 - Write bands to raster COG files
2025-09-02 22:00:53,206 - INFO - composites.py:432 - Write B02 -> //nas-rs.topo.auth.gr/Latomeia/DROUGHT/composites/x11/y12/2024/12/01/S2L2A_medcomp_x11y12_202412_B02.tif
2025-09-02 22:00:57,574 - INFO - composites.py:432 - Write B03 -> //nas-rs.topo.auth.gr/Latomeia/DROUGHT/composites/x11/y12/2024/12/01/S2L2A_medcomp_x11y12_202412_B03.tif
2025-09-02 22:01:01,993 - INFO - composites.py:432 - Write B04 -> //nas-rs.topo.auth.gr/Latomeia/DROUGHT/composites/x11/y12/2024/12/01/S2L2A_medcomp_x11y12_202412_B04.tif
2025-09-02 22:01:06,425 - INFO - composites.py:432 - Write B05 -> //nas-rs.topo.auth.gr/Latomeia/DROUGHT/composites/x11/y12/2024/12/01/S2L2A_medcomp_x11y12_202412_B05.tif
2025-09-02 22:01:10,754 - INFO - composites.py:432 - Write B07 -> //nas-rs.topo.auth.gr/Latomeia/DROUGHT/composites/x11/y12/2024/12/01/S2L2A_medcomp_x11y12_202412_B07.tif
2025-09-02 22:01:15,277 - INFO - composites.py:432 - Write B8A -> //nas-rs.topo.auth.gr/Latomeia/DROUGHT/composites/x11/y12/2024/12/01/S2L2A_medcomp_x11y12_202412_B8A.tif
2025-09-02 22:01:19,715 - INFO - composites.py:432 - Write EVI -> //nas-rs.topo.auth.gr/Latomeia/DROUGHT/composites/x11/y12/2024/12/01/S2L2A_medcomp_x11y12_202412_EVI.tif
2025-09-02 22:01:24,193 - INFO - composites.py:432 - Write NDVI -> //nas-rs.topo.auth.gr/Latomeia/DROUGHT/composites/x11/y12/2024/12/01/S2L2A_medcomp_x11y12_202412_NDVI.tif
2025-09-02 22:01:28,597 - INFO - composites.py:432 - Write PSRI2 -> //nas-rs.topo.auth.gr/Latomeia/DROUGHT/composites/x11/y12/2024/12/01/S2L2A_medcomp_x11y12_202412_PSRI2.tif
2025-09-02 22:01:28,597 - INFO - composites.py:436 - Prepare metadata YAML document
2025-09-02 22:01:29,124 - INFO - composites.py:458 - Write metadata YAML document to disk
2025-09-02 22:01:29,157 - INFO - composites.py:463 - Create datacube.model.Dataset from eo3 metadata
2025-09-02 22:01:29,169 - INFO - composites.py:476 - Index to datacube
2025-09-02 22:01:29,169 - INFO - _datasets.py:191 - Indexing 4a07726f-ff14-4bf8-bda3-bdaab21ffd29
2025-09-02 22:01:29,182 - INFO - composites.py:479 - 
2025-09-02 22:01:29,182 - INFO - composites.py:480 -              ✔✔✔ COMPLETED: Tile x11_y12 | Time: 2024-12 | In 7.13 minutes
2025-09-02 22:01:29,182 - INFO - composites.py:481 - 
2025-09-02 22:01:29,182 - INFO - composites.py:489 - Closing Dask client
2025-09-02 22:01:29,184 - INFO - composites.py:493 - Closing Dask cluster
2025-09-02 22:01:29,184 - INFO - composites.py:494 - #######################################################################
