2025-08-31 09:50:42,982 - INFO - composites.py:102 - #######################################################################
2025-08-31 09:50:42,982 - INFO - composites.py:104 - Processing started
2025-08-31 09:50:42,982 - INFO - composites.py:105 -         Tile: x09_y09
2025-08-31 09:50:42,982 - INFO - composites.py:106 -         Time: 2023-06
2025-08-31 09:50:42,982 - INFO - composites.py:109 -                           
2025-08-31 09:50:42,982 - INFO - composites.py:110 - Establishing connection to datacube
2025-08-31 09:50:43,508 - INFO - composites.py:113 -                           
2025-08-31 09:50:43,510 - INFO - composites.py:114 - Sanity test: Check if dataset already exists in the datacube
2025-08-31 09:50:43,528 - INFO - composites.py:133 - The composite requested was not found and it will be computed
2025-08-31 09:50:43,528 - INFO - composites.py:136 -                                  
2025-08-31 09:50:43,529 - INFO - composites.py:137 - Initializing Dask cluster for parallelization
2025-08-31 09:50:48,651 - INFO - composites.py:161 - Dask dashboard is available at: http://127.0.0.1:8787/status
2025-08-31 09:50:48,651 - INFO - composites.py:164 - Create directories and naming conversions
2025-08-31 09:50:48,663 - INFO - composites.py:177 - Dataset location: //nas-rs.topo.auth.gr/Latomeia/DROUGHT/composites/x09/y09/2023/06/01
2025-08-31 09:50:48,663 - INFO - composites.py:180 -                           
2025-08-31 09:50:48,663 - INFO - composites.py:181 - Retrieve tile geometry
2025-08-31 09:50:48,696 - INFO - composites.py:192 - Create the Bounding Box (φ,λ)
2025-08-31 09:50:48,697 - INFO - composites.py:198 - Create the Bounding Box (x,y)
2025-08-31 09:50:48,697 - INFO - composites.py:211 -                           
2025-08-31 09:50:48,697 - INFO - composites.py:212 - Connect to Planetary Computer STAC Catalog
2025-08-31 09:50:48,937 - INFO - composites.py:220 - Search the STAC Catalog
2025-08-31 09:50:49,004 - INFO - composites.py:232 -         Query parameters:
2025-08-31 09:50:49,004 - INFO - composites.py:233 -             url:          https://planetarycomputer.microsoft.com/api/stac/v1/search
2025-08-31 09:50:49,004 - INFO - composites.py:234 -             client:       microsoft-pc
2025-08-31 09:50:49,004 - INFO - composites.py:235 -             collection:   sentinel-2-l2a
2025-08-31 09:50:49,004 - INFO - composites.py:236 -             bbox:         (21.85970105220835, 37.36314648137922, 22.52163347994685, 37.9118519319046)
2025-08-31 09:50:49,004 - INFO - composites.py:237 -             time range:   2023-06-01T00:00:00Z/2023-06-30T23:59:59Z
2025-08-31 09:50:49,004 - INFO - composites.py:238 -             cloud cover:  0% - 70%
2025-08-31 09:50:49,005 - INFO - composites.py:239 -             nodata cover: 0% - 33%
2025-08-31 09:50:49,005 - INFO - composites.py:241 -                           
2025-08-31 09:50:49,005 - INFO - composites.py:242 - Searching...
2025-08-31 09:50:49,528 - INFO - composites.py:245 - Query found 37 items
2025-08-31 09:50:49,529 - INFO - composites.py:247 - Searching for GRI REFINED scenes:
2025-08-31 09:50:54,840 - INFO - sentinel2.py:78 - 1/37 - S2B_MSIL2A_20230629T090559_R050_T34SFG_20240926T143342 -> REFINED
2025-08-31 09:50:59,703 - INFO - sentinel2.py:78 - 2/37 - S2B_MSIL2A_20230629T090559_R050_T34SFG_20230629T165148 -> REFINED
2025-08-31 09:51:04,639 - INFO - sentinel2.py:78 - 3/37 - S2A_MSIL2A_20230627T092031_R093_T34SFH_20241009T222145 -> REFINED
2025-08-31 09:51:09,180 - INFO - sentinel2.py:78 - 4/37 - S2A_MSIL2A_20230627T092031_R093_T34SFH_20230627T183304 -> REFINED
2025-08-31 09:51:15,107 - INFO - sentinel2.py:78 - 5/37 - S2A_MSIL2A_20230627T092031_R093_T34SFG_20241009T222145 -> REFINED
2025-08-31 09:51:20,352 - INFO - sentinel2.py:78 - 6/37 - S2A_MSIL2A_20230627T092031_R093_T34SFG_20230627T183218 -> REFINED
2025-08-31 09:51:25,214 - INFO - sentinel2.py:78 - 7/37 - S2A_MSIL2A_20230627T092031_R093_T34SEH_20241009T222145 -> REFINED
2025-08-31 09:51:31,672 - INFO - sentinel2.py:78 - 8/37 - S2A_MSIL2A_20230627T092031_R093_T34SEH_20230627T183223 -> REFINED
2025-08-31 09:51:36,543 - INFO - sentinel2.py:78 - 9/37 - S2A_MSIL2A_20230627T092031_R093_T34SEG_20241009T222145 -> REFINED
2025-08-31 09:51:41,632 - INFO - sentinel2.py:78 - 10/37 - S2A_MSIL2A_20230627T092031_R093_T34SEG_20230627T183605 -> REFINED
2025-08-31 09:51:46,004 - INFO - sentinel2.py:78 - 11/37 - S2A_MSIL2A_20230624T090601_R050_T34SFG_20240912T044526 -> REFINED
2025-08-31 09:51:50,381 - INFO - sentinel2.py:78 - 12/37 - S2A_MSIL2A_20230624T090601_R050_T34SFG_20230624T154821 -> REFINED
2025-08-31 09:51:55,399 - INFO - sentinel2.py:78 - 13/37 - S2B_MSIL2A_20230622T091559_R093_T34SFH_20230622T174358 -> REFINED
2025-08-31 09:51:59,775 - INFO - sentinel2.py:78 - 14/37 - S2B_MSIL2A_20230622T091559_R093_T34SFG_20230622T174055 -> REFINED
2025-08-31 09:52:05,114 - INFO - sentinel2.py:78 - 15/37 - S2B_MSIL2A_20230622T091559_R093_T34SEH_20230622T174059 -> REFINED
2025-08-31 09:52:09,698 - INFO - sentinel2.py:78 - 16/37 - S2B_MSIL2A_20230622T091559_R093_T34SEG_20230622T174354 -> REFINED
2025-08-31 09:52:14,208 - INFO - sentinel2.py:78 - 17/37 - S2B_MSIL2A_20230619T090559_R050_T34SFG_20230619T133003 -> REFINED
2025-08-31 09:52:18,738 - INFO - sentinel2.py:78 - 18/37 - S2A_MSIL2A_20230617T092031_R093_T34SEH_20240926T233927 -> REFINED
2025-08-31 09:52:23,635 - INFO - sentinel2.py:78 - 19/37 - S2A_MSIL2A_20230617T092031_R093_T34SEH_20230617T173712 -> REFINED
2025-08-31 09:52:29,697 - INFO - sentinel2.py:78 - 20/37 - S2A_MSIL2A_20230617T092031_R093_T34SEG_20240926T233927 -> REFINED
2025-08-31 09:52:35,958 - INFO - sentinel2.py:78 - 21/37 - S2A_MSIL2A_20230617T092031_R093_T34SEG_20230617T173539 -> REFINED
2025-08-31 09:52:40,823 - INFO - sentinel2.py:78 - 22/37 - S2A_MSIL2A_20230614T090601_R050_T34SFG_20240909T191515 -> REFINED
2025-08-31 09:52:45,657 - INFO - sentinel2.py:78 - 23/37 - S2A_MSIL2A_20230614T090601_R050_T34SFG_20230614T153030 -> REFINED
2025-08-31 09:52:50,436 - INFO - sentinel2.py:78 - 24/37 - S2B_MSIL2A_20230612T091559_R093_T34SFH_20240911T011934 -> REFINED
2025-08-31 09:52:54,936 - INFO - sentinel2.py:78 - 25/37 - S2B_MSIL2A_20230612T091559_R093_T34SFH_20230612T133127 -> REFINED
2025-08-31 09:53:00,400 - INFO - sentinel2.py:78 - 26/37 - S2B_MSIL2A_20230612T091559_R093_T34SEH_20240911T011934 -> REFINED
2025-08-31 09:53:05,656 - INFO - sentinel2.py:78 - 27/37 - S2B_MSIL2A_20230612T091559_R093_T34SEH_20230612T134200 -> REFINED
2025-08-31 09:53:10,189 - INFO - sentinel2.py:78 - 28/37 - S2B_MSIL2A_20230612T091559_R093_T34SEG_20240911T011934 -> REFINED
2025-08-31 09:53:15,510 - INFO - sentinel2.py:78 - 29/37 - S2B_MSIL2A_20230612T091559_R093_T34SEG_20230612T133127 -> REFINED
2025-08-31 09:53:22,521 - INFO - sentinel2.py:78 - 30/37 - S2B_MSIL2A_20230609T090559_R050_T34SFG_20240927T230135 -> REFINED
2025-08-31 09:53:27,721 - INFO - sentinel2.py:78 - 31/37 - S2B_MSIL2A_20230609T090559_R050_T34SFG_20230609T132253 -> REFINED
2025-08-31 09:53:32,637 - INFO - sentinel2.py:78 - 32/37 - S2A_MSIL2A_20230604T090601_R050_T34SFG_20240926T190007 -> REFINED
2025-08-31 09:53:36,912 - INFO - sentinel2.py:78 - 33/37 - S2A_MSIL2A_20230604T090601_R050_T34SFG_20230604T153152 -> REFINED
2025-08-31 09:53:42,051 - INFO - sentinel2.py:78 - 34/37 - S2B_MSIL2A_20230602T091559_R093_T34SEH_20240911T003315 -> REFINED
2025-08-31 09:53:46,321 - INFO - sentinel2.py:78 - 35/37 - S2B_MSIL2A_20230602T091559_R093_T34SEH_20230602T134322 -> REFINED
2025-08-31 09:53:51,310 - INFO - sentinel2.py:78 - 36/37 - S2B_MSIL2A_20230602T091559_R093_T34SEG_20240911T003315 -> REFINED
2025-08-31 09:53:56,714 - INFO - sentinel2.py:78 - 37/37 - S2B_MSIL2A_20230602T091559_R093_T34SEG_20230602T132528 -> REFINED
2025-08-31 09:53:56,751 - INFO - composites.py:250 -                                  
2025-08-31 09:53:56,752 - INFO - composites.py:251 - 37/37 were refined by GRI.
2025-08-31 09:53:56,752 - INFO - composites.py:263 - Looking for up to 10 cleanest images within spatiotemporal range of each MGRS tile
2025-08-31 09:53:56,753 - INFO - composites.py:277 - Filtered cleanest scenes: Kept 33 out of 37 items. 
2025-08-31 09:53:56,753 - INFO - composites.py:278 -         Included MGRS Tiles: ['34SEG' '34SEH' '34SFG' '34SFH']
2025-08-31 09:53:56,753 - INFO - composites.py:279 -         Included EPSG codes: [32634]
2025-08-31 09:53:56,754 - INFO - composites.py:281 - Selected scenes:
2025-08-31 09:53:56,754 - INFO - composites.py:283 -         S2B_MSIL2A_20230622T091559_R093_T34SEG_20230622T174354
2025-08-31 09:53:56,754 - INFO - composites.py:283 -         S2A_MSIL2A_20230627T092031_R093_T34SEG_20230627T183605
2025-08-31 09:53:56,778 - INFO - composites.py:283 -         S2A_MSIL2A_20230627T092031_R093_T34SEG_20241009T222145
2025-08-31 09:53:56,778 - INFO - composites.py:283 -         S2B_MSIL2A_20230602T091559_R093_T34SEG_20230602T132528
2025-08-31 09:53:56,779 - INFO - composites.py:283 -         S2B_MSIL2A_20230602T091559_R093_T34SEG_20240911T003315
2025-08-31 09:53:56,779 - INFO - composites.py:283 -         S2B_MSIL2A_20230612T091559_R093_T34SEG_20240911T011934
2025-08-31 09:53:56,779 - INFO - composites.py:283 -         S2B_MSIL2A_20230612T091559_R093_T34SEG_20230612T133127
2025-08-31 09:53:56,779 - INFO - composites.py:283 -         S2A_MSIL2A_20230617T092031_R093_T34SEG_20230617T173539
2025-08-31 09:53:56,779 - INFO - composites.py:283 -         S2A_MSIL2A_20230617T092031_R093_T34SEG_20240926T233927
2025-08-31 09:53:56,779 - INFO - composites.py:283 -         S2B_MSIL2A_20230622T091559_R093_T34SEH_20230622T174059
2025-08-31 09:53:56,779 - INFO - composites.py:283 -         S2A_MSIL2A_20230627T092031_R093_T34SEH_20241009T222145
2025-08-31 09:53:56,779 - INFO - composites.py:283 -         S2A_MSIL2A_20230627T092031_R093_T34SEH_20230627T183223
2025-08-31 09:53:56,779 - INFO - composites.py:283 -         S2B_MSIL2A_20230602T091559_R093_T34SEH_20240911T003315
2025-08-31 09:53:56,779 - INFO - composites.py:283 -         S2B_MSIL2A_20230602T091559_R093_T34SEH_20230602T134322
2025-08-31 09:53:56,779 - INFO - composites.py:283 -         S2B_MSIL2A_20230612T091559_R093_T34SEH_20240911T011934
2025-08-31 09:53:56,779 - INFO - composites.py:283 -         S2B_MSIL2A_20230612T091559_R093_T34SEH_20230612T134200
2025-08-31 09:53:56,779 - INFO - composites.py:283 -         S2A_MSIL2A_20230617T092031_R093_T34SEH_20230617T173712
2025-08-31 09:53:56,780 - INFO - composites.py:283 -         S2A_MSIL2A_20230617T092031_R093_T34SEH_20240926T233927
2025-08-31 09:53:56,780 - INFO - composites.py:283 -         S2A_MSIL2A_20230624T090601_R050_T34SFG_20230624T154821
2025-08-31 09:53:56,780 - INFO - composites.py:283 -         S2A_MSIL2A_20230624T090601_R050_T34SFG_20240912T044526
2025-08-31 09:53:56,780 - INFO - composites.py:283 -         S2B_MSIL2A_20230629T090559_R050_T34SFG_20240926T143342
2025-08-31 09:53:56,780 - INFO - composites.py:283 -         S2B_MSIL2A_20230629T090559_R050_T34SFG_20230629T165148
2025-08-31 09:53:56,780 - INFO - composites.py:283 -         S2B_MSIL2A_20230619T090559_R050_T34SFG_20230619T133003
2025-08-31 09:53:56,780 - INFO - composites.py:283 -         S2B_MSIL2A_20230622T091559_R093_T34SFG_20230622T174055
2025-08-31 09:53:56,780 - INFO - composites.py:283 -         S2A_MSIL2A_20230614T090601_R050_T34SFG_20240909T191515
2025-08-31 09:53:56,780 - INFO - composites.py:283 -         S2A_MSIL2A_20230614T090601_R050_T34SFG_20230614T153030
2025-08-31 09:53:56,780 - INFO - composites.py:283 -         S2A_MSIL2A_20230604T090601_R050_T34SFG_20240926T190007
2025-08-31 09:53:56,780 - INFO - composites.py:283 -         S2A_MSIL2A_20230604T090601_R050_T34SFG_20230604T153152
2025-08-31 09:53:56,780 - INFO - composites.py:283 -         S2B_MSIL2A_20230622T091559_R093_T34SFH_20230622T174358
2025-08-31 09:53:56,780 - INFO - composites.py:283 -         S2A_MSIL2A_20230627T092031_R093_T34SFH_20241009T222145
2025-08-31 09:53:56,780 - INFO - composites.py:283 -         S2A_MSIL2A_20230627T092031_R093_T34SFH_20230627T183304
2025-08-31 09:53:56,780 - INFO - composites.py:283 -         S2B_MSIL2A_20230612T091559_R093_T34SFH_20240911T011934
2025-08-31 09:53:56,780 - INFO - composites.py:283 -         S2B_MSIL2A_20230612T091559_R093_T34SFH_20230612T133127
2025-08-31 09:53:57,234 - INFO - sentinel2.py:154 - Matplotlib backend: Agg
2025-08-31 09:53:57,467 - INFO - sentinel2.py:224 - Write input scenes footprint overlay: //nas-rs.topo.auth.gr/Latomeia/DROUGHT/composites/x09/y09/2023/06/01/S2L2A_medcomp_x09y09_202306_InDataFootprint.jpeg
2025-08-31 09:53:57,760 - INFO - composites.py:297 -                                  
2025-08-31 09:53:57,760 - INFO - composites.py:298 - Downstream STAC items from Planetary Computer
2025-08-31 09:53:57,760 - INFO - timeseries_processing.py:115 -                                  
2025-08-31 09:53:57,760 - INFO - timeseries_processing.py:116 - Loading bands of diferent resolutions in EPSG:32634
2025-08-31 09:53:57,760 - INFO - timeseries_processing.py:120 -     Filtering items with native UTM EPSG:32634
2025-08-31 09:53:57,760 - INFO - timeseries_processing.py:122 -     33 Items in EPSG:32634
2025-08-31 09:53:57,760 - INFO - timeseries_processing.py:129 -                        
2025-08-31 09:53:57,760 - INFO - timeseries_processing.py:130 -     Loading parameters:
2025-08-31 09:53:57,760 - INFO - timeseries_processing.py:131 -         Bands: ['B05', 'B07', 'B8A', 'SCL']
2025-08-31 09:53:57,760 - INFO - timeseries_processing.py:132 -         Spatial resolution: 20
2025-08-31 09:53:57,760 - INFO - timeseries_processing.py:134 -         Get Assets from STAC Items
2025-08-31 09:53:57,760 - INFO - timeseries_processing.py:47 -         Initialize the STAC client
2025-08-31 09:53:58,456 - INFO - timeseries_processing.py:137 -         Loading 33 STAC Items....
2025-08-31 09:55:36,613 - INFO - timeseries_processing.py:146 -         Cube has been downloaded
2025-08-31 09:55:36,614 - INFO - timeseries_processing.py:156 -         Fix order of dimensions
2025-08-31 09:55:36,615 - INFO - timeseries_processing.py:161 -         Append bands to the band-list of EPSG:32634
2025-08-31 09:55:36,616 - INFO - timeseries_processing.py:129 -                        
2025-08-31 09:55:36,616 - INFO - timeseries_processing.py:130 -     Loading parameters:
2025-08-31 09:55:36,616 - INFO - timeseries_processing.py:131 -         Bands: ['B02', 'B03', 'B04']
2025-08-31 09:55:36,616 - INFO - timeseries_processing.py:132 -         Spatial resolution: 10
2025-08-31 09:55:36,616 - INFO - timeseries_processing.py:134 -         Get Assets from STAC Items
2025-08-31 09:55:36,620 - INFO - timeseries_processing.py:47 -         Initialize the STAC client
2025-08-31 09:55:37,118 - INFO - timeseries_processing.py:137 -         Loading 33 STAC Items....
2025-08-31 09:58:21,255 - INFO - timeseries_processing.py:146 -         Cube has been downloaded
2025-08-31 09:58:21,255 - INFO - timeseries_processing.py:149 -         Reproject to downsample 10m bands to 20m by Resampling.average 2x2 binning and shape matching with odc.geo.GeoBox
2025-08-31 09:58:33,918 - INFO - timeseries_processing.py:161 -         Append bands to the band-list of EPSG:32634
2025-08-31 09:58:33,918 - INFO - timeseries_processing.py:165 -                        
2025-08-31 09:58:33,918 - INFO - timeseries_processing.py:166 -     Merging bands in a single dataset
2025-08-31 09:58:33,919 - INFO - timeseries_processing.py:167 -     Ensure all partial datasets are at (x=20, y=-20) resolution
2025-08-31 09:58:33,919 - INFO - timeseries_processing.py:171 -     Clip to the intersection of indexes
2025-08-31 09:58:35,294 - INFO - timeseries_processing.py:180 -     Make a list of bands to merge
2025-08-31 09:58:35,295 - INFO - timeseries_processing.py:184 -     Merge on intersection
2025-08-31 09:58:35,296 - INFO - timeseries_processing.py:192 -     Apply masks on clouds, shadows, thin cirrus, and snow/ice
2025-08-31 09:58:35,296 - INFO - sentinel2.py:122 -                Masking bits: [3, 7, 8, 9, 10, 11]
2025-08-31 09:58:36,471 - INFO - composites.py:307 - Reproject from UTM Zone to Tile geometry -> CRS(EPSG:32634), Resampling.bilinear
2025-08-31 09:58:43,183 - INFO - composites.py:310 -     New shape of datasets: Shape2d(x=2400, y=2400)
2025-08-31 09:58:43,873 - INFO - composites.py:329 - Scale SR to Sen2Cor Baseline 4.00 - Subtract 1000 in dates post 2022-01-25
2025-08-31 09:58:45,335 - INFO - composites.py:342 - Creating preview plot of input scenes
2025-08-31 09:59:18,417 - INFO - timeseries_processing.py:349 - Saved preview for 'B04' to //nas-rs.topo.auth.gr/Latomeia/DROUGHT/composites/x09/y09/2023/06/01/S2L2A_medcomp_x09y09_202306_InDataPreview.jpeg
2025-08-31 09:59:18,423 - INFO - composites.py:348 - Clip value range
2025-08-31 09:59:20,331 - INFO - composites.py:353 -                           
2025-08-31 09:59:20,332 - INFO - composites.py:354 - Computing spectral indices:
2025-08-31 09:59:20,332 - INFO - composites.py:357 -     EVI...
2025-08-31 09:59:21,629 - INFO - composites.py:359 -     NDVI...
2025-08-31 09:59:22,024 - INFO - composites.py:361 -     PSRI2...
2025-08-31 09:59:22,320 - INFO - composites.py:364 - Clip to typical value range
2025-08-31 09:59:22,747 - INFO - composites.py:371 - Reducing to median value temporal composite
2025-08-31 09:59:46,628 - INFO - composites.py:390 - Scale and Define data types & nodata per band
2025-08-31 09:59:46,751 - INFO - composites.py:411 - Assign time range and tile ID in metadata
2025-08-31 09:59:46,751 - INFO - composites.py:419 - Write bands to raster COG files
2025-08-31 09:59:50,573 - INFO - composites.py:432 - Write B02 -> //nas-rs.topo.auth.gr/Latomeia/DROUGHT/composites/x09/y09/2023/06/01/S2L2A_medcomp_x09y09_202306_B02.tif
2025-08-31 09:59:54,499 - INFO - composites.py:432 - Write B03 -> //nas-rs.topo.auth.gr/Latomeia/DROUGHT/composites/x09/y09/2023/06/01/S2L2A_medcomp_x09y09_202306_B03.tif
2025-08-31 09:59:58,313 - INFO - composites.py:432 - Write B04 -> //nas-rs.topo.auth.gr/Latomeia/DROUGHT/composites/x09/y09/2023/06/01/S2L2A_medcomp_x09y09_202306_B04.tif
2025-08-31 10:00:02,665 - INFO - composites.py:432 - Write B05 -> //nas-rs.topo.auth.gr/Latomeia/DROUGHT/composites/x09/y09/2023/06/01/S2L2A_medcomp_x09y09_202306_B05.tif
2025-08-31 10:00:07,386 - INFO - composites.py:432 - Write B07 -> //nas-rs.topo.auth.gr/Latomeia/DROUGHT/composites/x09/y09/2023/06/01/S2L2A_medcomp_x09y09_202306_B07.tif
2025-08-31 10:00:11,519 - INFO - composites.py:432 - Write B8A -> //nas-rs.topo.auth.gr/Latomeia/DROUGHT/composites/x09/y09/2023/06/01/S2L2A_medcomp_x09y09_202306_B8A.tif
2025-08-31 10:00:15,403 - INFO - composites.py:432 - Write EVI -> //nas-rs.topo.auth.gr/Latomeia/DROUGHT/composites/x09/y09/2023/06/01/S2L2A_medcomp_x09y09_202306_EVI.tif
2025-08-31 10:00:19,218 - INFO - composites.py:432 - Write NDVI -> //nas-rs.topo.auth.gr/Latomeia/DROUGHT/composites/x09/y09/2023/06/01/S2L2A_medcomp_x09y09_202306_NDVI.tif
2025-08-31 10:00:22,956 - INFO - composites.py:432 - Write PSRI2 -> //nas-rs.topo.auth.gr/Latomeia/DROUGHT/composites/x09/y09/2023/06/01/S2L2A_medcomp_x09y09_202306_PSRI2.tif
2025-08-31 10:00:22,966 - INFO - composites.py:436 - Prepare metadata YAML document
2025-08-31 10:00:23,460 - INFO - composites.py:458 - Write metadata YAML document to disk
2025-08-31 10:00:23,486 - INFO - composites.py:463 - Create datacube.model.Dataset from eo3 metadata
2025-08-31 10:00:23,499 - INFO - composites.py:476 - Index to datacube
2025-08-31 10:00:23,499 - INFO - _datasets.py:191 - Indexing ef81e87d-efdb-4f47-8014-dfb1e704bc8d
2025-08-31 10:00:23,508 - INFO - composites.py:479 - 
2025-08-31 10:00:23,508 - INFO - composites.py:480 -              ✔✔✔ COMPLETED: Tile x09_y09 | Time: 2023-06 | In 9.68 minutes
2025-08-31 10:00:23,508 - INFO - composites.py:481 - 
2025-08-31 10:00:23,508 - INFO - composites.py:489 - Closing Dask client
2025-08-31 10:00:23,514 - INFO - composites.py:493 - Closing Dask cluster
2025-08-31 10:00:23,514 - INFO - composites.py:494 - #######################################################################
