2025-09-03 14:02:02,764 - INFO - composites.py:102 - #######################################################################
2025-09-03 14:02:02,764 - INFO - composites.py:104 - Processing started
2025-09-03 14:02:02,764 - INFO - composites.py:105 -         Tile: x08_y12
2025-09-03 14:02:02,765 - INFO - composites.py:106 -         Time: 2025-06
2025-09-03 14:02:02,765 - INFO - composites.py:109 -                           
2025-09-03 14:02:02,765 - INFO - composites.py:110 - Establishing connection to datacube
2025-09-03 14:02:03,274 - INFO - composites.py:113 -                           
2025-09-03 14:02:03,275 - INFO - composites.py:114 - Sanity test: Check if dataset already exists in the datacube
2025-09-03 14:02:03,298 - INFO - composites.py:133 - The composite requested was not found and it will be computed
2025-09-03 14:02:03,298 - INFO - composites.py:136 -                                  
2025-09-03 14:02:03,298 - INFO - composites.py:137 - Initializing Dask cluster for parallelization
2025-09-03 14:02:08,354 - INFO - composites.py:161 - Dask dashboard is available at: http://127.0.0.1:8787/status
2025-09-03 14:02:08,354 - INFO - composites.py:164 - Create directories and naming conversions
2025-09-03 14:02:08,367 - INFO - composites.py:177 - Dataset location: //nas-rs.topo.auth.gr/Latomeia/DROUGHT/composites/x08/y12/2025/06/01
2025-09-03 14:02:08,367 - INFO - composites.py:180 -                           
2025-09-03 14:02:08,367 - INFO - composites.py:181 - Retrieve tile geometry
2025-09-03 14:02:08,394 - INFO - composites.py:192 - Create the Bounding Box (φ,λ)
2025-09-03 14:02:08,394 - INFO - composites.py:198 - Create the Bounding Box (x,y)
2025-09-03 14:02:08,395 - INFO - composites.py:211 -                           
2025-09-03 14:02:08,395 - INFO - composites.py:212 - Connect to Planetary Computer STAC Catalog
2025-09-03 14:02:08,609 - INFO - composites.py:220 - Search the STAC Catalog
2025-09-03 14:02:08,679 - INFO - composites.py:232 -         Query parameters:
2025-09-03 14:02:08,679 - INFO - composites.py:233 -             url:          https://planetarycomputer.microsoft.com/api/stac/v1/search
2025-09-03 14:02:08,679 - INFO - composites.py:234 -             client:       microsoft-pc
2025-09-03 14:02:08,679 - INFO - composites.py:235 -             collection:   sentinel-2-l2a
2025-09-03 14:02:08,679 - INFO - composites.py:236 -             bbox:         (21.54502923200265, 38.72053801140399, 22.218704170873913, 39.26725432685642)
2025-09-03 14:02:08,679 - INFO - composites.py:237 -             time range:   2025-06-01T00:00:00Z/2025-06-30T23:59:59Z
2025-09-03 14:02:08,679 - INFO - composites.py:238 -             cloud cover:  0% - 70%
2025-09-03 14:02:08,679 - INFO - composites.py:239 -             nodata cover: 0% - 33%
2025-09-03 14:02:08,679 - INFO - composites.py:241 -                           
2025-09-03 14:02:08,679 - INFO - composites.py:242 - Searching...
2025-09-03 14:02:09,207 - INFO - composites.py:245 - Query found 36 items
2025-09-03 14:02:09,207 - INFO - composites.py:247 - Searching for GRI REFINED scenes:
2025-09-03 14:02:16,164 - INFO - sentinel2.py:78 - 1/36 - S2A_MSIL2A_20250628T092041_R093_T34SFJ_20250628T125303 -> REFINED
2025-09-03 14:02:24,325 - INFO - sentinel2.py:78 - 2/36 - S2A_MSIL2A_20250628T092041_R093_T34SFH_20250628T125303 -> REFINED
2025-09-03 14:02:32,494 - INFO - sentinel2.py:78 - 3/36 - S2A_MSIL2A_20250628T092041_R093_T34SEJ_20250628T125303 -> REFINED
2025-09-03 14:02:39,438 - INFO - sentinel2.py:78 - 4/36 - S2A_MSIL2A_20250628T092041_R093_T34SEH_20250628T125303 -> REFINED
2025-09-03 14:02:46,367 - INFO - sentinel2.py:78 - 5/36 - S2C_MSIL2A_20250626T092051_R093_T34SFJ_20250626T131216 -> REFINED
2025-09-03 14:02:53,887 - INFO - sentinel2.py:78 - 6/36 - S2C_MSIL2A_20250626T092051_R093_T34SFH_20250626T131216 -> REFINED
2025-09-03 14:03:00,620 - INFO - sentinel2.py:78 - 7/36 - S2C_MSIL2A_20250626T092051_R093_T34SEJ_20250626T131216 -> REFINED
2025-09-03 14:03:08,109 - INFO - sentinel2.py:78 - 8/36 - S2C_MSIL2A_20250626T092051_R093_T34SEH_20250626T131216 -> REFINED
2025-09-03 14:03:15,238 - INFO - sentinel2.py:78 - 9/36 - S2B_MSIL2A_20250621T092029_R093_T34SFJ_20250621T102719 -> REFINED
2025-09-03 14:03:22,650 - INFO - sentinel2.py:78 - 10/36 - S2B_MSIL2A_20250621T092029_R093_T34SFH_20250621T102719 -> REFINED
2025-09-03 14:03:28,735 - INFO - sentinel2.py:78 - 11/36 - S2B_MSIL2A_20250621T092029_R093_T34SEJ_20250621T102719 -> REFINED
2025-09-03 14:03:34,911 - INFO - sentinel2.py:78 - 12/36 - S2B_MSIL2A_20250621T092029_R093_T34SEH_20250621T102719 -> REFINED
2025-09-03 14:03:41,642 - INFO - sentinel2.py:78 - 13/36 - S2A_MSIL2A_20250618T092231_R093_T34SFJ_20250618T114601 -> REFINED
2025-09-03 14:03:49,306 - INFO - sentinel2.py:78 - 14/36 - S2A_MSIL2A_20250618T092231_R093_T34SFH_20250618T114601 -> REFINED
2025-09-03 14:03:55,634 - INFO - sentinel2.py:78 - 15/36 - S2A_MSIL2A_20250618T092231_R093_T34SEJ_20250618T114601 -> REFINED
2025-09-03 14:04:02,360 - INFO - sentinel2.py:78 - 16/36 - S2A_MSIL2A_20250618T092231_R093_T34SEH_20250618T114601 -> REFINED
2025-09-03 14:04:08,599 - INFO - sentinel2.py:78 - 17/36 - S2C_MSIL2A_20250616T092051_R093_T34SFJ_20250616T120017 -> REFINED
2025-09-03 14:04:15,848 - INFO - sentinel2.py:78 - 18/36 - S2C_MSIL2A_20250616T092051_R093_T34SFH_20250616T120017 -> REFINED
2025-09-03 14:04:22,074 - INFO - sentinel2.py:78 - 19/36 - S2C_MSIL2A_20250616T092051_R093_T34SEJ_20250616T120017 -> REFINED
2025-09-03 14:04:28,983 - INFO - sentinel2.py:78 - 20/36 - S2C_MSIL2A_20250616T092051_R093_T34SEH_20250616T120017 -> REFINED
2025-09-03 14:04:36,388 - INFO - sentinel2.py:78 - 21/36 - S2B_MSIL2A_20250611T092029_R093_T34SFJ_20250611T121714 -> REFINED
2025-09-03 14:04:43,133 - INFO - sentinel2.py:78 - 22/36 - S2B_MSIL2A_20250611T092029_R093_T34SFH_20250611T121714 -> REFINED
2025-09-03 14:04:50,313 - INFO - sentinel2.py:78 - 23/36 - S2B_MSIL2A_20250611T092029_R093_T34SEJ_20250611T121714 -> REFINED
2025-09-03 14:04:56,839 - INFO - sentinel2.py:78 - 24/36 - S2B_MSIL2A_20250611T092029_R093_T34SEH_20250611T121714 -> REFINED
2025-09-03 14:05:04,122 - INFO - sentinel2.py:78 - 25/36 - S2A_MSIL2A_20250608T092041_R093_T34SFJ_20250608T121913 -> REFINED
2025-09-03 14:05:11,570 - INFO - sentinel2.py:78 - 26/36 - S2A_MSIL2A_20250608T092041_R093_T34SFH_20250608T121913 -> REFINED
2025-09-03 14:05:18,189 - INFO - sentinel2.py:78 - 27/36 - S2A_MSIL2A_20250608T092041_R093_T34SEJ_20250608T121913 -> REFINED
2025-09-03 14:05:25,120 - INFO - sentinel2.py:78 - 28/36 - S2A_MSIL2A_20250608T092041_R093_T34SEH_20250608T121913 -> REFINED
2025-09-03 14:05:31,798 - INFO - sentinel2.py:78 - 29/36 - S2C_MSIL2A_20250606T092051_R093_T34SFJ_20250606T121513 -> REFINED
2025-09-03 14:05:38,967 - INFO - sentinel2.py:78 - 30/36 - S2C_MSIL2A_20250606T092051_R093_T34SFH_20250606T121513 -> REFINED
2025-09-03 14:05:45,697 - INFO - sentinel2.py:78 - 31/36 - S2C_MSIL2A_20250606T092051_R093_T34SEJ_20250606T121513 -> REFINED
2025-09-03 14:05:52,080 - INFO - sentinel2.py:78 - 32/36 - S2C_MSIL2A_20250606T092051_R093_T34SEH_20250606T121513 -> REFINED
2025-09-03 14:05:59,374 - INFO - sentinel2.py:78 - 33/36 - S2B_MSIL2A_20250601T092029_R093_T34SFJ_20250601T113837 -> REFINED
2025-09-03 14:06:05,647 - INFO - sentinel2.py:78 - 34/36 - S2B_MSIL2A_20250601T092029_R093_T34SFH_20250601T113837 -> REFINED
2025-09-03 14:06:13,351 - INFO - sentinel2.py:78 - 35/36 - S2B_MSIL2A_20250601T092029_R093_T34SEJ_20250601T113837 -> REFINED
2025-09-03 14:06:20,520 - INFO - sentinel2.py:78 - 36/36 - S2B_MSIL2A_20250601T092029_R093_T34SEH_20250601T113837 -> REFINED
2025-09-03 14:06:20,567 - INFO - composites.py:250 -                                  
2025-09-03 14:06:20,568 - INFO - composites.py:251 - 36/36 were refined by GRI.
2025-09-03 14:06:20,568 - INFO - composites.py:263 - Looking for up to 10 cleanest images within spatiotemporal range of each MGRS tile
2025-09-03 14:06:20,568 - INFO - composites.py:277 - Filtered cleanest scenes: Kept 36 out of 36 items. 
2025-09-03 14:06:20,569 - INFO - composites.py:278 -         Included MGRS Tiles: ['34SEH' '34SEJ' '34SFH' '34SFJ']
2025-09-03 14:06:20,569 - INFO - composites.py:279 -         Included EPSG codes: [32634]
2025-09-03 14:06:20,569 - INFO - composites.py:281 - Selected scenes:
2025-09-03 14:06:20,574 - INFO - composites.py:283 -         S2C_MSIL2A_20250626T092051_R093_T34SEH_20250626T131216
2025-09-03 14:06:20,575 - INFO - composites.py:283 -         S2B_MSIL2A_20250611T092029_R093_T34SEH_20250611T121714
2025-09-03 14:06:20,575 - INFO - composites.py:283 -         S2A_MSIL2A_20250618T092231_R093_T34SEH_20250618T114601
2025-09-03 14:06:20,575 - INFO - composites.py:283 -         S2A_MSIL2A_20250608T092041_R093_T34SEH_20250608T121913
2025-09-03 14:06:20,575 - INFO - composites.py:283 -         S2C_MSIL2A_20250606T092051_R093_T34SEH_20250606T121513
2025-09-03 14:06:20,575 - INFO - composites.py:283 -         S2C_MSIL2A_20250616T092051_R093_T34SEH_20250616T120017
2025-09-03 14:06:20,575 - INFO - composites.py:283 -         S2B_MSIL2A_20250621T092029_R093_T34SEH_20250621T102719
2025-09-03 14:06:20,575 - INFO - composites.py:283 -         S2A_MSIL2A_20250628T092041_R093_T34SEH_20250628T125303
2025-09-03 14:06:20,575 - INFO - composites.py:283 -         S2B_MSIL2A_20250601T092029_R093_T34SEH_20250601T113837
2025-09-03 14:06:20,575 - INFO - composites.py:283 -         S2C_MSIL2A_20250626T092051_R093_T34SEJ_20250626T131216
2025-09-03 14:06:20,575 - INFO - composites.py:283 -         S2A_MSIL2A_20250618T092231_R093_T34SEJ_20250618T114601
2025-09-03 14:06:20,575 - INFO - composites.py:283 -         S2A_MSIL2A_20250608T092041_R093_T34SEJ_20250608T121913
2025-09-03 14:06:20,575 - INFO - composites.py:283 -         S2C_MSIL2A_20250606T092051_R093_T34SEJ_20250606T121513
2025-09-03 14:06:20,575 - INFO - composites.py:283 -         S2B_MSIL2A_20250611T092029_R093_T34SEJ_20250611T121714
2025-09-03 14:06:20,575 - INFO - composites.py:283 -         S2C_MSIL2A_20250616T092051_R093_T34SEJ_20250616T120017
2025-09-03 14:06:20,575 - INFO - composites.py:283 -         S2B_MSIL2A_20250621T092029_R093_T34SEJ_20250621T102719
2025-09-03 14:06:20,575 - INFO - composites.py:283 -         S2A_MSIL2A_20250628T092041_R093_T34SEJ_20250628T125303
2025-09-03 14:06:20,576 - INFO - composites.py:283 -         S2B_MSIL2A_20250601T092029_R093_T34SEJ_20250601T113837
2025-09-03 14:06:20,576 - INFO - composites.py:283 -         S2B_MSIL2A_20250611T092029_R093_T34SFH_20250611T121714
2025-09-03 14:06:20,576 - INFO - composites.py:283 -         S2C_MSIL2A_20250626T092051_R093_T34SFH_20250626T131216
2025-09-03 14:06:20,576 - INFO - composites.py:283 -         S2A_MSIL2A_20250608T092041_R093_T34SFH_20250608T121913
2025-09-03 14:06:20,576 - INFO - composites.py:283 -         S2C_MSIL2A_20250616T092051_R093_T34SFH_20250616T120017
2025-09-03 14:06:20,576 - INFO - composites.py:283 -         S2C_MSIL2A_20250606T092051_R093_T34SFH_20250606T121513
2025-09-03 14:06:20,576 - INFO - composites.py:283 -         S2A_MSIL2A_20250628T092041_R093_T34SFH_20250628T125303
2025-09-03 14:06:20,576 - INFO - composites.py:283 -         S2A_MSIL2A_20250618T092231_R093_T34SFH_20250618T114601
2025-09-03 14:06:20,576 - INFO - composites.py:283 -         S2B_MSIL2A_20250601T092029_R093_T34SFH_20250601T113837
2025-09-03 14:06:20,576 - INFO - composites.py:283 -         S2B_MSIL2A_20250621T092029_R093_T34SFH_20250621T102719
2025-09-03 14:06:20,576 - INFO - composites.py:283 -         S2C_MSIL2A_20250626T092051_R093_T34SFJ_20250626T131216
2025-09-03 14:06:20,576 - INFO - composites.py:283 -         S2A_MSIL2A_20250608T092041_R093_T34SFJ_20250608T121913
2025-09-03 14:06:20,576 - INFO - composites.py:283 -         S2B_MSIL2A_20250611T092029_R093_T34SFJ_20250611T121714
2025-09-03 14:06:20,576 - INFO - composites.py:283 -         S2C_MSIL2A_20250616T092051_R093_T34SFJ_20250616T120017
2025-09-03 14:06:20,576 - INFO - composites.py:283 -         S2A_MSIL2A_20250628T092041_R093_T34SFJ_20250628T125303
2025-09-03 14:06:20,576 - INFO - composites.py:283 -         S2A_MSIL2A_20250618T092231_R093_T34SFJ_20250618T114601
2025-09-03 14:06:20,576 - INFO - composites.py:283 -         S2C_MSIL2A_20250606T092051_R093_T34SFJ_20250606T121513
2025-09-03 14:06:20,576 - INFO - composites.py:283 -         S2B_MSIL2A_20250621T092029_R093_T34SFJ_20250621T102719
2025-09-03 14:06:20,576 - INFO - composites.py:283 -         S2B_MSIL2A_20250601T092029_R093_T34SFJ_20250601T113837
2025-09-03 14:06:21,044 - INFO - sentinel2.py:154 - Matplotlib backend: Agg
2025-09-03 14:06:21,323 - INFO - sentinel2.py:224 - Write input scenes footprint overlay: //nas-rs.topo.auth.gr/Latomeia/DROUGHT/composites/x08/y12/2025/06/01/S2L2A_medcomp_x08y12_202506_InDataFootprint.jpeg
2025-09-03 14:06:21,589 - INFO - composites.py:297 -                                  
2025-09-03 14:06:21,589 - INFO - composites.py:298 - Downstream STAC items from Planetary Computer
2025-09-03 14:06:21,589 - INFO - timeseries_processing.py:115 -                                  
2025-09-03 14:06:21,589 - INFO - timeseries_processing.py:116 - Loading bands of diferent resolutions in EPSG:32634
2025-09-03 14:06:21,589 - INFO - timeseries_processing.py:120 -     Filtering items with native UTM EPSG:32634
2025-09-03 14:06:21,589 - INFO - timeseries_processing.py:122 -     36 Items in EPSG:32634
2025-09-03 14:06:21,589 - INFO - timeseries_processing.py:129 -                        
2025-09-03 14:06:21,589 - INFO - timeseries_processing.py:130 -     Loading parameters:
2025-09-03 14:06:21,589 - INFO - timeseries_processing.py:131 -         Bands: ['B05', 'B07', 'B8A', 'SCL']
2025-09-03 14:06:21,590 - INFO - timeseries_processing.py:132 -         Spatial resolution: 20
2025-09-03 14:06:21,590 - INFO - timeseries_processing.py:134 -         Get Assets from STAC Items
2025-09-03 14:06:21,590 - INFO - timeseries_processing.py:47 -         Initialize the STAC client
2025-09-03 14:06:22,411 - INFO - timeseries_processing.py:137 -         Loading 36 STAC Items....
2025-09-03 14:07:10,682 - INFO - timeseries_processing.py:146 -         Cube has been downloaded
2025-09-03 14:07:10,698 - INFO - timeseries_processing.py:156 -         Fix order of dimensions
2025-09-03 14:07:10,699 - INFO - timeseries_processing.py:161 -         Append bands to the band-list of EPSG:32634
2025-09-03 14:07:10,699 - INFO - timeseries_processing.py:129 -                        
2025-09-03 14:07:10,699 - INFO - timeseries_processing.py:130 -     Loading parameters:
2025-09-03 14:07:10,699 - INFO - timeseries_processing.py:131 -         Bands: ['B02', 'B03', 'B04']
2025-09-03 14:07:10,699 - INFO - timeseries_processing.py:132 -         Spatial resolution: 10
2025-09-03 14:07:10,700 - INFO - timeseries_processing.py:134 -         Get Assets from STAC Items
2025-09-03 14:07:10,700 - INFO - timeseries_processing.py:47 -         Initialize the STAC client
2025-09-03 14:07:11,430 - INFO - timeseries_processing.py:137 -         Loading 36 STAC Items....
2025-09-03 14:11:10,181 - INFO - timeseries_processing.py:146 -         Cube has been downloaded
2025-09-03 14:11:10,181 - INFO - timeseries_processing.py:149 -         Reproject to downsample 10m bands to 20m by Resampling.average 2x2 binning and shape matching with odc.geo.GeoBox
2025-09-03 14:11:24,257 - INFO - timeseries_processing.py:161 -         Append bands to the band-list of EPSG:32634
2025-09-03 14:11:24,257 - INFO - timeseries_processing.py:165 -                        
2025-09-03 14:11:24,257 - INFO - timeseries_processing.py:166 -     Merging bands in a single dataset
2025-09-03 14:11:24,257 - INFO - timeseries_processing.py:167 -     Ensure all partial datasets are at (x=20, y=-20) resolution
2025-09-03 14:11:24,257 - INFO - timeseries_processing.py:171 -     Clip to the intersection of indexes
2025-09-03 14:11:25,306 - INFO - timeseries_processing.py:180 -     Make a list of bands to merge
2025-09-03 14:11:25,307 - INFO - timeseries_processing.py:184 -     Merge on intersection
2025-09-03 14:11:25,309 - INFO - timeseries_processing.py:192 -     Apply masks on clouds, shadows, thin cirrus, and snow/ice
2025-09-03 14:11:25,309 - INFO - sentinel2.py:122 -                Masking bits: [3, 7, 8, 9, 10, 11]
2025-09-03 14:11:26,410 - INFO - composites.py:307 - Reproject from UTM Zone to Tile geometry -> CRS(EPSG:32634), Resampling.bilinear
2025-09-03 14:11:32,473 - INFO - composites.py:310 -     New shape of datasets: Shape2d(x=2400, y=2400)
2025-09-03 14:11:33,196 - INFO - composites.py:329 - Scale SR to Sen2Cor Baseline 4.00 - Subtract 1000 in dates post 2022-01-25
2025-09-03 14:11:34,684 - INFO - composites.py:342 - Creating preview plot of input scenes
2025-09-03 14:12:07,632 - INFO - timeseries_processing.py:349 - Saved preview for 'B04' to //nas-rs.topo.auth.gr/Latomeia/DROUGHT/composites/x08/y12/2025/06/01/S2L2A_medcomp_x08y12_202506_InDataPreview.jpeg
2025-09-03 14:12:07,637 - INFO - composites.py:348 - Clip value range
2025-09-03 14:12:09,671 - INFO - composites.py:353 -                           
2025-09-03 14:12:09,671 - INFO - composites.py:354 - Computing spectral indices:
2025-09-03 14:12:09,671 - INFO - composites.py:357 -     EVI...
2025-09-03 14:12:10,842 - INFO - composites.py:359 -     NDVI...
2025-09-03 14:12:11,203 - INFO - composites.py:361 -     PSRI2...
2025-09-03 14:12:11,534 - INFO - composites.py:364 - Clip to typical value range
2025-09-03 14:12:11,914 - INFO - composites.py:371 - Reducing to median value temporal composite
2025-09-03 14:12:39,539 - INFO - composites.py:390 - Scale and Define data types & nodata per band
2025-09-03 14:12:39,765 - INFO - composites.py:411 - Assign time range and tile ID in metadata
2025-09-03 14:12:39,771 - INFO - composites.py:419 - Write bands to raster COG files
2025-09-03 14:12:43,984 - INFO - composites.py:432 - Write B02 -> //nas-rs.topo.auth.gr/Latomeia/DROUGHT/composites/x08/y12/2025/06/01/S2L2A_medcomp_x08y12_202506_B02.tif
2025-09-03 14:12:48,080 - INFO - composites.py:432 - Write B03 -> //nas-rs.topo.auth.gr/Latomeia/DROUGHT/composites/x08/y12/2025/06/01/S2L2A_medcomp_x08y12_202506_B03.tif
2025-09-03 14:12:52,296 - INFO - composites.py:432 - Write B04 -> //nas-rs.topo.auth.gr/Latomeia/DROUGHT/composites/x08/y12/2025/06/01/S2L2A_medcomp_x08y12_202506_B04.tif
2025-09-03 14:12:56,271 - INFO - composites.py:432 - Write B05 -> //nas-rs.topo.auth.gr/Latomeia/DROUGHT/composites/x08/y12/2025/06/01/S2L2A_medcomp_x08y12_202506_B05.tif
2025-09-03 14:13:00,206 - INFO - composites.py:432 - Write B07 -> //nas-rs.topo.auth.gr/Latomeia/DROUGHT/composites/x08/y12/2025/06/01/S2L2A_medcomp_x08y12_202506_B07.tif
2025-09-03 14:13:04,480 - INFO - composites.py:432 - Write B8A -> //nas-rs.topo.auth.gr/Latomeia/DROUGHT/composites/x08/y12/2025/06/01/S2L2A_medcomp_x08y12_202506_B8A.tif
2025-09-03 14:13:09,056 - INFO - composites.py:432 - Write EVI -> //nas-rs.topo.auth.gr/Latomeia/DROUGHT/composites/x08/y12/2025/06/01/S2L2A_medcomp_x08y12_202506_EVI.tif
2025-09-03 14:13:13,653 - INFO - composites.py:432 - Write NDVI -> //nas-rs.topo.auth.gr/Latomeia/DROUGHT/composites/x08/y12/2025/06/01/S2L2A_medcomp_x08y12_202506_NDVI.tif
2025-09-03 14:13:17,803 - INFO - composites.py:432 - Write PSRI2 -> //nas-rs.topo.auth.gr/Latomeia/DROUGHT/composites/x08/y12/2025/06/01/S2L2A_medcomp_x08y12_202506_PSRI2.tif
2025-09-03 14:13:17,803 - INFO - composites.py:436 - Prepare metadata YAML document
2025-09-03 14:13:18,376 - INFO - composites.py:458 - Write metadata YAML document to disk
2025-09-03 14:13:18,414 - INFO - composites.py:463 - Create datacube.model.Dataset from eo3 metadata
2025-09-03 14:13:18,423 - INFO - composites.py:476 - Index to datacube
2025-09-03 14:13:18,425 - INFO - _datasets.py:191 - Indexing 5b610239-5061-430f-b5a2-5eee72ddd633
2025-09-03 14:13:18,432 - INFO - composites.py:479 - 
2025-09-03 14:13:18,432 - INFO - composites.py:480 -              ✔✔✔ COMPLETED: Tile x08_y12 | Time: 2025-06 | In 11.26 minutes
2025-09-03 14:13:18,432 - INFO - composites.py:481 - 
2025-09-03 14:13:18,432 - INFO - composites.py:489 - Closing Dask client
2025-09-03 14:13:18,435 - INFO - composites.py:493 - Closing Dask cluster
2025-09-03 14:13:18,435 - INFO - composites.py:494 - #######################################################################
