2025-08-30 13:41:35,060 - INFO - composites.py:102 - #######################################################################
2025-08-30 13:41:35,060 - INFO - composites.py:104 - Processing started
2025-08-30 13:41:35,060 - INFO - composites.py:105 -         Tile: x09_y10
2025-08-30 13:41:35,060 - INFO - composites.py:106 -         Time: 2022-11
2025-08-30 13:41:35,060 - INFO - composites.py:109 -                           
2025-08-30 13:41:35,060 - INFO - composites.py:110 - Establishing connection to datacube
2025-08-30 13:41:35,850 - INFO - composites.py:113 -                           
2025-08-30 13:41:35,850 - INFO - composites.py:114 - Sanity test: Check if dataset already exists in the datacube
2025-08-30 13:41:35,871 - INFO - composites.py:133 - The composite requested was not found and it will be computed
2025-08-30 13:41:35,871 - INFO - composites.py:136 -                                  
2025-08-30 13:41:35,871 - INFO - composites.py:137 - Initializing Dask cluster for parallelization
2025-08-30 13:41:41,485 - INFO - composites.py:161 - Dask dashboard is available at: http://127.0.0.1:8787/status
2025-08-30 13:41:41,486 - INFO - composites.py:164 - Create directories and naming conversions
2025-08-30 13:41:41,497 - INFO - composites.py:177 - Dataset location: //nas-rs.topo.auth.gr/Latomeia/DROUGHT/composites/x09/y10/2022/11/01
2025-08-30 13:41:41,498 - INFO - composites.py:180 -                           
2025-08-30 13:41:41,498 - INFO - composites.py:181 - Retrieve tile geometry
2025-08-30 13:41:41,536 - INFO - composites.py:192 - Create the Bounding Box (φ,λ)
2025-08-30 13:41:41,536 - INFO - composites.py:198 - Create the Bounding Box (x,y)
2025-08-30 13:41:41,536 - INFO - composites.py:211 -                           
2025-08-30 13:41:41,536 - INFO - composites.py:212 - Connect to Planetary Computer STAC Catalog
2025-08-30 13:41:41,780 - INFO - composites.py:220 - Search the STAC Catalog
2025-08-30 13:41:41,849 - INFO - composites.py:232 -         Query parameters:
2025-08-30 13:41:41,850 - INFO - composites.py:233 -             url:          https://planetarycomputer.microsoft.com/api/stac/v1/search
2025-08-30 13:41:41,850 - INFO - composites.py:234 -             client:       microsoft-pc
2025-08-30 13:41:41,850 - INFO - composites.py:235 -             collection:   sentinel-2-l2a
2025-08-30 13:41:41,850 - INFO - composites.py:236 -             bbox:         (21.934886085480986, 37.792474572166405, 22.60144615074973, 38.34135632905737)
2025-08-30 13:41:41,850 - INFO - composites.py:237 -             time range:   2022-11-01T00:00:00Z/2022-11-30T23:59:59Z
2025-08-30 13:41:41,850 - INFO - composites.py:238 -             cloud cover:  0% - 70%
2025-08-30 13:41:41,850 - INFO - composites.py:239 -             nodata cover: 0% - 33%
2025-08-30 13:41:41,850 - INFO - composites.py:241 -                           
2025-08-30 13:41:41,850 - INFO - composites.py:242 - Searching...
2025-08-30 13:41:42,346 - INFO - composites.py:245 - Query found 28 items
2025-08-30 13:41:42,348 - INFO - composites.py:247 - Searching for GRI REFINED scenes:
2025-08-30 13:41:47,826 - INFO - sentinel2.py:78 - 1/28 - S2A_MSIL2A_20221129T092331_R093_T34SFG_20221201T032707 -> REFINED
2025-08-30 13:41:53,905 - INFO - sentinel2.py:78 - 2/28 - S2A_MSIL2A_20221129T092331_R093_T34SEH_20221201T050335 -> REFINED
2025-08-30 13:41:59,547 - INFO - sentinel2.py:78 - 3/28 - S2A_MSIL2A_20221129T092331_R093_T34SEG_20221201T035704 -> REFINED
2025-08-30 13:42:06,511 - INFO - sentinel2.py:78 - 4/28 - S2B_MSIL2A_20221124T092219_R093_T34SFH_20221125T124650 -> REFINED
2025-08-30 13:42:11,805 - INFO - sentinel2.py:78 - 5/28 - S2B_MSIL2A_20221124T092219_R093_T34SFG_20221125T134104 -> REFINED
2025-08-30 13:42:16,707 - INFO - sentinel2.py:78 - 6/28 - S2B_MSIL2A_20221124T092219_R093_T34SEH_20221125T125846 -> REFINED
2025-08-30 13:42:21,608 - INFO - sentinel2.py:78 - 7/28 - S2B_MSIL2A_20221124T092219_R093_T34SEG_20221125T131324 -> REFINED
2025-08-30 13:42:27,586 - INFO - sentinel2.py:78 - 8/28 - S2B_MSIL2A_20221121T091209_R050_T34SFG_20221121T180525 -> REFINED
2025-08-30 13:42:33,147 - INFO - sentinel2.py:78 - 9/28 - S2A_MSIL2A_20221119T092301_R093_T34SFG_20240803T214708 -> REFINED
2025-08-30 13:42:38,619 - INFO - sentinel2.py:78 - 10/28 - S2A_MSIL2A_20221119T092301_R093_T34SFG_20221120T002746 -> REFINED
2025-08-30 13:42:43,519 - INFO - sentinel2.py:78 - 11/28 - S2A_MSIL2A_20221119T092301_R093_T34SEH_20221120T000300 -> REFINED
2025-08-30 13:42:49,459 - INFO - sentinel2.py:78 - 12/28 - S2A_MSIL2A_20221119T092301_R093_T34SEG_20221120T000048 -> REFINED
2025-08-30 13:42:54,092 - INFO - sentinel2.py:78 - 13/28 - S2A_MSIL2A_20221116T091241_R050_T34SFG_20221117T030244 -> REFINED
2025-08-30 13:42:59,545 - INFO - sentinel2.py:78 - 14/28 - S2B_MSIL2A_20221114T092139_R093_T34SFH_20221115T022112 -> REFINED
2025-08-30 13:43:05,544 - INFO - sentinel2.py:78 - 15/28 - S2B_MSIL2A_20221114T092139_R093_T34SFG_20221115T035611 -> REFINED
2025-08-30 13:43:10,809 - INFO - sentinel2.py:78 - 16/28 - S2B_MSIL2A_20221114T092139_R093_T34SEH_20221115T031852 -> REFINED
2025-08-30 13:43:15,514 - INFO - sentinel2.py:78 - 17/28 - S2B_MSIL2A_20221114T092139_R093_T34SEG_20221115T015811 -> REFINED
2025-08-30 13:43:20,201 - INFO - sentinel2.py:78 - 18/28 - S2B_MSIL2A_20221111T091119_R050_T34SFG_20221111T235446 -> REFINED
2025-08-30 13:43:24,775 - INFO - sentinel2.py:78 - 19/28 - S2A_MSIL2A_20221109T092211_R093_T34SFH_20221110T004543 -> REFINED
2025-08-30 13:43:29,765 - INFO - sentinel2.py:78 - 20/28 - S2A_MSIL2A_20221109T092211_R093_T34SFG_20221110T025527 -> REFINED
2025-08-30 13:43:34,753 - INFO - sentinel2.py:78 - 21/28 - S2A_MSIL2A_20221109T092211_R093_T34SEH_20221110T030835 -> REFINED
2025-08-30 13:43:40,294 - INFO - sentinel2.py:78 - 22/28 - S2A_MSIL2A_20221109T092211_R093_T34SEG_20221110T011452 -> REFINED
2025-08-30 13:43:45,803 - INFO - sentinel2.py:78 - 23/28 - S2B_MSIL2A_20221104T092049_R093_T34SFH_20221104T223054 -> REFINED
2025-08-30 13:43:50,848 - INFO - sentinel2.py:78 - 24/28 - S2B_MSIL2A_20221104T092049_R093_T34SFG_20221104T222413 -> REFINED
2025-08-30 13:43:56,124 - INFO - sentinel2.py:78 - 25/28 - S2B_MSIL2A_20221104T092049_R093_T34SEH_20221104T230412 -> REFINED
2025-08-30 13:44:02,794 - INFO - sentinel2.py:78 - 26/28 - S2B_MSIL2A_20221104T092049_R093_T34SEG_20221104T215806 -> REFINED
2025-08-30 13:44:08,794 - INFO - sentinel2.py:78 - 27/28 - S2B_MSIL2A_20221101T091029_R050_T34SFG_20240805T144021 -> REFINED
2025-08-30 13:44:14,512 - INFO - sentinel2.py:78 - 28/28 - S2B_MSIL2A_20221101T091029_R050_T34SFG_20221101T191826 -> REFINED
2025-08-30 13:44:14,575 - INFO - composites.py:250 -                                  
2025-08-30 13:44:14,575 - INFO - composites.py:251 - 28/28 were refined by GRI.
2025-08-30 13:44:14,577 - INFO - composites.py:263 - Looking for up to 10 cleanest images within spatiotemporal range of each MGRS tile
2025-08-30 13:44:14,577 - INFO - composites.py:277 - Filtered cleanest scenes: Kept 26 out of 28 items. 
2025-08-30 13:44:14,578 - INFO - composites.py:278 -         Included MGRS Tiles: ['34SEG' '34SEH' '34SFG' '34SFH']
2025-08-30 13:44:14,578 - INFO - composites.py:279 -         Included EPSG codes: [32634]
2025-08-30 13:44:14,578 - INFO - composites.py:281 - Selected scenes:
2025-08-30 13:44:14,578 - INFO - composites.py:283 -         S2B_MSIL2A_20221104T092049_R093_T34SEG_20221104T215806
2025-08-30 13:44:14,579 - INFO - composites.py:283 -         S2A_MSIL2A_20221109T092211_R093_T34SEG_20221110T011452
2025-08-30 13:44:14,579 - INFO - composites.py:283 -         S2B_MSIL2A_20221124T092219_R093_T34SEG_20221125T131324
2025-08-30 13:44:14,579 - INFO - composites.py:283 -         S2B_MSIL2A_20221114T092139_R093_T34SEG_20221115T015811
2025-08-30 13:44:14,579 - INFO - composites.py:283 -         S2A_MSIL2A_20221129T092331_R093_T34SEG_20221201T035704
2025-08-30 13:44:14,580 - INFO - composites.py:283 -         S2A_MSIL2A_20221119T092301_R093_T34SEG_20221120T000048
2025-08-30 13:44:14,580 - INFO - composites.py:283 -         S2B_MSIL2A_20221104T092049_R093_T34SEH_20221104T230412
2025-08-30 13:44:14,581 - INFO - composites.py:283 -         S2A_MSIL2A_20221109T092211_R093_T34SEH_20221110T030835
2025-08-30 13:44:14,581 - INFO - composites.py:283 -         S2B_MSIL2A_20221124T092219_R093_T34SEH_20221125T125846
2025-08-30 13:44:14,581 - INFO - composites.py:283 -         S2B_MSIL2A_20221114T092139_R093_T34SEH_20221115T031852
2025-08-30 13:44:14,581 - INFO - composites.py:283 -         S2A_MSIL2A_20221129T092331_R093_T34SEH_20221201T050335
2025-08-30 13:44:14,581 - INFO - composites.py:283 -         S2A_MSIL2A_20221119T092301_R093_T34SEH_20221120T000300
2025-08-30 13:44:14,581 - INFO - composites.py:283 -         S2B_MSIL2A_20221104T092049_R093_T34SFG_20221104T222413
2025-08-30 13:44:14,581 - INFO - composites.py:283 -         S2A_MSIL2A_20221109T092211_R093_T34SFG_20221110T025527
2025-08-30 13:44:14,581 - INFO - composites.py:283 -         S2B_MSIL2A_20221101T091029_R050_T34SFG_20221101T191826
2025-08-30 13:44:14,581 - INFO - composites.py:283 -         S2B_MSIL2A_20221101T091029_R050_T34SFG_20240805T144021
2025-08-30 13:44:14,581 - INFO - composites.py:283 -         S2B_MSIL2A_20221124T092219_R093_T34SFG_20221125T134104
2025-08-30 13:44:14,581 - INFO - composites.py:283 -         S2B_MSIL2A_20221114T092139_R093_T34SFG_20221115T035611
2025-08-30 13:44:14,581 - INFO - composites.py:283 -         S2B_MSIL2A_20221111T091119_R050_T34SFG_20221111T235446
2025-08-30 13:44:14,581 - INFO - composites.py:283 -         S2A_MSIL2A_20221116T091241_R050_T34SFG_20221117T030244
2025-08-30 13:44:14,581 - INFO - composites.py:283 -         S2B_MSIL2A_20221121T091209_R050_T34SFG_20221121T180525
2025-08-30 13:44:14,581 - INFO - composites.py:283 -         S2A_MSIL2A_20221129T092331_R093_T34SFG_20221201T032707
2025-08-30 13:44:14,581 - INFO - composites.py:283 -         S2B_MSIL2A_20221104T092049_R093_T34SFH_20221104T223054
2025-08-30 13:44:14,581 - INFO - composites.py:283 -         S2B_MSIL2A_20221124T092219_R093_T34SFH_20221125T124650
2025-08-30 13:44:14,581 - INFO - composites.py:283 -         S2A_MSIL2A_20221109T092211_R093_T34SFH_20221110T004543
2025-08-30 13:44:14,582 - INFO - composites.py:283 -         S2B_MSIL2A_20221114T092139_R093_T34SFH_20221115T022112
2025-08-30 13:44:15,213 - INFO - sentinel2.py:154 - Matplotlib backend: Agg
2025-08-30 13:44:15,541 - INFO - sentinel2.py:224 - Write input scenes footprint overlay: //nas-rs.topo.auth.gr/Latomeia/DROUGHT/composites/x09/y10/2022/11/01/S2L2A_medcomp_x09y10_202211_InDataFootprint.jpeg
2025-08-30 13:44:15,825 - INFO - composites.py:297 -                                  
2025-08-30 13:44:15,825 - INFO - composites.py:298 - Downstream STAC items from Planetary Computer
2025-08-30 13:44:15,825 - INFO - timeseries_processing.py:115 -                                  
2025-08-30 13:44:15,825 - INFO - timeseries_processing.py:116 - Loading bands of diferent resolutions in EPSG:32634
2025-08-30 13:44:15,825 - INFO - timeseries_processing.py:120 -     Filtering items with native UTM EPSG:32634
2025-08-30 13:44:15,825 - INFO - timeseries_processing.py:122 -     26 Items in EPSG:32634
2025-08-30 13:44:15,825 - INFO - timeseries_processing.py:129 -                        
2025-08-30 13:44:15,825 - INFO - timeseries_processing.py:130 -     Loading parameters:
2025-08-30 13:44:15,825 - INFO - timeseries_processing.py:131 -         Bands: ['B05', 'B07', 'B8A', 'SCL']
2025-08-30 13:44:15,825 - INFO - timeseries_processing.py:132 -         Spatial resolution: 20
2025-08-30 13:44:15,825 - INFO - timeseries_processing.py:134 -         Get Assets from STAC Items
2025-08-30 13:44:15,825 - INFO - timeseries_processing.py:47 -         Initialize the STAC client
2025-08-30 13:44:16,454 - INFO - timeseries_processing.py:137 -         Loading 26 STAC Items....
2025-08-30 13:45:31,106 - INFO - timeseries_processing.py:146 -         Cube has been downloaded
2025-08-30 13:45:31,108 - INFO - timeseries_processing.py:156 -         Fix order of dimensions
2025-08-30 13:45:31,110 - INFO - timeseries_processing.py:161 -         Append bands to the band-list of EPSG:32634
2025-08-30 13:45:31,110 - INFO - timeseries_processing.py:129 -                        
2025-08-30 13:45:31,111 - INFO - timeseries_processing.py:130 -     Loading parameters:
2025-08-30 13:45:31,111 - INFO - timeseries_processing.py:131 -         Bands: ['B02', 'B03', 'B04']
2025-08-30 13:45:31,111 - INFO - timeseries_processing.py:132 -         Spatial resolution: 10
2025-08-30 13:45:31,111 - INFO - timeseries_processing.py:134 -         Get Assets from STAC Items
2025-08-30 13:45:31,111 - INFO - timeseries_processing.py:47 -         Initialize the STAC client
2025-08-30 13:45:31,784 - INFO - timeseries_processing.py:137 -         Loading 26 STAC Items....
2025-08-30 13:48:09,037 - INFO - timeseries_processing.py:146 -         Cube has been downloaded
2025-08-30 13:48:09,037 - INFO - timeseries_processing.py:149 -         Reproject to downsample 10m bands to 20m by Resampling.average 2x2 binning and shape matching with odc.geo.GeoBox
2025-08-30 13:48:23,627 - INFO - timeseries_processing.py:161 -         Append bands to the band-list of EPSG:32634
2025-08-30 13:48:23,627 - INFO - timeseries_processing.py:165 -                        
2025-08-30 13:48:23,627 - INFO - timeseries_processing.py:166 -     Merging bands in a single dataset
2025-08-30 13:48:23,627 - INFO - timeseries_processing.py:167 -     Ensure all partial datasets are at (x=20, y=-20) resolution
2025-08-30 13:48:23,629 - INFO - timeseries_processing.py:171 -     Clip to the intersection of indexes
2025-08-30 13:48:25,198 - INFO - timeseries_processing.py:180 -     Make a list of bands to merge
2025-08-30 13:48:25,199 - INFO - timeseries_processing.py:184 -     Merge on intersection
2025-08-30 13:48:25,201 - INFO - timeseries_processing.py:192 -     Apply masks on clouds, shadows, thin cirrus, and snow/ice
2025-08-30 13:48:25,201 - INFO - sentinel2.py:122 -                Masking bits: [3, 7, 8, 9, 10, 11]
2025-08-30 13:48:26,911 - INFO - composites.py:307 - Reproject from UTM Zone to Tile geometry -> CRS(EPSG:32634), Resampling.bilinear
2025-08-30 13:48:35,462 - INFO - composites.py:310 -     New shape of datasets: Shape2d(x=2400, y=2400)
2025-08-30 13:48:36,687 - INFO - composites.py:329 - Scale SR to Sen2Cor Baseline 4.00 - Subtract 1000 in dates post 2022-01-25
2025-08-30 13:48:38,597 - INFO - composites.py:342 - Creating preview plot of input scenes
2025-08-30 13:49:20,164 - INFO - timeseries_processing.py:349 - Saved preview for 'B04' to //nas-rs.topo.auth.gr/Latomeia/DROUGHT/composites/x09/y10/2022/11/01/S2L2A_medcomp_x09y10_202211_InDataPreview.jpeg
2025-08-30 13:49:20,184 - INFO - composites.py:348 - Clip value range
2025-08-30 13:49:22,788 - INFO - composites.py:353 -                           
2025-08-30 13:49:22,789 - INFO - composites.py:354 - Computing spectral indices:
2025-08-30 13:49:22,791 - INFO - composites.py:357 -     EVI...
2025-08-30 13:49:24,538 - INFO - composites.py:359 -     NDVI...
2025-08-30 13:49:25,152 - INFO - composites.py:361 -     PSRI2...
2025-08-30 13:49:25,577 - INFO - composites.py:364 - Clip to typical value range
2025-08-30 13:49:26,057 - INFO - composites.py:371 - Reducing to median value temporal composite
2025-08-30 13:49:55,533 - INFO - composites.py:390 - Scale and Define data types & nodata per band
2025-08-30 13:49:55,689 - INFO - composites.py:411 - Assign time range and tile ID in metadata
2025-08-30 13:49:55,689 - INFO - composites.py:419 - Write bands to raster COG files
2025-08-30 13:50:00,729 - INFO - composites.py:432 - Write B02 -> //nas-rs.topo.auth.gr/Latomeia/DROUGHT/composites/x09/y10/2022/11/01/S2L2A_medcomp_x09y10_202211_B02.tif
2025-08-30 13:50:05,720 - INFO - composites.py:432 - Write B03 -> //nas-rs.topo.auth.gr/Latomeia/DROUGHT/composites/x09/y10/2022/11/01/S2L2A_medcomp_x09y10_202211_B03.tif
2025-08-30 13:50:10,930 - INFO - composites.py:432 - Write B04 -> //nas-rs.topo.auth.gr/Latomeia/DROUGHT/composites/x09/y10/2022/11/01/S2L2A_medcomp_x09y10_202211_B04.tif
2025-08-30 13:50:16,083 - INFO - composites.py:432 - Write B05 -> //nas-rs.topo.auth.gr/Latomeia/DROUGHT/composites/x09/y10/2022/11/01/S2L2A_medcomp_x09y10_202211_B05.tif
2025-08-30 13:50:21,104 - INFO - composites.py:432 - Write B07 -> //nas-rs.topo.auth.gr/Latomeia/DROUGHT/composites/x09/y10/2022/11/01/S2L2A_medcomp_x09y10_202211_B07.tif
2025-08-30 13:50:25,933 - INFO - composites.py:432 - Write B8A -> //nas-rs.topo.auth.gr/Latomeia/DROUGHT/composites/x09/y10/2022/11/01/S2L2A_medcomp_x09y10_202211_B8A.tif
2025-08-30 13:50:31,387 - INFO - composites.py:432 - Write EVI -> //nas-rs.topo.auth.gr/Latomeia/DROUGHT/composites/x09/y10/2022/11/01/S2L2A_medcomp_x09y10_202211_EVI.tif
2025-08-30 13:50:37,193 - INFO - composites.py:432 - Write NDVI -> //nas-rs.topo.auth.gr/Latomeia/DROUGHT/composites/x09/y10/2022/11/01/S2L2A_medcomp_x09y10_202211_NDVI.tif
2025-08-30 13:50:42,382 - INFO - composites.py:432 - Write PSRI2 -> //nas-rs.topo.auth.gr/Latomeia/DROUGHT/composites/x09/y10/2022/11/01/S2L2A_medcomp_x09y10_202211_PSRI2.tif
2025-08-30 13:50:42,382 - INFO - composites.py:436 - Prepare metadata YAML document
2025-08-30 13:50:43,181 - INFO - composites.py:458 - Write metadata YAML document to disk
2025-08-30 13:50:43,266 - INFO - composites.py:463 - Create datacube.model.Dataset from eo3 metadata
2025-08-30 13:50:43,280 - INFO - composites.py:476 - Index to datacube
2025-08-30 13:50:43,280 - INFO - _datasets.py:191 - Indexing f5b5bd1c-68be-4ded-b76e-001c33d4043a
2025-08-30 13:50:43,292 - INFO - composites.py:479 - 
2025-08-30 13:50:43,292 - INFO - composites.py:480 -              ✔✔✔ COMPLETED: Tile x09_y10 | Time: 2022-11 | In 9.14 minutes
2025-08-30 13:50:43,292 - INFO - composites.py:481 - 
2025-08-30 13:50:43,292 - INFO - composites.py:489 - Closing Dask client
2025-08-30 13:50:43,295 - INFO - composites.py:493 - Closing Dask cluster
2025-08-30 13:50:43,295 - INFO - composites.py:494 - #######################################################################
