2025-08-31 21:29:25,770 - INFO - composites.py:102 - #######################################################################
2025-08-31 21:29:25,771 - INFO - composites.py:104 - Processing started
2025-08-31 21:29:25,771 - INFO - composites.py:105 -         Tile: x10_y11
2025-08-31 21:29:25,771 - INFO - composites.py:106 -         Time: 2023-08
2025-08-31 21:29:25,771 - INFO - composites.py:109 -                           
2025-08-31 21:29:25,771 - INFO - composites.py:110 - Establishing connection to datacube
2025-08-31 21:29:26,328 - INFO - composites.py:113 -                           
2025-08-31 21:29:26,328 - INFO - composites.py:114 - Sanity test: Check if dataset already exists in the datacube
2025-08-31 21:29:26,349 - INFO - composites.py:133 - The composite requested was not found and it will be computed
2025-08-31 21:29:26,349 - INFO - composites.py:136 -                                  
2025-08-31 21:29:26,349 - INFO - composites.py:137 - Initializing Dask cluster for parallelization
2025-08-31 21:29:31,318 - INFO - composites.py:161 - Dask dashboard is available at: http://127.0.0.1:8787/status
2025-08-31 21:29:31,318 - INFO - composites.py:164 - Create directories and naming conversions
2025-08-31 21:29:31,330 - INFO - composites.py:177 - Dataset location: //nas-rs.topo.auth.gr/Latomeia/DROUGHT/composites/x10/y11/2023/08/01
2025-08-31 21:29:31,330 - INFO - composites.py:180 -                           
2025-08-31 21:29:31,330 - INFO - composites.py:181 - Retrieve tile geometry
2025-08-31 21:29:31,358 - INFO - composites.py:192 - Create the Bounding Box (φ,λ)
2025-08-31 21:29:31,358 - INFO - composites.py:198 - Create the Bounding Box (x,y)
2025-08-31 21:29:31,358 - INFO - composites.py:211 -                           
2025-08-31 21:29:31,358 - INFO - composites.py:212 - Connect to Planetary Computer STAC Catalog
2025-08-31 21:29:31,561 - INFO - composites.py:220 - Search the STAC Catalog
2025-08-31 21:29:31,633 - INFO - composites.py:232 -         Query parameters:
2025-08-31 21:29:31,633 - INFO - composites.py:233 -             url:          https://planetarycomputer.microsoft.com/api/stac/v1/search
2025-08-31 21:29:31,634 - INFO - composites.py:234 -             client:       microsoft-pc
2025-08-31 21:29:31,634 - INFO - composites.py:235 -             collection:   sentinel-2-l2a
2025-08-31 21:29:31,634 - INFO - composites.py:236 -             bbox:         (22.551446150749733, 38.14853968883684, 23.225034627134395, 38.70012671670289)
2025-08-31 21:29:31,634 - INFO - composites.py:237 -             time range:   2023-08-01T00:00:00Z/2023-08-31T23:59:59Z
2025-08-31 21:29:31,634 - INFO - composites.py:238 -             cloud cover:  0% - 70%
2025-08-31 21:29:31,634 - INFO - composites.py:239 -             nodata cover: 0% - 33%
2025-08-31 21:29:31,634 - INFO - composites.py:241 -                           
2025-08-31 21:29:31,634 - INFO - composites.py:242 - Searching...
2025-08-31 21:29:32,014 - INFO - composites.py:245 - Query found 12 items
2025-08-31 21:29:32,016 - INFO - composites.py:247 - Searching for GRI REFINED scenes:
2025-08-31 21:29:35,428 - INFO - sentinel2.py:78 - 1/12 - S2B_MSIL2A_20230831T091559_R093_T34SFH_20241017T232234 -> REFINED
2025-08-31 21:29:38,787 - INFO - sentinel2.py:78 - 2/12 - S2B_MSIL2A_20230831T091559_R093_T34SFH_20230831T160429 -> REFINED
2025-08-31 21:29:41,528 - INFO - sentinel2.py:78 - 3/12 - S2B_MSIL2A_20230821T091559_R093_T34SFH_20241024T101435 -> REFINED
2025-08-31 21:29:44,545 - INFO - sentinel2.py:78 - 4/12 - S2B_MSIL2A_20230821T091559_R093_T34SFH_20230821T171609 -> REFINED
2025-08-31 21:29:48,236 - INFO - sentinel2.py:78 - 5/12 - S2A_MSIL2A_20230816T092031_R093_T34SFH_20241020T220433 -> REFINED
2025-08-31 21:29:51,340 - INFO - sentinel2.py:78 - 6/12 - S2A_MSIL2A_20230816T092031_R093_T34SFH_20230816T181144 -> REFINED
2025-08-31 21:29:53,915 - INFO - sentinel2.py:78 - 7/12 - S2B_MSIL2A_20230811T091559_R093_T34SFH_20241015T092419 -> REFINED
2025-08-31 21:29:57,475 - INFO - sentinel2.py:78 - 8/12 - S2B_MSIL2A_20230811T091559_R093_T34SFH_20230811T161154 -> REFINED
2025-08-31 21:30:00,570 - INFO - sentinel2.py:78 - 9/12 - S2A_MSIL2A_20230806T092031_R093_T34SFH_20241121T051843 -> REFINED
2025-08-31 21:30:03,332 - INFO - sentinel2.py:78 - 10/12 - S2A_MSIL2A_20230806T092031_R093_T34SFH_20230806T151631 -> REFINED
2025-08-31 21:30:06,014 - INFO - sentinel2.py:78 - 11/12 - S2B_MSIL2A_20230801T091559_R093_T34SFH_20241018T032848 -> REFINED
2025-08-31 21:30:09,463 - INFO - sentinel2.py:78 - 12/12 - S2B_MSIL2A_20230801T091559_R093_T34SFH_20230801T141306 -> REFINED
2025-08-31 21:30:09,492 - INFO - composites.py:250 -                                  
2025-08-31 21:30:09,492 - INFO - composites.py:251 - 12/12 were refined by GRI.
2025-08-31 21:30:09,492 - INFO - composites.py:263 - Looking for up to 10 cleanest images within spatiotemporal range of each MGRS tile
2025-08-31 21:30:09,493 - INFO - composites.py:277 - Filtered cleanest scenes: Kept 10 out of 12 items. 
2025-08-31 21:30:09,493 - INFO - composites.py:278 -         Included MGRS Tiles: ['34SFH']
2025-08-31 21:30:09,494 - INFO - composites.py:279 -         Included EPSG codes: [32634]
2025-08-31 21:30:09,494 - INFO - composites.py:281 - Selected scenes:
2025-08-31 21:30:09,494 - INFO - composites.py:283 -         S2B_MSIL2A_20230821T091559_R093_T34SFH_20230821T171609
2025-08-31 21:30:09,506 - INFO - composites.py:283 -         S2B_MSIL2A_20230821T091559_R093_T34SFH_20241024T101435
2025-08-31 21:30:09,506 - INFO - composites.py:283 -         S2A_MSIL2A_20230816T092031_R093_T34SFH_20230816T181144
2025-08-31 21:30:09,507 - INFO - composites.py:283 -         S2A_MSIL2A_20230816T092031_R093_T34SFH_20241020T220433
2025-08-31 21:30:09,507 - INFO - composites.py:283 -         S2B_MSIL2A_20230831T091559_R093_T34SFH_20230831T160429
2025-08-31 21:30:09,507 - INFO - composites.py:283 -         S2B_MSIL2A_20230831T091559_R093_T34SFH_20241017T232234
2025-08-31 21:30:09,507 - INFO - composites.py:283 -         S2B_MSIL2A_20230801T091559_R093_T34SFH_20241018T032848
2025-08-31 21:30:09,507 - INFO - composites.py:283 -         S2B_MSIL2A_20230801T091559_R093_T34SFH_20230801T141306
2025-08-31 21:30:09,507 - INFO - composites.py:283 -         S2A_MSIL2A_20230806T092031_R093_T34SFH_20241121T051843
2025-08-31 21:30:09,507 - INFO - composites.py:283 -         S2A_MSIL2A_20230806T092031_R093_T34SFH_20230806T151631
2025-08-31 21:30:09,867 - INFO - sentinel2.py:154 - Matplotlib backend: Agg
2025-08-31 21:30:10,008 - INFO - sentinel2.py:224 - Write input scenes footprint overlay: //nas-rs.topo.auth.gr/Latomeia/DROUGHT/composites/x10/y11/2023/08/01/S2L2A_medcomp_x10y11_202308_InDataFootprint.jpeg
2025-08-31 21:30:10,282 - INFO - composites.py:297 -                                  
2025-08-31 21:30:10,282 - INFO - composites.py:298 - Downstream STAC items from Planetary Computer
2025-08-31 21:30:10,282 - INFO - timeseries_processing.py:115 -                                  
2025-08-31 21:30:10,282 - INFO - timeseries_processing.py:116 - Loading bands of diferent resolutions in EPSG:32634
2025-08-31 21:30:10,282 - INFO - timeseries_processing.py:120 -     Filtering items with native UTM EPSG:32634
2025-08-31 21:30:10,282 - INFO - timeseries_processing.py:122 -     10 Items in EPSG:32634
2025-08-31 21:30:10,282 - INFO - timeseries_processing.py:129 -                        
2025-08-31 21:30:10,282 - INFO - timeseries_processing.py:130 -     Loading parameters:
2025-08-31 21:30:10,282 - INFO - timeseries_processing.py:131 -         Bands: ['B05', 'B07', 'B8A', 'SCL']
2025-08-31 21:30:10,282 - INFO - timeseries_processing.py:132 -         Spatial resolution: 20
2025-08-31 21:30:10,283 - INFO - timeseries_processing.py:134 -         Get Assets from STAC Items
2025-08-31 21:30:10,283 - INFO - timeseries_processing.py:47 -         Initialize the STAC client
2025-08-31 21:30:10,953 - INFO - timeseries_processing.py:137 -         Loading 10 STAC Items....
2025-08-31 21:31:22,784 - INFO - timeseries_processing.py:146 -         Cube has been downloaded
2025-08-31 21:31:22,784 - INFO - timeseries_processing.py:156 -         Fix order of dimensions
2025-08-31 21:31:22,786 - INFO - timeseries_processing.py:161 -         Append bands to the band-list of EPSG:32634
2025-08-31 21:31:22,786 - INFO - timeseries_processing.py:129 -                        
2025-08-31 21:31:22,786 - INFO - timeseries_processing.py:130 -     Loading parameters:
2025-08-31 21:31:22,787 - INFO - timeseries_processing.py:131 -         Bands: ['B02', 'B03', 'B04']
2025-08-31 21:31:22,787 - INFO - timeseries_processing.py:132 -         Spatial resolution: 10
2025-08-31 21:31:22,787 - INFO - timeseries_processing.py:134 -         Get Assets from STAC Items
2025-08-31 21:31:22,787 - INFO - timeseries_processing.py:47 -         Initialize the STAC client
2025-08-31 21:31:23,319 - INFO - timeseries_processing.py:137 -         Loading 10 STAC Items....
2025-08-31 21:34:18,709 - INFO - timeseries_processing.py:146 -         Cube has been downloaded
2025-08-31 21:34:18,710 - INFO - timeseries_processing.py:149 -         Reproject to downsample 10m bands to 20m by Resampling.average 2x2 binning and shape matching with odc.geo.GeoBox
2025-08-31 21:34:26,351 - INFO - timeseries_processing.py:161 -         Append bands to the band-list of EPSG:32634
2025-08-31 21:34:26,351 - INFO - timeseries_processing.py:165 -                        
2025-08-31 21:34:26,352 - INFO - timeseries_processing.py:166 -     Merging bands in a single dataset
2025-08-31 21:34:26,352 - INFO - timeseries_processing.py:167 -     Ensure all partial datasets are at (x=20, y=-20) resolution
2025-08-31 21:34:26,352 - INFO - timeseries_processing.py:171 -     Clip to the intersection of indexes
2025-08-31 21:34:27,527 - INFO - timeseries_processing.py:180 -     Make a list of bands to merge
2025-08-31 21:34:27,527 - INFO - timeseries_processing.py:184 -     Merge on intersection
2025-08-31 21:34:27,529 - INFO - timeseries_processing.py:192 -     Apply masks on clouds, shadows, thin cirrus, and snow/ice
2025-08-31 21:34:27,529 - INFO - sentinel2.py:122 -                Masking bits: [3, 7, 8, 9, 10, 11]
2025-08-31 21:34:28,130 - INFO - composites.py:307 - Reproject from UTM Zone to Tile geometry -> CRS(EPSG:32634), Resampling.bilinear
2025-08-31 21:34:31,525 - INFO - composites.py:310 -     New shape of datasets: Shape2d(x=2400, y=2400)
2025-08-31 21:34:32,018 - INFO - composites.py:329 - Scale SR to Sen2Cor Baseline 4.00 - Subtract 1000 in dates post 2022-01-25
2025-08-31 21:34:32,792 - INFO - composites.py:342 - Creating preview plot of input scenes
2025-08-31 21:34:56,070 - INFO - timeseries_processing.py:349 - Saved preview for 'B04' to //nas-rs.topo.auth.gr/Latomeia/DROUGHT/composites/x10/y11/2023/08/01/S2L2A_medcomp_x10y11_202308_InDataPreview.jpeg
2025-08-31 21:34:56,072 - INFO - composites.py:348 - Clip value range
2025-08-31 21:34:57,049 - INFO - composites.py:353 -                           
2025-08-31 21:34:57,049 - INFO - composites.py:354 - Computing spectral indices:
2025-08-31 21:34:57,049 - INFO - composites.py:357 -     EVI...
2025-08-31 21:34:57,700 - INFO - composites.py:359 -     NDVI...
2025-08-31 21:34:57,896 - INFO - composites.py:361 -     PSRI2...
2025-08-31 21:34:58,031 - INFO - composites.py:364 - Clip to typical value range
2025-08-31 21:34:58,309 - INFO - composites.py:371 - Reducing to median value temporal composite
2025-08-31 21:35:22,057 - INFO - composites.py:390 - Scale and Define data types & nodata per band
2025-08-31 21:35:22,223 - INFO - composites.py:411 - Assign time range and tile ID in metadata
2025-08-31 21:35:22,223 - INFO - composites.py:419 - Write bands to raster COG files
2025-08-31 21:35:26,101 - INFO - composites.py:432 - Write B02 -> //nas-rs.topo.auth.gr/Latomeia/DROUGHT/composites/x10/y11/2023/08/01/S2L2A_medcomp_x10y11_202308_B02.tif
2025-08-31 21:35:30,035 - INFO - composites.py:432 - Write B03 -> //nas-rs.topo.auth.gr/Latomeia/DROUGHT/composites/x10/y11/2023/08/01/S2L2A_medcomp_x10y11_202308_B03.tif
2025-08-31 21:35:33,925 - INFO - composites.py:432 - Write B04 -> //nas-rs.topo.auth.gr/Latomeia/DROUGHT/composites/x10/y11/2023/08/01/S2L2A_medcomp_x10y11_202308_B04.tif
2025-08-31 21:35:37,790 - INFO - composites.py:432 - Write B05 -> //nas-rs.topo.auth.gr/Latomeia/DROUGHT/composites/x10/y11/2023/08/01/S2L2A_medcomp_x10y11_202308_B05.tif
2025-08-31 21:35:41,669 - INFO - composites.py:432 - Write B07 -> //nas-rs.topo.auth.gr/Latomeia/DROUGHT/composites/x10/y11/2023/08/01/S2L2A_medcomp_x10y11_202308_B07.tif
2025-08-31 21:35:46,108 - INFO - composites.py:432 - Write B8A -> //nas-rs.topo.auth.gr/Latomeia/DROUGHT/composites/x10/y11/2023/08/01/S2L2A_medcomp_x10y11_202308_B8A.tif
2025-08-31 21:35:49,963 - INFO - composites.py:432 - Write EVI -> //nas-rs.topo.auth.gr/Latomeia/DROUGHT/composites/x10/y11/2023/08/01/S2L2A_medcomp_x10y11_202308_EVI.tif
2025-08-31 21:35:53,873 - INFO - composites.py:432 - Write NDVI -> //nas-rs.topo.auth.gr/Latomeia/DROUGHT/composites/x10/y11/2023/08/01/S2L2A_medcomp_x10y11_202308_NDVI.tif
2025-08-31 21:35:57,662 - INFO - composites.py:432 - Write PSRI2 -> //nas-rs.topo.auth.gr/Latomeia/DROUGHT/composites/x10/y11/2023/08/01/S2L2A_medcomp_x10y11_202308_PSRI2.tif
2025-08-31 21:35:57,667 - INFO - composites.py:436 - Prepare metadata YAML document
2025-08-31 21:35:58,153 - INFO - composites.py:458 - Write metadata YAML document to disk
2025-08-31 21:35:58,178 - INFO - composites.py:463 - Create datacube.model.Dataset from eo3 metadata
2025-08-31 21:35:58,189 - INFO - composites.py:476 - Index to datacube
2025-08-31 21:35:58,189 - INFO - _datasets.py:191 - Indexing e1c9be77-8126-4576-ba50-c62621782377
2025-08-31 21:35:58,197 - INFO - composites.py:479 - 
2025-08-31 21:35:58,197 - INFO - composites.py:480 -              ✔✔✔ COMPLETED: Tile x10_y11 | Time: 2023-08 | In 6.54 minutes
2025-08-31 21:35:58,197 - INFO - composites.py:481 - 
2025-08-31 21:35:58,197 - INFO - composites.py:489 - Closing Dask client
2025-08-31 21:35:58,200 - INFO - composites.py:493 - Closing Dask cluster
2025-08-31 21:35:58,200 - INFO - composites.py:494 - #######################################################################
