2025-09-02 06:33:42,745 - INFO - composites.py:102 - #######################################################################
2025-09-02 06:33:42,745 - INFO - composites.py:104 - Processing started
2025-09-02 06:33:42,745 - INFO - composites.py:105 -         Tile: x11_y12
2025-09-02 06:33:42,745 - INFO - composites.py:106 -         Time: 2024-07
2025-09-02 06:33:42,745 - INFO - composites.py:109 -                           
2025-09-02 06:33:42,745 - INFO - composites.py:110 - Establishing connection to datacube
2025-09-02 06:33:43,416 - INFO - composites.py:113 -                           
2025-09-02 06:33:43,416 - INFO - composites.py:114 - Sanity test: Check if dataset already exists in the datacube
2025-09-02 06:33:43,440 - INFO - composites.py:133 - The composite requested was not found and it will be computed
2025-09-02 06:33:43,440 - INFO - composites.py:136 -                                  
2025-09-02 06:33:43,440 - INFO - composites.py:137 - Initializing Dask cluster for parallelization
2025-09-02 06:33:48,420 - INFO - composites.py:161 - Dask dashboard is available at: http://127.0.0.1:8787/status
2025-09-02 06:33:48,420 - INFO - composites.py:164 - Create directories and naming conversions
2025-09-02 06:33:48,431 - INFO - composites.py:177 - Dataset location: //nas-rs.topo.auth.gr/Latomeia/DROUGHT/composites/x11/y12/2024/07/01
2025-09-02 06:33:48,431 - INFO - composites.py:180 -                           
2025-09-02 06:33:48,431 - INFO - composites.py:181 - Retrieve tile geometry
2025-09-02 06:33:48,460 - INFO - composites.py:192 - Create the Bounding Box (φ,λ)
2025-09-02 06:33:48,460 - INFO - composites.py:198 - Create the Bounding Box (x,y)
2025-09-02 06:33:48,460 - INFO - composites.py:211 -                           
2025-09-02 06:33:48,460 - INFO - composites.py:212 - Connect to Planetary Computer STAC Catalog
2025-09-02 06:33:48,723 - INFO - composites.py:220 - Search the STAC Catalog
2025-09-02 06:33:48,794 - INFO - composites.py:232 -         Query parameters:
2025-09-02 06:33:48,794 - INFO - composites.py:233 -             url:          https://planetarycomputer.microsoft.com/api/stac/v1/search
2025-09-02 06:33:48,794 - INFO - composites.py:234 -             client:       microsoft-pc
2025-09-02 06:33:48,794 - INFO - composites.py:235 -             collection:   sentinel-2-l2a
2025-09-02 06:33:48,794 - INFO - composites.py:236 -             bbox:         (23.175034627134398, 38.50013763603257, 23.85573196352452, 39.05443515421176)
2025-09-02 06:33:48,794 - INFO - composites.py:237 -             time range:   2024-07-01T00:00:00Z/2024-07-31T23:59:59Z
2025-09-02 06:33:48,794 - INFO - composites.py:238 -             cloud cover:  0% - 70%
2025-09-02 06:33:48,794 - INFO - composites.py:239 -             nodata cover: 0% - 33%
2025-09-02 06:33:48,794 - INFO - composites.py:241 -                           
2025-09-02 06:33:48,794 - INFO - composites.py:242 - Searching...
2025-09-02 06:33:49,332 - INFO - composites.py:245 - Query found 38 items
2025-09-02 06:33:49,332 - INFO - composites.py:247 - Searching for GRI REFINED scenes:
2025-09-02 06:33:52,764 - INFO - sentinel2.py:78 - 1/38 - S2A_MSIL2A_20240731T092031_R093_T34SFJ_20240731T132944 -> REFINED
2025-09-02 06:33:57,396 - INFO - sentinel2.py:78 - 2/38 - S2A_MSIL2A_20240731T092031_R093_T34SFH_20240731T132944 -> REFINED
2025-09-02 06:34:02,028 - INFO - sentinel2.py:78 - 3/38 - S2A_MSIL2A_20240728T090601_R050_T35SKD_20240728T152859 -> REFINED
2025-09-02 06:34:06,787 - INFO - sentinel2.py:78 - 4/38 - S2A_MSIL2A_20240728T090601_R050_T35SKC_20240728T152859 -> REFINED
2025-09-02 06:34:10,268 - INFO - sentinel2.py:78 - 5/38 - S2A_MSIL2A_20240728T090601_R050_T34SGJ_20240728T152859 -> REFINED
2025-09-02 06:34:14,408 - INFO - sentinel2.py:78 - 6/38 - S2A_MSIL2A_20240728T090601_R050_T34SGH_20240728T152859 -> REFINED
2025-09-02 06:34:18,919 - INFO - sentinel2.py:78 - 7/38 - S2B_MSIL2A_20240726T091559_R093_T34SFJ_20240726T122410 -> REFINED
2025-09-02 06:34:23,637 - INFO - sentinel2.py:78 - 8/38 - S2B_MSIL2A_20240726T091559_R093_T34SFH_20240726T122410 -> REFINED
2025-09-02 06:34:28,152 - INFO - sentinel2.py:78 - 9/38 - S2B_MSIL2A_20240723T090559_R050_T35SKD_20240723T120201 -> REFINED
2025-09-02 06:34:33,101 - INFO - sentinel2.py:78 - 10/38 - S2B_MSIL2A_20240723T090559_R050_T35SKC_20240723T120201 -> REFINED
2025-09-02 06:34:37,887 - INFO - sentinel2.py:78 - 11/38 - S2B_MSIL2A_20240723T090559_R050_T34SGJ_20240723T120201 -> REFINED
2025-09-02 06:34:42,120 - INFO - sentinel2.py:78 - 12/38 - S2B_MSIL2A_20240723T090559_R050_T34SGH_20240723T120201 -> REFINED
2025-09-02 06:34:46,126 - INFO - sentinel2.py:78 - 13/38 - S2A_MSIL2A_20240721T092031_R093_T34SFJ_20240721T161556 -> REFINED
2025-09-02 06:34:50,453 - INFO - sentinel2.py:78 - 14/38 - S2A_MSIL2A_20240721T092031_R093_T34SFH_20240721T162027 -> REFINED
2025-09-02 06:34:54,692 - INFO - sentinel2.py:78 - 15/38 - S2A_MSIL2A_20240718T090551_R050_T35SKD_20240718T133445 -> REFINED
2025-09-02 06:34:58,312 - INFO - sentinel2.py:78 - 16/38 - S2A_MSIL2A_20240718T090551_R050_T35SKC_20240718T134722 -> REFINED
2025-09-02 06:35:02,364 - INFO - sentinel2.py:78 - 17/38 - S2A_MSIL2A_20240718T090551_R050_T34SGJ_20240718T134907 -> REFINED
2025-09-02 06:35:07,206 - INFO - sentinel2.py:78 - 18/38 - S2A_MSIL2A_20240718T090551_R050_T34SGH_20240718T135254 -> REFINED
2025-09-02 06:35:11,417 - INFO - sentinel2.py:78 - 19/38 - S2B_MSIL2A_20240716T091559_R093_T34SFJ_20240716T122522 -> REFINED
2025-09-02 06:35:15,602 - INFO - sentinel2.py:78 - 20/38 - S2B_MSIL2A_20240716T091559_R093_T34SFH_20240716T122521 -> REFINED
2025-09-02 06:35:20,321 - INFO - sentinel2.py:78 - 21/38 - S2B_MSIL2A_20240713T090559_R050_T35SKD_20240713T124253 -> REFINED
2025-09-02 06:35:25,101 - INFO - sentinel2.py:78 - 22/38 - S2B_MSIL2A_20240713T090559_R050_T35SKC_20240713T124025 -> REFINED
2025-09-02 06:35:29,222 - INFO - sentinel2.py:78 - 23/38 - S2B_MSIL2A_20240713T090559_R050_T34SGJ_20240713T124306 -> REFINED
2025-09-02 06:35:33,345 - INFO - sentinel2.py:78 - 24/38 - S2B_MSIL2A_20240713T090559_R050_T34SGH_20240713T124351 -> REFINED
2025-09-02 06:35:37,470 - INFO - sentinel2.py:78 - 25/38 - S2A_MSIL2A_20240711T092031_R093_T34SFJ_20240711T144551 -> REFINED
2025-09-02 06:35:40,868 - INFO - sentinel2.py:78 - 26/38 - S2A_MSIL2A_20240711T092031_R093_T34SFH_20240711T152305 -> REFINED
2025-09-02 06:35:45,422 - INFO - sentinel2.py:78 - 27/38 - S2A_MSIL2A_20240708T090601_R050_T35SKD_20240708T132200 -> REFINED
2025-09-02 06:35:49,835 - INFO - sentinel2.py:78 - 28/38 - S2A_MSIL2A_20240708T090601_R050_T35SKC_20240708T132451 -> REFINED
2025-09-02 06:35:54,120 - INFO - sentinel2.py:78 - 29/38 - S2A_MSIL2A_20240708T090601_R050_T34SGJ_20240708T131913 -> REFINED
2025-09-02 06:35:57,779 - INFO - sentinel2.py:78 - 30/38 - S2A_MSIL2A_20240708T090601_R050_T34SGH_20240708T132042 -> REFINED
2025-09-02 06:36:01,038 - INFO - sentinel2.py:78 - 31/38 - S2B_MSIL2A_20240706T091559_R093_T34SFJ_20240706T134553 -> REFINED
2025-09-02 06:36:05,190 - INFO - sentinel2.py:78 - 32/38 - S2B_MSIL2A_20240706T091559_R093_T34SFH_20240706T134009 -> REFINED
2025-09-02 06:36:08,706 - INFO - sentinel2.py:78 - 33/38 - S2B_MSIL2A_20240703T090559_R050_T35SKD_20240703T131014 -> REFINED
2025-09-02 06:36:12,853 - INFO - sentinel2.py:78 - 34/38 - S2B_MSIL2A_20240703T090559_R050_T35SKC_20240703T131021 -> REFINED
2025-09-02 06:36:16,835 - INFO - sentinel2.py:78 - 35/38 - S2B_MSIL2A_20240703T090559_R050_T34SGJ_20240703T130811 -> REFINED
2025-09-02 06:36:21,004 - INFO - sentinel2.py:78 - 36/38 - S2B_MSIL2A_20240703T090559_R050_T34SGH_20240703T132628 -> REFINED
2025-09-02 06:36:25,114 - INFO - sentinel2.py:78 - 37/38 - S2A_MSIL2A_20240701T092031_R093_T34SFJ_20240701T235702 -> REFINED
2025-09-02 06:36:29,273 - INFO - sentinel2.py:78 - 38/38 - S2A_MSIL2A_20240701T092031_R093_T34SFH_20240701T235759 -> REFINED
2025-09-02 06:36:29,311 - INFO - composites.py:250 -                                  
2025-09-02 06:36:29,311 - INFO - composites.py:251 - 38/38 were refined by GRI.
2025-09-02 06:36:29,311 - INFO - composites.py:263 - Looking for up to 10 cleanest images within spatiotemporal range of each MGRS tile
2025-09-02 06:36:29,340 - INFO - composites.py:277 - Filtered cleanest scenes: Kept 38 out of 38 items. 
2025-09-02 06:36:29,341 - INFO - composites.py:278 -         Included MGRS Tiles: ['34SFH' '34SFJ' '34SGH' '34SGJ' '35SKC' '35SKD']
2025-09-02 06:36:29,342 - INFO - composites.py:279 -         Included EPSG codes: [32634 32635]
2025-09-02 06:36:29,342 - INFO - composites.py:281 - Selected scenes:
2025-09-02 06:36:29,342 - INFO - composites.py:283 -         S2B_MSIL2A_20240716T091559_R093_T34SFH_20240716T122521
2025-09-02 06:36:29,342 - INFO - composites.py:283 -         S2A_MSIL2A_20240701T092031_R093_T34SFH_20240701T235759
2025-09-02 06:36:29,349 - INFO - composites.py:283 -         S2A_MSIL2A_20240721T092031_R093_T34SFH_20240721T162027
2025-09-02 06:36:29,349 - INFO - composites.py:283 -         S2A_MSIL2A_20240711T092031_R093_T34SFH_20240711T152305
2025-09-02 06:36:29,349 - INFO - composites.py:283 -         S2B_MSIL2A_20240706T091559_R093_T34SFH_20240706T134009
2025-09-02 06:36:29,360 - INFO - composites.py:283 -         S2A_MSIL2A_20240731T092031_R093_T34SFH_20240731T132944
2025-09-02 06:36:29,360 - INFO - composites.py:283 -         S2B_MSIL2A_20240726T091559_R093_T34SFH_20240726T122410
2025-09-02 06:36:29,360 - INFO - composites.py:283 -         S2B_MSIL2A_20240716T091559_R093_T34SFJ_20240716T122522
2025-09-02 06:36:29,360 - INFO - composites.py:283 -         S2A_MSIL2A_20240701T092031_R093_T34SFJ_20240701T235702
2025-09-02 06:36:29,360 - INFO - composites.py:283 -         S2A_MSIL2A_20240721T092031_R093_T34SFJ_20240721T161556
2025-09-02 06:36:29,360 - INFO - composites.py:283 -         S2A_MSIL2A_20240711T092031_R093_T34SFJ_20240711T144551
2025-09-02 06:36:29,360 - INFO - composites.py:283 -         S2B_MSIL2A_20240706T091559_R093_T34SFJ_20240706T134553
2025-09-02 06:36:29,360 - INFO - composites.py:283 -         S2B_MSIL2A_20240726T091559_R093_T34SFJ_20240726T122410
2025-09-02 06:36:29,366 - INFO - composites.py:283 -         S2A_MSIL2A_20240731T092031_R093_T34SFJ_20240731T132944
2025-09-02 06:36:29,366 - INFO - composites.py:283 -         S2B_MSIL2A_20240713T090559_R050_T34SGH_20240713T124351
2025-09-02 06:36:29,366 - INFO - composites.py:283 -         S2A_MSIL2A_20240718T090551_R050_T34SGH_20240718T135254
2025-09-02 06:36:29,366 - INFO - composites.py:283 -         S2A_MSIL2A_20240708T090601_R050_T34SGH_20240708T132042
2025-09-02 06:36:29,367 - INFO - composites.py:283 -         S2B_MSIL2A_20240723T090559_R050_T34SGH_20240723T120201
2025-09-02 06:36:29,367 - INFO - composites.py:283 -         S2A_MSIL2A_20240728T090601_R050_T34SGH_20240728T152859
2025-09-02 06:36:29,367 - INFO - composites.py:283 -         S2B_MSIL2A_20240703T090559_R050_T34SGH_20240703T132628
2025-09-02 06:36:29,367 - INFO - composites.py:283 -         S2B_MSIL2A_20240713T090559_R050_T34SGJ_20240713T124306
2025-09-02 06:36:29,367 - INFO - composites.py:283 -         S2A_MSIL2A_20240718T090551_R050_T34SGJ_20240718T134907
2025-09-02 06:36:29,367 - INFO - composites.py:283 -         S2A_MSIL2A_20240708T090601_R050_T34SGJ_20240708T131913
2025-09-02 06:36:29,367 - INFO - composites.py:283 -         S2A_MSIL2A_20240728T090601_R050_T34SGJ_20240728T152859
2025-09-02 06:36:29,367 - INFO - composites.py:283 -         S2B_MSIL2A_20240703T090559_R050_T34SGJ_20240703T130811
2025-09-02 06:36:29,367 - INFO - composites.py:283 -         S2B_MSIL2A_20240723T090559_R050_T34SGJ_20240723T120201
2025-09-02 06:36:29,367 - INFO - composites.py:283 -         S2B_MSIL2A_20240713T090559_R050_T35SKC_20240713T124025
2025-09-02 06:36:29,367 - INFO - composites.py:283 -         S2A_MSIL2A_20240718T090551_R050_T35SKC_20240718T134722
2025-09-02 06:36:29,367 - INFO - composites.py:283 -         S2A_MSIL2A_20240708T090601_R050_T35SKC_20240708T132451
2025-09-02 06:36:29,367 - INFO - composites.py:283 -         S2B_MSIL2A_20240723T090559_R050_T35SKC_20240723T120201
2025-09-02 06:36:29,367 - INFO - composites.py:283 -         S2A_MSIL2A_20240728T090601_R050_T35SKC_20240728T152859
2025-09-02 06:36:29,367 - INFO - composites.py:283 -         S2B_MSIL2A_20240703T090559_R050_T35SKC_20240703T131021
2025-09-02 06:36:29,367 - INFO - composites.py:283 -         S2B_MSIL2A_20240713T090559_R050_T35SKD_20240713T124253
2025-09-02 06:36:29,367 - INFO - composites.py:283 -         S2A_MSIL2A_20240718T090551_R050_T35SKD_20240718T133445
2025-09-02 06:36:29,367 - INFO - composites.py:283 -         S2A_MSIL2A_20240708T090601_R050_T35SKD_20240708T132200
2025-09-02 06:36:29,367 - INFO - composites.py:283 -         S2A_MSIL2A_20240728T090601_R050_T35SKD_20240728T152859
2025-09-02 06:36:29,367 - INFO - composites.py:283 -         S2B_MSIL2A_20240703T090559_R050_T35SKD_20240703T131014
2025-09-02 06:36:29,367 - INFO - composites.py:283 -         S2B_MSIL2A_20240723T090559_R050_T35SKD_20240723T120201
2025-09-02 06:36:29,786 - INFO - sentinel2.py:154 - Matplotlib backend: Agg
2025-09-02 06:36:30,136 - INFO - sentinel2.py:224 - Write input scenes footprint overlay: //nas-rs.topo.auth.gr/Latomeia/DROUGHT/composites/x11/y12/2024/07/01/S2L2A_medcomp_x11y12_202407_InDataFootprint.jpeg
2025-09-02 06:36:30,425 - INFO - composites.py:297 -                                  
2025-09-02 06:36:30,425 - INFO - composites.py:298 - Downstream STAC items from Planetary Computer
2025-09-02 06:36:30,425 - INFO - timeseries_processing.py:115 -                                  
2025-09-02 06:36:30,426 - INFO - timeseries_processing.py:116 - Loading bands of diferent resolutions in EPSG:32634
2025-09-02 06:36:30,426 - INFO - timeseries_processing.py:120 -     Filtering items with native UTM EPSG:32634
2025-09-02 06:36:30,426 - INFO - timeseries_processing.py:122 -     26 Items in EPSG:32634
2025-09-02 06:36:30,426 - INFO - timeseries_processing.py:129 -                        
2025-09-02 06:36:30,426 - INFO - timeseries_processing.py:130 -     Loading parameters:
2025-09-02 06:36:30,426 - INFO - timeseries_processing.py:131 -         Bands: ['B05', 'B07', 'B8A', 'SCL']
2025-09-02 06:36:30,426 - INFO - timeseries_processing.py:132 -         Spatial resolution: 20
2025-09-02 06:36:30,426 - INFO - timeseries_processing.py:134 -         Get Assets from STAC Items
2025-09-02 06:36:30,426 - INFO - timeseries_processing.py:47 -         Initialize the STAC client
2025-09-02 06:36:31,049 - INFO - timeseries_processing.py:137 -         Loading 26 STAC Items....
2025-09-02 06:37:47,565 - INFO - timeseries_processing.py:146 -         Cube has been downloaded
2025-09-02 06:37:47,565 - INFO - timeseries_processing.py:156 -         Fix order of dimensions
2025-09-02 06:37:47,567 - INFO - timeseries_processing.py:161 -         Append bands to the band-list of EPSG:32634
2025-09-02 06:37:47,567 - INFO - timeseries_processing.py:129 -                        
2025-09-02 06:37:47,567 - INFO - timeseries_processing.py:130 -     Loading parameters:
2025-09-02 06:37:47,569 - INFO - timeseries_processing.py:131 -         Bands: ['B02', 'B03', 'B04']
2025-09-02 06:37:47,569 - INFO - timeseries_processing.py:132 -         Spatial resolution: 10
2025-09-02 06:37:47,571 - INFO - timeseries_processing.py:134 -         Get Assets from STAC Items
2025-09-02 06:37:47,571 - INFO - timeseries_processing.py:47 -         Initialize the STAC client
2025-09-02 06:37:48,313 - INFO - timeseries_processing.py:137 -         Loading 26 STAC Items....
2025-09-02 06:40:38,177 - INFO - timeseries_processing.py:146 -         Cube has been downloaded
2025-09-02 06:40:38,178 - INFO - timeseries_processing.py:149 -         Reproject to downsample 10m bands to 20m by Resampling.average 2x2 binning and shape matching with odc.geo.GeoBox
2025-09-02 06:40:56,135 - INFO - timeseries_processing.py:161 -         Append bands to the band-list of EPSG:32634
2025-09-02 06:40:56,135 - INFO - timeseries_processing.py:165 -                        
2025-09-02 06:40:56,135 - INFO - timeseries_processing.py:166 -     Merging bands in a single dataset
2025-09-02 06:40:56,135 - INFO - timeseries_processing.py:167 -     Ensure all partial datasets are at (x=20, y=-20) resolution
2025-09-02 06:40:56,135 - INFO - timeseries_processing.py:171 -     Clip to the intersection of indexes
2025-09-02 06:40:57,531 - INFO - timeseries_processing.py:180 -     Make a list of bands to merge
2025-09-02 06:40:57,531 - INFO - timeseries_processing.py:184 -     Merge on intersection
2025-09-02 06:40:57,533 - INFO - timeseries_processing.py:192 -     Apply masks on clouds, shadows, thin cirrus, and snow/ice
2025-09-02 06:40:57,533 - INFO - sentinel2.py:122 -                Masking bits: [3, 7, 8, 9, 10, 11]
2025-09-02 06:40:59,173 - INFO - timeseries_processing.py:115 -                                  
2025-09-02 06:40:59,173 - INFO - timeseries_processing.py:116 - Loading bands of diferent resolutions in EPSG:32635
2025-09-02 06:40:59,173 - INFO - timeseries_processing.py:120 -     Filtering items with native UTM EPSG:32635
2025-09-02 06:40:59,173 - INFO - timeseries_processing.py:122 -     12 Items in EPSG:32635
2025-09-02 06:40:59,173 - INFO - timeseries_processing.py:129 -                        
2025-09-02 06:40:59,173 - INFO - timeseries_processing.py:130 -     Loading parameters:
2025-09-02 06:40:59,173 - INFO - timeseries_processing.py:131 -         Bands: ['B05', 'B07', 'B8A', 'SCL']
2025-09-02 06:40:59,173 - INFO - timeseries_processing.py:132 -         Spatial resolution: 20
2025-09-02 06:40:59,173 - INFO - timeseries_processing.py:134 -         Get Assets from STAC Items
2025-09-02 06:40:59,173 - INFO - timeseries_processing.py:47 -         Initialize the STAC client
2025-09-02 06:40:59,749 - INFO - timeseries_processing.py:137 -         Loading 12 STAC Items....
2025-09-02 06:41:36,086 - INFO - timeseries_processing.py:146 -         Cube has been downloaded
2025-09-02 06:41:36,086 - INFO - timeseries_processing.py:156 -         Fix order of dimensions
2025-09-02 06:41:36,088 - INFO - timeseries_processing.py:161 -         Append bands to the band-list of EPSG:32635
2025-09-02 06:41:36,088 - INFO - timeseries_processing.py:129 -                        
2025-09-02 06:41:36,088 - INFO - timeseries_processing.py:130 -     Loading parameters:
2025-09-02 06:41:36,088 - INFO - timeseries_processing.py:131 -         Bands: ['B02', 'B03', 'B04']
2025-09-02 06:41:36,088 - INFO - timeseries_processing.py:132 -         Spatial resolution: 10
2025-09-02 06:41:36,088 - INFO - timeseries_processing.py:134 -         Get Assets from STAC Items
2025-09-02 06:41:36,088 - INFO - timeseries_processing.py:47 -         Initialize the STAC client
2025-09-02 06:41:36,613 - INFO - timeseries_processing.py:137 -         Loading 12 STAC Items....
2025-09-02 06:43:15,208 - INFO - timeseries_processing.py:146 -         Cube has been downloaded
2025-09-02 06:43:15,208 - INFO - timeseries_processing.py:149 -         Reproject to downsample 10m bands to 20m by Resampling.average 2x2 binning and shape matching with odc.geo.GeoBox
2025-09-02 06:43:23,288 - INFO - timeseries_processing.py:161 -         Append bands to the band-list of EPSG:32635
2025-09-02 06:43:23,288 - INFO - timeseries_processing.py:165 -                        
2025-09-02 06:43:23,288 - INFO - timeseries_processing.py:166 -     Merging bands in a single dataset
2025-09-02 06:43:23,288 - INFO - timeseries_processing.py:167 -     Ensure all partial datasets are at (x=20, y=-20) resolution
2025-09-02 06:43:23,289 - INFO - timeseries_processing.py:171 -     Clip to the intersection of indexes
2025-09-02 06:43:23,290 - INFO - timeseries_processing.py:180 -     Make a list of bands to merge
2025-09-02 06:43:23,290 - INFO - timeseries_processing.py:184 -     Merge on intersection
2025-09-02 06:43:23,291 - INFO - timeseries_processing.py:192 -     Apply masks on clouds, shadows, thin cirrus, and snow/ice
2025-09-02 06:43:23,291 - INFO - sentinel2.py:122 -                Masking bits: [3, 7, 8, 9, 10, 11]
2025-09-02 06:43:24,102 - INFO - composites.py:307 - Reproject from UTM Zone to Tile geometry -> CRS(EPSG:32635), Resampling.bilinear
2025-09-02 06:43:37,109 - INFO - composites.py:310 -     New shape of datasets: Shape2d(x=2400, y=2400)
2025-09-02 06:43:37,459 - INFO - composites.py:315 -                           
2025-09-02 06:43:37,472 - INFO - composites.py:316 - Mosaic datasets to a single dataset
2025-09-02 06:43:48,681 - INFO - composites.py:329 - Scale SR to Sen2Cor Baseline 4.00 - Subtract 1000 in dates post 2022-01-25
2025-09-02 06:43:50,618 - INFO - composites.py:342 - Creating preview plot of input scenes
2025-09-02 06:44:29,992 - INFO - timeseries_processing.py:349 - Saved preview for 'B04' to //nas-rs.topo.auth.gr/Latomeia/DROUGHT/composites/x11/y12/2024/07/01/S2L2A_medcomp_x11y12_202407_InDataPreview.jpeg
2025-09-02 06:44:30,015 - INFO - composites.py:348 - Clip value range
2025-09-02 06:44:32,588 - INFO - composites.py:353 -                           
2025-09-02 06:44:32,588 - INFO - composites.py:354 - Computing spectral indices:
2025-09-02 06:44:32,588 - INFO - composites.py:357 -     EVI...
2025-09-02 06:44:34,181 - INFO - composites.py:359 -     NDVI...
2025-09-02 06:44:34,746 - INFO - composites.py:361 -     PSRI2...
2025-09-02 06:44:35,181 - INFO - composites.py:364 - Clip to typical value range
2025-09-02 06:44:35,669 - INFO - composites.py:371 - Reducing to median value temporal composite
2025-09-02 06:45:04,092 - INFO - composites.py:390 - Scale and Define data types & nodata per band
2025-09-02 06:45:04,247 - INFO - composites.py:411 - Assign time range and tile ID in metadata
2025-09-02 06:45:04,247 - INFO - composites.py:419 - Write bands to raster COG files
2025-09-02 06:45:08,394 - INFO - composites.py:432 - Write B02 -> //nas-rs.topo.auth.gr/Latomeia/DROUGHT/composites/x11/y12/2024/07/01/S2L2A_medcomp_x11y12_202407_B02.tif
2025-09-02 06:45:12,286 - INFO - composites.py:432 - Write B03 -> //nas-rs.topo.auth.gr/Latomeia/DROUGHT/composites/x11/y12/2024/07/01/S2L2A_medcomp_x11y12_202407_B03.tif
2025-09-02 06:45:16,245 - INFO - composites.py:432 - Write B04 -> //nas-rs.topo.auth.gr/Latomeia/DROUGHT/composites/x11/y12/2024/07/01/S2L2A_medcomp_x11y12_202407_B04.tif
2025-09-02 06:45:20,171 - INFO - composites.py:432 - Write B05 -> //nas-rs.topo.auth.gr/Latomeia/DROUGHT/composites/x11/y12/2024/07/01/S2L2A_medcomp_x11y12_202407_B05.tif
2025-09-02 06:45:24,122 - INFO - composites.py:432 - Write B07 -> //nas-rs.topo.auth.gr/Latomeia/DROUGHT/composites/x11/y12/2024/07/01/S2L2A_medcomp_x11y12_202407_B07.tif
2025-09-02 06:45:27,956 - INFO - composites.py:432 - Write B8A -> //nas-rs.topo.auth.gr/Latomeia/DROUGHT/composites/x11/y12/2024/07/01/S2L2A_medcomp_x11y12_202407_B8A.tif
2025-09-02 06:45:31,787 - INFO - composites.py:432 - Write EVI -> //nas-rs.topo.auth.gr/Latomeia/DROUGHT/composites/x11/y12/2024/07/01/S2L2A_medcomp_x11y12_202407_EVI.tif
2025-09-02 06:45:35,696 - INFO - composites.py:432 - Write NDVI -> //nas-rs.topo.auth.gr/Latomeia/DROUGHT/composites/x11/y12/2024/07/01/S2L2A_medcomp_x11y12_202407_NDVI.tif
2025-09-02 06:45:39,602 - INFO - composites.py:432 - Write PSRI2 -> //nas-rs.topo.auth.gr/Latomeia/DROUGHT/composites/x11/y12/2024/07/01/S2L2A_medcomp_x11y12_202407_PSRI2.tif
2025-09-02 06:45:39,604 - INFO - composites.py:436 - Prepare metadata YAML document
2025-09-02 06:45:40,164 - INFO - composites.py:458 - Write metadata YAML document to disk
2025-09-02 06:45:40,205 - INFO - composites.py:463 - Create datacube.model.Dataset from eo3 metadata
2025-09-02 06:45:40,217 - INFO - composites.py:476 - Index to datacube
2025-09-02 06:45:40,218 - INFO - _datasets.py:191 - Indexing 741cd3e8-78a1-4cf3-96cc-58404a9ae1c0
2025-09-02 06:45:40,228 - INFO - composites.py:479 - 
2025-09-02 06:45:40,228 - INFO - composites.py:480 -              ✔✔✔ COMPLETED: Tile x11_y12 | Time: 2024-07 | In 11.96 minutes
2025-09-02 06:45:40,228 - INFO - composites.py:481 - 
2025-09-02 06:45:40,228 - INFO - composites.py:489 - Closing Dask client
2025-09-02 06:45:40,230 - INFO - composites.py:493 - Closing Dask cluster
2025-09-02 06:45:40,230 - INFO - composites.py:494 - #######################################################################
