2025-08-30 21:06:33,307 - INFO - composites.py:102 - #######################################################################
2025-08-30 21:06:33,307 - INFO - composites.py:104 - Processing started
2025-08-30 21:06:33,307 - INFO - composites.py:105 -         Tile: x08_y10
2025-08-30 21:06:33,307 - INFO - composites.py:106 -         Time: 2023-02
2025-08-30 21:06:33,308 - INFO - composites.py:109 -                           
2025-08-30 21:06:33,308 - INFO - composites.py:110 - Establishing connection to datacube
2025-08-30 21:06:34,203 - INFO - composites.py:113 -                           
2025-08-30 21:06:34,203 - INFO - composites.py:114 - Sanity test: Check if dataset already exists in the datacube
2025-08-30 21:06:34,226 - INFO - composites.py:133 - The composite requested was not found and it will be computed
2025-08-30 21:06:34,226 - INFO - composites.py:136 -                                  
2025-08-30 21:06:34,226 - INFO - composites.py:137 - Initializing Dask cluster for parallelization
2025-08-30 21:06:41,679 - INFO - composites.py:161 - Dask dashboard is available at: http://127.0.0.1:56780/status
2025-08-30 21:06:41,679 - INFO - composites.py:164 - Create directories and naming conversions
2025-08-30 21:06:41,691 - INFO - composites.py:177 - Dataset location: //nas-rs.topo.auth.gr/Latomeia/DROUGHT/composites/x08/y10/2023/02/01
2025-08-30 21:06:41,691 - INFO - composites.py:180 -                           
2025-08-30 21:06:41,691 - INFO - composites.py:181 - Retrieve tile geometry
2025-08-30 21:06:41,740 - INFO - composites.py:192 - Create the Bounding Box (φ,λ)
2025-08-30 21:06:41,740 - INFO - composites.py:198 - Create the Bounding Box (x,y)
2025-08-30 21:06:41,740 - INFO - composites.py:211 -                           
2025-08-30 21:06:41,741 - INFO - composites.py:212 - Connect to Planetary Computer STAC Catalog
2025-08-30 21:06:41,982 - INFO - composites.py:220 - Search the STAC Catalog
2025-08-30 21:06:42,051 - INFO - composites.py:232 -         Query parameters:
2025-08-30 21:06:42,051 - INFO - composites.py:233 -             url:          https://planetarycomputer.microsoft.com/api/stac/v1/search
2025-08-30 21:06:42,051 - INFO - composites.py:234 -             client:       microsoft-pc
2025-08-30 21:06:42,051 - INFO - composites.py:235 -             collection:   sentinel-2-l2a
2025-08-30 21:06:42,051 - INFO - composites.py:236 -             bbox:         (21.39721400014901, 37.8618519319046, 22.06142649589928, 38.40819969704171)
2025-08-30 21:06:42,051 - INFO - composites.py:237 -             time range:   2023-02-01T00:00:00Z/2023-02-28T23:59:59Z
2025-08-30 21:06:42,051 - INFO - composites.py:238 -             cloud cover:  0% - 70%
2025-08-30 21:06:42,051 - INFO - composites.py:239 -             nodata cover: 0% - 33%
2025-08-30 21:06:42,051 - INFO - composites.py:241 -                           
2025-08-30 21:06:42,051 - INFO - composites.py:242 - Searching...
2025-08-30 21:06:42,504 - INFO - composites.py:245 - Query found 12 items
2025-08-30 21:06:42,504 - INFO - composites.py:247 - Searching for GRI REFINED scenes:
2025-08-30 21:06:45,902 - INFO - sentinel2.py:78 - 1/12 - S2B_MSIL2A_20230222T092029_R093_T34SEG_20240815T003923 -> NOT_REFINED
2025-08-30 21:06:49,753 - INFO - sentinel2.py:78 - 2/12 - S2A_MSIL2A_20230217T092041_R093_T34SEH_20240819T131825 -> NOT_REFINED
2025-08-30 21:06:53,545 - INFO - sentinel2.py:78 - 3/12 - S2A_MSIL2A_20230217T092041_R093_T34SEH_20230218T055252 -> NOT_REFINED
2025-08-30 21:06:57,787 - INFO - sentinel2.py:78 - 4/12 - S2A_MSIL2A_20230217T092041_R093_T34SEG_20230218T054602 -> NOT_REFINED
2025-08-30 21:07:01,104 - INFO - sentinel2.py:78 - 5/12 - S2B_MSIL2A_20230212T092029_R093_T34SEH_20240814T202852 -> NOT_REFINED
2025-08-30 21:07:04,882 - INFO - sentinel2.py:78 - 6/12 - S2B_MSIL2A_20230212T092029_R093_T34SEH_20230212T230818 -> NOT_REFINED
2025-08-30 21:07:08,344 - INFO - sentinel2.py:78 - 7/12 - S2B_MSIL2A_20230212T092029_R093_T34SEG_20240814T202852 -> NOT_REFINED
2025-08-30 21:07:12,022 - INFO - sentinel2.py:78 - 8/12 - S2B_MSIL2A_20230212T092029_R093_T34SEG_20230212T212418 -> NOT_REFINED
2025-08-30 21:07:15,254 - INFO - sentinel2.py:78 - 9/12 - S2B_MSIL2A_20230202T092109_R093_T34SEH_20240815T155145 -> NOT_REFINED
2025-08-30 21:07:18,569 - INFO - sentinel2.py:78 - 10/12 - S2B_MSIL2A_20230202T092109_R093_T34SEH_20230203T042840 -> NOT_REFINED
2025-08-30 21:07:22,310 - INFO - sentinel2.py:78 - 11/12 - S2B_MSIL2A_20230202T092109_R093_T34SEG_20240815T155145 -> NOT_REFINED
2025-08-30 21:07:26,889 - INFO - sentinel2.py:78 - 12/12 - S2B_MSIL2A_20230202T092109_R093_T34SEG_20230203T045002 -> NOT_REFINED
2025-08-30 21:07:26,972 - INFO - composites.py:250 -                                  
2025-08-30 21:07:26,972 - INFO - composites.py:251 - 0/12 were refined by GRI.
2025-08-30 21:07:26,973 - WARNING - composites.py:255 - Tile x08_y10 | Time: 2023-02: All scenes are flagged NOT REFINED.
2025-08-30 21:07:26,973 - WARNING - composites.py:256 - Tile x08_y10 | Time: 2023-02: The composite will be flagged with _NOREFINED.
2025-08-30 21:07:26,973 - INFO - composites.py:263 - Looking for up to 10 cleanest images within spatiotemporal range of each MGRS tile
2025-08-30 21:07:26,974 - INFO - composites.py:277 - Filtered cleanest scenes: Kept 12 out of 12 items. 
2025-08-30 21:07:26,974 - INFO - composites.py:278 -         Included MGRS Tiles: ['34SEG' '34SEH']
2025-08-30 21:07:26,974 - INFO - composites.py:279 -         Included EPSG codes: [32634]
2025-08-30 21:07:26,976 - INFO - composites.py:281 - Selected scenes:
2025-08-30 21:07:26,976 - INFO - composites.py:283 -         S2A_MSIL2A_20230217T092041_R093_T34SEG_20230218T054602
2025-08-30 21:07:26,976 - INFO - composites.py:283 -         S2B_MSIL2A_20230212T092029_R093_T34SEG_20240814T202852
2025-08-30 21:07:26,976 - INFO - composites.py:283 -         S2B_MSIL2A_20230212T092029_R093_T34SEG_20230212T212418
2025-08-30 21:07:26,977 - INFO - composites.py:283 -         S2B_MSIL2A_20230222T092029_R093_T34SEG_20240815T003923
2025-08-30 21:07:26,977 - INFO - composites.py:283 -         S2B_MSIL2A_20230202T092109_R093_T34SEG_20240815T155145
2025-08-30 21:07:26,991 - INFO - composites.py:283 -         S2B_MSIL2A_20230202T092109_R093_T34SEG_20230203T045002
2025-08-30 21:07:26,991 - INFO - composites.py:283 -         S2B_MSIL2A_20230212T092029_R093_T34SEH_20240814T202852
2025-08-30 21:07:26,991 - INFO - composites.py:283 -         S2B_MSIL2A_20230212T092029_R093_T34SEH_20230212T230818
2025-08-30 21:07:26,991 - INFO - composites.py:283 -         S2A_MSIL2A_20230217T092041_R093_T34SEH_20230218T055252
2025-08-30 21:07:26,993 - INFO - composites.py:283 -         S2A_MSIL2A_20230217T092041_R093_T34SEH_20240819T131825
2025-08-30 21:07:26,994 - INFO - composites.py:283 -         S2B_MSIL2A_20230202T092109_R093_T34SEH_20230203T042840
2025-08-30 21:07:26,994 - INFO - composites.py:283 -         S2B_MSIL2A_20230202T092109_R093_T34SEH_20240815T155145
2025-08-30 21:07:27,641 - INFO - sentinel2.py:154 - Matplotlib backend: Agg
2025-08-30 21:07:27,978 - INFO - sentinel2.py:224 - Write input scenes footprint overlay: //nas-rs.topo.auth.gr/Latomeia/DROUGHT/composites/x08/y10/2023/02/01/S2L2A_medcomp_x08y10_202302_InDataFootprint.jpeg
2025-08-30 21:07:28,379 - INFO - composites.py:297 -                                  
2025-08-30 21:07:28,379 - INFO - composites.py:298 - Downstream STAC items from Planetary Computer
2025-08-30 21:07:28,380 - INFO - timeseries_processing.py:115 -                                  
2025-08-30 21:07:28,380 - INFO - timeseries_processing.py:116 - Loading bands of diferent resolutions in EPSG:32634
2025-08-30 21:07:28,380 - INFO - timeseries_processing.py:120 -     Filtering items with native UTM EPSG:32634
2025-08-30 21:07:28,380 - INFO - timeseries_processing.py:122 -     12 Items in EPSG:32634
2025-08-30 21:07:28,380 - INFO - timeseries_processing.py:129 -                        
2025-08-30 21:07:28,380 - INFO - timeseries_processing.py:130 -     Loading parameters:
2025-08-30 21:07:28,389 - INFO - timeseries_processing.py:131 -         Bands: ['B05', 'B07', 'B8A', 'SCL']
2025-08-30 21:07:28,390 - INFO - timeseries_processing.py:132 -         Spatial resolution: 20
2025-08-30 21:07:28,390 - INFO - timeseries_processing.py:134 -         Get Assets from STAC Items
2025-08-30 21:07:28,390 - INFO - timeseries_processing.py:47 -         Initialize the STAC client
2025-08-30 21:07:29,263 - INFO - timeseries_processing.py:137 -         Loading 12 STAC Items....
2025-08-30 21:08:20,481 - INFO - timeseries_processing.py:146 -         Cube has been downloaded
2025-08-30 21:08:20,482 - INFO - timeseries_processing.py:156 -         Fix order of dimensions
2025-08-30 21:08:20,483 - INFO - timeseries_processing.py:161 -         Append bands to the band-list of EPSG:32634
2025-08-30 21:08:20,484 - INFO - timeseries_processing.py:129 -                        
2025-08-30 21:08:20,484 - INFO - timeseries_processing.py:130 -     Loading parameters:
2025-08-30 21:08:20,484 - INFO - timeseries_processing.py:131 -         Bands: ['B02', 'B03', 'B04']
2025-08-30 21:08:20,484 - INFO - timeseries_processing.py:132 -         Spatial resolution: 10
2025-08-30 21:08:20,484 - INFO - timeseries_processing.py:134 -         Get Assets from STAC Items
2025-08-30 21:08:20,487 - INFO - timeseries_processing.py:47 -         Initialize the STAC client
2025-08-30 21:08:21,067 - INFO - timeseries_processing.py:137 -         Loading 12 STAC Items....
2025-08-30 21:09:32,919 - INFO - timeseries_processing.py:146 -         Cube has been downloaded
2025-08-30 21:09:32,920 - INFO - timeseries_processing.py:149 -         Reproject to downsample 10m bands to 20m by Resampling.average 2x2 binning and shape matching with odc.geo.GeoBox
2025-08-30 21:09:41,118 - INFO - timeseries_processing.py:161 -         Append bands to the band-list of EPSG:32634
2025-08-30 21:09:41,118 - INFO - timeseries_processing.py:165 -                        
2025-08-30 21:09:41,119 - INFO - timeseries_processing.py:166 -     Merging bands in a single dataset
2025-08-30 21:09:41,119 - INFO - timeseries_processing.py:167 -     Ensure all partial datasets are at (x=20, y=-20) resolution
2025-08-30 21:09:41,119 - INFO - timeseries_processing.py:171 -     Clip to the intersection of indexes
2025-08-30 21:09:42,923 - INFO - timeseries_processing.py:180 -     Make a list of bands to merge
2025-08-30 21:09:42,925 - INFO - timeseries_processing.py:184 -     Merge on intersection
2025-08-30 21:09:42,926 - INFO - timeseries_processing.py:192 -     Apply masks on clouds, shadows, thin cirrus, and snow/ice
2025-08-30 21:09:42,926 - INFO - sentinel2.py:122 -                Masking bits: [3, 7, 8, 9, 10, 11]
2025-08-30 21:09:43,832 - INFO - composites.py:307 - Reproject from UTM Zone to Tile geometry -> CRS(EPSG:32634), Resampling.bilinear
2025-08-30 21:09:48,022 - INFO - composites.py:310 -     New shape of datasets: Shape2d(x=2400, y=2400)
2025-08-30 21:09:49,044 - INFO - composites.py:329 - Scale SR to Sen2Cor Baseline 4.00 - Subtract 1000 in dates post 2022-01-25
2025-08-30 21:09:50,031 - INFO - composites.py:342 - Creating preview plot of input scenes
2025-08-30 21:10:22,861 - INFO - timeseries_processing.py:349 - Saved preview for 'B04' to //nas-rs.topo.auth.gr/Latomeia/DROUGHT/composites/x08/y10/2023/02/01/S2L2A_medcomp_x08y10_202302_InDataPreview.jpeg
2025-08-30 21:10:22,879 - INFO - composites.py:348 - Clip value range
2025-08-30 21:10:24,179 - INFO - composites.py:353 -                           
2025-08-30 21:10:24,189 - INFO - composites.py:354 - Computing spectral indices:
2025-08-30 21:10:24,189 - INFO - composites.py:357 -     EVI...
2025-08-30 21:10:25,104 - INFO - composites.py:359 -     NDVI...
2025-08-30 21:10:25,389 - INFO - composites.py:361 -     PSRI2...
2025-08-30 21:10:25,614 - INFO - composites.py:364 - Clip to typical value range
2025-08-30 21:10:25,888 - INFO - composites.py:371 - Reducing to median value temporal composite
2025-08-30 21:11:02,387 - INFO - composites.py:390 - Scale and Define data types & nodata per band
2025-08-30 21:11:02,671 - INFO - composites.py:411 - Assign time range and tile ID in metadata
2025-08-30 21:11:02,672 - INFO - composites.py:419 - Write bands to raster COG files
2025-08-30 21:11:09,399 - INFO - composites.py:432 - Write B02 -> //nas-rs.topo.auth.gr/Latomeia/DROUGHT/composites/x08/y10/2023/02/01/S2L2A_medcomp_x08y10_202302_B02.tif
2025-08-30 21:11:16,329 - INFO - composites.py:432 - Write B03 -> //nas-rs.topo.auth.gr/Latomeia/DROUGHT/composites/x08/y10/2023/02/01/S2L2A_medcomp_x08y10_202302_B03.tif
2025-08-30 21:11:22,919 - INFO - composites.py:432 - Write B04 -> //nas-rs.topo.auth.gr/Latomeia/DROUGHT/composites/x08/y10/2023/02/01/S2L2A_medcomp_x08y10_202302_B04.tif
2025-08-30 21:11:29,420 - INFO - composites.py:432 - Write B05 -> //nas-rs.topo.auth.gr/Latomeia/DROUGHT/composites/x08/y10/2023/02/01/S2L2A_medcomp_x08y10_202302_B05.tif
2025-08-30 21:11:35,814 - INFO - composites.py:432 - Write B07 -> //nas-rs.topo.auth.gr/Latomeia/DROUGHT/composites/x08/y10/2023/02/01/S2L2A_medcomp_x08y10_202302_B07.tif
2025-08-30 21:11:42,399 - INFO - composites.py:432 - Write B8A -> //nas-rs.topo.auth.gr/Latomeia/DROUGHT/composites/x08/y10/2023/02/01/S2L2A_medcomp_x08y10_202302_B8A.tif
2025-08-30 21:11:48,835 - INFO - composites.py:432 - Write EVI -> //nas-rs.topo.auth.gr/Latomeia/DROUGHT/composites/x08/y10/2023/02/01/S2L2A_medcomp_x08y10_202302_EVI.tif
2025-08-30 21:11:55,307 - INFO - composites.py:432 - Write NDVI -> //nas-rs.topo.auth.gr/Latomeia/DROUGHT/composites/x08/y10/2023/02/01/S2L2A_medcomp_x08y10_202302_NDVI.tif
2025-08-30 21:12:01,565 - INFO - composites.py:432 - Write PSRI2 -> //nas-rs.topo.auth.gr/Latomeia/DROUGHT/composites/x08/y10/2023/02/01/S2L2A_medcomp_x08y10_202302_PSRI2.tif
2025-08-30 21:12:01,566 - INFO - composites.py:436 - Prepare metadata YAML document
2025-08-30 21:12:02,872 - INFO - composites.py:458 - Write metadata YAML document to disk
2025-08-30 21:12:02,965 - INFO - composites.py:463 - Create datacube.model.Dataset from eo3 metadata
2025-08-30 21:12:03,000 - INFO - composites.py:476 - Index to datacube
2025-08-30 21:12:03,001 - INFO - _datasets.py:191 - Indexing 2574c343-6c9b-4116-b7ec-881095d60cd8
2025-08-30 21:12:03,017 - INFO - composites.py:479 - 
2025-08-30 21:12:03,017 - INFO - composites.py:480 -              ✔✔✔ COMPLETED: Tile x08_y10 | Time: 2023-02 | In 5.5 minutes
2025-08-30 21:12:03,017 - INFO - composites.py:481 - 
2025-08-30 21:12:03,017 - INFO - composites.py:489 - Closing Dask client
2025-08-30 21:12:03,028 - INFO - composites.py:493 - Closing Dask cluster
2025-08-30 21:12:03,028 - INFO - composites.py:494 - #######################################################################
