2025-09-05 12:32:37,707 - INFO - composites.py:102 - #######################################################################
2025-09-05 12:32:37,707 - INFO - composites.py:104 - Processing started
2025-09-05 12:32:37,707 - INFO - composites.py:105 -         Tile: x09_y07
2025-09-05 12:32:37,707 - INFO - composites.py:106 -         Time: 2025-07
2025-09-05 12:32:37,707 - INFO - composites.py:109 -                           
2025-09-05 12:32:37,707 - INFO - composites.py:110 - Establishing connection to datacube
2025-09-05 12:32:38,254 - INFO - composites.py:113 -                           
2025-09-05 12:32:38,254 - INFO - composites.py:114 - Sanity test: Check if dataset already exists in the datacube
2025-09-05 12:32:38,278 - INFO - composites.py:133 - The composite requested was not found and it will be computed
2025-09-05 12:32:38,278 - INFO - composites.py:136 -                                  
2025-09-05 12:32:38,278 - INFO - composites.py:137 - Initializing Dask cluster for parallelization
2025-09-05 12:32:43,443 - INFO - composites.py:161 - Dask dashboard is available at: http://127.0.0.1:8787/status
2025-09-05 12:32:43,443 - INFO - composites.py:164 - Create directories and naming conversions
2025-09-05 12:32:43,455 - INFO - composites.py:177 - Dataset location: //nas-rs.topo.auth.gr/Latomeia/DROUGHT/composites/x09/y07/2025/07/01
2025-09-05 12:32:43,455 - INFO - composites.py:180 -                           
2025-09-05 12:32:43,455 - INFO - composites.py:181 - Retrieve tile geometry
2025-09-05 12:32:43,497 - INFO - composites.py:192 - Create the Bounding Box (φ,λ)
2025-09-05 12:32:43,497 - INFO - composites.py:198 - Create the Bounding Box (x,y)
2025-09-05 12:32:43,497 - INFO - composites.py:211 -                           
2025-09-05 12:32:43,497 - INFO - composites.py:212 - Connect to Planetary Computer STAC Catalog
2025-09-05 12:32:43,909 - INFO - composites.py:220 - Search the STAC Catalog
2025-09-05 12:32:43,988 - INFO - composites.py:232 -         Query parameters:
2025-09-05 12:32:43,988 - INFO - composites.py:233 -             url:          https://planetarycomputer.microsoft.com/api/stac/v1/search
2025-09-05 12:32:43,988 - INFO - composites.py:234 -             client:       microsoft-pc
2025-09-05 12:32:43,988 - INFO - composites.py:235 -             collection:   sentinel-2-l2a
2025-09-05 12:32:43,988 - INFO - composites.py:236 -             bbox:         (21.713272741353347, 36.503467455742786, 22.3662065071609, 37.05185939680514)
2025-09-05 12:32:43,988 - INFO - composites.py:237 -             time range:   2025-07-01T00:00:00Z/2025-07-31T23:59:59Z
2025-09-05 12:32:43,988 - INFO - composites.py:238 -             cloud cover:  0% - 70%
2025-09-05 12:32:43,988 - INFO - composites.py:239 -             nodata cover: 0% - 33%
2025-09-05 12:32:43,988 - INFO - composites.py:241 -                           
2025-09-05 12:32:43,988 - INFO - composites.py:242 - Searching...
2025-09-05 12:32:44,579 - INFO - composites.py:245 - Query found 57 items
2025-09-05 12:32:44,579 - INFO - composites.py:247 - Searching for GRI REFINED scenes:
2025-09-05 12:32:49,657 - INFO - sentinel2.py:78 - 1/57 - S2B_MSIL2A_20250731T092029_R093_T34SFG_20250731T115523 -> REFINED
2025-09-05 12:32:55,351 - INFO - sentinel2.py:78 - 2/57 - S2B_MSIL2A_20250731T092029_R093_T34SFF_20250731T115523 -> REFINED
2025-09-05 12:33:00,852 - INFO - sentinel2.py:78 - 3/57 - S2B_MSIL2A_20250731T092029_R093_T34SEG_20250731T115523 -> REFINED
2025-09-05 12:33:05,751 - INFO - sentinel2.py:78 - 4/57 - S2B_MSIL2A_20250731T092029_R093_T34SEF_20250731T115523 -> REFINED
2025-09-05 12:33:11,891 - INFO - sentinel2.py:78 - 5/57 - S2A_MSIL2A_20250728T092231_R093_T34SFG_20250728T111018 -> REFINED
2025-09-05 12:33:16,842 - INFO - sentinel2.py:78 - 6/57 - S2A_MSIL2A_20250728T092231_R093_T34SFF_20250728T111018 -> REFINED
2025-09-05 12:33:22,923 - INFO - sentinel2.py:78 - 7/57 - S2A_MSIL2A_20250728T092231_R093_T34SEG_20250728T111018 -> REFINED
2025-09-05 12:33:27,819 - INFO - sentinel2.py:78 - 8/57 - S2A_MSIL2A_20250728T092231_R093_T34SEF_20250728T111018 -> REFINED
2025-09-05 12:33:32,801 - INFO - sentinel2.py:78 - 9/57 - S2B_MSIL2A_20250728T090559_R050_T34SFG_20250728T101128 -> REFINED
2025-09-05 12:33:38,794 - INFO - sentinel2.py:78 - 10/57 - S2B_MSIL2A_20250728T090559_R050_T34SFF_20250728T101128 -> REFINED
2025-09-05 12:33:45,034 - INFO - sentinel2.py:78 - 11/57 - S2C_MSIL2A_20250726T092051_R093_T34SFG_20250726T125415 -> REFINED
2025-09-05 12:33:51,311 - INFO - sentinel2.py:78 - 12/57 - S2C_MSIL2A_20250726T092051_R093_T34SFF_20250726T125415 -> REFINED
2025-09-05 12:33:56,914 - INFO - sentinel2.py:78 - 13/57 - S2C_MSIL2A_20250726T092051_R093_T34SEG_20250726T125415 -> REFINED
2025-09-05 12:34:02,739 - INFO - sentinel2.py:78 - 14/57 - S2C_MSIL2A_20250726T092051_R093_T34SEF_20250726T125415 -> REFINED
2025-09-05 12:34:08,400 - INFO - sentinel2.py:78 - 15/57 - S2A_MSIL2A_20250725T091041_R050_T34SFG_20250725T131619 -> REFINED
2025-09-05 12:34:14,240 - INFO - sentinel2.py:78 - 16/57 - S2A_MSIL2A_20250725T091041_R050_T34SFF_20250725T131619 -> REFINED
2025-09-05 12:34:20,297 - INFO - sentinel2.py:78 - 17/57 - S2C_MSIL2A_20250723T090621_R050_T34SFF_20250723T122213 -> REFINED
2025-09-05 12:34:25,826 - INFO - sentinel2.py:78 - 18/57 - S2B_MSIL2A_20250721T092029_R093_T34SFG_20250721T120259 -> REFINED
2025-09-05 12:34:31,289 - INFO - sentinel2.py:78 - 19/57 - S2B_MSIL2A_20250721T092029_R093_T34SFF_20250721T120259 -> REFINED
2025-09-05 12:34:36,692 - INFO - sentinel2.py:78 - 20/57 - S2B_MSIL2A_20250721T092029_R093_T34SEG_20250721T120259 -> REFINED
2025-09-05 12:34:42,240 - INFO - sentinel2.py:78 - 21/57 - S2B_MSIL2A_20250721T092029_R093_T34SEF_20250721T120259 -> REFINED
2025-09-05 12:34:48,205 - INFO - sentinel2.py:78 - 22/57 - S2A_MSIL2A_20250718T092051_R093_T34SFG_20250718T125020 -> REFINED
2025-09-05 12:34:53,636 - INFO - sentinel2.py:78 - 23/57 - S2A_MSIL2A_20250718T092051_R093_T34SFF_20250718T125020 -> REFINED
2025-09-05 12:34:59,247 - INFO - sentinel2.py:78 - 24/57 - S2A_MSIL2A_20250718T092051_R093_T34SEG_20250718T125020 -> REFINED
2025-09-05 12:35:05,461 - INFO - sentinel2.py:78 - 25/57 - S2A_MSIL2A_20250718T092051_R093_T34SEF_20250718T125020 -> REFINED
2025-09-05 12:35:10,621 - INFO - sentinel2.py:78 - 26/57 - S2B_MSIL2A_20250718T090559_R050_T34SFG_20250718T120206 -> REFINED
2025-09-05 12:35:15,580 - INFO - sentinel2.py:78 - 27/57 - S2B_MSIL2A_20250718T090559_R050_T34SFF_20250718T120206 -> REFINED
2025-09-05 12:35:21,624 - INFO - sentinel2.py:78 - 28/57 - S2C_MSIL2A_20250716T092051_R093_T34SFG_20250716T143214 -> REFINED
2025-09-05 12:35:27,217 - INFO - sentinel2.py:78 - 29/57 - S2C_MSIL2A_20250716T092051_R093_T34SFF_20250716T143214 -> REFINED
2025-09-05 12:35:33,416 - INFO - sentinel2.py:78 - 30/57 - S2C_MSIL2A_20250716T092051_R093_T34SEG_20250716T143214 -> REFINED
2025-09-05 12:35:39,751 - INFO - sentinel2.py:78 - 31/57 - S2C_MSIL2A_20250716T092051_R093_T34SEF_20250716T143214 -> REFINED
2025-09-05 12:35:45,592 - INFO - sentinel2.py:78 - 32/57 - S2A_MSIL2A_20250715T091331_R050_T34SFG_20250715T105310 -> REFINED
2025-09-05 12:35:51,661 - INFO - sentinel2.py:78 - 33/57 - S2A_MSIL2A_20250715T091331_R050_T34SFF_20250715T105310 -> REFINED
2025-09-05 12:35:57,469 - INFO - sentinel2.py:78 - 34/57 - S2C_MSIL2A_20250713T090621_R050_T34SFG_20250713T130516 -> REFINED
2025-09-05 12:36:03,717 - INFO - sentinel2.py:78 - 35/57 - S2C_MSIL2A_20250713T090621_R050_T34SFF_20250713T123014 -> REFINED
2025-09-05 12:36:08,930 - INFO - sentinel2.py:78 - 36/57 - S2B_MSIL2A_20250711T092029_R093_T34SFG_20250711T114113 -> REFINED
2025-09-05 12:36:13,889 - INFO - sentinel2.py:78 - 37/57 - S2B_MSIL2A_20250711T092029_R093_T34SFF_20250711T114113 -> REFINED
2025-09-05 12:36:19,282 - INFO - sentinel2.py:78 - 38/57 - S2B_MSIL2A_20250711T092029_R093_T34SEG_20250711T114113 -> REFINED
2025-09-05 12:36:25,040 - INFO - sentinel2.py:78 - 39/57 - S2B_MSIL2A_20250711T092029_R093_T34SEF_20250711T114113 -> REFINED
2025-09-05 12:36:31,454 - INFO - sentinel2.py:78 - 40/57 - S2A_MSIL2A_20250708T092231_R093_T34SFG_20250708T124914 -> REFINED
2025-09-05 12:36:37,568 - INFO - sentinel2.py:78 - 41/57 - S2A_MSIL2A_20250708T092231_R093_T34SFF_20250708T124914 -> REFINED
2025-09-05 12:36:42,993 - INFO - sentinel2.py:78 - 42/57 - S2A_MSIL2A_20250708T092231_R093_T34SEG_20250708T124914 -> REFINED
2025-09-05 12:36:48,959 - INFO - sentinel2.py:78 - 43/57 - S2A_MSIL2A_20250708T092231_R093_T34SEF_20250708T124914 -> REFINED
2025-09-05 12:36:54,973 - INFO - sentinel2.py:78 - 44/57 - S2B_MSIL2A_20250708T090559_R050_T34SFG_20250708T113616 -> REFINED
2025-09-05 12:37:01,085 - INFO - sentinel2.py:78 - 45/57 - S2B_MSIL2A_20250708T090559_R050_T34SFF_20250708T113616 -> REFINED
2025-09-05 12:37:07,224 - INFO - sentinel2.py:78 - 46/57 - S2C_MSIL2A_20250706T092051_R093_T34SFG_20250706T131358 -> REFINED
2025-09-05 12:37:12,858 - INFO - sentinel2.py:78 - 47/57 - S2C_MSIL2A_20250706T092051_R093_T34SFF_20250706T131358 -> REFINED
2025-09-05 12:37:18,957 - INFO - sentinel2.py:78 - 48/57 - S2C_MSIL2A_20250706T092051_R093_T34SEG_20250706T131358 -> REFINED
2025-09-05 12:37:24,965 - INFO - sentinel2.py:78 - 49/57 - S2C_MSIL2A_20250706T092051_R093_T34SEF_20250706T131358 -> REFINED
2025-09-05 12:37:31,032 - INFO - sentinel2.py:78 - 50/57 - S2A_MSIL2A_20250705T091041_R050_T34SFG_20250705T111415 -> REFINED
2025-09-05 12:37:36,942 - INFO - sentinel2.py:78 - 51/57 - S2A_MSIL2A_20250705T091041_R050_T34SFF_20250705T111415 -> REFINED
2025-09-05 12:37:44,045 - INFO - sentinel2.py:78 - 52/57 - S2C_MSIL2A_20250703T090621_R050_T34SFG_20250703T145718 -> REFINED
2025-09-05 12:37:49,982 - INFO - sentinel2.py:78 - 53/57 - S2C_MSIL2A_20250703T090621_R050_T34SFF_20250703T145718 -> REFINED
2025-09-05 12:37:56,030 - INFO - sentinel2.py:78 - 54/57 - S2B_MSIL2A_20250701T092029_R093_T34SFG_20250701T115535 -> REFINED
2025-09-05 12:38:01,105 - INFO - sentinel2.py:78 - 55/57 - S2B_MSIL2A_20250701T092029_R093_T34SFF_20250701T115535 -> REFINED
2025-09-05 12:38:06,786 - INFO - sentinel2.py:78 - 56/57 - S2B_MSIL2A_20250701T092029_R093_T34SEG_20250701T115535 -> REFINED
2025-09-05 12:38:11,914 - INFO - sentinel2.py:78 - 57/57 - S2B_MSIL2A_20250701T092029_R093_T34SEF_20250701T115535 -> REFINED
2025-09-05 12:38:11,975 - INFO - composites.py:250 -                                  
2025-09-05 12:38:11,975 - INFO - composites.py:251 - 57/57 were refined by GRI.
2025-09-05 12:38:11,976 - INFO - composites.py:263 - Looking for up to 8 cleanest images within spatiotemporal range of each MGRS tile
2025-09-05 12:38:11,977 - INFO - composites.py:277 - Filtered cleanest scenes: Kept 32 out of 57 items. 
2025-09-05 12:38:11,977 - INFO - composites.py:278 -         Included MGRS Tiles: ['34SEF' '34SEG' '34SFF' '34SFG']
2025-09-05 12:38:11,977 - INFO - composites.py:279 -         Included EPSG codes: [32634]
2025-09-05 12:38:11,977 - INFO - composites.py:281 - Selected scenes:
2025-09-05 12:38:11,977 - INFO - composites.py:283 -         S2B_MSIL2A_20250721T092029_R093_T34SEF_20250721T120259
2025-09-05 12:38:11,982 - INFO - composites.py:283 -         S2C_MSIL2A_20250726T092051_R093_T34SEF_20250726T125415
2025-09-05 12:38:11,992 - INFO - composites.py:283 -         S2A_MSIL2A_20250728T092231_R093_T34SEF_20250728T111018
2025-09-05 12:38:11,997 - INFO - composites.py:283 -         S2B_MSIL2A_20250731T092029_R093_T34SEF_20250731T115523
2025-09-05 12:38:12,008 - INFO - composites.py:283 -         S2A_MSIL2A_20250708T092231_R093_T34SEF_20250708T124914
2025-09-05 12:38:12,018 - INFO - composites.py:283 -         S2C_MSIL2A_20250716T092051_R093_T34SEF_20250716T143214
2025-09-05 12:38:12,018 - INFO - composites.py:283 -         S2C_MSIL2A_20250706T092051_R093_T34SEF_20250706T131358
2025-09-05 12:38:12,018 - INFO - composites.py:283 -         S2B_MSIL2A_20250701T092029_R093_T34SEF_20250701T115535
2025-09-05 12:38:12,018 - INFO - composites.py:283 -         S2A_MSIL2A_20250708T092231_R093_T34SEG_20250708T124914
2025-09-05 12:38:12,020 - INFO - composites.py:283 -         S2C_MSIL2A_20250726T092051_R093_T34SEG_20250726T125415
2025-09-05 12:38:12,020 - INFO - composites.py:283 -         S2C_MSIL2A_20250706T092051_R093_T34SEG_20250706T131358
2025-09-05 12:38:12,020 - INFO - composites.py:283 -         S2A_MSIL2A_20250728T092231_R093_T34SEG_20250728T111018
2025-09-05 12:38:12,020 - INFO - composites.py:283 -         S2B_MSIL2A_20250721T092029_R093_T34SEG_20250721T120259
2025-09-05 12:38:12,020 - INFO - composites.py:283 -         S2A_MSIL2A_20250718T092051_R093_T34SEG_20250718T125020
2025-09-05 12:38:12,020 - INFO - composites.py:283 -         S2C_MSIL2A_20250716T092051_R093_T34SEG_20250716T143214
2025-09-05 12:38:12,020 - INFO - composites.py:283 -         S2B_MSIL2A_20250731T092029_R093_T34SEG_20250731T115523
2025-09-05 12:38:12,020 - INFO - composites.py:283 -         S2A_MSIL2A_20250705T091041_R050_T34SFF_20250705T111415
2025-09-05 12:38:12,020 - INFO - composites.py:283 -         S2A_MSIL2A_20250725T091041_R050_T34SFF_20250725T131619
2025-09-05 12:38:12,020 - INFO - composites.py:283 -         S2C_MSIL2A_20250713T090621_R050_T34SFF_20250713T123014
2025-09-05 12:38:12,020 - INFO - composites.py:283 -         S2C_MSIL2A_20250723T090621_R050_T34SFF_20250723T122213
2025-09-05 12:38:12,020 - INFO - composites.py:283 -         S2A_MSIL2A_20250715T091331_R050_T34SFF_20250715T105310
2025-09-05 12:38:12,020 - INFO - composites.py:283 -         S2B_MSIL2A_20250728T090559_R050_T34SFF_20250728T101128
2025-09-05 12:38:12,020 - INFO - composites.py:283 -         S2C_MSIL2A_20250703T090621_R050_T34SFF_20250703T145718
2025-09-05 12:38:12,020 - INFO - composites.py:283 -         S2B_MSIL2A_20250708T090559_R050_T34SFF_20250708T113616
2025-09-05 12:38:12,020 - INFO - composites.py:283 -         S2A_MSIL2A_20250725T091041_R050_T34SFG_20250725T131619
2025-09-05 12:38:12,020 - INFO - composites.py:283 -         S2C_MSIL2A_20250713T090621_R050_T34SFG_20250713T130516
2025-09-05 12:38:12,020 - INFO - composites.py:283 -         S2B_MSIL2A_20250708T090559_R050_T34SFG_20250708T113616
2025-09-05 12:38:12,020 - INFO - composites.py:283 -         S2A_MSIL2A_20250715T091331_R050_T34SFG_20250715T105310
2025-09-05 12:38:12,020 - INFO - composites.py:283 -         S2A_MSIL2A_20250705T091041_R050_T34SFG_20250705T111415
2025-09-05 12:38:12,020 - INFO - composites.py:283 -         S2B_MSIL2A_20250718T090559_R050_T34SFG_20250718T120206
2025-09-05 12:38:12,021 - INFO - composites.py:283 -         S2B_MSIL2A_20250728T090559_R050_T34SFG_20250728T101128
2025-09-05 12:38:12,021 - INFO - composites.py:283 -         S2C_MSIL2A_20250703T090621_R050_T34SFG_20250703T145718
2025-09-05 12:38:12,514 - INFO - sentinel2.py:154 - Matplotlib backend: Agg
2025-09-05 12:38:12,753 - INFO - sentinel2.py:224 - Write input scenes footprint overlay: //nas-rs.topo.auth.gr/Latomeia/DROUGHT/composites/x09/y07/2025/07/01/S2L2A_medcomp_x09y07_202507_InDataFootprint.jpeg
2025-09-05 12:38:13,073 - INFO - composites.py:297 -                                  
2025-09-05 12:38:13,073 - INFO - composites.py:298 - Downstream STAC items from Planetary Computer
2025-09-05 12:38:13,073 - INFO - timeseries_processing.py:115 -                                  
2025-09-05 12:38:13,073 - INFO - timeseries_processing.py:116 - Loading bands of diferent resolutions in EPSG:32634
2025-09-05 12:38:13,073 - INFO - timeseries_processing.py:120 -     Filtering items with native UTM EPSG:32634
2025-09-05 12:38:13,073 - INFO - timeseries_processing.py:122 -     32 Items in EPSG:32634
2025-09-05 12:38:13,073 - INFO - timeseries_processing.py:129 -                        
2025-09-05 12:38:13,073 - INFO - timeseries_processing.py:130 -     Loading parameters:
2025-09-05 12:38:13,073 - INFO - timeseries_processing.py:131 -         Bands: ['B05', 'B07', 'B8A', 'SCL']
2025-09-05 12:38:13,073 - INFO - timeseries_processing.py:132 -         Spatial resolution: 20
2025-09-05 12:38:13,073 - INFO - timeseries_processing.py:134 -         Get Assets from STAC Items
2025-09-05 12:38:13,073 - INFO - timeseries_processing.py:47 -         Initialize the STAC client
2025-09-05 12:38:13,791 - INFO - timeseries_processing.py:137 -         Loading 32 STAC Items....
2025-09-05 12:41:22,507 - INFO - timeseries_processing.py:146 -         Cube has been downloaded
2025-09-05 12:41:22,509 - INFO - timeseries_processing.py:156 -         Fix order of dimensions
2025-09-05 12:41:22,510 - INFO - timeseries_processing.py:161 -         Append bands to the band-list of EPSG:32634
2025-09-05 12:41:22,510 - INFO - timeseries_processing.py:129 -                        
2025-09-05 12:41:22,510 - INFO - timeseries_processing.py:130 -     Loading parameters:
2025-09-05 12:41:22,510 - INFO - timeseries_processing.py:131 -         Bands: ['B02', 'B03', 'B04']
2025-09-05 12:41:22,510 - INFO - timeseries_processing.py:132 -         Spatial resolution: 10
2025-09-05 12:41:22,514 - INFO - timeseries_processing.py:134 -         Get Assets from STAC Items
2025-09-05 12:41:22,514 - INFO - timeseries_processing.py:47 -         Initialize the STAC client
2025-09-05 12:41:23,155 - INFO - timeseries_processing.py:137 -         Loading 32 STAC Items....
2025-09-05 13:19:21,450 - ERROR - composites.py:484 -              ✖✖✖ FAILED loading for : Tile x09_y07 | Time: 2025-07 | with Exception: Attempted to run task 'finalize-hlgfinalizecompute-edaef2a95ef74ca1b408b0fe647a8cb9' on 21 different workers, but all those workers died while running it. The last worker that attempt to run the task was tcp://127.0.0.1:59277. Inspecting worker logs is often a good next step to diagnose what went wrong. For more information see https://distributed.dask.org/en/stable/killed.html.
2025-09-05 13:19:21,452 - INFO - composites.py:489 - Closing Dask client
2025-09-05 13:19:22,293 - INFO - composites.py:493 - Closing Dask cluster
2025-09-05 13:19:22,294 - INFO - composites.py:494 - #######################################################################
2025-09-05 13:19:25,893 - ERROR - composites.py:523 - Fatal error in composites.py
Traceback (most recent call last):
  File "C:\Users\fotakidis\AUTH_PROJECTS\drought\src\composites.py", line 519, in <module>
    generate_composite(year_month=year_month, tile_id=tile_id, tile_geom=tile_geom)
  File "C:\Users\fotakidis\AUTH_PROJECTS\drought\src\composites.py", line 304, in generate_composite
    processed_epsgs.append(process_epsg(filtered_items, aoi_bbox, EPSG))
                           ^^^^^^^^^^^^^^^^^^^^^^^^^^^^^^^^^^^^^^^^^^^^
  File "C:\Users\fotakidis\AUTH_PROJECTS\drought\src\utils\timeseries_processing.py", line 138, in process_epsg
    ds_cube = odc_stac_load_Items(
              ^^^^^^^^^^^^^^^^^^^^
  File "C:\Users\fotakidis\AUTH_PROJECTS\drought\src\utils\timeseries_processing.py", line 110, in odc_stac_load_Items
    ).compute()
      ^^^^^^^^^
  File "C:\Users\fotakidis\anaconda3\envs\drought\Lib\site-packages\xarray\core\dataset.py", line 1072, in compute
    return new.load(**kwargs)
           ^^^^^^^^^^^^^^^^^^
  File "C:\Users\fotakidis\anaconda3\envs\drought\Lib\site-packages\xarray\core\dataset.py", line 899, in load
    evaluated_data: tuple[np.ndarray[Any, Any], ...] = chunkmanager.compute(
                                                       ^^^^^^^^^^^^^^^^^^^^^
  File "C:\Users\fotakidis\anaconda3\envs\drought\Lib\site-packages\xarray\namedarray\daskmanager.py", line 85, in compute
    return compute(*data, **kwargs)  # type: ignore[no-untyped-call, no-any-return]
           ^^^^^^^^^^^^^^^^^^^^^^^^
  File "C:\Users\fotakidis\anaconda3\envs\drought\Lib\site-packages\dask\base.py", line 681, in compute
    results = schedule(expr, keys, **kwargs)
              ^^^^^^^^^^^^^^^^^^^^^^^^^^^^^^
  File "C:\Users\fotakidis\anaconda3\envs\drought\Lib\site-packages\distributed\client.py", line 2403, in _gather
    raise exception.with_traceback(traceback)
distributed.scheduler.KilledWorker: Attempted to run task 'finalize-hlgfinalizecompute-edaef2a95ef74ca1b408b0fe647a8cb9' on 21 different workers, but all those workers died while running it. The last worker that attempt to run the task was tcp://127.0.0.1:59277. Inspecting worker logs is often a good next step to diagnose what went wrong. For more information see https://distributed.dask.org/en/stable/killed.html.
