2025-12-01 07:01:27,166 - INFO - composites.py:102 - #######################################################################
2025-12-01 07:01:27,166 - INFO - composites.py:104 - Processing started
2025-12-01 07:01:27,166 - INFO - composites.py:105 -         Tile: x07_y12
2025-12-01 07:01:27,166 - INFO - composites.py:106 -         Time: 2024-06
2025-12-01 07:01:27,166 - INFO - composites.py:109 -                           
2025-12-01 07:01:27,166 - INFO - composites.py:110 - Establishing connection to datacube
2025-12-01 07:01:27,738 - INFO - composites.py:113 -                           
2025-12-01 07:01:27,738 - INFO - composites.py:114 - Sanity test: Check if dataset already exists in the datacube
2025-12-01 07:01:27,759 - INFO - composites.py:133 - The composite requested was not found and it will be computed
2025-12-01 07:01:27,759 - INFO - composites.py:136 -                                  
2025-12-01 07:01:27,759 - INFO - composites.py:137 - Initializing Dask cluster for parallelization
2025-12-01 07:01:32,883 - INFO - composites.py:161 - Dask dashboard is available at: http://127.0.0.1:8787/status
2025-12-01 07:01:32,883 - INFO - composites.py:164 - Create directories and naming conversions
2025-12-01 07:01:32,897 - INFO - composites.py:177 - Dataset location: //nas-rs.topo.auth.gr/Latomeia/DROUGHT/composites/x07/y12/2024/06/01
2025-12-01 07:01:32,897 - INFO - composites.py:180 -                           
2025-12-01 07:01:32,897 - INFO - composites.py:181 - Retrieve tile geometry
2025-12-01 07:01:32,924 - INFO - composites.py:192 - Create the Bounding Box (φ,λ)
2025-12-01 07:01:32,924 - INFO - composites.py:198 - Create the Bounding Box (x,y)
2025-12-01 07:01:32,924 - INFO - composites.py:211 -                           
2025-12-01 07:01:32,924 - INFO - composites.py:212 - Connect to Planetary Computer STAC Catalog
2025-12-01 07:01:33,245 - INFO - composites.py:220 - Search the STAC Catalog
2025-12-01 07:01:33,313 - INFO - composites.py:232 -         Query parameters:
2025-12-01 07:01:33,313 - INFO - composites.py:233 -             url:          https://planetarycomputer.microsoft.com/api/stac/v1/search
2025-12-01 07:01:33,313 - INFO - composites.py:234 -             client:       microsoft-pc
2025-12-01 07:01:33,315 - INFO - composites.py:235 -             collection:   sentinel-2-l2a
2025-12-01 07:01:33,315 - INFO - composites.py:236 -             bbox:         (20.999765686564626, 38.787881790199634, 21.67096534182257, 39.332009850489634)
2025-12-01 07:01:33,315 - INFO - composites.py:237 -             time range:   2024-06-01T00:00:00Z/2024-06-30T23:59:59Z
2025-12-01 07:01:33,315 - INFO - composites.py:238 -             cloud cover:  0% - 70%
2025-12-01 07:01:33,315 - INFO - composites.py:239 -             nodata cover: 0% - 33%
2025-12-01 07:01:33,315 - INFO - composites.py:241 -                           
2025-12-01 07:01:33,315 - INFO - composites.py:242 - Searching...
2025-12-01 07:01:33,835 - INFO - composites.py:245 - Query found 28 items
2025-12-01 07:01:33,837 - INFO - composites.py:247 - Searching for GRI REFINED scenes:
2025-12-01 07:01:39,876 - INFO - sentinel2.py:78 - 1/28 - S2B_MSIL2A_20240629T092559_R136_T34SDJ_20240629T121830 -> REFINED
2025-12-01 07:01:46,077 - INFO - sentinel2.py:78 - 2/28 - S2B_MSIL2A_20240629T092559_R136_T34SDH_20240629T121940 -> REFINED
2025-12-01 07:01:52,187 - INFO - sentinel2.py:78 - 3/28 - S2B_MSIL2A_20240626T091559_R093_T34SEJ_20240626T144917 -> REFINED
2025-12-01 07:01:58,118 - INFO - sentinel2.py:78 - 4/28 - S2B_MSIL2A_20240626T091559_R093_T34SEH_20240626T144505 -> REFINED
2025-12-01 07:02:03,366 - INFO - sentinel2.py:78 - 5/28 - S2B_MSIL2A_20240626T091559_R093_T34SDH_20240626T144353 -> REFINED
2025-12-01 07:02:08,337 - INFO - sentinel2.py:78 - 6/28 - S2A_MSIL2A_20240624T093041_R136_T34SDJ_20240624T140644 -> REFINED
2025-12-01 07:02:13,300 - INFO - sentinel2.py:78 - 7/28 - S2A_MSIL2A_20240624T093041_R136_T34SDH_20240624T140645 -> REFINED
2025-12-01 07:02:19,079 - INFO - sentinel2.py:78 - 8/28 - S2A_MSIL2A_20240621T092031_R093_T34SEJ_20240621T131744 -> REFINED
2025-12-01 07:02:25,134 - INFO - sentinel2.py:78 - 9/28 - S2A_MSIL2A_20240621T092031_R093_T34SEH_20240621T130828 -> REFINED
2025-12-01 07:02:30,193 - INFO - sentinel2.py:78 - 10/28 - S2A_MSIL2A_20240621T092031_R093_T34SDH_20240621T130837 -> REFINED
2025-12-01 07:02:36,272 - INFO - sentinel2.py:78 - 11/28 - S2B_MSIL2A_20240619T092549_R136_T34SDJ_20240619T134823 -> REFINED
2025-12-01 07:02:42,624 - INFO - sentinel2.py:78 - 12/28 - S2B_MSIL2A_20240619T092549_R136_T34SDH_20240619T134722 -> REFINED
2025-12-01 07:02:48,810 - INFO - sentinel2.py:78 - 13/28 - S2B_MSIL2A_20240616T091559_R093_T34SEH_20240616T133822 -> REFINED
2025-12-01 07:02:54,439 - INFO - sentinel2.py:78 - 14/28 - S2A_MSIL2A_20240614T093041_R136_T34SDJ_20240614T141758 -> REFINED
2025-12-01 07:02:59,409 - INFO - sentinel2.py:78 - 15/28 - S2A_MSIL2A_20240614T093041_R136_T34SDH_20240614T141752 -> REFINED
2025-12-01 07:03:04,497 - INFO - sentinel2.py:78 - 16/28 - S2A_MSIL2A_20240611T092031_R093_T34SEJ_20240611T131924 -> REFINED
2025-12-01 07:03:10,636 - INFO - sentinel2.py:78 - 17/28 - S2A_MSIL2A_20240611T092031_R093_T34SEH_20240611T131814 -> REFINED
2025-12-01 07:03:16,183 - INFO - sentinel2.py:78 - 18/28 - S2A_MSIL2A_20240611T092031_R093_T34SDH_20240611T131616 -> REFINED
2025-12-01 07:03:22,106 - INFO - sentinel2.py:78 - 19/28 - S2B_MSIL2A_20240609T092549_R136_T34SDJ_20240609T125901 -> REFINED
2025-12-01 07:03:27,055 - INFO - sentinel2.py:78 - 20/28 - S2B_MSIL2A_20240609T092549_R136_T34SDH_20240609T125224 -> REFINED
2025-12-01 07:03:33,206 - INFO - sentinel2.py:78 - 21/28 - S2B_MSIL2A_20240606T091559_R093_T34SEJ_20240606T131429 -> REFINED
2025-12-01 07:03:38,051 - INFO - sentinel2.py:78 - 22/28 - S2B_MSIL2A_20240606T091559_R093_T34SEH_20240606T131441 -> REFINED
2025-12-01 07:03:43,922 - INFO - sentinel2.py:78 - 23/28 - S2B_MSIL2A_20240606T091559_R093_T34SDH_20240606T131422 -> REFINED
2025-12-01 07:03:49,701 - INFO - sentinel2.py:78 - 24/28 - S2A_MSIL2A_20240604T093041_R136_T34SDJ_20240604T132106 -> REFINED
2025-12-01 07:03:55,483 - INFO - sentinel2.py:78 - 25/28 - S2A_MSIL2A_20240604T093041_R136_T34SDH_20240604T132055 -> REFINED
2025-12-01 07:04:01,045 - INFO - sentinel2.py:78 - 26/28 - S2A_MSIL2A_20240601T092031_R093_T34SEJ_20240601T143300 -> REFINED
2025-12-01 07:04:07,309 - INFO - sentinel2.py:78 - 27/28 - S2A_MSIL2A_20240601T092031_R093_T34SEH_20240601T143713 -> REFINED
2025-12-01 07:04:12,858 - INFO - sentinel2.py:78 - 28/28 - S2A_MSIL2A_20240601T092031_R093_T34SDH_20240601T143946 -> REFINED
2025-12-01 07:04:12,895 - INFO - composites.py:250 -                                  
2025-12-01 07:04:12,898 - INFO - composites.py:251 - 28/28 were refined by GRI.
2025-12-01 07:04:12,898 - INFO - composites.py:263 - Looking for up to 7 cleanest images within spatiotemporal range of each MGRS tile
2025-12-01 07:04:12,898 - INFO - composites.py:277 - Filtered cleanest scenes: Kept 24 out of 28 items. 
2025-12-01 07:04:12,898 - INFO - composites.py:278 -         Included MGRS Tiles: ['34SDH' '34SDJ' '34SEH' '34SEJ']
2025-12-01 07:04:12,899 - INFO - composites.py:279 -         Included EPSG codes: [32634]
2025-12-01 07:04:12,899 - INFO - composites.py:281 - Selected scenes:
2025-12-01 07:04:12,899 - INFO - composites.py:283 -         S2A_MSIL2A_20240621T092031_R093_T34SDH_20240621T130837
2025-12-01 07:04:12,899 - INFO - composites.py:283 -         S2A_MSIL2A_20240601T092031_R093_T34SDH_20240601T143946
2025-12-01 07:04:12,913 - INFO - composites.py:283 -         S2A_MSIL2A_20240611T092031_R093_T34SDH_20240611T131616
2025-12-01 07:04:12,913 - INFO - composites.py:283 -         S2B_MSIL2A_20240606T091559_R093_T34SDH_20240606T131422
2025-12-01 07:04:12,913 - INFO - composites.py:283 -         S2A_MSIL2A_20240614T093041_R136_T34SDH_20240614T141752
2025-12-01 07:04:12,914 - INFO - composites.py:283 -         S2B_MSIL2A_20240609T092549_R136_T34SDH_20240609T125224
2025-12-01 07:04:12,914 - INFO - composites.py:283 -         S2A_MSIL2A_20240624T093041_R136_T34SDH_20240624T140645
2025-12-01 07:04:12,914 - INFO - composites.py:283 -         S2A_MSIL2A_20240624T093041_R136_T34SDJ_20240624T140644
2025-12-01 07:04:12,914 - INFO - composites.py:283 -         S2B_MSIL2A_20240619T092549_R136_T34SDJ_20240619T134823
2025-12-01 07:04:12,914 - INFO - composites.py:283 -         S2B_MSIL2A_20240629T092559_R136_T34SDJ_20240629T121830
2025-12-01 07:04:12,915 - INFO - composites.py:283 -         S2A_MSIL2A_20240614T093041_R136_T34SDJ_20240614T141758
2025-12-01 07:04:12,915 - INFO - composites.py:283 -         S2B_MSIL2A_20240609T092549_R136_T34SDJ_20240609T125901
2025-12-01 07:04:12,915 - INFO - composites.py:283 -         S2A_MSIL2A_20240604T093041_R136_T34SDJ_20240604T132106
2025-12-01 07:04:12,915 - INFO - composites.py:283 -         S2A_MSIL2A_20240601T092031_R093_T34SEH_20240601T143713
2025-12-01 07:04:12,915 - INFO - composites.py:283 -         S2A_MSIL2A_20240621T092031_R093_T34SEH_20240621T130828
2025-12-01 07:04:12,915 - INFO - composites.py:283 -         S2B_MSIL2A_20240626T091559_R093_T34SEH_20240626T144505
2025-12-01 07:04:12,915 - INFO - composites.py:283 -         S2B_MSIL2A_20240606T091559_R093_T34SEH_20240606T131441
2025-12-01 07:04:12,915 - INFO - composites.py:283 -         S2B_MSIL2A_20240616T091559_R093_T34SEH_20240616T133822
2025-12-01 07:04:12,915 - INFO - composites.py:283 -         S2A_MSIL2A_20240611T092031_R093_T34SEH_20240611T131814
2025-12-01 07:04:12,915 - INFO - composites.py:283 -         S2A_MSIL2A_20240601T092031_R093_T34SEJ_20240601T143300
2025-12-01 07:04:12,915 - INFO - composites.py:283 -         S2A_MSIL2A_20240621T092031_R093_T34SEJ_20240621T131744
2025-12-01 07:04:12,915 - INFO - composites.py:283 -         S2B_MSIL2A_20240606T091559_R093_T34SEJ_20240606T131429
2025-12-01 07:04:12,915 - INFO - composites.py:283 -         S2B_MSIL2A_20240626T091559_R093_T34SEJ_20240626T144917
2025-12-01 07:04:12,915 - INFO - composites.py:283 -         S2A_MSIL2A_20240611T092031_R093_T34SEJ_20240611T131924
2025-12-01 07:04:13,375 - INFO - sentinel2.py:154 - Matplotlib backend: Agg
2025-12-01 07:04:13,587 - INFO - sentinel2.py:224 - Write input scenes footprint overlay: //nas-rs.topo.auth.gr/Latomeia/DROUGHT/composites/x07/y12/2024/06/01/S2L2A_medcomp_x07y12_202406_InDataFootprint.jpeg
2025-12-01 07:04:13,855 - INFO - composites.py:297 -                                  
2025-12-01 07:04:13,855 - INFO - composites.py:298 - Downstream STAC items from Planetary Computer
2025-12-01 07:04:13,855 - INFO - timeseries_processing.py:115 -                                  
2025-12-01 07:04:13,855 - INFO - timeseries_processing.py:116 - Loading bands of diferent resolutions in EPSG:32634
2025-12-01 07:04:13,855 - INFO - timeseries_processing.py:120 -     Filtering items with native UTM EPSG:32634
2025-12-01 07:04:13,855 - INFO - timeseries_processing.py:122 -     24 Items in EPSG:32634
2025-12-01 07:04:13,855 - INFO - timeseries_processing.py:129 -                        
2025-12-01 07:04:13,855 - INFO - timeseries_processing.py:130 -     Loading parameters:
2025-12-01 07:04:13,855 - INFO - timeseries_processing.py:131 -         Bands: ['B05', 'B07', 'B8A', 'SCL']
2025-12-01 07:04:13,855 - INFO - timeseries_processing.py:132 -         Spatial resolution: 20
2025-12-01 07:04:13,855 - INFO - timeseries_processing.py:134 -         Get Assets from STAC Items
2025-12-01 07:04:13,855 - INFO - timeseries_processing.py:47 -         Initialize the STAC client
2025-12-01 07:04:14,413 - INFO - timeseries_processing.py:137 -         Loading 24 STAC Items....
2025-12-01 07:05:24,151 - INFO - timeseries_processing.py:146 -         Cube has been downloaded
2025-12-01 07:05:24,151 - INFO - timeseries_processing.py:156 -         Fix order of dimensions
2025-12-01 07:05:24,152 - INFO - timeseries_processing.py:161 -         Append bands to the band-list of EPSG:32634
2025-12-01 07:05:24,155 - INFO - timeseries_processing.py:129 -                        
2025-12-01 07:05:24,155 - INFO - timeseries_processing.py:130 -     Loading parameters:
2025-12-01 07:05:24,155 - INFO - timeseries_processing.py:131 -         Bands: ['B02', 'B03', 'B04']
2025-12-01 07:05:24,155 - INFO - timeseries_processing.py:132 -         Spatial resolution: 10
2025-12-01 07:05:24,155 - INFO - timeseries_processing.py:134 -         Get Assets from STAC Items
2025-12-01 07:05:24,156 - INFO - timeseries_processing.py:47 -         Initialize the STAC client
2025-12-01 07:05:24,829 - INFO - timeseries_processing.py:137 -         Loading 24 STAC Items....
2025-12-01 07:09:01,783 - INFO - timeseries_processing.py:146 -         Cube has been downloaded
2025-12-01 07:09:01,783 - INFO - timeseries_processing.py:149 -         Reproject to downsample 10m bands to 20m by Resampling.average 2x2 binning and shape matching with odc.geo.GeoBox
2025-12-01 07:09:16,679 - INFO - timeseries_processing.py:161 -         Append bands to the band-list of EPSG:32634
2025-12-01 07:09:16,679 - INFO - timeseries_processing.py:165 -                        
2025-12-01 07:09:16,679 - INFO - timeseries_processing.py:166 -     Merging bands in a single dataset
2025-12-01 07:09:16,679 - INFO - timeseries_processing.py:167 -     Ensure all partial datasets are at (x=20, y=-20) resolution
2025-12-01 07:09:16,679 - INFO - timeseries_processing.py:171 -     Clip to the intersection of indexes
2025-12-01 07:09:17,686 - INFO - timeseries_processing.py:180 -     Make a list of bands to merge
2025-12-01 07:09:17,687 - INFO - timeseries_processing.py:184 -     Merge on intersection
2025-12-01 07:09:17,687 - INFO - timeseries_processing.py:192 -     Apply masks on clouds, shadows, thin cirrus, and snow/ice
2025-12-01 07:09:17,688 - INFO - sentinel2.py:122 -                Masking bits: [3, 7, 8, 9, 10, 11]
2025-12-01 07:09:19,072 - INFO - composites.py:307 - Reproject from UTM Zone to Tile geometry -> CRS(EPSG:32634), Resampling.bilinear
2025-12-01 07:09:27,309 - INFO - composites.py:310 -     New shape of datasets: Shape2d(x=2400, y=2400)
2025-12-01 07:09:28,421 - INFO - composites.py:329 - Scale SR to Sen2Cor Baseline 4.00 - Subtract 1000 in dates post 2022-01-25
2025-12-01 07:09:30,338 - INFO - composites.py:342 - Creating preview plot of input scenes
2025-12-01 07:10:07,164 - INFO - timeseries_processing.py:349 - Saved preview for 'B04' to //nas-rs.topo.auth.gr/Latomeia/DROUGHT/composites/x07/y12/2024/06/01/S2L2A_medcomp_x07y12_202406_InDataPreview.jpeg
2025-12-01 07:10:07,174 - INFO - composites.py:348 - Clip value range
2025-12-01 07:10:09,502 - INFO - composites.py:353 -                           
2025-12-01 07:10:09,502 - INFO - composites.py:354 - Computing spectral indices:
2025-12-01 07:10:09,502 - INFO - composites.py:357 -     EVI...
2025-12-01 07:10:10,911 - INFO - composites.py:359 -     NDVI...
2025-12-01 07:10:11,427 - INFO - composites.py:361 -     PSRI2...
2025-12-01 07:10:11,791 - INFO - composites.py:364 - Clip to typical value range
2025-12-01 07:10:12,229 - INFO - composites.py:371 - Reducing to median value temporal composite
2025-12-01 07:10:42,710 - INFO - composites.py:390 - Scale and Define data types & nodata per band
2025-12-01 07:10:42,856 - INFO - composites.py:411 - Assign time range and tile ID in metadata
2025-12-01 07:10:42,856 - INFO - composites.py:419 - Write bands to raster COG files
2025-12-01 07:10:46,728 - INFO - composites.py:432 - Write B02 -> //nas-rs.topo.auth.gr/Latomeia/DROUGHT/composites/x07/y12/2024/06/01/S2L2A_medcomp_x07y12_202406_B02.tif
2025-12-01 07:10:50,643 - INFO - composites.py:432 - Write B03 -> //nas-rs.topo.auth.gr/Latomeia/DROUGHT/composites/x07/y12/2024/06/01/S2L2A_medcomp_x07y12_202406_B03.tif
2025-12-01 07:10:54,707 - INFO - composites.py:432 - Write B04 -> //nas-rs.topo.auth.gr/Latomeia/DROUGHT/composites/x07/y12/2024/06/01/S2L2A_medcomp_x07y12_202406_B04.tif
2025-12-01 07:10:58,666 - INFO - composites.py:432 - Write B05 -> //nas-rs.topo.auth.gr/Latomeia/DROUGHT/composites/x07/y12/2024/06/01/S2L2A_medcomp_x07y12_202406_B05.tif
2025-12-01 07:11:02,614 - INFO - composites.py:432 - Write B07 -> //nas-rs.topo.auth.gr/Latomeia/DROUGHT/composites/x07/y12/2024/06/01/S2L2A_medcomp_x07y12_202406_B07.tif
2025-12-01 07:11:06,629 - INFO - composites.py:432 - Write B8A -> //nas-rs.topo.auth.gr/Latomeia/DROUGHT/composites/x07/y12/2024/06/01/S2L2A_medcomp_x07y12_202406_B8A.tif
2025-12-01 07:11:10,538 - INFO - composites.py:432 - Write EVI -> //nas-rs.topo.auth.gr/Latomeia/DROUGHT/composites/x07/y12/2024/06/01/S2L2A_medcomp_x07y12_202406_EVI.tif
2025-12-01 07:11:14,430 - INFO - composites.py:432 - Write NDVI -> //nas-rs.topo.auth.gr/Latomeia/DROUGHT/composites/x07/y12/2024/06/01/S2L2A_medcomp_x07y12_202406_NDVI.tif
2025-12-01 07:11:18,620 - INFO - composites.py:432 - Write PSRI2 -> //nas-rs.topo.auth.gr/Latomeia/DROUGHT/composites/x07/y12/2024/06/01/S2L2A_medcomp_x07y12_202406_PSRI2.tif
2025-12-01 07:11:18,620 - INFO - composites.py:436 - Prepare metadata YAML document
2025-12-01 07:11:19,157 - INFO - composites.py:458 - Write metadata YAML document to disk
2025-12-01 07:11:19,189 - INFO - composites.py:463 - Create datacube.model.Dataset from eo3 metadata
2025-12-01 07:11:19,217 - INFO - composites.py:476 - Index to datacube
2025-12-01 07:11:19,218 - INFO - _datasets.py:191 - Indexing cbbe6a6f-5e11-43f2-bbf3-c59a011057cc
2025-12-01 07:11:19,240 - INFO - composites.py:479 - 
2025-12-01 07:11:19,240 - INFO - composites.py:480 -              ✔✔✔ COMPLETED: Tile x07_y12 | Time: 2024-06 | In 9.87 minutes
2025-12-01 07:11:19,240 - INFO - composites.py:481 - 
2025-12-01 07:11:19,240 - INFO - composites.py:489 - Closing Dask client
2025-12-01 07:11:19,242 - INFO - composites.py:493 - Closing Dask cluster
2025-12-01 07:11:19,242 - INFO - composites.py:494 - #######################################################################
