2025-09-02 15:17:44,734 - INFO - composites.py:102 - #######################################################################
2025-09-02 15:17:44,735 - INFO - composites.py:104 - Processing started
2025-09-02 15:17:44,735 - INFO - composites.py:105 -         Tile: x10_y09
2025-09-02 15:17:44,735 - INFO - composites.py:106 -         Time: 2024-10
2025-09-02 15:17:44,735 - INFO - composites.py:109 -                           
2025-09-02 15:17:44,735 - INFO - composites.py:110 - Establishing connection to datacube
2025-09-02 15:17:45,281 - INFO - composites.py:113 -                           
2025-09-02 15:17:45,281 - INFO - composites.py:114 - Sanity test: Check if dataset already exists in the datacube
2025-09-02 15:17:45,301 - INFO - composites.py:133 - The composite requested was not found and it will be computed
2025-09-02 15:17:45,301 - INFO - composites.py:136 -                                  
2025-09-02 15:17:45,301 - INFO - composites.py:137 - Initializing Dask cluster for parallelization
2025-09-02 15:17:50,631 - INFO - composites.py:161 - Dask dashboard is available at: http://127.0.0.1:8787/status
2025-09-02 15:17:50,631 - INFO - composites.py:164 - Create directories and naming conversions
2025-09-02 15:17:50,644 - INFO - composites.py:177 - Dataset location: //nas-rs.topo.auth.gr/Latomeia/DROUGHT/composites/x10/y09/2024/10/01
2025-09-02 15:17:50,644 - INFO - composites.py:180 -                           
2025-09-02 15:17:50,644 - INFO - composites.py:181 - Retrieve tile geometry
2025-09-02 15:17:50,673 - INFO - composites.py:192 - Create the Bounding Box (φ,λ)
2025-09-02 15:17:50,673 - INFO - composites.py:198 - Create the Bounding Box (x,y)
2025-09-02 15:17:50,673 - INFO - composites.py:211 -                           
2025-09-02 15:17:50,673 - INFO - composites.py:212 - Connect to Planetary Computer STAC Catalog
2025-09-02 15:17:50,892 - INFO - composites.py:220 - Search the STAC Catalog
2025-09-02 15:17:50,975 - INFO - composites.py:232 -         Query parameters:
2025-09-02 15:17:50,975 - INFO - composites.py:233 -             url:          https://planetarycomputer.microsoft.com/api/stac/v1/search
2025-09-02 15:17:50,975 - INFO - composites.py:234 -             client:       microsoft-pc
2025-09-02 15:17:50,975 - INFO - composites.py:235 -             collection:   sentinel-2-l2a
2025-09-02 15:17:50,975 - INFO - composites.py:236 -             bbox:         (22.393231098837152, 37.29127558081356, 23.05741948027706, 37.8424745721664)
2025-09-02 15:17:50,975 - INFO - composites.py:237 -             time range:   2024-10-01T00:00:00Z/2024-10-31T23:59:59Z
2025-09-02 15:17:50,975 - INFO - composites.py:238 -             cloud cover:  0% - 70%
2025-09-02 15:17:50,975 - INFO - composites.py:239 -             nodata cover: 0% - 33%
2025-09-02 15:17:50,975 - INFO - composites.py:241 -                           
2025-09-02 15:17:50,975 - INFO - composites.py:242 - Searching...
2025-09-02 15:17:51,384 - INFO - composites.py:245 - Query found 15 items
2025-09-02 15:17:51,384 - INFO - composites.py:247 - Searching for GRI REFINED scenes:
2025-09-02 15:17:57,855 - INFO - sentinel2.py:78 - 1/15 - S2B_MSIL2A_20241031T091029_R050_T34SFG_20241031T104221 -> NOT_REFINED
2025-09-02 15:18:02,958 - INFO - sentinel2.py:78 - 2/15 - S2A_MSIL2A_20241029T092111_R093_T34SFH_20241029T123853 -> NOT_REFINED
2025-09-02 15:18:09,958 - INFO - sentinel2.py:78 - 3/15 - S2A_MSIL2A_20241029T092111_R093_T34SFG_20241029T123853 -> NOT_REFINED
2025-09-02 15:18:16,205 - INFO - sentinel2.py:78 - 4/15 - S2A_MSIL2A_20241026T091051_R050_T34SFG_20241026T122806 -> NOT_REFINED
2025-09-02 15:18:21,706 - INFO - sentinel2.py:78 - 5/15 - S2B_MSIL2A_20241024T091939_R093_T34SFH_20241024T105557 -> NOT_REFINED
2025-09-02 15:18:29,640 - INFO - sentinel2.py:78 - 6/15 - S2B_MSIL2A_20241024T091939_R093_T34SFG_20241024T105557 -> NOT_REFINED
2025-09-02 15:18:36,425 - INFO - sentinel2.py:78 - 7/15 - S2B_MSIL2A_20241021T090929_R050_T34SFG_20241021T111444 -> NOT_REFINED
2025-09-02 15:18:41,842 - INFO - sentinel2.py:78 - 8/15 - S2A_MSIL2A_20241016T090941_R050_T34SFG_20241016T122451 -> NOT_REFINED
2025-09-02 15:18:46,836 - INFO - sentinel2.py:78 - 9/15 - S2B_MSIL2A_20241014T092029_R093_T34SFH_20241014T121124 -> NOT_REFINED
2025-09-02 15:18:53,091 - INFO - sentinel2.py:78 - 10/15 - S2B_MSIL2A_20241014T092029_R093_T34SFG_20241014T121124 -> NOT_REFINED
2025-09-02 15:18:59,833 - INFO - sentinel2.py:78 - 11/15 - S2B_MSIL2A_20241011T090819_R050_T34SFG_20241011T123047 -> NOT_REFINED
2025-09-02 15:19:06,033 - INFO - sentinel2.py:78 - 12/15 - S2A_MSIL2A_20241009T092031_R093_T34SFH_20241009T135549 -> NOT_REFINED
2025-09-02 15:19:11,099 - INFO - sentinel2.py:78 - 13/15 - S2B_MSIL2A_20241004T092029_R093_T34SFH_20241004T121058 -> NOT_REFINED
2025-09-02 15:19:16,436 - INFO - sentinel2.py:78 - 14/15 - S2B_MSIL2A_20241004T092029_R093_T34SFG_20241004T121058 -> NOT_REFINED
2025-09-02 15:19:22,623 - INFO - sentinel2.py:78 - 15/15 - S2B_MSIL2A_20241001T090709_R050_T34SFG_20241001T104121 -> NOT_REFINED
2025-09-02 15:19:22,676 - INFO - composites.py:250 -                                  
2025-09-02 15:19:22,676 - INFO - composites.py:251 - 0/15 were refined by GRI.
2025-09-02 15:19:22,676 - WARNING - composites.py:255 - Tile x10_y09 | Time: 2024-10: All scenes are flagged NOT REFINED.
2025-09-02 15:19:22,677 - WARNING - composites.py:256 - Tile x10_y09 | Time: 2024-10: The composite will be flagged with _NOREFINED.
2025-09-02 15:19:22,677 - INFO - composites.py:263 - Looking for up to 10 cleanest images within spatiotemporal range of each MGRS tile
2025-09-02 15:19:22,677 - INFO - composites.py:277 - Filtered cleanest scenes: Kept 15 out of 15 items. 
2025-09-02 15:19:22,677 - INFO - composites.py:278 -         Included MGRS Tiles: ['34SFG' '34SFH']
2025-09-02 15:19:22,677 - INFO - composites.py:279 -         Included EPSG codes: [32634]
2025-09-02 15:19:22,678 - INFO - composites.py:281 - Selected scenes:
2025-09-02 15:19:22,678 - INFO - composites.py:283 -         S2A_MSIL2A_20241029T092111_R093_T34SFG_20241029T123853
2025-09-02 15:19:22,679 - INFO - composites.py:283 -         S2A_MSIL2A_20241026T091051_R050_T34SFG_20241026T122806
2025-09-02 15:19:22,679 - INFO - composites.py:283 -         S2B_MSIL2A_20241004T092029_R093_T34SFG_20241004T121058
2025-09-02 15:19:22,679 - INFO - composites.py:283 -         S2B_MSIL2A_20241024T091939_R093_T34SFG_20241024T105557
2025-09-02 15:19:22,685 - INFO - composites.py:283 -         S2B_MSIL2A_20241021T090929_R050_T34SFG_20241021T111444
2025-09-02 15:19:22,685 - INFO - composites.py:283 -         S2B_MSIL2A_20241001T090709_R050_T34SFG_20241001T104121
2025-09-02 15:19:22,685 - INFO - composites.py:283 -         S2A_MSIL2A_20241016T090941_R050_T34SFG_20241016T122451
2025-09-02 15:19:22,685 - INFO - composites.py:283 -         S2B_MSIL2A_20241011T090819_R050_T34SFG_20241011T123047
2025-09-02 15:19:22,685 - INFO - composites.py:283 -         S2B_MSIL2A_20241031T091029_R050_T34SFG_20241031T104221
2025-09-02 15:19:22,685 - INFO - composites.py:283 -         S2B_MSIL2A_20241014T092029_R093_T34SFG_20241014T121124
2025-09-02 15:19:22,685 - INFO - composites.py:283 -         S2A_MSIL2A_20241029T092111_R093_T34SFH_20241029T123853
2025-09-02 15:19:22,685 - INFO - composites.py:283 -         S2B_MSIL2A_20241004T092029_R093_T34SFH_20241004T121058
2025-09-02 15:19:22,685 - INFO - composites.py:283 -         S2B_MSIL2A_20241024T091939_R093_T34SFH_20241024T105557
2025-09-02 15:19:22,685 - INFO - composites.py:283 -         S2A_MSIL2A_20241009T092031_R093_T34SFH_20241009T135549
2025-09-02 15:19:22,685 - INFO - composites.py:283 -         S2B_MSIL2A_20241014T092029_R093_T34SFH_20241014T121124
2025-09-02 15:19:23,066 - INFO - sentinel2.py:154 - Matplotlib backend: Agg
2025-09-02 15:19:23,342 - INFO - sentinel2.py:224 - Write input scenes footprint overlay: //nas-rs.topo.auth.gr/Latomeia/DROUGHT/composites/x10/y09/2024/10/01/S2L2A_medcomp_x10y09_202410_InDataFootprint.jpeg
2025-09-02 15:19:23,613 - INFO - composites.py:297 -                                  
2025-09-02 15:19:23,613 - INFO - composites.py:298 - Downstream STAC items from Planetary Computer
2025-09-02 15:19:23,613 - INFO - timeseries_processing.py:115 -                                  
2025-09-02 15:19:23,613 - INFO - timeseries_processing.py:116 - Loading bands of diferent resolutions in EPSG:32634
2025-09-02 15:19:23,613 - INFO - timeseries_processing.py:120 -     Filtering items with native UTM EPSG:32634
2025-09-02 15:19:23,613 - INFO - timeseries_processing.py:122 -     15 Items in EPSG:32634
2025-09-02 15:19:23,613 - INFO - timeseries_processing.py:129 -                        
2025-09-02 15:19:23,613 - INFO - timeseries_processing.py:130 -     Loading parameters:
2025-09-02 15:19:23,613 - INFO - timeseries_processing.py:131 -         Bands: ['B05', 'B07', 'B8A', 'SCL']
2025-09-02 15:19:23,614 - INFO - timeseries_processing.py:132 -         Spatial resolution: 20
2025-09-02 15:19:23,614 - INFO - timeseries_processing.py:134 -         Get Assets from STAC Items
2025-09-02 15:19:23,614 - INFO - timeseries_processing.py:47 -         Initialize the STAC client
2025-09-02 15:19:24,158 - INFO - timeseries_processing.py:137 -         Loading 15 STAC Items....
2025-09-02 15:20:31,624 - INFO - timeseries_processing.py:146 -         Cube has been downloaded
2025-09-02 15:20:31,624 - INFO - timeseries_processing.py:156 -         Fix order of dimensions
2025-09-02 15:20:31,626 - INFO - timeseries_processing.py:161 -         Append bands to the band-list of EPSG:32634
2025-09-02 15:20:31,626 - INFO - timeseries_processing.py:129 -                        
2025-09-02 15:20:31,626 - INFO - timeseries_processing.py:130 -     Loading parameters:
2025-09-02 15:20:31,626 - INFO - timeseries_processing.py:131 -         Bands: ['B02', 'B03', 'B04']
2025-09-02 15:20:31,626 - INFO - timeseries_processing.py:132 -         Spatial resolution: 10
2025-09-02 15:20:31,629 - INFO - timeseries_processing.py:134 -         Get Assets from STAC Items
2025-09-02 15:20:31,629 - INFO - timeseries_processing.py:47 -         Initialize the STAC client
2025-09-02 15:20:32,190 - INFO - timeseries_processing.py:137 -         Loading 15 STAC Items....
2025-09-02 15:23:20,713 - INFO - timeseries_processing.py:146 -         Cube has been downloaded
2025-09-02 15:23:20,713 - INFO - timeseries_processing.py:149 -         Reproject to downsample 10m bands to 20m by Resampling.average 2x2 binning and shape matching with odc.geo.GeoBox
2025-09-02 15:23:37,461 - INFO - timeseries_processing.py:161 -         Append bands to the band-list of EPSG:32634
2025-09-02 15:23:37,461 - INFO - timeseries_processing.py:165 -                        
2025-09-02 15:23:37,461 - INFO - timeseries_processing.py:166 -     Merging bands in a single dataset
2025-09-02 15:23:37,461 - INFO - timeseries_processing.py:167 -     Ensure all partial datasets are at (x=20, y=-20) resolution
2025-09-02 15:23:37,462 - INFO - timeseries_processing.py:171 -     Clip to the intersection of indexes
2025-09-02 15:23:38,520 - INFO - timeseries_processing.py:180 -     Make a list of bands to merge
2025-09-02 15:23:38,521 - INFO - timeseries_processing.py:184 -     Merge on intersection
2025-09-02 15:23:38,521 - INFO - timeseries_processing.py:192 -     Apply masks on clouds, shadows, thin cirrus, and snow/ice
2025-09-02 15:23:38,522 - INFO - sentinel2.py:122 -                Masking bits: [3, 7, 8, 9, 10, 11]
2025-09-02 15:23:40,019 - INFO - composites.py:307 - Reproject from UTM Zone to Tile geometry -> CRS(EPSG:32634), Resampling.bilinear
2025-09-02 15:23:48,107 - INFO - composites.py:310 -     New shape of datasets: Shape2d(x=2400, y=2400)
2025-09-02 15:23:49,169 - INFO - composites.py:329 - Scale SR to Sen2Cor Baseline 4.00 - Subtract 1000 in dates post 2022-01-25
2025-09-02 15:23:51,149 - INFO - composites.py:342 - Creating preview plot of input scenes
2025-09-02 15:24:27,608 - INFO - timeseries_processing.py:349 - Saved preview for 'B04' to //nas-rs.topo.auth.gr/Latomeia/DROUGHT/composites/x10/y09/2024/10/01/S2L2A_medcomp_x10y09_202410_InDataPreview.jpeg
2025-09-02 15:24:27,622 - INFO - composites.py:348 - Clip value range
2025-09-02 15:24:29,950 - INFO - composites.py:353 -                           
2025-09-02 15:24:29,964 - INFO - composites.py:354 - Computing spectral indices:
2025-09-02 15:24:29,965 - INFO - composites.py:357 -     EVI...
2025-09-02 15:24:31,359 - INFO - composites.py:359 -     NDVI...
2025-09-02 15:24:31,875 - INFO - composites.py:361 -     PSRI2...
2025-09-02 15:24:32,232 - INFO - composites.py:364 - Clip to typical value range
2025-09-02 15:24:32,683 - INFO - composites.py:371 - Reducing to median value temporal composite
2025-09-02 15:25:03,753 - INFO - composites.py:390 - Scale and Define data types & nodata per band
2025-09-02 15:25:03,867 - INFO - composites.py:411 - Assign time range and tile ID in metadata
2025-09-02 15:25:03,867 - INFO - composites.py:419 - Write bands to raster COG files
2025-09-02 15:25:07,985 - INFO - composites.py:432 - Write B02 -> //nas-rs.topo.auth.gr/Latomeia/DROUGHT/composites/x10/y09/2024/10/01/S2L2A_medcomp_x10y09_202410_B02.tif
2025-09-02 15:25:12,071 - INFO - composites.py:432 - Write B03 -> //nas-rs.topo.auth.gr/Latomeia/DROUGHT/composites/x10/y09/2024/10/01/S2L2A_medcomp_x10y09_202410_B03.tif
2025-09-02 15:25:16,174 - INFO - composites.py:432 - Write B04 -> //nas-rs.topo.auth.gr/Latomeia/DROUGHT/composites/x10/y09/2024/10/01/S2L2A_medcomp_x10y09_202410_B04.tif
2025-09-02 15:25:20,279 - INFO - composites.py:432 - Write B05 -> //nas-rs.topo.auth.gr/Latomeia/DROUGHT/composites/x10/y09/2024/10/01/S2L2A_medcomp_x10y09_202410_B05.tif
2025-09-02 15:25:24,353 - INFO - composites.py:432 - Write B07 -> //nas-rs.topo.auth.gr/Latomeia/DROUGHT/composites/x10/y09/2024/10/01/S2L2A_medcomp_x10y09_202410_B07.tif
2025-09-02 15:25:28,448 - INFO - composites.py:432 - Write B8A -> //nas-rs.topo.auth.gr/Latomeia/DROUGHT/composites/x10/y09/2024/10/01/S2L2A_medcomp_x10y09_202410_B8A.tif
2025-09-02 15:25:32,465 - INFO - composites.py:432 - Write EVI -> //nas-rs.topo.auth.gr/Latomeia/DROUGHT/composites/x10/y09/2024/10/01/S2L2A_medcomp_x10y09_202410_EVI.tif
2025-09-02 15:25:36,583 - INFO - composites.py:432 - Write NDVI -> //nas-rs.topo.auth.gr/Latomeia/DROUGHT/composites/x10/y09/2024/10/01/S2L2A_medcomp_x10y09_202410_NDVI.tif
2025-09-02 15:25:40,620 - INFO - composites.py:432 - Write PSRI2 -> //nas-rs.topo.auth.gr/Latomeia/DROUGHT/composites/x10/y09/2024/10/01/S2L2A_medcomp_x10y09_202410_PSRI2.tif
2025-09-02 15:25:40,652 - INFO - composites.py:436 - Prepare metadata YAML document
2025-09-02 15:25:41,190 - INFO - composites.py:458 - Write metadata YAML document to disk
2025-09-02 15:25:41,230 - INFO - composites.py:463 - Create datacube.model.Dataset from eo3 metadata
2025-09-02 15:25:41,240 - INFO - composites.py:476 - Index to datacube
2025-09-02 15:25:41,241 - INFO - _datasets.py:191 - Indexing e1d63f8c-220c-4c77-a718-4b3db5cc45f0
2025-09-02 15:25:41,250 - INFO - composites.py:479 - 
2025-09-02 15:25:41,250 - INFO - composites.py:480 -              ✔✔✔ COMPLETED: Tile x10_y09 | Time: 2024-10 | In 7.94 minutes
2025-09-02 15:25:41,250 - INFO - composites.py:481 - 
2025-09-02 15:25:41,250 - INFO - composites.py:489 - Closing Dask client
2025-09-02 15:25:41,252 - INFO - composites.py:493 - Closing Dask cluster
2025-09-02 15:25:41,252 - INFO - composites.py:494 - #######################################################################
