2025-09-02 08:16:00,834 - INFO - composites.py:102 - #######################################################################
2025-09-02 08:16:00,835 - INFO - composites.py:104 - Processing started
2025-09-02 08:16:00,835 - INFO - composites.py:105 -         Tile: x09_y12
2025-09-02 08:16:00,835 - INFO - composites.py:106 -         Time: 2024-08
2025-09-02 08:16:00,835 - INFO - composites.py:109 -                           
2025-09-02 08:16:00,835 - INFO - composites.py:110 - Establishing connection to datacube
2025-09-02 08:16:01,351 - INFO - composites.py:113 -                           
2025-09-02 08:16:01,351 - INFO - composites.py:114 - Sanity test: Check if dataset already exists in the datacube
2025-09-02 08:16:01,373 - INFO - composites.py:133 - The composite requested was not found and it will be computed
2025-09-02 08:16:01,373 - INFO - composites.py:136 -                                  
2025-09-02 08:16:01,373 - INFO - composites.py:137 - Initializing Dask cluster for parallelization
2025-09-02 08:16:06,365 - INFO - composites.py:161 - Dask dashboard is available at: http://127.0.0.1:8787/status
2025-09-02 08:16:06,367 - INFO - composites.py:164 - Create directories and naming conversions
2025-09-02 08:16:06,379 - INFO - composites.py:177 - Dataset location: //nas-rs.topo.auth.gr/Latomeia/DROUGHT/composites/x09/y12/2024/08/01
2025-09-02 08:16:06,379 - INFO - composites.py:180 -                           
2025-09-02 08:16:06,380 - INFO - composites.py:181 - Retrieve tile geometry
2025-09-02 08:16:06,408 - INFO - composites.py:192 - Create the Bounding Box (φ,λ)
2025-09-02 08:16:06,408 - INFO - composites.py:198 - Create the Bounding Box (x,y)
2025-09-02 08:16:06,408 - INFO - composites.py:211 -                           
2025-09-02 08:16:06,408 - INFO - composites.py:212 - Connect to Planetary Computer STAC Catalog
2025-09-02 08:16:06,618 - INFO - composites.py:220 - Search the STAC Catalog
2025-09-02 08:16:06,688 - INFO - composites.py:232 -         Query parameters:
2025-09-02 08:16:06,689 - INFO - composites.py:233 -             url:          https://planetarycomputer.microsoft.com/api/stac/v1/search
2025-09-02 08:16:06,690 - INFO - composites.py:234 -             client:       microsoft-pc
2025-09-02 08:16:06,690 - INFO - composites.py:235 -             collection:   sentinel-2-l2a
2025-09-02 08:16:06,690 - INFO - composites.py:236 -             bbox:         (22.08935468900074, 38.65012671670289, 22.765437865885517, 39.19940074346311)
2025-09-02 08:16:06,690 - INFO - composites.py:237 -             time range:   2024-08-01T00:00:00Z/2024-08-31T23:59:59Z
2025-09-02 08:16:06,690 - INFO - composites.py:238 -             cloud cover:  0% - 70%
2025-09-02 08:16:06,690 - INFO - composites.py:239 -             nodata cover: 0% - 33%
2025-09-02 08:16:06,690 - INFO - composites.py:241 -                           
2025-09-02 08:16:06,690 - INFO - composites.py:242 - Searching...
2025-09-02 08:16:07,112 - INFO - composites.py:245 - Query found 20 items
2025-09-02 08:16:07,112 - INFO - composites.py:247 - Searching for GRI REFINED scenes:
2025-09-02 08:16:10,774 - INFO - sentinel2.py:78 - 1/20 - S2B_MSIL2A_20240825T091549_R093_T34SFJ_20240826T145644 -> REFINED
2025-09-02 08:16:15,026 - INFO - sentinel2.py:78 - 2/20 - S2B_MSIL2A_20240825T091549_R093_T34SFH_20240826T145644 -> REFINED
2025-09-02 08:16:19,017 - INFO - sentinel2.py:78 - 3/20 - S2B_MSIL2A_20240825T091549_R093_T34SEJ_20240826T145644 -> REFINED
2025-09-02 08:16:23,111 - INFO - sentinel2.py:78 - 4/20 - S2B_MSIL2A_20240825T091549_R093_T34SEH_20240826T145644 -> REFINED
2025-09-02 08:16:26,731 - INFO - sentinel2.py:78 - 5/20 - S2A_MSIL2A_20240820T092031_R093_T34SFJ_20240820T140151 -> REFINED
2025-09-02 08:16:30,953 - INFO - sentinel2.py:78 - 6/20 - S2A_MSIL2A_20240820T092031_R093_T34SFH_20240820T140151 -> REFINED
2025-09-02 08:16:34,694 - INFO - sentinel2.py:78 - 7/20 - S2A_MSIL2A_20240820T092031_R093_T34SEJ_20240820T140151 -> REFINED
2025-09-02 08:16:37,714 - INFO - sentinel2.py:78 - 8/20 - S2A_MSIL2A_20240820T092031_R093_T34SEH_20240820T140151 -> REFINED
2025-09-02 08:16:41,921 - INFO - sentinel2.py:78 - 9/20 - S2B_MSIL2A_20240815T091559_R093_T34SFJ_20240815T120839 -> REFINED
2025-09-02 08:16:45,503 - INFO - sentinel2.py:78 - 10/20 - S2B_MSIL2A_20240815T091559_R093_T34SFH_20240815T120839 -> REFINED
2025-09-02 08:16:48,313 - INFO - sentinel2.py:78 - 11/20 - S2B_MSIL2A_20240815T091559_R093_T34SEJ_20240815T120839 -> REFINED
2025-09-02 08:16:51,393 - INFO - sentinel2.py:78 - 12/20 - S2B_MSIL2A_20240815T091559_R093_T34SEH_20240815T120839 -> REFINED
2025-09-02 08:16:55,057 - INFO - sentinel2.py:78 - 13/20 - S2A_MSIL2A_20240810T092031_R093_T34SFJ_20240810T141351 -> REFINED
2025-09-02 08:16:59,315 - INFO - sentinel2.py:78 - 14/20 - S2A_MSIL2A_20240810T092031_R093_T34SFH_20240810T141351 -> REFINED
2025-09-02 08:17:02,631 - INFO - sentinel2.py:78 - 15/20 - S2A_MSIL2A_20240810T092031_R093_T34SEJ_20240810T141351 -> REFINED
2025-09-02 08:17:06,495 - INFO - sentinel2.py:78 - 16/20 - S2A_MSIL2A_20240810T092031_R093_T34SEH_20240810T141351 -> REFINED
2025-09-02 08:17:09,992 - INFO - sentinel2.py:78 - 17/20 - S2B_MSIL2A_20240805T091559_R093_T34SFJ_20240805T134825 -> REFINED
2025-09-02 08:17:13,941 - INFO - sentinel2.py:78 - 18/20 - S2B_MSIL2A_20240805T091559_R093_T34SFH_20240805T134825 -> REFINED
2025-09-02 08:17:18,144 - INFO - sentinel2.py:78 - 19/20 - S2B_MSIL2A_20240805T091559_R093_T34SEJ_20240805T134825 -> REFINED
2025-09-02 08:17:21,185 - INFO - sentinel2.py:78 - 20/20 - S2B_MSIL2A_20240805T091559_R093_T34SEH_20240805T134825 -> REFINED
2025-09-02 08:17:21,211 - INFO - composites.py:250 -                                  
2025-09-02 08:17:21,211 - INFO - composites.py:251 - 20/20 were refined by GRI.
2025-09-02 08:17:21,212 - INFO - composites.py:263 - Looking for up to 10 cleanest images within spatiotemporal range of each MGRS tile
2025-09-02 08:17:21,218 - INFO - composites.py:277 - Filtered cleanest scenes: Kept 20 out of 20 items. 
2025-09-02 08:17:21,218 - INFO - composites.py:278 -         Included MGRS Tiles: ['34SEH' '34SEJ' '34SFH' '34SFJ']
2025-09-02 08:17:21,218 - INFO - composites.py:279 -         Included EPSG codes: [32634]
2025-09-02 08:17:21,218 - INFO - composites.py:281 - Selected scenes:
2025-09-02 08:17:21,218 - INFO - composites.py:283 -         S2B_MSIL2A_20240815T091559_R093_T34SEH_20240815T120839
2025-09-02 08:17:21,218 - INFO - composites.py:283 -         S2B_MSIL2A_20240805T091559_R093_T34SEH_20240805T134825
2025-09-02 08:17:21,218 - INFO - composites.py:283 -         S2A_MSIL2A_20240810T092031_R093_T34SEH_20240810T141351
2025-09-02 08:17:21,218 - INFO - composites.py:283 -         S2A_MSIL2A_20240820T092031_R093_T34SEH_20240820T140151
2025-09-02 08:17:21,219 - INFO - composites.py:283 -         S2B_MSIL2A_20240825T091549_R093_T34SEH_20240826T145644
2025-09-02 08:17:21,219 - INFO - composites.py:283 -         S2B_MSIL2A_20240815T091559_R093_T34SEJ_20240815T120839
2025-09-02 08:17:21,219 - INFO - composites.py:283 -         S2B_MSIL2A_20240825T091549_R093_T34SEJ_20240826T145644
2025-09-02 08:17:21,219 - INFO - composites.py:283 -         S2A_MSIL2A_20240810T092031_R093_T34SEJ_20240810T141351
2025-09-02 08:17:21,219 - INFO - composites.py:283 -         S2B_MSIL2A_20240805T091559_R093_T34SEJ_20240805T134825
2025-09-02 08:17:21,219 - INFO - composites.py:283 -         S2A_MSIL2A_20240820T092031_R093_T34SEJ_20240820T140151
2025-09-02 08:17:21,219 - INFO - composites.py:283 -         S2B_MSIL2A_20240815T091559_R093_T34SFH_20240815T120839
2025-09-02 08:17:21,219 - INFO - composites.py:283 -         S2B_MSIL2A_20240825T091549_R093_T34SFH_20240826T145644
2025-09-02 08:17:21,219 - INFO - composites.py:283 -         S2B_MSIL2A_20240805T091559_R093_T34SFH_20240805T134825
2025-09-02 08:17:21,219 - INFO - composites.py:283 -         S2A_MSIL2A_20240810T092031_R093_T34SFH_20240810T141351
2025-09-02 08:17:21,219 - INFO - composites.py:283 -         S2A_MSIL2A_20240820T092031_R093_T34SFH_20240820T140151
2025-09-02 08:17:21,219 - INFO - composites.py:283 -         S2B_MSIL2A_20240815T091559_R093_T34SFJ_20240815T120839
2025-09-02 08:17:21,219 - INFO - composites.py:283 -         S2A_MSIL2A_20240810T092031_R093_T34SFJ_20240810T141351
2025-09-02 08:17:21,219 - INFO - composites.py:283 -         S2B_MSIL2A_20240825T091549_R093_T34SFJ_20240826T145644
2025-09-02 08:17:21,219 - INFO - composites.py:283 -         S2A_MSIL2A_20240820T092031_R093_T34SFJ_20240820T140151
2025-09-02 08:17:21,219 - INFO - composites.py:283 -         S2B_MSIL2A_20240805T091559_R093_T34SFJ_20240805T134825
2025-09-02 08:17:21,589 - INFO - sentinel2.py:154 - Matplotlib backend: Agg
2025-09-02 08:17:21,940 - INFO - sentinel2.py:224 - Write input scenes footprint overlay: //nas-rs.topo.auth.gr/Latomeia/DROUGHT/composites/x09/y12/2024/08/01/S2L2A_medcomp_x09y12_202408_InDataFootprint.jpeg
2025-09-02 08:17:22,150 - INFO - composites.py:297 -                                  
2025-09-02 08:17:22,150 - INFO - composites.py:298 - Downstream STAC items from Planetary Computer
2025-09-02 08:17:22,150 - INFO - timeseries_processing.py:115 -                                  
2025-09-02 08:17:22,150 - INFO - timeseries_processing.py:116 - Loading bands of diferent resolutions in EPSG:32634
2025-09-02 08:17:22,150 - INFO - timeseries_processing.py:120 -     Filtering items with native UTM EPSG:32634
2025-09-02 08:17:22,150 - INFO - timeseries_processing.py:122 -     20 Items in EPSG:32634
2025-09-02 08:17:22,150 - INFO - timeseries_processing.py:129 -                        
2025-09-02 08:17:22,150 - INFO - timeseries_processing.py:130 -     Loading parameters:
2025-09-02 08:17:22,150 - INFO - timeseries_processing.py:131 -         Bands: ['B05', 'B07', 'B8A', 'SCL']
2025-09-02 08:17:22,150 - INFO - timeseries_processing.py:132 -         Spatial resolution: 20
2025-09-02 08:17:22,150 - INFO - timeseries_processing.py:134 -         Get Assets from STAC Items
2025-09-02 08:17:22,150 - INFO - timeseries_processing.py:47 -         Initialize the STAC client
2025-09-02 08:17:22,772 - INFO - timeseries_processing.py:137 -         Loading 20 STAC Items....
2025-09-02 08:18:59,471 - INFO - timeseries_processing.py:146 -         Cube has been downloaded
2025-09-02 08:18:59,471 - INFO - timeseries_processing.py:156 -         Fix order of dimensions
2025-09-02 08:18:59,473 - INFO - timeseries_processing.py:161 -         Append bands to the band-list of EPSG:32634
2025-09-02 08:18:59,473 - INFO - timeseries_processing.py:129 -                        
2025-09-02 08:18:59,473 - INFO - timeseries_processing.py:130 -     Loading parameters:
2025-09-02 08:18:59,474 - INFO - timeseries_processing.py:131 -         Bands: ['B02', 'B03', 'B04']
2025-09-02 08:18:59,474 - INFO - timeseries_processing.py:132 -         Spatial resolution: 10
2025-09-02 08:18:59,474 - INFO - timeseries_processing.py:134 -         Get Assets from STAC Items
2025-09-02 08:18:59,475 - INFO - timeseries_processing.py:47 -         Initialize the STAC client
2025-09-02 08:19:00,054 - INFO - timeseries_processing.py:137 -         Loading 20 STAC Items....
2025-09-02 08:22:36,426 - INFO - timeseries_processing.py:146 -         Cube has been downloaded
2025-09-02 08:22:36,426 - INFO - timeseries_processing.py:149 -         Reproject to downsample 10m bands to 20m by Resampling.average 2x2 binning and shape matching with odc.geo.GeoBox
2025-09-02 08:22:44,019 - INFO - timeseries_processing.py:161 -         Append bands to the band-list of EPSG:32634
2025-09-02 08:22:44,019 - INFO - timeseries_processing.py:165 -                        
2025-09-02 08:22:44,019 - INFO - timeseries_processing.py:166 -     Merging bands in a single dataset
2025-09-02 08:22:44,019 - INFO - timeseries_processing.py:167 -     Ensure all partial datasets are at (x=20, y=-20) resolution
2025-09-02 08:22:44,019 - INFO - timeseries_processing.py:171 -     Clip to the intersection of indexes
2025-09-02 08:22:45,244 - INFO - timeseries_processing.py:180 -     Make a list of bands to merge
2025-09-02 08:22:45,258 - INFO - timeseries_processing.py:184 -     Merge on intersection
2025-09-02 08:22:45,259 - INFO - timeseries_processing.py:192 -     Apply masks on clouds, shadows, thin cirrus, and snow/ice
2025-09-02 08:22:45,259 - INFO - sentinel2.py:122 -                Masking bits: [3, 7, 8, 9, 10, 11]
2025-09-02 08:22:45,870 - INFO - composites.py:307 - Reproject from UTM Zone to Tile geometry -> CRS(EPSG:32634), Resampling.bilinear
2025-09-02 08:22:49,220 - INFO - composites.py:310 -     New shape of datasets: Shape2d(x=2400, y=2400)
2025-09-02 08:22:49,762 - INFO - composites.py:329 - Scale SR to Sen2Cor Baseline 4.00 - Subtract 1000 in dates post 2022-01-25
2025-09-02 08:22:50,562 - INFO - composites.py:342 - Creating preview plot of input scenes
2025-09-02 08:23:13,390 - INFO - timeseries_processing.py:349 - Saved preview for 'B04' to //nas-rs.topo.auth.gr/Latomeia/DROUGHT/composites/x09/y12/2024/08/01/S2L2A_medcomp_x09y12_202408_InDataPreview.jpeg
2025-09-02 08:23:13,408 - INFO - composites.py:348 - Clip value range
2025-09-02 08:23:14,457 - INFO - composites.py:353 -                           
2025-09-02 08:23:14,457 - INFO - composites.py:354 - Computing spectral indices:
2025-09-02 08:23:14,457 - INFO - composites.py:357 -     EVI...
2025-09-02 08:23:15,058 - INFO - composites.py:359 -     NDVI...
2025-09-02 08:23:15,254 - INFO - composites.py:361 -     PSRI2...
2025-09-02 08:23:15,519 - INFO - composites.py:364 - Clip to typical value range
2025-09-02 08:23:15,691 - INFO - composites.py:371 - Reducing to median value temporal composite
2025-09-02 08:23:40,627 - INFO - composites.py:390 - Scale and Define data types & nodata per band
2025-09-02 08:23:40,734 - INFO - composites.py:411 - Assign time range and tile ID in metadata
2025-09-02 08:23:40,735 - INFO - composites.py:419 - Write bands to raster COG files
2025-09-02 08:23:44,646 - INFO - composites.py:432 - Write B02 -> //nas-rs.topo.auth.gr/Latomeia/DROUGHT/composites/x09/y12/2024/08/01/S2L2A_medcomp_x09y12_202408_B02.tif
2025-09-02 08:23:48,566 - INFO - composites.py:432 - Write B03 -> //nas-rs.topo.auth.gr/Latomeia/DROUGHT/composites/x09/y12/2024/08/01/S2L2A_medcomp_x09y12_202408_B03.tif
2025-09-02 08:23:52,543 - INFO - composites.py:432 - Write B04 -> //nas-rs.topo.auth.gr/Latomeia/DROUGHT/composites/x09/y12/2024/08/01/S2L2A_medcomp_x09y12_202408_B04.tif
2025-09-02 08:23:56,393 - INFO - composites.py:432 - Write B05 -> //nas-rs.topo.auth.gr/Latomeia/DROUGHT/composites/x09/y12/2024/08/01/S2L2A_medcomp_x09y12_202408_B05.tif
2025-09-02 08:24:00,265 - INFO - composites.py:432 - Write B07 -> //nas-rs.topo.auth.gr/Latomeia/DROUGHT/composites/x09/y12/2024/08/01/S2L2A_medcomp_x09y12_202408_B07.tif
2025-09-02 08:24:04,145 - INFO - composites.py:432 - Write B8A -> //nas-rs.topo.auth.gr/Latomeia/DROUGHT/composites/x09/y12/2024/08/01/S2L2A_medcomp_x09y12_202408_B8A.tif
2025-09-02 08:24:08,006 - INFO - composites.py:432 - Write EVI -> //nas-rs.topo.auth.gr/Latomeia/DROUGHT/composites/x09/y12/2024/08/01/S2L2A_medcomp_x09y12_202408_EVI.tif
2025-09-02 08:24:11,879 - INFO - composites.py:432 - Write NDVI -> //nas-rs.topo.auth.gr/Latomeia/DROUGHT/composites/x09/y12/2024/08/01/S2L2A_medcomp_x09y12_202408_NDVI.tif
2025-09-02 08:24:16,123 - INFO - composites.py:432 - Write PSRI2 -> //nas-rs.topo.auth.gr/Latomeia/DROUGHT/composites/x09/y12/2024/08/01/S2L2A_medcomp_x09y12_202408_PSRI2.tif
2025-09-02 08:24:16,123 - INFO - composites.py:436 - Prepare metadata YAML document
2025-09-02 08:24:16,606 - INFO - composites.py:458 - Write metadata YAML document to disk
2025-09-02 08:24:16,631 - INFO - composites.py:463 - Create datacube.model.Dataset from eo3 metadata
2025-09-02 08:24:16,641 - INFO - composites.py:476 - Index to datacube
2025-09-02 08:24:16,642 - INFO - _datasets.py:191 - Indexing 6e972ce5-8c15-450b-b3d9-f111bf44f7f6
2025-09-02 08:24:16,651 - INFO - composites.py:479 - 
2025-09-02 08:24:16,651 - INFO - composites.py:480 -              ✔✔✔ COMPLETED: Tile x09_y12 | Time: 2024-08 | In 8.26 minutes
2025-09-02 08:24:16,651 - INFO - composites.py:481 - 
2025-09-02 08:24:16,651 - INFO - composites.py:489 - Closing Dask client
2025-09-02 08:24:16,652 - INFO - composites.py:493 - Closing Dask cluster
2025-09-02 08:24:16,652 - INFO - composites.py:494 - #######################################################################
