2025-08-31 18:46:04,717 - INFO - composites.py:102 - #######################################################################
2025-08-31 18:46:04,717 - INFO - composites.py:104 - Processing started
2025-08-31 18:46:04,717 - INFO - composites.py:105 -         Tile: x11_y08
2025-08-31 18:46:04,717 - INFO - composites.py:106 -         Time: 2021-09
2025-08-31 18:46:04,717 - INFO - composites.py:109 -                           
2025-08-31 18:46:04,717 - INFO - composites.py:110 - Establishing connection to datacube
2025-08-31 18:46:05,519 - INFO - composites.py:113 -                           
2025-08-31 18:46:05,520 - INFO - composites.py:114 - Sanity test: Check if dataset already exists in the datacube
2025-08-31 18:46:05,544 - INFO - composites.py:133 - The composite requested was not found and it will be computed
2025-08-31 18:46:05,544 - INFO - composites.py:136 -                                  
2025-08-31 18:46:05,544 - INFO - composites.py:137 - Initializing Dask cluster for parallelization
2025-08-31 18:46:11,782 - INFO - composites.py:161 - Dask dashboard is available at: http://127.0.0.1:59148/status
2025-08-31 18:46:11,782 - INFO - composites.py:164 - Create directories and naming conversions
2025-08-31 18:46:11,817 - INFO - composites.py:177 - Dataset location: //nas-rs.topo.auth.gr/Latomeia/DROUGHT/composites/x11/y08/2021/09/01
2025-08-31 18:46:11,817 - INFO - composites.py:180 -                           
2025-08-31 18:46:11,817 - INFO - composites.py:181 - Retrieve tile geometry
2025-08-31 18:46:11,848 - INFO - composites.py:192 - Create the Bounding Box (φ,λ)
2025-08-31 18:46:11,848 - INFO - composites.py:198 - Create the Bounding Box (x,y)
2025-08-31 18:46:11,848 - INFO - composites.py:211 -                           
2025-08-31 18:46:11,849 - INFO - composites.py:212 - Connect to Planetary Computer STAC Catalog
2025-08-31 18:46:12,162 - INFO - composites.py:220 - Search the STAC Catalog
2025-08-31 18:46:12,239 - INFO - composites.py:232 -         Query parameters:
2025-08-31 18:46:12,239 - INFO - composites.py:233 -             url:          https://planetarycomputer.microsoft.com/api/stac/v1/search
2025-08-31 18:46:12,239 - INFO - composites.py:234 -             client:       microsoft-pc
2025-08-31 18:46:12,239 - INFO - composites.py:235 -             collection:   sentinel-2-l2a
2025-08-31 18:46:12,239 - INFO - composites.py:236 -             bbox:         (22.845662885042927, 36.78779644280391, 23.507450073915326, 37.34127558081356)
2025-08-31 18:46:12,239 - INFO - composites.py:237 -             time range:   2021-09-01T00:00:00Z/2021-09-30T23:59:59Z
2025-08-31 18:46:12,239 - INFO - composites.py:238 -             cloud cover:  0% - 70%
2025-08-31 18:46:12,239 - INFO - composites.py:239 -             nodata cover: 0% - 33%
2025-08-31 18:46:12,239 - INFO - composites.py:241 -                           
2025-08-31 18:46:12,239 - INFO - composites.py:242 - Searching...
2025-08-31 18:46:12,812 - INFO - composites.py:245 - Query found 34 items
2025-08-31 18:46:12,812 - INFO - composites.py:247 - Searching for GRI REFINED scenes:
2025-08-31 18:46:17,339 - INFO - sentinel2.py:78 - 1/34 - S2B_MSIL2A_20210930T092029_R093_T34SFG_20211001T213712 -> REFINED
2025-08-31 18:46:22,410 - INFO - sentinel2.py:78 - 2/34 - S2B_MSIL2A_20210930T092029_R093_T34SFF_20211001T222303 -> REFINED
2025-08-31 18:46:27,533 - INFO - sentinel2.py:78 - 3/34 - S2B_MSIL2A_20210927T090659_R050_T34SGG_20210929T045802 -> REFINED
2025-08-31 18:46:31,944 - INFO - sentinel2.py:78 - 4/34 - S2B_MSIL2A_20210927T090659_R050_T34SGF_20210929T035448 -> REFINED
2025-08-31 18:46:37,188 - INFO - sentinel2.py:78 - 5/34 - S2B_MSIL2A_20210927T090659_R050_T34SFG_20210929T040927 -> REFINED
2025-08-31 18:46:42,221 - INFO - sentinel2.py:78 - 6/34 - S2B_MSIL2A_20210927T090659_R050_T34SFF_20210929T044700 -> REFINED
2025-08-31 18:46:47,143 - INFO - sentinel2.py:78 - 7/34 - S2A_MSIL2A_20210925T092031_R093_T34SFG_20210926T115536 -> REFINED
2025-08-31 18:46:51,479 - INFO - sentinel2.py:78 - 8/34 - S2A_MSIL2A_20210925T092031_R093_T34SFF_20210926T104215 -> REFINED
2025-08-31 18:46:55,650 - INFO - sentinel2.py:78 - 9/34 - S2A_MSIL2A_20210922T090701_R050_T34SGG_20210922T232055 -> REFINED
2025-08-31 18:47:00,475 - INFO - sentinel2.py:78 - 10/34 - S2A_MSIL2A_20210922T090701_R050_T34SGF_20210922T234236 -> REFINED
2025-08-31 18:47:06,134 - INFO - sentinel2.py:78 - 11/34 - S2A_MSIL2A_20210922T090701_R050_T34SFG_20210923T003718 -> REFINED
2025-08-31 18:47:10,340 - INFO - sentinel2.py:78 - 12/34 - S2A_MSIL2A_20210922T090701_R050_T34SFF_20210922T231257 -> REFINED
2025-08-31 18:47:14,487 - INFO - sentinel2.py:78 - 13/34 - S2B_MSIL2A_20210920T092029_R093_T34SFG_20210920T213714 -> REFINED
2025-08-31 18:47:19,198 - INFO - sentinel2.py:78 - 14/34 - S2B_MSIL2A_20210920T092029_R093_T34SFF_20210920T230530 -> REFINED
2025-08-31 18:47:23,880 - INFO - sentinel2.py:78 - 15/34 - S2B_MSIL2A_20210917T090619_R050_T34SGG_20210917T215105 -> REFINED
2025-08-31 18:47:28,792 - INFO - sentinel2.py:78 - 16/34 - S2B_MSIL2A_20210917T090619_R050_T34SGF_20210917T211319 -> REFINED
2025-08-31 18:47:33,681 - INFO - sentinel2.py:78 - 17/34 - S2B_MSIL2A_20210917T090619_R050_T34SFG_20210917T212337 -> REFINED
2025-08-31 18:47:39,152 - INFO - sentinel2.py:78 - 18/34 - S2B_MSIL2A_20210917T090619_R050_T34SFF_20210917T212214 -> REFINED
2025-08-31 18:47:43,828 - INFO - sentinel2.py:78 - 19/34 - S2A_MSIL2A_20210915T092031_R093_T34SFG_20210915T220055 -> REFINED
2025-08-31 18:47:48,071 - INFO - sentinel2.py:78 - 20/34 - S2A_MSIL2A_20210915T092031_R093_T34SFF_20210915T212942 -> REFINED
2025-08-31 18:47:52,815 - INFO - sentinel2.py:78 - 21/34 - S2A_MSIL2A_20210912T090601_R050_T34SGF_20210912T175131 -> REFINED
2025-08-31 18:47:57,145 - INFO - sentinel2.py:78 - 22/34 - S2A_MSIL2A_20210912T090601_R050_T34SFF_20210912T164613 -> REFINED
2025-08-31 18:48:01,720 - INFO - sentinel2.py:78 - 23/34 - S2B_MSIL2A_20210910T092029_R093_T34SFG_20210910T204031 -> REFINED
2025-08-31 18:48:06,861 - INFO - sentinel2.py:78 - 24/34 - S2B_MSIL2A_20210910T092029_R093_T34SFF_20210910T205327 -> REFINED
2025-08-31 18:48:11,988 - INFO - sentinel2.py:78 - 25/34 - S2B_MSIL2A_20210907T090549_R050_T34SGG_20210908T003907 -> REFINED
2025-08-31 18:48:17,407 - INFO - sentinel2.py:78 - 26/34 - S2B_MSIL2A_20210907T090549_R050_T34SGF_20210907T221352 -> REFINED
2025-08-31 18:48:23,713 - INFO - sentinel2.py:78 - 27/34 - S2B_MSIL2A_20210907T090549_R050_T34SFG_20210907T220318 -> REFINED
2025-08-31 18:48:28,875 - INFO - sentinel2.py:78 - 28/34 - S2B_MSIL2A_20210907T090549_R050_T34SFF_20210907T211906 -> REFINED
2025-08-31 18:48:33,556 - INFO - sentinel2.py:78 - 29/34 - S2A_MSIL2A_20210905T092031_R093_T34SFG_20210905T171203 -> REFINED
2025-08-31 18:48:38,914 - INFO - sentinel2.py:78 - 30/34 - S2A_MSIL2A_20210905T092031_R093_T34SFF_20210905T180240 -> REFINED
2025-08-31 18:48:43,357 - INFO - sentinel2.py:78 - 31/34 - S2A_MSIL2A_20210902T090601_R050_T34SGG_20210902T222901 -> REFINED
2025-08-31 18:48:47,827 - INFO - sentinel2.py:78 - 32/34 - S2A_MSIL2A_20210902T090601_R050_T34SGF_20210902T212247 -> REFINED
2025-08-31 18:48:52,780 - INFO - sentinel2.py:78 - 33/34 - S2A_MSIL2A_20210902T090601_R050_T34SFG_20210902T205024 -> REFINED
2025-08-31 18:48:58,009 - INFO - sentinel2.py:78 - 34/34 - S2A_MSIL2A_20210902T090601_R050_T34SFF_20210902T214114 -> REFINED
2025-08-31 18:48:58,080 - INFO - composites.py:250 -                                  
2025-08-31 18:48:58,080 - INFO - composites.py:251 - 34/34 were refined by GRI.
2025-08-31 18:48:58,081 - INFO - composites.py:263 - Looking for up to 10 cleanest images within spatiotemporal range of each MGRS tile
2025-08-31 18:48:58,081 - INFO - composites.py:277 - Filtered cleanest scenes: Kept 31 out of 34 items. 
2025-08-31 18:48:58,082 - INFO - composites.py:278 -         Included MGRS Tiles: ['34SFF' '34SFG' '34SGF' '34SGG']
2025-08-31 18:48:58,083 - INFO - composites.py:279 -         Included EPSG codes: [32634]
2025-08-31 18:48:58,083 - INFO - composites.py:281 - Selected scenes:
2025-08-31 18:48:58,083 - INFO - composites.py:283 -         S2B_MSIL2A_20210917T090619_R050_T34SFF_20210917T212214
2025-08-31 18:48:58,083 - INFO - composites.py:283 -         S2B_MSIL2A_20210927T090659_R050_T34SFF_20210929T044700
2025-08-31 18:48:58,083 - INFO - composites.py:283 -         S2A_MSIL2A_20210925T092031_R093_T34SFF_20210926T104215
2025-08-31 18:48:58,083 - INFO - composites.py:283 -         S2B_MSIL2A_20210907T090549_R050_T34SFF_20210907T211906
2025-08-31 18:48:58,083 - INFO - composites.py:283 -         S2A_MSIL2A_20210915T092031_R093_T34SFF_20210915T212942
2025-08-31 18:48:58,085 - INFO - composites.py:283 -         S2B_MSIL2A_20210920T092029_R093_T34SFF_20210920T230530
2025-08-31 18:48:58,085 - INFO - composites.py:283 -         S2A_MSIL2A_20210922T090701_R050_T34SFF_20210922T231257
2025-08-31 18:48:58,097 - INFO - composites.py:283 -         S2A_MSIL2A_20210902T090601_R050_T34SFF_20210902T214114
2025-08-31 18:48:58,114 - INFO - composites.py:283 -         S2B_MSIL2A_20210910T092029_R093_T34SFF_20210910T205327
2025-08-31 18:48:58,121 - INFO - composites.py:283 -         S2A_MSIL2A_20210912T090601_R050_T34SFF_20210912T164613
2025-08-31 18:48:58,121 - INFO - composites.py:283 -         S2B_MSIL2A_20210920T092029_R093_T34SFG_20210920T213714
2025-08-31 18:48:58,122 - INFO - composites.py:283 -         S2A_MSIL2A_20210925T092031_R093_T34SFG_20210926T115536
2025-08-31 18:48:58,122 - INFO - composites.py:283 -         S2B_MSIL2A_20210917T090619_R050_T34SFG_20210917T212337
2025-08-31 18:48:58,122 - INFO - composites.py:283 -         S2B_MSIL2A_20210927T090659_R050_T34SFG_20210929T040927
2025-08-31 18:48:58,122 - INFO - composites.py:283 -         S2A_MSIL2A_20210915T092031_R093_T34SFG_20210915T220055
2025-08-31 18:48:58,122 - INFO - composites.py:283 -         S2B_MSIL2A_20210907T090549_R050_T34SFG_20210907T220318
2025-08-31 18:48:58,122 - INFO - composites.py:283 -         S2A_MSIL2A_20210922T090701_R050_T34SFG_20210923T003718
2025-08-31 18:48:58,122 - INFO - composites.py:283 -         S2A_MSIL2A_20210902T090601_R050_T34SFG_20210902T205024
2025-08-31 18:48:58,123 - INFO - composites.py:283 -         S2B_MSIL2A_20210910T092029_R093_T34SFG_20210910T204031
2025-08-31 18:48:58,123 - INFO - composites.py:283 -         S2B_MSIL2A_20210930T092029_R093_T34SFG_20211001T213712
2025-08-31 18:48:58,123 - INFO - composites.py:283 -         S2B_MSIL2A_20210917T090619_R050_T34SGF_20210917T211319
2025-08-31 18:48:58,123 - INFO - composites.py:283 -         S2B_MSIL2A_20210927T090659_R050_T34SGF_20210929T035448
2025-08-31 18:48:58,123 - INFO - composites.py:283 -         S2A_MSIL2A_20210902T090601_R050_T34SGF_20210902T212247
2025-08-31 18:48:58,123 - INFO - composites.py:283 -         S2A_MSIL2A_20210922T090701_R050_T34SGF_20210922T234236
2025-08-31 18:48:58,123 - INFO - composites.py:283 -         S2B_MSIL2A_20210907T090549_R050_T34SGF_20210907T221352
2025-08-31 18:48:58,123 - INFO - composites.py:283 -         S2A_MSIL2A_20210912T090601_R050_T34SGF_20210912T175131
2025-08-31 18:48:58,123 - INFO - composites.py:283 -         S2B_MSIL2A_20210917T090619_R050_T34SGG_20210917T215105
2025-08-31 18:48:58,123 - INFO - composites.py:283 -         S2B_MSIL2A_20210927T090659_R050_T34SGG_20210929T045802
2025-08-31 18:48:58,123 - INFO - composites.py:283 -         S2A_MSIL2A_20210902T090601_R050_T34SGG_20210902T222901
2025-08-31 18:48:58,123 - INFO - composites.py:283 -         S2A_MSIL2A_20210922T090701_R050_T34SGG_20210922T232055
2025-08-31 18:48:58,123 - INFO - composites.py:283 -         S2B_MSIL2A_20210907T090549_R050_T34SGG_20210908T003907
2025-08-31 18:48:58,804 - INFO - sentinel2.py:154 - Matplotlib backend: Agg
2025-08-31 18:48:59,174 - INFO - sentinel2.py:224 - Write input scenes footprint overlay: //nas-rs.topo.auth.gr/Latomeia/DROUGHT/composites/x11/y08/2021/09/01/S2L2A_medcomp_x11y08_202109_InDataFootprint.jpeg
2025-08-31 18:48:59,535 - INFO - composites.py:297 -                                  
2025-08-31 18:48:59,535 - INFO - composites.py:298 - Downstream STAC items from Planetary Computer
2025-08-31 18:48:59,535 - INFO - timeseries_processing.py:115 -                                  
2025-08-31 18:48:59,536 - INFO - timeseries_processing.py:116 - Loading bands of diferent resolutions in EPSG:32634
2025-08-31 18:48:59,536 - INFO - timeseries_processing.py:120 -     Filtering items with native UTM EPSG:32634
2025-08-31 18:48:59,536 - INFO - timeseries_processing.py:122 -     31 Items in EPSG:32634
2025-08-31 18:48:59,536 - INFO - timeseries_processing.py:129 -                        
2025-08-31 18:48:59,536 - INFO - timeseries_processing.py:130 -     Loading parameters:
2025-08-31 18:48:59,536 - INFO - timeseries_processing.py:131 -         Bands: ['B05', 'B07', 'B8A', 'SCL']
2025-08-31 18:48:59,536 - INFO - timeseries_processing.py:132 -         Spatial resolution: 20
2025-08-31 18:48:59,536 - INFO - timeseries_processing.py:134 -         Get Assets from STAC Items
2025-08-31 18:48:59,536 - INFO - timeseries_processing.py:47 -         Initialize the STAC client
2025-08-31 18:49:00,608 - INFO - timeseries_processing.py:137 -         Loading 31 STAC Items....
2025-08-31 18:50:52,431 - INFO - timeseries_processing.py:146 -         Cube has been downloaded
2025-08-31 18:50:52,432 - INFO - timeseries_processing.py:156 -         Fix order of dimensions
2025-08-31 18:50:52,433 - INFO - timeseries_processing.py:161 -         Append bands to the band-list of EPSG:32634
2025-08-31 18:50:52,434 - INFO - timeseries_processing.py:129 -                        
2025-08-31 18:50:52,434 - INFO - timeseries_processing.py:130 -     Loading parameters:
2025-08-31 18:50:52,434 - INFO - timeseries_processing.py:131 -         Bands: ['B02', 'B03', 'B04']
2025-08-31 18:50:52,434 - INFO - timeseries_processing.py:132 -         Spatial resolution: 10
2025-08-31 18:50:52,449 - INFO - timeseries_processing.py:134 -         Get Assets from STAC Items
2025-08-31 18:50:52,453 - INFO - timeseries_processing.py:47 -         Initialize the STAC client
2025-08-31 18:50:53,224 - INFO - timeseries_processing.py:137 -         Loading 31 STAC Items....
2025-08-31 18:53:25,017 - INFO - timeseries_processing.py:146 -         Cube has been downloaded
2025-08-31 18:53:25,021 - INFO - timeseries_processing.py:149 -         Reproject to downsample 10m bands to 20m by Resampling.average 2x2 binning and shape matching with odc.geo.GeoBox
2025-08-31 18:53:40,607 - INFO - timeseries_processing.py:161 -         Append bands to the band-list of EPSG:32634
2025-08-31 18:53:40,607 - INFO - timeseries_processing.py:165 -                        
2025-08-31 18:53:40,607 - INFO - timeseries_processing.py:166 -     Merging bands in a single dataset
2025-08-31 18:53:40,607 - INFO - timeseries_processing.py:167 -     Ensure all partial datasets are at (x=20, y=-20) resolution
2025-08-31 18:53:40,607 - INFO - timeseries_processing.py:171 -     Clip to the intersection of indexes
2025-08-31 18:53:41,932 - INFO - timeseries_processing.py:180 -     Make a list of bands to merge
2025-08-31 18:53:41,933 - INFO - timeseries_processing.py:184 -     Merge on intersection
2025-08-31 18:53:41,934 - INFO - timeseries_processing.py:192 -     Apply masks on clouds, shadows, thin cirrus, and snow/ice
2025-08-31 18:53:41,934 - INFO - sentinel2.py:122 -                Masking bits: [3, 7, 8, 9, 10, 11]
2025-08-31 18:53:43,396 - INFO - composites.py:307 - Reproject from UTM Zone to Tile geometry -> CRS(EPSG:32634), Resampling.bilinear
2025-08-31 18:53:50,918 - INFO - composites.py:310 -     New shape of datasets: Shape2d(x=2400, y=2400)
2025-08-31 18:53:51,677 - INFO - composites.py:342 - Creating preview plot of input scenes
2025-08-31 18:54:27,098 - INFO - timeseries_processing.py:349 - Saved preview for 'B04' to //nas-rs.topo.auth.gr/Latomeia/DROUGHT/composites/x11/y08/2021/09/01/S2L2A_medcomp_x11y08_202109_InDataPreview.jpeg
2025-08-31 18:54:27,120 - INFO - composites.py:348 - Clip value range
2025-08-31 18:54:29,322 - INFO - composites.py:353 -                           
2025-08-31 18:54:29,322 - INFO - composites.py:354 - Computing spectral indices:
2025-08-31 18:54:29,322 - INFO - composites.py:357 -     EVI...
2025-08-31 18:54:30,773 - INFO - composites.py:359 -     NDVI...
2025-08-31 18:54:31,253 - INFO - composites.py:361 -     PSRI2...
2025-08-31 18:54:31,587 - INFO - composites.py:364 - Clip to typical value range
2025-08-31 18:54:31,965 - INFO - composites.py:371 - Reducing to median value temporal composite
2025-08-31 18:54:57,841 - INFO - composites.py:390 - Scale and Define data types & nodata per band
2025-08-31 18:54:57,985 - INFO - composites.py:411 - Assign time range and tile ID in metadata
2025-08-31 18:54:57,985 - INFO - composites.py:419 - Write bands to raster COG files
2025-08-31 18:55:01,839 - INFO - composites.py:432 - Write B02 -> //nas-rs.topo.auth.gr/Latomeia/DROUGHT/composites/x11/y08/2021/09/01/S2L2A_medcomp_x11y08_202109_B02.tif
2025-08-31 18:55:05,684 - INFO - composites.py:432 - Write B03 -> //nas-rs.topo.auth.gr/Latomeia/DROUGHT/composites/x11/y08/2021/09/01/S2L2A_medcomp_x11y08_202109_B03.tif
2025-08-31 18:55:09,507 - INFO - composites.py:432 - Write B04 -> //nas-rs.topo.auth.gr/Latomeia/DROUGHT/composites/x11/y08/2021/09/01/S2L2A_medcomp_x11y08_202109_B04.tif
2025-08-31 18:55:13,319 - INFO - composites.py:432 - Write B05 -> //nas-rs.topo.auth.gr/Latomeia/DROUGHT/composites/x11/y08/2021/09/01/S2L2A_medcomp_x11y08_202109_B05.tif
2025-08-31 18:55:17,779 - INFO - composites.py:432 - Write B07 -> //nas-rs.topo.auth.gr/Latomeia/DROUGHT/composites/x11/y08/2021/09/01/S2L2A_medcomp_x11y08_202109_B07.tif
2025-08-31 18:55:21,678 - INFO - composites.py:432 - Write B8A -> //nas-rs.topo.auth.gr/Latomeia/DROUGHT/composites/x11/y08/2021/09/01/S2L2A_medcomp_x11y08_202109_B8A.tif
2025-08-31 18:55:25,374 - INFO - composites.py:432 - Write EVI -> //nas-rs.topo.auth.gr/Latomeia/DROUGHT/composites/x11/y08/2021/09/01/S2L2A_medcomp_x11y08_202109_EVI.tif
2025-08-31 18:55:29,201 - INFO - composites.py:432 - Write NDVI -> //nas-rs.topo.auth.gr/Latomeia/DROUGHT/composites/x11/y08/2021/09/01/S2L2A_medcomp_x11y08_202109_NDVI.tif
2025-08-31 18:55:33,067 - INFO - composites.py:432 - Write PSRI2 -> //nas-rs.topo.auth.gr/Latomeia/DROUGHT/composites/x11/y08/2021/09/01/S2L2A_medcomp_x11y08_202109_PSRI2.tif
2025-08-31 18:55:33,067 - INFO - composites.py:436 - Prepare metadata YAML document
2025-08-31 18:55:33,612 - INFO - composites.py:458 - Write metadata YAML document to disk
2025-08-31 18:55:33,658 - INFO - composites.py:463 - Create datacube.model.Dataset from eo3 metadata
2025-08-31 18:55:33,669 - INFO - composites.py:476 - Index to datacube
2025-08-31 18:55:33,669 - INFO - _datasets.py:191 - Indexing c322f1d7-d454-4d2c-8bf1-611cf9c67c5d
2025-08-31 18:55:33,678 - INFO - composites.py:479 - 
2025-08-31 18:55:33,678 - INFO - composites.py:480 -              ✔✔✔ COMPLETED: Tile x11_y08 | Time: 2021-09 | In 9.48 minutes
2025-08-31 18:55:33,678 - INFO - composites.py:481 - 
2025-08-31 18:55:33,678 - INFO - composites.py:489 - Closing Dask client
2025-08-31 18:55:33,679 - INFO - composites.py:493 - Closing Dask cluster
2025-08-31 18:55:33,679 - INFO - composites.py:494 - #######################################################################
