2025-10-17 17:38:32,493 - INFO - composites.py:102 - #######################################################################
2025-10-17 17:38:32,493 - INFO - composites.py:104 - Processing started
2025-10-17 17:38:32,493 - INFO - composites.py:105 -         Tile: x10_y10
2025-10-17 17:38:32,493 - INFO - composites.py:106 -         Time: 2025-09
2025-10-17 17:38:32,493 - INFO - composites.py:109 -                           
2025-10-17 17:38:32,493 - INFO - composites.py:110 - Establishing connection to datacube
2025-10-17 17:38:33,000 - INFO - composites.py:113 -                           
2025-10-17 17:38:33,000 - INFO - composites.py:114 - Sanity test: Check if dataset already exists in the datacube
2025-10-17 17:38:33,024 - INFO - composites.py:133 - The composite requested was not found and it will be computed
2025-10-17 17:38:33,024 - INFO - composites.py:136 -                                  
2025-10-17 17:38:33,024 - INFO - composites.py:137 - Initializing Dask cluster for parallelization
2025-10-17 17:38:37,782 - INFO - composites.py:161 - Dask dashboard is available at: http://127.0.0.1:8787/status
2025-10-17 17:38:37,786 - INFO - composites.py:164 - Create directories and naming conversions
2025-10-17 17:38:37,797 - INFO - composites.py:177 - Dataset location: //nas-rs.topo.auth.gr/Latomeia/DROUGHT/composites/x10/y10/2025/09/01
2025-10-17 17:38:37,797 - INFO - composites.py:180 -                           
2025-10-17 17:38:37,797 - INFO - composites.py:181 - Retrieve tile geometry
2025-10-17 17:38:37,824 - INFO - composites.py:192 - Create the Bounding Box (φ,λ)
2025-10-17 17:38:37,824 - INFO - composites.py:198 - Create the Bounding Box (x,y)
2025-10-17 17:38:37,824 - INFO - composites.py:211 -                           
2025-10-17 17:38:37,824 - INFO - composites.py:212 - Connect to Planetary Computer STAC Catalog
2025-10-17 17:38:38,132 - INFO - composites.py:220 - Search the STAC Catalog
2025-10-17 17:38:38,258 - INFO - composites.py:232 -         Query parameters:
2025-10-17 17:38:38,258 - INFO - composites.py:233 -             url:          https://planetarycomputer.microsoft.com/api/stac/v1/search
2025-10-17 17:38:38,258 - INFO - composites.py:234 -             client:       microsoft-pc
2025-10-17 17:38:38,259 - INFO - composites.py:235 -             collection:   sentinel-2-l2a
2025-10-17 17:38:38,259 - INFO - composites.py:236 -             bbox:         (22.471633479946853, 37.72008040922633, 23.140477503527134, 38.27146676750315)
2025-10-17 17:38:38,259 - INFO - composites.py:237 -             time range:   2025-09-01T00:00:00Z/2025-09-30T23:59:59Z
2025-10-17 17:38:38,259 - INFO - composites.py:238 -             cloud cover:  0% - 70%
2025-10-17 17:38:38,259 - INFO - composites.py:239 -             nodata cover: 0% - 33%
2025-10-17 17:38:38,259 - INFO - composites.py:241 -                           
2025-10-17 17:38:38,259 - INFO - composites.py:242 - Searching...
2025-10-17 17:38:38,819 - INFO - composites.py:245 - Query found 26 items
2025-10-17 17:38:38,819 - INFO - composites.py:247 - Searching for GRI REFINED scenes:
2025-10-17 17:38:43,993 - INFO - sentinel2.py:78 - 1/26 - S2B_MSIL2A_20250929T092029_R093_T34SFG_20250929T120714 -> REFINED
2025-10-17 17:38:49,028 - INFO - sentinel2.py:78 - 2/26 - S2A_MSIL2A_20250926T092231_R093_T34SFH_20250926T111616 -> REFINED
2025-10-17 17:38:54,195 - INFO - sentinel2.py:78 - 3/26 - S2A_MSIL2A_20250926T092231_R093_T34SFG_20250926T111616 -> REFINED
2025-10-17 17:38:59,373 - INFO - sentinel2.py:78 - 4/26 - S2B_MSIL2A_20250926T090629_R050_T34SFG_20250926T101045 -> REFINED
2025-10-17 17:39:04,900 - INFO - sentinel2.py:78 - 5/26 - S2C_MSIL2A_20250924T092041_R093_T34SFH_20250924T123514 -> REFINED
2025-10-17 17:39:10,376 - INFO - sentinel2.py:78 - 6/26 - S2C_MSIL2A_20250924T092041_R093_T34SFG_20250924T123514 -> REFINED
2025-10-17 17:39:16,337 - INFO - sentinel2.py:78 - 7/26 - S2A_MSIL2A_20250923T091041_R050_T34SFG_20250923T125415 -> REFINED
2025-10-17 17:39:21,689 - INFO - sentinel2.py:78 - 8/26 - S2C_MSIL2A_20250921T090711_R050_T34SFG_20250921T122316 -> REFINED
2025-10-17 17:39:27,391 - INFO - sentinel2.py:78 - 9/26 - S2B_MSIL2A_20250919T092029_R093_T34SFH_20250919T114737 -> REFINED
2025-10-17 17:39:32,452 - INFO - sentinel2.py:78 - 10/26 - S2B_MSIL2A_20250919T092029_R093_T34SFG_20250919T114737 -> REFINED
2025-10-17 17:39:38,763 - INFO - sentinel2.py:78 - 11/26 - S2A_MSIL2A_20250916T092041_R093_T34SFH_20250916T124414 -> REFINED
2025-10-17 17:39:45,237 - INFO - sentinel2.py:78 - 12/26 - S2A_MSIL2A_20250916T092041_R093_T34SFG_20250916T124414 -> REFINED
2025-10-17 17:39:51,271 - INFO - sentinel2.py:78 - 13/26 - S2B_MSIL2A_20250916T090549_R050_T34SFG_20250916T120416 -> REFINED
2025-10-17 17:39:56,859 - INFO - sentinel2.py:78 - 14/26 - S2C_MSIL2A_20250914T092041_R093_T34SFH_20250914T145017 -> REFINED
2025-10-17 17:40:03,044 - INFO - sentinel2.py:78 - 15/26 - S2C_MSIL2A_20250914T092041_R093_T34SFG_20250914T145017 -> REFINED
2025-10-17 17:40:08,574 - INFO - sentinel2.py:78 - 16/26 - S2A_MSIL2A_20250913T091321_R050_T34SFG_20250913T110013 -> REFINED
2025-10-17 17:40:14,695 - INFO - sentinel2.py:78 - 17/26 - S2C_MSIL2A_20250911T090611_R050_T34SFG_20250911T132018 -> REFINED
2025-10-17 17:40:20,999 - INFO - sentinel2.py:78 - 18/26 - S2B_MSIL2A_20250909T092029_R093_T34SFH_20250909T121154 -> REFINED
2025-10-17 17:40:27,073 - INFO - sentinel2.py:78 - 19/26 - S2B_MSIL2A_20250909T092029_R093_T34SFG_20250909T121154 -> REFINED
2025-10-17 17:40:32,116 - INFO - sentinel2.py:78 - 20/26 - S2A_MSIL2A_20250906T092231_R093_T34SFH_20250906T130312 -> REFINED
2025-10-17 17:40:37,057 - INFO - sentinel2.py:78 - 21/26 - S2A_MSIL2A_20250906T092231_R093_T34SFG_20250906T130312 -> REFINED
2025-10-17 17:40:42,040 - INFO - sentinel2.py:78 - 22/26 - S2B_MSIL2A_20250906T090549_R050_T34SFG_20250906T113932 -> REFINED
2025-10-17 17:40:47,763 - INFO - sentinel2.py:78 - 23/26 - S2C_MSIL2A_20250904T092051_R093_T34SFH_20250904T131114 -> REFINED
2025-10-17 17:40:53,454 - INFO - sentinel2.py:78 - 24/26 - S2C_MSIL2A_20250904T092051_R093_T34SFG_20250904T131114 -> REFINED
2025-10-17 17:40:58,551 - INFO - sentinel2.py:78 - 25/26 - S2A_MSIL2A_20250903T091041_R050_T34SFG_20250903T134304 -> REFINED
2025-10-17 17:41:04,983 - INFO - sentinel2.py:78 - 26/26 - S2C_MSIL2A_20250901T090611_R050_T34SFG_20250901T130718 -> REFINED
2025-10-17 17:41:05,034 - INFO - composites.py:250 -                                  
2025-10-17 17:41:05,034 - INFO - composites.py:251 - 26/26 were refined by GRI.
2025-10-17 17:41:05,034 - INFO - composites.py:263 - Looking for up to 10 cleanest images within spatiotemporal range of each MGRS tile
2025-10-17 17:41:05,034 - INFO - composites.py:277 - Filtered cleanest scenes: Kept 18 out of 26 items. 
2025-10-17 17:41:05,034 - INFO - composites.py:278 -         Included MGRS Tiles: ['34SFG' '34SFH']
2025-10-17 17:41:05,034 - INFO - composites.py:279 -         Included EPSG codes: [32634]
2025-10-17 17:41:05,034 - INFO - composites.py:281 - Selected scenes:
2025-10-17 17:41:05,039 - INFO - composites.py:283 -         S2A_MSIL2A_20250903T091041_R050_T34SFG_20250903T134304
2025-10-17 17:41:05,039 - INFO - composites.py:283 -         S2C_MSIL2A_20250901T090611_R050_T34SFG_20250901T130718
2025-10-17 17:41:05,039 - INFO - composites.py:283 -         S2C_MSIL2A_20250921T090711_R050_T34SFG_20250921T122316
2025-10-17 17:41:05,039 - INFO - composites.py:283 -         S2C_MSIL2A_20250911T090611_R050_T34SFG_20250911T132018
2025-10-17 17:41:05,039 - INFO - composites.py:283 -         S2C_MSIL2A_20250924T092041_R093_T34SFG_20250924T123514
2025-10-17 17:41:05,039 - INFO - composites.py:283 -         S2B_MSIL2A_20250916T090549_R050_T34SFG_20250916T120416
2025-10-17 17:41:05,039 - INFO - composites.py:283 -         S2A_MSIL2A_20250916T092041_R093_T34SFG_20250916T124414
2025-10-17 17:41:05,045 - INFO - composites.py:283 -         S2A_MSIL2A_20250923T091041_R050_T34SFG_20250923T125415
2025-10-17 17:41:05,045 - INFO - composites.py:283 -         S2B_MSIL2A_20250909T092029_R093_T34SFG_20250909T121154
2025-10-17 17:41:05,045 - INFO - composites.py:283 -         S2A_MSIL2A_20250913T091321_R050_T34SFG_20250913T110013
2025-10-17 17:41:05,045 - INFO - composites.py:283 -         S2C_MSIL2A_20250924T092041_R093_T34SFH_20250924T123514
2025-10-17 17:41:05,045 - INFO - composites.py:283 -         S2A_MSIL2A_20250916T092041_R093_T34SFH_20250916T124414
2025-10-17 17:41:05,045 - INFO - composites.py:283 -         S2A_MSIL2A_20250906T092231_R093_T34SFH_20250906T130312
2025-10-17 17:41:05,045 - INFO - composites.py:283 -         S2C_MSIL2A_20250904T092051_R093_T34SFH_20250904T131114
2025-10-17 17:41:05,045 - INFO - composites.py:283 -         S2B_MSIL2A_20250909T092029_R093_T34SFH_20250909T121154
2025-10-17 17:41:05,045 - INFO - composites.py:283 -         S2C_MSIL2A_20250914T092041_R093_T34SFH_20250914T145017
2025-10-17 17:41:05,045 - INFO - composites.py:283 -         S2B_MSIL2A_20250919T092029_R093_T34SFH_20250919T114737
2025-10-17 17:41:05,045 - INFO - composites.py:283 -         S2A_MSIL2A_20250926T092231_R093_T34SFH_20250926T111616
2025-10-17 17:41:05,502 - INFO - sentinel2.py:154 - Matplotlib backend: Agg
2025-10-17 17:41:05,662 - INFO - sentinel2.py:224 - Write input scenes footprint overlay: //nas-rs.topo.auth.gr/Latomeia/DROUGHT/composites/x10/y10/2025/09/01/S2L2A_medcomp_x10y10_202509_InDataFootprint.jpeg
2025-10-17 17:41:05,951 - INFO - composites.py:297 -                                  
2025-10-17 17:41:05,951 - INFO - composites.py:298 - Downstream STAC items from Planetary Computer
2025-10-17 17:41:05,951 - INFO - timeseries_processing.py:115 -                                  
2025-10-17 17:41:05,951 - INFO - timeseries_processing.py:116 - Loading bands of diferent resolutions in EPSG:32634
2025-10-17 17:41:05,951 - INFO - timeseries_processing.py:120 -     Filtering items with native UTM EPSG:32634
2025-10-17 17:41:05,951 - INFO - timeseries_processing.py:122 -     18 Items in EPSG:32634
2025-10-17 17:41:05,951 - INFO - timeseries_processing.py:129 -                        
2025-10-17 17:41:05,951 - INFO - timeseries_processing.py:130 -     Loading parameters:
2025-10-17 17:41:05,951 - INFO - timeseries_processing.py:131 -         Bands: ['B05', 'B07', 'B8A', 'SCL']
2025-10-17 17:41:05,951 - INFO - timeseries_processing.py:132 -         Spatial resolution: 20
2025-10-17 17:41:05,951 - INFO - timeseries_processing.py:134 -         Get Assets from STAC Items
2025-10-17 17:41:05,951 - INFO - timeseries_processing.py:47 -         Initialize the STAC client
2025-10-17 17:41:06,635 - INFO - timeseries_processing.py:137 -         Loading 18 STAC Items....
2025-10-17 17:44:20,388 - INFO - timeseries_processing.py:146 -         Cube has been downloaded
2025-10-17 17:44:20,388 - INFO - timeseries_processing.py:156 -         Fix order of dimensions
2025-10-17 17:44:20,394 - INFO - timeseries_processing.py:161 -         Append bands to the band-list of EPSG:32634
2025-10-17 17:44:20,394 - INFO - timeseries_processing.py:129 -                        
2025-10-17 17:44:20,394 - INFO - timeseries_processing.py:130 -     Loading parameters:
2025-10-17 17:44:20,394 - INFO - timeseries_processing.py:131 -         Bands: ['B02', 'B03', 'B04']
2025-10-17 17:44:20,394 - INFO - timeseries_processing.py:132 -         Spatial resolution: 10
2025-10-17 17:44:20,394 - INFO - timeseries_processing.py:134 -         Get Assets from STAC Items
2025-10-17 17:44:20,404 - INFO - timeseries_processing.py:47 -         Initialize the STAC client
2025-10-17 17:44:21,139 - INFO - timeseries_processing.py:137 -         Loading 18 STAC Items....
2025-10-17 17:51:38,765 - INFO - timeseries_processing.py:146 -         Cube has been downloaded
2025-10-17 17:51:38,765 - INFO - timeseries_processing.py:149 -         Reproject to downsample 10m bands to 20m by Resampling.average 2x2 binning and shape matching with odc.geo.GeoBox
2025-10-17 17:51:58,824 - INFO - timeseries_processing.py:161 -         Append bands to the band-list of EPSG:32634
2025-10-17 17:51:58,827 - INFO - timeseries_processing.py:165 -                        
2025-10-17 17:51:58,827 - INFO - timeseries_processing.py:166 -     Merging bands in a single dataset
2025-10-17 17:51:58,827 - INFO - timeseries_processing.py:167 -     Ensure all partial datasets are at (x=20, y=-20) resolution
2025-10-17 17:51:58,827 - INFO - timeseries_processing.py:171 -     Clip to the intersection of indexes
2025-10-17 17:52:00,227 - INFO - timeseries_processing.py:180 -     Make a list of bands to merge
2025-10-17 17:52:00,231 - INFO - timeseries_processing.py:184 -     Merge on intersection
2025-10-17 17:52:00,233 - INFO - timeseries_processing.py:192 -     Apply masks on clouds, shadows, thin cirrus, and snow/ice
2025-10-17 17:52:00,233 - INFO - sentinel2.py:122 -                Masking bits: [3, 7, 8, 9, 10, 11]
2025-10-17 17:52:02,119 - INFO - composites.py:307 - Reproject from UTM Zone to Tile geometry -> CRS(EPSG:32634), Resampling.bilinear
2025-10-17 17:52:11,904 - INFO - composites.py:310 -     New shape of datasets: Shape2d(x=2400, y=2400)
2025-10-17 17:52:12,756 - INFO - composites.py:329 - Scale SR to Sen2Cor Baseline 4.00 - Subtract 1000 in dates post 2022-01-25
2025-10-17 17:52:14,888 - INFO - composites.py:342 - Creating preview plot of input scenes
2025-10-17 17:52:56,449 - INFO - timeseries_processing.py:349 - Saved preview for 'B04' to //nas-rs.topo.auth.gr/Latomeia/DROUGHT/composites/x10/y10/2025/09/01/S2L2A_medcomp_x10y10_202509_InDataPreview.jpeg
2025-10-17 17:52:56,462 - INFO - composites.py:348 - Clip value range
2025-10-17 17:52:59,359 - INFO - composites.py:353 -                           
2025-10-17 17:52:59,359 - INFO - composites.py:354 - Computing spectral indices:
2025-10-17 17:52:59,359 - INFO - composites.py:357 -     EVI...
2025-10-17 17:53:01,476 - INFO - composites.py:359 -     NDVI...
2025-10-17 17:53:02,109 - INFO - composites.py:361 -     PSRI2...
2025-10-17 17:53:02,596 - INFO - composites.py:364 - Clip to typical value range
2025-10-17 17:53:03,124 - INFO - composites.py:371 - Reducing to median value temporal composite
2025-10-17 17:53:31,117 - INFO - composites.py:390 - Scale and Define data types & nodata per band
2025-10-17 17:53:31,310 - INFO - composites.py:411 - Assign time range and tile ID in metadata
2025-10-17 17:53:31,311 - INFO - composites.py:419 - Write bands to raster COG files
2025-10-17 17:53:34,964 - INFO - composites.py:432 - Write B02 -> //nas-rs.topo.auth.gr/Latomeia/DROUGHT/composites/x10/y10/2025/09/01/S2L2A_medcomp_x10y10_202509_B02.tif
2025-10-17 17:53:38,643 - INFO - composites.py:432 - Write B03 -> //nas-rs.topo.auth.gr/Latomeia/DROUGHT/composites/x10/y10/2025/09/01/S2L2A_medcomp_x10y10_202509_B03.tif
2025-10-17 17:53:42,311 - INFO - composites.py:432 - Write B04 -> //nas-rs.topo.auth.gr/Latomeia/DROUGHT/composites/x10/y10/2025/09/01/S2L2A_medcomp_x10y10_202509_B04.tif
2025-10-17 17:53:46,001 - INFO - composites.py:432 - Write B05 -> //nas-rs.topo.auth.gr/Latomeia/DROUGHT/composites/x10/y10/2025/09/01/S2L2A_medcomp_x10y10_202509_B05.tif
2025-10-17 17:53:49,662 - INFO - composites.py:432 - Write B07 -> //nas-rs.topo.auth.gr/Latomeia/DROUGHT/composites/x10/y10/2025/09/01/S2L2A_medcomp_x10y10_202509_B07.tif
2025-10-17 17:53:53,316 - INFO - composites.py:432 - Write B8A -> //nas-rs.topo.auth.gr/Latomeia/DROUGHT/composites/x10/y10/2025/09/01/S2L2A_medcomp_x10y10_202509_B8A.tif
2025-10-17 17:53:56,941 - INFO - composites.py:432 - Write EVI -> //nas-rs.topo.auth.gr/Latomeia/DROUGHT/composites/x10/y10/2025/09/01/S2L2A_medcomp_x10y10_202509_EVI.tif
2025-10-17 17:54:00,610 - INFO - composites.py:432 - Write NDVI -> //nas-rs.topo.auth.gr/Latomeia/DROUGHT/composites/x10/y10/2025/09/01/S2L2A_medcomp_x10y10_202509_NDVI.tif
2025-10-17 17:54:04,326 - INFO - composites.py:432 - Write PSRI2 -> //nas-rs.topo.auth.gr/Latomeia/DROUGHT/composites/x10/y10/2025/09/01/S2L2A_medcomp_x10y10_202509_PSRI2.tif
2025-10-17 17:54:04,351 - INFO - composites.py:436 - Prepare metadata YAML document
2025-10-17 17:54:04,943 - INFO - composites.py:458 - Write metadata YAML document to disk
2025-10-17 17:54:05,026 - INFO - composites.py:463 - Create datacube.model.Dataset from eo3 metadata
2025-10-17 17:54:05,038 - INFO - composites.py:476 - Index to datacube
2025-10-17 17:54:05,038 - INFO - _datasets.py:191 - Indexing a9aae97e-20b5-4aeb-8815-3ef62367f62f
2025-10-17 17:54:05,049 - INFO - composites.py:479 - 
2025-10-17 17:54:05,049 - INFO - composites.py:480 -              ✔✔✔ COMPLETED: Tile x10_y10 | Time: 2025-09 | In 15.54 minutes
2025-10-17 17:54:05,049 - INFO - composites.py:481 - 
2025-10-17 17:54:05,049 - INFO - composites.py:489 - Closing Dask client
2025-10-17 17:54:05,051 - INFO - composites.py:493 - Closing Dask cluster
2025-10-17 17:54:05,051 - INFO - composites.py:494 - #######################################################################
