2025-09-01 13:21:59,180 - INFO - composites.py:102 - #######################################################################
2025-09-01 13:21:59,180 - INFO - composites.py:104 - Processing started
2025-09-01 13:21:59,180 - INFO - composites.py:105 -         Tile: x12_y12
2025-09-01 13:21:59,180 - INFO - composites.py:106 -         Time: 2024-01
2025-09-01 13:21:59,180 - INFO - composites.py:109 -                           
2025-09-01 13:21:59,180 - INFO - composites.py:110 - Establishing connection to datacube
2025-09-01 13:21:59,826 - INFO - composites.py:113 -                           
2025-09-01 13:21:59,826 - INFO - composites.py:114 - Sanity test: Check if dataset already exists in the datacube
2025-09-01 13:21:59,846 - INFO - composites.py:133 - The composite requested was not found and it will be computed
2025-09-01 13:21:59,846 - INFO - composites.py:136 -                                  
2025-09-01 13:21:59,846 - INFO - composites.py:137 - Initializing Dask cluster for parallelization
2025-09-01 13:22:05,325 - INFO - composites.py:161 - Dask dashboard is available at: http://127.0.0.1:8787/status
2025-09-01 13:22:05,326 - INFO - composites.py:164 - Create directories and naming conversions
2025-09-01 13:22:05,366 - INFO - composites.py:177 - Dataset location: //nas-rs.topo.auth.gr/Latomeia/DROUGHT/composites/x12/y12/2024/01/01
2025-09-01 13:22:05,367 - INFO - composites.py:180 -                           
2025-09-01 13:22:05,367 - INFO - composites.py:181 - Retrieve tile geometry
2025-09-01 13:22:05,408 - INFO - composites.py:192 - Create the Bounding Box (φ,λ)
2025-09-01 13:22:05,409 - INFO - composites.py:198 - Create the Bounding Box (x,y)
2025-09-01 13:22:05,409 - INFO - composites.py:211 -                           
2025-09-01 13:22:05,409 - INFO - composites.py:212 - Connect to Planetary Computer STAC Catalog
2025-09-01 13:22:05,627 - INFO - composites.py:220 - Search the STAC Catalog
2025-09-01 13:22:05,699 - INFO - composites.py:232 -         Query parameters:
2025-09-01 13:22:05,699 - INFO - composites.py:233 -             url:          https://planetarycomputer.microsoft.com/api/stac/v1/search
2025-09-01 13:22:05,699 - INFO - composites.py:234 -             client:       microsoft-pc
2025-09-01 13:22:05,699 - INFO - composites.py:235 -             collection:   sentinel-2-l2a
2025-09-01 13:22:05,699 - INFO - composites.py:236 -             bbox:         (23.716312541714892, 38.42057868621947, 24.399215341225577, 38.9773418780241)
2025-09-01 13:22:05,699 - INFO - composites.py:237 -             time range:   2024-01-01T00:00:00Z/2024-01-31T23:59:59Z
2025-09-01 13:22:05,699 - INFO - composites.py:238 -             cloud cover:  0% - 70%
2025-09-01 13:22:05,699 - INFO - composites.py:239 -             nodata cover: 0% - 33%
2025-09-01 13:22:05,699 - INFO - composites.py:241 -                           
2025-09-01 13:22:05,699 - INFO - composites.py:242 - Searching...
2025-09-01 13:22:06,097 - INFO - composites.py:245 - Query found 4 items
2025-09-01 13:22:06,097 - INFO - composites.py:247 - Searching for GRI REFINED scenes:
2025-09-01 13:22:11,390 - INFO - sentinel2.py:78 - 1/4 - S2B_MSIL2A_20240105T091259_R050_T35SKD_20240105T121007 -> REFINED
2025-09-01 13:22:17,271 - INFO - sentinel2.py:78 - 2/4 - S2B_MSIL2A_20240105T091259_R050_T35SKC_20240105T123146 -> REFINED
2025-09-01 13:22:22,068 - INFO - sentinel2.py:78 - 3/4 - S2B_MSIL2A_20240105T091259_R050_T34SGJ_20240105T121004 -> REFINED
2025-09-01 13:22:27,521 - INFO - sentinel2.py:78 - 4/4 - S2B_MSIL2A_20240105T091259_R050_T34SGH_20240105T121851 -> REFINED
2025-09-01 13:22:27,559 - INFO - composites.py:250 -                                  
2025-09-01 13:22:27,559 - INFO - composites.py:251 - 4/4 were refined by GRI.
2025-09-01 13:22:27,559 - INFO - composites.py:263 - Looking for up to 10 cleanest images within spatiotemporal range of each MGRS tile
2025-09-01 13:22:27,560 - INFO - composites.py:277 - Filtered cleanest scenes: Kept 4 out of 4 items. 
2025-09-01 13:22:27,560 - INFO - composites.py:278 -         Included MGRS Tiles: ['34SGH' '34SGJ' '35SKC' '35SKD']
2025-09-01 13:22:27,561 - INFO - composites.py:279 -         Included EPSG codes: [32634 32635]
2025-09-01 13:22:27,561 - INFO - composites.py:281 - Selected scenes:
2025-09-01 13:22:27,561 - INFO - composites.py:283 -         S2B_MSIL2A_20240105T091259_R050_T34SGH_20240105T121851
2025-09-01 13:22:27,562 - INFO - composites.py:283 -         S2B_MSIL2A_20240105T091259_R050_T34SGJ_20240105T121004
2025-09-01 13:22:27,562 - INFO - composites.py:283 -         S2B_MSIL2A_20240105T091259_R050_T35SKC_20240105T123146
2025-09-01 13:22:27,563 - INFO - composites.py:283 -         S2B_MSIL2A_20240105T091259_R050_T35SKD_20240105T121007
2025-09-01 13:22:27,980 - INFO - sentinel2.py:154 - Matplotlib backend: Agg
2025-09-01 13:22:28,230 - INFO - sentinel2.py:224 - Write input scenes footprint overlay: //nas-rs.topo.auth.gr/Latomeia/DROUGHT/composites/x12/y12/2024/01/01/S2L2A_medcomp_x12y12_202401_InDataFootprint.jpeg
2025-09-01 13:22:28,478 - INFO - composites.py:297 -                                  
2025-09-01 13:22:28,478 - INFO - composites.py:298 - Downstream STAC items from Planetary Computer
2025-09-01 13:22:28,478 - INFO - timeseries_processing.py:115 -                                  
2025-09-01 13:22:28,478 - INFO - timeseries_processing.py:116 - Loading bands of diferent resolutions in EPSG:32634
2025-09-01 13:22:28,478 - INFO - timeseries_processing.py:120 -     Filtering items with native UTM EPSG:32634
2025-09-01 13:22:28,478 - INFO - timeseries_processing.py:122 -     2 Items in EPSG:32634
2025-09-01 13:22:28,479 - INFO - timeseries_processing.py:129 -                        
2025-09-01 13:22:28,479 - INFO - timeseries_processing.py:130 -     Loading parameters:
2025-09-01 13:22:28,479 - INFO - timeseries_processing.py:131 -         Bands: ['B05', 'B07', 'B8A', 'SCL']
2025-09-01 13:22:28,479 - INFO - timeseries_processing.py:132 -         Spatial resolution: 20
2025-09-01 13:22:28,479 - INFO - timeseries_processing.py:134 -         Get Assets from STAC Items
2025-09-01 13:22:28,479 - INFO - timeseries_processing.py:47 -         Initialize the STAC client
2025-09-01 13:22:28,946 - INFO - timeseries_processing.py:137 -         Loading 2 STAC Items....
2025-09-01 13:22:42,609 - INFO - timeseries_processing.py:146 -         Cube has been downloaded
2025-09-01 13:22:42,609 - INFO - timeseries_processing.py:156 -         Fix order of dimensions
2025-09-01 13:22:42,610 - INFO - timeseries_processing.py:161 -         Append bands to the band-list of EPSG:32634
2025-09-01 13:22:42,610 - INFO - timeseries_processing.py:129 -                        
2025-09-01 13:22:42,610 - INFO - timeseries_processing.py:130 -     Loading parameters:
2025-09-01 13:22:42,610 - INFO - timeseries_processing.py:131 -         Bands: ['B02', 'B03', 'B04']
2025-09-01 13:22:42,610 - INFO - timeseries_processing.py:132 -         Spatial resolution: 10
2025-09-01 13:22:42,611 - INFO - timeseries_processing.py:134 -         Get Assets from STAC Items
2025-09-01 13:22:42,611 - INFO - timeseries_processing.py:47 -         Initialize the STAC client
2025-09-01 13:22:43,117 - INFO - timeseries_processing.py:137 -         Loading 2 STAC Items....
2025-09-01 13:23:12,374 - INFO - timeseries_processing.py:146 -         Cube has been downloaded
2025-09-01 13:23:12,374 - INFO - timeseries_processing.py:149 -         Reproject to downsample 10m bands to 20m by Resampling.average 2x2 binning and shape matching with odc.geo.GeoBox
2025-09-01 13:23:14,105 - INFO - timeseries_processing.py:161 -         Append bands to the band-list of EPSG:32634
2025-09-01 13:23:14,105 - INFO - timeseries_processing.py:165 -                        
2025-09-01 13:23:14,105 - INFO - timeseries_processing.py:166 -     Merging bands in a single dataset
2025-09-01 13:23:14,105 - INFO - timeseries_processing.py:167 -     Ensure all partial datasets are at (x=20, y=-20) resolution
2025-09-01 13:23:14,105 - INFO - timeseries_processing.py:171 -     Clip to the intersection of indexes
2025-09-01 13:23:15,151 - INFO - timeseries_processing.py:180 -     Make a list of bands to merge
2025-09-01 13:23:15,152 - INFO - timeseries_processing.py:184 -     Merge on intersection
2025-09-01 13:23:15,153 - INFO - timeseries_processing.py:192 -     Apply masks on clouds, shadows, thin cirrus, and snow/ice
2025-09-01 13:23:15,153 - INFO - sentinel2.py:122 -                Masking bits: [3, 7, 8, 9, 10, 11]
2025-09-01 13:23:15,309 - INFO - timeseries_processing.py:115 -                                  
2025-09-01 13:23:15,309 - INFO - timeseries_processing.py:116 - Loading bands of diferent resolutions in EPSG:32635
2025-09-01 13:23:15,309 - INFO - timeseries_processing.py:120 -     Filtering items with native UTM EPSG:32635
2025-09-01 13:23:15,309 - INFO - timeseries_processing.py:122 -     2 Items in EPSG:32635
2025-09-01 13:23:15,309 - INFO - timeseries_processing.py:129 -                        
2025-09-01 13:23:15,309 - INFO - timeseries_processing.py:130 -     Loading parameters:
2025-09-01 13:23:15,309 - INFO - timeseries_processing.py:131 -         Bands: ['B05', 'B07', 'B8A', 'SCL']
2025-09-01 13:23:15,309 - INFO - timeseries_processing.py:132 -         Spatial resolution: 20
2025-09-01 13:23:15,309 - INFO - timeseries_processing.py:134 -         Get Assets from STAC Items
2025-09-01 13:23:15,309 - INFO - timeseries_processing.py:47 -         Initialize the STAC client
2025-09-01 13:23:15,777 - INFO - timeseries_processing.py:137 -         Loading 2 STAC Items....
2025-09-01 13:23:28,480 - INFO - timeseries_processing.py:146 -         Cube has been downloaded
2025-09-01 13:23:28,480 - INFO - timeseries_processing.py:156 -         Fix order of dimensions
2025-09-01 13:23:28,482 - INFO - timeseries_processing.py:161 -         Append bands to the band-list of EPSG:32635
2025-09-01 13:23:28,483 - INFO - timeseries_processing.py:129 -                        
2025-09-01 13:23:28,483 - INFO - timeseries_processing.py:130 -     Loading parameters:
2025-09-01 13:23:28,483 - INFO - timeseries_processing.py:131 -         Bands: ['B02', 'B03', 'B04']
2025-09-01 13:23:28,483 - INFO - timeseries_processing.py:132 -         Spatial resolution: 10
2025-09-01 13:23:28,484 - INFO - timeseries_processing.py:134 -         Get Assets from STAC Items
2025-09-01 13:23:28,484 - INFO - timeseries_processing.py:47 -         Initialize the STAC client
2025-09-01 13:23:29,002 - INFO - timeseries_processing.py:137 -         Loading 2 STAC Items....
2025-09-01 13:23:55,168 - INFO - timeseries_processing.py:146 -         Cube has been downloaded
2025-09-01 13:23:55,168 - INFO - timeseries_processing.py:149 -         Reproject to downsample 10m bands to 20m by Resampling.average 2x2 binning and shape matching with odc.geo.GeoBox
2025-09-01 13:23:56,931 - INFO - timeseries_processing.py:161 -         Append bands to the band-list of EPSG:32635
2025-09-01 13:23:56,932 - INFO - timeseries_processing.py:165 -                        
2025-09-01 13:23:56,932 - INFO - timeseries_processing.py:166 -     Merging bands in a single dataset
2025-09-01 13:23:56,932 - INFO - timeseries_processing.py:167 -     Ensure all partial datasets are at (x=20, y=-20) resolution
2025-09-01 13:23:56,932 - INFO - timeseries_processing.py:171 -     Clip to the intersection of indexes
2025-09-01 13:23:56,934 - INFO - timeseries_processing.py:180 -     Make a list of bands to merge
2025-09-01 13:23:56,934 - INFO - timeseries_processing.py:184 -     Merge on intersection
2025-09-01 13:23:56,935 - INFO - timeseries_processing.py:192 -     Apply masks on clouds, shadows, thin cirrus, and snow/ice
2025-09-01 13:23:56,935 - INFO - sentinel2.py:122 -                Masking bits: [3, 7, 8, 9, 10, 11]
2025-09-01 13:23:57,066 - INFO - composites.py:307 - Reproject from UTM Zone to Tile geometry -> CRS(EPSG:32635), Resampling.bilinear
2025-09-01 13:23:58,527 - INFO - composites.py:310 -     New shape of datasets: Shape2d(x=2400, y=2400)
2025-09-01 13:23:58,682 - INFO - composites.py:315 -                           
2025-09-01 13:23:58,682 - INFO - composites.py:316 - Mosaic datasets to a single dataset
2025-09-01 13:23:59,906 - INFO - composites.py:329 - Scale SR to Sen2Cor Baseline 4.00 - Subtract 1000 in dates post 2022-01-25
2025-09-01 13:24:00,093 - INFO - composites.py:342 - Creating preview plot of input scenes
2025-09-01 13:24:16,486 - INFO - timeseries_processing.py:349 - Saved preview for 'B04' to //nas-rs.topo.auth.gr/Latomeia/DROUGHT/composites/x12/y12/2024/01/01/S2L2A_medcomp_x12y12_202401_InDataPreview.jpeg
2025-09-01 13:24:16,487 - INFO - composites.py:348 - Clip value range
2025-09-01 13:24:16,691 - INFO - composites.py:353 -                           
2025-09-01 13:24:16,691 - INFO - composites.py:354 - Computing spectral indices:
2025-09-01 13:24:16,691 - INFO - composites.py:357 -     EVI...
2025-09-01 13:24:16,863 - INFO - composites.py:359 -     NDVI...
2025-09-01 13:24:16,910 - INFO - composites.py:361 -     PSRI2...
2025-09-01 13:24:16,944 - INFO - composites.py:364 - Clip to typical value range
2025-09-01 13:24:16,983 - INFO - composites.py:371 - Reducing to median value temporal composite
2025-09-01 13:24:31,934 - INFO - composites.py:390 - Scale and Define data types & nodata per band
2025-09-01 13:24:32,100 - INFO - composites.py:411 - Assign time range and tile ID in metadata
2025-09-01 13:24:32,100 - INFO - composites.py:419 - Write bands to raster COG files
2025-09-01 13:24:37,214 - INFO - composites.py:432 - Write B02 -> //nas-rs.topo.auth.gr/Latomeia/DROUGHT/composites/x12/y12/2024/01/01/S2L2A_medcomp_x12y12_202401_B02.tif
2025-09-01 13:24:41,225 - INFO - composites.py:432 - Write B03 -> //nas-rs.topo.auth.gr/Latomeia/DROUGHT/composites/x12/y12/2024/01/01/S2L2A_medcomp_x12y12_202401_B03.tif
2025-09-01 13:24:45,085 - INFO - composites.py:432 - Write B04 -> //nas-rs.topo.auth.gr/Latomeia/DROUGHT/composites/x12/y12/2024/01/01/S2L2A_medcomp_x12y12_202401_B04.tif
2025-09-01 13:24:49,811 - INFO - composites.py:432 - Write B05 -> //nas-rs.topo.auth.gr/Latomeia/DROUGHT/composites/x12/y12/2024/01/01/S2L2A_medcomp_x12y12_202401_B05.tif
2025-09-01 13:24:54,714 - INFO - composites.py:432 - Write B07 -> //nas-rs.topo.auth.gr/Latomeia/DROUGHT/composites/x12/y12/2024/01/01/S2L2A_medcomp_x12y12_202401_B07.tif
2025-09-01 13:24:58,540 - INFO - composites.py:432 - Write B8A -> //nas-rs.topo.auth.gr/Latomeia/DROUGHT/composites/x12/y12/2024/01/01/S2L2A_medcomp_x12y12_202401_B8A.tif
2025-09-01 13:25:02,245 - INFO - composites.py:432 - Write EVI -> //nas-rs.topo.auth.gr/Latomeia/DROUGHT/composites/x12/y12/2024/01/01/S2L2A_medcomp_x12y12_202401_EVI.tif
2025-09-01 13:25:05,989 - INFO - composites.py:432 - Write NDVI -> //nas-rs.topo.auth.gr/Latomeia/DROUGHT/composites/x12/y12/2024/01/01/S2L2A_medcomp_x12y12_202401_NDVI.tif
2025-09-01 13:25:09,694 - INFO - composites.py:432 - Write PSRI2 -> //nas-rs.topo.auth.gr/Latomeia/DROUGHT/composites/x12/y12/2024/01/01/S2L2A_medcomp_x12y12_202401_PSRI2.tif
2025-09-01 13:25:09,694 - INFO - composites.py:436 - Prepare metadata YAML document
2025-09-01 13:25:10,165 - INFO - composites.py:458 - Write metadata YAML document to disk
2025-09-01 13:25:10,187 - INFO - composites.py:463 - Create datacube.model.Dataset from eo3 metadata
2025-09-01 13:25:10,200 - INFO - composites.py:476 - Index to datacube
2025-09-01 13:25:10,200 - INFO - _datasets.py:191 - Indexing c47409d0-a18b-4e4d-b637-38cbf7aa499c
2025-09-01 13:25:10,218 - INFO - composites.py:479 - 
2025-09-01 13:25:10,218 - INFO - composites.py:480 -              ✔✔✔ COMPLETED: Tile x12_y12 | Time: 2024-01 | In 3.18 minutes
2025-09-01 13:25:10,219 - INFO - composites.py:481 - 
2025-09-01 13:25:10,219 - INFO - composites.py:489 - Closing Dask client
2025-09-01 13:25:10,221 - INFO - composites.py:493 - Closing Dask cluster
2025-09-01 13:25:10,221 - INFO - composites.py:494 - #######################################################################
