2025-09-02 16:07:50,441 - INFO - composites.py:102 - #######################################################################
2025-09-02 16:07:50,442 - INFO - composites.py:104 - Processing started
2025-09-02 16:07:50,442 - INFO - composites.py:105 -         Tile: x11_y11
2025-09-02 16:07:50,442 - INFO - composites.py:106 -         Time: 2024-10
2025-09-02 16:07:50,442 - INFO - composites.py:109 -                           
2025-09-02 16:07:50,442 - INFO - composites.py:110 - Establishing connection to datacube
2025-09-02 16:07:51,275 - INFO - composites.py:113 -                           
2025-09-02 16:07:51,275 - INFO - composites.py:114 - Sanity test: Check if dataset already exists in the datacube
2025-09-02 16:07:51,299 - INFO - composites.py:133 - The composite requested was not found and it will be computed
2025-09-02 16:07:51,299 - INFO - composites.py:136 -                                  
2025-09-02 16:07:51,299 - INFO - composites.py:137 - Initializing Dask cluster for parallelization
2025-09-02 16:07:56,970 - INFO - composites.py:161 - Dask dashboard is available at: http://127.0.0.1:8787/status
2025-09-02 16:07:56,970 - INFO - composites.py:164 - Create directories and naming conversions
2025-09-02 16:07:56,981 - INFO - composites.py:177 - Dataset location: //nas-rs.topo.auth.gr/Latomeia/DROUGHT/composites/x11/y11/2024/10/01
2025-09-02 16:07:56,981 - INFO - composites.py:180 -                           
2025-09-02 16:07:56,981 - INFO - composites.py:181 - Retrieve tile geometry
2025-09-02 16:07:57,014 - INFO - composites.py:192 - Create the Bounding Box (φ,λ)
2025-09-02 16:07:57,014 - INFO - composites.py:198 - Create the Bounding Box (x,y)
2025-09-02 16:07:57,014 - INFO - composites.py:211 -                           
2025-09-02 16:07:57,014 - INFO - composites.py:212 - Connect to Planetary Computer STAC Catalog
2025-09-02 16:07:57,257 - INFO - composites.py:220 - Search the STAC Catalog
2025-09-02 16:07:57,326 - INFO - composites.py:232 -         Query parameters:
2025-09-02 16:07:57,326 - INFO - composites.py:233 -             url:          https://planetarycomputer.microsoft.com/api/stac/v1/search
2025-09-02 16:07:57,326 - INFO - composites.py:234 -             client:       microsoft-pc
2025-09-02 16:07:57,326 - INFO - composites.py:235 -             collection:   sentinel-2-l2a
2025-09-02 16:07:57,326 - INFO - composites.py:236 -             bbox:         (23.090477503527136, 38.072584087612974, 23.76631254171489, 38.62665683856133)
2025-09-02 16:07:57,326 - INFO - composites.py:237 -             time range:   2024-10-01T00:00:00Z/2024-10-31T23:59:59Z
2025-09-02 16:07:57,326 - INFO - composites.py:238 -             cloud cover:  0% - 70%
2025-09-02 16:07:57,326 - INFO - composites.py:239 -             nodata cover: 0% - 33%
2025-09-02 16:07:57,326 - INFO - composites.py:241 -                           
2025-09-02 16:07:57,326 - INFO - composites.py:242 - Searching...
2025-09-02 16:07:57,779 - INFO - composites.py:245 - Query found 17 items
2025-09-02 16:07:57,779 - INFO - composites.py:247 - Searching for GRI REFINED scenes:
2025-09-02 16:08:04,682 - INFO - sentinel2.py:78 - 1/17 - S2B_MSIL2A_20241031T091029_R050_T35SKC_20241031T104221 -> NOT_REFINED
2025-09-02 16:08:10,206 - INFO - sentinel2.py:78 - 2/17 - S2B_MSIL2A_20241031T091029_R050_T34SGH_20241031T104221 -> NOT_REFINED
2025-09-02 16:08:16,306 - INFO - sentinel2.py:78 - 3/17 - S2A_MSIL2A_20241029T092111_R093_T34SFH_20241029T123853 -> NOT_REFINED
2025-09-02 16:08:22,114 - INFO - sentinel2.py:78 - 4/17 - S2A_MSIL2A_20241026T091051_R050_T35SKC_20241026T122806 -> NOT_REFINED
2025-09-02 16:08:29,768 - INFO - sentinel2.py:78 - 5/17 - S2A_MSIL2A_20241026T091051_R050_T34SGH_20241026T122806 -> NOT_REFINED
2025-09-02 16:08:35,545 - INFO - sentinel2.py:78 - 6/17 - S2B_MSIL2A_20241024T091939_R093_T34SFH_20241024T105557 -> NOT_REFINED
2025-09-02 16:08:41,651 - INFO - sentinel2.py:78 - 7/17 - S2B_MSIL2A_20241021T090929_R050_T35SKC_20241021T111444 -> NOT_REFINED
2025-09-02 16:08:47,503 - INFO - sentinel2.py:78 - 8/17 - S2B_MSIL2A_20241021T090929_R050_T34SGH_20241021T111444 -> NOT_REFINED
2025-09-02 16:08:52,388 - INFO - sentinel2.py:78 - 9/17 - S2A_MSIL2A_20241016T090941_R050_T35SKC_20241016T122451 -> NOT_REFINED
2025-09-02 16:08:58,514 - INFO - sentinel2.py:78 - 10/17 - S2A_MSIL2A_20241016T090941_R050_T34SGH_20241016T122451 -> NOT_REFINED
2025-09-02 16:09:03,692 - INFO - sentinel2.py:78 - 11/17 - S2B_MSIL2A_20241014T092029_R093_T34SFH_20241014T121124 -> NOT_REFINED
2025-09-02 16:09:09,220 - INFO - sentinel2.py:78 - 12/17 - S2B_MSIL2A_20241011T090819_R050_T35SKC_20241011T123047 -> NOT_REFINED
2025-09-02 16:09:15,025 - INFO - sentinel2.py:78 - 13/17 - S2B_MSIL2A_20241011T090819_R050_T34SGH_20241011T123047 -> NOT_REFINED
2025-09-02 16:09:21,335 - INFO - sentinel2.py:78 - 14/17 - S2A_MSIL2A_20241009T092031_R093_T34SFH_20241009T135549 -> NOT_REFINED
2025-09-02 16:09:27,848 - INFO - sentinel2.py:78 - 15/17 - S2B_MSIL2A_20241004T092029_R093_T34SFH_20241004T121058 -> NOT_REFINED
2025-09-02 16:09:32,868 - INFO - sentinel2.py:78 - 16/17 - S2B_MSIL2A_20241001T090709_R050_T35SKC_20241001T104121 -> NOT_REFINED
2025-09-02 16:09:38,366 - INFO - sentinel2.py:78 - 17/17 - S2B_MSIL2A_20241001T090709_R050_T34SGH_20241001T104121 -> NOT_REFINED
2025-09-02 16:09:38,420 - INFO - composites.py:250 -                                  
2025-09-02 16:09:38,439 - INFO - composites.py:251 - 0/17 were refined by GRI.
2025-09-02 16:09:38,439 - WARNING - composites.py:255 - Tile x11_y11 | Time: 2024-10: All scenes are flagged NOT REFINED.
2025-09-02 16:09:38,446 - WARNING - composites.py:256 - Tile x11_y11 | Time: 2024-10: The composite will be flagged with _NOREFINED.
2025-09-02 16:09:38,447 - INFO - composites.py:263 - Looking for up to 10 cleanest images within spatiotemporal range of each MGRS tile
2025-09-02 16:09:38,448 - INFO - composites.py:277 - Filtered cleanest scenes: Kept 17 out of 17 items. 
2025-09-02 16:09:38,449 - INFO - composites.py:278 -         Included MGRS Tiles: ['34SFH' '34SGH' '35SKC']
2025-09-02 16:09:38,449 - INFO - composites.py:279 -         Included EPSG codes: [32634 32635]
2025-09-02 16:09:38,449 - INFO - composites.py:281 - Selected scenes:
2025-09-02 16:09:38,449 - INFO - composites.py:283 -         S2A_MSIL2A_20241029T092111_R093_T34SFH_20241029T123853
2025-09-02 16:09:38,450 - INFO - composites.py:283 -         S2B_MSIL2A_20241004T092029_R093_T34SFH_20241004T121058
2025-09-02 16:09:38,450 - INFO - composites.py:283 -         S2B_MSIL2A_20241024T091939_R093_T34SFH_20241024T105557
2025-09-02 16:09:38,450 - INFO - composites.py:283 -         S2A_MSIL2A_20241009T092031_R093_T34SFH_20241009T135549
2025-09-02 16:09:38,450 - INFO - composites.py:283 -         S2B_MSIL2A_20241014T092029_R093_T34SFH_20241014T121124
2025-09-02 16:09:38,450 - INFO - composites.py:283 -         S2A_MSIL2A_20241026T091051_R050_T34SGH_20241026T122806
2025-09-02 16:09:38,469 - INFO - composites.py:283 -         S2A_MSIL2A_20241016T090941_R050_T34SGH_20241016T122451
2025-09-02 16:09:38,501 - INFO - composites.py:283 -         S2B_MSIL2A_20241001T090709_R050_T34SGH_20241001T104121
2025-09-02 16:09:38,506 - INFO - composites.py:283 -         S2B_MSIL2A_20241011T090819_R050_T34SGH_20241011T123047
2025-09-02 16:09:38,506 - INFO - composites.py:283 -         S2B_MSIL2A_20241021T090929_R050_T34SGH_20241021T111444
2025-09-02 16:09:38,506 - INFO - composites.py:283 -         S2B_MSIL2A_20241031T091029_R050_T34SGH_20241031T104221
2025-09-02 16:09:38,506 - INFO - composites.py:283 -         S2A_MSIL2A_20241016T090941_R050_T35SKC_20241016T122451
2025-09-02 16:09:38,506 - INFO - composites.py:283 -         S2B_MSIL2A_20241001T090709_R050_T35SKC_20241001T104121
2025-09-02 16:09:38,507 - INFO - composites.py:283 -         S2A_MSIL2A_20241026T091051_R050_T35SKC_20241026T122806
2025-09-02 16:09:38,507 - INFO - composites.py:283 -         S2B_MSIL2A_20241031T091029_R050_T35SKC_20241031T104221
2025-09-02 16:09:38,507 - INFO - composites.py:283 -         S2B_MSIL2A_20241011T090819_R050_T35SKC_20241011T123047
2025-09-02 16:09:38,507 - INFO - composites.py:283 -         S2B_MSIL2A_20241021T090929_R050_T35SKC_20241021T111444
2025-09-02 16:09:38,838 - INFO - sentinel2.py:154 - Matplotlib backend: Agg
2025-09-02 16:09:39,172 - INFO - sentinel2.py:224 - Write input scenes footprint overlay: //nas-rs.topo.auth.gr/Latomeia/DROUGHT/composites/x11/y11/2024/10/01/S2L2A_medcomp_x11y11_202410_InDataFootprint.jpeg
2025-09-02 16:09:39,343 - INFO - composites.py:297 -                                  
2025-09-02 16:09:39,343 - INFO - composites.py:298 - Downstream STAC items from Planetary Computer
2025-09-02 16:09:39,343 - INFO - timeseries_processing.py:115 -                                  
2025-09-02 16:09:39,343 - INFO - timeseries_processing.py:116 - Loading bands of diferent resolutions in EPSG:32634
2025-09-02 16:09:39,343 - INFO - timeseries_processing.py:120 -     Filtering items with native UTM EPSG:32634
2025-09-02 16:09:39,343 - INFO - timeseries_processing.py:122 -     11 Items in EPSG:32634
2025-09-02 16:09:39,343 - INFO - timeseries_processing.py:129 -                        
2025-09-02 16:09:39,343 - INFO - timeseries_processing.py:130 -     Loading parameters:
2025-09-02 16:09:39,343 - INFO - timeseries_processing.py:131 -         Bands: ['B05', 'B07', 'B8A', 'SCL']
2025-09-02 16:09:39,343 - INFO - timeseries_processing.py:132 -         Spatial resolution: 20
2025-09-02 16:09:39,343 - INFO - timeseries_processing.py:134 -         Get Assets from STAC Items
2025-09-02 16:09:39,343 - INFO - timeseries_processing.py:47 -         Initialize the STAC client
2025-09-02 16:09:39,853 - INFO - timeseries_processing.py:137 -         Loading 11 STAC Items....
2025-09-02 16:10:50,892 - INFO - timeseries_processing.py:146 -         Cube has been downloaded
2025-09-02 16:10:50,892 - INFO - timeseries_processing.py:156 -         Fix order of dimensions
2025-09-02 16:10:50,894 - INFO - timeseries_processing.py:161 -         Append bands to the band-list of EPSG:32634
2025-09-02 16:10:50,894 - INFO - timeseries_processing.py:129 -                        
2025-09-02 16:10:50,894 - INFO - timeseries_processing.py:130 -     Loading parameters:
2025-09-02 16:10:50,894 - INFO - timeseries_processing.py:131 -         Bands: ['B02', 'B03', 'B04']
2025-09-02 16:10:50,894 - INFO - timeseries_processing.py:132 -         Spatial resolution: 10
2025-09-02 16:10:50,899 - INFO - timeseries_processing.py:134 -         Get Assets from STAC Items
2025-09-02 16:10:50,899 - INFO - timeseries_processing.py:47 -         Initialize the STAC client
2025-09-02 16:10:51,499 - INFO - timeseries_processing.py:137 -         Loading 11 STAC Items....
2025-09-02 16:13:34,914 - INFO - timeseries_processing.py:146 -         Cube has been downloaded
2025-09-02 16:13:34,914 - INFO - timeseries_processing.py:149 -         Reproject to downsample 10m bands to 20m by Resampling.average 2x2 binning and shape matching with odc.geo.GeoBox
2025-09-02 16:13:51,139 - INFO - timeseries_processing.py:161 -         Append bands to the band-list of EPSG:32634
2025-09-02 16:13:51,139 - INFO - timeseries_processing.py:165 -                        
2025-09-02 16:13:51,139 - INFO - timeseries_processing.py:166 -     Merging bands in a single dataset
2025-09-02 16:13:51,139 - INFO - timeseries_processing.py:167 -     Ensure all partial datasets are at (x=20, y=-20) resolution
2025-09-02 16:13:51,140 - INFO - timeseries_processing.py:171 -     Clip to the intersection of indexes
2025-09-02 16:13:52,203 - INFO - timeseries_processing.py:180 -     Make a list of bands to merge
2025-09-02 16:13:52,204 - INFO - timeseries_processing.py:184 -     Merge on intersection
2025-09-02 16:13:52,205 - INFO - timeseries_processing.py:192 -     Apply masks on clouds, shadows, thin cirrus, and snow/ice
2025-09-02 16:13:52,206 - INFO - sentinel2.py:122 -                Masking bits: [3, 7, 8, 9, 10, 11]
2025-09-02 16:13:53,728 - INFO - timeseries_processing.py:115 -                                  
2025-09-02 16:13:53,730 - INFO - timeseries_processing.py:116 - Loading bands of diferent resolutions in EPSG:32635
2025-09-02 16:13:53,731 - INFO - timeseries_processing.py:120 -     Filtering items with native UTM EPSG:32635
2025-09-02 16:13:53,731 - INFO - timeseries_processing.py:122 -     6 Items in EPSG:32635
2025-09-02 16:13:53,731 - INFO - timeseries_processing.py:129 -                        
2025-09-02 16:13:53,731 - INFO - timeseries_processing.py:130 -     Loading parameters:
2025-09-02 16:13:53,731 - INFO - timeseries_processing.py:131 -         Bands: ['B05', 'B07', 'B8A', 'SCL']
2025-09-02 16:13:53,731 - INFO - timeseries_processing.py:132 -         Spatial resolution: 20
2025-09-02 16:13:53,731 - INFO - timeseries_processing.py:134 -         Get Assets from STAC Items
2025-09-02 16:13:53,731 - INFO - timeseries_processing.py:47 -         Initialize the STAC client
2025-09-02 16:13:54,242 - INFO - timeseries_processing.py:137 -         Loading 6 STAC Items....
2025-09-02 16:14:21,139 - INFO - timeseries_processing.py:146 -         Cube has been downloaded
2025-09-02 16:14:21,139 - INFO - timeseries_processing.py:156 -         Fix order of dimensions
2025-09-02 16:14:21,141 - INFO - timeseries_processing.py:161 -         Append bands to the band-list of EPSG:32635
2025-09-02 16:14:21,141 - INFO - timeseries_processing.py:129 -                        
2025-09-02 16:14:21,141 - INFO - timeseries_processing.py:130 -     Loading parameters:
2025-09-02 16:14:21,141 - INFO - timeseries_processing.py:131 -         Bands: ['B02', 'B03', 'B04']
2025-09-02 16:14:21,141 - INFO - timeseries_processing.py:132 -         Spatial resolution: 10
2025-09-02 16:14:21,141 - INFO - timeseries_processing.py:134 -         Get Assets from STAC Items
2025-09-02 16:14:21,141 - INFO - timeseries_processing.py:47 -         Initialize the STAC client
2025-09-02 16:14:21,610 - INFO - timeseries_processing.py:137 -         Loading 6 STAC Items....
2025-09-02 16:15:18,699 - INFO - timeseries_processing.py:146 -         Cube has been downloaded
2025-09-02 16:15:18,699 - INFO - timeseries_processing.py:149 -         Reproject to downsample 10m bands to 20m by Resampling.average 2x2 binning and shape matching with odc.geo.GeoBox
2025-09-02 16:15:26,633 - INFO - timeseries_processing.py:161 -         Append bands to the band-list of EPSG:32635
2025-09-02 16:15:26,633 - INFO - timeseries_processing.py:165 -                        
2025-09-02 16:15:26,633 - INFO - timeseries_processing.py:166 -     Merging bands in a single dataset
2025-09-02 16:15:26,633 - INFO - timeseries_processing.py:167 -     Ensure all partial datasets are at (x=20, y=-20) resolution
2025-09-02 16:15:26,634 - INFO - timeseries_processing.py:171 -     Clip to the intersection of indexes
2025-09-02 16:15:26,635 - INFO - timeseries_processing.py:180 -     Make a list of bands to merge
2025-09-02 16:15:26,635 - INFO - timeseries_processing.py:184 -     Merge on intersection
2025-09-02 16:15:26,636 - INFO - timeseries_processing.py:192 -     Apply masks on clouds, shadows, thin cirrus, and snow/ice
2025-09-02 16:15:26,637 - INFO - sentinel2.py:122 -                Masking bits: [3, 7, 8, 9, 10, 11]
2025-09-02 16:15:27,481 - INFO - composites.py:307 - Reproject from UTM Zone to Tile geometry -> CRS(EPSG:32635), Resampling.bilinear
2025-09-02 16:15:40,688 - INFO - composites.py:310 -     New shape of datasets: Shape2d(x=2400, y=2400)
2025-09-02 16:15:41,172 - INFO - composites.py:315 -                           
2025-09-02 16:15:41,191 - INFO - composites.py:316 - Mosaic datasets to a single dataset
2025-09-02 16:15:51,794 - INFO - composites.py:329 - Scale SR to Sen2Cor Baseline 4.00 - Subtract 1000 in dates post 2022-01-25
2025-09-02 16:15:53,806 - INFO - composites.py:342 - Creating preview plot of input scenes
2025-09-02 16:16:30,520 - INFO - timeseries_processing.py:349 - Saved preview for 'B04' to //nas-rs.topo.auth.gr/Latomeia/DROUGHT/composites/x11/y11/2024/10/01/S2L2A_medcomp_x11y11_202410_InDataPreview.jpeg
2025-09-02 16:16:30,540 - INFO - composites.py:348 - Clip value range
2025-09-02 16:16:32,820 - INFO - composites.py:353 -                           
2025-09-02 16:16:32,822 - INFO - composites.py:354 - Computing spectral indices:
2025-09-02 16:16:32,822 - INFO - composites.py:357 -     EVI...
2025-09-02 16:16:34,183 - INFO - composites.py:359 -     NDVI...
2025-09-02 16:16:34,666 - INFO - composites.py:361 -     PSRI2...
2025-09-02 16:16:35,015 - INFO - composites.py:364 - Clip to typical value range
2025-09-02 16:16:35,422 - INFO - composites.py:371 - Reducing to median value temporal composite
2025-09-02 16:17:05,600 - INFO - composites.py:390 - Scale and Define data types & nodata per band
2025-09-02 16:17:05,744 - INFO - composites.py:411 - Assign time range and tile ID in metadata
2025-09-02 16:17:05,744 - INFO - composites.py:419 - Write bands to raster COG files
2025-09-02 16:17:09,809 - INFO - composites.py:432 - Write B02 -> //nas-rs.topo.auth.gr/Latomeia/DROUGHT/composites/x11/y11/2024/10/01/S2L2A_medcomp_x11y11_202410_B02.tif
2025-09-02 16:17:13,877 - INFO - composites.py:432 - Write B03 -> //nas-rs.topo.auth.gr/Latomeia/DROUGHT/composites/x11/y11/2024/10/01/S2L2A_medcomp_x11y11_202410_B03.tif
2025-09-02 16:17:17,991 - INFO - composites.py:432 - Write B04 -> //nas-rs.topo.auth.gr/Latomeia/DROUGHT/composites/x11/y11/2024/10/01/S2L2A_medcomp_x11y11_202410_B04.tif
2025-09-02 16:17:22,136 - INFO - composites.py:432 - Write B05 -> //nas-rs.topo.auth.gr/Latomeia/DROUGHT/composites/x11/y11/2024/10/01/S2L2A_medcomp_x11y11_202410_B05.tif
2025-09-02 16:17:26,219 - INFO - composites.py:432 - Write B07 -> //nas-rs.topo.auth.gr/Latomeia/DROUGHT/composites/x11/y11/2024/10/01/S2L2A_medcomp_x11y11_202410_B07.tif
2025-09-02 16:17:30,365 - INFO - composites.py:432 - Write B8A -> //nas-rs.topo.auth.gr/Latomeia/DROUGHT/composites/x11/y11/2024/10/01/S2L2A_medcomp_x11y11_202410_B8A.tif
2025-09-02 16:17:34,334 - INFO - composites.py:432 - Write EVI -> //nas-rs.topo.auth.gr/Latomeia/DROUGHT/composites/x11/y11/2024/10/01/S2L2A_medcomp_x11y11_202410_EVI.tif
2025-09-02 16:17:38,429 - INFO - composites.py:432 - Write NDVI -> //nas-rs.topo.auth.gr/Latomeia/DROUGHT/composites/x11/y11/2024/10/01/S2L2A_medcomp_x11y11_202410_NDVI.tif
2025-09-02 16:17:42,421 - INFO - composites.py:432 - Write PSRI2 -> //nas-rs.topo.auth.gr/Latomeia/DROUGHT/composites/x11/y11/2024/10/01/S2L2A_medcomp_x11y11_202410_PSRI2.tif
2025-09-02 16:17:42,421 - INFO - composites.py:436 - Prepare metadata YAML document
2025-09-02 16:17:42,966 - INFO - composites.py:458 - Write metadata YAML document to disk
2025-09-02 16:17:43,034 - INFO - composites.py:463 - Create datacube.model.Dataset from eo3 metadata
2025-09-02 16:17:43,046 - INFO - composites.py:476 - Index to datacube
2025-09-02 16:17:43,047 - INFO - _datasets.py:191 - Indexing dba9d88d-38d4-43ef-9aa2-ac5f96fa897e
2025-09-02 16:17:43,059 - INFO - composites.py:479 - 
2025-09-02 16:17:43,059 - INFO - composites.py:480 -              ✔✔✔ COMPLETED: Tile x11_y11 | Time: 2024-10 | In 9.88 minutes
2025-09-02 16:17:43,059 - INFO - composites.py:481 - 
2025-09-02 16:17:43,059 - INFO - composites.py:489 - Closing Dask client
2025-09-02 16:17:43,061 - INFO - composites.py:493 - Closing Dask cluster
2025-09-02 16:17:43,061 - INFO - composites.py:494 - #######################################################################
