2025-12-01 05:59:28,717 - INFO - composites.py:102 - #######################################################################
2025-12-01 05:59:28,717 - INFO - composites.py:104 - Processing started
2025-12-01 05:59:28,717 - INFO - composites.py:105 -         Tile: x07_y11
2025-12-01 05:59:28,717 - INFO - composites.py:106 -         Time: 2024-03
2025-12-01 05:59:28,717 - INFO - composites.py:109 -                           
2025-12-01 05:59:28,717 - INFO - composites.py:110 - Establishing connection to datacube
2025-12-01 05:59:29,264 - INFO - composites.py:113 -                           
2025-12-01 05:59:29,264 - INFO - composites.py:114 - Sanity test: Check if dataset already exists in the datacube
2025-12-01 05:59:29,286 - INFO - composites.py:133 - The composite requested was not found and it will be computed
2025-12-01 05:59:29,286 - INFO - composites.py:136 -                                  
2025-12-01 05:59:29,286 - INFO - composites.py:137 - Initializing Dask cluster for parallelization
2025-12-01 05:59:34,277 - INFO - composites.py:161 - Dask dashboard is available at: http://127.0.0.1:8787/status
2025-12-01 05:59:34,281 - INFO - composites.py:164 - Create directories and naming conversions
2025-12-01 05:59:34,293 - INFO - composites.py:177 - Dataset location: //nas-rs.topo.auth.gr/Latomeia/DROUGHT/composites/x07/y11/2024/03/01
2025-12-01 05:59:34,293 - INFO - composites.py:180 -                           
2025-12-01 05:59:34,293 - INFO - composites.py:181 - Retrieve tile geometry
2025-12-01 05:59:34,326 - INFO - composites.py:192 - Create the Bounding Box (φ,λ)
2025-12-01 05:59:34,326 - INFO - composites.py:198 - Create the Bounding Box (x,y)
2025-12-01 05:59:34,326 - INFO - composites.py:211 -                           
2025-12-01 05:59:34,326 - INFO - composites.py:212 - Connect to Planetary Computer STAC Catalog
2025-12-01 05:59:34,643 - INFO - composites.py:220 - Search the STAC Catalog
2025-12-01 05:59:34,711 - INFO - composites.py:232 -         Query parameters:
2025-12-01 05:59:34,711 - INFO - composites.py:233 -             url:          https://planetarycomputer.microsoft.com/api/stac/v1/search
2025-12-01 05:59:34,711 - INFO - composites.py:234 -             client:       microsoft-pc
2025-12-01 05:59:34,711 - INFO - composites.py:235 -             collection:   sentinel-2-l2a
2025-12-01 05:59:34,711 - INFO - composites.py:236 -             bbox:         (20.928573606105775, 38.35819969704171, 21.59502923200265, 38.902149455513275)
2025-12-01 05:59:34,711 - INFO - composites.py:237 -             time range:   2024-03-01T00:00:00Z/2024-03-31T23:59:59Z
2025-12-01 05:59:34,711 - INFO - composites.py:238 -             cloud cover:  0% - 70%
2025-12-01 05:59:34,711 - INFO - composites.py:239 -             nodata cover: 0% - 33%
2025-12-01 05:59:34,711 - INFO - composites.py:241 -                           
2025-12-01 05:59:34,711 - INFO - composites.py:242 - Searching...
2025-12-01 05:59:35,164 - INFO - composites.py:245 - Query found 25 items
2025-12-01 05:59:35,164 - INFO - composites.py:247 - Searching for GRI REFINED scenes:
2025-12-01 05:59:41,418 - INFO - sentinel2.py:78 - 1/25 - S2B_MSIL2A_20240331T092549_R136_T34SDJ_20240331T125932 -> REFINED
2025-12-01 05:59:47,116 - INFO - sentinel2.py:78 - 2/25 - S2B_MSIL2A_20240331T092549_R136_T34SDH_20240331T125747 -> REFINED
2025-12-01 05:59:52,777 - INFO - sentinel2.py:78 - 3/25 - S2B_MSIL2A_20240328T091559_R093_T34SEJ_20240330T044927 -> REFINED
2025-12-01 05:59:58,945 - INFO - sentinel2.py:78 - 4/25 - S2B_MSIL2A_20240328T091559_R093_T34SEH_20240330T044537 -> REFINED
2025-12-01 06:00:05,258 - INFO - sentinel2.py:78 - 5/25 - S2B_MSIL2A_20240328T091559_R093_T34SDH_20240330T044208 -> REFINED
2025-12-01 06:00:10,363 - INFO - sentinel2.py:78 - 6/25 - S2A_MSIL2A_20240323T092031_R093_T34SEJ_20240323T141753 -> REFINED
2025-12-01 06:00:15,450 - INFO - sentinel2.py:78 - 7/25 - S2A_MSIL2A_20240323T092031_R093_T34SEH_20240323T141747 -> REFINED
2025-12-01 06:00:21,224 - INFO - sentinel2.py:78 - 8/25 - S2A_MSIL2A_20240323T092031_R093_T34SDH_20240323T141738 -> REFINED
2025-12-01 06:00:26,159 - INFO - sentinel2.py:78 - 9/25 - S2B_MSIL2A_20240321T092649_R136_T34SDJ_20240321T134250 -> REFINED
2025-12-01 06:00:31,660 - INFO - sentinel2.py:78 - 10/25 - S2B_MSIL2A_20240321T092649_R136_T34SDH_20240321T134306 -> REFINED
2025-12-01 06:00:37,624 - INFO - sentinel2.py:78 - 11/25 - S2B_MSIL2A_20240318T091659_R093_T34SEJ_20240318T144527 -> REFINED
2025-12-01 06:00:44,688 - INFO - sentinel2.py:78 - 12/25 - S2B_MSIL2A_20240318T091659_R093_T34SEH_20240318T141613 -> REFINED
2025-12-01 06:00:50,313 - INFO - sentinel2.py:78 - 13/25 - S2B_MSIL2A_20240318T091659_R093_T34SDH_20240318T131509 -> REFINED
2025-12-01 06:00:56,001 - INFO - sentinel2.py:78 - 14/25 - S2A_MSIL2A_20240316T093031_R136_T34SDJ_20240316T143453 -> REFINED
2025-12-01 06:01:01,783 - INFO - sentinel2.py:78 - 15/25 - S2A_MSIL2A_20240316T093031_R136_T34SDH_20240316T143510 -> REFINED
2025-12-01 06:01:07,360 - INFO - sentinel2.py:78 - 16/25 - S2A_MSIL2A_20240313T092031_R093_T34SEJ_20240313T193704 -> REFINED
2025-12-01 06:01:13,826 - INFO - sentinel2.py:78 - 17/25 - S2A_MSIL2A_20240313T092031_R093_T34SEH_20240313T232303 -> REFINED
2025-12-01 06:01:21,345 - INFO - sentinel2.py:78 - 18/25 - S2A_MSIL2A_20240313T092031_R093_T34SDH_20240313T222829 -> REFINED
2025-12-01 06:01:27,139 - INFO - sentinel2.py:78 - 19/25 - S2B_MSIL2A_20240308T091719_R093_T34SEJ_20240308T141010 -> REFINED
2025-12-01 06:01:32,129 - INFO - sentinel2.py:78 - 20/25 - S2B_MSIL2A_20240308T091719_R093_T34SEH_20240308T141009 -> REFINED
2025-12-01 06:01:37,370 - INFO - sentinel2.py:78 - 21/25 - S2B_MSIL2A_20240308T091719_R093_T34SDH_20240308T141000 -> REFINED
2025-12-01 06:01:43,561 - INFO - sentinel2.py:78 - 22/25 - S2A_MSIL2A_20240306T093031_R136_T34SDJ_20240306T142900 -> REFINED
2025-12-01 06:01:49,568 - INFO - sentinel2.py:78 - 23/25 - S2A_MSIL2A_20240306T093031_R136_T34SDH_20240306T140815 -> REFINED
2025-12-01 06:01:55,210 - INFO - sentinel2.py:78 - 24/25 - S2A_MSIL2A_20240303T092031_R093_T34SEJ_20240303T164315 -> REFINED
2025-12-01 06:02:00,825 - INFO - sentinel2.py:78 - 25/25 - S2A_MSIL2A_20240303T092031_R093_T34SEH_20240303T164120 -> REFINED
2025-12-01 06:02:00,872 - INFO - composites.py:250 -                                  
2025-12-01 06:02:00,873 - INFO - composites.py:251 - 25/25 were refined by GRI.
2025-12-01 06:02:00,873 - INFO - composites.py:263 - Looking for up to 7 cleanest images within spatiotemporal range of each MGRS tile
2025-12-01 06:02:00,873 - INFO - composites.py:277 - Filtered cleanest scenes: Kept 23 out of 25 items. 
2025-12-01 06:02:00,874 - INFO - composites.py:278 -         Included MGRS Tiles: ['34SDH' '34SDJ' '34SEH' '34SEJ']
2025-12-01 06:02:00,874 - INFO - composites.py:279 -         Included EPSG codes: [32634]
2025-12-01 06:02:00,874 - INFO - composites.py:281 - Selected scenes:
2025-12-01 06:02:00,875 - INFO - composites.py:283 -         S2B_MSIL2A_20240328T091559_R093_T34SDH_20240330T044208
2025-12-01 06:02:00,875 - INFO - composites.py:283 -         S2A_MSIL2A_20240323T092031_R093_T34SDH_20240323T141738
2025-12-01 06:02:00,875 - INFO - composites.py:283 -         S2B_MSIL2A_20240308T091719_R093_T34SDH_20240308T141000
2025-12-01 06:02:00,875 - INFO - composites.py:283 -         S2B_MSIL2A_20240321T092649_R136_T34SDH_20240321T134306
2025-12-01 06:02:00,875 - INFO - composites.py:283 -         S2A_MSIL2A_20240306T093031_R136_T34SDH_20240306T140815
2025-12-01 06:02:00,875 - INFO - composites.py:283 -         S2A_MSIL2A_20240316T093031_R136_T34SDH_20240316T143510
2025-12-01 06:02:00,876 - INFO - composites.py:283 -         S2B_MSIL2A_20240318T091659_R093_T34SDH_20240318T131509
2025-12-01 06:02:00,876 - INFO - composites.py:283 -         S2B_MSIL2A_20240321T092649_R136_T34SDJ_20240321T134250
2025-12-01 06:02:00,876 - INFO - composites.py:283 -         S2B_MSIL2A_20240331T092549_R136_T34SDJ_20240331T125932
2025-12-01 06:02:00,876 - INFO - composites.py:283 -         S2A_MSIL2A_20240306T093031_R136_T34SDJ_20240306T142900
2025-12-01 06:02:00,892 - INFO - composites.py:283 -         S2A_MSIL2A_20240316T093031_R136_T34SDJ_20240316T143453
2025-12-01 06:02:00,913 - INFO - composites.py:283 -         S2B_MSIL2A_20240308T091719_R093_T34SEH_20240308T141009
2025-12-01 06:02:00,919 - INFO - composites.py:283 -         S2A_MSIL2A_20240323T092031_R093_T34SEH_20240323T141747
2025-12-01 06:02:00,920 - INFO - composites.py:283 -         S2B_MSIL2A_20240328T091559_R093_T34SEH_20240330T044537
2025-12-01 06:02:00,920 - INFO - composites.py:283 -         S2B_MSIL2A_20240318T091659_R093_T34SEH_20240318T141613
2025-12-01 06:02:00,920 - INFO - composites.py:283 -         S2A_MSIL2A_20240303T092031_R093_T34SEH_20240303T164120
2025-12-01 06:02:00,920 - INFO - composites.py:283 -         S2A_MSIL2A_20240313T092031_R093_T34SEH_20240313T232303
2025-12-01 06:02:00,920 - INFO - composites.py:283 -         S2B_MSIL2A_20240308T091719_R093_T34SEJ_20240308T141010
2025-12-01 06:02:00,920 - INFO - composites.py:283 -         S2A_MSIL2A_20240323T092031_R093_T34SEJ_20240323T141753
2025-12-01 06:02:00,920 - INFO - composites.py:283 -         S2A_MSIL2A_20240303T092031_R093_T34SEJ_20240303T164315
2025-12-01 06:02:00,920 - INFO - composites.py:283 -         S2B_MSIL2A_20240328T091559_R093_T34SEJ_20240330T044927
2025-12-01 06:02:00,920 - INFO - composites.py:283 -         S2B_MSIL2A_20240318T091659_R093_T34SEJ_20240318T144527
2025-12-01 06:02:00,920 - INFO - composites.py:283 -         S2A_MSIL2A_20240313T092031_R093_T34SEJ_20240313T193704
2025-12-01 06:02:01,393 - INFO - sentinel2.py:154 - Matplotlib backend: Agg
2025-12-01 06:02:01,597 - INFO - sentinel2.py:224 - Write input scenes footprint overlay: //nas-rs.topo.auth.gr/Latomeia/DROUGHT/composites/x07/y11/2024/03/01/S2L2A_medcomp_x07y11_202403_InDataFootprint.jpeg
2025-12-01 06:02:01,861 - INFO - composites.py:297 -                                  
2025-12-01 06:02:01,863 - INFO - composites.py:298 - Downstream STAC items from Planetary Computer
2025-12-01 06:02:01,863 - INFO - timeseries_processing.py:115 -                                  
2025-12-01 06:02:01,863 - INFO - timeseries_processing.py:116 - Loading bands of diferent resolutions in EPSG:32634
2025-12-01 06:02:01,863 - INFO - timeseries_processing.py:120 -     Filtering items with native UTM EPSG:32634
2025-12-01 06:02:01,863 - INFO - timeseries_processing.py:122 -     23 Items in EPSG:32634
2025-12-01 06:02:01,863 - INFO - timeseries_processing.py:129 -                        
2025-12-01 06:02:01,863 - INFO - timeseries_processing.py:130 -     Loading parameters:
2025-12-01 06:02:01,863 - INFO - timeseries_processing.py:131 -         Bands: ['B05', 'B07', 'B8A', 'SCL']
2025-12-01 06:02:01,863 - INFO - timeseries_processing.py:132 -         Spatial resolution: 20
2025-12-01 06:02:01,863 - INFO - timeseries_processing.py:134 -         Get Assets from STAC Items
2025-12-01 06:02:01,863 - INFO - timeseries_processing.py:47 -         Initialize the STAC client
2025-12-01 06:02:02,612 - INFO - timeseries_processing.py:137 -         Loading 23 STAC Items....
2025-12-01 06:03:43,230 - INFO - timeseries_processing.py:146 -         Cube has been downloaded
2025-12-01 06:03:43,230 - INFO - timeseries_processing.py:156 -         Fix order of dimensions
2025-12-01 06:03:43,243 - INFO - timeseries_processing.py:161 -         Append bands to the band-list of EPSG:32634
2025-12-01 06:03:43,259 - INFO - timeseries_processing.py:129 -                        
2025-12-01 06:03:43,264 - INFO - timeseries_processing.py:130 -     Loading parameters:
2025-12-01 06:03:43,264 - INFO - timeseries_processing.py:131 -         Bands: ['B02', 'B03', 'B04']
2025-12-01 06:03:43,264 - INFO - timeseries_processing.py:132 -         Spatial resolution: 10
2025-12-01 06:03:43,272 - INFO - timeseries_processing.py:134 -         Get Assets from STAC Items
2025-12-01 06:03:43,272 - INFO - timeseries_processing.py:47 -         Initialize the STAC client
2025-12-01 06:03:44,113 - INFO - timeseries_processing.py:137 -         Loading 23 STAC Items....
2025-12-01 06:07:29,899 - INFO - timeseries_processing.py:146 -         Cube has been downloaded
2025-12-01 06:07:29,899 - INFO - timeseries_processing.py:149 -         Reproject to downsample 10m bands to 20m by Resampling.average 2x2 binning and shape matching with odc.geo.GeoBox
2025-12-01 06:07:43,105 - INFO - timeseries_processing.py:161 -         Append bands to the band-list of EPSG:32634
2025-12-01 06:07:43,105 - INFO - timeseries_processing.py:165 -                        
2025-12-01 06:07:43,106 - INFO - timeseries_processing.py:166 -     Merging bands in a single dataset
2025-12-01 06:07:43,106 - INFO - timeseries_processing.py:167 -     Ensure all partial datasets are at (x=20, y=-20) resolution
2025-12-01 06:07:43,107 - INFO - timeseries_processing.py:171 -     Clip to the intersection of indexes
2025-12-01 06:07:44,119 - INFO - timeseries_processing.py:180 -     Make a list of bands to merge
2025-12-01 06:07:44,120 - INFO - timeseries_processing.py:184 -     Merge on intersection
2025-12-01 06:07:44,120 - INFO - timeseries_processing.py:192 -     Apply masks on clouds, shadows, thin cirrus, and snow/ice
2025-12-01 06:07:44,120 - INFO - sentinel2.py:122 -                Masking bits: [3, 7, 8, 9, 10, 11]
2025-12-01 06:07:45,309 - INFO - composites.py:307 - Reproject from UTM Zone to Tile geometry -> CRS(EPSG:32634), Resampling.bilinear
2025-12-01 06:07:52,109 - INFO - composites.py:310 -     New shape of datasets: Shape2d(x=2400, y=2400)
2025-12-01 06:07:53,001 - INFO - composites.py:329 - Scale SR to Sen2Cor Baseline 4.00 - Subtract 1000 in dates post 2022-01-25
2025-12-01 06:07:54,789 - INFO - composites.py:342 - Creating preview plot of input scenes
2025-12-01 06:08:28,568 - INFO - timeseries_processing.py:349 - Saved preview for 'B04' to //nas-rs.topo.auth.gr/Latomeia/DROUGHT/composites/x07/y11/2024/03/01/S2L2A_medcomp_x07y11_202403_InDataPreview.jpeg
2025-12-01 06:08:28,574 - INFO - composites.py:348 - Clip value range
2025-12-01 06:08:30,570 - INFO - composites.py:353 -                           
2025-12-01 06:08:30,570 - INFO - composites.py:354 - Computing spectral indices:
2025-12-01 06:08:30,570 - INFO - composites.py:357 -     EVI...
2025-12-01 06:08:31,758 - INFO - composites.py:359 -     NDVI...
2025-12-01 06:08:32,190 - INFO - composites.py:361 -     PSRI2...
2025-12-01 06:08:32,512 - INFO - composites.py:364 - Clip to typical value range
2025-12-01 06:08:32,877 - INFO - composites.py:371 - Reducing to median value temporal composite
2025-12-01 06:09:03,093 - INFO - composites.py:390 - Scale and Define data types & nodata per band
2025-12-01 06:09:03,292 - INFO - composites.py:411 - Assign time range and tile ID in metadata
2025-12-01 06:09:03,293 - INFO - composites.py:419 - Write bands to raster COG files
2025-12-01 06:09:07,247 - INFO - composites.py:432 - Write B02 -> //nas-rs.topo.auth.gr/Latomeia/DROUGHT/composites/x07/y11/2024/03/01/S2L2A_medcomp_x07y11_202403_B02.tif
2025-12-01 06:09:11,121 - INFO - composites.py:432 - Write B03 -> //nas-rs.topo.auth.gr/Latomeia/DROUGHT/composites/x07/y11/2024/03/01/S2L2A_medcomp_x07y11_202403_B03.tif
2025-12-01 06:09:14,981 - INFO - composites.py:432 - Write B04 -> //nas-rs.topo.auth.gr/Latomeia/DROUGHT/composites/x07/y11/2024/03/01/S2L2A_medcomp_x07y11_202403_B04.tif
2025-12-01 06:09:18,903 - INFO - composites.py:432 - Write B05 -> //nas-rs.topo.auth.gr/Latomeia/DROUGHT/composites/x07/y11/2024/03/01/S2L2A_medcomp_x07y11_202403_B05.tif
2025-12-01 06:09:22,790 - INFO - composites.py:432 - Write B07 -> //nas-rs.topo.auth.gr/Latomeia/DROUGHT/composites/x07/y11/2024/03/01/S2L2A_medcomp_x07y11_202403_B07.tif
2025-12-01 06:09:26,686 - INFO - composites.py:432 - Write B8A -> //nas-rs.topo.auth.gr/Latomeia/DROUGHT/composites/x07/y11/2024/03/01/S2L2A_medcomp_x07y11_202403_B8A.tif
2025-12-01 06:09:30,553 - INFO - composites.py:432 - Write EVI -> //nas-rs.topo.auth.gr/Latomeia/DROUGHT/composites/x07/y11/2024/03/01/S2L2A_medcomp_x07y11_202403_EVI.tif
2025-12-01 06:09:34,466 - INFO - composites.py:432 - Write NDVI -> //nas-rs.topo.auth.gr/Latomeia/DROUGHT/composites/x07/y11/2024/03/01/S2L2A_medcomp_x07y11_202403_NDVI.tif
2025-12-01 06:09:38,261 - INFO - composites.py:432 - Write PSRI2 -> //nas-rs.topo.auth.gr/Latomeia/DROUGHT/composites/x07/y11/2024/03/01/S2L2A_medcomp_x07y11_202403_PSRI2.tif
2025-12-01 06:09:38,262 - INFO - composites.py:436 - Prepare metadata YAML document
2025-12-01 06:09:38,807 - INFO - composites.py:458 - Write metadata YAML document to disk
2025-12-01 06:09:38,870 - INFO - composites.py:463 - Create datacube.model.Dataset from eo3 metadata
2025-12-01 06:09:38,882 - INFO - composites.py:476 - Index to datacube
2025-12-01 06:09:38,882 - INFO - _datasets.py:191 - Indexing f2a9523e-3b95-4d5f-966b-a1bff16592cf
2025-12-01 06:09:38,891 - INFO - composites.py:479 - 
2025-12-01 06:09:38,891 - INFO - composites.py:480 -              ✔✔✔ COMPLETED: Tile x07_y11 | Time: 2024-03 | In 10.17 minutes
2025-12-01 06:09:38,891 - INFO - composites.py:481 - 
2025-12-01 06:09:38,891 - INFO - composites.py:489 - Closing Dask client
2025-12-01 06:09:38,893 - INFO - composites.py:493 - Closing Dask cluster
2025-12-01 06:09:38,893 - INFO - composites.py:494 - #######################################################################
