2025-12-01 13:42:58,418 - INFO - composites.py:102 - #######################################################################
2025-12-01 13:42:58,418 - INFO - composites.py:104 - Processing started
2025-12-01 13:42:58,418 - INFO - composites.py:105 -         Tile: x08_y12
2025-12-01 13:42:58,418 - INFO - composites.py:106 -         Time: 2025-10
2025-12-01 13:42:58,418 - INFO - composites.py:109 -                           
2025-12-01 13:42:58,418 - INFO - composites.py:110 - Establishing connection to datacube
2025-12-01 13:42:59,032 - INFO - composites.py:113 -                           
2025-12-01 13:42:59,032 - INFO - composites.py:114 - Sanity test: Check if dataset already exists in the datacube
2025-12-01 13:42:59,054 - INFO - composites.py:133 - The composite requested was not found and it will be computed
2025-12-01 13:42:59,054 - INFO - composites.py:136 -                                  
2025-12-01 13:42:59,054 - INFO - composites.py:137 - Initializing Dask cluster for parallelization
2025-12-01 13:43:04,354 - INFO - composites.py:161 - Dask dashboard is available at: http://127.0.0.1:8787/status
2025-12-01 13:43:04,354 - INFO - composites.py:164 - Create directories and naming conversions
2025-12-01 13:43:04,364 - INFO - composites.py:177 - Dataset location: //nas-rs.topo.auth.gr/Latomeia/DROUGHT/composites/x08/y12/2025/10/01
2025-12-01 13:43:04,364 - INFO - composites.py:180 -                           
2025-12-01 13:43:04,364 - INFO - composites.py:181 - Retrieve tile geometry
2025-12-01 13:43:04,398 - INFO - composites.py:192 - Create the Bounding Box (φ,λ)
2025-12-01 13:43:04,398 - INFO - composites.py:198 - Create the Bounding Box (x,y)
2025-12-01 13:43:04,398 - INFO - composites.py:211 -                           
2025-12-01 13:43:04,398 - INFO - composites.py:212 - Connect to Planetary Computer STAC Catalog
2025-12-01 13:43:04,675 - INFO - composites.py:220 - Search the STAC Catalog
2025-12-01 13:43:04,774 - INFO - composites.py:232 -         Query parameters:
2025-12-01 13:43:04,780 - INFO - composites.py:233 -             url:          https://planetarycomputer.microsoft.com/api/stac/v1/search
2025-12-01 13:43:04,781 - INFO - composites.py:234 -             client:       microsoft-pc
2025-12-01 13:43:04,781 - INFO - composites.py:235 -             collection:   sentinel-2-l2a
2025-12-01 13:43:04,781 - INFO - composites.py:236 -             bbox:         (21.54502923200265, 38.72053801140399, 22.218704170873913, 39.26725432685642)
2025-12-01 13:43:04,781 - INFO - composites.py:237 -             time range:   2025-10-01T00:00:00Z/2025-10-31T23:59:59Z
2025-12-01 13:43:04,781 - INFO - composites.py:238 -             cloud cover:  0% - 70%
2025-12-01 13:43:04,781 - INFO - composites.py:239 -             nodata cover: 0% - 33%
2025-12-01 13:43:04,781 - INFO - composites.py:241 -                           
2025-12-01 13:43:04,781 - INFO - composites.py:242 - Searching...
2025-12-01 13:43:05,224 - INFO - composites.py:245 - Query found 15 items
2025-12-01 13:43:05,224 - INFO - composites.py:247 - Searching for GRI REFINED scenes:
2025-12-01 13:43:11,667 - INFO - sentinel2.py:78 - 1/15 - S2B_MSIL2A_20251029T092029_R093_T34SFJ_20251029T133457 -> REFINED
2025-12-01 13:43:17,806 - INFO - sentinel2.py:78 - 2/15 - S2B_MSIL2A_20251029T092029_R093_T34SFH_20251029T133457 -> REFINED
2025-12-01 13:43:23,228 - INFO - sentinel2.py:78 - 3/15 - S2B_MSIL2A_20251029T092029_R093_T34SEJ_20251029T133457 -> REFINED
2025-12-01 13:43:28,342 - INFO - sentinel2.py:78 - 4/15 - S2B_MSIL2A_20251029T092029_R093_T34SEH_20251029T133457 -> REFINED
2025-12-01 13:43:34,222 - INFO - sentinel2.py:78 - 5/15 - S2C_MSIL2A_20251024T092051_R093_T34SFJ_20251024T130616 -> REFINED
2025-12-01 13:43:40,518 - INFO - sentinel2.py:78 - 6/15 - S2C_MSIL2A_20251024T092051_R093_T34SEJ_20251024T130616 -> REFINED
2025-12-01 13:43:46,798 - INFO - sentinel2.py:78 - 7/15 - S2C_MSIL2A_20251014T092041_R093_T34SFJ_20251014T130814 -> REFINED
2025-12-01 13:43:52,630 - INFO - sentinel2.py:78 - 8/15 - S2C_MSIL2A_20251014T092041_R093_T34SEJ_20251014T130814 -> REFINED
2025-12-01 13:43:58,898 - INFO - sentinel2.py:78 - 9/15 - S2B_MSIL2A_20251009T092029_R093_T34SFJ_20251009T121211 -> REFINED
2025-12-01 13:44:05,243 - INFO - sentinel2.py:78 - 10/15 - S2B_MSIL2A_20251009T092029_R093_T34SFH_20251009T121211 -> REFINED
2025-12-01 13:44:10,313 - INFO - sentinel2.py:78 - 11/15 - S2B_MSIL2A_20251009T092029_R093_T34SEJ_20251009T121211 -> REFINED
2025-12-01 13:44:16,093 - INFO - sentinel2.py:78 - 12/15 - S2B_MSIL2A_20251009T092029_R093_T34SEH_20251009T121211 -> REFINED
2025-12-01 13:44:21,267 - INFO - sentinel2.py:78 - 13/15 - S2C_MSIL2A_20251004T092041_R093_T34SFJ_20251004T130417 -> REFINED
2025-12-01 13:44:26,772 - INFO - sentinel2.py:78 - 14/15 - S2C_MSIL2A_20251004T092041_R093_T34SFH_20251004T130417 -> REFINED
2025-12-01 13:44:32,862 - INFO - sentinel2.py:78 - 15/15 - S2C_MSIL2A_20251004T092041_R093_T34SEJ_20251004T130417 -> REFINED
2025-12-01 13:44:32,918 - INFO - composites.py:250 -                                  
2025-12-01 13:44:32,919 - INFO - composites.py:251 - 15/15 were refined by GRI.
2025-12-01 13:44:32,919 - INFO - composites.py:263 - Looking for up to 7 cleanest images within spatiotemporal range of each MGRS tile
2025-12-01 13:44:32,919 - INFO - composites.py:277 - Filtered cleanest scenes: Kept 15 out of 15 items. 
2025-12-01 13:44:32,920 - INFO - composites.py:278 -         Included MGRS Tiles: ['34SEH' '34SEJ' '34SFH' '34SFJ']
2025-12-01 13:44:32,920 - INFO - composites.py:279 -         Included EPSG codes: [32634]
2025-12-01 13:44:32,920 - INFO - composites.py:281 - Selected scenes:
2025-12-01 13:44:32,920 - INFO - composites.py:283 -         S2B_MSIL2A_20251009T092029_R093_T34SEH_20251009T121211
2025-12-01 13:44:32,921 - INFO - composites.py:283 -         S2B_MSIL2A_20251029T092029_R093_T34SEH_20251029T133457
2025-12-01 13:44:32,922 - INFO - composites.py:283 -         S2B_MSIL2A_20251009T092029_R093_T34SEJ_20251009T121211
2025-12-01 13:44:32,922 - INFO - composites.py:283 -         S2B_MSIL2A_20251029T092029_R093_T34SEJ_20251029T133457
2025-12-01 13:44:32,936 - INFO - composites.py:283 -         S2C_MSIL2A_20251014T092041_R093_T34SEJ_20251014T130814
2025-12-01 13:44:32,936 - INFO - composites.py:283 -         S2C_MSIL2A_20251024T092051_R093_T34SEJ_20251024T130616
2025-12-01 13:44:32,936 - INFO - composites.py:283 -         S2C_MSIL2A_20251004T092041_R093_T34SEJ_20251004T130417
2025-12-01 13:44:32,942 - INFO - composites.py:283 -         S2B_MSIL2A_20251009T092029_R093_T34SFH_20251009T121211
2025-12-01 13:44:32,946 - INFO - composites.py:283 -         S2B_MSIL2A_20251029T092029_R093_T34SFH_20251029T133457
2025-12-01 13:44:32,947 - INFO - composites.py:283 -         S2C_MSIL2A_20251004T092041_R093_T34SFH_20251004T130417
2025-12-01 13:44:32,947 - INFO - composites.py:283 -         S2B_MSIL2A_20251009T092029_R093_T34SFJ_20251009T121211
2025-12-01 13:44:32,947 - INFO - composites.py:283 -         S2B_MSIL2A_20251029T092029_R093_T34SFJ_20251029T133457
2025-12-01 13:44:32,947 - INFO - composites.py:283 -         S2C_MSIL2A_20251004T092041_R093_T34SFJ_20251004T130417
2025-12-01 13:44:32,947 - INFO - composites.py:283 -         S2C_MSIL2A_20251014T092041_R093_T34SFJ_20251014T130814
2025-12-01 13:44:32,947 - INFO - composites.py:283 -         S2C_MSIL2A_20251024T092051_R093_T34SFJ_20251024T130616
2025-12-01 13:44:33,348 - INFO - sentinel2.py:154 - Matplotlib backend: Agg
2025-12-01 13:44:33,707 - INFO - sentinel2.py:224 - Write input scenes footprint overlay: //nas-rs.topo.auth.gr/Latomeia/DROUGHT/composites/x08/y12/2025/10/01/S2L2A_medcomp_x08y12_202510_InDataFootprint.jpeg
2025-12-01 13:44:33,948 - INFO - composites.py:297 -                                  
2025-12-01 13:44:33,948 - INFO - composites.py:298 - Downstream STAC items from Planetary Computer
2025-12-01 13:44:33,948 - INFO - timeseries_processing.py:115 -                                  
2025-12-01 13:44:33,948 - INFO - timeseries_processing.py:116 - Loading bands of diferent resolutions in EPSG:32634
2025-12-01 13:44:33,948 - INFO - timeseries_processing.py:120 -     Filtering items with native UTM EPSG:32634
2025-12-01 13:44:33,948 - INFO - timeseries_processing.py:122 -     15 Items in EPSG:32634
2025-12-01 13:44:33,948 - INFO - timeseries_processing.py:129 -                        
2025-12-01 13:44:33,948 - INFO - timeseries_processing.py:130 -     Loading parameters:
2025-12-01 13:44:33,948 - INFO - timeseries_processing.py:131 -         Bands: ['B05', 'B07', 'B8A', 'SCL']
2025-12-01 13:44:33,948 - INFO - timeseries_processing.py:132 -         Spatial resolution: 20
2025-12-01 13:44:33,948 - INFO - timeseries_processing.py:134 -         Get Assets from STAC Items
2025-12-01 13:44:33,948 - INFO - timeseries_processing.py:47 -         Initialize the STAC client
2025-12-01 13:44:34,533 - INFO - timeseries_processing.py:137 -         Loading 15 STAC Items....
2025-12-01 13:45:49,198 - INFO - timeseries_processing.py:146 -         Cube has been downloaded
2025-12-01 13:45:49,198 - INFO - timeseries_processing.py:156 -         Fix order of dimensions
2025-12-01 13:45:49,199 - INFO - timeseries_processing.py:161 -         Append bands to the band-list of EPSG:32634
2025-12-01 13:45:49,199 - INFO - timeseries_processing.py:129 -                        
2025-12-01 13:45:49,199 - INFO - timeseries_processing.py:130 -     Loading parameters:
2025-12-01 13:45:49,199 - INFO - timeseries_processing.py:131 -         Bands: ['B02', 'B03', 'B04']
2025-12-01 13:45:49,199 - INFO - timeseries_processing.py:132 -         Spatial resolution: 10
2025-12-01 13:45:49,201 - INFO - timeseries_processing.py:134 -         Get Assets from STAC Items
2025-12-01 13:45:49,201 - INFO - timeseries_processing.py:47 -         Initialize the STAC client
2025-12-01 13:45:49,793 - INFO - timeseries_processing.py:137 -         Loading 15 STAC Items....
2025-12-01 13:48:28,326 - INFO - timeseries_processing.py:146 -         Cube has been downloaded
2025-12-01 13:48:28,326 - INFO - timeseries_processing.py:149 -         Reproject to downsample 10m bands to 20m by Resampling.average 2x2 binning and shape matching with odc.geo.GeoBox
2025-12-01 13:48:36,212 - INFO - timeseries_processing.py:161 -         Append bands to the band-list of EPSG:32634
2025-12-01 13:48:36,212 - INFO - timeseries_processing.py:165 -                        
2025-12-01 13:48:36,212 - INFO - timeseries_processing.py:166 -     Merging bands in a single dataset
2025-12-01 13:48:36,212 - INFO - timeseries_processing.py:167 -     Ensure all partial datasets are at (x=20, y=-20) resolution
2025-12-01 13:48:36,212 - INFO - timeseries_processing.py:171 -     Clip to the intersection of indexes
2025-12-01 13:48:37,285 - INFO - timeseries_processing.py:180 -     Make a list of bands to merge
2025-12-01 13:48:37,285 - INFO - timeseries_processing.py:184 -     Merge on intersection
2025-12-01 13:48:37,285 - INFO - timeseries_processing.py:192 -     Apply masks on clouds, shadows, thin cirrus, and snow/ice
2025-12-01 13:48:37,285 - INFO - sentinel2.py:122 -                Masking bits: [3, 7, 8, 9, 10, 11]
2025-12-01 13:48:37,958 - INFO - composites.py:307 - Reproject from UTM Zone to Tile geometry -> CRS(EPSG:32634), Resampling.bilinear
2025-12-01 13:48:41,456 - INFO - composites.py:310 -     New shape of datasets: Shape2d(x=2400, y=2400)
2025-12-01 13:48:42,216 - INFO - composites.py:329 - Scale SR to Sen2Cor Baseline 4.00 - Subtract 1000 in dates post 2022-01-25
2025-12-01 13:48:43,046 - INFO - composites.py:342 - Creating preview plot of input scenes
2025-12-01 13:49:09,427 - INFO - timeseries_processing.py:349 - Saved preview for 'B04' to //nas-rs.topo.auth.gr/Latomeia/DROUGHT/composites/x08/y12/2025/10/01/S2L2A_medcomp_x08y12_202510_InDataPreview.jpeg
2025-12-01 13:49:09,431 - INFO - composites.py:348 - Clip value range
2025-12-01 13:49:10,441 - INFO - composites.py:353 -                           
2025-12-01 13:49:10,441 - INFO - composites.py:354 - Computing spectral indices:
2025-12-01 13:49:10,441 - INFO - composites.py:357 -     EVI...
2025-12-01 13:49:11,115 - INFO - composites.py:359 -     NDVI...
2025-12-01 13:49:11,329 - INFO - composites.py:361 -     PSRI2...
2025-12-01 13:49:11,475 - INFO - composites.py:364 - Clip to typical value range
2025-12-01 13:49:11,655 - INFO - composites.py:371 - Reducing to median value temporal composite
2025-12-01 13:49:37,455 - INFO - composites.py:390 - Scale and Define data types & nodata per band
2025-12-01 13:49:37,585 - INFO - composites.py:411 - Assign time range and tile ID in metadata
2025-12-01 13:49:37,585 - INFO - composites.py:419 - Write bands to raster COG files
2025-12-01 13:49:41,713 - INFO - composites.py:432 - Write B02 -> //nas-rs.topo.auth.gr/Latomeia/DROUGHT/composites/x08/y12/2025/10/01/S2L2A_medcomp_x08y12_202510_B02.tif
2025-12-01 13:49:46,046 - INFO - composites.py:432 - Write B03 -> //nas-rs.topo.auth.gr/Latomeia/DROUGHT/composites/x08/y12/2025/10/01/S2L2A_medcomp_x08y12_202510_B03.tif
2025-12-01 13:49:50,218 - INFO - composites.py:432 - Write B04 -> //nas-rs.topo.auth.gr/Latomeia/DROUGHT/composites/x08/y12/2025/10/01/S2L2A_medcomp_x08y12_202510_B04.tif
2025-12-01 13:49:54,732 - INFO - composites.py:432 - Write B05 -> //nas-rs.topo.auth.gr/Latomeia/DROUGHT/composites/x08/y12/2025/10/01/S2L2A_medcomp_x08y12_202510_B05.tif
2025-12-01 13:49:59,545 - INFO - composites.py:432 - Write B07 -> //nas-rs.topo.auth.gr/Latomeia/DROUGHT/composites/x08/y12/2025/10/01/S2L2A_medcomp_x08y12_202510_B07.tif
2025-12-01 13:50:03,837 - INFO - composites.py:432 - Write B8A -> //nas-rs.topo.auth.gr/Latomeia/DROUGHT/composites/x08/y12/2025/10/01/S2L2A_medcomp_x08y12_202510_B8A.tif
2025-12-01 13:50:08,138 - INFO - composites.py:432 - Write EVI -> //nas-rs.topo.auth.gr/Latomeia/DROUGHT/composites/x08/y12/2025/10/01/S2L2A_medcomp_x08y12_202510_EVI.tif
2025-12-01 13:50:12,458 - INFO - composites.py:432 - Write NDVI -> //nas-rs.topo.auth.gr/Latomeia/DROUGHT/composites/x08/y12/2025/10/01/S2L2A_medcomp_x08y12_202510_NDVI.tif
2025-12-01 13:50:16,613 - INFO - composites.py:432 - Write PSRI2 -> //nas-rs.topo.auth.gr/Latomeia/DROUGHT/composites/x08/y12/2025/10/01/S2L2A_medcomp_x08y12_202510_PSRI2.tif
2025-12-01 13:50:16,625 - INFO - composites.py:436 - Prepare metadata YAML document
2025-12-01 13:50:17,187 - INFO - composites.py:458 - Write metadata YAML document to disk
2025-12-01 13:50:17,231 - INFO - composites.py:463 - Create datacube.model.Dataset from eo3 metadata
2025-12-01 13:50:17,242 - INFO - composites.py:476 - Index to datacube
2025-12-01 13:50:17,245 - INFO - _datasets.py:191 - Indexing 3e103e8a-f3c1-4ae6-a080-a4004742e330
2025-12-01 13:50:17,273 - INFO - composites.py:479 - 
2025-12-01 13:50:17,273 - INFO - composites.py:480 -              ✔✔✔ COMPLETED: Tile x08_y12 | Time: 2025-10 | In 7.31 minutes
2025-12-01 13:50:17,273 - INFO - composites.py:481 - 
2025-12-01 13:50:17,273 - INFO - composites.py:489 - Closing Dask client
2025-12-01 13:50:17,276 - INFO - composites.py:493 - Closing Dask cluster
2025-12-01 13:50:17,276 - INFO - composites.py:494 - #######################################################################
