2025-09-02 07:39:13,799 - INFO - composites.py:102 - #######################################################################
2025-09-02 07:39:13,799 - INFO - composites.py:104 - Processing started
2025-09-02 07:39:13,799 - INFO - composites.py:105 -         Tile: x09_y08
2025-09-02 07:39:13,800 - INFO - composites.py:106 -         Time: 2024-08
2025-09-02 07:39:13,800 - INFO - composites.py:109 -                           
2025-09-02 07:39:13,800 - INFO - composites.py:110 - Establishing connection to datacube
2025-09-02 07:39:14,316 - INFO - composites.py:113 -                           
2025-09-02 07:39:14,316 - INFO - composites.py:114 - Sanity test: Check if dataset already exists in the datacube
2025-09-02 07:39:14,336 - INFO - composites.py:133 - The composite requested was not found and it will be computed
2025-09-02 07:39:14,338 - INFO - composites.py:136 -                                  
2025-09-02 07:39:14,338 - INFO - composites.py:137 - Initializing Dask cluster for parallelization
2025-09-02 07:39:19,470 - INFO - composites.py:161 - Dask dashboard is available at: http://127.0.0.1:8787/status
2025-09-02 07:39:19,470 - INFO - composites.py:164 - Create directories and naming conversions
2025-09-02 07:39:19,482 - INFO - composites.py:177 - Dataset location: //nas-rs.topo.auth.gr/Latomeia/DROUGHT/composites/x09/y08/2024/08/01
2025-09-02 07:39:19,483 - INFO - composites.py:180 -                           
2025-09-02 07:39:19,483 - INFO - composites.py:181 - Retrieve tile geometry
2025-09-02 07:39:19,511 - INFO - composites.py:192 - Create the Bounding Box (φ,λ)
2025-09-02 07:39:19,511 - INFO - composites.py:198 - Create the Bounding Box (x,y)
2025-09-02 07:39:19,512 - INFO - composites.py:211 -                           
2025-09-02 07:39:19,512 - INFO - composites.py:212 - Connect to Planetary Computer STAC Catalog
2025-09-02 07:39:19,782 - INFO - composites.py:220 - Search the STAC Catalog
2025-09-02 07:39:19,854 - INFO - composites.py:232 -         Query parameters:
2025-09-02 07:39:19,854 - INFO - composites.py:233 -             url:          https://planetarycomputer.microsoft.com/api/stac/v1/search
2025-09-02 07:39:19,854 - INFO - composites.py:234 -             client:       microsoft-pc
2025-09-02 07:39:19,855 - INFO - composites.py:235 -             collection:   sentinel-2-l2a
2025-09-02 07:39:19,855 - INFO - composites.py:236 -             bbox:         (21.78584004803282, 36.93347873319104, 22.44323109883715, 37.48202094723898)
2025-09-02 07:39:19,855 - INFO - composites.py:237 -             time range:   2024-08-01T00:00:00Z/2024-08-31T23:59:59Z
2025-09-02 07:39:19,855 - INFO - composites.py:238 -             cloud cover:  0% - 70%
2025-09-02 07:39:19,855 - INFO - composites.py:239 -             nodata cover: 0% - 33%
2025-09-02 07:39:19,855 - INFO - composites.py:241 -                           
2025-09-02 07:39:19,855 - INFO - composites.py:242 - Searching...
2025-09-02 07:39:20,481 - INFO - composites.py:245 - Query found 32 items
2025-09-02 07:39:20,481 - INFO - composites.py:247 - Searching for GRI REFINED scenes:
2025-09-02 07:39:26,596 - INFO - sentinel2.py:78 - 1/32 - S2A_MSIL2A_20240827T090551_R050_T34SFG_20240827T135751 -> REFINED
2025-09-02 07:39:32,478 - INFO - sentinel2.py:78 - 2/32 - S2A_MSIL2A_20240827T090551_R050_T34SFF_20240827T135751 -> REFINED
2025-09-02 07:39:38,694 - INFO - sentinel2.py:78 - 3/32 - S2B_MSIL2A_20240825T091549_R093_T34SFG_20240826T145644 -> REFINED
2025-09-02 07:39:44,402 - INFO - sentinel2.py:78 - 4/32 - S2B_MSIL2A_20240825T091549_R093_T34SFF_20240826T145644 -> REFINED
2025-09-02 07:39:49,420 - INFO - sentinel2.py:78 - 5/32 - S2B_MSIL2A_20240825T091549_R093_T34SEG_20240826T145644 -> REFINED
2025-09-02 07:39:55,104 - INFO - sentinel2.py:78 - 6/32 - S2B_MSIL2A_20240825T091549_R093_T34SEF_20240826T145644 -> REFINED
2025-09-02 07:40:01,219 - INFO - sentinel2.py:78 - 7/32 - S2B_MSIL2A_20240822T090549_R050_T34SFG_20240822T134558 -> REFINED
2025-09-02 07:40:06,130 - INFO - sentinel2.py:78 - 8/32 - S2B_MSIL2A_20240822T090549_R050_T34SFF_20240822T134558 -> REFINED
2025-09-02 07:40:12,287 - INFO - sentinel2.py:78 - 9/32 - S2A_MSIL2A_20240820T092031_R093_T34SFG_20240820T140151 -> REFINED
2025-09-02 07:40:18,265 - INFO - sentinel2.py:78 - 10/32 - S2A_MSIL2A_20240820T092031_R093_T34SFF_20240820T140151 -> REFINED
2025-09-02 07:40:24,663 - INFO - sentinel2.py:78 - 11/32 - S2A_MSIL2A_20240820T092031_R093_T34SEG_20240820T140151 -> REFINED
2025-09-02 07:40:30,847 - INFO - sentinel2.py:78 - 12/32 - S2A_MSIL2A_20240820T092031_R093_T34SEF_20240820T140151 -> REFINED
2025-09-02 07:40:36,129 - INFO - sentinel2.py:78 - 13/32 - S2A_MSIL2A_20240817T090551_R050_T34SFG_20240817T134550 -> REFINED
2025-09-02 07:40:41,900 - INFO - sentinel2.py:78 - 14/32 - S2A_MSIL2A_20240817T090551_R050_T34SFF_20240817T134550 -> REFINED
2025-09-02 07:40:47,935 - INFO - sentinel2.py:78 - 15/32 - S2B_MSIL2A_20240815T091559_R093_T34SFG_20240815T120839 -> REFINED
2025-09-02 07:40:53,380 - INFO - sentinel2.py:78 - 16/32 - S2B_MSIL2A_20240815T091559_R093_T34SFF_20240815T120839 -> REFINED
2025-09-02 07:40:58,512 - INFO - sentinel2.py:78 - 17/32 - S2B_MSIL2A_20240815T091559_R093_T34SEG_20240815T120839 -> REFINED
2025-09-02 07:41:04,059 - INFO - sentinel2.py:78 - 18/32 - S2B_MSIL2A_20240815T091559_R093_T34SEF_20240815T120839 -> REFINED
2025-09-02 07:41:10,010 - INFO - sentinel2.py:78 - 19/32 - S2B_MSIL2A_20240812T090559_R050_T34SFG_20240812T121111 -> REFINED
2025-09-02 07:41:16,020 - INFO - sentinel2.py:78 - 20/32 - S2B_MSIL2A_20240812T090559_R050_T34SFF_20240812T121111 -> REFINED
2025-09-02 07:41:21,488 - INFO - sentinel2.py:78 - 21/32 - S2A_MSIL2A_20240810T092031_R093_T34SFG_20240810T141351 -> REFINED
2025-09-02 07:41:27,227 - INFO - sentinel2.py:78 - 22/32 - S2A_MSIL2A_20240810T092031_R093_T34SFF_20240810T141351 -> REFINED
2025-09-02 07:41:33,452 - INFO - sentinel2.py:78 - 23/32 - S2A_MSIL2A_20240810T092031_R093_T34SEG_20240810T141351 -> REFINED
2025-09-02 07:41:39,016 - INFO - sentinel2.py:78 - 24/32 - S2A_MSIL2A_20240810T092031_R093_T34SEF_20240810T141351 -> REFINED
2025-09-02 07:41:44,668 - INFO - sentinel2.py:78 - 25/32 - S2A_MSIL2A_20240807T090551_R050_T34SFG_20240807T153203 -> REFINED
2025-09-02 07:41:50,782 - INFO - sentinel2.py:78 - 26/32 - S2A_MSIL2A_20240807T090551_R050_T34SFF_20240807T153203 -> REFINED
2025-09-02 07:41:57,480 - INFO - sentinel2.py:78 - 27/32 - S2B_MSIL2A_20240805T091559_R093_T34SFG_20240805T134825 -> REFINED
2025-09-02 07:42:03,183 - INFO - sentinel2.py:78 - 28/32 - S2B_MSIL2A_20240805T091559_R093_T34SFF_20240805T134825 -> REFINED
2025-09-02 07:42:08,413 - INFO - sentinel2.py:78 - 29/32 - S2B_MSIL2A_20240805T091559_R093_T34SEG_20240805T134825 -> REFINED
2025-09-02 07:42:14,766 - INFO - sentinel2.py:78 - 30/32 - S2B_MSIL2A_20240805T091559_R093_T34SEF_20240805T134825 -> REFINED
2025-09-02 07:42:20,258 - INFO - sentinel2.py:78 - 31/32 - S2B_MSIL2A_20240802T090559_R050_T34SFG_20240802T103527 -> REFINED
2025-09-02 07:42:25,767 - INFO - sentinel2.py:78 - 32/32 - S2B_MSIL2A_20240802T090559_R050_T34SFF_20240802T103527 -> REFINED
2025-09-02 07:42:25,823 - INFO - composites.py:250 -                                  
2025-09-02 07:42:25,823 - INFO - composites.py:251 - 32/32 were refined by GRI.
2025-09-02 07:42:25,824 - INFO - composites.py:263 - Looking for up to 10 cleanest images within spatiotemporal range of each MGRS tile
2025-09-02 07:42:25,824 - INFO - composites.py:277 - Filtered cleanest scenes: Kept 30 out of 32 items. 
2025-09-02 07:42:25,824 - INFO - composites.py:278 -         Included MGRS Tiles: ['34SEF' '34SEG' '34SFF' '34SFG']
2025-09-02 07:42:25,824 - INFO - composites.py:279 -         Included EPSG codes: [32634]
2025-09-02 07:42:25,824 - INFO - composites.py:281 - Selected scenes:
2025-09-02 07:42:25,826 - INFO - composites.py:283 -         S2B_MSIL2A_20240815T091559_R093_T34SEF_20240815T120839
2025-09-02 07:42:25,826 - INFO - composites.py:283 -         S2B_MSIL2A_20240805T091559_R093_T34SEF_20240805T134825
2025-09-02 07:42:25,826 - INFO - composites.py:283 -         S2A_MSIL2A_20240810T092031_R093_T34SEF_20240810T141351
2025-09-02 07:42:25,826 - INFO - composites.py:283 -         S2B_MSIL2A_20240825T091549_R093_T34SEF_20240826T145644
2025-09-02 07:42:25,833 - INFO - composites.py:283 -         S2A_MSIL2A_20240820T092031_R093_T34SEF_20240820T140151
2025-09-02 07:42:25,833 - INFO - composites.py:283 -         S2B_MSIL2A_20240815T091559_R093_T34SEG_20240815T120839
2025-09-02 07:42:25,833 - INFO - composites.py:283 -         S2B_MSIL2A_20240805T091559_R093_T34SEG_20240805T134825
2025-09-02 07:42:25,833 - INFO - composites.py:283 -         S2A_MSIL2A_20240810T092031_R093_T34SEG_20240810T141351
2025-09-02 07:42:25,833 - INFO - composites.py:283 -         S2B_MSIL2A_20240825T091549_R093_T34SEG_20240826T145644
2025-09-02 07:42:25,833 - INFO - composites.py:283 -         S2A_MSIL2A_20240820T092031_R093_T34SEG_20240820T140151
2025-09-02 07:42:25,834 - INFO - composites.py:283 -         S2B_MSIL2A_20240812T090559_R050_T34SFF_20240812T121111
2025-09-02 07:42:25,834 - INFO - composites.py:283 -         S2B_MSIL2A_20240802T090559_R050_T34SFF_20240802T103527
2025-09-02 07:42:25,834 - INFO - composites.py:283 -         S2B_MSIL2A_20240815T091559_R093_T34SFF_20240815T120839
2025-09-02 07:42:25,834 - INFO - composites.py:283 -         S2A_MSIL2A_20240820T092031_R093_T34SFF_20240820T140151
2025-09-02 07:42:25,834 - INFO - composites.py:283 -         S2A_MSIL2A_20240817T090551_R050_T34SFF_20240817T134550
2025-09-02 07:42:25,834 - INFO - composites.py:283 -         S2B_MSIL2A_20240805T091559_R093_T34SFF_20240805T134825
2025-09-02 07:42:25,834 - INFO - composites.py:283 -         S2A_MSIL2A_20240807T090551_R050_T34SFF_20240807T153203
2025-09-02 07:42:25,834 - INFO - composites.py:283 -         S2A_MSIL2A_20240810T092031_R093_T34SFF_20240810T141351
2025-09-02 07:42:25,834 - INFO - composites.py:283 -         S2A_MSIL2A_20240827T090551_R050_T34SFF_20240827T135751
2025-09-02 07:42:25,834 - INFO - composites.py:283 -         S2B_MSIL2A_20240822T090549_R050_T34SFF_20240822T134558
2025-09-02 07:42:25,834 - INFO - composites.py:283 -         S2B_MSIL2A_20240802T090559_R050_T34SFG_20240802T103527
2025-09-02 07:42:25,834 - INFO - composites.py:283 -         S2B_MSIL2A_20240812T090559_R050_T34SFG_20240812T121111
2025-09-02 07:42:25,834 - INFO - composites.py:283 -         S2B_MSIL2A_20240815T091559_R093_T34SFG_20240815T120839
2025-09-02 07:42:25,834 - INFO - composites.py:283 -         S2A_MSIL2A_20240817T090551_R050_T34SFG_20240817T134550
2025-09-02 07:42:25,835 - INFO - composites.py:283 -         S2A_MSIL2A_20240807T090551_R050_T34SFG_20240807T153203
2025-09-02 07:42:25,835 - INFO - composites.py:283 -         S2A_MSIL2A_20240810T092031_R093_T34SFG_20240810T141351
2025-09-02 07:42:25,835 - INFO - composites.py:283 -         S2B_MSIL2A_20240822T090549_R050_T34SFG_20240822T134558
2025-09-02 07:42:25,835 - INFO - composites.py:283 -         S2B_MSIL2A_20240805T091559_R093_T34SFG_20240805T134825
2025-09-02 07:42:25,835 - INFO - composites.py:283 -         S2A_MSIL2A_20240820T092031_R093_T34SFG_20240820T140151
2025-09-02 07:42:25,835 - INFO - composites.py:283 -         S2A_MSIL2A_20240827T090551_R050_T34SFG_20240827T135751
2025-09-02 07:42:26,315 - INFO - sentinel2.py:154 - Matplotlib backend: Agg
2025-09-02 07:42:26,579 - INFO - sentinel2.py:224 - Write input scenes footprint overlay: //nas-rs.topo.auth.gr/Latomeia/DROUGHT/composites/x09/y08/2024/08/01/S2L2A_medcomp_x09y08_202408_InDataFootprint.jpeg
2025-09-02 07:42:26,828 - INFO - composites.py:297 -                                  
2025-09-02 07:42:26,828 - INFO - composites.py:298 - Downstream STAC items from Planetary Computer
2025-09-02 07:42:26,828 - INFO - timeseries_processing.py:115 -                                  
2025-09-02 07:42:26,828 - INFO - timeseries_processing.py:116 - Loading bands of diferent resolutions in EPSG:32634
2025-09-02 07:42:26,829 - INFO - timeseries_processing.py:120 -     Filtering items with native UTM EPSG:32634
2025-09-02 07:42:26,829 - INFO - timeseries_processing.py:122 -     30 Items in EPSG:32634
2025-09-02 07:42:26,829 - INFO - timeseries_processing.py:129 -                        
2025-09-02 07:42:26,829 - INFO - timeseries_processing.py:130 -     Loading parameters:
2025-09-02 07:42:26,830 - INFO - timeseries_processing.py:131 -         Bands: ['B05', 'B07', 'B8A', 'SCL']
2025-09-02 07:42:26,830 - INFO - timeseries_processing.py:132 -         Spatial resolution: 20
2025-09-02 07:42:26,830 - INFO - timeseries_processing.py:134 -         Get Assets from STAC Items
2025-09-02 07:42:26,830 - INFO - timeseries_processing.py:47 -         Initialize the STAC client
2025-09-02 07:42:27,556 - INFO - timeseries_processing.py:137 -         Loading 30 STAC Items....
2025-09-02 07:43:43,086 - INFO - timeseries_processing.py:146 -         Cube has been downloaded
2025-09-02 07:43:43,086 - INFO - timeseries_processing.py:156 -         Fix order of dimensions
2025-09-02 07:43:43,087 - INFO - timeseries_processing.py:161 -         Append bands to the band-list of EPSG:32634
2025-09-02 07:43:43,090 - INFO - timeseries_processing.py:129 -                        
2025-09-02 07:43:43,090 - INFO - timeseries_processing.py:130 -     Loading parameters:
2025-09-02 07:43:43,090 - INFO - timeseries_processing.py:131 -         Bands: ['B02', 'B03', 'B04']
2025-09-02 07:43:43,090 - INFO - timeseries_processing.py:132 -         Spatial resolution: 10
2025-09-02 07:43:43,090 - INFO - timeseries_processing.py:134 -         Get Assets from STAC Items
2025-09-02 07:43:43,091 - INFO - timeseries_processing.py:47 -         Initialize the STAC client
2025-09-02 07:43:43,769 - INFO - timeseries_processing.py:137 -         Loading 30 STAC Items....
2025-09-02 07:48:11,079 - INFO - timeseries_processing.py:146 -         Cube has been downloaded
2025-09-02 07:48:11,079 - INFO - timeseries_processing.py:149 -         Reproject to downsample 10m bands to 20m by Resampling.average 2x2 binning and shape matching with odc.geo.GeoBox
2025-09-02 07:48:25,938 - INFO - timeseries_processing.py:161 -         Append bands to the band-list of EPSG:32634
2025-09-02 07:48:25,938 - INFO - timeseries_processing.py:165 -                        
2025-09-02 07:48:25,938 - INFO - timeseries_processing.py:166 -     Merging bands in a single dataset
2025-09-02 07:48:25,938 - INFO - timeseries_processing.py:167 -     Ensure all partial datasets are at (x=20, y=-20) resolution
2025-09-02 07:48:25,939 - INFO - timeseries_processing.py:171 -     Clip to the intersection of indexes
2025-09-02 07:48:27,553 - INFO - timeseries_processing.py:180 -     Make a list of bands to merge
2025-09-02 07:48:27,555 - INFO - timeseries_processing.py:184 -     Merge on intersection
2025-09-02 07:48:27,556 - INFO - timeseries_processing.py:192 -     Apply masks on clouds, shadows, thin cirrus, and snow/ice
2025-09-02 07:48:27,556 - INFO - sentinel2.py:122 -                Masking bits: [3, 7, 8, 9, 10, 11]
2025-09-02 07:48:28,980 - INFO - composites.py:307 - Reproject from UTM Zone to Tile geometry -> CRS(EPSG:32634), Resampling.bilinear
2025-09-02 07:48:37,563 - INFO - composites.py:310 -     New shape of datasets: Shape2d(x=2400, y=2400)
2025-09-02 07:48:38,225 - INFO - composites.py:329 - Scale SR to Sen2Cor Baseline 4.00 - Subtract 1000 in dates post 2022-01-25
2025-09-02 07:48:40,085 - INFO - composites.py:342 - Creating preview plot of input scenes
2025-09-02 07:49:18,403 - INFO - timeseries_processing.py:349 - Saved preview for 'B04' to //nas-rs.topo.auth.gr/Latomeia/DROUGHT/composites/x09/y08/2024/08/01/S2L2A_medcomp_x09y08_202408_InDataPreview.jpeg
2025-09-02 07:49:18,411 - INFO - composites.py:348 - Clip value range
2025-09-02 07:49:20,588 - INFO - composites.py:353 -                           
2025-09-02 07:49:20,588 - INFO - composites.py:354 - Computing spectral indices:
2025-09-02 07:49:20,588 - INFO - composites.py:357 -     EVI...
2025-09-02 07:49:21,896 - INFO - composites.py:359 -     NDVI...
2025-09-02 07:49:22,380 - INFO - composites.py:361 -     PSRI2...
2025-09-02 07:49:22,696 - INFO - composites.py:364 - Clip to typical value range
2025-09-02 07:49:23,115 - INFO - composites.py:371 - Reducing to median value temporal composite
2025-09-02 07:49:53,086 - INFO - composites.py:390 - Scale and Define data types & nodata per band
2025-09-02 07:49:53,212 - INFO - composites.py:411 - Assign time range and tile ID in metadata
2025-09-02 07:49:53,214 - INFO - composites.py:419 - Write bands to raster COG files
2025-09-02 07:49:57,215 - INFO - composites.py:432 - Write B02 -> //nas-rs.topo.auth.gr/Latomeia/DROUGHT/composites/x09/y08/2024/08/01/S2L2A_medcomp_x09y08_202408_B02.tif
2025-09-02 07:50:01,050 - INFO - composites.py:432 - Write B03 -> //nas-rs.topo.auth.gr/Latomeia/DROUGHT/composites/x09/y08/2024/08/01/S2L2A_medcomp_x09y08_202408_B03.tif
2025-09-02 07:50:04,919 - INFO - composites.py:432 - Write B04 -> //nas-rs.topo.auth.gr/Latomeia/DROUGHT/composites/x09/y08/2024/08/01/S2L2A_medcomp_x09y08_202408_B04.tif
2025-09-02 07:50:08,789 - INFO - composites.py:432 - Write B05 -> //nas-rs.topo.auth.gr/Latomeia/DROUGHT/composites/x09/y08/2024/08/01/S2L2A_medcomp_x09y08_202408_B05.tif
2025-09-02 07:50:13,217 - INFO - composites.py:432 - Write B07 -> //nas-rs.topo.auth.gr/Latomeia/DROUGHT/composites/x09/y08/2024/08/01/S2L2A_medcomp_x09y08_202408_B07.tif
2025-09-02 07:50:17,352 - INFO - composites.py:432 - Write B8A -> //nas-rs.topo.auth.gr/Latomeia/DROUGHT/composites/x09/y08/2024/08/01/S2L2A_medcomp_x09y08_202408_B8A.tif
2025-09-02 07:50:21,235 - INFO - composites.py:432 - Write EVI -> //nas-rs.topo.auth.gr/Latomeia/DROUGHT/composites/x09/y08/2024/08/01/S2L2A_medcomp_x09y08_202408_EVI.tif
2025-09-02 07:50:25,113 - INFO - composites.py:432 - Write NDVI -> //nas-rs.topo.auth.gr/Latomeia/DROUGHT/composites/x09/y08/2024/08/01/S2L2A_medcomp_x09y08_202408_NDVI.tif
2025-09-02 07:50:28,928 - INFO - composites.py:432 - Write PSRI2 -> //nas-rs.topo.auth.gr/Latomeia/DROUGHT/composites/x09/y08/2024/08/01/S2L2A_medcomp_x09y08_202408_PSRI2.tif
2025-09-02 07:50:28,928 - INFO - composites.py:436 - Prepare metadata YAML document
2025-09-02 07:50:29,555 - INFO - composites.py:458 - Write metadata YAML document to disk
2025-09-02 07:50:29,601 - INFO - composites.py:463 - Create datacube.model.Dataset from eo3 metadata
2025-09-02 07:50:29,612 - INFO - composites.py:476 - Index to datacube
2025-09-02 07:50:29,612 - INFO - _datasets.py:191 - Indexing 38863c3a-1737-458c-8797-d5ea90342460
2025-09-02 07:50:29,622 - INFO - composites.py:479 - 
2025-09-02 07:50:29,622 - INFO - composites.py:480 -              ✔✔✔ COMPLETED: Tile x09_y08 | Time: 2024-08 | In 11.26 minutes
2025-09-02 07:50:29,622 - INFO - composites.py:481 - 
2025-09-02 07:50:29,623 - INFO - composites.py:489 - Closing Dask client
2025-09-02 07:50:29,625 - INFO - composites.py:493 - Closing Dask cluster
2025-09-02 07:50:29,625 - INFO - composites.py:494 - #######################################################################
